0.1 -2.68618e-006 -1.0596e-020 1.16996e-020 -5.98982e-024 -5.98982e-024
0.2 -5.37397e-006 -4.18293e-020 4.63593e-020 -4.20118e-024 -4.20118e-024
0.3 -8.06336e-006 -7.80769e-020 8.51153e-020 3.00365e-023 3.00365e-023
0.4 -1.07544e-005 -9.88895e-020 1.04851e-019 8.18629e-024 8.18629e-024
0.5 -1.3447e-005 -1.1133e-019 1.14654e-019 -1.25424e-023 -1.25424e-023
0.6 -1.61412e-005 -1.19648e-019 1.21633e-019 -3.0475e-022 -3.0475e-022
0.7 -1.88371e-005 -1.2823e-019 1.28558e-019 -2.65133e-023 -2.65133e-023
0.8 -2.15346e-005 -1.34085e-019 1.33688e-019 -5.60474e-024 -5.60474e-024
0.9 -2.42337e-005 -1.38569e-019 1.3828e-019 -2.25149e-022 -2.25149e-022
1 -2.69344e-005 -1.4331e-019 1.43095e-019 -1.31109e-023 -1.31109e-023
0.01 -2.69344e-005 -9.06988e-020 9.56805e-020 -1.47006e-023 -1.47006e-023
0.02 -2.69344e-005 -1.19674e-012 1.45987e-012 6.05711e-016 6.05711e-016
0.03 -2.69343e-005 -4.051e-012 4.38362e-012 5.40859e-015 5.40859e-015
0.04 -2.69343e-005 -3.14668e-012 3.69828e-012 2.28821e-014 2.28821e-014
0.05 -2.69345e-005 1.29809e-012 -1.59874e-012 5.62708e-014 5.62708e-014
0.06 -2.69348e-005 4.14901e-013 -1.41428e-013 9.24025e-014 9.24025e-014
0.07 -2.69353e-005 -1.0018e-012 2.27791e-013 1.13961e-013 1.13961e-013
0.08 -2.6936e-005 9.67814e-013 5.28665e-013 1.15066e-013 1.15066e-013
0.09 -2.69369e-005 -9.02705e-013 -7.83396e-013 1.02816e-013 1.02816e-013
0.1 -2.69379e-005 1.10093e-012 1.11381e-012 9.18678e-014 9.18678e-014
0.11 -2.69391e-005 -1.11863e-012 -1.21705e-012 9.2855e-014 9.2855e-014
0.12 -2.69404e-005 1.11685e-012 1.62116e-012 1.05599e-013 1.05599e-013
0.13 -2.69418e-005 -1.08545e-012 -1.43831e-012 1.20018e-013 1.20018e-013
0.14 -2.69434e-005 8.73869e-013 2.17196e-012 1.26137e-013 1.26137e-013
0.15 -2.69451e-005 -1.20829e-012 -1.60796e-012 1.24678e-013 1.24678e-013
0.16 -2.6947e-005 1.15969e-012 2.43407e-012 1.2573e-013 1.2573e-013
0.17 -2.6949e-005 -1.52333e-012 -1.95105e-012 1.36427e-013 1.36427e-013
0.18 -2.69511e-005 1.45737e-012 2.80261e-012 1.47428e-013 1.47428e-013
0.19 -2.69532e-005 -1.78385e-012 -2.31062e-012 1.42738e-013 1.42738e-013
0.2 -2.69555e-005 1.66563e-012 3.10006e-012 1.15762e-013 1.15762e-013
0.21 -2.69579e-005 -1.95003e-012 -2.55116e-012 7.22802e-014 7.22802e-014
0.22 -2.69604e-005 1.80816e-012 3.36305e-012 2.62462e-014 2.62462e-014
0.23 -2.69629e-005 -2.03758e-012 -2.74483e-012 -1.32622e-014 -1.32622e-014
0.24 -2.69655e-005 1.76012e-012 3.51653e-012 -4.41591e-014 -4.41591e-014
0.25 -2.69681e-005 -1.97652e-012 -2.72215e-012 -5.40807e-014 -5.40807e-014
0.26 -2.69706e-005 1.5944e-012 3.46978e-012 -2.222e-014 -2.222e-014
0.27 -2.69731e-005 -1.8709e-012 -2.5896e-012 6.06416e-014 6.06416e-014
0.28 -2.69753e-005 1.5097e-012 3.34891e-012 1.83747e-013 1.83747e-013
0.29 -2.69773e-005 -1.70497e-012 -2.53313e-012 3.19175e-013 3.19175e-013
0.3 -2.69791e-005 -2.75684e-012 2.62225e-012 4.3743e-013 4.3743e-013
0.31 -2.69806e-005 -1.72672e-012 -1.57706e-012 5.31956e-013 5.31956e-013
0.32 -2.69819e-005 1.20722e-012 -5.16925e-013 6.2129e-013 6.2129e-013
0.33 -2.69827e-005 -4.34088e-012 -2.80254e-013 7.24318e-013 7.24318e-013
0.34 -2.69834e-005 -4.34203e-013 -1.75057e-012 8.40586e-013 8.40586e-013
0.35 -2.69838e-005 4.40132e-013 -2.26277e-013 9.45473e-013 9.45473e-013
0.36 -2.69839e-005 3.94158e-014 2.45259e-012 1.01478e-012 1.01478e-012
0.37 -2.6984e-005 -3.09957e-013 -4.01606e-012 1.04769e-012 1.04769e-012
0.38 -2.69841e-005 3.29326e-013 4.37072e-012 1.0571e-012 1.0571e-012
0.39 -2.69843e-005 -5.11374e-013 -3.53755e-012 1.05906e-012 1.05906e-012
0.4 -2.69845e-005 5.27396e-013 3.02127e-012 1.0613e-012 1.0613e-012
0.41 -2.69849e-005 -5.8806e-013 -2.32636e-012 1.05444e-012 1.05444e-012
0.42 -2.69855e-005 4.41794e-013 2.08803e-012 1.03152e-012 1.03152e-012
0.43 -2.69864e-005 -5.2977e-013 -1.47391e-012 1.00353e-012 1.00353e-012
0.44 -2.69874e-005 2.76098e-013 1.51602e-012 9.88286e-013 9.88286e-013
0.45 -2.69883e-005 -4.7914e-013 -6.81335e-013 1.00094e-012 1.00094e-012
0.46 -2.69892e-005 -4.4357e-014 7.12017e-013 1.04431e-012 1.04431e-012
0.47 -2.69898e-005 -3.17453e-013 -1.72201e-013 1.10567e-012 1.10567e-012
0.48 -2.69901e-005 3.7255e-014 2.40907e-013 1.17076e-012 1.17076e-012
0.49 -2.69899e-005 -4.25671e-014 -1.60007e-013 1.23157e-012 1.23157e-012
0.5 -2.69892e-005 4.85782e-014 1.20095e-013 1.28265e-012 1.28265e-012
0.51 -2.69878e-005 -3.27206e-014 -9.22118e-014 1.31565e-012 1.31565e-012
0.52 -2.69856e-005 -4.62237e-014 1.29666e-013 1.33113e-012 1.33113e-012
0.53 -2.69825e-005 1.45709e-014 -5.03113e-014 1.34207e-012 1.34207e-012
0.54 -2.69786e-005 -1.34244e-013 9.91001e-014 1.35443e-012 1.35443e-012
0.55 -2.69738e-005 6.76895e-014 -1.05266e-014 1.36689e-012 1.36689e-012
0.56 -2.69683e-005 -1.00147e-013 1.92424e-014 1.37453e-012 1.37453e-012
0.57 -2.69623e-005 7.92033e-014 -4.5568e-015 1.36832e-012 1.36832e-012
0.58 -2.69559e-005 -1.03596e-013 -2.23632e-014 1.34444e-012 1.34444e-012
0.59 -2.69496e-005 7.62327e-014 2.80562e-014 1.30906e-012 1.30906e-012
0.6 -2.69433e-005 -6.8985e-014 -3.1002e-014 1.2743e-012 1.2743e-012
0.61 -2.69374e-005 5.71217e-014 3.14376e-014 1.25093e-012 1.25093e-012
0.62 -2.69321e-005 -4.90344e-014 -2.76447e-014 1.2417e-012 1.2417e-012
0.63 -2.69276e-005 4.46448e-014 2.99554e-014 1.24136e-012 1.24136e-012
0.64 -2.69237e-005 -4.38566e-014 -2.88221e-014 1.24023e-012 1.24023e-012
0.65 -2.69204e-005 5.81011e-014 4.41859e-014 1.22964e-012 1.22964e-012
0.66 -2.69178e-005 -7.16798e-014 -5.47738e-014 1.20627e-012 1.20627e-012
0.67 -2.6916e-005 1.25497e-013 1.06801e-013 1.17312e-012 1.17312e-012
0.68 -2.69147e-005 -2.0879e-013 -1.82396e-013 1.13851e-012 1.13851e-012
0.69 -2.69137e-005 2.20337e-013 1.97573e-013 1.11192e-012 1.11192e-012
0.7 -2.69127e-005 -2.62604e-013 -2.51484e-013 1.09806e-012 1.09806e-012
0.71 -2.69115e-005 2.7344e-013 2.71435e-013 1.09615e-012 1.09615e-012
0.72 -2.691e-005 -3.11919e-013 -3.1723e-013 1.10023e-012 1.10023e-012
0.73 -2.69084e-005 2.98763e-013 3.62601e-013 1.09878e-012 1.09878e-012
0.74 -2.69066e-005 -3.3328e-013 -4.2108e-013 1.08431e-012 1.08431e-012
0.75 -2.69046e-005 1.97817e-013 2.87232e-013 1.05978e-012 1.05978e-012
0.76 -2.69024e-005 -1.51675e-013 -2.26192e-013 1.03506e-012 1.03506e-012
0.77 -2.69003e-005 1.15772e-013 1.96324e-013 1.02078e-012 1.02078e-012
0.78 -2.68981e-005 -1.16344e-013 -2.39884e-013 1.02174e-012 1.02174e-012
0.79 -2.68961e-005 1.3674e-013 3.22065e-013 1.03324e-012 1.03324e-012
0.8 -2.68944e-005 -1.63259e-013 -4.09701e-013 1.04103e-012 1.04103e-012
0.81 -2.68932e-005 2.42784e-013 6.6819e-013 1.0297e-012 1.0297e-012
0.82 -2.68926e-005 -3.12739e-013 -8.44828e-013 9.9347e-013 9.9347e-013
0.83 -2.68928e-005 1.78959e-013 1.53442e-012 9.41136e-013 9.41136e-013
0.84 -2.68937e-005 -7.83618e-014 -1.9194e-012 8.91898e-013 8.91898e-013
0.85 -2.6895e-005 -2.81421e-013 2.3197e-012 8.62263e-013 8.62263e-013
0.86 -2.68964e-005 2.92969e-013 -2.21918e-012 8.57073e-013 8.57073e-013
0.87 -2.68975e-005 -2.43874e-013 1.96251e-012 8.69659e-013 8.69659e-013
0.88 -2.68981e-005 2.35976e-013 -2.02768e-012 8.88147e-013 8.88147e-013
0.89 -2.68982e-005 -2.94619e-013 2.14684e-012 9.03592e-013 9.03592e-013
0.9 -2.68974e-005 -1.46043e-012 1.36412e-012 9.11262e-013 9.11262e-013
0.91 -2.68955e-005 -6.24414e-013 2.27507e-012 9.11182e-013 9.11182e-013
0.92 -2.68922e-005 6.16333e-013 -8.03846e-013 9.08419e-013 9.08419e-013
0.93 -2.68876e-005 -1.63533e-012 5.31539e-012 9.08245e-013 9.08245e-013
0.94 -2.68817e-005 6.7036e-014 2.02575e-012 9.1756e-013 9.1756e-013
0.95 -2.68746e-005 1.40657e-012 -1.09626e-011 9.42137e-013 9.42137e-013
0.96 -2.68669e-005 6.75936e-013 -2.69505e-012 9.78168e-013 9.78168e-013
0.97 -2.68589e-005 -4.01111e-013 1.87894e-012 1.00543e-012 1.00543e-012
0.98 -2.68511e-005 1.45935e-013 -1.341e-012 1.00544e-012 1.00544e-012
0.99 -2.68439e-005 -1.14461e-013 7.12021e-013 9.83422e-013 9.83422e-013
1 -2.68375e-005 7.40027e-014 -4.56346e-013 9.54178e-013 9.54178e-013
1.01 -2.68325e-005 -4.73769e-014 2.96136e-013 9.28025e-013 9.28025e-013
1.02 -2.68295e-005 3.07972e-014 -1.88497e-013 9.01537e-013 9.01537e-013
1.03 -2.68286e-005 -1.95506e-014 1.23629e-013 8.60411e-013 8.60411e-013
1.04 -2.68293e-005 1.28757e-014 -7.73944e-014 7.95562e-013 7.95562e-013
1.05 -2.68311e-005 -8.00833e-015 5.20743e-014 7.06745e-013 7.06745e-013
1.06 -2.6834e-005 5.44195e-015 -3.13096e-014 6.06174e-013 6.06174e-013
1.07 -2.68381e-005 -1.70139e-014 1.62331e-014 5.17479e-013 5.17479e-013
1.08 -2.6843e-005 4.18588e-014 1.56304e-014 4.6435e-013 4.6435e-013
1.09 -2.68481e-005 -2.08971e-013 -1.71791e-013 4.58204e-013 4.58204e-013
1.1 -2.68527e-005 1.74684e-013 1.44443e-013 4.90966e-013 4.90966e-013
1.11 -2.68567e-005 -2.26686e-013 -2.0699e-013 5.4282e-013 5.4282e-013
1.12 -2.68592e-005 1.54956e-013 1.53652e-013 5.91606e-013 5.91606e-013
1.13 -2.68596e-005 -1.60268e-013 -1.72019e-013 6.22775e-013 6.22775e-013
1.14 -2.68579e-005 1.86793e-013 2.05511e-013 6.3561e-013 6.3561e-013
1.15 -2.68546e-005 -2.62312e-013 -2.6706e-013 6.42508e-013 6.42508e-013
1.16 -2.685e-005 1.82633e-013 1.10831e-013 6.63404e-013 6.63404e-013
1.17 -2.68439e-005 -2.48954e-013 -9.74887e-014 6.98656e-013 6.98656e-013
1.18 -2.68366e-005 3.2323e-013 1.15813e-013 7.28372e-013 7.28372e-013
1.19 -2.68281e-005 -3.91968e-013 -1.32526e-013 7.35797e-013 7.35797e-013
1.2 -2.68193e-005 3.59849e-013 1.32385e-013 7.12131e-013 7.12131e-013
1.21 -2.6811e-005 -3.8197e-013 -1.29732e-013 6.57653e-013 6.57653e-013
1.22 -2.68043e-005 2.4521e-013 6.43766e-014 5.85423e-013 5.85423e-013
1.23 -2.67997e-005 -1.75484e-013 -3.33625e-014 5.23411e-013 5.23411e-013
1.24 -2.67976e-005 1.09112e-013 2.37329e-014 4.89092e-013 4.89092e-013
1.25 -2.67978e-005 -7.25888e-014 -1.26792e-014 4.62015e-013 4.62015e-013
1.26 -2.68e-005 4.39543e-014 1.07775e-014 4.12491e-013 4.12491e-013
1.27 -2.6804e-005 3.94303e-014 -1.29735e-014 3.46168e-013 3.46168e-013
1.28 -2.68093e-005 -2.12999e-013 1.85312e-014 2.89712e-013 2.89712e-013
1.29 -2.68158e-005 4.78116e-013 1.7637e-014 2.59976e-013 2.59976e-013
1.3 -2.68231e-005 -8.87704e-013 -4.59831e-014 2.54015e-013 2.54015e-013
1.31 -2.68303e-005 5.57495e-013 -6.15329e-015 2.59132e-013 2.59132e-013
1.32 -2.68365e-005 -5.90491e-013 -3.98804e-015 2.7308e-013 2.7308e-013
1.33 -2.68412e-005 3.69894e-013 -1.06317e-013 3.02647e-013 3.02647e-013
1.34 -2.6844e-005 -4.31181e-013 9.03602e-014 3.66689e-013 3.66689e-013
1.35 -2.6844e-005 4.79494e-013 -1.16535e-013 4.79625e-013 4.79625e-013
1.36 -2.68401e-005 -1.10193e-012 3.87541e-013 6.20939e-013 6.20939e-013
1.37 -2.68322e-005 6.6232e-013 -2.00865e-013 7.53457e-013 7.53457e-013
1.38 -2.68214e-005 -4.33524e-014 8.26145e-014 8.57608e-013 8.57608e-013
1.39 -2.68094e-005 -4.66562e-013 8.58331e-014 9.37141e-013 9.37141e-013
1.4 -2.67978e-005 -4.81084e-013 -1.27817e-014 9.93613e-013 9.93613e-013
1.41 -2.67876e-005 4.41497e-013 1.29242e-013 1.01637e-012 1.01637e-012
1.42 -2.67791e-005 -2.8406e-013 -8.1009e-014 9.92038e-013 9.92038e-013
1.43 -2.67722e-005 1.83223e-013 5.44023e-014 9.20073e-013 9.20073e-013
1.44 -2.67672e-005 -1.17724e-013 -3.28083e-014 8.48141e-013 8.48141e-013
1.45 -2.67658e-005 7.61039e-014 2.33585e-014 8.36247e-013 8.36247e-013
1.46 -2.67697e-005 -4.87314e-014 -1.28143e-014 8.85741e-013 8.85741e-013
1.47 -2.67798e-005 3.16695e-014 1.04813e-014 9.35458e-013 9.35458e-013
1.48 -2.67954e-005 -2.01125e-014 -4.52129e-015 9.10243e-013 9.10243e-013
1.49 -2.68158e-005 1.32046e-014 5.16756e-015 7.85839e-013 7.85839e-013
1.5 -2.68406e-005 -8.22333e-015 -1.09458e-015 6.13554e-013 6.13554e-013
1.51 -2.68686e-005 5.47393e-015 2.98816e-015 4.80738e-013 4.80738e-013
1.52 -2.68969e-005 -3.5167e-015 2.62504e-016 4.43195e-013 4.43195e-013
1.53 -2.69226e-005 2.30303e-015 2.14573e-015 4.90166e-013 4.90166e-013
1.54 -2.69439e-005 7.36744e-013 -9.36723e-013 5.79233e-013 5.79233e-013
1.55 -2.69604e-005 -8.28343e-013 -7.69087e-013 6.9702e-013 6.9702e-013
1.56 -2.69714e-005 -8.5731e-013 2.22541e-012 8.45437e-013 8.45437e-013
1.57 -2.69764e-005 2.65135e-013 -4.76129e-013 9.84685e-013 9.84685e-013
1.58 -2.69752e-005 -3.25894e-013 4.73537e-013 1.05751e-012 1.05751e-012
1.59 -2.69688e-005 1.42322e-013 -5.36054e-013 1.07816e-012 1.07816e-012
1.6 -2.69585e-005 -7.30557e-013 -8.27537e-014 1.14531e-012 1.14531e-012
1.61 -2.69457e-005 -2.82163e-013 -1.14458e-013 1.35153e-012 1.35153e-012
1.62 -2.69306e-005 -3.03284e-013 -4.06493e-014 1.7236e-012 1.7236e-012
1.63 -2.69134e-005 -4.09898e-013 -2.68023e-013 2.23634e-012 2.23634e-012
1.64 -2.6895e-005 3.56879e-014 1.45769e-013 2.82452e-012 2.82452e-012
1.65 -2.6877e-005 2.27488e-012 -2.87505e-012 3.37945e-012 3.37945e-012
1.66 -2.68616e-005 -4.74724e-013 5.68331e-013 3.7869e-012 3.7869e-012
1.67 -2.68503e-005 1.68009e-013 2.93056e-013 3.99383e-012 3.99383e-012
1.68 -2.68435e-005 -1.07783e-013 -1.86453e-013 4.02849e-012 4.02849e-012
1.69 -2.68415e-005 6.9619e-014 1.22273e-013 3.96255e-012 3.96255e-012
1.7 -2.6844e-005 -8.61527e-015 2.8018e-013 3.84804e-012 3.84804e-012
1.71 -2.68493e-005 -3.49785e-014 -6.16646e-013 3.6986e-012 3.6986e-012
1.72 -2.68549e-005 2.45202e-013 1.41304e-012 3.52275e-012 3.52275e-012
1.73 -2.68583e-005 -2.99478e-014 -5.33417e-013 3.31569e-012 3.31569e-012
1.74 -2.68584e-005 -2.34761e-013 -3.17174e-013 3.03083e-012 3.03083e-012
1.75 -2.68551e-005 -1.89258e-014 -6.8846e-014 2.61226e-012 2.61226e-012
1.76 -2.68486e-005 8.4281e-013 1.19635e-012 2.06271e-012 2.06271e-012
1.77 -2.68395e-005 -1.80179e-012 -2.19842e-012 1.47854e-012 1.47854e-012
1.78 -2.68293e-005 9.44925e-013 1.00065e-012 1.01612e-012 1.01612e-012
1.79 -2.6819e-005 -4.2642e-013 -1.75208e-013 8.03434e-013 8.03434e-013
1.8 -2.68083e-005 3.0489e-013 1.40784e-013 8.48677e-013 8.48677e-013
1.81 -2.67973e-005 -1.96049e-013 -8.83719e-014 1.03897e-012 1.03897e-012
1.82 -2.67868e-005 1.26515e-013 5.91727e-014 1.2393e-012 1.2393e-012
1.83 -2.67778e-005 -8.11761e-014 -3.58768e-014 1.39965e-012 1.39965e-012
1.84 -2.6771e-005 5.24964e-014 2.54052e-014 1.56411e-012 1.56411e-012
1.85 -2.67668e-005 -3.33766e-014 -1.42138e-014 1.79265e-012 1.79265e-012
1.86 -2.67658e-005 2.17227e-014 1.13943e-014 2.11331e-012 2.11331e-012
1.87 -2.67686e-005 -1.35382e-014 -5.21022e-015 2.50811e-012 2.50811e-012
1.88 -2.67739e-005 9.158e-015 5.66637e-015 2.91642e-012 2.91642e-012
1.89 -2.67789e-005 -3.65088e-013 3.9141e-013 3.27989e-012 3.27989e-012
1.9 -2.67824e-005 -2.77426e-012 7.67352e-013 3.57631e-012 3.57631e-012
1.91 -2.67856e-005 4.10791e-013 -3.71222e-013 3.77909e-012 3.77909e-012
1.92 -2.67891e-005 -3.80345e-013 2.22052e-013 3.82145e-012 3.82145e-012
1.93 -2.67927e-005 5.76447e-015 -2.8818e-013 3.66005e-012 3.66005e-012
1.94 -2.67966e-005 -3.80355e-013 2.24702e-014 3.36315e-012 3.36315e-012
1.95 -2.68019e-005 -1.0036e-012 1.0052e-012 3.05288e-012 3.05288e-012
1.96 -2.68094e-005 6.53534e-013 -7.21839e-013 2.7999e-012 2.7999e-012
1.97 -2.68192e-005 -4.21696e-013 4.50979e-013 2.62836e-012 2.62836e-012
1.98 -2.68318e-005 2.22668e-013 -4.01051e-013 2.51376e-012 2.51376e-012
1.99 -2.68488e-005 -3.78863e-013 9.80917e-014 2.40878e-012 2.40878e-012
2 -2.68724e-005 -5.0302e-013 -6.41932e-013 2.33165e-012 2.33165e-012
2.01 -2.69039e-005 -1.40666e-012 3.79406e-013 2.37122e-012 2.37122e-012
2.02 -2.69432e-005 2.30474e-013 6.06754e-013 2.56264e-012 2.56264e-012
2.03 -2.69882e-005 -1.63977e-013 -3.78679e-013 2.79078e-012 2.79078e-012
2.04 -2.7037e-005 1.16306e-011 1.45309e-011 2.87449e-012 2.87449e-012
2.05 -2.70873e-005 4.17039e-012 4.82624e-012 2.73223e-012 2.73223e-012
2.06 -2.71355e-005 -3.03261e-012 -3.51522e-012 2.47573e-012 2.47573e-012
2.07 -2.7179e-005 1.62053e-012 1.81179e-012 2.34562e-012 2.34562e-012
2.08 -2.72172e-005 -1.08574e-012 -1.27322e-012 2.51198e-012 2.51198e-012
2.09 -2.725e-005 8.96505e-013 8.91867e-013 2.90838e-012 2.90838e-012
2.1 -2.72771e-005 -8.08952e-013 -8.30962e-013 3.21895e-012 3.21895e-012
2.11 -2.72978e-005 -1.53472e-012 -1.07585e-012 3.06035e-012 3.06035e-012
2.12 -2.73126e-005 -6.44854e-013 -9.13072e-013 2.28809e-012 2.28809e-012
2.13 -2.73228e-005 -5.72591e-014 -4.9689e-013 1.12887e-012 1.12887e-012
2.14 -2.73305e-005 -9.39912e-013 -3.47616e-013 -1.29677e-014 -1.29677e-014
2.15 -2.7337e-005 -9.05986e-013 6.74024e-015 -8.4315e-013 -8.4315e-013
2.16 -2.73428e-005 -1.31901e-012 1.04004e-012 -1.29702e-012 -1.29702e-012
2.17 -2.73487e-005 -4.9094e-013 6.24657e-013 -1.46547e-012 -1.46547e-012
2.18 -2.73576e-005 3.37507e-013 -7.4019e-013 -1.47568e-012 -1.47568e-012
2.19 -2.73731e-005 -4.32644e-013 6.7048e-013 -1.44767e-012 -1.44767e-012
2.2 -2.73961e-005 1.43083e-013 -2.09324e-013 -1.49613e-012 -1.49613e-012
2.21 -2.74246e-005 -4.714e-014 1.05362e-013 -1.69039e-012 -1.69039e-012
2.22 -2.74558e-005 1.01203e-013 -8.34561e-014 -1.96875e-012 -1.96875e-012
2.23 -2.74878e-005 -1.7675e-012 -1.31557e-012 -2.11258e-012 -2.11258e-012
2.24 -2.75184e-005 2.41154e-013 2.03152e-013 -1.88369e-012 -1.88369e-012
2.25 -2.75453e-005 5.39726e-015 -4.21328e-014 -1.2341e-012 -1.2341e-012
2.26 -2.75665e-005 -1.31936e-013 1.60303e-013 -3.64565e-013 -3.64565e-013
2.27 -2.75803e-005 -1.33465e-013 1.16392e-013 4.28133e-013 4.28133e-013
2.28 -2.75843e-005 6.30469e-013 -5.69724e-013 9.58182e-013 9.58182e-013
2.29 -2.75766e-005 -2.31225e-013 -1.42558e-013 1.22622e-012 1.22622e-012
2.3 -2.75567e-005 1.3885e-013 6.20708e-014 1.30777e-012 1.30777e-012
2.31 -2.75257e-005 -9.18548e-014 -3.02143e-014 1.23285e-012 1.23285e-012
2.32 -2.74845e-005 6.27113e-014 1.79763e-014 1.02438e-012 1.02438e-012
2.33 -2.74347e-005 -3.69983e-014 -1.10848e-014 7.6678e-013 7.6678e-013
2.34 -2.73784e-005 2.77195e-014 1.60605e-014 5.52943e-013 5.52943e-013
2.35 -2.73184e-005 -1.27598e-014 -1.4996e-014 3.76477e-013 3.76477e-013
2.36 -2.72572e-005 1.28085e-014 3.70605e-015 1.12246e-013 1.12246e-013
2.37 -2.71973e-005 -3.11328e-015 -7.36906e-015 -3.65872e-013 -3.65872e-013
2.38 -2.71407e-005 6.6959e-015 -1.22679e-015 -1.03457e-012 -1.03457e-012
2.39 -2.70877e-005 2.018e-015 -3.95785e-015 -1.69434e-012 -1.69434e-012
2.4 -2.70374e-005 -8.73382e-017 -4.49647e-015 -2.10448e-012 -2.10448e-012
2.41 -2.69886e-005 8.78969e-015 -2.14604e-015 -2.1586e-012 -2.1586e-012
2.42 -2.69401e-005 -7.75277e-015 -7.35647e-015 -1.94366e-012 -1.94366e-012
2.43 -2.68913e-005 1.70965e-014 1.70558e-015 -1.64271e-012 -1.64271e-012
2.44 -2.68432e-005 -1.23156e-014 -8.32524e-015 -1.38414e-012 -1.38414e-012
2.45 -2.67971e-005 -1.43888e-013 -1.61948e-013 -1.17558e-012 -1.17558e-012
2.46 -2.67516e-005 -5.04956e-013 -3.99144e-013 -9.82527e-013 -9.82527e-013
2.47 -2.67036e-005 2.58672e-014 1.06127e-013 -7.97653e-013 -7.97653e-013
2.48 -2.66503e-005 -1.81153e-013 -1.87797e-013 -6.02869e-013 -6.02869e-013
2.49 -2.65915e-005 2.48416e-013 6.62994e-013 -4.00798e-013 -4.00798e-013
2.5 -2.65288e-005 6.03289e-015 -6.98288e-014 -2.86062e-013 -2.86062e-013
2.51 -2.64652e-005 1.06887e-013 1.94117e-013 -3.92872e-013 -3.92872e-013
2.52 -2.64044e-005 -1.05943e-013 -1.13942e-013 -7.82768e-013 -7.82768e-013
2.53 -2.63498e-005 -3.79161e-013 -1.67971e-013 -1.37944e-012 -1.37944e-012
2.54 -2.63044e-005 -3.13462e-014 -1.57379e-013 -1.98811e-012 -1.98811e-012
2.55 -2.62698e-005 1.36662e-013 1.2902e-013 -2.42497e-012 -2.42497e-012
2.56 -2.62467e-005 7.09079e-014 2.43595e-013 -2.69611e-012 -2.69611e-012
2.57 -2.62356e-005 -4.07271e-014 -1.61876e-013 -3.04e-012 -3.04e-012
2.58 -2.62371e-005 3.11755e-014 9.91438e-014 -3.73413e-012 -3.73413e-012
2.59 -2.62513e-005 6.05965e-014 2.30418e-013 -4.83944e-012 -4.83944e-012
2.6 -2.62775e-005 -2.64038e-013 -1.2379e-012 -6.10038e-012 -6.10038e-012
2.61 -2.63141e-005 6.49383e-013 2.51814e-012 -7.06017e-012 -7.06017e-012
2.62 -2.63588e-005 -2.08018e-013 9.77486e-013 -7.37003e-012 -7.37003e-012
2.63 -2.64088e-005 7.4924e-013 3.22252e-012 -7.03167e-012 -7.03167e-012
2.64 -2.64613e-005 -3.08049e-013 -1.93855e-012 -6.31992e-012 -6.31992e-012
2.65 -2.65145e-005 -3.96865e-013 7.35833e-013 -5.52601e-012 -5.52601e-012
2.66 -2.65672e-005 3.84812e-013 -3.16556e-013 -4.78066e-012 -4.78066e-012
2.67 -2.66185e-005 -6.24838e-013 2.09454e-013 -4.06098e-012 -4.06098e-012
2.68 -2.66672e-005 4.17739e-013 -1.20835e-012 -3.31262e-012 -3.31262e-012
2.69 -2.67126e-005 -3.77088e-013 1.28298e-012 -2.53404e-012 -2.53404e-012
2.7 -2.67552e-005 1.79483e-013 -7.23284e-013 -1.76495e-012 -1.76495e-012
2.71 -2.6796e-005 -1.34377e-013 6.00981e-013 -1.05084e-012 -1.05084e-012
2.72 -2.68358e-005 8.06564e-014 -3.73499e-013 -4.52581e-013 -4.52581e-013
2.73 -2.68743e-005 -4.85119e-014 2.39926e-013 -8.14865e-014 -8.14865e-014
2.74 -2.69126e-005 -1.54943e-013 4.20248e-013 -7.9668e-014 -7.9668e-014
2.75 -2.69536e-005 1.71477e-013 -5.36526e-013 -5.24679e-013 -5.24679e-013
2.76 -2.7e-005 -1.15379e-013 3.49833e-013 -1.34262e-012 -1.34262e-012
2.77 -2.70523e-005 -1.48329e-013 4.06144e-013 -2.32191e-012 -2.32191e-012
2.78 -2.71099e-005 1.00146e-013 -2.67062e-013 -3.23524e-012 -3.23524e-012
2.79 -2.71721e-005 -8.83927e-014 1.45757e-013 -3.97572e-012 -3.97572e-012
2.8 -2.72367e-005 3.25043e-014 -1.20819e-013 -4.59041e-012 -4.59041e-012
2.81 -2.73006e-005 -7.15138e-014 1.52187e-014 -5.18884e-012 -5.18884e-012
2.82 -2.73621e-005 2.03975e-014 -5.81103e-014 -5.8065e-012 -5.8065e-012
2.83 -2.74203e-005 -8.41081e-015 3.01534e-014 -6.33872e-012 -6.33872e-012
2.84 -2.74752e-005 3.52467e-014 3.96433e-013 -6.60377e-012 -6.60377e-012
2.85 -2.75262e-005 6.41708e-014 6.03834e-013 -6.47547e-012 -6.47547e-012
2.86 -2.75728e-005 4.16477e-013 4.0243e-013 -5.94177e-012 -5.94177e-012
2.87 -2.76149e-005 5.17373e-013 2.13747e-013 -5.10033e-012 -5.10033e-012
2.88 -2.7652e-005 -9.74075e-013 -1.81359e-012 -4.17538e-012 -4.17538e-012
2.89 -2.76824e-005 -2.85629e-013 2.32626e-013 -3.43301e-012 -3.43301e-012
2.9 -2.77042e-005 -2.41372e-013 -3.05335e-013 -3.00039e-012 -3.00039e-012
2.91 -2.7717e-005 9.55951e-014 2.28912e-013 -2.80512e-012 -2.80512e-012
2.92 -2.77215e-005 -5.04675e-014 -3.21587e-013 -2.6893e-012 -2.6893e-012
2.93 -2.77192e-005 -2.19579e-013 7.76702e-014 -2.56946e-012 -2.56946e-012
2.94 -2.77108e-005 4.80852e-014 -9.13237e-015 -2.50158e-012 -2.50158e-012
2.95 -2.76968e-005 -3.35279e-013 5.81768e-013 -2.61212e-012 -2.61212e-012
2.96 -2.76773e-005 1.46512e-013 -1.91226e-013 -2.99563e-012 -2.99563e-012
2.97 -2.76531e-005 -2.11176e-013 1.14327e-013 -3.66517e-012 -3.66517e-012
2.98 -2.76249e-005 8.2221e-014 1.48696e-014 -4.55032e-012 -4.55032e-012
2.99 -2.75929e-005 -2.63459e-013 2.01647e-013 -5.52929e-012 -5.52929e-012
3 -2.75561e-005 -7.57414e-014 2.03895e-013 -6.46161e-012 -6.46161e-012
3.01 -2.75133e-005 -2.29504e-013 6.14848e-014 -7.20954e-012 -7.20954e-012
3.02 -2.74639e-005 1.49563e-013 -4.70358e-014 -7.66988e-012 -7.66988e-012
3.03 -2.74076e-005 -8.70218e-014 3.88751e-014 -7.81594e-012 -7.81594e-012
3.04 -2.73449e-005 4.38578e-014 -4.13054e-014 -7.71406e-012 -7.71406e-012
3.05 -2.72776e-005 -1.5398e-014 3.73759e-014 -7.47705e-012 -7.47705e-012
3.06 -2.72077e-005 2.25908e-014 -1.16238e-014 -7.17826e-012 -7.17826e-012
3.07 -2.71357e-005 -1.72383e-014 -4.01296e-016 -6.80011e-012 -6.80011e-012
3.08 -2.70598e-005 -1.24648e-015 -1.35243e-014 -6.26577e-012 -6.26577e-012
3.09 -2.69786e-005 1.29525e-014 1.71727e-014 -5.52957e-012 -5.52957e-012
3.1 -2.68932e-005 -2.21466e-014 -2.63553e-014 -4.64757e-012 -4.64757e-012
3.11 -2.68059e-005 2.62673e-014 2.86263e-014 -3.76941e-012 -3.76941e-012
3.12 -2.67178e-005 -2.96205e-014 -3.23268e-014 -3.06302e-012 -3.06302e-012
3.13 -2.6628e-005 3.08365e-014 2.82722e-014 -2.63422e-012 -2.63422e-012
3.14 -2.65369e-005 -3.69044e-014 -3.51979e-014 -2.49646e-012 -2.49646e-012
3.15 -2.64471e-005 5.08736e-014 4.50242e-014 -2.60109e-012 -2.60109e-012
3.16 -2.63626e-005 9.46667e-013 2.28063e-012 -2.911e-012 -2.911e-012
3.17 -2.6287e-005 -2.01191e-013 -3.01077e-013 -3.44274e-012 -3.44274e-012
3.18 -2.62224e-005 2.03395e-014 5.95995e-013 -4.17959e-012 -4.17959e-012
3.19 -2.61686e-005 -1.84323e-013 -9.42881e-014 -4.98629e-012 -4.98629e-012
3.2 -2.61231e-005 -1.67295e-014 -2.74467e-013 -5.73225e-012 -5.73225e-012
3.21 -2.60844e-005 -4.02699e-013 9.67399e-013 -6.47576e-012 -6.47576e-012
3.22 -2.60533e-005 -1.29131e-013 -6.22428e-013 -7.40595e-012 -7.40595e-012
3.23 -2.60321e-005 -1.88743e-014 3.87917e-014 -8.5846e-012 -8.5846e-012
3.24 -2.60227e-005 -1.06765e-013 2.1152e-013 -9.82937e-012 -9.82937e-012
3.25 -2.60258e-005 -1.23963e-012 2.56748e-012 -1.08634e-011 -1.08634e-011
3.26 -2.60415e-005 -4.32875e-014 2.24117e-014 -1.15088e-011 -1.15088e-011
3.27 -2.60684e-005 1.06241e-012 -1.63252e-012 -1.17469e-011 -1.17469e-011
3.28 -2.61034e-005 -9.63289e-013 2.5623e-012 -1.16493e-011 -1.16493e-011
3.29 -2.61434e-005 -3.19264e-013 1.06462e-012 -1.12888e-011 -1.12888e-011
3.3 -2.61861e-005 -2.74224e-013 5.01675e-013 -1.07282e-011 -1.07282e-011
3.31 -2.6229e-005 1.76217e-013 -3.26157e-013 -1.00321e-011 -1.00321e-011
3.32 -2.62698e-005 -1.1336e-013 2.074e-013 -9.27647e-012 -9.27647e-012
3.33 -2.63065e-005 7.10868e-014 -1.41959e-013 -8.5523e-012 -8.5523e-012
3.34 -2.63401e-005 -5.73331e-014 7.51608e-014 -7.88974e-012 -7.88974e-012
3.35 -2.63734e-005 2.89376e-014 -7.53596e-014 -7.22437e-012 -7.22437e-012
3.36 -2.64083e-005 -3.001e-014 3.65338e-014 -6.50682e-012 -6.50682e-012
3.37 -2.64448e-005 -1.79644e-015 -8.4029e-014 -5.81928e-012 -5.81928e-012
3.38 -2.64819e-005 -5.45948e-016 3.45996e-014 -5.36009e-012 -5.36009e-012
3.39 -2.65181e-005 1.62367e-015 -5.61433e-014 -5.30668e-012 -5.30668e-012
3.4 -2.6553e-005 -3.11173e-014 6.86417e-014 -5.6823e-012 -5.6823e-012
3.41 -2.65885e-005 1.20093e-014 -4.05075e-014 -6.34322e-012 -6.34322e-012
3.42 -2.66279e-005 -7.66346e-015 1.32383e-014 -7.09273e-012 -7.09273e-012
3.43 -2.6673e-005 4.46457e-015 -7.36779e-015 -7.81401e-012 -7.81401e-012
3.44 -2.6724e-005 -3.66512e-015 -1.13954e-015 -8.50017e-012 -8.50017e-012
3.45 -2.67803e-005 2.14058e-015 -7.01151e-016 -9.18041e-012 -9.18041e-012
3.46 -2.68413e-005 -3.67205e-013 4.7528e-013 -9.84467e-012 -9.84467e-012
3.47 -2.69072e-005 -3.49711e-013 4.85434e-013 -1.0434e-011 -1.0434e-011
3.48 -2.69774e-005 -4.19506e-013 5.92433e-013 -1.08784e-011 -1.08784e-011
3.49 -2.70504e-005 2.71344e-013 -3.82352e-013 -1.11272e-011 -1.11272e-011
3.5 -2.71245e-005 -2.43659e-013 1.76353e-013 -1.11477e-011 -1.11477e-011
3.51 -2.71981e-005 1.58777e-013 -1.18017e-013 -1.09128e-011 -1.09128e-011
3.52 -2.72694e-005 -1.67008e-013 2.90575e-014 -1.04154e-011 -1.04154e-011
3.53 -2.73353e-005 7.00548e-014 -6.85169e-014 -9.70244e-012 -9.70244e-012
3.54 -2.73931e-005 -2.11766e-013 -1.20335e-013 -8.88385e-012 -8.88385e-012
3.55 -2.74428e-005 4.15441e-014 -5.81353e-014 -8.09203e-012 -8.09203e-012
3.56 -2.74865e-005 -2.62466e-014 3.51303e-014 -7.41773e-012 -7.41773e-012
3.57 -2.75269e-005 1.39795e-014 -2.67204e-014 -6.87848e-012 -6.87848e-012
3.58 -2.75651e-005 -6.30602e-014 -1.88184e-014 -6.44787e-012 -6.44787e-012
3.59 -2.76001e-005 3.79832e-014 -1.5295e-015 -6.11554e-012 -6.11554e-012
3.6 -2.76293e-005 -5.07192e-013 -5.53423e-013 -5.92285e-012 -5.92285e-012
3.61 -2.76507e-005 -1.02368e-012 -3.23292e-013 -5.9563e-012 -5.9563e-012
3.62 -2.76651e-005 -1.68387e-012 -2.69333e-012 -6.28874e-012 -6.28874e-012
3.63 -2.76758e-005 -3.78305e-012 -1.5614e-012 -6.90027e-012 -6.90027e-012
3.64 -2.76863e-005 -5.56736e-013 -1.57752e-014 -7.68193e-012 -7.68193e-012
3.65 -2.7697e-005 -5.85083e-012 -6.58412e-012 -8.51096e-012 -8.51096e-012
3.66 -2.77065e-005 -2.69072e-012 -2.66543e-012 -9.30213e-012 -9.30213e-012
3.67 -2.77131e-005 1.82009e-012 1.68252e-012 -1.0009e-011 -1.0009e-011
3.68 -2.77152e-005 -3.04386e-012 -2.44665e-012 -1.06021e-011 -1.06021e-011
3.69 -2.77124e-005 3.7554e-013 5.76895e-013 -1.10561e-011 -1.10561e-011
3.7 -2.77054e-005 3.27339e-014 -4.27332e-013 -1.13494e-011 -1.13494e-011
3.71 -2.76958e-005 -2.12157e-014 2.71848e-013 -1.14702e-011 -1.14702e-011
3.72 -2.76844e-005 1.30204e-014 -1.77795e-013 -1.14132e-011 -1.14132e-011
3.73 -2.76711e-005 -9.08201e-015 1.11067e-013 -1.11628e-011 -1.11628e-011
3.74 -2.76545e-005 8.54105e-015 -8.88175e-014 -1.07023e-011 -1.07023e-011
3.75 -2.76335e-005 -1.03197e-014 7.34412e-014 -1.00483e-011 -1.00483e-011
3.76 -2.76081e-005 -1.43052e-013 -4.95541e-013 -9.27705e-012 -9.27705e-012
3.77 -2.75788e-005 -8.78197e-013 1.63651e-012 -8.50381e-012 -8.50381e-012
3.78 -2.75459e-005 9.19514e-014 -3.66359e-013 -7.81965e-012 -7.81965e-012
3.79 -2.75104e-005 -3.56701e-013 6.63229e-013 -7.25898e-012 -7.25898e-012
3.8 -2.74735e-005 4.29449e-015 -1.85832e-013 -6.82536e-012 -6.82536e-012
3.81 -2.74357e-005 -4.48344e-014 1.46683e-013 -6.53161e-012 -6.53161e-012
3.82 -2.73969e-005 -2.63434e-013 1.57957e-013 -6.39892e-012 -6.39892e-012
3.83 -2.73556e-005 -8.88695e-014 1.31839e-013 -6.42812e-012 -6.42812e-012
3.84 -2.73106e-005 3.24517e-015 -9.3999e-014 -6.60758e-012 -6.60758e-012
3.85 -2.72629e-005 -1.77204e-013 2.5011e-013 -6.93566e-012 -6.93566e-012
3.86 -2.72147e-005 -7.98601e-014 -3.27627e-014 -7.4151e-012 -7.4151e-012
3.87 -2.71667e-005 -4.15529e-014 7.1142e-014 -8.04247e-012 -8.04247e-012
3.88 -2.71182e-005 9.14347e-015 -4.12779e-014 -8.78322e-012 -8.78322e-012
3.89 -2.70688e-005 -5.2556e-014 4.26503e-014 -9.51526e-012 -9.51526e-012
3.9 -2.70196e-005 -1.12432e-013 3.83655e-014 -1.0013e-011 -1.0013e-011
3.91 -2.69732e-005 4.14606e-014 -1.25281e-014 -1.00563e-011 -1.00563e-011
3.92 -2.69323e-005 -1.8785e-013 1.44411e-013 -9.6049e-012 -9.6049e-012
3.93 -2.68981e-005 -2.75513e-013 5.89551e-014 -8.88286e-012 -8.88286e-012
3.94 -2.68697e-005 1.42142e-013 -2.53064e-014 -8.23269e-012 -8.23269e-012
3.95 -2.68452e-005 -9.1942e-014 1.3246e-014 -7.81574e-012 -7.81574e-012
3.96 -2.68229e-005 6.31024e-014 -6.88572e-015 -7.49305e-012 -7.49305e-012
3.97 -2.68018e-005 -3.64118e-014 4.88858e-015 -7.01291e-012 -7.01291e-012
3.98 -2.67807e-005 7.27323e-015 -2.60802e-014 -6.28812e-012 -6.28812e-012
3.99 -2.67576e-005 -2.85732e-014 -9.19734e-015 -5.49567e-012 -5.49567e-012
4 -2.67307e-005 3.5374e-014 1.8876e-014 -4.92407e-012 -4.92407e-012
4.01 -2.66996e-005 -4.37894e-014 -3.14638e-014 -4.74399e-012 -4.74399e-012
4.02 -2.66646e-005 2.19527e-014 3.7722e-014 -4.91964e-012 -4.91964e-012
4.03 -2.66252e-005 -1.93261e-014 -3.19803e-014 -5.30487e-012 -5.30487e-012
4.04 -2.65824e-005 1.08808e-014 4.88691e-014 -5.7868e-012 -5.7868e-012
4.05 -2.65379e-005 -3.20078e-014 3.9411e-014 -6.33236e-012 -6.33236e-012
4.06 -2.64931e-005 2.719e-014 -1.9288e-014 -6.93114e-012 -6.93114e-012
4.07 -2.64488e-005 -9.14263e-015 2.31535e-014 -7.53787e-012 -7.53787e-012
4.08 -2.64065e-005 3.44505e-014 -8.40809e-015 -8.08879e-012 -8.08879e-012
4.09 -2.63695e-005 -2.4515e-012 3.57463e-012 -8.55884e-012 -8.55884e-012
4.1 -2.63405e-005 -3.46498e-013 7.38817e-013 -8.96153e-012 -8.96153e-012
4.11 -2.63213e-005 -3.74393e-012 3.59506e-012 -9.23053e-012 -9.23053e-012
4.12 -2.63133e-005 5.26923e-013 1.32986e-012 -9.1355e-012 -9.1355e-012
4.13 -2.6316e-005 -3.83415e-012 3.75235e-012 -8.43193e-012 -8.43193e-012
4.14 -2.63277e-005 1.95366e-012 -1.68604e-012 -7.11791e-012 -7.11791e-012
4.15 -2.63475e-005 -1.3675e-012 1.35154e-012 -5.51133e-012 -5.51133e-012
4.16 -2.63746e-005 8.49751e-013 -1.31128e-013 -4.04781e-012 -4.04781e-012
4.17 -2.64079e-005 -5.87913e-013 -1.90588e-013 -2.97987e-012 -2.97987e-012
4.18 -2.64449e-005 3.62199e-013 1.29534e-013 -2.24614e-012 -2.24614e-012
4.19 -2.64819e-005 -1.19791e-012 2.65808e-012 -1.58265e-012 -1.58265e-012
4.2 -2.65145e-005 5.91408e-014 -1.25521e-015 -7.20446e-013 -7.20446e-013
4.21 -2.654e-005 -3.23371e-014 -1.08642e-013 4.77321e-013 4.77321e-013
4.22 -2.65572e-005 -2.27085e-013 1.59205e-013 1.91075e-012 1.91075e-012
4.23 -2.65665e-005 -6.36085e-015 -1.03193e-014 3.20327e-012 3.20327e-012
4.24 -2.65698e-005 1.92852e-013 -3.17094e-013 3.89117e-012 3.89117e-012
4.25 -2.65682e-005 -1.18437e-014 3.95423e-014 3.74774e-012 3.74774e-012
4.26 -2.65617e-005 -5.49662e-014 -3.69113e-014 2.91823e-012 2.91823e-012
4.27 -2.65508e-005 3.55473e-014 2.94275e-014 1.77382e-012 1.77382e-012
4.28 -2.65372e-005 -2.31113e-014 -2.90528e-014 6.31006e-013 6.31006e-013
4.29 -2.65221e-005 1.41688e-014 2.10911e-014 -4.39243e-013 -4.39243e-013
4.3 -2.65078e-005 -8.4803e-015 -2.61419e-014 -1.55433e-012 -1.55433e-012
4.31 -2.64984e-005 4.08658e-015 2.22344e-014 -2.80897e-012 -2.80897e-012
4.32 -2.64973e-005 -2.17965e-015 -2.62622e-014 -4.13385e-012 -4.13385e-012
4.33 -2.65054e-005 -2.4945e-015 2.605e-014 -5.33025e-012 -5.33025e-012
4.34 -2.6522e-005 5.96054e-015 -3.06773e-014 -6.19991e-012 -6.19991e-012
4.35 -2.65449e-005 -9.54601e-015 3.29139e-014 -6.62912e-012 -6.62912e-012
4.36 -2.65719e-005 1.55366e-014 -5.00414e-014 -6.58005e-012 -6.58005e-012
4.37 -2.66021e-005 -2.06672e-014 5.64364e-014 -6.05443e-012 -6.05443e-012
4.38 -2.6636e-005 2.79624e-014 -7.19054e-014 -5.10007e-012 -5.10007e-012
4.39 -2.66744e-005 -3.74867e-014 8.16724e-014 -3.84426e-012 -3.84426e-012
4.4 -2.67173e-005 4.48223e-014 -9.79829e-014 -2.48291e-012 -2.48291e-012
4.41 -2.67623e-005 -4.74142e-014 9.49622e-014 -1.19939e-012 -1.19939e-012
4.42 -2.68059e-005 4.27723e-014 -9.74469e-014 -7.79814e-014 -7.79814e-014
4.43 -2.6844e-005 -3.86566e-014 8.02811e-014 9.00768e-013 9.00768e-013
4.44 -2.68726e-005 3.42659e-014 -7.91779e-014 1.77172e-012 1.77172e-012
4.45 -2.68886e-005 -3.30195e-014 6.49897e-014 2.48619e-012 2.48619e-012
4.46 -2.68923e-005 4.99254e-014 -6.54554e-014 2.89897e-012 2.89897e-012
4.47 -2.68877e-005 -1.68118e-012 2.60733e-013 2.85685e-012 2.85685e-012
4.48 -2.68791e-005 -3.00724e-014 3.44387e-013 2.32046e-012 2.32046e-012
4.49 -2.68684e-005 -6.14313e-013 3.2148e-013 1.40923e-012 1.40923e-012
4.5 -2.6856e-005 1.12676e-013 -7.16794e-014 3.14628e-013 3.14628e-013
4.51 -2.68418e-005 -8.24173e-013 4.43895e-013 -8.19627e-013 -8.19627e-013
4.52 -2.68252e-005 2.72695e-013 -1.16755e-013 -1.92357e-012 -1.92357e-012
4.53 -2.68064e-005 -1.92702e-013 9.49654e-014 -2.95074e-012 -2.95074e-012
4.54 -2.6787e-005 1.20094e-013 -5.9807e-014 -3.84003e-012 -3.84003e-012
4.55 -2.67691e-005 -1.11438e-013 9.8257e-014 -4.51817e-012 -4.51817e-012
4.56 -2.67549e-005 9.35813e-014 -1.19949e-013 -4.92508e-012 -4.92508e-012
4.57 -2.67472e-005 -2.84798e-014 3.62929e-014 -5.02205e-012 -5.02205e-012
4.58 -2.67474e-005 1.79469e-014 -2.643e-014 -4.77605e-012 -4.77605e-012
4.59 -2.67531e-005 -1.19608e-014 1.39754e-014 -4.16489e-012 -4.16489e-012
4.6 -2.67601e-005 7.30692e-015 -1.2056e-014 -3.21481e-012 -3.21481e-012
4.61 -2.67648e-005 -5.08163e-015 4.70867e-015 -2.03131e-012 -2.03131e-012
4.62 -2.67664e-005 2.18013e-014 -1.28546e-014 -7.75569e-013 -7.75569e-013
4.63 -2.6765e-005 -6.41799e-014 2.09709e-015 4.01195e-013 4.01195e-013
4.64 -2.67587e-005 -5.20754e-013 1.34682e-013 1.40639e-012 1.40639e-012
4.65 -2.67453e-005 4.49714e-013 -1.89292e-013 2.19997e-012 2.19997e-012
4.66 -2.67246e-005 -5.24432e-013 2.00973e-013 2.76741e-012 2.76741e-012
4.67 -2.66996e-005 1.27436e-013 -1.3592e-013 3.10622e-012 3.10622e-012
4.68 -2.66737e-005 -9.26844e-014 7.69997e-014 3.19873e-012 3.19873e-012
4.69 -2.66487e-005 -5.59792e-013 -1.2369e-013 3.00283e-012 3.00283e-012
4.7 -2.66244e-005 -1.52142e-013 5.48314e-013 2.48481e-012 2.48481e-012
4.71 -2.65998e-005 1.40139e-013 -3.80724e-013 1.66514e-012 1.66514e-012
4.72 -2.65753e-005 -9.06517e-014 2.42149e-013 6.3916e-013 6.3916e-013
4.73 -2.65543e-005 5.79885e-014 -1.59011e-013 -4.56747e-013 -4.56747e-013
4.74 -2.65409e-005 -3.77427e-014 9.93545e-014 -1.49755e-012 -1.49755e-012
4.75 -2.6537e-005 2.39126e-014 -6.70446e-014 -2.39443e-012 -2.39443e-012
4.76 -2.65419e-005 -1.41807e-015 2.34965e-014 -3.07613e-012 -3.07613e-012
4.77 -2.65529e-005 -7.36099e-013 7.09289e-013 -3.45399e-012 -3.45399e-012
4.78 -2.65663e-005 -1.63082e-012 8.38561e-013 -3.42816e-012 -3.42816e-012
4.79 -2.65807e-005 -5.18921e-013 -5.9898e-013 -2.94388e-012 -2.94388e-012
4.8 -2.65963e-005 -1.47833e-013 5.11592e-013 -2.04362e-012 -2.04362e-012
4.81 -2.66121e-005 -4.90113e-014 -8.25088e-014 -8.52078e-013 -8.52078e-013
4.82 -2.66274e-005 2.57379e-013 -2.05606e-013 4.95122e-013 4.95122e-013
4.83 -2.66408e-005 -1.97026e-013 2.90425e-013 1.91505e-012 1.91505e-012
4.84 -2.6648e-005 1.00654e-013 -6.7153e-014 3.3893e-012 3.3893e-012
4.85 -2.66436e-005 -1.44847e-013 7.73913e-014 4.91757e-012 4.91757e-012
4.86 -2.66282e-005 3.83802e-014 -1.03429e-013 6.45973e-012 6.45973e-012
4.87 -2.66095e-005 -5.10632e-013 3.84575e-013 7.88552e-012 7.88552e-012
4.88 -2.65952e-005 -1.63144e-013 -3.62201e-013 8.99529e-012 8.99529e-012
4.89 -2.65873e-005 1.32694e-013 -3.01211e-013 9.64017e-012 9.64017e-012
4.9 -2.65836e-005 -8.6214e-014 1.87472e-013 9.77562e-012 9.77562e-012
4.91 -2.65832e-005 5.51309e-014 -1.23804e-013 9.41091e-012 9.41091e-012
4.92 -2.65883e-005 -3.5902e-014 7.66754e-014 8.57924e-012 8.57924e-012
4.93 -2.66022e-005 2.27271e-014 -5.24382e-014 7.36219e-012 7.36219e-012
4.94 -2.66277e-005 -1.50328e-014 3.07169e-014 5.91774e-012 5.91774e-012
4.95 -2.66678e-005 9.74998e-015 -1.83871e-014 4.44634e-012 4.44634e-012
4.96 -2.67239e-005 -4.60333e-015 -9.36749e-015 3.10003e-012 3.10003e-012
4.97 -2.6793e-005 2.45612e-014 -2.14567e-013 1.92013e-012 1.92013e-012
4.98 -2.68705e-005 -9.23619e-015 4.87011e-014 8.75949e-013 8.75949e-013
4.99 -2.69538e-005 3.10178e-015 -1.8834e-013 -1.8845e-014 -1.8845e-014
5 -2.70433e-005 -5.21779e-014 6.60007e-014 -6.37424e-013 -6.37424e-013
5.01 -2.71375e-005 2.45297e-014 -3.65833e-014 -8.01278e-013 -8.01278e-013
5.02 -2.72321e-005 -7.73743e-014 5.65022e-014 -4.06729e-013 -4.06729e-013
5.03 -2.73226e-005 -9.89714e-014 -1.60534e-013 4.98094e-013 4.98094e-013
5.04 -2.74054e-005 -5.80001e-014 4.26052e-014 1.74138e-012 1.74138e-012
5.05 -2.74786e-005 -8.06919e-014 -1.4988e-013 3.12532e-012 3.12532e-012
5.06 -2.75445e-005 2.48597e-015 1.27099e-013 4.50657e-012 4.50657e-012
5.07 -2.76067e-005 -5.21535e-014 -6.05183e-014 5.80523e-012 5.80523e-012
5.08 -2.76671e-005 -1.47068e-013 -6.38716e-014 6.96403e-012 6.96403e-012
5.09 -2.77248e-005 -2.54755e-013 3.27396e-013 7.91004e-012 7.91004e-012
5.1 -2.77797e-005 -5.00956e-012 -5.56428e-012 8.47419e-012 8.47419e-012
5.11 -2.78326e-005 -1.82986e-012 -5.97694e-013 8.40053e-012 8.40053e-012
5.12 -2.78829e-005 -8.83734e-013 -6.79487e-013 7.59353e-012 7.59353e-012
5.13 -2.79313e-005 9.83646e-015 -7.75431e-013 6.21503e-012 6.21503e-012
5.14 -2.7982e-005 -4.37227e-013 7.45955e-013 4.4802e-012 4.4802e-012
5.15 -2.80398e-005 -2.45503e-013 -7.20491e-013 2.50832e-012 2.50832e-012
5.16 -2.81057e-005 -1.27598e-013 -4.60154e-014 3.27655e-013 3.27655e-013
5.17 -2.81784e-005 5.54905e-012 1.06179e-011 -2.05223e-012 -2.05223e-012
5.18 -2.82566e-005 2.4101e-012 4.07299e-012 -4.55887e-012 -4.55887e-012
5.19 -2.83383e-005 -1.75842e-012 -2.23298e-012 -7.03125e-012 -7.03125e-012
5.2 -2.84185e-005 3.57406e-013 1.33621e-012 -9.24007e-012 -9.24007e-012
5.21 -2.84898e-005 -2.46238e-012 -1.54809e-012 -1.09063e-011 -1.09063e-011
5.22 -2.8545e-005 -9.87159e-012 -1.26523e-011 -1.17529e-011 -1.17529e-011
5.23 -2.85796e-005 -3.04879e-012 -5.25471e-012 -1.16578e-011 -1.16578e-011
5.24 -2.85892e-005 1.64011e-012 3.3802e-012 -1.0814e-011 -1.0814e-011
5.25 -2.85713e-005 -1.4029e-012 -1.64651e-012 -9.68571e-012 -9.68571e-012
5.26 -2.85249e-005 1.64111e-014 2.81458e-012 -8.72633e-012 -8.72633e-012
5.27 -2.84478e-005 -7.01858e-013 -6.71379e-013 -8.06093e-012 -8.06093e-012
5.28 -2.83376e-005 4.27179e-013 4.74254e-013 -7.42648e-012 -7.42648e-012
5.29 -2.81946e-005 -2.64728e-013 -2.58707e-013 -6.45722e-012 -6.45722e-012
5.3 -2.80214e-005 1.89601e-013 2.12636e-013 -5.04122e-012 -5.04122e-012
5.31 -2.78203e-005 -9.98175e-014 -8.91248e-014 -3.41429e-012 -3.41429e-012
5.32 -2.75953e-005 1.02881e-013 1.29343e-013 -1.9738e-012 -1.9738e-012
5.33 -2.73523e-005 -3.07683e-014 -2.5612e-014 -1.00009e-012 -1.00009e-012
5.34 -2.70974e-005 4.67977e-014 6.20718e-014 -5.10772e-013 -5.10772e-013
5.35 -2.68351e-005 3.80909e-014 3.90251e-014 -3.98607e-013 -3.98607e-013
5.36 -2.65676e-005 -5.59101e-015 2.346e-014 -6.34668e-013 -6.34668e-013
5.37 -2.62993e-005 1.83868e-014 1.77888e-014 -1.27262e-012 -1.27262e-012
5.38 -2.60388e-005 4.4329e-013 3.10447e-013 -2.30111e-012 -2.30111e-012
5.39 -2.57945e-005 1.9264e-012 2.0278e-012 -3.57315e-012 -3.57315e-012
5.4 -2.55671e-005 2.71403e-012 5.02915e-012 -4.91327e-012 -4.91327e-012
5.41 -2.53517e-005 1.41655e-012 4.51769e-012 -6.29628e-012 -6.29628e-012
5.42 -2.51444e-005 6.09025e-012 1.16116e-011 -8.0296e-012 -8.0296e-012
5.43 -2.49469e-005 1.15902e-011 1.89037e-011 -1.06665e-011 -1.06665e-011
5.44 -2.47649e-005 7.70796e-012 6.16566e-012 -1.44926e-011 -1.44926e-011
5.45 -2.46012e-005 -1.44305e-012 5.54376e-012 -1.90845e-011 -1.90845e-011
5.46 -2.44538e-005 3.4713e-012 -4.16184e-012 -2.35123e-011 -2.35123e-011
5.47 -2.43186e-005 5.49231e-013 6.44091e-012 -2.7092e-011 -2.7092e-011
5.48 -2.41938e-005 -1.94496e-011 -1.25856e-011 -2.98893e-011 -2.98893e-011
5.49 -2.40791e-005 -3.57977e-012 -5.29485e-012 -3.24277e-011 -3.24277e-011
5.5 -2.39769e-005 3.50368e-012 4.23331e-012 -3.50176e-011 -3.50176e-011
5.51 -2.38925e-005 -3.43783e-012 -3.36841e-012 -3.73839e-011 -3.73839e-011
5.52 -2.38315e-005 3.40615e-012 2.9221e-012 -3.88927e-011 -3.88927e-011
5.53 -2.37954e-005 -1.32261e-012 1.53776e-012 -3.91358e-011 -3.91358e-011
5.54 -2.37857e-005 2.5886e-012 3.9898e-012 -3.82444e-011 -3.82444e-011
5.55 -2.38046e-005 -1.65388e-012 -2.5366e-012 -3.66823e-011 -3.66823e-011
5.56 -2.38558e-005 1.10852e-012 1.69895e-012 -3.48137e-011 -3.48137e-011
5.57 -2.39437e-005 -6.88512e-013 -9.9497e-013 -3.27101e-011 -3.27101e-011
5.58 -2.40713e-005 5.48479e-013 8.26635e-013 -3.03605e-011 -3.03605e-011
5.59 -2.42391e-005 -5.64477e-013 -5.6729e-013 -2.79479e-011 -2.79479e-011
5.6 -2.44467e-005 1.45907e-013 3.3684e-013 -2.58059e-011 -2.58059e-011
5.61 -2.46946e-005 -5.29949e-013 -6.07977e-013 -2.41441e-011 -2.41441e-011
5.62 -2.49823e-005 -3.51134e-013 -3.89806e-013 -2.29135e-011 -2.29135e-011
5.63 -2.53044e-005 -3.69347e-013 -6.3033e-013 -2.19761e-011 -2.19761e-011
5.64 -2.56516e-005 -1.00243e-013 -1.84495e-013 -2.1388e-011 -2.1388e-011
5.65 -2.60153e-005 -1.35592e-013 -1.57329e-013 -2.14667e-011 -2.14667e-011
5.66 -2.63903e-005 -4.3702e-014 2.04473e-014 -2.2545e-011 -2.2545e-011
5.67 -2.67729e-005 -6.25502e-013 -2.51579e-013 -2.46422e-011 -2.46422e-011
5.68 -2.71567e-005 -1.66615e-012 -1.00041e-012 -2.73647e-011 -2.73647e-011
5.69 -2.7531e-005 -3.73721e-012 -4.3297e-012 -3.01411e-011 -3.01411e-011
5.7 -2.78841e-005 -7.14645e-012 -7.60645e-012 -3.25579e-011 -3.25579e-011
5.71 -2.82072e-005 1.84288e-011 1.8397e-011 -3.44765e-011 -3.44765e-011
5.72 -2.84956e-005 9.34812e-013 4.90459e-012 -3.58994e-011 -3.58994e-011
5.73 -2.87464e-005 2.80192e-013 -6.29589e-012 -3.68064e-011 -3.68064e-011
5.74 -2.89543e-005 -5.29798e-014 5.17294e-012 -3.70199e-011 -3.70199e-011
5.75 -2.91139e-005 -2.3242e-012 -3.74813e-012 -3.63675e-011 -3.63675e-011
5.76 -2.9223e-005 -3.11121e-012 -9.12815e-013 -3.52161e-011 -3.52161e-011
5.77 -2.92842e-005 -3.5626e-013 -3.63216e-012 -3.43848e-011 -3.43848e-011
5.78 -2.93026e-005 -2.78846e-012 -3.08698e-012 -3.42921e-011 -3.42921e-011
5.79 -2.92868e-005 1.00676e-012 1.4781e-012 -3.45035e-011 -3.45035e-011
5.8 -2.92482e-005 -3.95425e-012 -7.10934e-012 -3.42347e-011 -3.42347e-011
5.81 -2.91983e-005 2.64128e-012 4.81004e-012 -3.32636e-011 -3.32636e-011
5.82 -2.91426e-005 -2.42613e-012 -1.17287e-011 -3.21756e-011 -3.21756e-011
5.83 -2.90786e-005 7.85852e-013 5.59699e-012 -3.17101e-011 -3.17101e-011
5.84 -2.90032e-005 -3.31186e-013 -3.00101e-012 -3.20631e-011 -3.20631e-011
5.85 -2.89197e-005 -7.88882e-012 -8.23884e-012 -3.28694e-011 -3.28694e-011
5.86 -2.88372e-005 -8.25243e-013 -6.50078e-012 -3.36932e-011 -3.36932e-011
5.87 -2.87624e-005 2.16031e-013 2.60926e-012 -3.43982e-011 -3.43982e-011
5.88 -2.86991e-005 1.08065e-012 -3.34702e-012 -3.51792e-011 -3.51792e-011
5.89 -2.86458e-005 -1.43534e-012 2.03995e-012 -3.63344e-011 -3.63344e-011
5.9 -2.8595e-005 9.25309e-013 -1.88209e-012 -3.79646e-011 -3.79646e-011
5.91 -2.85361e-005 -6.28522e-013 8.88001e-013 -3.97976e-011 -3.97976e-011
5.92 -2.84577e-005 2.12477e-013 -8.53168e-013 -4.11451e-011 -4.11451e-011
5.93 -2.83481e-005 -9.64192e-013 1.89677e-013 -4.11107e-011 -4.11107e-011
5.94 -2.81971e-005 1.08482e-012 -7.73232e-013 -3.91471e-011 -3.91471e-011
5.95 -2.79995e-005 -3.68184e-013 7.56061e-013 -3.55831e-011 -3.55831e-011
5.96 -2.77578e-005 1.61528e-012 8.22325e-013 -3.15599e-011 -3.15599e-011
5.97 -2.74796e-005 6.37376e-014 9.38033e-013 -2.83439e-011 -2.83439e-011
5.98 -2.71729e-005 2.92962e-013 -1.44345e-012 -2.65259e-011 -2.65259e-011
5.99 -2.68468e-005 -2.89689e-012 -1.86036e-012 -2.57244e-011 -2.57244e-011
6 -2.65152e-005 -1.32315e-013 -5.78276e-013 -2.50778e-011 -2.50778e-011
6.01 -2.61978e-005 1.35164e-012 2.62805e-013 -2.4051e-011 -2.4051e-011
6.02 -2.59156e-005 -5.65906e-013 1.67487e-013 -2.27852e-011 -2.27852e-011
6.03 -2.5686e-005 4.92895e-013 8.68205e-014 -2.17857e-011 -2.17857e-011
6.04 -2.55226e-005 -2.46942e-012 2.05585e-012 -2.14399e-011 -2.14399e-011
6.05 -2.54372e-005 -9.0916e-013 7.14024e-013 -2.19783e-011 -2.19783e-011
6.06 -2.54402e-005 -8.07134e-013 -8.5456e-013 -2.36411e-011 -2.36411e-011
6.07 -2.55386e-005 -4.31836e-012 7.27314e-012 -2.64283e-011 -2.64283e-011
6.08 -2.57328e-005 -6.27931e-011 6.90461e-011 -2.95261e-011 -2.95261e-011
6.09 -2.60193e-005 2.51988e-011 -3.16787e-011 -3.14726e-011 -3.14726e-011
6.1 -2.63854e-005 -1.82187e-011 1.92028e-011 -3.15807e-011 -3.15807e-011
6.11 -2.68119e-005 1.40776e-011 -1.45409e-011 -3.0737e-011 -3.0737e-011
6.12 -2.72685e-005 -1.17466e-011 6.13671e-012 -3.03587e-011 -3.03587e-011
6.13 -2.77194e-005 6.20159e-012 -3.95622e-012 -3.09562e-011 -3.09562e-011
6.14 -2.81264e-005 -4.70005e-012 6.32614e-012 -3.1616e-011 -3.1616e-011
6.15 -2.84506e-005 -1.48249e-012 -3.55902e-012 -3.04321e-011 -3.04321e-011
6.16 -2.86573e-005 -1.19531e-011 1.03568e-011 -2.55029e-011 -2.55029e-011
6.17 -2.87224e-005 2.0197e-012 4.3768e-012 -1.60139e-011 -1.60139e-011
6.18 -2.86323e-005 -1.30271e-012 -1.41137e-012 -2.93311e-012 -2.93311e-012
6.19 -2.83845e-005 6.89131e-012 1.56499e-011 1.09278e-011 1.09278e-011
6.2 -2.79861e-005 6.7871e-013 2.56866e-013 2.18482e-011 2.18482e-011
6.21 -2.74504e-005 6.3966e-012 5.99598e-012 2.71677e-011 2.71677e-011
6.22 -2.67912e-005 6.37984e-012 1.32152e-011 2.68607e-011 2.68607e-011
6.23 -2.60253e-005 2.10649e-011 5.06214e-011 2.31385e-011 2.31385e-011
6.24 -2.51767e-005 2.54374e-012 1.47947e-011 1.85976e-011 1.85976e-011
6.25 -2.42806e-005 1.01754e-011 7.1571e-012 1.4622e-011 1.4622e-011
6.26 -2.3382e-005 1.11687e-011 2.09089e-011 1.12142e-011 1.12142e-011
6.27 -2.25332e-005 1.48187e-011 7.03804e-012 7.29257e-012 7.29257e-012
6.28 -2.17801e-005 1.34971e-011 1.18875e-011 1.01735e-012 1.01735e-012
6.29 -2.11527e-005 -1.81001e-012 -1.33152e-012 -8.71219e-012 -8.71219e-012
6.3 -2.06607e-005 2.61317e-012 2.23712e-012 -2.10678e-011 -2.10678e-011
6.31 -2.03028e-005 6.07494e-012 1.94764e-012 -3.39828e-011 -3.39828e-011
6.32 -2.00822e-005 8.27656e-012 4.32392e-012 -4.58619e-011 -4.58619e-011
6.33 -2.0009e-005 -5.6542e-013 -4.07109e-012 -5.64999e-011 -5.64999e-011
6.34 -2.00941e-005 3.18366e-012 8.00057e-012 -6.61852e-011 -6.61852e-011
6.35 -2.03391e-005 9.8995e-013 8.53747e-012 -7.42145e-011 -7.42145e-011
6.36 -2.07296e-005 4.55834e-011 4.9843e-011 -7.87858e-011 -7.87858e-011
6.37 -2.12335e-005 4.20584e-012 1.62898e-012 -7.82777e-011 -7.82777e-011
6.38 -2.18037e-005 -3.44641e-012 -1.32807e-012 -7.24972e-011 -7.24972e-011
6.39 -2.24018e-005 2.16409e-012 8.25457e-013 -6.2989e-011 -6.2989e-011
6.4 -2.30114e-005 -1.88252e-012 -6.40178e-013 -5.20042e-011 -5.20042e-011
6.41 -2.36284e-005 6.69174e-013 3.20218e-013 -4.10609e-011 -4.10609e-011
6.42 -2.42444e-005 -1.07557e-012 -2.0938e-013 -3.04765e-011 -3.04765e-011
6.43 -2.48442e-005 -2.38622e-014 3.60414e-013 -1.99975e-011 -1.99975e-011
6.44 -2.54112e-005 -2.8421e-013 8.06952e-013 -9.83856e-012 -9.83856e-012
6.45 -2.59286e-005 -1.94253e-012 -1.89715e-012 -1.09541e-012 -1.09541e-012
6.46 -2.63814e-005 -2.53917e-012 -3.68834e-012 4.80417e-012 4.80417e-012
6.47 -2.67629e-005 -2.80559e-014 7.47337e-016 6.88969e-012 6.88969e-012
6.48 -2.70786e-005 -1.20534e-012 -3.25533e-013 4.87289e-012 4.87289e-012
6.49 -2.73417e-005 -3.63315e-012 -1.17492e-012 -1.08325e-012 -1.08325e-012
6.5 -2.75651e-005 -8.18773e-012 -5.40811e-012 -1.04395e-011 -1.04395e-011
6.51 -2.77598e-005 -2.26665e-011 -2.17163e-011 -2.22922e-011 -2.22922e-011
6.52 -2.79388e-005 6.48664e-011 5.95591e-011 -3.55286e-011 -3.55286e-011
6.53 -2.81212e-005 1.52687e-010 1.94259e-010 -4.88555e-011 -4.88555e-011
6.54 -2.83307e-005 2.4487e-012 -1.40137e-012 -6.06298e-011 -6.06298e-011
6.55 -2.85829e-005 -1.1189e-011 -1.26453e-011 -6.89923e-011 -6.89923e-011
6.56 -2.88842e-005 4.63536e-013 1.1767e-010 -7.33283e-011 -7.33283e-011
6.57 -2.9235e-005 -1.72621e-011 -8.09399e-012 -7.48812e-011 -7.48812e-011
6.58 -2.96304e-005 -1.23986e-011 -3.19784e-011 -7.5461e-011 -7.5461e-011
6.59 -3.00607e-005 -3.42345e-012 -1.59109e-013 -7.62443e-011 -7.62443e-011
6.6 -3.05213e-005 -8.2169e-012 -1.70789e-011 -7.64094e-011 -7.64094e-011
6.61 -3.10068e-005 -1.26706e-012 -6.16435e-013 -7.37733e-011 -7.37733e-011
6.62 -3.15107e-005 -4.4512e-012 -7.77164e-012 -6.74385e-011 -6.74385e-011
6.63 -3.20202e-005 -5.25323e-012 2.13285e-011 -5.87323e-011 -5.87323e-011
6.64 -3.25177e-005 -4.4108e-012 -3.72639e-012 -5.01614e-011 -5.01614e-011
6.65 -3.29808e-005 1.06355e-012 -1.32601e-011 -4.38879e-011 -4.38879e-011
6.66 -3.33873e-005 -8.77603e-012 5.38875e-012 -4.07745e-011 -4.07745e-011
6.67 -3.3719e-005 1.32757e-012 -8.57769e-013 -4.05312e-011 -4.05312e-011
6.68 -3.39612e-005 -2.57775e-012 -2.62662e-013 -4.25852e-011 -4.25852e-011
6.69 -3.41029e-005 -1.05118e-012 -2.95037e-012 -4.67185e-011 -4.67185e-011
6.7 -3.4136e-005 -8.13162e-012 -3.81205e-012 -5.31325e-011 -5.31325e-011
6.71 -3.40584e-005 -5.29565e-012 -6.52336e-012 -6.21023e-011 -6.21023e-011
6.72 -3.38761e-005 5.71227e-012 8.72502e-012 -7.33727e-011 -7.33727e-011
6.73 -3.3598e-005 -4.67741e-012 -4.49314e-012 -8.57207e-011 -8.57207e-011
6.74 -3.32342e-005 2.45148e-012 3.3373e-012 -9.71252e-011 -9.71252e-011
6.75 -3.27937e-005 -2.34381e-012 -1.12214e-012 -1.05243e-010 -1.05243e-010
6.76 -3.22861e-005 4.02832e-012 -7.25617e-012 -1.08086e-010 -1.08086e-010
6.77 -3.17169e-005 6.08033e-012 -1.68535e-011 -1.04878e-010 -1.04878e-010
6.78 -3.10899e-005 3.55304e-011 -5.27284e-011 -9.64723e-011 -9.64723e-011
6.79 -3.04126e-005 7.40877e-011 -8.59722e-011 -8.48662e-011 -8.48662e-011
6.8 -2.97012e-005 1.64167e-011 1.37382e-012 -7.2075e-011 -7.2075e-011
6.81 -2.89771e-005 3.31329e-011 -3.90279e-011 -5.89708e-011 -5.89708e-011
6.82 -2.82606e-005 3.16752e-011 -9.81e-012 -4.50921e-011 -4.50921e-011
6.83 -2.75714e-005 2.43872e-011 -2.10168e-011 -2.98062e-011 -2.98062e-011
6.84 -2.69314e-005 1.4004e-011 -1.365e-012 -1.34078e-011 -1.34078e-011
6.85 -2.63633e-005 1.51134e-011 3.51905e-012 2.59529e-012 2.59529e-012
6.86 -2.58816e-005 -2.23451e-011 -6.14611e-013 1.57624e-011 1.57624e-011
6.87 -2.54919e-005 2.29613e-011 -3.43921e-011 2.3762e-011 2.3762e-011
6.88 -2.51966e-005 8.25964e-012 -1.46133e-012 2.60344e-011 2.60344e-011
6.89 -2.50008e-005 -4.71102e-012 1.24739e-012 2.41888e-011 2.41888e-011
6.9 -2.49095e-005 5.72325e-012 4.06368e-013 2.01007e-011 2.01007e-011
6.91 -2.49205e-005 4.07417e-012 3.58546e-012 1.42337e-011 1.42337e-011
6.92 -2.50215e-005 -1.31887e-011 -5.93378e-012 5.81412e-012 5.81412e-012
6.93 -2.51988e-005 3.46072e-012 3.10824e-012 -5.83222e-012 -5.83222e-012
6.94 -2.54433e-005 -1.23436e-012 -4.72795e-013 -1.96665e-011 -1.96665e-011
6.95 -2.57448e-005 2.00244e-012 3.37667e-013 -3.26301e-011 -3.26301e-011
6.96 -2.6084e-005 -1.5155e-012 5.7613e-013 -4.14817e-011 -4.14817e-011
6.97 -2.64323e-005 -2.04541e-012 3.73125e-012 -4.509e-011 -4.509e-011
6.98 -2.67624e-005 -2.28628e-012 2.39536e-012 -4.51237e-011 -4.51237e-011
6.99 -2.70559e-005 5.23821e-014 6.54699e-013 -4.46221e-011 -4.46221e-011
7 -2.73021e-005 -3.30982e-013 1.5936e-013 -4.55254e-011 -4.55254e-011
7.01 -2.74901e-005 -1.16298e-013 2.97966e-013 -4.71801e-011 -4.71801e-011
7.02 -2.7608e-005 -3.53176e-012 -4.71884e-012 -4.69996e-011 -4.69996e-011
7.03 -2.76535e-005 -7.50943e-013 -2.70706e-012 -4.27471e-011 -4.27471e-011
7.04 -2.76379e-005 -5.51788e-012 -8.08933e-012 -3.45721e-011 -3.45721e-011
7.05 -2.7583e-005 -3.60046e-012 -2.31118e-012 -2.4572e-011 -2.4572e-011
7.06 -2.75096e-005 -8.02213e-012 3.52826e-012 -1.4721e-011 -1.4721e-011
7.07 -2.74264e-005 -1.0927e-011 -3.45307e-012 -6.20623e-012 -6.20623e-012
7.08 -2.73325e-005 -1.01571e-010 1.69608e-010 6.45122e-013 6.45122e-013
7.09 -2.72266e-005 8.85854e-011 -5.96167e-012 6.66694e-012 6.66694e-012
7.1 -2.71162e-005 -3.80524e-011 1.52153e-011 1.20599e-011 1.20599e-011
7.11 -2.70125e-005 3.09088e-011 1.91905e-011 1.50434e-011 1.50434e-011
7.12 -2.69259e-005 -2.82829e-010 3.60485e-010 1.39078e-011 1.39078e-011
7.13 -2.68757e-005 2.95537e-011 -1.36952e-010 9.73555e-012 9.73555e-012
7.14 -2.68628e-005 -8.19214e-011 8.75582e-011 6.0062e-012 6.0062e-012
7.15 -2.68905e-005 1.55568e-013 -3.52701e-012 4.9444e-012 4.9444e-012
7.16 -2.69546e-005 -1.57623e-011 6.08216e-011 6.08317e-012 6.08317e-012
7.17 -2.70425e-005 -4.85746e-012 -2.80955e-012 8.27808e-012 8.27808e-012
7.18 -2.71372e-005 -2.39309e-012 2.36938e-011 1.05975e-011 1.05975e-011
7.19 -2.72189e-005 -1.05375e-010 1.16171e-010 1.18816e-011 1.18816e-011
7.2 -2.7269e-005 -9.42938e-011 1.28003e-010 1.12321e-011 1.12321e-011
7.21 -2.72774e-005 -1.01027e-010 1.13886e-010 9.10029e-012 9.10029e-012
7.22 -2.72315e-005 6.49928e-011 -7.33797e-011 7.63385e-012 7.63385e-012
7.23 -2.71211e-005 -2.11722e-011 7.57892e-011 8.40087e-012 8.40087e-012
7.24 -2.69413e-005 6.08488e-011 1.11502e-011 1.08117e-011 1.08117e-011
7.25 -2.66923e-005 -1.71873e-011 2.32146e-011 1.53059e-011 1.53059e-011
7.26 -2.63814e-005 7.49527e-012 -2.27834e-011 2.53236e-011 2.53236e-011
7.27 -2.60151e-005 3.06046e-011 5.10718e-011 4.37617e-011 4.37617e-011
7.28 -2.56018e-005 -6.14816e-011 -8.4506e-011 6.82424e-011 6.82424e-011
7.29 -2.51531e-005 -2.38697e-011 -1.60304e-011 9.10115e-011 9.10115e-011
7.3 -2.46852e-005 1.57572e-011 1.00751e-011 1.04186e-010 1.04186e-010
7.31 -2.42124e-005 -3.11479e-011 -2.84886e-011 1.04889e-010 1.04889e-010
7.32 -2.3749e-005 3.22467e-011 2.88518e-011 9.61709e-011 9.61709e-011
7.33 -2.33188e-005 7.84334e-011 7.37181e-011 8.40865e-011 8.40865e-011
7.34 -2.29607e-005 -2.37957e-011 -9.24642e-012 7.31097e-011 7.31097e-011
7.35 -2.27177e-005 -2.12483e-011 -1.28075e-011 6.3647e-011 6.3647e-011
7.36 -2.26164e-005 1.73398e-011 1.74055e-011 5.37539e-011 5.37539e-011
7.37 -2.26604e-005 -9.74406e-012 -9.43281e-012 4.1957e-011 4.1957e-011
7.38 -2.28389e-005 5.63087e-012 6.07198e-012 2.83081e-011 2.83081e-011
7.39 -2.31412e-005 -5.19947e-012 -4.60435e-012 1.40254e-011 1.40254e-011
7.4 -2.35577e-005 2.97962e-012 3.38543e-012 7.47819e-013 7.47819e-013
7.41 -2.40732e-005 -2.68564e-012 -1.51338e-012 -9.52484e-012 -9.52484e-012
7.42 -2.46634e-005 -3.45114e-012 -9.36822e-013 -1.37324e-011 -1.37324e-011
7.43 -2.53003e-005 -3.56867e-012 -1.23141e-011 -8.68671e-012 -8.68671e-012
7.44 -2.59648e-005 1.11191e-011 -1.59131e-011 5.29678e-012 5.29678e-012
7.45 -2.665e-005 7.32324e-011 -8.98128e-011 2.25186e-011 2.25186e-011
7.46 -2.73517e-005 2.93269e-010 -5.12491e-010 3.53857e-011 3.53857e-011
7.47 -2.80479e-005 -2.88808e-010 5.18427e-010 4.07015e-011 4.07015e-011
7.48 -2.87193e-005 2.43345e-010 -6.59948e-011 4.25791e-011 4.25791e-011
7.49 -2.93318e-005 -8.43669e-011 5.51259e-011 4.79301e-011 4.79301e-011
7.5 -2.98694e-005 5.40825e-011 -2.97082e-011 5.95476e-011 5.95476e-011
7.51 -3.03335e-005 -3.65633e-011 2.83591e-011 7.4273e-011 7.4273e-011
7.52 -3.07304e-005 2.28813e-011 -1.66555e-011 8.60234e-011 8.60234e-011
7.53 -3.10675e-005 -1.66308e-011 9.83624e-012 8.97235e-011 8.97235e-011
7.54 -3.13492e-005 -1.04169e-011 4.11735e-011 8.39259e-011 8.39259e-011
7.55 -3.15827e-005 3.24666e-012 -4.04519e-011 7.08838e-011 7.08838e-011
7.56 -3.17832e-005 -5.6288e-011 8.69069e-011 5.43536e-011 5.43536e-011
7.57 -3.19675e-005 1.1157e-011 -6.10366e-011 3.8031e-011 3.8031e-011
7.58 -3.21416e-005 1.7553e-011 -3.02522e-011 2.52285e-011 2.52285e-011
7.59 -3.22867e-005 4.69046e-012 -5.90459e-011 1.77833e-011 1.77833e-011
7.6 -3.23745e-005 2.27081e-013 5.48693e-012 1.46522e-011 1.46522e-011
7.61 -3.23874e-005 8.36979e-012 -3.99499e-011 1.25093e-011 1.25093e-011
7.62 -3.23289e-005 2.5509e-010 -2.12815e-010 9.03646e-012 9.03646e-012
7.63 -3.2212e-005 1.25832e-010 -1.48208e-010 6.43939e-012 6.43939e-012
7.64 -3.20473e-005 2.27088e-011 -1.94921e-011 1.22137e-011 1.22137e-011
7.65 -3.18294e-005 5.40835e-011 -2.07151e-011 3.47706e-011 3.47706e-011
7.66 -3.15504e-005 -6.19784e-012 -1.06828e-012 7.49506e-011 7.49506e-011
7.67 -3.11976e-005 -3.37903e-012 -1.12973e-011 1.22168e-010 1.22168e-010
7.68 -3.07691e-005 1.46878e-012 -2.75958e-013 1.61529e-010 1.61529e-010
7.69 -3.02761e-005 2.46107e-011 -1.6673e-011 1.85127e-010 1.85127e-010
7.7 -2.97342e-005 -4.11292e-012 1.70482e-012 1.96049e-010 1.96049e-010
7.71 -2.91515e-005 1.0746e-012 -1.2966e-012 2.03006e-010 2.03006e-010
7.72 -2.85309e-005 -1.44154e-012 6.035e-013 2.12669e-010 2.12669e-010
7.73 -2.78803e-005 2.37273e-011 -6.72778e-013 2.25752e-010 2.25752e-010
7.74 -2.72153e-005 1.84256e-011 2.3833e-012 2.3758e-010 2.3758e-010
7.75 -2.65504e-005 -1.52472e-013 9.28774e-013 2.40819e-010 2.40819e-010
7.76 -2.5894e-005 2.081e-011 1.06711e-011 2.28617e-010 2.28617e-010
7.77 -2.52514e-005 7.40374e-011 4.51932e-011 1.97622e-010 1.97622e-010
7.78 -2.46309e-005 -6.35108e-012 8.15345e-011 1.50679e-010 1.50679e-010
7.79 -2.40487e-005 -2.53879e-010 -2.74724e-010 9.7457e-011 9.7457e-011
7.8 -2.35243e-005 4.00837e-011 5.37357e-011 5.02803e-011 5.02803e-011
7.81 -2.30652e-005 -5.7766e-011 -2.55485e-011 1.68644e-011 1.68644e-011
7.82 -2.26722e-005 1.92446e-011 1.07796e-010 -3.52895e-012 -3.52895e-012
7.83 -2.23313e-005 -1.16876e-011 1.32512e-011 -1.73445e-011 -1.73445e-011
7.84 -2.20263e-005 -1.39863e-011 1.20326e-010 -3.02305e-011 -3.02305e-011
7.85 -2.17485e-005 1.38856e-011 -2.73316e-011 -4.22592e-011 -4.22592e-011
7.86 -2.14973e-005 -8.51938e-012 1.22135e-011 -4.8277e-011 -4.8277e-011
7.87 -2.12713e-005 2.11624e-011 -1.68289e-011 -4.15108e-011 -4.15108e-011
7.88 -2.10731e-005 2.01198e-011 -1.54309e-011 -1.81299e-011 -1.81299e-011
7.89 -2.09048e-005 1.65091e-011 9.33299e-011 1.95264e-011 1.95264e-011
7.9 -2.0771e-005 -1.24357e-011 -3.11994e-011 6.39954e-011 6.39954e-011
7.91 -2.06744e-005 -9.19117e-012 3.10789e-011 1.06273e-010 1.06273e-010
7.92 -2.06179e-005 -7.73124e-011 1.11942e-010 1.3923e-010 1.3923e-010
7.93 -2.05964e-005 9.22757e-011 -9.28621e-011 1.6035e-010 1.6035e-010
7.94 -2.06093e-005 1.6578e-011 -3.67308e-011 1.7108e-010 1.7108e-010
7.95 -2.06605e-005 -1.9652e-013 1.58914e-011 1.74038e-010 1.74038e-010
7.96 -2.0768e-005 4.37004e-011 -4.16081e-011 1.71769e-010 1.71769e-010
7.97 -2.09554e-005 6.29727e-011 -2.07669e-011 1.64917e-010 1.64917e-010
7.98 -2.12451e-005 -3.78267e-011 1.15619e-011 1.50936e-010 1.50936e-010
7.99 -2.16473e-005 2.97037e-011 -9.45158e-012 1.2644e-010 1.2644e-010
8 -2.21566e-005 -1.99109e-011 1.38627e-011 9.05058e-011 9.05058e-011
8.01 -2.27555e-005 -6.84797e-012 -8.6089e-012 4.64903e-011 4.64903e-011
8.02 -2.34269e-005 2.49964e-012 4.78517e-012 1.43005e-012 1.43005e-012
8.03 -2.41559e-005 -1.46419e-011 -2.43905e-012 -3.70701e-011 -3.70701e-011
8.04 -2.49225e-005 -2.18682e-011 4.36259e-013 -6.42155e-011 -6.42155e-011
8.05 -2.56978e-005 1.0758e-011 -3.14664e-012 -7.91123e-011 -7.91123e-011
8.06 -2.64534e-005 -1.77484e-011 -6.37153e-012 -8.35496e-011 -8.35496e-011
8.07 -2.71734e-005 -6.86974e-012 -1.23052e-011 -7.99704e-011 -7.99704e-011
8.08 -2.78538e-005 -2.34112e-012 1.66374e-012 -6.95084e-011 -6.95084e-011
8.09 -2.84886e-005 -1.36019e-011 -1.77353e-011 -5.22788e-011 -5.22788e-011
8.1 -2.90639e-005 -2.57123e-011 -3.03418e-011 -2.89579e-011 -2.89579e-011
8.11 -2.95641e-005 -1.45636e-012 4.30632e-012 -7.64917e-013 -7.64917e-013
8.12 -2.9982e-005 -8.63158e-011 -6.06292e-011 3.12643e-011 3.12643e-011
8.13 -3.03171e-005 -6.15926e-012 7.39451e-011 6.6173e-011 6.6173e-011
8.14 -3.05731e-005 -2.53872e-010 2.30035e-010 1.01651e-010 1.01651e-010
8.15 -3.0755e-005 -2.09681e-011 4.98019e-011 1.33404e-010 1.33404e-010
8.16 -3.08724e-005 -1.02951e-012 1.30403e-011 1.5632e-010 1.5632e-010
8.17 -3.09349e-005 -1.21488e-010 1.53033e-010 1.66498e-010 1.66498e-010
8.18 -3.09547e-005 -5.10914e-011 -1.13267e-012 1.63461e-010 1.63461e-010
8.19 -3.09418e-005 2.63692e-011 2.35401e-012 1.50232e-010 1.50232e-010
8.2 -3.0904e-005 -1.26148e-011 7.1272e-012 1.30831e-010 1.30831e-010
8.21 -3.08476e-005 7.813e-012 -4.31727e-012 1.08007e-010 1.08007e-010
8.22 -3.07756e-005 -5.57498e-012 2.62981e-012 8.29465e-011 8.29465e-011
8.23 -3.06893e-005 -3.26784e-012 -1.44709e-011 5.63427e-011 5.63427e-011
8.24 -3.05887e-005 1.2402e-012 7.2514e-012 2.93453e-011 2.93453e-011
8.25 -3.04734e-005 -1.72699e-012 -6.46484e-012 3.5291e-012 3.5291e-012
8.26 -3.03425e-005 8.29899e-013 4.15992e-012 -1.94357e-011 -1.94357e-011
8.27 -3.01997e-005 -8.04528e-013 -3.02944e-012 -3.74829e-011 -3.74829e-011
8.28 -3.00534e-005 2.85947e-013 1.70029e-012 -4.7983e-011 -4.7983e-011
8.29 -2.99132e-005 -3.10164e-013 -1.42411e-012 -4.85527e-011 -4.85527e-011
8.3 -2.97866e-005 6.59279e-014 7.33569e-013 -3.84178e-011 -3.84178e-011
8.31 -2.96815e-005 -2.36024e-013 -7.63522e-013 -1.9289e-011 -1.9289e-011
8.32 -2.9605e-005 -1.15867e-013 2.86263e-013 5.19954e-012 5.19954e-012
8.33 -2.95601e-005 -2.56658e-015 1.59396e-014 3.12307e-011 3.12307e-011
8.34 -2.95436e-005 -7.11717e-014 -5.10138e-014 5.63707e-011 5.63707e-011
8.35 -2.95516e-005 -2.78445e-014 3.02576e-015 7.98457e-011 7.98457e-011
8.36 -2.9582e-005 -5.68889e-014 4.81186e-014 1.01543e-010 1.01543e-010
8.37 -2.96364e-005 1.98543e-013 -2.36793e-012 1.20719e-010 1.20719e-010
8.38 -2.97157e-005 8.80683e-014 4.59743e-012 1.35482e-010 1.35482e-010
8.39 -2.98164e-005 6.88175e-013 -3.90253e-012 1.43412e-010 1.43412e-010
8.4 -2.99304e-005 -4.89471e-013 2.51184e-012 1.42711e-010 1.42711e-010
8.41 -3.00504e-005 4.28425e-013 2.24117e-013 1.33047e-010 1.33047e-010
8.42 -3.01719e-005 -3.46552e-013 -1.73925e-013 1.15696e-010 1.15696e-010
8.43 -3.02912e-005 8.49299e-013 6.76459e-012 9.30504e-011 9.30504e-011
8.44 -3.04034e-005 1.1888e-012 -8.04462e-012 6.79348e-011 6.79348e-011
8.45 -3.05036e-005 -8.25866e-013 5.07019e-012 4.3025e-011 4.3025e-011
8.46 -3.05879e-005 4.62314e-013 -3.3165e-012 2.0406e-011 2.0406e-011
8.47 -3.06532e-005 1.15401e-012 1.28425e-012 1.41283e-012 1.41283e-012
8.48 -3.06988e-005 -3.9112e-013 3.24684e-012 -1.31991e-011 -1.31991e-011
8.49 -3.07303e-005 6.30304e-013 -3.51904e-012 -2.28584e-011 -2.28584e-011
8.5 -3.07612e-005 3.19505e-013 1.14556e-012 -2.67983e-011 -2.67983e-011
8.51 -3.08056e-005 -7.09199e-013 -4.13195e-012 -2.4042e-011 -2.4042e-011
8.52 -3.08681e-005 -3.87476e-011 -1.11837e-011 -1.40613e-011 -1.40613e-011
8.53 -3.09445e-005 -3.46273e-011 1.66391e-011 2.5458e-012 2.5458e-012
8.54 -3.10262e-005 -1.1895e-010 1.26617e-010 2.44072e-011 2.44072e-011
8.55 -3.11053e-005 -5.42469e-011 5.62752e-011 4.97681e-011 4.97681e-011
8.56 -3.11774e-005 3.32496e-011 -3.82716e-011 7.60341e-011 7.60341e-011
8.57 -3.12409e-005 -1.05944e-010 9.64148e-011 9.99156e-011 9.99156e-011
8.58 -3.1291e-005 1.85933e-011 -1.32703e-011 1.18792e-010 1.18792e-010
8.59 -3.13172e-005 -1.18477e-011 8.0784e-012 1.31578e-010 1.31578e-010
8.6 -3.13096e-005 7.73333e-012 -5.63349e-012 1.3832e-010 1.3832e-010
8.61 -3.12654e-005 -4.90826e-012 -1.85971e-012 1.39436e-010 1.39436e-010
8.62 -3.11883e-005 3.66642e-012 1.20849e-012 1.35193e-010 1.35193e-010
8.63 -3.10828e-005 -3.51718e-011 4.72182e-011 1.25769e-010 1.25769e-010
8.64 -3.0953e-005 -1.21957e-010 1.44499e-010 1.12089e-010 1.12089e-010
8.65 -3.08061e-005 -1.77515e-010 1.43067e-010 9.69202e-011 9.69202e-011
8.66 -3.06514e-005 -6.76811e-011 4.49773e-011 8.4863e-011 8.4863e-011
8.67 -3.05008e-005 -1.55551e-010 1.65282e-010 8.09853e-011 8.09853e-011
8.68 -3.03635e-005 -5.35994e-010 4.78592e-010 8.95429e-011 8.95429e-011
8.69 -3.02432e-005 -1.61283e-010 2.82065e-010 1.12474e-010 1.12474e-010
8.7 -3.01508e-005 -1.4524e-010 1.32872e-010 1.47571e-010 1.47571e-010
8.71 -3.00958e-005 3.54434e-011 -1.3414e-011 1.88691e-010 1.88691e-010
8.72 -3.00839e-005 -1.02095e-010 7.05493e-011 2.28376e-010 2.28376e-010
8.73 -3.01061e-005 -4.26952e-010 5.22964e-010 2.62262e-010 2.62262e-010
8.74 -3.01436e-005 -7.159e-011 1.01459e-010 2.9238e-010 2.9238e-010
8.75 -3.01776e-005 4.83272e-011 -5.82323e-011 3.24416e-010 3.24416e-010
8.76 -3.01927e-005 -3.13955e-011 3.7213e-011 3.6137e-010 3.6137e-010
8.77 -3.01741e-005 1.98873e-011 -2.4294e-011 4.0017e-010 4.0017e-010
8.78 -3.01049e-005 -1.2951e-011 1.55202e-011 4.32783e-010 4.32783e-010
8.79 -2.99632e-005 8.52068e-012 -9.4721e-012 4.49849e-010 4.49849e-010
8.8 -2.97286e-005 -4.79175e-012 7.66117e-012 4.44542e-010 4.44542e-010
8.81 -2.93862e-005 3.03919e-012 -4.49985e-012 4.14826e-010 4.14826e-010
8.82 -2.89298e-005 -2.1349e-012 3.71829e-012 3.63855e-010 3.63855e-010
8.83 -2.83651e-005 -4.68796e-012 -1.42947e-011 2.98764e-010 2.98764e-010
8.84 -2.77137e-005 4.7701e-012 1.34925e-011 2.27984e-010 2.27984e-010
8.85 -2.70113e-005 -1.80392e-012 -6.27685e-012 1.58204e-010 1.58204e-010
8.86 -2.63023e-005 2.64051e-012 6.2119e-012 9.26088e-011 9.26088e-011
8.87 -2.56284e-005 -1.06063e-012 -1.28344e-012 3.23127e-011 3.23127e-011
8.88 -2.5023e-005 -3.16421e-012 1.56986e-012 -2.05059e-011 -2.05059e-011
8.89 -2.4509e-005 -7.56743e-012 -1.25347e-011 -6.24171e-011 -6.24171e-011
8.9 -2.41054e-005 -3.95697e-010 4.48239e-010 -9.00096e-011 -9.00096e-011
8.91 -2.38339e-005 1.42014e-009 -1.70718e-009 -1.00564e-010 -1.00564e-010
8.92 -2.36982e-005 -1.37611e-009 1.96462e-009 -9.33659e-011 -9.33659e-011
8.93 -2.37192e-005 -5.46283e-011 -2.02755e-010 -6.82091e-011 -6.82091e-011
8.94 -2.38802e-005 -1.55665e-010 -2.05694e-010 -2.41705e-011 -2.41705e-011
8.95 -2.41505e-005 8.65566e-011 5.20055e-011 3.72491e-011 3.72491e-011
8.96 -2.44913e-005 5.95488e-011 -2.0699e-011 1.10897e-010 1.10897e-010
8.97 -2.48489e-005 1.91769e-010 -2.15964e-010 1.94601e-010 1.94601e-010
8.98 -2.51697e-005 5.67958e-010 -8.39185e-010 3.04205e-010 3.04205e-010
8.99 -2.54009e-005 7.91262e-010 -6.74212e-010 4.71679e-010 4.71679e-010
9 -2.55075e-005 2.75468e-009 -3.33147e-009 7.13274e-010 7.13274e-010
9.01 -2.54451e-005 1.30212e-009 -1.1839e-009 1.0061e-009 1.0061e-009
9.02 -2.52164e-005 2.00295e-009 -1.89258e-009 1.30008e-009 1.30008e-009
9.03 -2.48127e-005 1.42274e-009 -1.4544e-009 1.54834e-009 1.54834e-009
9.04 -2.42491e-005 4.27238e-010 -1.31876e-011 1.73146e-009 1.73146e-009
9.05 -2.35698e-005 2.25582e-010 -4.22046e-010 1.86258e-009 1.86258e-009
9.06 -2.2819e-005 1.47739e-010 -1.30766e-010 1.9676e-009 1.9676e-009
9.07 -2.20547e-005 3.82e-010 -1.53588e-010 2.06234e-009 2.06234e-009
9.08 -2.13378e-005 1.16204e-009 -1.24908e-009 2.14841e-009 2.14841e-009
9.09 -2.07101e-005 7.11056e-011 -3.26088e-010 2.21403e-009 2.21403e-009
9.1 -2.02239e-005 -1.53885e-011 1.28786e-010 2.2351e-009 2.2351e-009
9.11 -1.99186e-005 9.08136e-012 -8.48735e-011 2.1871e-009 2.1871e-009
9.12 -1.98241e-005 -6.8139e-012 5.27471e-011 2.06126e-009 2.06126e-009
9.13 -1.99605e-005 3.85613e-012 -3.49222e-011 1.87081e-009 1.87081e-009
9.14 -2.03281e-005 -2.26292e-012 2.27101e-011 1.64572e-009 1.64572e-009
9.15 -2.09044e-005 3.35049e-012 -1.20719e-011 1.42112e-009 1.42112e-009
9.16 -2.16465e-005 -4.28428e-013 1.03415e-011 1.22365e-009 1.22365e-009
9.17 -2.25047e-005 8.24135e-013 -5.80446e-012 1.06201e-009 1.06201e-009
9.18 -2.34315e-005 -7.85719e-014 4.03854e-012 9.28405e-010 9.28405e-010
9.19 -2.4384e-005 1.84815e-013 -3.04445e-012 8.10176e-010 8.10176e-010
9.2 -2.53179e-005 1.40888e-013 1.10234e-012 7.03629e-010 7.03629e-010
9.21 -2.61881e-005 8.98224e-013 -2.66103e-012 6.19805e-010 6.19805e-010
9.22 -2.69563e-005 2.70304e-012 -1.80053e-012 5.77825e-010 5.77825e-010
9.23 -2.76013e-005 -3.69864e-012 -1.10446e-011 5.9087e-010 5.9087e-010
9.24 -2.81244e-005 -7.79996e-012 -7.60061e-012 6.55101e-010 6.55101e-010
9.25 -2.85481e-005 -2.5359e-011 -5.69402e-011 7.48716e-010 7.48716e-010
9.26 -2.89138e-005 1.36796e-009 -1.26502e-009 8.37752e-010 8.37752e-010
9.27 -2.92608e-005 -1.99373e-010 -6.73196e-010 8.873e-010 8.873e-010
9.28 -2.95773e-005 1.1765e-009 -4.25375e-010 8.7842e-010 8.7842e-010
9.29 -2.99481e-005 -1.76717e-010 -2.64689e-010 8.16106e-010 8.16106e-010
9.3 -3.03513e-005 -2.50382e-011 3.2349e-010 7.29538e-010 7.29538e-010
9.31 -3.08156e-005 2.66622e-012 -3.85107e-010 6.57035e-010 6.57035e-010
9.32 -3.13339e-005 -3.33417e-011 2.25226e-010 6.08837e-010 6.08837e-010
9.33 -3.1901e-005 1.37351e-011 -2.32719e-010 5.5636e-010 5.5636e-010
9.34 -3.25022e-005 -5.85271e-011 1.81858e-010 4.63744e-010 4.63744e-010
9.35 -3.31098e-005 -3.27347e-011 -5.34347e-011 3.19801e-010 3.19801e-010
9.36 -3.36937e-005 -4.52511e-011 8.98833e-011 1.4333e-010 1.4333e-010
9.37 -3.42173e-005 -7.05842e-011 -2.90433e-011 -2.95011e-011 -2.95011e-011
9.38 -3.46452e-005 -1.79573e-011 3.80492e-011 -1.58751e-010 -1.58751e-010
9.39 -3.49472e-005 -1.12275e-010 6.05392e-011 -2.13806e-010 -2.13806e-010
9.4 -3.51002e-005 -3.15555e-010 3.24204e-010 -1.84608e-010 -1.84608e-010
9.41 -3.50841e-005 -2.20114e-011 2.12665e-011 -8.57166e-011 -8.57166e-011
9.42 -3.48953e-005 -5.33435e-012 5.44372e-012 4.90993e-011 4.90993e-011
9.43 -3.45402e-005 -3.22103e-010 2.36612e-010 1.8286e-010 1.8286e-010
9.44 -3.40423e-005 5.25166e-012 -2.87165e-011 2.96103e-010 2.96103e-010
9.45 -3.34407e-005 -6.52581e-012 2.24347e-011 3.96032e-010 3.96032e-010
9.46 -3.2777e-005 1.51939e-012 -9.69205e-012 5.05046e-010 5.05046e-010
9.47 -3.20904e-005 -4.18764e-012 9.49277e-012 6.37292e-010 6.37292e-010
9.48 -3.14144e-005 -1.3305e-013 -2.38424e-012 7.81008e-010 7.81008e-010
9.49 -3.07762e-005 -3.15147e-012 4.57115e-012 9.00424e-010 9.00424e-010
9.5 -3.02013e-005 -1.48315e-012 9.03721e-013 9.55682e-010 9.55682e-010
9.51 -2.971e-005 -3.05051e-012 3.91373e-012 9.25634e-010 9.25634e-010
9.52 -2.93173e-005 -2.57945e-012 2.39419e-012 8.17779e-010 8.17779e-010
9.53 -2.90214e-005 -3.61021e-012 4.36231e-012 6.60683e-010 6.60683e-010
9.54 -2.87957e-005 -2.1676e-012 2.1436e-012 4.86694e-010 4.86694e-010
9.55 -2.86006e-005 -2.03212e-012 2.42266e-012 3.17522e-010 3.17522e-010
9.56 -2.83932e-005 -3.59863e-012 2.57694e-012 1.6039e-010 1.6039e-010
9.57 -2.81347e-005 -1.45238e-011 1.53696e-011 2.29109e-011 2.29109e-011
9.58 -2.77917e-005 -2.01268e-011 6.99179e-011 -6.5171e-011 -6.5171e-011
9.59 -2.73453e-005 2.15632e-009 -1.13074e-009 -7.04431e-011 -7.04431e-011
9.6 -2.6745e-005 -6.90228e-010 -2.41242e-009 1.33951e-012 1.33951e-012
9.61 -2.59866e-005 -1.63452e-009 1.05961e-009 1.15731e-010 1.15731e-010
9.62 -2.5101e-005 1.17671e-009 -3.87154e-010 2.57155e-010 2.57155e-010
9.63 -2.40687e-005 -8.3336e-010 3.49025e-010 4.39733e-010 4.39733e-010
9.64 -2.29514e-005 4.88917e-010 -2.27506e-010 6.81684e-010 6.81684e-010
9.65 -2.17606e-005 -3.44044e-010 1.67858e-010 9.81761e-010 9.81761e-010
9.66 -2.05437e-005 2.41566e-010 -8.02879e-011 1.31608e-009 1.31608e-009
9.67 -1.93425e-005 -1.38188e-010 6.30013e-011 1.65329e-009 1.65329e-009
9.68 -1.8231e-005 7.51385e-010 -4.19512e-011 1.96637e-009 1.96637e-009
9.69 -1.72904e-005 3.83278e-009 -1.71465e-009 2.22661e-009 2.22661e-009
9.7 -1.65525e-005 6.29332e-009 -7.50184e-009 2.39465e-009 2.39465e-009
9.71 -1.60162e-005 1.37961e-009 -1.60513e-009 2.43985e-009 2.43985e-009
9.72 -1.57448e-005 9.23005e-010 -8.98872e-010 2.37237e-009 2.37237e-009
9.73 -1.57269e-005 4.02115e-010 1.47408e-011 2.2368e-009 2.2368e-009
9.74 -1.59536e-005 -3.22753e-010 3.41543e-010 2.07741e-009 2.07741e-009
9.75 -1.63818e-005 7.43214e-010 -4.83069e-010 1.91398e-009 1.91398e-009
9.76 -1.69578e-005 -2.61541e-010 2.1059e-010 1.74315e-009 1.74315e-009
9.77 -1.76533e-005 4.72761e-010 -2.59484e-010 1.56016e-009 1.56016e-009
9.78 -1.84191e-005 -2.27231e-010 2.21855e-010 1.37562e-009 1.37562e-009
9.79 -1.9222e-005 3.27065e-010 -1.3445e-010 1.21596e-009 1.21596e-009
9.8 -2.0023e-005 4.5056e-010 2.69224e-010 1.11399e-009 1.11399e-009
9.81 -2.07804e-005 1.62929e-009 -4.46421e-010 1.09452e-009 1.09452e-009
9.82 -2.14495e-005 3.68054e-010 -7.12458e-010 1.16328e-009 1.16328e-009
9.83 -2.20101e-005 7.96953e-011 -9.15078e-011 1.30753e-009 1.30753e-009
9.84 -2.24539e-005 5.67125e-011 2.83683e-011 1.50505e-009 1.50505e-009
9.85 -2.2785e-005 4.7818e-011 3.4861e-011 1.73244e-009 1.73244e-009
9.86 -2.30221e-005 -2.59063e-011 -7.97468e-011 1.96948e-009 1.96948e-009
9.87 -2.31849e-005 1.54482e-011 4.38146e-011 2.20007e-009 2.20007e-009
9.88 -2.32989e-005 -1.74075e-011 -5.89901e-011 2.41063e-009 2.41063e-009
9.89 -2.33876e-005 -9.33779e-012 8.10222e-012 2.5861e-009 2.5861e-009
9.9 -2.3479e-005 2.06085e-012 -3.30447e-012 2.70741e-009 2.70741e-009
9.91 -2.35948e-005 -2.00939e-011 -1.72467e-011 2.75305e-009 2.75305e-009
9.92 -2.37453e-005 9.58509e-012 1.40877e-011 2.70539e-009 2.70539e-009
9.93 -2.39287e-005 -9.45513e-012 -5.82046e-012 2.5588e-009 2.5588e-009
9.94 -2.41344e-005 3.45681e-012 7.38365e-012 2.32412e-009 2.32412e-009
9.95 -2.43488e-005 -4.12568e-012 -4.97471e-013 2.02609e-009 2.02609e-009
9.96 -2.45567e-005 8.78357e-013 4.37208e-012 1.69502e-009 1.69502e-009
9.97 -2.47405e-005 1.04008e-011 1.80155e-011 1.35812e-009 1.35812e-009
9.98 -2.48815e-005 -3.20119e-012 -2.58013e-012 1.03526e-009 1.03526e-009
9.99 -2.49653e-005 2.02407e-011 4.13954e-011 7.40196e-010 7.40196e-010
10 -2.49851e-005 -1.12819e-011 -2.14537e-011 4.84155e-010 4.84155e-010
