0.1 -3.18469e-015 -0.000871085 2.46969e-015
0.2 1.26442e-015 -0.00174296 -2.25669e-015
0.3 1.95581e-015 -0.00261562 -3.93546e-015
0.4 5.22947e-015 -0.00348908 -8.27931e-015
0.5 3.30854e-015 -0.00436333 -3.9318e-015
0.6 5.67678e-015 -0.00523837 -5.60671e-015
0.7 2.95171e-015 -0.00611422 -2.56823e-015
0.8 2.07982e-015 -0.00699086 -1.60539e-015
0.9 1.12359e-015 -0.00786831 -1.44975e-015
1 2.15303e-016 -0.00874656 1.39331e-016
0.01 -2.356e-005 -0.00874656 2.80631e-005
0.02 -9.22024e-005 -0.00874658 0.000111121
0.03 -0.000179305 -0.0087466 0.000216897
0.04 -0.00026232 -0.00874661 0.000311026
0.05 -0.000344366 -0.00874659 0.000387825
0.06 -0.0004257 -0.00874653 0.000442518
0.07 -0.000503316 -0.00874641 0.000471256
0.08 -0.000572279 -0.00874624 0.000472193
0.09 -0.000627172 -0.00874603 0.000445316
0.1 -0.00066331 -0.00874577 0.000391223
0.11 -0.000677487 -0.00874546 0.000310351
0.12 -0.000668303 -0.0087451 0.00020243
0.13 -0.000636418 -0.00874467 6.60184e-005
0.14 -0.000584525 -0.00874418 -0.000100463
0.15 -0.000516747 -0.00874361 -0.000296307
0.16 -0.000437236 -0.00874299 -0.000517277
0.17 -0.000349288 -0.00874232 -0.000756572
0.18 -0.000255675 -0.00874162 -0.00100734
0.19 -0.000158823 -0.00874093 -0.00126541
0.2 -6.09026e-005 -0.00874027 -0.00152935
0.21 3.64526e-005 -0.00873961 -0.00179822
0.22 0.000133177 -0.00873896 -0.00207023
0.23 0.000230186 -0.0087383 -0.00234265
0.24 0.00032781 -0.00873763 -0.0026126
0.25 0.000425168 -0.00873693 -0.00287736
0.26 0.000521748 -0.00873622 -0.00313441
0.27 0.00062118 -0.00873553 -0.00338297
0.28 0.00073126 -0.00873492 -0.00362544
0.29 0.000858128 -0.0087344 -0.00386688
0.3 0.0010028 -0.00873403 -0.00411375
0.31 0.0011654 -0.00873381 -0.00437151
0.32 0.00134724 -0.00873375 -0.00464139
0.33 0.00154685 -0.00873383 -0.00491923
0.34 0.00176 -0.008734 -0.00519919
0.35 0.00198187 -0.00873422 -0.00547857
0.36 0.00220653 -0.00873442 -0.00575777
0.37 0.00242734 -0.00873456 -0.00603515
0.38 0.00263914 -0.00873459 -0.00630236
0.39 0.00283753 -0.00873453 -0.00654639
0.4 0.00301626 -0.00873436 -0.00675733
0.41 0.00316872 -0.00873409 -0.00693198
0.42 0.00329043 -0.00873377 -0.00707049
0.43 0.0033803 -0.0087334 -0.00717101
0.44 0.00344154 -0.00873307 -0.00722847
0.45 0.00347887 -0.0087328 -0.00723944
0.46 0.00349716 -0.00873267 -0.00720722
0.47 0.00350342 -0.0087327 -0.00713959
0.48 0.00350362 -0.00873293 -0.00704243
0.49 0.00350028 -0.00873342 -0.00691793
0.5 0.00349787 -0.00873416 -0.00676769
0.51 0.00350341 -0.00873517 -0.0065939
0.52 0.00351946 -0.00873643 -0.00639628
0.53 0.00354599 -0.00873791 -0.00617118
0.54 0.00358795 -0.00873955 -0.00591846
0.55 0.00365216 -0.00874127 -0.00564759
0.56 0.00373463 -0.008743 -0.00536848
0.57 0.00381311 -0.00874467 -0.00507748
0.58 0.00385914 -0.00874623 -0.00476177
0.59 0.00385922 -0.00874767 -0.00441521
0.6 0.00381929 -0.00874901 -0.00404412
0.61 0.00374672 -0.00875026 -0.00366094
0.62 0.00363876 -0.00875141 -0.00327406
0.63 0.00350134 -0.00875245 -0.00288461
0.64 0.00335653 -0.00875338 -0.00249072
0.65 0.00321126 -0.0087542 -0.00209017
0.66 0.00305049 -0.00875487 -0.00168446
0.67 0.00286796 -0.0087554 -0.00128303
0.68 0.00267506 -0.00875583 -0.000894242
0.69 0.00248488 -0.00875627 -0.000516613
0.7 0.00230614 -0.00875681 -0.000148094
0.71 0.00214636 -0.0087575 0.000202215
0.72 0.00200457 -0.00875833 0.0005149
0.73 0.00186709 -0.00875922 0.000773773
0.74 0.00171568 -0.00876007 0.000983927
0.75 0.00153637 -0.00876079 0.00116956
0.76 0.00132504 -0.0087613 0.0013484
0.77 0.00109077 -0.00876149 0.00151914
0.78 0.000856323 -0.00876131 0.00167266
0.79 0.000643615 -0.00876073 0.0018054
0.8 0.00045654 -0.00875977 0.00192172
0.81 0.000288467 -0.00875847 0.00202282
0.82 0.000136443 -0.00875691 0.00209755
0.83 1.47651e-006 -0.00875524 0.00213383
0.84 -0.000112961 -0.00875365 0.00213451
0.85 -0.000192076 -0.00875236 0.00211157
0.86 -0.000211746 -0.00875156 0.00207709
0.87 -0.000173573 -0.00875137 0.00204937
0.88 -0.000108921 -0.00875176 0.00204746
0.89 -2.71931e-005 -0.00875269 0.00207029
0.9 0.00010299 -0.00875407 0.0020932
0.91 0.00031166 -0.0087558 0.00209544
0.92 0.000579612 -0.00875775 0.00209289
0.93 0.000852633 -0.00875981 0.00213116
0.94 0.00110146 -0.00876189 0.00223596
0.95 0.00133764 -0.00876395 0.00237462
0.96 0.00158317 -0.00876589 0.00248152
0.97 0.00183511 -0.00876763 0.00252474
0.98 0.00205411 -0.0087691 0.00252661
0.99 0.00221135 -0.00877024 0.00251825
1 0.00232192 -0.00877101 0.0024991
1.01 0.00240092 -0.00877133 0.00243772
1.02 0.00244431 -0.00877111 0.00230239
1.03 0.00247355 -0.0087704 0.00210069
1.04 0.00253989 -0.00876935 0.00188347
1.05 0.0026665 -0.00876816 0.00169691
1.06 0.00282578 -0.00876689 0.00154558
1.07 0.00298695 -0.00876563 0.00140454
1.08 0.00316555 -0.00876453 0.00124235
1.09 0.00339144 -0.00876378 0.00104396
1.1 0.00363788 -0.00876351 0.000830063
1.11 0.00384898 -0.00876378 0.000645157
1.12 0.00402827 -0.00876464 0.00052253
1.13 0.00423368 -0.00876608 0.000455081
1.14 0.00448908 -0.0087679 0.000390895
1.15 0.00478992 -0.00876982 0.000263416
1.16 0.0051563 -0.00877165 3.95573e-005
1.17 0.00558925 -0.00877327 -0.000244999
1.18 0.00605206 -0.00877469 -0.000501818
1.19 0.00650213 -0.00877595 -0.00066373
1.2 0.0068997 -0.00877705 -0.000736311
1.21 0.00721844 -0.008778 -0.000774068
1.22 0.00744634 -0.00877879 -0.000831641
1.23 0.00757952 -0.00877942 -0.000941213
1.24 0.00763254 -0.00877989 -0.00110802
1.25 0.00765287 -0.00878014 -0.00131616
1.26 0.00769871 -0.00878015 -0.00154509
1.27 0.00779719 -0.00877978 -0.00177572
1.28 0.00794449 -0.00877895 -0.00198882
1.29 0.00811032 -0.00877765 -0.0021669
1.3 0.00825227 -0.00877599 -0.00229098
1.31 0.00836916 -0.00877425 -0.00234568
1.32 0.00849352 -0.00877281 -0.00234231
1.33 0.00863161 -0.00877194 -0.0023275
1.34 0.0087978 -0.00877184 -0.00235201
1.35 0.00905845 -0.00877272 -0.00241196
1.36 0.00944129 -0.00877472 -0.00242938
1.37 0.00986905 -0.00877765 -0.00232222
1.38 0.0102171 -0.0087812 -0.00208576
1.39 0.0104044 -0.00878496 -0.00180553
1.4 0.010425 -0.00878861 -0.00159769
1.41 0.0102868 -0.008792 -0.00149127
1.42 0.00999926 -0.00879497 -0.00138554
1.43 0.00962268 -0.00879736 -0.00116857
1.44 0.00921095 -0.00879881 -0.000833429
1.45 0.00872844 -0.00879869 -0.000472995
1.46 0.00808334 -0.00879644 -0.000192564
1.47 0.00721214 -0.00879186 4.86218e-007
1.48 0.00609032 -0.00878533 0.000220462
1.49 0.00466905 -0.00877743 0.000592868
1.5 0.00290955 -0.00876875 0.00114964
1.51 0.000938643 -0.00876 0.00184178
1.52 -0.000939884 -0.00875194 0.00261436
1.53 -0.00249205 -0.00874506 0.00346032
1.54 -0.00372005 -0.00873942 0.00440249
1.55 -0.00473355 -0.00873493 0.00543482
1.56 -0.00559788 -0.00873169 0.00651821
1.57 -0.00633503 -0.00873009 0.00760573
1.58 -0.006967 -0.00873068 0.00863058
1.59 -0.00753036 -0.00873389 0.00950558
1.6 -0.00809324 -0.0087398 0.0101771
1.61 -0.0087233 -0.008748 0.0107018
1.62 -0.009387 -0.00875766 0.0112151
1.63 -0.00989443 -0.00876743 0.0117428
1.64 -0.00997484 -0.0087756 0.0121133
1.65 -0.00948308 -0.00878057 0.0121377
1.66 -0.00852876 -0.00878133 0.0118107
1.67 -0.00737325 -0.00877791 0.0112977
1.68 -0.00623552 -0.00877146 0.0107707
1.69 -0.00520935 -0.00876387 0.0102735
1.7 -0.00430239 -0.0087572 0.00976081
1.71 -0.00344723 -0.00875322 0.00922163
1.72 -0.00249427 -0.00875305 0.00868534
1.73 -0.00131193 -0.0087567 0.00814769
1.74 0.000110208 -0.00876319 0.00755556
1.75 0.00170411 -0.00877105 0.0068423
1.76 0.00339677 -0.00877899 0.00595686
1.77 0.00507986 -0.00878629 0.00488368
1.78 0.00657166 -0.00879276 0.00367212
1.79 0.00774534 -0.00879876 0.00243657
1.8 0.00866967 -0.00880481 0.00126189
1.81 0.00952124 -0.00881087 0.000109323
1.82 0.0104261 -0.00881604 -0.00113139
1.83 0.011413 -0.00881898 -0.00251877
1.84 0.0124511 -0.00881827 -0.00400561
1.85 0.0134675 -0.00881291 -0.00546591
1.86 0.0143303 -0.00880285 -0.0067765
1.87 0.01498 -0.00878927 -0.0078983
1.88 0.0156361 -0.00877477 -0.00887803
1.89 0.0166431 -0.00876246 -0.00977814
1.9 0.0180198 -0.00875474 -0.0106189
1.91 0.0194053 -0.0087527 -0.0113737
1.92 0.0204405 -0.00875629 -0.0119966
1.93 0.0209463 -0.00876453 -0.0124678
1.94 0.0208292 -0.00877566 -0.0128217
1.95 0.0200403 -0.00878753 -0.0131126
1.96 0.0186656 -0.00879784 -0.0133763
1.97 0.0169496 -0.00880489 -0.0136249
1.98 0.0151156 -0.00880741 -0.0138514
1.99 0.013205 -0.00880425 -0.0140484
2 0.0111141 -0.00879473 -0.0142098
2.01 0.0087234 -0.0087787 -0.0142987
2.02 0.00600561 -0.00875681 -0.0142302
2.03 0.0030013 -0.00873044 -0.0139026
2.04 -0.000241825 -0.00870143 -0.0132731
2.05 -0.00356553 -0.008672 -0.0123981
2.06 -0.00668222 -0.00864473 -0.0113761
2.07 -0.00943555 -0.00862192 -0.0102661
2.08 -0.0119288 -0.00860527 -0.00906597
2.09 -0.0143358 -0.00859582 -0.00775332
2.1 -0.0166956 -0.00859403 -0.00634776
2.11 -0.0189261 -0.00859959 -0.00491481
2.12 -0.0210132 -0.00861122 -0.00350961
2.13 -0.0230746 -0.00862672 -0.00215663
2.14 -0.0252339 -0.00864335 -0.000858395
2.15 -0.0274968 -0.00865835 0.000401487
2.16 -0.0297106 -0.00866926 0.00163105
2.17 -0.0316998 -0.00867419 0.00278465
2.18 -0.0334939 -0.0086717 0.00374694
2.19 -0.0352552 -0.00866126 0.00440296
2.2 -0.0369526 -0.00864385 0.00474027
2.21 -0.0383501 -0.00862175 0.00485215
2.22 -0.0392754 -0.00859783 0.00485981
2.23 -0.0397192 -0.00857486 0.00484399
2.24 -0.0397173 -0.00855537 0.00481191
2.25 -0.0392593 -0.00854149 0.00471048
2.26 -0.0383564 -0.00853471 0.00446877
2.27 -0.0370362 -0.00853585 0.00403775
2.28 -0.0352258 -0.00854526 0.00342608
2.29 -0.0328273 -0.00856266 0.0026969
2.3 -0.0298798 -0.0085869 0.00191967
2.31 -0.0265066 -0.00861615 0.00115055
2.32 -0.022808 -0.00864821 0.000448861
2.33 -0.018885 -0.00868068 -0.000134668
2.34 -0.0148782 -0.00871115 -0.000598199
2.35 -0.0109356 -0.00873747 -0.000992156
2.36 -0.00715693 -0.00875815 -0.00137899
2.37 -0.00361777 -0.00877246 -0.00179874
2.38 -0.000356938 -0.00878054 -0.00225682
2.39 0.0027545 -0.00878351 -0.00272108
2.4 0.00593954 -0.00878318 -0.00310695
2.41 0.00930618 -0.00878165 -0.00326729
2.42 0.0128726 -0.00878106 -0.00306111
2.43 0.0165912 -0.00878337 -0.00248768
2.44 0.0202491 -0.00878995 -0.00171995
2.45 0.0235909 -0.00880156 -0.000955445
2.46 0.0265726 -0.00881902 -0.00025502
2.47 0.0293395 -0.00884286 0.000454818
2.48 0.0319993 -0.00887262 0.00127284
2.49 0.0345029 -0.00890653 0.00224489
2.5 0.0366656 -0.00894182 0.00336443
2.51 0.0382747 -0.00897511 0.0045869
2.52 0.0391879 -0.00900298 0.00581507
2.53 0.0393402 -0.00902271 0.00692744
2.54 0.038763 -0.0090326 0.00783955
2.55 0.0375947 -0.00903213 0.00851941
2.56 0.0360042 -0.00902176 0.00896815
2.57 0.0341172 -0.00900273 0.00918614
2.58 0.0319938 -0.00897664 0.00915704
2.59 0.0296297 -0.00894545 0.00888941
2.6 0.0269991 -0.00891151 0.0084477
2.61 0.0241343 -0.00887729 0.00789845
2.62 0.021159 -0.0088453 0.00724949
2.63 0.0182412 -0.00881776 0.00649305
2.64 0.0154437 -0.00879633 0.00570007
2.65 0.0125974 -0.00878167 0.00502483
2.66 0.00946211 -0.00877341 0.00459239
2.67 0.00597593 -0.00877032 0.00437515
2.68 0.00226687 -0.00877044 0.00420118
2.69 -0.00151787 -0.00877135 0.00391121
2.7 -0.00539292 -0.00877037 0.00349085
2.71 -0.0094983 -0.00876504 0.00306859
2.72 -0.0138665 -0.00875367 0.00281656
2.73 -0.0182991 -0.00873559 0.00280053
2.74 -0.0225394 -0.00871089 0.00287031
2.75 -0.0265105 -0.0086802 0.00274325
2.76 -0.0302511 -0.00864494 0.00224638
2.77 -0.0337473 -0.00860745 0.00139766
2.78 -0.0369331 -0.00857044 0.000231533
2.79 -0.039681 -0.0085365 -0.00130373
2.8 -0.0417687 -0.00850804 -0.00320665
2.81 -0.0430675 -0.00848685 -0.00530669
2.82 -0.0436948 -0.0084737 -0.00735269
2.83 -0.0438711 -0.00846841 -0.00916828
2.84 -0.0437573 -0.00847001 -0.0107328
2.85 -0.0433942 -0.00847708 -0.0121211
2.86 -0.0427754 -0.00848798 -0.013411
2.87 -0.0419419 -0.00850079 -0.0146818
2.88 -0.0409084 -0.00851374 -0.0159744
2.89 -0.0396141 -0.00852539 -0.0172012
2.9 -0.0380375 -0.00853471 -0.018187
2.91 -0.0362382 -0.00854098 -0.0188313
2.92 -0.0342676 -0.0085439 -0.019194
2.93 -0.0321406 -0.00854384 -0.0194024
2.94 -0.0298465 -0.00854196 -0.0195196
2.95 -0.0273307 -0.00854012 -0.0195444
2.96 -0.0245242 -0.00854039 -0.0194799
2.97 -0.021433 -0.00854467 -0.0193119
2.98 -0.0181555 -0.00855441 -0.0189518
2.99 -0.0147648 -0.00857051 -0.0182745
3 -0.0111933 -0.00859329 -0.0172032
3.01 -0.00729211 -0.00862238 -0.0157371
3.02 -0.00299168 -0.00865676 -0.0139032
3.03 0.00163374 -0.00869494 -0.011694
3.04 0.00637071 -0.00873527 -0.0090776
3.05 0.0109044 -0.00877603 -0.00609564
3.06 0.0149608 -0.00881569 -0.00288182
3.07 0.0184813 -0.00885336 0.000484964
3.08 0.0216201 -0.00888871 0.00404208
3.09 0.0244993 -0.00892149 0.0078264
3.1 0.0270463 -0.00895105 0.0117872
3.11 0.0291739 -0.00897668 0.0157667
3.12 0.0310369 -0.00899825 0.0195578
3.13 0.0329809 -0.00901626 0.0230232
3.14 0.0351871 -0.00903163 0.0261059
3.15 0.0374708 -0.00904513 0.0287724
3.16 0.0394802 -0.00905752 0.0310073
3.17 0.0409157 -0.00906953 0.0328057
3.18 0.0416456 -0.00908179 0.0341686
3.19 0.0418415 -0.0090946 0.0351378
3.2 0.0418717 -0.00910766 0.035812
3.21 0.0419124 -0.00911959 0.0363254
3.22 0.0417582 -0.00912807 0.0368096
3.23 0.0410343 -0.00913072 0.0373266
3.24 0.0394702 -0.00912588 0.0378394
3.25 0.0369647 -0.00911315 0.0382459
3.26 0.0335776 -0.00909337 0.0383811
3.27 0.0295815 -0.00906831 0.0380408
3.28 0.0253698 -0.00904001 0.0370967
3.29 0.021195 -0.00901011 0.0355928
3.3 0.0170681 -0.00897949 0.0337322
3.31 0.0129232 -0.00894842 0.0317774
3.32 0.00881527 -0.00891704 0.0299277
3.33 0.00486574 -0.0088856 0.028236
3.34 0.00102752 -0.00885447 0.0266075
3.35 -0.00286674 -0.00882432 0.0248663
3.36 -0.00679578 -0.00879633 0.0228135
3.37 -0.0104907 -0.00877179 0.0202754
3.38 -0.013629 -0.00875151 0.0171967
3.39 -0.0160192 -0.00873525 0.0137087
3.4 -0.0177707 -0.0087215 0.0100785
3.41 -0.0193345 -0.00870775 0.00657722
3.42 -0.0212228 -0.00869138 0.00337825
3.43 -0.0236444 -0.00867075 0.000519793
3.44 -0.0264524 -0.00864571 -0.00206646
3.45 -0.0293643 -0.0086173 -0.00447225
3.46 -0.0321719 -0.00858724 -0.00676969
3.47 -0.0348005 -0.00855732 -0.00901107
3.48 -0.0372399 -0.00852908 -0.011201
3.49 -0.0394711 -0.00850371 -0.0132769
3.5 -0.0415217 -0.00848191 -0.0151383
3.51 -0.043494 -0.00846389 -0.0166982
3.52 -0.0453398 -0.00844988 -0.0179426
3.53 -0.0467369 -0.00844027 -0.0189643
3.54 -0.0473534 -0.00843535 -0.0199175
3.55 -0.0471449 -0.00843495 -0.0209372
3.56 -0.0463962 -0.00843832 -0.0220887
3.57 -0.0454886 -0.0084444 -0.0233468
3.58 -0.0446181 -0.00845217 -0.0246003
3.59 -0.0437205 -0.00846087 -0.025667
3.6 -0.0425467 -0.00846984 -0.026356
3.61 -0.0408449 -0.00847854 -0.0265762
3.62 -0.0386132 -0.00848618 -0.0263776
3.63 -0.036164 -0.00849208 -0.0258854
3.64 -0.0338567 -0.00849629 -0.025181
3.65 -0.031797 -0.00850001 -0.0242383
3.66 -0.0298365 -0.00850527 -0.0229832
3.67 -0.0277909 -0.00851416 -0.021346
3.68 -0.0255535 -0.0085282 -0.0192714
3.69 -0.0230524 -0.00854808 -0.0168252
3.7 -0.0202499 -0.00857346 -0.0142696
3.71 -0.0171704 -0.0086032 -0.0119414
3.72 -0.0138198 -0.00863592 -0.0101007
3.73 -0.0101478 -0.00867033 -0.00885102
3.74 -0.0061505 -0.00870525 -0.00808992
3.75 -0.00190532 -0.00873949 -0.00761718
3.76 0.00248789 -0.00877168 -0.00732268
3.77 0.00695252 -0.00880039 -0.00718773
3.78 0.0114208 -0.0088243 -0.00719091
3.79 0.0157844 -0.00884241 -0.00730848
3.8 0.019922 -0.00885427 -0.00752982
3.81 0.0237512 -0.00886032 -0.00778853
3.82 0.0272002 -0.00886202 -0.00788
3.83 0.0302285 -0.00886161 -0.00750564
3.84 0.0328947 -0.00886163 -0.00653319
3.85 0.0352779 -0.00886409 -0.00520262
3.86 0.037387 -0.00887034 -0.00387452
3.87 0.0391818 -0.00888122 -0.00265844
3.88 0.0406126 -0.00889696 -0.00144568
3.89 0.041638 -0.00891697 -0.000155815
3.9 0.042192 -0.00893966 0.00115538
3.91 0.0421162 -0.00896278 0.00238875
3.92 0.0411795 -0.00898397 0.00355176
3.93 0.039298 -0.00900101 0.00474978
3.94 0.0366986 -0.00901216 0.00605866
3.95 0.0337323 -0.00901593 0.00751358
3.96 0.0306234 -0.00901104 0.00915686
3.97 0.0274601 -0.00899675 0.0109826
3.98 0.0243019 -0.00897322 0.0129192
3.99 0.0212176 -0.00894206 0.014921
4 0.0181408 -0.0089062 0.01702
4.01 0.014784 -0.00886945 0.0193025
4.02 0.0109251 -0.00883613 0.0218095
4.03 0.0066404 -0.0088104 0.0244201
4.04 0.00210225 -0.00879512 0.02691
4.05 -0.00257832 -0.00879112 0.0290937
4.06 -0.00719596 -0.00879726 0.0308746
4.07 -0.0114674 -0.00881067 0.0322575
4.08 -0.015341 -0.0088271 0.0333565
4.09 -0.0190392 -0.0088418 0.0343678
4.1 -0.0227758 -0.00885079 0.035478
4.11 -0.0266318 -0.00885157 0.0367451
4.12 -0.0305568 -0.00884322 0.0380588
4.13 -0.0343109 -0.00882642 0.0392048
4.14 -0.037631 -0.00880277 0.0399666
4.15 -0.0404904 -0.00877403 0.0401826
4.16 -0.0430374 -0.00874181 0.0397579
4.17 -0.0454132 -0.0087077 0.0386647
4.18 -0.0476441 -0.0086734 0.0369606
4.19 -0.0495953 -0.00864099 0.0348276
4.2 -0.0510773 -0.00861273 0.0325334
4.21 -0.0519457 -0.00859066 0.03028
4.22 -0.0520501 -0.00857632 0.0280953
4.23 -0.0513091 -0.00857053 0.0258945
4.24 -0.0498124 -0.00857317 0.0236044
4.25 -0.0476061 -0.00858347 0.0212188
4.26 -0.0446018 -0.00860027 0.0187816
4.27 -0.040807 -0.00862179 0.0163317
4.28 -0.0363417 -0.00864591 0.0138806
4.29 -0.0313212 -0.00867069 0.0114421
4.3 -0.0259855 -0.00869439 0.00901443
4.31 -0.0207228 -0.00871544 0.00651211
4.32 -0.015774 -0.00873276 0.00377809
4.33 -0.0110937 -0.00874596 0.000693613
4.34 -0.00651653 -0.00875507 -0.00271286
4.35 -0.00188882 -0.00876025 -0.00625043
4.36 0.0028957 -0.00876171 -0.00970586
4.37 0.00782125 -0.00875962 -0.0130011
4.38 0.0127215 -0.00875446 -0.016157
4.39 0.017305 -0.00874737 -0.0191279
4.4 0.0212737 -0.00874039 -0.0217387
4.41 0.0245764 -0.00873621 -0.0237963
4.42 0.0274736 -0.0087375 -0.0252242
4.43 0.0303665 -0.0087461 -0.0260742
4.44 0.0336653 -0.00876254 -0.0264311
4.45 0.0375905 -0.00878604 -0.0263317
4.46 0.0419084 -0.00881446 -0.0258052
4.47 0.0460408 -0.00884488 -0.0249684
4.48 0.0495089 -0.00887493 -0.0239795
4.49 0.0521373 -0.00890363 -0.0228761
4.5 0.0539389 -0.00893099 -0.0215474
4.51 0.055085 -0.00895725 -0.0198818
4.52 0.0559143 -0.00898207 -0.017878
4.53 0.0566526 -0.00900404 -0.0155832
4.54 0.0572124 -0.00902096 -0.012979
4.55 0.0573811 -0.00903054 -0.0100212
4.56 0.0569428 -0.00903126 -0.00677677
4.57 0.0556812 -0.0090232 -0.00341475
4.58 0.0535633 -0.00900856 -6.83602e-005
4.59 0.0509047 -0.00899146 0.0032211
4.6 0.0482313 -0.00897672 0.00645005
4.61 0.0458766 -0.00896814 0.00962404
4.62 0.0437211 -0.00896731 0.0127882
4.63 0.0414648 -0.00897365 0.0159993
4.64 0.0391039 -0.00898527 0.0192198
4.65 0.0369225 -0.00899965 0.0222517
4.66 0.0350714 -0.00901398 0.0247821
4.67 0.03338 -0.00902582 0.0265472
4.68 0.0315629 -0.00903386 0.0275008
4.69 0.0294866 -0.00903808 0.0278021
4.7 0.0272854 -0.00903908 0.0276588
4.71 0.0252631 -0.00903723 0.027222
4.72 0.0235735 -0.00903182 0.0265486
4.73 0.0220456 -0.00902089 0.0255551
4.74 0.020425 -0.00900222 0.0240702
4.75 0.0186233 -0.0089747 0.0219909
4.76 0.0167519 -0.00893906 0.0193431
4.77 0.0151149 -0.0088981 0.0162431
4.78 0.0140015 -0.00885602 0.0128544
4.79 0.0133599 -0.00881715 0.00934333
4.8 0.0128989 -0.00878512 0.0058615
4.81 0.0124079 -0.00876235 0.00251185
4.82 0.0117818 -0.00874949 -0.000719939
4.83 0.0110302 -0.00874543 -0.00388555
4.84 0.0104534 -0.00874816 -0.00688001
4.85 0.0104504 -0.0087552 -0.00950267
4.86 0.0108728 -0.00876314 -0.0117335
4.87 0.0109644 -0.00876822 -0.0138061
4.88 0.0101799 -0.00876806 -0.0160128
4.89 0.00867084 -0.00876251 -0.0184555
4.9 0.0069276 -0.00875276 -0.020968
4.91 0.00526194 -0.00873972 -0.023336
4.92 0.00373264 -0.00872318 -0.0255774
4.93 0.00236073 -0.00870212 -0.0279344
4.94 0.00109111 -0.00867543 -0.0306206
4.95 -0.000376166 -0.00864261 -0.0336487
4.96 -0.00234786 -0.00860453 -0.0368254
4.97 -0.00475788 -0.00856407 -0.0398137
4.98 -0.00731197 -0.00852533 -0.0422786
4.99 -0.00991179 -0.00849201 -0.0441107
5 -0.0125721 -0.00846648 -0.0455302
5.01 -0.0150656 -0.00844985 -0.0468779
5.02 -0.0170835 -0.008442 -0.0482609
5.03 -0.018584 -0.00844135 -0.0494678
5.04 -0.0197083 -0.0084454 -0.0502305
5.05 -0.0206391 -0.00845133 -0.0504845
5.06 -0.0217223 -0.00845657 -0.0503916
5.07 -0.023302 -0.00845943 -0.0502379
5.08 -0.0252838 -0.00845971 -0.0502989
5.09 -0.0272094 -0.00845818 -0.0507288
5.1 -0.0287269 -0.00845535 -0.0515586
5.11 -0.029656 -0.00845096 -0.0527285
5.12 -0.0297695 -0.00844438 -0.0541305
5.13 -0.0289936 -0.00843469 -0.0556911
5.14 -0.0277589 -0.00842087 -0.057366
5.15 -0.0266977 -0.00840291 -0.0590544
5.16 -0.0260078 -0.00838289 -0.0606587
5.17 -0.0254574 -0.00836432 -0.0622221
5.18 -0.0247768 -0.00835071 -0.0638914
5.19 -0.0236899 -0.00834464 -0.0657962
5.2 -0.0217324 -0.00834747 -0.0679558
5.21 -0.0184392 -0.00835913 -0.070153
5.22 -0.013831 -0.00837792 -0.0718646
5.23 -0.00839049 -0.00840136 -0.0724263
5.24 -0.00263472 -0.00842753 -0.0713629
5.25 0.00302852 -0.00845603 -0.0685759
5.26 0.00837459 -0.00848813 -0.0642565
5.27 0.0135033 -0.00852626 -0.0586835
5.28 0.0186379 -0.00857318 -0.0520961
5.29 0.0237996 -0.00863042 -0.0446932
5.3 0.028951 -0.0086975 -0.0366716
5.31 0.0342125 -0.00877222 -0.0282086
5.32 0.0396244 -0.00885113 -0.0193809
5.33 0.0449969 -0.00893027 -0.0101217
5.34 0.050135 -0.00900656 -0.00028754
5.35 0.0550952 -0.00907872 0.0102456
5.36 0.0601677 -0.00914738 0.0215278
5.37 0.0654267 -0.00921395 0.0334064
5.38 0.0704161 -0.00927874 0.0454324
5.39 0.0746176 -0.00934162 0.0571278
5.4 0.0780404 -0.00940321 0.0683471
5.41 0.0810758 -0.00946415 0.0792128
5.42 0.0839834 -0.00952405 0.0897616
5.43 0.0865503 -0.00958099 0.0997517
5.44 0.0881838 -0.00963241 0.108843
5.45 0.0884836 -0.00967679 0.116933
5.46 0.087618 -0.00971411 0.124159
5.47 0.086063 -0.00974472 0.130602
5.48 0.0842306 -0.0097683 0.136162
5.49 0.0823557 -0.00978379 0.140656
5.5 0.0803272 -0.00978944 0.143892
5.51 0.0776421 -0.00978308 0.145662
5.52 0.0739242 -0.00976373 0.145781
5.53 0.0692627 -0.00973215 0.14416
5.54 0.0638548 -0.0096902 0.140849
5.55 0.0577813 -0.00964011 0.135916
5.56 0.0511014 -0.00958339 0.129297
5.57 0.0437993 -0.00952037 0.120892
5.58 0.0357456 -0.0094502 0.110847
5.59 0.0267998 -0.00937123 0.0995795
5.6 0.0168243 -0.00928139 0.0874998
5.61 0.00565892 -0.00917873 0.0747901
5.62 -0.00667942 -0.00906262 0.0614966
5.63 -0.0197293 -0.00893477 0.0477293
5.64 -0.0327412 -0.00879898 0.0336901
5.65 -0.0452087 -0.00865972 0.0195504
5.66 -0.0571837 -0.00852094 0.00541094
5.67 -0.0690718 -0.00838586 -0.00859734
5.68 -0.0810833 -0.00825738 -0.0222437
5.69 -0.0928777 -0.00813823 -0.0352912
5.7 -0.103754 -0.00803037 -0.047638
5.71 -0.11314 -0.007935 -0.0593136
5.72 -0.120809 -0.00785262 -0.0703387
5.73 -0.126631 -0.00778362 -0.0806022
5.74 -0.130252 -0.00772915 -0.089895
5.75 -0.13111 -0.00769078 -0.098083
5.76 -0.128805 -0.00766962 -0.105232
5.77 -0.123384 -0.00766592 -0.11155
5.78 -0.11531 -0.00767904 -0.117256
5.79 -0.1054 -0.00770752 -0.122536
5.8 -0.0947884 -0.00774884 -0.127519
5.81 -0.0844975 -0.00780013 -0.132238
5.82 -0.0745821 -0.00785922 -0.136648
5.83 -0.0639153 -0.00792457 -0.14067
5.84 -0.0513281 -0.00799412 -0.144155
5.85 -0.0368367 -0.00806411 -0.146783
5.86 -0.0214891 -0.00813015 -0.148094
5.87 -0.00637779 -0.00818928 -0.147766
5.88 0.00788273 -0.00824148 -0.145834
5.89 0.0212401 -0.00828969 -0.14258
5.9 0.0341152 -0.00833924 -0.13823
5.91 0.0469828 -0.00839609 -0.132809
5.92 0.0601472 -0.00846519 -0.126196
5.93 0.0738413 -0.00854967 -0.118156
5.94 0.0880777 -0.00865017 -0.108336
5.95 0.102397 -0.00876477 -0.0964212
5.96 0.115922 -0.00889002 -0.0824047
5.97 0.127799 -0.00902233 -0.0666464
5.98 0.137617 -0.00915916 -0.049663
5.99 0.145236 -0.00929851 -0.0319505
6 0.150198 -0.00943726 -0.01395
6.01 0.151518 -0.00957022 0.00395965
6.02 0.148221 -0.00969023 0.0215795
6.03 0.13976 -0.00978894 0.0390451
6.04 0.126018 -0.0098574 0.0566826
6.05 0.107367 -0.00988723 0.0745498
6.06 0.0846168 -0.00987206 0.0921927
6.07 0.0588232 -0.00980924 0.108855
6.08 0.0311828 -0.00970107 0.123804
6.09 0.00272801 -0.00955438 0.136497
6.1 -0.0258687 -0.00937975 0.146658
6.11 -0.0539111 -0.0091911 0.154341
6.12 -0.080384 -0.00900385 0.159912
6.13 -0.104153 -0.00883267 0.163889
6.14 -0.123973 -0.00868981 0.166741
6.15 -0.138387 -0.00858425 0.168833
6.16 -0.146183 -0.00852152 0.170436
6.17 -0.146864 -0.00850378 0.171683
6.18 -0.140634 -0.00853089 0.1726
6.19 -0.128382 -0.00860132 0.1733
6.2 -0.111619 -0.00871245 0.174168
6.21 -0.0917775 -0.00886096 0.175736
6.22 -0.0693954 -0.00904256 0.178332
6.23 -0.044173 -0.0092506 0.181824
6.24 -0.0159277 -0.00947489 0.185724
6.25 0.0144433 -0.00970181 0.189565
6.26 0.0447097 -0.00991611 0.193158
6.27 0.0718874 -0.0101036 0.196481
6.28 0.0935677 -0.0102539 0.199477
6.29 0.109269 -0.0103633 0.202003
6.3 0.120661 -0.0104349 0.2039
6.31 0.129919 -0.0104743 0.204982
6.32 0.137672 -0.010485 0.204885
6.33 0.142652 -0.0104666 0.202908
6.34 0.142699 -0.0104163 0.198135
6.35 0.136091 -0.010333 0.189833
6.36 0.122675 -0.0102191 0.17772
6.37 0.104534 -0.0100799 0.161887
6.38 0.0853813 -0.00992289 0.142585
6.39 0.0680887 -0.00975284 0.120115
6.4 0.0527621 -0.00956909 0.0948075
6.41 0.0379353 -0.00936835 0.0671156
6.42 0.0227454 -0.00914947 0.0377895
6.43 0.00719136 -0.00891558 0.00798248
6.44 -0.00833518 -0.00867409 -0.0209142
6.45 -0.0229261 -0.00843591 -0.0476823
6.46 -0.0352808 -0.00821373 -0.0715639
6.47 -0.0446341 -0.00801902 -0.0922324
6.48 -0.0514508 -0.00785976 -0.109654
6.49 -0.0569282 -0.00773987 -0.123939
6.5 -0.0620314 -0.00766035 -0.135242
6.51 -0.0671879 -0.00762019 -0.143874
6.52 -0.0727276 -0.00761545 -0.150358
6.53 -0.0794903 -0.00763911 -0.155276
6.54 -0.0887078 -0.00768198 -0.159187
6.55 -0.10089 -0.00773298 -0.162675
6.56 -0.115176 -0.00777921 -0.166285
6.57 -0.129904 -0.00780777 -0.170426
6.58 -0.143418 -0.00780608 -0.175311
6.59 -0.154688 -0.00776325 -0.180896
6.6 -0.163699 -0.007673 -0.186945
6.61 -0.171113 -0.007536 -0.193255
6.62 -0.177471 -0.00736154 -0.199829
6.63 -0.182797 -0.00716692 -0.206859
6.64 -0.186589 -0.00697487 -0.214506
6.65 -0.18802 -0.0068093 -0.222606
6.66 -0.186436 -0.00669037 -0.230581
6.67 -0.181641 -0.00663064 -0.237599
6.68 -0.173601 -0.00663478 -0.242807
6.69 -0.162127 -0.00669948 -0.245499
6.7 -0.147003 -0.00681673 -0.245046
6.71 -0.128476 -0.0069767 -0.240752
6.72 -0.107478 -0.00716926 -0.232003
6.73 -0.0850222 -0.00738649 -0.21869
6.74 -0.0613937 -0.00762292 -0.201503
6.75 -0.0363032 -0.00787438 -0.181828
6.76 -0.00936288 -0.00813623 -0.161226
6.77 0.019869 -0.0084029 -0.140816
6.78 0.0516595 -0.00866766 -0.121172
6.79 0.0856369 -0.00892328 -0.102642
6.8 0.120677 -0.0091627 -0.0856395
6.81 0.15544 -0.00937978 -0.0706734
6.82 0.189009 -0.00957301 -0.0582185
6.83 0.220756 -0.00974621 -0.0485992
6.84 0.249752 -0.00990311 -0.0419019
6.85 0.274852 -0.0100462 -0.0378975
6.86 0.29546 -0.0101763 -0.0359951
6.87 0.311658 -0.0102914 -0.0352666
6.88 0.323351 -0.0103847 -0.0346113
6.89 0.329672 -0.0104465 -0.0329754
6.9 0.329409 -0.0104668 -0.0294907
6.91 0.322104 -0.010441 -0.0236487
6.92 0.308511 -0.0103715 -0.0155543
6.93 0.28961 -0.0102662 -0.00596718
6.94 0.265526 -0.0101353 0.00411467
6.95 0.235818 -0.0099891 0.0140454
6.96 0.200667 -0.00983767 0.023685
6.97 0.161423 -0.00968873 0.0330166
6.98 0.120003 -0.00954556 0.0417017
6.99 0.0780512 -0.00940639 0.0490163
7 0.0369458 -0.00926679 0.054211
7.01 -0.00139574 -0.00912349 0.0568263
7.02 -0.0346289 -0.00897622 0.0566509
7.03 -0.0613663 -0.00882693 0.0536817
7.04 -0.0822081 -0.00867872 0.0483564
7.05 -0.099598 -0.00853536 0.0417536
7.06 -0.116213 -0.00840175 0.0353877
7.07 -0.133089 -0.00828396 0.0307294
7.08 -0.149708 -0.00818718 0.0288833
7.09 -0.165403 -0.00811175 0.0305497
7.1 -0.180278 -0.00805695 0.0360526
7.11 -0.195049 -0.00801866 0.0452543
7.12 -0.210405 -0.00798985 0.0575389
7.13 -0.226868 -0.00796756 0.072047
7.14 -0.244929 -0.0079516 0.0879573
7.15 -0.264792 -0.00794458 0.104537
7.16 -0.286019 -0.00795024 0.121032
7.17 -0.307536 -0.00797071 0.136703
7.18 -0.327851 -0.0080044 0.150944
7.19 -0.345236 -0.008045 0.163203
7.2 -0.358067 -0.00808308 0.172827
7.21 -0.365027 -0.00810902 0.179109
7.22 -0.364812 -0.00811618 0.181487
7.23 -0.356159 -0.00810464 0.179698
7.24 -0.338481 -0.00808179 0.173857
7.25 -0.31228 -0.00806036 0.164439
7.26 -0.278897 -0.0080559 0.152205
7.27 -0.239825 -0.00808399 0.138037
7.28 -0.196358 -0.00815657 0.122722
7.29 -0.149787 -0.00827879 0.106775
7.3 -0.101356 -0.00844846 0.0905173
7.31 -0.0517566 -0.00865759 0.0742921
7.32 -0.00132701 -0.00889456 0.0585228
7.33 0.0485211 -0.0091449 0.0436033
7.34 0.0945444 -0.00939229 0.0297625
7.35 0.133104 -0.00962214 0.0169904
7.36 0.162443 -0.00982406 0.00503615
7.37 0.183447 -0.0099915 -0.00656354
7.38 0.198154 -0.010118 -0.0183542
7.39 0.207737 -0.0101939 -0.0307923
7.4 0.212366 -0.010207 -0.0442512
7.41 0.212417 -0.0101474 -0.0591095
7.42 0.209125 -0.0100117 -0.0756657
7.43 0.203937 -0.00980508 -0.0939811
7.44 0.197084 -0.00954104 -0.113877
7.45 0.187402 -0.0092403 -0.135004
7.46 0.173785 -0.00892921 -0.15681
7.47 0.156614 -0.00863513 -0.178452
7.48 0.137913 -0.00838184 -0.198817
7.49 0.120251 -0.00818423 -0.216852
7.5 0.105296 -0.00804492 -0.232056
7.51 0.0933491 -0.0079554 -0.244596
7.52 0.0842142 -0.00790263 -0.254898
7.53 0.0778837 -0.00787651 -0.263174
7.54 0.0743935 -0.00787263 -0.269387
7.55 0.0734174 -0.00789117 -0.273587
7.56 0.0737571 -0.00793429 -0.276139
7.57 0.073648 -0.00800236 -0.277616
7.58 0.0725049 -0.00809184 -0.278485
7.59 0.072045 -0.00819588 -0.278913
7.6 0.0748022 -0.00830203 -0.278894
7.61 0.0816347 -0.0083922 -0.278436
7.62 0.0908409 -0.00844763 -0.277483
7.63 0.099477 -0.00845669 -0.275686
7.64 0.105468 -0.00842109 -0.27226
7.65 0.108534 -0.00835597 -0.266124
7.66 0.109917 -0.00828597 -0.25625
7.67 0.111448 -0.00823709 -0.241904
7.68 0.113916 -0.0082285 -0.222708
7.69 0.116359 -0.00826828 -0.19859
7.7 0.117324 -0.00835471 -0.169689
7.71 0.116456 -0.00848176 -0.136267
7.72 0.114418 -0.00864295 -0.098681
7.73 0.111688 -0.00883319 -0.0574634
7.74 0.108215 -0.00904963 -0.0134137
7.75 0.104227 -0.00929172 0.0324138
7.76 0.100658 -0.00955928 0.0788193
7.77 0.0984638 -0.00984799 0.124514
7.78 0.0976185 -0.0101455 0.168012
7.79 0.0967873 -0.0104314 0.207634
7.8 0.0941301 -0.0106811 0.241856
7.81 0.0885203 -0.010871 0.269656
7.82 0.0804016 -0.0109856 0.290533
7.83 0.0719205 -0.0110202 0.304432
7.84 0.0657293 -0.0109788 0.311702
7.85 0.0633403 -0.010873 0.313076
7.86 0.0647928 -0.0107193 0.309653
7.87 0.0693721 -0.0105356 0.302679
7.88 0.0758992 -0.0103415 0.293235
7.89 0.082697 -0.0101553 0.282195
7.9 0.0878246 -0.00999381 0.270416
7.91 0.0895366 -0.00987198 0.258797
7.92 0.0870299 -0.00980187 0.248104
7.93 0.0808964 -0.00978955 0.238708
7.94 0.0726897 -0.00983234 0.230432
7.95 0.0636752 -0.00991781 0.222589
7.96 0.0538555 -0.0100233 0.214192
7.97 0.0422057 -0.0101199 0.204182
7.98 0.0274515 -0.0101782 0.19164
7.99 0.00895602 -0.0101736 0.176013
8 -0.0127414 -0.010091 0.157272
8.01 -0.0365842 -0.00992481 0.13583
8.02 -0.0621945 -0.00967728 0.112378
8.03 -0.0898931 -0.00935681 0.087718
8.04 -0.119362 -0.00897795 0.062558
8.05 -0.148885 -0.00856043 0.0374028
8.06 -0.176516 -0.00812732 0.0126373
8.07 -0.201707 -0.00770185 -0.0113783
8.08 -0.225191 -0.00730565 -0.0342326
8.09 -0.247326 -0.00696189 -0.0553505
8.1 -0.267187 -0.00669351 -0.0740403
8.11 -0.283266 -0.0065177 -0.0898229
8.12 -0.294298 -0.00644318 -0.102742
8.13 -0.299405 -0.00646765 -0.113314
8.14 -0.298175 -0.00657841 -0.122147
8.15 -0.290789 -0.00675416 -0.129537
8.16 -0.277959 -0.00696921 -0.135408
8.17 -0.260669 -0.00719713 -0.139693
8.18 -0.239842 -0.00741503 -0.14272
8.19 -0.216123 -0.00760686 -0.145195
8.2 -0.190144 -0.00776345 -0.147861
8.21 -0.162789 -0.0078823 -0.151191
8.22 -0.135148 -0.00796518 -0.155232
8.23 -0.108475 -0.0080166 -0.15955
8.24 -0.0840755 -0.00804204 -0.163283
8.25 -0.0629209 -0.00804757 -0.165319
8.26 -0.0454204 -0.0080401 -0.164561
8.27 -0.0317298 -0.00802737 -0.160145
8.28 -0.0220109 -0.00801801 -0.151481
8.29 -0.016168 -0.00802203 -0.138201
8.3 -0.0138262 -0.00804993 -0.120111
8.31 -0.0148506 -0.00811036 -0.0971787
8.32 -0.0194792 -0.00820819 -0.0695359
8.33 -0.0277461 -0.00834363 -0.0375772
8.34 -0.0391492 -0.00851179 -0.00210842
8.35 -0.0530049 -0.0087024 0.035598
8.36 -0.068849 -0.00890092 0.0739461
8.37 -0.0865619 -0.00909058 0.111322
8.38 -0.106127 -0.00925533 0.146449
8.39 -0.127137 -0.00938243 0.178593
8.4 -0.148809 -0.00946411 0.207461
8.41 -0.170614 -0.00949629 0.233021
8.42 -0.192563 -0.00947735 0.255421
8.43 -0.21489 -0.00940914 0.274935
8.44 -0.237827 -0.00929811 0.291975
8.45 -0.261624 -0.00915314 0.307157
8.46 -0.286485 -0.00898397 0.321215
8.47 -0.312318 -0.00880358 0.334809
8.48 -0.338719 -0.00862661 0.348389
8.49 -0.365454 -0.00846581 0.362073
8.5 -0.392726 -0.0083324 0.37559
8.51 -0.420583 -0.00823476 0.388484
8.52 -0.44808 -0.00817653 0.40034
8.53 -0.473387 -0.00816152 0.410818
8.54 -0.494768 -0.00818673 0.419659
8.55 -0.511336 -0.00823942 0.426628
8.56 -0.523231 -0.00830558 0.431411
8.57 -0.531232 -0.00837024 0.433617
8.58 -0.535895 -0.00842142 0.432836
8.59 -0.53709 -0.00845226 0.428675
8.6 -0.534645 -0.00845968 0.420864
8.61 -0.529236 -0.00844267 0.409402
8.62 -0.522251 -0.00840108 0.394593
8.63 -0.514982 -0.00833602 0.377038
8.64 -0.508389 -0.00824939 0.357621
8.65 -0.503345 -0.00814326 0.337368
8.66 -0.500525 -0.00802012 0.317204
8.67 -0.500018 -0.00788414 0.297827
8.68 -0.501162 -0.00774143 0.279723
8.69 -0.50292 -0.00760037 0.263231
8.7 -0.504554 -0.00747058 0.248509
8.71 -0.505719 -0.0073605 0.235377
8.72 -0.505688 -0.00727807 0.223275
8.73 -0.50276 -0.00723085 0.211439
8.74 -0.494939 -0.00722422 0.199183
8.75 -0.481133 -0.00725977 0.18604
8.76 -0.461452 -0.00733438 0.171609
8.77 -0.436463 -0.00744212 0.155317
8.78 -0.405998 -0.00757566 0.13629
8.79 -0.368768 -0.00772764 0.113398
8.8 -0.323168 -0.00789112 0.0855785
8.81 -0.268113 -0.00805786 0.0522338
8.82 -0.203549 -0.00821825 0.0134542
8.83 -0.13089 -0.00836799 -0.0300215
8.84 -0.0532435 -0.00850479 -0.0769982
8.85 0.0250462 -0.00862472 -0.126114
8.86 0.0996458 -0.0087268 -0.176119
8.87 0.167573 -0.00881419 -0.226004
8.88 0.227981 -0.00889464 -0.274974
8.89 0.281846 -0.00897288 -0.322313
8.9 0.330535 -0.00904823 -0.367222
8.91 0.374655 -0.00911237 -0.408867
8.92 0.414242 -0.00914428 -0.446567
8.93 0.449534 -0.00912993 -0.479915
8.94 0.481285 -0.00907245 -0.508723
8.95 0.510537 -0.00897691 -0.532856
8.96 0.538441 -0.00887148 -0.552148
8.97 0.566268 -0.00877731 -0.566611
8.98 0.595028 -0.00871461 -0.576608
8.99 0.62492 -0.00871021 -0.582725
9 0.655308 -0.00876891 -0.585571
9.01 0.68506 -0.00889429 -0.585646
9.02 0.712967 -0.00908096 -0.583204
9.03 0.73808 -0.00930589 -0.578246
9.04 0.759543 -0.00954502 -0.57062
9.05 0.776215 -0.00978759 -0.560073
9.06 0.786808 -0.0100189 -0.54623
9.07 0.790223 -0.0102237 -0.528598
9.08 0.785684 -0.0103912 -0.506594
9.09 0.772866 -0.0105112 -0.47966
9.1 0.751765 -0.0105766 -0.447455
9.11 0.722238 -0.0105844 -0.409985
9.12 0.683928 -0.0105363 -0.36766
9.13 0.636719 -0.0104409 -0.321237
9.14 0.581211 -0.0103136 -0.27159
9.15 0.519085 -0.0101746 -0.219623
9.16 0.452886 -0.0100451 -0.166381
9.17 0.384765 -0.00994188 -0.113101
9.18 0.315424 -0.00987397 -0.0610827
9.19 0.244389 -0.00984159 -0.0113846
9.2 0.171074 -0.00983762 0.0355549
9.21 0.0956201 -0.00984889 0.0799384
9.22 0.018854 -0.00985151 0.122107
9.23 -0.058329 -0.00977753 0.162141
9.24 -0.135485 -0.00963951 0.199836
9.25 -0.212775 -0.00947797 0.234861
9.26 -0.290601 -0.00926398 0.266982
9.27 -0.368771 -0.00899919 0.296188
9.28 -0.44576 -0.00869054 0.322622
9.29 -0.519067 -0.0083419 0.346515
9.3 -0.586512 -0.00796865 0.368257
9.31 -0.646956 -0.00759051 0.388396
9.32 -0.699714 -0.00723551 0.40734
9.33 -0.743868 -0.00692822 0.42503
9.34 -0.778532 -0.00668997 0.440923
9.35 -0.80326 -0.00653752 0.454247
9.36 -0.817842 -0.0064865 0.464233
9.37 -0.822134 -0.00654235 0.470175
9.38 -0.816338 -0.00669552 0.471416
9.39 -0.801209 -0.0069326 0.467361
9.4 -0.777717 -0.00722538 0.457492
9.41 -0.746412 -0.00754246 0.441359
9.42 -0.707488 -0.00785012 0.418612
9.43 -0.661543 -0.00811773 0.389099
9.44 -0.609842 -0.00832065 0.352978
9.45 -0.553952 -0.00844458 0.310847
9.46 -0.495178 -0.00848699 0.263784
9.47 -0.433981 -0.00845756 0.213102
9.48 -0.369921 -0.00837579 0.160016
9.49 -0.30224 -0.00826723 0.105536
9.5 -0.230706 -0.00815852 0.0505099
9.51 -0.156352 -0.00807238 -0.0043305
9.52 -0.0809917 -0.00797864 -0.0583179
9.53 -0.00548445 -0.00791508 -0.110841
9.54 0.0710234 -0.00795252 -0.161379
9.55 0.150128 -0.00808697 -0.209496
9.56 0.232909 -0.00831639 -0.254866
9.57 0.319261 -0.00862915 -0.297417
9.58 0.408262 -0.00900061 -0.337504
9.59 0.499066 -0.00940064 -0.375784
9.6 0.590913 -0.00979997 -0.412888
9.61 0.682309 -0.0101712 -0.449229
9.62 0.770578 -0.010493 -0.484992
9.63 0.852687 -0.0107486 -0.520221
9.64 0.926799 -0.0108891 -0.554909
9.65 0.992924 -0.0108805 -0.58898
9.66 1.05207 -0.0107797 -0.622214
9.67 1.10477 -0.0106112 -0.654236
9.68 1.15025 -0.0103775 -0.684508
9.69 1.18705 -0.0101101 -0.712319
9.7 1.21453 -0.00983128 -0.736859
9.71 1.23317 -0.00956896 -0.75737
9.72 1.24346 -0.00934685 -0.773292
9.73 1.24556 -0.00918891 -0.784336
9.74 1.23999 -0.00910474 -0.790482
9.75 1.228 -0.00907862 -0.791961
9.76 1.21048 -0.00910106 -0.789244
9.77 1.18672 -0.00916252 -0.782903
9.78 1.15469 -0.00924439 -0.773418
9.79 1.11258 -0.00932769 -0.761033
9.8 1.05983 -0.00939136 -0.745709
9.81 0.997196 -0.00941782 -0.727208
9.82 0.926526 -0.00939235 -0.705235
9.83 0.850115 -0.00930607 -0.679492
9.84 0.769761 -0.00915611 -0.649695
9.85 0.686489 -0.00894701 -0.615628
9.86 0.60112 -0.00869009 -0.577143
9.87 0.514754 -0.00840441 -0.534082
9.88 0.428731 -0.00811552 -0.486231
9.89 0.3442 -0.00785432 -0.433407
9.9 0.261896 -0.00765442 -0.37557
9.91 0.182563 -0.00754706 -0.312854
9.92 0.107487 -0.00755384 -0.245515
9.93 0.0382637 -0.00768693 -0.173903
9.94 -0.0239579 -0.00794129 -0.098489
9.95 -0.0789143 -0.00826467 -0.0200359
9.96 -0.127055 -0.00855261 0.0601949
9.97 -0.169143 -0.00886369 0.140547
9.98 -0.206162 -0.00922886 0.219325
9.99 -0.239523 -0.00957785 0.29509
10 -0.27137 -0.00989721 0.366866
