0.1 3.22571e-015 -0.00082859 8.12421e-015
0.2 3.90117e-015 -0.00165788 4.06653e-015
0.3 1.81478e-015 -0.00248786 4.04404e-015
0.4 -4.67536e-015 -0.00331855 3.45263e-015
0.5 -6.26592e-015 -0.00414993 -5.96191e-016
0.6 -3.8376e-015 -0.00498202 -3.6017e-015
0.7 -3.74264e-015 -0.00581482 -3.69188e-015
0.8 -7.75711e-015 -0.00664832 8.41471e-016
0.9 -9.51935e-015 -0.00748253 3.77128e-015
1 -9.10125e-015 -0.00831745 6.80578e-015
0.01 -2.35642e-005 -0.00831745 2.80675e-005
0.02 -9.22195e-005 -0.00831747 0.000111141
0.03 -0.000179305 -0.00831748 0.000216915
0.04 -0.000262135 -0.00831749 0.000310906
0.05 -0.00034361 -0.00831748 0.000387231
0.06 -0.000423808 -0.00831742 0.000440932
0.07 -0.00049975 -0.00831733 0.000468153
0.08 -0.000566883 -0.00831719 0.00046737
0.09 -0.000620544 -0.00831702 0.000439301
0.1 -0.000657061 -0.0083168 0.000385594
0.11 -0.000674248 -0.00831654 0.000307836
0.12 -0.000671442 -0.00831625 0.000206667
0.13 -0.000649503 -0.00831592 8.09689e-005
0.14 -0.000610676 -0.00831555 -7.13286e-005
0.15 -0.00055805 -0.00831513 -0.00025086
0.16 -0.00049437 -0.00831468 -0.000455388
0.17 -0.000421446 -0.00831417 -0.00068039
0.18 -0.000340759 -0.00831363 -0.000921112
0.19 -0.000253833 -0.00831307 -0.0011749
0.2 -0.000162382 -0.00831248 -0.00144101
0.21 -6.79575e-005 -0.00831188 -0.00171844
0.22 2.91996e-005 -0.00831127 -0.00200466
0.23 0.000129695 -0.00831065 -0.00229599
0.24 0.000233451 -0.00831004 -0.00258859
0.25 0.000339042 -0.00830941 -0.00287901
0.26 0.000445192 -0.00830879 -0.00316429
0.27 0.000554479 -0.00830819 -0.00344334
0.28 0.000673391 -0.00830761 -0.0037182
0.29 0.000806659 -0.00830707 -0.00399331
0.3 0.000954066 -0.00830659 -0.00427417
0.31 0.00111501 -0.00830619 -0.00456507
0.32 0.00129084 -0.00830589 -0.00486612
0.33 0.00148111 -0.00830571 -0.00517246
0.34 0.00168359 -0.00830566 -0.00547838
0.35 0.00189616 -0.00830573 -0.00578235
0.36 0.00211592 -0.00830589 -0.00608707
0.37 0.0023392 -0.00830609 -0.00639407
0.38 0.00256317 -0.00830628 -0.00669851
0.39 0.00278483 -0.00830642 -0.0069907
0.4 0.00299829 -0.00830648 -0.00726311
0.41 0.00319615 -0.00830641 -0.00751361
0.42 0.00337225 -0.00830622 -0.00774181
0.43 0.0035231 -0.0083059 -0.0079439
0.44 0.00364921 -0.0083055 -0.00811172
0.45 0.00375243 -0.00830507 -0.00823814
0.46 0.00383497 -0.00830467 -0.00832271
0.47 0.00390141 -0.00830434 -0.00836976
0.48 0.00395574 -0.00830413 -0.00838237
0.49 0.00399903 -0.00830407 -0.00836059
0.5 0.00403496 -0.0083042 -0.00830445
0.51 0.00407059 -0.00830451 -0.00821504
0.52 0.0041095 -0.00830506 -0.00809129
0.53 0.00415364 -0.00830583 -0.00792913
0.54 0.00421084 -0.00830685 -0.00772846
0.55 0.00429142 -0.00830811 -0.00749947
0.56 0.00439498 -0.00830959 -0.00725366
0.57 0.00450251 -0.00831124 -0.00698976
0.58 0.00458778 -0.00831301 -0.00669804
0.59 0.00463822 -0.00831485 -0.00637562
0.6 0.00465925 -0.00831667 -0.00603176
0.61 0.00465639 -0.00831842 -0.00568089
0.62 0.00462401 -0.00831999 -0.00533199
0.63 0.0045644 -0.00832133 -0.00498506
0.64 0.00449553 -0.00832239 -0.00463543
0.65 0.00441993 -0.00832317 -0.00427663
0.66 0.00431818 -0.00832365 -0.00390501
0.67 0.00417983 -0.00832383 -0.00352462
0.68 0.00401286 -0.0083238 -0.00313891
0.69 0.0038281 -0.00832366 -0.0027425
0.7 0.00363384 -0.00832354 -0.0023309
0.71 0.00343925 -0.00832353 -0.00191229
0.72 0.00324698 -0.00832368 -0.0015067
0.73 0.00304856 -0.00832403 -0.00113218
0.74 0.00283165 -0.00832456 -0.000786454
0.75 0.00258804 -0.00832527 -0.000448749
0.76 0.00231849 -0.00832613 -0.000105096
0.77 0.00203551 -0.00832706 0.000239284
0.78 0.00176372 -0.00832799 0.000571291
0.79 0.00152527 -0.00832883 0.000883368
0.8 0.0013227 -0.00832951 0.00117605
0.81 0.00114655 -0.00832994 0.0014472
0.82 0.000989551 -0.00833006 0.00168328
0.83 0.000847177 -0.00832987 0.00187109
0.84 0.000716586 -0.00832939 0.00201407
0.85 0.000606222 -0.00832873 0.00212654
0.86 0.000534752 -0.00832801 0.00222444
0.87 0.000496948 -0.00832735 0.00233088
0.88 0.000460344 -0.00832683 0.00246971
0.89 0.00041728 -0.00832652 0.00264379
0.9 0.000403652 -0.00832649 0.00283058
0.91 0.00045629 -0.00832682 0.00300926
0.92 0.000564213 -0.00832753 0.00319334
0.93 0.000681771 -0.00832862 0.00342438
0.94 0.000787555 -0.0083301 0.00372313
0.95 0.000899477 -0.00833198 0.0040519
0.96 0.00104403 -0.00833413 0.00434055
0.97 0.00122078 -0.00833651 0.0045535
0.98 0.00139078 -0.00833899 0.0047104
0.99 0.00152361 -0.00834145 0.00484053
1 0.00163074 -0.00834377 0.00494223
1.01 0.00172192 -0.00834575 0.00498334
1.02 0.00178644 -0.00834717 0.00493174
1.03 0.00183838 -0.0083479 0.0047948
1.04 0.00192178 -0.00834795 0.00462358
1.05 0.0020537 -0.00834732 0.00446496
1.06 0.00220232 -0.00834604 0.00432486
1.07 0.00233519 -0.00834417 0.00418015
1.08 0.00246917 -0.00834189 0.00400132
1.09 0.00263843 -0.00833951 0.003775
1.1 0.00282327 -0.00833729 0.00352299
1.11 0.0029768 -0.0083355 0.00329027
1.12 0.0031124 -0.00833436 0.00311
1.13 0.00329749 -0.00833408 0.00297453
1.14 0.00356382 -0.00833464 0.00283119
1.15 0.00391204 -0.0083359 0.00261259
1.16 0.00436392 -0.00833771 0.00228505
1.17 0.00491829 -0.00833993 0.00188419
1.18 0.00553269 -0.00834246 0.00149919
1.19 0.00615606 -0.00834514 0.00119883
1.2 0.00673886 -0.00834783 0.000979727
1.21 0.00724522 -0.00835032 0.000789435
1.22 0.00765533 -0.0083525 0.000574524
1.23 0.00796018 -0.00835421 0.000302654
1.24 0.00817204 -0.00835537 -3.29463e-005
1.25 0.00833846 -0.00835592 -0.000418756
1.26 0.0085191 -0.00835579 -0.000836578
1.27 0.00874282 -0.0083549 -0.00126873
1.28 0.00900705 -0.00835324 -0.00169579
1.29 0.00928206 -0.00835081 -0.0020985
1.3 0.00952598 -0.00834778 -0.00245492
1.31 0.00973909 -0.00834447 -0.00274636
1.32 0.00995747 -0.00834132 -0.00298123
1.33 0.0101933 -0.00833872 -0.00320425
1.34 0.0104684 -0.00833702 -0.00346513
1.35 0.0108565 -0.00833657 -0.00375918
1.36 0.0113901 -0.00833761 -0.00400683
1.37 0.0119919 -0.00834008 -0.00412284
1.38 0.0125316 -0.00834362 -0.00409746
1.39 0.0129177 -0.00834781 -0.00401004
1.4 0.0131314 -0.00835219 -0.00397085
1.41 0.0131699 -0.00835643 -0.00400487
1.42 0.0130366 -0.00836033 -0.00401023
1.43 0.0127921 -0.00836372 -0.00387714
1.44 0.0124959 -0.00836632 -0.00360353
1.45 0.0121196 -0.00836767 -0.00328882
1.46 0.011576 -0.00836727 -0.00304513
1.47 0.0108002 -0.00836487 -0.00288552
1.48 0.00975908 -0.00836051 -0.00269901
1.49 0.00839076 -0.00835437 -0.00236039
1.5 0.00664312 -0.00834673 -0.00183526
1.51 0.00463482 -0.00833806 -0.0011684
1.52 0.00267031 -0.00832913 -0.000410339
1.53 0.000993446 -0.00832069 0.000435339
1.54 -0.00038262 -0.00831321 0.00139343
1.55 -0.00155302 -0.00830702 0.00245878
1.56 -0.00257551 -0.00830238 0.00359321
1.57 -0.0034746 -0.0082996 0.004752
1.58 -0.00428341 -0.00829893 0.0058729
1.59 -0.00505271 -0.0083005 0.00687574
1.6 -0.00586055 -0.00830425 0.00771566
1.61 -0.00677429 -0.00831 0.0084579
1.62 -0.00774776 -0.00831748 0.00924446
1.63 -0.00856917 -0.00832612 0.0101031
1.64 -0.00894409 -0.008335 0.0108581
1.65 -0.00871118 -0.00834293 0.0113094
1.66 -0.00797933 -0.00834882 0.0114354
1.67 -0.00702766 -0.00835187 0.0113818
1.68 -0.00610759 -0.00835187 0.0113023
1.69 -0.00534986 -0.00834921 0.0112262
1.7 -0.00479036 -0.00834471 0.0110999
1.71 -0.00436972 -0.00833958 0.0109101
1.72 -0.00392135 -0.00833515 0.0106887
1.73 -0.00327558 -0.00833242 0.0104362
1.74 -0.00237464 -0.00833176 0.0101045
1.75 -0.00124518 -0.00833298 0.00963133
1.76 6.23752e-005 -0.00833561 0.00896872
1.77 0.00143839 -0.00833901 0.00810466
1.78 0.00268053 -0.00834258 0.00709391
1.79 0.00363453 -0.00834607 0.00605923
1.8 0.00435036 -0.0083496 0.00509652
1.81 0.00500614 -0.00835342 0.00417865
1.82 0.00575233 -0.00835758 0.00320398
1.83 0.00665661 -0.00836189 0.00211588
1.84 0.00772535 -0.00836591 0.000954023
1.85 0.0089027 -0.00836904 -0.000173016
1.86 0.0100426 -0.00837055 -0.00116739
1.87 0.0110399 -0.0083698 -0.00201947
1.88 0.0120491 -0.00836683 -0.0028047
1.89 0.0133524 -0.00836229 -0.00360904
1.9 0.0149294 -0.00835705 -0.00446754
1.91 0.0164173 -0.0083518 -0.00535823
1.92 0.0174926 -0.00834742 -0.00622967
1.93 0.0180383 -0.00834485 -0.00704848
1.94 0.0180293 -0.00834456 -0.00783003
1.95 0.0174719 -0.00834644 -0.00860748
1.96 0.0164798 -0.00834975 -0.00939538
1.97 0.0152937 -0.00835338 -0.010186
1.98 0.0141069 -0.00835596 -0.0109547
1.99 0.012918 -0.00835593 -0.0116786
2 0.0115805 -0.00835199 -0.0123383
2.01 0.00994273 -0.0083436 -0.012887
2.02 0.00795896 -0.00833118 -0.013234
2.03 0.00566265 -0.00831579 -0.0132779
2.04 0.00309833 -0.00829883 -0.0129845
2.05 0.000417131 -0.00828186 -0.0124261
2.06 -0.0021097 -0.00826622 -0.0117248
2.07 -0.00435176 -0.00825279 -0.0109674
2.08 -0.00644317 -0.00824175 -0.0101788
2.09 -0.00858538 -0.00823294 -0.00935731
2.1 -0.0108317 -0.00822616 -0.00853197
2.11 -0.0130936 -0.00822136 -0.00776363
2.12 -0.0153263 -0.00821851 -0.00708828
2.13 -0.0175963 -0.00821751 -0.00649946
2.14 -0.0199663 -0.0082182 -0.00596194
2.15 -0.0223843 -0.00822032 -0.00542072
2.16 -0.0246583 -0.00822342 -0.00483392
2.17 -0.0266018 -0.00822664 -0.00422225
2.18 -0.0282664 -0.00822856 -0.00368688
2.19 -0.0298655 -0.00822763 -0.00333892
2.2 -0.0314387 -0.00822291 -0.00319509
2.21 -0.032825 -0.00821439 -0.0031714
2.22 -0.033916 -0.00820273 -0.00315842
2.23 -0.0347432 -0.00818907 -0.00308824
2.24 -0.035355 -0.00817493 -0.00296772
2.25 -0.035727 -0.00816203 -0.00286645
2.26 -0.0358364 -0.00815191 -0.00287533
2.27 -0.0356667 -0.00814569 -0.0030665
2.28 -0.0350987 -0.0081441 -0.00345509
2.29 -0.0339915 -0.00814732 -0.00399803
2.3 -0.0323457 -0.00815483 -0.00463712
2.31 -0.0302497 -0.00816572 -0.00531438
2.32 -0.0277689 -0.00817906 -0.00595396
2.33 -0.0249687 -0.00819408 -0.00647579
2.34 -0.021954 -0.00821014 -0.00684116
2.35 -0.0188414 -0.00822676 -0.00706354
2.36 -0.0157103 -0.00824362 -0.00717614
2.37 -0.0126335 -0.0082604 -0.00720337
2.38 -0.00966948 -0.00827669 -0.00715119
2.39 -0.00673095 -0.00829208 -0.00700275
2.4 -0.00365377 -0.00830619 -0.00669907
2.41 -0.000396271 -0.00831862 -0.00612279
2.42 0.002998 -0.00832913 -0.00516123
2.43 0.00643647 -0.00833776 -0.00383707
2.44 0.00968755 -0.00834476 -0.00234083
2.45 0.0125084 -0.00835084 -0.000883231
2.46 0.0148988 -0.00835748 0.000464087
2.47 0.017074 -0.00836643 0.0017651
2.48 0.0192269 -0.00837897 0.00311069
2.49 0.0213958 -0.00839546 0.00454237
2.5 0.0234713 -0.00841524 0.00605525
2.51 0.0252918 -0.00843682 0.00761429
2.52 0.026736 -0.0084583 0.00913983
2.53 0.0277292 -0.00847775 0.0105342
2.54 0.0282696 -0.00849362 0.0117392
2.55 0.0284481 -0.00850502 0.0127466
2.56 0.0283807 -0.00851169 0.0135745
2.57 0.0281413 -0.0085138 0.0142298
2.58 0.0277394 -0.00851172 0.0146914
2.59 0.02712 -0.00850597 0.0149521
2.6 0.0262022 -0.00849711 0.0150529
2.61 0.0249593 -0.00848563 0.0150323
2.62 0.0234563 -0.00847198 0.0148697
2.63 0.0218133 -0.0084567 0.0145322
2.64 0.0200673 -0.0084404 0.0140703
2.65 0.018056 -0.00842372 0.0136244
2.66 0.0155827 -0.00840737 0.0133127
2.67 0.0126603 -0.00839218 0.0131071
2.68 0.00951084 -0.00837899 0.0128414
2.69 0.00637631 -0.00836832 0.0123672
2.7 0.00331711 -0.00836015 0.0116863
2.71 0.000231855 -0.00835394 0.0109483
2.72 -0.00291886 -0.0083488 0.01035
2.73 -0.00598825 -0.00834374 0.00998416
2.74 -0.00880526 -0.0083376 0.00972553
2.75 -0.0113961 -0.00832915 0.00931071
2.76 -0.0139024 -0.00831761 0.00857614
2.77 -0.016399 -0.00830306 0.00753737
2.78 -0.0188853 -0.00828615 0.00621511
2.79 -0.0212737 -0.00826785 0.00453542
2.8 -0.0233589 -0.00824931 0.00247335
2.81 -0.0250105 -0.00823161 0.000173266
2.82 -0.0263303 -0.00821531 -0.00213587
2.83 -0.0275116 -0.00820043 -0.00429428
2.84 -0.0286754 -0.0081867 -0.00629269
2.85 -0.0298079 -0.00817383 -0.00821355
2.86 -0.0308313 -0.00816173 -0.0101402
2.87 -0.0317011 -0.00815042 -0.0121553
2.88 -0.0323403 -0.00814022 -0.0142994
2.89 -0.0326036 -0.00813181 -0.0164767
2.9 -0.0324075 -0.00812582 -0.0184927
2.91 -0.0317871 -0.00812259 -0.0202152
2.92 -0.0308141 -0.008122 -0.0216607
2.93 -0.029567 -0.00812367 -0.0229079
2.94 -0.0281299 -0.00812713 -0.0239734
2.95 -0.0265542 -0.00813193 -0.0248207
2.96 -0.0248661 -0.00813772 -0.0254356
2.97 -0.0231368 -0.00814423 -0.0258074
2.98 -0.0214883 -0.00815137 -0.0258702
2.99 -0.0199741 -0.00815929 -0.0255349
3 -0.0184715 -0.00816834 -0.0247662
3.01 -0.0167525 -0.00817885 -0.0236017
3.02 -0.0146601 -0.00819099 -0.0220984
3.03 -0.0121833 -0.00820467 -0.0202667
3.04 -0.00946008 -0.00821964 -0.0180815
3.05 -0.00674211 -0.0082355 -0.0155823
3.06 -0.00425092 -0.00825191 -0.0128946
3.07 -0.00200083 -0.00826897 -0.0100859
3.08 0.000199637 -0.00828725 -0.00710394
3.09 0.00249942 -0.00830722 -0.00389231
3.1 0.00483588 -0.00832891 -0.000475165
3.11 0.00710652 -0.00835194 0.00302487
3.12 0.00942013 -0.00837588 0.00644353
3.13 0.0120462 -0.00840038 0.00969065
3.14 0.0150685 -0.00842489 0.0127548
3.15 0.0182004 -0.00844851 0.0156387
3.16 0.0210016 -0.00847039 0.0183476
3.17 0.0231172 -0.00848998 0.0208762
3.18 0.0244053 -0.00850705 0.0232018
3.19 0.0250762 -0.0085219 0.0253221
3.2 0.0255781 -0.00853506 0.0272769
3.21 0.0261906 -0.00854663 0.0291348
3.22 0.0268119 -0.00855601 0.0309645
3.23 0.0271468 -0.0085622 0.0327754
3.24 0.026966 -0.00856429 0.0344939
3.25 0.0261664 -0.00856182 0.036
3.26 0.0247716 -0.00855494 0.037129
3.27 0.0229986 -0.00854453 0.0376928
3.28 0.0211832 -0.008532 0.0375921
3.29 0.0195276 -0.00851888 0.036909
3.3 0.0179993 -0.00850636 0.0358899
3.31 0.0164889 -0.00849521 0.0348422
3.32 0.014996 -0.00848576 0.0340064
3.33 0.013569 -0.00847784 0.0334675
3.34 0.0120745 -0.00847068 0.0331475
3.35 0.0102585 -0.00846327 0.0328675
3.36 0.00807683 -0.00845502 0.0324043
3.37 0.0057743 -0.00844597 0.0315407
3.38 0.00370212 -0.00843662 0.0301636
3.39 0.00213019 -0.00842766 0.0283414
3.4 0.00105853 -0.00841951 0.0262812
3.41 0.000147889 -0.00841194 0.024203
3.42 -0.00103051 -0.00840425 0.0222416
3.43 -0.00265047 -0.00839564 0.0204079
3.44 -0.00458296 -0.00838542 0.0186142
3.45 -0.00660421 -0.00837308 0.0167548
3.46 -0.00858514 -0.0083582 0.0147476
3.47 -0.0105277 -0.00834062 0.0125374
3.48 -0.0124815 -0.0083206 0.0101288
3.49 -0.0144675 -0.00829892 0.0076115
3.5 -0.0165387 -0.00827667 0.00513339
3.51 -0.0188197 -0.00825491 0.00284699
3.52 -0.0212884 -0.00823473 0.00084118
3.53 -0.0236529 -0.00821712 -0.000907155
3.54 -0.025606 -0.00820263 -0.00250246
3.55 -0.0271091 -0.00819109 -0.00406262
3.56 -0.0284212 -0.00818174 -0.00567368
3.57 -0.0298612 -0.00817364 -0.00736528
3.58 -0.0315303 -0.00816621 -0.00910251
3.59 -0.0332514 -0.00815936 -0.0107832
3.6 -0.0346646 -0.00815338 -0.0122833
3.61 -0.0354283 -0.00814858 -0.0135515
3.62 -0.0354883 -0.0081449 -0.0146468
3.63 -0.0351488 -0.00814184 -0.0156771
3.64 -0.034802 -0.00813892 -0.0166893
3.65 -0.0346132 -0.00813607 -0.017619
3.66 -0.0345034 -0.00813356 -0.0183589
3.67 -0.0343485 -0.00813171 -0.0188153
3.68 -0.0340805 -0.00813075 -0.0189159
3.69 -0.0336414 -0.0081308 -0.0187088
3.7 -0.0329873 -0.00813172 -0.0184295
3.71 -0.032125 -0.00813328 -0.018373
3.72 -0.0310401 -0.00813545 -0.0187411
3.73 -0.0296621 -0.00813842 -0.0195681
3.74 -0.0279646 -0.00814258 -0.0206819
3.75 -0.0259919 -0.00814826 -0.0218265
3.76 -0.0237925 -0.00815556 -0.022862
3.77 -0.0213701 -0.00816436 -0.0237756
3.78 -0.0187024 -0.00817432 -0.0245882
3.79 -0.0158027 -0.00818496 -0.025349
3.8 -0.0127105 -0.00819565 -0.0261364
3.81 -0.00945707 -0.00820589 -0.0269716
3.82 -0.00610571 -0.00821547 -0.0277185
3.83 -0.00273295 -0.00822454 -0.0281146
3.84 0.00064816 -0.00823345 -0.0280263
3.85 0.00402625 -0.00824251 -0.027658
3.86 0.00732086 -0.00825192 -0.0273115
3.87 0.0104193 -0.00826212 -0.0270276
3.88 0.0132262 -0.00827362 -0.0266318
3.89 0.0156812 -0.0082867 -0.0259891
3.9 0.0177202 -0.00830114 -0.0251149
3.91 0.0191973 -0.00831607 -0.0240802
3.92 0.0198965 -0.00833035 -0.0228573
3.93 0.0197473 -0.00834309 -0.0213243
3.94 0.018989 -0.00835364 -0.0193903
3.95 0.0179884 -0.0083617 -0.0170095
3.96 0.0169927 -0.00836714 -0.0141388
3.97 0.0161182 -0.00837009 -0.0108002
3.98 0.0154523 -0.00837107 -0.0071037
3.99 0.0150804 -0.0083711 -0.00315682
4 0.0149313 -0.0083714 0.000991477
4.01 0.0146849 -0.00837313 0.00533832
4.02 0.0140591 -0.00837738 0.00984106
4.03 0.0130512 -0.00838504 0.0143147
4.04 0.01175 -0.00839646 0.0185015
4.05 0.0101919 -0.00841126 0.0222186
4.06 0.00852686 -0.00842856 0.0254062
4.07 0.00700401 -0.00844714 0.028133
4.08 0.00565797 -0.00846529 0.0305917
4.09 0.00425669 -0.00848105 0.0330583
4.1 0.00257599 -0.00849277 0.0357871
4.11 0.000520018 -0.00849941 0.038881
4.12 -0.00187695 -0.00850058 0.0422464
4.13 -0.00438488 -0.00849672 0.0456559
4.14 -0.00673634 -0.00848883 0.0488542
4.15 -0.00888341 -0.00847805 0.0516227
4.16 -0.0109413 -0.00846551 0.0537999
4.17 -0.013017 -0.00845232 0.0552914
4.18 -0.0151148 -0.00843956 0.0560952
4.19 -0.0170995 -0.00842833 0.0563438
4.2 -0.0188039 -0.00841948 0.0562659
4.21 -0.0201214 -0.00841345 0.056033
4.22 -0.0209414 -0.00841025 0.0556474
4.23 -0.0212093 -0.00840955 0.0550011
4.24 -0.0210191 -0.00841075 0.0540008
4.25 -0.0203968 -0.00841335 0.052626
4.26 -0.019216 -0.0084171 0.0509179
4.27 -0.0174406 -0.00842164 0.0489296
4.28 -0.0151547 -0.00842648 0.0467067
4.29 -0.0124543 -0.00843122 0.044315
4.3 -0.00957748 -0.00843533 0.0418154
4.31 -0.00692077 -0.00843814 0.0391837
4.32 -0.0047311 -0.00843911 0.0363099
4.33 -0.00295349 -0.00843813 0.0330967
4.34 -0.00138906 -0.00843532 0.0295626
4.35 0.000172243 -0.00843091 0.0258592
4.36 0.00190525 -0.00842501 0.0221393
4.37 0.00385802 -0.00841743 0.0184124
4.38 0.00590669 -0.00840781 0.0145945
4.39 0.00777138 -0.00839598 0.0106857
4.4 0.00913678 -0.00838223 0.00683773
4.41 0.00991949 -0.00836751 0.00324375
4.42 0.0103533 -0.00835326 -1.93772e-006
4.43 0.0108381 -0.00834098 -0.00292387
4.44 0.0118176 -0.00833197 -0.00557804
4.45 0.0135758 -0.00832703 -0.0079763
4.46 0.0159557 -0.00832601 -0.0101271
4.47 0.0184443 -0.00832794 -0.0121271
4.48 0.0205972 -0.00833172 -0.0141088
4.49 0.0222358 -0.00833662 -0.0160734
4.5 0.0233403 -0.00834228 -0.0178594
4.51 0.0240407 -0.00834866 -0.0192929
4.52 0.0246475 -0.00835577 -0.0203064
4.53 0.0253864 -0.00836335 -0.0208871
4.54 0.0261978 -0.00837074 -0.0209754
4.55 0.0269094 -0.00837707 -0.0205121
4.56 0.0273352 -0.00838142 -0.0195784
4.57 0.0272585 -0.00838291 -0.0183819
4.58 0.0266069 -0.00838128 -0.0171084
4.59 0.0256253 -0.00837716 -0.0158512
4.6 0.0247591 -0.00837184 -0.0146516
4.61 0.0242774 -0.0083667 -0.0135173
4.62 0.0240315 -0.00836272 -0.0123886
4.63 0.0237336 -0.00836056 -0.0111703
4.64 0.0234231 -0.0083609 -0.009847
4.65 0.0234388 -0.00836425 -0.00856099
4.66 0.0239748 -0.00837045 -0.00757796
4.67 0.0248755 -0.00837868 -0.00712876
4.68 0.0258368 -0.00838794 -0.00724078
4.69 0.0266804 -0.00839752 -0.00774573
4.7 0.0274858 -0.00840705 -0.0084283
4.71 0.028511 -0.00841635 -0.00912615
4.72 0.0298839 -0.00842498 -0.00976528
4.73 0.0314273 -0.00843203 -0.0104106
4.74 0.0328882 -0.00843653 -0.0112217
4.75 0.0341699 -0.00843786 -0.0123053
4.76 0.0353499 -0.00843601 -0.0136609
4.77 0.0366693 -0.00843151 -0.0152188
4.78 0.0383317 -0.00842516 -0.0168778
4.79 0.0401959 -0.00841764 -0.0185374
4.8 0.0418984 -0.00840956 -0.0201032
4.81 0.0431925 -0.00840175 -0.0215105
4.82 0.0439812 -0.00839513 -0.0227875
4.83 0.0443233 -0.00839053 -0.0239782
4.84 0.0445949 -0.00838902 -0.0249546
4.85 0.0452765 -0.00839143 -0.0254888
4.86 0.0462856 -0.00839728 -0.0255389
4.87 0.0469011 -0.00840468 -0.0253295
4.88 0.0465779 -0.00841184 -0.0251586
4.89 0.0454403 -0.0084179 -0.0251456
4.9 0.0439405 -0.00842272 -0.0251478
4.91 0.0423574 -0.00842614 -0.0249724
4.92 0.0407319 -0.00842754 -0.0246534
4.93 0.0390801 -0.00842609 -0.0244427
4.94 0.0373436 -0.00842102 -0.0245628
4.95 0.0352061 -0.00841158 -0.0250405
4.96 0.0323223 -0.00839739 -0.0257075
4.97 0.0286989 -0.00837888 -0.0262657
4.98 0.0245645 -0.00835705 -0.0264303
4.99 0.0199674 -0.00833269 -0.0261477
5 0.0148806 -0.00830635 -0.0256904
5.01 0.0095692 -0.00827892 -0.0254395
5.02 0.00442791 -0.00825171 -0.0255238
5.03 -0.00038392 -0.00822598 -0.0257313
5.04 -0.00488449 -0.00820274 -0.0257718
5.05 -0.00915435 -0.00818254 -0.0255428
5.06 -0.0134762 -0.00816526 -0.0251616
5.07 -0.0181737 -0.00815039 -0.0248727
5.08 -0.0231639 -0.00813767 -0.0249211
5.09 -0.0280131 -0.00812708 -0.0254458
5.1 -0.0323878 -0.00811837 -0.0264769
5.11 -0.0361112 -0.00811077 -0.0279622
5.12 -0.0389475 -0.00810335 -0.0298047
5.13 -0.0408159 -0.00809506 -0.0319385
5.14 -0.0421575 -0.00808444 -0.0343233
5.15 -0.0436412 -0.00807033 -0.0368599
5.16 -0.0455233 -0.00805259 -0.0394552
5.17 -0.0476322 -0.00803197 -0.0421657
5.18 -0.0497334 -0.00800951 -0.0451635
5.19 -0.0515365 -0.00798642 -0.048614
5.2 -0.0525049 -0.00796414 -0.0525763
5.21 -0.0520531 -0.00794414 -0.0568661
5.22 -0.0500618 -0.00792743 -0.0609748
5.23 -0.04689 -0.00791471 -0.0642253
5.24 -0.0429777 -0.00790651 -0.0661
5.25 -0.0387145 -0.00790356 -0.066434
5.26 -0.0343555 -0.00790705 -0.0653402
5.27 -0.0298525 -0.00791877 -0.0630204
5.28 -0.025022 -0.00794077 -0.0596505
5.29 -0.0198481 -0.0079744 -0.055384
5.3 -0.0143361 -0.00802004 -0.0503885
5.31 -0.00831517 -0.00807707 -0.04482
5.32 -0.00170749 -0.00814369 -0.0387317
5.33 0.00529079 -0.0082168 -0.0320249
5.34 0.0124192 -0.00829285 -0.0245147
5.35 0.0196179 -0.00836876 -0.0160339
5.36 0.0270416 -0.00844218 -0.0064992
5.37 0.0346519 -0.00851139 0.0039465
5.38 0.0419407 -0.008575 0.0148316
5.39 0.0484164 -0.00863277 0.0256233
5.4 0.0541847 -0.00868591 0.0361012
5.41 0.0597715 -0.00873623 0.0463123
5.42 0.0655649 -0.00878525 0.05624
5.43 0.0714319 -0.00883313 0.0656301
5.44 0.0767874 -0.0088788 0.0741782
5.45 0.0811668 -0.00892123 0.0818582
5.46 0.084628 -0.00896019 0.0889105
5.47 0.0875317 -0.00899586 0.0955215
5.48 0.0902069 -0.00902836 0.101675
5.49 0.0928579 -0.00905771 0.107235
5.5 0.095388 -0.00908362 0.112019
5.51 0.0973243 -0.00910528 0.115796
5.52 0.0982972 -0.00912195 0.118342
5.53 0.0983494 -0.00913339 0.119532
5.54 0.0975691 -0.00913942 0.119398
5.55 0.0958855 -0.00913924 0.118004
5.56 0.0932015 -0.00913163 0.115292
5.57 0.0893849 -0.00911521 0.111162
5.58 0.0842623 -0.00908873 0.105725
5.59 0.0777324 -0.00905143 0.0993268
5.6 0.0697617 -0.00900277 0.0922559
5.61 0.0603213 -0.00894223 0.0845408
5.62 0.0495413 -0.00886971 0.0760631
5.63 0.0379408 -0.00878611 0.0667864
5.64 0.0262549 -0.00869327 0.0568128
5.65 0.0149098 -0.00859326 0.0462769
5.66 0.00373358 -0.0084881 0.0353085
5.67 -0.00780537 -0.00838006 0.0241199
5.68 -0.0200172 -0.00827219 0.0130493
5.69 -0.0326152 -0.00816839 0.00243761
5.7 -0.0449021 -0.00807254 -0.00754078
5.71 -0.0562706 -0.00798756 -0.0168899
5.72 -0.0664452 -0.0079149 -0.0256546
5.73 -0.0752559 -0.00785488 -0.0337853
5.74 -0.0823338 -0.00780735 -0.0411512
5.75 -0.0871277 -0.00777178 -0.0476906
5.76 -0.08926 -0.00774724 -0.0535198
5.77 -0.0887921 -0.00773273 -0.0588716
5.78 -0.086166 -0.00772736 -0.06397
5.79 -0.0821322 -0.00773065 -0.0689996
5.8 -0.0777112 -0.00774212 -0.0741025
5.81 -0.0737746 -0.00776092 -0.0793507
5.82 -0.0702146 -0.00778651 -0.0847652
5.83 -0.0657545 -0.00781825 -0.0903497
5.84 -0.0591125 -0.00785411 -0.0960383
5.85 -0.0502484 -0.00788992 -0.101568
5.86 -0.0402183 -0.0079204 -0.106495
5.87 -0.0301825 -0.00794122 -0.110455
5.88 -0.0208593 -0.00795051 -0.113392
5.89 -0.0124055 -0.00794943 -0.115458
5.9 -0.0044656 -0.00794234 -0.116731
5.91 0.0034385 -0.00793569 -0.1171
5.92 0.011691 -0.00793617 -0.116327
5.93 0.0206646 -0.00794966 -0.114096
5.94 0.0305349 -0.00798005 -0.110005
5.95 0.0409853 -0.00802838 -0.103711
5.96 0.0512292 -0.00809272 -0.095195
5.97 0.0604419 -0.00816937 -0.0848046
5.98 0.0681987 -0.00825468 -0.0730421
5.99 0.0743432 -0.00834556 -0.060384
6 0.0784341 -0.00843916 -0.0472487
6.01 0.0795659 -0.00853222 -0.0339916
6.02 0.0768958 -0.00862137 -0.0207895
6.03 0.0700255 -0.00870299 -0.00748644
6.04 0.0589475 -0.0087724 0.00626251
6.05 0.0440539 -0.00882351 0.0205334
6.06 0.0260435 -0.00884921 0.0348888
6.07 0.00573608 -0.00884268 0.0485868
6.08 -0.016002 -0.00879903 0.0609064
6.09 -0.0385016 -0.00871658 0.0713159
6.1 -0.0614179 -0.00859805 0.0795567
6.11 -0.0842891 -0.00845125 0.0857132
6.12 -0.10621 -0.00828858 0.0902017
6.13 -0.126033 -0.00812522 0.0936121
6.14 -0.1424 -0.00797659 0.0964994
6.15 -0.153698 -0.00785681 0.0993139
6.16 -0.15855 -0.00777672 0.102395
6.17 -0.156325 -0.0077427 0.105908
6.18 -0.147136 -0.00775701 0.109859
6.19 -0.131814 -0.00781876 0.114295
6.2 -0.111818 -0.00792511 0.119494
6.21 -0.088514 -0.00807254 0.125874
6.22 -0.0623394 -0.00825784 0.133657
6.23 -0.0328688 -0.00847715 0.142637
6.24 0.000197867 -0.00872445 0.152296
6.25 0.0360192 -0.00899031 0.162175
6.26 0.0723037 -0.00926211 0.172112
6.27 0.105855 -0.00952482 0.182116
6.28 0.133907 -0.00976243 0.192141
6.29 0.155537 -0.00996123 0.202022
6.3 0.17198 -0.0101131 0.211541
6.31 0.185084 -0.0102146 0.22043
6.32 0.195328 -0.0102642 0.228229
6.33 0.201494 -0.0102619 0.234147
6.34 0.201631 -0.0102099 0.237203
6.35 0.194309 -0.0101136 0.236626
6.36 0.179679 -0.00998323 0.232122
6.37 0.160091 -0.00983124 0.223785
6.38 0.139468 -0.00966948 0.211866
6.39 0.120852 -0.0095067 0.196642
6.4 0.10449 -0.00934576 0.178384
6.41 0.0890339 -0.00918615 0.157447
6.42 0.0737062 -0.00902762 0.134446
6.43 0.0585332 -0.00887188 0.110381
6.44 0.0438579 -0.00872243 0.0864936
6.45 0.0304553 -0.00858413 0.0638782
6.46 0.0194158 -0.00846225 0.0432117
6.47 0.0112391 -0.00836052 0.0247871
6.48 0.00516749 -0.00827968 0.00864873
6.49 -0.000286071 -0.00821777 -0.00527011
6.5 -0.00634476 -0.00817156 -0.0170671
6.51 -0.0136349 -0.00813685 -0.0269888
6.52 -0.0225992 -0.00810848 -0.0354999
6.53 -0.0340847 -0.00808089 -0.0431271
6.54 -0.0492127 -0.00804865 -0.0503782
6.55 -0.0682704 -0.00800663 -0.05778
6.56 -0.0900805 -0.00795355 -0.0658174
6.57 -0.112614 -0.00788835 -0.0748347
6.58 -0.13385 -0.00780861 -0.0849844
6.59 -0.152453 -0.00771243 -0.0961842
6.6 -0.168227 -0.00759781 -0.108191
6.61 -0.181795 -0.00746433 -0.120839
6.62 -0.193799 -0.00731422 -0.134218
6.63 -0.204461 -0.0071535 -0.148647
6.64 -0.213496 -0.00699147 -0.164441
6.65 -0.220245 -0.00683958 -0.181589
6.66 -0.224122 -0.00670905 -0.199634
6.67 -0.224889 -0.00660878 -0.217796
6.68 -0.2224 -0.0065439 -0.235193
6.69 -0.216338 -0.0065157 -0.250992
6.7 -0.206409 -0.00652188 -0.264353
6.71 -0.192862 -0.00655773 -0.274301
6.72 -0.176711 -0.00661711 -0.279903
6.73 -0.159081 -0.00669434 -0.280728
6.74 -0.140328 -0.00678632 -0.277163
6.75 -0.120129 -0.00689279 -0.270334
6.76 -0.097925 -0.00701553 -0.261593
6.77 -0.0729904 -0.00715717 -0.251902
6.78 -0.0447286 -0.00731999 -0.241726
6.79 -0.0132322 -0.00750356 -0.231349
6.8 0.0205195 -0.00770329 -0.221168
6.81 0.0551562 -0.00791144 -0.211727
6.82 0.0895859 -0.00811932 -0.203601
6.83 0.122937 -0.0083189 -0.197288
6.84 0.154086 -0.0085026 -0.193114
6.85 0.181836 -0.00866436 -0.191139
6.86 0.205728 -0.00880081 -0.191075
6.87 0.226138 -0.00891107 -0.192259
6.88 0.243323 -0.00899479 -0.193773
6.89 0.256707 -0.00904978 -0.194627
6.9 0.265176 -0.00907327 -0.193875
6.91 0.268126 -0.00906359 -0.190807
6.92 0.26593 -0.00902093 -0.185221
6.93 0.259045 -0.00894745 -0.177516
6.94 0.247057 -0.00884764 -0.168316
6.95 0.229098 -0.00872963 -0.157919
6.96 0.205109 -0.00860484 -0.14617
6.97 0.176402 -0.00848598 -0.132851
6.98 0.144998 -0.00838451 -0.118133
6.99 0.112692 -0.00830764 -0.102639
7 0.0809665 -0.00825768 -0.0871011
7.01 0.0517314 -0.00823344 -0.0720576
7.02 0.0272125 -0.00823122 -0.0579164
7.03 0.00862149 -0.00824496 -0.0450085
7.04 -0.00479018 -0.00826737 -0.0333536
7.05 -0.0155061 -0.00829186 -0.0224365
7.06 -0.0260916 -0.00831488 -0.0113666
7.07 -0.0373296 -0.00833718 0.000705321
7.08 -0.0483717 -0.00836192 0.0143346
7.09 -0.0582477 -0.00839139 0.0298081
7.1 -0.0668991 -0.00842456 0.0472193
7.11 -0.0751133 -0.00845615 0.0664062
7.12 -0.083914 -0.00848096 0.0869334
7.13 -0.0943929 -0.00849436 0.108303
7.14 -0.107736 -0.00849078 0.130192
7.15 -0.124829 -0.00846876 0.152453
7.16 -0.145757 -0.0084321 0.174943
7.17 -0.169713 -0.00838853 0.197506
7.18 -0.195181 -0.00834777 0.220028
7.19 -0.220166 -0.00831883 0.242314
7.2 -0.242631 -0.00830815 0.263881
7.21 -0.260821 -0.00831785 0.283979
7.22 -0.273062 -0.00834588 0.301772
7.23 -0.277831 -0.00838876 0.316509
7.24 -0.274361 -0.00844197 0.327626
7.25 -0.26299 -0.00850178 0.334794
7.26 -0.244817 -0.00856789 0.337909
7.27 -0.220962 -0.00864327 0.337015
7.28 -0.19222 -0.00873286 0.332168
7.29 -0.159324 -0.00884066 0.323329
7.3 -0.123024 -0.00896774 0.310492
7.31 -0.0837171 -0.00911099 0.293931
7.32 -0.0417476 -0.00926259 0.274265
7.33 0.00113156 -0.00940939 0.252326
7.34 0.0410535 -0.00953434 0.228996
7.35 0.0736077 -0.00962129 0.205073
7.36 0.0962999 -0.00966037 0.181198
7.37 0.109493 -0.00964987 0.15781
7.38 0.11504 -0.00959443 0.135181
7.39 0.114299 -0.00950156 0.113512
7.4 0.107916 -0.00937949 0.0928488
7.41 0.0968915 -0.0092357 0.0729463
7.42 0.0830596 -0.00907601 0.0533284
7.43 0.0683217 -0.00890541 0.0334587
7.44 0.0531728 -0.0087261 0.0127906
7.45 0.0365643 -0.00853832 -0.00922488
7.46 0.0174713 -0.00834456 -0.0330085
7.47 -0.00356925 -0.00815093 -0.0586552
7.48 -0.0242213 -0.00796735 -0.0858541
7.49 -0.0414663 -0.00780462 -0.114134
7.5 -0.0531564 -0.00766981 -0.143297
7.51 -0.058658 -0.0075638 -0.173511
7.52 -0.0581603 -0.00748259 -0.204905
7.53 -0.0521014 -0.00741927 -0.237121
7.54 -0.0413016 -0.00736579 -0.269332
7.55 -0.0272267 -0.00731496 -0.300635
7.56 -0.0122614 -0.00726141 -0.330351
7.57 0.000856932 -0.00720321 -0.358001
7.58 0.0109864 -0.00714388 -0.383075
7.59 0.0197894 -0.00709271 -0.40492
7.6 0.0301914 -0.00706008 -0.422945
7.61 0.0437153 -0.00705258 -0.436858
7.62 0.0593673 -0.00707081 -0.446628
7.63 0.0747526 -0.00711046 -0.452254
7.64 0.0880823 -0.00716524 -0.45358
7.65 0.099122 -0.00723074 -0.450371
7.66 0.109057 -0.00730606 -0.442561
7.67 0.119714 -0.0073927 -0.430387
7.68 0.132055 -0.00749327 -0.414338
7.69 0.145473 -0.00760941 -0.395011
7.7 0.158928 -0.00774227 -0.372944
7.71 0.172341 -0.00789246 -0.348483
7.72 0.186324 -0.00805908 -0.321749
7.73 0.200856 -0.00823804 -0.292741
7.74 0.214973 -0.00842206 -0.261474
7.75 0.22773 -0.00860333 -0.228047
7.76 0.238891 -0.00877572 -0.192614
7.77 0.248503 -0.00893569 -0.155425
7.78 0.256091 -0.00908203 -0.117024
7.79 0.260383 -0.00921461 -0.0783369
7.8 0.260034 -0.00933491 -0.0403836
7.81 0.254653 -0.00944553 -0.00398287
7.82 0.245447 -0.00954969 0.0302523
7.83 0.235179 -0.00964992 0.0618456
7.84 0.226888 -0.0097458 0.0904557
7.85 0.222256 -0.0098337 0.115914
7.86 0.221356 -0.00990813 0.138285
7.87 0.223471 -0.00996445 0.157736
7.88 0.227464 -0.0100007 0.174314
7.89 0.23176 -0.0100185 0.187993
7.9 0.234548 -0.0100228 0.198942
7.91 0.23416 -0.0100214 0.207639
7.92 0.229745 -0.0100228 0.214737
7.93 0.221673 -0.0100324 0.220802
7.94 0.211115 -0.0100498 0.226132
7.95 0.198847 -0.0100694 0.230747
7.96 0.184365 -0.0100793 0.234503
7.97 0.166221 -0.0100647 0.237232
7.98 0.142873 -0.0100132 0.238844
7.99 0.113624 -0.00991812 0.239458
8 0.0791698 -0.00977998 0.239486
8.01 0.0409094 -0.00960682 0.239495
8.02 -0.000305421 -0.00940946 0.240021
8.03 -0.0442685 -0.00919856 0.241408
8.04 -0.090162 -0.00898461 0.243633
8.05 -0.135863 -0.00877622 0.246258
8.06 -0.179149 -0.00857817 0.248588
8.07 -0.219338 -0.00839117 0.249858
8.08 -0.257139 -0.00821339 0.249405
8.09 -0.292961 -0.00804491 0.246875
8.1 -0.325938 -0.00788928 0.242262
8.11 -0.354588 -0.00775231 0.23564
8.12 -0.377605 -0.00764066 0.226883
8.13 -0.394027 -0.00755905 0.21572
8.14 -0.403347 -0.00750838 0.202076
8.15 -0.405721 -0.00748552 0.18642
8.16 -0.401944 -0.00748353 0.169749
8.17 -0.393225 -0.00749359 0.153108
8.18 -0.380811 -0.00750682 0.137116
8.19 -0.365691 -0.00751577 0.121895
8.2 -0.348747 -0.00751722 0.107335
8.21 -0.330922 -0.00751247 0.0933502
8.22 -0.313112 -0.00750666 0.0800006
8.23 -0.296137 -0.00750729 0.0675483
8.24 -0.280708 -0.00752137 0.0564262
8.25 -0.267162 -0.0075532 0.0471079
8.26 -0.255365 -0.00760314 0.0399115
8.27 -0.245125 -0.00766655 0.0348651
8.28 -0.236488 -0.0077349 0.0317508
8.29 -0.229451 -0.00779831 0.0302506
8.3 -0.223863 -0.00784835 0.0300715
8.31 -0.219851 -0.00787969 0.0310288
8.32 -0.217876 -0.00789101 0.0330775
8.33 -0.218115 -0.00788546 0.0362291
8.34 -0.220151 -0.00786935 0.0403746
8.35 -0.223379 -0.00784956 0.0451704
8.36 -0.227471 -0.00783105 0.0500955
8.37 -0.232556 -0.00781546 0.0546555
8.38 -0.238978 -0.00780133 0.0586351
8.39 -0.24676 -0.00778566 0.0622085
8.4 -0.255528 -0.00776525 0.0657725
8.41 -0.265039 -0.00773759 0.0697188
8.42 -0.275392 -0.00770186 0.0743404
8.43 -0.286684 -0.00765991 0.0797868
8.44 -0.298819 -0.00761617 0.0861085
8.45 -0.311621 -0.00757644 0.0933714
8.46 -0.32489 -0.00754616 0.10163
8.47 -0.338257 -0.00752888 0.110807
8.48 -0.351253 -0.00752519 0.120631
8.49 -0.363796 -0.00753196 0.130586
8.5 -0.376431 -0.00754277 0.139926
8.51 -0.389652 -0.00755028 0.147932
8.52 -0.402975 -0.00754962 0.154174
8.53 -0.414972 -0.00753904 0.158559
8.54 -0.424202 -0.00751883 0.161317
8.55 -0.429974 -0.00749088 0.162899
8.56 -0.432561 -0.00745842 0.163794
8.57 -0.432856 -0.00742564 0.164441
8.58 -0.431542 -0.00739657 0.165189
8.59 -0.428632 -0.00737522 0.166238
8.6 -0.424068 -0.00736485 0.167682
8.61 -0.418562 -0.00736679 0.169617
8.62 -0.413399 -0.00738086 0.172171
8.63 -0.409608 -0.00740654 0.175512
8.64 -0.407743 -0.00744353 0.179896
8.65 -0.408188 -0.00749103 0.185576
8.66 -0.411146 -0.00754705 0.192636
8.67 -0.416339 -0.00760806 0.200934
8.68 -0.422919 -0.00766949 0.210177
8.69 -0.429882 -0.00772578 0.220041
8.7 -0.43672 -0.00777055 0.230182
8.71 -0.443468 -0.00779755 0.240114
8.72 -0.449852 -0.00780295 0.249186
8.73 -0.454607 -0.00778771 0.256756
8.74 -0.456088 -0.00775647 0.262466
8.75 -0.453416 -0.00771629 0.266325
8.76 -0.446758 -0.00767586 0.268503
8.77 -0.436586 -0.00764445 0.269008
8.78 -0.422498 -0.00763152 0.267466
8.79 -0.402852 -0.0076458 0.263097
8.8 -0.375586 -0.00769366 0.254966
8.81 -0.339075 -0.00777807 0.242361
8.82 -0.292672 -0.00789843 0.22502
8.83 -0.237196 -0.00805087 0.203135
8.84 -0.175202 -0.00822876 0.177218
8.85 -0.110586 -0.00842377 0.147892
8.86 -0.047368 -0.00862706 0.115674
8.87 0.0116342 -0.00882949 0.0809121
8.88 0.0655973 -0.00902432 0.0438466
8.89 0.115408 -0.00920452 0.00477865
8.9 0.162243 -0.00936039 -0.035758
8.91 0.206432 -0.0094793 -0.0770247
8.92 0.247638 -0.00954767 -0.118268
8.93 0.285632 -0.00955565 -0.158834
8.94 0.32064 -0.0094993 -0.198128
8.95 0.353174 -0.00938443 -0.235476
8.96 0.383968 -0.00922702 -0.270095
8.97 0.414094 -0.00904547 -0.301363
8.98 0.444671 -0.00885528 -0.329068
8.99 0.476328 -0.00868397 -0.353338
9 0.509118 -0.00855247 -0.374485
9.01 0.542733 -0.00848377 -0.392891
9.02 0.576766 -0.00849074 -0.408865
9.03 0.610903 -0.00857601 -0.422601
9.04 0.644657 -0.00873703 -0.434222
9.05 0.676963 -0.0089587 -0.443776
9.06 0.70637 -0.00922653 -0.451173
9.07 0.731462 -0.00951127 -0.456164
9.08 0.751083 -0.00978463 -0.458357
9.09 0.764514 -0.0100263 -0.457322
9.1 0.77133 -0.0102209 -0.452775
9.11 0.770878 -0.0103526 -0.444685
9.12 0.762146 -0.0104092 -0.433318
9.13 0.74418 -0.0103845 -0.419153
9.14 0.716604 -0.0102782 -0.402639
9.15 0.6801 -0.0100961 -0.384106
9.16 0.63636 -0.00985102 -0.363895
9.17 0.587011 -0.00956163 -0.342464
9.18 0.532678 -0.00925002 -0.320326
9.19 0.473288 -0.00894013 -0.297828
9.2 0.40905 -0.00865557 -0.274846
9.21 0.341132 -0.00841684 -0.250824
9.22 0.271402 -0.00823768 -0.225298
9.23 0.201624 -0.00812252 -0.198296
9.24 0.13279 -0.00806618 -0.170316
9.25 0.0649119 -0.00805525 -0.142104
9.26 -0.00261656 -0.00807105 -0.114364
9.27 -0.0700978 -0.0080928 -0.0875558
9.28 -0.136701 -0.00809277 -0.0619145
9.29 -0.20073 -0.00803777 -0.0374781
9.3 -0.260864 -0.00795146 -0.0140012
9.31 -0.316849 -0.00784374 0.00904736
9.32 -0.368884 -0.00770064 0.0321703
9.33 -0.416896 -0.00752963 0.0554783
9.34 -0.460727 -0.00733331 0.0786512
9.35 -0.500444 -0.00712609 0.101165
9.36 -0.536029 -0.0069185 0.122516
9.37 -0.567117 -0.00672438 0.142271
9.38 -0.593219 -0.00655751 0.160036
9.39 -0.613961 -0.00643249 0.17545
9.4 -0.628847 -0.00636192 0.188173
9.41 -0.636815 -0.00635494 0.197843
9.42 -0.636509 -0.00641591 0.204074
9.43 -0.627235 -0.00654235 0.206514
9.44 -0.609379 -0.00672452 0.204936
9.45 -0.584101 -0.00694626 0.199365
9.46 -0.552774 -0.00718838 0.190155
9.47 -0.516314 -0.00743139 0.177804
9.48 -0.475006 -0.00765805 0.162704
9.49 -0.428948 -0.00785494 0.145105
9.5 -0.378775 -0.00801328 0.12524
9.51 -0.326308 -0.00812848 0.103415
9.52 -0.274003 -0.00820072 0.0800789
9.53 -0.223157 -0.00823627 0.0558181
9.54 -0.173097 -0.00824623 0.0312796
9.55 -0.122092 -0.00824516 0.00711781
9.56 -0.068568 -0.00824797 -0.016082
9.57 -0.0117695 -0.00825567 -0.0380024
9.58 0.0485572 -0.00826619 -0.0587872
9.59 0.112942 -0.0083078 -0.0789259
9.6 0.182053 -0.0083923 -0.0989259
9.61 0.255711 -0.00852139 -0.119126
9.62 0.332305 -0.00870383 -0.139698
9.63 0.409501 -0.00893859 -0.160742
9.64 0.485734 -0.0092254 -0.182395
9.65 0.560867 -0.00955576 -0.204827
9.66 0.635401 -0.00991668 -0.228203
9.67 0.709103 -0.0102882 -0.252664
9.68 0.780216 -0.0106442 -0.278283
9.69 0.846177 -0.0109519 -0.304994
9.7 0.905182 -0.0111812 -0.332573
9.71 0.956542 -0.0113029 -0.360699
9.72 0.999716 -0.0113187 -0.389016
9.73 1.034 -0.0112376 -0.417157
9.74 1.05937 -0.0110656 -0.444732
9.75 1.07689 -0.0108189 -0.471359
9.76 1.08766 -0.0105112 -0.496728
9.77 1.09155 -0.0101684 -0.520572
9.78 1.08733 -0.00981869 -0.542559
9.79 1.07412 -0.00949239 -0.562239
9.8 1.05221 -0.00921571 -0.57904
9.81 1.02306 -0.00899657 -0.592372
9.82 0.988959 -0.0088308 -0.601752
9.83 0.952354 -0.00871725 -0.606831
9.84 0.914898 -0.00865429 -0.607382
9.85 0.877171 -0.0086353 -0.603324
9.86 0.839261 -0.00865226 -0.59471
9.87 0.801267 -0.00869536 -0.581632
9.88 0.763298 -0.00875438 -0.564165
9.89 0.72512 -0.00881945 -0.542421
9.9 0.686033 -0.00888136 -0.516621
9.91 0.645441 -0.00893229 -0.487074
9.92 0.603531 -0.00896636 -0.454071
9.93 0.561161 -0.00898034 -0.417801
9.94 0.519195 -0.00897423 -0.378356
9.95 0.478059 -0.00895121 -0.335905
9.96 0.437868 -0.00891711 -0.290939
9.97 0.398706 -0.00887967 -0.24423
9.98 0.360568 -0.00884866 -0.196558
9.99 0.323011 -0.00883534 -0.148489
10 0.284741 -0.00885117 -0.100249
