0.1 6.3982e-018
0.2 7.7343e-018
0.3 3.60617e-018
0.4 -9.25995e-018
0.5 -1.24365e-017
0.6 -7.59295e-018
0.7 -7.42131e-018
0.8 -1.53874e-017
0.9 -1.89075e-017
1 -1.80845e-017
0.01 -4.67543e-008
0.02 -1.82975e-007
0.03 -3.55763e-007
0.04 -5.20109e-007
0.05 -6.81766e-007
0.06 -8.40888e-007
0.07 -9.91568e-007
0.08 -1.12477e-006
0.09 -1.23124e-006
0.1 -1.30369e-006
0.11 -1.33779e-006
0.12 -1.33223e-006
0.13 -1.2887e-006
0.14 -1.21166e-006
0.15 -1.10724e-006
0.16 -9.80893e-007
0.17 -8.36202e-007
0.18 -6.7611e-007
0.19 -5.03638e-007
0.2 -3.22186e-007
0.21 -1.34836e-007
0.22 5.79357e-008
0.23 2.57331e-007
0.24 4.63196e-007
0.25 6.72703e-007
0.26 8.83317e-007
0.27 1.10016e-006
0.28 1.33609e-006
0.29 1.60051e-006
0.3 1.89299e-006
0.31 2.21232e-006
0.32 2.56119e-006
0.33 2.93872e-006
0.34 3.34046e-006
0.35 3.76222e-006
0.36 4.19826e-006
0.37 4.64128e-006
0.38 5.08565e-006
0.39 5.52546e-006
0.4 5.94899e-006
0.41 6.34158e-006
0.42 6.69098e-006
0.43 6.99029e-006
0.44 7.24049e-006
0.45 7.4453e-006
0.46 7.60906e-006
0.47 7.74088e-006
0.48 7.84868e-006
0.49 7.93458e-006
0.5 8.00586e-006
0.51 8.07658e-006
0.52 8.15377e-006
0.53 8.24136e-006
0.54 8.35485e-006
0.55 8.51472e-006
0.56 8.7202e-006
0.57 8.93355e-006
0.58 9.10274e-006
0.59 9.20283e-006
0.6 9.24454e-006
0.61 9.23887e-006
0.62 9.17463e-006
0.63 9.05635e-006
0.64 8.9197e-006
0.65 8.7697e-006
0.66 8.56781e-006
0.67 8.29332e-006
0.68 7.96202e-006
0.69 7.59544e-006
0.7 7.21001e-006
0.71 6.82391e-006
0.72 6.44243e-006
0.73 6.04873e-006
0.74 5.61835e-006
0.75 5.135e-006
0.76 4.60017e-006
0.77 4.03871e-006
0.78 3.49945e-006
0.79 3.02632e-006
0.8 2.62441e-006
0.81 2.2749e-006
0.82 1.96339e-006
0.83 1.68091e-006
0.84 1.4218e-006
0.85 1.20282e-006
0.86 1.06102e-006
0.87 9.86008e-007
0.88 9.13381e-007
0.89 8.27937e-007
0.9 8.00896e-007
0.91 9.05337e-007
0.92 1.11947e-006
0.93 1.35272e-006
0.94 1.56261e-006
0.95 1.78468e-006
0.96 2.0715e-006
0.97 2.42219e-006
0.98 2.75949e-006
0.99 3.02304e-006
1 3.2356e-006
1.01 3.41651e-006
1.02 3.54452e-006
1.03 3.64757e-006
1.04 3.81306e-006
1.05 4.07481e-006
1.06 4.36968e-006
1.07 4.63332e-006
1.08 4.89916e-006
1.09 5.23498e-006
1.1 5.60172e-006
1.11 5.90634e-006
1.12 6.1754e-006
1.13 6.54264e-006
1.14 7.07108e-006
1.15 7.76199e-006
1.16 8.65857e-006
1.17 9.75851e-006
1.18 1.09776e-005
1.19 1.22144e-005
1.2 1.33707e-005
1.21 1.43754e-005
1.22 1.51891e-005
1.23 1.5794e-005
1.24 1.62144e-005
1.25 1.65446e-005
1.26 1.6903e-005
1.27 1.73469e-005
1.28 1.78711e-005
1.29 1.84168e-005
1.3 1.89007e-005
1.31 1.93236e-005
1.32 1.97569e-005
1.33 2.02247e-005
1.34 2.07706e-005
1.35 2.15407e-005
1.36 2.25994e-005
1.37 2.37935e-005
1.38 2.48644e-005
1.39 2.56303e-005
1.4 2.60543e-005
1.41 2.61307e-005
1.42 2.58663e-005
1.43 2.53812e-005
1.44 2.47935e-005
1.45 2.40469e-005
1.46 2.29683e-005
1.47 2.14289e-005
1.48 1.93633e-005
1.49 1.66483e-005
1.5 1.31808e-005
1.51 9.19606e-006
1.52 5.29824e-006
1.53 1.97112e-006
1.54 -7.59166e-007
1.55 -3.08138e-006
1.56 -5.11013e-006
1.57 -6.89405e-006
1.58 -8.49883e-006
1.59 -1.00252e-005
1.6 -1.16281e-005
1.61 -1.3441e-005
1.62 -1.53725e-005
1.63 -1.70023e-005
1.64 -1.77462e-005
1.65 -1.72841e-005
1.66 -1.5832e-005
1.67 -1.39438e-005
1.68 -1.21182e-005
1.69 -1.06148e-005
1.7 -9.50468e-006
1.71 -8.67008e-006
1.72 -7.78046e-006
1.73 -6.49917e-006
1.74 -4.7116e-006
1.75 -2.4706e-006
1.76 1.2376e-007
1.77 2.85395e-006
1.78 5.31852e-006
1.79 7.21137e-006
1.8 8.63166e-006
1.81 9.93283e-006
1.82 1.14133e-005
1.83 1.32076e-005
1.84 1.53281e-005
1.85 1.76641e-005
1.86 1.99258e-005
1.87 2.19045e-005
1.88 2.39069e-005
1.89 2.64929e-005
1.9 2.96218e-005
1.91 3.2574e-005
1.92 3.47076e-005
1.93 3.57903e-005
1.94 3.57724e-005
1.95 3.46664e-005
1.96 3.26981e-005
1.97 3.03446e-005
1.98 2.79899e-005
1.99 2.5631e-005
2 2.29771e-005
2.01 1.97276e-005
2.02 1.57916e-005
2.03 1.12354e-005
2.04 6.14748e-006
2.05 8.27641e-007
2.06 -4.18591e-006
2.07 -8.63444e-006
2.08 -1.27841e-005
2.09 -1.70345e-005
2.1 -2.14914e-005
2.11 -2.59793e-005
2.12 -3.04093e-005
2.13 -3.49134e-005
2.14 -3.96157e-005
2.15 -4.44133e-005
2.16 -4.89252e-005
2.17 -5.27814e-005
2.18 -5.6084e-005
2.19 -5.92569e-005
2.2 -6.23783e-005
2.21 -6.5129e-005
2.22 -6.72936e-005
2.23 -6.89348e-005
2.24 -7.01488e-005
2.25 -7.08868e-005
2.26 -7.1104e-005
2.27 -7.07673e-005
2.28 -6.96402e-005
2.29 -6.74434e-005
2.3 -6.4178e-005
2.31 -6.00192e-005
2.32 -5.5097e-005
2.33 -4.95411e-005
2.34 -4.35596e-005
2.35 -3.73837e-005
2.36 -3.11712e-005
2.37 -2.50665e-005
2.38 -1.91855e-005
2.39 -1.33551e-005
2.4 -7.24954e-006
2.41 -7.86252e-007
2.42 5.94841e-006
2.43 1.27708e-005
2.44 1.92213e-005
2.45 2.48182e-005
2.46 2.95611e-005
2.47 3.38769e-005
2.48 3.81486e-005
2.49 4.24521e-005
2.5 4.65701e-005
2.51 5.01822e-005
2.52 5.30477e-005
2.53 5.50183e-005
2.54 5.60905e-005
2.55 5.64447e-005
2.56 5.6311e-005
2.57 5.58358e-005
2.58 5.50384e-005
2.59 5.38094e-005
2.6 5.19885e-005
2.61 4.95224e-005
2.62 4.65403e-005
2.63 4.32804e-005
2.64 3.9816e-005
2.65 3.58254e-005
2.66 3.0918e-005
2.67 2.51196e-005
2.68 1.88707e-005
2.69 1.26514e-005
2.7 6.58156e-006
2.71 4.60029e-007
2.72 -5.79138e-006
2.73 -1.18814e-005
2.74 -1.74708e-005
2.75 -2.26112e-005
2.76 -2.75841e-005
2.77 -3.25377e-005
2.78 -3.74708e-005
2.79 -4.22098e-005
2.8 -4.6347e-005
2.81 -4.96239e-005
2.82 -5.22426e-005
2.83 -5.45866e-005
2.84 -5.68957e-005
2.85 -5.91427e-005
2.86 -6.11732e-005
2.87 -6.2899e-005
2.88 -6.41673e-005
2.89 -6.46897e-005
2.9 -6.43005e-005
2.91 -6.30696e-005
2.92 -6.11391e-005
2.93 -5.86647e-005
2.94 -5.58133e-005
2.95 -5.26869e-005
2.96 -4.93376e-005
2.97 -4.59064e-005
2.98 -4.26355e-005
2.99 -3.96312e-005
3 -3.66497e-005
3.01 -3.32391e-005
3.02 -2.90876e-005
3.03 -2.41732e-005
3.04 -1.877e-005
3.05 -1.33772e-005
3.06 -8.43437e-006
3.07 -3.96991e-006
3.08 3.96105e-007
3.09 4.95917e-006
3.1 9.59499e-006
3.11 1.41002e-005
3.12 1.86907e-005
3.13 2.39011e-005
3.14 2.98978e-005
3.15 3.61119e-005
3.16 4.16699e-005
3.17 4.58674e-005
3.18 4.84232e-005
3.19 4.97544e-005
3.2 5.07502e-005
3.21 5.19656e-005
3.22 5.31981e-005
3.23 5.38626e-005
3.24 5.35039e-005
3.25 5.19175e-005
3.26 4.91499e-005
3.27 4.56321e-005
3.28 4.20303e-005
3.29 3.87452e-005
3.3 3.5713e-005
3.31 3.27161e-005
3.32 2.97539e-005
3.33 2.69227e-005
3.34 2.39573e-005
3.35 2.03541e-005
3.36 1.60255e-005
3.37 1.14569e-005
3.38 7.34547e-006
3.39 4.22656e-006
3.4 2.10026e-006
3.41 2.93431e-007
3.42 -2.04467e-006
3.43 -5.25888e-006
3.44 -9.09317e-006
3.45 -1.31036e-005
3.46 -1.7034e-005
3.47 -2.08883e-005
3.48 -2.4765e-005
3.49 -2.87053e-005
3.5 -3.28149e-005
3.51 -3.73406e-005
3.52 -4.22389e-005
3.53 -4.69303e-005
3.54 -5.08055e-005
3.55 -5.37878e-005
3.56 -5.63913e-005
3.57 -5.92484e-005
3.58 -6.256e-005
3.59 -6.59751e-005
3.6 -6.87789e-005
3.61 -7.02942e-005
3.62 -7.04132e-005
3.63 -6.97397e-005
3.64 -6.90515e-005
3.65 -6.8677e-005
3.66 -6.84592e-005
3.67 -6.81517e-005
3.68 -6.762e-005
3.69 -6.67488e-005
3.7 -6.54509e-005
3.71 -6.374e-005
3.72 -6.15874e-005
3.73 -5.88534e-005
3.74 -5.54854e-005
3.75 -5.15712e-005
3.76 -4.72073e-005
3.77 -4.24011e-005
3.78 -3.7108e-005
3.79 -3.13545e-005
3.8 -2.52193e-005
3.81 -1.8764e-005
3.82 -1.21145e-005
3.83 -5.42252e-006
3.84 1.28603e-006
3.85 7.9886e-006
3.86 1.45255e-005
3.87 2.06733e-005
3.88 2.62424e-005
3.89 3.11135e-005
3.9 3.51591e-005
3.91 3.80899e-005
3.92 3.94773e-005
3.93 3.91811e-005
3.94 3.76765e-005
3.95 3.56912e-005
3.96 3.37156e-005
3.97 3.19805e-005
3.98 3.06592e-005
3.99 2.99214e-005
4 2.96257e-005
4.01 2.91368e-005
4.02 2.7895e-005
4.03 2.58952e-005
4.04 2.33135e-005
4.05 2.02221e-005
4.06 1.69184e-005
4.07 1.38969e-005
4.08 1.12261e-005
4.09 8.44581e-006
4.1 5.11109e-006
4.11 1.03178e-006
4.12 -3.72412e-006
4.13 -8.70015e-006
4.14 -1.33658e-005
4.15 -1.76258e-005
4.16 -2.1709e-005
4.17 -2.58273e-005
4.18 -2.99897e-005
4.19 -3.39276e-005
4.2 -3.73093e-005
4.21 -3.99235e-005
4.22 -4.15503e-005
4.23 -4.2082e-005
4.24 -4.17046e-005
4.25 -4.04698e-005
4.26 -3.8127e-005
4.27 -3.46043e-005
4.28 -3.00688e-005
4.29 -2.47109e-005
4.3 -1.90029e-005
4.31 -1.37317e-005
4.32 -9.38711e-006
4.33 -5.8601e-006
4.34 -2.75607e-006
4.35 3.41752e-007
4.36 3.78026e-006
4.37 7.65481e-006
4.38 1.17196e-005
4.39 1.54194e-005
4.4 1.81285e-005
4.41 1.96815e-005
4.42 2.05422e-005
4.43 2.15042e-005
4.44 2.34475e-005
4.45 2.69361e-005
4.46 3.1658e-005
4.47 3.65958e-005
4.48 4.08675e-005
4.49 4.41186e-005
4.5 4.63101e-005
4.51 4.76998e-005
4.52 4.89037e-005
4.53 5.03699e-005
4.54 5.19798e-005
4.55 5.33916e-005
4.56 5.42364e-005
4.57 5.40843e-005
4.58 5.27914e-005
4.59 5.08438e-005
4.6 4.91251e-005
4.61 4.81694e-005
4.62 4.76816e-005
4.63 4.70906e-005
4.64 4.64744e-005
4.65 4.65056e-005
4.66 4.7569e-005
4.67 4.93561e-005
4.68 5.12635e-005
4.69 5.29372e-005
4.7 5.45353e-005
4.71 5.65694e-005
4.72 5.92934e-005
4.73 6.23557e-005
4.74 6.52543e-005
4.75 6.77973e-005
4.76 7.01387e-005
4.77 7.27565e-005
4.78 7.6055e-005
4.79 7.97537e-005
4.8 8.31318e-005
4.81 8.56995e-005
4.82 8.72644e-005
4.83 8.79431e-005
4.84 8.84819e-005
4.85 8.98343e-005
4.86 9.18365e-005
4.87 9.30577e-005
4.88 9.24165e-005
4.89 9.01594e-005
4.9 8.71834e-005
4.91 8.40424e-005
4.92 8.08172e-005
4.93 7.75399e-005
4.94 7.40944e-005
4.95 6.98534e-005
4.96 6.41316e-005
4.97 5.69424e-005
4.98 4.8739e-005
4.99 3.96178e-005
5 2.9525e-005
5.01 1.89865e-005
5.02 8.78553e-006
5.03 -7.61747e-007
5.04 -9.69145e-006
5.05 -1.81634e-005
5.06 -2.67385e-005
5.07 -3.60589e-005
5.08 -4.59602e-005
5.09 -5.55815e-005
5.1 -6.42615e-005
5.11 -7.16491e-005
5.12 -7.72767e-005
5.13 -8.09839e-005
5.14 -8.36458e-005
5.15 -8.65898e-005
5.16 -9.0324e-005
5.17 -9.45084e-005
5.18 -9.86773e-005
5.19 -0.000102255
5.2 -0.000104176
5.21 -0.00010328
5.22 -9.93289e-005
5.23 -9.30357e-005
5.24 -8.52732e-005
5.25 -7.68144e-005
5.26 -6.81657e-005
5.27 -5.92312e-005
5.28 -4.96468e-005
5.29 -3.93811e-005
5.3 -2.84447e-005
5.31 -1.64984e-005
5.32 -3.38788e-006
5.33 1.04976e-005
5.34 2.46413e-005
5.35 3.89245e-005
5.36 5.3654e-005
5.37 6.87537e-005
5.38 8.32158e-005
5.39 9.60644e-005
5.4 0.000107509
5.41 0.000118594
5.42 0.000130089
5.43 0.00014173
5.44 0.000152356
5.45 0.000161045
5.46 0.000167913
5.47 0.000173674
5.48 0.000178982
5.49 0.000184242
5.5 0.000189262
5.51 0.000193104
5.52 0.000195034
5.53 0.000195138
5.54 0.000193589
5.55 0.000190249
5.56 0.000184924
5.57 0.000177351
5.58 0.000167187
5.59 0.000154231
5.6 0.000138416
5.61 0.000119685
5.62 9.82963e-005
5.63 7.52794e-005
5.64 5.2093e-005
5.65 2.9583e-005
5.66 7.40789e-006
5.67 -1.54868e-005
5.68 -3.97167e-005
5.69 -6.47126e-005
5.7 -8.90914e-005
5.71 -0.000111648
5.72 -0.000131836
5.73 -0.000149317
5.74 -0.000163361
5.75 -0.000172872
5.76 -0.000177103
5.77 -0.000176175
5.78 -0.000170964
5.79 -0.000162961
5.8 -0.000154189
5.81 -0.000146378
5.82 -0.000139315
5.83 -0.000130465
5.84 -0.000117287
5.85 -9.96992e-005
5.86 -7.97983e-005
5.87 -5.98859e-005
5.88 -4.13874e-005
5.89 -2.46141e-005
5.9 -8.86032e-006
5.91 6.82243e-006
5.92 2.31964e-005
5.93 4.10013e-005
5.94 6.0585e-005
5.95 8.132e-005
5.96 0.000101645
5.97 0.000119924
5.98 0.000135315
5.99 0.000147506
6 0.000155623
6.01 0.000157869
6.02 0.000152571
6.03 0.000138939
6.04 0.000116959
6.05 8.74085e-005
6.06 5.16735e-005
6.07 1.13811e-005
6.08 -3.175e-005
6.09 -7.63921e-005
6.1 -0.000121861
6.11 -0.00016724
6.12 -0.000210735
6.13 -0.000250065
6.14 -0.00028254
6.15 -0.000304956
6.16 -0.000314583
6.17 -0.000310168
6.18 -0.000291936
6.19 -0.000261535
6.2 -0.000221862
6.21 -0.000175623
6.22 -0.000123689
6.23 -6.52158e-005
6.24 3.92593e-007
6.25 7.14666e-005
6.26 0.00014346
6.27 0.000210029
6.28 0.000265689
6.29 0.000308606
6.3 0.000341231
6.31 0.00036723
6.32 0.000387556
6.33 0.000399791
6.34 0.000400061
6.35 0.000385533
6.36 0.000356506
6.37 0.000317641
6.38 0.000276723
6.39 0.000239786
6.4 0.000207321
6.41 0.000176655
6.42 0.000146242
6.43 0.000116137
6.44 8.70196e-005
6.45 6.04272e-005
6.46 3.85235e-005
6.47 2.22999e-005
6.48 1.0253e-005
6.49 -5.676e-007
6.5 -1.25888e-005
6.51 -2.70533e-005
6.52 -4.48397e-005
6.53 -6.76283e-005
6.54 -9.76443e-005
6.55 -0.000135457
6.56 -0.000178731
6.57 -0.000223441
6.58 -0.000265575
6.59 -0.000302487
6.6 -0.000333784
6.61 -0.000360705
6.62 -0.000384523
6.63 -0.000405676
6.64 -0.000423604
6.65 -0.000436993
6.66 -0.000444686
6.67 -0.000446208
6.68 -0.00044127
6.69 -0.000429242
6.7 -0.000409541
6.71 -0.000382662
6.72 -0.000350617
6.73 -0.000315637
6.74 -0.000278429
6.75 -0.000238351
6.76 -0.000194296
6.77 -0.000144822
6.78 -8.87473e-005
6.79 -2.62543e-005
6.8 4.07133e-005
6.81 0.000109437
6.82 0.00017775
6.83 0.000243923
6.84 0.000305726
6.85 0.000360785
6.86 0.00040819
6.87 0.000448686
6.88 0.000482785
6.89 0.000509338
6.9 0.000526142
6.91 0.000531995
6.92 0.000527639
6.93 0.000513978
6.94 0.000490193
6.95 0.000454559
6.96 0.000406962
6.97 0.000350003
6.98 0.000287694
6.99 0.000223595
7 0.000160648
7.01 0.000102642
7.02 5.39931e-005
7.03 1.71061e-005
7.04 -9.50433e-006
7.05 -3.07661e-005
7.06 -5.1769e-005
7.07 -7.40667e-005
7.08 -9.59755e-005
7.09 -0.000115571
7.1 -0.000132736
7.11 -0.000149034
7.12 -0.000166496
7.13 -0.000187287
7.14 -0.000213762
7.15 -0.000247677
7.16 -0.000289201
7.17 -0.000336732
7.18 -0.000387263
7.19 -0.000436837
7.2 -0.000481411
7.21 -0.000517502
7.22 -0.00054179
7.23 -0.000551251
7.24 -0.000544368
7.25 -0.000521806
7.26 -0.000485748
7.27 -0.000438417
7.28 -0.000381388
7.29 -0.000316118
7.3 -0.000244095
7.31 -0.000166105
7.32 -8.28325e-005
7.33 2.24515e-006
7.34 8.14554e-005
7.35 0.000146047
7.36 0.000191071
7.37 0.000217248
7.38 0.000228253
7.39 0.000226783
7.4 0.00021412
7.41 0.000192245
7.42 0.000164801
7.43 0.000135559
7.44 0.000105502
7.45 7.25482e-005
7.46 3.46653e-005
7.47 -7.08184e-006
7.48 -4.80582e-005
7.49 -8.22743e-005
7.5 -0.000105469
7.51 -0.000116385
7.52 -0.000115397
7.53 -0.000103376
7.54 -8.19475e-005
7.55 -5.40213e-005
7.56 -2.43281e-005
7.57 1.70026e-006
7.58 2.17984e-005
7.59 3.92647e-005
7.6 5.99036e-005
7.61 8.67367e-005
7.62 0.000117792
7.63 0.000148319
7.64 0.000174766
7.65 0.000196671
7.66 0.000216383
7.67 0.000237527
7.68 0.000262014
7.69 0.000288636
7.7 0.000315333
7.71 0.000341946
7.72 0.00036969
7.73 0.000398525
7.74 0.000426533
7.75 0.000451846
7.76 0.00047399
7.77 0.000493062
7.78 0.000508117
7.79 0.000516634
7.8 0.000515941
7.81 0.000505263
7.82 0.000486997
7.83 0.000466624
7.84 0.000450174
7.85 0.000440984
7.86 0.000439198
7.87 0.000443395
7.88 0.000451317
7.89 0.000459842
7.9 0.000465373
7.91 0.000464604
7.92 0.000455843
7.93 0.000439828
7.94 0.00041888
7.95 0.000394537
7.96 0.000365804
7.97 0.000329803
7.98 0.000283478
7.99 0.000225445
8 0.000157083
8.01 8.11694e-005
8.02 -6.05995e-007
8.03 -8.78343e-005
8.04 -0.000178893
8.05 -0.00026957
8.06 -0.000355455
8.07 -0.000435194
8.08 -0.000510196
8.09 -0.000581272
8.1 -0.000646703
8.11 -0.000703548
8.12 -0.000749217
8.13 -0.000781799
8.14 -0.000800292
8.15 -0.000805001
8.16 -0.000797508
8.17 -0.000780209
8.18 -0.000755577
8.19 -0.000725578
8.2 -0.000691959
8.21 -0.000656592
8.22 -0.000621253
8.23 -0.000587574
8.24 -0.00055696
8.25 -0.000530082
8.26 -0.000506676
8.27 -0.000486359
8.28 -0.000469222
8.29 -0.000455259
8.3 -0.000444172
8.31 -0.000436213
8.32 -0.000432293
8.33 -0.000432768
8.34 -0.000436808
8.35 -0.000443212
8.36 -0.000451332
8.37 -0.00046142
8.38 -0.000474163
8.39 -0.000489604
8.4 -0.000506999
8.41 -0.000525871
8.42 -0.000546413
8.43 -0.000568817
8.44 -0.000592895
8.45 -0.000618296
8.46 -0.000644622
8.47 -0.000671146
8.48 -0.000696931
8.49 -0.000721817
8.5 -0.000746886
8.51 -0.00077312
8.52 -0.000799554
8.53 -0.000823357
8.54 -0.00084167
8.55 -0.000853122
8.56 -0.000858256
8.57 -0.000858841
8.58 -0.000856234
8.59 -0.00085046
8.6 -0.000841406
8.61 -0.000830479
8.62 -0.000820236
8.63 -0.000812714
8.64 -0.000809013
8.65 -0.000809898
8.66 -0.000815766
8.67 -0.000826069
8.68 -0.000839125
8.69 -0.00085294
8.7 -0.000866507
8.71 -0.000879897
8.72 -0.000892564
8.73 -0.000901998
8.74 -0.000904937
8.75 -0.000899635
8.76 -0.000886425
8.77 -0.000866243
8.78 -0.000838289
8.79 -0.00079931
8.8 -0.000745211
8.81 -0.000672767
8.82 -0.000580698
8.83 -0.000470626
8.84 -0.000347624
8.85 -0.000219418
8.86 -9.39842e-005
8.87 2.30838e-005
8.88 0.000130153
8.89 0.000228983
8.9 0.00032191
8.91 0.000409587
8.92 0.000491346
8.93 0.00056673
8.94 0.00063619
8.95 0.000700742
8.96 0.000761841
8.97 0.000821615
8.98 0.000882283
8.99 0.000945096
9 0.00101015
9.01 0.00107685
9.02 0.00114438
9.03 0.00121211
9.04 0.00127908
9.05 0.00134318
9.06 0.00140153
9.07 0.00145131
9.08 0.00149024
9.09 0.00151689
9.1 0.00153042
9.11 0.00152952
9.12 0.00151219
9.13 0.00147655
9.14 0.00142183
9.15 0.0013494
9.16 0.00126262
9.17 0.0011647
9.18 0.0010569
9.19 0.000939063
9.2 0.000811608
9.21 0.00067685
9.22 0.000538497
9.23 0.000400047
9.24 0.000263473
9.25 0.000128793
9.26 -5.19159e-006
9.27 -0.000139083
9.28 -0.000271233
9.29 -0.000398273
9.3 -0.000517587
9.31 -0.000628669
9.32 -0.000731913
9.33 -0.000827176
9.34 -0.000914141
9.35 -0.000992943
9.36 -0.00106355
9.37 -0.00112523
9.38 -0.00117702
9.39 -0.00121818
9.4 -0.00124771
9.41 -0.00126352
9.42 -0.00126291
9.43 -0.00124451
9.44 -0.00120908
9.45 -0.00115893
9.46 -0.00109677
9.47 -0.00102443
9.48 -0.000942473
9.49 -0.000851087
9.5 -0.000751537
9.51 -0.000647436
9.52 -0.000543656
9.53 -0.000442771
9.54 -0.000343446
9.55 -0.000242247
9.56 -0.000136048
9.57 -2.33521e-005
9.58 9.63436e-005
9.59 0.000224091
9.6 0.000361216
9.61 0.000507363
9.62 0.000659336
9.63 0.000812501
9.64 0.000963758
9.65 0.00111283
9.66 0.00126072
9.67 0.00140695
9.68 0.00154805
9.69 0.00167892
9.7 0.001796
9.71 0.0018979
9.72 0.00198356
9.73 0.00205159
9.74 0.00210192
9.75 0.00213669
9.76 0.00215806
9.77 0.00216576
9.78 0.00215741
9.79 0.0021312
9.8 0.00208772
9.81 0.00202988
9.82 0.00196222
9.83 0.00188959
9.84 0.00181527
9.85 0.00174042
9.86 0.0016652
9.87 0.00158982
9.88 0.00151448
9.89 0.00143873
9.9 0.00136118
9.91 0.00128064
9.92 0.00119748
9.93 0.00111342
9.94 0.00103015
9.95 0.00094853
9.96 0.000868786
9.97 0.000791082
9.98 0.000715413
9.99 0.000640895
10 0.000564963
