0.1 -3.98685 -19.317 5.97572 -5.98982e-014 -5.98982e-014
0.2 -7.97385 -38.6301 11.9506 -4.20118e-014 -4.20118e-014
0.3 -11.961 -57.9393 17.9247 3.00365e-013 3.00365e-013
0.4 -15.9483 -77.2444 23.8979 8.18629e-014 8.18629e-014
0.5 -19.9357 -96.5457 29.8703 -1.25424e-013 -1.25424e-013
0.6 -23.9233 -115.843 35.8419 -3.0475e-012 -3.0475e-012
0.7 -27.911 -135.136 41.8126 -2.65133e-013 -2.65133e-013
0.8 -31.8989 -154.426 47.7825 -5.60474e-014 -5.60474e-014
0.9 -35.887 -173.711 53.7516 -2.25149e-012 -2.25149e-012
1 -39.8752 -192.993 59.7199 -1.31109e-013 -1.31109e-013
0.01 -39.8751 -193.084 59.8128 -1.47006e-013 -1.47006e-013
0.02 -39.8751 -193.345 60.0826 6.05711e-006 6.05711e-006
0.03 -39.8749 -193.653 60.4075 5.40859e-005 5.40859e-005
0.04 -39.8749 -193.905 60.6602 0.000228821 0.000228821
0.05 -39.8752 -194.105 60.8146 0.000562708 0.000562708
0.06 -39.8756 -194.253 60.8565 0.000924025 0.000924025
0.07 -39.8765 -194.348 60.7855 0.00113961 0.00113961
0.08 -39.8777 -194.385 60.6143 0.00115066 0.00115066
0.09 -39.8792 -194.364 60.3671 0.00102816 0.00102816
0.1 -39.8809 -194.288 60.0716 0.000918678 0.000918678
0.11 -39.8828 -194.167 59.7516 0.00092855 0.00092855
0.12 -39.8849 -194.014 59.4234 0.00105599 0.00105599
0.13 -39.8873 -193.845 59.0905 0.00120018 0.00120018
0.14 -39.8898 -193.678 58.7495 0.00126137 0.00126137
0.15 -39.8928 -193.531 58.3967 0.00124678 0.00124678
0.16 -39.8958 -193.416 58.0374 0.0012573 0.0012573
0.17 -39.8991 -193.337 57.6811 0.00136427 0.00136427
0.18 -39.9025 -193.29 57.3375 0.00147428 0.00147428
0.19 -39.9062 -193.269 57.0045 0.00142738 0.00142738
0.2 -39.9098 -193.262 56.6722 0.00115762 0.00115762
0.21 -39.9139 -193.256 56.3266 0.000722802 0.000722802
0.22 -39.9179 -193.226 55.9583 0.000262462 0.000262462
0.23 -39.9222 -193.15 55.5583 -0.000132622 -0.000132622
0.24 -39.9264 -193.008 55.1208 -0.000441591 -0.000441591
0.25 -39.9307 -192.796 54.6393 -0.000540807 -0.000540807
0.26 -39.9348 -192.515 54.1121 -0.0002222 -0.0002222
0.27 -39.9389 -192.16 53.5356 0.000606416 0.000606416
0.28 -39.9425 -191.72 52.9063 0.00183747 0.00183747
0.29 -39.946 -191.2 52.2176 0.00319175 0.00319175
0.3 -39.9488 -190.631 51.4708 0.0043743 0.0043743
0.31 -39.9514 -190.046 50.6743 0.00531956 0.00531956
0.32 -39.9534 -189.468 49.8552 0.0062129 0.0062129
0.33 -39.9549 -188.919 49.0565 0.00724318 0.00724318
0.34 -39.956 -188.421 48.3176 0.00840586 0.00840586
0.35 -39.9566 -187.984 47.6554 0.00945473 0.00945473
0.36 -39.9567 -187.609 47.0639 0.0101478 0.0101478
0.37 -39.957 -187.296 46.5306 0.0104769 0.0104769
0.38 -39.9571 -187.031 46.0602 0.010571 0.010571
0.39 -39.9574 -186.799 45.6667 0.0105906 0.0105906
0.4 -39.9577 -186.594 45.3551 0.010613 0.010613
0.41 -39.9585 -186.416 45.1089 0.0105444 0.0105444
0.42 -39.9595 -186.262 44.9065 0.0103152 0.0103152
0.43 -39.9609 -186.119 44.739 0.0100353 0.0100353
0.44 -39.9625 -185.965 44.6141 0.00988286 0.00988286
0.45 -39.9641 -185.776 44.538 0.0100094 0.0100094
0.46 -39.9655 -185.54 44.4962 0.0104431 0.0104431
0.47 -39.9666 -185.244 44.4617 0.0110567 0.0110567
0.48 -39.967 -184.891 44.417 0.0117076 0.0117076
0.49 -39.9668 -184.506 44.3623 0.0123157 0.0123157
0.5 -39.9655 -184.112 44.3056 0.0128265 0.0128265
0.51 -39.9632 -183.718 44.2594 0.0131565 0.0131565
0.52 -39.9595 -183.351 44.25 0.0133113 0.0133113
0.53 -39.9545 -183.035 44.3175 0.0134207 0.0134207
0.54 -39.948 -182.766 44.4896 0.0135443 0.0135443
0.55 -39.94 -182.517 44.7563 0.0136689 0.0136689
0.56 -39.9308 -182.297 45.0998 0.0137453 0.0137453
0.57 -39.9208 -182.176 45.5396 0.0136832 0.0136832
0.58 -39.9103 -182.242 46.1165 0.0134444 0.0134444
0.59 -39.8997 -182.507 46.8387 0.0130906 0.0130906
0.6 -39.8894 -182.9 47.6639 0.012743 0.012743
0.61 -39.8796 -183.345 48.5265 0.0125093 0.0125093
0.62 -39.8708 -183.81 49.3776 0.012417 0.012417
0.63 -39.8632 -184.245 50.2007 0.0124136 0.0124136
0.64 -39.8567 -184.549 50.9989 0.0124023 0.0124023
0.65 -39.8513 -184.703 51.7853 0.0122964 0.0122964
0.66 -39.847 -184.796 52.5667 0.0120627 0.0120627
0.67 -39.844 -184.889 53.3265 0.0117312 0.0117312
0.68 -39.8419 -184.976 54.0534 0.0113851 0.0113851
0.69 -39.8403 -185.044 54.7689 0.0111192 0.0111192
0.7 -39.8386 -185.093 55.4938 0.0109806 0.0109806
0.71 -39.8365 -185.127 56.2073 0.0109615 0.0109615
0.72 -39.8341 -185.177 56.8529 0.0110023 0.0110023
0.73 -39.8313 -185.321 57.3855 0.0109878 0.0109878
0.74 -39.8283 -185.643 57.8356 0.0108431 0.0108431
0.75 -39.825 -186.194 58.2981 0.0105978 0.0105978
0.76 -39.8215 -186.97 58.8423 0.0103506 0.0103506
0.77 -39.8179 -187.901 59.464 0.0102078 0.0102078
0.78 -39.8143 -188.854 60.1244 0.0102174 0.0102174
0.79 -39.811 -189.699 60.7951 0.0103324 0.0103324
0.8 -39.8082 -190.395 61.4705 0.0104103 0.0104103
0.81 -39.806 -190.954 62.1305 0.010297 0.010297
0.82 -39.8051 -191.388 62.7182 0.0099347 0.0099347
0.83 -39.8052 -191.709 63.1748 0.00941136 0.00941136
0.84 -39.8069 -191.926 63.5101 0.00891898 0.00891898
0.85 -39.809 -192.013 63.765 0.00862263 0.00862263
0.86 -39.8114 -191.913 63.9961 0.00857073 0.00857073
0.87 -39.8131 -191.674 64.2729 0.00869659 0.00869659
0.88 -39.8143 -191.462 64.6687 0.00888147 0.00888147
0.89 -39.8143 -191.339 65.1706 0.00903592 0.00903592
0.9 -39.8131 -191.187 65.6861 0.00911262 0.00911262
0.91 -39.8099 -190.883 66.123 0.00911182 0.00911182
0.92 -39.8045 -190.498 66.5174 0.00908419 0.00908419
0.93 -39.7968 -190.229 67.005 0.00908245 0.00908245
0.94 -39.787 -190.164 67.6549 0.0091756 0.0091756
0.95 -39.7753 -190.206 68.3377 0.00942137 0.00942137
0.96 -39.7625 -190.212 68.8206 0.00978168 0.00978168
0.97 -39.7492 -190.14 69.0019 0.0100543 0.0100543
0.98 -39.7362 -190.104 68.9795 0.0100544 0.0100544
0.99 -39.7242 -190.179 68.8914 0.00983422 0.00983422
1 -39.7136 -190.277 68.7696 0.00954178 0.00954178
1.01 -39.7053 -190.321 68.5371 0.00928025 0.00928025
1.02 -39.7003 -190.326 68.114 0.00901537 0.00901537
1.03 -39.6989 -190.225 67.5522 0.00860411 0.00860411
1.04 -39.7 -189.85 67.0454 0.00795562 0.00795562
1.05 -39.703 -189.168 66.76 0.00706745 0.00706745
1.06 -39.7079 -188.357 66.7048 0.00606174 0.00606174
1.07 -39.7147 -187.606 66.7734 0.00517479 0.00517479
1.08 -39.7228 -186.901 66.8285 0.0046435 0.0046435
1.09 -39.7312 -186.144 66.7868 0.00458204 0.00458204
1.1 -39.7389 -185.451 66.6864 0.00490966 0.00490966
1.11 -39.7455 -185.026 66.646 0.0054282 0.0054282
1.12 -39.7496 -184.817 66.739 0.00591606 0.00591606
1.13 -39.7503 -184.544 66.8961 0.00622775 0.00622775
1.14 -39.7475 -184.07 66.8963 0.0063561 0.0063561
1.15 -39.7421 -183.392 66.4849 0.00642508 0.00642508
1.16 -39.7343 -182.434 65.5486 0.00663404 0.00663404
1.17 -39.7243 -181.213 64.2413 0.00698656 0.00698656
1.18 -39.7121 -179.909 62.9173 0.00728372 0.00728372
1.19 -39.698 -178.712 61.8643 0.00735797 0.00735797
1.2 -39.6833 -177.78 61.1116 0.00712131 0.00712131
1.21 -39.6697 -177.181 60.5075 0.00657653 0.00657653
1.22 -39.6585 -176.898 59.8886 0.00585423 0.00585423
1.23 -39.6508 -176.865 59.1631 0.00523411 0.00523411
1.24 -39.6473 -176.945 58.3303 0.00489092 0.00489092
1.25 -39.6477 -176.893 57.4599 0.00462015 0.00462015
1.26 -39.6514 -176.466 56.633 0.00412491 0.00412491
1.27 -39.658 -175.599 55.9169 0.00346168 0.00346168
1.28 -39.6669 -174.394 55.3654 0.00289712 0.00289712
1.29 -39.6776 -173.075 55.0103 0.00259976 0.00259976
1.3 -39.6897 -171.902 54.871 0.00254015 0.00254015
1.31 -39.7016 -170.93 54.9395 0.00259132 0.00259132
1.32 -39.7119 -170.035 55.1082 0.0027308 0.0027308
1.33 -39.7197 -169.171 55.1541 0.00302647 0.00302647
1.34 -39.7245 -168.255 54.8616 0.00366689 0.00366689
1.35 -39.7244 -167.016 54.2336 0.00479625 0.00479625
1.36 -39.7179 -165.385 53.557 0.00620939 0.00620939
1.37 -39.7048 -163.754 53.1506 0.00753457 0.00753457
1.38 -39.6869 -162.711 53.0733 0.00857608 0.00857608
1.39 -39.667 -162.619 53.0741 0.00937141 0.00937141
1.4 -39.6477 -163.458 52.7988 0.00993613 0.00993613
1.41 -39.6308 -165.052 52.1973 0.0101637 0.0101637
1.42 -39.6167 -167.142 51.661 0.00992038 0.00992038
1.43 -39.6052 -169.235 51.6032 0.00920073 0.00920073
1.44 -39.5969 -170.893 52.0523 0.00848141 0.00848141
1.45 -39.5945 -172.119 52.6745 0.00836247 0.00836247
1.46 -39.6011 -173.244 53.0913 0.00885741 0.00885741
1.47 -39.6178 -174.581 53.2714 0.00935458 0.00935458
1.48 -39.6437 -176.344 53.6116 0.00910243 0.00910243
1.49 -39.6776 -178.859 54.5429 0.00785839 0.00785839
1.5 -39.7188 -182.382 56.1556 0.00613554 0.00613554
1.51 -39.7653 -186.453 58.2347 0.00480738 0.00480738
1.52 -39.8123 -189.885 60.5221 0.00443195 0.00443195
1.53 -39.8549 -191.82 62.9134 0.00490166 0.00490166
1.54 -39.8904 -192.45 65.4083 0.00579233 0.00579233
1.55 -39.9177 -192.49 67.922 0.0069702 0.0069702
1.56 -39.936 -192.525 70.2887 0.00845437 0.00845437
1.57 -39.9442 -192.944 72.3601 0.00984685 0.00984685
1.58 -39.9423 -194.056 73.9693 0.0105751 0.0105751
1.59 -39.9317 -196.094 74.9349 0.0107816 0.0107816
1.6 -39.9146 -199.244 75.2355 0.0114531 0.0114531
1.61 -39.8933 -203.52 75.2465 0.0135153 0.0135153
1.62 -39.8683 -208.395 75.594 0.017236 0.017236
1.63 -39.8398 -212.684 76.4788 0.0223634 0.0223634
1.64 -39.8092 -214.978 77.3685 0.0282452 0.0282452
1.65 -39.7793 -214.58 77.6302 0.0337945 0.0337945
1.66 -39.7537 -212.051 77.2347 0.037869 0.037869
1.67 -39.7349 -208.732 76.7319 0.0399383 0.0399383
1.68 -39.7236 -205.816 76.6778 0.0402849 0.0402849
1.69 -39.7203 -203.884 77.1655 0.0396255 0.0396255
1.7 -39.7244 -202.972 77.9541 0.0384804 0.0384804
1.71 -39.7333 -202.629 78.8959 0.036986 0.036986
1.72 -39.7425 -201.964 79.9612 0.0352275 0.0352275
1.73 -39.7482 -200.187 80.9972 0.0331569 0.0331569
1.74 -39.7484 -197.134 81.6827 0.0303083 0.0303083
1.75 -39.7429 -193.158 81.6727 0.0261226 0.0261226
1.76 -39.732 -188.81 80.7202 0.0206271 0.0206271
1.77 -39.7169 -184.861 78.7621 0.0147854 0.0147854
1.78 -39.7 -182.311 76.0244 0.0101612 0.0101612
1.79 -39.6829 -181.727 73.0074 0.00803434 0.00803434
1.8 -39.6652 -182.606 70.1337 0.00848677 0.00848677
1.81 -39.6469 -183.774 67.4026 0.0103897 0.0103897
1.82 -39.6294 -184.156 64.5517 0.012393 0.012393
1.83 -39.6145 -183.15 61.4694 0.0139965 0.0139965
1.84 -39.6033 -180.622 58.3713 0.0156411 0.0156411
1.85 -39.5962 -176.925 55.694 0.0179265 0.0179265
1.86 -39.5946 -172.933 53.8043 0.0211331 0.0211331
1.87 -39.5993 -169.4 52.7203 0.0250811 0.0250811
1.88 -39.6081 -165.983 52.1248 0.0291642 0.0291642
1.89 -39.6163 -161.749 51.6348 0.0327989 0.0327989
1.9 -39.6222 -156.901 51.0301 0.0357631 0.0357631
1.91 -39.6275 -152.916 50.288 0.0377909 0.0377909
1.92 -39.6333 -150.977 49.491 0.0382145 0.0382145
1.93 -39.6392 -151.309 48.6673 0.0366005 0.0366005
1.94 -39.6457 -153.676 47.6894 0.0336315 0.0336315
1.95 -39.6545 -157.702 46.3872 0.0305288 0.0305288
1.96 -39.667 -162.634 44.6844 0.027999 0.027999
1.97 -39.6833 -167.326 42.617 0.0262836 0.0262836
1.98 -39.7042 -170.975 40.3144 0.0251376 0.0251376
1.99 -39.7324 -173.686 37.9308 0.0240878 0.0240878
2 -39.7716 -176.195 35.6284 0.0233165 0.0233165
2.01 -39.824 -179.214 33.6667 0.0237122 0.0237122
2.02 -39.8892 -182.932 32.4333 0.0256264 0.0256264
2.03 -39.9638 -187.129 32.3135 0.0279078 0.0279078
2.04 -40.0445 -191.526 33.4094 0.0287449 0.0287449
2.05 -40.1275 -195.501 35.4084 0.0273223 0.0273223
2.06 -40.2071 -198.134 37.7983 0.0247573 0.0247573
2.07 -40.2789 -199.313 40.1868 0.0234562 0.0234562
2.08 -40.342 -200.168 42.4151 0.0251198 0.0251198
2.09 -40.3961 -202.138 44.4471 0.0290838 0.0290838
2.1 -40.4408 -205.92 46.1767 0.0321895 0.0321895
2.11 -40.4751 -211.377 47.4216 0.0306035 0.0306035
2.12 -40.4995 -218.244 48.1133 0.0228809 0.0228809
2.13 -40.5164 -226.418 48.3511 0.0112887 0.0112887
2.14 -40.5292 -235.581 48.3434 -0.000129677 -0.000129677
2.15 -40.5399 -244.876 48.3636 -0.0084315 -0.0084315
2.16 -40.5494 -252.967 48.6269 -0.0129702 -0.0129702
2.17 -40.5592 -258.766 49.122 -0.0146547 -0.0146547
2.18 -40.5738 -262.424 49.5571 -0.0147568 -0.0147568
2.19 -40.5994 -264.981 49.6137 -0.0144767 -0.0144767
2.2 -40.6374 -266.912 49.3099 -0.0149613 -0.0149613
2.21 -40.6844 -267.915 49.011 -0.0169039 -0.0169039
2.22 -40.736 -267.865 49.1462 -0.0196875 -0.0196875
2.23 -40.7887 -267.132 49.9527 -0.0211258 -0.0211258
2.24 -40.8393 -266.073 51.3444 -0.0188369 -0.0188369
2.25 -40.8838 -264.7 52.9611 -0.012341 -0.012341
2.26 -40.9188 -263.014 54.3345 -0.00364565 -0.00364565
2.27 -40.9414 -261.068 55.0608 0.00428133 0.00428133
2.28 -40.9481 -258.56 54.964 0.00958182 0.00958182
2.29 -40.9353 -255.164 54.118 0.0122622 0.0122622
2.3 -40.9023 -251.146 52.7044 0.0130777 0.0130777
2.31 -40.8507 -247.062 50.9485 0.0123285 0.0123285
2.32 -40.7824 -243.225 49.1614 0.0102438 0.0102438
2.33 -40.6997 -239.735 47.6731 0.0076678 0.0076678
2.34 -40.6062 -236.618 46.6569 0.00552943 0.00552943
2.35 -40.5066 -233.766 46.0838 0.00376477 0.00376477
2.36 -40.405 -230.832 45.8367 0.00112246 0.00112246
2.37 -40.3055 -227.466 45.8165 -0.00365872 -0.00365872
2.38 -40.2114 -223.399 45.9861 -0.0103457 -0.0103457
2.39 -40.1234 -218 46.3904 -0.0169434 -0.0169434
2.4 -40.0399 -210.611 47.2194 -0.0210448 -0.0210448
2.41 -39.9589 -201.331 48.8495 -0.021586 -0.021586
2.42 -39.8784 -190.788 51.6114 -0.0194366 -0.0194366
2.43 -39.7974 -179.867 55.3395 -0.0164271 -0.0164271
2.44 -39.7175 -169.925 59.2803 -0.0138414 -0.0138414
2.45 -39.6408 -162.157 62.6333 -0.0117558 -0.0117558
2.46 -39.5654 -156.546 65.1274 -0.00982527 -0.00982527
2.47 -39.4856 -152.031 67.0195 -0.00797653 -0.00797653
2.48 -39.3972 -147.616 68.7073 -0.00602869 -0.00602869
2.49 -39.2994 -143.014 70.4444 -0.00400798 -0.00400798
2.5 -39.1953 -138.673 72.3275 -0.00286062 -0.00286062
2.51 -39.0898 -135.347 74.3409 -0.00392872 -0.00392872
2.52 -38.9888 -133.624 76.3076 -0.00782768 -0.00782768
2.53 -38.8982 -133.797 77.9882 -0.0137944 -0.0137944
2.54 -38.8228 -135.688 79.2847 -0.0198811 -0.0198811
2.55 -38.7652 -138.57 80.2789 -0.0242497 -0.0242497
2.56 -38.7269 -141.508 81.1408 -0.0269611 -0.0269611
2.57 -38.7085 -143.75 81.9861 -0.0304 -0.0304
2.58 -38.711 -144.931 82.8042 -0.0373413 -0.0373413
2.59 -38.7346 -145.159 83.5925 -0.0483944 -0.0483944
2.6 -38.778 -144.884 84.4619 -0.0610038 -0.0610038
2.61 -38.8388 -144.549 85.4657 -0.0706017 -0.0706017
2.62 -38.913 -144.375 86.4096 -0.0737003 -0.0737003
2.63 -38.9961 -144.426 87.0336 -0.0703167 -0.0703167
2.64 -39.0833 -145.084 87.3561 -0.0631992 -0.0631992
2.65 -39.1715 -147.407 87.7052 -0.0552601 -0.0552601
2.66 -39.2592 -152.379 88.3384 -0.0478066 -0.0478066
2.67 -39.3443 -159.882 89.0288 -0.0406098 -0.0406098
2.68 -39.425 -168.762 89.1143 -0.0331262 -0.0331262
2.69 -39.5005 -177.708 88.0602 -0.0253404 -0.0253404
2.7 -39.5712 -186.191 85.9202 -0.0176495 -0.0176495
2.71 -39.6391 -194.443 83.3139 -0.0105084 -0.0105084
2.72 -39.7051 -202.561 81.0416 -0.00452581 -0.00452581
2.73 -39.7691 -209.981 79.5224 -0.000814865 -0.000814865
2.74 -39.8327 -216.109 78.3951 -0.00079668 -0.00079668
2.75 -39.9008 -221.174 76.8072 -0.00524679 -0.00524679
2.76 -39.9779 -225.853 74.2636 -0.0134262 -0.0134262
2.77 -40.0647 -230.493 70.9185 -0.0232191 -0.0232191
2.78 -40.1604 -235.071 66.9822 -0.0323524 -0.0323524
2.79 -40.2637 -239.198 62.3685 -0.0397572 -0.0397572
2.8 -40.3708 -242.076 57.1618 -0.0459041 -0.0459041
2.81 -40.477 -243.345 51.9924 -0.0518884 -0.0518884
2.82 -40.5791 -243.725 47.7005 -0.058065 -0.058065
2.83 -40.6758 -244.377 44.7735 -0.0633872 -0.0633872
2.84 -40.7669 -246.122 43.0571 -0.0660377 -0.0660377
2.85 -40.8517 -249.089 41.9848 -0.0647547 -0.0647547
2.86 -40.929 -252.947 40.9422 -0.0594177 -0.0594177
2.87 -40.9986 -257.298 39.3406 -0.0510033 -0.0510033
2.88 -41.0599 -261.471 36.8089 -0.0417538 -0.0417538
2.89 -41.1101 -264.48 33.5307 -0.0343301 -0.0343301
2.9 -41.146 -265.649 30.1107 -0.0300039 -0.0300039
2.91 -41.1671 -264.912 26.993 -0.0280512 -0.0280512
2.92 -41.1745 -262.511 24.1366 -0.026893 -0.026893
2.93 -41.1707 -258.855 21.2974 -0.0256946 -0.0256946
2.94 -41.1569 -254.462 18.4506 -0.0250158 -0.0250158
2.95 -41.1336 -249.737 15.763 -0.0261212 -0.0261212
2.96 -41.1013 -244.948 13.3428 -0.0299563 -0.0299563
2.97 -41.0611 -240.467 11.3036 -0.0366517 -0.0366517
2.98 -41.0142 -236.777 9.96409 -0.0455032 -0.0455032
2.99 -40.961 -233.989 9.72643 -0.0552929 -0.0552929
3 -40.8999 -231.458 10.7973 -0.0646161 -0.0646161
3.01 -40.8289 -228.145 13.1094 -0.0720954 -0.0720954
3.02 -40.7469 -223.396 16.4963 -0.0766988 -0.0766988
3.03 -40.6534 -217.276 20.9113 -0.0781594 -0.0781594
3.04 -40.5493 -210.53 26.3839 -0.0771406 -0.0771406
3.05 -40.4374 -204.342 32.6807 -0.0747705 -0.0747705
3.06 -40.3214 -199.646 39.2476 -0.0717826 -0.0717826
3.07 -40.2019 -196.359 45.7274 -0.0680011 -0.0680011
3.08 -40.0758 -193.417 52.1895 -0.0626577 -0.0626577
3.09 -39.9409 -189.881 58.7501 -0.0552957 -0.0552957
3.1 -39.7992 -185.717 65.2924 -0.0464757 -0.0464757
3.11 -39.6542 -181.167 71.4205 -0.0376941 -0.0376941
3.12 -39.5078 -175.773 76.6736 -0.0306302 -0.0306302
3.13 -39.3589 -168.603 80.9283 -0.0263422 -0.0263422
3.14 -39.2075 -159.635 84.4038 -0.0249646 -0.0249646
3.15 -39.0584 -150.412 87.4109 -0.0260109 -0.0260109
3.16 -38.9181 -143.016 90.2672 -0.02911 -0.02911
3.17 -38.7925 -138.945 93.2198 -0.0344274 -0.0344274
3.18 -38.6853 -138.519 96.3892 -0.0417959 -0.0417959
3.19 -38.5959 -140.4 99.8775 -0.0498629 -0.0498629
3.2 -38.5204 -142.228 103.841 -0.0573225 -0.0573225
3.21 -38.456 -142.47 108.443 -0.0647576 -0.0647576
3.22 -38.4044 -141.397 113.772 -0.0740595 -0.0740595
3.23 -38.3693 -140.308 119.65 -0.085846 -0.085846
3.24 -38.3536 -140.36 125.586 -0.0982937 -0.0982937
3.25 -38.3589 -142.174 130.938 -0.108634 -0.108634
3.26 -38.3849 -145.738 134.961 -0.115088 -0.115088
3.27 -38.4294 -150.117 136.912 -0.117469 -0.117469
3.28 -38.4876 -153.835 136.455 -0.116493 -0.116493
3.29 -38.5541 -156.005 133.96 -0.112888 -0.112888
3.3 -38.6249 -156.831 130.407 -0.107282 -0.107282
3.31 -38.6962 -156.997 126.968 -0.100321 -0.100321
3.32 -38.7639 -156.89 124.519 -0.0927647 -0.0927647
3.33 -38.8249 -156.789 123.312 -0.085523 -0.085523
3.34 -38.8808 -157.696 122.976 -0.0788974 -0.0788974
3.35 -38.9361 -160.962 122.781 -0.0722437 -0.0722437
3.36 -38.994 -166.864 121.902 -0.0650682 -0.0650682
3.37 -39.0546 -174.268 119.642 -0.0581928 -0.0581928
3.38 -39.1162 -181.448 115.785 -0.0536009 -0.0536009
3.39 -39.1763 -186.982 110.82 -0.0530668 -0.0530668
3.4 -39.2342 -190.617 105.722 -0.056823 -0.056823
3.41 -39.2932 -193.565 101.42 -0.0634322 -0.0634322
3.42 -39.3585 -197.436 98.3965 -0.0709273 -0.0709273
3.43 -39.4335 -202.776 96.5249 -0.0781401 -0.0781401
3.44 -39.5182 -208.852 95.198 -0.0850017 -0.0850017
3.45 -39.6116 -214.543 93.6807 -0.0918041 -0.0918041
3.46 -39.713 -219.184 91.3534 -0.0984467 -0.0984467
3.47 -39.8224 -222.764 87.8026 -0.10434 -0.10434
3.48 -39.939 -225.594 82.9818 -0.108784 -0.108784
3.49 -40.0603 -227.973 77.2917 -0.111272 -0.111272
3.5 -40.1832 -230.386 71.436 -0.111477 -0.111477
3.51 -40.3055 -233.588 66.1587 -0.109128 -0.109128
3.52 -40.4239 -237.694 61.9282 -0.104154 -0.104154
3.53 -40.5332 -241.677 58.7215 -0.0970244 -0.0970244
3.54 -40.6293 -244.45 56.1225 -0.0888385 -0.0888385
3.55 -40.7118 -246.049 53.586 -0.0809203 -0.0809203
3.56 -40.7844 -247.718 50.6566 -0.0741773 -0.0741773
3.57 -40.8515 -250.871 47.1102 -0.0687848 -0.0687848
3.58 -40.9149 -255.891 43.0274 -0.0644787 -0.0644787
3.59 -40.973 -261.884 38.8122 -0.0611554 -0.0611554
3.6 -41.0214 -267.135 35.015 -0.0592285 -0.0592285
3.61 -41.0571 -270.046 31.9684 -0.059563 -0.059563
3.62 -41.081 -270.314 29.6153 -0.0628874 -0.0628874
3.63 -41.0988 -269.202 27.6879 -0.0690027 -0.0690027
3.64 -41.1161 -268.358 26.0641 -0.0768193 -0.0768193
3.65 -41.1339 -268.452 24.9274 -0.0851096 -0.0851096
3.66 -41.1498 -269.066 24.5263 -0.0930213 -0.0930213
3.67 -41.1606 -269.525 24.9933 -0.10009 -0.10009
3.68 -41.1641 -269.38 26.3411 -0.106021 -0.106021
3.69 -41.1595 -268.296 28.1683 -0.110561 -0.110561
3.7 -41.1479 -266.108 29.4969 -0.113494 -0.113494
3.71 -41.1319 -262.979 29.2731 -0.114702 -0.114702
3.72 -41.1131 -259.08 26.9327 -0.114132 -0.114132
3.73 -41.0909 -254.405 22.65 -0.111628 -0.111628
3.74 -41.0633 -249.12 17.4054 -0.107023 -0.107023
3.75 -41.0285 -243.614 12.4682 -0.100483 -0.100483
3.76 -40.9864 -238.192 8.61364 -0.0927705 -0.0927705
3.77 -40.9376 -232.864 6.02454 -0.0850381 -0.0850381
3.78 -40.8831 -227.437 4.59728 -0.0781965 -0.0781965
3.79 -40.8241 -221.813 4.0038 -0.0725898 -0.0725898
3.8 -40.7628 -215.989 3.74965 -0.0682536 -0.0682536
3.81 -40.7001 -209.948 3.5364 -0.0653161 -0.0653161
3.82 -40.6356 -203.835 3.64399 -0.0639892 -0.0639892
3.83 -40.5669 -197.859 4.82333 -0.0642812 -0.0642812
3.84 -40.4923 -191.967 7.40109 -0.0660758 -0.0660758
3.85 -40.4131 -186.078 10.5516 -0.0693566 -0.0693566
3.86 -40.3331 -180.349 13.1273 -0.074151 -0.074151
3.87 -40.2534 -175.022 14.8902 -0.0804247 -0.0804247
3.88 -40.1728 -170.239 16.3519 -0.0878322 -0.0878322
3.89 -40.0908 -165.986 17.8896 -0.0951526 -0.0951526
3.9 -40.0091 -162.298 19.3671 -0.10013 -0.10013
3.91 -39.932 -159.593 20.4823 -0.100563 -0.100563
3.92 -39.8641 -158.625 21.327 -0.096049 -0.096049
3.93 -39.8073 -159.604 22.3922 -0.0888286 -0.0888286
3.94 -39.7601 -161.544 24.1385 -0.0823269 -0.0823269
3.95 -39.7194 -163.046 26.9303 -0.0781574 -0.0781574
3.96 -39.6824 -163.336 31.143 -0.0749305 -0.0749305
3.97 -39.6474 -162.312 36.9124 -0.0701291 -0.0701291
3.98 -39.6124 -160.092 44.0217 -0.0628812 -0.0628812
3.99 -39.574 -156.841 52.1904 -0.0549567 -0.0549567
4 -39.5293 -153.322 61.2518 -0.0492407 -0.0492407
4.01 -39.4778 -151.172 71.1119 -0.0474399 -0.0474399
4.02 -39.4195 -151.668 81.4704 -0.0491964 -0.0491964
4.03 -39.3542 -154.733 91.5139 -0.0530487 -0.0530487
4.04 -39.283 -159.748 100.215 -0.057868 -0.057868
4.05 -39.2091 -166.217 106.899 -0.0633236 -0.0633236
4.06 -39.1348 -173.196 111.447 -0.0693114 -0.0693114
4.07 -39.0611 -179.43 114.313 -0.0753787 -0.0753787
4.08 -38.9909 -184.642 116.454 -0.0808879 -0.0808879
4.09 -38.9295 -189.692 119.108 -0.0855884 -0.0855884
4.1 -38.8813 -195.381 123.354 -0.0896153 -0.0896153
4.11 -38.8495 -201.886 129.609 -0.0923053 -0.0923053
4.12 -38.8363 -208.757 137.466 -0.091355 -0.091355
4.13 -38.8407 -214.742 145.953 -0.0843193 -0.0843193
4.14 -38.8602 -218.577 153.975 -0.0711791 -0.0711791
4.15 -38.893 -220.13 160.609 -0.0551133 -0.0551133
4.16 -38.938 -220.219 165.232 -0.0404781 -0.0404781
4.17 -38.9933 -219.865 167.587 -0.0297987 -0.0297987
4.18 -39.0548 -219.795 167.845 -0.0224614 -0.0224614
4.19 -39.1161 -220.168 166.693 -0.0158265 -0.0158265
4.2 -39.1703 -220.909 165.131 -0.00720446 -0.00720446
4.21 -39.2127 -222.006 163.877 0.00477321 0.00477321
4.22 -39.2412 -223.218 162.951 0.0191075 0.0191075
4.23 -39.2567 -224.323 161.891 0.0320327 0.0320327
4.24 -39.2621 -225.509 160.231 0.0389117 0.0389117
4.25 -39.2595 -226.564 157.763 0.0374774 0.0374774
4.26 -39.2486 -226.612 154.544 0.0291823 0.0291823
4.27 -39.2306 -225.17 150.743 0.0177382 0.0177382
4.28 -39.2079 -222.321 146.562 0.00631006 0.00631006
4.29 -39.1829 -218.28 142.298 -0.00439243 -0.00439243
4.3 -39.1592 -213.859 138.21 -0.0155433 -0.0155433
4.31 -39.1436 -210.456 134.208 -0.0280897 -0.0280897
4.32 -39.1417 -208.738 129.842 -0.0413385 -0.0413385
4.33 -39.1552 -208.03 124.643 -0.0533025 -0.0533025
4.34 -39.1828 -207.045 118.51 -0.0619991 -0.0619991
4.35 -39.2209 -204.562 111.789 -0.0662912 -0.0662912
4.36 -39.2656 -199.748 104.848 -0.0658005 -0.0658005
4.37 -39.3157 -192.587 97.6025 -0.0605443 -0.0605443
4.38 -39.3721 -184.03 89.7211 -0.0510007 -0.0510007
4.39 -39.4359 -175.797 81.2422 -0.0384426 -0.0384426
4.4 -39.507 -169.708 72.7949 -0.0248291 -0.0248291
4.41 -39.5819 -166.455 65.175 -0.0119939 -0.0119939
4.42 -39.6542 -165.207 58.8126 -0.000779814 -0.000779814
4.43 -39.7175 -164.29 53.6606 0.00900768 0.00900768
4.44 -39.765 -161.83 49.479 0.0177172 0.0177172
4.45 -39.7915 -156.715 46.0996 0.0248619 0.0248619
4.46 -39.7977 -149.769 43.3128 0.0289897 0.0289897
4.47 -39.7901 -143.319 40.5959 0.0285685 0.0285685
4.48 -39.7758 -139.317 37.3415 0.0232046 0.0232046
4.49 -39.758 -138.393 33.4666 0.0140923 0.0140923
4.5 -39.7374 -140.239 29.5252 0.00314628 0.00314628
4.51 -39.7139 -143.712 26.1721 -0.00819627 -0.00819627
4.52 -39.6862 -146.872 23.7223 -0.0192357 -0.0192357
4.53 -39.655 -148.231 22.2925 -0.0295074 -0.0295074
4.54 -39.6229 -147.69 22.1245 -0.0384003 -0.0384003
4.55 -39.5931 -145.88 23.4058 -0.0451817 -0.0451817
4.56 -39.5695 -143.699 25.8022 -0.0492508 -0.0492508
4.57 -39.5568 -142.269 28.5321 -0.0502205 -0.0502205
4.58 -39.557 -142.124 30.9188 -0.0477605 -0.0477605
4.59 -39.5666 -142.478 32.6672 -0.0416489 -0.0416489
4.6 -39.5781 -141.734 33.7425 -0.0321481 -0.0321481
4.61 -39.586 -139.09 34.2967 -0.0203131 -0.0203131
4.62 -39.5886 -135.53 34.7502 -0.00775569 -0.00775569
4.63 -39.5862 -132.65 35.6388 0.00401195 0.00401195
4.64 -39.5759 -130.701 37.1793 0.0140639 0.0140639
4.65 -39.5535 -128.668 38.9904 0.0219997 0.0219997
4.66 -39.5191 -126.061 40.2284 0.0276741 0.0276741
4.67 -39.4777 -123.709 40.1665 0.0310622 0.0310622
4.68 -39.4347 -122.879 38.7964 0.0319873 0.0319873
4.69 -39.3932 -124.102 36.7985 0.0300283 0.0300283
4.7 -39.3528 -126.636 35.0002 0.0248481 0.0248481
4.71 -39.312 -128.875 33.9906 0.0166514 0.0166514
4.72 -39.2713 -129.726 33.9682 0.0063916 0.0063916
4.73 -39.2365 -129.416 34.5692 -0.00456747 -0.00456747
4.74 -39.2141 -128.598 35.0474 -0.0149755 -0.0149755
4.75 -39.2076 -127.416 34.8228 -0.0239443 -0.0239443
4.76 -39.2159 -125.426 33.7064 -0.0307613 -0.0307613
4.77 -39.234 -121.67 31.7903 -0.0345399 -0.0345399
4.78 -39.2563 -115.511 29.3195 -0.0342816 -0.0342816
4.79 -39.2803 -107.852 26.5696 -0.0294388 -0.0294388
4.8 -39.3061 -100.555 23.813 -0.0204362 -0.0204362
4.81 -39.3323 -94.9556 21.2263 -0.00852078 -0.00852078
4.82 -39.3577 -91.6497 18.6759 0.00495122 0.00495122
4.83 -39.3801 -90.451 15.9943 0.0191505 0.0191505
4.84 -39.392 -89.8182 13.6176 0.033893 0.033893
4.85 -39.3848 -87.8333 12.329 0.0491757 0.0491757
4.86 -39.3591 -84.9472 12.2687 0.0645973 0.0645973
4.87 -39.3281 -84.1938 12.671 0.0788552 0.0788552
4.88 -39.3044 -87.7411 12.5533 0.0899529 0.0899529
4.89 -39.2912 -94.7825 11.6025 0.0964017 0.0964017
4.9 -39.285 -102.959 10.452 0.0977562 0.0977562
4.91 -39.2844 -110.533 9.91369 0.0941091 0.0941091
4.92 -39.2929 -116.816 9.99302 0.0857924 0.0857924
4.93 -39.3159 -121.417 9.90788 0.0736219 0.0736219
4.94 -39.3582 -124.493 8.95456 0.0591774 0.0591774
4.95 -39.4249 -127.442 7.097 0.0444634 0.0444634
4.96 -39.5179 -131.885 4.96578 0.0310003 0.0310003
4.97 -39.6328 -138.038 3.60886 0.0192013 0.0192013
4.98 -39.7614 -145.199 3.95933 0.00875949 0.00875949
4.99 -39.8999 -153.37 6.07896 -0.00018845 -0.00018845
5 -40.0484 -162.848 8.85706 -0.00637424 -0.00637424
5.01 -40.2048 -172.766 10.8211 -0.00801278 -0.00801278
5.02 -40.362 -181.797 11.4269 -0.00406729 -0.00406729
5.03 -40.5123 -189.654 11.3706 0.00498094 0.00498094
5.04 -40.6496 -196.834 11.6584 0.0174138 0.0174138
5.05 -40.7713 -204.079 12.645 0.0312532 0.0312532
5.06 -40.8806 -212.808 13.9006 0.0450657 0.0450657
5.07 -40.984 -224.358 14.5446 0.0580523 0.0580523
5.08 -41.0843 -238.15 13.7218 0.0696403 0.0696403
5.09 -41.18 -252 11.0195 0.0791004 0.0791004
5.1 -41.2706 -264.105 6.5088 0.0847419 0.0847419
5.11 -41.358 -273.472 0.606777 0.0840053 0.0840053
5.12 -41.4411 -279.137 -6.04472 0.0759353 0.0759353
5.13 -41.521 -281.038 -12.8994 0.0621503 0.0621503
5.14 -41.6047 -281.371 -19.5378 0.044802 0.044802
5.15 -41.7 -283.198 -25.4284 0.0250832 0.0250832
5.16 -41.8089 -287.676 -30.1893 0.00327655 0.00327655
5.17 -41.9289 -293.931 -34.0836 -0.0205223 -0.0205223
5.18 -42.0579 -300.617 -37.8738 -0.0455887 -0.0455887
5.19 -42.1928 -306.132 -42.357 -0.0703125 -0.0703125
5.2 -42.3252 -308.08 -47.9731 -0.0924007 -0.0924007
5.21 -42.4428 -304.251 -54.3137 -0.109063 -0.109063
5.22 -42.5341 -294.747 -59.8711 -0.117529 -0.117529
5.23 -42.5912 -281.911 -62.6419 -0.116578 -0.116578
5.24 -42.607 -268.444 -61.3099 -0.10814 -0.10814
5.25 -42.5772 -256.563 -55.9236 -0.0968571 -0.0968571
5.26 -42.5003 -247.465 -47.5855 -0.0872633 -0.0872633
5.27 -42.3721 -240.594 -37.6866 -0.0806093 -0.0806093
5.28 -42.1891 -234.471 -27.3934 -0.0742648 -0.0742648
5.29 -41.9518 -228.136 -17.5501 -0.0645722 -0.0645722
5.3 -41.6641 -220.796 -8.75099 -0.0504122 -0.0504122
5.31 -41.3302 -211.206 -1.2459 -0.0341429 -0.0341429
5.32 -40.9566 -198.839 5.31862 -0.019738 -0.019738
5.33 -40.5531 -184.563 11.9747 -0.0100009 -0.0100009
5.34 -40.1298 -169.636 20.0829 -0.00510772 -0.00510772
5.35 -39.6941 -154.459 30.8604 -0.00398607 -0.00398607
5.36 -39.25 -138.42 45.0709 -0.00634668 -0.00634668
5.37 -38.8044 -121.513 62.521 -0.0127262 -0.0127262
5.38 -38.3718 -105.474 81.7691 -0.0230111 -0.0230111
5.39 -37.9661 -91.8655 101.136 -0.0357315 -0.0357315
5.4 -37.5886 -79.8281 120.051 -0.0491327 -0.0491327
5.41 -37.2309 -66.9681 138.934 -0.0629628 -0.0629628
5.42 -36.8866 -51.8302 158.015 -0.080296 -0.080296
5.43 -36.5587 -35.4609 176.68 -0.106665 -0.106665
5.44 -36.2564 -20.9269 194.092 -0.144926 -0.144926
5.45 -35.9846 -10.71 210.237 -0.190845 -0.190845
5.46 -35.7399 -4.84976 225.834 -0.235123 -0.235123
5.47 -35.5153 -1.70956 241.265 -0.27092 -0.27092
5.48 -35.3081 0.55643 256.059 -0.298893 -0.298893
5.49 -35.1177 3.43676 269.291 -0.324277 -0.324277
5.5 -34.9478 7.15774 279.943 -0.350176 -0.350176
5.51 -34.8078 10.2608 287.033 -0.373839 -0.373839
5.52 -34.7064 11.5118 289.861 -0.388927 -0.388927
5.53 -34.6465 11.1438 288.366 -0.391358 -0.391358
5.54 -34.6304 9.41528 283.238 -0.382444 -0.382444
5.55 -34.6617 5.85175 275.416 -0.366823 -0.366823
5.56 -34.7467 -0.136702 265.391 -0.348137 -0.348137
5.57 -34.8928 -9.17973 253.393 -0.327101 -0.327101
5.58 -35.1047 -21.8897 240.161 -0.303605 -0.303605
5.59 -35.3834 -38.3851 226.957 -0.279479 -0.279479
5.6 -35.728 -58.3575 214.573 -0.258059 -0.258059
5.61 -36.1397 -81.4305 202.673 -0.241441 -0.241441
5.62 -36.6174 -106.678 190.297 -0.229135 -0.229135
5.63 -37.1523 -131.861 176.749 -0.219761 -0.219761
5.64 -37.7289 -154.286 161.884 -0.21388 -0.21388
5.65 -38.3329 -172.984 145.781 -0.214667 -0.214667
5.66 -38.9556 -189.768 128.598 -0.22545 -0.22545
5.67 -39.5909 -207.976 110.81 -0.246422 -0.246422
5.68 -40.2282 -229.808 93.2868 -0.273647 -0.273647
5.69 -40.8498 -254.627 76.799 -0.301411 -0.301411
5.7 -41.4362 -279.756 61.4231 -0.325579 -0.325579
5.71 -41.9727 -302.73 46.547 -0.344765 -0.344765
5.72 -42.4515 -322.474 31.4514 -0.358994 -0.358994
5.73 -42.8665 -338.582 15.8844 -0.368064 -0.368064
5.74 -43.2097 -350.136 0.100518 -0.370199 -0.370199
5.75 -43.473 -355.738 -15.5884 -0.363675 -0.363675
5.76 -43.6531 -354.888 -31.2181 -0.352161 -0.352161
5.77 -43.754 -348.846 -46.9792 -0.343848 -0.343848
5.78 -43.7845 -340.14 -62.8616 -0.342921 -0.342921
5.79 -43.7582 -332.004 -78.6607 -0.345035 -0.345035
5.8 -43.6941 -328.001 -94.0707 -0.342347 -0.342347
5.81 -43.6111 -330.269 -108.712 -0.332636 -0.332636
5.82 -43.5187 -336.406 -122.259 -0.321756 -0.321756
5.83 -43.4125 -339.233 -134.587 -0.317101 -0.317101
5.84 -43.2872 -332.12 -145.55 -0.320631 -0.320631
5.85 -43.1486 -314.387 -154.51 -0.328694 -0.328694
5.86 -43.0115 -290.686 -160.37 -0.336932 -0.336932
5.87 -42.8874 -266.514 -162.443 -0.343982 -0.343982
5.88 -42.7822 -245.433 -161.178 -0.351792 -0.351792
5.89 -42.6937 -228.187 -157.755 -0.363344 -0.363344
5.9 -42.6094 -212.852 -153.068 -0.379646 -0.379646
5.91 -42.5116 -196.656 -147.29 -0.397976 -0.397976
5.92 -42.3814 -177.276 -140.11 -0.411451 -0.411451
5.93 -42.1994 -152.92 -130.923 -0.411107 -0.411107
5.94 -41.9487 -123.333 -118.841 -0.391471 -0.391471
5.95 -41.6206 -90.9504 -103.208 -0.355831 -0.355831
5.96 -41.2192 -60.4724 -84.4516 -0.315599 -0.315599
5.97 -40.7571 -36.5852 -64.124 -0.283439 -0.283439
5.98 -40.248 -21.6895 -44.0274 -0.265259 -0.265259
5.99 -39.7064 -16.122 -25.4715 -0.257244 -0.257244
6 -39.1557 -20.3235 -9.10079 -0.250778 -0.250778
6.01 -38.6287 -35.6827 5.09146 -0.24051 -0.24051
6.02 -38.1601 -62.6869 18.0213 -0.227852 -0.227852
6.03 -37.7787 -99.7791 31.8209 -0.217857 -0.217857
6.04 -37.5075 -144.051 49.08 -0.214399 -0.214399
6.05 -37.3657 -191.686 71.0626 -0.219783 -0.219783
6.06 -37.3706 -238.698 96.7807 -0.236411 -0.236411
6.07 -37.534 -281.849 123.764 -0.264283 -0.264283
6.08 -37.8565 -318.844 149.266 -0.295261 -0.295261
6.09 -38.3322 -349.319 171.267 -0.314726 -0.314726
6.1 -38.9402 -374.771 188.698 -0.315807 -0.315807
6.11 -39.6484 -396.499 201.835 -0.30737 -0.30737
6.12 -40.4066 -414.008 212.158 -0.303587 -0.303587
6.13 -41.1554 -425.857 221.705 -0.309562 -0.309562
6.14 -41.8312 -429.867 232.197 -0.31616 -0.31616
6.15 -42.3696 -423.096 244.691 -0.304321 -0.304321
6.16 -42.7129 -403.876 259.494 -0.255029 -0.255029
6.17 -42.8209 -373.643 276.02 -0.160139 -0.160139
6.18 -42.6713 -336.451 293.019 -0.0293311 -0.0293311
6.19 -42.2598 -298.144 309.439 0.109278 0.109278
6.2 -41.5984 -265.223 325.267 0.218482 0.218482
6.21 -40.7087 -241.421 341.27 0.271677 0.271677
6.22 -39.6141 -224.351 357.94 0.268607 0.268607
6.23 -38.3422 -206.439 374.652 0.231385 0.231385
6.24 -36.933 -179.96 390.041 0.185976 0.185976
6.25 -35.445 -142.198 403.222 0.14622 0.14622
6.26 -33.9528 -97.2809 414.53 0.112142 0.112142
6.27 -32.5433 -54.0125 424.995 0.0729257 0.0729257
6.28 -31.2928 -20.1359 435.406 0.0101735 0.0101735
6.29 -30.2509 3.69354 446.036 -0.0871219 -0.0871219
6.3 -29.4338 24.9848 456.832 -0.210678 -0.210678
6.31 -28.8396 52.6621 467.458 -0.339828 -0.339828
6.32 -28.4733 88.6585 476.884 -0.458619 -0.458619
6.33 -28.3516 126.519 483.016 -0.564999 -0.564999
6.34 -28.493 155.715 483.241 -0.661852 -0.661852
6.35 -28.8998 167.421 475.831 -0.742145 -0.742145
6.36 -29.5483 159.244 460.747 -0.787858 -0.787858
6.37 -30.385 137.938 439.272 -0.782777 -0.782777
6.38 -31.332 116.443 413 -0.724972 -0.724972
6.39 -32.3251 103.489 383.207 -0.62989 -0.62989
6.4 -33.3374 95.8871 350.637 -0.520042 -0.520042
6.41 -34.362 84.0099 315.796 -0.410609 -0.410609
6.42 -35.3849 61.5006 279.649 -0.304765 -0.304765
6.43 -36.3809 27.0078 244.133 -0.199975 -0.199975
6.44 -37.3225 -17.5273 211.773 -0.0983856 -0.0983856
6.45 -38.1816 -66.7383 184.432 -0.0109541 -0.0109541
6.46 -38.9335 -113.059 162.477 0.0480417 0.0480417
6.47 -39.5671 -151.256 145.011 0.0688969 0.0688969
6.48 -40.0913 -181.744 130.461 0.0487289 0.0487289
6.49 -40.5282 -208.637 117.15 -0.0108325 -0.0108325
6.5 -40.8991 -235.575 103.666 -0.104395 -0.104395
6.51 -41.2224 -264.064 88.5198 -0.222922 -0.222922
6.52 -41.5198 -294.866 69.9557 -0.355286 -0.355286
6.53 -41.8226 -330.199 46.4924 -0.488555 -0.488555
6.54 -42.1704 -373.024 17.3615 -0.606298 -0.606298
6.55 -42.5892 -422.773 -17.7531 -0.689923 -0.689923
6.56 -43.0897 -473.138 -58.4293 -0.733283 -0.733283
6.57 -43.6722 -515.428 -103.295 -0.748812 -0.748812
6.58 -44.3254 -542.726 -150.19 -0.75461 -0.75461
6.59 -45.0355 -552.76 -196.133 -0.762443 -0.762443
6.6 -45.7954 -549.499 -237.873 -0.764094 -0.764094
6.61 -46.5964 -541.025 -273.005 -0.737733 -0.737733
6.62 -47.4278 -535.143 -300.824 -0.674385 -0.674385
6.63 -48.2681 -536.632 -322.325 -0.587323 -0.587323
6.64 -49.0886 -546.361 -339.357 -0.501614 -0.501614
6.65 -49.8523 -561.815 -353.408 -0.438879 -0.438879
6.66 -50.5227 -579.367 -365.06 -0.407745 -0.407745
6.67 -51.0696 -596.014 -374.227 -0.405312 -0.405312
6.68 -51.469 -608.954 -380.746 -0.425852 -0.425852
6.69 -51.7027 -614.973 -384.741 -0.467185 -0.467185
6.7 -51.7571 -611.424 -386.233 -0.531325 -0.531325
6.71 -51.6283 -598.208 -384.514 -0.621023 -0.621023
6.72 -51.3256 -578.424 -378.708 -0.733727 -0.733727
6.73 -50.8638 -555.264 -369.123 -0.857207 -0.857207
6.74 -50.2596 -528.271 -358.186 -0.971252 -0.971252
6.75 -49.5281 -493.85 -349.954 -1.05243 -1.05243
6.76 -48.6853 -447.649 -348.16 -1.08086 -1.08086
6.77 -47.7401 -385.562 -354.069 -1.04878 -1.04878
6.78 -46.6988 -305.558 -366.217 -0.964723 -0.964723
6.79 -45.5741 -210.134 -381.853 -0.848662 -0.848662
6.8 -44.3928 -106.71 -398.363 -0.72075 -0.72075
6.81 -43.1904 -4.83828 -413.754 -0.589708 -0.589708
6.82 -42.0006 87.5436 -426.605 -0.450921 -0.450921
6.83 -40.8561 164.877 -435.932 -0.298062 -0.298062
6.84 -39.7934 222.687 -441.006 -0.134078 -0.134078
6.85 -38.8499 258.445 -441.074 0.0259529 0.0259529
6.86 -38.05 274.537 -435.084 0.157624 0.157624
6.87 -37.4029 277.925 -421.599 0.23762 0.23762
6.88 -36.9127 275.276 -399.29 0.260344 0.260344
6.89 -36.5874 269.106 -367.446 0.241888 0.241888
6.9 -36.4359 258.678 -326.32 0.201007 0.201007
6.91 -36.4541 243.997 -277.554 0.142337 0.142337
6.92 -36.6218 227.88 -224.813 0.0581412 0.0581412
6.93 -36.9163 212.452 -173.657 -0.0583222 -0.0583222
6.94 -37.3222 195.532 -129.758 -0.196665 -0.196665
6.95 -37.823 172.558 -96.574 -0.326301 -0.326301
6.96 -38.3861 141.883 -74.6424 -0.414817 -0.414817
6.97 -38.9646 106.885 -62.8396 -0.4509 -0.4509
6.98 -39.5127 72.9514 -59.9925 -0.451237 -0.451237
6.99 -40.0001 43.3148 -65.3006 -0.446221 -0.446221
7 -40.409 18.6239 -77.3938 -0.455254 -0.455254
7.01 -40.7211 0.191297 -93.6387 -0.471801 -0.471801
7.02 -40.917 -9.90515 -110.722 -0.469996 -0.469996
7.03 -40.9925 -13.3929 -125.253 -0.427471 -0.427471
7.04 -40.9666 -18.5572 -133.391 -0.345721 -0.345721
7.05 -40.8753 -38.1367 -130.506 -0.24572 -0.24572
7.06 -40.7535 -81.7737 -112.048 -0.14721 -0.14721
7.07 -40.6153 -148.377 -75.1923 -0.0620623 -0.0620623
7.08 -40.4594 -227.504 -19.8761 0.00645122 0.00645122
7.09 -40.2835 -307.276 51.6872 0.0666694 0.0666694
7.1 -40.1002 -379.853 135.4 0.120599 0.120599
7.11 -39.928 -442.461 225.637 0.150434 0.150434
7.12 -39.7843 -494.961 315.365 0.139078 0.139078
7.13 -39.7008 -539.986 398.444 0.0973555 0.0973555
7.14 -39.6794 -581.384 470.09 0.060062 0.060062
7.15 -39.7254 -622.317 527.56 0.049444 0.049444
7.16 -39.8319 -662.863 569.442 0.0608317 0.0608317
7.17 -39.9778 -699.696 595.88 0.0827808 0.0827808
7.18 -40.1352 -727.401 608.515 0.105975 0.105975
7.19 -40.2708 -740.142 609.884 0.118816 0.118816
7.2 -40.354 -734.215 602.563 0.112321 0.112321
7.21 -40.3679 -709.369 588.754 0.0910029 0.0910029
7.22 -40.2917 -667.779 570.85 0.0763385 0.0763385
7.23 -40.1083 -613.182 551.533 0.0840087 0.0840087
7.24 -39.8098 -551.939 533.737 0.108117 0.108117
7.25 -39.3963 -492.688 520.477 0.153059 0.153059
7.26 -38.88 -443.916 514.271 0.253236 0.253236
7.27 -38.2718 -410.04 516.599 0.437617 0.437617
7.28 -37.5854 -390.019 527.231 0.682424 0.682424
7.29 -36.8403 -379.18 543.879 0.910115 0.910115
7.3 -36.0633 -371.107 562.826 1.04186 1.04186
7.31 -35.2783 -357.702 580.172 1.04889 1.04889
7.32 -34.5088 -331.713 592.593 0.961709 0.961709
7.33 -33.7944 -293.386 597.441 0.840865 0.840865
7.34 -33.1997 -253.097 592.673 0.731097 0.731097
7.35 -32.7963 -224.258 576.765 0.63647 0.63647
7.36 -32.628 -212.468 548.827 0.537539 0.537539
7.37 -32.701 -211.577 508.63 0.41957 0.41957
7.38 -32.9975 -209.93 456.798 0.283081 0.283081
7.39 -33.4995 -199.613 395.039 0.140254 0.140254
7.4 -34.1911 -178.44 325.671 0.00747819 0.00747819
7.41 -35.0471 -146.282 250.916 -0.0952484 -0.0952484
7.42 -36.0272 -103.122 172.814 -0.137324 -0.137324
7.43 -37.0847 -51.5233 93.5052 -0.0868671 -0.0868671
7.44 -38.1882 -1.2121 15.1247 0.0529678 0.0529678
7.45 -39.3262 32.275 -60.4733 0.225186 0.225186
7.46 -40.4913 35.6788 -131.301 0.353857 0.353857
7.47 -41.6474 6.69314 -195.793 0.407015 0.407015
7.48 -42.7622 -46.3663 -251.441 0.425791 0.425791
7.49 -43.7795 -108.932 -296.459 0.479301 0.479301
7.5 -44.6721 -168.17 -331.351 0.595476 0.595476
7.51 -45.4428 -216.927 -359.095 0.74273 0.74273
7.52 -46.102 -251.954 -383.427 0.860234 0.860234
7.53 -46.6617 -271.914 -407.068 0.897235 0.897235
7.54 -47.1294 -277.756 -431.35 0.839259 0.839259
7.55 -47.5172 -273.252 -457.234 0.708838 0.708838
7.56 -47.8502 -265.52 -486.076 0.543536 0.543536
7.57 -48.1562 -262.123 -519.314 0.38031 0.38031
7.58 -48.4453 -263.322 -557.3 0.252285 0.252285
7.59 -48.6863 -258.04 -598.88 0.177833 0.177833
7.6 -48.8321 -231.498 -642.167 0.146522 0.146522
7.61 -48.8535 -177.417 -685.312 0.125093 0.125093
7.62 -48.7563 -103.075 -726.443 0.0903646 0.0903646
7.63 -48.5623 -23.761 -763.328 0.0643939 0.0643939
7.64 -48.2886 46.5869 -792.851 0.122137 0.122137
7.65 -47.9268 101.021 -811.577 0.347706 0.347706
7.66 -47.4636 140.176 -816.857 0.749506 0.749506
7.67 -46.8777 169.462 -807.439 1.22168 1.22168
7.68 -46.1661 192.836 -783.51 1.61529 1.61529
7.69 -45.3476 209.594 -746.323 1.85127 1.85127
7.7 -44.4477 218.417 -697.607 1.96049 1.96049
7.71 -43.48 222.397 -639.017 2.03006 2.03006
7.72 -42.4495 227.296 -571.928 2.12669 2.12669
7.73 -41.3691 235.71 -497.693 2.25752 2.25752
7.74 -40.2648 245.663 -418.007 2.3758 2.3758
7.75 -39.1607 254.818 -334.957 2.40819 2.40819
7.76 -38.0708 263.531 -250.767 2.28617 2.28617
7.77 -37.0036 273.282 -167.725 1.97622 1.97622
7.78 -35.9732 283.571 -88.694 1.50679 1.50679
7.79 -35.0063 290.905 -16.9396 0.97457 0.97457
7.8 -34.1356 291.176 44.6919 0.502803 0.502803
7.81 -33.3732 283.886 95.0773 0.168644 0.168644
7.82 -32.7206 274.046 134.533 -0.0352895 -0.0352895
7.83 -32.1546 271.461 164.702 -0.173445 -0.173445
7.84 -31.6481 285.017 187.894 -0.302305 -0.302305
7.85 -31.1868 316.046 207.057 -0.422592 -0.422592
7.86 -30.7696 358.169 225.453 -0.48277 -0.48277
7.87 -30.3943 401.799 246.058 -0.415108 -0.415108
7.88 -30.0652 437.155 270.447 -0.181299 -0.181299
7.89 -29.7858 455.419 298.968 0.195264 0.195264
7.9 -29.5636 450.077 331.623 0.639954 0.639954
7.91 -29.4032 418.24 368.605 1.06273 1.06273
7.92 -29.3093 362.701 409.831 1.3923 1.3923
7.93 -29.2736 292.083 454.426 1.6035 1.6035
7.94 -29.295 217.835 500.153 1.7108 1.7108
7.95 -29.38 148.161 543.668 1.74038 1.74038
7.96 -29.5586 84.1318 581.201 1.71769 1.71769
7.97 -29.8698 21.2639 609.359 1.64917 1.64917
7.98 -30.3508 -45.9924 625.763 1.50936 1.50936
7.99 -31.0186 -119.724 629.65 1.2644 1.2644
8 -31.8644 -195.985 622.197 0.905058 0.905058
8.01 -32.859 -268.014 606.07 0.464903 0.464903
8.02 -33.9739 -332.169 584.586 0.0143005 0.0143005
8.03 -35.1844 -389.09 561.017 -0.370701 -0.370701
8.04 -36.4574 -439.285 537.759 -0.642155 -0.642155
8.05 -37.7449 -480.457 515.986 -0.791123 -0.791123
8.06 -38.9997 -511.999 496.041 -0.835496 -0.835496
8.07 -40.1953 -540.658 477.9 -0.799704 -0.799704
8.08 -41.3251 -578.292 461.588 -0.695084 -0.695084
8.09 -42.3793 -633.187 447.721 -0.522788 -0.522788
8.1 -43.3345 -704.99 437.412 -0.289579 -0.289579
8.11 -44.1651 -787.149 431.121 -0.00764917 -0.00764917
8.12 -44.8592 -870.476 427.749 0.312643 0.312643
8.13 -45.4155 -945.582 424.749 0.66173 0.66173
8.14 -45.8406 -1004.46 419.703 1.01651 1.01651
8.15 -46.1427 -1042.85 411.834 1.33404 1.33404
8.16 -46.3377 -1060.51 401.908 1.5632 1.5632
8.17 -46.4415 -1060.27 390.782 1.66498 1.66498
8.18 -46.4744 -1046.28 378.182 1.63461 1.63461
8.19 -46.4529 -1022.16 362.553 1.50232 1.50232
8.2 -46.3902 -990.937 342.189 1.30831 1.30831
8.21 -46.2965 -955.368 316.182 1.08007 1.08007
8.22 -46.177 -917.469 284.871 0.829465 0.829465
8.23 -46.0337 -878.754 249.937 0.563427 0.563427
8.24 -45.8666 -840.586 214.076 0.293453 0.293453
8.25 -45.6751 -803.62 180.36 0.035291 0.035291
8.26 -45.4578 -767.783 151.299 -0.194357 -0.194357
8.27 -45.2206 -733.941 128.251 -0.374829 -0.374829
8.28 -44.9777 -704.75 111.494 -0.47983 -0.47983
8.29 -44.7448 -682.808 100.75 -0.485527 -0.485527
8.3 -44.5347 -669.513 95.6229 -0.384178 -0.384178
8.31 -44.3601 -666.132 95.9337 -0.19289 -0.19289
8.32 -44.2331 -673.697 101.806 0.0519954 0.0519954
8.33 -44.1585 -690.642 113.311 0.312307 0.312307
8.34 -44.1312 -712.093 129.818 0.563707 0.563707
8.35 -44.1444 -732.409 149.575 0.798457 0.798457
8.36 -44.195 -747.966 169.966 1.01543 1.01543
8.37 -44.2852 -758.443 188.331 1.20719 1.20719
8.38 -44.4169 -765.948 202.98 1.35482 1.35482
8.39 -44.5842 -772.507 213.714 1.43412 1.43412
8.4 -44.7734 -779.168 221.34 1.42711 1.42711
8.41 -44.9726 -787.501 226.948 1.33047 1.33047
8.42 -45.1745 -799.842 231.595 1.15696 1.15696
8.43 -45.3726 -817.578 236.144 0.930504 0.930504
8.44 -45.5589 -840.347 241.382 0.679348 0.679348
8.45 -45.7254 -866.785 248.312 0.43025 0.43025
8.46 -45.8652 -895.221 257.977 0.20406 0.20406
8.47 -45.9737 -923.628 270.907 0.0141283 0.0141283
8.48 -46.0495 -950.22 286.829 -0.131991 -0.131991
8.49 -46.1017 -975.496 304.449 -0.228584 -0.228584
8.5 -46.153 -1002.86 321.516 -0.267983 -0.267983
8.51 -46.2267 -1035.36 335.795 -0.24042 -0.24042
8.52 -46.3306 -1071.35 346.033 -0.140613 -0.140613
8.53 -46.4574 -1104.73 352.123 0.025458 0.025458
8.54 -46.5931 -1128.91 355.053 0.244072 0.244072
8.55 -46.7244 -1140.4 356.629 0.497681 0.497681
8.56 -46.8443 -1139.96 358.649 0.760341 0.760341
8.57 -46.9496 -1131.17 362.386 0.999156 0.999156
8.58 -47.0328 -1117.48 368.601 1.18792 1.18792
8.59 -47.0763 -1100.02 377.31 1.31578 1.31578
8.6 -47.0637 -1080 388.025 1.3832 1.3832
8.61 -46.9904 -1061.63 400.181 1.39436 1.39436
8.62 -46.8622 -1050.99 413.346 1.35193 1.35193
8.63 -46.6871 -1052.11 427.295 1.25769 1.25769
8.64 -46.4716 -1065.8 442.133 1.12089 1.12089
8.65 -46.2275 -1090.99 458.151 0.969202 0.969202
8.66 -45.9707 -1125.11 475.255 0.84863 0.84863
8.67 -45.7206 -1163.3 492.665 0.809853 0.809853
8.68 -45.4926 -1198.52 509.086 0.895429 0.895429
8.69 -45.2929 -1224.91 523.818 1.12474 1.12474
8.7 -45.1394 -1239.92 536.394 1.47571 1.47571
8.71 -45.0481 -1244.66 546.023 1.88691 1.88691
8.72 -45.0284 -1240.05 551.541 2.28376 2.28376
8.73 -45.0653 -1223.75 551.913 2.62262 2.62262
8.74 -45.1275 -1192.87 547.546 2.9238 2.9238
8.75 -45.184 -1147.97 540.171 3.24416 3.24416
8.76 -45.2091 -1094.06 531.977 3.6137 3.6137
8.77 -45.1781 -1037.12 524.286 4.0017 4.0017
8.78 -45.0633 -978.937 516.661 4.32783 4.32783
8.79 -44.828 -915.675 506.854 4.49849 4.49849
8.8 -44.4384 -841.317 491.755 4.44542 4.44542
8.81 -43.8698 -751.355 468.85 4.14826 4.14826
8.82 -43.1119 -644.984 437.098 3.63855 3.63855
8.83 -42.1742 -526.675 396.99 2.98764 2.98764
8.84 -41.0924 -406.568 350.053 2.27984 2.27984
8.85 -39.9261 -297.941 298.059 1.58204 1.58204
8.86 -38.7488 -211.727 242.159 0.926088 0.926088
8.87 -37.6297 -151.004 182.685 0.323127 0.323127
8.88 -36.6244 -108.822 119.381 -0.205059 -0.205059
8.89 -35.7708 -70.9991 52.1014 -0.624171 -0.624171
8.9 -35.1006 -23.3977 -18.7337 -0.900096 -0.900096
8.91 -34.6497 40.2901 -90.9133 -1.00564 -1.00564
8.92 -34.4244 122.003 -164.088 -0.933659 -0.933659
8.93 -34.4592 219.515 -236.596 -0.682091 -0.682091
8.94 -34.7266 329.674 -307.177 -0.241705 -0.241705
8.95 -35.1755 448.737 -374.109 0.372491 0.372491
8.96 -35.7414 573.47 -435.362 1.10897 1.10897
8.97 -36.3352 701.754 -489.502 1.94601 1.94601
8.98 -36.8679 832.234 -536.24 3.04205 3.04205
8.99 -37.2518 961.791 -577.145 4.71679 4.71679
9 -37.4289 1084.15 -612.926 7.13274 7.13274
9.01 -37.3252 1193.87 -646.188 10.061 10.061
9.02 -36.9455 1285.22 -678.148 13.0008 13.0008
9.03 -36.2751 1354.74 -709.302 15.4834 15.4834
9.04 -35.3392 1401.08 -740.363 17.3146 17.3146
9.05 -34.2112 1422.73 -770.667 18.6258 18.6258
9.06 -32.9644 1419.19 -798.638 19.676 19.676
9.07 -31.6952 1392.75 -821.968 20.6234 20.6234
9.08 -30.5047 1348.3 -837.259 21.4841 21.4841
9.09 -29.4624 1294.34 -841.76 22.1403 22.1403
9.1 -28.655 1240.09 -833.981 22.351 22.351
9.11 -28.148 1191.95 -814.065 21.871 21.871
9.12 -27.9912 1151.46 -783.678 20.6126 20.6126
9.13 -28.2177 1116.73 -745.446 18.7081 18.7081
9.14 -28.828 1084.46 -701.999 16.4572 16.4572
9.15 -29.7851 1052.4 -655.352 14.2112 14.2112
9.16 -31.0173 1020.05 -607.308 12.2365 12.2365
9.17 -32.4425 985.22 -559.778 10.6201 10.6201
9.18 -33.9816 941.343 -514.608 9.28405 9.28405
9.19 -35.5631 879.647 -472.858 8.10176 8.10176
9.2 -37.114 793.909 -433.772 7.03629 7.03629
9.21 -38.5591 683.536 -394.975 6.19805 6.19805
9.22 -39.8348 552.488 -354.353 5.77825 5.77825
9.23 -40.9059 405.743 -311.434 5.9087 5.9087
9.24 -41.7745 246.267 -267.292 6.55101 6.55101
9.25 -42.4781 74.2836 -223.658 7.48716 7.48716
9.26 -43.0853 -111.794 -181.416 8.37752 8.37752
9.27 -43.6616 -309.377 -140.438 8.873 8.873
9.28 -44.1871 -510.272 -100.503 8.7842 8.7842
9.29 -44.8028 -701.646 -59.8132 8.16106 8.16106
9.3 -45.4723 -872.184 -16.82 7.29538 7.29538
9.31 -46.2434 -1015.85 30.7864 6.57035 6.57035
9.32 -47.104 -1130.6 84.3589 6.08837 6.08837
9.33 -48.0458 -1215.94 143.254 5.5636 5.5636
9.34 -49.0441 -1273.92 204.466 4.63744 4.63744
9.35 -50.0531 -1309.21 264.169 3.19801 3.19801
9.36 -51.0228 -1328.61 318.706 1.4333 1.4333
9.37 -51.8912 -1338.08 365.288 -0.295011 -0.295011
9.38 -52.5966 -1342.62 401.977 -1.58751 -1.58751
9.39 -53.0944 -1347.27 427.78 -2.13806 -2.13806
9.4 -53.3466 -1354.24 442.453 -1.84608 -1.84608
9.41 -53.3199 -1362.11 446.691 -0.857166 -0.857166
9.42 -53.0064 -1366.11 441.314 0.490993 0.490993
9.43 -52.4168 -1362.15 427.016 1.8286 1.8286
9.44 -51.5899 -1349.59 404.954 2.96103 2.96103
9.45 -50.5909 -1329.87 376.79 3.96032 3.96032
9.46 -49.4888 -1304.29 344.967 5.05046 5.05046
9.47 -48.3487 -1271.52 311.95 6.37292 6.37292
9.48 -47.226 -1227.12 279.396 7.81008 7.81008
9.49 -46.1663 -1165.99 248.049 9.00424 9.00424
9.5 -45.2116 -1085.89 218.2 9.55682 9.55682
9.51 -44.3958 -990.22 190.009 9.25634 9.25634
9.52 -43.7437 -886.008 163.743 8.17779 8.17779
9.53 -43.2523 -776.796 139.706 6.60683 6.60683
9.54 -42.8776 -659.286 117.965 4.86694 4.86694
9.55 -42.5536 -527.487 98.1894 3.17522 3.17522
9.56 -42.2091 -377.798 79.4757 1.6039 1.6039
9.57 -41.7798 -211.672 59.9916 0.229109 0.229109
9.58 -41.2103 -33.5989 36.4141 -0.65171 -0.65171
9.59 -40.469 151.957 5.44957 -0.704431 -0.704431
9.6 -39.4721 340.655 -34.2559 0.0133951 0.0133951
9.61 -38.2128 529.642 -85.6571 1.15731 1.15731
9.62 -36.7421 709.986 -147.379 2.57155 2.57155
9.63 -35.0279 872.207 -217.431 4.39733 4.39733
9.64 -33.1726 1011.97 -292.687 6.81684 6.81684
9.65 -31.1952 1133.7 -369.934 9.81761 9.81761
9.66 -29.1745 1245.22 -445.952 13.1608 13.1608
9.67 -27.1798 1352.21 -518.11 16.5329 16.5329
9.68 -25.334 1453 -584.478 19.6637 19.6637
9.69 -23.7721 1540.62 -643.007 22.2661 22.2661
9.7 -22.5468 1612.53 -689.751 23.9465 23.9465
9.71 -21.6561 1675.22 -727.163 24.3985 24.3985
9.72 -21.2056 1731.92 -757.115 23.7237 23.7237
9.73 -21.1758 1784.16 -781.557 22.368 22.368
9.74 -21.5522 1834.17 -801.539 20.7741 20.7741
9.75 -22.2633 1885.97 -818.036 19.1398 19.1398
9.76 -23.2199 1942.54 -832.706 17.4315 17.4315
9.77 -24.3747 1998.89 -847.578 15.6016 15.6016
9.78 -25.6464 2045.05 -864.822 13.7562 13.7562
9.79 -26.9796 2071.02 -886.011 12.1596 12.1596
9.8 -28.3098 2071.31 -911.259 11.1399 11.1399
9.81 -29.5676 2044.41 -939.302 10.9452 10.9452
9.82 -30.6787 1993.86 -967.878 11.6328 11.6328
9.83 -31.6095 1926.22 -994.804 13.0753 13.0753
9.84 -32.3465 1846.59 -1017.69 15.0505 15.0505
9.85 -32.8962 1757.25 -1034.32 17.3244 17.3244
9.86 -33.29 1659.52 -1042.43 19.6948 19.6948
9.87 -33.5604 1555.65 -1039.75 22.0007 22.0007
9.88 -33.7496 1448.51 -1024.01 24.1063 24.1063
9.89 -33.897 1340.01 -993.615 25.861 25.861
9.9 -34.0488 1230.41 -948.051 27.0741 27.0741
9.91 -34.241 1120.34 -887.931 27.5305 27.5305
9.92 -34.491 1013.11 -814.654 27.0539 27.0539
9.93 -34.7954 913.983 -729.954 25.588 25.588
9.94 -35.137 827.079 -635.863 23.2412 23.2412
9.95 -35.4931 753.432 -535.02 20.2609 20.2609
9.96 -35.8383 691.422 -431.147 16.9502 16.9502
9.97 -36.1435 638.172 -328.548 13.5812 13.5812
9.98 -36.3778 589.815 -230.876 10.3526 10.3526
9.99 -36.5169 540.657 -140.317 7.40196 7.40196
10 -36.5498 482.386 -57.1068 4.84155 4.84155
