0.1 0.0307252 1.05949e-006
0.2 0.0614592 2.11928e-006
0.3 0.0922019 3.17938e-006
0.4 0.122954 4.23978e-006
0.5 0.153714 5.30049e-006
0.6 0.184484 6.36151e-006
0.7 0.215262 7.42283e-006
0.8 0.24605 8.48448e-006
0.9 0.276847 9.54643e-006
1 0.307652 1.06087e-005
0.01 0.308427 1.06354e-005
0.02 0.310655 1.07123e-005
0.03 0.313317 1.0804e-005
0.04 0.315431 1.08769e-005
0.05 0.316892 1.09273e-005
0.06 0.317639 1.09531e-005
0.07 0.317657 1.09537e-005
0.08 0.316994 1.09308e-005
0.09 0.315754 1.08881e-005
0.1 0.314083 1.08305e-005
0.11 0.312124 1.07629e-005
0.12 0.310003 1.06897e-005
0.13 0.307795 1.06136e-005
0.14 0.305556 1.05364e-005
0.15 0.303332 1.04597e-005
0.16 0.301197 1.03861e-005
0.17 0.299203 1.03173e-005
0.18 0.297391 1.02548e-005
0.19 0.295718 1.01972e-005
0.2 0.294104 1.01415e-005
0.21 0.292422 1.00835e-005
0.22 0.290551 1.0019e-005
0.23 0.288352 9.94317e-006
0.24 0.285738 9.85302e-006
0.25 0.282651 9.74658e-006
0.26 0.279097 9.62404e-006
0.27 0.275039 9.48411e-006
0.28 0.270429 9.32513e-006
0.29 0.265247 9.14646e-006
0.3 0.259622 8.95249e-006
0.31 0.253714 8.74876e-006
0.32 0.247736 8.54261e-006
0.33 0.241972 8.34388e-006
0.34 0.236682 8.16146e-006
0.35 0.231981 7.99935e-006
0.36 0.227851 7.85693e-006
0.37 0.224217 7.73161e-006
0.38 0.221056 7.62263e-006
0.39 0.218368 7.52993e-006
0.4 0.216158 7.45372e-006
0.41 0.214344 7.39117e-006
0.42 0.212816 7.33847e-006
0.43 0.211484 7.29255e-006
0.44 0.210299 7.2517e-006
0.45 0.20921 7.21412e-006
0.46 0.208101 7.17588e-006
0.47 0.206806 7.13124e-006
0.48 0.205261 7.07795e-006
0.49 0.20356 7.01933e-006
0.5 0.201831 6.95967e-006
0.51 0.200173 6.90251e-006
0.52 0.198805 6.85535e-006
0.53 0.19801 6.82794e-006
0.54 0.197894 6.82393e-006
0.55 0.198315 6.83845e-006
0.56 0.199217 6.86954e-006
0.57 0.200953 6.9294e-006
0.58 0.204026 7.03536e-006
0.59 0.20852 7.19034e-006
0.6 0.213967 7.37817e-006
0.61 0.219767 7.57819e-006
0.62 0.225577 7.77853e-006
0.63 0.231121 7.96967e-006
0.64 0.236038 8.13923e-006
0.65 0.24032 8.2869e-006
0.66 0.244324 8.42497e-006
0.67 0.248208 8.5589e-006
0.68 0.251903 8.6863e-006
0.69 0.255463 8.80908e-006
0.7 0.258998 8.93097e-006
0.71 0.26243 9.04933e-006
0.72 0.265621 9.15934e-006
0.73 0.268653 9.26389e-006
0.74 0.27198 9.37862e-006
0.75 0.276237 9.52543e-006
0.76 0.281725 9.71466e-006
0.77 0.288153 9.93632e-006
0.78 0.294836 1.01668e-005
0.79 0.301161 1.03849e-005
0.8 0.306933 1.05839e-005
0.81 0.312105 1.07622e-005
0.82 0.316456 1.09123e-005
0.83 0.319758 1.10261e-005
0.84 0.32209 1.11066e-005
0.85 0.323552 1.1157e-005
0.86 0.324192 1.1179e-005
0.87 0.324532 1.11907e-005
0.88 0.325526 1.1225e-005
0.89 0.327363 1.12884e-005
0.9 0.329176 1.13509e-005
0.91 0.33009 1.13824e-005
0.92 0.330535 1.13977e-005
0.93 0.331893 1.14446e-005
0.94 0.334799 1.15448e-005
0.95 0.338298 1.16655e-005
0.96 0.340762 1.17504e-005
0.97 0.341555 1.17777e-005
0.98 0.34154 1.17773e-005
0.99 0.341632 1.17804e-005
1 0.341629 1.17803e-005
1.01 0.340873 1.17542e-005
1.02 0.339041 1.16911e-005
1.03 0.336112 1.15901e-005
1.04 0.332356 1.14606e-005
1.05 0.328418 1.13247e-005
1.06 0.325018 1.12075e-005
1.07 0.322379 1.11165e-005
1.08 0.319823 1.10284e-005
1.09 0.316628 1.09182e-005
1.1 0.313413 1.08073e-005
1.11 0.311509 1.07417e-005
1.12 0.311074 1.07267e-005
1.13 0.310748 1.07155e-005
1.14 0.309007 1.06554e-005
1.15 0.304658 1.05054e-005
1.16 0.296885 1.02374e-005
1.17 0.286461 9.87796e-006
1.18 0.275681 9.50626e-006
1.19 0.266584 9.19257e-006
1.2 0.25987 8.96104e-006
1.21 0.255079 8.79584e-006
1.22 0.251371 8.66798e-006
1.23 0.248057 8.55368e-006
1.24 0.244606 8.43468e-006
1.25 0.240416 8.2902e-006
1.26 0.234952 8.1018e-006
1.27 0.228283 7.87182e-006
1.28 0.221048 7.62234e-006
1.29 0.214252 7.388e-006
1.3 0.208972 7.20594e-006
1.31 0.205403 7.08287e-006
1.32 0.202615 6.98673e-006
1.33 0.199426 6.87677e-006
1.34 0.194541 6.70832e-006
1.35 0.186985 6.44776e-006
1.36 0.177836 6.13229e-006
1.37 0.170042 5.86351e-006
1.38 0.166058 5.72614e-006
1.39 0.166062 5.72628e-006
1.4 0.168307 5.80369e-006
1.41 0.171867 5.92646e-006
1.42 0.177552 6.12249e-006
1.43 0.185396 6.39297e-006
1.44 0.193859 6.6848e-006
1.45 0.20138 6.94413e-006
1.46 0.207426 7.15262e-006
1.47 0.213008 7.34511e-006
1.48 0.220772 7.61283e-006
1.49 0.233948 8.06718e-006
1.5 0.253923 8.75596e-006
1.51 0.27801 9.58657e-006
1.52 0.300628 1.03665e-005
1.53 0.318148 1.09706e-005
1.54 0.331337 1.14254e-005
1.55 0.342541 1.18118e-005
1.56 0.353224 1.21801e-005
1.57 0.364186 1.25581e-005
1.58 0.375824 1.29595e-005
1.59 0.388163 1.33849e-005
1.6 0.401776 1.38543e-005
1.61 0.418396 1.44275e-005
1.62 0.438898 1.51344e-005
1.63 0.459706 1.58519e-005
1.64 0.473014 1.63108e-005
1.65 0.473231 1.63183e-005
1.66 0.462314 1.59419e-005
1.67 0.447803 1.54415e-005
1.68 0.436741 1.506e-005
1.69 0.431732 1.48873e-005
1.7 0.431831 1.48907e-005
1.71 0.434692 1.49894e-005
1.72 0.436903 1.50656e-005
1.73 0.434838 1.49944e-005
1.74 0.426443 1.47049e-005
1.75 0.411476 1.41888e-005
1.76 0.390876 1.34785e-005
1.77 0.367254 1.26639e-005
1.78 0.345377 1.19095e-005
1.79 0.329649 1.13672e-005
1.8 0.320119 1.10386e-005
1.81 0.31234 1.07703e-005
1.82 0.30103 1.03804e-005
1.83 0.283369 9.77136e-006
1.84 0.259828 8.95959e-006
1.85 0.233724 8.05945e-006
1.86 0.210018 7.242e-006
1.87 0.191624 6.60772e-006
1.88 0.175839 6.06342e-006
1.89 0.157456 5.42952e-006
1.9 0.136265 4.69879e-006
1.91 0.11771 4.05896e-006
1.92 0.106631 3.67695e-006
1.93 0.104008 3.58648e-006
1.94 0.108358 3.73649e-006
1.95 0.117446 4.04985e-006
1.96 0.128054 4.41567e-006
1.97 0.136022 4.69042e-006
1.98 0.138888 4.78924e-006
1.99 0.137706 4.74849e-006
2 0.135934 4.68739e-006
2.01 0.137408 4.7382e-006
2.02 0.144634 4.98738e-006
2.03 0.158613 5.46943e-006
2.04 0.178819 6.16618e-006
2.05 0.201531 6.94933e-006
2.06 0.221035 7.62188e-006
2.07 0.235171 8.10934e-006
2.08 0.247507 8.53471e-006
2.09 0.263309 9.07961e-006
2.1 0.284735 9.81843e-006
2.11 0.310441 1.07049e-005
2.12 0.339102 1.16932e-005
2.13 0.37075 1.27845e-005
2.14 0.405087 1.39685e-005
2.15 0.440107 1.51761e-005
2.16 0.471739 1.62669e-005
2.17 0.495779 1.70958e-005
2.18 0.51136 1.76331e-005
2.19 0.520848 1.79603e-005
2.2 0.526091 1.81411e-005
2.21 0.52769 1.81962e-005
2.22 0.527226 1.81802e-005
2.23 0.527233 1.81805e-005
2.24 0.528735 1.82322e-005
2.25 0.530183 1.82822e-005
2.26 0.529496 1.82585e-005
2.27 0.525075 1.8106e-005
2.28 0.515042 1.77601e-005
2.29 0.498566 1.71919e-005
2.3 0.47749 1.64652e-005
2.31 0.454921 1.56869e-005
2.32 0.433435 1.4946e-005
2.33 0.414879 1.43062e-005
2.34 0.400083 1.3796e-005
2.35 0.388426 1.3394e-005
2.36 0.377986 1.3034e-005
2.37 0.366918 1.26523e-005
2.38 0.353974 1.2206e-005
2.39 0.336973 1.16197e-005
2.4 0.314319 1.08386e-005
2.41 0.288145 9.93604e-006
2.42 0.262378 9.04752e-006
2.43 0.239622 8.26281e-006
2.44 0.221514 7.63841e-006
2.45 0.20887 7.20241e-006
2.46 0.20041 6.9107e-006
2.47 0.193412 6.66939e-006
2.48 0.186003 6.4139e-006
2.49 0.178278 6.1475e-006
2.5 0.172317 5.94196e-006
2.51 0.17081 5.89001e-006
2.52 0.175072 6.03697e-006
2.53 0.185003 6.37943e-006
2.54 0.199401 6.8759e-006
2.55 0.215845 7.44293e-006
2.56 0.231562 7.98488e-006
2.57 0.244224 8.4215e-006
2.58 0.252389 8.70306e-006
2.59 0.256449 8.84306e-006
2.6 0.258636 8.91849e-006
2.61 0.260907 8.9968e-006
2.62 0.263275 9.07846e-006
2.63 0.264876 9.13367e-006
2.64 0.267316 9.21778e-006
2.65 0.276151 9.52245e-006
2.66 0.296299 1.02172e-005
2.67 0.326319 1.12524e-005
2.68 0.358842 1.23739e-005
2.69 0.386487 1.33271e-005
2.7 0.407491 1.40514e-005
2.71 0.425538 1.46737e-005
2.72 0.444641 1.53324e-005
2.73 0.464593 1.60205e-005
2.74 0.481465 1.66022e-005
2.75 0.492134 1.69701e-005
2.76 0.496812 1.71314e-005
2.77 0.497499 1.71551e-005
2.78 0.495091 1.70721e-005
2.79 0.487744 1.68187e-005
2.8 0.472892 1.63066e-005
2.81 0.452153 1.55915e-005
2.82 0.432149 1.49017e-005
2.83 0.419515 1.4466e-005
2.84 0.416651 1.43673e-005
2.85 0.421462 1.45332e-005
2.86 0.429899 1.48241e-005
2.87 0.437757 1.50951e-005
2.88 0.440807 1.52003e-005
2.89 0.436233 1.50425e-005
2.9 0.424313 1.46315e-005
2.91 0.40685 1.40293e-005
2.92 0.384548 1.32603e-005
2.93 0.357788 1.23375e-005
2.94 0.328383 1.13236e-005
2.95 0.29862 1.02973e-005
2.96 0.269999 9.3103e-006
2.97 0.244426 8.42847e-006
2.98 0.225161 7.76419e-006
2.99 0.214471 7.39556e-006
3 0.210884 7.27185e-006
3.01 0.210199 7.24824e-006
3.02 0.20921 7.21415e-006
3.03 0.207948 7.17063e-006
3.04 0.209351 7.21901e-006
3.05 0.216774 7.47495e-006
3.06 0.231143 7.97045e-006
3.07 0.250494 8.63772e-006
3.08 0.271183 9.35115e-006
3.09 0.290233 1.0008e-005
3.1 0.306946 1.05843e-005
3.11 0.320361 1.10469e-005
3.12 0.326605 1.12622e-005
3.13 0.321613 1.10901e-005
3.14 0.306302 1.05621e-005
3.15 0.287843 9.92561e-006
3.16 0.27544 9.49793e-006
3.17 0.275774 9.50944e-006
3.18 0.290555 1.00191e-005
3.19 0.315203 1.08691e-005
3.2 0.341585 1.17788e-005
3.21 0.364711 1.25762e-005
3.22 0.385978 1.33096e-005
3.23 0.409413 1.41177e-005
3.24 0.437087 1.5072e-005
3.25 0.468395 1.61515e-005
3.26 0.499856 1.72364e-005
3.27 0.524574 1.80887e-005
3.28 0.535515 1.8466e-005
3.29 0.531126 1.83147e-005
3.3 0.516734 1.78184e-005
3.31 0.50036 1.72538e-005
3.32 0.487558 1.68123e-005
3.33 0.480584 1.65719e-005
3.34 0.481492 1.66032e-005
3.35 0.491969 1.69645e-005
3.36 0.509225 1.75595e-005
3.37 0.525782 1.81304e-005
3.38 0.534159 1.84193e-005
3.39 0.531273 1.83198e-005
3.4 0.520635 1.79529e-005
3.41 0.511038 1.7622e-005
3.42 0.510671 1.76093e-005
3.43 0.52096 1.79642e-005
3.44 0.536351 1.84949e-005
3.45 0.549268 1.89403e-005
3.46 0.554372 1.91163e-005
3.47 0.549718 1.89558e-005
3.48 0.53629 1.84928e-005
3.49 0.517096 1.78309e-005
3.5 0.497239 1.71462e-005
3.51 0.483028 1.66561e-005
3.52 0.477089 1.64514e-005
3.53 0.475536 1.63978e-005
3.54 0.47243 1.62907e-005
3.55 0.465412 1.60487e-005
3.56 0.457031 1.57597e-005
3.57 0.451521 1.55697e-005
3.58 0.450674 1.55405e-005
3.59 0.452989 1.56203e-005
3.6 0.454584 1.56753e-005
3.61 0.451005 1.55519e-005
3.62 0.440816 1.52006e-005
3.63 0.427472 1.47404e-005
3.64 0.416541 1.43635e-005
3.65 0.411373 1.41853e-005
3.66 0.41157 1.41921e-005
3.67 0.415253 1.43191e-005
3.68 0.420819 1.4511e-005
3.69 0.425175 1.46612e-005
3.7 0.423198 1.4593e-005
3.71 0.410633 1.41598e-005
3.72 0.385514 1.32936e-005
3.73 0.348627 1.20216e-005
3.74 0.305122 1.05215e-005
3.75 0.262318 9.04545e-006
3.76 0.224912 7.7556e-006
3.77 0.193764 6.68152e-006
3.78 0.167674 5.78187e-006
3.79 0.144736 4.9909e-006
3.8 0.122637 4.22888e-006
3.81 0.0999338 3.44599e-006
3.82 0.0784574 2.70543e-006
3.83 0.0624821 2.15456e-006
3.84 0.0533409 1.83934e-006
3.85 0.0469085 1.61753e-006
3.86 0.0384608 1.32624e-006
3.87 0.0278076 9.58882e-007
3.88 0.0178397 6.15163e-007
3.89 0.0102503 3.53459e-007
3.9 0.00451264 1.55608e-007
3.91 0.000748942 2.58256e-008
3.92 0.00214891 7.41002e-008
3.93 0.0117168 4.04026e-007
3.94 0.027867 9.6093e-007
3.95 0.0470396 1.62206e-006
3.96 0.0680769 2.34748e-006
3.97 0.0912466 3.14643e-006
3.98 0.116036 4.00125e-006
3.99 0.141845 4.89122e-006
4 0.170841 5.89106e-006
4.01 0.208782 7.19939e-006
4.02 0.259119 8.93512e-006
4.03 0.317841 1.096e-005
4.04 0.377882 1.30304e-005
4.05 0.434222 1.49732e-005
4.06 0.482716 1.66454e-005
4.07 0.520678 1.79544e-005
4.08 0.551394 1.90136e-005
4.09 0.583719 2.01282e-005
4.1 0.625549 2.15706e-005
4.11 0.679436 2.34288e-005
4.12 0.741768 2.55782e-005
4.13 0.803363 2.77022e-005
4.14 0.854426 2.9463e-005
4.15 0.890233 3.06977e-005
4.16 0.911044 3.14153e-005
4.17 0.919569 3.17093e-005
4.18 0.919419 3.17041e-005
4.19 0.914482 3.15339e-005
4.2 0.909181 3.13511e-005
4.21 0.906842 3.12704e-005
4.22 0.90668 3.12648e-005
4.23 0.905728 3.1232e-005
4.24 0.902512 3.11211e-005
4.25 0.895239 3.08703e-005
4.26 0.880866 3.03747e-005
4.27 0.858323 2.95973e-005
4.28 0.82881 2.85796e-005
4.29 0.794448 2.73948e-005
4.3 0.759437 2.61875e-005
4.31 0.728529 2.51217e-005
4.32 0.70207 2.42093e-005
4.33 0.675345 2.32877e-005
4.34 0.643052 2.21742e-005
4.35 0.602228 2.07665e-005
4.36 0.551465 1.9016e-005
4.37 0.490354 1.69088e-005
4.38 0.420947 1.45154e-005
4.39 0.349897 1.20654e-005
4.4 0.286964 9.89533e-006
4.41 0.238468 8.22302e-006
4.42 0.203346 7.01194e-006
4.43 0.175179 6.04064e-006
4.44 0.145905 5.03121e-006
4.45 0.110639 3.81514e-006
4.46 0.0715285 2.4665e-006
4.47 0.0348548 1.20189e-006
4.48 0.00507845 1.75119e-007
4.49 -0.015854 -5.46689e-007
4.5 -0.0265793 -9.16527e-007
4.51 -0.0284073 -9.79562e-007
4.52 -0.0272098 -9.38268e-007
4.53 -0.0280826 -9.68364e-007
4.54 -0.0303345 -1.04602e-006
4.55 -0.0307806 -1.0614e-006
4.56 -0.0276284 -9.52702e-007
4.57 -0.0203059 -7.00204e-007
4.58 -0.00992413 -3.42211e-007
4.59 -0.000748052 -2.57949e-008
4.6 0.00116737 4.0254e-008
4.61 -0.00641818 -2.21316e-007
4.62 -0.0178359 -6.15031e-007
4.63 -0.0246041 -8.48418e-007
4.64 -0.0247313 -8.52802e-007
4.65 -0.0237237 -8.18058e-007
4.66 -0.0273033 -9.41493e-007
4.67 -0.0357497 -1.23275e-006
4.68 -0.0444132 -1.53149e-006
4.69 -0.0482182 -1.6627e-006
4.7 -0.0461781 -1.59235e-006
4.71 -0.0416323 -1.4356e-006
4.72 -0.0378098 -1.30379e-006
4.73 -0.0356212 -1.22832e-006
4.74 -0.0361306 -1.24588e-006
4.75 -0.0415105 -1.4314e-006
4.76 -0.0542856 -1.87192e-006
4.77 -0.077574 -2.67497e-006
4.78 -0.112564 -3.88151e-006
4.79 -0.154538 -5.32891e-006
4.8 -0.19522 -6.73172e-006
4.81 -0.228713 -7.88666e-006
4.82 -0.253357 -8.73644e-006
4.83 -0.270578 -9.33028e-006
4.84 -0.284081 -9.79591e-006
4.85 -0.297372 -1.02542e-005
4.86 -0.308119 -1.06248e-005
4.87 -0.308582 -1.06408e-005
4.88 -0.295308 -1.0183e-005
4.89 -0.272836 -9.40813e-006
4.9 -0.247114 -8.52116e-006
4.91 -0.220958 -7.61926e-006
4.92 -0.197014 -6.79359e-006
4.93 -0.180426 -6.22159e-006
4.94 -0.173914 -5.99704e-006
4.95 -0.172448 -5.94647e-006
4.96 -0.167054 -5.76048e-006
4.97 -0.152037 -5.24265e-006
4.98 -0.12563 -4.33207e-006
4.99 -0.0874744 -3.01636e-006
5 -0.0415441 -1.43255e-006
5.01 0.00218531 7.53554e-008
5.02 0.036327 1.25265e-006
5.03 0.0631212 2.17659e-006
5.04 0.0891629 3.07458e-006
5.05 0.11892 4.10069e-006
5.06 0.155735 5.37018e-006
5.07 0.200508 6.91407e-006
5.08 0.247082 8.52005e-006
5.09 0.28533 9.83896e-006
5.1 0.308703 1.06449e-005
5.11 0.315401 1.08759e-005
5.12 0.304766 1.05092e-005
5.13 0.279047 9.62232e-006
5.14 0.248342 8.56352e-006
5.15 0.226498 7.81026e-006
5.16 0.2196 7.57243e-006
5.17 0.223192 7.69629e-006
5.18 0.228727 7.88714e-006
5.19 0.226557 7.8123e-006
5.2 0.205767 7.09542e-006
5.21 0.160114 5.52117e-006
5.22 0.0971087 3.34858e-006
5.23 0.0349099 1.20379e-006
5.24 -0.0101416 -3.4971e-007
5.25 -0.0298248 -1.02844e-006
5.26 -0.0246562 -8.50212e-007
5.27 -0.00303031 -1.04493e-007
5.28 0.0241877 8.34059e-007
5.29 0.0494918 1.70661e-006
5.3 0.0670941 2.31359e-006
5.31 0.0710791 2.451e-006
5.32 0.0609612 2.10211e-006
5.33 0.0445728 1.53699e-006
5.34 0.0327209 1.12831e-006
5.35 0.0323697 1.1162e-006
5.36 0.044632 1.53903e-006
5.37 0.0684842 2.36152e-006
5.38 0.103617 3.57301e-006
5.39 0.147976 5.1026e-006
5.4 0.195687 6.74782e-006
5.41 0.239793 8.26871e-006
5.42 0.275983 9.51665e-006
5.43 0.305314 1.05281e-005
5.44 0.335356 1.1564e-005
5.45 0.375394 1.29446e-005
5.46 0.428929 1.47907e-005
5.47 0.491644 1.69532e-005
5.48 0.55446 1.91193e-005
5.49 0.60751 2.09486e-005
5.5 0.645197 2.22482e-005
5.51 0.668381 2.30476e-005
5.52 0.678381 2.33924e-005
5.53 0.673969 2.32403e-005
5.54 0.657292 2.26652e-005
5.55 0.634372 2.18749e-005
5.56 0.609588 2.10203e-005
5.57 0.586238 2.02151e-005
5.58 0.569936 1.9653e-005
5.59 0.566899 1.95482e-005
5.6 0.57959 1.99859e-005
5.61 0.605047 2.08637e-005
5.62 0.635377 2.19095e-005
5.63 0.659093 2.27273e-005
5.64 0.665629 2.29527e-005
5.65 0.651942 2.24808e-005
5.66 0.625747 2.15775e-005
5.67 0.601945 2.07567e-005
5.68 0.593012 2.04487e-005
5.69 0.600387 2.0703e-005
5.7 0.614658 2.11951e-005
5.71 0.62396 2.15159e-005
5.72 0.62109 2.14169e-005
5.73 0.603428 2.08079e-005
5.74 0.568786 1.96133e-005
5.75 0.513422 1.77042e-005
5.76 0.435361 1.50125e-005
5.77 0.338454 1.16708e-005
5.78 0.232128 8.00443e-006
5.79 0.129274 4.45773e-006
5.8 0.0443934 1.53081e-006
5.81 -0.0129983 -4.48216e-007
5.82 -0.0506225 -1.7456e-006
5.83 -0.0948784 -3.27167e-006
5.84 -0.17 -5.86206e-006
5.85 -0.275772 -9.50938e-006
5.86 -0.389927 -1.34458e-005
5.87 -0.488696 -1.68516e-005
5.88 -0.560795 -1.93378e-005
5.89 -0.608775 -2.09922e-005
5.9 -0.643809 -2.22003e-005
5.91 -0.676855 -2.33398e-005
5.92 -0.714964 -2.46539e-005
5.93 -0.761789 -2.62686e-005
5.94 -0.813938 -2.80668e-005
5.95 -0.859036 -2.96219e-005
5.96 -0.881327 -3.03906e-005
5.97 -0.87043 -3.00148e-005
5.98 -0.825769 -2.84748e-005
5.99 -0.752347 -2.5943e-005
6 -0.651873 -2.24784e-005
6.01 -0.519646 -1.79188e-005
6.02 -0.350236 -1.20771e-005
6.03 -0.140263 -4.83664e-006
6.04 0.11078 3.81999e-006
6.05 0.393904 1.35829e-005
6.06 0.689212 2.37659e-005
6.07 0.972995 3.35515e-005
6.08 1.22467 4.223e-005
6.09 1.43309 4.94169e-005
6.1 1.59928 5.51477e-005
6.11 1.72989 5.96514e-005
6.12 1.83071 6.31278e-005
6.13 1.90664 6.57463e-005
6.14 1.95846 6.75331e-005
6.15 1.98095 6.83086e-005
6.16 1.97028 6.79408e-005
6.17 1.92997 6.65506e-005
6.18 1.87 6.44828e-005
6.19 1.80781 6.23382e-005
6.2 1.7676 6.09517e-005
6.21 1.76661 6.09176e-005
6.22 1.79771 6.19902e-005
6.23 1.82891 6.30658e-005
6.24 1.82404 6.28978e-005
6.25 1.76781 6.09589e-005
6.26 1.67596 5.77917e-005
6.27 1.58495 5.46536e-005
6.28 1.52636 5.26333e-005
6.29 1.5031 5.18311e-005
6.3 1.48625 5.12499e-005
6.31 1.44051 4.96727e-005
6.32 1.35379 4.66823e-005
6.33 1.24058 4.27787e-005
6.34 1.12852 3.89146e-005
6.35 1.04315 3.59706e-005
6.36 0.993615 3.42626e-005
6.37 0.961115 3.31419e-005
6.38 0.90543 3.12217e-005
6.39 0.800551 2.76052e-005
6.4 0.662395 2.28412e-005
6.41 0.529779 1.82682e-005
6.42 0.431364 1.48746e-005
6.43 0.381578 1.31579e-005
6.44 0.38513 1.32804e-005
6.45 0.430766 1.4854e-005
6.46 0.492021 1.69662e-005
6.47 0.545217 1.88006e-005
6.48 0.584567 2.01575e-005
6.49 0.617563 2.12953e-005
6.5 0.651106 2.24519e-005
6.51 0.683766 2.35781e-005
6.52 0.70991 2.44796e-005
6.53 0.730579 2.51924e-005
6.54 0.752804 2.59588e-005
6.55 0.77249 2.66376e-005
6.56 0.767395 2.64619e-005
6.57 0.710525 2.45009e-005
6.58 0.586203 2.02139e-005
6.59 0.399898 1.37896e-005
6.6 0.181801 6.26901e-006
6.61 -0.026342 -9.08346e-007
6.62 -0.191649 -6.60859e-006
6.63 -0.300263 -1.03539e-005
6.64 -0.35691 -1.23072e-005
6.65 -0.377205 -1.30071e-005
6.66 -0.376863 -1.29953e-005
6.67 -0.366262 -1.26297e-005
6.68 -0.354774 -1.22336e-005
6.69 -0.354733 -1.22322e-005
6.7 -0.375986 -1.2965e-005
6.71 -0.415817 -1.43385e-005
6.72 -0.458678 -1.58165e-005
6.73 -0.494191 -1.70411e-005
6.74 -0.535504 -1.84657e-005
6.75 -0.615076 -2.12095e-005
6.76 -0.766783 -2.64408e-005
6.77 -1.01244 -3.49118e-005
6.78 -1.35335 -4.66673e-005
6.79 -1.76803 -6.09664e-005
6.8 -2.21669 -7.64374e-005
6.81 -2.65452 -9.1535e-005
6.82 -3.04532 -0.000105011
6.83 -3.3636 -0.000115986
6.84 -3.58931 -0.000123769
6.85 -3.70967 -0.00012792
6.86 -3.72934 -0.000128598
6.87 -3.66908 -0.00012652
6.88 -3.54833 -0.000122356
6.89 -3.37349 -0.000116327
6.9 -3.14308 -0.000108382
6.91 -2.86458 -9.87785e-005
6.92 -2.56506 -8.84503e-005
6.93 -2.27762 -7.85385e-005
6.94 -2.01972 -6.96456e-005
6.95 -1.78969 -6.17136e-005
6.96 -1.5832 -5.45931e-005
6.97 -1.40703 -4.85183e-005
6.98 -1.27536 -4.39779e-005
6.99 -1.19621 -4.12487e-005
7 -1.16547 -4.01885e-005
7.01 -1.1757 -4.05412e-005
7.02 -1.21923 -4.20423e-005
7.03 -1.27394 -4.39289e-005
7.04 -1.29125 -4.45259e-005
7.05 -1.20247 -4.14645e-005
7.06 -0.950875 -3.27888e-005
7.07 -0.5279 -1.82035e-005
7.08 0.0288402 9.9449e-007
7.09 0.661986 2.28271e-005
7.1 1.32321 4.5628e-005
7.11 1.97646 6.81538e-005
7.12 2.59145 8.93605e-005
7.13 3.14735 0.000108529
7.14 3.63617 0.000125385
7.15 4.05679 0.000139889
7.16 4.40322 0.000151835
7.17 4.66347 0.000160809
7.18 4.82497 0.000166378
7.19 4.88042 0.00016829
7.2 4.82301 0.000166311
7.21 4.66558 0.000160882
7.22 4.42767 0.000152678
7.23 4.1362 0.000142628
7.24 3.82855 0.000132019
7.25 3.55107 0.000122451
7.26 3.34732 0.000115425
7.27 3.24083 0.000111753
7.28 3.22594 0.000111239
7.29 3.27429 0.000112906
7.3 3.34419 0.000115317
7.31 3.38674 0.000116784
7.32 3.35897 0.000115826
7.33 3.24887 0.00011203
7.34 3.08513 0.000106384
7.35 2.91027 0.000100354
7.36 2.74061 9.45039e-005
7.37 2.55175 8.79914e-005
7.38 2.30279 7.94066e-005
7.39 1.97197 6.79991e-005
7.4 1.56195 5.38603e-005
7.41 1.08284 3.73394e-005
7.42 0.544627 1.87803e-005
7.43 -0.0324432 -1.11873e-006
7.44 -0.60132 -2.07352e-005
7.45 -1.09579 -3.77858e-005
7.46 -1.45729 -5.02513e-005
7.47 -1.66393 -5.73768e-005
7.48 -1.7381 -5.99345e-005
7.49 -1.72594 -5.95152e-005
7.5 -1.67773 -5.78528e-005
7.51 -1.6342 -5.63518e-005
7.52 -1.62495 -5.60329e-005
7.53 -1.66773 -5.75078e-005
7.54 -1.76516 -6.08676e-005
7.55 -1.90781 -6.57864e-005
7.56 -2.07545 -7.15672e-005
7.57 -2.24667 -7.74715e-005
7.58 -2.42239 -8.35308e-005
7.59 -2.63873 -9.09906e-005
7.6 -2.94193 -0.000101446
7.61 -3.34693 -0.000115411
7.62 -3.81869 -0.000131679
7.63 -4.28931 -0.000147907
7.64 -4.69144 -0.000161774
7.65 -4.98116 -0.000171764
7.66 -5.14781 -0.000177511
7.67 -5.20592 -0.000179514
7.68 -5.17229 -0.000178355
7.69 -5.05099 -0.000174172
7.7 -4.84547 -0.000167085
7.71 -4.57523 -0.000157767
7.72 -4.26845 -0.000147188
7.73 -3.94137 -0.000135909
7.74 -3.5947 -0.000123955
7.75 -3.22961 -0.000111366
7.76 -2.85792 -9.85489e-005
7.77 -2.49571 -8.6059e-005
7.78 -2.15393 -7.42733e-005
7.79 -1.83563 -6.32977e-005
7.8 -1.53855 -5.30536e-005
7.81 -1.26616 -4.36605e-005
7.82 -1.03593 -3.57216e-005
7.83 -0.877303 -3.02518e-005
7.84 -0.813031 -2.80356e-005
7.85 -0.834596 -2.87792e-005
7.86 -0.902492 -3.11204e-005
7.87 -0.966845 -3.33395e-005
7.88 -0.983557 -3.39158e-005
7.89 -0.916827 -3.16147e-005
7.9 -0.742743 -2.56118e-005
7.91 -0.449089 -1.54858e-005
7.92 -0.0474411 -1.6359e-006
7.93 0.425727 1.46802e-005
7.94 0.916579 3.16062e-005
7.95 1.37842 4.75316e-005
7.96 1.78981 6.17177e-005
7.97 2.15142 7.41869e-005
7.98 2.47279 8.52685e-005
7.99 2.75787 9.5099e-005
8 2.99739 0.000103358
8.01 3.17862 0.000109608
8.02 3.30329 0.000113907
8.03 3.38944 0.000116877
8.04 3.45044 0.000118981
8.05 3.48382 0.000120132
8.06 3.4898 0.000120338
8.07 3.49414 0.000120488
8.08 3.54191 0.000122135
8.09 3.66757 0.000126468
8.1 3.87517 0.000133626
8.11 4.14262 0.000142849
8.12 4.43074 0.000152784
8.13 4.69255 0.000161812
8.14 4.89181 0.000168683
8.15 5.00196 0.000172481
8.16 5.02112 0.000173142
8.17 4.9673 0.000171286
8.18 4.85583 0.000167443
8.19 4.69306 0.000161829
8.2 4.48235 0.000154564
8.21 4.22979 0.000145855
8.22 3.94449 0.000136017
8.23 3.63987 0.000125513
8.24 3.33348 0.000114948
8.25 3.0419 0.000104893
8.26 2.77644 9.57394e-005
8.27 2.54652 8.7811e-005
8.28 2.36322 8.14902e-005
8.29 2.23482 7.70628e-005
8.3 2.16459 7.46409e-005
8.31 2.15626 7.43538e-005
8.32 2.21411 7.63486e-005
8.33 2.33244 8.04291e-005
8.34 2.49 8.58619e-005
8.35 2.65746 9.16367e-005
8.36 2.80917 9.68678e-005
8.37 2.93162 0.00010109
8.38 3.02507 0.000104313
8.39 3.09629 0.000106769
8.4 3.15324 0.000108732
8.41 3.2071 0.00011059
8.42 3.27166 0.000112816
8.43 3.35627 0.000115733
8.44 3.46332 0.000119425
8.45 3.59238 0.000123875
8.46 3.74204 0.000129036
8.47 3.90713 0.000134729
8.48 4.07967 0.000140678
8.49 4.25543 0.000146739
8.5 4.43658 0.000152986
8.51 4.62396 0.000159447
8.52 4.8055 0.000165707
8.53 4.95793 0.000170963
8.54 5.06368 0.00017461
8.55 5.11664 0.000176436
8.56 5.12263 0.000176642
8.57 5.10462 0.000176021
8.58 5.07978 0.000175165
8.59 5.05287 0.000174237
8.6 5.0264 0.000173324
8.61 5.01392 0.000172894
8.62 5.03636 0.000173668
8.63 5.10866 0.000176161
8.64 5.23829 0.000180631
8.65 5.4257 0.000187093
8.66 5.65743 0.000195084
8.67 5.91234 0.000203874
8.68 6.15914 0.000212384
8.69 6.3627 0.000219403
8.7 6.50498 0.00022431
8.71 6.58201 0.000226966
8.72 6.59172 0.000227301
8.73 6.52947 0.000225154
8.74 6.38784 0.00022027
8.75 6.17774 0.000213026
8.76 5.92937 0.000204461
8.77 5.67255 0.000195605
8.78 5.41271 0.000186645
8.79 5.12505 0.000176726
8.8 4.77219 0.000164558
8.81 4.32522 0.000149145
8.82 3.77631 0.000130218
8.83 3.1451 0.000108452
8.84 2.47733 8.54252e-005
8.85 1.83184 6.31669e-005
8.86 1.25528 4.32855e-005
8.87 0.759926 2.62044e-005
8.88 0.316545 1.09154e-005
8.89 -0.131189 -4.52375e-006
8.9 -0.626539 -2.16048e-005
8.91 -1.20066 -4.14021e-005
8.92 -1.84299 -6.35512e-005
8.93 -2.54516 -8.77642e-005
8.94 -3.29026 -0.000113457
8.95 -4.05602 -0.000139863
8.96 -4.82127 -0.000166251
8.97 -5.57256 -0.000192157
8.98 -6.31139 -0.000217634
8.99 -7.03861 -0.000242711
9 -7.73918 -0.000266868
9.01 -8.38777 -0.000289233
9.02 -8.965 -0.000309138
9.03 -9.44544 -0.000325705
9.04 -9.82024 -0.000338629
9.05 -10.0761 -0.00034745
9.06 -10.1997 -0.000351714
9.07 -10.1914 -0.000351428
9.08 -10.0689 -0.000347203
9.09 -9.85886 -0.000339961
9.1 -9.59259 -0.000330779
9.11 -9.2973 -0.000320597
9.12 -8.98795 -0.000309929
9.13 -8.67014 -0.00029897
9.14 -8.34343 -0.000287705
9.15 -8.00793 -0.000276136
9.16 -7.66915 -0.000264454
9.17 -7.3262 -0.000252628
9.18 -6.96053 -0.000240018
9.19 -6.54118 -0.000225558
9.2 -6.0386 -0.000208228
9.21 -5.43778 -0.00018751
9.22 -4.74328 -0.000163561
9.23 -3.97201 -0.000136966
9.24 -3.14095 -0.000108309
9.25 -2.25994 -7.7929e-005
9.26 -1.33486 -4.60296e-005
9.27 -0.369167 -1.27299e-005
9.28 0.596532 2.05701e-005
9.29 1.52444 5.25667e-005
9.3 2.37832 8.20109e-005
9.31 3.14848 0.000108568
9.32 3.83147 0.00013212
9.33 4.42362 0.000152539
9.34 4.91941 0.000169635
9.35 5.32013 0.000183453
9.36 5.63657 0.000194365
9.37 5.88069 0.000202782
9.38 6.06269 0.000209058
9.39 6.20009 0.000213796
9.4 6.30121 0.000217283
9.41 6.35975 0.000219302
9.42 6.35637 0.000219185
9.43 6.28411 0.000216694
9.44 6.14595 0.000211929
9.45 5.95418 0.000205317
9.46 5.72412 0.000197383
9.47 5.461 0.00018831
9.48 5.15435 0.000177736
9.49 4.7869 0.000165066
9.5 4.35055 0.000150019
9.51 3.85866 0.000133057
9.52 3.33955 0.000115157
9.53 2.80852 9.68455e-005
9.54 2.25381 7.77177e-005
9.55 1.65164 5.6953e-005
9.56 0.984954 3.39639e-005
9.57 0.251913 8.68667e-006
9.58 -0.543498 -1.87413e-005
9.59 -1.39528 -4.81132e-005
9.6 -2.32242 -8.00836e-005
9.61 -3.30381 -0.000113924
9.62 -4.29676 -0.000148164
9.63 -5.25346 -0.000181154
9.64 -6.14321 -0.000211835
9.65 -6.96858 -0.000240296
9.66 -7.74669 -0.000267127
9.67 -8.48865 -0.000292712
9.68 -9.18339 -0.000316668
9.69 -9.8099 -0.000338272
9.7 -10.3718 -0.000357649
9.71 -10.878 -0.000375103
9.72 -11.3271 -0.00039059
9.73 -11.7307 -0.000404507
9.74 -12.1049 -0.000417412
9.75 -12.4746 -0.000430157
9.76 -12.8626 -0.000443538
9.77 -13.2542 -0.000457041
9.78 -13.6107 -0.000469335
9.79 -13.8891 -0.000478933
9.8 -14.0608 -0.000484856
9.81 -14.1164 -0.000486773
9.82 -14.069 -0.000485137
9.83 -13.9378 -0.000480614
9.84 -13.7327 -0.000473542
9.85 -13.4524 -0.000463877
9.86 -13.0912 -0.00045142
9.87 -12.6475 -0.00043612
9.88 -12.123 -0.000418033
9.89 -11.5182 -0.00039718
9.9 -10.8325 -0.000373535
9.91 -10.0721 -0.000347315
9.92 -9.2582 -0.000319248
9.93 -8.42143 -0.000290394
9.94 -7.58906 -0.000261692
9.95 -6.77834 -0.000233736
9.96 -6.00087 -0.000206926
9.97 -5.26579 -0.000181579
9.98 -4.57495 -0.000157757
9.99 -3.91494 -0.000134998
10 -3.25243 -0.000112153
