0.1 0 0 0 0 0
0.2 0 0 0 0 0
0.3 0 0 0 0 0
0.4 0 0 0 0 0
0.5 0 0 0 0 0
0.6 0 0 0 0 0
0.7 0 0 0 0 0
0.8 0 0 0 0 0
0.9 0 0 0 0 0
1 0 0 0 0 0
0.01 1.90038e-011 -9.72923e-025 -6.74435e-024 -1.8997e-027 -1.8997e-027
0.02 8.44656e-011 -2.94359e-016 4.11292e-016 3.30453e-020 3.30453e-020
0.03 1.67124e-010 -1.71649e-015 2.44617e-015 3.17178e-019 3.17178e-019
0.04 1.79605e-010 -1.44678e-015 2.10429e-015 1.34097e-018 1.34097e-018
0.05 3.47574e-011 -6.86313e-016 9.04705e-016 3.39348e-018 3.39348e-018
0.06 -3.27952e-010 -3.01067e-016 2.97389e-016 5.96092e-018 5.96092e-018
0.07 -9.38946e-010 5.7291e-017 2.07767e-016 6.32569e-018 6.32569e-018
0.08 -1.79852e-009 -6.59523e-016 1.57222e-015 -1.10958e-018 -1.10958e-018
0.09 -2.8858e-009 -1.22586e-015 4.08152e-016 -1.5645e-017 -1.5645e-017
0.1 -4.17428e-009 5.84734e-017 -3.64675e-016 -2.87001e-017 -2.87001e-017
0.11 -5.64029e-009 -3.5729e-016 -2.40851e-016 -3.97182e-017 -3.97182e-017
0.12 -7.26874e-009 -1.30358e-016 -4.19567e-016 -5.61255e-017 -5.61255e-017
0.13 -9.06115e-009 -1.99835e-016 -6.1783e-016 -8.06502e-017 -8.06502e-017
0.14 -1.10316e-008 4.53161e-017 -1.19581e-015 -1.10597e-016 -1.10597e-016
0.15 -1.31871e-008 6.97454e-016 -2.06095e-015 -1.41879e-016 -1.41879e-016
0.16 -1.55093e-008 4.28849e-016 -1.98085e-015 -1.67888e-016 -1.67888e-016
0.17 -1.79572e-008 3.65101e-016 -1.83606e-015 -1.79596e-016 -1.79596e-016
0.18 -2.04912e-008 1.37054e-016 -1.58365e-015 -1.69625e-016 -1.69625e-016
0.19 -2.30961e-008 9.99867e-018 -1.36803e-015 -1.33908e-016 -1.33908e-016
0.2 -2.57807e-008 -5.73896e-018 -1.30226e-015 -6.99398e-017 -6.99398e-017
0.21 -2.85534e-008 5.51714e-017 -1.48895e-015 2.21684e-017 2.21684e-017
0.22 -3.13971e-008 2.50863e-016 -1.95086e-015 1.31947e-016 1.31947e-016
0.23 -3.42705e-008 6.61383e-016 -2.72734e-015 2.39882e-016 2.39882e-016
0.24 -3.7126e-008 1.3068e-015 -3.79845e-015 3.29299e-016 3.29299e-016
0.25 -3.99174e-008 2.10121e-015 -5.0576e-015 3.87772e-016 3.87772e-016
0.26 -4.25879e-008 2.69584e-015 -6.29866e-015 4.02504e-016 4.02504e-016
0.27 -4.50518e-008 3.59572e-015 -7.0385e-015 3.62153e-016 3.62153e-016
0.28 -4.72098e-008 4.07936e-015 -7.64654e-015 2.62217e-016 2.62217e-016
0.29 -4.9004e-008 4.66577e-015 -8.17709e-015 1.09192e-016 1.09192e-016
0.3 -5.04474e-008 5.11106e-015 -8.59888e-015 -7.73708e-017 -7.73708e-017
0.31 -5.1572e-008 5.20901e-015 -8.77605e-015 -2.63014e-016 -2.63014e-016
0.32 -5.23865e-008 4.95263e-015 -8.74299e-015 -4.04152e-016 -4.04152e-016
0.33 -5.29032e-008 4.56453e-015 -8.09953e-015 -4.61006e-016 -4.61006e-016
0.34 -5.31642e-008 3.72444e-015 -6.79912e-015 -4.05998e-016 -4.05998e-016
0.35 -5.32567e-008 2.81083e-015 -5.16355e-015 -2.27514e-016 -2.27514e-016
0.36 -5.33125e-008 2.0513e-015 -3.82784e-015 8.01499e-017 8.01499e-017
0.37 -5.34532e-008 1.49764e-015 -2.95001e-015 5.09807e-016 5.09807e-016
0.38 -5.3721e-008 1.1144e-015 -2.31965e-015 1.01381e-015 1.01381e-015
0.39 -5.40911e-008 8.64928e-016 -1.67513e-015 1.52107e-015 1.52107e-015
0.4 -5.45508e-008 6.76996e-016 -1.03531e-015 1.96375e-015 1.96375e-015
0.41 -5.51141e-008 5.0069e-017 -9.78023e-016 2.27285e-015 2.27285e-015
0.42 -5.57722e-008 -5.6069e-016 -1.63773e-015 2.39715e-015 2.39715e-015
0.43 -5.64448e-008 6.8814e-016 -2.00319e-017 2.33746e-015 2.33746e-015
0.44 -5.69662e-008 -1.91127e-017 -1.04143e-015 2.12296e-015 2.12296e-015
0.45 -5.71621e-008 5.89971e-016 -5.99805e-020 1.78343e-015 1.78343e-015
0.46 -5.69139e-008 -8.78021e-018 -1.57516e-015 1.37244e-015 1.37244e-015
0.47 -5.61327e-008 5.49455e-016 -1.73804e-016 9.60773e-016 9.60773e-016
0.48 -5.47452e-008 4.24929e-016 -2.52243e-016 6.26864e-016 6.26864e-016
0.49 -5.27101e-008 4.12098e-016 -1.07621e-016 4.6773e-016 4.6773e-016
0.5 -4.99969e-008 1.74361e-016 -4.50791e-016 5.4899e-016 5.4899e-016
0.51 -4.65885e-008 -3.60277e-016 -3.8386e-016 8.56584e-016 8.56584e-016
0.52 -4.25135e-008 9.71772e-015 -1.59667e-014 1.25624e-015 1.25624e-015
0.53 -3.78112e-008 4.83838e-015 -7.61942e-017 1.59946e-015 1.59946e-015
0.54 -3.25059e-008 5.13326e-016 -2.85555e-016 1.89515e-015 1.89515e-015
0.55 -2.66768e-008 -1.24574e-016 1.28908e-016 2.16182e-015 2.16182e-015
0.56 -2.0495e-008 1.61842e-016 -7.37508e-018 2.30027e-015 2.30027e-015
0.57 -1.41772e-008 3.2279e-016 2.4757e-016 2.22388e-015 2.22388e-015
0.58 -7.92335e-009 2.86754e-016 1.70031e-016 1.95335e-015 1.95335e-015
0.59 -1.86102e-009 1.62643e-015 3.25682e-016 1.58016e-015 1.58016e-015
0.6 3.94593e-009 -3.63857e-016 1.7016e-017 1.20446e-015 1.20446e-015
0.61 9.38775e-009 1.9017e-016 6.85288e-017 9.09654e-016 9.09654e-016
0.62 1.42915e-008 2.54811e-016 2.62173e-016 7.30293e-016 7.30293e-016
0.63 1.86352e-008 2.4939e-016 2.42355e-016 6.6686e-016 6.6686e-016
0.64 2.26033e-008 2.60361e-016 2.62541e-016 7.28418e-016 7.28418e-016
0.65 2.62854e-008 1.6624e-015 1.13602e-015 9.11546e-016 9.11546e-016
0.66 2.95768e-008 4.06537e-016 1.09966e-015 1.16726e-015 1.16726e-015
0.67 3.24135e-008 1.32923e-015 1.29932e-015 1.42626e-015 1.42626e-015
0.68 3.49143e-008 4.70708e-016 6.70866e-016 1.63604e-015 1.63604e-015
0.69 3.72935e-008 1.09488e-015 1.87702e-015 1.76236e-015 1.76236e-015
0.7 3.97194e-008 4.13513e-016 4.78279e-016 1.79025e-015 1.79025e-015
0.71 4.22378e-008 7.05019e-016 1.00898e-015 1.72524e-015 1.72524e-015
0.72 4.4697e-008 1.14252e-015 3.08156e-015 1.59993e-015 1.59993e-015
0.73 4.68064e-008 5.97159e-016 4.4277e-016 1.46284e-015 1.46284e-015
0.74 4.8355e-008 5.84545e-016 1.56193e-015 1.34279e-015 1.34279e-015
0.75 4.92822e-008 1.28087e-015 3.48014e-015 1.26282e-015 1.26282e-015
0.76 4.95326e-008 4.95958e-017 1.28025e-015 1.24429e-015 1.24429e-015
0.77 4.90115e-008 -1.41191e-015 4.60875e-015 1.28072e-015 1.28072e-015
0.78 4.77227e-008 -2.98734e-015 6.26095e-015 1.32937e-015 1.32937e-015
0.79 4.57834e-008 -6.7077e-015 1.23345e-014 1.32332e-015 1.32332e-015
0.8 4.33069e-008 -6.91809e-015 7.58465e-015 1.26703e-015 1.26703e-015
0.81 4.03802e-008 3.72007e-016 1.36949e-015 1.25274e-015 1.25274e-015
0.82 3.70967e-008 -6.71551e-016 2.75137e-015 1.31471e-015 1.31471e-015
0.83 3.36163e-008 2.36594e-016 -7.47818e-016 1.3926e-015 1.3926e-015
0.84 3.02477e-008 -5.84399e-015 8.38864e-015 1.37419e-015 1.37419e-015
0.85 2.74522e-008 5.05784e-015 1.69191e-015 1.2388e-015 1.2388e-015
0.86 2.5737e-008 -1.89024e-015 -7.77125e-016 1.15153e-015 1.15153e-015
0.87 2.53723e-008 6.28584e-016 2.18074e-016 1.22237e-015 1.22237e-015
0.88 2.6293e-008 -3.36905e-016 -2.16947e-016 1.37684e-015 1.37684e-015
0.89 2.83967e-008 1.51011e-015 1.93903e-015 1.499e-015 1.499e-015
0.9 3.16962e-008 -3.93759e-016 -4.76974e-016 1.55657e-015 1.55657e-015
0.91 3.6184e-008 1.32245e-015 1.89087e-015 1.59912e-015 1.59912e-015
0.92 4.16856e-008 -8.30342e-017 -1.64727e-016 1.65532e-015 1.65532e-015
0.93 4.79495e-008 7.95333e-016 1.0819e-015 1.66397e-015 1.66397e-015
0.94 5.4792e-008 1.76015e-015 5.01012e-015 1.58123e-015 1.58123e-015
0.95 6.1919e-008 4.13213e-015 7.65359e-015 1.43607e-015 1.43607e-015
0.96 6.88526e-008 -2.17093e-016 6.01325e-015 1.19542e-015 1.19542e-015
0.97 7.51612e-008 8.72157e-016 1.732e-015 8.44549e-016 8.44549e-016
0.98 8.0518e-008 3.44189e-018 2.12404e-015 5.29333e-016 5.29333e-016
0.99 8.47546e-008 1.98028e-015 9.49529e-015 3.59573e-016 3.59573e-016
1 8.78468e-008 -3.50682e-016 -2.09877e-015 2.56152e-016 2.56152e-016
1.01 8.95231e-008 1.75505e-015 2.83035e-015 1.49651e-016 1.49651e-016
1.02 8.93475e-008 1.06242e-015 6.70816e-016 1.20293e-016 1.20293e-016
1.03 8.74947e-008 1.46357e-015 1.14222e-015 2.56397e-016 2.56397e-016
1.04 8.48777e-008 -2.34298e-016 -5.97343e-016 5.22749e-016 5.22749e-016
1.05 8.22465e-008 4.31025e-016 3.3497e-016 8.34138e-016 8.34138e-016
1.06 7.96646e-008 4.89278e-015 3.70161e-015 1.14445e-015 1.14445e-015
1.07 7.70078e-008 7.25329e-015 4.05565e-015 1.36184e-015 1.36184e-015
1.08 7.45554e-008 1.49384e-015 1.07869e-015 1.36897e-015 1.36897e-015
1.09 7.28268e-008 2.96349e-015 2.64661e-015 1.15508e-015 1.15508e-015
1.1 7.20305e-008 -2.17188e-016 -9.37473e-017 7.75929e-016 7.75929e-016
1.11 7.21755e-008 3.87769e-016 2.99525e-016 2.95874e-016 2.95874e-016
1.12 7.35968e-008 -1.16986e-016 -1.46747e-016 -1.74359e-016 -1.74359e-016
1.13 7.66922e-008 6.45682e-015 2.14582e-015 -5.87671e-016 -5.87671e-016
1.14 8.10875e-008 3.64384e-015 4.76381e-015 -1.07595e-015 -1.07595e-015
1.15 8.59644e-008 1.01469e-015 -9.91087e-016 -1.64909e-015 -1.64909e-015
1.16 9.09896e-008 6.59837e-015 5.40211e-016 -2.02396e-015 -2.02396e-015
1.17 9.62427e-008 6.28591e-015 9.59158e-015 -1.92511e-015 -1.92511e-015
1.18 1.01954e-007 2.1304e-014 -6.2058e-015 -1.48754e-015 -1.48754e-015
1.19 1.082e-007 -5.6568e-015 8.50243e-015 -1.05542e-015 -1.05542e-015
1.2 1.14536e-007 1.83516e-014 -3.96535e-015 -6.35812e-016 -6.35812e-016
1.21 1.20236e-007 2.44618e-014 -6.56376e-015 -1.7369e-016 -1.7369e-016
1.22 1.24654e-007 -2.1644e-015 8.77502e-015 2.53771e-016 2.53771e-016
1.23 1.27313e-007 1.32748e-015 -3.2774e-015 6.33167e-016 6.33167e-016
1.24 1.28033e-007 3.23763e-014 3.01453e-014 9.46554e-016 9.46554e-016
1.25 1.27089e-007 1.88755e-015 -1.4433e-014 1.07756e-015 1.07756e-015
1.26 1.24955e-007 -6.77502e-016 5.18221e-015 8.81559e-016 8.81559e-016
1.27 1.21963e-007 2.59413e-016 -1.85963e-015 4.87451e-016 4.87451e-016
1.28 1.18375e-007 1.20171e-014 -4.99432e-015 1.69189e-016 1.69189e-016
1.29 1.14409e-007 3.08673e-014 -1.74944e-014 -7.53649e-017 -7.53649e-017
1.3 1.10343e-007 9.59799e-015 1.03649e-014 -4.44287e-016 -4.44287e-016
1.31 1.06902e-007 1.12561e-014 6.30955e-015 -1.15147e-015 -1.15147e-015
1.32 1.04907e-007 2.58767e-014 3.19883e-014 -2.16333e-015 -2.16333e-015
1.33 1.04544e-007 -5.76369e-015 -9.05834e-015 -2.91698e-015 -2.91698e-015
1.34 1.0587e-007 5.7186e-015 5.32653e-015 -2.89982e-015 -2.89982e-015
1.35 1.09708e-007 1.49352e-014 -1.5272e-014 -2.30924e-015 -2.30924e-015
1.36 1.17001e-007 4.50794e-014 -4.1001e-014 -1.58317e-015 -1.58317e-015
1.37 1.27633e-007 2.26868e-014 -1.26365e-014 -8.22367e-016 -8.22367e-016
1.38 1.40251e-007 3.35572e-014 -3.21716e-014 -3.80585e-017 -3.80585e-017
1.39 1.52932e-007 -1.31762e-014 1.93993e-014 7.71119e-016 7.71119e-016
1.4 1.63922e-007 2.46512e-013 -1.85631e-013 1.53623e-015 1.53623e-015
1.41 1.72076e-007 3.66413e-015 1.81446e-013 1.965e-015 1.965e-015
1.42 1.77243e-007 -1.31637e-015 -6.51459e-014 2.0171e-015 2.0171e-015
1.43 1.79931e-007 4.72167e-016 2.33818e-014 1.96522e-015 1.96522e-015
1.44 1.79996e-007 -1.70678e-016 -8.41116e-015 1.72767e-015 1.72767e-015
1.45 1.76003e-007 6.56757e-017 3.06202e-015 1.00272e-015 1.00272e-015
1.46 1.66252e-007 -2.33586e-017 -1.09986e-015 6.7048e-017 6.7048e-017
1.47 1.50406e-007 9.53978e-018 3.91886e-016 -6.26198e-016 -6.26198e-016
1.48 1.29721e-007 4.89686e-018 -1.9772e-016 -9.89462e-016 -9.89462e-016
1.49 1.05435e-007 -3.79576e-017 4.25406e-016 -1.01804e-015 -1.01804e-015
1.5 7.81129e-008 -1.15219e-016 2.88096e-016 -7.16044e-016 -7.16044e-016
1.51 4.91658e-008 -4.35539e-015 5.85126e-015 -1.96707e-016 -1.96707e-016
1.52 2.16774e-008 -1.3428e-013 1.82473e-013 3.25179e-016 3.25179e-016
1.53 -1.32604e-009 -1.11228e-013 1.20087e-013 1.03227e-015 1.03227e-015
1.54 -1.85346e-008 -1.40104e-014 9.37772e-014 2.62857e-015 2.62857e-015
1.55 -2.9751e-008 -2.02794e-014 3.9003e-014 5.37611e-015 5.37611e-015
1.56 -3.47201e-008 -4.83845e-015 6.4297e-014 8.68464e-015 8.68464e-015
1.57 -3.31596e-008 -2.08335e-014 3.41505e-014 1.16842e-014 1.16842e-014
1.58 -2.54941e-008 -2.45758e-014 4.45861e-014 1.39394e-014 1.39394e-014
1.59 -1.31761e-008 -2.92036e-014 2.88312e-014 1.537e-014 1.537e-014
1.6 1.52317e-009 -2.20324e-014 5.40339e-014 1.57048e-014 1.57048e-014
1.61 1.65341e-008 -5.24271e-014 3.48354e-014 1.46678e-014 1.46678e-014
1.62 3.09612e-008 -8.13751e-014 2.89151e-014 1.20252e-014 1.20252e-014
1.63 4.44527e-008 -1.23187e-013 4.26861e-014 7.40353e-015 7.40353e-015
1.64 5.625e-008 -4.71584e-014 4.32941e-014 1.16376e-015 1.16376e-015
1.65 6.51776e-008 9.39544e-015 -5.24475e-015 -5.03858e-015 -5.03858e-015
1.66 7.02917e-008 -9.65009e-013 7.43915e-013 -1.01502e-014 -1.01502e-014
1.67 7.15696e-008 3.46678e-013 -2.6486e-013 -1.47912e-014 -1.47912e-014
1.68 7.01656e-008 -1.24447e-013 9.50777e-014 -1.8331e-014 -1.8331e-014
1.69 6.75156e-008 4.4921e-014 -3.39418e-014 -1.83584e-014 -1.83584e-014
1.7 6.5001e-008 -1.57368e-014 1.23609e-014 -1.45542e-014 -1.45542e-014
1.71 6.45785e-008 9.07988e-014 1.79247e-013 -8.86561e-015 -8.86561e-015
1.72 6.87971e-008 -3.35119e-014 -6.08795e-014 -2.74187e-015 -2.74187e-015
1.73 7.92664e-008 2.99735e-014 4.42698e-014 2.56714e-015 2.56714e-015
1.74 9.5625e-008 -1.57783e-014 -1.80498e-014 5.76507e-015 5.76507e-015
1.75 1.16303e-007 1.11995e-013 1.5331e-013 6.65267e-015 6.65267e-015
1.76 1.39476e-007 6.95544e-015 2.78568e-014 5.38086e-015 5.38086e-015
1.77 1.62945e-007 7.41318e-014 6.24173e-014 2.12902e-015 2.12902e-015
1.78 1.84019e-007 1.00166e-014 1.71835e-014 -2.44178e-015 -2.44178e-015
1.79 2.00756e-007 1.16315e-014 -2.9184e-014 -7.27201e-015 -7.27201e-015
1.8 2.12665e-007 -2.36882e-015 5.4189e-015 -1.10551e-014 -1.10551e-014
1.81 2.19362e-007 1.07819e-015 -6.33376e-015 -1.319e-014 -1.319e-014
1.82 2.19833e-007 -4.59564e-016 1.67159e-015 -1.40166e-014 -1.40166e-014
1.83 2.13284e-007 -2.1952e-016 -2.12689e-015 -1.31543e-014 -1.31543e-014
1.84 2.0009e-007 4.71324e-013 -6.33284e-013 -6.53889e-015 -6.53889e-015
1.85 1.81736e-007 6.01274e-013 -4.0754e-013 6.72118e-015 6.72118e-015
1.86 1.59824e-007 6.84623e-014 -9.33309e-014 1.71441e-014 1.71441e-014
1.87 1.36372e-007 1.86172e-013 -3.36545e-014 1.85201e-014 1.85201e-014
1.88 1.15441e-007 3.47196e-014 1.23414e-014 1.50644e-014 1.50644e-014
1.89 1.02162e-007 4.13619e-014 -1.75325e-014 1.06126e-014 1.06126e-014
1.9 9.87547e-008 1.2594e-013 -2.31001e-014 3.44537e-015 3.44537e-015
1.91 1.03691e-007 2.67457e-013 3.24626e-014 -9.97287e-015 -9.97287e-015
1.92 1.14607e-007 7.12895e-014 -6.73417e-014 -2.80793e-014 -2.80793e-014
1.93 1.29293e-007 3.84293e-015 -9.29754e-015 -4.29594e-014 -4.29594e-014
1.94 1.44479e-007 9.11858e-013 2.87529e-013 -5.0119e-014 -5.0119e-014
1.95 1.55864e-007 4.1955e-013 -1.00372e-012 -5.2136e-014 -5.2136e-014
1.96 1.59805e-007 -1.5091e-013 3.21979e-013 -4.80057e-014 -4.80057e-014
1.97 1.54157e-007 -5.48201e-014 -4.11005e-013 -3.32209e-014 -3.32209e-014
1.98 1.3734e-007 -4.23478e-014 1.2912e-014 -9.68397e-015 -9.68397e-015
1.99 1.07348e-007 -2.9411e-013 -5.12215e-013 1.49021e-014 1.49021e-014
2 6.24256e-008 -4.90342e-014 -2.57445e-014 3.30464e-014 3.30464e-014
2.01 2.64906e-009 -4.30949e-014 -5.88845e-014 4.10767e-014 4.10767e-014
2.02 -6.91119e-008 2.91013e-014 -1.16517e-013 3.94821e-014 3.94821e-014
2.03 -1.48013e-007 -7.76466e-015 -1.98723e-013 3.14965e-014 3.14965e-014
2.04 -2.28934e-007 -6.21486e-014 -9.22327e-014 1.99851e-014 1.99851e-014
2.05 -3.0637e-007 -2.38818e-014 -1.08421e-014 5.33441e-015 5.33441e-015
2.06 -3.74236e-007 -3.01064e-014 -8.53104e-015 -1.17753e-014 -1.17753e-014
2.07 -4.2801e-007 -1.42443e-014 2.11813e-015 -2.76313e-014 -2.76313e-014
2.08 -4.66127e-007 1.52072e-014 -1.56119e-015 -3.71777e-014 -3.71777e-014
2.09 -4.8886e-007 -1.54308e-013 4.75256e-014 -3.80672e-014 -3.80672e-014
2.1 -4.97099e-007 -8.81425e-014 -1.15577e-013 -3.16171e-014 -3.16171e-014
2.11 -4.92445e-007 -5.86177e-013 -2.87583e-013 -2.05355e-014 -2.05355e-014
2.12 -4.78308e-007 -6.74656e-013 -9.81491e-014 -7.32563e-015 -7.32563e-015
2.13 -4.59972e-007 -1.19781e-012 5.30334e-013 6.71942e-015 6.71942e-015
2.14 -4.43146e-007 -1.05231e-012 2.1454e-013 1.79325e-014 1.79325e-014
2.15 -4.32289e-007 -6.23573e-013 1.50894e-013 1.81298e-014 1.81298e-014
2.16 -4.29851e-007 -5.18424e-013 9.85432e-014 3.44089e-015 3.44089e-015
2.17 -4.37291e-007 -4.90746e-014 -2.19824e-015 -2.08837e-014 -2.08837e-014
2.18 -4.56962e-007 -1.64313e-013 2.74753e-015 -4.81538e-014 -4.81538e-014
2.19 -4.90825e-007 -1.88444e-014 1.06117e-013 -7.55105e-014 -7.55105e-014
2.2 -5.3665e-007 -1.6951e-014 6.13261e-015 -9.77085e-014 -9.77085e-014
2.21 -5.88131e-007 -1.4229e-013 -2.15649e-013 -1.0465e-013 -1.0465e-013
2.22 -6.38311e-007 -8.00039e-013 -8.4615e-014 -9.78342e-014 -9.78342e-014
2.23 -6.81628e-007 2.73283e-013 4.07639e-013 -8.59857e-014 -8.59857e-014
2.24 -7.13595e-007 -5.6244e-014 -1.69428e-013 -6.3606e-014 -6.3606e-014
2.25 -7.30539e-007 2.72731e-014 -1.77422e-014 -2.7092e-014 -2.7092e-014
2.26 -7.30383e-007 -2.33774e-014 1.35448e-013 9.67008e-015 9.67008e-015
2.27 -7.12629e-007 -2.18499e-014 4.7255e-015 3.06463e-014 3.06463e-014
2.28 -6.77037e-007 -1.97034e-014 5.04035e-014 3.247e-014 3.247e-014
2.29 -6.24147e-007 -1.13137e-014 3.959e-014 2.16614e-014 2.16614e-014
2.3 -5.5684e-007 4.03174e-015 -1.45541e-014 4.02656e-015 4.02656e-015
2.31 -4.79558e-007 -1.47777e-015 4.87447e-015 -1.72013e-014 -1.72013e-014
2.32 -3.9668e-007 4.28096e-016 -2.83443e-015 -3.93818e-014 -3.93818e-014
2.33 -3.12393e-007 -1.26279e-016 1.23335e-015 -5.94135e-014 -5.94135e-014
2.34 -2.31031e-007 6.94036e-017 -4.79916e-016 -7.24674e-014 -7.24674e-014
2.35 -1.56575e-007 3.5297e-016 -3.37053e-015 -7.38225e-014 -7.38225e-014
2.36 -9.16936e-008 -1.23924e-016 1.41175e-015 -6.28678e-014 -6.28678e-014
2.37 -3.76883e-008 1.60961e-017 -4.05892e-016 -4.40432e-014 -4.40432e-014
2.38 5.6291e-009 4.35661e-015 -1.38099e-014 -2.34169e-014 -2.34169e-014
2.39 4.11254e-008 4.41597e-013 -2.76006e-013 -5.53747e-015 -5.53747e-015
2.4 7.37626e-008 -1.53476e-013 9.65957e-014 6.92165e-015 6.92165e-015
2.41 1.08629e-007 3.14702e-013 1.84211e-013 1.26191e-014 1.26191e-014
2.42 1.50457e-007 -9.74888e-014 -3.46572e-014 1.04574e-014 1.04574e-014
2.43 2.02317e-007 1.53133e-012 1.61509e-012 -5.77463e-016 -5.77463e-016
2.44 2.6377e-007 1.76177e-012 1.38423e-012 -2.14475e-014 -2.14475e-014
2.45 3.32622e-007 7.57789e-013 3.0326e-013 -5.06576e-014 -5.06576e-014
2.46 4.08216e-007 1.42528e-013 1.20337e-013 -7.98255e-014 -7.98255e-014
2.47 4.91068e-007 3.41231e-013 6.42512e-015 -1.00718e-013 -1.00718e-013
2.48 5.8009e-007 -1.48259e-013 2.08265e-014 -1.12323e-013 -1.12323e-013
2.49 6.71332e-007 4.68787e-014 -4.45079e-014 -1.15785e-013 -1.15785e-013
2.5 7.58661e-007 -9.91457e-016 2.40921e-014 -1.10873e-013 -1.10873e-013
2.51 8.35363e-007 -1.24942e-014 -1.17181e-014 -9.78436e-014 -9.78436e-014
2.52 8.9534e-007 4.56302e-013 2.08959e-013 -8.12934e-014 -8.12934e-014
2.53 9.33727e-007 -3.42711e-014 7.3825e-014 -6.67741e-014 -6.67741e-014
2.54 9.47924e-007 1.23501e-014 -2.65648e-014 -5.4838e-014 -5.4838e-014
2.55 9.38013e-007 -4.42869e-015 9.53233e-015 -4.58647e-014 -4.58647e-014
2.56 9.06057e-007 1.59679e-015 -3.42784e-015 -4.34867e-014 -4.34867e-014
2.57 8.55112e-007 -4.86525e-016 9.61372e-016 -4.78491e-014 -4.78491e-014
2.58 7.88692e-007 1.82943e-016 -2.62977e-016 -5.50479e-014 -5.50479e-014
2.59 7.10756e-007 2.31602e-014 7.71666e-014 -6.42989e-014 -6.42989e-014
2.6 6.25879e-007 4.86815e-015 1.54436e-014 -7.5298e-014 -7.5298e-014
2.61 5.39039e-007 4.12586e-015 6.84143e-016 -8.44885e-014 -8.44885e-014
2.62 4.54962e-007 2.87685e-014 6.33363e-014 -8.88905e-014 -8.88905e-014
2.63 3.77734e-007 2.89803e-014 7.51405e-014 -8.77879e-014 -8.77879e-014
2.64 3.10016e-007 -3.316e-015 -4.06007e-016 -8.17046e-014 -8.17046e-014
2.65 2.51776e-007 -3.65463e-015 -5.62002e-015 -7.2043e-014 -7.2043e-014
2.66 2.00788e-007 -6.11099e-016 -1.12847e-015 -6.1136e-014 -6.1136e-014
2.67 1.54011e-007 -7.13368e-015 1.47959e-014 -5.16889e-014 -5.16889e-014
2.68 1.08058e-007 -5.84874e-014 6.99454e-014 -4.57665e-014 -4.57665e-014
2.69 5.93758e-008 -1.07953e-013 3.51014e-014 -4.43043e-014 -4.43043e-014
2.7 4.18542e-009 -1.75414e-013 -1.42655e-013 -4.71641e-014 -4.71641e-014
2.71 -6.07276e-008 -9.01427e-015 -4.91635e-014 -5.33881e-014 -5.33881e-014
2.72 -1.36233e-007 6.23112e-016 9.19855e-015 -6.17167e-014 -6.17167e-014
2.73 -2.20574e-007 -3.50155e-016 -4.58595e-015 -7.0509e-014 -7.0509e-014
2.74 -3.11709e-007 2.13393e-017 5.91892e-016 -7.75926e-014 -7.75926e-014
2.75 -4.08955e-007 -6.24233e-018 -2.09316e-016 -8.12002e-014 -8.12002e-014
2.76 -5.10752e-007 6.28589e-018 7.46171e-017 -8.07548e-014 -8.07548e-014
2.77 -6.1295e-007 -9.04048e-017 2.87066e-016 -7.67492e-014 -7.67492e-014
2.78 -7.10871e-007 1.57611e-014 6.06516e-014 -7.0365e-014 -7.0365e-014
2.79 -8.00594e-007 7.88387e-014 -1.48288e-013 -6.60694e-014 -6.60694e-014
2.8 -8.77737e-007 -1.02548e-012 -1.49848e-012 -7.23295e-014 -7.23295e-014
2.81 -9.38332e-007 -5.12609e-013 -4.17468e-013 -8.92245e-014 -8.92245e-014
2.82 -9.81006e-007 -2.68898e-014 -1.19976e-014 -1.04456e-013 -1.04456e-013
2.83 -1.00689e-006 -2.54192e-014 -3.78737e-014 -1.11739e-013 -1.11739e-013
2.84 -1.01873e-006 -5.65789e-013 -3.42856e-013 -1.13892e-013 -1.13892e-013
2.85 -1.01962e-006 -3.42531e-013 -3.59673e-014 -1.10931e-013 -1.10931e-013
2.86 -1.01267e-006 -5.78111e-013 -6.27853e-014 -9.77447e-014 -9.77447e-014
2.87 -1.00163e-006 -3.09574e-014 -1.15637e-013 -6.88642e-014 -6.88642e-014
2.88 -9.89484e-007 -1.48171e-013 -8.92013e-014 -2.86427e-014 -2.86427e-014
2.89 -9.7692e-007 -4.62354e-013 6.59017e-014 1.18859e-014 1.18859e-014
2.9 -9.63357e-007 -9.23106e-013 -2.87311e-013 4.65651e-014 4.65651e-014
2.91 -9.48506e-007 -6.86496e-013 -8.98564e-013 7.2409e-014 7.2409e-014
2.92 -9.32256e-007 -9.53642e-014 -1.92313e-013 8.57094e-014 8.57094e-014
2.93 -9.13846e-007 -3.04832e-015 1.75621e-014 8.3863e-014 8.3863e-014
2.94 -8.91199e-007 2.3632e-014 -2.35198e-013 6.68095e-014 6.68095e-014
2.95 -8.61143e-007 -1.50521e-014 1.07231e-013 3.70135e-014 3.70135e-014
2.96 -8.2063e-007 4.83927e-016 -3.18989e-014 7.06646e-016 7.06646e-016
2.97 -7.67758e-007 3.2932e-015 -1.04983e-013 -3.31114e-014 -3.31114e-014
2.98 -7.01723e-007 7.38104e-014 -4.98662e-014 -5.63271e-014 -5.63271e-014
2.99 -6.22181e-007 9.26459e-014 -1.90558e-013 -6.46747e-014 -6.46747e-014
3 -5.28835e-007 -5.02188e-014 6.77533e-015 -5.91899e-014 -5.91899e-014
3.01 -4.21932e-007 2.01745e-014 -4.9672e-015 -4.30045e-014 -4.30045e-014
3.02 -3.02997e-007 9.54285e-014 -4.58534e-014 -1.90443e-014 -1.90443e-014
3.03 -1.74553e-007 7.48312e-014 6.03254e-015 8.1416e-015 8.1416e-015
3.04 -3.99463e-008 5.12976e-013 2.70273e-013 3.31739e-014 3.31739e-014
3.05 9.61883e-008 3.9246e-013 7.12878e-013 4.40811e-014 4.40811e-014
3.06 2.2896e-007 -1.32198e-013 -2.30995e-013 3.68196e-014 3.68196e-014
3.07 3.55994e-007 4.47857e-014 9.49096e-014 2.71668e-014 2.71668e-014
3.08 4.78026e-007 -2.52427e-014 -1.56682e-014 1.79804e-014 1.79804e-014
3.09 5.95761e-007 4.85031e-014 2.56939e-013 -1.38343e-015 -1.38343e-015
3.1 7.07689e-007 5.01646e-013 1.17273e-012 -2.79914e-014 -2.79914e-014
3.11 8.11551e-007 1.87064e-012 2.34725e-012 -4.37787e-014 -4.37787e-014
3.12 9.07174e-007 1.55988e-012 1.35635e-012 -3.48074e-014 -3.48074e-014
3.13 9.97092e-007 1.1203e-012 7.995e-013 -7.26818e-015 -7.26818e-015
3.14 1.08329e-006 1.24785e-012 7.05571e-013 2.91417e-014 2.91417e-014
3.15 1.16466e-006 8.58226e-013 5.21964e-013 7.44786e-014 7.44786e-014
3.16 1.23845e-006 6.70234e-013 2.65312e-013 1.25607e-013 1.25607e-013
3.17 1.30181e-006 8.08312e-014 1.72536e-013 1.69018e-013 1.69018e-013
3.18 1.35244e-006 9.311e-013 -6.73752e-014 1.90557e-013 1.90557e-013
3.19 1.39028e-006 1.21511e-012 7.37267e-013 1.87341e-013 1.87341e-013
3.2 1.41713e-006 8.45791e-014 3.2838e-013 1.6398e-013 1.6398e-013
3.21 1.43353e-006 -3.45135e-014 -6.73129e-014 1.1511e-013 1.1511e-013
3.22 1.43719e-006 1.9089e-013 8.21544e-013 3.99822e-014 3.99822e-014
3.23 1.4246e-006 -1.14713e-013 7.78478e-014 -3.97688e-014 -3.97688e-014
3.24 1.39336e-006 -3.97973e-014 4.21901e-013 -1.08622e-013 -1.08622e-013
3.25 1.34271e-006 6.83818e-014 -7.16897e-014 -1.6603e-013 -1.6603e-013
3.26 1.27323e-006 7.5503e-013 1.49993e-012 -2.02649e-013 -2.02649e-013
3.27 1.18724e-006 -8.58779e-014 1.33824e-013 -2.05251e-013 -2.05251e-013
3.28 1.08881e-006 -9.71776e-015 1.09178e-012 -1.7766e-013 -1.7766e-013
3.29 9.82047e-007 -4.6621e-013 7.63694e-013 -1.34437e-013 -1.34437e-013
3.3 8.70157e-007 1.59823e-013 -2.67476e-013 -8.68464e-014 -8.68464e-014
3.31 7.56109e-007 -5.71703e-014 9.62023e-014 -4.13886e-014 -4.13886e-014
3.32 6.43485e-007 2.21937e-014 -3.59042e-014 -4.73006e-015 -4.73006e-015
3.33 5.35309e-007 -7.47002e-015 1.27084e-014 1.32779e-014 1.32779e-014
3.34 4.31657e-007 1.26272e-015 -4.25489e-015 5.91467e-015 5.91467e-015
3.35 3.30352e-007 -9.94561e-015 6.75424e-015 -2.41571e-014 -2.41571e-014
3.36 2.30018e-007 -8.42467e-014 1.81553e-014 -6.70892e-014 -6.70892e-014
3.37 1.30948e-007 -2.59169e-013 -8.69996e-014 -1.11394e-013 -1.11394e-013
3.38 3.43219e-008 1.95306e-011 8.79704e-012 -1.42765e-013 -1.42765e-013
3.39 -5.86261e-008 1.20037e-011 4.93766e-012 -1.55286e-013 -1.55286e-013
3.4 -1.47909e-007 -4.5125e-012 -2.14821e-012 -1.58223e-013 -1.58223e-013
3.41 -2.36145e-007 1.62394e-012 7.78137e-013 -1.50537e-013 -1.50537e-013
3.42 -3.26928e-007 -6.51034e-013 -4.99258e-013 -1.23211e-013 -1.23211e-013
3.43 -4.21685e-007 2.32402e-013 1.74441e-013 -8.3473e-014 -8.3473e-014
3.44 -5.1915e-007 -8.3388e-014 -6.40641e-014 -4.49676e-014 -4.49676e-014
3.45 -6.16677e-007 1.41235e-014 -1.30398e-013 -1.8841e-014 -1.8841e-014
3.46 -7.11869e-007 -7.80602e-015 5.63828e-014 -1.38444e-014 -1.38444e-014
3.47 -8.03196e-007 -1.88413e-016 -1.74844e-014 -2.64688e-014 -2.64688e-014
3.48 -8.8926e-007 -6.02191e-015 8.9615e-015 -4.69555e-014 -4.69555e-014
3.49 -9.68088e-007 1.10807e-014 -1.02334e-013 -7.15182e-014 -7.15182e-014
3.5 -1.03804e-006 -2.84585e-015 3.65297e-014 -9.9224e-014 -9.9224e-014
3.51 -1.09866e-006 -2.89221e-012 9.59186e-012 -1.36195e-013 -1.36195e-013
3.52 -1.14921e-006 -2.61056e-012 4.67898e-012 -1.84665e-013 -1.84665e-013
3.53 -1.18766e-006 1.94304e-014 -2.88068e-012 -2.26684e-013 -2.26684e-013
3.54 -1.21251e-006 -6.84222e-013 3.52425e-013 -2.4702e-013 -2.4702e-013
3.55 -1.22503e-006 9.89073e-014 -2.1114e-013 -2.466e-013 -2.466e-013
3.56 -1.22891e-006 -6.58613e-014 -4.3808e-014 -2.35662e-013 -2.35662e-013
3.57 -1.2283e-006 1.44896e-014 -5.09188e-014 -2.21331e-013 -2.21331e-013
3.58 -1.22517e-006 -2.23235e-014 -2.75665e-014 -1.97747e-013 -1.97747e-013
3.59 -1.21861e-006 -4.71565e-013 -1.52183e-013 -1.5807e-013 -1.5807e-013
3.6 -1.2057e-006 1.6314e-013 -9.87863e-014 -1.08583e-013 -1.08583e-013
3.61 -1.18359e-006 -3.06454e-012 -3.0451e-012 -7.12327e-014 -7.12327e-014
3.62 -1.15215e-006 -1.32878e-012 -1.14658e-012 -5.879e-014 -5.879e-014
3.63 -1.11399e-006 4.76974e-013 4.11573e-013 -5.817e-014 -5.817e-014
3.64 -1.07148e-006 -1.71242e-013 -1.47754e-013 -5.95384e-014 -5.95384e-014
3.65 -1.0239e-006 6.18956e-014 5.21138e-014 -6.88187e-014 -6.88187e-014
3.66 -9.68129e-007 -2.23363e-014 -1.85986e-014 -9.08942e-014 -9.08942e-014
3.67 -9.01243e-007 1.41094e-014 -5.31998e-015 -1.21147e-013 -1.21147e-013
3.68 -8.21662e-007 1.19705e-014 -3.03372e-014 -1.4796e-013 -1.4796e-013
3.69 -7.29615e-007 -6.77234e-015 1.56653e-014 -1.61953e-013 -1.61953e-013
3.7 -6.27824e-007 1.05654e-015 -3.07307e-015 -1.61367e-013 -1.61367e-013
3.71 -5.20801e-007 4.87525e-014 -6.64811e-014 -1.50217e-013 -1.50217e-013
3.72 -4.12815e-007 6.83018e-014 -6.57543e-014 -1.33669e-013 -1.33669e-013
3.73 -3.06718e-007 3.31418e-014 -1.2908e-014 -1.14804e-013 -1.14804e-013
3.74 -2.04187e-007 6.67496e-014 -2.81606e-014 -9.53377e-014 -9.53377e-014
3.75 -1.06588e-007 -2.21287e-014 9.25068e-015 -7.85841e-014 -7.85841e-014
3.76 -1.57114e-008 2.82129e-013 4.32746e-015 -6.9717e-014 -6.9717e-014
3.77 6.68832e-008 -9.74326e-014 -1.04451e-015 -7.21142e-014 -7.21142e-014
3.78 1.40607e-007 2.74888e-013 1.09344e-013 -8.44053e-014 -8.44053e-014
3.79 2.05356e-007 1.01118e-012 1.14212e-012 -1.01036e-013 -1.01036e-013
3.8 2.61483e-007 -3.38193e-013 -3.80062e-013 -1.16803e-013 -1.16803e-013
3.81 3.10607e-007 2.74984e-013 4.30393e-013 -1.30773e-013 -1.30773e-013
3.82 3.55911e-007 -5.21128e-014 -4.7472e-015 -1.41873e-013 -1.41873e-013
3.83 4.01752e-007 2.31945e-014 1.49895e-014 -1.46029e-013 -1.46029e-013
3.84 4.51966e-007 2.39952e-013 -1.21179e-013 -1.41164e-013 -1.41164e-013
3.85 5.07097e-007 2.85498e-015 -1.88228e-014 -1.29542e-013 -1.29542e-013
3.86 5.65328e-007 3.65068e-013 -2.29711e-013 -1.15707e-013 -1.15707e-013
3.87 6.25549e-007 -8.0701e-014 6.20624e-014 -1.02256e-013 -1.02256e-013
3.88 6.87291e-007 1.00146e-013 -1.78107e-013 -8.75286e-014 -8.75286e-014
3.89 7.48849e-007 2.41133e-013 -1.7151e-013 -7.0524e-014 -7.0524e-014
3.9 8.06229e-007 -1.60989e-014 5.55631e-014 -5.43859e-014 -5.43859e-014
3.91 8.53516e-007 -1.44588e-014 6.83578e-015 -4.1749e-014 -4.1749e-014
3.92 8.84605e-007 1.05927e-012 -4.79799e-013 -4.01593e-014 -4.01593e-014
3.93 8.95574e-007 1.21421e-013 -5.27719e-013 -5.16496e-014 -5.16496e-014
3.94 8.85829e-007 -4.31195e-014 1.90034e-013 -5.88939e-014 -5.88939e-014
3.95 8.56918e-007 1.54438e-014 -6.79497e-014 -5.56843e-014 -5.56843e-014
3.96 8.11244e-007 -5.73852e-015 2.48614e-014 -5.41711e-014 -5.41711e-014
3.97 7.51752e-007 2.76442e-015 -1.0129e-014 -5.96175e-014 -5.96175e-014
3.98 6.82648e-007 -2.54344e-015 4.29432e-014 -6.66611e-014 -6.66611e-014
3.99 6.1004e-007 -4.77853e-015 3.25576e-014 -6.88368e-014 -6.88368e-014
4 5.40235e-007 -2.63788e-014 6.49126e-014 -6.49531e-014 -6.49531e-014
4.01 4.77704e-007 -5.78208e-014 7.64289e-014 -5.82981e-014 -5.82981e-014
4.02 4.25853e-007 -6.23817e-014 3.43941e-014 -5.30761e-014 -5.30761e-014
4.03 3.87372e-007 2.20901e-015 -2.7558e-014 -5.10712e-014 -5.10712e-014
4.04 3.6234e-007 -7.85781e-014 -6.77427e-014 -5.07753e-014 -5.07753e-014
4.05 3.47902e-007 -8.09484e-013 1.62073e-012 -4.85451e-014 -4.85451e-014
4.06 3.40505e-007 -8.79749e-013 1.09438e-012 -4.59707e-014 -4.59707e-014
4.07 3.36774e-007 -2.7726e-013 3.49902e-013 -5.28974e-014 -5.28974e-014
4.08 3.31612e-007 -9.41864e-013 7.94275e-013 -7.08806e-014 -7.08806e-014
4.09 3.18585e-007 -3.18626e-013 1.06715e-013 -9.04114e-014 -9.04114e-014
4.1 2.92561e-007 -9.73458e-013 8.63702e-013 -1.08433e-013 -1.08433e-013
4.11 2.50397e-007 -5.82028e-013 8.23571e-014 -1.30351e-013 -1.30351e-013
4.12 1.90862e-007 -1.03159e-012 6.94294e-013 -1.58409e-013 -1.58409e-013
4.13 1.1578e-007 -9.09181e-013 7.83513e-013 -1.8008e-013 -1.8008e-013
4.14 2.91812e-008 -9.06566e-014 8.03196e-013 -1.74808e-013 -1.74808e-013
4.15 -6.5085e-008 -1.32675e-013 -6.22418e-014 -1.36201e-013 -1.36201e-013
4.16 -1.63437e-007 -1.16429e-013 1.81595e-013 -7.34916e-014 -7.34916e-014
4.17 -2.61749e-007 -2.90195e-013 -2.65556e-014 2.80639e-015 2.80639e-015
4.18 -3.54943e-007 4.58539e-014 3.38624e-013 8.10954e-014 8.10954e-014
4.19 -4.36774e-007 -7.02003e-013 9.39008e-013 1.48749e-013 1.48749e-013
4.2 -5.01335e-007 -1.39139e-013 3.51615e-014 2.03902e-013 2.03902e-013
4.21 -5.45153e-007 -3.33354e-013 -2.56647e-013 2.43736e-013 2.43736e-013
4.22 -5.6745e-007 2.88111e-014 6.0002e-014 2.5218e-013 2.5218e-013
4.23 -5.70006e-007 -1.51673e-013 -3.69937e-014 2.22652e-013 2.22652e-013
4.24 -5.56832e-007 5.36012e-014 1.4329e-014 1.67271e-013 1.67271e-013
4.25 -5.3136e-007 -2.85397e-014 -2.41893e-014 1.02787e-013 1.02787e-013
4.26 -4.95349e-007 -9.78357e-014 -1.99792e-013 4.40867e-014 4.40867e-014
4.27 -4.51145e-007 3.47016e-014 7.07058e-014 2.73157e-015 2.73157e-015
4.28 -4.01778e-007 -1.81306e-014 -3.11547e-014 -1.43543e-014 -1.43543e-014
4.29 -3.49456e-007 -2.06954e-015 -4.58079e-016 -5.37473e-015 -5.37473e-015
4.3 -2.96985e-007 -5.34674e-014 -1.61206e-013 2.64116e-014 2.64116e-014
4.31 -2.48822e-007 1.65774e-014 5.23955e-014 7.3766e-014 7.3766e-014
4.32 -2.08515e-007 -6.40927e-015 -2.08107e-014 1.26298e-013 1.26298e-013
4.33 -1.76642e-007 2.40739e-015 6.03499e-015 1.7195e-013 1.7195e-013
4.34 -1.51398e-007 4.78335e-015 -2.84796e-013 2.00169e-013 2.00169e-013
4.35 -1.29473e-007 1.4876e-012 -2.05996e-012 2.05559e-013 2.05559e-013
4.36 -1.07284e-007 3.02807e-013 2.83352e-013 1.88166e-013 1.88166e-013
4.37 -8.30005e-008 1.98775e-013 -2.26138e-014 1.5229e-013 1.5229e-013
4.38 -5.66154e-008 -5.55649e-014 1.3079e-014 1.07394e-013 1.07394e-013
4.39 -2.87339e-008 1.20213e-012 -1.75941e-012 6.18437e-014 6.18437e-014
4.4 5.52972e-010 1.20352e-012 -1.89396e-012 2.47164e-014 2.47164e-014
4.41 3.28668e-008 8.39301e-013 -6.53426e-013 2.69032e-016 2.69032e-016
4.42 7.09843e-008 4.09944e-013 -5.15314e-013 -1.58633e-014 -1.58633e-014
4.43 1.17385e-007 -5.87989e-014 5.08432e-014 -1.62487e-014 -1.62487e-014
4.44 1.74339e-007 7.76447e-013 -5.49142e-013 4.90299e-015 4.90299e-015
4.45 2.4314e-007 4.34192e-013 -2.69819e-013 3.84188e-014 3.84188e-014
4.46 3.21481e-007 1.04315e-012 -4.79354e-013 7.40744e-014 7.40744e-014
4.47 4.03315e-007 1.77985e-013 -3.07256e-013 1.0803e-013 1.0803e-013
4.48 4.82894e-007 3.69993e-013 -1.2978e-013 1.42748e-013 1.42748e-013
4.49 5.57596e-007 2.04106e-013 2.79273e-014 1.75792e-013 1.75792e-013
4.5 6.26976e-007 3.21326e-012 -4.21448e-012 2.01405e-013 2.01405e-013
4.51 6.91254e-007 2.59711e-012 -2.95553e-012 2.08377e-013 2.08377e-013
4.52 7.51291e-007 -9.35016e-013 1.05088e-012 1.88865e-013 1.88865e-013
4.53 8.06984e-007 3.56385e-013 -3.22252e-013 1.64159e-013 1.64159e-013
4.54 8.56677e-007 -1.22619e-013 1.16306e-013 1.55827e-013 1.55827e-013
4.55 8.98983e-007 4.87983e-013 4.29724e-014 1.52685e-013 1.52685e-013
4.56 9.32504e-007 -2.17733e-013 -3.42284e-014 1.3672e-013 1.3672e-013
4.57 9.55505e-007 3.62735e-014 4.21116e-014 1.13896e-013 1.13896e-013
4.58 9.6824e-007 1.84952e-013 2.59042e-014 1.02054e-013 1.02054e-013
4.59 9.74606e-007 -6.27542e-014 2.217e-014 1.0604e-013 1.0604e-013
4.6 9.80359e-007 2.26539e-014 -4.57882e-015 1.1806e-013 1.1806e-013
4.61 9.89215e-007 -1.85835e-015 -1.17217e-014 1.30227e-013 1.30227e-013
4.62 1.00075e-006 1.99629e-016 3.85896e-015 1.40407e-013 1.40407e-013
4.63 1.01269e-006 -3.83297e-014 1.23473e-013 1.49811e-013 1.49811e-013
4.64 1.02445e-006 1.37137e-014 -4.42194e-014 1.58836e-013 1.58836e-013
4.65 1.03658e-006 1.87858e-014 -1.64933e-014 1.64693e-013 1.64693e-013
4.66 1.04727e-006 -1.51849e-013 2.85871e-013 1.63921e-013 1.63921e-013
4.67 1.05186e-006 6.75962e-014 -1.00593e-013 1.56267e-013 1.56267e-013
4.68 1.04599e-006 -2.08469e-015 2.57475e-014 1.44795e-013 1.44795e-013
4.69 1.02797e-006 4.25797e-014 -5.80201e-014 1.33512e-013 1.33512e-013
4.7 9.98756e-007 -3.91543e-013 5.45081e-013 1.25615e-013 1.25615e-013
4.71 9.60721e-007 1.3078e-013 -1.83493e-013 1.22466e-013 1.22466e-013
4.72 9.14921e-007 -4.90398e-014 6.89329e-014 1.2325e-013 1.2325e-013
4.73 8.59315e-007 -4.16371e-013 4.39217e-013 1.27039e-013 1.27039e-013
4.74 7.9133e-007 1.71617e-013 -1.72431e-013 1.33594e-013 1.33594e-013
4.75 7.11185e-007 -1.64331e-014 2.76871e-014 1.423e-013 1.423e-013
4.76 6.22369e-007 -4.85147e-015 1.55344e-015 1.50174e-013 1.50174e-013
4.77 5.31061e-007 -7.63682e-014 6.88721e-014 1.53815e-013 1.53815e-013
4.78 4.43738e-007 1.00081e-014 -4.39515e-015 1.53813e-013 1.53813e-013
4.79 3.63578e-007 6.02116e-014 -7.88083e-014 1.51644e-013 1.51644e-013
4.8 2.90979e-007 3.91334e-014 -7.3786e-014 1.46844e-013 1.46844e-013
4.81 2.25951e-007 -1.16244e-014 2.02806e-014 1.39432e-013 1.39432e-013
4.82 1.67508e-007 2.7008e-014 -8.22297e-014 1.3133e-013 1.3133e-013
4.83 1.14384e-007 -3.86179e-015 -3.30341e-014 1.25029e-013 1.25029e-013
4.84 6.8658e-008 -7.7077e-015 -7.64652e-014 1.22131e-013 1.22131e-013
4.85 3.40471e-008 -4.67401e-014 -1.31605e-013 1.23331e-013 1.23331e-013
4.86 7.88191e-009 -1.19781e-013 -2.16118e-013 1.27296e-013 1.27296e-013
4.87 -2.02175e-008 -2.43079e-013 -3.17437e-013 1.31779e-013 1.31779e-013
4.88 -5.94198e-008 -2.47632e-013 -2.40897e-013 1.37039e-013 1.37039e-013
4.89 -1.11145e-007 -1.61111e-013 -1.03234e-013 1.43732e-013 1.43732e-013
4.9 -1.71378e-007 -1.27722e-013 -5.24496e-014 1.49842e-013 1.49842e-013
4.91 -2.36731e-007 -1.10924e-013 -4.94731e-015 1.5233e-013 1.5233e-013
4.92 -3.07067e-007 4.23315e-014 -2.78431e-014 1.50674e-013 1.50674e-013
4.93 -3.83282e-007 3.50649e-014 -4.5473e-013 1.45582e-013 1.45582e-013
4.94 -4.65771e-007 -8.77687e-014 3.99121e-013 1.38051e-013 1.38051e-013
4.95 -5.55036e-007 -1.1569e-013 -1.03405e-012 1.31997e-013 1.31997e-013
4.96 -6.50024e-007 -8.79559e-015 -4.26512e-013 1.27256e-013 1.27256e-013
4.97 -7.45421e-007 1.20571e-013 -5.69057e-013 1.19368e-013 1.19368e-013
4.98 -8.34289e-007 -3.22856e-013 -8.01533e-013 1.09218e-013 1.09218e-013
4.99 -9.13929e-007 5.69622e-015 -6.7221e-014 1.0122e-013 1.0122e-013
5 -9.85993e-007 -1.7705e-013 -2.27822e-013 9.97349e-014 9.97349e-014
5.01 -1.05142e-006 -1.79775e-014 -3.32139e-013 1.06251e-013 1.06251e-013
5.02 -1.10869e-006 -2.51037e-013 -4.2525e-013 1.15751e-013 1.15751e-013
5.03 -1.15614e-006 7.59537e-014 5.18268e-014 1.24703e-013 1.24703e-013
5.04 -1.19304e-006 -5.32529e-013 -9.37858e-013 1.38798e-013 1.38798e-013
5.05 -1.22049e-006 -7.71085e-014 -5.10875e-014 1.6411e-013 1.6411e-013
5.06 -1.24294e-006 -3.61116e-014 -1.93001e-013 1.98594e-013 1.98594e-013
5.07 -1.26634e-006 -7.74658e-013 -5.045e-013 2.36939e-013 2.36939e-013
5.08 -1.29308e-006 -5.56922e-013 -7.25472e-013 2.7097e-013 2.7097e-013
5.09 -1.32177e-006 -1.01219e-012 -9.58449e-013 2.89629e-013 2.89629e-013
5.1 -1.35113e-006 -4.82021e-013 -8.74432e-013 2.84923e-013 2.84923e-013
5.11 -1.38035e-006 -4.39111e-014 -4.83905e-014 2.54426e-013 2.54426e-013
5.12 -1.40685e-006 -5.31597e-014 -1.30398e-013 2.03579e-013 2.03579e-013
5.13 -1.42857e-006 -1.44461e-012 -1.18808e-012 1.4533e-013 1.4533e-013
5.14 -1.44743e-006 -4.80973e-014 -1.75264e-012 8.92499e-014 8.92499e-014
5.15 -1.46631e-006 3.62406e-013 -1.62955e-013 3.43421e-014 3.43421e-014
5.16 -1.48435e-006 -1.49033e-013 -1.34463e-013 -1.33031e-014 -1.33031e-014
5.17 -1.49867e-006 1.35175e-013 -8.61213e-014 -3.62161e-014 -3.62161e-014
5.18 -1.50789e-006 6.13463e-014 -1.1663e-013 -2.64608e-014 -2.64608e-014
5.19 -1.51127e-006 -3.86382e-013 -4.57186e-013 1.57625e-014 1.57625e-014
5.2 -1.50576e-006 3.84329e-013 -1.46003e-012 8.61853e-014 8.61853e-014
5.21 -1.48594e-006 -5.93426e-014 -1.07925e-012 1.5471e-013 1.5471e-013
5.22 -1.44719e-006 -5.08509e-013 -8.55318e-013 1.88247e-013 1.88247e-013
5.23 -1.38648e-006 9.6013e-013 -2.57773e-012 1.98425e-013 1.98425e-013
5.24 -1.30124e-006 4.41487e-013 -5.91615e-012 2.15518e-013 2.15518e-013
5.25 -1.19029e-006 9.32036e-013 -4.62932e-012 2.38401e-013 2.38401e-013
5.26 -1.05325e-006 7.96647e-015 7.34388e-013 2.3668e-013 2.3668e-013
5.27 -8.88256e-007 -2.58913e-013 6.06477e-014 1.87762e-013 1.87762e-013
5.28 -6.93502e-007 8.96198e-014 -2.22523e-014 9.73127e-014 9.73127e-014
5.29 -4.70529e-007 2.23777e-013 1.29436e-013 -1.74657e-015 -1.74657e-015
5.3 -2.23281e-007 1.19324e-012 1.16836e-012 -6.58051e-014 -6.58051e-014
5.31 4.43522e-008 4.57936e-013 8.08223e-013 -7.93771e-014 -7.93771e-014
5.32 3.27448e-007 6.37883e-013 1.57718e-012 -6.08085e-014 -6.08085e-014
5.33 6.19634e-007 -2.26114e-013 -7.1785e-013 -2.49766e-014 -2.49766e-014
5.34 9.15125e-007 1.86295e-013 1.18265e-012 2.79945e-014 2.79945e-014
5.35 1.211e-006 5.8757e-013 4.00222e-013 9.52411e-014 9.52411e-014
5.36 1.50711e-006 7.01143e-012 5.56534e-012 1.49167e-013 1.49167e-013
5.37 1.80111e-006 1.48166e-011 1.74844e-011 1.53529e-013 1.53529e-013
5.38 2.08445e-006 7.67839e-012 1.5547e-011 1.16013e-013 1.16013e-013
5.39 2.34863e-006 3.88291e-012 8.91951e-012 7.13628e-014 7.13628e-014
5.4 2.59293e-006 3.26911e-012 7.30831e-012 2.19612e-014 2.19612e-014
5.41 2.82244e-006 2.22642e-012 7.14387e-012 -4.83584e-014 -4.83584e-014
5.42 3.04029e-006 3.19821e-012 4.59143e-012 -1.36985e-013 -1.36985e-013
5.43 3.24289e-006 1.53546e-012 9.5056e-012 -2.27854e-013 -2.27854e-013
5.44 3.42171e-006 1.82369e-012 4.55467e-012 -3.04849e-013 -3.04849e-013
5.45 3.57115e-006 8.73241e-013 2.24535e-012 -3.71222e-013 -3.71222e-013
5.46 3.69199e-006 1.83957e-013 2.28857e-012 -4.39692e-013 -4.39692e-013
5.47 3.78691e-006 -1.2028e-012 4.34312e-012 -4.9543e-013 -4.9543e-013
5.48 3.85666e-006 4.81885e-013 2.89648e-013 -5.069e-013 -5.069e-013
5.49 3.90048e-006 1.10192e-013 2.87652e-013 -4.5178e-013 -4.5178e-013
5.5 3.91529e-006 -1.92849e-015 2.47991e-013 -3.24787e-013 -3.24787e-013
5.51 3.89494e-006 7.88715e-012 8.72403e-012 -1.56099e-013 -1.56099e-013
5.52 3.83447e-006 6.70195e-012 1.18632e-011 -4.63259e-014 -4.63259e-014
5.53 3.73382e-006 -2.90259e-012 -1.06225e-012 -6.67702e-014 -6.67702e-014
5.54 3.59484e-006 7.44042e-013 7.75121e-013 -1.3779e-013 -1.3779e-013
5.55 3.41766e-006 -3.32836e-013 -2.46876e-013 -1.70275e-013 -1.70275e-013
5.56 3.2009e-006 1.18427e-013 8.96423e-014 -1.81437e-013 -1.81437e-013
5.57 2.94201e-006 -4.55497e-014 -3.16241e-014 -2.19197e-013 -2.19197e-013
5.58 2.63961e-006 1.5682e-014 1.12411e-014 -2.90976e-013 -2.90976e-013
5.59 2.29501e-006 6.03169e-015 2.67802e-015 -3.58656e-013 -3.58656e-013
5.6 1.91028e-006 -3.22451e-013 4.8629e-014 -3.80666e-013 -3.80666e-013
5.61 1.48626e-006 2.14258e-013 1.53741e-015 -3.50933e-013 -3.50933e-013
5.62 1.02525e-006 -1.10082e-012 -1.45797e-013 -2.99316e-013 -2.99316e-013
5.63 5.35276e-007 -9.43067e-013 -2.91636e-013 -2.43291e-013 -2.43291e-013
5.64 2.91585e-008 -1.39017e-011 -1.33445e-011 -1.67642e-013 -1.67642e-013
5.65 -4.81186e-007 -1.05276e-011 -1.5774e-011 -1.03584e-013 -1.03584e-013
5.66 -9.88421e-007 -2.32932e-012 -1.93203e-012 -5.75504e-014 -5.75504e-014
5.67 -1.48785e-006 -5.09154e-012 -7.12577e-012 8.35338e-015 8.35338e-015
5.68 -1.97239e-006 -8.59197e-012 -8.94103e-012 -8.90725e-015 -8.90725e-015
5.69 -2.43075e-006 -1.61989e-011 -1.70013e-011 -1.53552e-013 -1.53552e-013
5.7 -2.85102e-006 -1.14024e-011 -1.79321e-011 -3.5676e-013 -3.5676e-013
5.71 -3.22482e-006 -6.8137e-012 -7.97708e-012 -6.42087e-013 -6.42087e-013
5.72 -3.54836e-006 -6.76608e-012 -1.04169e-011 -9.81072e-013 -9.81072e-013
5.73 -3.81891e-006 -3.81806e-012 -7.32339e-012 -1.29502e-012 -1.29502e-012
5.74 -4.03168e-006 -3.41659e-012 -7.02235e-012 -1.58487e-012 -1.58487e-012
5.75 -4.18078e-006 -2.79276e-012 -4.06426e-013 -1.85238e-012 -1.85238e-012
5.76 -4.26277e-006 -1.77553e-013 -6.8319e-012 -2.02628e-012 -2.02628e-012
5.77 -4.27901e-006 -4.93565e-012 -4.49888e-012 -2.04843e-012 -2.04843e-012
5.78 -4.2345e-006 -5.05995e-012 -5.2843e-012 -1.94422e-012 -1.94422e-012
5.79 -4.13789e-006 1.73562e-012 -4.94218e-012 -1.77025e-012 -1.77025e-012
5.8 -4.002e-006 -4.74553e-013 -1.74284e-013 -1.57262e-012 -1.57262e-012
5.81 -3.84086e-006 3.11062e-012 -5.84881e-012 -1.3648e-012 -1.3648e-012
5.82 -3.66195e-006 -3.10144e-013 7.59773e-013 -1.1318e-012 -1.1318e-012
5.83 -3.46319e-006 3.57913e-012 -4.65307e-012 -9.02045e-013 -9.02045e-013
5.84 -3.24135e-006 1.08255e-012 -8.21712e-012 -8.03788e-013 -8.03788e-013
5.85 -3.00047e-006 6.40987e-013 -6.67458e-012 -9.23508e-013 -9.23508e-013
5.86 -2.74949e-006 7.69654e-012 -9.79546e-012 -1.15544e-012 -1.15544e-012
5.87 -2.49533e-006 3.8917e-012 -5.53238e-012 -1.33822e-012 -1.33822e-012
5.88 -2.2405e-006 4.87551e-012 -3.53485e-012 -1.42847e-012 -1.42847e-012
5.89 -1.98275e-006 2.71426e-012 -2.43975e-012 -1.46963e-012 -1.46963e-012
5.9 -1.71425e-006 3.04493e-012 -8.00647e-013 -1.49191e-012 -1.49191e-012
5.91 -1.42521e-006 3.13758e-012 -1.24057e-012 -1.47152e-012 -1.47152e-012
5.92 -1.10725e-006 9.46806e-012 1.07285e-012 -1.37637e-012 -1.37637e-012
5.93 -7.52503e-007 8.43763e-012 4.21e-012 -1.21297e-012 -1.21297e-012
5.94 -3.55342e-007 1.25971e-011 9.87406e-012 -9.54969e-013 -9.54969e-013
5.95 8.48519e-008 2.02526e-010 2.09561e-010 -6.13023e-013 -6.13023e-013
5.96 5.58719e-007 1.32995e-010 1.32715e-010 -3.61812e-013 -3.61812e-013
5.97 1.0542e-006 -3.96725e-011 -5.26684e-011 -2.84338e-013 -2.84338e-013
5.98 1.55976e-006 2.36103e-011 2.4537e-011 -2.64657e-013 -2.64657e-013
5.99 2.06168e-006 -1.57318e-012 -4.61686e-012 -2.71498e-013 -2.71498e-013
6 2.54167e-006 5.63023e-012 4.57787e-012 -3.67687e-013 -3.67687e-013
6.01 2.97369e-006 -1.57717e-013 5.07587e-012 -6.09813e-013 -6.09813e-013
6.02 3.33089e-006 1.85155e-012 -1.18651e-012 -9.07044e-013 -9.07044e-013
6.03 3.5918e-006 -2.14068e-012 6.51331e-012 -1.03201e-012 -1.03201e-012
6.04 3.74143e-006 -7.60077e-013 2.43675e-012 -1.02413e-012 -1.02413e-012
6.05 3.76984e-006 -1.45823e-011 1.82755e-011 -1.06554e-012 -1.06554e-012
6.06 3.67268e-006 7.33836e-011 -6.02485e-011 -1.06376e-012 -1.06376e-012
6.07 3.45049e-006 4.86313e-011 -3.75614e-011 -9.69634e-013 -9.69634e-013
6.08 3.11462e-006 -5.86001e-011 7.4297e-011 -1.08265e-012 -1.08265e-012
6.09 2.68308e-006 -2.76274e-011 3.39375e-011 -1.38393e-012 -1.38393e-012
6.1 2.1781e-006 -8.64874e-012 1.30883e-011 -1.42429e-012 -1.42429e-012
6.11 1.62965e-006 -1.18079e-011 7.21806e-012 -1.15591e-012 -1.15591e-012
6.12 1.07443e-006 -7.47593e-012 6.51112e-012 -8.74948e-013 -8.74948e-013
6.13 5.51281e-007 -1.82636e-012 5.1104e-012 -6.05595e-013 -6.05595e-013
6.14 9.7657e-008 -3.97738e-012 1.84161e-012 -1.20398e-013 -1.20398e-013
6.15 -2.5116e-007 -4.81379e-013 1.59391e-012 7.30699e-013 7.30699e-013
6.16 -4.66419e-007 -9.46222e-013 1.5981e-012 1.93385e-012 1.93385e-012
6.17 -5.30946e-007 -6.59782e-013 7.22491e-013 3.29375e-012 3.29375e-012
6.18 -4.39433e-007 -6.18661e-012 3.24389e-012 4.41111e-012 4.41111e-012
6.19 -1.97351e-007 -2.5606e-012 6.96563e-012 4.95957e-012 4.95957e-012
6.2 1.80433e-007 -7.15901e-011 -3.04173e-011 4.92948e-012 4.92948e-012
6.21 6.73895e-007 -4.72426e-011 -2.10964e-011 4.46941e-012 4.46941e-012
6.22 1.26465e-006 1.697e-011 8.5424e-012 3.65354e-012 3.65354e-012
6.23 1.9345e-006 -5.94337e-012 -8.73927e-013 2.46214e-012 2.46214e-012
6.24 2.65885e-006 8.51206e-012 1.27825e-011 1.05768e-012 1.05768e-012
6.25 3.40446e-006 4.56463e-012 1.37254e-011 -1.59147e-013 -1.59147e-013
6.26 4.13002e-006 2.37394e-011 2.85448e-011 -9.2173e-013 -9.2173e-013
6.27 4.79061e-006 2.23385e-011 2.13823e-011 -1.31814e-012 -1.31814e-012
6.28 5.34811e-006 6.34695e-012 7.56962e-012 -1.52381e-012 -1.52381e-012
6.29 5.78347e-006 1.14943e-011 8.58716e-013 -1.45338e-012 -1.45338e-012
6.3 6.10009e-006 -1.59111e-012 1.72521e-012 -9.99557e-013 -9.99557e-013
6.31 6.31053e-006 1.57632e-012 2.58901e-012 -3.18019e-013 -3.18019e-013
6.32 6.41746e-006 4.99152e-012 2.94514e-012 3.76107e-013 3.76107e-013
6.33 6.40842e-006 1.04273e-011 -5.68211e-012 9.70103e-013 9.70103e-013
6.34 6.26405e-006 5.57933e-012 1.35332e-011 1.34461e-012 1.34461e-012
6.35 5.97028e-006 6.52982e-011 6.92113e-011 1.31995e-012 1.31995e-012
6.36 5.52721e-006 3.18846e-011 2.57481e-011 9.35506e-013 9.35506e-013
6.37 4.95727e-006 -1.11261e-011 -9.35837e-012 5.01309e-013 5.01309e-013
6.38 4.29783e-006 4.02948e-012 3.32591e-012 1.56159e-013 1.56159e-013
6.39 3.5792e-006 -1.44414e-012 -1.20786e-012 -1.67554e-013 -1.67554e-013
6.4 2.81036e-006 4.72782e-013 4.7071e-013 -4.5036e-013 -4.5036e-013
6.41 1.99007e-006 1.78723e-011 -1.91543e-011 -6.10912e-013 -6.10912e-013
6.42 1.12861e-006 6.65247e-012 -1.85357e-011 -6.01898e-013 -6.01898e-013
6.43 2.49654e-007 -1.01372e-011 -1.95325e-011 -3.26051e-013 -3.26051e-013
6.44 -6.16208e-007 -7.25571e-011 -5.17529e-011 1.06324e-013 1.06324e-013
6.45 -1.43416e-006 3.16771e-011 7.56508e-011 4.8451e-013 4.8451e-013
6.46 -2.17096e-006 7.512e-013 -2.89712e-011 8.69462e-013 8.69462e-013
6.47 -2.79917e-006 1.23322e-011 8.49803e-012 1.1425e-012 1.1425e-012
6.48 -3.30963e-006 -4.4293e-012 -3.079e-012 1.10399e-012 1.10399e-012
6.49 -3.70358e-006 1.54622e-012 1.09615e-012 8.54581e-013 8.54581e-013
6.5 -3.98675e-006 -5.73527e-013 -4.09873e-013 5.36242e-013 5.36242e-013
6.51 -4.16753e-006 -7.91842e-013 5.78742e-013 2.01274e-013 2.01274e-013
6.52 -4.26236e-006 -1.09634e-013 1.76808e-014 -9.16659e-014 -9.16659e-014
6.53 -4.30017e-006 8.63279e-013 3.05999e-012 -2.57352e-013 -2.57352e-013
6.54 -4.31851e-006 -1.06636e-010 -1.48272e-010 4.93364e-014 4.93364e-014
6.55 -4.35798e-006 -8.36319e-011 -9.70765e-011 1.00119e-012 1.00119e-012
6.56 -4.4445e-006 -2.07058e-011 -1.46177e-011 1.88484e-012 1.88484e-012
6.57 -4.59342e-006 -2.71466e-011 -3.38861e-011 2.11935e-012 2.11935e-012
6.58 -4.81301e-006 -8.10758e-012 -2.86916e-011 1.89041e-012 1.89041e-012
6.59 -5.10379e-006 -4.14897e-012 -1.6649e-011 1.37462e-012 1.37462e-012
6.6 -5.46093e-006 -5.57799e-012 -1.10856e-012 4.9891e-013 4.9891e-013
6.61 -5.87307e-006 -1.22352e-011 -2.88661e-012 -7.94277e-013 -7.94277e-013
6.62 -6.3195e-006 -1.90173e-011 -3.15942e-011 -2.42899e-012 -2.42899e-012
6.63 -6.77031e-006 -8.54428e-012 -1.42103e-011 -4.17373e-012 -4.17373e-012
6.64 -7.18892e-006 2.70655e-012 -3.84092e-012 -5.67435e-012 -5.67435e-012
6.65 -7.53598e-006 7.466e-013 -1.98049e-012 -6.64596e-012 -6.64596e-012
6.66 -7.77664e-006 1.39694e-012 2.55738e-012 -7.02155e-012 -7.02155e-012
6.67 -7.88603e-006 1.40542e-012 3.02496e-012 -6.87132e-012 -6.87132e-012
6.68 -7.8493e-006 1.48684e-013 2.36422e-012 -6.25892e-012 -6.25892e-012
6.69 -7.65951e-006 -5.19037e-013 3.1943e-013 -5.20399e-012 -5.20399e-012
6.7 -7.31603e-006 7.23646e-014 -8.67329e-014 -3.75346e-012 -3.75346e-012
6.71 -6.82608e-006 7.0754e-013 -5.25126e-013 -2.15577e-012 -2.15577e-012
6.72 -6.20629e-006 1.76167e-012 -1.32624e-012 -9.59533e-013 -9.59533e-013
6.73 -5.47945e-006 -9.9863e-013 7.72707e-013 -6.48125e-013 -6.48125e-013
6.74 -4.66843e-006 2.46349e-013 -1.14894e-013 -1.1931e-012 -1.1931e-012
6.75 -3.79602e-006 9.16967e-013 -3.77463e-013 -2.24363e-012 -2.24363e-012
6.76 -2.88438e-006 1.73973e-012 -9.09814e-013 -3.50458e-012 -3.50458e-012
6.77 -1.94948e-006 4.45975e-012 -6.70965e-013 -4.75564e-012 -4.75564e-012
6.78 -1.00147e-006 1.07173e-011 1.26701e-012 -5.71773e-012 -5.71773e-012
6.79 -5.13945e-008 1.34369e-010 -5.14348e-011 -6.17601e-012 -6.17601e-012
6.8 8.83438e-007 1.94186e-010 8.53927e-011 -5.67563e-012 -5.67563e-012
6.81 1.78555e-006 5.32348e-011 1.18393e-011 -3.71908e-012 -3.71908e-012
6.82 2.63892e-006 3.2889e-011 -1.64377e-011 -1.03179e-012 -1.03179e-012
6.83 3.4313e-006 3.81859e-011 4.80142e-011 1.42653e-012 1.42653e-012
6.84 4.1469e-006 1.57904e-011 -1.32088e-011 3.74032e-012 3.74032e-012
6.85 4.76514e-006 6.37631e-012 -1.93863e-012 5.88417e-012 5.88417e-012
6.86 5.2729e-006 2.20572e-011 -3.03702e-011 7.18557e-012 7.18557e-012
6.87 5.66397e-006 2.27623e-011 9.71564e-012 7.2315e-012 7.2315e-012
6.88 5.93507e-006 8.76787e-012 -2.66139e-011 6.24751e-012 6.24751e-012
6.89 6.07878e-006 -1.01593e-012 -1.60894e-011 4.50839e-012 4.50839e-012
6.9 6.08871e-006 5.13658e-013 1.55192e-011 2.22626e-012 2.22626e-012
6.91 5.96892e-006 1.44774e-012 7.25299e-013 -6.53786e-014 -6.53786e-014
6.92 5.73614e-006 1.67158e-011 -1.50852e-010 -1.58667e-012 -1.58667e-012
6.93 5.40652e-006 1.13967e-011 -1.13943e-010 -2.11472e-012 -2.11472e-012
6.94 4.99167e-006 -2.45883e-012 3.79648e-011 -2.11392e-012 -2.11392e-012
6.95 4.50116e-006 -1.73848e-012 -2.17975e-012 -1.61327e-012 -1.61327e-012
6.96 3.95001e-006 -1.17408e-012 7.80646e-012 -2.87723e-013 -2.87723e-013
6.97 3.36187e-006 4.12383e-013 -2.6722e-012 1.58817e-012 1.58817e-012
6.98 2.75763e-006 -1.50745e-013 1.0118e-012 3.30948e-012 3.30948e-012
6.99 2.14794e-006 1.39135e-014 -2.44298e-013 4.38096e-012 4.38096e-012
7 1.53719e-006 2.11975e-015 8.85735e-014 4.6951e-012 4.6951e-012
7.01 9.35217e-007 -2.26652e-014 5.3904e-014 4.32049e-012 4.32049e-012
7.02 3.58553e-007 -4.9741e-011 7.15606e-011 3.60737e-012 3.60737e-012
7.03 -1.80617e-007 -3.86469e-011 -2.33895e-010 3.04768e-012 3.04768e-012
7.04 -6.8134e-007 1.79371e-010 -1.27424e-010 1.96584e-012 1.96584e-012
7.05 -1.15529e-006 -6.35238e-011 3.68451e-011 -1.75688e-013 -1.75688e-013
7.06 -1.60481e-006 2.28019e-011 -1.38812e-011 -1.78727e-012 -1.78727e-012
7.07 -2.02459e-006 -8.16722e-012 7.22028e-012 -1.73793e-012 -1.73793e-012
7.08 -2.39597e-006 -6.94739e-012 1.93165e-012 -8.28404e-013 -8.28404e-013
7.09 -2.70382e-006 -7.89856e-011 2.61921e-011 1.35061e-013 1.35061e-013
7.1 -2.94396e-006 -1.44213e-010 1.45929e-010 1.47866e-012 1.47866e-012
7.11 -3.12164e-006 -1.16538e-010 1.35935e-010 3.69507e-012 3.69507e-012
7.12 -3.2449e-006 -4.83053e-011 7.4994e-011 6.34743e-012 6.34743e-012
7.13 -3.3236e-006 -2.22603e-011 3.24362e-011 8.74604e-012 8.74604e-012
7.14 -3.36832e-006 -1.12473e-011 1.83077e-011 1.04829e-011 1.04829e-011
7.15 -3.39029e-006 -6.33835e-012 1.04375e-011 1.13054e-011 1.13054e-011
7.16 -3.39814e-006 -6.80586e-012 3.81439e-013 1.11698e-011 1.11698e-011
7.17 -3.39835e-006 -1.21335e-011 2.49805e-011 1.01264e-011 1.01264e-011
7.18 -3.39515e-006 -2.72626e-011 2.96169e-011 8.32132e-012 8.32132e-012
7.19 -3.39088e-006 -2.17089e-011 4.09075e-012 5.79907e-012 5.79907e-012
7.2 -3.38731e-006 -1.45286e-011 -4.59599e-013 2.88388e-012 2.88388e-012
7.21 -3.38486e-006 -1.63149e-011 -5.1764e-012 7.27345e-013 7.27345e-013
7.22 -3.37612e-006 -5.30254e-012 -4.79795e-012 -1.43371e-013 -1.43371e-013
7.23 -3.34373e-006 -5.52803e-014 -1.1436e-012 -3.37372e-013 -3.37372e-013
7.24 -3.26662e-006 4.41033e-013 1.77551e-012 -1.09204e-013 -1.09204e-013
7.25 -3.12495e-006 -2.42584e-013 -9.08373e-013 8.86331e-013 8.86331e-013
7.26 -2.90172e-006 9.92817e-014 3.89195e-013 2.65047e-012 2.65047e-012
7.27 -2.58191e-006 8.98613e-012 1.72458e-011 4.58842e-012 4.58842e-012
7.28 -2.15399e-006 3.03654e-011 4.10777e-011 6.16775e-012 6.16775e-012
7.29 -1.61663e-006 2.99683e-011 2.70322e-011 7.1283e-012 7.1283e-012
7.3 -9.78636e-007 -1.70777e-011 -1.72833e-011 7.27425e-012 7.27425e-012
7.31 -2.53192e-007 -7.23114e-011 -5.33565e-011 6.71548e-012 6.71548e-012
7.32 5.43258e-007 -5.5817e-011 -5.04054e-011 5.84514e-012 5.84514e-012
7.33 1.37788e-006 1.00577e-010 1.73543e-011 4.70134e-012 4.70134e-012
7.34 2.19745e-006 1.01548e-010 -8.78655e-011 2.99798e-012 2.99798e-012
7.35 2.93767e-006 1.8633e-010 -2.52153e-010 1.14832e-012 1.14832e-012
7.36 3.54922e-006 -4.45282e-011 4.57688e-011 5.0595e-013 5.0595e-013
7.37 4.00043e-006 2.01631e-011 -4.51709e-011 1.45288e-012 1.45288e-012
7.38 4.27838e-006 -9.9388e-012 4.79343e-012 2.6332e-012 2.6332e-012
7.39 4.36727e-006 4.24794e-012 -1.58909e-012 3.39613e-012 3.39613e-012
7.4 4.25397e-006 -8.48472e-012 -1.35502e-011 4.30291e-012 4.30291e-012
7.41 3.93899e-006 2.98875e-012 4.83904e-012 5.52755e-012 5.52755e-012
7.42 3.44428e-006 1.37468e-011 -3.44208e-011 6.75698e-012 6.75698e-012
7.43 2.80778e-006 4.80567e-011 -8.24666e-011 7.35494e-012 7.35494e-012
7.44 2.06633e-006 1.87398e-011 -2.91546e-011 6.54765e-012 6.54765e-012
7.45 1.25175e-006 -1.53249e-011 -6.235e-012 4.41451e-012 4.41451e-012
7.46 3.96878e-007 3.48959e-011 -2.70821e-011 2.14198e-012 2.14198e-012
7.47 -4.55933e-007 2.51531e-011 -4.40724e-011 7.71699e-013 7.71699e-013
7.48 -1.2551e-006 -2.24495e-011 -5.03598e-012 9.29589e-014 9.29589e-014
7.49 -1.95182e-006 4.51235e-012 1.32925e-012 -6.45824e-013 -6.45824e-013
7.5 -2.51879e-006 -1.15457e-011 -7.93617e-012 -1.449e-012 -1.449e-012
7.51 -2.95213e-006 2.52806e-012 2.5284e-012 -1.60415e-012 -1.60415e-012
7.52 -3.25986e-006 -2.45714e-012 2.09278e-012 -6.11379e-013 -6.11379e-013
7.53 -3.44942e-006 6.00647e-012 -2.34588e-011 1.20356e-012 1.20356e-012
7.54 -3.52843e-006 -7.81038e-012 -4.06153e-011 3.01446e-012 3.01446e-012
7.55 -3.51072e-006 1.32e-011 -2.80317e-011 4.0514e-012 4.0514e-012
7.56 -3.42302e-006 4.02296e-011 -5.64089e-011 4.01484e-012 4.01484e-012
7.57 -3.30175e-006 2.94992e-011 -8.66355e-011 3.19783e-012 3.19783e-012
7.58 -3.17524e-006 1.17698e-011 -1.9321e-011 1.97262e-012 1.97262e-012
7.59 -3.04772e-006 -3.35225e-012 -4.44697e-012 5.20037e-013 5.20037e-013
7.6 -2.91221e-006 2.3374e-013 -2.53669e-012 -9.78773e-013 -9.78773e-013
7.61 -2.77117e-006 9.97471e-012 -1.73932e-011 -2.38028e-012 -2.38028e-012
7.62 -2.64201e-006 7.70898e-012 -2.95627e-011 -3.53693e-012 -3.53693e-012
7.63 -2.54368e-006 3.27769e-011 -5.67599e-011 -4.02902e-012 -4.02902e-012
7.64 -2.47871e-006 2.7355e-011 -3.56328e-011 -3.49728e-012 -3.49728e-012
7.65 -2.42678e-006 -1.11069e-011 1.33842e-011 -2.19043e-012 -2.19043e-012
7.66 -2.3515e-006 4.01346e-012 -4.78727e-012 -5.98406e-013 -5.98406e-013
7.67 -2.21394e-006 4.80927e-012 4.56356e-012 9.69429e-013 9.69429e-013
7.68 -1.98648e-006 -2.95691e-012 -2.17697e-012 2.18202e-012 2.18202e-012
7.69 -1.66209e-006 2.05505e-011 1.56525e-011 2.77919e-012 2.77919e-012
7.7 -1.24308e-006 3.05468e-011 3.4985e-011 2.79365e-012 2.79365e-012
7.71 -7.28013e-007 6.67696e-011 1.12954e-010 2.1507e-012 2.1507e-012
7.72 -1.11055e-007 1.31228e-010 2.78034e-010 7.86314e-013 7.86314e-013
7.73 5.99836e-007 1.03543e-010 2.3581e-010 -7.80184e-013 -7.80184e-013
7.74 1.38718e-006 -4.36179e-011 -1.97434e-011 -2.11762e-012 -2.11762e-012
7.75 2.22891e-006 -6.82969e-012 3.35018e-011 -2.89909e-012 -2.89909e-012
7.76 3.10411e-006 2.76311e-010 -6.3117e-010 -2.11248e-012 -2.11248e-012
7.77 3.98395e-006 1.46198e-010 -3.11274e-010 -2.23038e-013 -2.23038e-013
7.78 4.83536e-006 2.81982e-011 2.88532e-011 5.94042e-013 5.94042e-013
7.79 5.61142e-006 3.06682e-011 -6.51071e-011 3.39843e-013 3.39843e-013
7.8 6.25997e-006 -1.2982e-011 2.62695e-011 4.55765e-013 4.55765e-013
7.81 6.74294e-006 -2.34049e-011 4.37286e-012 1.13824e-012 1.13824e-012
7.82 7.04488e-006 1.48998e-011 3.95571e-011 2.10447e-012 2.10447e-012
7.83 7.173e-006 7.83381e-012 3.64222e-011 2.73196e-012 2.73196e-012
7.84 7.15108e-006 -1.70513e-011 4.20525e-011 2.32104e-012 2.32104e-012
7.85 7.00624e-006 1.36707e-011 1.02485e-011 1.47089e-012 1.47089e-012
7.86 6.76668e-006 2.40203e-011 2.62151e-011 1.3082e-012 1.3082e-012
7.87 6.46596e-006 2.48999e-011 3.20865e-011 2.01306e-012 2.01306e-012
7.88 6.13933e-006 1.48879e-011 1.95729e-011 3.00837e-012 3.00837e-012
7.89 5.8177e-006 7.43663e-012 4.51519e-012 3.79572e-012 3.79572e-012
7.9 5.52543e-006 3.32919e-012 3.02566e-012 4.25006e-012 4.25006e-012
7.91 5.27833e-006 1.76644e-011 4.73227e-011 4.56355e-012 4.56355e-012
7.92 5.0847e-006 2.01578e-011 3.45874e-011 5.07366e-012 5.07366e-012
7.93 4.94616e-006 -2.00956e-011 -2.76595e-011 5.69162e-012 5.69162e-012
7.94 4.85668e-006 6.29945e-012 1.03193e-011 5.86916e-012 5.86916e-012
7.95 4.7913e-006 -4.398e-012 -3.48061e-012 5.3758e-012 5.3758e-012
7.96 4.70698e-006 -6.89782e-013 1.59492e-012 4.57447e-012 4.57447e-012
7.97 4.55005e-006 3.84207e-013 -6.23396e-013 3.84914e-012 3.84914e-012
7.98 4.26918e-006 -8.10109e-012 -2.41926e-013 3.25014e-012 3.25014e-012
7.99 3.82922e-006 1.95634e-010 3.03021e-011 2.90105e-012 2.90105e-012
8 3.21562e-006 1.16238e-010 1.49163e-011 2.9127e-012 2.9127e-012
8.01 2.43525e-006 -1.39971e-010 -9.62394e-011 3.21286e-012 3.21286e-012
8.02 1.50376e-006 -6.05384e-011 -1.34982e-010 3.62016e-012 3.62016e-012
8.03 4.38497e-007 -4.99457e-012 -2.19656e-011 3.96209e-012 3.96209e-012
8.04 -7.27785e-007 -6.35281e-013 1.30098e-012 4.32291e-012 4.32291e-012
8.05 -1.94241e-006 -5.88027e-012 -5.7436e-011 4.7272e-012 4.7272e-012
8.06 -3.14521e-006 2.38657e-012 1.92232e-011 4.94218e-012 4.94218e-012
8.07 -4.28753e-006 7.40697e-014 -1.16447e-012 4.60326e-012 4.60326e-012
8.08 -5.33322e-006 -1.49673e-012 1.92659e-012 3.94362e-012 3.94362e-012
8.09 -6.24833e-006 -7.54941e-013 2.09214e-012 3.58918e-012 3.58918e-012
8.1 -6.99539e-006 1.29282e-012 -1.65483e-012 3.52548e-012 3.52548e-012
8.11 -7.54596e-006 1.49813e-011 5.26252e-012 3.42589e-012 3.42589e-012
8.12 -7.89017e-006 -2.76797e-011 -1.42476e-011 3.30913e-012 3.30913e-012
8.13 -8.03732e-006 -7.93935e-012 -4.48384e-011 3.47745e-012 3.47745e-012
8.14 -8.00718e-006 -2.09589e-011 4.7629e-012 4.09348e-012 4.09348e-012
8.15 -7.82954e-006 -4.45632e-012 -1.59612e-011 4.93707e-012 4.93707e-012
8.16 -7.53549e-006 1.50508e-011 -2.49704e-011 5.54445e-012 5.54445e-012
8.17 -7.15693e-006 -1.42448e-011 -4.38342e-012 5.63958e-012 5.63958e-012
8.18 -6.72535e-006 2.04278e-011 -5.28601e-011 5.44086e-012 5.44086e-012
8.19 -6.26643e-006 3.12068e-011 -5.3488e-011 5.24425e-012 5.24425e-012
8.2 -5.80201e-006 -7.05539e-012 1.15589e-011 5.04468e-012 5.04468e-012
8.21 -5.34898e-006 5.96804e-011 -6.54456e-011 4.65457e-012 4.65457e-012
8.22 -4.91859e-006 -2.48151e-011 2.73132e-011 3.96165e-012 3.96165e-012
8.23 -4.51867e-006 5.88425e-011 -4.83221e-011 3.1805e-012 3.1805e-012
8.24 -4.15054e-006 -2.54964e-011 1.98937e-011 2.64159e-012 2.64159e-012
8.25 -3.81176e-006 1.10512e-011 -1.02182e-011 2.58256e-012 2.58256e-012
8.26 -3.49309e-006 6.29374e-014 -1.06936e-012 2.96049e-012 2.96049e-012
8.27 -3.18535e-006 2.17771e-012 -1.71832e-012 3.43498e-012 3.43498e-012
8.28 -2.88133e-006 -1.32328e-012 7.44893e-013 3.83195e-012 3.83195e-012
8.29 -2.57347e-006 4.90157e-013 -3.38447e-013 4.25509e-012 4.25509e-012
8.3 -2.25353e-006 -2.70077e-011 2.6214e-011 4.68389e-012 4.68389e-012
8.31 -1.91654e-006 7.84836e-011 -5.51996e-011 5.16061e-012 5.16061e-012
8.32 -1.56473e-006 7.48214e-011 -3.45231e-011 5.64568e-012 5.64568e-012
8.33 -1.20071e-006 -2.27226e-011 5.28764e-011 5.69633e-012 5.69633e-012
8.34 -8.26721e-007 5.26551e-011 8.44463e-011 5.28322e-012 5.28322e-012
8.35 -4.49277e-007 9.02435e-011 1.48546e-010 4.79984e-012 4.79984e-012
8.36 -8.27013e-008 8.45915e-011 1.13255e-010 4.32865e-012 4.32865e-012
8.37 2.54968e-007 -3.20535e-011 -4.24967e-011 3.83759e-012 3.83759e-012
8.38 5.44173e-007 1.14816e-011 1.51644e-011 3.5038e-012 3.5038e-012
8.39 7.72099e-007 -4.03885e-012 -5.44171e-012 3.40383e-012 3.40383e-012
8.4 9.32646e-007 1.68563e-012 2.11822e-012 3.47512e-012 3.47512e-012
8.41 1.02074e-006 -6.26229e-013 -8.68351e-013 3.65873e-012 3.65873e-012
8.42 1.03048e-006 2.06929e-013 2.06578e-013 3.90753e-012 3.90753e-012
8.43 9.58857e-007 -1.98456e-011 5.23558e-011 4.20726e-012 4.20726e-012
8.44 8.09005e-007 -1.77369e-010 2.94457e-010 3.71973e-012 3.71973e-012
8.45 5.87452e-007 -2.33775e-010 2.96973e-010 1.78247e-012 1.78247e-012
8.46 3.02285e-007 -1.2626e-009 1.46235e-009 6.33382e-014 6.33382e-014
8.47 -2.07927e-008 -1.12386e-009 1.50644e-009 2.5223e-014 2.5223e-014
8.48 -3.75666e-007 -3.56791e-009 4.34656e-009 3.53444e-013 3.53444e-013
8.49 -7.17992e-007 -1.47022e-009 2.29257e-009 -2.07623e-012 -2.07623e-012
8.5 -1.07013e-006 -3.1539e-009 3.76462e-009 -1.0492e-011 -1.0492e-011
8.51 -1.40264e-006 -1.30009e-009 1.45025e-009 -2.37061e-011 -2.37061e-011
8.52 -1.71846e-006 -1.84226e-010 4.44626e-010 -3.692e-011 -3.692e-011
8.53 -2.00592e-006 -2.28801e-010 1.76094e-010 -4.77909e-011 -4.77909e-011
8.54 -2.24591e-006 -1.79942e-010 3.65008e-010 -5.64705e-011 -5.64705e-011
8.55 -2.4399e-006 -1.83897e-009 2.29123e-009 -6.35649e-011 -6.35649e-011
8.56 -2.57978e-006 -7.83747e-010 6.94875e-010 -6.90091e-011 -6.90091e-011
8.57 -2.68666e-006 2.23182e-010 -2.43124e-010 -7.17176e-011 -7.17176e-011
8.58 -2.77252e-006 -5.61694e-011 1.23267e-010 -7.00595e-011 -7.00595e-011
8.59 -2.83803e-006 6.07446e-011 1.28629e-011 -6.37111e-011 -6.37111e-011
8.6 -2.88908e-006 -2.16269e-011 -5.17399e-012 -5.49433e-011 -5.49433e-011
8.61 -2.93594e-006 9.43533e-012 2.48077e-012 -4.6663e-011 -4.6663e-011
8.62 -2.99557e-006 -2.51171e-012 -6.94927e-013 -4.06802e-011 -4.06802e-011
8.63 -3.08224e-006 3.0592e-012 -6.41629e-013 -3.7651e-011 -3.7651e-011
8.64 -3.2058e-006 -2.69356e-011 3.3032e-012 -3.76411e-011 -3.76411e-011
8.65 -3.3749e-006 -1.02931e-010 1.20698e-011 -4.06035e-011 -4.06035e-011
8.66 -3.59484e-006 3.45588e-012 9.14064e-012 -4.69949e-011 -4.69949e-011
8.67 -3.86777e-006 -2.10325e-010 9.54121e-011 -5.70226e-011 -5.70226e-011
8.68 -4.18358e-006 3.32859e-011 -1.71653e-011 -6.84735e-011 -6.84735e-011
8.69 -4.52866e-006 -1.15965e-010 5.40505e-011 -7.71322e-011 -7.71322e-011
8.7 -4.88514e-006 -1.34807e-010 3.56626e-011 -8.09769e-011 -8.09769e-011
8.71 -5.23896e-006 1.27643e-012 -7.7693e-011 -8.15187e-011 -8.15187e-011
8.72 -5.57057e-006 -2.20819e-012 2.95812e-011 -7.98142e-011 -7.98142e-011
8.73 -5.85128e-006 3.38725e-012 -7.54405e-012 -7.51895e-011 -7.51895e-011
8.74 -6.04894e-006 -1.10373e-012 2.53619e-012 -6.72892e-011 -6.72892e-011
8.75 -6.13897e-006 3.90505e-016 -1.44716e-012 -5.69023e-011 -5.69023e-011
8.76 -6.11086e-006 -2.23422e-013 8.38606e-014 -4.59068e-011 -4.59068e-011
8.77 -5.96553e-006 -6.68424e-013 -2.60018e-012 -3.64493e-011 -3.64493e-011
8.78 -5.70705e-006 -1.70913e-011 -5.46669e-011 -2.95777e-011 -2.95777e-011
8.79 -5.33782e-006 7.06705e-012 2.28191e-011 -2.46452e-011 -2.46452e-011
8.8 -4.86426e-006 -3.24856e-012 -1.19179e-011 -2.02256e-011 -2.02256e-011
8.81 -4.29665e-006 -1.03753e-011 -1.04532e-010 -1.55582e-011 -1.55582e-011
8.82 -3.64906e-006 3.08034e-011 -1.84801e-010 -1.02788e-011 -1.02788e-011
8.83 -2.9514e-006 1.23131e-009 -1.50375e-009 -3.75194e-012 -3.75194e-012
8.84 -2.2195e-006 -4.98631e-009 6.40152e-009 1.90158e-012 1.90158e-012
8.85 -1.49734e-006 -1.89548e-009 1.68004e-009 5.71583e-012 5.71583e-012
8.86 -8.4679e-007 5.63807e-010 -5.05404e-010 1.17839e-011 1.17839e-011
8.87 -2.82558e-007 -2.00895e-010 1.82109e-010 1.96616e-011 1.96616e-011
8.88 1.67252e-007 1.25105e-010 -3.50687e-011 2.43481e-011 2.43481e-011
8.89 5.06178e-007 3.37773e-010 -4.07627e-010 2.51483e-011 2.51483e-011
8.9 7.30405e-007 9.20568e-010 -1.2525e-009 2.48356e-011 2.48356e-011
8.91 8.4336e-007 1.69566e-009 -2.38725e-009 2.40848e-011 2.40848e-011
8.92 8.38229e-007 7.3985e-009 -9.01177e-009 1.88011e-011 1.88011e-011
8.93 7.64494e-007 8.31593e-009 -1.00537e-008 5.50441e-012 5.50441e-012
8.94 6.51076e-007 5.83509e-009 -8.22622e-009 -1.2059e-011 -1.2059e-011
8.95 5.15344e-007 7.08509e-009 -6.47253e-009 -2.6956e-011 -2.6956e-011
8.96 4.29996e-007 4.35961e-009 -4.83601e-009 -3.61154e-011 -3.61154e-011
8.97 4.22091e-007 3.47989e-009 -3.0834e-009 -4.23407e-011 -4.23407e-011
8.98 5.39936e-007 8.26802e-010 6.74424e-010 -4.92164e-011 -4.92164e-011
8.99 8.13716e-007 2.30417e-010 8.70682e-010 -5.4564e-011 -5.4564e-011
9 1.2266e-006 3.12219e-009 -1.34853e-009 -5.7584e-011 -5.7584e-011
9.01 1.80106e-006 6.98926e-010 -2.28931e-010 -6.49404e-011 -6.49404e-011
9.02 2.49831e-006 -4.85364e-010 2.53363e-010 -8.35463e-011 -8.35463e-011
9.03 3.28034e-006 1.69057e-010 -4.88313e-010 -1.13519e-010 -1.13519e-010
9.04 4.09972e-006 3.15579e-009 -3.69041e-009 -1.43274e-010 -1.43274e-010
9.05 4.93904e-006 1.63085e-009 -1.03143e-009 -1.65839e-010 -1.65839e-010
9.06 5.7247e-006 -5.17662e-010 3.98279e-010 -1.91799e-010 -1.91799e-010
9.07 6.38729e-006 1.85143e-010 -1.44386e-010 -2.2491e-010 -2.2491e-010
9.08 6.90276e-006 -6.63724e-011 5.18752e-011 -2.53964e-010 -2.53964e-010
9.09 7.23774e-006 2.40993e-011 -1.83948e-011 -2.69013e-010 -2.69013e-010
9.1 7.38493e-006 -5.78756e-012 1.04064e-011 -2.67223e-010 -2.67223e-010
9.11 7.34308e-006 2.57914e-011 3.90275e-011 -2.5113e-010 -2.5113e-010
9.12 7.1242e-006 -9.32976e-012 -1.39698e-011 -2.25218e-010 -2.25218e-010
9.13 6.74974e-006 3.2662e-012 3.42923e-012 -1.92707e-010 -1.92707e-010
9.14 6.25493e-006 3.22432e-013 9.87766e-013 -1.55051e-010 -1.55051e-010
9.15 5.68674e-006 -1.80403e-012 -1.02733e-011 -1.14482e-010 -1.14482e-010
9.16 5.09724e-006 3.08742e-011 9.34336e-011 -7.58683e-011 -7.58683e-011
9.17 4.52874e-006 3.54787e-012 2.91609e-011 -4.51345e-011 -4.51345e-011
9.18 3.99853e-006 1.099e-011 1.78331e-011 -2.55162e-011 -2.55162e-011
9.19 3.50523e-006 2.69845e-011 2.45172e-010 -1.5081e-011 -1.5081e-011
9.2 3.03705e-006 -3.90206e-011 2.49787e-010 -1.00654e-011 -1.00654e-011
9.21 2.57088e-006 -3.32212e-009 4.24434e-009 -6.91261e-012 -6.91261e-012
9.22 2.10789e-006 -5.26624e-010 -4.91793e-009 -1.178e-012 -1.178e-012
9.23 1.60296e-006 2.53775e-008 -2.36404e-008 8.61187e-012 8.61187e-012
9.24 1.12716e-006 3.22245e-009 1.18184e-009 1.19496e-011 1.19496e-011
9.25 5.05972e-007 -1.03083e-009 -3.83887e-010 -5.84056e-013 -5.84056e-013
9.26 -2.41617e-007 3.40768e-010 9.87006e-011 -1.55645e-011 -1.55645e-011
9.27 -1.12031e-006 -1.25186e-010 -3.95637e-011 -2.02559e-011 -2.02559e-011
9.28 -2.12052e-006 4.49349e-011 1.4132e-011 -2.27457e-011 -2.27457e-011
9.29 -3.21715e-006 -5.13185e-009 3.41038e-009 -3.51597e-011 -3.51597e-011
9.3 -4.34552e-006 -1.4569e-008 1.40446e-008 -6.80173e-011 -6.80173e-011
9.31 -5.40355e-006 -3.0015e-009 4.68194e-009 -1.32055e-010 -1.32055e-010
9.32 -6.40893e-006 -1.82607e-009 2.72828e-009 -2.15933e-010 -2.15933e-010
9.33 -7.26027e-006 -1.45551e-010 6.54394e-010 -2.89579e-010 -2.89579e-010
9.34 -7.93504e-006 -3.18329e-010 1.3326e-010 -3.50165e-010 -3.50165e-010
9.35 -8.38473e-006 -4.96468e-011 1.59171e-010 -4.17531e-010 -4.17531e-010
9.36 -8.59023e-006 -2.88312e-011 1.22959e-010 -4.88739e-010 -4.88739e-010
9.37 -8.54375e-006 -3.73825e-011 1.87096e-011 -5.36065e-010 -5.36065e-010
9.38 -8.26366e-006 -5.15846e-010 1.07097e-009 -5.40986e-010 -5.40986e-010
9.39 -7.7831e-006 -9.7641e-010 1.1317e-009 -5.12707e-010 -5.12707e-010
9.4 -7.15219e-006 -1.26616e-010 -1.83736e-010 -4.70577e-010 -4.70577e-010
9.41 -6.43904e-006 -1.79265e-010 9.99433e-011 -4.20989e-010 -4.20989e-010
9.42 -5.6994e-006 -3.0327e-010 -6.68064e-011 -3.61405e-010 -3.61405e-010
9.43 -4.99215e-006 -9.48313e-011 -9.02299e-012 -2.93963e-010 -2.93963e-010
9.44 -4.37261e-006 2.48761e-011 -4.01372e-012 -2.28647e-010 -2.28647e-010
9.45 -3.88072e-006 -9.38006e-012 1.50179e-012 -1.78064e-010 -1.78064e-010
9.46 -3.5343e-006 2.86495e-012 -6.85597e-013 -1.48402e-010 -1.48402e-010
9.47 -3.32496e-006 -1.57263e-012 -1.83185e-013 -1.35324e-010 -1.35324e-010
9.48 -3.21991e-006 4.1189e-013 3.29673e-013 -1.29165e-010 -1.29165e-010
9.49 -3.17049e-006 -1.02758e-012 -2.10224e-012 -1.22312e-010 -1.22312e-010
9.5 -3.12345e-006 -1.56197e-011 -4.82656e-011 -1.11056e-010 -1.11056e-010
9.51 -3.0323e-006 6.30047e-012 2.09608e-011 -9.23658e-011 -9.23658e-011
9.52 -2.90509e-006 9.71851e-009 -1.33412e-008 -5.60767e-011 -5.60767e-011
9.53 -2.66759e-006 2.34003e-009 7.12363e-010 5.86412e-012 5.86412e-012
9.54 -2.13464e-006 -7.41148e-009 8.22542e-009 7.10721e-011 7.10721e-011
9.55 -1.51316e-006 2.69655e-009 -2.90437e-009 1.06249e-010 1.06249e-010
9.56 -6.95287e-007 -9.72035e-010 1.03747e-009 1.10885e-010 1.10885e-010
9.57 2.97165e-007 3.49135e-010 -3.71726e-010 1.01446e-010 1.01446e-010
9.58 1.42902e-006 -1.25198e-010 1.34024e-010 7.83866e-011 7.83866e-011
9.59 2.65674e-006 4.47071e-011 -4.81542e-011 2.99855e-011 2.99855e-011
9.6 3.93502e-006 -1.64229e-011 1.69732e-011 -4.80828e-011 -4.80828e-011
9.61 5.21406e-006 5.8337e-012 -5.80669e-012 -1.44071e-010 -1.44071e-010
9.62 6.43727e-006 8.78925e-011 5.54076e-011 -2.37149e-010 -2.37149e-010
9.63 7.44491e-006 1.70133e-008 -4.6981e-009 -3.22078e-010 -3.22078e-010
9.64 8.22433e-006 2.67809e-008 -2.94868e-008 -4.53295e-010 -4.53295e-010
9.65 9.07832e-006 -3.34777e-009 -1.3995e-009 -6.47072e-010 -6.47072e-010
9.66 9.60253e-006 1.72477e-009 1.30197e-010 -7.94833e-010 -7.94833e-010
9.67 9.95692e-006 1.32698e-011 3.33567e-009 -8.42386e-010 -8.42386e-010
9.68 1.0124e-005 -7.60449e-010 8.0073e-010 -8.57989e-010 -8.57989e-010
9.69 1.01574e-005 2.3434e-009 -4.42847e-010 -8.93527e-010 -8.93527e-010
9.7 1.00342e-005 4.09758e-012 6.70164e-010 -9.18274e-010 -9.18274e-010
9.71 9.80606e-006 -8.01985e-011 -4.05991e-010 -8.70453e-010 -8.70453e-010
9.72 9.50326e-006 -4.93861e-010 3.46239e-010 -7.43458e-010 -7.43458e-010
9.73 9.16716e-006 2.08775e-010 -1.29918e-010 -5.91077e-010 -5.91077e-010
9.74 8.79603e-006 1.75603e-009 6.85394e-010 -4.67424e-010 -4.67424e-010
9.75 8.44326e-006 1.53332e-009 -7.87531e-010 -3.90417e-010 -3.90417e-010
9.76 8.10719e-006 -4.66922e-010 -1.37819e-010 -3.44884e-010 -3.44884e-010
9.77 7.75306e-006 1.63751e-010 4.91973e-011 -3.14692e-010 -3.14692e-010
9.78 7.3818e-006 -6.18557e-011 -2.22302e-011 -3.1277e-010 -3.1277e-010
9.79 6.95149e-006 1.28096e-011 -1.09321e-011 -3.61915e-010 -3.61915e-010
9.8 6.44105e-006 -6.44175e-012 -2.00944e-012 -4.57406e-010 -4.57406e-010
9.81 5.8336e-006 -4.7061e-012 -3.79187e-011 -5.63264e-010 -5.63264e-010
9.82 5.12339e-006 -1.15828e-011 -3.43769e-011 -6.39173e-010 -6.39173e-010
9.83 4.31266e-006 -6.96064e-011 -2.77068e-010 -6.66054e-010 -6.66054e-010
9.84 3.40991e-006 -5.93602e-011 -1.66865e-010 -6.46242e-010 -6.46242e-010
9.85 2.42747e-006 2.81834e-011 5.96075e-011 -5.85266e-010 -5.85266e-010
9.86 1.38813e-006 -1.6227e-011 -3.65646e-011 -4.82532e-010 -4.82532e-010
9.87 3.30971e-007 5.37211e-012 1.24047e-011 -3.40676e-010 -3.40676e-010
9.88 -6.92943e-007 -1.57799e-012 -4.00797e-012 -1.75679e-010 -1.75679e-010
9.89 -1.62882e-006 4.91429e-013 1.72606e-012 -1.32008e-011 -1.32008e-011
9.9 -2.42599e-006 -7.50057e-013 -9.22403e-013 1.23999e-010 1.23999e-010
9.91 -3.03998e-006 -1.75959e-013 1.45549e-013 2.24439e-010 2.24439e-010
9.92 -3.43074e-006 4.07724e-011 3.70907e-011 2.86453e-010 2.86453e-010
9.93 -3.56987e-006 -3.72614e-010 4.27712e-010 3.11311e-010 3.11311e-010
9.94 -3.4653e-006 -9.67686e-009 9.50325e-009 2.89814e-010 2.89814e-010
9.95 -3.13801e-006 -5.12208e-009 8.09117e-009 2.16064e-010 2.16064e-010
9.96 -2.68458e-006 3.52767e-008 -4.13045e-008 9.60112e-011 9.60112e-011
9.97 -1.79271e-006 5.63422e-009 -1.01946e-008 -4.84625e-011 -4.84625e-011
9.98 -8.79542e-007 -2.13063e-009 3.50471e-009 -1.64285e-010 -1.64285e-010
9.99 1.92464e-008 7.68118e-010 -1.25426e-009 -2.26432e-010 -2.26432e-010
10 9.3022e-007 -2.75491e-010 4.50844e-010 -2.60508e-010 -2.60508e-010
