0.1 0 0 0 0 0
0.2 0 0 0 0 0
0.3 0 0 0 0 0
0.4 0 0 0 0 0
0.5 0 0 0 0 0
0.6 0 0 0 0 0
0.7 0 0 0 0 0
0.8 0 0 0 0 0
0.9 0 0 0 0 0
1 0 0 0 0 0
0.01 1.90038e-011 -1.87753e-009 2.31498e-009 -1.8997e-027 -1.8997e-027
0.02 8.43887e-011 -7.16903e-009 8.99211e-009 3.30453e-020 3.30453e-020
0.03 1.66656e-010 -1.33155e-008 1.69251e-008 3.17178e-019 3.17178e-019
0.04 1.7858e-010 -1.81633e-008 2.28902e-008 1.34097e-018 1.34097e-018
0.05 3.32784e-011 -2.1876e-008 2.63176e-008 3.39348e-018 3.39348e-018
0.06 -3.29669e-010 -2.45824e-008 2.69816e-008 5.96092e-018 5.96092e-018
0.07 -9.4068e-010 -2.62868e-008 2.49607e-008 6.32569e-018 6.32569e-018
0.08 -1.80028e-009 -2.69242e-008 2.06496e-008 -1.10958e-018 -1.10958e-018
0.09 -2.88766e-009 -2.64382e-008 1.465e-008 -1.5645e-017 -1.5645e-017
0.1 -4.1762e-009 -2.4853e-008 7.5797e-009 -2.87001e-017 -2.87001e-017
0.11 -5.6423e-009 -2.23149e-008 -5.51528e-011 -3.97182e-017 -3.97182e-017
0.12 -7.27088e-009 -1.90978e-008 -7.9364e-009 -5.61255e-017 -5.61255e-017
0.13 -9.06348e-009 -1.55934e-008 -1.59762e-008 -8.06502e-017 -8.06502e-017
0.14 -1.10343e-008 -1.2267e-008 -2.42163e-008 -1.10597e-016 -1.10597e-016
0.15 -1.31904e-008 -9.56008e-009 -3.26133e-008 -1.41879e-016 -1.41879e-016
0.16 -1.55134e-008 -7.73633e-009 -4.09401e-008 -1.67888e-016 -1.67888e-016
0.17 -1.79623e-008 -6.79559e-009 -4.88902e-008 -1.79596e-016 -1.79596e-016
0.18 -2.04974e-008 -6.52081e-009 -5.63079e-008 -1.69625e-016 -1.69625e-016
0.19 -2.31036e-008 -6.54356e-009 -6.34106e-008 -1.33908e-016 -1.33908e-016
0.2 -2.57897e-008 -6.42317e-009 -7.07433e-008 -6.99398e-017 -6.99398e-017
0.21 -2.8564e-008 -5.70314e-009 -7.89093e-008 2.21684e-017 2.21684e-017
0.22 -3.14099e-008 -3.90534e-009 -8.83635e-008 1.31947e-016 1.31947e-016
0.23 -3.42863e-008 -6.44963e-010 -9.93324e-008 2.39882e-016 2.39882e-016
0.24 -3.71455e-008 4.19986e-009 -1.11828e-007 3.29299e-016 3.29299e-016
0.25 -3.99415e-008 1.04335e-008 -1.25659e-007 3.87772e-016 3.87772e-016
0.26 -4.26178e-008 1.77041e-008 -1.40443e-007 4.02504e-016 4.02504e-016
0.27 -4.50885e-008 2.58579e-008 -1.55782e-007 3.62153e-016 3.62153e-016
0.28 -4.72543e-008 3.49761e-008 -1.71428e-007 2.62217e-016 2.62217e-016
0.29 -4.90574e-008 4.49346e-008 -1.87288e-007 1.09192e-016 1.09192e-016
0.3 -5.05107e-008 5.51844e-008 -2.03355e-007 -7.73708e-017 -7.73708e-017
0.31 -5.16462e-008 6.51894e-008 -2.19549e-007 -2.63014e-016 -2.63014e-016
0.32 -5.24724e-008 7.46738e-008 -2.35495e-007 -4.04152e-016 -4.04152e-016
0.33 -5.30008e-008 8.33521e-008 -2.50489e-007 -4.61006e-016 -4.61006e-016
0.34 -5.32728e-008 9.09624e-008 -2.63878e-007 -4.05998e-016 -4.05998e-016
0.35 -5.33755e-008 9.74419e-008 -2.75507e-007 -2.27514e-016 -2.27514e-016
0.36 -5.34404e-008 1.02852e-007 -2.85705e-007 8.01499e-017 8.01499e-017
0.37 -5.35894e-008 1.07356e-007 -2.94799e-007 5.09807e-016 5.09807e-016
0.38 -5.38647e-008 1.11315e-007 -3.02665e-007 1.01381e-015 1.01381e-015
0.39 -5.42411e-008 1.15141e-007 -3.08877e-007 1.52107e-015 1.52107e-015
0.4 -5.47057e-008 1.19005e-007 -3.13316e-007 1.96375e-015 1.96375e-015
0.41 -5.5273e-008 1.22902e-007 -3.16435e-007 2.27285e-015 2.27285e-015
0.42 -5.59348e-008 1.26832e-007 -3.18881e-007 2.39715e-015 2.39715e-015
0.43 -5.66109e-008 1.3087e-007 -3.20982e-007 2.33746e-015 2.33746e-015
0.44 -5.71357e-008 1.35231e-007 -3.22594e-007 2.12296e-015 2.12296e-015
0.45 -5.73346e-008 1.40018e-007 -3.23517e-007 1.78343e-015 1.78343e-015
0.46 -5.70895e-008 1.45127e-007 -3.23926e-007 1.37244e-015 1.37244e-015
0.47 -5.63113e-008 1.50459e-007 -3.24178e-007 9.60773e-016 9.60773e-016
0.48 -5.49267e-008 1.55723e-007 -3.24282e-007 6.26864e-016 6.26864e-016
0.49 -5.28936e-008 1.60336e-007 -3.23788e-007 4.6773e-016 4.6773e-016
0.5 -5.01815e-008 1.63967e-007 -3.22123e-007 5.4899e-016 5.4899e-016
0.51 -4.67729e-008 1.66665e-007 -3.18768e-007 8.56584e-016 8.56584e-016
0.52 -4.26983e-008 1.68316e-007 -3.13088e-007 1.25624e-015 1.25624e-015
0.53 -3.79963e-008 1.68834e-007 -3.04329e-007 1.59946e-015 1.59946e-015
0.54 -3.26911e-008 1.68762e-007 -2.92268e-007 1.89515e-015 1.89515e-015
0.55 -2.68621e-008 1.68958e-007 -2.77729e-007 2.16182e-015 2.16182e-015
0.56 -2.06805e-008 1.69485e-007 -2.61749e-007 2.30027e-015 2.30027e-015
0.57 -1.43628e-008 1.69013e-007 -2.44343e-007 2.22388e-015 2.22388e-015
0.58 -8.10902e-009 1.65873e-007 -2.24871e-007 1.95335e-015 1.95335e-015
0.59 -2.0468e-009 1.59833e-007 -2.03371e-007 1.58016e-015 1.58016e-015
0.6 3.76009e-009 1.52349e-007 -1.80989e-007 1.20446e-015 1.20446e-015
0.61 9.20185e-009 1.4487e-007 -1.59321e-007 9.09654e-016 9.09654e-016
0.62 1.41055e-008 1.37734e-007 -1.39426e-007 7.30293e-016 7.30293e-016
0.63 1.84492e-008 1.31624e-007 -1.21484e-007 6.6686e-016 6.6686e-016
0.64 2.24171e-008 1.28133e-007 -1.05156e-007 7.28418e-016 7.28418e-016
0.65 2.60988e-008 1.27177e-007 -8.98598e-008 9.11546e-016 9.11546e-016
0.66 2.93898e-008 1.26601e-007 -7.51856e-008 1.16726e-015 1.16726e-015
0.67 3.22261e-008 1.24932e-007 -6.13018e-008 1.42626e-015 1.42626e-015
0.68 3.47264e-008 1.22254e-007 -4.82309e-008 1.63604e-015 1.63604e-015
0.69 3.71051e-008 1.18919e-007 -3.51638e-008 1.76236e-015 1.76236e-015
0.7 3.95304e-008 1.15023e-007 -2.13275e-008 1.79025e-015 1.79025e-015
0.71 4.20482e-008 1.10676e-007 -7.03049e-009 1.72524e-015 1.72524e-015
0.72 4.45068e-008 1.05427e-007 6.41698e-009 1.59993e-015 1.59993e-015
0.73 4.66158e-008 9.80286e-008 1.78955e-008 1.46284e-015 1.46284e-015
0.74 4.81643e-008 8.72343e-008 2.80025e-008 1.34279e-015 1.34279e-015
0.75 4.90913e-008 7.2598e-008 3.87749e-008 1.26282e-015 1.26282e-015
0.76 4.93416e-008 5.48839e-008 5.14102e-008 1.24429e-015 1.24429e-015
0.77 4.88201e-008 3.61371e-008 6.51893e-008 1.28072e-015 1.28072e-015
0.78 4.75305e-008 1.94142e-008 7.85418e-008 1.32937e-015 1.32937e-015
0.79 4.55894e-008 7.27085e-009 9.03399e-008 1.32332e-015 1.32332e-015
0.8 4.31104e-008 1.78641e-010 1.00235e-007 1.26703e-015 1.26703e-015
0.81 4.01819e-008 -2.81743e-009 1.07808e-007 1.25274e-015 1.25274e-015
0.82 3.68973e-008 -2.76736e-009 1.11869e-007 1.31471e-015 1.31471e-015
0.83 3.34169e-008 -6.14432e-010 1.11474e-007 1.3926e-015 1.3926e-015
0.84 3.00484e-008 2.82201e-009 1.07264e-007 1.37419e-015 1.37419e-015
0.85 2.72526e-008 7.64866e-009 1.00863e-007 1.2388e-015 1.2388e-015
0.86 2.55374e-008 1.47309e-008 9.39538e-008 1.15153e-015 1.15153e-015
0.87 2.51727e-008 2.28514e-008 8.86391e-008 1.22237e-015 1.22237e-015
0.88 2.60934e-008 2.85973e-008 8.68368e-008 1.37684e-015 1.37684e-015
0.89 2.81969e-008 3.08713e-008 8.84718e-008 1.499e-015 1.499e-015
0.9 3.14964e-008 3.24665e-008 9.12719e-008 1.55657e-015 1.55657e-015
0.91 3.59838e-008 3.63965e-008 9.32672e-008 1.59912e-015 1.59912e-015
0.92 4.14849e-008 4.18144e-008 9.56167e-008 1.65532e-015 1.65532e-015
0.93 4.77479e-008 4.52748e-008 1.01902e-007 1.66397e-015 1.66397e-015
0.94 5.4589e-008 4.57853e-008 1.13738e-007 1.58123e-015 1.58123e-015
0.95 6.17136e-008 4.59695e-008 1.27543e-007 1.43607e-015 1.43607e-015
0.96 6.86447e-008 4.91853e-008 1.36999e-007 1.19542e-015 1.19542e-015
0.97 7.4952e-008 5.62656e-008 1.39047e-007 8.44549e-016 8.44549e-016
0.98 8.03084e-008 6.45064e-008 1.35723e-007 5.29333e-016 5.29333e-016
0.99 8.45445e-008 7.16935e-008 1.30154e-007 3.59573e-016 3.59573e-016
1 8.76365e-008 7.89382e-008 1.22946e-007 2.56152e-016 2.56152e-016
1.01 8.93126e-008 8.70433e-008 1.12208e-007 1.49651e-016 1.49651e-016
1.02 8.9137e-008 9.49471e-008 9.62133e-008 1.20293e-016 1.20293e-016
1.03 8.72841e-008 1.03453e-007 7.67343e-008 2.56397e-016 2.56397e-016
1.04 8.46669e-008 1.15538e-007 5.9146e-008 5.22749e-016 5.22749e-016
1.05 8.20352e-008 1.31567e-007 4.80118e-008 8.34138e-016 8.34138e-016
1.06 7.94521e-008 1.47656e-007 4.37497e-008 1.14445e-015 1.14445e-015
1.07 7.67934e-008 1.60028e-007 4.37115e-008 1.36184e-015 1.36184e-015
1.08 7.43391e-008 1.69353e-007 4.43654e-008 1.36897e-015 1.36897e-015
1.09 7.26087e-008 1.78054e-007 4.34924e-008 1.15508e-015 1.15508e-015
1.1 7.18111e-008 1.84371e-007 4.19209e-008 7.75929e-016 7.75929e-016
1.11 7.19559e-008 1.84686e-007 4.24414e-008 2.95874e-016 2.95874e-016
1.12 7.33776e-008 1.80808e-007 4.67182e-008 -1.74359e-016 -1.74359e-016
1.13 7.64724e-008 1.79169e-007 5.28509e-008 -5.87671e-016 -5.87671e-016
1.14 8.08668e-008 1.83045e-007 5.52957e-008 -1.07595e-015 -1.07595e-015
1.15 8.57429e-008 1.92785e-007 4.78791e-008 -1.64909e-015 -1.64909e-015
1.16 9.07668e-008 2.10128e-007 2.82191e-008 -2.02396e-015 -2.02396e-015
1.17 9.60175e-008 2.34655e-007 6.71781e-010 -1.92511e-015 -1.92511e-015
1.18 1.01724e-007 2.62492e-007 -2.55198e-008 -1.48754e-015 -1.48754e-015
1.19 1.07965e-007 2.89285e-007 -4.31483e-008 -1.05542e-015 -1.05542e-015
1.2 1.14293e-007 3.11236e-007 -5.17894e-008 -6.35812e-016 -6.35812e-016
1.21 1.19987e-007 3.2612e-007 -5.57258e-008 -1.7369e-016 -1.7369e-016
1.22 1.24402e-007 3.33327e-007 -5.94925e-008 2.53771e-016 2.53771e-016
1.23 1.27062e-007 3.33219e-007 -6.56624e-008 6.33167e-016 6.33167e-016
1.24 1.27782e-007 3.27797e-007 -7.4365e-008 9.46554e-016 9.46554e-016
1.25 1.26837e-007 3.21655e-007 -8.3894e-008 1.07756e-015 1.07756e-015
1.26 1.24703e-007 3.19883e-007 -9.23346e-008 8.81559e-016 8.81559e-016
1.27 1.21711e-007 3.24501e-007 -9.82916e-008 4.87451e-016 4.87451e-016
1.28 1.18121e-007 3.34597e-007 -1.00856e-007 1.69189e-016 1.69189e-016
1.29 1.14151e-007 3.47002e-007 -9.97474e-008 -7.53649e-017 -7.53649e-017
1.3 1.10081e-007 3.57807e-007 -9.48916e-008 -4.44287e-016 -4.44287e-016
1.31 1.06634e-007 3.66847e-007 -8.66552e-008 -1.15147e-015 -1.15147e-015
1.32 1.04631e-007 3.76833e-007 -7.75152e-008 -2.16333e-015 -2.16333e-015
1.33 1.0426e-007 3.88068e-007 -7.24368e-008 -2.91698e-015 -2.91698e-015
1.34 1.05578e-007 4.01103e-007 -7.58901e-008 -2.89982e-015 -2.89982e-015
1.35 1.09401e-007 4.20236e-007 -8.67937e-008 -2.30924e-015 -2.30924e-015
1.36 1.16673e-007 4.46061e-007 -9.72421e-008 -1.58317e-015 -1.58317e-015
1.37 1.27281e-007 4.70544e-007 -9.90849e-008 -8.22367e-016 -8.22367e-016
1.38 1.39888e-007 4.82734e-007 -9.12659e-008 -3.80585e-017 -3.80585e-017
1.39 1.52577e-007 4.77047e-007 -8.08152e-008 7.71119e-016 7.71119e-016
1.4 1.63562e-007 4.55882e-007 -7.7247e-008 1.53623e-015 1.53623e-015
1.41 1.71712e-007 4.23913e-007 -8.21336e-008 1.965e-015 1.965e-015
1.42 1.7688e-007 3.86094e-007 -8.5674e-008 2.0171e-015 2.0171e-015
1.43 1.79568e-007 3.50772e-007 -7.74292e-008 1.96522e-015 1.96522e-015
1.44 1.79632e-007 3.24217e-007 -5.66905e-008 1.72767e-015 1.72767e-015
1.45 1.75639e-007 3.0365e-007 -3.19502e-008 1.00272e-015 1.00272e-015
1.46 1.65888e-007 2.80642e-007 -1.29251e-008 6.7048e-017 6.7048e-017
1.47 1.50042e-007 2.48958e-007 -7.4983e-010 -6.26198e-016 -6.26198e-016
1.48 1.29357e-007 2.0597e-007 1.3916e-008 -9.89462e-016 -9.89462e-016
1.49 1.05071e-007 1.47611e-007 4.09826e-008 -1.01804e-015 -1.01804e-015
1.5 7.7749e-008 7.11463e-008 8.16877e-008 -7.16044e-016 -7.16044e-016
1.51 4.88022e-008 -1.26192e-008 1.2986e-007 -1.96707e-016 -1.96707e-016
1.52 2.12936e-008 -7.98099e-008 1.78849e-007 3.25179e-016 3.25179e-016
1.53 -1.74802e-009 -1.15167e-007 2.26598e-007 1.03227e-015 1.03227e-015
1.54 -1.8992e-008 -1.2562e-007 2.74319e-007 2.62857e-015 2.62857e-015
1.55 -3.02429e-008 -1.27899e-007 3.21512e-007 5.37611e-015 5.37611e-015
1.56 -3.52516e-008 -1.33816e-007 3.65592e-007 8.68464e-015 8.68464e-015
1.57 -3.37326e-008 -1.48932e-007 4.04032e-007 1.16842e-014 1.16842e-014
1.58 -2.61094e-008 -1.75756e-007 4.33364e-007 1.39394e-014 1.39394e-014
1.59 -1.383e-008 -2.15324e-007 4.49162e-007 1.537e-014 1.537e-014
1.6 8.27028e-010 -2.69262e-007 4.50554e-007 1.57048e-014 1.57048e-014
1.61 1.57816e-008 -3.37809e-007 4.46239e-007 1.46678e-014 1.46678e-014
1.62 3.01309e-008 -4.12315e-007 4.5094e-007 1.20252e-014 1.20252e-014
1.63 4.35353e-008 -4.71959e-007 4.68654e-007 7.40353e-015 7.40353e-015
1.64 5.52898e-008 -4.91611e-007 4.85336e-007 1.16376e-015 1.16376e-015
1.65 6.42608e-008 -4.59916e-007 4.85099e-007 -5.03858e-015 -5.03858e-015
1.66 6.93309e-008 -3.89454e-007 4.67853e-007 -1.01502e-014 -1.01502e-014
1.67 7.06087e-008 -3.06193e-007 4.47865e-007 -1.47912e-014 -1.47912e-014
1.68 6.92046e-008 -2.313e-007 4.38956e-007 -1.8331e-014 -1.8331e-014
1.69 6.65546e-008 -1.7325e-007 4.42456e-007 -1.83584e-014 -1.83584e-014
1.7 6.404e-008 -1.31424e-007 4.50682e-007 -1.45542e-014 -1.45542e-014
1.71 6.36042e-008 -9.83056e-008 4.58181e-007 -8.86561e-015 -8.86561e-015
1.72 6.78142e-008 -6.04434e-008 4.62931e-007 -2.74187e-015 -2.74187e-015
1.73 7.82728e-008 -7.74756e-009 4.60717e-007 2.56714e-015 2.56714e-015
1.74 9.46242e-008 5.81618e-008 4.44431e-007 5.76507e-015 5.76507e-015
1.75 1.15292e-007 1.28828e-007 4.076e-007 6.65267e-015 6.65267e-015
1.76 1.38462e-007 1.96699e-007 3.471e-007 5.38086e-015 5.38086e-015
1.77 1.61933e-007 2.53877e-007 2.64689e-007 2.12902e-015 2.12902e-015
1.78 1.83006e-007 2.89565e-007 1.68874e-007 -2.44178e-015 -2.44178e-015
1.79 1.99744e-007 3.00328e-007 7.39002e-008 -7.27201e-015 -7.27201e-015
1.8 2.11653e-007 3.00077e-007 -9.29558e-009 -1.10551e-014 -1.10551e-014
1.81 2.1835e-007 3.10237e-007 -8.1546e-008 -1.319e-014 -1.319e-014
1.82 2.18821e-007 3.44401e-007 -1.50809e-007 -1.40166e-014 -1.40166e-014
1.83 2.12272e-007 4.03701e-007 -2.21243e-007 -1.31543e-014 -1.31543e-014
1.84 1.99018e-007 4.80793e-007 -2.88529e-007 -6.53889e-015 -6.53889e-015
1.85 1.80516e-007 5.6315e-007 -3.42581e-007 6.72118e-015 6.72118e-015
1.86 1.5847e-007 6.3392e-007 -3.75117e-007 1.71441e-014 1.71441e-014
1.87 1.34917e-007 6.84343e-007 -3.86858e-007 1.85201e-014 1.85201e-014
1.88 1.13901e-007 7.30611e-007 -3.87235e-007 1.50644e-014 1.50644e-014
1.89 1.00498e-007 7.99307e-007 -3.87457e-007 1.06126e-014 1.06126e-014
1.9 9.69092e-008 8.88726e-007 -3.94517e-007 3.44537e-015 3.44537e-015
1.91 1.01653e-007 9.65523e-007 -4.10078e-007 -9.97287e-015 -9.97287e-015
1.92 1.12462e-007 9.98881e-007 -4.32481e-007 -2.80793e-014 -2.80793e-014
1.93 1.27173e-007 9.77374e-007 -4.60596e-007 -4.29594e-014 -4.29594e-014
1.94 1.42338e-007 9.01482e-007 -4.96212e-007 -5.0119e-014 -5.0119e-014
1.95 1.53688e-007 7.79016e-007 -5.41218e-007 -5.2136e-014 -5.2136e-014
1.96 1.57615e-007 6.30207e-007 -5.94455e-007 -4.80057e-014 -4.80057e-014
1.97 1.51931e-007 4.86611e-007 -6.51714e-007 -3.32209e-014 -3.32209e-014
1.98 1.35073e-007 3.73434e-007 -7.06771e-007 -9.68397e-015 -9.68397e-015
1.99 1.05005e-007 2.95164e-007 -7.53702e-007 1.49021e-014 1.49021e-014
2 6.00132e-008 2.39472e-007 -7.87624e-007 3.30464e-014 3.30464e-014
2.01 1.87516e-010 1.90008e-007 -8.02619e-007 4.10767e-014 4.10767e-014
2.02 -7.16024e-008 1.37037e-007 -7.90765e-007 3.94821e-014 3.94821e-014
2.03 -1.50515e-007 7.62628e-008 -7.4526e-007 3.14965e-014 3.14965e-014
2.04 -2.31439e-007 3.79337e-009 -6.66902e-007 1.99851e-014 1.99851e-014
2.05 -3.08877e-007 -7.57738e-008 -5.66821e-007 5.33441e-015 5.33441e-015
2.06 -3.76743e-007 -1.48461e-007 -4.605e-007 -1.17753e-014 -1.17753e-014
2.07 -4.30516e-007 -2.12318e-007 -3.59537e-007 -2.76313e-014 -2.76313e-014
2.08 -4.68637e-007 -2.86129e-007 -2.68879e-007 -3.71777e-014 -3.71777e-014
2.09 -4.9139e-007 -3.90703e-007 -1.89848e-007 -3.80672e-014 -3.80672e-014
2.1 -4.99685e-007 -5.29506e-007 -1.25261e-007 -3.16171e-014 -3.16171e-014
2.11 -4.9519e-007 -6.89623e-007 -7.95849e-008 -2.05355e-014 -2.05355e-014
2.12 -4.81306e-007 -8.58946e-007 -5.40972e-008 -7.32563e-015 -7.32563e-015
2.13 -4.63349e-007 -1.03368e-006 -4.53804e-008 6.71942e-015 6.71942e-015
2.14 -4.47027e-007 -1.21014e-006 -4.66412e-008 1.79325e-014 1.79325e-014
2.15 -4.36732e-007 -1.37661e-006 -4.88168e-008 1.81298e-014 1.81298e-014
2.16 -4.34809e-007 -1.51219e-006 -4.38401e-008 3.44089e-015 3.44089e-015
2.17 -4.42603e-007 -1.59973e-006 -2.92525e-008 -2.08837e-014 -2.08837e-014
2.18 -4.62488e-007 -1.64475e-006 -9.92199e-009 -4.81538e-014 -4.81538e-014
2.19 -4.96479e-007 -1.66761e-006 7.88275e-009 -7.55105e-014 -7.55105e-014
2.2 -5.42376e-007 -1.67455e-006 2.50541e-008 -9.77085e-014 -9.77085e-014
2.21 -5.93841e-007 -1.65578e-006 4.94668e-008 -1.0465e-013 -1.0465e-013
2.22 -6.44049e-007 -1.60781e-006 8.8812e-008 -9.78342e-014 -9.78342e-014
2.23 -6.87387e-007 -1.54134e-006 1.44557e-007 -8.59857e-014 -8.59857e-014
2.24 -7.19371e-007 -1.47042e-006 2.09619e-007 -6.3606e-014 -6.3606e-014
2.25 -7.36329e-007 -1.40353e-006 2.70686e-007 -2.7092e-014 -2.7092e-014
2.26 -7.36186e-007 -1.34785e-006 3.13389e-007 9.67008e-015 9.67008e-015
2.27 -7.18433e-007 -1.30771e-006 3.27131e-007 3.06463e-014 3.06463e-014
2.28 -6.82837e-007 -1.2746e-006 3.09018e-007 3.247e-014 3.247e-014
2.29 -6.29951e-007 -1.23402e-006 2.63749e-007 2.16614e-014 2.16614e-014
2.3 -5.62645e-007 -1.17992e-006 1.99078e-007 4.02656e-015 4.02656e-015
2.31 -4.85362e-007 -1.11123e-006 1.23423e-007 -1.72013e-014 -1.72013e-014
2.32 -4.02484e-007 -1.02408e-006 4.64357e-008 -3.93818e-014 -3.93818e-014
2.33 -3.18197e-007 -9.15054e-007 -2.27792e-008 -5.94135e-014 -5.94135e-014
2.34 -2.36835e-007 -7.85602e-007 -7.96626e-008 -7.24674e-014 -7.24674e-014
2.35 -1.62379e-007 -6.40297e-007 -1.24756e-007 -7.38225e-014 -7.38225e-014
2.36 -9.74976e-008 -4.82794e-007 -1.60343e-007 -6.28678e-014 -6.28678e-014
2.37 -4.34924e-008 -3.17922e-007 -1.87591e-007 -4.40432e-014 -4.40432e-014
2.38 -1.74448e-010 -1.50477e-007 -2.05732e-007 -2.34169e-014 -2.34169e-014
2.39 3.5348e-008 2.57914e-008 -2.1216e-007 -5.53747e-015 -5.53747e-015
2.4 6.7984e-008 2.22014e-007 -2.01585e-007 6.92165e-015 6.92165e-015
2.41 1.02864e-007 4.37347e-007 -1.65566e-007 1.26191e-014 1.26191e-014
2.42 1.44692e-007 6.62308e-007 -9.8484e-008 1.04574e-014 1.04574e-014
2.43 1.96435e-007 8.82754e-007 -8.31233e-009 -5.77463e-016 -5.77463e-016
2.44 2.57608e-007 1.074e-006 8.21169e-008 -2.14475e-014 -2.14475e-014
2.45 3.26163e-007 1.21303e-006 1.49811e-007 -5.06576e-014 -5.06576e-014
2.46 4.01569e-007 1.30022e-006 1.86803e-007 -7.98255e-014 -7.98255e-014
2.47 4.84293e-007 1.35608e-006 2.00179e-007 -1.00718e-013 -1.00718e-013
2.48 5.73241e-007 1.39981e-006 2.0195e-007 -1.12323e-013 -1.12323e-013
2.49 6.64426e-007 1.43751e-006 2.01213e-007 -1.15785e-013 -1.15785e-013
2.5 7.51723e-007 1.4633e-006 2.03216e-007 -1.10873e-013 -1.10873e-013
2.51 8.28433e-007 1.46859e-006 2.10022e-007 -9.78436e-014 -9.78436e-014
2.52 8.884e-007 1.45065e-006 2.19122e-007 -8.12934e-014 -8.12934e-014
2.53 9.26787e-007 1.4127e-006 2.25972e-007 -6.67741e-014 -6.67741e-014
2.54 9.40984e-007 1.36431e-006 2.29186e-007 -5.4838e-014 -5.4838e-014
2.55 9.31073e-007 1.32041e-006 2.31492e-007 -4.58647e-014 -4.58647e-014
2.56 8.99117e-007 1.29319e-006 2.37352e-007 -4.34867e-014 -4.34867e-014
2.57 8.48172e-007 1.28531e-006 2.493e-007 -4.78491e-014 -4.78491e-014
2.58 7.81752e-007 1.28887e-006 2.66062e-007 -5.50479e-014 -5.50479e-014
2.59 7.03813e-007 1.28773e-006 2.85965e-007 -6.42989e-014 -6.42989e-014
2.6 6.18931e-007 1.26399e-006 3.09752e-007 -7.5298e-014 -7.5298e-014
2.61 5.32087e-007 1.2071e-006 3.36497e-007 -8.44885e-014 -8.44885e-014
2.62 4.48008e-007 1.11806e-006 3.59336e-007 -8.88905e-014 -8.88905e-014
2.63 3.70781e-007 1.00565e-006 3.70291e-007 -8.77879e-014 -8.77879e-014
2.64 3.03064e-007 8.73599e-007 3.69211e-007 -8.17046e-014 -8.17046e-014
2.65 2.44823e-007 7.10245e-007 3.64478e-007 -7.2043e-014 -7.2043e-014
2.66 1.93835e-007 5.02452e-007 3.63275e-007 -6.1136e-014 -6.1136e-014
2.67 1.47058e-007 2.56142e-007 3.61095e-007 -5.16889e-014 -5.16889e-014
2.68 1.01106e-007 -4.39395e-009 3.4297e-007 -4.57665e-014 -4.57665e-014
2.69 5.2426e-008 -2.53428e-007 2.97509e-007 -4.43043e-014 -4.43043e-014
2.7 -2.75926e-009 -4.81189e-007 2.28243e-007 -4.71641e-014 -4.71641e-014
2.71 -6.76757e-008 -6.91941e-007 1.52574e-007 -5.33881e-014 -5.33881e-014
2.72 -1.43186e-007 -8.85019e-007 9.17542e-008 -6.17167e-014 -6.17167e-014
2.73 -2.27532e-007 -1.04523e-006 5.67198e-008 -7.0509e-014 -7.0509e-014
2.74 -3.18669e-007 -1.15799e-006 3.83729e-008 -7.75926e-014 -7.75926e-014
2.75 -4.15918e-007 -1.22894e-006 1.53862e-008 -8.12002e-014 -8.12002e-014
2.76 -5.17717e-007 -1.27699e-006 -2.43086e-008 -8.07548e-014 -8.07548e-014
2.77 -6.19916e-007 -1.31797e-006 -7.64585e-008 -7.67492e-014 -7.67492e-014
2.78 -7.17839e-007 -1.36225e-006 -1.35885e-007 -7.0365e-014 -7.0365e-014
2.79 -8.07616e-007 -1.41244e-006 -2.05792e-007 -6.60694e-014 -6.60694e-014
2.8 -8.84924e-007 -1.45997e-006 -2.86286e-007 -7.23295e-014 -7.23295e-014
2.81 -9.45741e-007 -1.50054e-006 -3.64921e-007 -8.92245e-014 -8.92245e-014
2.82 -9.88644e-007 -1.54599e-006 -4.24755e-007 -1.04456e-013 -1.04456e-013
2.83 -1.01476e-006 -1.61126e-006 -4.57735e-007 -1.11739e-013 -1.11739e-013
2.84 -1.0269e-006 -1.7001e-006 -4.70817e-007 -1.13892e-013 -1.13892e-013
2.85 -1.02817e-006 -1.80091e-006 -4.79257e-007 -1.10931e-013 -1.10931e-013
2.86 -1.02165e-006 -1.89499e-006 -4.96999e-007 -9.77447e-014 -9.77447e-014
2.87 -1.011e-006 -1.96729e-006 -5.35217e-007 -6.88642e-014 -6.88642e-014
2.88 -9.99173e-007 -2.0032e-006 -5.98381e-007 -2.86427e-014 -2.86427e-014
2.89 -9.86786e-007 -1.98687e-006 -6.77087e-007 1.18859e-014 1.18859e-014
2.9 -9.73275e-007 -1.91221e-006 -7.52861e-007 4.65651e-014 4.65651e-014
2.91 -9.58441e-007 -1.78658e-006 -8.13455e-007 7.2409e-014 7.2409e-014
2.92 -9.42201e-007 -1.62216e-006 -8.60719e-007 8.57094e-014 8.57094e-014
2.93 -9.23799e-007 -1.43195e-006 -9.02494e-007 8.3863e-014 8.3863e-014
2.94 -9.0117e-007 -1.22877e-006 -9.40896e-007 6.68095e-014 6.68095e-014
2.95 -8.71125e-007 -1.02209e-006 -9.72157e-007 3.70135e-014 3.70135e-014
2.96 -8.3062e-007 -8.19157e-007 -9.92704e-007 7.06646e-016 7.06646e-016
2.97 -7.77758e-007 -6.3093e-007 -9.97968e-007 -3.31114e-014 -3.31114e-014
2.98 -7.11719e-007 -4.72072e-007 -9.78411e-007 -5.63271e-014 -5.63271e-014
2.99 -6.32172e-007 -3.49846e-007 -9.23734e-007 -6.46747e-014 -6.46747e-014
3 -5.38832e-007 -2.54424e-007 -8.30704e-007 -5.91899e-014 -5.91899e-014
3.01 -4.31929e-007 -1.64919e-007 -7.05212e-007 -4.30045e-014 -4.30045e-014
3.02 -3.12988e-007 -6.4538e-008 -5.57277e-007 -1.90443e-014 -1.90443e-014
3.03 -1.84537e-007 5.26271e-008 -3.94389e-007 8.1416e-015 8.1416e-015
3.04 -4.98976e-008 1.81245e-007 -2.21229e-007 3.31739e-014 3.31739e-014
3.05 8.6277e-008 3.07793e-007 -4.6923e-008 4.40811e-014 4.40811e-014
3.06 2.19048e-007 4.22165e-007 1.14357e-007 3.68196e-014 3.68196e-014
3.07 3.4608e-007 5.30951e-007 2.56478e-007 2.71668e-014 2.71668e-014
3.08 4.68111e-007 6.54832e-007 3.86342e-007 1.79804e-014 1.79804e-014
3.09 5.85831e-007 8.05891e-007 5.13078e-007 -1.38343e-015 -1.38343e-015
3.1 6.97665e-007 9.73545e-007 6.39711e-007 -2.79914e-014 -2.79914e-014
3.11 8.01239e-007 1.14083e-006 7.61024e-007 -4.37787e-014 -4.37787e-014
3.12 8.96403e-007 1.30755e-006 8.68404e-007 -3.48074e-014 -3.48074e-014
3.13 9.85725e-007 1.48734e-006 9.59853e-007 -7.26818e-015 -7.26818e-015
3.14 1.07119e-006 1.67943e-006 1.04031e-006 2.91417e-014 2.91417e-014
3.15 1.15179e-006 1.85448e-006 1.11581e-006 7.44786e-014 7.44786e-014
3.16 1.22493e-006 1.97433e-006 1.1919e-006 1.25607e-013 1.25607e-013
3.17 1.28791e-006 2.01318e-006 1.27203e-006 1.69018e-013 1.69018e-013
3.18 1.33841e-006 1.96781e-006 1.35661e-006 1.90557e-013 1.90557e-013
3.19 1.37618e-006 1.86656e-006 1.44593e-006 1.87341e-013 1.87341e-013
3.2 1.40293e-006 1.75606e-006 1.54172e-006 1.6398e-013 1.6398e-013
3.21 1.4192e-006 1.66491e-006 1.64596e-006 1.1511e-013 1.1511e-013
3.22 1.42265e-006 1.58641e-006 1.75845e-006 3.99822e-014 3.99822e-014
3.23 1.40985e-006 1.49727e-006 1.8723e-006 -3.97688e-014 -3.97688e-014
3.24 1.37842e-006 1.38236e-006 1.97302e-006 -1.08622e-013 -1.08622e-013
3.25 1.32768e-006 1.24077e-006 2.0432e-006 -1.6603e-013 -1.6603e-013
3.26 1.25812e-006 1.08403e-006 2.0642e-006 -2.02649e-013 -2.02649e-013
3.27 1.17213e-006 9.3748e-007 2.01925e-006 -2.05251e-013 -2.05251e-013
3.28 1.07369e-006 8.29433e-007 1.90352e-006 -1.7766e-013 -1.7766e-013
3.29 9.66901e-007 7.67731e-007 1.73132e-006 -1.34437e-013 -1.34437e-013
3.3 8.55011e-007 7.32717e-007 1.53277e-006 -8.68464e-014 -8.68464e-014
3.31 7.40962e-007 6.94851e-007 1.34253e-006 -4.13886e-014 -4.13886e-014
3.32 6.28339e-007 6.35686e-007 1.18704e-006 -4.73006e-015 -4.73006e-015
3.33 5.20162e-007 5.47015e-007 1.07606e-006 1.32779e-014 1.32779e-014
3.34 4.1651e-007 4.13934e-007 1.00274e-006 5.91467e-015 5.91467e-015
3.35 3.15205e-007 2.20367e-007 9.5034e-007 -2.41571e-014 -2.41571e-014
3.36 2.14873e-007 -2.5596e-008 8.98545e-007 -6.70892e-014 -6.70892e-014
3.37 1.15813e-007 -2.89366e-007 8.28769e-007 -1.11394e-013 -1.11394e-013
3.38 1.92004e-008 -5.29984e-007 7.32427e-007 -1.42765e-013 -1.42765e-013
3.39 -7.37105e-008 -7.19034e-007 6.16396e-007 -1.55286e-013 -1.55286e-013
3.4 -1.62985e-007 -8.56307e-007 4.97606e-007 -1.58223e-013 -1.58223e-013
3.41 -2.51227e-007 -9.71928e-007 3.9097e-007 -1.50537e-013 -1.50537e-013
3.42 -3.42007e-007 -1.10063e-006 3.00955e-007 -1.23211e-013 -1.23211e-013
3.43 -4.36772e-007 -1.25038e-006 2.19756e-007 -8.3473e-014 -8.3473e-014
3.44 -5.34245e-007 -1.39965e-006 1.32068e-007 -4.49676e-014 -4.49676e-014
3.45 -6.31772e-007 -1.51931e-006 2.44342e-008 -1.8841e-014 -1.8841e-014
3.46 -7.2697e-007 -1.59329e-006 -1.09641e-007 -1.38444e-014 -1.38444e-014
3.47 -8.18302e-007 -1.62448e-006 -2.69565e-007 -2.64688e-014 -2.64688e-014
3.48 -9.04371e-007 -1.62736e-006 -4.46463e-007 -4.69555e-014 -4.69555e-014
3.49 -9.83199e-007 -1.61856e-006 -6.23671e-007 -7.15182e-014 -7.15182e-014
3.5 -1.05316e-006 -1.61772e-006 -7.81746e-007 -9.9224e-014 -9.9224e-014
3.51 -1.1138e-006 -1.64625e-006 -9.04986e-007 -1.36195e-013 -1.36195e-013
3.52 -1.16455e-006 -1.707e-006 -9.87606e-007 -1.84665e-013 -1.84665e-013
3.53 -1.20326e-006 -1.7747e-006 -1.03657e-006 -2.26684e-013 -2.26684e-013
3.54 -1.22838e-006 -1.8204e-006 -1.06654e-006 -2.4702e-013 -2.4702e-013
3.55 -1.24104e-006 -1.83798e-006 -1.09156e-006 -2.466e-013 -2.466e-013
3.56 -1.24505e-006 -1.84743e-006 -1.11974e-006 -2.35662e-013 -2.35662e-013
3.57 -1.24465e-006 -1.87376e-006 -1.1512e-006 -2.21331e-013 -2.21331e-013
3.58 -1.24179e-006 -1.92234e-006 -1.1789e-006 -1.97747e-013 -1.97747e-013
3.59 -1.23549e-006 -1.97363e-006 -1.19082e-006 -1.5807e-013 -1.5807e-013
3.6 -1.2226e-006 -1.99279e-006 -1.17609e-006 -1.08583e-013 -1.08583e-013
3.61 -1.20049e-006 -1.94884e-006 -1.1342e-006 -7.12327e-014 -7.12327e-014
3.62 -1.16906e-006 -1.83821e-006 -1.07747e-006 -5.879e-014 -5.879e-014
3.63 -1.13089e-006 -1.68959e-006 -1.02353e-006 -5.817e-014 -5.817e-014
3.64 -1.08838e-006 -1.53897e-006 -9.83383e-007 -5.95384e-014 -5.95384e-014
3.65 -1.04081e-006 -1.40182e-006 -9.55168e-007 -6.88187e-014 -6.88187e-014
3.66 -9.8503e-007 -1.27183e-006 -9.29468e-007 -9.08942e-014 -9.08942e-014
3.67 -9.18143e-007 -1.13935e-006 -8.94882e-007 -1.21147e-013 -1.21147e-013
3.68 -8.38562e-007 -1.0013e-006 -8.40402e-007 -1.4796e-013 -1.4796e-013
3.69 -7.46515e-007 -8.57864e-007 -7.65439e-007 -1.61953e-013 -1.61953e-013
3.7 -6.44724e-007 -7.11868e-007 -6.86379e-007 -1.61367e-013 -1.61367e-013
3.71 -5.37698e-007 -5.70028e-007 -6.25477e-007 -1.50217e-013 -1.50217e-013
3.72 -4.29708e-007 -4.35099e-007 -5.9716e-007 -1.33669e-013 -1.33669e-013
3.73 -3.23607e-007 -3.02112e-007 -6.01247e-007 -1.14804e-013 -1.14804e-013
3.74 -2.21072e-007 -1.66889e-007 -6.19992e-007 -9.53377e-014 -9.53377e-014
3.75 -1.23474e-007 -2.92496e-008 -6.29333e-007 -7.85841e-014 -7.85841e-014
3.76 -3.25815e-008 1.11151e-007 -6.16711e-007 -6.9717e-014 -6.9717e-014
3.77 5.00117e-008 2.57529e-007 -5.81948e-007 -7.21142e-014 -7.21142e-014
3.78 1.23747e-007 4.13394e-007 -5.28882e-007 -8.44053e-014 -8.44053e-014
3.79 1.88562e-007 5.77223e-007 -4.64261e-007 -1.01036e-013 -1.01036e-013
3.8 2.44682e-007 7.43981e-007 -3.97532e-007 -1.16803e-013 -1.16803e-013
3.81 2.93813e-007 9.09288e-007 -3.33512e-007 -1.30773e-013 -1.30773e-013
3.82 3.39117e-007 1.06728e-006 -2.64618e-007 -1.41873e-013 -1.41873e-013
3.83 3.8495e-007 1.21292e-006 -1.74688e-007 -1.46029e-013 -1.46029e-013
3.84 4.35138e-007 1.34814e-006 -6.12265e-008 -1.41164e-013 -1.41164e-013
3.85 4.90228e-007 1.47572e-006 4.80764e-008 -1.29542e-013 -1.29542e-013
3.86 5.48392e-007 1.59223e-006 1.18712e-007 -1.15707e-013 -1.15707e-013
3.87 6.08529e-007 1.69052e-006 1.42418e-007 -1.02256e-013 -1.02256e-013
3.88 6.70181e-007 1.76377e-006 1.34254e-007 -8.75286e-014 -8.75286e-014
3.89 7.31661e-007 1.8075e-006 1.10306e-007 -7.0524e-014 -7.0524e-014
3.9 7.89004e-007 1.81704e-006 7.7028e-008 -5.43859e-014 -5.43859e-014
3.91 8.36322e-007 1.78219e-006 3.8011e-008 -4.1749e-014 -4.1749e-014
3.92 8.67392e-007 1.68937e-006 5.62046e-009 -4.01593e-014 -4.01593e-014
3.93 8.78347e-007 1.53984e-006 -1.1357e-009 -5.16496e-014 -5.16496e-014
3.94 8.68602e-007 1.36168e-006 3.11469e-008 -5.88939e-014 -5.88939e-014
3.95 8.39691e-007 1.19155e-006 1.08274e-007 -5.56843e-014 -5.56843e-014
3.96 7.94017e-007 1.05141e-006 2.32045e-007 -5.41711e-014 -5.41711e-014
3.97 7.34525e-007 9.46653e-007 3.95747e-007 -5.96175e-014 -5.96175e-014
3.98 6.65419e-007 8.75384e-007 5.83566e-007 -6.66611e-014 -6.66611e-014
3.99 5.92809e-007 8.32661e-007 7.79851e-007 -6.88368e-014 -6.88368e-014
4 5.23002e-007 8.00214e-007 9.74917e-007 -6.49531e-014 -6.49531e-014
4.01 4.60468e-007 7.41876e-007 1.16437e-006 -5.82981e-014 -5.82981e-014
4.02 4.08616e-007 6.29808e-007 1.34179e-006 -5.30761e-014 -5.30761e-014
4.03 3.7013e-007 4.64888e-007 1.49021e-006 -5.10712e-014 -5.10712e-014
4.04 3.45098e-007 2.59467e-007 1.5887e-006 -5.07753e-014 -5.07753e-014
4.05 3.30543e-007 2.3327e-008 1.62571e-006 -4.85451e-014 -4.85451e-014
4.06 3.23009e-007 -2.24403e-007 1.60329e-006 -4.59707e-014 -4.59707e-014
4.07 3.1917e-007 -4.57611e-007 1.53685e-006 -5.28974e-014 -5.28974e-014
4.08 3.13895e-007 -6.69176e-007 1.45342e-006 -7.08806e-014 -7.08806e-014
4.09 3.00717e-007 -8.73655e-007 1.38611e-006 -9.04114e-014 -9.04114e-014
4.1 2.74372e-007 -1.08275e-006 1.36347e-006 -1.08433e-013 -1.08433e-013
4.11 2.31691e-007 -1.29503e-006 1.39742e-006 -1.30351e-013 -1.30351e-013
4.12 1.71393e-007 -1.49772e-006 1.47968e-006 -1.58409e-013 -1.58409e-013
4.13 9.54214e-008 -1.66493e-006 1.58839e-006 -1.8008e-013 -1.8008e-013
4.14 7.98292e-009 -1.77447e-006 1.69868e-006 -1.74808e-013 -1.74808e-013
4.15 -8.68955e-008 -1.83039e-006 1.78925e-006 -1.36201e-013 -1.36201e-013
4.16 -1.85669e-007 -1.85635e-006 1.8446e-006 -7.34916e-014 -7.34916e-014
4.17 -2.84207e-007 -1.87716e-006 1.85552e-006 2.80639e-015 2.80639e-015
4.18 -3.77477e-007 -1.90678e-006 1.82081e-006 8.10954e-014 8.10954e-014
4.19 -4.59349e-007 -1.94294e-006 1.75024e-006 1.48749e-013 1.48749e-013
4.2 -5.23927e-007 -1.97586e-006 1.66089e-006 2.03902e-013 2.03902e-013
4.21 -5.67748e-007 -1.99737e-006 1.56435e-006 2.43736e-013 2.43736e-013
4.22 -5.90046e-007 -1.9975e-006 1.45828e-006 2.5218e-013 2.5218e-013
4.23 -5.92611e-007 -1.97112e-006 1.33317e-006 2.22652e-013 2.22652e-013
4.24 -5.79439e-007 -1.92583e-006 1.18426e-006 1.67271e-013 1.67271e-013
4.25 -5.5397e-007 -1.86343e-006 1.01643e-006 1.02787e-013 1.02787e-013
4.26 -5.17951e-007 -1.77226e-006 8.41815e-007 4.40867e-014 4.40867e-014
4.27 -4.73747e-007 -1.64695e-006 6.73123e-007 2.73157e-015 2.73157e-015
4.28 -4.24381e-007 -1.4906e-006 5.19641e-007 -1.43543e-014 -1.43543e-014
4.29 -3.72059e-007 -1.30575e-006 3.88028e-007 -5.37473e-015 -5.37473e-015
4.3 -3.19581e-007 -1.10541e-006 2.79883e-007 2.64116e-014 2.64116e-014
4.31 -2.71418e-007 -9.14485e-007 1.86056e-007 7.3766e-014 7.3766e-014
4.32 -2.31112e-007 -7.44839e-007 8.89567e-008 1.26298e-013 1.26298e-013
4.33 -1.99238e-007 -5.84415e-007 -2.64344e-008 1.7195e-013 1.7195e-013
4.34 -1.73981e-007 -4.12791e-007 -1.62055e-007 2.00169e-013 2.00169e-013
4.35 -1.51947e-007 -2.1398e-007 -3.05281e-007 2.05559e-013 2.05559e-013
4.36 -1.29713e-007 1.95551e-008 -4.41401e-007 1.88166e-013 1.88166e-013
4.37 -1.05418e-007 2.8115e-007 -5.67612e-007 1.5229e-013 1.5229e-013
4.38 -7.90392e-008 5.49391e-007 -6.89889e-007 1.07394e-013 1.07394e-013
4.39 -5.13121e-008 7.92982e-007 -8.08504e-007 6.18437e-014 6.18437e-014
4.4 -2.23307e-008 9.83263e-007 -9.12598e-007 2.47164e-014 2.47164e-014
4.41 9.66795e-009 1.11631e-006 -9.89757e-007 2.69032e-016 2.69032e-016
4.42 4.75125e-008 1.21701e-006 -1.03745e-006 -1.58633e-014 -1.58633e-014
4.43 9.36684e-008 1.32198e-006 -1.06347e-006 -1.62487e-014 -1.62487e-014
4.44 1.50246e-007 1.46548e-006 -1.07697e-006 4.90299e-015 4.90299e-015
4.45 2.18521e-007 1.66164e-006 -1.08094e-006 3.84188e-014 3.84188e-014
4.46 2.96193e-007 1.88419e-006 -1.07559e-006 7.40744e-014 7.40744e-014
4.47 3.77413e-007 2.07992e-006 -1.06664e-006 1.0803e-013 1.0803e-013
4.48 4.56561e-007 2.20975e-006 -1.06168e-006 1.42748e-013 1.42748e-013
4.49 5.3109e-007 2.26732e-006 -1.05698e-006 1.75792e-013 1.75792e-013
4.5 6.00466e-007 2.26741e-006 -1.03632e-006 2.01405e-013 2.01405e-013
4.51 6.64744e-007 2.23923e-006 -9.8502e-007 2.08377e-013 2.08377e-013
4.52 7.24779e-007 2.22227e-006 -9.0014e-007 1.88865e-013 1.88865e-013
4.53 7.80472e-007 2.23971e-006 -7.85334e-007 1.64159e-013 1.64159e-013
4.54 8.3016e-007 2.28179e-006 -6.40828e-007 1.55827e-013 1.55827e-013
4.55 8.72427e-007 2.32411e-006 -4.66311e-007 1.52685e-013 1.52685e-013
4.56 9.05919e-007 2.34156e-006 -2.7188e-007 1.3672e-013 1.3672e-013
4.57 9.28922e-007 2.31171e-006 -7.62544e-008 1.13896e-013 1.13896e-013
4.58 9.41649e-007 2.23088e-006 1.06065e-007 1.02054e-013 1.02054e-013
4.59 9.48013e-007 2.12598e-006 2.70166e-007 1.0604e-013 1.0604e-013
4.6 9.53764e-007 2.03922e-006 4.16131e-007 1.1806e-013 1.1806e-013
4.61 9.62616e-007 1.99168e-006 5.46275e-007 1.30227e-013 1.30227e-013
4.62 9.74151e-007 1.96222e-006 6.67218e-007 1.40407e-013 1.40407e-013
4.63 9.86094e-007 1.91385e-006 7.86999e-007 1.49811e-013 1.49811e-013
4.64 9.97847e-007 1.83719e-006 9.05813e-007 1.58836e-013 1.58836e-013
4.65 1.00997e-006 1.75141e-006 1.01086e-006 1.64693e-013 1.64693e-013
4.66 1.02067e-006 1.66863e-006 1.08107e-006 1.63921e-013 1.63921e-013
4.67 1.02526e-006 1.57752e-006 1.10188e-006 1.56267e-013 1.56267e-013
4.68 1.0194e-006 1.46014e-006 1.07918e-006 1.44795e-013 1.44795e-013
4.69 1.00138e-006 1.31363e-006 1.0365e-006 1.33512e-013 1.33512e-013
4.7 9.72181e-007 1.15821e-006 9.9917e-007 1.25615e-013 1.25615e-013
4.71 9.34146e-007 1.02649e-006 9.83197e-007 1.22466e-013 1.22466e-013
4.72 8.88345e-007 9.35024e-007 9.91247e-007 1.2325e-013 1.2325e-013
4.73 8.32762e-007 8.69903e-007 1.00939e-006 1.27039e-013 1.27039e-013
4.74 7.64776e-007 8.08665e-007 1.0135e-006 1.33594e-013 1.33594e-013
4.75 6.8463e-007 7.42702e-007 9.84864e-007 1.423e-013 1.423e-013
4.76 5.95814e-007 6.80177e-007 9.17025e-007 1.50174e-013 1.50174e-013
4.77 5.04507e-007 6.43882e-007 8.13121e-007 1.53815e-013 1.53815e-013
4.78 4.17183e-007 6.51999e-007 6.8202e-007 1.53813e-013 1.53813e-013
4.79 3.37024e-007 6.90933e-007 5.34027e-007 1.51644e-013 1.51644e-013
4.8 2.64426e-007 7.2618e-007 3.78831e-007 1.46844e-013 1.46844e-013
4.81 1.99394e-007 7.32398e-007 2.22498e-007 1.39432e-013 1.39432e-013
4.82 1.40952e-007 6.9818e-007 6.20236e-008 1.3133e-013 1.3133e-013
4.83 8.78272e-008 6.27495e-007 -1.07173e-007 1.25029e-013 1.25029e-013
4.84 4.21024e-008 5.52312e-007 -2.74577e-007 1.22131e-013 1.22131e-013
4.85 7.49468e-009 5.13006e-007 -4.20498e-007 1.23331e-013 1.23331e-013
4.86 -1.86632e-008 5.02639e-007 -5.40499e-007 1.27296e-013 1.27296e-013
4.87 -4.67502e-008 4.636e-007 -6.51785e-007 1.31779e-013 1.31779e-013
4.88 -8.59419e-008 3.58695e-007 -7.76086e-007 1.37039e-013 1.37039e-013
4.89 -1.37665e-007 2.11988e-007 -9.18083e-007 1.43732e-013 1.43732e-013
4.9 -1.97899e-007 7.59216e-008 -1.05963e-006 1.49842e-013 1.49842e-013
4.91 -2.63253e-007 -1.59604e-008 -1.17987e-006 1.5233e-013 1.5233e-013
4.92 -3.33603e-007 -5.78459e-008 -1.28004e-006 1.50674e-013 1.50674e-013
4.93 -4.09868e-007 -5.4036e-008 -1.38213e-006 1.45582e-013 1.45582e-013
4.94 -4.92417e-007 -2.0408e-008 -1.50598e-006 1.38051e-013 1.38051e-013
4.95 -5.81813e-007 4.915e-009 -1.65351e-006 1.31997e-013 1.31997e-013
4.96 -6.76986e-007 -1.49299e-008 -1.80843e-006 1.27256e-013 1.27256e-013
4.97 -7.72598e-007 -8.20088e-008 -1.94283e-006 1.19368e-013 1.19368e-013
4.98 -8.61664e-007 -1.75997e-007 -2.03122e-006 1.09218e-013 1.09218e-013
4.99 -9.41409e-007 -2.90512e-007 -2.07016e-006 1.0122e-013 1.0122e-013
5 -1.01356e-006 -4.26848e-007 -2.08599e-006 9.97349e-014 9.97349e-014
5.01 -1.0791e-006 -5.65065e-007 -2.1144e-006 1.06251e-013 1.06251e-013
5.02 -1.1366e-006 -6.7822e-007 -2.16816e-006 1.15751e-013 1.15751e-013
5.03 -1.18429e-006 -7.61704e-007 -2.22957e-006 1.24703e-013 1.24703e-013
5.04 -1.22143e-006 -8.258e-007 -2.2741e-006 1.38798e-013 1.38798e-013
5.05 -1.24904e-006 -8.82987e-007 -2.29414e-006 1.6411e-013 1.6411e-013
5.06 -1.27165e-006 -9.56976e-007 -2.30157e-006 1.98594e-013 1.98594e-013
5.07 -1.29533e-006 -1.06853e-006 -2.31839e-006 2.36939e-013 2.36939e-013
5.08 -1.3226e-006 -1.20064e-006 -2.36419e-006 2.7097e-013 2.7097e-013
5.09 -1.35203e-006 -1.30826e-006 -2.44585e-006 2.89629e-013 2.89629e-013
5.1 -1.38222e-006 -1.36095e-006 -2.55764e-006 2.84923e-013 2.84923e-013
5.11 -1.41219e-006 -1.34981e-006 -2.68504e-006 2.54426e-013 2.54426e-013
5.12 -1.43922e-006 -1.26871e-006 -2.81007e-006 2.03579e-013 2.03579e-013
5.13 -1.46131e-006 -1.12839e-006 -2.91992e-006 1.4533e-013 1.4533e-013
5.14 -1.48049e-006 -9.80911e-007 -3.00765e-006 8.92499e-014 8.92499e-014
5.15 -1.49968e-006 -8.89068e-007 -3.06544e-006 3.43421e-014 3.43421e-014
5.16 -1.51784e-006 -8.70552e-007 -3.08968e-006 -1.33031e-014 -1.33031e-014
5.17 -1.5322e-006 -8.9944e-007 -3.09211e-006 -3.62161e-014 -3.62161e-014
5.18 -1.54147e-006 -9.42703e-007 -3.09493e-006 -2.64608e-014 -2.64608e-014
5.19 -1.545e-006 -9.67288e-007 -3.11859e-006 1.57625e-014 1.57625e-014
5.2 -1.53977e-006 -9.28704e-007 -3.17237e-006 8.61853e-014 8.61853e-014
5.21 -1.52029e-006 -7.88725e-007 -3.2433e-006 1.5471e-013 1.5471e-013
5.22 -1.48191e-006 -5.54967e-007 -3.29158e-006 1.88247e-013 1.88247e-013
5.23 -1.42152e-006 -2.74892e-007 -3.26694e-006 1.98425e-013 1.98425e-013
5.24 -1.33641e-006 4.43009e-009 -3.13846e-006 2.15518e-013 2.15518e-013
5.25 -1.22546e-006 2.51331e-007 -2.91039e-006 2.38401e-013 2.38401e-013
5.26 -1.08841e-006 4.55559e-007 -2.61254e-006 2.3668e-013 2.3668e-013
5.27 -9.23423e-007 6.36686e-007 -2.27951e-006 1.87762e-013 1.87762e-013
5.28 -7.2867e-007 8.22968e-007 -1.93722e-006 9.73127e-014 9.73127e-014
5.29 -5.05688e-007 1.02138e-006 -1.60143e-006 -1.74657e-015 -1.74657e-015
5.3 -2.58372e-007 1.22924e-006 -1.28122e-006 -6.58051e-014 -6.58051e-014
5.31 9.31171e-009 1.45352e-006 -9.78702e-007 -7.93771e-014 -7.93771e-014
5.32 2.92484e-007 1.69332e-006 -6.84176e-007 -6.08085e-014 -6.08085e-014
5.33 5.84655e-007 1.92997e-006 -3.74999e-007 -2.49766e-014 -2.49766e-014
5.34 8.80164e-007 2.14756e-006 -2.36961e-008 2.79945e-014 2.79945e-014
5.35 1.176e-006 2.35405e-006 3.9188e-007 9.52411e-014 9.52411e-014
5.36 1.47145e-006 2.5773e-006 8.83067e-007 1.49167e-013 1.49167e-013
5.37 1.76317e-006 2.82516e-006 1.43987e-006 1.53529e-013 1.53529e-013
5.38 2.04306e-006 3.0593e-006 2.02462e-006 1.16013e-013 1.16013e-013
5.39 2.3033e-006 3.23655e-006 2.59699e-006 7.13628e-014 7.13628e-014
5.4 2.54345e-006 3.35985e-006 3.1462e-006 2.19612e-014 2.19612e-014
5.41 2.76841e-006 3.46539e-006 3.68469e-006 -4.83584e-014 -4.83584e-014
5.42 2.98113e-006 3.57774e-006 4.21629e-006 -1.36985e-013 -1.36985e-013
5.43 3.17826e-006 3.68078e-006 4.7195e-006 -2.27854e-013 -2.27854e-013
5.44 3.35219e-006 3.72758e-006 5.16373e-006 -3.04849e-013 -3.04849e-013
5.45 3.49789e-006 3.6904e-006 5.53943e-006 -3.71222e-013 -3.71222e-013
5.46 3.61584e-006 3.59199e-006 5.85913e-006 -4.39692e-013 -4.39692e-013
5.47 3.70821e-006 3.48073e-006 6.13218e-006 -4.9543e-013 -4.9543e-013
5.48 3.77575e-006 3.39558e-006 6.35394e-006 -5.069e-013 -5.069e-013
5.49 3.81778e-006 3.35388e-006 6.51458e-006 -4.5178e-013 -4.5178e-013
5.5 3.83148e-006 3.33782e-006 6.60543e-006 -3.24787e-013 -3.24787e-013
5.51 3.811e-006 3.29431e-006 6.61866e-006 -1.56099e-013 -1.56099e-013
5.52 3.75052e-006 3.18274e-006 6.5493e-006 -4.63259e-014 -4.63259e-014
5.53 3.64987e-006 3.00514e-006 6.40095e-006 -6.67702e-014 -6.67702e-014
5.54 3.51089e-006 2.77598e-006 6.18726e-006 -1.3779e-013 -1.3779e-013
5.55 3.33372e-006 2.50211e-006 5.9205e-006 -1.70275e-013 -1.70275e-013
5.56 3.11695e-006 2.18936e-006 5.59765e-006 -1.81437e-013 -1.81437e-013
5.57 2.85806e-006 1.83803e-006 5.20932e-006 -2.19197e-013 -2.19197e-013
5.58 2.55566e-006 1.4406e-006 4.76357e-006 -2.90976e-013 -2.90976e-013
5.59 2.21106e-006 9.9131e-007 4.28836e-006 -3.58656e-013 -3.58656e-013
5.6 1.82634e-006 4.87711e-007 3.80678e-006 -3.80666e-013 -3.80666e-013
5.61 1.40231e-006 -7.19747e-008 3.31901e-006 -3.50933e-013 -3.50933e-013
5.62 9.41341e-007 -6.74362e-007 2.81152e-006 -2.99316e-013 -2.99316e-013
5.63 4.51474e-007 -1.27275e-006 2.27614e-006 -2.43291e-013 -2.43291e-013
5.64 -5.38981e-008 -1.80522e-006 1.71416e-006 -1.67642e-013 -1.67642e-013
5.65 -5.63463e-007 -2.2417e-006 1.12699e-006 -1.03584e-013 -1.03584e-013
5.66 -1.07107e-006 -2.60862e-006 5.13425e-007 -5.75504e-014 -5.75504e-014
5.67 -1.57161e-006 -2.96605e-006 -1.22038e-007 8.35338e-015 8.35338e-015
5.68 -2.05868e-006 -3.35524e-006 -7.63626e-007 -8.90725e-015 -8.90725e-015
5.69 -2.52214e-006 -3.76543e-006 -1.39313e-006 -1.53552e-013 -1.53552e-013
5.7 -2.94931e-006 -4.151e-006 -2.00256e-006 -3.5676e-013 -3.5676e-013
5.71 -3.33097e-006 -4.47584e-006 -2.59366e-006 -6.42087e-013 -6.42087e-013
5.72 -3.66288e-006 -4.73395e-006 -3.1659e-006 -9.81072e-013 -9.81072e-013
5.73 -3.94165e-006 -4.92847e-006 -3.70576e-006 -1.29502e-012 -1.29502e-012
5.74 -4.1619e-006 -5.04368e-006 -4.19082e-006 -1.58487e-012 -1.58487e-012
5.75 -4.31658e-006 -5.04523e-006 -4.60559e-006 -1.85238e-012 -1.85238e-012
5.76 -4.40207e-006 -4.91001e-006 -4.95277e-006 -2.02628e-012 -2.02628e-012
5.77 -4.42039e-006 -4.64863e-006 -5.24879e-006 -2.04843e-012 -2.04843e-012
5.78 -4.37745e-006 -4.29993e-006 -5.51191e-006 -1.94422e-012 -1.94422e-012
5.79 -4.28257e-006 -3.92297e-006 -5.75769e-006 -1.77025e-012 -1.77025e-012
5.8 -4.14854e-006 -3.59127e-006 -5.99677e-006 -1.57262e-012 -1.57262e-012
5.81 -3.98961e-006 -3.35651e-006 -6.23156e-006 -1.3648e-012 -1.3648e-012
5.82 -3.81293e-006 -3.18237e-006 -6.45763e-006 -1.1318e-012 -1.1318e-012
5.83 -3.61646e-006 -2.93729e-006 -6.66771e-006 -9.02045e-013 -9.02045e-013
5.84 -3.39735e-006 -2.50112e-006 -6.84909e-006 -8.03788e-013 -8.03788e-013
5.85 -3.15969e-006 -1.87173e-006 -6.97533e-006 -9.23508e-013 -9.23508e-013
5.86 -2.91243e-006 -1.14627e-006 -7.01028e-006 -1.15544e-012 -1.15544e-012
5.87 -2.66136e-006 -4.27701e-007 -6.9323e-006 -1.33822e-012 -1.33822e-012
5.88 -2.40912e-006 2.28228e-007 -6.75322e-006 -1.42847e-012 -1.42847e-012
5.89 -2.1534e-006 8.22287e-007 -6.50694e-006 -1.46963e-012 -1.46963e-012
5.9 -1.8865e-006 1.39907e-006 -6.22144e-006 -1.49191e-012 -1.49191e-012
5.91 -1.5995e-006 2.00381e-006 -5.90538e-006 -1.47152e-012 -1.47152e-012
5.92 -1.28372e-006 2.6576e-006 -5.55251e-006 -1.37637e-012 -1.37637e-012
5.93 -9.3122e-007 3.36379e-006 -5.14565e-006 -1.21297e-012 -1.21297e-012
5.94 -5.36078e-007 4.09952e-006 -4.65769e-006 -9.54969e-013 -9.54969e-013
5.95 -9.77176e-008 4.80311e-006 -4.06587e-006 -6.13023e-013 -6.13023e-013
5.96 3.74762e-007 5.38978e-006 -3.37458e-006 -3.61812e-013 -3.61812e-013
5.97 8.69086e-007 5.79582e-006 -2.61823e-006 -2.84338e-013 -2.84338e-013
5.98 1.37441e-006 6.01485e-006 -1.83996e-006 -2.64657e-013 -2.64657e-013
5.99 1.87602e-006 6.07884e-006 -1.07398e-006 -2.71498e-013 -2.71498e-013
6 2.35596e-006 5.99993e-006 -3.41878e-007 -3.67687e-013 -3.67687e-013
6.01 2.78815e-006 5.74722e-006 3.46651e-007 -6.09813e-013 -6.09813e-013
6.02 3.1453e-006 5.28763e-006 1.00119e-006 -9.07044e-013 -9.07044e-013
6.03 3.40642e-006 4.61918e-006 1.6596e-006 -1.03201e-012 -1.03201e-012
6.04 3.55629e-006 3.76904e-006 2.37073e-006 -1.02413e-012 -1.02413e-012
6.05 3.5855e-006 2.79463e-006 3.15257e-006 -1.06554e-012 -1.06554e-012
6.06 3.48873e-006 1.77404e-006 3.97168e-006 -1.06376e-012 -1.06376e-012
6.07 3.26645e-006 7.85437e-007 4.76472e-006 -9.69634e-013 -9.69634e-013
6.08 2.92648e-006 -1.06389e-007 5.4715e-006 -1.08265e-012 -1.08265e-012
6.09 2.48759e-006 -8.74555e-007 6.05141e-006 -1.38393e-012 -1.38393e-012
6.1 1.97414e-006 -1.54135e-006 6.49063e-006 -1.42429e-012 -1.42429e-012
6.11 1.41716e-006 -2.13926e-006 6.80571e-006 -1.15591e-012 -1.15591e-012
6.12 8.53563e-007 -2.67755e-006 7.03814e-006 -8.74948e-013 -8.74948e-013
6.13 3.21977e-007 -3.1522e-006 7.23606e-006 -6.05595e-013 -6.05595e-013
6.14 -1.39637e-007 -3.54148e-006 7.43368e-006 -1.20398e-013 -1.20398e-013
6.15 -4.95364e-007 -3.79529e-006 7.64687e-006 7.30699e-013 7.30699e-013
6.16 -7.1567e-007 -3.87035e-006 7.8765e-006 1.93385e-012 1.93385e-012
6.17 -7.82983e-007 -3.76652e-006 8.10845e-006 3.29375e-012 3.29375e-012
6.18 -6.92741e-007 -3.51985e-006 8.32044e-006 4.41111e-012 4.41111e-012
6.19 -4.51451e-007 -3.19434e-006 8.50212e-006 4.95957e-012 4.95957e-012
6.2 -7.45059e-008 -2.8716e-006 8.67067e-006 4.92948e-012 4.92948e-012
6.21 4.1801e-007 -2.59315e-006 8.8593e-006 4.46941e-012 4.46941e-012
6.22 1.00758e-006 -2.30117e-006 9.08483e-006 3.65354e-012 3.65354e-012
6.23 1.67607e-006 -1.86108e-006 9.32546e-006 2.46214e-012 2.46214e-012
6.24 2.39861e-006 -1.16079e-006 9.53199e-006 1.05768e-012 1.05768e-012
6.25 3.14146e-006 -2.02627e-007 9.66376e-006 -1.59147e-013 -1.59147e-013
6.26 3.86214e-006 8.76579e-007 9.71215e-006 -9.2173e-013 -9.2173e-013
6.27 4.51641e-006 1.86525e-006 9.69203e-006 -1.31814e-012 -1.31814e-012
6.28 5.06888e-006 2.60064e-006 9.62198e-006 -1.52381e-012 -1.52381e-012
6.29 5.50144e-006 3.0851e-006 9.51781e-006 -1.45338e-012 -1.45338e-012
6.3 5.81569e-006 3.49292e-006 9.39517e-006 -9.99557e-013 -9.99557e-013
6.31 6.02226e-006 4.01455e-006 9.26554e-006 -3.18019e-013 -3.18019e-013
6.32 6.12336e-006 4.67478e-006 9.12058e-006 3.76107e-013 3.76107e-013
6.33 6.10949e-006 5.31082e-006 8.91838e-006 9.70103e-013 9.70103e-013
6.34 5.96346e-006 5.67758e-006 8.59596e-006 1.34461e-012 1.34461e-012
6.35 5.66971e-006 5.58436e-006 8.10535e-006 1.31995e-012 1.31995e-012
6.36 5.22663e-006 5.0026e-006 7.43696e-006 9.35506e-013 9.35506e-013
6.37 4.65669e-006 4.11462e-006 6.61059e-006 5.01309e-013 5.01309e-013
6.38 3.99725e-006 3.24098e-006 5.65547e-006 1.56159e-013 1.56159e-013
6.39 3.27862e-006 2.61171e-006 4.59781e-006 -1.67554e-013 -1.67554e-013
6.4 2.50978e-006 2.19844e-006 3.45797e-006 -4.5036e-013 -4.5036e-013
6.41 1.69048e-006 1.82672e-006 2.25824e-006 -6.10912e-013 -6.10912e-013
6.42 8.31001e-007 1.37684e-006 1.03824e-006 -6.01898e-013 -6.01898e-013
6.43 -4.61068e-008 8.19823e-007 -1.3602e-007 -3.26051e-013 -3.26051e-013
6.44 -9.06373e-007 1.81115e-007 -1.18757e-006 1.06324e-013 1.06324e-013
6.45 -1.72479e-006 -4.55326e-007 -2.0615e-006 4.8451e-013 4.8451e-013
6.46 -2.46214e-006 -9.74402e-007 -2.75084e-006 8.69462e-013 8.69462e-013
6.47 -3.0908e-006 -1.31663e-006 -3.2873e-006 1.1425e-012 1.1425e-012
6.48 -3.60161e-006 -1.53706e-006 -3.72319e-006 1.10399e-012 1.10399e-012
6.49 -3.99588e-006 -1.75458e-006 -4.11272e-006 8.54581e-013 8.54581e-013
6.5 -4.27937e-006 -2.05814e-006 -4.49858e-006 5.36242e-013 5.36242e-013
6.51 -4.46044e-006 -2.47209e-006 -4.91789e-006 2.01274e-013 2.01274e-013
6.52 -4.5557e-006 -2.99085e-006 -5.40586e-006 -9.16659e-014 -9.16659e-014
6.53 -4.59401e-006 -3.63292e-006 -5.98235e-006 -2.57352e-013 -2.57352e-013
6.54 -4.62461e-006 -4.43729e-006 -6.64795e-006 4.93364e-014 4.93364e-014
6.55 -4.68859e-006 -5.37907e-006 -7.38987e-006 1.00119e-012 1.00119e-012
6.56 -4.80659e-006 -6.32769e-006 -8.18166e-006 1.88484e-012 1.88484e-012
6.57 -4.98801e-006 -7.11076e-006 -8.98189e-006 2.11935e-012 2.11935e-012
6.58 -5.23644e-006 -7.5929e-006 -9.73636e-006 1.89041e-012 1.89041e-012
6.59 -5.54819e-006 -7.73015e-006 -1.0381e-005 1.37462e-012 1.37462e-012
6.6 -5.91715e-006 -7.59343e-006 -1.08547e-005 4.9891e-013 4.9891e-013
6.61 -6.33403e-006 -7.3222e-006 -1.11241e-005 -7.94277e-013 -7.94277e-013
6.62 -6.78205e-006 -7.0415e-006 -1.12003e-005 -2.42899e-012 -2.42899e-012
6.63 -7.23286e-006 -6.81765e-006 -1.11344e-005 -4.17373e-012 -4.17373e-012
6.64 -7.65094e-006 -6.65514e-006 -1.09927e-005 -5.67435e-012 -5.67435e-012
6.65 -7.99749e-006 -6.51721e-006 -1.08253e-005 -6.64596e-012 -6.64596e-012
6.66 -8.23778e-006 -6.37234e-006 -1.06517e-005 -7.02155e-012 -7.02155e-012
6.67 -8.34699e-006 -6.21777e-006 -1.04697e-005 -6.87132e-012 -6.87132e-012
6.68 -8.31027e-006 -6.05237e-006 -1.0271e-005 -6.25892e-012 -6.25892e-012
6.69 -8.12048e-006 -5.84538e-006 -1.0052e-005 -5.20399e-012 -5.20399e-012
6.7 -7.77701e-006 -5.54604e-006 -9.80371e-006 -3.75346e-012 -3.75346e-012
6.71 -7.28699e-006 -5.12573e-006 -9.49672e-006 -2.15577e-012 -2.15577e-012
6.72 -6.66717e-006 -4.60034e-006 -9.09281e-006 -9.59533e-013 -9.59533e-013
6.73 -5.94033e-006 -3.98576e-006 -8.5804e-006 -6.48125e-013 -6.48125e-013
6.74 -5.12934e-006 -3.24067e-006 -7.99855e-006 -1.1931e-012 -1.1931e-012
6.75 -4.25688e-006 -2.2917e-006 -7.42676e-006 -2.24363e-012 -2.24363e-012
6.76 -3.34531e-006 -1.08446e-006 -6.93906e-006 -3.50458e-012 -3.50458e-012
6.77 -2.41035e-006 4.0711e-007 -6.55492e-006 -4.75564e-012 -4.75564e-012
6.78 -1.46206e-006 2.16396e-006 -6.23717e-006 -5.71773e-012 -5.71773e-012
6.79 -5.15354e-007 4.09452e-006 -5.93069e-006 -6.17601e-012 -6.17601e-012
6.8 4.12151e-007 6.04093e-006 -5.59578e-006 -5.67563e-012 -5.67563e-012
6.81 1.29738e-006 7.84002e-006 -5.22011e-006 -3.71908e-012 -3.71908e-012
6.82 2.13115e-006 9.39174e-006 -4.80868e-006 -1.03179e-012 -1.03179e-012
6.83 2.90846e-006 1.06539e-005 -4.37426e-006 1.42653e-012 1.42653e-012
6.84 3.61108e-006 1.1589e-005 -3.92977e-006 3.74032e-012 3.74032e-012
6.85 4.22275e-006 1.21663e-005 -3.47769e-006 5.88417e-012 5.88417e-012
6.86 4.72822e-006 1.24199e-005 -3.00504e-006 7.18557e-012 7.18557e-012
6.87 5.11865e-006 1.24481e-005 -2.48422e-006 7.2315e-012 7.2315e-012
6.88 5.39042e-006 1.23317e-005 -1.88431e-006 6.24751e-012 6.24751e-012
6.89 5.53358e-006 1.20784e-005 -1.19067e-006 4.50839e-012 4.50839e-012
6.9 5.54317e-006 1.16553e-005 -4.09023e-007 2.22626e-012 2.22626e-012
6.91 5.42321e-006 1.10786e-005 4.24842e-007 -6.53786e-014 -6.53786e-014
6.92 5.19126e-006 1.04435e-005 1.23391e-006 -1.58667e-012 -1.58667e-012
6.93 4.86151e-006 9.83261e-006 1.90514e-006 -2.11472e-012 -2.11472e-012
6.94 4.44658e-006 9.22164e-006 2.33772e-006 -2.11392e-012 -2.11392e-012
6.95 3.95604e-006 8.50795e-006 2.49636e-006 -1.61327e-012 -1.61327e-012
6.96 3.40551e-006 7.61982e-006 2.42172e-006 -2.87723e-013 -2.87723e-013
6.97 2.81737e-006 6.5712e-006 2.18953e-006 1.58817e-012 1.58817e-012
6.98 2.21314e-006 5.4173e-006 1.86235e-006 3.30948e-012 3.30948e-012
6.99 1.60344e-006 4.18991e-006 1.47348e-006 4.38096e-012 4.38096e-012
7 9.92697e-007 2.90494e-006 1.04954e-006 4.6951e-012 4.6951e-012
7.01 3.90731e-007 1.63415e-006 6.30332e-007 4.32049e-012 4.32049e-012
7.02 -1.8246e-007 4.98557e-007 2.59651e-007 3.60737e-012 3.60737e-012
7.03 -7.08706e-007 -4.46105e-007 -2.65025e-008 3.04768e-012 3.04768e-012
7.04 -1.21082e-006 -1.28289e-006 -1.80249e-007 1.96584e-012 1.96584e-012
7.05 -1.68616e-006 -2.21311e-006 -1.3188e-007 -1.75688e-013 -1.75688e-013
7.06 -2.13726e-006 -3.41007e-006 1.90429e-007 -1.78727e-012 -1.78727e-012
7.07 -2.55883e-006 -4.86229e-006 8.21056e-007 -1.73793e-012 -1.73793e-012
7.08 -2.93314e-006 -6.40108e-006 1.73568e-006 -8.28404e-013 -8.28404e-013
7.09 -3.25204e-006 -7.84526e-006 2.86019e-006 1.35061e-013 1.35061e-013
7.1 -3.51605e-006 -9.10013e-006 4.089e-006 1.47866e-012 1.47866e-012
7.11 -3.72774e-006 -1.01556e-005 5.29378e-006 3.69507e-012 3.69507e-012
7.12 -3.88824e-006 -1.10329e-005 6.33751e-006 6.34743e-012 6.34743e-012
7.13 -3.99988e-006 -1.17662e-005 7.10746e-006 8.74604e-012 8.74604e-012
7.14 -4.07105e-006 -1.2405e-005 7.54484e-006 1.04829e-011 1.04829e-011
7.15 -4.11193e-006 -1.29884e-005 7.64781e-006 1.13054e-011 1.13054e-011
7.16 -4.13129e-006 -1.35136e-005 7.45436e-006 1.11698e-011 1.11698e-011
7.17 -4.13734e-006 -1.39416e-005 7.03433e-006 1.01264e-011 1.01264e-011
7.18 -4.13722e-006 -1.42198e-005 6.48514e-006 8.32132e-012 8.32132e-012
7.19 -4.13454e-006 -1.42998e-005 5.90977e-006 5.79907e-012 5.79907e-012
7.2 -4.1314e-006 -1.41606e-005 5.39019e-006 2.88388e-012 2.88388e-012
7.21 -4.12907e-006 -1.38138e-005 4.97941e-006 7.27345e-013 7.27345e-013
7.22 -4.12034e-006 -1.32637e-005 4.70946e-006 -1.43371e-013 -1.43371e-013
7.23 -4.08795e-006 -1.24949e-005 4.59881e-006 -3.37372e-013 -3.37372e-013
7.24 -4.01075e-006 -1.15153e-005 4.65412e-006 -1.09204e-013 -1.09204e-013
7.25 -3.86908e-006 -1.03833e-005 4.86837e-006 8.86331e-013 8.86331e-013
7.26 -3.64585e-006 -9.18231e-006 5.21613e-006 2.65047e-012 2.65047e-012
7.27 -3.32538e-006 -7.96678e-006 5.64805e-006 4.58842e-012 4.58842e-012
7.28 -2.89593e-006 -6.74217e-006 6.08434e-006 6.16775e-012 6.16775e-012
7.29 -2.35672e-006 -5.4943e-006 6.41622e-006 7.1283e-012 7.1283e-012
7.3 -1.71878e-006 -4.2e-006 6.531e-006 7.27425e-012 7.27425e-012
7.31 -9.92173e-007 -2.79742e-006 6.34807e-006 6.71548e-012 6.71548e-012
7.32 -1.94666e-007 -1.21462e-006 5.83483e-006 5.84514e-012 5.84514e-012
7.33 6.44195e-007 5.08458e-007 5.00323e-006 4.70134e-012 4.70134e-012
7.34 1.47148e-006 2.16631e-006 3.8971e-006 2.99798e-012 2.99798e-012
7.35 2.22544e-006 3.51839e-006 2.57938e-006 1.14832e-012 1.14832e-012
7.36 2.83725e-006 4.48255e-006 1.12668e-006 5.0595e-013 5.0595e-013
7.37 3.28813e-006 5.19452e-006 -3.86835e-007 1.45288e-012 1.45288e-012
7.38 3.56489e-006 5.85775e-006 -1.88689e-006 2.6332e-012 2.6332e-012
7.39 3.65207e-006 6.55799e-006 -3.29666e-006 3.39613e-012 3.39613e-012
7.4 3.53749e-006 7.2495e-006 -4.54963e-006 4.30291e-012 4.30291e-012
7.41 3.22095e-006 7.86786e-006 -5.60628e-006 5.52755e-012 5.52755e-012
7.42 2.72296e-006 8.40143e-006 -6.45411e-006 6.75698e-012 6.75698e-012
7.43 2.07728e-006 8.8547e-006 -7.09734e-006 7.35494e-012 7.35494e-012
7.44 1.3253e-006 9.14522e-006 -7.55564e-006 6.54765e-012 6.54765e-012
7.45 5.05152e-007 9.10445e-006 -7.86697e-006 4.41451e-012 4.41451e-012
7.46 -3.50559e-007 8.61213e-006 -8.07865e-006 2.14198e-012 2.14198e-012
7.47 -1.20394e-006 7.71292e-006 -8.23103e-006 7.71699e-013 7.71699e-013
7.48 -2.00326e-006 6.61326e-006 -8.34758e-006 9.29589e-014 9.29589e-014
7.49 -2.70083e-006 5.56619e-006 -8.45246e-006 -6.45824e-013 -6.45824e-013
7.5 -3.26829e-006 4.73212e-006 -8.60162e-006 -1.449e-012 -1.449e-012
7.51 -3.70252e-006 4.13512e-006 -8.88041e-006 -1.60415e-012 -1.60415e-012
7.52 -4.01142e-006 3.74213e-006 -9.35899e-006 -6.11379e-013 -6.11379e-013
7.53 -4.2037e-006 3.53136e-006 -1.00467e-005 1.20356e-012 1.20356e-012
7.54 -4.28806e-006 3.48863e-006 -1.08931e-005 3.01446e-012 3.01446e-012
7.55 -4.28091e-006 3.57739e-006 -1.18231e-005 4.0514e-012 4.0514e-012
7.56 -4.20774e-006 3.6973e-006 -1.27679e-005 4.01484e-012 4.01484e-012
7.57 -4.10454e-006 3.71147e-006 -1.36683e-005 3.19783e-012 3.19783e-012
7.58 -3.99515e-006 3.58953e-006 -1.44585e-005 1.97262e-012 1.97262e-012
7.59 -3.88126e-006 3.49003e-006 -1.50612e-005 5.20037e-013 5.20037e-013
7.6 -3.7559e-006 3.62257e-006 -1.54085e-005 -9.78773e-013 -9.78773e-013
7.61 -3.6219e-006 4.03385e-006 -1.54636e-005 -2.38028e-012 -2.38028e-012
7.62 -3.49629e-006 4.54582e-006 -1.52189e-005 -3.53693e-012 -3.53693e-012
7.63 -3.39796e-006 4.891e-006 -1.46758e-005 -4.02902e-012 -4.02902e-012
7.64 -3.333e-006 4.91146e-006 -1.38319e-005 -3.49728e-012 -3.49728e-012
7.65 -3.28107e-006 4.63973e-006 -1.26875e-005 -2.19043e-012 -2.19043e-012
7.66 -3.20581e-006 4.26075e-006 -1.12687e-005 -5.98406e-013 -5.98406e-013
7.67 -3.06799e-006 4.00462e-006 -9.63782e-006 9.69429e-013 9.69429e-013
7.68 -2.84058e-006 3.98612e-006 -7.88477e-006 2.18202e-012 2.18202e-012
7.69 -2.51526e-006 4.13748e-006 -6.10764e-006 2.77919e-012 2.77919e-012
7.7 -2.09424e-006 4.32071e-006 -4.39159e-006 2.79365e-012 2.79365e-012
7.71 -1.57399e-006 4.47369e-006 -2.79122e-006 2.1507e-012 2.1507e-012
7.72 -9.55335e-007 4.61334e-006 -1.32558e-006 7.86314e-013 7.86314e-013
7.73 -2.42522e-007 4.74198e-006 1.62896e-008 -7.80184e-013 -7.80184e-013
7.74 5.47491e-007 4.82107e-006 1.25926e-006 -2.11762e-012 -2.11762e-012
7.75 1.39542e-006 4.84009e-006 2.43525e-006 -2.89909e-012 -2.89909e-012
7.76 2.27612e-006 4.85069e-006 3.58064e-006 -2.11248e-012 -2.11248e-012
7.77 3.15924e-006 4.90853e-006 4.72619e-006 -2.23038e-013 -2.23038e-013
7.78 4.0097e-006 4.98816e-006 5.88266e-006 5.94042e-013 5.94042e-013
7.79 4.78662e-006 4.96369e-006 7.02892e-006 3.39843e-013 3.39843e-013
7.8 5.43364e-006 4.68963e-006 8.13206e-006 4.55765e-013 4.55765e-013
7.81 5.9163e-006 4.10672e-006 9.17462e-006 1.13824e-012 1.13824e-012
7.82 6.21435e-006 3.31048e-006 1.0151e-005 2.10447e-012 2.10447e-012
7.83 6.33588e-006 2.54233e-006 1.10568e-005 2.73196e-012 2.73196e-012
7.84 6.30594e-006 2.06607e-006 1.18845e-005 2.32104e-012 2.32104e-012
7.85 6.14949e-006 2.01535e-006 1.2626e-005 1.47089e-012 1.47089e-012
7.86 5.89427e-006 2.3631e-006 1.32763e-005 1.3082e-012 1.3082e-012
7.87 5.5746e-006 2.99449e-006 1.38248e-005 2.01306e-012 2.01306e-012
7.88 5.22722e-006 3.75027e-006 1.42388e-005 3.00837e-012 3.00837e-012
7.89 4.88878e-006 4.44178e-006 1.44741e-005 3.79572e-012 3.79572e-012
7.9 4.5881e-006 4.88364e-006 1.45028e-005 4.25006e-012 4.25006e-012
7.91 4.34097e-006 4.93695e-006 1.43273e-005 4.56355e-012 4.56355e-012
7.92 4.14734e-006 4.56879e-006 1.39704e-005 5.07366e-012 5.07366e-012
7.93 4.00873e-006 3.87696e-006 1.34521e-005 5.69162e-012 5.69162e-012
7.94 3.91913e-006 3.03969e-006 1.27756e-005 5.86916e-012 5.86916e-012
7.95 3.85364e-006 2.20181e-006 1.19288e-005 5.3758e-012 5.3758e-012
7.96 3.7695e-006 1.39289e-006 1.08983e-005 4.57447e-012 4.57447e-012
7.97 3.61248e-006 5.56369e-007 9.68339e-006 3.84914e-012 3.84914e-012
7.98 3.33141e-006 -3.75864e-007 8.30677e-006 3.25014e-012 3.25014e-012
7.99 2.89192e-006 -1.40772e-006 6.824e-006 2.90105e-012 2.90105e-012
8 2.27869e-006 -2.44502e-006 5.32509e-006 2.9127e-012 2.9127e-012
8.01 1.50291e-006 -3.37188e-006 3.91464e-006 3.21286e-012 3.21286e-012
8.02 5.77674e-007 -4.1645e-006 2.68811e-006 3.62016e-012 3.62016e-012
8.03 -4.86672e-007 -4.89715e-006 1.71215e-006 3.96209e-012 3.96209e-012
8.04 -1.65493e-006 -5.62526e-006 1.0032e-006 4.32291e-012 4.32291e-012
8.05 -2.8693e-006 -6.30894e-006 5.24425e-007 4.7272e-012 4.7272e-012
8.06 -4.07373e-006 -6.8969e-006 2.04648e-007 4.94218e-012 4.94218e-012
8.07 -5.21749e-006 -7.44778e-006 -4.2273e-008 4.60326e-012 4.60326e-012
8.08 -6.26485e-006 -8.10165e-006 -2.97991e-007 3.94362e-012 3.94362e-012
8.09 -7.18213e-006 -8.93041e-006 -6.1747e-007 3.58918e-012 3.58918e-012
8.1 -7.93165e-006 -9.86167e-006 -1.02421e-006 3.52548e-012 3.52548e-012
8.11 -8.48466e-006 -1.07499e-005 -1.53351e-006 3.42589e-012 3.42589e-012
8.12 -8.8331e-006 -1.14617e-005 -2.17389e-006 3.30913e-012 3.30913e-012
8.13 -8.98301e-006 -1.19015e-005 -2.97977e-006 3.47745e-012 3.47745e-012
8.14 -8.95796e-006 -1.20219e-005 -3.95736e-006 4.09348e-012 4.09348e-012
8.15 -8.78426e-006 -1.18315e-005 -5.0553e-006 4.93707e-012 4.93707e-012
8.16 -8.49114e-006 -1.13816e-005 -6.16778e-006 5.54445e-012 5.54445e-012
8.17 -8.1144e-006 -1.07377e-005 -7.18059e-006 5.63958e-012 5.63958e-012
8.18 -7.68171e-006 -9.94742e-006 -8.01836e-006 5.44086e-012 5.44086e-012
8.19 -7.22111e-006 -9.02728e-006 -8.65307e-006 5.24425e-012 5.24425e-012
8.2 -6.75759e-006 -7.99242e-006 -9.08244e-006 5.04468e-012 5.04468e-012
8.21 -6.30257e-006 -6.88392e-006 -9.31122e-006 4.65457e-012 4.65457e-012
8.22 -5.87303e-006 -5.77003e-006 -9.33729e-006 3.96165e-012 3.96165e-012
8.23 -5.47106e-006 -4.7368e-006 -9.15067e-006 3.1805e-012 3.1805e-012
8.24 -5.10319e-006 -3.87309e-006 -8.73551e-006 2.64159e-012 2.64159e-012
8.25 -4.76447e-006 -3.23024e-006 -8.08291e-006 2.58256e-012 2.58256e-012
8.26 -4.44575e-006 -2.80107e-006 -7.20626e-006 2.96049e-012 2.96049e-012
8.27 -4.13801e-006 -2.549e-006 -6.14906e-006 3.43498e-012 3.43498e-012
8.28 -3.83395e-006 -2.43632e-006 -4.976e-006 3.83195e-012 3.83195e-012
8.29 -3.52613e-006 -2.41132e-006 -3.75462e-006 4.25509e-012 4.25509e-012
8.3 -3.20512e-006 -2.41512e-006 -2.53982e-006 4.68389e-012 4.68389e-012
8.31 -2.8657e-006 -2.4294e-006 -1.36452e-006 5.16061e-012 5.16061e-012
8.32 -2.51159e-006 -2.48625e-006 -2.38046e-007 5.64568e-012 5.64568e-012
8.33 -2.147e-006 -2.61664e-006 8.4498e-007 5.69633e-012 5.69633e-012
8.34 -1.76971e-006 -2.8175e-006 1.88862e-006 5.28322e-012 5.28322e-012
8.35 -1.38994e-006 -3.07741e-006 2.88203e-006 4.79984e-012 4.79984e-012
8.36 -1.02108e-006 -3.4075e-006 3.80623e-006 4.32865e-012 4.32865e-012
8.37 -6.8516e-007 -3.84782e-006 4.65056e-006 3.83759e-012 3.83759e-012
8.38 -3.97745e-007 -4.44104e-006 5.43531e-006 3.5038e-012 3.5038e-012
8.39 -1.7169e-007 -5.18834e-006 6.21627e-006 3.40383e-012 3.40383e-012
8.4 -1.32356e-008 -6.04953e-006 7.06418e-006 3.47512e-012 3.47512e-012
8.41 7.24512e-008 -6.99531e-006 8.03884e-006 3.65873e-012 3.65873e-012
8.42 7.93975e-008 -8.02981e-006 9.17516e-006 3.90753e-012 3.90753e-012
8.43 1.97628e-009 -9.16303e-006 1.04769e-005 4.20726e-012 4.20726e-012
8.44 -1.72945e-007 -1.03924e-005 1.19217e-005 3.71973e-012 3.71973e-012
8.45 -4.56969e-007 -1.17058e-005 1.34733e-005 1.78247e-012 1.78247e-012
8.46 -6.91702e-007 -1.31094e-005 1.51178e-005 6.33382e-014 6.33382e-014
8.47 -8.29372e-007 -1.45575e-005 1.67952e-005 2.5223e-014 2.5223e-014
8.48 -7.05209e-007 -1.5995e-005 1.84324e-005 3.53444e-013 3.53444e-013
8.49 -4.37386e-007 -1.73593e-005 1.99186e-005 -2.07623e-012 -2.07623e-012
8.5 -4.56596e-008 -1.86649e-005 2.11216e-005 -1.0492e-011 -1.0492e-011
8.51 2.69672e-007 -1.98955e-005 2.19436e-005 -2.37061e-011 -2.37061e-011
8.52 5.13168e-007 -2.10104e-005 2.23661e-005 -3.692e-011 -3.692e-011
8.53 5.47733e-007 -2.18743e-005 2.23771e-005 -4.77909e-011 -4.77909e-011
8.54 3.79687e-007 -2.23943e-005 2.20353e-005 -5.64705e-011 -5.64705e-011
8.55 1.4377e-007 -2.2582e-005 2.14565e-005 -6.35649e-011 -6.35649e-011
8.56 -7.36722e-008 -2.25483e-005 2.07515e-005 -6.90091e-011 -6.90091e-011
8.57 -2.69381e-007 -2.2434e-005 2.00058e-005 -7.17176e-011 -7.17176e-011
8.58 -4.38058e-007 -2.23426e-005 1.92924e-005 -7.00595e-011 -7.00595e-011
8.59 -5.74203e-007 -2.22951e-005 1.86623e-005 -6.37111e-011 -6.37111e-011
8.6 -6.81582e-007 -2.22773e-005 1.81416e-005 -5.49433e-011 -5.49433e-011
8.61 -7.66446e-007 -2.23201e-005 1.77437e-005 -4.6663e-011 -4.6663e-011
8.62 -8.40099e-007 -2.2487e-005 1.74688e-005 -4.06802e-011 -4.06802e-011
8.63 -9.15733e-007 -2.28071e-005 1.73046e-005 -3.7651e-011 -3.7651e-011
8.64 -1.00875e-006 -2.32613e-005 1.72304e-005 -3.76411e-011 -3.76411e-011
8.65 -1.1146e-006 -2.38158e-005 1.72148e-005 -4.06035e-011 -4.06035e-011
8.66 -1.26997e-006 -2.44105e-005 1.72041e-005 -4.69949e-011 -4.69949e-011
8.67 -1.4651e-006 -2.49597e-005 1.71302e-005 -5.70226e-011 -5.70226e-011
8.68 -1.75477e-006 -2.53258e-005 1.69152e-005 -6.84735e-011 -6.84735e-011
8.69 -2.14387e-006 -2.53906e-005 1.6502e-005 -7.71322e-011 -7.71322e-011
8.7 -2.60063e-006 -2.51176e-005 1.58603e-005 -8.09769e-011 -8.09769e-011
8.71 -3.1095e-006 -2.45421e-005 1.49725e-005 -8.15187e-011 -8.15187e-011
8.72 -3.65147e-006 -2.37015e-005 1.38312e-005 -7.98142e-011 -7.98142e-011
8.73 -4.19598e-006 -2.25788e-005 1.24486e-005 -7.51895e-011 -7.51895e-011
8.74 -4.70773e-006 -2.11501e-005 1.08744e-005 -6.72892e-011 -6.72892e-011
8.75 -5.14649e-006 -1.94759e-005 9.19675e-006 -5.69023e-011 -5.69023e-011
8.76 -5.47548e-006 -1.77086e-005 7.51425e-006 -4.59068e-011 -4.59068e-011
8.77 -5.67142e-006 -1.60085e-005 5.89953e-006 -3.64493e-011 -3.64493e-011
8.78 -5.72839e-006 -1.44277e-005 4.37379e-006 -2.95777e-011 -2.95777e-011
8.79 -5.66664e-006 -1.28735e-005 2.9056e-006 -2.46452e-011 -2.46452e-011
8.8 -5.51326e-006 -1.11842e-005 1.43553e-006 -2.02256e-011 -2.02256e-011
8.81 -5.29403e-006 -9.21396e-006 -8.67061e-008 -1.55582e-011 -1.55582e-011
8.82 -5.03068e-006 -6.8865e-006 -1.67869e-006 -1.02788e-011 -1.02788e-011
8.83 -4.6154e-006 -4.22808e-006 -3.33637e-006 -3.75194e-012 -3.75194e-012
8.84 -3.93501e-006 -1.45986e-006 -4.95537e-006 1.90158e-012 1.90158e-012
8.85 -3.1976e-006 1.18875e-006 -6.55096e-006 5.71583e-012 5.71583e-012
8.86 -2.54709e-006 3.53728e-006 -8.16078e-006 1.17839e-011 1.17839e-011
8.87 -1.9877e-006 5.51522e-006 -9.81475e-006 1.96616e-011 1.96616e-011
8.88 -1.54015e-006 7.21887e-006 -1.15468e-005 2.43481e-011 2.43481e-011
8.89 -1.2411e-006 8.87696e-006 -1.33861e-005 2.51483e-011 2.51483e-011
8.9 -1.03315e-006 1.07067e-005 -1.53421e-005 2.48356e-011 2.48356e-011
8.91 -6.56879e-007 1.28247e-005 -1.74388e-005 2.40848e-011 2.40848e-011
8.92 1.74132e-007 1.5201e-005 -1.96313e-005 1.88011e-011 1.88011e-011
8.93 1.48236e-006 1.77493e-005 -2.18388e-005 5.50441e-012 5.50441e-012
8.94 3.30035e-006 2.03847e-005 -2.40037e-005 -1.2059e-011 -1.2059e-011
8.95 5.44603e-006 2.30393e-005 -2.59895e-005 -2.6956e-011 -2.6956e-011
8.96 7.89664e-006 2.56785e-005 -2.7764e-005 -3.61154e-011 -3.61154e-011
8.97 1.04071e-005 2.82479e-005 -2.92041e-005 -4.23407e-011 -4.23407e-011
8.98 1.30784e-005 3.0722e-005 -3.03226e-005 -4.92164e-011 -4.92164e-011
8.99 1.56713e-005 3.30028e-005 -3.11222e-005 -5.4564e-011 -5.4564e-011
9 1.80446e-005 3.49229e-005 -3.16199e-005 -5.7584e-011 -5.7584e-011
9.01 2.01456e-005 3.63728e-005 -3.18463e-005 -6.49404e-011 -6.49404e-011
9.02 2.1721e-005 3.72496e-005 -3.18176e-005 -8.35463e-011 -8.35463e-011
9.03 2.27172e-005 3.75458e-005 -3.15422e-005 -1.13519e-010 -1.13519e-010
9.04 2.3372e-005 3.736e-005 -3.10527e-005 -1.43274e-010 -1.43274e-010
9.05 2.3854e-005 3.68051e-005 -3.03637e-005 -1.65839e-010 -1.65839e-010
9.06 2.41129e-005 3.59612e-005 -2.94671e-005 -1.91799e-010 -1.91799e-010
9.07 2.41041e-005 3.49184e-005 -2.83551e-005 -2.2491e-010 -2.2491e-010
9.08 2.38304e-005 3.37699e-005 -2.70146e-005 -2.53964e-010 -2.53964e-010
9.09 2.32797e-005 3.25984e-005 -2.54281e-005 -2.69013e-010 -2.69013e-010
9.1 2.24628e-005 3.146e-005 -2.35924e-005 -2.67223e-010 -2.67223e-010
9.11 2.13778e-005 3.03329e-005 -2.15237e-005 -2.5113e-010 -2.5113e-010
9.12 2.00133e-005 2.9123e-005 -1.92629e-005 -2.25218e-010 -2.25218e-010
9.13 1.83722e-005 2.77152e-005 -1.68677e-005 -1.92707e-010 -1.92707e-010
9.14 1.6482e-005 2.60304e-005 -1.43941e-005 -1.55051e-010 -1.55051e-010
9.15 1.44072e-005 2.40683e-005 -1.18897e-005 -1.14482e-010 -1.14482e-010
9.16 1.22462e-005 2.18971e-005 -9.40338e-006 -7.58683e-011 -7.58683e-011
9.17 1.0066e-005 1.95506e-005 -6.99117e-006 -4.51345e-011 -4.51345e-011
9.18 7.87633e-006 1.69517e-005 -4.70017e-006 -2.55162e-011 -2.55162e-011
9.19 5.64085e-006 1.39549e-005 -2.54699e-006 -1.5081e-011 -1.5081e-011
9.2 3.29547e-006 1.04565e-005 -4.99608e-007 -1.00654e-011 -1.00654e-011
9.21 1.07551e-006 6.44244e-006 1.57842e-006 -6.91261e-012 -6.91261e-012
9.22 -5.73516e-007 2.0276e-006 3.73553e-006 -1.178e-012 -1.178e-012
9.23 -7.13635e-007 -2.3593e-006 5.77371e-006 8.61187e-012 8.61187e-012
9.24 -5.68521e-007 -6.65312e-006 7.79748e-006 1.19496e-011 1.19496e-011
9.25 -5.8074e-007 -1.08768e-005 9.83137e-006 -5.84056e-013 -5.84056e-013
9.26 -7.45217e-007 -1.49441e-005 1.17922e-005 -1.55645e-011 -1.55645e-011
9.27 -1.07739e-006 -1.87825e-005 1.36424e-005 -2.02559e-011 -2.02559e-011
9.28 -1.58425e-006 -2.22424e-005 1.53537e-005 -2.27457e-011 -2.27457e-011
9.29 -1.9126e-006 -2.51969e-005 1.69461e-005 -3.51597e-011 -3.51597e-011
9.3 -1.4556e-006 -2.76266e-005 1.85007e-005 -6.80173e-011 -6.80173e-011
9.31 -9.13886e-007 -2.94601e-005 1.99733e-005 -1.32055e-010 -1.32055e-010
9.32 -6.00395e-007 -3.07397e-005 2.13031e-005 -2.15933e-010 -2.15933e-010
9.33 -3.65422e-007 -3.1616e-005 2.24902e-005 -2.89579e-010 -2.89579e-010
9.34 -2.15628e-007 -3.21884e-005 2.34656e-005 -3.50165e-010 -3.50165e-010
9.35 -6.27946e-008 -3.25765e-005 2.4172e-005 -4.17531e-010 -4.17531e-010
9.36 1.36178e-007 -3.28654e-005 2.45639e-005 -4.88739e-010 -4.88739e-010
9.37 3.79235e-007 -3.30912e-005 2.46134e-005 -5.36065e-010 -5.36065e-010
9.38 6.87803e-007 -3.3267e-005 2.43278e-005 -5.40986e-010 -5.40986e-010
9.39 1.11795e-006 -3.33883e-005 2.37349e-005 -5.12707e-010 -5.12707e-010
9.4 1.61958e-006 -3.34152e-005 2.2854e-005 -4.70577e-010 -4.70577e-010
9.41 2.08019e-006 -3.32238e-005 2.16989e-005 -4.20989e-010 -4.20989e-010
9.42 2.4092e-006 -3.26462e-005 2.02818e-005 -3.61405e-010 -3.61405e-010
9.43 2.52623e-006 -3.15597e-005 1.86112e-005 -2.93963e-010 -2.93963e-010
9.44 2.36769e-006 -2.99215e-005 1.67077e-005 -2.28647e-010 -2.28647e-010
9.45 1.90699e-006 -2.7756e-005 1.4614e-005 -1.78064e-010 -1.78064e-010
9.46 1.1519e-006 -2.51122e-005 1.23979e-005 -1.48402e-010 -1.48402e-010
9.47 1.32651e-007 -2.20164e-005 1.0131e-005 -1.35324e-010 -1.35324e-010
9.48 -1.10709e-006 -1.8468e-005 7.8599e-006 -1.29165e-010 -1.29165e-010
9.49 -2.50834e-006 -1.44864e-005 5.6018e-006 -1.22312e-010 -1.22312e-010
9.5 -3.989e-006 -1.01745e-005 3.35447e-006 -1.11056e-010 -1.11056e-010
9.51 -5.45071e-006 -5.76036e-006 1.10885e-006 -9.23658e-011 -9.23658e-011
9.52 -6.08991e-006 -1.43996e-006 -1.25735e-006 -5.60767e-011 -5.60767e-011
9.53 -4.29807e-006 2.61454e-006 -3.68732e-006 5.86412e-012 5.86412e-012
9.54 -1.75325e-006 6.29947e-006 -6.06597e-006 7.10721e-011 7.10721e-011
9.55 8.34805e-007 9.8159e-006 -8.47033e-006 1.06249e-010 1.06249e-010
9.56 3.64518e-006 1.33257e-005 -1.09331e-005 1.10885e-010 1.10885e-010
9.57 6.65945e-006 1.68642e-005 -1.34234e-005 1.01446e-010 1.01446e-010
9.58 9.85118e-006 2.04462e-005 -1.59606e-005 7.83866e-011 7.83866e-011
9.59 1.3187e-005 2.40964e-005 -1.85599e-005 2.99855e-011 2.99855e-011
9.6 1.66336e-005 2.78588e-005 -2.12214e-005 -4.80828e-011 -4.80828e-011
9.61 2.01186e-005 3.17088e-005 -2.3909e-005 -1.44071e-010 -1.44071e-010
9.62 2.35189e-005 3.55131e-005 -2.65571e-005 -2.37149e-010 -2.37149e-010
9.63 2.76124e-005 3.91562e-005 -2.90907e-005 -3.22078e-010 -3.22078e-010
9.64 3.3757e-005 4.2623e-005 -3.16027e-005 -4.53295e-010 -4.53295e-010
9.65 4.03256e-005 4.59285e-005 -3.40512e-005 -6.47072e-010 -6.47072e-010
9.66 4.62358e-005 4.90728e-005 -3.62099e-005 -7.94833e-010 -7.94833e-010
9.67 5.18083e-005 5.21314e-005 -3.81354e-005 -8.42386e-010 -8.42386e-010
9.68 5.69361e-005 5.49934e-005 -3.97967e-005 -8.57989e-010 -8.57989e-010
9.69 6.13126e-005 5.74793e-005 -4.11968e-005 -8.93527e-010 -8.93527e-010
9.7 6.46449e-005 5.94485e-005 -4.23066e-005 -9.18274e-010 -9.18274e-010
9.71 6.68982e-005 6.08599e-005 -4.31335e-005 -8.70453e-010 -8.70453e-010
9.72 6.81063e-005 6.17297e-005 -4.36831e-005 -7.43458e-010 -7.43458e-010
9.73 6.83415e-005 6.20612e-005 -4.39868e-005 -5.91077e-010 -5.91077e-010
9.74 6.78586e-005 6.18985e-005 -4.4086e-005 -4.67424e-010 -4.67424e-010
9.75 6.7063e-005 6.13532e-005 -4.40526e-005 -3.90417e-010 -3.90417e-010
9.76 6.60417e-005 6.05024e-005 -4.39531e-005 -3.44884e-010 -3.44884e-010
9.77 6.47341e-005 5.92848e-005 -4.38247e-005 -3.14692e-010 -3.14692e-010
9.78 6.3031e-005 5.75339e-005 -4.3674e-005 -3.1277e-010 -3.1277e-010
9.79 6.07804e-005 5.51268e-005 -4.34644e-005 -3.61915e-010 -3.61915e-010
9.8 5.79284e-005 5.20798e-005 -4.31243e-005 -4.57406e-010 -4.57406e-010
9.81 5.45079e-005 4.85447e-005 -4.25641e-005 -5.63264e-010 -5.63264e-010
9.82 5.06279e-005 4.47598e-005 -4.17013e-005 -6.39173e-010 -6.39173e-010
9.83 4.64498e-005 4.09671e-005 -4.04773e-005 -6.66054e-010 -6.66054e-010
9.84 4.20616e-005 3.73125e-005 -3.88504e-005 -6.46242e-010 -6.46242e-010
9.85 3.74862e-005 3.38146e-005 -3.6807e-005 -5.85266e-010 -5.85266e-010
9.86 3.2725e-005 3.04313e-005 -3.43582e-005 -4.82532e-010 -4.82532e-010
9.87 2.78064e-005 2.71196e-005 -3.15321e-005 -3.40676e-010 -3.40676e-010
9.88 2.2785e-005 2.38499e-005 -2.83635e-005 -1.75679e-010 -1.75679e-010
9.89 1.77162e-005 2.05815e-005 -2.48954e-005 -1.32008e-011 -1.32008e-011
9.9 1.26425e-005 1.72535e-005 -2.11826e-005 1.23999e-010 1.23999e-010
9.91 7.62201e-006 1.38309e-005 -1.72897e-005 2.24439e-010 2.24439e-010
9.92 2.76963e-006 1.03566e-005 -1.32811e-005 2.86453e-010 2.86453e-010
9.93 -1.75796e-006 6.91951e-006 -9.20365e-006 3.11311e-010 3.11311e-010
9.94 -5.26002e-006 3.51856e-006 -5.00265e-006 2.89814e-010 2.89814e-010
9.95 -7.37911e-006 1.87294e-007 -7.41797e-007 2.16064e-010 2.16064e-010
9.96 -6.18618e-006 -2.88756e-006 3.24968e-006 9.60112e-011 9.60112e-011
9.97 -3.87897e-006 -5.60136e-006 6.85645e-006 -4.84625e-011 -4.84625e-011
9.98 -1.62687e-006 -8.15591e-006 1.0242e-005 -1.64285e-010 -1.64285e-010
9.99 5.16875e-007 -1.05393e-005 1.3369e-005 -2.26432e-010 -2.26432e-010
10 2.5901e-006 -1.27906e-005 1.62462e-005 -2.60508e-010 -2.60508e-010
