0.1 -1.71928e-018 0 -3.77433e-018 2.80135e-018 0 4.28818e-016
0.2 -4.37328e-018 0 -4.32389e-018 6.10068e-017 0 3.71731e-016
0.3 -8.00008e-018 0 1.91812e-017 4.70594e-017 0 6.80745e-016
0.4 1.28167e-018 0 -3.68721e-017 6.74446e-017 0 9.67361e-016
0.5 3.75715e-019 0 4.74863e-017 9.86274e-017 0 6.54003e-016
0.6 -2.7913e-018 0 4.29502e-017 1.35833e-016 0 5.13019e-016
0.7 -3.36384e-018 0 -5.45838e-017 2.26718e-016 0 1.87828e-016
0.8 -8.66822e-019 0 4.98934e-017 2.51961e-016 0 6.18254e-016
0.9 -1.36105e-017 0 1.03136e-016 2.70576e-016 0 -3.03932e-016
1 -6.3696e-018 0 2.41591e-016 3.38179e-016 0 -5.58025e-016
0.01 -2.31675e-005 0 2.76759e-005 -2.371e-005 0 2.82031e-005
0.02 -8.93846e-005 0 0.000108312 -9.31891e-005 0 0.000112055
0.03 -0.000169164 0 0.000206693 -0.000182407 0 0.000219885
0.04 -0.000237161 0 0.000285573 -0.000268563 0 0.000317172
0.05 -0.000294845 0 0.000337756 -0.000353155 0 0.000396713
0.06 -0.000342296 0 0.000358885 -0.000433701 0 0.000450964
0.07 -0.000377857 0 0.000347589 -0.000504046 0 0.000472728
0.08 -0.000399412 0 0.000306355 -0.000556595 0 0.000457234
0.09 -0.000405516 0 0.000240798 -0.000584568 0 0.000403016
0.1 -0.000396063 0 0.000157563 -0.000583737 0 0.000311464
0.11 -0.000372268 0 6.25445e-005 -0.000553256 0 0.000186309
0.12 -0.000336209 0 -4.06021e-005 -0.000495645 0 3.27045e-005
0.13 -0.000290459 0 -0.000151572 -0.00041635 0 -0.000144171
0.14 -0.000237764 0 -0.000272552 -0.00032286 0 -0.000339337
0.15 -0.00018055 0 -0.000405478 -0.000223259 0 -0.000546838
0.16 -0.000120008 0 -0.00055011 -0.000124186 0 -0.00075942
0.17 -5.59571e-005 0 -0.000704109 -2.95713e-005 0 -0.000969888
0.18 1.20291e-005 0 -0.000864648 5.90627e-005 0 -0.00117343
0.19 8.38251e-005 0 -0.00103039 0.000142138 0 -0.00136974
0.2 0.000158375 0 -0.00120108 0.000221381 0 -0.00156221
0.21 0.000234059 0 -0.00137525 0.000299404 0 -0.0017548
0.22 0.000310054 0 -0.00154928 0.00038 0 -0.00194987
0.23 0.000386166 0 -0.00171808 0.00046691 0 -0.00214746
0.24 0.00046161 0 -0.00187668 0.000561744 0 -0.00234573
0.25 0.000534601 0 -0.00202124 0.000663057 0 -0.00254112
0.26 0.000603955 0 -0.00214934 0.000767881 0 -0.00272862
0.27 0.00067265 0 -0.00226143 0.000875786 0 -0.00290365
0.28 0.00074741 0 -0.0023616 0.000989519 0 -0.00306405
0.29 0.000832436 0 -0.00245633 0.00110998 0 -0.00321025
0.3 0.000925848 0 -0.00255228 0.00123351 0 -0.0033446
0.31 0.00102426 0 -0.00265346 0.00135667 0 -0.00346954
0.32 0.00112542 0 -0.00275793 0.00147864 0 -0.0035847
0.33 0.00122498 0 -0.00285738 0.00159739 0 -0.00368575
0.34 0.00131726 0 -0.00294192 0.00170957 0 -0.00376801
0.35 0.00139788 0 -0.00300614 0.00181239 0 -0.00383095
0.36 0.00146352 0 -0.00304999 0.00190271 0 -0.00387796
0.37 0.00151218 0 -0.00307405 0.00197715 0 -0.00391097
0.38 0.0015447 0 -0.00307475 0.00203393 0 -0.00392547
0.39 0.0015633 0 -0.00304617 0.00207205 0 -0.00391235
0.4 0.00156798 0 -0.00298694 0.00208856 0 -0.0038653
0.41 0.00155731 0 -0.00290282 0.0020799 0 -0.00378446
0.42 0.00153042 0 -0.00280198 0.00204429 0 -0.00367307
0.43 0.00148799 0 -0.00268867 0.00198282 0 -0.00353243
0.44 0.00143323 0 -0.00256138 0.00190035 0 -0.00336067
0.45 0.00136917 0 -0.00241778 0.00180262 0 -0.00315766
0.46 0.00129778 0 -0.00226022 0.00169484 0 -0.00292985
0.47 0.00122239 0 -0.00209399 0.00158362 0 -0.00268789
0.48 0.00114516 0 -0.00192157 0.00147384 0 -0.00244001
0.49 0.00106516 0 -0.00174155 0.00136633 0 -0.00218985
0.5 0.000984341 0 -0.00155244 0.00126348 0 -0.0019393
0.51 0.00090843 0 -0.00135433 0.00117029 0 -0.00168957
0.52 0.000839942 0 -0.0011462 0.00108789 0 -0.00143832
0.53 0.000780065 0 -0.000925165 0.00101593 0 -0.00117915
0.54 0.000735975 0 -0.000693343 0.000960422 0 -0.000909263
0.55 0.000717259 0 -0.000463595 0.000930928 0 -0.000636415
0.56 0.000722634 0 -0.000249644 0.000927547 0 -0.000370683
0.57 0.000732625 0 -5.13873e-005 0.000932838 0 -0.000110885
0.58 0.000722159 0 0.000140825 0.000922693 0 0.000151131
0.59 0.000682376 0 0.000330415 0.000886759 0 0.000415427
0.6 0.000624847 0 0.000508897 0.000832835 0 0.00066903
0.61 0.000562607 0 0.000662729 0.000769431 0 0.000893225
0.62 0.000497599 0 0.000783876 0.00069482 0 0.00107456
0.63 0.000438597 0 0.000873108 0.000616118 0 0.00120888
0.64 0.000407648 0 0.00093544 0.000556807 0 0.00129774
0.65 0.000407872 0 0.000976948 0.000524981 0 0.00134607
0.66 0.00041712 0 0.00100021 0.000505543 0 0.00135803
0.67 0.00042018 0 0.000999853 0.000489732 0 0.00133211
0.68 0.000419333 0 0.000971628 0.000483634 0 0.0012692
0.69 0.000419584 0 0.000921185 0.000492763 0 0.00118025
0.7 0.000423687 0 0.000854694 0.000517378 0 0.00107612
0.71 0.00043595 0 0.000767147 0.000557215 0 0.000955118
0.72 0.000455062 0 0.000643561 0.000605543 0 0.000803257
0.73 0.00046969 0 0.000473002 0.000645706 0 0.000607518
0.74 0.000466116 0 0.000266622 0.000659202 0 0.000374227
0.75 0.000436356 0 5.45816e-005 0.000634062 0 0.000127804
0.76 0.000382737 0 -0.00014089 0.000569915 0 -0.000113704
0.77 0.000319946 0 -0.000318947 0.000480899 0 -0.000350493
0.78 0.00027416 0 -0.000488927 0.000395945 0 -0.000589701
0.79 0.00026735 0 -0.000656458 0.000343844 0 -0.000832438
0.8 0.000299775 0 -0.00082034 0.000335068 0 -0.00107182
0.81 0.000358251 0 -0.000982713 0.000367568 0 -0.00130435
0.82 0.000431681 0 -0.00115701 0.000439146 0 -0.00153923
0.83 0.000512601 0 -0.00135522 0.000546509 0 -0.00178702
0.84 0.000596675 0 -0.00157111 0.000683624 0 -0.00204327
0.85 0.00069209 0 -0.00178627 0.000851729 0 -0.00229373
0.86 0.000817431 0 -0.00198021 0.00105963 0 -0.00252258
0.87 0.000966444 0 -0.00212607 0.00129128 0 -0.00270598
0.88 0.00110469 0 -0.00219815 0.0015037 0 -0.00281779
0.89 0.00122219 0 -0.00219446 0.00167999 0 -0.00285133
0.9 0.00135176 0 -0.00214062 0.00184922 0 -0.0028246
0.91 0.00152514 0 -0.00206138 0.00204492 0 -0.00275458
0.92 0.00172398 0 -0.00194693 0.0022564 0 -0.0026257
0.93 0.00189505 0 -0.00175927 0.00244041 0 -0.00239639
0.94 0.00201197 0 -0.00148173 0.00257813 0 -0.00204783
0.95 0.00209175 0 -0.00115616 0.00268906 0 -0.00162153
0.96 0.00216338 0 -0.000854875 0.00280043 0 -0.00119361
0.97 0.00223107 0 -0.000611605 0.00291214 0 -0.000807841
0.98 0.0022623 0 -0.000400859 0.00298562 0 -0.000453745
0.99 0.00223505 0 -0.000185646 0.00299079 0 -0.000110144
1 0.00217029 0 3.94337e-005 0.00293995 0 0.000216137
1.01 0.00208647 0 0.00024741 0.00284501 0 0.000491609
1.02 0.00197911 0 0.000409273 0.00269918 0 0.000686213
1.03 0.0018653 0 0.000533468 0.00252212 0 0.000811945
1.04 0.00178773 0 0.000669054 0.00236477 0 0.000926093
1.05 0.00175715 0 0.000856498 0.00225159 0 0.00108242
1.06 0.0017322 0 0.0010907 0.00215692 0 0.0012928
1.07 0.00167111 0 0.00133471 0.00205095 0 0.00153703
1.08 0.00158437 0 0.00154537 0.00194844 0 0.00178333
1.09 0.00150335 0 0.00169866 0.00187745 0 0.00200993
1.1 0.00140909 0 0.00180998 0.00180987 0 0.00222451
1.11 0.00125966 0 0.0019214 0.00168978 0 0.00245443
1.12 0.00107766 0 0.00206483 0.00152315 0 0.00271484
1.13 0.000940937 0 0.00223137 0.00137445 0 0.00298243
1.14 0.000888834 0 0.00236704 0.00127939 0 0.0031927
1.15 0.000924353 0 0.00240447 0.00124953 0 0.00327078
1.16 0.00106592 0 0.0023127 0.00132254 0 0.00317965
1.17 0.00130408 0 0.00213247 0.00151463 0 0.00295598
1.18 0.00158601 0 0.00195794 0.00179781 0 0.00269517
1.19 0.00185259 0 0.00185939 0.00212838 0 0.00247784
1.2 0.00205283 0 0.00183014 0.00245479 0 0.00231682
1.21 0.00215858 0 0.00181142 0.00273028 0 0.00217726
1.22 0.00216685 0 0.00174403 0.00291861 0 0.00202066
1.23 0.002092 0 0.00159361 0.00299411 0 0.00182361
1.24 0.00197158 0 0.00135673 0.00295787 0 0.0015807
1.25 0.00187425 0 0.00105509 0.00285641 0 0.00129977
1.26 0.00187028 0 0.000717995 0.00276055 0 0.000988545
1.27 0.00198462 0 0.000374388 0.00272093 0 0.000652757
1.28 0.00219646 0 5.23606e-005 0.00276181 0 0.000301645
1.29 0.0024481 0 -0.000225078 0.00287745 0 -5.13761e-005
1.3 0.0026675 0 -0.000438574 0.00303924 0 -0.000384626
1.31 0.00283021 0 -0.000578672 0.00324508 0 -0.000674464
1.32 0.00295776 0 -0.000668281 0.00351294 0 -0.000921004
1.33 0.00305967 0 -0.000768476 0.0038255 0 -0.00116035
1.34 0.00316603 0 -0.00094255 0.00417096 0 -0.00143658
1.35 0.00336498 0 -0.00119281 0.00459341 0 -0.00174423
1.36 0.00370268 0 -0.0014396 0.00510683 0 -0.00200737
1.37 0.00411042 0 -0.00159296 0.00562935 0 -0.00214619
1.38 0.00446169 0 -0.00163672 0.00603744 0 -0.00215551
1.39 0.00466722 0 -0.00164266 0.00625264 0 -0.00211705
1.4 0.00471181 0 -0.00171068 0.00627114 0 -0.00214144
1.41 0.00459846 0 -0.00185174 0.00610407 0 -0.00225256
1.42 0.00433973 0 -0.00194916 0.00576754 0 -0.00234511
1.43 0.00400835 0 -0.00188362 0.00533483 0 -0.00230214
1.44 0.00367662 0 -0.0016529 0.00488006 0 -0.00211055
1.45 0.00332799 0 -0.00136454 0.00439197 0 -0.00185742
1.46 0.00288657 0 -0.00114168 0.00380058 0 -0.00164541
1.47 0.00229948 0 -0.00100604 0.00305425 0 -0.00148429
1.48 0.00154638 0 -0.000851815 0.00212619 0 -0.0012663
1.49 0.000577532 0 -0.000558429 0.000951937 0 -0.00087384
1.5 -0.000647478 0 -9.83635e-005 -0.000531121 0 -0.000281931
1.51 -0.00200103 0 0.00047436 -0.00221868 0 0.000454432
1.52 -0.00318031 0 0.00109975 -0.0038163 0 0.00127357
1.53 -0.00396347 0 0.00176602 -0.00507798 0 0.0021594
1.54 -0.00438118 0 0.00249092 -0.00597499 0 0.00312322
1.55 -0.00458466 0 0.00326256 -0.00658079 0 0.00414609
1.56 -0.00468573 0 0.00403665 -0.00693677 0 0.00517636
1.57 -0.00474919 0 0.00476441 -0.0070662 0 0.00615683
1.58 -0.00482742 0 0.0053836 -0.00702095 0 0.0070145
1.59 -0.00496641 0 0.00582052 -0.00688914 0 0.0076613
1.6 -0.00521594 0 0.00604473 -0.00679747 0 0.00804869
1.61 -0.00559559 0 0.00614234 -0.00686141 0 0.00824478
1.62 -0.00600103 0 0.00627677 -0.00706846 0 0.00840377
1.63 -0.00616761 0 0.00649147 -0.00721252 0 0.00857598
1.64 -0.00577331 0 0.0066197 -0.00696838 0 0.00861493
1.65 -0.00466996 0 0.00646974 -0.00610979 0 0.00835025
1.66 -0.00302087 0 0.00603108 -0.00466331 0 0.00778308
1.67 -0.00118393 0 0.00546272 -0.00283626 0 0.00707373
1.68 0.000512398 0 0.00492692 -0.000847292 0 0.00638296
1.69 0.00188498 0 0.00445315 0.00114901 0 0.00574253
1.7 0.002883 0 0.00397942 0.00303631 0 0.0050968
1.71 0.00358879 0 0.00347993 0.00475441 0 0.00442711
1.72 0.00421774 0 0.00297248 0.00634107 0 0.00375693
1.73 0.00499349 0 0.00244452 0.00786071 0 0.00307689
1.74 0.00601205 0 0.0018385 0.00931386 0 0.00232832
1.75 0.00725548 0 0.00108912 0.0106734 0 0.001438
1.76 0.00864775 0 0.00015494 0.0119368 0 0.000348572
1.77 0.0100244 0 -0.000960261 0.0130696 0 -0.000958247
1.78 0.0111148 0 -0.0021789 0.0139441 0 -0.00242731
1.79 0.0117047 0 -0.0033539 0.0144551 0 -0.00392516
1.8 0.0118116 0 -0.00436999 0.014663 0 -0.00533227
1.81 0.0116149 0 -0.00524317 0.0147218 0 -0.00664018
1.82 0.0112977 0 -0.00607024 0.0147389 0 -0.00790789
1.83 0.0109821 0 -0.00690485 0.0147402 0 -0.00914948
1.84 0.0107381 0 -0.00770346 0.0147085 0 -0.0102891
1.85 0.0105693 0 -0.00835379 0.0145913 0 -0.0111925
1.86 0.010374 0 -0.0087575 0.0142707 0 -0.011748
1.87 0.0100697 0 -0.0089097 0.0136843 0 -0.0119447
1.88 0.00980681 0 -0.0088947 0.013033 0 -0.0118699
1.89 0.00982981 0 -0.00880806 0.0126395 0 -0.0116341
1.9 0.0100512 0 -0.00869231 0.0125114 0 -0.0113076
1.91 0.0100352 0 -0.00853074 0.0122929 0 -0.0109096
1.92 0.00941437 0 -0.00827707 0.0116405 0 -0.0104303
1.93 0.00808261 0 -0.00790591 0.010395 0 -0.00987183
1.94 0.00608776 0 -0.00744474 0.00848289 0 -0.00927519
1.95 0.00356006 0 -0.00694211 0.00587814 0 -0.00868773
1.96 0.00076218 0 -0.00642914 0.00269877 0 -0.00812768
1.97 -0.00192646 0 -0.0059139 -0.000759132 0 -0.00758285
1.98 -0.00421921 0 -0.00538544 -0.00419383 0 -0.0070191
1.99 -0.00609094 0 -0.00483196 -0.00746086 0 -0.00640272
2 -0.00772586 0 -0.00424184 -0.0105524 0 -0.00570491
2.01 -0.00935583 0 -0.00357351 -0.0134921 0 -0.00487361
2.02 -0.0111186 0 -0.00274121 -0.0162518 0 -0.00381809
2.03 -0.0130549 0 -0.00165232 -0.0187906 0 -0.00244249
2.04 -0.0151556 0 -0.000287728 -0.0211177 0 -0.000723266
2.05 -0.0172577 0 0.00125815 -0.0231765 0 0.00124929
2.06 -0.0190414 0 0.00283875 -0.0248009 0 0.0033264
2.07 -0.0203135 0 0.00434529 -0.0259472 0 0.00538474
2.08 -0.0211536 0 0.00573653 -0.0267997 0 0.00735457
2.09 -0.0217305 0 0.00700399 -0.0275719 0 0.00918892
2.1 -0.0220942 0 0.00811386 -0.0282985 0 0.0108121
2.11 -0.022187 0 0.00900606 -0.0288549 0 0.0121249
2.12 -0.022025 0 0.00965085 -0.029155 0 0.0130659
2.13 -0.0217511 0 0.0100651 -0.0292305 0 0.0136328
2.14 -0.0214952 0 0.0102961 -0.0291241 0 0.0138703
2.15 -0.0212427 0 0.0104088 -0.0287812 0 0.0138599
2.16 -0.0208014 0 0.0104505 -0.0280192 0 0.0136836
2.17 -0.0199546 0 0.0104004 -0.0266649 0 0.0133674
2.18 -0.0187092 0 0.0101549 -0.0247824 0 0.012855
2.19 -0.017234 0 0.00960402 -0.0226008 0 0.0120702
2.2 -0.0155379 0 0.00874021 -0.0201848 0 0.0110155
2.21 -0.0134628 0 0.00766502 -0.0174137 0 0.00977917
2.22 -0.0109511 0 0.00650971 -0.0142356 0 0.0084641
2.23 -0.00813385 0 0.00536302 -0.0107554 0 0.00712804
2.24 -0.00519149 0 0.0042344 -0.00711021 0 0.00575633
2.25 -0.00223895 0 0.00306547 -0.00337512 0 0.0042776
2.26 0.000623849 0 0.00177345 0.000370012 0 0.0026061
2.27 0.00332713 0 0.000294156 0.00404628 0 0.000680956
2.28 0.00594755 0 -0.00137774 0.00769386 0 -0.00149697
2.29 0.00862042 0 -0.00318724 0.0113985 0 -0.00386454
2.3 0.0113618 0 -0.00506319 0.0151304 0 -0.00633926
2.31 0.0141071 0 -0.00693466 0.0187934 0 -0.00883435
2.32 0.0168091 0 -0.00871371 0.0223256 0 -0.0112405
2.33 0.0194073 0 -0.0103098 0.0256675 0 -0.01344
2.34 0.0217878 0 -0.0116758 0.0287162 0 -0.0153539
2.35 0.0238186 0 -0.0128174 0.0313499 0 -0.0169566
2.36 0.0254102 0 -0.0137589 0.0334793 0 -0.0182471
2.37 0.0264972 0 -0.0145135 0.0350232 0 -0.019225
2.38 0.0270524 0 -0.0150733 0.0359235 0 -0.0198835
2.39 0.0272155 0 -0.0154069 0.0362832 0 -0.0202047
2.4 0.0272107 0 -0.0154435 0.0363014 0 -0.020139
2.41 0.0271291 0 -0.0150618 0.036072 0 -0.0195848
2.42 0.026953 0 -0.014158 0.0356103 0 -0.018447
2.43 0.0265877 0 -0.0127781 0.034875 0 -0.0167652
2.44 0.0257793 0 -0.011145 0.0336636 0 -0.0147476
2.45 0.0242604 0 -0.00949996 0.0317316 0 -0.012626
2.46 0.0220233 0 -0.00793379 0.0290507 0 -0.0104994
2.47 0.0193014 0 -0.00638817 0.0257992 0 -0.00833564
2.48 0.0163307 0 -0.00476779 0.0221504 0 -0.00607528
2.49 0.0132135 0 -0.00302276 0.0181625 0 -0.0037028
2.5 0.00992106 0 -0.00115066 0.0137953 0 -0.00123995
2.51 0.00638664 0 0.000816417 0.00900243 0 0.00127132
2.52 0.00259163 0 0.00279646 0.00380886 0 0.00375229
2.53 -0.00143637 0 0.00468542 -0.00170249 0 0.00610975
2.54 -0.00560677 0 0.00641694 -0.0073834 0 0.00828853
2.55 -0.00975379 0 0.0079744 -0.0130137 0 0.0102785
2.56 -0.0137084 0 0.00936712 -0.0183746 0 0.0120891
2.57 -0.0173644 0 0.010593 -0.0233155 0 0.0137118
2.58 -0.0206928 0 0.0116216 -0.027772 0 0.0151049
2.59 -0.0237323 0 0.0124377 -0.0317624 0 0.0162374
2.6 -0.0265401 0 0.0130742 -0.0353449 0 0.0171257
2.61 -0.0291094 0 0.0135604 -0.0385356 0 0.0177866
2.62 -0.0313364 0 0.0138647 -0.0412679 0 0.0181817
2.63 -0.0330706 0 0.0139407 -0.0434262 0 0.0182644
2.64 -0.0342652 0 0.0138254 -0.0449829 0 0.0180761
2.65 -0.0350974 0 0.0136428 -0.0461152 0 0.0177521
2.66 -0.0357948 0 0.0134892 -0.0470441 0 0.0174098
2.67 -0.0363785 0 0.0133105 -0.0477887 0 0.0170245
2.68 -0.0366578 0 0.0129172 -0.0481592 0 0.0164332
2.69 -0.0364197 0 0.0121505 -0.0479354 0 0.0154883
2.7 -0.0356307 0 0.0110212 -0.0470607 0 0.0141884
2.71 -0.034414 0 0.0097058 -0.0456244 0 0.0126808
2.72 -0.0328225 0 0.00843745 -0.043648 0 0.0111677
2.73 -0.0307203 0 0.00734355 -0.0409729 0 0.00976014
2.74 -0.0279583 0 0.00632753 -0.0374332 0 0.00836557
2.75 -0.0246075 0 0.00515058 -0.0330875 0 0.00676198
2.76 -0.0208774 0 0.00367581 -0.0281461 0 0.00482832
2.77 -0.0169272 0 0.00194947 -0.022792 0 0.0026181
2.78 -0.0128476 0 2.46482e-005 -0.0171669 0 0.000183206
2.79 -0.00864343 0 -0.00214024 -0.0113452 0 -0.00252599
2.8 -0.00420002 0 -0.00453777 -0.00528347 0 -0.00551572
2.81 0.0005218 0 -0.00699348 0.00100525 0 -0.00862469
2.82 0.00533044 0 -0.00925751 0.00730432 0 -0.0116037
2.83 0.009951 0 -0.0111657 0.0133327 0 -0.0142658
2.84 0.0141961 0 -0.0127231 0.0189009 0 -0.016569
2.85 0.0180286 0 -0.0140409 0.0239642 0 -0.0185641
2.86 0.0214859 0 -0.0152373 0.0285467 0 -0.0203129
2.87 0.0245769 0 -0.0164268 0.0326423 0 -0.0218945
2.88 0.027344 0 -0.0176712 0.0362821 0 -0.0233677
2.89 0.029897 0 -0.0188835 0.0395744 0 -0.0246744
2.9 0.0322819 0 -0.0198678 0.0425782 0 -0.0256675
2.91 0.0344269 0 -0.0204878 0.0452474 0 -0.0262603
2.92 0.036231 0 -0.020757 0.0475082 0 -0.0265027
2.93 0.0375988 0 -0.020752 0.0492819 0 -0.0264883
2.94 0.0384443 0 -0.0204876 0.0504793 0 -0.02623
2.95 0.0387275 0 -0.0199266 0.0510349 0 -0.0256708
2.96 0.0384437 0 -0.0190574 0.0508993 0 -0.0247651
2.97 0.0375493 0 -0.0178768 0.049975 0 -0.0234679
2.98 0.0359552 0 -0.0163333 0.0481179 0 -0.0216851
2.99 0.0336483 0 -0.0143602 0.0452672 0 -0.0193123
3 0.0307984 0 -0.0119536 0.041565 0 -0.0163176
3.01 0.02768 0 -0.00918891 0.0372952 0 -0.0127635
3.02 0.0244898 0 -0.006162 0.0327123 0 -0.00875434
3.03 0.0212687 0 -0.00291933 0.0279593 0 -0.00436743
3.04 0.0179056 0 0.0005326 0.0230472 0 0.000341879
3.05 0.0141854 0 0.00412682 0.0178678 0 0.00524817
3.06 0.00994658 0 0.00771434 0.0123167 0 0.0101414
3.07 0.00526506 0 0.0112092 0.00646091 0 0.0148773
3.08 0.000445336 0 0.0146469 0.000543847 0 0.0194445
3.09 -0.0042434 0 0.0180641 -0.00524613 0 0.0238533
3.1 -0.00874946 0 0.0214105 -0.0109262 0 0.0280524
3.11 -0.0130728 0 0.0245331 -0.0165345 0 0.031908
3.12 -0.0170193 0 0.0272406 -0.0218726 0 0.0352556
3.13 -0.0202624 0 0.0294269 -0.0265558 0 0.0380096
3.14 -0.0226974 0 0.0310812 -0.0303676 0 0.0401655
3.15 -0.0246202 0 0.0322244 -0.0334652 0 0.0417342
3.16 -0.0264855 0 0.0328949 -0.0361892 0 0.0427324
3.17 -0.0286395 0 0.033131 -0.0388452 0 0.0431714
3.18 -0.0311725 0 0.0329589 -0.0415803 0 0.0430519
3.19 -0.0337812 0 0.0324237 -0.0442275 0 0.042402
3.2 -0.0359051 0 0.0316039 -0.0463864 0 0.0412976
3.21 -0.0371651 0 0.0305918 -0.0477958 0 0.039847
3.22 -0.0375994 0 0.0294613 -0.0485285 0 0.038159
3.23 -0.0374787 0 0.0282078 -0.0488074 0 0.0362786
3.24 -0.0370407 0 0.0267324 -0.0487683 0 0.034159
3.25 -0.0364193 0 0.0248894 -0.0484287 0 0.0316939
3.26 -0.0356373 0 0.0225025 -0.0477121 0 0.0287183
3.27 -0.0345336 0 0.0193989 -0.0463958 0 0.0250327
3.28 -0.03284 0 0.0155304 -0.0441866 0 0.0205234
3.29 -0.0304333 0 0.0110631 -0.0409641 0 0.0152678
3.3 -0.0274301 0 0.00634819 -0.0368693 0 0.00953288
3.31 -0.0240187 0 0.00179606 -0.0321373 0 0.00368493
3.32 -0.0202648 0 -0.00227233 -0.0269007 0 -0.00193295
3.33 -0.0161736 0 -0.00572846 -0.0212405 0 -0.00709621
3.34 -0.0119273 0 -0.00864497 -0.0154116 0 -0.0117246
3.35 -0.00782393 0 -0.0112227 -0.00977938 0 -0.0158457
3.36 -0.00394827 0 -0.013716 -0.00448962 0 -0.0195649
3.37 -0.000100363 0 -0.0163602 0.000614778 0 -0.0230342
3.38 0.00400904 0 -0.0192574 0.00581944 0 -0.0263602
3.39 0.00856071 0 -0.0222916 0.0113555 0 -0.0295186
3.4 0.0134414 0 -0.0251791 0.0172068 0 -0.0323744
3.41 0.0181946 0 -0.0276115 0.0230243 0 -0.0347803
3.42 0.0223006 0 -0.0293749 0.0283544 0 -0.0366492
3.43 0.0255437 0 -0.0304067 0.0329666 0 -0.0379795
3.44 0.028061 0 -0.0307804 0.0369004 0 -0.038828
3.45 0.0301138 0 -0.0306276 0.0402707 0 -0.0392432
3.46 0.0318712 0 -0.0300897 0.0430988 0 -0.0392423
3.47 0.0333503 0 -0.0293044 0.0452942 0 -0.0388305
3.48 0.0344885 0 -0.0283569 0.0467483 0 -0.0379848
3.49 0.0352184 0 -0.027241 0.0474132 0 -0.0366377
3.5 0.0354144 0 -0.025874 0.0472352 0 -0.0347009
3.51 0.0348708 0 -0.0241457 0.046105 0 -0.0321091
3.52 0.0335393 0 -0.0219866 0.0440643 0 -0.0288717
3.53 0.031664 0 -0.0194204 0.0414233 0 -0.0251073
3.54 0.0295265 0 -0.0165396 0.0385072 0 -0.021002
3.55 0.0271608 0 -0.0134474 0.0353748 0 -0.0167376
3.56 0.0243285 0 -0.0102217 0.031788 0 -0.012447
3.57 0.0207666 0 -0.00690209 0.0274465 0 -0.00819446
3.58 0.0164672 0 -0.00348876 0.022266 0 -0.00397339
3.59 0.0117252 0 5.59415e-005 0.016449 0 0.000290291
3.6 0.00701744 0 0.00376467 0.0104052 0 0.0046886
3.61 0.0027718 0 0.00757896 0.00456282 0 0.00923306
3.62 -0.000916936 0 0.0113277 -0.000897516 0 0.0138147
3.63 -0.00435129 0 0.0148076 -0.00612979 0 0.0182641
3.64 -0.00793331 0 0.0179074 -0.0113784 0 0.0224611
3.65 -0.0118215 0 0.0206635 -0.0166896 0 0.0263901
3.66 -0.015897 0 0.0231847 -0.0219065 0 0.0300788
3.67 -0.0199638 0 0.025581 -0.0268671 0 0.0335491
3.68 -0.0238591 0 0.0279384 -0.031492 0 0.0368146
3.69 -0.0274212 0 0.0302068 -0.0357212 0 0.0397837
3.7 -0.0305095 0 0.0321286 -0.0395006 0 0.0421898
3.71 -0.0330561 0 0.0333751 -0.0428079 0 0.0437137
3.72 -0.0350029 0 0.0337123 -0.0455769 0 0.0441323
3.73 -0.0362726 0 0.033089 -0.0476678 0 0.0433938
3.74 -0.0368663 0 0.0316809 -0.0489786 0 0.0416631
3.75 -0.0368796 0 0.0297673 -0.0494865 0 0.0392107
3.76 -0.0364194 0 0.0275242 -0.0491968 0 0.0362191
3.77 -0.0355365 0 0.025009 -0.0481027 0 0.0327744
3.78 -0.0342323 0 0.0222483 -0.046205 0 0.0289506
3.79 -0.0325155 0 0.0192403 -0.043567 0 0.0248035
3.8 -0.0303944 0 0.0159489 -0.0402929 0 0.0203529
3.81 -0.0278514 0 0.012388 -0.0364796 0 0.015655
3.82 -0.0248977 0 0.00871776 -0.0322452 0 0.010895
3.83 -0.021569 0 0.00520892 -0.027703 0 0.00635641
3.84 -0.0178618 0 0.00198569 -0.0228838 0 0.00217312
3.85 -0.0138042 0 -0.00117487 -0.0178015 0 -0.00187168
3.86 -0.00952583 0 -0.00458258 -0.0125332 0 -0.00609727
3.87 -0.00521139 0 -0.00825938 -0.00719421 0 -0.0105587
3.88 -0.00103449 0 -0.0119815 -0.00189947 0 -0.0150804
3.89 0.00287704 0 -0.0155426 0.00324842 0 -0.0194998
3.9 0.00641406 0 -0.0188764 0.0081197 0 -0.0237725
3.91 0.00941597 0 -0.0219711 0.0124853 0 -0.0278807
3.92 0.0116847 0 -0.0247247 0.0160369 0 -0.0316873
3.93 0.0131945 0 -0.0269584 0.0186138 0 -0.0349514
3.94 0.0142376 0 -0.0285502 0.0203834 0 -0.0374666
3.95 0.0152108 0 -0.0294485 0.0216729 0 -0.0390865
3.96 0.0163423 0 -0.029625 0.02273 0 -0.0396927
3.97 0.0176702 0 -0.0291265 0.0237054 0 -0.0392644
3.98 0.0191524 0 -0.0280858 0.0247365 0 -0.0379038
3.99 0.0207153 0 -0.0266189 0.0259509 0 -0.0357443
4 0.0221287 0 -0.024763 0.0272888 0 -0.0328884
4.01 0.0229511 0 -0.0224917 0.0283934 0 -0.0294093
4.02 0.022851 0 -0.0198102 0.028894 0 -0.0254251
4.03 0.0218638 0 -0.0168672 0.0286619 0 -0.021192
4.04 0.0201906 0 -0.0138919 0.0276541 0 -0.0170284
4.05 0.0180258 0 -0.0110487 0.0258089 0 -0.0131648
4.06 0.0156839 0 -0.00839174 0.0232445 0 -0.00969266
4.07 0.0135437 0 -0.0058611 0.0202648 0 -0.00655751
4.08 0.0117042 0 -0.00328986 0.017043 0 -0.00356108
4.09 0.00992726 0 -0.000446656 0.0135428 0 -0.000402311
4.1 0.00793163 0 0.00285902 0.00974959 0 0.00321362
4.11 0.00554551 0 0.00665203 0.00574572 0 0.00743652
4.12 0.0027395 0 0.0107562 0.00168009 0 0.0122097
4.13 -0.000286619 0 0.0148724 -0.0021782 0 0.0173153
4.14 -0.00325636 0 0.0186988 -0.00558943 0 0.022465
4.15 -0.00607772 0 0.0220035 -0.00857822 0 0.027358
4.16 -0.00879544 0 0.0246461 -0.011352 0 0.0317081
4.17 -0.0114326 0 0.0265801 -0.0141064 0 0.0352706
4.18 -0.0139158 0 0.0278653 -0.0169118 0 0.037894
4.19 -0.016061 0 0.0286929 -0.019663 0 0.0395906
4.2 -0.0177011 0 0.0293293 -0.0221815 0 0.0405244
4.21 -0.0187843 0 0.0299481 -0.0243129 0 0.0408714
4.22 -0.0192992 0 0.0305145 -0.0258741 0 0.0407053
4.23 -0.0193118 0 0.0308542 -0.0267319 0 0.040038
4.24 -0.0190242 0 0.0307948 -0.0269133 0 0.0389144
4.25 -0.0185273 0 0.0302427 -0.0264036 0 0.0374381
4.26 -0.017699 0 0.0291873 -0.0250674 0 0.0357341
4.27 -0.0164491 0 0.027659 -0.0228866 0 0.0338839
4.28 -0.0147655 0 0.0257136 -0.0199818 0 0.0319045
4.29 -0.0126293 0 0.0234565 -0.0164946 0 0.029788
4.3 -0.0101705 0 0.0210087 -0.0127095 0 0.0274982
4.31 -0.00770297 0 0.0184151 -0.00906692 0 0.0249154
4.32 -0.00542368 0 0.0156333 -0.00585246 0 0.0218585
4.33 -0.00326583 0 0.0126239 -0.00304089 0 0.0182
4.34 -0.00106083 0 0.00944688 -0.000446859 0 0.0139757
4.35 0.00133053 0 0.00627066 0.00214706 0 0.00940149
4.36 0.00398123 0 0.00323604 0.00494161 0 0.00473205
4.37 0.00682312 0 0.000314507 0.00801802 0 9.95328e-005
4.38 0.00962328 0 -0.00262882 0.011274 0 -0.00445863
4.39 0.012023 0 -0.00564058 0.0144182 0 -0.00884339
4.4 0.0136765 0 -0.00859748 0.0170754 0 -0.0128392
4.41 0.0145236 0 -0.0113119 0.0190532 0 -0.0162287
4.42 0.0148587 0 -0.013672 0.0204467 0 -0.0189273
4.43 0.0151482 0 -0.0156655 0.0215221 0 -0.0209951
4.44 0.0158716 0 -0.0172971 0.0226309 0 -0.0225373
4.45 0.0172938 0 -0.0185231 0.0240333 0 -0.0236175
4.46 0.019181 0 -0.0193044 0.0256174 0 -0.0242876
4.47 0.0209158 0 -0.0197086 0.0269621 0 -0.0246737
4.48 0.0219649 0 -0.0198626 0.0277231 0 -0.0249223
4.49 0.0221123 0 -0.0197847 0.0277975 0 -0.0250348
4.5 0.021369 0 -0.0193531 0.0271995 0 -0.0248396
4.51 0.0199585 0 -0.0184535 0.0260544 0 -0.0241457
4.52 0.0183231 0 -0.0170907 0.0246489 0 -0.0228659
4.53 0.0168238 0 -0.0153259 0.0231926 0 -0.020973
4.54 0.0155099 0 -0.013163 0.0216378 0 -0.0184045
4.55 0.0142767 0 -0.0105896 0.0198583 0 -0.0151158
4.56 0.0129624 0 -0.00771268 0.0177408 0 -0.0112224
4.57 0.0113395 0 -0.00474375 0.0151504 0 -0.00698875
4.58 0.00930411 0 -0.00185057 0.0120866 0 -0.00267727
4.59 0.00706053 0 0.000907092 0.0088439 0 0.00152799
4.6 0.00500636 0 0.0035263 0.00589291 0 0.00549253
4.61 0.00335553 0 0.0060303 0.00350881 0 0.00912614
4.62 0.00190692 0 0.0084917 0.00153326 0 0.012429
4.63 0.000343153 0 0.0109936 -0.000347188 0 0.015469
4.64 -0.00128916 0 0.0135127 -0.00213132 0 0.0182672
4.65 -0.00261512 0 0.0158495 -0.00351945 0 0.020714
4.66 -0.00339725 0 0.0176793 -0.004343 0 0.0225885
4.67 -0.00375534 0 0.0187295 -0.00476095 0 0.0237003
4.68 -0.00396606 0 0.0189611 -0.00506049 0 0.024045
4.69 -0.00418235 0 0.0185612 -0.00538947 0 0.0237927
4.7 -0.00429803 0 0.0177833 -0.00562806 0 0.0231433
4.71 -0.00403316 0 0.0168321 -0.00546887 0 0.0222354
4.72 -0.00324907 0 0.0158148 -0.00472502 0 0.02112
4.73 -0.00212144 0 0.0146825 -0.00351142 0 0.0197165
4.74 -0.000899462 0 0.0132758 -0.00202817 0 0.017859
4.75 0.000335638 0 0.0114775 -0.000340934 0 0.015443
4.76 0.00168679 0 0.00927422 0.00163066 0 0.012479
4.77 0.00341565 0 0.00672297 0.0041031 0 0.00905323
4.78 0.0057232 0 0.00391705 0.00723485 0 0.00529163
4.79 0.00843184 0 0.000955919 0.0108225 0 0.00132785
4.8 0.0111175 0 -0.00205886 0.014424 0 -0.00270195
4.81 0.013467 0 -0.00504642 0.0176962 0 -0.0066836
4.82 0.015329 0 -0.00800986 0.0204346 0 -0.0105915
4.83 0.0167278 0 -0.0109574 0.0225931 0 -0.0144146
4.84 0.0180211 0 -0.0137187 0.0244648 0 -0.0179734
4.85 0.0196701 0 -0.0160251 0.0264887 0 -0.0209913
4.86 0.0215598 0 -0.0178051 0.0285901 0 -0.0233819
4.87 0.0229382 0 -0.0192645 0.0300894 0 -0.0253325
4.88 0.0232594 0 -0.0206856 0.0304903 0 -0.0271166
4.89 0.0226894 0 -0.0221644 0.0299542 0 -0.028844
4.9 0.0217479 0 -0.0235262 0.0289576 0 -0.0303744
4.91 0.020779 0 -0.0245446 0.0278012 0 -0.0315203
4.92 0.0198669 0 -0.0252252 0.0265534 0 -0.0323157
4.93 0.0190427 0 -0.0257962 0.0252662 0 -0.0330047
4.94 0.018237 0 -0.0264549 0.0239215 0 -0.0337952
4.95 0.0171086 0 -0.0271988 0.0222374 0 -0.0346954
4.96 0.0152934 0 -0.0278318 0.0198835 0 -0.0355156
4.97 0.0127997 0 -0.0280406 0.0168542 0 -0.0359322
4.98 0.00987472 0 -0.0275515 0.0133442 0 -0.0356319
4.99 0.00659317 0 -0.0263528 0.00935887 0 -0.0345334
5 0.00295463 0 -0.024783 0.00483366 0 -0.032893
5.01 -0.000755922 0 -0.0232907 1.48935e-005 0 -0.0310999
5.02 -0.00414418 0 -0.022054 -0.0046901 0 -0.029323
5.03 -0.00708123 0 -0.0208845 -0.00907414 0 -0.02742
5.04 -0.00964149 0 -0.0194964 -0.0130818 0 -0.025186
5.05 -0.0119716 0 -0.0177846 -0.0167137 0 -0.0226034
5.06 -0.0144072 0 -0.0158628 -0.020189 0 -0.01986
5.07 -0.0172858 0 -0.0139719 -0.0238028 0 -0.0172509
5.08 -0.0204865 0 -0.0123505 -0.0274832 0 -0.0150507
5.09 -0.0234977 0 -0.0111258 -0.0308313 0 -0.0134098
5.1 -0.0258981 0 -0.0103125 -0.0335465 0 -0.0123545
5.11 -0.0274412 0 -0.00984393 -0.0354601 0 -0.0118166
5.12 -0.0278631 0 -0.00961451 -0.0363093 0 -0.0116732
5.13 -0.0271093 0 -0.00955965 -0.0359557 0 -0.0118258
5.14 -0.025695 0 -0.00964987 -0.0347745 0 -0.0121984
5.15 -0.0243781 0 -0.0098052 -0.0333958 0 -0.0126589
5.16 -0.0234818 0 -0.00995879 -0.0320918 0 -0.0130887
5.17 -0.0228635 0 -0.0101972 -0.0307674 0 -0.0135326
5.18 -0.0222821 0 -0.0107193 -0.029306 0 -0.0141705
5.19 -0.0214215 0 -0.0117063 -0.0275452 0 -0.0152001
5.2 -0.0197245 0 -0.013218 -0.0250501 0 -0.0167357
5.21 -0.0166237 0 -0.0150597 -0.0212842 0 -0.0186627
5.22 -0.0120792 0 -0.0167169 -0.0161198 0 -0.020541
5.23 -0.00658552 0 -0.0175348 -0.00987378 0 -0.0217427
5.24 -0.000744438 0 -0.0170673 -0.00295406 0 -0.0217674
5.25 0.0049038 0 -0.0152749 0.00422937 0 -0.0204362
5.26 0.00999833 0 -0.0124346 0.0113246 0 -0.0178325
5.27 0.0145451 0 -0.00892147 0.018212 0 -0.0141373
5.28 0.018747 0 -0.00506168 0.0248694 0 -0.00953804
5.29 0.0226875 0 -0.00110899 0.0311177 0 -0.00424609
5.3 0.0264573 0 0.00273534 0.0368137 0 0.00146602
5.31 0.0303263 0 0.00635407 0.0420811 0 0.00730478
5.32 0.0344429 0 0.00979599 0.0470509 0 0.0130721
5.33 0.0386336 0 0.0133032 0.0516626 0 0.0187481
5.34 0.0426114 0 0.0172119 0.0558302 0 0.0244556
5.35 0.046251 0 0.021813 0.0596559 0 0.030377
5.36 0.0496163 0 0.0272581 0.0634011 0 0.0366892
5.37 0.0525714 0 0.0334044 0.0670544 0 0.0434023
5.38 0.0545381 0 0.0397224 0.0700474 0 0.0502198
5.39 0.0550223 0 0.0455922 0.0717529 0 0.0567595
5.4 0.0542149 0 0.0507098 0.0721035 0 0.0628877
5.41 0.052792 0 0.0550661 0.0714714 0 0.0686548
5.42 0.0513084 0 0.0586276 0.0701673 0 0.0739661
5.43 0.0497701 0 0.0611698 0.0680881 0 0.0784264
5.44 0.0476855 0 0.0624695 0.0647789 0 0.0815595
5.45 0.0446436 0 0.0626256 0.0599714 0 0.0831743
5.46 0.0407266 0 0.0620218 0.0539432 0 0.0833934
5.47 0.0362948 0 0.0609724 0.0472656 0 0.0823646
5.48 0.0316593 0 0.0595455 0.0404496 0 0.0801254
5.49 0.0270049 0 0.0576357 0.0338443 0 0.0766773
5.5 0.0222405 0 0.0550387 0.0274598 0 0.0720292
5.51 0.0169546 0 0.0514781 0.0208936 0 0.0661663
5.52 0.010919 0 0.0466823 0.0138162 0 0.0590605
5.53 0.00439085 0 0.0405177 0.00629481 0 0.0507466
5.54 -0.00229111 0 0.0330632 -0.00155053 0 0.041362
5.55 -0.0089594 0 0.0245039 -0.00973333 0 0.0310395
5.56 -0.0155252 0 0.0149673 -0.0182597 0 0.0197655
5.57 -0.0220106 0 0.0045938 -0.02714 0 0.00748916
5.58 -0.0285552 0 -0.00623684 -0.0364061 0 -0.00560022
5.59 -0.0352842 0 -0.0169285 -0.046015 0 -0.019037
5.6 -0.0422801 0 -0.0270015 -0.055867 0 -0.0323607
5.61 -0.0496104 0 -0.0363281 -0.0658799 0 -0.0453329
5.62 -0.0571462 0 -0.0450253 -0.0758383 0 -0.0578515
5.63 -0.064328 0 -0.0532097 -0.0851585 0 -0.0697572
5.64 -0.0703646 0 -0.0609137 -0.0930512 0 -0.0808089
5.65 -0.0747967 0 -0.0681554 -0.0990411 0 -0.0908086
5.66 -0.0778116 0 -0.0749407 -0.103267 0 -0.0996433
5.67 -0.0800021 0 -0.0811477 -0.10627 0 -0.107186
5.68 -0.0817666 0 -0.0864703 -0.108432 0 -0.113226
5.69 -0.0829221 0 -0.0905488 -0.109612 0 -0.117562
5.7 -0.0828945 0 -0.093159 -0.1093 0 -0.120141
5.71 -0.0812293 0 -0.0942491 -0.10709 0 -0.121052
5.72 -0.0778317 0 -0.0938267 -0.102882 0 -0.120385
5.73 -0.0727282 0 -0.0918456 -0.0966415 0 -0.118103
5.74 -0.0657493 0 -0.0882344 -0.0880961 0 -0.114068
5.75 -0.0565501 0 -0.0830518 -0.0767632 0 -0.108214
5.76 -0.0449757 0 -0.0765816 -0.0623333 0 -0.100671
5.77 -0.0313311 0 -0.0692425 -0.0449711 0 -0.0917243
5.78 -0.0163058 0 -0.061427 -0.0252962 0 -0.0816985
5.79 -0.000869259 0 -0.0534398 -0.00433748 0 -0.0709259
5.8 0.0138123 0 -0.045479 0.0165016 0 -0.0597332
5.81 0.0268333 0 -0.0376094 0.0358913 0 -0.0483956
5.82 0.038382 0 -0.0298029 0.0534731 0 -0.0371353
5.83 0.0498715 0 -0.022005 0.0701451 0 -0.026138
5.84 0.0626733 0 -0.0141214 0.0869879 0 -0.0154896
5.85 0.0767939 0 -0.00592844 0.104052 0 -0.00504734
5.86 0.0910129 0 0.00288306 0.120457 0 0.00553981
5.87 0.103929 0 0.0124324 0.135272 0 0.0165554
5.88 0.114576 0 0.0224377 0.147948 0 0.027967
5.89 0.122598 0 0.0323596 0.158349 0 0.0395022
5.9 0.128234 0 0.0417407 0.166679 0 0.0509102
5.91 0.131923 0 0.0503769 0.173131 0 0.0620762
5.92 0.13408 0 0.0582829 0.177744 0 0.0729661
5.93 0.135159 0 0.0656588 0.180585 0 0.0836107
5.94 0.13543 0 0.0728812 0.181638 0 0.0941467
5.95 0.134669 0 0.0803233 0.180557 0 0.104705
5.96 0.132172 0 0.0880531 0.176678 0 0.115169
5.97 0.127206 0 0.0957615 0.169408 0 0.125137
5.98 0.119459 0 0.102967 0.158611 0 0.134118
5.99 0.108929 0 0.109199 0.144426 0 0.141697
6 0.0953787 0 0.11405 0.126697 0 0.147542
6.01 0.0781942 0 0.117196 0.104786 0 0.151396
6.02 0.0569489 0 0.118541 0.0781171 0 0.153184
6.03 0.0318003 0 0.11837 0.046597 0 0.153177
6.04 0.0034072 0 0.117204 0.0106055 0 0.151857
6.05 -0.0271329 0 0.11532 -0.0289545 0 0.149474
6.06 -0.0584755 0 0.11249 -0.0707361 0 0.145795
6.07 -0.0893161 0 0.108187 -0.11316 0 0.140293
6.08 -0.118543 0 0.101909 -0.154557 0 0.132451
6.09 -0.145507 0 0.0933459 -0.193513 0 0.121907
6.1 -0.170123 0 0.0824591 -0.229103 0 0.10853
6.11 -0.192337 0 0.0695372 -0.260541 0 0.0924991
6.12 -0.211705 0 0.0551714 -0.286895 0 0.0743186
6.13 -0.227508 0 0.0400827 -0.307264 0 0.0546927
6.14 -0.238733 0 0.0249066 -0.320732 0 0.0343474
6.15 -0.244019 0 0.0101267 -0.326209 0 0.013974
6.16 -0.242191 0 -0.00391623 -0.322814 0 -0.00578177
6.17 -0.232817 0 -0.0170682 -0.310307 0 -0.0244118
6.18 -0.216238 0 -0.0293219 -0.289065 0 -0.0415679
6.19 -0.193547 0 -0.0405987 -0.26009 0 -0.0569051
6.2 -0.166458 0 -0.050552 -0.224987 0 -0.0699248
6.21 -0.136519 0 -0.0586678 -0.185303 0 -0.0800788
6.22 -0.104236 0 -0.0646126 -0.141727 0 -0.0870967
6.23 -0.0691358 0 -0.0684762 -0.0941231 0 -0.091201
6.24 -0.0307985 0 -0.0706508 -0.0424656 0 -0.092965
6.25 0.010082 0 -0.0714467 0.0121936 0 -0.0929085
6.26 0.0513819 0 -0.0708571 0.0674154 0 -0.0912334
6.27 0.0901234 0 -0.0686938 0.119867 0 -0.0879163
6.28 0.123839 0 -0.064839 0.166589 0 -0.0829251
6.29 0.151952 0 -0.0593267 0.206366 0 -0.0762833
6.3 0.175977 0 -0.0522915 0.240069 0 -0.0680278
6.31 0.197813 0 -0.0439754 0.269173 0 -0.0582458
6.32 0.217652 0 -0.034864 0.293828 0 -0.0472593
6.33 0.233681 0 -0.0258031 0.312537 0 -0.0358055
6.34 0.243204 0 -0.017828 0.323068 0 -0.0249315
6.35 0.244109 0 -0.0117236 0.323659 0 -0.0155963
6.36 0.236083 0 -0.00773913 0.314062 0 -0.00837887
6.37 0.221279 0 -0.00569025 0.296224 0 -0.00352035
6.38 0.20359 0 -0.00521445 0.27378 0 -0.00108358
6.39 0.186033 0 -0.0059458 0.249718 0 -0.00102842
6.4 0.168738 0 -0.00758352 0.224502 0 -0.00320332
6.41 0.150171 0 -0.00983675 0.197203 0 -0.00725223
6.42 0.129389 0 -0.0122655 0.167542 0 -0.0124584
6.43 0.106362 0 -0.0141694 0.13601 0 -0.0176673
6.44 0.0815311 0 -0.0147311 0.10333 0 -0.021487
6.45 0.0559432 0 -0.0133887 0.0705733 0 -0.0227367
6.46 0.031108 0 -0.0100635 0.0391012 0 -0.0207729
6.47 0.00804363 0 -0.00506017 0.00973453 0 -0.0154943
6.48 -0.013431 0 0.00114256 -0.0178653 0 -0.0072208
6.49 -0.0341854 0 0.00809257 -0.0446692 0 0.00346301
6.5 -0.054801 0 0.0154806 -0.0713297 0 0.0158399
6.51 -0.0752807 0 0.0230263 -0.0979028 0 0.0290181
6.52 -0.0955214 0 0.0303834 -0.124314 0 0.0419462
6.53 -0.115942 0 0.0372513 -0.150986 0 0.0536465
6.54 -0.137348 0 0.0433989 -0.17874 0 0.0633527
6.55 -0.159792 0 0.0485711 -0.207681 0 0.0704997
6.56 -0.181937 0 0.0525061 -0.236527 0 0.0747761
6.57 -0.201698 0 0.0550085 -0.263144 0 0.0761843
6.58 -0.217153 0 0.0559964 -0.285349 0 0.0750293
6.59 -0.227256 0 0.0555546 -0.301576 0 0.0718882
6.6 -0.232263 0 0.05388 -0.311381 0 0.0674619
6.61 -0.233344 0 0.0510683 -0.315245 0 0.0622733
6.62 -0.231678 0 0.0469635 -0.313883 0 0.0564391
6.63 -0.227928 0 0.0412101 -0.307873 0 0.0496656
6.64 -0.222105 0 0.033503 -0.297564 0 0.0414784
6.65 -0.213697 0 0.0239072 -0.283091 0 0.0315754
6.66 -0.202147 0 0.0129441 -0.264682 0 0.0199998
6.67 -0.187171 0 0.00141285 -0.242765 0 0.00708895
6.68 -0.168554 0 -0.00987331 -0.217586 0 -0.00666107
6.69 -0.145941 0 -0.0202809 -0.188905 0 -0.0206936
6.7 -0.119096 0 -0.0292959 -0.156217 0 -0.0342933
6.71 -0.0884583 0 -0.0363747 -0.119391 0 -0.0464575
6.72 -0.055362 0 -0.0410749 -0.0790664 0 -0.0560995
6.73 -0.0213216 0 -0.0434414 -0.0361812 0 -0.0625496
6.74 0.0129093 0 -0.0442412 0.00876822 0 -0.065943
6.75 0.0472918 0 -0.0447847 0.0556006 0 -0.067205
6.76 0.0820627 0 -0.0463268 0.104057 0 -0.0675807
6.77 0.117653 0 -0.0494241 0.15386 0 -0.0680336
6.78 0.154354 0 -0.0538537 0.204571 0 -0.0690902
6.79 0.191725 0 -0.05903 0.255155 0 -0.0710859
6.8 0.22839 0 -0.0644237 0.303864 0 -0.0743695
6.81 0.262567 0 -0.0697265 0.348732 0 -0.0792765
6.82 0.292777 0 -0.0748328 0.388217 0 -0.0859825
6.83 0.317832 0 -0.079795 0.421107 0 -0.0944181
6.84 0.336413 0 -0.0847544 0.446014 0 -0.104244
6.85 0.347323 0 -0.0898255 0.461556 0 -0.114849
6.86 0.350336 0 -0.0949656 0.467197 0 -0.125372
6.87 0.3463 0 -0.0998887 0.46342 0 -0.134774
6.88 0.336126 0 -0.104118 0.450852 0 -0.142013
6.89 0.320009 0 -0.107117 0.429573 0 -0.146247
6.9 0.297664 0 -0.108367 0.399392 0 -0.146933
6.91 0.269312 0 -0.107529 0.360791 0 -0.143957
6.92 0.236066 0 -0.104709 0.315282 0 -0.137835
6.93 0.198954 0 -0.100531 0.264399 0 -0.129711
6.94 0.157932 0 -0.0957576 0.208639 0 -0.120906
6.95 0.112342 0 -0.0907301 0.147796 0 -0.112281
6.96 0.0622705 0 -0.0852588 0.082205 0 -0.10404
6.97 0.00917177 0 -0.0790424 0.0133492 0 -0.0960746
6.98 -0.0447731 0 -0.0721358 -0.0566723 0 -0.088389
6.99 -0.097612 0 -0.0650136 -0.125946 0 -0.0811966
7 -0.147732 0 -0.0581995 -0.192727 0 -0.0746303
7.01 -0.193154 0 -0.0519486 -0.254648 0 -0.0685271
7.02 -0.231698 0 -0.0463067 -0.308855 0 -0.0625791
7.03 -0.262347 0 -0.0411815 -0.353407 0 -0.0564706
7.04 -0.286149 0 -0.0361477 -0.388368 0 -0.0497124
7.05 -0.305835 0 -0.0302882 -0.415733 0 -0.0414595
7.06 -0.323974 0 -0.02244 -0.437886 0 -0.0306871
7.07 -0.340968 0 -0.0116929 -0.455723 0 -0.0166046
7.08 -0.355202 0 0.00230607 -0.46867 0 0.0011016
7.09 -0.364692 0 0.019372 -0.475975 0 0.0223036
7.1 -0.3683 0 0.0388978 -0.477545 0 0.0465207
7.11 -0.365852 0 0.0598749 -0.473788 0 0.0728766
7.12 -0.357684 0 0.0809861 -0.465041 0 0.100111
7.13 -0.344566 0 0.100939 -0.45156 0 0.126838
7.14 -0.327778 0 0.11881 -0.433781 0 0.151853
7.15 -0.308669 0 0.134117 -0.412165 0 0.174219
7.16 -0.288072 0 0.14667 -0.386882 0 0.193193
7.17 -0.266099 0 0.15654 -0.357776 0 0.208289
7.18 -0.242224 0 0.164059 -0.324496 0 0.219398
7.19 -0.215443 0 0.169612 -0.286551 0 0.226673
7.2 -0.184691 0 0.173358 -0.243538 0 0.2303
7.21 -0.149179 0 0.175172 -0.195268 0 0.230436
7.22 -0.108245 0 0.174792 -0.141431 0 0.227275
7.23 -0.0614709 0 0.171964 -0.0816137 0 0.221093
7.24 -0.00932894 0 0.166547 -0.0159515 0 0.212232
7.25 0.0465162 0 0.158559 0.0544306 0 0.201056
7.26 0.103666 0 0.148181 0.127632 0 0.187887
7.27 0.159905 0 0.135672 0.201639 0 0.172923
7.28 0.21371 0 0.121233 0.274673 0 0.156128
7.29 0.264099 0 0.104889 0.345017 0 0.137174
7.3 0.310575 0 0.0866144 0.411091 0 0.115643
7.31 0.35343 0 0.0665712 0.471976 0 0.0913405
7.32 0.393257 0 0.0451645 0.527244 0 0.0644348
7.33 0.429291 0 0.0229182 0.575508 0 0.0353919
7.34 0.458556 0 0.000316815 0.613581 0 0.00485294
7.35 0.477401 0 -0.0222884 0.637817 0 -0.0264673
7.36 0.48394 0 -0.044689 0.646358 0 -0.0578492
7.37 0.478952 0 -0.0667845 0.639964 0 -0.0886393
7.38 0.464462 0 -0.088457 0.620663 0 -0.118235
7.39 0.441735 0 -0.109432 0.589854 0 -0.146027
7.4 0.411139 0 -0.129344 0.548196 0 -0.171502
7.41 0.373326 0 -0.147898 0.496758 0 -0.194408
7.42 0.32981 0 -0.164864 0.437556 0 -0.214715
7.43 0.282231 0 -0.179985 0.372807 0 -0.232463
7.44 0.230908 0 -0.193025 0.30342 0 -0.247734
7.45 0.174744 0 -0.20385 0.228781 0 -0.260665
7.46 0.112883 0 -0.212381 0.148253 0 -0.271339
7.47 0.0462866 0 -0.218449 0.0626995 0 -0.27961
7.48 -0.0220488 0 -0.22174 -0.0251675 0 -0.285041
7.49 -0.0883115 0 -0.222048 -0.111739 0 -0.287167
7.5 -0.149527 0 -0.219669 -0.193897 0 -0.285943
7.51 -0.204255 0 -0.215422 -0.269584 0 -0.281856
7.52 -0.251896 0 -0.210159 -0.337167 0 -0.27553
7.53 -0.292099 0 -0.204228 -0.395047 0 -0.267273
7.54 -0.324885 0 -0.197442 -0.442056 0 -0.257051
7.55 -0.350913 0 -0.189458 -0.477995 0 -0.244828
7.56 -0.371747 0 -0.180076 -0.50414 0 -0.230786
7.57 -0.389278 0 -0.169231 -0.522794 0 -0.215233
7.58 -0.403787 0 -0.156777 -0.535308 0 -0.198312
7.59 -0.41283 0 -0.14239 -0.540673 0 -0.179842
7.6 -0.412965 0 -0.125792 -0.536762 0 -0.159509
7.61 -0.402587 0 -0.106996 -0.522714 0 -0.137111
7.62 -0.383085 0 -0.0862583 -0.499901 0 -0.11256
7.63 -0.357616 0 -0.0638207 -0.470843 0 -0.0857081
7.64 -0.328907 0 -0.0397141 -0.43736 0 -0.0562368
7.65 -0.298138 0 -0.0138294 -0.399813 0 -0.0237926
7.66 -0.264987 0 0.0138219 -0.357375 0 0.0117123
7.67 -0.228381 0 0.0429529 -0.308861 0 0.0499277
7.68 -0.188007 0 0.0730308 -0.254193 0 0.0900951
7.69 -0.144993 0 0.103405 -0.195016 0 0.131197
7.7 -0.100717 0 0.133452 -0.133452 0 0.172144
7.71 -0.0554034 0 0.162683 -0.0705761 0 0.211947
7.72 -0.00845936 0 0.190768 -0.00658003 0 0.249817
7.73 0.0400884 0 0.217422 0.0579792 0 0.285119
7.74 0.089182 0 0.242279 0.121846 0 0.317287
7.75 0.137649 0 0.264853 0.183944 0 0.3458
7.76 0.184856 0 0.284619 0.243925 0 0.37022
7.77 0.23029 0 0.301027 0.301624 0 0.390153
7.78 0.272797 0 0.313368 0.35615 0 0.405034
7.79 0.310394 0 0.32073 0.405572 0 0.414025
7.8 0.341114 0 0.322307 0.447653 0 0.416288
7.81 0.364126 0 0.317697 0.480971 0 0.411279
7.82 0.380391 0 0.306885 0.505704 0 0.398759
7.83 0.392534 0 0.290144 0.52376 0 0.378734
7.84 0.40341 0 0.267992 0.537646 0 0.351466
7.85 0.414319 0 0.241165 0.54888 0 0.31752
7.86 0.424705 0 0.210603 0.557669 0 0.277816
7.87 0.433032 0 0.177254 0.563561 0 0.233484
7.88 0.437309 0 0.141798 0.565611 0 0.18559
7.89 0.43528 0 0.104678 0.562221 0 0.135118
7.9 0.424842 0 0.0663779 0.551287 0 0.0831636
7.91 0.404598 0 0.0275566 0.530661 0 0.030981
7.92 0.374592 0 -0.0110505 0.499022 0 -0.0201963
7.93 0.336631 0 -0.0488524 0.456546 0 -0.0694308
7.94 0.293625 0 -0.0855366 0.404742 0 -0.116249
7.95 0.248084 0 -0.121033 0.34541 0 -0.160618
7.96 0.200959 0 -0.155351 0.279737 0 -0.202758
7.97 0.15181 0 -0.18841 0.208409 0 -0.242937
7.98 0.0996478 0 -0.219941 0.132132 0 -0.281288
7.99 0.0439489 0 -0.249369 0.0522054 0 -0.317598
8 -0.0146547 0 -0.275791 -0.0291995 0 -0.351176
8.01 -0.0749134 0 -0.298163 -0.109845 0 -0.380958
8.02 -0.136064 0 -0.315552 -0.188654 0 -0.405714
8.03 -0.197794 0 -0.327331 -0.265656 0 -0.424261
8.04 -0.258925 0 -0.333372 -0.340504 0 -0.435732
8.05 -0.316796 0 -0.334083 -0.411528 0 -0.439736
8.06 -0.368638 0 -0.330184 -0.47673 0 -0.436335
8.07 -0.413387 0 -0.322447 -0.535327 0 -0.425955
8.08 -0.45163 0 -0.311466 -0.587634 0 -0.409283
8.09 -0.483903 0 -0.297448 -0.633501 0 -0.387042
8.1 -0.509675 0 -0.280219 -0.671482 0 -0.359902
8.11 -0.527931 0 -0.259567 -0.699571 0 -0.328635
8.12 -0.537861 0 -0.235614 -0.716041 0 -0.294282
8.13 -0.538894 0 -0.208832 -0.719616 0 -0.257996
8.14 -0.530711 0 -0.179739 -0.709576 0 -0.22064
8.15 -0.513372 0 -0.148547 -0.685959 0 -0.182401
8.16 -0.487326 0 -0.11516 -0.649561 0 -0.142822
8.17 -0.453265 0 -0.0796009 -0.601736 0 -0.101305
8.18 -0.41192 0 -0.0424029 -0.544069 0 -0.0576453
8.19 -0.363948 0 -0.00456977 -0.478122 0 -0.0121677
8.2 -0.31024 0 0.0328086 -0.405586 0 0.034477
8.21 -0.252175 0 0.0689073 -0.328434 0 0.0815387
8.22 -0.191481 0 0.103337 -0.248763 0 0.128302
8.23 -0.130094 0 0.136181 -0.168684 0 0.17419
8.24 -0.0699351 0 0.167894 -0.0901948 0 0.218816
8.25 -0.0124733 0 0.199057 -0.0148345 0 0.26194
8.26 0.0415087 0 0.230067 0.0564758 0 0.303339
8.27 0.0915643 0 0.260913 0.123054 0 0.342703
8.28 0.137259 0 0.291167 0.184153 0 0.379662
8.29 0.178374 0 0.320127 0.239211 0 0.413876
8.3 0.214892 0 0.346979 0.287892 0 0.445082
8.31 0.24647 0 0.370959 0.329617 0 0.473088
8.32 0.272341 0 0.391469 0.363483 0 0.497742
8.33 0.291958 0 0.408085 0.388875 0 0.5188
8.34 0.305358 0 0.420424 0.405824 0 0.535766
8.35 0.312806 0 0.428035 0.414673 0 0.547824
8.36 0.314377 0 0.430447 0.415667 0 0.553962
8.37 0.309836 0 0.427357 0.4088 0 0.553252
8.38 0.298925 0 0.418854 0.394016 0 0.545169
8.39 0.281895 0 0.405483 0.37169 0 0.529765
8.4 0.259515 0 0.388 0.342632 0 0.507553
8.41 0.232438 0 0.367087 0.307497 0 0.479291
8.42 0.200926 0 0.343235 0.266542 0 0.445871
8.43 0.165166 0 0.31671 0.21996 0 0.408219
8.44 0.125476 0 0.287645 0.168099 0 0.367257
8.45 0.0822472 0 0.25622 0.11141 0 0.32394
8.46 0.0359512 0 0.222694 0.0504787 0 0.279152
8.47 -0.012663 0 0.187337 -0.0137717 0 0.233532
8.48 -0.0626073 0 0.150389 -0.0801026 0 0.187392
8.49 -0.113164 0 0.112006 -0.147467 0 0.140673
8.5 -0.164155 0 0.0722368 -0.215306 0 0.0929834
8.51 -0.215298 0 0.0312346 -0.28298 0 0.0439146
8.52 -0.265329 0 -0.0105435 -0.348928 0 -0.00664726
8.53 -0.312127 0 -0.0523579 -0.410771 0 -0.0584129
8.54 -0.353736 0 -0.0932759 -0.466263 0 -0.110654
8.55 -0.389169 0 -0.132329 -0.514051 0 -0.162283
8.56 -0.418584 0 -0.168717 -0.553889 0 -0.21204
8.57 -0.44284 0 -0.201871 -0.586297 0 -0.258631
8.58 -0.462556 0 -0.231457 -0.611736 0 -0.300839
8.59 -0.477583 0 -0.257352 -0.630127 0 -0.337666
8.6 -0.487605 0 -0.279529 -0.641423 0 -0.368381
8.61 -0.493004 0 -0.297889 -0.646402 0 -0.392468
8.62 -0.494721 0 -0.312208 -0.646454 0 -0.409627
8.63 -0.493452 0 -0.322131 -0.642725 0 -0.419744
8.64 -0.489453 0 -0.327142 -0.635888 0 -0.422809
8.65 -0.482881 0 -0.3267 -0.62642 0 -0.418932
8.66 -0.473804 0 -0.320479 -0.614558 0 -0.408424
8.67 -0.461935 0 -0.308504 -0.599986 0 -0.39178
8.68 -0.446549 0 -0.291099 -0.581743 0 -0.369557
8.69 -0.42691 0 -0.268777 -0.558671 0 -0.342244
8.7 -0.402924 0 -0.242205 -0.530134 0 -0.310269
8.71 -0.375171 0 -0.212273 -0.496168 0 -0.274167
8.72 -0.344005 0 -0.180061 -0.456733 0 -0.234661
8.73 -0.308873 0 -0.146593 -0.411103 0 -0.192541
8.74 -0.268938 0 -0.112522 -0.358492 0 -0.148438
8.75 -0.224251 0 -0.0780238 -0.29916 0 -0.10274
8.76 -0.175989 0 -0.0430372 -0.234631 0 -0.05579
8.77 -0.125642 0 -0.00763113 -0.16686 0 -0.00817033
8.78 -0.0737574 0 0.0277239 -0.0969452 0 0.0391205
8.79 -0.0195503 0 0.0620897 -0.0246325 0 0.0846693
8.8 0.0382438 0 0.0942966 0.0509945 0 0.126924
8.81 0.100446 0 0.123314 0.130738 0 0.164584
8.82 0.166859 0 0.148485 0.214737 0 0.196837
8.83 0.235828 0 0.169551 0.301889 0 0.223375
8.84 0.304074 0 0.186544 0.389405 0 0.244273
8.85 0.36725 0 0.199583 0.473049 0 0.259782
8.86 0.421322 0 0.208699 0.548252 0 0.27013
8.87 0.463991 0 0.213789 0.611449 0 0.275431
8.88 0.495452 0 0.214716 0.661022 0 0.275738
8.89 0.517888 0 0.211491 0.69728 0 0.271189
8.9 0.533751 0 0.204448 0.721292 0 0.262169
8.91 0.544359 0 0.19419 0.73387 0 0.24927
8.92 0.549913 0 0.18138 0.735705 0 0.233115
8.93 0.550209 0 0.166591 0.727948 0 0.214248
8.94 0.545028 0 0.150332 0.712267 0 0.193196
8.95 0.534099 0 0.13317 0.690367 0 0.170612
8.96 0.517227 0 0.115762 0.663661 0 0.14732
8.97 0.494631 0 0.098587 0.633279 0 0.124044
8.98 0.46685 0 0.0817133 0.599823 0 0.101143
8.99 0.434346 0 0.0649081 0.563032 0 0.0786653
9 0.397487 0 0.0478256 0.52198 0 0.0564691
9.01 0.356752 0 0.030153 0.47562 0 0.0343163
9.02 0.312891 0 0.0117662 0.423313 0 0.0120043
9.03 0.26695 0 -0.00723179 0.365212 0 -0.0105792
9.04 0.219828 0 -0.0265859 0.302035 0 -0.033479
9.05 0.171736 0 -0.0459211 0.234585 0 -0.0566298
9.06 0.122335 0 -0.0647226 0.163721 0 -0.0797537
9.07 0.071196 0 -0.0823563 0.0905102 0 -0.102308
9.08 0.0181236 0 -0.0981225 0.0162006 0 -0.123492
9.09 -0.0365608 0 -0.111387 -0.057807 0 -0.14237
9.1 -0.0920831 0 -0.121776 -0.130213 0 -0.158103
9.11 -0.147714 0 -0.12927 -0.200361 0 -0.170132
9.12 -0.202963 0 -0.13422 -0.26835 0 -0.178297
9.13 -0.257277 0 -0.137219 -0.334529 0 -0.182824
9.14 -0.309707 0 -0.138808 -0.398919 0 -0.184131
9.15 -0.35864 0 -0.139343 -0.460659 0 -0.182728
9.16 -0.402044 0 -0.139102 -0.517994 0 -0.179309
9.17 -0.438655 0 -0.138387 -0.569317 0 -0.174783
9.18 -0.46887 0 -0.137462 -0.614107 0 -0.1701
9.19 -0.49422 0 -0.136373 -0.652672 0 -0.165949
9.2 -0.516072 0 -0.134678 -0.6852 0 -0.162358
9.21 -0.534637 0 -0.131546 -0.711087 0 -0.158682
9.22 -0.549003 0 -0.126339 -0.729131 0 -0.154129
9.23 -0.557864 0 -0.119036 -0.738238 0 -0.148199
9.24 -0.560218 0 -0.110197 -0.737984 0 -0.140763
9.25 -0.555711 0 -0.100697 -0.728765 0 -0.131963
9.26 -0.544448 0 -0.0913572 -0.711423 0 -0.12203
9.27 -0.526284 0 -0.082688 -0.686375 0 -0.111169
9.28 -0.500199 0 -0.0748586 -0.652836 0 -0.0996068
9.29 -0.464745 0 -0.0677194 -0.609168 0 -0.0875898
9.3 -0.419375 0 -0.0607421 -0.554198 0 -0.0752249
9.31 -0.365092 0 -0.0530793 -0.488022 0 -0.0623764
9.32 -0.303685 0 -0.0439603 -0.411507 0 -0.0488799
9.33 -0.236794 0 -0.0331307 -0.325673 0 -0.0348373
9.34 -0.165925 0 -0.0209349 -0.231926 0 -0.0206327
9.35 -0.0926472 0 -0.00809107 -0.132346 0 -0.00673271
9.36 -0.0182477 0 0.004567 -0.0292913 0 0.00647704
9.37 0.0565026 0 0.0162114 0.0750109 0 0.0186763
9.38 0.131025 0 0.0260696 0.178413 0 0.0295196
9.39 0.204592 0 0.0335063 0.278816 0 0.0386027
9.4 0.276492 0 0.0380862 0.374566 0 0.0454576
9.41 0.346466 0 0.0395756 0.465035 0 0.049547
9.42 0.41447 0 0.0379369 0.550423 0 0.0503181
9.43 0.479806 0 0.0333459 0.630799 0 0.0473289
9.44 0.540862 0 0.0261988 0.705577 0 0.0403948
9.45 0.595626 0 0.0171271 0.773644 0 0.0297583
9.46 0.642416 0 0.00694953 0.833764 0 0.0161643
9.47 0.680555 0 -0.00357645 0.88512 0 0.000632519
9.48 0.710409 0 -0.0140302 0.927454 0 -0.0158836
9.49 0.732762 0 -0.0243479 0.960639 0 -0.0326194
9.5 0.747904 0 -0.0346635 0.984009 0 -0.0489713
9.51 0.754857 0 -0.0451367 0.995768 0 -0.0644699
9.52 0.751868 0 -0.0557913 0.993577 0 -0.0787448
9.53 0.738217 0 -0.0664425 0.976388 0 -0.0915196
9.54 0.715035 0 -0.0767261 0.945312 0 -0.10263
9.55 0.684375 0 -0.0861469 0.902747 0 -0.111995
9.56 0.647988 0 -0.0941765 0.851178 0 -0.119599
9.57 0.606698 0 -0.100496 0.792473 0 -0.125612
9.58 0.560817 0 -0.105236 0.728106 0 -0.13053
9.59 0.511035 0 -0.108899 0.659826 0 -0.135033
9.6 0.458368 0 -0.112035 0.589431 0 -0.139671
9.61 0.403235 0 -0.115052 0.517737 0 -0.144697
9.62 0.34494 0 -0.118188 0.444001 0 -0.150103
9.63 0.282444 0 -0.121584 0.366682 0 -0.155745
9.64 0.215878 0 -0.125348 0.285049 0 -0.16148
9.65 0.147119 0 -0.129532 0.199989 0 -0.167188
9.66 0.078833 0 -0.134078 0.113387 0 -0.172746
9.67 0.012909 0 -0.138811 0.0268534 0 -0.178034
9.68 -0.0504685 0 -0.143446 -0.0590788 0 -0.182909
9.69 -0.112145 0 -0.14758 -0.144381 0 -0.187157
9.7 -0.172425 0 -0.15077 -0.228202 0 -0.190498
9.71 -0.230706 0 -0.152659 -0.308752 0 -0.192671
9.72 -0.286426 0 -0.153092 -0.384458 0 -0.193506
9.73 -0.33934 0 -0.15214 -0.454435 0 -0.192959
9.74 -0.388636 0 -0.150044 -0.517696 0 -0.191092
9.75 -0.432532 0 -0.147174 -0.572701 0 -0.188079
9.76 -0.469386 0 -0.143993 -0.618283 0 -0.184237
9.77 -0.49903 0 -0.14092 -0.654793 0 -0.179939
9.78 -0.522577 0 -0.138155 -0.683799 0 -0.175457
9.79 -0.541023 0 -0.135571 -0.706654 0 -0.170851
9.8 -0.554326 0 -0.132722 -0.723535 0 -0.165914
9.81 -0.561435 0 -0.128984 -0.733421 0 -0.160249
9.82 -0.560663 0 -0.123744 -0.734393 0 -0.153384
9.83 -0.550348 0 -0.116498 -0.724272 0 -0.144814
9.84 -0.529798 0 -0.106903 -0.701588 0 -0.13404
9.85 -0.499469 0 -0.0948352 -0.665921 0 -0.120645
9.86 -0.460272 0 -0.0803907 -0.61742 0 -0.104353
9.87 -0.412958 0 -0.0637748 -0.556402 0 -0.0849964
9.88 -0.358079 0 -0.0452094 -0.483437 0 -0.0625049
9.89 -0.296362 0 -0.0249508 -0.399735 0 -0.0369865
9.9 -0.228898 0 -0.00333224 -0.307265 0 -0.00880709
9.91 -0.156675 0 0.0192744 -0.20814 0 0.0214447
9.92 -0.080024 0 0.0425632 -0.103844 0 0.0530927
9.93 0.00113989 0 0.0663537 0.00476526 0 0.0854937
9.94 0.0865593 0 0.090545 0.116854 0 0.118075
9.95 0.175183 0 0.114896 0.231209 0 0.150211
9.96 0.265345 0 0.138753 0.34635 0 0.181011
9.97 0.355152 0 0.161108 0.460759 0 0.209378
9.98 0.442571 0 0.180933 0.572777 0 0.234291
9.99 0.525229 0 0.197467 0.680205 0 0.255037
10 0.60019 0 0.210415 0.779873 0 0.271343
10.01 0.664084 0 0.219943 0.867591 0 0.28332
10.02 0.714002 0 0.226414 0.939049 0 0.291223
10.03 0.748755 0 0.230126 0.991328 0 0.295295
10.04 0.7695 0 0.231188 1.02393 0 0.295697
10.05 0.779162 0 0.229443 1.03869 0 0.292416
10.06 0.780805 0 0.224491 1.03843 0 0.285238
10.07 0.776084 0 0.215921 1.02557 0 0.273904
10.08 0.764858 0 0.203518 1.00164 0 0.258268
10.09 0.745706 0 0.18734 0.967322 0 0.238351
10.1 0.716477 0 0.167661 0.922482 0 0.214304
10.11 0.674871 0 0.144828 0.86618 0 0.18631
10.12 0.619345 0 0.11921 0.797185 0 0.15458
10.13 0.549932 0 0.0913267 0.714715 0 0.119543
10.14 0.46834 0 0.0619407 0.618778 0 0.0819712
10.15 0.377445 0 0.031903 0.510195 0 0.0428641
10.16 0.280802 0 0.00193585 0.390742 0 0.00323064
10.17 0.182213 0 -0.0274538 0.26331 0 -0.0360251
10.18 0.0852724 0 -0.0559354 0.131833 0 -0.0741224
10.19 -0.00739457 0 -0.0832726 0.00057472 0 -0.110399
10.2 -0.0945518 0 -0.109219 -0.12659 0 -0.144287
10.21 -0.175772 0 -0.133441 -0.246121 0 -0.175276
10.22 -0.250991 0 -0.155476 -0.354966 0 -0.202861
10.23 -0.320893 0 -0.17474 -0.45157 0 -0.226527
10.24 -0.38702 0 -0.190647 -0.536508 0 -0.24581
10.25 -0.450526 0 -0.202743 -0.611485 0 -0.260387
10.26 -0.510778 0 -0.21072 -0.677781 0 -0.270045
10.27 -0.565457 0 -0.214373 -0.735805 0 -0.274596
10.28 -0.611675 0 -0.213608 -0.785393 0 -0.27387
10.29 -0.646899 0 -0.208454 -0.825957 0 -0.267738
10.3 -0.669294 0 -0.199031 -0.856358 0 -0.256167
10.31 -0.677899 0 -0.185524 -0.874974 0 -0.23925
10.32 -0.672644 0 -0.168192 -0.879874 0 -0.217213
10.33 -0.653993 0 -0.147362 -0.868862 0 -0.190409
10.34 -0.622872 0 -0.123413 -0.840022 0 -0.159315
10.35 -0.581116 0 -0.0967397 -0.792866 0 -0.124491
10.36 -0.53168 0 -0.0676227 -0.729156 0 -0.0864378
10.37 -0.478044 0 -0.036106 -0.652703 0 -0.0454348
10.38 -0.423105 0 -0.00208747 -0.568321 0 -0.00158124
10.39 -0.36821 0 0.0344063 -0.48053 0 0.0449693
10.4 -0.312895 0 0.0730301 -0.392614 0 0.0938333
10.41 -0.255372 0 0.113129 -0.306227 0 0.144383
10.42 -0.193319 0 0.153813 -0.221355 0 0.195771
10.43 -0.125279 0 0.194052 -0.137139 0 0.246954
10.44 -0.0520507 0 0.232816 -0.0531708 0 0.296782
10.45 0.0234442 0 0.26923 0.0302171 0 0.344141
10.46 0.0974771 0 0.302684 0.112463 0 0.388088
10.47 0.166709 0 0.332837 0.193042 0 0.427895
10.48 0.229093 0 0.359487 0.271602 0 0.462989
10.49 0.28461 0 0.382384 0.348287 0 0.49283
10.5 0.334721 0 0.401107 0.423229 0 0.516817
10.51 0.380585 0 0.415104 0.4952 0 0.534328
10.52 0.421891 0 0.423948 0.561055 0 0.544949
10.53 0.457166 0 0.427573 0.616636 0 0.548693
10.54 0.485079 0 0.426297 0.658565 0 0.546017
10.55 0.504917 0 0.420647 0.685061 0 0.537637
10.56 0.515979 0 0.411149 0.695465 0 0.524309
10.57 0.517574 0 0.398219 0.690136 0 0.506692
10.58 0.509441 0 0.382154 0.670561 0 0.485315
10.59 0.491496 0 0.363187 0.638682 0 0.460602
10.6 0.463448 0 0.341527 0.596059 0 0.432883
10.61 0.424937 0 0.317357 0.543594 0 0.402394
10.62 0.375856 0 0.290902 0.481603 0 0.369341
10.63 0.31677 0 0.262496 0.410182 0 0.333993
10.64 0.24913 0 0.232549 0.329612 0 0.296676
10.65 0.17511 0 0.201459 0.240572 0 0.257726
10.66 0.0974864 0 0.169568 0.144478 0 0.217474
10.67 0.0194858 0 0.137217 0.0437869 0 0.176316
10.68 -0.0559767 0 0.104818 -0.0584238 0 0.134783
10.69 -0.127385 0 0.0728159 -0.159443 0 0.0934941
10.7 -0.194859 0 0.041559 -0.257398 0 0.053004
10.71 -0.259532 0 0.011205 -0.351111 0 0.0136776
10.72 -0.322807 0 -0.0182532 -0.439916 0 -0.0243117
10.73 -0.385638 0 -0.0468812 -0.523458 0 -0.0608963
10.74 -0.448003 0 -0.0746824 -0.601468 0 -0.0960154
10.75 -0.508681 0 -0.101485 -0.673515 0 -0.129508
10.76 -0.565166 0 -0.126898 -0.738613 0 -0.161056
10.77 -0.613984 0 -0.1504 -0.795005 0 -0.190236
10.78 -0.65171 0 -0.171563 -0.840598 0 -0.216708
10.79 -0.676223 0 -0.190347 -0.873756 0 -0.240478
10.8 -0.687208 0 -0.2072 -0.89362 0 -0.261989
10.81 -0.685686 0 -0.222855 -0.8998 0 -0.281937
10.82 -0.673658 0 -0.238096 -0.892456 0 -0.301109
10.83 -0.653997 0 -0.253575 -0.872735 0 -0.320239
10.84 -0.629565 0 -0.269617 -0.842428 0 -0.339804
10.85 -0.601608 0 -0.286088 -0.802698 0 -0.359867
10.86 -0.568952 0 -0.302396 -0.753298 0 -0.380022
10.87 -0.528726 0 -0.317699 -0.692957 0 -0.399542
10.88 -0.477731 0 -0.331214 -0.620199 0 -0.417631
10.89 -0.413709 0 -0.342339 -0.534061 0 -0.433516
10.9 -0.336201 0 -0.350594 -0.434583 0 -0.446396
10.91 -0.246793 0 -0.355549 -0.322997 0 -0.455407
10.92 -0.149259 0 -0.356885 -0.202108 0 -0.459744
10.93 -0.0493107 0 -0.354513 -0.0765247 0 -0.458856
10.94 0.0473742 0 -0.348511 0.0487347 0 -0.452471
10.95 0.137545 0 -0.338947 0.1702 0 -0.440486
10.96 0.221011 0 -0.325779 0.286492 0 -0.422898
10.97 0.299692 0 -0.308913 0.397663 0 -0.399847
10.98 0.3759 0 -0.288348 0.504002 0 -0.371713
10.99 0.451069 0 -0.264287 0.605355 0 -0.339153
11 0.525513 0 -0.237168 0.701289 0 -0.303036
11.01 0.598288 0 -0.207612 0.791072 0 -0.264341
11.02 0.667016 0 -0.176382 0.873317 0 -0.224059
11.03 0.728088 0 -0.144353 0.94575 0 -0.183173
11.04 0.777625 0 -0.112467 1.00565 0 -0.14264
11.05 0.813293 0 -0.0815982 1.05128 0 -0.103338
11.06 0.835782 0 -0.0523803 1.08319 0 -0.0659468
11.07 0.848357 0 -0.0251022 1.10399 0 -0.0308441
11.08 0.854462 0 0.0002852 1.11619 0 0.0019046
11.09 0.855476 0 0.0240311 1.12032 0 0.0324364
11.1 0.850351 0 0.0464055 1.11478 0 0.0609447
11.11 0.836932 0 0.067606 1.09721 0 0.0876122
11.12 0.813486 0 0.0877786 1.06595 0 0.112642
11.13 0.77919 0 0.107131 1.02041 0 0.136367
11.14 0.73392 0 0.125972 0.960728 0 0.159273
11.15 0.678022 0 0.144516 0.887527 0 0.181782
11.16 0.612358 0 0.162604 0.801895 0 0.203939
11.17 0.538837 0 0.179686 0.705954 0 0.225336
11.18 0.460465 0 0.195084 0.602998 0 0.245332
11.19 0.380158 0 0.208294 0.496416 0 0.263317
11.2 0.299483 0 0.219125 0.388469 0 0.278852
11.21 0.218403 0 0.227702 0.279955 0 0.291733
11.22 0.13602 0 0.234366 0.170729 0 0.301968
11.23 0.052041 0 0.23951 0.0609572 0 0.309704
11.24 -0.0322583 0 0.243407 -0.04798 0 0.315108
11.25 -0.114451 0 0.246066 -0.153796 0 0.318234
11.26 -0.191979 0 0.247235 -0.254111 0 0.318997
11.27 -0.263005 0 0.246581 -0.347083 0 0.317292
11.28 -0.326829 0 0.243836 -0.431721 0 0.313076
11.29 -0.383713 0 0.23876 -0.507776 0 0.306252
11.3 -0.434336 0 0.231026 -0.575349 0 0.296533
11.31 -0.479575 0 0.220339 -0.634854 0 0.283553
11.32 -0.520348 0 0.206666 -0.687003 0 0.267116
11.33 -0.556774 0 0.190335 -0.732055 0 0.247342
11.34 -0.587475 0 0.171939 -0.769049 0 0.224631
11.35 -0.609966 0 0.152155 -0.796007 0 0.199555
11.36 -0.621754 0 0.131532 -0.810785 0 0.172687
11.37 -0.621575 0 0.110311 -0.812105 0 0.144437
11.38 -0.610212 0 0.0883954 -0.800338 0 0.11498
11.39 -0.590089 0 0.0655274 -0.777261 0 0.0843684
11.4 -0.563827 0 0.0415573 -0.744916 0 0.0527389
11.41 -0.533214 0 0.0166686 -0.704834 0 0.0204778
11.42 -0.499308 0 -0.00855884 -0.658289 0 -0.0117351
11.43 -0.462592 0 -0.0332515 -0.606441 0 -0.0430115
11.44 -0.422696 0 -0.0564929 -0.549913 0 -0.0724608
11.45 -0.378555 0 -0.0775938 -0.488683 0 -0.0994107
11.46 -0.329318 0 -0.0961168 -0.42272 0 -0.123397
11.47 -0.274759 0 -0.111795 -0.352186 0 -0.14407
11.48 -0.214715 0 -0.124508 -0.276791 0 -0.161172
11.49 -0.149493 0 -0.134279 -0.196248 0 -0.174558
11.5 -0.0812566 0 -0.141294 -0.111857 0 -0.184246
11.51 -0.0137225 0 -0.145835 -0.0265484 0 -0.190391
11.52 0.0499235 0 -0.148096 0.0568104 0 -0.193138
11.53 0.108224 0 -0.148049 0.136395 0 -0.192503
11.54 0.161191 0 -0.145484 0.211199 0 -0.188404
11.55 0.209714 0 -0.140201 0.2807 0 -0.180818
11.56 0.254693 0 -0.132179 0.344352 0 -0.169908
11.57 0.296199 0 -0.121567 0.401097 0 -0.155978
11.58 0.333469 0 -0.108587 0.449589 0 -0.139345
11.59 0.365604 0 -0.0935223 0.488955 0 -0.120336
11.6 0.392071 0 -0.0767834 0.519214 0 -0.0993537
11.61 0.412575 0 -0.05887 0.540977 0 -0.0768694
11.62 0.426892 0 -0.0402725 0.555048 0 -0.0533529
11.63 0.435064 0 -0.0214457 0.562389 0 -0.0292735
11.64 0.43759 0 -0.00287548 0.564137 0 -0.00518571
11.65 0.435263 0 0.0148598 0.561338 0 0.0181984
11.66 0.428787 0 0.0311631 0.554586 0 0.0400825
11.67 0.41848 0 0.0456834 0.543796 0 0.0598649
11.68 0.404328 0 0.0585365 0.528371 0 0.0773976
11.69 0.386499 0 0.0702899 0.50786 0 0.0930319
11.7 0.365707 0 0.0817443 0.482471 0 0.107469
11.71 0.342797 0 0.0935903 0.452804 0 0.121465
11.72 0.318216 0 0.106207 0.419399 0 0.135645
11.73 0.292001 0 0.119605 0.382718 0 0.150399
11.74 0.263863 0 0.133442 0.343118 0 0.165827
11.75 0.233169 0 0.14719 0.300664 0 0.181788
11.76 0.199122 0 0.160315 0.255117 0 0.197999
11.77 0.161067 0 0.17238 0.206078 0 0.21406
11.78 0.118805 0 0.182996 0.153218 0 0.229395
11.79 0.0727933 0 0.191656 0.0965336 0 0.243107
11.8 0.0241999 0 0.197775 0.0365467 0 0.25407
11.81 -0.025294 0 0.200971 -0.0256689 0 0.261298
11.82 -0.0741278 0 0.20122 -0.0888895 0 0.264194
11.83 -0.121406 0 0.19877 -0.152135 0 0.262573
11.84 -0.166705 0 0.193992 -0.214464 0 0.256602
11.85 -0.209655 0 0.187228 -0.274649 0 0.246695
11.86 -0.249877 0 0.178651 -0.331278 0 0.233364
11.87 -0.287024 0 0.168218 -0.382998 0 0.217102
11.88 -0.32083 0 0.155694 -0.428787 0 0.198291
11.89 -0.351228 0 0.140719 -0.468204 0 0.177133
11.9 -0.378216 0 0.122937 -0.501311 0 0.153657
11.91 -0.401555 0 0.102196 -0.528331 0 0.127845
11.92 -0.420788 0 0.0786292 -0.54953 0 0.0996875
11.93 -0.435214 0 0.0525402 -0.564993 0 0.0691182
11.94 -0.443449 0 0.0242869 -0.573954 0 0.0359898
11.95 -0.443658 0 -0.00573815 -0.57482 0 0.000174415
11.96 -0.434809 0 -0.0371211 -0.56629 0 -0.0383302
11.97 -0.417518 0 -0.0695021 -0.548248 0 -0.0793811
11.98 -0.394113 0 -0.102606 -0.522074 0 -0.12267
11.99 -0.367834 0 -0.136132 -0.490197 0 -0.167608
12 -0.34097 0 -0.169547 -0.454583 0 -0.213171
12.01 -0.313845 0 -0.202016 -0.415874 0 -0.257888
12.02 -0.285428 0 -0.232634 -0.373909 0 -0.300165
12.03 -0.254091 0 -0.260779 -0.328208 0 -0.338728
12.04 -0.218028 0 -0.286212 -0.278032 0 -0.372817
12.05 -0.175908 0 -0.308822 -0.2227 0 -0.402021
12.06 -0.127612 0 -0.32832 -0.16214 0 -0.426
12.07 -0.0745282 0 -0.344191 -0.0972102 0 -0.444432
12.08 -0.0191277 0 -0.355924 -0.0295316 0 -0.457157
12.09 0.0361534 0 -0.363221 0.0392901 0 -0.464303
12.1 0.0897822 0 -0.365944 0.108226 0 -0.466124
12.11 0.140804 0 -0.363941 0.17631 0 -0.462755
12.12 0.188192 0 -0.357106 0.241956 0 -0.45421
12.13 0.230811 0 -0.345498 0.302992 0 -0.440489
12.14 0.268018 0 -0.329356 0.357432 0 -0.421612
12.15 0.300582 0 -0.30912 0.404686 0 -0.39771
12.16 0.330749 0 -0.285457 0.44599 0 -0.36913
12.17 0.360799 0 -0.259184 0.483295 0 -0.336466
12.18 0.391443 0 -0.231132 0.517804 0 -0.300494
12.19 0.421414 0 -0.201999 0.549452 0 -0.262066
12.2 0.448322 0 -0.172226 0.577371 0 -0.221978
12.21 0.469794 0 -0.14201 0.600572 0 -0.18093
12.22 0.484165 0 -0.111446 0.618202 0 -0.139569
12.23 0.490868 0 -0.0806378 0.629702 0 -0.0985057
12.24 0.490375 0 -0.0497661 0.634771 0 -0.0582873
12.25 0.483366 0 -0.0191818 0.632749 0 -0.0194439
12.26 0.47023 0 0.0105255 0.62247 0 0.0174504
12.27 0.451661 0 0.0385833 0.603228 0 0.0517903
12.28 0.429226 0 0.0641853 0.575698 0 0.0830092
12.29 0.404684 0 0.0866533 0.541519 0 0.110655
12.3 0.378608 0 0.105529 0.501979 0 0.134406
12.31 0.349964 0 0.120561 0.45742 0 0.154016
12.32 0.317162 0 0.131652 0.407905 0 0.169257
12.33 0.27906 0 0.138836 0.353772 0 0.17992
12.34 0.234943 0 0.142275 0.295237 0 0.185869
12.35 0.18445 0 0.142242 0.232111 0 0.187091
12.36 0.128182 0 0.139051 0.164389 0 0.183696
12.37 0.0681003 0 0.132985 0.0928661 0 0.1759
12.38 0.00692436 0 0.124339 0.0189416 0 0.164088
12.39 -0.0529432 0 0.113523 -0.056021 0 0.148908
12.4 -0.110263 0 0.101054 -0.131189 0 0.131224
12.41 -0.165096 0 0.0873984 -0.206276 0 0.111917
12.42 -0.218143 0 0.0728714 -0.28099 0 0.0917189
12.43 -0.270024 0 0.0576415 -0.35459 0 0.0711502
12.44 -0.321047 0 0.0418768 -0.425975 0 0.0506156
12.45 -0.371187 0 0.025979 -0.494015 0 0.0306129
12.46 -0.419893 0 0.0106226 -0.557559 0 0.0117847
12.47 -0.465843 0 -0.00348607 -0.615257 0 -0.0052776
12.48 -0.507228 0 -0.0158101 -0.665733 0 -0.0201791
12.49 -0.542546 0 -0.0260254 -0.708164 0 -0.0327114
12.5 -0.571151 0 -0.0340117 -0.74259 0 -0.0428086
12.51 -0.593017 0 -0.0397812 -0.769507 0 -0.0504638
12.52 -0.60806 0 -0.0433709 -0.789063 0 -0.0556283
12.53 -0.615872 0 -0.0448195 -0.800754 0 -0.0582098
12.54 -0.616127 0 -0.0442412 -0.803843 0 -0.0581762
12.55 -0.608863 0 -0.0419084 -0.797727 0 -0.0556751
12.56 -0.594301 0 -0.0382692 -0.781908 0 -0.0510899
12.57 -0.572651 0 -0.0338358 -0.755973 0 -0.0449607
12.58 -0.544249 0 -0.0289898 -0.71987 0 -0.0378039
12.59 -0.509783 0 -0.0238717 -0.674238 0 -0.0299869
12.6 -0.470071 0 -0.0184045 -0.62022 0 -0.0217098
12.61 -0.42552 0 -0.0123864 -0.558878 0 -0.0130373
12.62 -0.376012 0 -0.00562566 -0.490937 0 -0.00397482
12.63 -0.321303 0 0.00189677 -0.416995 0 0.00541044
12.64 -0.261403 0 0.0099553 -0.337709 0 0.0149264
12.65 -0.196701 0 0.0181442 -0.253802 0 0.0242962
12.66 -0.128009 0 0.0259867 -0.166061 0 0.0332184
12.67 -0.0566038 0 0.0330445 -0.0754563 0 0.0414157
12.68 0.0159352 0 0.0389414 0.0168524 0 0.0486035
12.69 0.0880321 0 0.0433089 0.109597 0 0.0544014
12.7 0.158143 0 0.0458652 0.20127 0 0.0584132
12.71 0.224743 0 0.0466038 0.290026 0 0.0604401
12.72 0.286572 0 0.0458503 0.373933 0 0.0605765
12.73 0.342845 0 0.0441371 0.451266 0 0.0591414
12.74 0.393268 0 0.0420037 0.5207 0 0.056544
12.75 0.43807 0 0.0398567 0.581567 0 0.0531906
12.76 0.47779 0 0.0379558 0.633839 0 0.0494844
12.77 0.512685 0 0.0364229 0.677663 0 0.0458126
12.78 0.542139 0 0.0352001 0.712772 0 0.0424517
12.79 0.564564 0 0.0340393 0.738245 0 0.0394873
12.8 0.578216 0 0.0326216 0.753067 0 0.0368583
12.81 0.582285 0 0.0307591 0.75698 0 0.0345005
12.82 0.577112 0 0.0285262 0.750556 0 0.0324543
12.83 0.563688 0 0.0262106 0.734686 0 0.0308338
12.84 0.54314 0 0.0241305 0.710158 0 0.0296965
12.85 0.516409 0 0.0224812 0.677488 0 0.0289558
12.86 0.484213 0 0.0212765 0.637029 0 0.0283844
12.87 0.447173 0 0.0203313 0.589214 0 0.0276387
12.88 0.40569 0 0.0192778 0.534505 0 0.0262909
12.89 0.359651 0 0.0176574 0.473087 0 0.0239083
12.9 0.308619 0 0.0150694 0.40497 0 0.0201729
12.91 0.252586 0 0.0112709 0.330636 0 0.0149453
12.92 0.192464 0 0.0061952 0.251429 0 0.00825192
12.93 0.129816 0 -4.55988e-005 0.169252 0 0.000268795
12.94 0.0663423 0 -0.00720103 0.086078 0 -0.00872377
12.95 0.00338949 0 -0.0150119 0.0035028 0 -0.0184624
12.96 -0.0584135 0 -0.023366 -0.077598 0 -0.0288454
12.97 -0.118858 0 -0.0323203 -0.156787 0 -0.0399498
12.98 -0.177639 0 -0.04192 -0.233584 0 -0.0518515
12.99 -0.234393 0 -0.0519719 -0.3075 0 -0.0643873
13 -0.288898 0 -0.0619318 -0.378223 0 -0.077022
13.01 -0.340962 0 -0.0710242 -0.445515 0 -0.0889376
13.02 -0.390014 0 -0.0785638 -0.508812 0 -0.099329
13.03 -0.43492 0 -0.0842072 -0.566994 0 -0.107653
13.04 -0.474421 0 -0.0880216 -0.618741 0 -0.113726
13.05 -0.507792 0 -0.0904194 -0.663152 0 -0.117718
13.06 -0.534937 0 -0.0919542 -0.699834 0 -0.12001
13.07 -0.55597 0 -0.0931105 -0.728555 0 -0.121044
13.08 -0.57092 0 -0.0941817 -0.749023 0 -0.121227
13.09 -0.579647 0 -0.0952095 -0.760873 0 -0.120849
13.1 -0.581896 0 -0.0960193 -0.763754 0 -0.120072
13.11 -0.577411 0 -0.0963338 -0.757437 0 -0.118962
13.12 -0.566001 0 -0.0959027 -0.741865 0 -0.117542
13.13 -0.547606 0 -0.0945941 -0.717168 0 -0.115824
13.14 -0.522414 0 -0.0923846 -0.683739 0 -0.113769
13.15 -0.491074 0 -0.0892946 -0.642424 0 -0.111232
13.16 -0.454692 0 -0.0853526 -0.59452 0 -0.107967
13.17 -0.414418 0 -0.0805613 -0.54139 0 -0.103643
13.18 -0.37102 0 -0.0749057 -0.484052 0 -0.0979256
13.19 -0.324799 0 -0.068415 -0.423082 0 -0.0905954
13.2 -0.275944 0 -0.0611593 -0.358923 0 -0.0815909
13.21 -0.224852 0 -0.0532056 -0.292179 0 -0.0709887
13.22 -0.171981 0 -0.0446183 -0.223443 0 -0.0589996
13.23 -0.117508 0 -0.0355144 -0.152932 0 -0.0459936
13.24 -0.0613583 0 -0.0261135 -0.080528 0 -0.0325057
13.25 -0.00370181 0 -0.0167113 -0.00630049 0 -0.0191586
13.26 0.0548331 0 -0.0076173 0.069215 0 -0.00655277
13.27 0.113393 0 0.000869467 0.145186 0 0.00479692
13.28 0.171107 0 0.00847445 0.220645 0 0.0144986
13.29 0.227104 0 0.0149496 0.294494 0 0.0222916
13.3 0.280507 0 0.0200554 0.365492 0 0.0280132
13.31 0.330497 0 0.0235709 0.432341 0 0.0315785
13.32 0.376399 0 0.0253212 0.493846 0 0.0329697
13.33 0.4177 0 0.025255 0.549008 0 0.0322763
13.34 0.453981 0 0.023597 0.59703 0 0.0298228
13.35 0.484801 0 0.0209011 0.637243 0 0.0262203
13.36 0.509556 0 0.0178781 0.668976 0 0.0222131
13.37 0.527499 0 0.0151007 0.691549 0 0.0184108
13.38 0.538098 0 0.012821 0.704564 0 0.0151234
13.39 0.541376 0 0.0110533 0.708195 0 0.0124431
13.4 0.537796 0 0.00976849 0.703044 0 0.0104251
13.41 0.527854 0 0.00899432 0.689729 0 0.00917094
13.42 0.511864 0 0.00879542 0.668676 0 0.00879665
13.43 0.490042 0 0.00921106 0.64019 0 0.00936411
13.44 0.462635 0 0.0102153 0.60459 0 0.010839
13.45 0.429967 0 0.0116798 0.562247 0 0.0130538
13.46 0.392299 0 0.0133511 0.513464 0 0.0156854
13.47 0.349603 0 0.0148931 0.458244 0 0.0182993
13.48 0.301603 0 0.0159888 0.396322 0 0.0204544
13.49 0.248256 0 0.0164296 0.327638 0 0.0218031
13.5 0.190236 0 0.0161073 0.252833 0 0.022101
13.51 0.129095 0 0.0149311 0.173462 0 0.0211426
13.52 0.0670009 0 0.0128241 0.0918309 0 0.0187751
13.53 0.00590106 0 0.00983359 0.0102469 0 0.0150205
13.54 -0.0531977 0 0.00616783 -0.0696803 0 0.0101173
13.55 -0.109982 0 0.00205657 -0.146873 0 0.00438194
13.56 -0.164429 0 -0.00242671 -0.220534 0 -0.00197927
13.57 -0.216775 0 -0.00738527 -0.290278 0 -0.00891647
13.58 -0.267422 0 -0.0129486 -0.35615 0 -0.0164198
13.59 -0.316577 0 -0.0191015 -0.418359 0 -0.0243772
13.6 -0.363672 0 -0.0256136 -0.476697 0 -0.0325179
13.61 -0.407039 0 -0.0321181 -0.530064 0 -0.0404838
13.62 -0.444538 0 -0.0382674 -0.576862 0 -0.0479656
13.63 -0.474644 0 -0.0438221 -0.615853 0 -0.0547679
13.64 -0.49681 0 -0.0486656 -0.646386 0 -0.0608056
13.65 -0.511227 0 -0.0528244 -0.668179 0 -0.0661144
13.66 -0.518557 0 -0.0564573 -0.681177 0 -0.0708407
13.67 -0.519561 0 -0.0597874 -0.685389 0 -0.0751859
13.68 -0.514708 0 -0.0630592 -0.6807 0 -0.0793773
13.69 -0.504136 0 -0.0664885 -0.666973 0 -0.0836344
13.7 -0.487908 0 -0.0701632 -0.644362 0 -0.0880758
13.71 -0.466242 0 -0.0739586 -0.61351 0 -0.0926297
13.72 -0.439495 0 -0.0775566 -0.575441 0 -0.0970332
13.73 -0.408018 0 -0.0805854 -0.531291 0 -0.100946
13.74 -0.372047 0 -0.0827684 -0.482032 0 -0.104076
13.75 -0.331708 0 -0.0839766 -0.428343 0 -0.106227
13.76 -0.287175 0 -0.0841978 -0.370668 0 -0.107275
13.77 -0.238753 0 -0.0834629 -0.309266 0 -0.107118
13.78 -0.186826 0 -0.0817673 -0.244204 0 -0.105623
13.79 -0.131955 0 -0.0790395 -0.175552 0 -0.102617
13.8 -0.0750435 0 -0.0751962 -0.10369 0 -0.0979571
13.81 -0.0172158 0 -0.0702316 -0.0293802 0 -0.0916224
13.82 0.0405683 0 -0.0642634 0.0464786 0 -0.0837627
13.83 0.0977123 0 -0.057526 0.122982 0 -0.074691
13.84 0.153694 0 -0.0503396 0.198975 0 -0.0648536
13.85 0.207645 0 -0.0430649 0.272753 0 -0.0547789
13.86 0.258445 0 -0.036003 0.342293 0 -0.0449574
13.87 0.30538 0 -0.0292743 0.406033 0 -0.035693
13.88 0.348592 0 -0.0227853 0.463482 0 -0.027039
13.89 0.388792 0 -0.0163081 0.515081 0 -0.0188467
13.9 0.426525 0 -0.00957865 0.561542 0 -0.01084
13.91 0.461707 0 -0.00235191 0.603344 0 -0.00266366
13.92 0.493627 0 0.00555587 0.640592 0 0.00606118
13.93 0.521115 0 0.0142404 0.672946 0 0.0156783
13.94 0.542795 0 0.0237067 0.699625 0 0.0264494
13.95 0.557627 0 0.0338898 0.719762 0 0.0385253
13.96 0.565408 0 0.0446979 0.73283 0 0.0519476
13.97 0.566585 0 0.0560546 0.738551 0 0.0666643
13.98 0.561776 0 0.0679094 0.736607 0 0.0825365
13.99 0.551447 0 0.0802151 0.72656 0 0.0993337
14 0.535645 0 0.092908 0.707804 0 0.11675
14.01 0.513916 0 0.10589 0.679596 0 0.134432
14.02 0.485585 0 0.118957 0.641362 0 0.151946
14.03 0.450196 0 0.131687 0.593056 0 0.1687
14.04 0.407725 0 0.14338 0.535252 0 0.183886
14.05 0.358605 0 0.153166 0.469043 0 0.196572
14.06 0.303709 0 0.160241 0.395901 0 0.205901
14.07 0.244198 0 0.164057 0.317474 0 0.211259
14.08 0.181312 0 0.164395 0.235333 0 0.212336
14.09 0.116238 0 0.161277 0.150845 0 0.209049
14.1 0.0500598 0 0.154811 0.0651527 0 0.201411
14.11 -0.0162733 0 0.145058 -0.0207919 0 0.18942
14.12 -0.0819009 0 0.132045 -0.106112 0 0.17308
14.13 -0.146108 0 0.115846 -0.19 0 0.152486
14.14 -0.208414 0 0.0966392 -0.271792 0 0.127877
14.15 -0.268458 0 0.0747291 -0.350853 0 0.0996539
14.16 -0.325733 0 0.0505847 -0.426349 0 0.0684087
14.17 -0.379413 0 0.0248494 -0.497122 0 0.0349407
14.18 -0.428327 0 -0.00174953 -0.561685 0 0.000170741
14.19 -0.471196 0 -0.0285385 -0.618447 0 -0.0349981
14.2 -0.507076 0 -0.0549524 -0.666156 0 -0.0697483
14.21 -0.535611 0 -0.0805026 -0.70416 0 -0.103337
14.22 -0.556981 0 -0.104746 -0.732411 0 -0.135087
14.23 -0.57165 0 -0.127254 -0.751265 0 -0.164376
14.24 -0.579951 0 -0.147585 -0.761115 0 -0.190627
14.25 -0.581666 0 -0.165334 -0.761956 0 -0.213351
14.26 -0.57583 0 -0.180178 -0.753115 0 -0.232196
14.27 -0.561125 0 -0.191845 -0.733514 0 -0.2469
14.28 -0.536721 0 -0.200076 -0.702394 0 -0.257231
14.29 -0.502624 0 -0.204624 -0.659621 0 -0.262976
14.3 -0.459361 0 -0.205276 -0.605406 0 -0.263937
14.31 -0.407679 0 -0.201899 -0.540127 0 -0.259966
14.32 -0.348574 0 -0.19445 -0.464477 0 -0.250975
14.33 -0.283519 0 -0.18297 -0.379832 0 -0.236934
14.34 -0.214386 0 -0.167618 -0.28828 0 -0.217925
14.35 -0.142922 0 -0.14876 -0.192139 0 -0.194253
14.36 -0.0703884 0 -0.127012 -0.0935404 0 -0.166522
14.37 0.0024274 0 -0.103177 0.00568973 0 -0.135607
14.38 0.0750261 0 -0.0780774 0.103996 0 -0.102507
14.39 0.146944 0 -0.0523407 0.20001 0 -0.0681413
14.4 0.217592 0 -0.0263195 0.292537 0 -0.0332407
14.41 0.286258 0 -0.000124766 0.380658 0 0.00168111
14.42 0.352187 0 0.0262669 0.46379 0 0.0363006
14.43 0.414391 0 0.0528474 0.541403 0 0.070382
14.44 0.471385 0 0.0794596 0.612577 0 0.103696
14.45 0.521458 0 0.105755 0.676054 0 0.135976
14.46 0.563328 0 0.131187 0.73071 0 0.166869
14.47 0.596606 0 0.155078 0.77593 0 0.195932
14.48 0.6217 0 0.176737 0.811567 0 0.222673
14.49 0.639251 0 0.195549 0.837537 0 0.246568
14.5 0.649665 0 0.211048 0.853543 0 0.267093
14.51 0.653047 0 0.223004 0.859179 0 0.283808
14.52 0.64947 0 0.231433 0.854309 0 0.296402
14.53 0.639202 0 0.236545 0.839331 0 0.304713
14.54 0.622557 0 0.238688 0.815003 0 0.308752
14.55 0.599665 0 0.238252 0.782115 0 0.308694
14.56 0.570428 0 0.235571 0.741304 0 0.304826
14.57 0.534655 0 0.230856 0.693017 0 0.297503
14.58 0.492393 0 0.224213 0.637712 0 0.28714
14.59 0.444216 0 0.215697 0.576072 0 0.274201
14.6 0.391037 0 0.205353 0.508859 0 0.259169
14.61 0.333799 0 0.193258 0.43669 0 0.242497
14.62 0.273478 0 0.179506 0.360187 0 0.224533
14.63 0.211178 0 0.164197 0.280205 0 0.205468
14.64 0.147977 0 0.147506 0.197788 0 0.185404
14.65 0.0847329 0 0.129759 0.114019 0 0.164463
14.66 0.0220878 0 0.111414 0.0300202 0 0.14283
14.67 -0.0394752 0 0.0929537 -0.0530569 0 0.120718
14.68 -0.0995563 0 0.074737 -0.134067 0 0.0982981
14.69 -0.157712 0 0.0569182 -0.211878 0 0.0756613
14.7 -0.213385 0 0.039512 -0.285424 0 0.0528911
14.71 -0.265947 0 0.0225438 -0.353792 0 0.0301949
14.72 -0.314869 0 0.00613181 -0.41641 0 0.00795292
14.73 -0.359912 0 -0.00954704 -0.473216 0 -0.0133577
14.74 -0.40096 0 -0.0243379 -0.524438 0 -0.0332943
14.75 -0.437366 0 -0.0381466 -0.56983 0 -0.0515344
14.76 -0.46776 0 -0.0509108 -0.608346 0 -0.0678845
14.77 -0.490824 0 -0.0625436 -0.638767 0 -0.082242
14.78 -0.50604 0 -0.0728809 -0.660371 0 -0.0945344
14.79 -0.513773 0 -0.0816408 -0.673057 0 -0.104647
14.8 -0.514678 0 -0.0884302 -0.676885 0 -0.112377
14.81 -0.508991 0 -0.0928407 -0.671527 0 -0.117477
14.82 -0.496457 0 -0.0945878 -0.656327 0 -0.119741
14.83 -0.476825 0 -0.0935706 -0.630858 0 -0.119042
14.84 -0.450296 0 -0.0898239 -0.595397 0 -0.11529
14.85 -0.417646 0 -0.0834413 -0.551038 0 -0.108385
14.86 -0.379961 0 -0.0745356 -0.499395 0 -0.0982168
14.87 -0.338015 0 -0.06327 -0.441922 0 -0.0847529
14.88 -0.29201 0 -0.0499226 -0.379531 0 -0.0681441
14.89 -0.241957 0 -0.0348869 -0.312841 0 -0.0487647
14.9 -0.188083 0 -0.0186244 -0.24246 0 -0.0271841
14.91 -0.130871 0 -0.00161162 -0.168963 0 -0.00411134
14.92 -0.0710455 0 0.0157503 -0.092891 0 0.0197209
14.93 -0.00965928 0 0.0331999 -0.0149638 0 0.0436666
14.94 0.0520124 0 0.050609 0.0638648 0 0.0672183
14.95 0.112739 0 0.0679307 0.142523 0 0.0900238
14.96 0.171435 0 0.0851145 0.219824 0 0.111863
14.97 0.227142 0 0.102049 0.294429 0 0.132619
14.98 0.279 0 0.118558 0.364843 0 0.152259
14.99 0.326315 0 0.134402 0.429578 0 0.17079
15 0.368616 0 0.149289 0.487362 0 0.188202
