0.1 -2.68018e-018 0 1.51769e-017 -1.13113e-017 0 3.1849e-016
0.2 6.70076e-018 0 1.42499e-017 6.93779e-018 0 1.34325e-016
0.3 1.15626e-018 0 4.12508e-017 2.29915e-017 0 7.47358e-017
0.4 1.6138e-018 0 4.53195e-017 5.78928e-017 0 -1.18831e-017
0.5 -8.61654e-019 0 4.84388e-017 8.12711e-017 0 -4.24247e-016
0.6 -7.75482e-019 0 4.85053e-017 9.76778e-017 0 -7.84873e-016
0.7 -6.72017e-018 0 1.03028e-016 1.18747e-016 0 -9.8379e-016
0.8 4.24958e-017 0 8.06596e-017 2.3855e-016 0 -8.86035e-016
0.9 -2.79284e-018 0 4.00292e-016 2.02397e-016 0 -1.48003e-015
1 1.86919e-017 0 9.76274e-016 2.66557e-016 0 -1.11541e-015
0.01 -2.31466e-005 0 2.76557e-005 -2.37207e-005 0 2.8214e-005
0.02 -8.92718e-005 0 0.000108201 -9.32434e-005 0 0.000112113
0.03 -0.000168879 0 0.000206405 -0.000182528 0 0.000220021
0.04 -0.000236698 0 0.000285093 -0.000268712 0 0.000317359
0.05 -0.000294292 0 0.000337174 -0.000353221 0 0.000396842
0.06 -0.000341797 0 0.000358371 -0.000433529 0 0.000450874
0.07 -0.000377553 0 0.000347333 -0.000503495 0 0.000472254
0.08 -0.00039938 0 0.000306498 -0.000555586 0 0.000456271
0.09 -0.000405731 0 0.000241364 -0.000583122 0 0.000401573
0.1 -0.000396391 0 0.000158433 -0.000581979 0 0.000309688
0.11 -0.000372489 0 6.34637e-005 -0.000551399 0 0.000184471
0.12 -0.000336075 0 -3.99612e-005 -0.00049394 0 3.11498e-005
0.13 -0.000289766 0 -0.000151518 -0.000415025 0 -0.000145109
0.14 -0.00023642 0 -0.000273272 -0.000322054 0 -0.000339421
0.15 -0.00017862 0 -0.000406963 -0.000222991 0 -0.000545994
0.16 -0.00011772 0 -0.000552122 -0.000124337 0 -0.000757768
0.17 -5.36637e-005 0 -0.000706217 -2.99187e-005 0 -0.000967711
0.18 1.39224e-005 0 -0.000866314 5.87894e-005 0 -0.00117111
0.19 8.49524e-005 0 -0.00103108 0.000142181 0 -0.00136765
0.2 0.000158502 0 -0.0012004 0.000221879 0 -0.00156063
0.21 0.000233146 0 -0.00137302 0.000300339 0 -0.00175384
0.22 0.000308273 0 -0.00154561 0.000381185 0 -0.00194939
0.23 0.000383862 0 -0.00171332 0.000468018 0 -0.00214712
0.24 0.000459218 0 -0.0018714 0.000562382 0 -0.00234503
0.25 0.000532533 0 -0.00201605 0.000662853 0 -0.00253953
0.26 0.000602501 0 -0.00214481 0.000766574 0 -0.00272565
0.27 0.000671895 0 -0.00225791 0.000873292 0 -0.00289902
0.28 0.000747196 0 -0.00235917 0.000985961 0 -0.00305774
0.29 0.000832388 0 -0.00245472 0.00110567 0 -0.00320253
0.3 0.000925466 0 -0.00255096 0.00122886 0 -0.00333598
0.31 0.00102305 0 -0.00265173 0.0013521 0 -0.00346068
0.32 0.00112304 0 -0.0027551 0.00147445 0 -0.00357626
0.33 0.00122131 0 -0.00285295 0.0015937 0 -0.00367824
0.34 0.00131245 0 -0.00293572 0.00170628 0 -0.00376168
0.35 0.00139234 0 -0.00299838 0.00180923 0 -0.00382573
0.36 0.00145779 0 -0.00304123 0.00189928 0 -0.00387349
0.37 0.0015068 0 -0.00306508 0.00197308 0 -0.0039067
0.38 0.0015401 0 -0.00306643 0.00202895 0 -0.00392081
0.39 0.00155966 0 -0.00303925 0.00206611 0 -0.00390682
0.4 0.00156522 0 -0.00298189 0.00208184 0 -0.00385865
0.41 0.00155511 0 -0.00289974 0.00207278 0 -0.00377676
0.42 0.00152833 0 -0.00280058 0.00203727 0 -0.00366473
0.43 0.00148558 0 -0.00268835 0.00197641 0 -0.00352412
0.44 0.00143018 0 -0.00256138 0.00189496 0 -0.0033532
0.45 0.0013654 0 -0.00241737 0.00179847 0 -0.00315179
0.46 0.00129345 0 -0.0022589 0.00169193 0 -0.00292616
0.47 0.00121789 0 -0.0020916 0.00158177 0 -0.00268667
0.48 0.00114101 0 -0.00191835 0.00147275 0 -0.00244117
0.49 0.0010619 0 -0.0017381 0.00136566 0 -0.00219299
0.5 0.00098243 0 -0.00154957 0.00126294 0 -0.0019438
0.51 0.000908107 0 -0.00135295 0.00116975 0 -0.00169476
0.52 0.000841197 0 -0.00114706 0.00108742 0 -0.0014436
0.53 0.000782642 0 -0.000928724 0.00101576 0 -0.00118415
0.54 0.000739443 0 -0.000699678 0.000960912 0 -0.000913923
0.55 0.00072111 0 -0.00047236 0.000932466 0 -0.000641011
0.56 0.000726405 0 -0.000260128 0.000930455 0 -0.000375772
0.57 0.000736029 0 -6.26683e-005 0.000937262 0 -0.000117176
0.58 0.000725186 0 0.00012967 0.000928535 0 0.000142954
0.59 0.0006853 0 0.000320096 0.000893689 0 0.000404883
0.6 0.000628108 0 0.000499767 0.000840381 0 0.000655959
0.61 0.000566638 0 0.000654738 0.000777124 0 0.000877836
0.62 0.000502669 0 0.000776615 0.00070232 0 0.0010574
0.63 0.000444723 0 0.000865921 0.00062329 0 0.00119072
0.64 0.000414556 0 0.00092758 0.00056374 0 0.00127947
0.65 0.000415069 0 0.000967751 0.000531929 0 0.00132853
0.66 0.000424053 0 0.000989255 0.000512794 0 0.00134186
0.67 0.000426433 0 0.000987089 0.000497457 0 0.00131767
0.68 0.000424741 0 0.000957409 0.000491799 0 0.0012565
0.69 0.000424241 0 0.000906233 0.000501119 0 0.001169
0.7 0.000427873 0 0.000839959 0.000525521 0 0.00106584
0.71 0.00044001 0 0.000753637 0.000564692 0 0.000945269
0.72 0.00045927 0 0.000632172 0.000611966 0 0.000793381
0.73 0.00047415 0 0.000464377 0.000650839 0 0.000597369
0.74 0.000470733 0 0.000261038 0.000663 0 0.000363861
0.75 0.000440857 0 5.18837e-005 0.000636658 0 0.000117626
0.76 0.000386732 0 -0.00014127 0.000571579 0 -0.000122979
0.77 0.000323001 0 -0.000317849 0.000481968 0 -0.000357955
0.78 0.000275874 0 -0.000487235 0.000396751 0 -0.000594445
0.79 0.000267429 0 -0.000654869 0.000344636 0 -0.000833758
0.8 0.00029812 0 -0.000819184 0.000335927 0 -0.00106936
0.81 0.000355038 0 -0.00098187 0.000368348 0 -0.00129818
0.82 0.000427369 0 -0.00115592 0.000439464 0 -0.00152983
0.83 0.000507853 0 -0.00135302 0.000545819 0 -0.00177516
0.84 0.000592195 0 -0.00156682 0.00068135 0 -0.00202986
0.85 0.000688425 0 -0.00177905 0.000847437 0 -0.00227959
0.86 0.000814776 0 -0.00196963 0.00105318 0 -0.00250825
0.87 0.000964559 0 -0.0021122 0.00128288 0 -0.0026916
0.88 0.00110299 0 -0.00218162 0.00149388 0 -0.00280309
0.89 0.0012199 0 -0.00217634 0.00166945 0 -0.00283574
0.9 0.00134811 0 -0.0021221 0.00183869 0 -0.0028075
0.91 0.00151948 0 -0.00204351 0.00203505 0 -0.00273552
0.92 0.00171595 0 -0.0019304 0.00224755 0 -0.00260455
0.93 0.00188479 0 -0.00174432 0.00243259 0 -0.00237345
0.94 0.00200018 0 -0.00146821 0.00257088 0 -0.00202377
0.95 0.00207952 0 -0.00114363 0.00268167 0 -0.00159731
0.96 0.00215188 0 -0.000842664 0.00279209 0 -0.00117038
0.97 0.00222123 0 -0.000599002 0.00290229 0 -0.000786742
0.98 0.00225461 0 -0.000387354 0.00297405 0 -0.000435724
0.99 0.0022295 0 -0.000171198 0.00297773 0 -9.57073e-005
1 0.00216642 0 5.42755e-005 0.00292606 0 0.00022702
1.01 0.00208342 0 0.000261596 0.00283126 0 0.000499444
1.02 0.00197591 0 0.000421501 0.00268666 0 0.000691785
1.03 0.00186108 0 0.00054247 0.00251183 0 0.000816084
1.04 0.00178196 0 0.000673835 0.00235739 0 0.000929463
1.05 0.00174979 0 0.000856499 0.00224738 0 0.00108536
1.06 0.00172379 0 0.00108591 0.00215561 0 0.00129522
1.07 0.00166275 0 0.00132577 0.00205177 0 0.00153832
1.08 0.00157752 0 0.00153347 0.00195029 0 0.00178249
1.09 0.00149942 0 0.00168535 0.00187926 0 0.00200569
1.1 0.00140902 0 0.00179682 0.0018109 0 0.00221567
1.11 0.00126378 0 0.00190955 0.00168981 0 0.00244021
1.12 0.00108554 0 0.00205468 0.00152254 0 0.00269514
1.13 0.000951417 0 0.00222246 0.00137418 0 0.00295789
1.14 0.000900169 0 0.00235822 0.00128083 0 0.00316461
1.15 0.000934666 0 0.00239429 0.00125411 0 0.00324077
1.16 0.0010737 0 0.0022998 0.00133128 0 0.00314934
1.17 0.00130863 0 0.00211592 0.00152782 0 0.00292674
1.18 0.00158768 0 0.00193734 0.00181475 0 0.00266795
1.19 0.00185283 0 0.00183491 0.00214746 0 0.00245313
1.2 0.00205383 0 0.00180251 0.00247377 0 0.00229462
1.21 0.00216266 0 0.00178194 0.00274682 0 0.00215705
1.22 0.00217573 0 0.00171451 0.00293092 0 0.00200148
1.23 0.00210619 0 0.00156616 0.00300147 0 0.00180429
1.24 0.00199006 0 0.00133334 0.00296089 0 0.00156015
1.25 0.00189454 0 0.00103727 0.00285695 0 0.0012773
1.26 0.00188894 0 0.000706365 0.00276128 0 0.000964203
1.27 0.00199813 0 0.000368539 0.00272455 0 0.000627434
1.28 0.00220225 0 5.09004e-005 0.00277022 0 0.000277013
1.29 0.00244543 0 -0.000224218 0.00289102 0 -7.31298e-005
1.3 0.00265782 0 -0.00043766 0.00305649 0 -0.000401224
1.31 0.00281692 0 -0.000579612 0.00326298 0 -0.000684015
1.32 0.00294527 0 -0.00067212 0.00352764 0 -0.000922439
1.33 0.00305209 0 -0.000775023 0.00383343 0 -0.00115372
1.34 0.00316596 0 -0.000950297 0.00416982 0 -0.00142311
1.35 0.00337259 0 -0.00119922 0.00458292 0 -0.00172608
1.36 0.00371553 0 -0.00144176 0.00508888 0 -0.00198704
1.37 0.00412411 0 -0.00158842 0.00560745 0 -0.00212592
1.38 0.00447121 0 -0.00162415 0.00601565 0 -0.00213671
1.39 0.00466849 0 -0.00162209 0.00623439 0 -0.00210007
1.4 0.00470282 0 -0.00168338 0.00625829 0 -0.00212564
1.41 0.00457965 0 -0.00181987 0.00609655 0 -0.00223656
1.42 0.00431386 0 -0.00191544 0.00576354 0 -0.00232709
1.43 0.00397958 0 -0.00185096 0.00533143 0 -0.00228022
1.44 0.00364936 0 -0.0016239 0.00487422 0 -0.00208319
1.45 0.00330579 0 -0.00134084 0.00438138 0 -0.00182398
1.46 0.00287147 0 -0.00112346 0.00378419 0 -0.00160649
1.47 0.00229186 0 -0.000991976 0.0030325 0 -0.00144176
1.48 0.00154507 0 -0.000839544 0.00210085 0 -0.00122288
1.49 0.000580327 0 -0.000545362 0.000925737 0 -0.000832481
1.5 -0.000643113 0 -8.24769e-005 -0.000555067 0 -0.000245165
1.51 -0.00199739 0 0.000494056 -0.00223738 0 0.000484909
1.52 -0.00317926 0 0.00112305 -0.00382718 0 0.00129707
1.53 -0.00396638 0 0.00179161 -0.0050791 0 0.0021762
1.54 -0.00438852 0 0.00251658 -0.00596546 0 0.00313439
1.55 -0.00459533 0 0.00328564 -0.00656128 0 0.00415311
1.56 -0.00469685 0 0.00405458 -0.00690967 0 0.00518072
1.57 -0.00475645 0 0.00477523 -0.00703527 0 0.00615958
1.58 -0.00482608 0 0.00538636 -0.00699045 0 0.007016
1.59 -0.00495254 0 0.00581539 -0.00686282 0 0.00766109
1.6 -0.00518759 0 0.00603295 -0.00677746 0 0.00804563
1.61 -0.00555359 0 0.00612572 -0.00684756 0 0.00823743
1.62 -0.00594922 0 0.00625702 -0.00705814 0 0.0083909
1.63 -0.00611245 0 0.00646974 -0.00720097 0 0.00855696
1.64 -0.00572292 0 0.0065965 -0.00694973 0 0.00858976
1.65 -0.00463231 0 0.00644528 -0.00607862 0 0.00831933
1.66 -0.00300141 0 0.00600557 -0.00461668 0 0.00774705
1.67 -0.00118335 0 0.0054363 -0.00277541 0 0.00703346
1.68 0.000499117 0 0.00489946 -0.000778263 0 0.0063396
1.69 0.00186759 0 0.00442429 0.00121634 0 0.00569748
1.7 0.00287321 0 0.00394878 0.00309063 0 0.00505147
1.71 0.00359648 0 0.00344741 0.00478613 0 0.00438271
1.72 0.00424743 0 0.0029384 0.00634529 0 0.00371432
1.73 0.00504214 0 0.00240966 0.00783892 0 0.00303653
1.74 0.00606931 0 0.00180407 0.00927378 0 0.00229031
1.75 0.00730624 0 0.00105665 0.0106267 0 0.00140218
1.76 0.00867643 0 0.00012607 0.0118959 0 0.000314699
1.77 0.0100195 0 -0.000984092 0.0130436 0 -0.00099021
1.78 0.0110725 0 -0.0021968 0.0139359 0 -0.00245695
1.79 0.0116306 0 -0.00336582 0.0144604 0 -0.00395141
1.8 0.011719 0 -0.00437682 0.0146713 0 -0.00535341
1.81 0.0115212 0 -0.00524642 0.0147197 0 -0.00665415
1.82 0.0112193 0 -0.00607134 0.014714 0 -0.00791282
1.83 0.0109296 0 -0.00690454 0.014685 0 -0.00914426
1.84 0.0107137 0 -0.00770147 0.0146227 0 -0.0102737
1.85 0.0105665 0 -0.0083489 0.0144817 0 -0.0111677
1.86 0.01038 0 -0.00874795 0.0141497 0 -0.0117154
1.87 0.0100691 0 -0.00889365 0.0135665 0 -0.0119063
1.88 0.00978606 0 -0.00887064 0.0129314 0 -0.0118277
1.89 0.00978066 0 -0.00877504 0.0125628 0 -0.0115897
1.9 0.0099728 0 -0.00865024 0.012462 0 -0.011262
1.91 0.00993498 0 -0.00848053 0.0122662 0 -0.0108633
1.92 0.0093068 0 -0.00822074 0.0116261 0 -0.0103828
1.93 0.00798584 0 -0.00784637 0.0103798 0 -0.00982201
1.94 0.00601861 0 -0.00738536 0.00845518 0 -0.00922167
1.95 0.00352934 0 -0.00688603 0.0058313 0 -0.00862934
1.96 0.00077151 0 -0.00637869 0.00263396 0 -0.00806397
1.97 -0.00188536 0 -0.00587017 -0.000832595 0 -0.00751444
1.98 -0.00416237 0 -0.00534814 -0.00426049 0 -0.00694772
1.99 -0.00603739 0 -0.00479966 -0.00750318 0 -0.00633105
2 -0.0076916 0 -0.00421241 -0.0105558 0 -0.00563622
2.01 -0.0093485 0 -0.00354472 -0.0134494 0 -0.00481118
2.02 -0.0111347 0 -0.00271147 -0.0161652 0 -0.00376467
2.03 -0.0130808 0 -0.00162119 -0.0186715 0 -0.00239984
2.04 -0.015171 0 -0.000256185 -0.0209829 0 -0.000691966
2.05 -0.0172419 0 0.00128796 -0.0230438 0 0.00126967
2.06 -0.0189794 0 0.00286409 -0.0246836 0 0.00333687
2.07 -0.0202011 0 0.00436354 -0.0258505 0 0.0053864
2.08 -0.0209984 0 0.00574561 -0.0267195 0 0.00734825
2.09 -0.0215496 0 0.00700264 -0.0274963 0 0.00917503
2.1 -0.0219098 0 0.00810163 -0.0282121 0 0.0107906
2.11 -0.0220201 0 0.00898326 -0.0287432 0 0.0120954
2.12 -0.0218909 0 0.00961832 -0.0290088 0 0.013028
2.13 -0.021655 0 0.010024 -0.0290488 0 0.0135862
2.14 -0.0214317 0 0.0102474 -0.028915 0 0.0138148
2.15 -0.0211976 0 0.0103535 -0.0285604 0 0.0137961
2.16 -0.0207562 0 0.0103891 -0.0278056 0 0.0136123
2.17 -0.0198926 0 0.0103335 -0.0264763 0 0.0132897
2.18 -0.0186202 0 0.0100833 -0.0246314 0 0.0127722
2.19 -0.0171169 0 0.00952902 -0.022492 0 0.0119829
2.2 -0.0154013 0 0.00866395 -0.020115 0 0.0109244
2.21 -0.0133226 0 0.00758985 -0.0173734 0 0.00968445
2.22 -0.0108271 0 0.00643772 -0.0142119 0 0.00836652
2.23 -0.00804476 0 0.00529552 -0.010736 0 0.00702896
2.24 -0.00515006 0 0.00417172 -0.00708756 0 0.00565789
2.25 -0.00224916 0 0.00300714 -0.00334838 0 0.00418257
2.26 0.000567311 0 0.00171866 0.000394435 0 0.00251752
2.27 0.00323699 0 0.000242254 0.00405648 0 0.000601661
2.28 0.00584004 0 -0.00142679 0.00767564 0 -0.00156471
2.29 0.00851051 0 -0.00323269 0.0113392 0 -0.00391919
2.3 0.0112592 0 -0.00510356 0.0150226 0 -0.00638008
2.31 0.014014 0 -0.00696797 0.018636 0 -0.00886121
2.32 0.0167205 0 -0.00873781 0.0221245 0 -0.0112537
2.33 0.0193126 0 -0.0103228 0.0254336 0 -0.0134399
2.34 0.0216746 0 -0.0116761 0.0284626 0 -0.015341
2.35 0.0236761 0 -0.0128042 0.031089 0 -0.0169312
2.36 0.0252329 0 -0.013732 0.0332197 0 -0.0182094
2.37 0.0262862 0 -0.0144731 0.0347688 0 -0.0191753
2.38 0.0268152 0 -0.0150199 0.0356734 0 -0.019822
2.39 0.0269642 0 -0.0153416 0.0360333 0 -0.0201316
2.4 0.0269587 0 -0.0153679 0.0360468 0 -0.0200547
2.41 0.0268881 0 -0.0149779 0.0358093 0 -0.0194896
2.42 0.0267309 0 -0.0140682 0.0353395 0 -0.0183412
2.43 0.0263879 0 -0.0126851 0.0345995 0 -0.0166494
2.44 0.0256014 0 -0.0110511 0.0333901 0 -0.0146229
2.45 0.0241021 0 -0.00940639 0.0314686 0 -0.0124947
2.46 0.0218818 0 -0.00784086 0.0288069 0 -0.0103646
2.47 0.0191746 0 -0.00629535 0.0255826 0 -0.00820127
2.48 0.0162177 0 -0.00467457 0.0219678 0 -0.00594517
2.49 0.0131145 0 -0.00292933 0.0180191 0 -0.00358018
2.5 0.00983783 0 -0.00105834 0.0136946 0 -0.00112705
2.51 0.00632269 0 0.000905169 0.008946 0 0.00137336
2.52 0.00255176 0 0.00287841 0.00379635 0 0.00384314
2.53 -0.00144669 0 0.00475719 -0.00167263 0 0.00618943
2.54 -0.00558228 0 0.00647568 -0.00731334 0 0.00835695
2.55 -0.00969054 0 0.00801823 -0.0129055 0 0.0103351
2.56 -0.0136045 0 0.00939533 -0.0182295 0 0.0121327
2.57 -0.0172205 0 0.0106059 -0.0231338 0 0.0137408
2.58 -0.0205119 0 0.0116204 -0.0275535 0 0.0151173
2.59 -0.0235187 0 0.0124239 -0.0315066 0 0.0162315
2.6 -0.0262987 0 0.0130492 -0.035052 0 0.0171002
2.61 -0.0288448 0 0.0135253 -0.0382071 0 0.017741
2.62 -0.0310528 0 0.0138197 -0.0409064 0 0.0181167
2.63 -0.0327718 0 0.0138856 -0.0430357 0 0.0181815
2.64 -0.0339548 0 0.0137595 -0.0445682 0 0.0179775
2.65 -0.0347788 0 0.0135654 -0.0456823 0 0.0176403
2.66 -0.0354708 0 0.0133998 -0.0465996 0 0.0172877
2.67 -0.0360515 0 0.0132093 -0.04734 0 0.0168946
2.68 -0.0363304 0 0.0128053 -0.0477136 0 0.0162974
2.69 -0.0360954 0 0.0120305 -0.0474998 0 0.0153475
2.7 -0.0353142 0 0.0108969 -0.0466409 0 0.014043
2.71 -0.0341108 0 0.00958133 -0.0452256 0 0.0125307
2.72 -0.0325383 0 0.00831638 -0.0432751 0 0.0110137
2.73 -0.0304604 0 0.00722806 -0.0406306 0 0.00960407
2.74 -0.0277278 0 0.00621829 -0.0371265 0 0.00821045
2.75 -0.0244104 0 0.00504739 -0.0328212 0 0.00661152
2.76 -0.0207171 0 0.00357835 -0.0279254 0 0.0046863
2.77 -0.0168055 0 0.00185785 -0.0226225 0 0.00248787
2.78 -0.0127655 0 -6.03632e-005 -0.0170537 0 6.74918e-005
2.79 -0.00860158 0 -0.00221714 -0.0112926 0 -0.00262526
2.8 -0.0041996 0 -0.00460442 -0.00529424 0 -0.00559734
2.81 0.000478598 0 -0.0070475 0.000930495 0 -0.00868791
2.82 0.00524074 0 -0.00929693 0.00716678 0 -0.0116478
2.83 0.00981229 0 -0.0111894 0.0131347 0 -0.0142898
2.84 0.0140073 0 -0.0127308 0.0186452 0 -0.0165719
2.85 0.0177907 0 -0.0140328 0.0236533 0 -0.0185449
2.86 0.021202 0 -0.0152134 0.0281831 0 -0.0202713
2.87 0.0242516 0 -0.0163866 0.0322285 0 -0.0218313
2.88 0.0269829 0 -0.0176138 0.0358212 0 -0.0232844
2.89 0.029506 0 -0.0188075 0.0390704 0 -0.0245732
2.9 0.0318664 0 -0.0197728 0.0420366 0 -0.0255505
2.91 0.0339921 0 -0.0203745 0.0446749 0 -0.026129
2.92 0.0357817 0 -0.0206278 0.0469123 0 -0.0263578
2.93 0.0371401 0 -0.0206106 0.0486708 0 -0.0263298
2.94 0.0379817 0 -0.0203385 0.0498613 0 -0.0260576
2.95 0.0382672 0 -0.0197742 0.050418 0 -0.0254847
2.96 0.0379921 0 -0.0189054 0.0502916 0 -0.0245662
2.97 0.0371128 0 -0.017728 0.0493849 0 -0.0232585
2.98 0.0355399 0 -0.0161887 0.0475537 0 -0.0214688
2.99 0.0332599 0 -0.0142199 0.0447377 0 -0.0190941
3 0.0304419 0 -0.0118169 0.041079 0 -0.0161033
3.01 0.0273594 0 -0.00905488 0.0368616 0 -0.0125591
3.02 0.0242081 0 -0.00603008 0.0323399 0 -0.0085655
3.03 0.0210288 0 -0.00278994 0.0276558 0 -0.00419902
3.04 0.0177111 0 0.000657603 0.0228182 0 0.000486419
3.05 0.0140416 0 0.00424396 0.0177162 0 0.00536702
3.06 0.00986047 0 0.00781885 0.0122424 0 0.0102342
3.07 0.00524429 0 0.0112956 0.00646193 0 0.0149448
3.08 0.000496165 0 0.0147098 0.000617595 0 0.019488
3.09 -0.00411825 0 0.0180986 -0.0051011 0 0.0238742
3.1 -0.00855188 0 0.0214132 -0.0107094 0 0.0280514
3.11 -0.012809 0 0.0245026 -0.0162437 0 0.0318849
3.12 -0.0166987 0 0.027178 -0.0215048 0 0.0352088
3.13 -0.0198959 0 0.0293357 -0.0261087 0 0.0379364
3.14 -0.0222955 0 0.0309667 -0.0298412 0 0.0400625
3.15 -0.0241904 0 0.0320923 -0.0328639 0 0.0415985
3.16 -0.0260307 0 0.0327502 -0.0355227 0 0.0425624
3.17 -0.0281576 0 0.0329773 -0.0381285 0 0.0429674
3.18 -0.0306585 0 0.0327977 -0.0408317 0 0.042817
3.19 -0.0332308 0 0.0322545 -0.0434653 0 0.0421415
3.2 -0.0353189 0 0.0314245 -0.0456255 0 0.0410184
3.21 -0.0365515 0 0.0303999 -0.0470453 0 0.0395572
3.22 -0.0369744 0 0.0292548 -0.0477918 0 0.0378662
3.23 -0.0368631 0 0.0279866 -0.048084 0 0.0359895
3.24 -0.0364553 0 0.0264989 -0.0480577 0 0.0338779
3.25 -0.0358811 0 0.0246491 -0.047733 0 0.0314229
3.26 -0.035156 0 0.0222632 -0.0470389 0 0.0284574
3.27 -0.0341117 0 0.0191703 -0.0457578 0 0.0247808
3.28 -0.0324738 0 0.015322 -0.0436007 0 0.0202793
3.29 -0.0301166 0 0.0108829 -0.0404484 0 0.0150317
3.3 -0.0271571 0 0.00620037 -0.0364406 0 0.00930807
3.31 -0.0237865 0 0.00168051 -0.0318084 0 0.00347783
3.32 -0.0200752 0 -0.00235997 -0.026679 0 -0.00211292
3.33 -0.0160336 0 -0.00579514 -0.0211274 0 -0.0072383
3.34 -0.0118479 0 -0.00869759 -0.0154033 0 -0.011819
3.35 -0.00781729 0 -0.0112654 -0.00986866 0 -0.0158859
3.36 -0.0040253 0 -0.0137479 -0.00466834 0 -0.0195496
3.37 -0.000268173 0 -0.0163752 0.000353989 0 -0.0229674
3.38 0.00374822 0 -0.0192446 0.00548203 0 -0.0262505
3.39 0.00820987 0 -0.022239 0.0109445 0 -0.0293766
3.4 0.0130087 0 -0.0250765 0.0167227 0 -0.0322101
3.41 0.0176928 0 -0.0274542 0.0224657 0 -0.0345997
3.42 0.021746 0 -0.0291655 0.0277187 0 -0.0364532
3.43 0.0249541 0 -0.0301553 0.0322521 0 -0.0377636
3.44 0.0274523 0 -0.0305023 0.0361086 0 -0.0385845
3.45 0.029497 0 -0.0303398 0.039409 0 -0.0389633
3.46 0.0312504 0 -0.0298072 0.0421813 0 -0.0389201
3.47 0.0327235 0 -0.0290365 0.0443411 0 -0.0384649
3.48 0.0338501 0 -0.0281061 0.0457835 0 -0.0375816
3.49 0.0345631 0 -0.0270026 0.0464611 0 -0.0362086
3.5 0.034741 0 -0.0256385 0.0463169 0 -0.0342623
3.51 0.0341853 0 -0.0239022 0.0452358 0 -0.0316788
3.52 0.0328555 0 -0.0217264 0.0432525 0 -0.0284659
3.53 0.0310025 0 -0.0191399 0.0406717 0 -0.0247377
3.54 0.0289108 0 -0.0162423 0.037815 0 -0.0206744
3.55 0.0266128 0 -0.0131434 0.0347411 0 -0.0164518
3.56 0.0238658 0 -0.00992657 0.0312142 0 -0.0121981
3.57 0.0204002 0 -0.00663345 0.0269378 0 -0.00797488
3.58 0.0162008 0 -0.00326347 0.0218322 0 -0.00377575
3.59 0.0115554 0 0.000225025 0.016104 0 0.000470744
3.6 0.00693493 0 0.00387082 0.0101654 0 0.00485219
3.61 0.00276411 0 0.00762249 0.00444501 0 0.00937495
3.62 -0.000861926 0 0.0113155 -0.000879783 0 0.0139254
3.63 -0.00424122 0 0.0147516 -0.00596938 0 0.0183308
3.64 -0.00776827 0 0.0178216 -0.011077 0 0.0224704
3.65 -0.0115936 0 0.0205606 -0.0162581 0 0.0263309
3.66 -0.0155928 0 0.023073 -0.0213627 0 0.0299447
3.67 -0.0195694 0 0.0254626 -0.0262316 0 0.0333402
3.68 -0.023365 0 0.0278084 -0.030784 0 0.0365377
3.69 -0.0268268 0 0.0300551 -0.0349549 0 0.0394512
3.7 -0.0298246 0 0.0319429 -0.0386835 0 0.0418169
3.71 -0.0323003 0 0.0331443 -0.0419413 0 0.0433157
3.72 -0.0342025 0 0.0334305 -0.0446585 0 0.0437213
3.73 -0.0354552 0 0.0327568 -0.0466954 0 0.0429773
3.74 -0.0360563 0 0.031306 -0.0479538 0 0.0412437
3.75 -0.0360939 0 0.0293629 -0.0484183 0 0.0387871
3.76 -0.0356656 0 0.0271063 -0.0481024 0 0.0357883
3.77 -0.0348134 0 0.0245935 -0.0470068 0 0.0323335
3.78 -0.0335334 0 0.0218492 -0.0451367 0 0.0284989
3.79 -0.0318337 0 0.0188675 -0.0425554 0 0.0243436
3.8 -0.0297264 0 0.015608 -0.0393633 0 0.0198911
3.81 -0.0272016 0 0.0120802 -0.0356497 0 0.0152009
3.82 -0.0242791 0 0.00844133 -0.0315241 0 0.0104603
3.83 -0.0210023 0 0.00496014 -0.0270918 0 0.005954
3.84 -0.0173718 0 0.00176058 -0.0223783 0 0.0018152
3.85 -0.0134151 0 -0.00137879 -0.0173956 0 -0.00217509
3.86 -0.00925642 0 -0.00476465 -0.0122231 0 -0.00633967
3.87 -0.00507136 0 -0.00841532 -0.0069809 0 -0.0107376
3.88 -0.00102283 0 -0.0121043 -0.00178996 0 -0.0151965
3.89 0.002771 0 -0.0156243 0.00324205 0 -0.0195557
3.9 0.00620733 0 -0.0189098 0.00798317 0 -0.0237715
3.91 0.00912739 0 -0.0219513 0.012206 0 -0.0278256
3.92 0.0113304 0 -0.0246497 0.0156075 0 -0.0315794
3.93 0.0127845 0 -0.0268296 0.0180357 0 -0.0347908
3.94 0.0137738 0 -0.0283717 0.0196672 0 -0.0372524
3.95 0.0146876 0 -0.0292264 0.0208385 0 -0.0388176
3.96 0.0157491 0 -0.0293657 0.0218037 0 -0.0393692
3.97 0.0169966 0 -0.0288358 0.022715 0 -0.0388882
3.98 0.0183939 0 -0.027768 0.0237071 0 -0.0374798
3.99 0.0198769 0 -0.0262762 0.0249006 0 -0.0352799
4 0.0212272 0 -0.0243965 0.0262269 0 -0.0323929
4.01 0.0220139 0 -0.0221025 0.0273215 0 -0.0288929
4.02 0.0219121 0 -0.0194005 0.0278089 0 -0.0248976
4.03 0.0209574 0 -0.0164417 0.0275608 0 -0.0206618
4.04 0.0193442 0 -0.0134575 0.0265398 0 -0.0165021
4.05 0.017255 0 -0.0106144 0.024694 0 -0.0126469
4.06 0.0149903 0 -0.00796765 0.0221524 0 -0.00918686
4.07 0.012917 0 -0.00545754 0.0192278 0 -0.00606666
4.08 0.0111274 0 -0.00291623 0.0160972 0 -0.00308835
4.09 0.00938447 0 -0.000110608 0.0127217 0 4.81954e-005
4.1 0.00741606 0 0.00315218 0.0090769 0 0.00363634
4.11 0.00506399 0 0.00689976 0.00523168 0 0.00782416
4.12 0.00231292 0 0.0109589 0.00132081 0 0.0125532
4.13 -0.000627569 0 0.0150331 -0.0023975 0 0.0176042
4.14 -0.00347874 0 0.0188224 -0.00568838 0 0.0226885
4.15 -0.00615465 0 0.022095 -0.00857458 0 0.0275063
4.16 -0.00871276 0 0.0247093 -0.0112562 0 0.0317741
4.17 -0.0111922 0 0.0266153 -0.0139187 0 0.0352516
4.18 -0.0135354 0 0.0278689 -0.0166222 0 0.0377924
4.19 -0.0155701 0 0.028657 -0.0192551 0 0.0394141
4.2 -0.017134 0 0.0292428 -0.0216375 0 0.0402848
4.21 -0.018173 0 0.0297993 -0.02362 0 0.0405826
4.22 -0.018666 0 0.0302939 -0.0250302 0 0.0403806
4.23 -0.0186656 0 0.030558 -0.0257485 0 0.0396872
4.24 -0.0183603 0 0.0304271 -0.0258158 0 0.0385418
4.25 -0.0178302 0 0.0298163 -0.0252279 0 0.037042
4.26 -0.0169497 0 0.0287217 -0.023854 0 0.0353079
4.27 -0.0156333 0 0.0271776 -0.0216736 0 0.0334187
4.28 -0.0138801 0 0.025239 -0.0187989 0 0.0313927
4.29 -0.0116861 0 0.0230065 -0.0153597 0 0.0292266
4.3 -0.00919632 0 0.0205932 -0.0116281 0 0.0268913
4.31 -0.00673511 0 0.0180346 -0.00803539 0 0.0242752
4.32 -0.00450305 0 0.0152798 -0.00486321 0 0.0212047
4.33 -0.00242955 0 0.0122842 -0.00208804 0 0.0175565
4.34 -0.000336258 0 0.00910644 0.000469048 0 0.0133675
4.35 0.00192946 0 0.00591811 0.00301622 0 0.00885047
4.36 0.00445462 0 0.00286666 0.00574464 0 0.00425395
4.37 0.00718282 0 -6.74274e-005 0.00872809 0 -0.000298299
4.38 0.00988838 0 -0.00300963 0.0118608 0 -0.00477772
4.39 0.0122141 0 -0.00599891 0.0148529 0 -0.00909279
4.4 0.0138103 0 -0.00890806 0.017336 0 -0.0130324
4.41 0.0146078 0 -0.0115506 0.0191282 0 -0.0163796
4.42 0.0148895 0 -0.0138205 0.0203378 0 -0.0190465
4.43 0.0151099 0 -0.015715 0.021244 0 -0.0210865
4.44 0.0157402 0 -0.0172496 0.0222086 0 -0.0225973
4.45 0.0170426 0 -0.018391 0.0234964 0 -0.0236353
4.46 0.018789 0 -0.0191073 0.0249937 0 -0.0242479
4.47 0.0203753 0 -0.0194695 0.0262711 0 -0.0245599
4.48 0.0212858 0 -0.0196026 0.0269723 0 -0.0247206
4.49 0.0213222 0 -0.0195193 0.0269824 0 -0.0247377
4.5 0.0205075 0 -0.0190892 0.0263083 0 -0.024448
4.51 0.0190686 0 -0.0181893 0.0250744 0 -0.0236692
4.52 0.0174415 0 -0.0168169 0.0235744 0 -0.0223217
4.53 0.0159734 0 -0.0150288 0.0220304 0 -0.0203831
4.54 0.0146969 0 -0.0128282 0.0204094 0 -0.0177924
4.55 0.0134927 0 -0.0102063 0.0185974 0 -0.0145029
4.56 0.0121908 0 -0.0072765 0.0164882 0 -0.0106253
4.57 0.0105638 0 -0.00425891 0.0139466 0 -0.00641709
4.58 0.00851566 0 -0.00132954 0.010965 0 -0.0021341
4.59 0.00626352 0 0.00144509 0.00782629 0 0.00204547
4.6 0.00421845 0 0.00405808 0.00498852 0 0.00599074
4.61 0.00260493 0 0.00653218 0.00271615 0 0.00961237
4.62 0.00122723 0 0.00894297 0.000844054 0 0.0129087
4.63 -0.000232594 0 0.0113795 -0.000943104 0 0.0159432
4.64 -0.00173476 0 0.0138259 -0.00264101 0 0.0187313
4.65 -0.0029164 0 0.0160914 -0.00394279 0 0.0211576
4.66 -0.00355459 0 0.0178584 -0.00467095 0 0.0229958
4.67 -0.00378214 0 0.0188599 -0.00497688 0 0.0240525
4.68 -0.00388378 0 0.0190585 -0.00514427 0 0.0243233
4.69 -0.0040141 0 0.0186391 -0.00532267 0 0.023982
4.7 -0.00406279 0 0.0178493 -0.00539871 0 0.0232347
4.71 -0.00374209 0 0.0168856 -0.00507459 0 0.0222285
4.72 -0.00290429 0 0.0158473 -0.004174 0 0.0210224
4.73 -0.00171693 0 0.0146797 -0.00282158 0 0.0195422
4.74 -0.00042393 0 0.013221 -0.00122446 0 0.0176253
4.75 0.000894337 0 0.0113564 0.000548617 0 0.0151668
4.76 0.0023365 0 0.00907835 0.00257949 0 0.0121735
4.77 0.00415549 0 0.00645183 0.00508997 0 0.00872616
4.78 0.00654121 0 0.00357865 0.00824597 0 0.0049447
4.79 0.00930586 0 0.000565333 0.0118512 0 0.000957802
4.8 0.012019 0 -0.00248222 0.0154679 0 -0.00310124
4.81 0.0143664 0 -0.0054823 0.0187536 0 -0.00711832
4.82 0.0162003 0 -0.00844045 0.0215011 0 -0.0110653
4.83 0.0175521 0 -0.0113699 0.023659 0 -0.0149266
4.84 0.018787 0 -0.0141067 0.0255148 0 -0.018517
4.85 0.0203726 0 -0.0163887 0.0275036 0 -0.0215546
4.86 0.0221984 0 -0.0181497 0.0295478 0 -0.0239488
4.87 0.0235152 0 -0.0195982 0.0309675 0 -0.025885
4.88 0.0237786 0 -0.0210155 0.0312673 0 -0.0276381
4.89 0.0231537 0 -0.0224939 0.0306121 0 -0.0293215
4.9 0.022156 0 -0.0238538 0.0294845 0 -0.0307996
4.91 0.021124 0 -0.0248639 0.0281927 0 -0.0318898
4.92 0.0201363 0 -0.0255262 0.0268121 0 -0.0326301
4.93 0.0192213 0 -0.0260668 0.0253998 0 -0.0332675
4.94 0.0183106 0 -0.0266827 0.0239396 0 -0.034011
4.95 0.0170678 0 -0.0273735 0.0221485 0 -0.0348682
4.96 0.015137 0 -0.0279466 0.0196923 0 -0.0356472
4.97 0.012535 0 -0.0280938 0.0165614 0 -0.0360214
4.98 0.00951575 0 -0.0275467 0.0129477 0 -0.0356747
4.99 0.00615733 0 -0.0262978 0.00885674 0 -0.0345235
5 0.00245906 0 -0.0246869 0.00422644 0 -0.0328243
5.01 -0.00129739 0 -0.0231619 -0.000691861 0 -0.0309684
5.02 -0.00472306 0 -0.0218974 -0.00548461 0 -0.0291286
5.03 -0.00769432 0 -0.0207013 -0.00993891 0 -0.0271666
5.04 -0.0102886 0 -0.0192856 -0.0139958 0 -0.0248807
5.05 -0.0126523 0 -0.017544 -0.0176554 0 -0.0222549
5.06 -0.015117 0 -0.015591 -0.0211394 0 -0.0194776
5.07 -0.0180147 0 -0.0136693 -0.0247477 0 -0.0168429
5.08 -0.0212184 0 -0.0120197 -0.0284126 0 -0.0146241
5.09 -0.0242138 0 -0.0107717 -0.0317382 0 -0.0129699
5.1 -0.0265805 0 -0.00994198 -0.0344238 0 -0.0119051
5.11 -0.0280763 0 -0.00946528 -0.0362986 0 -0.0113604
5.12 -0.0284429 0 -0.00923638 -0.0370968 0 -0.0112124
5.13 -0.0276313 0 -0.00919026 -0.0366774 0 -0.0113628
5.14 -0.0261597 0 -0.00929598 -0.0354155 0 -0.0117369
5.15 -0.0247851 0 -0.00947149 -0.0339438 0 -0.0122038
5.16 -0.0238275 0 -0.00964768 -0.0325393 0 -0.0126466
5.17 -0.0231403 0 -0.00990908 -0.0311119 0 -0.0131114
5.18 -0.0224812 0 -0.0104529 -0.0295485 0 -0.0137788
5.19 -0.0215351 0 -0.0114596 -0.0276881 0 -0.0148466
5.2 -0.0197493 0 -0.0129892 -0.0250947 0 -0.0164278
5.21 -0.0165626 0 -0.0148487 -0.0212298 0 -0.0184055
5.22 -0.011941 0 -0.0165264 -0.0159638 0 -0.0203364
5.23 -0.00638156 0 -0.0173712 -0.00961418 0 -0.0215888
5.24 -0.000484944 0 -0.0169401 -0.00259261 0 -0.0216591
5.25 0.00521318 0 -0.0151947 0.00468508 0 -0.0203671
5.26 0.0103574 0 -0.0124102 0.0118608 0 -0.0177975
5.27 0.0149573 0 -0.00895667 0.0188104 0 -0.0141349
5.28 0.0192155 0 -0.00515382 0.0255109 0 -0.00957154
5.29 0.0232111 0 -0.00124905 0.0317857 0 -0.0043234
5.3 0.0270277 0 0.00256073 0.037497 0 0.00133422
5.31 0.0309272 0 0.0061592 0.0427743 0 0.00710798
5.32 0.0350519 0 0.00959224 0.0477538 0 0.0128033
5.33 0.0392262 0 0.0130957 0.0523764 0 0.0184066
5.34 0.0431665 0 0.0169974 0.0565538 0 0.0240484
5.35 0.0467553 0 0.0215808 0.0603821 0 0.0299185
5.36 0.050066 0 0.0269923 0.0641156 0 0.0361985
5.37 0.052972 0 0.0330888 0.0677363 0 0.0428992
5.38 0.0549014 0 0.039346 0.0706718 0 0.0497202
5.39 0.0553622 0 0.0451539 0.0722952 0 0.0562715
5.4 0.0545418 0 0.0502203 0.0725442 0 0.0624102
5.41 0.053107 0 0.0545465 0.0718008 0 0.0681784
5.42 0.0516003 0 0.058105 0.070388 0 0.0734767
5.43 0.0500168 0 0.0606718 0.0682137 0 0.0779103
5.44 0.04786 0 0.0620182 0.0648293 0 0.0810079
5.45 0.0447223 0 0.0622333 0.0599662 0 0.0825873
5.46 0.040696 0 0.0616881 0.0538961 0 0.0827821
5.47 0.0361552 0 0.0606846 0.0471811 0 0.0817506
5.48 0.0314248 0 0.0592825 0.0403227 0 0.0795372
5.49 0.0267002 0 0.0573741 0.0336627 0 0.0761454
5.5 0.0218955 0 0.0547602 0.0272084 0 0.0715791
5.51 0.0165987 0 0.0511755 0.0205593 0 0.065814
5.52 0.0105754 0 0.0463626 0.0133925 0 0.0588095
5.53 0.00407169 0 0.0402024 0.00578546 0 0.0505874
5.54 -0.00258697 0 0.0327837 -0.00212956 0 0.0412762
5.55 -0.00924502 0 0.0242951 -0.0103555 0 0.031005
5.56 -0.0158208 0 0.0148595 -0.018892 0 0.0197632
5.57 -0.0223365 0 0.00460604 -0.0277491 0 0.00750837
5.58 -0.0289247 0 -0.00610086 -0.0369645 0 -0.0055584
5.59 -0.0356976 0 -0.0166816 -0.046506 0 -0.0189588
5.6 -0.042723 0 -0.02667 -0.0562865 0 -0.0322226
5.61 -0.0500553 0 -0.0359459 -0.0662354 0 -0.0451069
5.62 -0.0575582 0 -0.0446249 -0.0761443 0 -0.0575123
5.63 -0.0646724 0 -0.0528148 -0.0854304 0 -0.069289
5.64 -0.0706157 0 -0.0605332 -0.0932988 0 -0.08021
5.65 -0.0749434 0 -0.0677819 -0.0992643 0 -0.0900928
5.66 -0.0778586 0 -0.0745532 -0.103456 0 -0.0988377
5.67 -0.0799655 0 -0.0807176 -0.106406 0 -0.106326
5.68 -0.0816683 0 -0.0859696 -0.108496 0 -0.112347
5.69 -0.0827832 0 -0.0899586 -0.109584 0 -0.116694
5.7 -0.0827315 0 -0.0924754 -0.109171 0 -0.119302
5.71 -0.0810514 0 -0.0934858 -0.106856 0 -0.120247
5.72 -0.0776407 0 -0.093013 -0.102549 0 -0.119607
5.73 -0.072519 0 -0.0910212 -0.0962244 0 -0.117337
5.74 -0.0655128 0 -0.0874419 -0.0876143 0 -0.113297
5.75 -0.0562766 0 -0.0823286 -0.0762395 0 -0.107425
5.76 -0.0446593 0 -0.075953 -0.0617899 0 -0.0998622
5.77 -0.0309715 0 -0.0687178 -0.0444276 0 -0.0909072
5.78 -0.0159092 0 -0.0609987 -0.0247686 0 -0.0808978
5.79 -0.000446542 0 -0.0530879 -0.00383864 0 -0.0701762
5.8 0.014247 0 -0.0451772 0.0169615 0 -0.059073
5.81 0.0272644 0 -0.0373336 0.0363044 0 -0.04786
5.82 0.0387926 0 -0.0295384 0.0538342 0 -0.0367496
5.83 0.0502414 0 -0.0217516 0.0704536 0 -0.0259131
5.84 0.0629775 0 -0.0138948 0.0872481 0 -0.015421
5.85 0.0770058 0 -0.00575721 0.104271 0 -0.00511734
5.86 0.0911111 0 0.00296314 0.120639 0 0.00535723
5.87 0.103906 0 0.0123864 0.135412 0 0.0162876
5.88 0.114441 0 0.0222399 0.14803 0 0.0276357
5.89 0.122379 0 0.0320005 0.158346 0 0.0391175
5.9 0.127964 0 0.0412299 0.166561 0 0.0504684
5.91 0.131636 0 0.049742 0.172871 0 0.0615608
5.92 0.133798 0 0.0575631 0.177331 0 0.0723531
5.93 0.134884 0 0.0648962 0.180024 0 0.0828758
5.94 0.135145 0 0.0721113 0.180954 0 0.0932733
5.95 0.134343 0 0.079567 0.179789 0 0.10369
5.96 0.131772 0 0.0873135 0.17587 0 0.114027
5.97 0.126706 0 0.0950254 0.168599 0 0.123895
5.98 0.118854 0 0.10221 0.157827 0 0.132817
5.99 0.108235 0 0.108397 0.143678 0 0.140379
6 0.0946318 0 0.113182 0.125981 0 0.146244
6.01 0.0774454 0 0.116259 0.104088 0 0.150145
6.02 0.0562532 0 0.117543 0.0774222 0 0.151995
6.03 0.031205 0 0.117339 0.0458978 0 0.152051
6.04 0.00294283 0 0.116176 0.0099099 0 0.150788
6.05 -0.0274586 0 0.114335 -0.0296194 0 0.148452
6.06 -0.0586771 0 0.111585 -0.0713254 0 0.144811
6.07 -0.0894239 0 0.10739 -0.113618 0 0.139345
6.08 -0.118591 0 0.101237 -0.154829 0 0.131548
6.09 -0.145522 0 0.0928049 -0.193554 0 0.121064
6.1 -0.170108 0 0.0820437 -0.228892 0 0.107771
6.11 -0.192271 0 0.0692351 -0.260084 0 0.0918533
6.12 -0.211545 0 0.0549666 -0.286222 0 0.0738159
6.13 -0.227198 0 0.0399594 -0.306422 0 0.0543611
6.14 -0.238223 0 0.0248533 -0.319769 0 0.0342085
6.15 -0.24328 0 0.0101391 -0.325166 0 0.0140405
6.16 -0.241226 0 -0.00383312 -0.32171 0 -0.00550858
6.17 -0.231665 0 -0.0169005 -0.309141 0 -0.0239417
6.18 -0.214966 0 -0.0290486 -0.287821 0 -0.0409203
6.19 -0.192234 0 -0.0401958 -0.258747 0 -0.0561058
6.2 -0.165175 0 -0.0499979 -0.223535 0 -0.0690013
6.21 -0.135318 0 -0.0579493 -0.183754 0 -0.0790558
6.22 -0.103139 0 -0.0637289 -0.140117 0 -0.0859919
6.23 -0.0681404 0 -0.0674413 -0.0925125 0 -0.0900236
6.24 -0.0298882 0 -0.0694918 -0.040925 0 -0.0917165
6.25 0.0109241 0 -0.0701996 0.0135929 0 -0.0915853
6.26 0.0521643 0 -0.0695624 0.0686113 0 -0.0898309
6.27 0.0908413 0 -0.0673907 0.120812 0 -0.0864328
6.28 0.124475 0 -0.0635611 0.167254 0 -0.0813653
6.29 0.152475 0 -0.0580982 0.206741 0 -0.0746609
6.3 0.176346 0 -0.051126 0.240162 0 -0.0663668
6.31 0.197976 0 -0.0428757 0.269006 0 -0.0565793
6.32 0.217556 0 -0.033824 0.293435 0 -0.0456276
6.33 0.233287 0 -0.0248117 0.311947 0 -0.0342524
6.34 0.242502 0 -0.0168733 0.322297 0 -0.0234996
6.35 0.243125 0 -0.0107977 0.322703 0 -0.0143223
6.36 0.234878 0 -0.00684248 0.3129 0 -0.00728914
6.37 0.21993 0 -0.00483564 0.294829 0 -0.0026274
6.38 0.202168 0 -0.00442763 0.272138 0 -0.00038505
6.39 0.184587 0 -0.0052632 0.247842 0 -0.000508954
6.4 0.167284 0 -0.00704663 0.222434 0 -0.00283921
6.41 0.148701 0 -0.00948445 0.195008 0 -0.00701792
6.42 0.127887 0 -0.0121262 0.165294 0 -0.0123333
6.43 0.104819 0 -0.0142549 0.13378 0 -0.0176413
6.44 0.0799548 0 -0.0150338 0.101175 0 -0.0215631
6.45 0.0543621 0 -0.0138824 0.0685329 0 -0.0229311
6.46 0.0295668 0 -0.0107076 0.0372 0 -0.021112
6.47 0.00659456 0 -0.00580582 0.00798725 0 -0.0160089
6.48 -0.0147374 0 0.000343869 -0.0194471 0 -0.00793979
6.49 -0.0353063 0 0.00728062 -0.0460724 0 0.00252041
6.5 -0.0557054 0 0.0146791 -0.0725361 0 0.0146702
6.51 -0.0759516 0 0.0222384 -0.0988883 0 0.0276372
6.52 -0.0959554 0 0.0295918 -0.125049 0 0.0403897
6.53 -0.116145 0 0.0364226 -0.151439 0 0.0519658
6.54 -0.137331 0 0.0424919 -0.178883 0 0.0616084
6.55 -0.159564 0 0.0475472 -0.207492 0 0.068752
6.56 -0.181503 0 0.0513398 -0.235995 0 0.0730763
6.57 -0.20106 0 0.053696 -0.262268 0 0.0745669
6.58 -0.216317 0 0.0545593 -0.284134 0 0.0735087
6.59 -0.226227 0 0.0540393 -0.300036 0 0.0704585
6.6 -0.231047 0 0.0523511 -0.30954 0 0.0661021
6.61 -0.231945 0 0.0495985 -0.313137 0 0.060955
6.62 -0.230096 0 0.0456223 -0.311555 0 0.0551359
6.63 -0.22616 0 0.040053 -0.305381 0 0.0483618
6.64 -0.220155 0 0.0325633 -0.294962 0 0.0401756
6.65 -0.211581 0 0.0231922 -0.280431 0 0.0302957
6.66 -0.199902 0 0.0124348 -0.262003 0 0.0187855
6.67 -0.184855 0 0.00106954 -0.240089 0 0.00599754
6.68 -0.166243 0 -0.0101023 -0.214925 0 -0.00756503
6.69 -0.143719 0 -0.0204473 -0.186265 0 -0.0213491
6.7 -0.11704 0 -0.0294392 -0.153609 0 -0.0346534
6.71 -0.0866292 0 -0.0365122 -0.116843 0 -0.0464986
6.72 -0.0537908 0 -0.0411973 -0.076625 0 -0.0558254
6.73 -0.0200071 0 -0.0435129 -0.0339186 0 -0.0619913
6.74 0.0139951 0 -0.0442059 0.0107629 0 -0.0651542
6.75 0.0481886 0 -0.0445763 0.0572342 0 -0.0662523
6.76 0.0828034 0 -0.0458821 0.105249 0 -0.0665321
6.77 0.118247 0 -0.0486978 0.154557 0 -0.0669456
6.78 0.154776 0 -0.0528308 0.204755 0 -0.0679962
6.79 0.191918 0 -0.0577344 0.254845 0 -0.0699892
6.8 0.228277 0 -0.0629172 0.303104 0 -0.0732436
6.81 0.262072 0 -0.0681002 0.347576 0 -0.0780721
6.82 0.291844 0 -0.0731902 0.386715 0 -0.0846413
6.83 0.316443 0 -0.0782324 0.41929 0 -0.0928896
6.84 0.334593 0 -0.0833413 0.443891 0 -0.102501
6.85 0.345136 0 -0.0885916 0.459115 0 -0.112897
6.86 0.347871 0 -0.0938961 0.464418 0 -0.123258
6.87 0.343653 0 -0.0989299 0.460292 0 -0.132575
6.88 0.333379 0 -0.103193 0.447383 0 -0.139827
6.89 0.317218 0 -0.106144 0.425804 0 -0.144174
6.9 0.294857 0 -0.107283 0.395397 0 -0.145062
6.91 0.266494 0 -0.106304 0.356667 0 -0.142345
6.92 0.233232 0 -0.103357 0.311143 0 -0.136501
6.93 0.196102 0 -0.0991104 0.260357 0 -0.128639
6.94 0.155079 0 -0.0943569 0.204792 0 -0.120048
6.95 0.109533 0 -0.0894536 0.144218 0 -0.111576
6.96 0.0595795 0 -0.0842064 0.0789445 0 -0.103427
6.97 0.00669324 0 -0.0782923 0.0104337 0 -0.0955065
6.98 -0.0469413 0 -0.0717303 -0.0592244 0 -0.087846
6.99 -0.0993867 0 -0.0649531 -0.128113 0 -0.0806908
7 -0.149059 0 -0.0584433 -0.194474 0 -0.074204
7.01 -0.194011 0 -0.0524243 -0.255927 0 -0.0682453
7.02 -0.232096 0 -0.0469266 -0.309606 0 -0.0625157
7.03 -0.262317 0 -0.0418607 -0.353571 0 -0.0566928
7.04 -0.285724 0 -0.0368218 -0.387899 0 -0.0502663
7.05 -0.305037 0 -0.0309261 -0.414617 0 -0.0423592
7.06 -0.322798 0 -0.0230497 -0.436142 0 -0.0319107
7.07 -0.339386 0 -0.012318 -0.453405 0 -0.0180976
7.08 -0.353183 0 0.00159816 -0.465851 0 -0.000584525
7.09 -0.362219 0 0.0185077 -0.472725 0 0.0205076
7.1 -0.365393 0 0.0378168 -0.47392 0 0.0446882
7.11 -0.362574 0 0.0585461 -0.469822 0 0.0710574
7.12 -0.354128 0 0.0794172 -0.460749 0 0.0983237
7.13 -0.340847 0 0.0991769 -0.446955 0 0.125069
7.14 -0.324001 0 0.116933 -0.428887 0 0.150066
7.15 -0.304915 0 0.132216 -0.407036 0 0.172367
7.16 -0.284386 0 0.144834 -0.381602 0 0.191235
7.17 -0.26249 0 0.154832 -0.352465 0 0.206206
7.18 -0.238679 0 0.162508 -0.319289 0 0.217202
7.19 -0.211951 0 0.168212 -0.281584 0 0.224406
7.2 -0.18126 0 0.172069 -0.238927 0 0.228034
7.21 -0.145857 0 0.173939 -0.191094 0 0.228255
7.22 -0.105116 0 0.173562 -0.137739 0 0.225261
7.23 -0.0586507 0 0.170703 -0.0784178 0 0.219312
7.24 -0.00694346 0 0.165253 -0.0132495 0 0.210721
7.25 0.0483562 0 0.157268 0.0566372 0 0.199818
7.26 0.104888 0 0.146956 0.129322 0 0.186899
7.27 0.160487 0 0.134595 0.202761 0 0.172144
7.28 0.213681 0 0.120386 0.275151 0 0.155513
7.29 0.263519 0 0.104336 0.344765 0 0.136691
7.3 0.309518 0 0.086392 0.41003 0 0.115279
7.31 0.351951 0 0.0666785 0.470061 0 0.0911102
7.32 0.39138 0 0.0455669 0.524475 0 0.0643777
7.33 0.426998 0 0.0235559 0.571937 0 0.0355646
7.34 0.455805 0 0.00111906 0.609299 0 0.00531639
7.35 0.474147 0 -0.0213864 0.632936 0 -0.0256617
7.36 0.480158 0 -0.0437308 0.640991 0 -0.0566726
7.37 0.474659 0 -0.0657826 0.634211 0 -0.0870934
7.38 0.459714 0 -0.0873913 0.614604 0 -0.116354
7.39 0.436629 0 -0.108256 0.583553 0 -0.143871
7.4 0.405798 0 -0.127999 0.541705 0 -0.169147
7.41 0.367888 0 -0.146331 0.490128 0 -0.191931
7.42 0.324408 0 -0.16304 0.430848 0 -0.212181
7.43 0.276984 0 -0.177902 0.366098 0 -0.229913
7.44 0.225907 0 -0.190715 0.296809 0 -0.245184
7.45 0.170059 0 -0.20138 0.222386 0 -0.258106
7.46 0.108564 0 -0.209838 0.142201 0 -0.268746
7.47 0.0423775 0 -0.215927 0.0571205 0 -0.276955
7.48 -0.0255125 0 -0.219327 -0.0301481 0 -0.282304
7.49 -0.0912997 0 -0.219808 -0.116004 0 -0.284348
7.5 -0.152015 0 -0.217635 -0.197341 0 -0.283069
7.51 -0.206217 0 -0.213595 -0.272121 0 -0.278982
7.52 -0.253299 0 -0.20851 -0.338739 0 -0.272735
7.53 -0.2929 0 -0.202711 -0.39563 0 -0.264647
7.54 -0.325028 0 -0.196009 -0.441661 0 -0.254685
7.55 -0.350336 0 -0.188075 -0.476664 0 -0.242795
7.56 -0.370392 0 -0.178738 -0.501936 0 -0.229132
7.57 -0.387102 0 -0.167963 -0.519792 0 -0.213974
7.58 -0.40078 0 -0.155634 -0.531576 0 -0.197431
7.59 -0.409032 0 -0.141446 -0.536259 0 -0.179301
7.6 -0.408472 0 -0.125127 -0.531688 0 -0.159259
7.61 -0.397549 0 -0.106682 -0.51698 0 -0.137106
7.62 -0.37768 0 -0.086341 -0.493502 0 -0.112768
7.63 -0.352015 0 -0.0643114 -0.463798 0 -0.0861231
7.64 -0.323242 0 -0.0405871 -0.429734 0 -0.0568772
7.65 -0.292481 0 -0.0150283 -0.39173 0 -0.0246979
7.66 -0.259352 0 0.012372 -0.349015 0 0.0104922
7.67 -0.222748 0 0.0413294 -0.300438 0 0.0483456
7.68 -0.18235 0 0.0712989 -0.245928 0 0.0881193
7.69 -0.13931 0 0.101606 -0.187111 0 0.128821
7.7 -0.0950526 0 0.131598 -0.126065 0 0.169391
7.71 -0.0498571 0 0.160757 -0.0638147 0 0.20887
7.72 -0.00318343 0 0.188733 -0.000496971 0 0.24649
7.73 0.0449082 0 0.215233 0.0633701 0 0.281628
7.74 0.0933561 0 0.239895 0.126549 0 0.313718
7.75 0.141017 0 0.262256 0.187956 0 0.342225
7.76 0.187311 0 0.281817 0.247217 0 0.366691
7.77 0.231796 0 0.298062 0.304131 0 0.386696
7.78 0.273381 0 0.31031 0.357775 0 0.401654
7.79 0.310134 0 0.317667 0.4062 0 0.410713
7.8 0.340113 0 0.319333 0.447174 0 0.413028
7.81 0.362484 0 0.314898 0.479303 0 0.408064
7.82 0.378177 0 0.304327 0.502815 0 0.395596
7.83 0.38977 0 0.287867 0.519686 0 0.375655
7.84 0.400066 0 0.266005 0.532488 0 0.348527
7.85 0.41033 0 0.239452 0.542791 0 0.314793
7.86 0.420001 0 0.209133 0.550825 0 0.275386
7.87 0.427577 0 0.17599 0.556128 0 0.231437
7.88 0.431129 0 0.140712 0.55772 0 0.183997
7.89 0.428482 0 0.103763 0.553953 0 0.134028
7.9 0.417605 0 0.0656528 0.542678 0 0.0825956
7.91 0.397145 0 0.0270663 0.521723 0 0.0309252
7.92 0.367154 0 -0.0112428 0.489773 0 -0.019774
7.93 0.329401 0 -0.0486767 0.447046 0 -0.0685785
7.94 0.286724 0 -0.0849309 0.395113 0 -0.115018
7.95 0.241554 0 -0.119956 0.335846 0 -0.159049
7.96 0.194774 0 -0.153791 0.270482 0 -0.200878
7.97 0.145916 0 -0.186389 0.199726 0 -0.240752
7.98 0.0940081 0 -0.217513 0.12426 0 -0.278785
7.99 0.0385877 0 -0.246613 0.0453215 0 -0.314751
8 -0.0196354 0 -0.272797 -0.0349967 0 -0.347957
8.01 -0.0793396 0 -0.29502 -0.114535 0 -0.377349
8.02 -0.139719 0 -0.312336 -0.192273 0 -0.401715
8.03 -0.200459 0 -0.324094 -0.268262 0 -0.4199
8.04 -0.26043 0 -0.330139 -0.342144 0 -0.431067
8.05 -0.317053 0 -0.330849 -0.412204 0 -0.434855
8.06 -0.367662 0 -0.326925 -0.476391 0 -0.431349
8.07 -0.411286 0 -0.319124 -0.533872 0 -0.420989
8.08 -0.44857 0 -0.308043 -0.584942 0 -0.404458
8.09 -0.48006 0 -0.29391 -0.629473 0 -0.382463
8.1 -0.505198 0 -0.276583 -0.666069 0 -0.35564
8.11 -0.52291 0 -0.255896 -0.692799 0 -0.324724
8.12 -0.53232 0 -0.232009 -0.708017 0 -0.290717
8.13 -0.532804 0 -0.205423 -0.710516 0 -0.254747
8.14 -0.524014 0 -0.176663 -0.699627 0 -0.217664
8.15 -0.50602 0 -0.145925 -0.675401 0 -0.179663
8.16 -0.47931 0 -0.113078 -0.638622 0 -0.140311
8.17 -0.444648 0 -0.0780961 -0.590606 0 -0.0990437
8.18 -0.40284 0 -0.0414603 -0.532888 0 -0.0556923
8.19 -0.354616 0 -0.00412903 -0.466982 0 -0.0106129
8.2 -0.30091 0 0.0328381 -0.394546 0 0.0355272
8.21 -0.243114 0 0.0686247 -0.317548 0 0.08198
8.22 -0.182929 0 0.102826 -0.238103 0 0.128052
8.23 -0.122235 0 0.135491 -0.158362 0 0.173207
8.24 -0.0628813 0 0.167025 -0.0803699 0 0.217108
8.25 -0.00626534 0 0.197961 -0.00570966 0 0.259565
8.26 0.0468839 0 0.22866 0.064673 0 0.300397
8.27 0.096145 0 0.259094 0.130098 0 0.339315
8.28 0.141077 0 0.288847 0.189851 0 0.37595
8.29 0.181428 0 0.317253 0.243423 0 0.409939
8.3 0.217135 0 0.343553 0.29055 0 0.440981
8.31 0.247812 0 0.367043 0.330719 0 0.468842
8.32 0.272668 0 0.387177 0.363082 0 0.49333
8.33 0.291155 0 0.403567 0.387056 0 0.514178
8.34 0.30334 0 0.415839 0.402686 0 0.530887
8.35 0.309541 0 0.423521 0.410302 0 0.542661
8.36 0.309894 0 0.426102 0.410131 0 0.548524
8.37 0.30423 0 0.423226 0.402142 0 0.547595
8.38 0.292345 0 0.414932 0.386267 0 0.539392
8.39 0.274526 0 0.401728 0.36288 0 0.524004
8.4 0.251548 0 0.384348 0.332811 0 0.50196
8.41 0.224045 0 0.363479 0.296754 0 0.474015
8.42 0.192245 0 0.339634 0.255015 0 0.441037
8.43 0.156295 0 0.313125 0.207835 0 0.403912
8.44 0.116481 0 0.284135 0.155599 0 0.363515
8.45 0.0731807 0 0.252889 0.0987802 0 0.320756
8.46 0.026868 0 0.219679 0.0379647 0 0.276486
8.47 -0.0216865 0 0.184783 -0.0259408 0 0.231327
8.48 -0.0714622 0 0.148426 -0.0917283 0 0.185597
8.49 -0.121708 0 0.110725 -0.158387 0 0.139257
8.5 -0.172218 0 0.0716753 -0.225394 0 0.0919545
8.51 -0.222694 0 0.0313726 -0.292136 0 0.0433172
8.52 -0.271877 0 -0.00977436 -0.357069 0 -0.00673682
8.53 -0.31767 0 -0.051059 -0.417815 0 -0.0579008
8.54 -0.35816 0 -0.0915599 -0.472121 0 -0.109448
8.55 -0.39241 0 -0.130298 -0.518622 0 -0.160309
8.56 -0.420626 0 -0.166441 -0.557066 0 -0.209264
8.57 -0.443696 0 -0.19938 -0.587983 0 -0.255066
8.58 -0.462259 0 -0.228732 -0.611854 0 -0.296547
8.59 -0.476168 0 -0.254339 -0.628636 0 -0.332755
8.6 -0.485099 0 -0.276153 -0.63832 0 -0.362986
8.61 -0.489431 0 -0.294076 -0.641728 0 -0.386733
8.62 -0.4901 0 -0.307911 -0.640286 0 -0.403684
8.63 -0.487803 0 -0.317343 -0.63517 0 -0.413696
8.64 -0.482809 0 -0.321908 -0.627074 0 -0.416723
8.65 -0.475294 0 -0.321115 -0.616483 0 -0.412835
8.66 -0.465359 0 -0.314687 -0.603634 0 -0.40231
8.67 -0.45275 0 -0.302673 -0.588205 0 -0.385623
8.68 -0.436769 0 -0.285402 -0.569235 0 -0.363332
8.69 -0.416699 0 -0.263362 -0.545566 0 -0.335948
8.7 -0.392453 0 -0.237176 -0.516574 0 -0.303937
8.71 -0.3646 0 -0.20768 -0.482314 0 -0.267877
8.72 -0.333476 0 -0.175903 -0.442768 0 -0.228534
8.73 -0.298506 0 -0.142827 -0.397232 0 -0.186728
8.74 -0.258842 0 -0.109083 -0.344932 0 -0.143101
8.75 -0.214526 0 -0.074855 -0.286128 0 -0.0980278
8.76 -0.166739 0 -0.0401079 -0.222335 0 -0.0518212
8.77 -0.116981 0 -0.00495456 -0.155487 0 -0.00501533
8.78 -0.0658076 0 0.0300865 -0.0866554 0 0.0414426
8.79 -0.012446 0 0.0640375 -0.015558 0 0.086185
8.8 0.0443614 0 0.0957069 0.0587496 0 0.127691
8.81 0.105437 0 0.124066 0.137093 0 0.164673
8.82 0.1706 0 0.148484 0.219625 0 0.196311
8.83 0.238228 0 0.168747 0.305247 0 0.222274
8.84 0.305085 0 0.184939 0.391162 0 0.242608
8.85 0.366877 0 0.197233 0.473129 0 0.257536
8.86 0.419618 0 0.205698 0.546578 0 0.267264
8.87 0.46104 0 0.210257 0.607962 0 0.271903
8.88 0.491343 0 0.210776 0.655702 0 0.271515
8.89 0.512688 0 0.207252 0.690165 0 0.266265
8.9 0.527488 0 0.199988 0.712493 0 0.256573
8.91 0.537027 0 0.189555 0.723561 0 0.243073
8.92 0.541492 0 0.17658 0.724102 0 0.226424
8.93 0.540699 0 0.161615 0.715283 0 0.207198
8.94 0.534481 0 0.14516 0.698758 0 0.185934
8.95 0.522644 0 0.127793 0.67619 0 0.163283
8.96 0.505076 0 0.110194 0.648946 0 0.14005
8.97 0.48206 0 0.0928739 0.618118 0 0.116932
8.98 0.454166 0 0.0759384 0.584296 0 0.0942583
8.99 0.421844 0 0.0591847 0.547235 0 0.0720477
9 0.385409 0 0.0422856 0.506059 0 0.0501391
9.01 0.345262 0 0.024932 0.459783 0 0.0282868
9.02 0.302066 0 0.00698623 0.407838 0 0.00629349
9.03 0.256802 0 -0.0114768 0.35042 0 -0.0159366
9.04 0.210331 0 -0.0302397 0.288266 0 -0.0384253
9.05 0.162872 0 -0.0489673 0.222152 0 -0.0610833
9.06 0.114134 0 -0.0671788 0.152875 0 -0.0836155
9.07 0.0637598 0 -0.0842628 0.0814148 0 -0.105473
9.08 0.0116325 0 -0.0995267 0.00892499 0 -0.125862
9.09 -0.0418705 0 -0.112328 -0.0632721 0 -0.143869
9.1 -0.0959573 0 -0.122269 -0.133926 0 -0.158689
9.11 -0.149929 0 -0.129303 -0.202394 0 -0.169802
9.12 -0.20337 0 -0.133753 -0.268748 0 -0.177087
9.13 -0.255832 0 -0.136191 -0.333294 0 -0.180805
9.14 -0.306478 0 -0.137154 -0.395997 0 -0.181391
9.15 -0.353791 0 -0.137007 -0.455959 0 -0.179358
9.16 -0.395801 0 -0.13606 -0.511414 0 -0.175392
9.17 -0.43126 0 -0.134653 -0.560784 0 -0.170376
9.18 -0.460532 0 -0.133097 -0.603614 0 -0.165237
9.19 -0.485082 0 -0.131479 -0.640306 0 -0.160637
9.2 -0.506191 0 -0.129385 -0.671155 0 -0.156589
9.21 -0.523994 0 -0.125997 -0.695648 0 -0.152449
9.22 -0.537547 0 -0.12067 -0.712637 0 -0.147437
9.23 -0.545554 0 -0.113357 -0.721039 0 -0.141081
9.24 -0.547076 0 -0.104581 -0.720397 0 -0.133291
9.25 -0.541851 0 -0.0951729 -0.711045 0 -0.124247
9.26 -0.530086 0 -0.0859173 -0.693751 0 -0.114214
9.27 -0.511726 0 -0.0773006 -0.668864 0 -0.10342
9.28 -0.485802 0 -0.0694885 -0.635565 0 -0.0920907
9.29 -0.450868 0 -0.0623504 -0.592208 0 -0.0804533
9.3 -0.406331 0 -0.0553952 -0.537658 0 -0.0685792
9.31 -0.353114 0 -0.0478225 -0.472067 0 -0.0562865
9.32 -0.292901 0 -0.0389077 -0.396377 0 -0.0433658
9.33 -0.227236 0 -0.028429 -0.311671 0 -0.0298831
9.34 -0.157557 0 -0.0167411 -0.219387 0 -0.0162052
9.35 -0.0854089 0 -0.004546 -0.121597 0 -0.00280203
9.36 -0.0121034 0 0.0073629 -0.0206059 0 0.00991799
9.37 0.06153 0 0.0182135 0.0814418 0 0.0215998
9.38 0.134834 0 0.0272927 0.182501 0 0.0318609
9.39 0.20701 0 0.0340161 0.280574 0 0.040268
9.4 0.277302 0 0.0379801 0.374086 0 0.0463411
9.41 0.345456 0 0.038958 0.462453 0 0.0495523
9.42 0.41148 0 0.0368941 0.545877 0 0.0493797
9.43 0.474768 0 0.0319273 0.624396 0 0.0454286
9.44 0.533827 0 0.0244077 0.697374 0 0.0375684
9.45 0.586761 0 0.0149253 0.763646 0 0.0260924
9.46 0.631976 0 0.004273 0.821944 0 0.0117831
9.47 0.668834 0 -0.00679599 0.871456 0 -0.00432228
9.48 0.697698 0 -0.0178423 0.911959 0 -0.0212743
9.49 0.719301 0 -0.0287627 0.9434 0 -0.0383314
9.5 0.733854 0 -0.0396387 0.965202 0 -0.054926
9.51 0.740298 0 -0.0505756 0.975661 0 -0.070628
9.52 0.736822 0 -0.0615518 0.97251 0 -0.0850992
9.53 0.722684 0 -0.0723557 0.954741 0 -0.098081
9.54 0.699037 0 -0.0826218 0.923465 0 -0.109407
9.55 0.667991 0 -0.0918791 0.881046 0 -0.118973
9.56 0.631374 0 -0.0996434 0.829911 0 -0.126726
9.57 0.590094 0 -0.105648 0.77186 0 -0.132793
9.58 0.544532 0 -0.110076 0.708306 0 -0.13763
9.59 0.495416 0 -0.11346 0.640957 0 -0.141893
9.6 0.44376 0 -0.116367 0.571595 0 -0.146127
9.61 0.389942 0 -0.119191 0.501052 0 -0.150602
9.62 0.333191 0 -0.12214 0.42862 0 -0.155342
9.63 0.272382 0 -0.125313 0.352804 0 -0.160251
9.64 0.207561 0 -0.128775 0.272911 0 -0.165232
9.65 0.140535 0 -0.132547 0.189852 0 -0.170203
9.66 0.0739229 0 -0.136555 0.10551 0 -0.175067
9.67 0.00960272 0 -0.140633 0.021465 0 -0.17971
9.68 -0.0522222 0 -0.144523 -0.0618126 0 -0.183977
9.69 -0.112352 0 -0.147869 -0.144379 0 -0.187631
9.7 -0.171035 0 -0.150278 -0.225478 0 -0.190362
9.71 -0.227619 0 -0.151441 -0.303411 0 -0.191884
9.72 -0.281522 0 -0.151236 -0.376673 0 -0.192014
9.73 -0.332516 0 -0.149749 -0.444414 0 -0.190708
9.74 -0.379844 0 -0.147217 -0.505653 0 -0.188046
9.75 -0.421809 0 -0.143986 -0.558825 0 -0.184235
9.76 -0.456873 0 -0.140486 -0.602725 0 -0.179633
9.77 -0.484962 0 -0.1371 -0.637666 0 -0.174652
9.78 -0.507259 0 -0.134003 -0.665199 0 -0.169597
9.79 -0.524787 0 -0.131059 -0.686687 0 -0.164544
9.8 -0.537491 0 -0.127831 -0.702345 0 -0.159288
9.81 -0.544275 0 -0.123718 -0.711213 0 -0.153417
9.82 -0.543389 0 -0.118145 -0.711438 0 -0.146433
9.83 -0.533118 0 -0.110646 -0.7009 0 -0.137806
9.84 -0.512729 0 -0.100911 -0.678173 0 -0.127012
9.85 -0.482662 0 -0.0888342 -0.642855 0 -0.11362
9.86 -0.443833 0 -0.0745118 -0.595086 0 -0.097355
9.87 -0.397022 0 -0.0581332 -0.535154 0 -0.0780641
9.88 -0.34282 0 -0.0398913 -0.463582 0 -0.0556991
9.89 -0.281999 0 -0.0200083 -0.381521 0 -0.0303938
9.9 -0.215687 0 0.00121397 -0.290889 0 -0.00253609
9.91 -0.144889 0 0.0234256 -0.193749 0 0.0272729
9.92 -0.0699305 0 0.0463287 -0.0915531 0 0.0583579
9.93 0.00930524 0 0.0697361 0.0148558 0 0.0900901
9.94 0.0926156 0 0.0935275 0.124642 0 0.121923
9.95 0.179018 0 0.117436 0.236581 0 0.153264
9.96 0.266918 0 0.140784 0.34918 0 0.183253
9.97 0.354486 0 0.162552 0.460919 0 0.210818
9.98 0.439735 0 0.181712 0.57015 0 0.234952
9.99 0.520322 0 0.19752 0.674705 0 0.254943
10 0.593323 0 0.20971 0.771462 0 0.270511
