0.1 4.21333e-018
0.2 9.4074e-018
0.3 2.0772e-018
0.4 1.59606e-017
0.5 1.60568e-017
0.6 1.54635e-017
0.7 2.65666e-017
0.8 3.24033e-017
0.9 3.9572e-017
1 4.2518e-017
0.01 -4.67729e-008
0.02 -1.83098e-007
0.03 -3.56176e-007
0.04 -5.21076e-007
0.05 -6.83547e-007
0.06 -8.43605e-007
0.07 -9.95053e-007
0.08 -1.12848e-006
0.09 -1.23426e-006
0.1 -1.30493e-006
0.11 -1.33621e-006
0.12 -1.32712e-006
0.13 -1.27995e-006
0.14 -1.19984e-006
0.15 -1.09358e-006
0.16 -9.67027e-007
0.17 -8.23919e-007
0.18 -6.67007e-007
0.19 -4.9887e-007
0.2 -3.2232e-007
0.21 -1.39841e-007
0.22 4.85945e-008
0.23 2.44538e-007
0.24 4.48046e-007
0.25 6.56402e-007
0.26 8.67147e-007
0.27 1.08547e-006
0.28 1.32433e-006
0.29 1.59312e-006
0.3 1.89132e-006
0.31 2.2174e-006
0.32 2.57345e-006
0.33 2.9577e-006
0.34 3.36471e-006
0.35 3.78925e-006
0.36 4.22478e-006
0.37 4.66359e-006
0.38 5.1002e-006
0.39 5.52941e-006
0.4 5.94068e-006
0.41 6.32082e-006
0.42 6.65907e-006
0.43 6.94982e-006
0.44 7.19493e-006
0.45 7.39852e-006
0.46 7.56488e-006
0.47 7.7027e-006
0.48 7.81926e-006
0.49 7.9159e-006
0.5 7.9991e-006
0.51 8.08204e-006
0.52 8.17085e-006
0.53 8.26843e-006
0.54 8.38923e-006
0.55 8.55276e-006
0.56 8.75748e-006
0.57 8.96527e-006
0.58 9.12422e-006
0.59 9.21006e-006
0.6 9.23472e-006
0.61 9.21081e-006
0.62 9.12905e-006
0.63 8.99593e-006
0.64 8.84897e-006
0.65 8.69473e-006
0.66 8.49558e-006
0.67 8.231e-006
0.68 7.91604e-006
0.69 7.57067e-006
0.7 7.20911e-006
0.71 6.84694e-006
0.72 6.48694e-006
0.73 6.11012e-006
0.74 5.69049e-006
0.75 5.21094e-006
0.76 4.67283e-006
0.77 4.10142e-006
0.78 3.54645e-006
0.79 3.05327e-006
0.8 2.62876e-006
0.81 2.25635e-006
0.82 1.9241e-006
0.83 1.62548e-006
0.84 1.35695e-006
0.85 1.13667e-006
0.86 1.00216e-006
0.87 9.42495e-007
0.88 8.91699e-007
0.89 8.32211e-007
0.9 8.32394e-007
0.91 9.62382e-007
0.92 1.19774e-006
0.93 1.44581e-006
0.94 1.66276e-006
0.95 1.88352e-006
0.96 2.16081e-006
0.97 2.49459e-006
0.98 2.80911e-006
0.99 3.04609e-006
1 3.23077e-006
1.01 3.38525e-006
1.02 3.49095e-006
1.03 3.57822e-006
1.04 3.73629e-006
1.05 4.00004e-006
1.06 4.30643e-006
1.07 4.59009e-006
1.08 4.88231e-006
1.09 5.2478e-006
1.1 5.64385e-006
1.11 5.97365e-006
1.12 6.26038e-006
1.13 6.63542e-006
1.14 7.1608e-006
1.15 7.83835e-006
1.16 8.71324e-006
1.17 9.78616e-006
1.18 1.09762e-005
1.19 1.21851e-005
1.2 1.33167e-005
1.21 1.43008e-005
1.22 1.50983e-005
1.23 1.56909e-005
1.24 1.61026e-005
1.25 1.64283e-005
1.26 1.67876e-005
1.27 1.72398e-005
1.28 1.77816e-005
1.29 1.83547e-005
1.3 1.88745e-005
1.31 1.9338e-005
1.32 1.98107e-005
1.33 2.03099e-005
1.34 2.08729e-005
1.35 2.16425e-005
1.36 2.26828e-005
1.37 2.38444e-005
1.38 2.48748e-005
1.39 2.55991e-005
1.4 2.59859e-005
1.41 2.60321e-005
1.42 2.57443e-005
1.43 2.52405e-005
1.44 2.46366e-005
1.45 2.3876e-005
1.46 2.27885e-005
1.47 2.12498e-005
1.48 1.92004e-005
1.49 1.6521e-005
1.5 1.31082e-005
1.51 9.19222e-006
1.52 5.36802e-006
1.53 2.10865e-006
1.54 -5.69117e-007
1.55 -2.85946e-006
1.56 -4.8776e-006
1.57 -6.66885e-006
1.58 -8.29381e-006
1.59 -9.8489e-006
1.6 -1.14872e-005
1.61 -1.33431e-005
1.62 -1.53275e-005
1.63 -1.70211e-005
1.64 -1.78369e-005
1.65 -1.74461e-005
1.66 -1.60512e-005
1.67 -1.41907e-005
1.68 -1.23512e-005
1.69 -1.07877e-005
1.7 -9.57806e-006
1.71 -8.62125e-006
1.72 -7.60986e-006
1.73 -6.22991e-006
1.74 -4.38243e-006
1.75 -2.1247e-006
1.76 4.50441e-007
1.77 3.14039e-006
1.78 5.55985e-006
1.79 7.41348e-006
1.8 8.80157e-006
1.81 1.00695e-005
1.82 1.1503e-005
1.83 1.32261e-005
1.84 1.52499e-005
1.85 1.74748e-005
1.86 1.9633e-005
1.87 2.15426e-005
1.88 2.35327e-005
1.89 2.61739e-005
1.9 2.94196e-005
1.91 3.25278e-005
1.92 3.48236e-005
1.93 3.60389e-005
1.94 3.60948e-005
1.95 3.49889e-005
1.96 3.29493e-005
1.97 3.04721e-005
1.98 2.7971e-005
1.99 2.54752e-005
2 2.27208e-005
2.01 1.94209e-005
2.02 1.54834e-005
2.03 1.09603e-005
2.04 5.91892e-006
2.05 6.38971e-007
2.06 -4.35255e-006
2.07 -8.79536e-006
2.08 -1.29423e-005
2.09 -1.71741e-005
2.1 -2.15805e-005
2.11 -2.59809e-005
2.12 -3.02974e-005
2.13 -3.46873e-005
2.14 -3.93077e-005
2.15 -4.40858e-005
2.16 -4.86571e-005
2.17 -5.26476e-005
2.18 -5.61333e-005
2.19 -5.94959e-005
2.2 -6.27669e-005
2.21 -6.55885e-005
2.22 -6.77263e-005
2.23 -6.92481e-005
2.24 -7.02772e-005
2.25 -7.08064e-005
2.26 -7.08338e-005
2.27 -7.03594e-005
2.28 -6.91621e-005
2.29 -6.69583e-005
2.3 -6.37295e-005
2.31 -5.96247e-005
2.32 -5.47514e-005
2.33 -4.9229e-005
2.34 -4.32694e-005
2.35 -3.71204e-005
2.36 -3.09603e-005
2.37 -2.49488e-005
2.38 -1.92034e-005
2.39 -1.35353e-005
2.4 -7.58734e-006
2.41 -1.23787e-006
2.42 5.46234e-006
2.43 1.23505e-005
2.44 1.89654e-005
2.45 2.47988e-005
2.46 2.98043e-005
2.47 3.43548e-005
2.48 3.87844e-005
2.49 4.31389e-005
2.5 4.71961e-005
2.51 5.06561e-005
2.52 5.3316e-005
2.53 5.50711e-005
2.54 5.59532e-005
2.55 5.61618e-005
2.56 5.5928e-005
2.57 5.53844e-005
2.58 5.45321e-005
2.59 5.32491e-005
2.6 5.13752e-005
2.61 4.8871e-005
2.62 4.58887e-005
2.63 4.26897e-005
2.64 3.936e-005
2.65 3.55721e-005
2.66 3.09095e-005
2.67 2.53554e-005
2.68 1.93013e-005
2.69 1.31847e-005
2.7 7.1015e-006
2.71 8.5176e-007
2.72 -5.61604e-006
2.73 -1.19656e-005
2.74 -1.78057e-005
2.75 -2.31429e-005
2.76 -2.82298e-005
2.77 -3.32078e-005
2.78 -3.80888e-005
2.79 -4.27252e-005
2.8 -4.67382e-005
2.81 -4.98915e-005
2.82 -5.23963e-005
2.83 -5.46332e-005
2.84 -5.68314e-005
2.85 -5.89539e-005
2.86 -6.08452e-005
2.87 -6.24288e-005
2.88 -6.35752e-005
2.89 -6.40238e-005
2.9 -6.36326e-005
2.91 -6.24811e-005
2.92 -6.07028e-005
2.93 -5.84262e-005
2.94 -5.57786e-005
2.95 -5.28211e-005
2.96 -4.95736e-005
2.97 -4.61616e-005
2.98 -4.28317e-005
2.99 -3.97118e-005
3 -3.6589e-005
3.01 -3.30427e-005
3.02 -2.87833e-005
3.03 -2.37974e-005
3.04 -1.8354e-005
3.05 -1.29389e-005
3.06 -7.97782e-006
3.07 -3.49248e-006
3.08 8.92996e-007
3.09 5.4603e-006
3.1 1.00673e-005
3.11 1.44968e-005
3.12 1.89617e-005
3.13 2.40084e-005
3.14 2.98288e-005
3.15 3.58859e-005
3.16 4.13358e-005
3.17 4.54918e-005
3.18 4.8072e-005
3.19 4.94747e-005
3.2 5.05585e-005
3.21 5.18468e-005
3.22 5.31153e-005
3.23 5.37733e-005
3.24 5.33775e-005
3.25 5.17461e-005
3.26 4.89491e-005
3.27 4.54321e-005
3.28 4.18616e-005
3.29 3.86244e-005
3.3 3.56341e-005
3.31 3.26516e-005
3.32 2.96635e-005
3.33 2.67674e-005
3.34 2.37125e-005
3.35 2.00176e-005
3.36 1.56168e-005
3.37 1.10094e-005
3.38 6.89405e-006
3.39 3.79688e-006
3.4 1.70218e-006
3.41 -7.83463e-008
3.42 -2.40427e-006
3.43 -5.62023e-006
3.44 -9.46183e-006
3.45 -1.34722e-005
3.46 -1.73824e-005
3.47 -2.1188e-005
3.48 -2.49862e-005
3.49 -2.8824e-005
3.5 -3.28189e-005
3.51 -3.72322e-005
3.52 -4.20348e-005
3.53 -4.66579e-005
3.54 -5.04975e-005
3.55 -5.34754e-005
3.56 -5.60989e-005
3.57 -5.89903e-005
3.58 -6.23414e-005
3.59 -6.57946e-005
3.6 -6.86324e-005
3.61 -7.01775e-005
3.62 -7.03223e-005
3.63 -6.96682e-005
3.64 -6.89883e-005
3.65 -6.86048e-005
3.66 -6.83556e-005
3.67 -6.79929e-005
3.68 -6.73855e-005
3.69 -6.64266e-005
3.7 -6.50391e-005
3.71 -6.3247e-005
3.72 -6.10289e-005
3.73 -5.8249e-005
3.74 -5.48552e-005
3.75 -5.09342e-005
3.76 -4.65814e-005
3.77 -4.18044e-005
3.78 -3.65607e-005
3.79 -3.08791e-005
3.8 -2.48384e-005
3.81 -1.84971e-005
3.82 -1.19727e-005
3.83 -5.40475e-006
3.84 1.19509e-006
3.85 7.81707e-006
3.86 1.43098e-005
3.87 2.04513e-005
3.88 2.60464e-005
3.89 3.09646e-005
3.9 3.50644e-005
3.91 3.80433e-005
3.92 3.94634e-005
3.93 3.91802e-005
3.94 3.76693e-005
3.95 3.56631e-005
3.96 3.36585e-005
3.97 3.18925e-005
3.98 3.0543e-005
3.99 2.97808e-005
4 2.94628e-005
4.01 2.89487e-005
4.02 2.76718e-005
4.03 2.56203e-005
4.04 2.29656e-005
4.05 1.97802e-005
4.06 1.63676e-005
4.07 1.32351e-005
4.08 1.04684e-005
4.09 7.62515e-006
4.1 4.27438e-006
4.11 2.316e-007
4.12 -4.44e-006
4.13 -9.29815e-006
4.14 -1.38315e-005
4.15 -1.79631e-005
4.16 -2.19336e-005
4.17 -2.5958e-005
4.18 -3.00401e-005
4.19 -3.39029e-005
4.2 -3.72078e-005
4.21 -3.97438e-005
4.22 -4.12999e-005
4.23 -4.1784e-005
4.24 -4.14e-005
4.25 -4.02129e-005
4.26 -3.79747e-005
4.27 -3.46022e-005
4.28 -3.02378e-005
4.29 -2.50388e-005
4.3 -1.94438e-005
4.31 -1.42138e-005
4.32 -9.82781e-006
4.33 -6.18341e-006
4.34 -2.90765e-006
4.35 3.86509e-007
4.36 4.01714e-006
4.37 8.05962e-006
4.38 1.2261e-005
4.39 1.60702e-005
4.4 1.88713e-005
4.41 2.0506e-005
4.42 2.14366e-005
4.43 2.24448e-005
4.44 2.43919e-005
4.45 2.78245e-005
4.46 3.24227e-005
4.47 3.71761e-005
4.48 4.12246e-005
4.49 4.42451e-005
4.5 4.62307e-005
4.51 4.7464e-005
4.52 4.85736e-005
4.53 5.00073e-005
4.54 5.16376e-005
4.55 5.31104e-005
4.56 5.40462e-005
4.57 5.40079e-005
4.58 5.2847e-005
4.59 5.10444e-005
4.6 4.94749e-005
4.61 4.86592e-005
4.62 4.82851e-005
4.63 4.77633e-005
4.64 4.71567e-005
4.65 4.71291e-005
4.66 4.80656e-005
4.67 4.96673e-005
4.68 5.13483e-005
4.69 5.27755e-005
4.7 5.41286e-005
4.71 5.59378e-005
4.72 5.84719e-005
4.73 6.13905e-005
4.74 6.42001e-005
4.75 6.67148e-005
4.76 6.90925e-005
4.77 7.18118e-005
4.78 7.52727e-005
4.79 7.91843e-005
4.8 8.28084e-005
4.81 8.5631e-005
4.82 8.74307e-005
4.83 8.8294e-005
4.84 8.89408e-005
4.85 9.03082e-005
4.86 9.22297e-005
4.87 9.32867e-005
4.88 9.24215e-005
4.89 8.99105e-005
4.9 8.66802e-005
4.91 8.33091e-005
4.92 7.98968e-005
4.93 7.64884e-005
4.94 7.29778e-005
4.95 6.87455e-005
4.96 6.31115e-005
4.97 5.60896e-005
4.98 4.81264e-005
4.99 3.93016e-005
5 2.95357e-005
5.01 1.93225e-005
5.02 9.41145e-006
5.03 8.94978e-008
5.04 -8.69926e-006
5.05 -1.71224e-005
5.06 -2.57369e-005
5.07 -3.51726e-005
5.08 -4.52479e-005
5.09 -5.50832e-005
5.1 -6.3998e-005
5.11 -7.16206e-005
5.12 -7.74605e-005
5.13 -8.13318e-005
5.14 -8.40839e-005
5.15 -8.70243e-005
5.16 -9.0653e-005
5.17 -9.4638e-005
5.18 -9.85392e-005
5.19 -0.000101819
5.2 -0.000103452
5.21 -0.000102313
5.22 -9.81832e-005
5.23 -9.17781e-005
5.24 -8.396e-005
5.25 -7.5488e-005
5.26 -6.686e-005
5.27 -5.79843e-005
5.28 -4.85117e-005
5.29 -3.84296e-005
5.3 -2.77598e-005
5.31 -1.61554e-005
5.32 -3.4301e-006
5.33 1.00797e-005
5.34 2.39193e-005
5.35 3.80251e-005
5.36 5.27358e-005
5.37 6.79742e-005
5.38 8.26969e-005
5.39 9.58675e-005
5.4 0.000107626
5.41 0.000118954
5.42 0.000130586
5.43 0.000142252
5.44 0.000152814
5.45 0.000161388
5.46 0.000168123
5.47 0.000173756
5.48 0.000178935
5.49 0.000184047
5.5 0.000188872
5.51 0.000192455
5.52 0.000194069
5.53 0.00019383
5.54 0.000191967
5.55 0.000188399
5.56 0.000182984
5.57 0.000175486
5.58 0.000165553
5.59 0.00015294
5.6 0.000137517
5.61 0.000119154
5.62 9.805e-005
5.63 7.52011e-005
5.64 5.20662e-005
5.65 2.95222e-005
5.66 7.27665e-006
5.67 -1.5675e-005
5.68 -3.9915e-005
5.69 -6.48683e-005
5.7 -8.91742e-005
5.71 -0.000111667
5.72 -0.000131841
5.73 -0.00014938
5.74 -0.000163544
5.75 -0.000173203
5.76 -0.000177548
5.77 -0.00017664
5.78 -0.000171316
5.79 -0.000163059
5.8 -0.00015393
5.81 -0.000145732
5.82 -0.000138337
5.83 -0.00012929
5.84 -0.00011609
5.85 -9.8643e-005
5.86 -7.89822e-005
5.87 -5.9314e-005
5.88 -4.09684e-005
5.89 -2.4195e-005
5.9 -8.28181e-006
5.91 7.66912e-006
5.92 2.43314e-005
5.93 4.23509e-005
5.94 6.20103e-005
5.95 8.26684e-005
5.96 0.000102805
5.97 0.000120861
5.98 0.000136074
5.99 0.000148187
6 0.000156323
6.01 0.000158636
6.02 0.000153364
6.03 0.000139629
6.04 0.000117358
6.05 8.73344e-005
6.06 5.10171e-005
6.07 1.01598e-005
6.08 -3.33704e-005
6.09 -7.81174e-005
6.1 -0.000123328
6.11 -0.000168098
6.12 -0.000210728
6.13 -0.000249096
6.14 -0.000280686
6.15 -0.000302445
6.16 -0.000311736
6.17 -0.000307321
6.18 -0.000289374
6.19 -0.000259453
6.2 -0.000220366
6.21 -0.000174766
6.22 -0.000123519
6.23 -6.5814e-005
6.24 -1.09818e-006
6.25 6.89521e-005
6.26 0.000139848
6.27 0.000205378
6.28 0.000260234
6.29 0.000302763
6.3 0.00033555
6.31 0.000362301
6.32 0.000383908
6.33 0.000397795
6.34 0.000399875
6.35 0.000387079
6.36 0.000359498
6.37 0.000321639
6.38 0.000281209
6.39 0.000244242
6.4 0.000211298
6.41 0.000179815
6.42 0.000148366
6.43 0.000117108
6.44 8.67896e-005
6.45 5.8984e-005
6.46 3.58775e-005
6.47 1.84995e-005
6.48 5.42208e-006
6.49 -6.18716e-006
6.5 -1.86118e-005
6.51 -3.29624e-005
6.52 -5.00404e-005
6.53 -7.15398e-005
6.54 -9.98056e-005
6.55 -0.000135619
6.56 -0.000176908
6.57 -0.000219902
6.58 -0.000260784
6.59 -0.000296992
6.6 -0.000328108
6.61 -0.000355257
6.62 -0.00037956
6.63 -0.000401319
6.64 -0.000419901
6.65 -0.000433994
6.66 -0.000442493
6.67 -0.000444986
6.68 -0.0004412
6.69 -0.000430441
6.7 -0.000411971
6.71 -0.00038607
6.72 -0.000354531
6.73 -0.000319426
6.74 -0.000281421
6.75 -0.000239967
6.76 -0.000194173
6.77 -0.000142879
6.78 -8.51779e-005
6.79 -2.14574e-005
6.8 4.62443e-005
6.81 0.000115223
6.82 0.000183402
6.83 0.000249159
6.84 0.000310341
6.85 0.000364587
6.86 0.000410943
6.87 0.00045009
6.88 0.000482514
6.89 0.000507126
6.9 0.000521892
6.91 0.000525874
6.92 0.000520115
6.93 0.000505793
6.94 0.000482251
6.95 0.000447772
6.96 0.000402083
6.97 0.000347489
6.98 0.000287639
6.99 0.000225746
7 0.000164488
7.01 0.000107522
7.02 5.92613e-005
7.03 2.22025e-005
7.04 -5.00762e-006
7.05 -2.71861e-005
7.06 -4.93723e-005
7.07 -7.31328e-005
7.08 -9.68268e-005
7.09 -0.000118542
7.1 -0.000138082
7.11 -0.000156802
7.12 -0.000176406
7.13 -0.000198672
7.14 -0.000225599
7.15 -0.000258724
7.16 -0.000298203
7.17 -0.000342654
7.18 -0.000389481
7.19 -0.000435232
7.2 -0.000476358
7.21 -0.000509741
7.22 -0.00053225
7.23 -0.000540863
7.24 -0.000533929
7.25 -0.000511931
7.26 -0.000476902
7.27 -0.000430996
7.28 -0.00037581
7.29 -0.000312858
7.3 -0.000243647
7.31 -0.000168859
7.32 -8.89106e-005
7.33 -6.85973e-006
7.34 7.01213e-005
7.35 0.00013374
7.36 0.000179337
7.37 0.000207661
7.38 0.000222134
7.39 0.000224964
7.4 0.000216827
7.41 0.000199122
7.42 0.000175049
7.43 0.000148147
7.44 0.000119368
7.45 8.67473e-005
7.46 4.84083e-005
7.47 5.53156e-006
7.48 -3.72194e-005
7.49 -7.38963e-005
7.5 -0.000100278
7.51 -0.000115053
7.52 -0.000118373
7.53 -0.000110697
7.54 -9.3102e-005
7.55 -6.79165e-005
7.56 -3.94037e-005
7.57 -1.27637e-005
7.58 9.66211e-006
7.59 3.07997e-005
7.6 5.58747e-005
7.61 8.72625e-005
7.62 0.000122421
7.63 0.000156208
7.64 0.000184893
7.65 0.000208008
7.66 0.000227996
7.67 0.000248587
7.68 0.000271748
7.69 0.00029628
7.7 0.000320121
7.71 0.000343174
7.72 0.000366833
7.73 0.000391399
7.74 0.000415423
7.75 0.00043756
7.76 0.000457812
7.77 0.000476589
7.78 0.00049302
7.79 0.000504391
7.8 0.000507612
7.81 0.00050135
7.82 0.000487413
7.83 0.000470786
7.84 0.00045717
7.85 0.000449767
7.86 0.000448758
7.87 0.000452864
7.88 0.00045999
7.89 0.000467135
7.9 0.00047075
7.91 0.000467526
7.92 0.000455776
7.93 0.000436324
7.94 0.000411716
7.95 0.000383873
7.96 0.00035229
7.97 0.000314599
7.98 0.000268141
7.99 0.00021171
8 0.00014657
8.01 7.51012e-005
8.02 -1.60818e-006
8.03 -8.38266e-005
8.04 -0.000170539
8.05 -0.000257958
8.06 -0.000341853
8.07 -0.000420828
8.08 -0.000496094
8.09 -0.000568216
8.1 -0.000635282
8.11 -0.000694246
8.12 -0.000742503
8.13 -0.000778144
8.14 -0.000800106
8.15 -0.000808485
8.16 -0.000804491
8.17 -0.000790026
8.18 -0.000767046
8.19 -0.000737113
8.2 -0.000701806
8.21 -0.000663131
8.22 -0.000623295
8.23 -0.00058458
8.24 -0.000549121
8.25 -0.000518245
8.26 -0.000492147
8.27 -0.000470637
8.28 -0.00045374
8.29 -0.000441188
8.3 -0.000432337
8.31 -0.000427105
8.32 -0.000426154
8.33 -0.000429698
8.34 -0.000436837
8.35 -0.000446307
8.36 -0.000457342
8.37 -0.000469983
8.38 -0.000484617
8.39 -0.000500965
8.4 -0.000518027
8.41 -0.000535228
8.42 -0.000552888
8.43 -0.000571555
8.44 -0.000591579
8.45 -0.000613226
8.46 -0.000636663
8.47 -0.000661563
8.48 -0.000687159
8.49 -0.000713204
8.5 -0.000740492
8.51 -0.000769599
8.52 -0.000799145
8.53 -0.000825955
8.54 -0.000846938
8.55 -0.000860611
8.56 -0.000867476
8.57 -0.000869289
8.58 -0.000867372
8.59 -0.000861682
8.6 -0.000852022
8.61 -0.000839744
8.62 -0.000827424
8.63 -0.000817239
8.64 -0.00081056
8.65 -0.000808517
8.66 -0.000811913
8.67 -0.000820552
8.68 -0.000832982
8.69 -0.000847259
8.7 -0.000862229
8.71 -0.000877664
8.72 -0.00089263
8.73 -0.000904228
8.74 -0.000908881
8.75 -0.000904659
8.76 -0.000891843
8.77 -0.000871443
8.78 -0.0008428
8.79 -0.000802826
8.8 -0.000747565
8.81 -0.000673883
8.82 -0.000580547
8.83 -0.000469199
8.84 -0.000344947
8.85 -0.000215596
8.86 -8.92564e-005
8.87 2.8297e-005
8.88 0.00013525
8.89 0.000233244
8.9 0.00032462
8.91 0.000410202
8.92 0.000489647
8.93 0.000562926
8.94 0.000630918
8.95 0.000694972
8.96 0.000756683
8.97 0.000818092
8.98 0.00088112
8.99 0.000946587
9 0.00101413
9.01 0.00108274
9.02 0.00115138
9.03 0.00121934
9.04 0.00128575
9.05 0.00134865
9.06 0.00140537
9.07 0.00145323
9.08 0.00149004
9.09 0.00151441
9.1 0.00152554
9.11 0.00152222
9.12 0.00150266
9.13 0.00146525
9.14 0.00140959
9.15 0.00133734
9.16 0.00125204
9.17 0.0011569
9.18 0.00105288
9.19 0.000939361
9.2 0.000816159
9.21 0.000684962
9.22 0.00054896
9.23 0.000411334
9.24 0.000273992
9.25 0.000137134
9.26 -6.79826e-008
9.27 -0.00013775
9.28 -0.000273795
9.29 -0.00040444
9.3 -0.000526778
9.31 -0.000640115
9.32 -0.00074473
9.33 -0.0008404
9.34 -0.000926743
9.35 -0.00100385
9.36 -0.00107169
9.37 -0.00112964
9.38 -0.00117698
9.39 -0.00121335
9.4 -0.00123827
9.41 -0.00125018
9.42 -0.00124691
9.43 -0.00122745
9.44 -0.00119272
9.45 -0.00114493
9.46 -0.00108645
9.47 -0.00101861
9.48 -0.000941409
9.49 -0.000854477
9.5 -0.000758618
9.51 -0.00065712
9.52 -0.000554686
9.53 -0.000453855
9.54 -0.000353367
9.55 -0.000249941
9.56 -0.000140662
9.57 -2.42798e-005
9.58 9.94276e-005
9.59 0.000231195
9.6 0.000372
9.61 0.000521119
9.62 0.000674999
9.63 0.000828705
9.64 0.000978945
9.65 0.00112541
9.66 0.00126926
9.67 0.00141039
9.68 0.00154581
9.69 0.00167104
9.7 0.00178312
9.71 0.00188119
9.72 0.00196454
9.73 0.00203192
9.74 0.00208323
9.75 0.00212036
9.76 0.00214518
9.77 0.00215702
9.78 0.00215312
9.79 0.00213135
9.8 0.00209195
9.81 0.00203754
9.82 0.00197237
9.83 0.00190104
9.84 0.00182661
9.85 0.00175016
9.86 0.0016719
9.87 0.00159227
9.88 0.0015119
9.89 0.00143086
9.9 0.00134836
9.91 0.00126377
9.92 0.00117791
9.93 0.00109278
9.94 0.00101014
9.95 0.000930753
9.96 0.000854561
9.97 0.000781355
9.98 0.0007107
9.99 0.000641269
10 0.000570072
