0.1 -3.06724e-020
0.2 -9.42823e-020
0.3 3.73177e-019
0.4 1.24539e-018
0.5 6.48913e-019
0.6 5.70424e-019
0.7 1.49102e-018
0.8 1.53184e-018
0.9 1.40206e-018
1 1.71691e-018
0.01 -7.05974e-008
0.02 -2.77509e-007
0.03 -5.43236e-007
0.04 -7.99731e-007
0.05 -1.05124e-006
0.06 -1.29024e-006
0.07 -1.49846e-006
0.08 -1.65349e-006
0.09 -1.73543e-006
0.1 -1.73203e-006
0.11 -1.64103e-006
0.12 -1.47002e-006
0.13 -1.23516e-006
0.14 -9.5847e-007
0.15 -6.63643e-007
0.16 -3.70028e-007
0.17 -8.9012e-008
0.18 1.75015e-007
0.19 4.2322e-007
0.2 6.60427e-007
0.21 8.93943e-007
0.22 1.13456e-006
0.23 1.39299e-006
0.24 1.67383e-006
0.25 1.97285e-006
0.26 2.28155e-006
0.27 2.59917e-006
0.28 2.93451e-006
0.29 3.2908e-006
0.3 3.65745e-006
0.31 4.02425e-006
0.32 4.3884e-006
0.33 4.74329e-006
0.34 5.07838e-006
0.35 5.38477e-006
0.36 5.65279e-006
0.37 5.87242e-006
0.38 6.03872e-006
0.39 6.1493e-006
0.4 6.19613e-006
0.41 6.16917e-006
0.42 6.06349e-006
0.43 5.88234e-006
0.44 5.63994e-006
0.45 5.35276e-006
0.46 5.03568e-006
0.47 4.70783e-006
0.48 4.38336e-006
0.49 4.06463e-006
0.5 3.75891e-006
0.51 3.48157e-006
0.52 3.23654e-006
0.53 3.02326e-006
0.54 2.86003e-006
0.55 2.77537e-006
0.56 2.76938e-006
0.57 2.78963e-006
0.58 2.76366e-006
0.59 2.65994e-006
0.6 2.50127e-006
0.61 2.31299e-006
0.62 2.09035e-006
0.63 1.85513e-006
0.64 1.6779e-006
0.65 1.58323e-006
0.66 1.52628e-006
0.67 1.48064e-006
0.68 1.4638e-006
0.69 1.49154e-006
0.7 1.56417e-006
0.71 1.68074e-006
0.72 1.82143e-006
0.73 1.93713e-006
0.74 1.97332e-006
0.75 1.89492e-006
0.76 1.70124e-006
0.77 1.43454e-006
0.78 1.18092e-006
0.79 1.02582e-006
0.8 9.99896e-007
0.81 1.09638e-006
0.82 1.30804e-006
0.83 1.62456e-006
0.84 2.02793e-006
0.85 2.52224e-006
0.86 3.13457e-006
0.87 3.81821e-006
0.88 4.44619e-006
0.89 4.96871e-006
0.9 5.47241e-006
0.91 6.05679e-006
0.92 6.68925e-006
0.93 7.23994e-006
0.94 7.65154e-006
0.95 7.98126e-006
0.96 8.3099e-006
0.97 8.63788e-006
0.98 8.85144e-006
0.99 8.86239e-006
1 8.70858e-006
1.01 8.42642e-006
1.02 7.99606e-006
1.03 7.47571e-006
1.04 7.01607e-006
1.05 6.68866e-006
1.06 6.41554e-006
1.07 6.10648e-006
1.08 5.80447e-006
1.09 5.59307e-006
1.1 5.38959e-006
1.11 5.0292e-006
1.12 4.53138e-006
1.13 4.08983e-006
1.14 3.81202e-006
1.15 3.73249e-006
1.16 3.96219e-006
1.17 4.54713e-006
1.18 5.40111e-006
1.19 6.39131e-006
1.2 7.36245e-006
1.21 8.1751e-006
1.22 8.72301e-006
1.23 8.93296e-006
1.24 8.81219e-006
1.25 8.50287e-006
1.26 8.21813e-006
1.27 8.10882e-006
1.28 8.24474e-006
1.29 8.60426e-006
1.3 9.09675e-006
1.31 9.71129e-006
1.32 1.0499e-005
1.33 1.1409e-005
1.34 1.24102e-005
1.35 1.36397e-005
1.36 1.51455e-005
1.37 1.66889e-005
1.38 1.79038e-005
1.39 1.85549e-005
1.4 1.8626e-005
1.41 1.81446e-005
1.42 1.71535e-005
1.43 1.58675e-005
1.44 1.45067e-005
1.45 1.30399e-005
1.46 1.12626e-005
1.47 9.0254e-006
1.48 6.25266e-006
1.49 2.7553e-006
1.5 -1.65185e-006
1.51 -6.65875e-006
1.52 -1.13903e-005
1.53 -1.51162e-005
1.54 -1.77541e-005
1.55 -1.95273e-005
1.56 -2.05641e-005
1.57 -2.09378e-005
1.58 -2.08044e-005
1.59 -2.04245e-005
1.6 -2.01705e-005
1.61 -2.03791e-005
1.62 -2.10059e-005
1.63 -2.14311e-005
1.64 -2.06833e-005
1.65 -1.80907e-005
1.66 -1.37397e-005
1.67 -8.25965e-006
1.68 -2.31575e-006
1.69 3.62055e-006
1.7 9.19875e-006
1.71 1.42448e-005
1.72 1.88851e-005
1.73 2.33304e-005
1.74 2.76008e-005
1.75 3.16275e-005
1.76 3.54048e-005
1.77 3.88205e-005
1.78 4.14764e-005
1.79 4.30373e-005
1.8 4.36653e-005
1.81 4.38093e-005
1.82 4.37924e-005
1.83 4.37061e-005
1.84 4.35207e-005
1.85 4.31012e-005
1.86 4.2113e-005
1.87 4.03773e-005
1.88 3.84872e-005
1.89 3.73902e-005
1.9 3.70902e-005
1.91 3.65074e-005
1.92 3.46024e-005
1.93 3.08932e-005
1.94 2.51651e-005
1.95 1.73559e-005
1.96 7.84001e-006
1.97 -2.47716e-006
1.98 -1.26793e-005
1.99 -2.23303e-005
2 -3.14157e-005
2.01 -4.00276e-005
2.02 -4.81106e-005
2.03 -5.55696e-005
2.04 -6.2449e-005
2.05 -6.85824e-005
2.06 -7.34628e-005
2.07 -7.69355e-005
2.08 -7.95216e-005
2.09 -8.18333e-005
2.1 -8.39636e-005
2.11 -8.55443e-005
2.12 -8.63346e-005
2.13 -8.64535e-005
2.14 -8.60555e-005
2.15 -8.5e-005
2.16 -8.27537e-005
2.17 -7.87974e-005
2.18 -7.33066e-005
2.19 -6.69393e-005
2.2 -5.9865e-005
2.21 -5.17053e-005
2.22 -4.2296e-005
2.23 -3.19514e-005
2.24 -2.10928e-005
2.25 -9.96428e-006
2.26 1.17507e-006
2.27 1.2074e-005
2.28 2.28453e-005
2.29 3.37489e-005
2.3 4.47112e-005
2.31 5.54655e-005
2.32 6.58479e-005
2.33 7.56966e-005
2.34 8.47117e-005
2.35 9.25285e-005
2.36 9.88702e-005
2.37 0.000103481
2.38 0.000106173
2.39 0.000107244
2.4 0.000107285
2.41 0.000106578
2.42 0.000105179
2.43 0.000102977
2.44 9.93773e-005
2.45 9.36586e-005
2.46 8.57369e-005
2.47 7.61408e-005
2.48 6.53826e-005
2.49 5.36306e-005
2.5 4.07599e-005
2.51 2.66271e-005
2.52 1.13007e-005
2.53 -4.97606e-006
2.54 -2.17639e-005
2.55 -3.84072e-005
2.56 -5.42523e-005
2.57 -6.88485e-005
2.58 -8.20023e-005
2.59 -9.37674e-005
2.6 -0.000104319
2.61 -0.000113709
2.62 -0.000121743
2.63 -0.00012808
2.64 -0.000132641
2.65 -0.000135956
2.66 -0.000138687
2.67 -0.00014089
2.68 -0.000142002
2.69 -0.000141366
2.7 -0.00013881
2.71 -0.000134598
2.72 -0.000128792
2.73 -0.000120922
2.74 -0.000110493
2.75 -9.76795e-005
2.76 -8.31088e-005
2.77 -6.73262e-005
2.78 -5.07525e-005
2.79 -3.36066e-005
2.8 -1.57543e-005
2.81 2.77178e-006
2.82 2.13322e-005
2.83 3.9094e-005
2.84 5.54942e-005
2.85 7.03994e-005
2.86 8.38808e-005
2.87 9.59207e-005
2.88 0.000106613
2.89 0.000116284
2.9 0.000125112
2.91 0.000132964
2.92 0.000139623
2.93 0.000144857
2.94 0.0001484
2.95 0.000150057
2.96 0.000149681
2.97 0.000146982
2.98 0.000141532
2.99 0.000133151
3 0.000122262
3.01 0.00010971
3.02 9.62529e-005
3.03 8.23121e-005
3.04 6.79146e-005
3.05 5.273e-005
3.06 3.64388e-005
3.07 1.92348e-005
3.08 1.84082e-006
3.09 -1.51791e-005
3.1 -3.18704e-005
3.11 -4.83414e-005
3.12 -6.39995e-005
3.13 -7.77013e-005
3.14 -8.881e-005
3.15 -9.78061e-005
3.16 -0.000105719
3.17 -0.000113474
3.18 -0.000121519
3.19 -0.000129357
3.2 -0.000135786
3.21 -0.000140012
3.22 -0.000142233
3.23 -0.000143103
3.24 -0.000143025
3.25 -0.000142059
3.26 -0.000139993
3.27 -0.00013618
3.28 -0.00012976
3.29 -0.000120378
3.3 -0.00010845
3.31 -9.4664e-005
3.32 -7.93979e-005
3.33 -6.28754e-005
3.34 -4.58395e-005
3.35 -2.93673e-005
3.36 -1.38902e-005
3.37 1.0572e-006
3.38 1.63193e-005
3.39 3.25766e-005
3.4 4.97737e-005
3.41 6.68659e-005
3.42 8.24998e-005
3.43 9.59919e-005
3.44 0.00010747
3.45 0.000117292
3.46 0.000125543
3.47 0.000131972
3.48 0.000136265
3.49 0.000138281
3.5 0.000137852
3.51 0.000134635
3.52 0.000128732
3.53 0.000121051
3.54 0.000112549
3.55 0.0001034
3.56 9.29034e-005
3.57 8.01761e-005
3.58 6.4981e-005
3.59 4.79327e-005
3.6 3.02584e-005
3.61 1.32334e-005
3.62 -2.61425e-006
3.63 -1.77619e-005
3.64 -3.29632e-005
3.65 -4.83832e-005
3.66 -6.35755e-005
3.67 -7.80661e-005
3.68 -9.16148e-005
3.69 -0.000104028
3.7 -0.000115125
3.71 -0.000124821
3.72 -0.000132908
3.73 -0.00013897
3.74 -0.000142716
3.75 -0.000144098
3.76 -0.000143158
3.77 -0.000139897
3.78 -0.000134331
3.79 -0.000126649
3.8 -0.000117148
3.81 -0.000106096
3.82 -9.38174e-005
3.83 -8.06262e-005
3.84 -6.65977e-005
3.85 -5.17685e-005
3.86 -3.63741e-005
3.87 -2.07722e-005
3.88 -5.32291e-006
3.89 9.6533e-006
3.9 2.37638e-005
3.91 3.63316e-005
3.92 4.64553e-005
3.93 5.36818e-005
3.94 5.85376e-005
3.95 6.20238e-005
3.96 6.48961e-005
3.97 6.76086e-005
3.98 7.05612e-005
3.99 7.41131e-005
4 7.80604e-005
4.01 8.13183e-005
4.02 8.27689e-005
4.03 8.20304e-005
4.04 7.89919e-005
4.05 7.34984e-005
4.06 6.59341e-005
4.07 5.72298e-005
4.08 4.79126e-005
4.09 3.78662e-005
4.1 2.70186e-005
4.11 1.55746e-005
4.12 3.93508e-006
4.13 -7.13127e-006
4.14 -1.69255e-005
4.15 -2.55154e-005
4.16 -3.34966e-005
4.17 -4.14205e-005
4.18 -4.94669e-005
4.19 -5.73028e-005
4.2 -6.43934e-005
4.21 -7.02937e-005
4.22 -7.44907e-005
4.23 -7.66286e-005
4.24 -7.68287e-005
4.25 -7.5079e-005
4.26 -7.09901e-005
4.27 -6.45007e-005
4.28 -5.59453e-005
4.29 -4.57094e-005
4.3 -3.46037e-005
4.31 -2.3911e-005
4.32 -1.447e-005
4.33 -6.2105e-006
4.34 1.39989e-006
4.35 8.98077e-006
4.36 1.71011e-005
4.37 2.59804e-005
4.38 3.53038e-005
4.39 4.42091e-005
4.4 5.15991e-005
4.41 5.6933e-005
4.42 6.05331e-005
4.43 6.32302e-005
4.44 6.6101e-005
4.45 6.99337e-005
4.46 7.439e-005
4.47 7.81917e-005
4.48 8.02786e-005
4.49 8.03088e-005
4.5 7.83023e-005
4.51 7.46301e-005
4.52 7.01657e-005
4.53 6.55706e-005
4.54 6.07461e-005
4.55 5.53534e-005
4.56 4.9076e-005
4.57 4.15117e-005
4.58 3.26378e-005
4.59 2.32964e-005
4.6 1.48507e-005
4.61 8.08769e-006
4.62 2.51597e-006
4.63 -2.80294e-006
4.64 -7.85622e-006
4.65 -1.17306e-005
4.66 -1.38977e-005
4.67 -1.48082e-005
4.68 -1.53064e-005
4.69 -1.58374e-005
4.7 -1.60637e-005
4.71 -1.5099e-005
4.72 -1.24187e-005
4.73 -8.39364e-006
4.74 -3.64031e-006
4.75 1.6367e-006
4.76 7.68095e-006
4.77 1.51526e-005
4.78 2.45455e-005
4.79 3.52754e-005
4.8 4.60394e-005
4.81 5.58182e-005
4.82 6.39953e-005
4.83 7.04176e-005
4.84 7.59409e-005
4.85 8.18598e-005
4.86 8.79439e-005
4.87 9.21691e-005
4.88 9.30614e-005
4.89 9.11114e-005
4.9 8.77553e-005
4.91 8.39106e-005
4.92 7.98019e-005
4.93 7.55985e-005
4.94 7.12526e-005
4.95 6.59219e-005
4.96 5.86119e-005
4.97 4.92939e-005
4.98 3.85388e-005
4.99 2.63632e-005
5 1.25826e-005
5.01 -2.05524e-006
5.02 -1.63194e-005
5.03 -2.95763e-005
5.04 -4.16504e-005
5.05 -5.25421e-005
5.06 -6.29113e-005
5.07 -7.36501e-005
5.08 -8.45578e-005
5.09 -9.44553e-005
5.1 -0.000102448
5.11 -0.000108028
5.12 -0.000110404
5.13 -0.000109156
5.14 -0.0001054
5.15 -0.00010102
5.16 -9.68398e-005
5.17 -9.25915e-005
5.18 -8.79386e-005
5.19 -8.24015e-005
5.2 -7.46833e-005
5.21 -6.31806e-005
5.22 -4.75078e-005
5.23 -2.86102e-005
5.24 -7.71269e-006
5.25 1.39471e-005
5.26 3.53034e-005
5.27 5.59869e-005
5.28 7.59286e-005
5.29 9.46037e-005
5.3 0.000111602
5.31 0.000127308
5.32 0.000142127
5.33 0.000155885
5.34 0.000168317
5.35 0.00017971
5.36 0.000190821
5.37 0.000201597
5.38 0.000210333
5.39 0.000215164
5.4 0.000215905
5.41 0.000213692
5.42 0.000209487
5.43 0.000203016
5.44 0.000192943
5.45 0.00017847
5.46 0.000160404
5.47 0.000140419
5.48 0.000120007
5.49 0.000100186
5.5 8.09766e-005
5.51 6.11876e-005
5.52 3.98576e-005
5.53 1.72176e-005
5.54 -6.33907e-006
5.55 -3.0821e-005
5.56 -5.62274e-005
5.57 -8.25876e-005
5.58 -0.000110015
5.59 -0.000138412
5.6 -0.000167521
5.61 -0.000197131
5.62 -0.000226623
5.63 -0.000254262
5.64 -0.000277682
5.65 -0.000295437
5.66 -0.000307913
5.67 -0.000316692
5.68 -0.000322912
5.69 -0.000326152
5.7 -0.000324921
5.71 -0.000318031
5.72 -0.000305214
5.73 -0.00028639
5.74 -0.000260765
5.75 -0.000226912
5.76 -0.000183907
5.77 -0.000132233
5.78 -7.37242e-005
5.79 -1.14325e-005
5.8 5.04728e-005
5.81 0.000108041
5.82 0.000160213
5.83 0.000209675
5.84 0.000259659
5.85 0.000310324
5.86 0.000359036
5.87 0.000403005
5.88 0.000440558
5.89 0.000471261
5.9 0.00049571
5.91 0.00051449
5.92 0.000527761
5.93 0.000535774
5.94 0.000538542
5.95 0.000535074
5.96 0.000523408
5.97 0.00050177
5.98 0.000469711
5.99 0.000427603
6 0.000374932
6.01 0.000309773
6.02 0.000230411
6.03 0.000136589
6.04 2.94817e-005
6.05 -8.81643e-005
6.06 -0.000212288
6.07 -0.000338157
6.08 -0.000460805
6.09 -0.000576057
6.1 -0.000681227
6.11 -0.000774058
6.12 -0.00085185
6.13 -0.000911968
6.14 -0.000951695
6.15 -0.000967758
6.16 -0.000957477
6.17 -0.000920071
6.18 -0.000856617
6.19 -0.000770088
6.2 -0.000665289
6.21 -0.000546891
6.22 -0.000417019
6.23 -0.000275337
6.24 -0.000121803
6.25 4.04515e-005
6.26 0.000204196
6.27 0.000359555
6.28 0.000497776
6.29 0.000615297
6.3 0.000714767
6.31 0.000800618
6.32 0.000873327
6.33 0.000928424
6.34 0.000959228
6.35 0.000960433
6.36 0.000931253
6.37 0.000877467
6.38 0.000809933
6.39 0.000737624
6.4 0.000662006
6.41 0.000580385
6.42 0.000491951
6.43 0.00039816
6.44 0.000301121
6.45 0.000203971
6.46 0.000110716
6.47 2.37717e-005
6.48 -5.78783e-005
6.49 -0.000137119
6.5 -0.000215879
6.51 -0.000294306
6.52 -0.000372164
6.53 -0.000450707
6.54 -0.000532386
6.55 -0.000617536
6.56 -0.000702367
6.57 -0.000780559
6.58 -0.000845636
6.59 -0.000892961
6.6 -0.000921244
6.61 -0.000931951
6.62 -0.000927242
6.63 -0.000908867
6.64 -0.000877861
6.65 -0.000834615
6.66 -0.00077977
6.67 -0.000714548
6.68 -0.000639655
6.69 -0.000554357
6.7 -0.000457166
6.71 -0.000347741
6.72 -0.000228046
6.73 -0.000100944
6.74 3.20364e-005
6.75 0.000170344
6.76 0.000313244
6.77 0.000459994
6.78 0.000609391
6.79 0.000758469
6.8 0.000902097
6.81 0.00103446
6.82 0.00115094
6.83 0.0012479
6.84 0.00132112
6.85 0.00136643
6.86 0.00138223
6.87 0.00136995
6.88 0.00133153
6.89 0.00126731
6.9 0.0011768
6.91 0.00106153
6.92 0.000926042
6.93 0.00077489
6.94 0.000609518
6.95 0.000429241
6.96 0.000234975
6.97 3.10744e-005
6.98 -0.000176243
6.99 -0.000381272
7 -0.000578776
7.01 -0.000761674
7.02 -0.000921434
7.03 -0.00105228
7.04 -0.00115445
7.05 -0.00123397
7.06 -0.00129804
7.07 -0.00134942
7.08 -0.00138645
7.09 -0.00140691
7.1 -0.00141046
7.11 -0.00139826
7.12 -0.00137125
7.13 -0.00133019
7.14 -0.00127641
7.15 -0.00121138
7.16 -0.00113568
7.17 -0.00104897
7.18 -0.000950238
7.19 -0.000838022
7.2 -0.000711067
7.21 -0.000568707
7.22 -0.00040991
7.23 -0.000233358
7.24 -3.94052e-005
7.25 0.00016859
7.26 0.00038491
7.27 0.000603476
7.28 0.00081892
7.29 0.0010261
7.3 0.00122034
7.31 0.001399
7.32 0.00156095
7.33 0.0017022
7.34 0.00181339
7.35 0.00188373
7.36 0.00190772
7.37 0.00188756
7.38 0.00182924
7.39 0.00173685
7.4 0.00161232
7.41 0.00145881
7.42 0.00128236
7.43 0.00108963
7.44 0.000883396
7.45 0.000661891
7.46 0.000423245
7.47 0.000170041
7.48 -8.9675e-005
7.49 -0.000345191
7.5 -0.000587271
7.51 -0.000809848
7.52 -0.00100814
7.53 -0.00117749
7.54 -0.00131452
7.55 -0.00141872
7.56 -0.00149395
7.57 -0.00154709
7.58 -0.00158215
7.59 -0.00159607
7.6 -0.00158246
7.61 -0.00153867
7.62 -0.0014688
7.63 -0.0013804
7.64 -0.00127902
7.65 -0.00116592
7.66 -0.00103878
7.67 -0.000894197
7.68 -0.000731948
7.69 -0.000556883
7.7 -0.000375186
7.71 -0.00018991
7.72 -1.46547e-006
7.73 0.000188608
7.74 0.000376627
7.75 0.000559372
7.76 0.000735732
7.77 0.000905107
7.78 0.00106474
7.79 0.00120882
7.8 0.00133072
7.81 0.0014263
7.82 0.00149626
7.83 0.00154648
7.84 0.00158461
7.85 0.00161532
7.86 0.00163926
7.87 0.00165507
7.88 0.00165981
7.89 0.00164859
7.9 0.00161502
7.91 0.00155265
7.92 0.00145756
7.93 0.00133042
7.94 0.00117589
7.95 0.000999539
7.96 0.000805029
7.97 0.000594458
7.98 0.000369852
7.99 0.000134901
8 -0.000104167
8.01 -0.00034092
8.02 -0.00057231
8.03 -0.000798491
8.04 -0.00101839
8.05 -0.00122693
8.06 -0.00141799
8.07 -0.00158911
8.08 -0.00174114
8.09 -0.00187369
8.1 -0.0019826
8.11 -0.00206213
8.12 -0.00210739
8.13 -0.00211479
8.14 -0.00208236
8.15 -0.00201025
8.16 -0.0019008
8.17 -0.00175791
8.18 -0.00158614
8.19 -0.00138998
8.2 -0.00117438
8.21 -0.000945194
8.22 -0.000708718
8.23 -0.000471367
8.24 -0.000239237
8.25 -1.70405e-005
8.26 0.000192408
8.27 0.00038709
8.28 0.000564884
8.29 0.000724293
8.3 0.000864536
8.31 0.000984088
8.32 0.00108042
8.33 0.00115178
8.34 0.00119829
8.35 0.00122095
8.36 0.00122042
8.37 0.00119662
8.38 0.00114936
8.39 0.00107976
8.4 0.000990287
8.41 0.000883
8.42 0.000758805
8.43 0.000618411
8.44 0.00046296
8.45 0.000293861
8.46 0.000112864
8.47 -7.73279e-005
8.48 -0.000273115
8.49 -0.000471488
8.5 -0.000670897
8.51 -0.000869523
8.52 -0.00106278
8.53 -0.00124359
8.54 -0.00140525
8.55 -0.00154368
8.56 -0.00165813
8.57 -0.00175016
8.58 -0.00182121
8.59 -0.00187114
8.6 -0.00189995
8.61 -0.00191009
8.62 -0.0019058
8.63 -0.00189059
8.64 -0.00186651
8.65 -0.00183501
8.66 -0.00179678
8.67 -0.00175086
8.68 -0.00169438
8.69 -0.00162391
8.7 -0.0015376
8.71 -0.00143562
8.72 -0.00131791
8.73 -0.00118238
8.74 -0.00102673
8.75 -0.000851719
8.76 -0.00066185
8.77 -0.000462883
8.78 -0.000258006
8.79 -4.63866e-005
8.8 0.00017478
8.81 0.000407943
8.82 0.000653557
8.83 0.000908349
8.84 0.00116401
8.85 0.00140793
8.86 0.00162651
8.87 0.00180921
8.88 0.00195131
8.89 0.0020539
8.9 0.00212036
8.91 0.00215331
8.92 0.00215492
8.93 0.00212866
8.94 0.00207947
8.95 0.0020123
8.96 0.00193122
8.97 0.00183948
8.98 0.00173884
8.99 0.00162856
9 0.00150602
9.01 0.00136831
9.02 0.00121371
9.03 0.00104282
9.04 0.000857838
9.05 0.000661075
9.06 0.000454901
9.07 0.000242227
9.08 2.64841e-005
9.09 -0.000188398
9.1 -0.000398698
9.11 -0.000602496
9.12 -0.000800004
9.13 -0.000992124
9.14 -0.00117875
9.15 -0.00135721
9.16 -0.00152225
9.17 -0.00166917
9.18 -0.00179664
9.19 -0.00190584
9.2 -0.00199765
9.21 -0.00207055
9.22 -0.00212112
9.23 -0.00214614
9.24 -0.00214422
9.25 -0.00211638
9.26 -0.0020649
9.27 -0.00199082
9.28 -0.0018917
9.29 -0.00176266
9.3 -0.00160031
9.31 -0.0014051
9.32 -0.00117983
9.33 -0.000927725
9.34 -0.00065306
9.35 -0.000362004
9.36 -6.14211e-005
9.37 0.000242304
9.38 0.00054308
9.39 0.000834962
9.4 0.00111326
9.41 0.00137624
9.42 0.0016245
9.43 0.00185818
9.44 0.00207538
9.45 0.00227262
9.46 0.00244615
9.47 0.00259352
9.48 0.0027141
9.49 0.0028077
9.5 0.0028726
9.51 0.00290374
9.52 0.00289437
9.53 0.00284149
9.54 0.0027484
9.55 0.00262215
9.56 0.00246996
9.57 0.0022972
9.58 0.00210805
9.59 0.00190762
9.6 0.00170119
9.61 0.00149124
9.62 0.00127567
9.63 0.00105002
9.64 0.000812244
9.65 0.000565042
9.66 0.000314015
9.67 6.38651e-005
9.68 -0.000184004
9.69 -0.00042976
9.7 -0.000671152
9.71 -0.000903124
9.72 -0.0011212
9.73 -0.00132283
9.74 -0.0015051
9.75 -0.00166334
9.76 -0.00179398
9.77 -0.00189795
9.78 -0.00197988
9.79 -0.00204383
9.8 -0.00209045
9.81 -0.00211686
9.82 -0.00211754
9.83 -0.00208619
9.84 -0.00201854
9.85 -0.00191341
9.86 -0.00177122
9.87 -0.00159283
9.88 -0.0013798
9.89 -0.00113557
9.9 -0.000865821
9.91 -0.000576714
9.92 -0.000272559
9.93 4.41378e-005
9.94 0.000370884
9.95 0.000704035
9.96 0.00103915
9.97 0.0013717
9.98 0.00169679
9.99 0.00200796
10 0.00229591
