0.1 1.75921e-018 -0.000423593 1.29895e-016
0.2 -4.31766e-017 -0.000847581 2.57155e-016
0.3 1.77902e-017 -0.00127197 2.32642e-016
0.4 2.05781e-017 -0.00169675 5.93156e-016
0.5 2.57923e-016 -0.00212193 5.55829e-016
0.6 3.47725e-016 -0.00254752 5.64794e-016
0.7 4.15114e-017 -0.0029735 7.71715e-016
0.8 1.4103e-016 -0.00339989 7.46327e-016
0.9 1.74246e-016 -0.00382668 1.22757e-015
1 -1.56955e-018 -0.00425387 1.57668e-015
0.01 -2.37103e-005 -0.0042538 2.82033e-005
0.02 -9.31901e-005 -0.00425358 0.000112055
0.03 -0.000182408 -0.00425319 0.000219884
0.04 -0.000268566 -0.00425265 0.000317168
0.05 -0.000353161 -0.00425196 0.000396705
0.06 -0.000433712 -0.00425119 0.000450953
0.07 -0.000504064 -0.00425046 0.000472718
0.08 -0.000556622 -0.00424989 0.000457227
0.09 -0.000584605 -0.0042496 0.000403016
0.1 -0.000583781 -0.00424969 0.000311472
0.11 -0.000553304 -0.00425019 0.000186324
0.12 -0.000495693 -0.00425108 3.27244e-005
0.13 -0.000416396 -0.00425228 -0.000144151
0.14 -0.000322902 -0.00425366 -0.00033932
0.15 -0.000223299 -0.00425508 -0.000546827
0.16 -0.000124226 -0.00425641 -0.00075942
0.17 -2.96156e-005 -0.00425756 -0.000969902
0.18 5.90124e-005 -0.00425848 -0.00117346
0.19 0.000142082 -0.00425918 -0.00136978
0.2 0.000221319 -0.00425973 -0.00156225
0.21 0.000299338 -0.00426023 -0.00175485
0.22 0.000379933 -0.00426077 -0.00194992
0.23 0.000466845 -0.00426146 -0.00214752
0.24 0.000561686 -0.00426233 -0.00234579
0.25 0.000663007 -0.00426339 -0.0025412
0.26 0.000767841 -0.0042646 -0.00272871
0.27 0.000875754 -0.00426587 -0.00290376
0.28 0.000989494 -0.00426711 -0.00306419
0.29 0.00110996 -0.00426822 -0.00321042
0.3 0.0012335 -0.00426915 -0.00334478
0.31 0.00135667 -0.00426989 -0.00346975
0.32 0.00147865 -0.00427046 -0.00358491
0.33 0.00159739 -0.00427092 -0.00368596
0.34 0.00170958 -0.00427132 -0.00376821
0.35 0.00181241 -0.00427172 -0.00383114
0.36 0.00190274 -0.00427215 -0.00387815
0.37 0.00197719 -0.00427261 -0.00391116
0.38 0.00203398 -0.00427306 -0.00392566
0.39 0.00207211 -0.00427342 -0.00391255
0.4 0.00208863 -0.00427361 -0.00386551
0.41 0.00207998 -0.00427356 -0.00378468
0.42 0.00204438 -0.00427322 -0.00367329
0.43 0.00198291 -0.00427257 -0.00353265
0.44 0.00190044 -0.00427163 -0.00336089
0.45 0.0018027 -0.00427044 -0.00315785
0.46 0.0016949 -0.00426909 -0.00293002
0.47 0.00158367 -0.00426768 -0.00268804
0.48 0.00147388 -0.00426629 -0.00244013
0.49 0.00136636 -0.00426501 -0.00218994
0.5 0.0012635 -0.00426386 -0.00193937
0.51 0.0011703 -0.00426286 -0.00168963
0.52 0.0010879 -0.00426197 -0.00143837
0.53 0.00101593 -0.00426115 -0.00117919
0.54 0.00096042 -0.00426035 -0.000909295
0.55 0.000930912 -0.00425953 -0.000636438
0.56 0.000927514 -0.0042587 -0.000370697
0.57 0.000932787 -0.00425784 -0.000110885
0.58 0.000922622 -0.00425694 0.00015115
0.59 0.000886671 -0.004256 0.000415468
0.6 0.000832733 -0.00425504 0.000669095
0.61 0.000769319 -0.0042541 0.000893314
0.62 0.000694702 -0.0042532 0.00107467
0.63 0.000615996 -0.00425238 0.001209
0.64 0.000556681 -0.00425171 0.00129786
0.65 0.00052485 -0.00425125 0.0013462
0.66 0.000505406 -0.00425103 0.00135815
0.67 0.000489588 -0.00425108 0.00133222
0.68 0.000483483 -0.0042514 0.0012693
0.69 0.000492606 -0.00425193 0.00118034
0.7 0.000517216 -0.00425261 0.0010762
0.71 0.000557051 -0.00425335 0.000955202
0.72 0.00060538 -0.00425411 0.00080334
0.73 0.000645547 -0.00425485 0.000607599
0.74 0.00065905 -0.00425552 0.000374303
0.75 0.000633919 -0.00425611 0.000127874
0.76 0.000569782 -0.00425661 -0.000113647
0.77 0.000480778 -0.00425702 -0.000350451
0.78 0.000395836 -0.00425741 -0.000589679
0.79 0.000343748 -0.00425784 -0.000832436
0.8 0.000334985 -0.00425835 -0.00107184
0.81 0.000367497 -0.004259 -0.00130439
0.82 0.000439087 -0.00425986 -0.00153929
0.83 0.000546463 -0.00426095 -0.00178709
0.84 0.00068359 -0.00426226 -0.00204336
0.85 0.000851707 -0.00426376 -0.00229383
0.86 0.00105962 -0.00426536 -0.00252269
0.87 0.00129129 -0.00426697 -0.0027061
0.88 0.00150372 -0.00426841 -0.00281792
0.89 0.00168002 -0.00426956 -0.00285146
0.9 0.00184926 -0.00427035 -0.00282474
0.91 0.00204498 -0.0042708 -0.00275474
0.92 0.00225646 -0.0042709 -0.00262586
0.93 0.00244048 -0.00427062 -0.00239656
0.94 0.0025782 -0.00426997 -0.00204801
0.95 0.00268914 -0.00426906 -0.00162171
0.96 0.00280051 -0.004268 -0.0011938
0.97 0.00291222 -0.00426689 -0.000808023
0.98 0.0029857 -0.00426574 -0.000453919
0.99 0.00299087 -0.00426457 -0.000110307
1 0.00294003 -0.00426342 0.000215989
1.01 0.0028451 -0.00426232 0.000491481
1.02 0.00269927 -0.00426127 0.000686102
1.03 0.00252221 -0.0042603 0.000811847
1.04 0.00236484 -0.00425941 0.000926007
1.05 0.00225165 -0.00425857 0.00108235
1.06 0.00215697 -0.00425777 0.00129274
1.07 0.00205099 -0.00425696 0.00153697
1.08 0.00194846 -0.00425611 0.00178329
1.09 0.00187746 -0.00425524 0.00200991
1.1 0.00180987 -0.00425428 0.0022245
1.11 0.00168977 -0.00425314 0.00245444
1.12 0.00152313 -0.00425179 0.00271487
1.13 0.00137442 -0.00425034 0.00298247
1.14 0.00127934 -0.00424892 0.00319276
1.15 0.00124947 -0.0042478 0.00327085
1.16 0.00132246 -0.00424731 0.00317972
1.17 0.00151454 -0.0042477 0.00295606
1.18 0.00179771 -0.00424908 0.00269526
1.19 0.00212827 -0.00425138 0.00247794
1.2 0.00245468 -0.00425434 0.00231693
1.21 0.00273016 -0.00425755 0.00217738
1.22 0.0029185 -0.0042605 0.00202078
1.23 0.002994 -0.00426269 0.00182373
1.24 0.00295775 -0.00426381 0.00158083
1.25 0.00285629 -0.00426379 0.00129989
1.26 0.00276043 -0.00426289 0.000988661
1.27 0.00272081 -0.00426163 0.000652868
1.28 0.00276169 -0.00426064 0.00030175
1.29 0.00287734 -0.00426048 -5.12759e-005
1.3 0.00303914 -0.00426152 -0.00038453
1.31 0.00324499 -0.00426382 -0.000674375
1.32 0.00351286 -0.00426717 -0.000920924
1.33 0.00382544 -0.00427109 -0.00116028
1.34 0.00417091 -0.00427504 -0.00143653
1.35 0.00459336 -0.00427858 -0.0017442
1.36 0.00510678 -0.00428134 -0.00200735
1.37 0.00562928 -0.00428312 -0.00214619
1.38 0.00603736 -0.00428387 -0.00215553
1.39 0.00625257 -0.00428379 -0.00211708
1.4 0.00627108 -0.00428321 -0.0021415
1.41 0.00610403 -0.00428235 -0.00225263
1.42 0.00576751 -0.00428126 -0.00234519
1.43 0.00533482 -0.00427993 -0.00230224
1.44 0.00488006 -0.00427834 -0.00211065
1.45 0.00439199 -0.00427645 -0.00185753
1.46 0.0038006 -0.00427417 -0.00164553
1.47 0.00305426 -0.00427135 -0.00148442
1.48 0.00212619 -0.00426778 -0.00126644
1.49 0.000951921 -0.00426312 -0.000873983
1.5 -0.000531141 -0.00425709 -0.000282077
1.51 -0.0022187 -0.00424966 0.000454283
1.52 -0.00381631 -0.00424115 0.00127342
1.53 -0.00507799 -0.00423213 0.00215924
1.54 -0.005975 -0.00422325 0.00312304
1.55 -0.00658082 -0.0042153 0.00414588
1.56 -0.00693683 -0.00420902 0.00517612
1.57 -0.00706629 -0.00420495 0.00615655
1.58 -0.00702107 -0.00420319 0.00701421
1.59 -0.00688929 -0.00420347 0.00766101
1.6 -0.00679763 -0.00420509 0.00804842
1.61 -0.00686157 -0.00420708 0.00824453
1.62 -0.0070686 -0.00420844 0.00840355
1.63 -0.00721265 -0.0042087 0.00857579
1.64 -0.00696851 -0.00420824 0.00861476
1.65 -0.00610991 -0.00420811 0.00835008
1.66 -0.00466343 -0.00420951 0.00778291
1.67 -0.00283639 -0.00421352 0.00707356
1.68 -0.000847436 -0.0042208 0.00638279
1.69 0.00114887 -0.0042314 0.00574237
1.7 0.00303618 -0.00424454 0.00509666
1.71 0.00475429 -0.00425871 0.00442701
1.72 0.00634096 -0.00427218 0.00375686
1.73 0.00786059 -0.00428343 0.00307685
1.74 0.00931372 -0.00429152 0.0023283
1.75 0.0106732 -0.00429647 0.00143798
1.76 0.0119366 -0.00429931 0.000348549
1.77 0.0130694 -0.00430147 -0.000958275
1.78 0.0139439 -0.00430428 -0.00242736
1.79 0.0144548 -0.00430865 -0.00392523
1.8 0.0146627 -0.00431492 -0.00533238
1.81 0.0147216 -0.0043228 -0.00664031
1.82 0.0147386 -0.00433142 -0.00790804
1.83 0.0147399 -0.00433954 -0.00914964
1.84 0.0147082 -0.0043459 -0.0102893
1.85 0.014591 -0.00434953 -0.0111927
1.86 0.0142703 -0.00434989 -0.0117482
1.87 0.013684 -0.00434705 -0.0119449
1.88 0.0130326 -0.00434188 -0.0118701
1.89 0.0126391 -0.00433576 -0.0116343
1.9 0.0125111 -0.00432996 -0.0113078
1.91 0.0122926 -0.0043252 -0.0109098
1.92 0.0116402 -0.00432163 -0.0104305
1.93 0.0103947 -0.00431881 -0.00987206
1.94 0.0084826 -0.00431562 -0.00927543
1.95 0.00587785 -0.00431053 -0.00868799
1.96 0.00269849 -0.00430216 -0.00812795
1.97 -0.000759399 -0.00428982 -0.00758313
1.98 -0.00419408 -0.00427376 -0.00701937
1.99 -0.00746107 -0.00425509 -0.00640297
2 -0.0105526 -0.00423554 -0.00570512
2.01 -0.0134922 -0.00421698 -0.00487377
2.02 -0.0162519 -0.00420094 -0.00381821
2.03 -0.0187907 -0.00418812 -0.00244259
2.04 -0.0211178 -0.00417828 -0.000723382
2.05 -0.0231765 -0.00417051 0.00124914
2.06 -0.024801 -0.00416365 0.00332621
2.07 -0.0259473 -0.00415653 0.00538448
2.08 -0.0267999 -0.00414824 0.00735423
2.09 -0.0275721 -0.00413848 0.00918851
2.1 -0.0282988 -0.00412782 0.0108117
2.11 -0.0288552 -0.00411751 0.0121244
2.12 -0.0291553 -0.004109 0.0130654
2.13 -0.0292308 -0.00410352 0.0136323
2.14 -0.0291244 -0.00410186 0.0138698
2.15 -0.0287815 -0.00410424 0.0138595
2.16 -0.0280195 -0.00411038 0.0136831
2.17 -0.0266652 -0.0041196 0.0133669
2.18 -0.0247828 -0.00413092 0.0128545
2.19 -0.0226012 -0.00414327 0.0120697
2.2 -0.0201852 -0.00415593 0.0110151
2.21 -0.0174141 -0.0041687 0.00977872
2.22 -0.014236 -0.00418171 0.00846366
2.23 -0.0107558 -0.00419531 0.00712761
2.24 -0.00711058 -0.00421 0.00575591
2.25 -0.0033755 -0.00422628 0.00427718
2.26 0.000369606 -0.00424438 0.00260569
2.27 0.00404585 -0.00426417 0.000680549
2.28 0.00769341 -0.00428526 -0.00149737
2.29 0.011398 -0.00430712 -0.00386491
2.3 0.01513 -0.00432909 -0.00633961
2.31 0.018793 -0.00435059 -0.00883468
2.32 0.0223251 -0.00437124 -0.0112408
2.33 0.025667 -0.00439044 -0.0134403
2.34 0.0287156 -0.0044077 -0.0153543
2.35 0.0313492 -0.00442272 -0.0169571
2.36 0.0334785 -0.00443514 -0.0182477
2.37 0.0350223 -0.00444459 -0.0192257
2.38 0.0359226 -0.0044507 -0.0198842
2.39 0.0362823 -0.00445333 -0.0202054
2.4 0.0363006 -0.00445262 -0.0201397
2.41 0.0360712 -0.00444876 -0.0195854
2.42 0.0356096 -0.00444214 -0.0184476
2.43 0.0348743 -0.0044332 -0.0167658
2.44 0.0336629 -0.00442228 -0.0147482
2.45 0.0317309 -0.0044095 -0.0126266
2.46 0.02905 -0.00439483 -0.0105001
2.47 0.0257985 -0.00437812 -0.0083363
2.48 0.0221497 -0.0043592 -0.00607596
2.49 0.0181618 -0.00433798 -0.00370349
2.5 0.0137946 -0.00431455 -0.00124063
2.51 0.00900177 -0.00428918 0.00127066
2.52 0.00380823 -0.0042624 0.00375165
2.53 -0.0017031 -0.00423484 0.0061091
2.54 -0.00738401 -0.00420721 0.00828786
2.55 -0.0130144 -0.00418024 0.0102778
2.56 -0.0183753 -0.00415465 0.0120884
2.57 -0.0233162 -0.00413113 0.0137111
2.58 -0.0277727 -0.00411026 0.0151042
2.59 -0.031763 -0.00409243 0.0162366
2.6 -0.0353455 -0.00407766 0.0171249
2.61 -0.0385363 -0.00406576 0.0177857
2.62 -0.0412686 -0.00405655 0.0181808
2.63 -0.0434271 -0.00404984 0.0182635
2.64 -0.0449837 -0.0040454 0.0180751
2.65 -0.0461161 -0.00404279 0.017751
2.66 -0.047045 -0.00404152 0.0174088
2.67 -0.0477895 -0.00404136 0.0170235
2.68 -0.0481599 -0.00404244 0.0164323
2.69 -0.0479361 -0.00404515 0.0154874
2.7 -0.0470614 -0.00404992 0.0141876
2.71 -0.0456251 -0.00405706 0.0126799
2.72 -0.0436487 -0.0040669 0.0111668
2.73 -0.0409737 -0.00407987 0.00975921
2.74 -0.0374341 -0.0040964 0.00836462
2.75 -0.0330883 -0.00411664 0.00676103
2.76 -0.0281469 -0.00414032 0.00482739
2.77 -0.0227928 -0.00416689 0.00261719
2.78 -0.0171676 -0.00419564 0.000182339
2.79 -0.0113459 -0.00422593 -0.00252683
2.8 -0.00528421 -0.00425722 -0.00551654
2.81 0.00100448 -0.00428893 -0.00862552
2.82 0.00730351 -0.0043203 -0.0116045
2.83 0.0133319 -0.00435055 -0.0142667
2.84 0.0189 -0.00437898 -0.0165699
2.85 0.0239633 -0.00440499 -0.018565
2.86 0.0285458 -0.00442804 -0.0203137
2.87 0.0326415 -0.00444776 -0.0218953
2.88 0.0362813 -0.00446421 -0.0233685
2.89 0.0395735 -0.00447777 -0.0246751
2.9 0.0425773 -0.00448874 -0.0256683
2.91 0.0452464 -0.0044976 -0.0262612
2.92 0.0475071 -0.00450492 -0.0265036
2.93 0.0492807 -0.00451101 -0.0264894
2.94 0.0504781 -0.00451572 -0.0262311
2.95 0.0510337 -0.00451849 -0.0256719
2.96 0.0508982 -0.00451852 -0.024766
2.97 0.049974 -0.00451477 -0.0234688
2.98 0.0481169 -0.00450604 -0.0216859
2.99 0.0452663 -0.00449134 -0.0193131
3 0.041564 -0.0044703 -0.0163185
3.01 0.0372941 -0.00444329 -0.0127645
3.02 0.0327112 -0.00441134 -0.00875536
3.03 0.0279581 -0.004376 -0.0043685
3.04 0.0230461 -0.00433897 0.000340812
3.05 0.0178668 -0.00430183 0.00524714
3.06 0.0123157 -0.00426578 0.0101404
3.07 0.00645998 -0.00423151 0.0148764
3.08 0.000542965 -0.0041991 0.0194436
3.09 -0.00524699 -0.0041682 0.0238524
3.1 -0.0109271 -0.00413817 0.0280515
3.11 -0.0165354 -0.00410857 0.031907
3.12 -0.0218736 -0.00407961 0.0352546
3.13 -0.0265567 -0.00405221 0.0380086
3.14 -0.0303685 -0.00402765 0.0401644
3.15 -0.0334662 -0.00400719 0.041733
3.16 -0.0361902 -0.00399173 0.0427312
3.17 -0.0388463 -0.00398157 0.0431701
3.18 -0.0415815 -0.00397621 0.0430505
3.19 -0.0442288 -0.00397462 0.0424006
3.2 -0.0463877 -0.00397559 0.0412961
3.21 -0.0477971 -0.00397799 0.0398455
3.22 -0.0485298 -0.00398099 0.0381575
3.23 -0.0488086 -0.00398433 0.0362772
3.24 -0.0487696 -0.00398845 0.0341577
3.25 -0.0484299 -0.00399424 0.0316926
3.26 -0.0477133 -0.00400286 0.0287169
3.27 -0.046397 -0.00401561 0.0250313
3.28 -0.0441878 -0.00403377 0.020522
3.29 -0.0409654 -0.00405816 0.0152664
3.3 -0.0368707 -0.00408882 0.00953145
3.31 -0.0321387 -0.00412501 0.00368351
3.32 -0.026902 -0.00416536 -0.00193434
3.33 -0.0212418 -0.00420793 -0.00709757
3.34 -0.015413 -0.00425028 -0.0117259
3.35 -0.00978067 -0.00428984 -0.015847
3.36 -0.0044909 -0.00432463 -0.0195662
3.37 0.00061348 -0.00435386 -0.0230354
3.38 0.00581812 -0.00437797 -0.0263615
3.39 0.0113542 -0.00439849 -0.0295198
3.4 0.0172054 -0.00441753 -0.0323757
3.41 0.023023 -0.00443702 -0.0347815
3.42 0.0283531 -0.00445812 -0.0366504
3.43 0.0329653 -0.00448097 -0.0379806
3.44 0.0368991 -0.00450454 -0.0388292
3.45 0.0402694 -0.00452683 -0.0392444
3.46 0.0430974 -0.00454539 -0.0392435
3.47 0.0452928 -0.00455785 -0.0388318
3.48 0.0467468 -0.00456262 -0.0379862
3.49 0.0474117 -0.00455921 -0.0366391
3.5 0.0472337 -0.00454818 -0.0347023
3.51 0.0461035 -0.00453068 -0.0321104
3.52 0.0440628 -0.00450833 -0.0288731
3.53 0.0414218 -0.00448311 -0.0251086
3.54 0.0385058 -0.00445685 -0.0210032
3.55 0.0353735 -0.00443076 -0.0167388
3.56 0.0317867 -0.00440518 -0.0124482
3.57 0.0274451 -0.00437971 -0.00819576
3.58 0.0222646 -0.00435343 -0.00397474
3.59 0.0164476 -0.00432526 0.000288898
3.6 0.0104037 -0.00429436 0.00468718
3.61 0.00456143 -0.00426062 0.00923164
3.62 -0.000898874 -0.00422463 0.0138133
3.63 -0.00613111 -0.00418758 0.0182627
3.64 -0.0113796 -0.00415096 0.0224597
3.65 -0.0166908 -0.00411629 0.0263887
3.66 -0.0219079 -0.00408482 0.0300774
3.67 -0.0268684 -0.00405713 0.0335477
3.68 -0.0314933 -0.00403313 0.0368131
3.69 -0.0357225 -0.00401233 0.0397822
3.7 -0.0395019 -0.00399435 0.0421883
3.71 -0.0428092 -0.00397901 0.0437122
3.72 -0.0455782 -0.00396662 0.0441308
3.73 -0.0476691 -0.003958 0.0433923
3.74 -0.0489799 -0.00395418 0.0416616
3.75 -0.0494878 -0.00395619 0.0392092
3.76 -0.0491982 -0.00396472 0.0362176
3.77 -0.0481041 -0.00398 0.0327728
3.78 -0.0462064 -0.00400156 0.028949
3.79 -0.0435684 -0.00402821 0.0248019
3.8 -0.0402944 -0.00405836 0.0203513
3.81 -0.036481 -0.00409036 0.0156534
3.82 -0.0322466 -0.00412259 0.0108934
3.83 -0.0277044 -0.00415373 0.0063548
3.84 -0.0228851 -0.00418319 0.00217151
3.85 -0.0178028 -0.00421125 -0.0018733
3.86 -0.0125346 -0.0042388 -0.00609889
3.87 -0.00719566 -0.00426674 -0.0105603
3.88 -0.00190094 -0.00429574 -0.015082
3.89 0.00324693 -0.00432615 -0.0195014
3.9 0.00811822 -0.00435776 -0.023774
3.91 0.0124838 -0.00438956 -0.0278822
3.92 0.0160354 -0.00441967 -0.0316888
3.93 0.0186124 -0.00444576 -0.0349529
3.94 0.0203819 -0.00446583 -0.0374681
3.95 0.0216714 -0.00447854 -0.039088
3.96 0.0227285 -0.00448345 -0.0396942
3.97 0.0237038 -0.00448123 -0.0392659
3.98 0.024735 -0.00447364 -0.0379053
3.99 0.0259494 -0.00446311 -0.0357458
4 0.0272872 -0.00445194 -0.0328899
4.01 0.0283919 -0.00444151 -0.0294107
4.02 0.0288924 -0.00443214 -0.0254265
4.03 0.0286603 -0.00442331 -0.0211934
4.04 0.0276526 -0.0044137 -0.0170298
4.05 0.0258074 -0.00440157 -0.0131661
4.06 0.023243 -0.00438555 -0.00969403
4.07 0.0202633 -0.00436515 -0.00655886
4.08 0.0170415 -0.00434086 -0.00356241
4.09 0.0135413 -0.00431369 -0.000403629
4.1 0.00974814 -0.004285 0.00321231
4.11 0.00574428 -0.00425612 0.00743522
4.12 0.00167864 -0.00422799 0.0122084
4.13 -0.00217967 -0.00420112 0.017314
4.14 -0.00559092 -0.00417562 0.0224636
4.15 -0.00857971 -0.00415124 0.0273566
4.16 -0.0113535 -0.00412773 0.0317067
4.17 -0.0141079 -0.00410523 0.0352692
4.18 -0.0169132 -0.00408429 0.0378926
4.19 -0.0196644 -0.00406575 0.0395893
4.2 -0.0221828 -0.00405059 0.0405232
4.21 -0.0243142 -0.00403987 0.0408702
4.22 -0.0258754 -0.00403446 0.040704
4.23 -0.0267332 -0.00403477 0.0400367
4.24 -0.0269146 -0.00404057 0.0389131
4.25 -0.0264049 -0.00405105 0.0374367
4.26 -0.0250687 -0.00406514 0.0357327
4.27 -0.0228879 -0.00408164 0.0338825
4.28 -0.0199831 -0.00409943 0.0319032
4.29 -0.0164958 -0.00411776 0.0297867
4.3 -0.0127108 -0.00413622 0.0274969
4.31 -0.00906815 -0.00415465 0.024914
4.32 -0.0058537 -0.00417327 0.0218572
4.33 -0.00304215 -0.00419261 0.0181986
4.34 -0.000448125 -0.00421324 0.0139743
4.35 0.00214578 -0.0042355 0.00940008
4.36 0.00494032 -0.00425961 0.00473064
4.37 0.00801673 -0.00428556 9.8123e-005
4.38 0.0112727 -0.00431296 -0.00446003
4.39 0.0144169 -0.00434075 -0.00884479
4.4 0.0170741 -0.00436718 -0.0128406
4.41 0.0190519 -0.00439022 -0.0162301
4.42 0.0204455 -0.00440816 -0.0189287
4.43 0.0215208 -0.00442003 -0.0209965
4.44 0.0226296 -0.00442598 -0.0225388
4.45 0.024032 -0.00442728 -0.0236189
4.46 0.0256161 -0.00442583 -0.024289
4.47 0.0269607 -0.00442377 -0.0246751
4.48 0.0277218 -0.0044229 -0.0249237
4.49 0.0277962 -0.00442407 -0.0250362
4.5 0.0271982 -0.00442669 -0.024841
4.51 0.0260531 -0.00442907 -0.0241471
4.52 0.0246475 -0.00442908 -0.0228673
4.53 0.0231912 -0.00442465 -0.0209744
4.54 0.0216364 -0.00441413 -0.0184059
4.55 0.0198569 -0.00439683 -0.0151172
4.56 0.0177394 -0.0043733 -0.0112238
4.57 0.015149 -0.00434505 -0.00699009
4.58 0.0120852 -0.00431423 -0.00267859
4.59 0.0088425 -0.00428335 0.00152668
4.6 0.00589151 -0.00425497 0.00549123
4.61 0.00350741 -0.00423112 0.00912484
4.62 0.00153185 -0.00421266 0.0124277
4.63 -0.000348592 -0.00419934 0.0154677
4.64 -0.00213272 -0.0041903 0.0182659
4.65 -0.00352085 -0.00418447 0.0207127
4.66 -0.0043444 -0.00418069 0.0225873
4.67 -0.00476234 -0.00417787 0.023699
4.68 -0.00506187 -0.00417528 0.0240437
4.69 -0.00539084 -0.00417277 0.0237914
4.7 -0.00562942 -0.00417087 0.0231421
4.71 -0.00547023 -0.00417062 0.0222342
4.72 -0.00472637 -0.00417315 0.0211188
4.73 -0.00351278 -0.00417929 0.0197153
4.74 -0.00202952 -0.00418955 0.0178577
4.75 -0.000342274 -0.00420401 0.0154418
4.76 0.00162933 -0.0042223 0.0124778
4.77 0.00410178 -0.00424389 0.00905197
4.78 0.00723354 -0.00426809 0.00529036
4.79 0.0108212 -0.00429399 0.00132658
4.8 0.0144227 -0.00432044 -0.00270324
4.81 0.0176949 -0.00434636 -0.00668489
4.82 0.0204334 -0.0043707 -0.0105928
4.83 0.0225919 -0.00439253 -0.0144159
4.84 0.0244635 -0.00441127 -0.0179747
4.85 0.0264875 -0.00442683 -0.0209926
4.86 0.0285888 -0.00443929 -0.0233833
4.87 0.0300881 -0.00444864 -0.0253339
4.88 0.0304891 -0.00445503 -0.0271179
4.89 0.029953 -0.00445884 -0.0288454
4.9 0.0289563 -0.00446034 -0.0303758
4.91 0.0277999 -0.00445956 -0.0315217
4.92 0.0265522 -0.00445672 -0.0323171
4.93 0.0252649 -0.0044525 -0.0330061
4.94 0.0239202 -0.0044477 -0.0337966
4.95 0.0222361 -0.00444268 -0.0346969
4.96 0.0198822 -0.00443726 -0.035517
4.97 0.016853 -0.00443085 -0.0359336
4.98 0.0133429 -0.00442245 -0.0356334
4.99 0.00935757 -0.0044107 -0.0345348
5 0.00483236 -0.00439443 -0.0328945
5.01 1.35851e-005 -0.00437345 -0.0311014
5.02 -0.00469141 -0.00434846 -0.0293245
5.03 -0.00907545 -0.00432069 -0.0274214
5.04 -0.0130831 -0.004292 -0.0251874
5.05 -0.016715 -0.00426456 -0.0226047
5.06 -0.0201902 -0.00424014 -0.0198614
5.07 -0.0238041 -0.00421962 -0.0172522
5.08 -0.0274845 -0.00420323 -0.015052
5.09 -0.0308326 -0.00419067 -0.0134111
5.1 -0.0335478 -0.00418121 -0.0123558
5.11 -0.0354613 -0.00417421 -0.0118179
5.12 -0.0363105 -0.00416964 -0.0116745
5.13 -0.0359569 -0.00416809 -0.011827
5.14 -0.0347757 -0.00417003 -0.0121996
5.15 -0.033397 -0.0041754 -0.0126601
5.16 -0.032093 -0.00418379 -0.0130899
5.17 -0.0307686 -0.00419454 -0.0135338
5.18 -0.0293072 -0.00420659 -0.0141716
5.19 -0.0275464 -0.00421895 -0.0152012
5.2 -0.0250513 -0.00423152 -0.0167369
5.21 -0.0212854 -0.0042452 -0.0186638
5.22 -0.016121 -0.00426115 -0.0205421
5.23 -0.00987499 -0.00428032 -0.0217438
5.24 -0.00295527 -0.00430314 -0.0217685
5.25 0.00422816 -0.004329 -0.0204373
5.26 0.0113234 -0.00435597 -0.0178336
5.27 0.0182108 -0.00438117 -0.0141384
5.28 0.0248682 -0.00440133 -0.00953914
5.29 0.0311165 -0.00441356 -0.00424719
5.3 0.0368126 -0.00441642 0.00146494
5.31 0.04208 -0.00441057 0.00730373
5.32 0.0470499 -0.00439827 0.0130712
5.33 0.0516618 -0.00438284 0.0187473
5.34 0.0558296 -0.00436791 0.024455
5.35 0.0596554 -0.00435658 0.0303766
5.36 0.0634008 -0.00435074 0.0366889
5.37 0.0670543 -0.00435022 0.0434022
5.38 0.0700473 -0.00435263 0.0502197
5.39 0.0717529 -0.0043542 0.0567595
5.4 0.0721035 -0.00435092 0.0628878
5.41 0.0714716 -0.00433969 0.068655
5.42 0.0701676 -0.00431914 0.0739662
5.43 0.0680884 -0.00428992 0.0784267
5.44 0.0647793 -0.00425464 0.0815598
5.45 0.0599718 -0.00421728 0.0831747
5.46 0.0539437 -0.00418222 0.0833937
5.47 0.0472661 -0.00415349 0.082365
5.48 0.04045 -0.00413392 0.0801257
5.49 0.0338446 -0.00412457 0.0766776
5.5 0.0274601 -0.00412457 0.0720294
5.51 0.0208939 -0.00413126 0.0661664
5.52 0.0138165 -0.00414114 0.0590607
5.53 0.00629514 -0.0041509 0.0507468
5.54 -0.00155018 -0.00415786 0.0413622
5.55 -0.00973295 -0.00416053 0.0310397
5.56 -0.0182593 -0.00415924 0.0197658
5.57 -0.0271396 -0.00415582 0.00748946
5.58 -0.0364058 -0.00415277 -0.00559993
5.59 -0.0460147 -0.00415255 -0.0190367
5.6 -0.0558666 -0.00415684 -0.0323604
5.61 -0.0658793 -0.0041659 -0.0453324
5.62 -0.0758373 -0.00417868 -0.0578505
5.63 -0.0851569 -0.00419322 -0.0697556
5.64 -0.0930491 -0.00420813 -0.0808067
5.65 -0.0990385 -0.00422192 -0.090806
5.66 -0.103265 -0.00423339 -0.0996405
5.67 -0.106267 -0.00424257 -0.107183
5.68 -0.10843 -0.00424964 -0.113223
5.69 -0.109609 -0.0042555 -0.117559
5.7 -0.109297 -0.00426143 -0.120138
5.71 -0.107087 -0.00426876 -0.121049
5.72 -0.102879 -0.00427861 -0.120382
5.73 -0.0966389 -0.00429173 -0.1181
5.74 -0.0880933 -0.00430869 -0.114065
5.75 -0.0767604 -0.00433021 -0.108211
5.76 -0.0623304 -0.00435696 -0.100668
5.77 -0.0449684 -0.00438928 -0.0917214
5.78 -0.0252935 -0.00442693 -0.0816957
5.79 -0.00433487 -0.00446874 -0.0709232
5.8 0.0165042 -0.00451226 -0.0597305
5.81 0.035894 -0.00455397 -0.0483929
5.82 0.0534758 -0.00459069 -0.0371325
5.83 0.0701479 -0.00462085 -0.0261351
5.84 0.0869907 -0.00464431 -0.0154867
5.85 0.104055 -0.00466216 -0.00504453
5.86 0.120459 -0.00467624 0.00554248
5.87 0.135274 -0.0046884 0.0165579
5.88 0.14795 -0.0046999 0.0279694
5.89 0.158351 -0.00471029 0.0395045
5.9 0.166682 -0.0047177 0.0509127
5.91 0.173134 -0.00471927 0.0620791
5.92 0.177747 -0.00471184 0.0729695
5.93 0.180589 -0.00469324 0.0836146
5.94 0.181642 -0.0046626 0.0941511
5.95 0.180562 -0.00462025 0.10471
5.96 0.176682 -0.00456747 0.115174
5.97 0.169413 -0.00450632 0.125141
5.98 0.158615 -0.00443898 0.134122
5.99 0.14443 -0.00436709 0.141701
6 0.126701 -0.00429099 0.147546
6.01 0.10479 -0.00420949 0.1514
6.02 0.0781212 -0.00412036 0.153188
6.03 0.0466012 -0.004021 0.153181
6.04 0.0106096 -0.00390901 0.151861
6.05 -0.0289506 -0.00378354 0.149478
6.06 -0.0707326 -0.00364631 0.145798
6.07 -0.113157 -0.00350232 0.140295
6.08 -0.154555 -0.00335963 0.132453
6.09 -0.193512 -0.00322815 0.121908
6.1 -0.229103 -0.00311768 0.10853
6.11 -0.260542 -0.00303738 0.0924986
6.12 -0.286896 -0.00299386 0.0743179
6.13 -0.307265 -0.00298886 0.0546922
6.14 -0.320732 -0.00302069 0.0343475
6.15 -0.326208 -0.00308528 0.013975
6.16 -0.322812 -0.0031771 -0.00577995
6.17 -0.310304 -0.00329097 -0.0244094
6.18 -0.289062 -0.00342295 -0.0415652
6.19 -0.260087 -0.00357023 -0.0569027
6.2 -0.224985 -0.0037302 -0.0699229
6.21 -0.185302 -0.00390016 -0.0800776
6.22 -0.141726 -0.00407779 -0.0870959
6.23 -0.0941224 -0.00426131 -0.0912003
6.24 -0.0424647 -0.00444886 -0.0929641
6.25 0.0121949 -0.00463902 -0.0929073
6.26 0.067417 -0.00482884 -0.0912317
6.27 0.119869 -0.00501216 -0.0879144
6.28 0.166591 -0.0051812 -0.0829232
6.29 0.206367 -0.0053274 -0.0762819
6.3 0.240069 -0.00544438 -0.0680277
6.31 0.269171 -0.00552863 -0.0582471
6.32 0.293825 -0.0055788 -0.0472619
6.33 0.312533 -0.00559591 -0.0358089
6.34 0.323065 -0.00558253 -0.0249346
6.35 0.323657 -0.00554191 -0.0155984
6.36 0.314061 -0.00547902 -0.00837967
6.37 0.296224 -0.00539925 -0.00352
6.38 0.27378 -0.00530729 -0.00108269
6.39 0.249718 -0.00520895 -0.00102776
6.4 0.224501 -0.00510955 -0.0032035
6.41 0.197202 -0.00501295 -0.00725345
6.42 0.16754 -0.00492212 -0.0124604
6.43 0.136008 -0.00483754 -0.0176696
6.44 0.103328 -0.00475618 -0.021489
6.45 0.070572 -0.00467276 -0.022738
6.46 0.0391008 -0.00458167 -0.0207734
6.47 0.00973467 -0.00447824 -0.0154941
6.48 -0.017865 -0.00435948 -0.0072205
6.49 -0.0446693 -0.00422508 0.00346293
6.5 -0.0713305 -0.00407734 0.0158391
6.51 -0.0979043 -0.00392225 0.0290166
6.52 -0.124315 -0.00376744 0.0419443
6.53 -0.150987 -0.00361977 0.0536447
6.54 -0.178741 -0.00348347 0.0633517
6.55 -0.207681 -0.00336136 0.0704995
6.56 -0.236526 -0.0032552 0.0747763
6.57 -0.263144 -0.00316564 0.0761843
6.58 -0.28535 -0.00309455 0.0750289
6.59 -0.301577 -0.00304372 0.0718871
6.6 -0.311382 -0.00301473 0.0674602
6.61 -0.315247 -0.00300951 0.0622711
6.62 -0.313885 -0.00302975 0.0564369
6.63 -0.307875 -0.00307519 0.0496638
6.64 -0.297565 -0.00314424 0.0414772
6.65 -0.283091 -0.00323394 0.0315747
6.66 -0.264683 -0.00334036 0.0199993
6.67 -0.242765 -0.00345981 0.00708841
6.68 -0.217587 -0.00358971 -0.00666194
6.69 -0.188906 -0.00372927 -0.020695
6.7 -0.156218 -0.00387913 -0.034295
6.71 -0.119393 -0.00404 -0.0464595
6.72 -0.0790683 -0.00421128 -0.0561014
6.73 -0.0361829 -0.00438992 -0.0625513
6.74 0.00876674 -0.0045728 -0.0659445
6.75 0.0555993 -0.00475645 -0.0672063
6.76 0.104056 -0.00493649 -0.0675818
6.77 0.153859 -0.00511038 -0.0680345
6.78 0.20457 -0.00527753 -0.0690909
6.79 0.255155 -0.00543968 -0.0710863
6.8 0.303864 -0.00560177 -0.0743701
6.81 0.348731 -0.00576683 -0.0792776
6.82 0.388215 -0.00593261 -0.0859846
6.83 0.421103 -0.00609394 -0.0944217
6.84 0.446009 -0.00624271 -0.10425
6.85 0.461548 -0.00636899 -0.114857
6.86 0.467187 -0.00646166 -0.125382
6.87 0.463409 -0.0065103 -0.134786
6.88 0.450839 -0.00650731 -0.142026
6.89 0.429561 -0.00644823 -0.146259
6.9 0.399382 -0.00633311 -0.146944
6.91 0.360782 -0.00616693 -0.143966
6.92 0.315275 -0.00595943 -0.137842
6.93 0.264392 -0.00572323 -0.129718
6.94 0.208633 -0.00547058 -0.120912
6.95 0.147789 -0.00521123 -0.112288
6.96 0.0821974 -0.00495172 -0.104048
6.97 0.0133415 -0.00469559 -0.0960824
6.98 -0.0566794 -0.00444316 -0.0883962
6.99 -0.125952 -0.00419208 -0.0812028
7 -0.192732 -0.00394322 -0.0746356
7.01 -0.254653 -0.00370468 -0.0685318
7.02 -0.308859 -0.00348199 -0.0625831
7.03 -0.35341 -0.00328156 -0.0564737
7.04 -0.38837 -0.00311301 -0.0497146
7.05 -0.415735 -0.00297977 -0.0414613
7.06 -0.437887 -0.00288152 -0.0306889
7.07 -0.455725 -0.00281306 -0.0166067
7.08 -0.468672 -0.00276383 0.00109906
7.09 -0.475978 -0.00272157 0.0223003
7.1 -0.47755 -0.00267494 0.046516
7.11 -0.473795 -0.00261745 0.07287
7.12 -0.46505 -0.00255014 0.100102
7.13 -0.451571 -0.00248076 0.126826
7.14 -0.433794 -0.00242098 0.151839
7.15 -0.41218 -0.0023841 0.174204
7.16 -0.386895 -0.00238201 0.193179
7.17 -0.357788 -0.00242289 0.208277
7.18 -0.324506 -0.00250949 0.219388
7.19 -0.28656 -0.00263926 0.226664
7.2 -0.243547 -0.00280559 0.230292
7.21 -0.195277 -0.00300055 0.230427
7.22 -0.14144 -0.00321646 0.227265
7.23 -0.081624 -0.00344849 0.221083
7.24 -0.015962 -0.00369565 0.212222
7.25 0.0544205 -0.00395886 0.201046
7.26 0.127623 -0.00424005 0.187878
7.27 0.201631 -0.00453788 0.172916
7.28 0.274666 -0.00484992 0.156121
7.29 0.345012 -0.00517277 0.137169
7.3 0.411086 -0.00549611 0.115638
7.31 0.471972 -0.00580942 0.0913367
7.32 0.527242 -0.00609922 0.0644321
7.33 0.575507 -0.00635838 0.0353906
7.34 0.613581 -0.00657853 0.00485298
7.35 0.637817 -0.00675062 -0.0264668
7.36 0.646355 -0.00688297 -0.0578516
7.37 0.639954 -0.00697081 -0.0886496
7.38 0.620642 -0.00700499 -0.118256
7.39 0.589823 -0.0069854 -0.146058
7.4 0.548161 -0.00691242 -0.171537
7.41 0.496724 -0.00679111 -0.194442
7.42 0.437529 -0.00663011 -0.214743
7.43 0.372788 -0.00644012 -0.232483
7.44 0.303407 -0.00623072 -0.247747
7.45 0.228773 -0.00600873 -0.260674
7.46 0.148243 -0.00577675 -0.271348
7.47 0.0626858 -0.00553224 -0.279623
7.48 -0.0251859 -0.00527533 -0.285059
7.49 -0.11176 -0.00500591 -0.287188
7.5 -0.193917 -0.00472295 -0.285962
7.51 -0.269597 -0.00443359 -0.281869
7.52 -0.337171 -0.00414776 -0.275534
7.53 -0.395039 -0.00387907 -0.267265
7.54 -0.442036 -0.00364387 -0.257032
7.55 -0.477966 -0.00345563 -0.244799
7.56 -0.504106 -0.00331813 -0.230753
7.57 -0.522762 -0.00322696 -0.215201
7.58 -0.535281 -0.00317422 -0.198285
7.59 -0.540652 -0.00314886 -0.179821
7.6 -0.536746 -0.00313849 -0.159493
7.61 -0.5227 -0.00313437 -0.137098
7.62 -0.499887 -0.00313339 -0.112546
7.63 -0.470827 -0.00313469 -0.085692
7.64 -0.437342 -0.00314144 -0.0562184
7.65 -0.399794 -0.00315867 -0.0237737
7.66 -0.357359 -0.00319146 0.0117291
7.67 -0.308849 -0.00324329 0.0499398
7.68 -0.254187 -0.00331437 0.0901012
7.69 -0.195016 -0.00339964 0.131198
7.7 -0.133456 -0.00349395 0.17214
7.71 -0.0705821 -0.00359536 0.211941
7.72 -0.00658521 -0.00370303 0.249812
7.73 0.057977 -0.00381469 0.285117
7.74 0.121848 -0.00392896 0.317289
7.75 0.183951 -0.00404502 0.345807
7.76 0.243936 -0.00415414 0.370231
7.77 0.301639 -0.00425281 0.390168
7.78 0.356173 -0.00434674 0.405057
7.79 0.405607 -0.00444413 0.414061
7.8 0.447705 -0.0045551 0.416341
7.81 0.481038 -0.00468117 0.411346
7.82 0.505776 -0.00481511 0.398831
7.83 0.523829 -0.00494473 0.378803
7.84 0.537704 -0.00506552 0.351525
7.85 0.548924 -0.00518326 0.317564
7.86 0.557701 -0.00530386 0.277848
7.87 0.563585 -0.00543611 0.233509
7.88 0.565634 -0.00558684 0.185613
7.89 0.562248 -0.0057551 0.135145
7.9 0.551319 -0.00593294 0.0831961
7.91 0.530696 -0.00610483 0.0310163
7.92 0.499054 -0.00624916 -0.0201634
7.93 0.45657 -0.00634425 -0.069406
7.94 0.404754 -0.00637403 -0.116237
7.95 0.345411 -0.0063311 -0.160617
7.96 0.279728 -0.00621893 -0.202767
7.97 0.208395 -0.00604852 -0.242951
7.98 0.13212 -0.00583504 -0.281301
7.99 0.0521993 -0.00560996 -0.317605
8 -0.0291959 -0.00539876 -0.351173
8.01 -0.109831 -0.00521038 -0.380943
8.02 -0.18863 -0.00504677 -0.40569
8.03 -0.265625 -0.00489494 -0.42423
8.04 -0.340468 -0.00473052 -0.435695
8.05 -0.411485 -0.00452931 -0.439694
8.06 -0.476676 -0.00428784 -0.436281
8.07 -0.53526 -0.00401054 -0.425888
8.08 -0.587553 -0.0037075 -0.409202
8.09 -0.633412 -0.00339871 -0.386954
8.1 -0.671394 -0.00310239 -0.359814
8.11 -0.699491 -0.00284191 -0.328555
8.12 -0.715974 -0.00263529 -0.294215
8.13 -0.719561 -0.00249125 -0.257942
8.14 -0.709531 -0.00241895 -0.220595
8.15 -0.685917 -0.00242061 -0.182359
8.16 -0.649515 -0.00248754 -0.142777
8.17 -0.601685 -0.00260469 -0.101255
8.18 -0.544015 -0.00275425 -0.0575909
8.19 -0.478068 -0.00291978 -0.0121135
8.2 -0.405537 -0.00308749 0.0345256
8.21 -0.328396 -0.0032475 0.0815771
8.22 -0.248737 -0.00338925 0.128328
8.23 -0.168667 -0.00348741 0.174206
8.24 -0.0901828 -0.00355444 0.218828
8.25 -0.0148205 -0.00362616 0.261954
8.26 0.0564984 -0.00370652 0.303362
8.27 0.12309 -0.00379379 0.342739
8.28 0.184204 -0.00388416 0.379713
8.29 0.239273 -0.00397186 0.413939
8.3 0.28796 -0.00405046 0.44515
8.31 0.329685 -0.00410721 0.473156
8.32 0.363546 -0.00412083 0.497805
8.33 0.388933 -0.00409408 0.518858
8.34 0.405882 -0.00404688 0.535824
8.35 0.414735 -0.00399201 0.547886
8.36 0.415737 -0.00394101 0.554032
8.37 0.408877 -0.00389746 0.55333
8.38 0.394099 -0.00385826 0.545251
8.39 0.371773 -0.00383182 0.529848
8.4 0.342709 -0.00382346 0.50763
8.41 0.307565 -0.00382775 0.479359
8.42 0.266599 -0.00384149 0.445929
8.43 0.220009 -0.00385718 0.408267
8.44 0.168142 -0.00386872 0.3673
8.45 0.111452 -0.00386864 0.323981
8.46 0.0505209 -0.00385066 0.279194
8.47 -0.0137293 -0.00381319 0.233574
8.48 -0.0800623 -0.00375789 0.187433
8.49 -0.147431 -0.00368806 0.140708
8.5 -0.215278 -0.00359001 0.0930122
8.51 -0.282956 -0.00344659 0.0439383
8.52 -0.348905 -0.00330509 -0.00662434
8.53 -0.410742 -0.00320169 -0.0583846
8.54 -0.466223 -0.00313047 -0.110615
8.55 -0.513998 -0.00309789 -0.162229
8.56 -0.553823 -0.00309958 -0.211974
8.57 -0.586224 -0.00313215 -0.258558
8.58 -0.611662 -0.00318907 -0.300765
8.59 -0.630057 -0.00325876 -0.337596
8.6 -0.641358 -0.00333185 -0.368315
8.61 -0.646341 -0.00339663 -0.392407
8.62 -0.646393 -0.00343928 -0.409566
8.63 -0.642659 -0.00346425 -0.419678
8.64 -0.635814 -0.0034812 -0.422735
8.65 -0.626338 -0.00348891 -0.41885
8.66 -0.614471 -0.00348595 -0.408337
8.67 -0.5999 -0.00347862 -0.391694
8.68 -0.581663 -0.00347513 -0.369478
8.69 -0.5586 -0.00347944 -0.342174
8.7 -0.530073 -0.00349629 -0.310208
8.71 -0.496114 -0.00352718 -0.274113
8.72 -0.456683 -0.00357292 -0.234611
8.73 -0.411054 -0.0036342 -0.192492
8.74 -0.358442 -0.00371229 -0.148387
8.75 -0.299109 -0.00380728 -0.102688
8.76 -0.234581 -0.00391752 -0.0557401
8.77 -0.166815 -0.0040395 -0.00812526
8.78 -0.0969077 -0.00414949 0.0391581
8.79 -0.0246031 -0.00420911 0.0846988
8.8 0.0510182 -0.00427128 0.126948
8.81 0.130761 -0.00436795 0.164607
8.82 0.214766 -0.00448006 0.196866
8.83 0.30193 -0.00462665 0.223416
8.84 0.38946 -0.00480848 0.244328
8.85 0.473117 -0.00502229 0.25985
8.86 0.548325 -0.00525643 0.270203
8.87 0.61152 -0.00548534 0.275503
8.88 0.661087 -0.00569168 0.275803
8.89 0.697337 -0.00586039 0.271246
8.9 0.721342 -0.00597725 0.262219
8.91 0.733918 -0.0060393 0.249317
8.92 0.735753 -0.00604867 0.233163
8.93 0.728 -0.00601963 0.214301
8.94 0.712325 -0.005972 0.193253
8.95 0.690428 -0.00592689 0.170673
8.96 0.66372 -0.00589833 0.14738
8.97 0.633334 -0.00589325 0.124099
8.98 0.599871 -0.0059102 0.10119
8.99 0.563072 -0.00593844 0.0787051
9 0.522014 -0.0059618 0.0565025
9.01 0.47565 -0.00596278 0.0343465
9.02 0.423343 -0.00592658 0.0120344
9.03 0.365244 -0.00584519 -0.0105473
9.04 0.302069 -0.00571918 -0.0334457
9.05 0.234618 -0.00555733 -0.0565966
9.06 0.163752 -0.00537549 -0.0797227
9.07 0.0905383 -0.00518718 -0.10228
9.08 0.0162271 -0.00499151 -0.123466
9.09 -0.0577785 -0.00477865 -0.142342
9.1 -0.130178 -0.00456716 -0.158069
9.11 -0.200318 -0.00437313 -0.170089
9.12 -0.268297 -0.00418198 -0.178244
9.13 -0.334468 -0.00398297 -0.182763
9.14 -0.398852 -0.00376813 -0.184065
9.15 -0.460591 -0.00353241 -0.18266
9.16 -0.517929 -0.00328068 -0.179244
9.17 -0.569256 -0.00302287 -0.174722
9.18 -0.614051 -0.00277651 -0.170044
9.19 -0.652618 -0.00256164 -0.165896
9.2 -0.685146 -0.0023912 -0.162304
9.21 -0.71103 -0.0022734 -0.158624
9.22 -0.729069 -0.00220931 -0.154068
9.23 -0.738174 -0.00219573 -0.148135
9.24 -0.73792 -0.00222463 -0.1407
9.25 -0.728704 -0.00228332 -0.131902
9.26 -0.711367 -0.00235599 -0.121974
9.27 -0.686324 -0.00243221 -0.111119
9.28 -0.65279 -0.00251355 -0.0995603
9.29 -0.609123 -0.002608 -0.087545
9.3 -0.554153 -0.00272883 -0.0751797
9.31 -0.487976 -0.0028911 -0.0623298
9.32 -0.41146 -0.00310716 -0.0488326
9.33 -0.325627 -0.00338428 -0.0347908
9.34 -0.231883 -0.00372162 -0.0205892
9.35 -0.132308 -0.00410601 -0.00669404
9.36 -0.0292582 -0.00447098 0.00651013
9.37 0.0750393 -0.00478205 0.0187046
9.38 0.178439 -0.00509176 0.0295453
9.39 0.278842 -0.00539035 0.0386289
9.4 0.374596 -0.00565002 0.0454879
9.41 0.465072 -0.0058759 0.0495842
9.42 0.550468 -0.00607085 0.0503625
9.43 0.630847 -0.0062521 0.0473777
9.44 0.705625 -0.00642462 0.0404435
9.45 0.773689 -0.0065642 0.0298033
9.46 0.833803 -0.00668001 0.0162034
9.47 0.885152 -0.00681558 0.000664059
9.48 0.927476 -0.00696992 -0.015861
9.49 0.960653 -0.00711906 -0.0326053
9.5 0.984017 -0.00724588 -0.0489634
9.51 0.995772 -0.00734469 -0.0644657
9.52 0.993579 -0.00740447 -0.0787423
9.53 0.97639 -0.00740678 -0.0915176
9.54 0.945315 -0.00734841 -0.102628
9.55 0.90275 -0.00723841 -0.111992
9.56 0.851181 -0.00708804 -0.119596
9.57 0.792474 -0.00691302 -0.125611
9.58 0.728105 -0.00673085 -0.13053
9.59 0.659824 -0.00655607 -0.135035
9.6 0.589428 -0.00639789 -0.139674
9.61 0.517733 -0.00625992 -0.144701
9.62 0.443997 -0.00613994 -0.150106
9.63 0.366679 -0.00602917 -0.155748
9.64 0.285046 -0.00591404 -0.161483
9.65 0.199987 -0.00577939 -0.16719
9.66 0.113387 -0.00560395 -0.172746
9.67 0.0268582 -0.00535891 -0.178029
9.68 -0.0590671 -0.005052 -0.182898
9.69 -0.144362 -0.0047177 -0.187138
9.7 -0.228174 -0.00437661 -0.19047
9.71 -0.308713 -0.00404271 -0.192632
9.72 -0.384408 -0.00373731 -0.193456
9.73 -0.454376 -0.00346971 -0.192901
9.74 -0.517634 -0.00323465 -0.19103
9.75 -0.572643 -0.00303646 -0.188021
9.76 -0.618232 -0.00287228 -0.184186
9.77 -0.654748 -0.00273434 -0.179894
9.78 -0.683758 -0.00261726 -0.175416
9.79 -0.706613 -0.00251685 -0.170809
9.8 -0.72349 -0.00242948 -0.165868
9.81 -0.733369 -0.00235906 -0.160197
9.82 -0.734335 -0.00232111 -0.153325
9.83 -0.72421 -0.00231977 -0.144753
9.84 -0.701528 -0.00235901 -0.133981
9.85 -0.665867 -0.00244768 -0.120592
9.86 -0.617374 -0.00258714 -0.104307
9.87 -0.556364 -0.00277725 -0.0849587
9.88 -0.483405 -0.00301356 -0.0624734
9.89 -0.399706 -0.00328808 -0.0369582
9.9 -0.307237 -0.00359041 -0.0087792
9.91 -0.208111 -0.00390822 0.0214734
9.92 -0.103815 -0.00420156 0.0531215
9.93 0.00479301 -0.0044145 0.0855212
9.94 0.116879 -0.00457309 0.118101
9.95 0.231234 -0.00471767 0.150236
9.96 0.346374 -0.00485824 0.181035
9.97 0.460784 -0.00501048 0.209402
9.98 0.572803 -0.0051757 0.234317
9.99 0.680235 -0.00535843 0.255067
10 0.77991 -0.00553412 0.27138
