0.1 0 0 0 0 0
0.2 0 0 0 0 0
0.3 0 0 0 0 0
0.4 0 0 0 0 0
0.5 0 0 0 0 0
0.6 0 0 0 0 0
0.7 0 0 0 0 0
0.8 0 0 0 0 0
0.9 0 0 0 0 0
1 0 0 0 0 0
0.01 3.15573e-005 -4.85828e-017 -2.77554e-016 -1.8997e-017 -1.8997e-017
0.02 0.000140262 -1.46899e-008 1.69259e-008 3.30453e-010 3.30453e-010
0.03 0.000277522 -8.56612e-008 1.00667e-007 3.17178e-009 3.17178e-009
0.04 0.000298248 -7.22013e-008 8.65977e-008 1.34097e-008 1.34097e-008
0.05 5.77174e-005 -3.42502e-008 3.72313e-008 3.39348e-008 3.39348e-008
0.06 -0.00054459 -1.50247e-008 1.22384e-008 5.96092e-008 5.96092e-008
0.07 -0.00155919 2.85909e-009 8.55023e-009 6.32569e-008 6.32569e-008
0.08 -0.00298657 -3.29133e-008 6.47015e-008 -1.10958e-008 -1.10958e-008
0.09 -0.00479209 -6.11762e-008 1.67967e-008 -1.5645e-007 -1.5645e-007
0.1 -0.00693171 2.9181e-009 -1.50074e-008 -2.87001e-007 -2.87001e-007
0.11 -0.00936613 -1.78304e-008 -9.91172e-009 -3.97182e-007 -3.97182e-007
0.12 -0.0120703 -6.50545e-009 -1.72664e-008 -5.61255e-007 -5.61255e-007
0.13 -0.0150467 -9.97269e-009 -2.54255e-008 -8.06502e-007 -8.06502e-007
0.14 -0.0183188 2.26148e-009 -4.92109e-008 -1.10597e-006 -1.10597e-006
0.15 -0.0218981 3.48062e-008 -8.48138e-008 -1.41879e-006 -1.41879e-006
0.16 -0.0257543 2.14016e-008 -8.15175e-008 -1.67888e-006 -1.67888e-006
0.17 -0.0298192 1.82202e-008 -7.5559e-008 -1.79596e-006 -1.79596e-006
0.18 -0.0340271 6.83962e-009 -6.51716e-008 -1.69625e-006 -1.69625e-006
0.19 -0.0383528 4.98979e-010 -5.62981e-008 -1.33908e-006 -1.33908e-006
0.2 -0.0428108 -2.864e-010 -5.35914e-008 -6.99398e-007 -6.99398e-007
0.21 -0.047415 2.7533e-009 -6.12742e-008 2.21684e-007 2.21684e-007
0.22 -0.0521371 1.25192e-008 -8.0283e-008 1.31947e-006 1.31947e-006
0.23 -0.0569087 3.3006e-008 -1.12237e-007 2.39882e-006 2.39882e-006
0.24 -0.0616504 6.52149e-008 -1.56316e-007 3.29299e-006 3.29299e-006
0.25 -0.0662856 1.0486e-007 -2.08133e-007 3.87772e-006 3.87772e-006
0.26 -0.0707202 1.34534e-007 -2.59206e-007 4.02504e-006 4.02504e-006
0.27 -0.0748117 1.79442e-007 -2.89652e-007 3.62153e-006 3.62153e-006
0.28 -0.0783951 2.03578e-007 -3.14674e-007 2.62217e-006 2.62217e-006
0.29 -0.0813745 2.32842e-007 -3.36508e-007 1.09192e-006 1.09192e-006
0.3 -0.0837713 2.55064e-007 -3.53866e-007 -7.73708e-007 -7.73708e-007
0.31 -0.0856388 2.59952e-007 -3.61156e-007 -2.63014e-006 -2.63014e-006
0.32 -0.0869914 2.47158e-007 -3.59796e-007 -4.04152e-006 -4.04152e-006
0.33 -0.0878494 2.27789e-007 -3.33316e-007 -4.61006e-006 -4.61006e-006
0.34 -0.0882827 1.85865e-007 -2.79801e-007 -4.05998e-006 -4.05998e-006
0.35 -0.0884364 1.40272e-007 -2.12493e-007 -2.27514e-006 -2.27514e-006
0.36 -0.0885291 1.02369e-007 -1.57525e-007 8.01499e-007 8.01499e-007
0.37 -0.0887627 7.47386e-008 -1.214e-007 5.09807e-006 5.09807e-006
0.38 -0.0892075 5.56131e-008 -9.54594e-008 1.01381e-005 1.01381e-005
0.39 -0.089822 4.31636e-008 -6.89356e-008 1.52107e-005 1.52107e-005
0.4 -0.0905853 3.3785e-008 -4.26055e-008 1.96375e-005 1.96375e-005
0.41 -0.0915207 2.49865e-009 -4.02481e-008 2.27285e-005 2.27285e-005
0.42 -0.0926136 -2.79808e-008 -6.73965e-008 2.39715e-005 2.39715e-005
0.43 -0.0937304 3.43411e-008 -8.24361e-010 2.33746e-005 2.33746e-005
0.44 -0.0945963 -9.53806e-010 -4.28572e-008 2.12296e-005 2.12296e-005
0.45 -0.0949215 2.9442e-008 -2.46832e-012 1.78343e-005 1.78343e-005
0.46 -0.0945094 -4.38463e-010 -6.48224e-008 1.37244e-005 1.37244e-005
0.47 -0.0932121 2.74201e-008 -7.15255e-009 9.60773e-006 9.60773e-006
0.48 -0.0909082 2.12057e-008 -1.03805e-008 6.26864e-006 6.26864e-006
0.49 -0.0875286 2.05653e-008 -4.4289e-009 4.6773e-006 4.6773e-006
0.5 -0.0830232 8.70113e-009 -1.85514e-008 5.4899e-006 5.4899e-006
0.51 -0.0773632 -1.79798e-008 -1.5797e-008 8.56584e-006 8.56584e-006
0.52 -0.0705964 4.8496e-007 -6.57075e-007 1.25624e-005 1.25624e-005
0.53 -0.0627879 2.41458e-007 -3.13562e-009 1.59946e-005 1.59946e-005
0.54 -0.053978 2.56171e-008 -1.17514e-008 1.89515e-005 1.89515e-005
0.55 -0.0442984 -6.21712e-009 5.30496e-009 2.16182e-005 2.16182e-005
0.56 -0.034033 8.07637e-009 -3.03506e-010 2.30027e-005 2.30027e-005
0.57 -0.0235418 1.61084e-008 1.01882e-008 2.22388e-005 2.22388e-005
0.58 -0.0131568 1.43101e-008 6.99727e-009 1.95335e-005 1.95335e-005
0.59 -0.00308979 8.11664e-008 1.34028e-008 1.58016e-005 1.58016e-005
0.6 0.0065531 -1.81585e-008 7.0026e-010 1.20446e-005 1.20446e-005
0.61 0.0155897 9.49008e-009 2.82016e-009 9.09654e-006 9.09654e-006
0.62 0.0237327 1.2716e-008 1.07892e-008 7.30293e-006 7.30293e-006
0.63 0.0309458 1.24455e-008 9.97364e-009 6.6686e-006 6.6686e-006
0.64 0.0375351 1.29929e-008 1.08043e-008 7.28418e-006 7.28418e-006
0.65 0.0436495 8.29612e-008 4.67507e-008 9.11546e-006 9.11546e-006
0.66 0.0491151 2.02878e-008 4.52543e-008 1.16726e-005 1.16726e-005
0.67 0.0538258 6.63348e-008 5.34707e-008 1.42626e-005 1.42626e-005
0.68 0.0579785 2.34903e-008 2.76081e-008 1.63604e-005 1.63604e-005
0.69 0.0619293 5.46395e-008 7.72449e-008 1.76236e-005 1.76236e-005
0.7 0.0659576 2.0636e-008 1.96826e-008 1.79025e-005 1.79025e-005
0.71 0.0701397 3.51835e-008 4.15226e-008 1.72524e-005 1.72524e-005
0.72 0.0742235 5.7017e-008 1.26815e-007 1.59993e-005 1.59993e-005
0.73 0.0777263 2.98008e-008 1.82213e-008 1.46284e-005 1.46284e-005
0.74 0.0802978 2.91713e-008 6.42779e-008 1.34279e-005 1.34279e-005
0.75 0.0818375 6.39212e-008 1.43218e-007 1.26282e-005 1.26282e-005
0.76 0.0822534 2.47477e-009 5.26859e-008 1.24429e-005 1.24429e-005
0.77 0.081388 -7.04613e-008 1.89664e-007 1.28072e-005 1.28072e-005
0.78 0.0792478 -1.49082e-007 2.57656e-007 1.32937e-005 1.32937e-005
0.79 0.0760275 -3.34746e-007 5.076e-007 1.32332e-005 1.32332e-005
0.8 0.071915 -3.45245e-007 3.12131e-007 1.26703e-005 1.26703e-005
0.81 0.0670551 1.85646e-008 5.63586e-008 1.25274e-005 1.25274e-005
0.82 0.0616026 -3.35139e-008 1.13227e-007 1.31471e-005 1.31471e-005
0.83 0.055823 1.18069e-008 -3.07749e-008 1.3926e-005 1.3926e-005
0.84 0.0502293 -2.91643e-007 3.45217e-007 1.37419e-005 1.37419e-005
0.85 0.0455871 2.5241e-007 6.96272e-008 1.2388e-005 1.2388e-005
0.86 0.0427389 -9.43321e-008 -3.1981e-008 1.15153e-005 1.15153e-005
0.87 0.0421332 3.1369e-008 8.97439e-009 1.22237e-005 1.22237e-005
0.88 0.0436622 -1.68134e-008 -8.928e-009 1.37684e-005 1.37684e-005
0.89 0.0471555 7.53612e-008 7.97969e-008 1.499e-005 1.499e-005
0.9 0.0526346 -1.96507e-008 -1.96289e-008 1.55657e-005 1.55657e-005
0.91 0.0600869 6.59961e-008 7.78148e-008 1.59912e-005 1.59912e-005
0.92 0.0692228 -4.14409e-009 -6.77898e-009 1.65532e-005 1.65532e-005
0.93 0.0796244 3.96906e-008 4.45235e-008 1.66397e-005 1.66397e-005
0.94 0.0909869 8.78395e-008 2.06181e-007 1.58123e-005 1.58123e-005
0.95 0.102822 2.06213e-007 3.14968e-007 1.43607e-005 1.43607e-005
0.96 0.114336 -1.08343e-008 2.47463e-007 1.19542e-005 1.19542e-005
0.97 0.124812 4.35245e-008 7.1277e-008 8.44549e-006 8.44549e-006
0.98 0.133707 1.71477e-010 8.74106e-008 5.29333e-006 5.29333e-006
0.99 0.140742 9.8825e-008 3.90759e-007 3.59573e-006 3.59573e-006
1 0.145877 -1.7501e-008 -8.63708e-008 2.56152e-006 2.56152e-006
1.01 0.148661 8.75848e-008 1.16477e-007 1.49651e-006 1.49651e-006
1.02 0.148369 5.30193e-008 2.7606e-008 1.20293e-006 1.20293e-006
1.03 0.145292 7.30388e-008 4.70058e-008 2.56397e-006 2.56397e-006
1.04 0.140947 -1.16928e-008 -2.45824e-008 5.22749e-006 5.22749e-006
1.05 0.136577 2.15099e-008 1.3785e-008 8.34138e-006 8.34138e-006
1.06 0.13229 2.44173e-007 1.52332e-007 1.14445e-005 1.14445e-005
1.07 0.127878 3.61973e-007 1.66902e-007 1.36184e-005 1.36184e-005
1.08 0.123806 7.45495e-008 4.43912e-008 1.36897e-005 1.36897e-005
1.09 0.120935 1.47892e-007 1.08916e-007 1.15508e-005 1.15508e-005
1.1 0.119613 -1.0839e-008 -3.85798e-009 7.75929e-006 7.75929e-006
1.11 0.119854 1.93512e-008 1.23263e-008 2.95874e-006 2.95874e-006
1.12 0.122214 -5.83846e-009 -6.03907e-009 -1.74359e-006 -1.74359e-006
1.13 0.127354 3.22226e-007 8.8307e-008 -5.87671e-006 -5.87671e-006
1.14 0.134653 1.81845e-007 1.96045e-007 -1.07595e-005 -1.07595e-005
1.15 0.142751 5.06373e-008 -4.07862e-008 -1.64909e-005 -1.64909e-005
1.16 0.151096 3.2929e-007 2.22313e-008 -2.02396e-005 -2.02396e-005
1.17 0.159819 3.13696e-007 3.94722e-007 -1.92511e-005 -1.92511e-005
1.18 0.169302 1.06317e-006 -2.55387e-007 -1.48754e-005 -1.48754e-005
1.19 0.179676 -2.82301e-007 3.499e-007 -1.05542e-005 -1.05542e-005
1.2 0.190197 9.15831e-007 -1.63186e-007 -6.35812e-006 -6.35812e-006
1.21 0.199662 1.22076e-006 -2.70118e-007 -1.7369e-006 -1.7369e-006
1.22 0.206999 -1.08014e-007 3.61118e-007 2.53771e-006 2.53771e-006
1.23 0.211413 6.62473e-008 -1.34875e-007 6.33167e-006 6.33167e-006
1.24 0.21261 1.61573e-006 1.24057e-006 9.46554e-006 9.46554e-006
1.25 0.211042 9.41973e-008 -5.93959e-007 1.07756e-005 1.07756e-005
1.26 0.207498 -3.38109e-008 2.13263e-007 8.81559e-006 8.81559e-006
1.27 0.202529 1.29456e-008 -7.65291e-008 4.87451e-006 4.87451e-006
1.28 0.196571 5.9971e-007 -2.05531e-007 1.69189e-006 1.69189e-006
1.29 0.189985 1.54043e-006 -7.19945e-007 -7.53649e-007 -7.53649e-007
1.3 0.183234 4.78985e-007 4.26544e-007 -4.44287e-006 -4.44287e-006
1.31 0.17752 5.6173e-007 2.59657e-007 -1.15147e-005 -1.15147e-005
1.32 0.174207 1.29137e-006 1.31641e-006 -2.16333e-005 -2.16333e-005
1.33 0.173604 -2.87636e-007 -3.72777e-007 -2.91698e-005 -2.91698e-005
1.34 0.175807 2.85385e-007 2.19202e-007 -2.89982e-005 -2.89982e-005
1.35 0.182179 7.45336e-007 -6.28488e-007 -2.30924e-005 -2.30924e-005
1.36 0.194289 2.24967e-006 -1.68731e-006 -1.58317e-005 -1.58317e-005
1.37 0.211945 1.13218e-006 -5.2003e-007 -8.22367e-006 -8.22367e-006
1.38 0.232899 1.67466e-006 -1.32395e-006 -3.80585e-007 -3.80585e-007
1.39 0.253956 -6.57557e-007 7.98339e-007 7.71119e-006 7.71119e-006
1.4 0.272206 1.23021e-005 -7.63924e-006 1.53623e-005 1.53623e-005
1.41 0.285745 1.82857e-007 7.46703e-006 1.965e-005 1.965e-005
1.42 0.294327 -6.56933e-008 -2.68095e-006 2.0171e-005 2.0171e-005
1.43 0.298791 2.35631e-008 9.6223e-007 1.96522e-005 1.96522e-005
1.44 0.298897 -8.51791e-009 -3.46144e-007 1.72767e-005 1.72767e-005
1.45 0.292268 3.27724e-009 1.26011e-007 1.00272e-005 1.00272e-005
1.46 0.276075 -1.166e-009 -4.52627e-008 6.7048e-007 6.7048e-007
1.47 0.249762 4.7579e-010 1.61273e-008 -6.26198e-006 -6.26198e-006
1.48 0.215412 2.44087e-010 -8.13676e-009 -9.89462e-006 -9.89462e-006
1.49 0.175084 -1.89455e-009 1.75067e-008 -1.01804e-005 -1.01804e-005
1.5 0.129713 -5.75026e-009 1.1856e-008 -7.16044e-006 -7.16044e-006
1.51 0.0816441 -2.17355e-007 2.40796e-007 -1.96707e-006 -1.96707e-006
1.52 0.0359976 -6.70119e-006 7.50929e-006 3.25179e-006 3.25179e-006
1.53 -0.00220142 -5.55082e-006 4.94195e-006 1.03227e-005 1.03227e-005
1.54 -0.0307775 -6.99186e-007 3.85921e-006 2.62857e-005 2.62857e-005
1.55 -0.0494032 -1.01204e-006 1.60509e-006 5.37611e-005 5.37611e-005
1.56 -0.0576549 -2.41462e-007 2.64601e-006 8.68464e-005 8.68464e-005
1.57 -0.0550635 -1.03969e-006 1.40539e-006 0.000116842 0.000116842
1.58 -0.0423343 -1.22645e-006 1.83485e-006 0.000139394 0.000139394
1.59 -0.0218793 -1.4574e-006 1.18649e-006 0.0001537 0.0001537
1.6 0.00252991 -1.09952e-006 2.22365e-006 0.000157048 0.000157048
1.61 0.0274568 -2.61636e-006 1.43358e-006 0.000146678 0.000146678
1.62 0.051414 -4.061e-006 1.18994e-006 0.000120252 0.000120252
1.63 0.0738178 -6.14764e-006 1.75666e-006 7.40353e-005 7.40353e-005
1.64 0.0934081 -2.35343e-006 1.78168e-006 1.16376e-005 1.16376e-005
1.65 0.108233 4.68877e-007 -2.15837e-007 -5.03858e-005 -5.03858e-005
1.66 0.116725 -4.81585e-005 3.06143e-005 -0.000101502 -0.000101502
1.67 0.118847 1.73009e-005 -1.08998e-005 -0.000147912 -0.000147912
1.68 0.116516 -6.21047e-006 3.91273e-006 -0.00018331 -0.00018331
1.69 0.112115 2.24177e-006 -1.39681e-006 -0.000183584 -0.000183584
1.7 0.10794 -7.85341e-007 5.08687e-007 -0.000145542 -0.000145542
1.71 0.107238 4.53129e-006 7.37656e-006 -8.86561e-005 -8.86561e-005
1.72 0.114243 -1.6724e-006 -2.50537e-006 -2.74187e-005 -2.74187e-005
1.73 0.131629 1.49582e-006 1.82183e-006 2.56714e-005 2.56714e-005
1.74 0.158793 -7.8741e-007 -7.42802e-007 5.76507e-005 5.76507e-005
1.75 0.193131 5.58907e-006 6.30918e-006 6.65267e-005 6.65267e-005
1.76 0.231611 3.47109e-007 1.14639e-006 5.38086e-005 5.38086e-005
1.77 0.270584 3.69953e-006 2.56865e-006 2.12902e-005 2.12902e-005
1.78 0.305578 4.99876e-007 7.07153e-007 -2.44178e-005 -2.44178e-005
1.79 0.333371 5.80468e-007 -1.20101e-006 -7.27201e-005 -7.27201e-005
1.8 0.353147 -1.18215e-007 2.23004e-007 -0.000110551 -0.000110551
1.81 0.364268 5.38065e-008 -2.60653e-007 -0.0001319 -0.0001319
1.82 0.365051 -2.29347e-008 6.8791e-008 -0.000140166 -0.000140166
1.83 0.354176 -1.09554e-008 -8.75278e-008 -0.000131543 -0.000131543
1.84 0.332265 2.35213e-005 -2.60615e-005 -6.53889e-005 -6.53889e-005
1.85 0.301787 3.00064e-005 -1.67715e-005 6.72118e-005 6.72118e-005
1.86 0.265401 3.41659e-006 -3.84084e-006 0.000171441 0.000171441
1.87 0.226456 9.29085e-006 -1.38498e-006 0.000185201 0.000185201
1.88 0.191699 1.73267e-006 5.07883e-007 0.000150644 0.000150644
1.89 0.169648 2.06416e-006 -7.21514e-007 0.000106126 0.000106126
1.9 0.16399 6.28499e-006 -9.50639e-007 3.44537e-005 3.44537e-005
1.91 0.172188 1.33473e-005 1.33593e-006 -9.97287e-005 -9.97287e-005
1.92 0.190315 3.55768e-006 -2.77131e-006 -0.000280793 -0.000280793
1.93 0.214702 1.9178e-007 -3.82621e-007 -0.000429594 -0.000429594
1.94 0.239919 4.5506e-005 1.18327e-005 -0.00050119 -0.00050119
1.95 0.258825 2.09375e-005 -4.13059e-005 -0.00052136 -0.00052136
1.96 0.265369 -7.53113e-006 1.32504e-005 -0.000480057 -0.000480057
1.97 0.25599 -2.73578e-006 -1.69141e-005 -0.000332209 -0.000332209
1.98 0.228064 -2.11336e-006 5.31367e-007 -9.68397e-005 -9.68397e-005
1.99 0.17826 -1.46775e-005 -2.10792e-005 0.000149021 0.000149021
2 0.103663 -2.44704e-006 -1.05946e-006 0.000330464 0.000330464
2.01 0.00439954 -2.15064e-006 -2.42327e-006 0.000410767 0.000410767
2.02 -0.114765 1.45227e-006 -4.79494e-006 0.000394821 0.000394821
2.03 -0.245783 -3.87483e-007 -8.1778e-006 0.000314965 0.000314965
2.04 -0.380154 -3.10138e-006 -3.79547e-006 0.000199851 0.000199851
2.05 -0.508735 -1.19175e-006 -4.46155e-007 5.33441e-005 5.33441e-005
2.06 -0.621424 -1.50236e-006 -3.5105e-007 -0.000117753 -0.000117753
2.07 -0.710713 -7.10804e-007 8.71595e-008 -0.000276313 -0.000276313
2.08 -0.774002 7.58849e-007 -6.42414e-008 -0.000371777 -0.000371777
2.09 -0.811748 -7.70005e-006 1.95562e-006 -0.000380672 -0.000380672
2.1 -0.825428 -4.39835e-006 -4.75584e-006 -0.000316171 -0.000316171
2.11 -0.817699 -2.92526e-005 -1.18344e-005 -0.000205355 -0.000205355
2.12 -0.794225 -3.36681e-005 -4.03863e-006 -7.32563e-005 -7.32563e-005
2.13 -0.763777 -5.9776e-005 2.18253e-005 6.71942e-005 6.71942e-005
2.14 -0.735836 -5.25149e-005 8.82946e-006 0.000179325 0.000179325
2.15 -0.717807 -3.11189e-005 6.21022e-006 0.000181298 0.000181298
2.16 -0.713758 -2.58714e-005 4.05583e-006 3.44089e-005 3.44089e-005
2.17 -0.726112 -2.44868e-006 -8.9971e-008 -0.000208837 -0.000208837
2.18 -0.758778 -8.19964e-006 1.13562e-007 -0.000481538 -0.000481538
2.19 -0.815009 -9.4005e-007 4.36752e-006 -0.000755105 -0.000755105
2.2 -0.891099 -8.45858e-007 2.52347e-007 -0.000977085 -0.000977085
2.21 -0.976577 -7.10023e-006 -8.8735e-006 -0.0010465 -0.0010465
2.22 -1.05989 -3.99214e-005 -3.48169e-006 -0.000978342 -0.000978342
2.23 -1.13181 1.36365e-005 1.67732e-005 -0.000859857 -0.000859857
2.24 -1.18489 -2.8065e-006 -6.97141e-006 -0.00063606 -0.00063606
2.25 -1.21302 1.36088e-006 -7.30032e-007 -0.00027092 -0.00027092
2.26 -1.21276 -1.16682e-006 5.57421e-006 9.67008e-005 9.67008e-005
2.27 -1.18328 -1.09058e-006 1.9458e-007 0.000306463 0.000306463
2.28 -1.12418 -9.83465e-007 2.07436e-006 0.0003247 0.0003247
2.29 -1.03635 -5.64776e-007 1.62936e-006 0.000216614 0.000216614
2.3 -0.924584 2.01032e-007 -5.98832e-007 4.02656e-005 4.02656e-005
2.31 -0.796251 -7.39184e-008 2.0071e-007 -0.000172013 -0.000172013
2.32 -0.658625 2.11931e-008 -1.16534e-007 -0.000393818 -0.000393818
2.33 -0.51866 -6.47286e-009 5.08673e-008 -0.000594135 -0.000594135
2.34 -0.383552 3.29262e-009 -1.96387e-008 -0.000724674 -0.000724674
2.35 -0.259912 1.74439e-008 -1.38596e-007 -0.000738225 -0.000738225
2.36 -0.152171 -6.35533e-009 5.82088e-008 -0.000628678 -0.000628678
2.37 -0.0624912 6.32325e-010 -1.65925e-008 -0.000440432 -0.000440432
2.38 0.00944063 2.17245e-007 -5.68209e-007 -0.000234169 -0.000234169
2.39 0.068385 2.20376e-005 -1.13583e-005 -5.53747e-005 -5.53747e-005
2.4 0.122582 -7.65937e-006 3.97531e-006 6.92165e-005 6.92165e-005
2.41 0.180479 1.5705e-005 7.58095e-006 0.000126191 0.000126191
2.42 0.249938 -4.86532e-006 -1.42613e-006 0.000104574 0.000104574
2.43 0.336056 7.64205e-005 6.64658e-005 -5.77463e-006 -5.77463e-006
2.44 0.438103 8.79205e-005 5.69653e-005 -0.000214475 -0.000214475
2.45 0.552438 3.78171e-005 1.24802e-005 -0.000506576 -0.000506576
2.46 0.677968 7.11265e-006 4.95233e-006 -0.000798255 -0.000798255
2.47 0.81555 1.70289e-005 2.64524e-007 -0.00100718 -0.00100718
2.48 0.963378 -7.39901e-006 8.57184e-007 -0.00112323 -0.00112323
2.49 1.11489 2.3393e-006 -1.83152e-006 -0.00115785 -0.00115785
2.5 1.25991 -4.96492e-008 9.91572e-007 -0.00110873 -0.00110873
2.51 1.38728 -6.23691e-007 -4.82124e-007 -0.000978436 -0.000978436
2.52 1.48687 2.27714e-005 8.59938e-006 -0.000812934 -0.000812934
2.53 1.55062 -1.71046e-006 3.03823e-006 -0.000667741 -0.000667741
2.54 1.57419 6.1616e-007 -1.09311e-006 -0.00054838 -0.00054838
2.55 1.55774 -2.21183e-007 3.92394e-007 -0.000458647 -0.000458647
2.56 1.50467 7.95165e-008 -1.40955e-007 -0.000434867 -0.000434867
2.57 1.42007 -2.44507e-008 3.96744e-008 -0.000478491 -0.000478491
2.58 1.30978 8.95893e-009 -1.07112e-008 -0.000550479 -0.000550479
2.59 1.18036 1.15563e-006 3.17574e-006 -0.000642989 -0.000642989
2.6 1.03941 2.42773e-007 6.35659e-007 -0.00075298 -0.00075298
2.61 0.89521 2.05729e-007 2.82656e-008 -0.000844885 -0.000844885
2.62 0.755592 1.43551e-006 2.60658e-006 -0.000888905 -0.000888905
2.63 0.62735 1.44608e-006 3.09236e-006 -0.000877879 -0.000877879
2.64 0.514899 -1.65655e-007 -1.65973e-008 -0.000817046 -0.000817046
2.65 0.418187 -1.82554e-007 -2.31169e-007 -0.00072043 -0.00072043
2.66 0.333517 -3.06675e-008 -4.63289e-008 -0.00061136 -0.00061136
2.67 0.255841 -3.56175e-007 6.09006e-007 -0.000516889 -0.000516889
2.68 0.179531 -2.91897e-006 2.87857e-006 -0.000457665 -0.000457665
2.69 0.0986912 -5.38755e-006 1.44464e-006 -0.000443043 -0.000443043
2.7 0.00704329 -8.75415e-006 -5.87058e-006 -0.000471641 -0.000471641
2.71 -0.10075 -4.50026e-007 -2.02311e-006 -0.000533881 -0.000533881
2.72 -0.226133 3.09254e-008 3.78658e-007 -0.000617167 -0.000617167
2.73 -0.366187 -1.76452e-008 -1.88614e-007 -0.00070509 -0.00070509
2.74 -0.517523 8.94106e-010 2.44692e-008 -0.000775926 -0.000775926
2.75 -0.679008 -4.82363e-010 -8.50284e-009 -0.000812002 -0.000812002
2.76 -0.848051 1.42839e-010 3.18186e-009 -0.000807548 -0.000807548
2.77 -1.01776 -4.6825e-009 1.19248e-008 -0.000767492 -0.000767492
2.78 -1.18036 7.86382e-007 2.4961e-006 -0.00070365 -0.00070365
2.79 -1.32934 3.93388e-006 -6.10147e-006 -0.000660694 -0.000660694
2.8 -1.45742 -5.11687e-005 -6.16558e-005 -0.000723295 -0.000723295
2.81 -1.55802 -2.55775e-005 -1.71767e-005 -0.000892245 -0.000892245
2.82 -1.62887 -1.3417e-006 -4.93637e-007 -0.00104456 -0.00104456
2.83 -1.67185 -1.26832e-006 -1.55829e-006 -0.00111739 -0.00111739
2.84 -1.6915 -2.82306e-005 -1.41065e-005 -0.00113892 -0.00113892
2.85 -1.69297 -1.70909e-005 -1.47984e-006 -0.00110931 -0.00110931
2.86 -1.68144 -2.88475e-005 -2.58348e-006 -0.000977447 -0.000977447
2.87 -1.6631 -1.54192e-006 -4.75849e-006 -0.000688642 -0.000688642
2.88 -1.64293 -7.39145e-006 -3.67058e-006 -0.000286427 -0.000286427
2.89 -1.62207 -2.30707e-005 2.71236e-006 0.000118859 0.000118859
2.9 -1.59955 -4.60644e-005 -1.18234e-005 0.000465651 0.000465651
2.91 -1.57489 -3.42564e-005 -3.69782e-005 0.00072409 0.00072409
2.92 -1.5479 -4.75613e-006 -7.91391e-006 0.000857094 0.000857094
2.93 -1.51733 -1.49129e-007 7.23048e-007 0.00083863 0.00083863
2.94 -1.47972 1.18234e-006 -9.67877e-006 0.000668095 0.000668095
2.95 -1.42981 -7.48175e-007 4.41318e-006 0.000370135 0.000370135
2.96 -1.36254 2.71468e-008 -1.31242e-006 7.06646e-006 7.06646e-006
2.97 -1.27474 1.67343e-007 -4.32006e-006 -0.000331114 -0.000331114
2.98 -1.16508 3.68649e-006 -2.05183e-006 -0.000563271 -0.000563271
2.99 -1.033 4.62646e-006 -7.84169e-006 -0.000646747 -0.000646747
3 -0.87799 -2.50316e-006 2.79139e-007 -0.000591899 -0.000591899
3.01 -0.70047 1.0098e-006 -2.041e-007 -0.000430045 -0.000430045
3.02 -0.502968 4.76533e-006 -1.88669e-006 -0.000190443 -0.000190443
3.03 -0.289677 3.73743e-006 2.48571e-007 8.1416e-005 8.1416e-005
3.04 -0.0661525 2.56029e-005 1.11229e-005 0.000331739 0.000331739
3.05 0.159909 1.95886e-005 2.93373e-005 0.000440811 0.000440811
3.06 0.380388 -6.59429e-006 -9.50582e-006 0.000368196 0.000368196
3.07 0.591337 2.23801e-006 3.90612e-006 0.000271668 0.000271668
3.08 0.793981 -1.25674e-006 -6.44478e-007 0.000179804 0.000179804
3.09 0.989488 2.42353e-006 1.05741e-005 -1.38343e-005 -1.38343e-005
3.1 1.17535 2.50375e-005 4.82616e-005 -0.000279914 -0.000279914
3.11 1.34783 9.33567e-005 9.65966e-005 -0.000437787 -0.000437787
3.12 1.50661 7.78486e-005 5.58179e-005 -0.000348074 -0.000348074
3.13 1.65593 5.59111e-005 3.29021e-005 -7.26818e-005 -7.26818e-005
3.14 1.79907 6.22767e-005 2.90366e-005 0.000291417 0.000291417
3.15 1.93419 4.28325e-005 2.14807e-005 0.000744786 0.000744786
3.16 2.05673 3.34508e-005 1.09187e-005 0.00125607 0.00125607
3.17 2.16193 4.03685e-006 7.10068e-006 0.00169018 0.00169018
3.18 2.24602 4.64693e-005 -2.77238e-006 0.00190557 0.00190557
3.19 2.30886 6.06428e-005 3.0341e-005 0.00187341 0.00187341
3.2 2.35343 4.22389e-006 1.35141e-005 0.0016398 0.0016398
3.21 2.38067 -1.71939e-006 -2.76981e-006 0.0011511 0.0011511
3.22 2.38674 9.52932e-006 3.38093e-005 0.000399822 0.000399822
3.23 2.36585 -5.72171e-006 3.20398e-006 -0.000397688 -0.000397688
3.24 2.31397 -1.98308e-006 1.73628e-005 -0.00108622 -0.00108622
3.25 2.22985 3.41557e-006 -2.94993e-006 -0.0016603 -0.0016603
3.26 2.11449 3.76826e-005 6.17268e-005 -0.00202649 -0.00202649
3.27 1.97169 -4.28272e-006 5.50756e-006 -0.00205251 -0.00205251
3.28 1.80823 -4.8197e-007 4.49301e-005 -0.0017766 -0.0017766
3.29 1.63095 -2.32631e-005 3.14286e-005 -0.00134437 -0.00134437
3.3 1.44515 7.97893e-006 -1.10071e-005 -0.000868464 -0.000868464
3.31 1.25576 -2.85007e-006 3.95932e-006 -0.000413886 -0.000413886
3.32 1.06874 1.11056e-006 -1.47725e-006 -4.73006e-005 -4.73006e-005
3.33 0.889103 -3.69797e-007 5.23303e-007 0.000132779 0.000132779
3.34 0.716981 6.60083e-008 -1.74787e-007 5.91467e-005 5.91467e-005
3.35 0.548756 -4.9334e-007 2.78271e-007 -0.000241571 -0.000241571
3.36 0.382144 -4.20131e-006 7.47457e-007 -0.000670892 -0.000670892
3.37 0.21763 -1.29308e-005 -3.57997e-006 -0.00111394 -0.00111394
3.38 0.0571755 0.000974673 0.000362024 -0.00142765 -0.00142765
3.39 -0.097172 0.000599044 0.0002032 -0.00155286 -0.00155286
3.4 -0.245433 -0.000225192 -8.84047e-005 -0.00158223 -0.00158223
3.41 -0.391956 8.10454e-005 3.20229e-005 -0.00150537 -0.00150537
3.42 -0.542708 -3.24867e-005 -2.05456e-005 -0.00123211 -0.00123211
3.43 -0.70006 1.1601e-005 7.17906e-006 -0.00083473 -0.00083473
3.44 -0.861908 -4.15846e-006 -2.63611e-006 -0.000449676 -0.000449676
3.45 -1.02386 7.07824e-007 -5.36595e-006 -0.00018841 -0.00018841
3.46 -1.18193 -3.86563e-007 2.32063e-006 -0.000138444 -0.000138444
3.47 -1.33359 -6.40811e-009 -7.1922e-007 -0.000264688 -0.000264688
3.48 -1.4765 -2.97527e-007 3.69107e-007 -0.000469555 -0.000469555
3.49 -1.6074 5.55973e-007 -4.21102e-006 -0.000715182 -0.000715182
3.5 -1.72356 -1.41996e-007 1.50298e-006 -0.00099224 -0.00099224
3.51 -1.82419 -0.000144308 0.000394643 -0.00136195 -0.00136195
3.52 -1.90812 -0.000130254 0.000192507 -0.00184665 -0.00184665
3.53 -1.97195 9.69469e-007 -0.000118519 -0.00226684 -0.00226684
3.54 -2.01321 -3.41388e-005 1.44997e-005 -0.0024702 -0.0024702
3.55 -2.03399 4.9349e-006 -8.6868e-006 -0.002466 -0.002466
3.56 -2.04043 -3.2861e-006 -1.80237e-006 -0.00235662 -0.00235662
3.57 -2.03942 7.23794e-007 -2.09499e-006 -0.00221331 -0.00221331
3.58 -2.03423 -1.11335e-006 -1.13398e-006 -0.00197747 -0.00197747
3.59 -2.02334 -2.35326e-005 -6.26232e-006 -0.0015807 -0.0015807
3.6 -2.0019 8.14214e-006 -4.06488e-006 -0.00108583 -0.00108583
3.61 -1.96518 -0.000152934 -0.000125314 -0.000712327 -0.000712327
3.62 -1.91298 -6.63116e-005 -4.71846e-005 -0.0005879 -0.0005879
3.63 -1.8496 2.38039e-005 1.69379e-005 -0.0005817 -0.0005817
3.64 -1.77902 -8.54507e-006 -6.08003e-006 -0.000595384 -0.000595384
3.65 -1.70001 3.08958e-006 2.1451e-006 -0.000688187 -0.000688187
3.66 -1.60739 -1.11399e-006 -7.64924e-007 -0.000908942 -0.000908942
3.67 -1.49632 7.0482e-007 -2.18471e-007 -0.00121147 -0.00121147
3.68 -1.36417 5.98081e-007 -1.248e-006 -0.0014796 -0.0014796
3.69 -1.21132 -3.37277e-007 6.45134e-007 -0.00161953 -0.00161953
3.7 -1.04229 5.3421e-008 -1.26004e-007 -0.00161367 -0.00161367
3.71 -0.864568 2.43367e-006 -2.73543e-006 -0.00150217 -0.00150217
3.72 -0.685248 3.40927e-006 -2.70552e-006 -0.00133669 -0.00133669
3.73 -0.509065 1.65463e-006 -5.30742e-007 -0.00114804 -0.00114804
3.74 -0.338804 3.33181e-006 -1.15843e-006 -0.000953377 -0.000953377
3.75 -0.176734 -1.10363e-006 3.81154e-007 -0.000785841 -0.000785841
3.76 -0.0258265 1.40803e-005 1.7855e-007 -0.00069717 -0.00069717
3.77 0.111328 -4.86165e-006 -4.25237e-008 -0.000721142 -0.000721142
3.78 0.233752 1.37189e-005 4.50029e-006 -0.000844053 -0.000844053
3.79 0.341273 5.04632e-005 4.70021e-005 -0.00101036 -0.00101036
3.8 0.434477 -1.68767e-005 -1.56402e-005 -0.00116803 -0.00116803
3.81 0.516051 1.37237e-005 1.77124e-005 -0.00130773 -0.00130773
3.82 0.591281 -2.59998e-006 -1.949e-007 -0.00141873 -0.00141873
3.83 0.667404 1.15821e-006 6.17322e-007 -0.00146029 -0.00146029
3.84 0.750789 1.19754e-005 -4.98642e-006 -0.00141164 -0.00141164
3.85 0.842337 1.4317e-007 -7.74154e-007 -0.00129542 -0.00129542
3.86 0.939035 1.82193e-005 -9.4528e-006 -0.00115707 -0.00115707
3.87 1.03904 -4.02667e-006 2.55451e-006 -0.00102256 -0.00102256
3.88 1.14156 4.99846e-006 -7.32918e-006 -0.000875286 -0.000875286
3.89 1.24379 1.20344e-005 -7.05766e-006 -0.00070524 -0.00070524
3.9 1.33907 -8.02719e-007 2.28705e-006 -0.000543859 -0.000543859
3.91 1.41759 -7.20871e-007 2.81774e-007 -0.00041749 -0.00041749
3.92 1.46922 5.28635e-005 -1.97447e-005 -0.000401593 -0.000401593
3.93 1.48743 6.06019e-006 -2.17167e-005 -0.000516496 -0.000516496
3.94 1.47125 -2.15117e-006 7.82091e-006 -0.000588939 -0.000588939
3.95 1.42324 7.7141e-007 -2.79587e-006 -0.000556843 -0.000556843
3.96 1.3474 -2.85686e-007 1.02358e-006 -0.000541711 -0.000541711
3.97 1.24861 1.38651e-007 -4.16376e-007 -0.000596175 -0.000596175
3.98 1.13385 -1.26236e-007 1.7677e-006 -0.000666611 -0.000666611
3.99 1.01328 -2.37778e-007 1.3403e-006 -0.000688368 -0.000688368
4 0.897366 -1.31574e-006 2.67181e-006 -0.000649531 -0.000649531
4.01 0.793528 -2.88484e-006 3.14573e-006 -0.000582981 -0.000582981
4.02 0.707426 -3.11245e-006 1.41588e-006 -0.000530761 -0.000530761
4.03 0.643525 1.10933e-007 -1.13363e-006 -0.000510712 -0.000510712
4.04 0.601957 -3.92072e-006 -2.78735e-006 -0.000507753 -0.000507753
4.05 0.577982 -4.03964e-005 6.66981e-005 -0.000485451 -0.000485451
4.06 0.565699 -4.39029e-005 4.50373e-005 -0.000459707 -0.000459707
4.07 0.559503 -1.38359e-005 1.43999e-005 -0.000528974 -0.000528974
4.08 0.55093 -4.70028e-005 3.26872e-005 -0.000708806 -0.000708806
4.09 0.529298 -1.59002e-005 4.39211e-006 -0.000904114 -0.000904114
4.1 0.486084 -4.85795e-005 3.55443e-005 -0.00108433 -0.00108433
4.11 0.416068 -2.90453e-005 3.3897e-006 -0.00130351 -0.00130351
4.12 0.317205 -5.14803e-005 2.85727e-005 -0.00158409 -0.00158409
4.13 0.192525 -4.53717e-005 3.22443e-005 -0.0018008 -0.0018008
4.14 0.0487209 -4.5235e-006 3.30543e-005 -0.00174808 -0.00174808
4.15 -0.107815 -6.62042e-006 -2.56097e-006 -0.00136201 -0.00136201
4.16 -0.271137 -5.80968e-006 7.47365e-006 -0.000734916 -0.000734916
4.17 -0.434392 -1.44814e-005 -1.09238e-006 2.80639e-005 2.80639e-005
4.18 -0.589147 2.28902e-006 1.39358e-005 0.000810954 0.000810954
4.19 -0.725034 -3.50326e-005 3.86434e-005 0.00148749 0.00148749
4.2 -0.832243 -6.94302e-006 1.44746e-006 0.00203902 0.00203902
4.21 -0.905005 -1.66352e-005 -1.05613e-005 0.00243736 0.00243736
4.22 -0.942032 1.4385e-006 2.46972e-006 0.0025218 0.0025218
4.23 -0.946276 -7.56853e-006 -1.52194e-006 0.00222652 0.00222652
4.24 -0.9244 2.67565e-006 5.90142e-007 0.00167271 0.00167271
4.25 -0.882102 -1.42357e-006 -9.94999e-007 0.00102787 0.00102787
4.26 -0.822303 -4.88177e-006 -8.22157e-006 0.000440867 0.000440867
4.27 -0.748898 1.73247e-006 2.91021e-006 2.73157e-005 2.73157e-005
4.28 -0.66692 -9.04108e-007 -1.28164e-006 -0.000143543 -0.000143543
4.29 -0.580036 -1.02585e-007 -1.83897e-008 -5.37473e-005 -5.37473e-005
4.3 -0.492903 -2.66758e-006 -6.63365e-006 0.000264116 0.000264116
4.31 -0.412924 8.27983e-007 2.15669e-006 0.00073766 0.00073766
4.32 -0.345992 -3.19158e-007 -8.55959e-007 0.00126298 0.00126298
4.33 -0.293064 1.20834e-007 2.48819e-007 0.0017195 0.0017195
4.34 -0.251144 2.39406e-007 -1.17197e-005 0.00200169 0.00200169
4.35 -0.214736 7.42392e-005 -8.47731e-005 0.00205559 0.00205559
4.36 -0.17789 1.51122e-005 1.16612e-005 0.00188166 0.00188166
4.37 -0.137565 9.92049e-006 -9.30164e-007 0.0015229 0.0015229
4.38 -0.0937509 -2.77225e-006 5.38702e-007 0.00107394 0.00107394
4.39 -0.0474514 5.99927e-005 -7.24046e-005 0.000618437 0.000618437
4.4 0.00118156 6.00622e-005 -7.79416e-005 0.000247164 0.000247164
4.41 0.0548411 4.18858e-005 -2.68899e-005 2.69032e-006 2.69032e-006
4.42 0.118138 2.04588e-005 -2.12062e-005 -0.000158633 -0.000158633
4.43 0.195191 -2.93365e-006 2.09281e-006 -0.000162487 -0.000162487
4.44 0.289766 3.87491e-005 -2.25983e-005 4.90299e-005 4.90299e-005
4.45 0.404015 2.16689e-005 -1.11034e-005 0.000384188 0.000384188
4.46 0.534108 5.20588e-005 -1.97264e-005 0.000740744 0.000740744
4.47 0.669999 8.883e-006 -1.2644e-005 0.0010803 0.0010803
4.48 0.802146 1.84651e-005 -5.34035e-006 0.00142748 0.00142748
4.49 0.926195 1.01866e-005 1.14975e-006 0.00175792 0.00175792
4.5 1.04141 0.000160358 -0.000173438 0.00201405 0.00201405
4.51 1.14814 0.000129609 -0.000121628 0.00208377 0.00208377
4.52 1.24784 -4.6661e-005 4.32473e-005 0.00188865 0.00188865
4.53 1.34032 1.7786e-005 -1.32612e-005 0.00164159 0.00164159
4.54 1.42284 -6.11856e-006 4.7868e-006 0.00155827 0.00155827
4.55 1.4931 2.43534e-005 1.7689e-006 0.00152685 0.00152685
4.56 1.54876 -1.08652e-005 -1.40814e-006 0.0013672 0.0013672
4.57 1.58695 1.81091e-006 1.73348e-006 0.00113896 0.00113896
4.58 1.6081 9.23068e-006 1.06649e-006 0.00102054 0.00102054
4.59 1.61867 -3.13104e-006 9.12823e-007 0.0010604 0.0010604
4.6 1.62823 1.13123e-006 -1.87971e-007 0.0011806 0.0011806
4.61 1.64293 -9.2047e-008 -4.81922e-007 0.00130227 0.00130227
4.62 1.66209 1.06557e-008 1.59268e-007 0.00140407 0.00140407
4.63 1.68192 -1.91214e-006 5.08174e-006 0.00149811 0.00149811
4.64 1.70144 6.8507e-007 -1.8193e-006 0.00158836 0.00158836
4.65 1.72158 9.38193e-007 -6.78286e-007 0.00164693 0.00164693
4.66 1.73933 -7.57726e-006 1.17649e-005 0.00163921 0.00163921
4.67 1.74695 3.37406e-006 -4.13922e-006 0.00156267 0.00156267
4.68 1.73722 -1.03343e-007 1.06005e-006 0.00144795 0.00144795
4.69 1.70729 2.12562e-006 -2.38723e-006 0.00133512 0.00133512
4.7 1.65878 -1.95391e-005 2.24322e-005 0.00125615 0.00125615
4.71 1.59562 6.52722e-006 -7.5508e-006 0.00122466 0.00122466
4.72 1.51956 -2.44663e-006 2.83725e-006 0.0012325 0.0012325
4.73 1.42722 -2.07782e-005 1.80755e-005 0.00127039 0.00127039
4.74 1.31433 8.56518e-006 -7.09558e-006 0.00133594 0.00133594
4.75 1.18124 -8.19398e-007 1.13987e-006 0.001423 0.001423
4.76 1.03376 -2.41418e-007 6.43896e-008 0.00150174 0.00150174
4.77 0.882132 -3.81044e-006 2.83475e-006 0.00153815 0.00153815
4.78 0.737124 5.00147e-007 -1.80412e-007 0.00153813 0.00153813
4.79 0.604013 3.00554e-006 -3.24273e-006 0.00151644 0.00151644
4.8 0.483457 1.95363e-006 -3.03605e-006 0.00146844 0.00146844
4.81 0.375472 -5.79417e-007 8.35066e-007 0.00139432 0.00139432
4.82 0.278424 1.34852e-006 -3.38353e-006 0.0013133 0.0013133
4.83 0.190206 -1.92028e-007 -1.35899e-006 0.00125029 0.00125029
4.84 0.114275 -3.83957e-007 -3.14631e-006 0.00122131 0.00122131
4.85 0.0568011 -2.33186e-006 -5.41547e-006 0.00123331 0.00123331
4.86 0.0133518 -5.97695e-006 -8.89342e-006 0.00127296 0.00127296
4.87 -0.0333095 -1.21301e-005 -1.3063e-005 0.00131779 0.00131779
4.88 -0.0984079 -1.23573e-005 -9.91315e-006 0.00137039 0.00137039
4.89 -0.184302 -8.03949e-006 -4.24791e-006 0.00143732 0.00143732
4.9 -0.284323 -6.37322e-006 -2.15799e-006 0.00149842 0.00149842
4.91 -0.392847 -5.53494e-006 -2.03135e-007 0.0015233 0.0015233
4.92 -0.509646 2.11323e-006 -1.14536e-006 0.00150674 0.00150674
4.93 -0.636206 1.7506e-006 -1.8713e-005 0.00145582 0.00145582
4.94 -0.773185 -4.37938e-006 1.64255e-005 0.00138051 0.00138051
4.95 -0.921417 -5.77279e-006 -4.25536e-005 0.00131997 0.00131997
4.96 -1.07915 -4.38248e-007 -1.75518e-005 0.00127256 0.00127256
4.97 -1.23757 6.01775e-006 -2.34179e-005 0.00119368 0.00119368
4.98 -1.38514 -1.61114e-005 -3.2985e-005 0.00109218 0.00109218
4.99 -1.51739 2.84962e-007 -2.76588e-006 0.0010122 0.0010122
5 -1.63706 -8.83495e-006 -9.37506e-006 0.000997349 0.000997349
5.01 -1.7457 -8.96469e-007 -1.3668e-005 0.00106251 0.00106251
5.02 -1.84081 -1.25272e-005 -1.74998e-005 0.00115751 0.00115751
5.03 -1.9196 3.79114e-006 2.13328e-006 0.00124703 0.00124703
5.04 -1.98087 -2.6575e-005 -3.85951e-005 0.00138798 0.00138798
5.05 -2.02645 -3.84739e-006 -2.10194e-006 0.0016411 0.0016411
5.06 -2.06374 -1.80176e-006 -7.94049e-006 0.00198594 0.00198594
5.07 -2.10257 -3.86507e-005 -2.07562e-005 0.00236939 0.00236939
5.08 -2.14697 -2.77869e-005 -2.98472e-005 0.0027097 0.0027097
5.09 -2.19459 -5.05014e-005 -3.94321e-005 0.00289629 0.00289629
5.1 -2.24333 -2.40495e-005 -3.59753e-005 0.00284923 0.00284923
5.11 -2.29184 -2.19085e-006 -1.99084e-006 0.00254426 0.00254426
5.12 -2.33584 -2.65228e-006 -5.3647e-006 0.00203579 0.00203579
5.13 -2.37189 -7.20751e-005 -4.88784e-005 0.0014533 0.0014533
5.14 -2.4032 -2.39968e-006 -7.21046e-005 0.000892499 0.000892499
5.15 -2.43454 1.80812e-005 -6.70405e-006 0.000343421 0.000343421
5.16 -2.4645 -7.43557e-006 -5.53182e-006 -0.000133031 -0.000133031
5.17 -2.48827 6.74411e-006 -3.54304e-006 -0.000362161 -0.000362161
5.18 -2.50357 3.06068e-006 -4.79814e-006 -0.000264608 -0.000264608
5.19 -2.50918 -1.92773e-005 -1.88086e-005 0.000157625 0.000157625
5.2 -2.50003 1.91848e-005 -6.00787e-005 0.000861853 0.000861853
5.21 -2.46712 -2.95647e-006 -4.44084e-005 0.0015471 0.0015471
5.22 -2.40277 -2.5372e-005 -3.51929e-005 0.00188247 0.00188247
5.23 -2.30196 4.792e-005 -0.000106075 0.00198425 0.00198425
5.24 -2.16041 2.20373e-005 -0.000243461 0.00215518 0.00215518
5.25 -1.97617 4.6518e-005 -0.000190504 0.00238401 0.00238401
5.26 -1.7486 4.02575e-007 3.02282e-005 0.0023668 0.0023668
5.27 -1.47462 -1.2916e-005 2.50176e-006 0.00187762 0.00187762
5.28 -1.15122 4.47746e-006 -9.09821e-007 0.000973127 0.000973127
5.29 -0.780952 1.11725e-005 5.3326e-006 -1.74657e-005 -1.74657e-005
5.3 -0.370378 5.95535e-005 4.80873e-005 -0.000658051 -0.000658051
5.31 0.0740484 2.28581e-005 3.32666e-005 -0.000793771 -0.000793771
5.32 0.544151 3.18384e-005 6.49115e-005 -0.000608085 -0.000608085
5.33 1.02935 -1.12791e-005 -2.95357e-005 -0.000249766 -0.000249766
5.34 1.52003 9.30199e-006 4.86755e-005 0.000279945 0.000279945
5.35 2.01135 2.93275e-005 1.64762e-005 0.000952411 0.000952411
5.36 2.50307 0.000349908 0.000229036 0.00149167 0.00149167
5.37 2.99127 0.000739425 0.000719541 0.00153529 0.00153529
5.38 3.46179 0.000383193 0.000639812 0.00116013 0.00116013
5.39 3.90047 0.000193781 0.00036707 0.000713628 0.000713628
5.4 4.30615 0.000163149 0.000300764 0.000219612 0.000219612
5.41 4.68728 0.000111114 0.000293997 -0.000483584 -0.000483584
5.42 5.04904 0.000159611 0.000188957 -0.00136985 -0.00136985
5.43 5.38546 7.66316e-005 0.000391189 -0.00227854 -0.00227854
5.44 5.68241 9.10158e-005 0.000187444 -0.00304849 -0.00304849
5.45 5.93057 4.35838e-005 9.24086e-005 -0.00371222 -0.00371222
5.46 6.13123 9.18534e-006 9.41875e-005 -0.00439692 -0.00439692
5.47 6.28886 -6.00205e-005 0.000178738 -0.0049543 -0.0049543
5.48 6.40468 2.40534e-005 1.19258e-005 -0.005069 -0.005069
5.49 6.47745 5.50412e-006 1.18437e-005 -0.0045178 -0.0045178
5.5 6.50204 -9.12407e-008 1.02115e-005 -0.00324787 -0.00324787
5.51 6.46824 0.000393611 0.000359025 -0.00156099 -0.00156099
5.52 6.36783 0.000334464 0.000488211 -0.000463259 -0.000463259
5.53 6.20069 -0.000144848 -4.3709e-005 -0.000667702 -0.000667702
5.54 5.96991 3.71362e-005 3.19044e-005 -0.0013779 -0.0013779
5.55 5.67569 -1.66051e-005 -1.01538e-005 -0.00170275 -0.00170275
5.56 5.31574 5.91508e-006 3.69496e-006 -0.00181437 -0.00181437
5.57 4.88583 -2.26815e-006 -1.29551e-006 -0.00219197 -0.00219197
5.58 4.38367 7.87605e-007 4.68522e-007 -0.00290976 -0.00290976
5.59 3.81144 3.06009e-007 1.16125e-007 -0.00358656 -0.00358656
5.6 3.17256 -1.60868e-005 2.00714e-006 -0.00380666 -0.00380666
5.61 2.46845 1.06975e-005 6.91851e-008 -0.00350933 -0.00350933
5.62 1.70291 -5.49311e-005 -5.99407e-006 -0.00299316 -0.00299316
5.63 0.889266 -4.70585e-005 -1.19958e-005 -0.00243291 -0.00243291
5.64 0.0488182 -0.000693753 -0.000549159 -0.00167642 -0.00167642
5.65 -0.798649 -0.000525373 -0.000649141 -0.00103584 -0.00103584
5.66 -1.64095 -0.000116239 -7.95028e-005 -0.000575504 -0.000575504
5.67 -2.47029 -0.000254087 -0.00029324 8.35338e-005 8.35338e-005
5.68 -3.27463 -0.000428634 -0.000367799 -8.90725e-005 -8.90725e-005
5.69 -4.03542 -0.000808063 -0.000699299 -0.00153552 -0.00153552
5.7 -4.73292 -0.000568753 -0.000737518 -0.0035676 -0.0035676
5.71 -5.35324 -0.000339847 -0.00032806 -0.00642087 -0.00642087
5.72 -5.89012 -0.000337454 -0.00042837 -0.00981072 -0.00981072
5.73 -6.33905 -0.000190414 -0.000301139 -0.0129502 -0.0129502
5.74 -6.69209 -0.000170386 -0.000288747 -0.0158487 -0.0158487
5.75 -6.93945 -0.000139272 -1.67111e-005 -0.0185238 -0.0185238
5.76 -7.07549 -8.85423e-006 -0.000280903 -0.0202628 -0.0202628
5.77 -7.10244 -0.000246131 -0.000184977 -0.0204843 -0.0204843
5.78 -7.02852 -0.000252334 -0.000217299 -0.0194422 -0.0194422
5.79 -6.8681 8.67969e-005 -0.00020322 -0.0177025 -0.0177025
5.8 -6.64244 -2.35013e-005 -7.00711e-006 -0.0157262 -0.0157262
5.81 -6.37485 0.000155416 -0.000240531 -0.013648 -0.013648
5.82 -6.07775 -1.52965e-005 3.14321e-005 -0.011318 -0.011318
5.83 -5.7477 0.000178797 -0.000191322 -0.00902045 -0.00902045
5.84 -5.37931 5.42055e-005 -0.000337993 -0.00803788 -0.00803788
5.85 -4.97933 3.21695e-005 -0.000274513 -0.00923508 -0.00923508
5.86 -4.56256 0.000384275 -0.000402947 -0.0115544 -0.0115544
5.87 -4.14049 0.000194395 -0.000227508 -0.0133822 -0.0133822
5.88 -3.71732 0.000243492 -0.000145304 -0.0142847 -0.0142847
5.89 -3.28932 0.000135636 -0.000100238 -0.0146963 -0.0146963
5.9 -2.84345 0.000152138 -3.27838e-005 -0.0149191 -0.0149191
5.91 -2.36348 0.000156761 -5.08878e-005 -0.0147152 -0.0147152
5.92 -1.83548 0.000472682 4.43159e-005 -0.0137637 -0.0137637
5.93 -1.2464 0.000421259 0.000173419 -0.0121297 -0.0121297
5.94 -0.586879 0.000628838 0.000406512 -0.00954969 -0.00954969
5.95 0.14409 0.0101072 0.00862421 -0.00613023 -0.00613023
5.96 0.930983 0.00663727 0.00546179 -0.00361812 -0.00361812
5.97 1.75377 -0.00197966 -0.00216729 -0.00284338 -0.00284338
5.98 2.59329 0.00117844 0.00100993 -0.00264657 -0.00264657
5.99 3.42676 -7.8329e-005 -0.000189833 -0.00271498 -0.00271498
6 4.22383 0.000281155 0.000188557 -0.00367687 -0.00367687
6.01 4.94122 -7.69067e-006 0.000209051 -0.00609813 -0.00609813
6.02 5.5344 9.2581e-005 -4.86641e-005 -0.00907044 -0.00907044
6.03 5.96765 -0.00010665 0.000268206 -0.0103201 -0.0103201
6.04 6.21612 -3.77513e-005 0.000100444 -0.0102413 -0.0102413
6.05 6.2633 -0.000727547 0.000752256 -0.0106554 -0.0106554
6.06 6.10195 0.00366237 -0.00247924 -0.0106376 -0.0106376
6.07 5.73299 0.00242711 -0.0015456 -0.00969634 -0.00969634
6.08 5.17526 -0.00292424 0.0030577 -0.0108265 -0.0108265
6.09 4.45866 -0.00137856 0.00139679 -0.0138393 -0.0138393
6.1 3.62009 -0.000431433 0.000538787 -0.0142429 -0.0142429
6.11 2.70935 -0.000589088 0.000297208 -0.0115591 -0.0115591
6.12 1.78737 -0.000372904 0.000268116 -0.00874948 -0.00874948
6.13 0.918631 -9.09636e-005 0.000210472 -0.00605595 -0.00605595
6.14 0.165354 -0.00019831 7.59519e-005 -0.00120398 -0.00120398
6.15 -0.413884 -2.38429e-005 6.57583e-005 0.00730699 0.00730699
6.16 -0.771338 -4.70407e-005 6.59306e-005 0.0193385 0.0193385
6.17 -0.87849 -3.2746e-005 2.98969e-005 0.0329375 0.0329375
6.18 -0.726525 -0.000308561 0.00013366 0.0441111 0.0441111
6.19 -0.324529 -0.000127606 0.00028682 0.0495957 0.0495957
6.2 0.302809 -0.0035725 -0.0012516 0.0492948 0.0492948
6.21 1.12224 -0.00235745 -0.000868016 0.0446941 0.0446941
6.22 2.10323 0.000847062 0.000351709 0.0365354 0.0365354
6.23 3.21557 -0.000296422 -3.58004e-005 0.0246214 0.0246214
6.24 4.41842 0.000424972 0.0005262 0.0105768 0.0105768
6.25 5.65656 0.000227977 0.000565003 -0.00159147 -0.00159147
6.26 6.8614 0.00118489 0.00117487 -0.0092173 -0.0092173
6.27 7.95837 0.00111497 0.000880111 -0.0131814 -0.0131814
6.28 8.88414 0.000316923 0.000311676 -0.0152381 -0.0152381
6.29 9.60708 0.000573798 3.55029e-005 -0.0145338 -0.0145338
6.3 10.1329 -7.92237e-005 7.11616e-005 -0.00999557 -0.00999557
6.31 10.4823 7.88458e-005 0.00010671 -0.00318019 -0.00318019
6.32 10.6599 0.00024928 0.000121365 0.00376107 0.00376107
6.33 10.6449 0.000520553 -0.000233671 0.00970103 0.00970103
6.34 10.4051 0.000278615 0.000557097 0.0134461 0.0134461
6.35 9.91731 0.00325887 0.00284841 0.0131995 0.0131995
6.36 9.18154 0.00159137 0.00105977 0.00935506 0.00935506
6.37 8.23512 -0.000555066 -0.00038496 0.00501309 0.00501309
6.38 7.14007 0.00020127 0.000137035 0.00156159 0.00156159
6.39 5.94672 -7.1889e-005 -4.95427e-005 -0.00167554 -0.00167554
6.4 4.67 2.37742e-005 1.95353e-005 -0.0045036 -0.0045036
6.41 3.30785 0.000892091 -0.000788092 -0.00610912 -0.00610912
6.42 1.87733 0.00033217 -0.000762635 -0.00601898 -0.00601898
6.43 0.417757 -0.000505716 -0.000803655 -0.00326051 -0.00326051
6.44 -1.02007 -0.00362076 -0.00212962 0.00106324 0.00106324
6.45 -2.37835 0.00158102 0.00311341 0.0048451 0.0048451
6.46 -3.60185 3.76689e-005 -0.00119208 0.00869462 0.00869462
6.47 -4.64505 0.000615613 0.000349883 0.011425 0.011425
6.48 -5.4927 -0.000220862 -0.000126545 0.0110399 0.0110399
6.49 -6.14689 7.73441e-005 4.52743e-005 0.00854581 0.00854581
6.5 -6.61712 -2.84409e-005 -1.67027e-005 0.00536242 0.00536242
6.51 -6.91731 -3.93358e-005 2.39817e-005 0.00201274 0.00201274
6.52 -7.07479 -5.29037e-006 8.92466e-007 -0.000916659 -0.000916659
6.53 -7.13753 4.30499e-005 0.000125815 -0.00257352 -0.00257352
6.54 -7.16797 -0.00531771 -0.00609634 0.000493364 0.000493364
6.55 -7.23346 -0.0041705 -0.00399135 0.0100119 0.0100119
6.56 -7.37699 -0.00103253 -0.000601005 0.0188484 0.0188484
6.57 -7.62405 -0.00135367 -0.00139318 0.0211935 0.0211935
6.58 -7.98833 -0.000404272 -0.00117956 0.0189041 0.0189041
6.59 -8.47069 -0.000206871 -0.000684425 0.0137462 0.0137462
6.6 -9.06309 -0.000278107 -4.55686e-005 0.0049891 0.0049891
6.61 -9.74668 -0.000609977 -0.000118647 -0.00794277 -0.00794277
6.62 -10.4871 -0.00094802 -0.00129848 -0.0242899 -0.0242899
6.63 -11.2346 -0.000425904 -0.000583969 -0.0417373 -0.0417373
6.64 -11.9287 0.000134903 -0.000157828 -0.0567435 -0.0567435
6.65 -12.5042 3.72106e-005 -8.13747e-005 -0.0664596 -0.0664596
6.66 -12.9032 6.96208e-005 0.000105073 -0.0702155 -0.0702155
6.67 -13.0845 7.00419e-005 0.000124281 -0.0687132 -0.0687132
6.68 -13.0235 7.32494e-006 9.70901e-005 -0.0625892 -0.0625892
6.69 -12.7084 -2.59975e-005 1.29408e-005 -0.0520399 -0.0520399
6.7 -12.138 3.51625e-006 -3.77399e-006 -0.0375346 -0.0375346
6.71 -11.3244 3.52145e-005 -2.18152e-005 -0.0215577 -0.0215577
6.72 -10.2952 8.78203e-005 -5.47832e-005 -0.00959533 -0.00959533
6.73 -9.0882 -4.99315e-005 3.15945e-005 -0.00648125 -0.00648125
6.74 -7.74144 1.21989e-005 -4.93289e-006 -0.011931 -0.011931
6.75 -6.29273 4.56659e-005 -1.57384e-005 -0.0224363 -0.0224363
6.76 -4.77889 8.67254e-005 -3.76462e-005 -0.0350458 -0.0350458
6.77 -3.22641 0.000222467 -2.78168e-005 -0.0475564 -0.0475564
6.78 -1.65217 0.000534747 5.19366e-005 -0.0571773 -0.0571773
6.79 -0.0744937 0.00670555 -0.0021169 -0.0617601 -0.0617601
6.8 1.47782 0.00969069 0.00351396 -0.0567563 -0.0567563
6.81 2.97584 0.00265657 0.000487021 -0.0371908 -0.0371908
6.82 4.39293 0.00164122 -0.000676662 -0.0103179 -0.0103179
6.83 5.70875 0.00190556 0.00197572 0.0142653 0.0142653
6.84 6.89705 0.000787924 -0.000543785 0.0374032 0.0374032
6.85 7.92369 0.000318114 -7.9983e-005 0.0588417 0.0588417
6.86 8.76686 0.00110066 -0.00125002 0.0718557 0.0718557
6.87 9.41626 0.00113585 0.000399624 0.072315 0.072315
6.88 9.86644 0.000437464 -0.00109544 0.0624751 0.0624751
6.89 10.1051 -5.07939e-005 -0.000662327 0.0450839 0.0450839
6.9 10.1216 2.55399e-005 0.00063846 0.0222626 0.0222626
6.91 9.92265 7.2155e-005 2.96456e-005 -0.000653786 -0.000653786
6.92 9.53611 0.000834101 -0.0062082 -0.0158667 -0.0158667
6.93 8.98874 0.000568655 -0.00468929 -0.0211472 -0.0211472
6.94 8.29985 -0.000122801 0.00156216 -0.0211392 -0.0211392
6.95 7.48532 -8.68527e-005 -8.99055e-005 -0.0161327 -0.0161327
6.96 6.5701 -5.86861e-005 0.000321056 -0.00287723 -0.00287723
6.97 5.59345 2.04858e-005 -0.000110171 0.0158817 0.0158817
6.98 4.59007 -7.61701e-006 4.14361e-005 0.0330948 0.0330948
6.99 3.57762 6.00253e-007 -1.02561e-005 0.0438096 0.0438096
7 2.56343 1.16907e-008 3.44253e-006 0.046951 0.046951
7.01 1.5638 -1.22519e-006 2.01578e-006 0.0432049 0.0432049
7.02 0.606205 -0.0024824 0.00294473 0.0360737 0.0360737
7.03 -0.289128 -0.00192875 -0.00962559 0.0304768 0.0304768
7.04 -1.12061 0.0089513 -0.00524406 0.0196584 0.0196584
7.05 -1.90765 -0.00317022 0.00151607 -0.00175688 -0.00175688
7.06 -2.6541 0.00113782 -0.000571451 -0.0178727 -0.0178727
7.07 -3.35118 -0.000407675 0.000296931 -0.0173793 -0.0173793
7.08 -3.96787 -0.0003468 7.92897e-005 -0.00828404 -0.00828404
7.09 -4.47908 -0.00394183 0.00107767 0.00135061 0.00135061
7.1 -4.87786 -0.00719699 0.00600516 0.0147866 0.0147866
7.11 -5.1729 -0.00581588 0.00559388 0.0369507 0.0369507
7.12 -5.37759 -0.00241075 0.003086 0.0634743 0.0634743
7.13 -5.50828 -0.00111099 0.00133463 0.0874604 0.0874604
7.14 -5.58254 -0.000561384 0.000753207 0.104829 0.104829
7.15 -5.61901 -0.000316406 0.000429329 0.113054 0.113054
7.16 -5.63205 -0.000339737 1.54941e-005 0.111698 0.111698
7.17 -5.6324 -0.000605612 0.00102781 0.101264 0.101264
7.18 -5.62709 -0.00136063 0.00121861 0.0832132 0.0832132
7.19 -5.62 -0.00108347 0.000168138 0.0579907 0.0579907
7.2 -5.61406 -0.000725137 -1.91228e-005 0.0288388 0.0288388
7.21 -5.61001 -0.000814282 -0.000213233 0.00727345 0.00727345
7.22 -5.59549 -0.000264713 -0.000197659 -0.00143371 -0.00143371
7.23 -5.5417 -2.8503e-006 -4.72716e-005 -0.00337372 -0.00337372
7.24 -5.41365 2.19181e-005 7.28583e-005 -0.00109204 -0.00109204
7.25 -5.1784 -1.21977e-005 -3.75912e-005 0.00886331 0.00886331
7.26 -4.80771 4.86307e-006 1.58075e-005 0.0265047 0.0265047
7.27 -4.27664 0.000448359 0.000709504 0.0458842 0.0458842
7.28 -3.56605 0.00151529 0.00169026 0.0616775 0.0616775
7.29 -2.67372 0.00149547 0.00111224 0.071283 0.071283
7.3 -1.61428 -0.000852352 -0.000711467 0.0727425 0.0727425
7.31 -0.409624 -0.00360877 -0.00219599 0.0671548 0.0671548
7.32 0.912922 -0.00278563 -0.00207453 0.0584514 0.0584514
7.33 2.29888 0.00501919 0.00071398 0.0470134 0.0470134
7.34 3.65984 0.00506763 -0.00361613 0.0299798 0.0299798
7.35 4.88902 0.00929864 -0.010377 0.0114832 0.0114832
7.36 5.90455 -0.00222226 0.00188332 0.0050595 0.0050595
7.37 6.65383 0.00100614 -0.00185912 0.0145288 0.0145288
7.38 7.11538 -0.000496087 0.000197061 0.026332 0.026332
7.39 7.263 0.000211898 -6.55981e-005 0.0339613 0.0339613
7.4 7.07485 -0.000423522 -0.000557832 0.0430291 0.0430291
7.41 6.55179 0.000149059 0.000198938 0.0552755 0.0552755
7.42 5.73029 0.000685937 -0.00141672 0.0675698 0.0675698
7.43 4.67333 0.00239816 -0.00339395 0.0735494 0.0735494
7.44 3.4421 0.000935112 -0.0012 0.0654765 0.0654765
7.45 2.08942 -0.000764878 -0.000256791 0.0441451 0.0441451
7.46 0.669846 0.00174138 -0.00111471 0.0214198 0.0214198
7.47 -0.74631 0.00125516 -0.0018139 0.00771699 0.00771699
7.48 -2.07338 -0.00112043 -0.000207447 0.000929589 0.000929589
7.49 -3.23033 0.000225092 5.44993e-005 -0.00645824 -0.00645824
7.5 -4.17183 -0.000576278 -0.000326798 -0.01449 -0.01449
7.51 -4.89143 0.000126067 0.000103847 -0.0160415 -0.0160415
7.52 -5.40242 -0.000122716 8.59203e-005 -0.00611379 -0.00611379
7.53 -5.71721 0.000299655 -0.000965597 0.0120356 0.0120356
7.54 -5.84841 -0.000389867 -0.00167163 0.0301446 0.0301446
7.55 -5.819 0.000658652 -0.00115378 0.040514 0.040514
7.56 -5.67336 0.00200755 -0.00232159 0.0401484 0.0401484
7.57 -5.47199 0.00147206 -0.0035655 0.0319783 0.0319783
7.58 -5.26191 0.000587276 -0.00079531 0.0197262 0.0197262
7.59 -5.05015 -0.000167386 -0.0001832 0.00520037 0.00520037
7.6 -4.82513 1.15722e-005 -0.000104586 -0.00978773 -0.00978773
7.61 -4.59092 0.000497693 -0.000715974 -0.0238028 -0.0238028
7.62 -4.37645 0.000384622 -0.00121679 -0.0353693 -0.0353693
7.63 -4.21316 0.00163563 -0.00233603 -0.0402902 -0.0402902
7.64 -4.10527 0.00136505 -0.00146659 -0.0349728 -0.0349728
7.65 -4.01903 -0.000554379 0.000550605 -0.0219043 -0.0219043
7.66 -3.89403 0.000200198 -0.000197204 -0.00598406 -0.00598406
7.67 -3.66559 0.000239913 0.00018761 0.00969429 0.00969429
7.68 -3.28788 -0.000147657 -8.97822e-005 0.0218202 0.0218202
7.69 -2.7492 0.00102547 0.000643951 0.0277919 0.0277919
7.7 -2.05341 0.00152434 0.00143954 0.0279365 0.0279365
7.71 -1.1981 0.00333202 0.00464821 0.021507 0.021507
7.72 -0.173593 0.00654882 0.0114417 0.00786314 0.00786314
7.73 1.00687 0.0051672 0.00970408 -0.00780184 -0.00780184
7.74 2.31432 -0.00217683 -0.000812701 -0.0211762 -0.0211762
7.75 3.71208 -0.000340928 0.00137849 -0.0289909 -0.0289909
7.76 5.16542 0.0137891 -0.0259747 -0.0211248 -0.0211248
7.77 6.62646 0.00729587 -0.01281 -0.00223038 -0.00223038
7.78 8.04029 0.00140713 0.00118719 0.00594042 0.00594042
7.79 9.32899 0.0015304 -0.00267955 0.00339843 0.00339843
7.8 10.406 -0.000647957 0.00108086 0.00455765 0.00455765
7.81 11.208 -0.00116811 0.000179753 0.0113824 0.0113824
7.82 11.7094 0.000743477 0.00162769 0.0210447 0.0210447
7.83 11.9221 0.00039085 0.00149868 0.0273196 0.0273196
7.84 11.8857 -0.000851032 0.00173038 0.0232104 0.0232104
7.85 11.6452 0.000682137 0.000421552 0.0147089 0.0147089
7.86 11.2474 0.00119863 0.00107863 0.013082 0.013082
7.87 10.748 0.00124253 0.00132025 0.0201306 0.0201306
7.88 10.2056 0.000742882 0.000805279 0.0300837 0.0300837
7.89 9.67155 0.000371029 0.000185611 0.0379572 0.0379572
7.9 9.18621 0.000166048 0.000124312 0.0425006 0.0425006
7.91 8.77588 0.000881443 0.00194726 0.0456355 0.0456355
7.92 8.45434 0.00100588 0.00142317 0.0507366 0.0507366
7.93 8.22428 -0.00100296 -0.00113847 0.0569162 0.0569162
7.94 8.0757 0.000314278 0.000424468 0.0586916 0.0586916
7.95 7.96712 -0.000219575 -0.00014344 0.053758 0.053758
7.96 7.82711 -3.45175e-005 6.5433e-005 0.0457447 0.0457447
7.97 7.56651 1.90796e-005 -2.58571e-005 0.0384914 0.0384914
7.98 7.10011 -0.000404377 -1.01585e-005 0.0325014 0.0325014
7.99 6.36952 0.00976296 0.00124682 0.0290105 0.0290105
8 5.35058 0.00580073 0.000613647 0.029127 0.029127
8.01 4.05473 -0.00698531 -0.00396074 0.0321286 0.0321286
8.02 2.50792 -0.00302125 -0.0055551 0.0362016 0.0362016
8.03 0.738959 -0.000249347 -0.000904153 0.0396209 0.0396209
8.04 -1.19774 -3.17975e-005 5.33364e-005 0.0432291 0.0432291
8.05 -3.2147 -0.000293546 -0.00236385 0.047272 0.047272
8.06 -5.21204 0.000119006 0.000790882 0.0494218 0.0494218
8.07 -7.10895 3.60195e-006 -4.81245e-005 0.0460326 0.0460326
8.08 -8.8454 -7.4788e-005 7.90809e-005 0.0394362 0.0394362
8.09 -10.365 -3.77696e-005 8.58937e-005 0.0358918 0.0358918
8.1 -11.6056 6.4423e-005 -6.83046e-005 0.0352548 0.0352548
8.11 -12.5198 0.00074754 0.000216363 0.0342589 0.0342589
8.12 -13.0914 -0.00137947 -0.000585365 0.0330913 0.0330913
8.13 -13.3353 -0.000395663 -0.00184214 0.0347745 0.0347745
8.14 -13.2853 -0.0010454 0.0001991 0.0409348 0.0409348
8.15 -12.9903 -0.000221844 -0.000653759 0.0493707 0.0493707
8.16 -12.502 0.000751653 -0.00102451 0.0554445 0.0554445
8.17 -11.8734 -0.000710333 -0.000177299 0.0563958 0.0563958
8.18 -11.1567 0.00101999 -0.00217226 0.0544086 0.0544086
8.19 -10.3946 0.00155791 -0.0021981 0.0524425 0.0524425
8.2 -9.62342 -0.00035155 0.000478774 0.0504468 0.0504468
8.21 -8.87112 0.00297888 -0.00269019 0.0465457 0.0465457
8.22 -8.15643 -0.00123785 0.00112711 0.0396165 0.0396165
8.23 -7.49234 0.00293706 -0.0019855 0.031805 0.031805
8.24 -6.88102 -0.00127184 0.000821777 0.0264159 0.0264159
8.25 -6.31846 0.000552055 -0.000417418 0.0258256 0.0258256
8.26 -5.78928 3.68837e-006 -4.09152e-005 0.0296049 0.0296049
8.27 -5.27825 0.000109226 -6.76221e-005 0.0343498 0.0343498
8.28 -4.77339 -6.54904e-005 3.37466e-005 0.0383195 0.0383195
8.29 -4.26218 2.50086e-005 -1.0836e-005 0.0425509 0.0425509
8.3 -3.7309 -0.00134727 0.00108188 0.0468389 0.0468389
8.31 -3.17129 0.00391725 -0.00226854 0.0516061 0.0516061
8.32 -2.58709 0.00373449 -0.00141763 0.0564568 0.0564568
8.33 -1.98261 -0.00113342 0.00217911 0.0569633 0.0569633
8.34 -1.36156 0.00262829 0.0034783 0.0528322 0.0528322
8.35 -0.734787 0.00450413 0.0061162 0.0479984 0.0479984
8.36 -0.126061 0.00422206 0.00466388 0.0432865 0.0432865
8.37 0.434611 -0.00159908 -0.00174581 0.0383759 0.0383759
8.38 0.914858 0.000573527 0.00062712 0.035038 0.035038
8.39 1.29335 -0.000201016 -0.000220883 0.0340383 0.0340383
8.4 1.55995 8.46625e-005 9.02298e-005 0.0347512 0.0347512
8.41 1.70623 -3.07102e-005 -3.26762e-005 0.0365873 0.0365873
8.42 1.7224 1.08684e-005 1.15603e-005 0.0390753 0.0390753
8.43 1.60347 -0.000989846 0.00215766 0.0420726 0.0420726
8.44 1.35463 -0.00885099 0.0121208 0.0371973 0.0371973
8.45 0.986726 -0.0116659 0.0122244 0.0178247 0.0178247
8.46 0.513185 -0.0630094 0.060183 0.000633382 0.000633382
8.47 -0.0233111 -0.0560854 0.0619973 0.00025223 0.00025223
8.48 -0.612603 -0.178054 0.178876 0.00353444 0.00353444
8.49 -1.18106 -0.0733702 0.0943484 -0.0207623 -0.0207623
8.5 -1.76581 -0.157393 0.154927 -0.10492 -0.10492
8.51 -2.31796 -0.0648798 0.0596846 -0.237061 -0.237061
8.52 -2.84241 -0.00919317 0.0183006 -0.3692 -0.3692
8.53 -3.31976 -0.0114177 0.00724983 -0.477909 -0.477909
8.54 -3.71828 -0.00897939 0.0150241 -0.564705 -0.564705
8.55 -4.0404 -0.0917722 0.0942933 -0.635649 -0.635649
8.56 -4.27268 -0.0391119 0.028599 -0.690091 -0.690091
8.57 -4.45018 0.0111383 -0.0100021 -0.717176 -0.717176
8.58 -4.59274 -0.00280256 0.00507585 -0.700595 -0.700595
8.59 -4.70153 0.00303197 0.000532409 -0.637111 -0.637111
8.6 -4.7863 -0.00107873 -0.000209857 -0.549433 -0.549433
8.61 -4.86411 0.000471408 0.000105157 -0.46663 -0.46663
8.62 -4.96313 -0.000124802 -2.5531e-005 -0.406802 -0.406802
8.63 -5.10705 0.000153211 -2.33374e-005 -0.37651 -0.37651
8.64 -5.31224 -0.00134367 0.000139003 -0.376411 -0.376411
8.65 -5.59305 -0.00513619 0.000499775 -0.406035 -0.406035
8.66 -5.95828 0.000173007 0.000379231 -0.469949 -0.469949
8.67 -6.41149 -0.0104956 0.00392953 -0.570226 -0.570226
8.68 -6.93591 0.00166166 -0.000703328 -0.684735 -0.684735
8.69 -7.50895 -0.00578661 0.0022274 -0.771322 -0.771322
8.7 -8.10091 -0.00672691 0.00147069 -0.809769 -0.809769
8.71 -8.68844 6.4244e-005 -0.0031942 -0.815187 -0.815187
8.72 -9.23912 -0.000109654 0.00122042 -0.798142 -0.798142
8.73 -9.70525 0.000169583 -0.000307383 -0.751895 -0.751895
8.74 -10.0335 -5.45364e-005 0.000107447 -0.672892 -0.672892
8.75 -10.183 5.641e-007 -5.64787e-005 -0.569023 -0.569023
8.76 -10.1363 -1.06052e-005 6.52723e-006 -0.459068 -0.459068
8.77 -9.89496 -3.28129e-005 -0.000103929 -0.364493 -0.364493
8.78 -9.46574 -0.000852393 -0.00224663 -0.295777 -0.295777
8.79 -8.8526 0.000353224 0.00094215 -0.246452 -0.246452
8.8 -8.06622 -0.000161574 -0.000487379 -0.202256 -0.202256
8.81 -7.12367 -0.000517234 -0.00429871 -0.155582 -0.155582
8.82 -6.04829 0.00153778 -0.00760201 -0.102788 -0.102788
8.83 -4.88977 0.0614486 -0.0618807 -0.0375194 -0.0375194
8.84 -3.6744 -0.24884 0.263445 0.0190158 0.0190158
8.85 -2.4752 -0.0945927 0.0691415 0.0571583 0.0571583
8.86 -1.3949 0.0281372 -0.0207958 0.117839 0.117839
8.87 -0.45795 -0.0100251 0.00749738 0.196616 0.196616
8.88 0.288952 0.00624386 -0.00144012 0.243481 0.243481
8.89 0.851765 0.016857 -0.016772 0.251483 0.251483
8.9 1.22411 0.0459412 -0.0515411 0.248356 0.248356
8.91 1.41168 0.0846219 -0.0982392 0.240848 0.240848
8.92 1.40316 0.369221 -0.370858 0.188011 0.188011
8.93 1.28072 0.415004 -0.413736 0.0550441 0.0550441
8.94 1.09238 0.291199 -0.33853 -0.12059 -0.12059
8.95 0.866985 0.35358 -0.26636 -0.26956 -0.26956
8.96 0.725259 0.217566 -0.199013 -0.361154 -0.361154
8.97 0.712131 0.173663 -0.126888 -0.423407 -0.423407
8.98 0.907823 0.0412619 0.0277576 -0.492164 -0.492164
8.99 1.36246 0.0114995 0.0358342 -0.54564 -0.54564
9 2.04808 0.155813 -0.055493 -0.57584 -0.57584
9.01 3.00202 0.0348802 -0.00941813 -0.649404 -0.649404
9.02 4.15985 -0.0242214 0.0104297 -0.835463 -0.835463
9.03 5.45847 0.00843727 -0.0200924 -1.13519 -1.13519
9.04 6.81913 0.157489 -0.151868 -1.43274 -1.43274
9.05 8.21288 0.0813876 -0.0424432 -1.65839 -1.65839
9.06 9.51753 -0.0258332 0.0163934 -1.91799 -1.91799
9.07 10.6178 0.00924004 -0.00593883 -2.2491 -2.2491
9.08 11.4738 -0.00331175 0.00213788 -2.53964 -2.53964
9.09 12.03 0.00120321 -0.00075394 -2.69013 -2.69013
9.1 12.2745 -0.000288285 0.000431313 -2.67223 -2.67223
9.11 12.205 0.00128766 0.00160915 -2.5113 -2.5113
9.12 11.8415 -0.000465057 -0.000571839 -2.25218 -2.25218
9.13 11.2197 0.00016354 0.000144182 -1.92707 -1.92707
9.14 10.398 1.66325e-005 4.37085e-005 -1.55051 -1.55051
9.15 9.45449 -8.94881e-005 -0.000419717 -1.14482 -1.14482
9.16 8.47558 0.00154131 0.00384813 -0.758683 -0.758683
9.17 7.53155 0.000177597 0.00120312 -0.451345 -0.451345
9.18 6.65108 0.000548994 0.000736943 -0.255162 -0.255162
9.19 5.83192 0.0013472 0.0100926 -0.15081 -0.15081
9.2 5.05447 -0.00194677 0.0102825 -0.100654 -0.100654
9.21 4.28036 -0.165789 0.17467 -0.0691261 -0.0691261
9.22 3.51154 -0.0262805 -0.202384 -0.01178 -0.01178
9.23 2.67305 1.26646 -0.972868 0.0861187 0.0861187
9.24 1.88295 0.160816 0.0486391 0.119496 0.119496
9.25 0.851422 -0.0514426 -0.015795 -0.00584056 -0.00584056
9.26 -0.390006 0.0170064 0.00406485 -0.155645 -0.155645
9.27 -1.84914 -0.0062468 -0.00162509 -0.202559 -0.202559
9.28 -3.51005 0.002243 0.000584634 -0.227457 -0.227457
9.29 -5.3311 -0.256102 0.140349 -0.351597 -0.351597
9.3 -7.20483 -0.727059 0.577978 -0.680173 -0.680173
9.31 -8.96177 -0.149788 0.192677 -1.32055 -1.32055
9.32 -10.6313 -0.0911283 0.112279 -2.15933 -2.15933
9.33 -12.045 -0.00726312 0.0269331 -2.89579 -2.89579
9.34 -13.1655 -0.0158855 0.00548707 -3.50165 -3.50165
9.35 -13.9112 -0.00247404 0.00653888 -4.17531 -4.17531
9.36 -14.2519 -0.00143669 0.00505104 -4.88739 -4.88739
9.37 -14.1747 -0.00186344 0.000760894 -5.36065 -5.36065
9.38 -13.7096 -0.025741 0.0440644 -5.40986 -5.40986
9.39 -12.9116 -0.0487254 0.0465639 -5.12707 -5.12707
9.4 -11.8639 -0.00631659 -0.00757034 -4.70577 -4.70577
9.41 -10.6797 -0.00894403 0.0041039 -4.20989 -4.20989
9.42 -9.45142 -0.0151325 -0.00275834 -3.61405 -3.61405
9.43 -8.27697 -0.0047304 -0.000380385 -2.93963 -2.93963
9.44 -7.24818 0.00124356 -0.000174239 -2.28647 -2.28647
9.45 -6.43136 -0.000465984 5.27405e-005 -1.78064 -1.78064
9.46 -5.85611 0.0001451 -3.72768e-005 -1.48402 -1.48402
9.47 -5.50848 -7.63568e-005 -1.6601e-005 -1.35324 -1.35324
9.48 -5.33403 2.26802e-005 4.50454e-006 -1.29165 -1.29165
9.49 -5.25196 -4.91561e-005 -9.5576e-005 -1.22312 -1.22312
9.5 -5.17386 -0.000777371 -0.00199534 -1.11056 -1.11056
9.51 -5.02249 0.000316548 0.000853535 -0.923658 -0.923658
9.52 -4.81126 0.485002 -0.549041 -0.560767 -0.560767
9.53 -4.41687 0.11678 0.0293068 0.0586412 0.0586412
9.54 -3.53186 -0.369866 0.338491 0.710721 0.710721
9.55 -2.49984 0.134572 -0.119532 1.06249 1.06249
9.56 -1.1417 -0.048507 0.042686 1.10885 1.10885
9.57 0.506274 0.0174256 -0.0153066 1.01446 1.01446
9.58 2.38581 -0.00624588 0.00550652 0.783866 0.783866
9.59 4.42453 0.00223319 -0.00199065 0.299855 0.299855
9.6 6.54722 -0.000817477 0.000689537 -0.480828 -0.480828
9.61 8.67116 0.00029323 -0.000247921 -1.44071 -1.44071
9.62 10.7024 0.00438835 0.00227123 -2.37149 -2.37149
9.63 12.3757 0.849045 -0.19335 -3.22078 -3.22078
9.64 13.6699 1.3365 -1.21348 -4.53295 -4.53295
9.65 15.0881 -0.167067 -0.0576027 -6.47072 -6.47072
9.66 15.9586 0.0860762 0.00534904 -7.94833 -7.94833
9.67 16.547 0.000664329 0.137264 -8.42386 -8.42386
9.68 16.8245 -0.0379479 0.0329434 -8.57989 -8.57989
9.69 16.88 0.116949 -0.0182334 -8.93527 -8.93527
9.7 16.6753 0.000206589 0.0275703 -9.18274 -9.18274
9.71 16.2965 -0.00400018 -0.0167167 -8.70453 -8.70453
9.72 15.7937 -0.0246439 0.0142398 -7.43458 -7.43458
9.73 15.2356 0.010421 -0.00535547 -5.91077 -5.91077
9.74 14.6193 0.0876362 0.028197 -4.67424 -4.67424
9.75 14.0335 0.0765218 -0.0324182 -3.90417 -3.90417
9.76 13.4754 -0.0232995 -0.00568061 -3.44884 -3.44884
9.77 12.8874 0.00817405 0.00201565 -3.14692 -3.14692
9.78 12.2709 -0.00308479 -0.000923796 -3.1277 -3.1277
9.79 11.5563 0.000641361 -0.000458849 -3.61915 -3.61915
9.8 10.7087 -0.000319373 -9.16533e-005 -4.57406 -4.57406
9.81 9.69996 -0.000232756 -0.00156942 -5.63264 -5.63264
9.82 8.52059 -0.000575934 -0.00142367 -6.39173 -6.39173
9.83 7.17431 -0.00347159 -0.0114111 -6.66054 -6.66054
9.84 5.67523 -0.00296025 -0.00687594 -6.46242 -6.46242
9.85 4.0438 0.00140859 0.00244406 -5.85266 -5.85266
9.86 2.31791 -0.000807705 -0.0015137 -4.82532 -4.82532
9.87 0.562411 0.000270194 0.000501532 -3.40676 -3.40676
9.88 -1.13787 -7.66468e-005 -0.000173903 -1.75679 -1.75679
9.89 -2.69197 2.66282e-005 6.20599e-005 -0.132008 -0.132008
9.9 -4.01572 -3.5326e-005 -4.69376e-005 1.23999 1.23999
9.91 -5.03529 -6.67474e-006 -2.99353e-006 2.24439 2.24439
9.92 -5.68418 0.00203683 0.0015174 2.86453 2.86453
9.93 -5.91522 -0.018593 0.0175925 3.11311 3.11311
9.94 -5.74156 -0.482919 0.391078 2.89814 2.89814
9.95 -5.19808 -0.255613 0.332966 2.16064 2.16064
9.96 -4.44512 1.76047 -1.69981 0.960112 0.960112
9.97 -2.96409 0.281177 -0.419547 -0.484625 -0.484625
9.98 -1.44771 -0.106326 0.14422 -1.64285 -1.64285
9.99 0.0447692 0.0383348 -0.0516253 -2.26432 -2.26432
10 1.55751 -0.0137462 0.0185446 -2.60508 -2.60508
