0.1 0 0 0 0 0
0.2 0 0 0 0 0
0.3 0 0 0 0 0
0.4 0 0 0 0 0
0.5 0 0 0 0 0
0.6 0 0 0 0 0
0.7 0 0 0 0 0
0.8 0 0 0 0 0
0.9 0 0 0 0 0
1 0 0 0 0 0
0.01 3.15763e-005 -0.0936973 0.0952681 -1.8997e-017 -1.8997e-017
0.02 0.000140417 -0.357767 0.37005 3.30453e-010 3.30453e-010
0.03 0.000277738 -0.6645 0.696514 3.17178e-009 3.17178e-009
0.04 0.000298374 -0.906425 0.941987 1.34097e-008 1.34097e-008
0.05 5.77731e-005 -1.0917 1.08303 3.39348e-008 3.39348e-008
0.06 -0.000544563 -1.22677 1.11036 5.96092e-008 5.96092e-008
0.07 -0.0015591 -1.31182 1.02719 6.32569e-008 6.32569e-008
0.08 -0.00298647 -1.34363 0.849775 -1.10958e-008 -1.10958e-008
0.09 -0.00479207 -1.31937 0.602876 -1.5645e-007 -1.5645e-007
0.1 -0.00693168 -1.24026 0.311913 -2.87001e-007 -2.87001e-007
0.11 -0.0093661 -1.1136 -0.00228294 -3.97182e-007 -3.97182e-007
0.12 -0.0120703 -0.953052 -0.326618 -5.61255e-007 -5.61255e-007
0.13 -0.0150466 -0.778167 -0.657477 -8.06502e-007 -8.06502e-007
0.14 -0.0183187 -0.612162 -0.996578 -1.10597e-006 -1.10597e-006
0.15 -0.021898 -0.477073 -1.34213 -1.41879e-006 -1.41879e-006
0.16 -0.0257542 -0.386059 -1.6848 -1.67888e-006 -1.67888e-006
0.17 -0.0298191 -0.339111 -2.01195 -1.79596e-006 -1.79596e-006
0.18 -0.0340269 -0.325398 -2.3172 -1.69625e-006 -1.69625e-006
0.19 -0.0383527 -0.326532 -2.60948 -1.33908e-006 -1.33908e-006
0.2 -0.0428107 -0.320523 -2.91123 -6.99398e-007 -6.99398e-007
0.21 -0.0474148 -0.28459 -3.24727 2.21684e-007 2.21684e-007
0.22 -0.0521369 -0.194874 -3.63631 1.31947e-006 1.31947e-006
0.23 -0.0569084 -0.0321713 -4.08768 2.39882e-006 2.39882e-006
0.24 -0.06165 0.209597 -4.60188 3.29299e-006 3.29299e-006
0.25 -0.0662851 0.520667 -5.17099 3.87772e-006 3.87772e-006
0.26 -0.0707196 0.883485 -5.77933 4.02504e-006 4.02504e-006
0.27 -0.074811 1.29037 -6.41051 3.62153e-006 3.62153e-006
0.28 -0.0783944 1.74537 -7.05431 2.62217e-006 2.62217e-006
0.29 -0.0813737 2.2423 -7.70691 1.09192e-006 1.09192e-006
0.3 -0.0837705 2.75375 -8.368 -7.73708e-007 -7.73708e-007
0.31 -0.085638 3.25299 -9.03435 -2.63014e-006 -2.63014e-006
0.32 -0.0869907 3.72624 -9.69046 -4.04152e-006 -4.04152e-006
0.33 -0.0878488 4.15926 -10.3074 -4.61006e-006 -4.61006e-006
0.34 -0.0882822 4.53899 -10.8583 -4.05998e-006 -4.05998e-006
0.35 -0.088436 4.86229 -11.3367 -2.27514e-006 -2.27514e-006
0.36 -0.0885288 5.13222 -11.7563 8.01499e-007 8.01499e-007
0.37 -0.0887624 5.35697 -12.1305 5.09807e-006 5.09807e-006
0.38 -0.0892073 5.55451 -12.4541 1.01381e-005 1.01381e-005
0.39 -0.0898219 5.7454 -12.7097 1.52107e-005 1.52107e-005
0.4 -0.0905852 5.93817 -12.8923 1.96375e-005 1.96375e-005
0.41 -0.0915205 6.13263 -13.0206 2.27285e-005 2.27285e-005
0.42 -0.0926135 6.32871 -13.1213 2.39715e-005 2.39715e-005
0.43 -0.0937304 6.53022 -13.2077 2.33746e-005 2.33746e-005
0.44 -0.0945962 6.74784 -13.274 2.12296e-005 2.12296e-005
0.45 -0.0949214 6.98666 -13.312 1.78343e-005 1.78343e-005
0.46 -0.0945093 7.24161 -13.3288 1.37244e-005 1.37244e-005
0.47 -0.0932121 7.50768 -13.3391 9.60773e-006 9.60773e-006
0.48 -0.0909081 7.77036 -13.3433 6.26864e-006 6.26864e-006
0.49 -0.0875285 8.00055 -13.323 4.6773e-006 4.6773e-006
0.5 -0.0830231 8.18175 -13.2545 5.4899e-006 5.4899e-006
0.51 -0.0773624 8.31634 -13.1164 8.56584e-006 8.56584e-006
0.52 -0.070596 8.39877 -12.8827 1.25624e-005 1.25624e-005
0.53 -0.0627878 8.42463 -12.5222 1.59946e-005 1.59946e-005
0.54 -0.053978 8.421 -12.0259 1.89515e-005 1.89515e-005
0.55 -0.0442984 8.43079 -11.4276 2.16182e-005 2.16182e-005
0.56 -0.034033 8.45711 -10.7699 2.30027e-005 2.30027e-005
0.57 -0.0235418 8.43354 -10.0536 2.22388e-005 2.22388e-005
0.58 -0.0131567 8.27684 -9.2523 1.95335e-005 1.95335e-005
0.59 -0.00308978 7.97543 -8.36749 1.58016e-005 1.58016e-005
0.6 0.0065531 7.60189 -7.44641 1.20446e-005 1.20446e-005
0.61 0.0155897 7.22868 -6.55471 9.09654e-006 9.09654e-006
0.62 0.0237327 6.87253 -5.73597 7.30293e-006 7.30293e-006
0.63 0.0309458 6.56764 -4.9976 6.6686e-006 6.6686e-006
0.64 0.0375352 6.3934 -4.32565 7.28418e-006 7.28418e-006
0.65 0.0436495 6.34571 -3.69619 9.11546e-006 9.11546e-006
0.66 0.0491152 6.31697 -3.09231 1.16726e-005 1.16726e-005
0.67 0.0538258 6.23364 -2.52095 1.42626e-005 1.42626e-005
0.68 0.0579786 6.10003 -1.98305 1.63604e-005 1.63604e-005
0.69 0.0619293 5.93355 -1.44531 1.76236e-005 1.76236e-005
0.7 0.0659577 5.73916 -0.875904 1.79025e-005 1.79025e-005
0.71 0.0701397 5.52219 -0.287549 1.72524e-005 1.72524e-005
0.72 0.0742236 5.26022 0.265848 1.59993e-005 1.59993e-005
0.73 0.0777263 4.89102 0.738216 1.46284e-005 1.46284e-005
0.74 0.0802979 4.35234 1.15415 1.34279e-005 1.34279e-005
0.75 0.0818375 3.62191 1.59746 1.26282e-005 1.26282e-005
0.76 0.0822533 2.7379 2.11743 1.24429e-005 1.24429e-005
0.77 0.081388 1.80234 2.68448 1.28072e-005 1.28072e-005
0.78 0.0792484 0.967798 3.23396 1.32937e-005 1.32937e-005
0.79 0.0760283 0.361795 3.71946 1.32332e-005 1.32332e-005
0.8 0.0719153 0.00787017 4.12665 1.26703e-005 1.26703e-005
0.81 0.0670553 -0.141641 4.4383 1.25274e-005 1.25274e-005
0.82 0.0616026 -0.13914 4.60541 1.31471e-005 1.31471e-005
0.83 0.0558233 -0.0316997 4.58913 1.3926e-005 1.3926e-005
0.84 0.0502296 0.139795 4.4159 1.37419e-005 1.37419e-005
0.85 0.0455871 0.380668 4.15247 1.2388e-005 1.2388e-005
0.86 0.0427389 0.734104 3.86813 1.15153e-005 1.15153e-005
0.87 0.0421332 1.13935 3.64942 1.22237e-005 1.22237e-005
0.88 0.0436622 1.4261 3.57524 1.37684e-005 1.37684e-005
0.89 0.0471555 1.53959 3.64253 1.499e-005 1.499e-005
0.9 0.0526347 1.61919 3.75776 1.55657e-005 1.55657e-005
0.91 0.060087 1.81532 3.83987 1.59912e-005 1.59912e-005
0.92 0.0692228 2.08569 3.93655 1.65532e-005 1.65532e-005
0.93 0.0796246 2.25837 4.19521 1.66397e-005 1.66397e-005
0.94 0.0909874 2.28383 4.68227 1.58123e-005 1.58123e-005
0.95 0.102822 2.29301 5.25036 1.43607e-005 1.43607e-005
0.96 0.114336 2.45348 5.63949 1.19542e-005 1.19542e-005
0.97 0.124812 2.80681 5.72373 8.44549e-006 8.44549e-006
0.98 0.133707 3.21805 5.58694 5.29333e-006 5.29333e-006
0.99 0.140742 3.57672 5.35777 3.59573e-006 3.59573e-006
1 0.145877 3.93826 5.06113 2.56152e-006 2.56152e-006
1.01 0.148661 4.34274 4.61922 1.49651e-006 1.49651e-006
1.02 0.148369 4.73718 3.961 1.20293e-006 1.20293e-006
1.03 0.145292 5.16164 3.15938 2.56397e-006 2.56397e-006
1.04 0.140947 5.76478 2.43557 5.22749e-006 5.22749e-006
1.05 0.136578 6.5647 1.97736 8.34138e-006 8.34138e-006
1.06 0.13229 7.3676 1.80196 1.14445e-005 1.14445e-005
1.07 0.127878 7.98495 1.80037 1.36184e-005 1.36184e-005
1.08 0.123806 8.45029 1.82727 1.36897e-005 1.36897e-005
1.09 0.120935 8.88453 1.79133 1.15508e-005 1.15508e-005
1.1 0.119613 9.19973 1.72665 7.75929e-006 7.75929e-006
1.11 0.119854 9.21548 1.74807 2.95874e-006 2.95874e-006
1.12 0.122214 9.02196 1.92407 -1.74359e-006 -1.74359e-006
1.13 0.127354 8.94012 2.17645 -5.87671e-006 -5.87671e-006
1.14 0.134653 9.13356 2.27705 -1.07595e-005 -1.07595e-005
1.15 0.142752 9.61963 1.97183 -1.64909e-005 -1.64909e-005
1.16 0.151096 10.4851 1.16276 -2.02396e-005 -2.02396e-005
1.17 0.15982 11.7091 0.0291009 -1.92511e-005 -1.92511e-005
1.18 0.169303 13.0982 -1.04877 -1.48754e-005 -1.48754e-005
1.19 0.179676 14.4352 -1.77425 -1.05542e-005 -1.05542e-005
1.2 0.190198 15.5306 -2.12987 -6.35812e-006 -6.35812e-006
1.21 0.199662 16.2734 -2.29188 -1.7369e-006 -1.7369e-006
1.22 0.206999 16.633 -2.44689 2.53771e-006 2.53771e-006
1.23 0.211415 16.6276 -2.7008 6.33167e-006 6.33167e-006
1.24 0.212611 16.357 -3.05894 9.46554e-006 9.46554e-006
1.25 0.211042 16.0505 -3.45109 1.07756e-005 1.07756e-005
1.26 0.207498 15.9621 -3.79844 8.81559e-006 8.81559e-006
1.27 0.20253 16.1925 -4.04359 4.87451e-006 4.87451e-006
1.28 0.196573 16.6963 -4.14912 1.69189e-006 1.69189e-006
1.29 0.189987 17.3153 -4.10347 -7.53649e-007 -7.53649e-007
1.3 0.183236 17.8545 -3.90364 -4.44287e-006 -4.44287e-006
1.31 0.177522 18.3056 -3.56471 -1.15147e-005 -1.15147e-005
1.32 0.174207 18.8039 -3.1886 -2.16333e-005 -2.16333e-005
1.33 0.173604 19.3644 -2.97964 -2.91698e-005 -2.91698e-005
1.34 0.175807 20.0149 -3.12175 -2.89982e-005 -2.89982e-005
1.35 0.182181 20.9695 -3.57043 -2.30924e-005 -2.30924e-005
1.36 0.194292 22.258 -4.00037 -1.58317e-005 -1.58317e-005
1.37 0.211947 23.4796 -4.07618 -8.22367e-006 -8.22367e-006
1.38 0.232899 24.0878 -3.75444 -3.80585e-007 -3.80585e-007
1.39 0.253971 23.804 -3.32437 7.71119e-006 7.71119e-006
1.4 0.272212 22.7478 -3.17753 1.53623e-005 1.53623e-005
1.41 0.285745 21.1524 -3.37863 1.965e-005 1.965e-005
1.42 0.294327 19.265 -3.52433 2.0171e-005 2.0171e-005
1.43 0.298791 17.5023 -3.18503 1.96522e-005 1.96522e-005
1.44 0.298897 16.177 -2.33157 1.72767e-005 1.72767e-005
1.45 0.292268 15.1507 -1.31343 1.00272e-005 1.00272e-005
1.46 0.276075 14.0025 -0.530494 6.7048e-007 6.7048e-007
1.47 0.249762 12.4213 -0.0294481 -6.26198e-006 -6.26198e-006
1.48 0.215412 10.276 0.574092 -9.89462e-006 -9.89462e-006
1.49 0.175084 7.36361 1.68796 -1.01804e-005 -1.01804e-005
1.5 0.129713 3.54764 3.36309 -7.16044e-006 -7.16044e-006
1.51 0.0816487 -0.632623 5.34548 -1.96707e-006 -1.96707e-006
1.52 0.0360144 -3.98552 7.36126 3.25179e-006 3.25179e-006
1.53 -0.00219158 -5.74973 9.32595 1.03227e-005 1.03227e-005
1.54 -0.0307727 -6.27121 11.2895 2.62857e-005 2.62857e-005
1.55 -0.0493974 -6.38476 13.2312 5.37611e-005 5.37611e-005
1.56 -0.0576511 -6.67983 15.0449 8.68464e-005 8.68464e-005
1.57 -0.0550598 -7.43396 16.6263 0.000116842 0.000116842
1.58 -0.0423311 -8.77231 17.833 0.000139394 0.000139394
1.59 -0.0218742 -10.7466 18.4828 0.0001537 0.0001537
1.6 0.0025357 -13.4379 18.5397 0.000157048 0.000157048
1.61 0.0274628 -16.8581 18.3618 0.000146678 0.000146678
1.62 0.0514238 -20.5755 18.5547 0.000120252 0.000120252
1.63 0.0738248 -23.5512 19.283 7.40353e-005 7.40353e-005
1.64 0.0934093 -24.5315 19.9692 1.16376e-005 1.16376e-005
1.65 0.108306 -22.9498 19.9594 -5.03858e-005 -5.03858e-005
1.66 0.116726 -19.4334 19.2497 -0.000101502 -0.000101502
1.67 0.118847 -15.2783 18.4272 -0.000147912 -0.000147912
1.68 0.116516 -11.5407 18.0605 -0.00018331 -0.00018331
1.69 0.112115 -8.64378 18.2046 -0.000183584 -0.000183584
1.7 0.107949 -6.55648 18.543 -0.000145542 -0.000145542
1.71 0.107239 -4.90378 18.8515 -8.86561e-005 -8.86561e-005
1.72 0.114245 -3.01434 19.0469 -2.74187e-005 -2.74187e-005
1.73 0.131629 -0.384652 18.9557 2.56714e-005 2.56714e-005
1.74 0.158801 2.90442 18.2853 5.76507e-005 5.76507e-005
1.75 0.193134 6.43092 16.7695 6.65267e-005 6.65267e-005
1.76 0.231611 9.81797 14.2798 5.38086e-005 5.38086e-005
1.77 0.270584 12.6714 10.8883 2.12902e-005 2.12902e-005
1.78 0.305577 14.4524 6.94528 -2.44178e-005 -2.44178e-005
1.79 0.333371 14.9895 3.03683 -7.27201e-005 -7.27201e-005
1.8 0.353147 14.977 -0.386914 -0.000110551 -0.000110551
1.81 0.364268 15.484 -3.36023 -0.0001319 -0.0001319
1.82 0.365051 17.189 -6.21059 -0.000140166 -0.000140166
1.83 0.354193 20.1482 -9.10906 -0.000131543 -0.000131543
1.84 0.332327 23.9946 -11.8772 -6.53889e-005 -6.53889e-005
1.85 0.301817 28.1033 -14.1005 6.72118e-005 6.72118e-005
1.86 0.265419 31.6338 -15.4385 0.000171441 0.000171441
1.87 0.226465 34.1492 -15.9211 0.000185201 0.000185201
1.88 0.191703 36.4573 -15.9362 0.000150644 0.000150644
1.89 0.169657 39.8842 -15.9447 0.000106126 0.000106126
1.9 0.164012 44.3446 -16.2344 3.44537e-005 3.44537e-005
1.91 0.172201 48.1751 -16.8738 -9.97287e-005 -9.97287e-005
1.92 0.190318 49.8388 -17.7951 -0.000280793 -0.000280793
1.93 0.214768 48.7654 -18.952 -0.000429594 -0.000429594
1.94 0.239964 44.9781 -20.4176 -0.00050119 -0.00050119
1.95 0.258827 38.8664 -22.2696 -0.00052136 -0.00052136
1.96 0.265376 31.4402 -24.4603 -0.000480057 -0.000480057
1.97 0.25599 24.2741 -26.8162 -0.000332209 -0.000332209
1.98 0.228092 18.6264 -29.0813 -9.68397e-005 -9.68397e-005
1.99 0.17827 14.7206 -31.0119 0.000149021 0.000149021
2 0.103663 11.9417 -32.4072 0.000330464 0.000330464
2.01 0.00439954 9.47357 -33.0238 0.000410767 0.000410767
2.02 -0.114765 6.83033 -32.5356 0.000394821 0.000394821
2.03 -0.245783 3.79758 -30.6629 0.000314965 0.000314965
2.04 -0.380154 0.181091 -27.4382 0.000199851 0.000199851
2.05 -0.508735 -3.78962 -23.3195 5.33441e-005 5.33441e-005
2.06 -0.621424 -7.41698 -18.944 -0.000117753 -0.000117753
2.07 -0.710713 -10.6037 -14.7891 -0.000276313 -0.000276313
2.08 -0.774004 -14.2871 -11.0582 -0.000371777 -0.000371777
2.09 -0.811748 -19.5055 -7.80581 -0.000380672 -0.000380672
2.1 -0.825406 -26.4316 -5.14754 -0.000316171 -0.000316171
2.11 -0.817699 -34.4205 -3.26729 -0.000205355 -0.000205355
2.12 -0.794225 -42.8677 -2.21773 -7.32563e-005 -7.32563e-005
2.13 -0.763777 -51.5833 -1.85854 6.71942e-005 6.71942e-005
2.14 -0.735836 -60.3843 -1.91008 0.000179325 0.000179325
2.15 -0.717807 -68.6855 -1.9994 0.000181298 0.000181298
2.16 -0.713758 -75.446 -1.79461 3.44089e-005 3.44089e-005
2.17 -0.726095 -79.8106 -1.19462 -0.000208837 -0.000208837
2.18 -0.758772 -82.0549 -0.399632 -0.000481538 -0.000481538
2.19 -0.815003 -83.1948 0.33254 -0.000755105 -0.000755105
2.2 -0.891099 -83.54 1.0387 -0.000977085 -0.000977085
2.21 -0.976522 -82.6031 2.04312 -0.0010465 -0.0010465
2.22 -1.05987 -80.2094 3.66215 -0.000978342 -0.000978342
2.23 -1.13181 -76.8922 5.95606 -0.000859857 -0.000859857
2.24 -1.18489 -73.3526 8.63333 -0.00063606 -0.00063606
2.25 -1.21302 -70.0143 11.1462 -0.00027092 -0.00027092
2.26 -1.21276 -67.2357 12.9034 9.67008e-005 9.67008e-005
2.27 -1.18328 -65.2326 13.4689 0.000306463 0.000306463
2.28 -1.12417 -63.5799 12.7235 0.0003247 0.0003247
2.29 -1.03635 -61.5551 10.8606 0.000216614 0.000216614
2.3 -0.924584 -58.855 8.19916 4.02656e-005 4.02656e-005
2.31 -0.796251 -55.4271 5.08572 -0.000172013 -0.000172013
2.32 -0.658625 -51.078 1.91748 -0.000393818 -0.000393818
2.33 -0.51866 -45.6371 -0.930913 -0.000594135 -0.000594135
2.34 -0.383552 -39.1768 -3.27183 -0.000724674 -0.000724674
2.35 -0.259912 -31.9254 -5.12756 -0.000738225 -0.000738225
2.36 -0.152171 -24.0653 -6.59206 -0.000628678 -0.000628678
2.37 -0.0624922 -15.8374 -7.7134 -0.000440432 -0.000440432
2.38 0.00942504 -7.48119 -8.45984 -0.000234169 -0.000234169
2.39 0.068385 1.31518 -8.7243 -5.53747e-005 -5.53747e-005
2.4 0.122556 11.1074 -8.28921 6.92165e-005 6.92165e-005
2.41 0.180477 21.8535 -6.80695 0.000126191 0.000126191
2.42 0.249938 33.0801 -4.04633 0.000104574 0.000104574
2.43 0.336056 44.0801 -0.336619 -5.77463e-006 -5.77463e-006
2.44 0.438103 53.6209 3.38255 -0.000214475 -0.000214475
2.45 0.552438 60.556 6.16624 -0.000506576 -0.000506576
2.46 0.677992 64.9053 7.68725 -0.000798255 -0.000798255
2.47 0.815554 67.6916 8.23703 -0.00100718 -0.00100718
2.48 0.96338 69.8731 8.30953 -0.00112323 -0.00112323
2.49 1.11489 71.7539 8.27895 -0.00115785 -0.00115785
2.5 1.25991 73.0403 8.36124 -0.00110873 -0.00110873
2.51 1.38729 73.3047 8.64128 -0.000978436 -0.000978436
2.52 1.48687 72.4093 9.0158 -0.000812934 -0.000812934
2.53 1.55062 70.5153 9.29769 -0.000667741 -0.000667741
2.54 1.57419 68.1005 9.42997 -0.00054838 -0.00054838
2.55 1.55774 65.9097 9.52485 -0.000458647 -0.000458647
2.56 1.50467 64.5511 9.76601 -0.000434867 -0.000434867
2.57 1.42007 64.1579 10.2577 -0.000478491 -0.000478491
2.58 1.30978 64.3353 10.9475 -0.000550479 -0.000550479
2.59 1.18036 64.2789 11.7665 -0.000642989 -0.000642989
2.6 1.03941 63.094 12.7454 -0.00075298 -0.00075298
2.61 0.89521 60.2547 13.846 -0.000844885 -0.000844885
2.62 0.755592 55.8112 14.7859 -0.000888905 -0.000888905
2.63 0.62735 50.2014 15.2367 -0.000877879 -0.000877879
2.64 0.5149 43.6115 15.1923 -0.000817046 -0.000817046
2.65 0.418187 35.4594 14.9975 -0.00072043 -0.00072043
2.66 0.333516 25.0896 14.948 -0.00061136 -0.00061136
2.67 0.255836 12.7975 14.8582 -0.000516889 -0.000516889
2.68 0.179524 -0.20432 14.1123 -0.000457665 -0.000457665
2.69 0.0986754 -12.6321 12.2414 -0.000443043 -0.000443043
2.7 0.00703987 -23.9983 9.391 -0.000471641 -0.000471641
2.71 -0.10075 -34.5158 6.27699 -0.000533881 -0.000533881
2.72 -0.226133 -44.1513 3.7741 -0.000617167 -0.000617167
2.73 -0.366187 -52.1465 2.33234 -0.00070509 -0.00070509
2.74 -0.517523 -57.7738 1.57731 -0.000775926 -0.000775926
2.75 -0.679008 -61.3142 0.631347 -0.000812002 -0.000812002
2.76 -0.848051 -63.7122 -1.00221 -0.000807548 -0.000807548
2.77 -1.01776 -65.7573 -3.14832 -0.000767492 -0.000767492
2.78 -1.18036 -67.9672 -5.59385 -0.00070365 -0.00070365
2.79 -1.32934 -70.4712 -8.47007 -0.000660694 -0.000660694
2.8 -1.45742 -72.8417 -11.7807 -0.000723295 -0.000723295
2.81 -1.55802 -74.8641 -15.0145 -0.000892245 -0.000892245
2.82 -1.62887 -77.1298 -17.4747 -0.00104456 -0.00104456
2.83 -1.67181 -80.3846 -18.8298 -0.00111739 -0.00111739
2.84 -1.69146 -84.8153 -19.3659 -0.00113892 -0.00113892
2.85 -1.69295 -89.8423 -19.7108 -0.00110931 -0.00110931
2.86 -1.68144 -94.5327 -20.4386 -0.000977447 -0.000977447
2.87 -1.6631 -98.1369 -22.0088 -0.000688642 -0.000688642
2.88 -1.64293 -99.926 -24.6055 -0.000286427 -0.000286427
2.89 -1.62207 -99.1093 -27.8427 0.000118859 0.000118859
2.9 -1.59955 -95.3835 -30.9603 0.000465651 0.000465651
2.91 -1.57489 -89.1139 -33.4538 0.00072409 0.00072409
2.92 -1.5479 -80.9086 -35.3987 0.000857094 0.000857094
2.93 -1.51733 -71.4161 -37.1178 0.00083863 0.00083863
2.94 -1.47973 -61.2764 -38.6979 0.000668095 0.000668095
2.95 -1.42981 -50.9624 -39.9843 0.000370135 0.000370135
2.96 -1.36254 -40.835 -40.8297 7.06646e-006 7.06646e-006
2.97 -1.27475 -31.4416 -41.0462 -0.000331114 -0.000331114
2.98 -1.16508 -23.5139 -40.2412 -0.000563271 -0.000563271
2.99 -1.03299 -17.4143 -37.9911 -0.000646747 -0.000646747
3 -0.87799 -12.6523 -34.1627 -0.000591899 -0.000591899
3.01 -0.700479 -8.18566 -28.9983 -0.000430045 -0.000430045
3.02 -0.502969 -3.17616 -22.9103 -0.000190443 -0.000190443
3.03 -0.289677 2.67084 -16.207 8.1416e-005 8.1416e-005
3.04 -0.0661525 9.08903 -9.08114 0.000331739 0.000331739
3.05 0.159909 15.4039 -1.90846 0.000440811 0.000440811
3.06 0.380388 21.1116 4.72864 0.000368196 0.000368196
3.07 0.591337 26.5405 10.5773 0.000271668 0.000271668
3.08 0.793981 32.7227 15.9216 0.000179804 0.000179804
3.09 0.989488 40.2612 21.137 -1.38343e-005 -1.38343e-005
3.1 1.17535 48.6274 26.3472 -0.000279914 -0.000279914
3.11 1.34783 56.9732 31.3364 -0.000437787 -0.000437787
3.12 1.50661 65.2891 35.7507 -0.000348074 -0.000348074
3.13 1.65593 74.2555 39.5086 -7.26818e-005 -7.26818e-005
3.14 1.79907 83.8346 42.8137 0.000291417 0.000291417
3.15 1.93419 92.5625 45.9146 0.000744786 0.000744786
3.16 2.05673 98.5369 49.0407 0.00125607 0.00125607
3.17 2.16193 100.472 52.3348 0.00169018 0.00169018
3.18 2.24602 98.2075 55.8139 0.00190557 0.00190557
3.19 2.30886 93.1545 59.4884 0.00187341 0.00187341
3.2 2.35343 87.64 63.4296 0.0016398 0.0016398
3.21 2.38068 83.0909 67.7178 0.0011511 0.0011511
3.22 2.38674 79.1725 72.3447 0.000399822 0.000399822
3.23 2.36586 74.7235 77.0271 -0.000397688 -0.000397688
3.24 2.31398 68.9885 81.1699 -0.00108622 -0.00108622
3.25 2.22992 61.9228 84.0568 -0.0016603 -0.0016603
3.26 2.11452 54.1009 84.9202 -0.00202649 -0.00202649
3.27 1.97175 46.7875 83.0701 -0.00205251 -0.00205251
3.28 1.80828 41.3955 78.3076 -0.0017766 -0.0017766
3.29 1.63095 38.3162 71.221 -0.00134437 -0.00134437
3.3 1.44515 36.5689 63.0499 -0.000868464 -0.000868464
3.31 1.25576 34.6792 55.2213 -0.000413886 -0.000413886
3.32 1.06874 31.7266 48.8221 -4.73006e-005 -4.73006e-005
3.33 0.889103 27.3014 44.255 0.000132779 0.000132779
3.34 0.716981 20.6601 41.2378 5.91467e-005 5.91467e-005
3.35 0.548756 11.0002 39.0813 -0.000241571 -0.000241571
3.36 0.382144 -1.27445 36.9498 -0.000670892 -0.000670892
3.37 0.21763 -14.4376 34.0784 -0.00111394 -0.00111394
3.38 0.0571755 -26.4453 30.1137 -0.00142765 -0.00142765
3.39 -0.097172 -35.8791 25.3393 -0.00155286 -0.00155286
3.4 -0.245433 -42.7295 20.451 -0.00158223 -0.00158223
3.41 -0.391956 -48.4994 16.0626 -0.00150537 -0.00150537
3.42 -0.542708 -54.9221 12.3584 -0.00123211 -0.00123211
3.43 -0.70006 -62.3951 9.01691 -0.00083473 -0.00083473
3.44 -0.861908 -69.8446 5.40831 -0.000449676 -0.000449676
3.45 -1.02386 -75.8157 0.979031 -0.00018841 -0.00018841
3.46 -1.18193 -79.5078 -4.53852 -0.000138444 -0.000138444
3.47 -1.33359 -81.0646 -11.1198 -0.000264688 -0.000264688
3.48 -1.47651 -81.2078 -18.3996 -0.000469555 -0.000469555
3.49 -1.6074 -80.7689 -25.6921 -0.000715182 -0.000715182
3.5 -1.72357 -80.7266 -32.1973 -0.00099224 -0.00099224
3.51 -1.82419 -82.1504 -37.2685 -0.00136195 -0.00136195
3.52 -1.90812 -85.1806 -40.6661 -0.00184665 -0.00184665
3.53 -1.97189 -88.5568 -42.678 -0.00226684 -0.00226684
3.54 -2.01321 -90.8353 -43.9089 -0.0024702 -0.0024702
3.55 -2.03398 -91.7113 -44.937 -0.002466 -0.002466
3.56 -2.04043 -92.1818 -46.0953 -0.00235662 -0.00235662
3.57 -2.03942 -93.4939 -47.3882 -0.00221331 -0.00221331
3.58 -2.0342 -95.9154 -48.5256 -0.00197747 -0.00197747
3.59 -2.02334 -98.4728 -49.0141 -0.0015807 -0.0015807
3.6 -2.0019 -99.4285 -48.4078 -0.00108583 -0.00108583
3.61 -1.96518 -97.2353 -46.6841 -0.000712327 -0.000712327
3.62 -1.91298 -91.7144 -44.3495 -0.0005879 -0.0005879
3.63 -1.8496 -84.2976 -42.1296 -0.0005817 -0.0005817
3.64 -1.77902 -76.781 -40.4773 -0.000595384 -0.000595384
3.65 -1.70001 -69.9362 -39.3162 -0.000688187 -0.000688187
3.66 -1.60739 -63.4495 -38.2585 -0.000908942 -0.000908942
3.67 -1.49632 -56.8378 -36.8352 -0.00121147 -0.00121147
3.68 -1.36417 -49.9485 -34.5932 -0.0014796 -0.0014796
3.69 -1.21132 -42.7905 -31.5083 -0.00161953 -0.00161953
3.7 -1.04229 -35.5047 -28.2547 -0.00161367 -0.00161367
3.71 -0.864568 -28.4262 -25.7483 -0.00150217 -0.00150217
3.72 -0.685248 -21.6926 -24.583 -0.00133669 -0.00133669
3.73 -0.509065 -15.056 -24.7511 -0.00114804 -0.00114804
3.74 -0.338804 -8.30783 -25.5225 -0.000953377 -0.000953377
3.75 -0.176746 -1.43908 -25.9069 -0.000785841 -0.000785841
3.76 -0.0258265 5.56741 -25.3875 -0.00069717 -0.00069717
3.77 0.111304 12.8722 -23.9569 -0.000721142 -0.000721142
3.78 0.233719 20.6503 -21.7733 -0.000844053 -0.000844053
3.79 0.341273 28.8255 -19.1146 -0.00101036 -0.00101036
3.8 0.434454 37.1473 -16.3687 -0.00116803 -0.00116803
3.81 0.516038 45.3967 -13.7342 -0.00130773 -0.00130773
3.82 0.591282 53.281 -10.8991 -0.00141873 -0.00141873
3.83 0.667406 60.5489 -7.19831 -0.00146029 -0.00146029
3.84 0.750794 67.2972 -2.52899 -0.00141164 -0.00141164
3.85 0.842337 73.6633 1.96926 -0.00129542 -0.00129542
3.86 0.939035 79.477 4.87648 -0.00115707 -0.00115707
3.87 1.03904 84.381 5.85255 -0.00102256 -0.00102256
3.88 1.14156 88.0356 5.51723 -0.000875286 -0.000875286
3.89 1.24379 90.2172 4.53232 -0.00070524 -0.00070524
3.9 1.33907 90.6928 3.16318 -0.000543859 -0.000543859
3.91 1.41765 88.9533 1.55753 -0.00041749 -0.00041749
3.92 1.46924 84.3214 0.224562 -0.000401593 -0.000401593
3.93 1.48743 76.8593 -0.0534743 -0.000516496 -0.000516496
3.94 1.47125 67.9681 1.27505 -0.000588939 -0.000588939
3.95 1.42324 59.4777 4.44907 -0.000556843 -0.000556843
3.96 1.3474 52.4843 9.5426 -0.000541711 -0.000541711
3.97 1.24861 47.2563 16.2794 -0.000596175 -0.000596175
3.98 1.13385 43.6996 24.0086 -0.000666611 -0.000666611
3.99 1.01328 41.5675 32.0863 -0.000688368 -0.000688368
4 0.897361 39.9484 40.1137 -0.000649531 -0.000649531
4.01 0.793522 37.0371 47.9103 -0.000582981 -0.000582981
4.02 0.707426 31.4443 55.2116 -0.000530761 -0.000530761
4.03 0.643519 23.2142 61.3192 -0.000510712 -0.000510712
4.04 0.602007 12.9629 65.3722 -0.000507753 -0.000507753
4.05 0.577982 1.17907 66.8943 -0.000485451 -0.000485451
4.06 0.565699 -11.1826 65.9697 -0.000459707 -0.000459707
4.07 0.559503 -22.8198 63.2345 -0.000528974 -0.000528974
4.08 0.55093 -33.3765 59.7995 -0.000708806 -0.000708806
4.09 0.529298 -43.5792 57.0282 -0.000904114 -0.000904114
4.1 0.486084 -54.0109 56.0931 -0.00108433 -0.00108433
4.11 0.416068 -64.5993 57.4851 -0.00130351 -0.00130351
4.12 0.317205 -74.7068 60.8628 -0.00158409 -0.00158409
4.13 0.192525 -83.043 65.3277 -0.0018008 -0.0018008
4.14 0.0487209 -88.5018 69.8583 -0.00174808 -0.00174808
4.15 -0.107784 -91.2869 73.5797 -0.00136201 -0.00136201
4.16 -0.271117 -92.5787 75.8533 -0.000734916 -0.000734916
4.17 -0.434392 -93.6151 76.3008 2.80639e-005 2.80639e-005
4.18 -0.589147 -95.0927 74.872 0.000810954 0.000810954
4.19 -0.725034 -96.8967 71.9677 0.00148749 0.00148749
4.2 -0.832248 -98.5392 68.2911 0.00203902 0.00203902
4.21 -0.904995 -99.6124 64.3182 0.00243736 0.00243736
4.22 -0.94202 -99.6188 59.953 0.0025218 0.0025218
4.23 -0.946276 -98.3022 54.8046 0.00222652 0.00222652
4.24 -0.924399 -96.0423 48.6764 0.00167271 0.00167271
4.25 -0.882118 -92.928 41.7699 0.00102787 0.00102787
4.26 -0.822303 -88.3784 34.5839 0.000440867 0.000440867
4.27 -0.748898 -82.1248 27.6418 2.73157e-005 2.73157e-005
4.28 -0.66692 -74.3218 21.3255 -0.000143543 -0.000143543
4.29 -0.580047 -65.097 15.9094 -5.37473e-005 -5.37473e-005
4.3 -0.492903 -55.0991 11.4589 0.000264116 0.000264116
4.31 -0.412925 -45.5711 7.59763 0.00073766 0.00073766
4.32 -0.345992 -37.105 3.60172 0.00126298 0.00126298
4.33 -0.293073 -29.0991 -1.14688 0.0017195 0.0017195
4.34 -0.251144 -20.5342 -6.72796 0.00200169 0.00200169
4.35 -0.214736 -10.6137 -12.6207 0.00205559 0.00205559
4.36 -0.17789 1.04006 -18.2222 0.00188166 0.00188166
4.37 -0.137565 14.0946 -23.4161 0.0015229 0.0015229
4.38 -0.0937565 27.4809 -28.4482 0.00107394 0.00107394
4.39 -0.0474514 39.6359 -33.3278 0.000618437 0.000618437
4.4 0.00118156 49.1292 -37.6082 0.000247164 0.000247164
4.41 0.0548411 55.7658 -40.7802 2.69032e-006 2.69032e-006
4.42 0.118138 60.7888 -42.7401 -0.000158633 -0.000158633
4.43 0.195213 66.0247 -43.8086 -0.000162487 -0.000162487
4.44 0.289766 73.1823 -44.3606 4.90299e-005 4.90299e-005
4.45 0.404015 82.966 -44.5194 0.000384188 0.000384188
4.46 0.534108 94.0653 -44.2941 0.000740744 0.000740744
4.47 0.669999 103.826 -43.9214 0.0010803 0.0010803
4.48 0.802146 110.301 -43.714 0.00142748 0.00142748
4.49 0.9262 113.172 -43.5193 0.00175792 0.00175792
4.5 1.04141 113.176 -42.6693 0.00201405 0.00201405
4.51 1.14814 111.77 -40.5581 0.00208377 0.00208377
4.52 1.24784 110.924 -37.065 0.00188865 0.00188865
4.53 1.34032 111.794 -32.3405 0.00164159 0.00164159
4.54 1.42286 113.894 -26.3937 0.00155827 0.00155827
4.55 1.4931 116.006 -19.2119 0.00152685 0.00152685
4.56 1.54876 116.876 -11.2106 0.0013672 0.0013672
4.57 1.58696 115.386 -3.16013 0.00113896 0.00113896
4.58 1.6081 111.352 4.34282 0.00102054 0.00102054
4.59 1.61867 106.118 11.096 0.0010604 0.0010604
4.6 1.62823 101.788 17.1028 0.0011806 0.0011806
4.61 1.64293 99.4152 22.4586 0.00130227 0.00130227
4.62 1.66208 97.945 27.4357 0.00140407 0.00140407
4.63 1.68192 95.5309 32.365 0.00149811 0.00149811
4.64 1.70144 91.7055 37.2545 0.00158836 0.00158836
4.65 1.72156 87.4248 41.5772 0.00164693 0.00164693
4.66 1.73933 83.2934 44.4668 0.00163921 0.00163921
4.67 1.74695 78.7465 45.323 0.00156267 0.00156267
4.68 1.73722 72.8891 44.389 0.00144795 0.00144795
4.69 1.70726 65.5777 42.6322 0.00133512 0.00133512
4.7 1.65877 57.8213 41.0959 0.00125615 0.00125615
4.71 1.59562 51.2481 40.4385 0.00122466 0.00122466
4.72 1.51952 46.6837 40.7695 0.0012325 0.0012325
4.73 1.42722 43.4339 41.5162 0.00127039 0.00127039
4.74 1.31433 40.3778 41.6851 0.00133594 0.00133594
4.75 1.18124 37.086 40.5068 0.001423 0.001423
4.76 1.03376 33.9657 37.715 0.00150174 0.00150174
4.77 0.882132 32.1544 33.4391 0.00153815 0.00153815
4.78 0.737124 32.5595 28.0439 0.00153813 0.00153813
4.79 0.604013 34.5024 21.9536 0.00151644 0.00151644
4.8 0.483457 36.2614 15.5669 0.00146844 0.00146844
4.81 0.375467 36.5716 9.13342 0.00139432 0.00139432
4.82 0.278419 34.8639 2.52949 0.0013133 0.0013133
4.83 0.1902 31.3364 -4.43336 0.00125029 0.00125029
4.84 0.114264 27.5844 -11.3224 0.00122131 0.00122131
4.85 0.0567822 25.623 -17.3272 0.00123331 0.00123331
4.86 0.0133234 25.1058 -22.2654 0.00127296 0.00127296
4.87 -0.033338 23.1578 -26.8448 0.00131779 0.00131779
4.88 -0.098428 17.9228 -31.96 0.00137039 0.00137039
4.89 -0.184317 10.6016 -37.8034 0.00143732 0.00143732
4.9 -0.284336 3.8115 -43.6282 0.00149842 0.00149842
4.91 -0.392847 -0.773777 -48.5765 0.0015233 0.0015233
4.92 -0.50963 -2.86404 -52.6986 0.00150674 0.00150674
4.93 -0.636202 -2.67395 -56.8994 0.00145582 0.00145582
4.94 -0.773185 -0.995825 -61.9954 0.00138051 0.00138051
4.95 -0.921417 0.267865 -68.0654 0.00131997 0.00131997
4.96 -1.07915 -0.722579 -74.4384 0.00127256 0.00127256
4.97 -1.23757 -4.07027 -79.9669 0.00119368 0.00119368
4.98 -1.38514 -8.76057 -83.6022 0.00109218 0.00109218
4.99 -1.51737 -14.4751 -85.2037 0.0010122 0.0010122
5 -1.63706 -21.2784 -85.8542 0.000997349 0.000997349
5.01 -1.7457 -28.1757 -87.022 0.00106251 0.00106251
5.02 -1.84081 -33.8217 -89.2318 0.00115751 0.00115751
5.03 -1.9196 -37.987 -91.7563 0.00124703 0.00124703
5.04 -1.98087 -41.1845 -93.586 0.00138798 0.00138798
5.05 -2.02645 -44.0373 -94.4089 0.0016411 0.0016411
5.06 -2.06374 -47.7286 -94.7126 0.00198594 0.00198594
5.07 -2.10257 -53.2932 -95.4019 0.00236939 0.00236939
5.08 -2.14697 -59.8814 -97.2806 0.0027097 0.0027097
5.09 -2.19459 -65.2464 -100.633 0.00289629 0.00289629
5.1 -2.24333 -67.8704 -105.225 0.00284923 0.00284923
5.11 -2.29184 -67.3103 -110.459 0.00254426 0.00254426
5.12 -2.33582 -63.2617 -115.598 0.00203579 0.00203579
5.13 -2.37189 -56.2593 -120.115 0.0014533 0.0014533
5.14 -2.40311 -48.9007 -123.721 0.000892499 0.000892499
5.15 -2.43454 -44.3181 -126.096 0.000343421 0.000343421
5.16 -2.46449 -43.3942 -127.092 -0.000133031 -0.000133031
5.17 -2.48827 -44.8356 -127.192 -0.000362161 -0.000362161
5.18 -2.50354 -46.9942 -127.307 -0.000264608 -0.000264608
5.19 -2.50914 -48.2202 -128.279 0.000157625 0.000157625
5.2 -2.50003 -46.2946 -130.489 0.000861853 0.000861853
5.21 -2.46712 -39.3102 -133.404 0.0015471 0.0015471
5.22 -2.40277 -27.6465 -135.387 0.00188247 0.00188247
5.23 -2.30196 -13.6721 -134.369 0.00198425 0.00198425
5.24 -2.16041 0.26605 -129.08 0.00215518 0.00215518
5.25 -1.97617 12.5875 -119.695 0.00238401 0.00238401
5.26 -1.7486 22.7794 -107.437 0.0023668 0.0023668
5.27 -1.47462 31.8184 -93.7321 0.00187762 0.00187762
5.28 -1.15124 41.1146 -79.6459 0.000973127 0.000973127
5.29 -0.780952 51.0164 -65.8274 -1.74657e-005 -1.74657e-005
5.3 -0.370378 61.3885 -52.6507 -0.000658051 -0.000658051
5.31 0.0740484 72.5799 -40.2019 -0.000793771 -0.000793771
5.32 0.544151 84.5464 -28.0826 -0.000608085 -0.000608085
5.33 1.02935 96.3564 -15.3592 -0.000249766 -0.000249766
5.34 1.52003 107.215 -0.902702 0.000279945 0.000279945
5.35 2.01135 117.519 16.1987 0.000952411 0.000952411
5.36 2.50307 128.652 36.408 0.00149167 0.00149167
5.37 2.99127 140.997 59.3024 0.00153529 0.00153529
5.38 3.46179 152.647 83.3341 0.00116013 0.00116013
5.39 3.90047 161.457 106.85 0.000713628 0.000713628
5.4 4.30615 167.576 129.409 0.000219612 0.000219612
5.41 4.68728 172.806 151.523 -0.000483584 -0.000483584
5.42 5.04904 178.372 173.347 -0.00136985 -0.00136985
5.43 5.38546 183.474 193.999 -0.00227854 -0.00227854
5.44 5.68241 185.776 212.228 -0.00304849 -0.00304849
5.45 5.93057 183.899 227.648 -0.00371222 -0.00371222
5.46 6.13123 178.975 240.772 -0.00439692 -0.00439692
5.47 6.28886 173.414 251.979 -0.0049543 -0.0049543
5.48 6.40468 169.158 261.08 -0.005069 -0.005069
5.49 6.47745 167.071 267.67 -0.0045178 -0.0045178
5.5 6.50204 166.265 271.397 -0.00324787 -0.00324787
5.51 6.46824 164.094 271.94 -0.00156099 -0.00156099
5.52 6.36783 158.526 269.085 -0.000463259 -0.000463259
5.53 6.20069 149.663 262.98 -0.000667702 -0.000667702
5.54 5.96991 138.227 254.186 -0.0013779 -0.0013779
5.55 5.67569 124.56 243.208 -0.00170275 -0.00170275
5.56 5.31574 108.952 229.922 -0.00181437 -0.00181437
5.57 4.88583 91.4187 213.941 -0.00219197 -0.00219197
5.58 4.38367 71.5852 195.597 -0.00290976 -0.00290976
5.59 3.81144 49.1635 176.041 -0.00358656 -0.00358656
5.6 3.17256 24.0318 156.222 -0.00380666 -0.00380666
5.61 2.46845 -3.89904 136.149 -0.00350933 -0.00350933
5.62 1.70291 -33.9602 115.264 -0.00299316 -0.00299316
5.63 0.889266 -63.8207 93.2326 -0.00243291 -0.00243291
5.64 0.0488182 -90.3833 70.1131 -0.00167642 -0.00167642
5.65 -0.798649 -112.153 45.9626 -0.00103584 -0.00103584
5.66 -1.64095 -130.455 20.7165 -0.000575504 -0.000575504
5.67 -2.47029 -148.277 -5.42943 8.35338e-005 8.35338e-005
5.68 -3.27463 -167.668 -31.8188 -8.90725e-005 -8.90725e-005
5.69 -4.03542 -188.08 -57.6901 -0.00153552 -0.00153552
5.7 -4.73292 -207.248 -82.7136 -0.0035676 -0.0035676
5.71 -5.35324 -223.38 -106.972 -0.00642087 -0.00642087
5.72 -5.89012 -236.183 -130.446 -0.00981072 -0.00981072
5.73 -6.33905 -245.818 -152.584 -0.0129502 -0.0129502
5.74 -6.69209 -251.506 -172.473 -0.0158487 -0.0158487
5.75 -6.93945 -251.542 -189.484 -0.0185238 -0.0185238
5.76 -7.07549 -244.776 -203.731 -0.0202628 -0.0202628
5.77 -7.10244 -231.728 -215.89 -0.0204843 -0.0204843
5.78 -7.02852 -214.327 -226.699 -0.0194422 -0.0194422
5.79 -6.8681 -195.52 -236.794 -0.0177025 -0.0177025
5.8 -6.64244 -178.972 -246.611 -0.0157262 -0.0157262
5.81 -6.37485 -167.263 -256.248 -0.013648 -0.013648
5.82 -6.07775 -158.578 -265.525 -0.011318 -0.011318
5.83 -5.7477 -146.358 -274.144 -0.00902045 -0.00902045
5.84 -5.37931 -124.61 -281.578 -0.00803788 -0.00803788
5.85 -4.97933 -93.2268 -286.737 -0.00923508 -0.00923508
5.86 -4.56256 -57.057 -288.135 -0.0115544 -0.0115544
5.87 -4.14049 -21.2296 -284.893 -0.0133822 -0.0133822
5.88 -3.71732 11.477 -277.5 -0.0142847 -0.0142847
5.89 -3.28932 41.1011 -267.347 -0.0146963 -0.0146963
5.9 -2.84345 69.8629 -255.583 -0.0149191 -0.0149191
5.91 -2.36348 100.019 -242.561 -0.0147152 -0.0147152
5.92 -1.83548 132.614 -228.024 -0.0137637 -0.0137637
5.93 -1.2464 167.819 -211.267 -0.0121297 -0.0121297
5.94 -0.586879 204.494 -191.179 -0.00954969 -0.00954969
5.95 0.14409 239.568 -166.825 -0.00613023 -0.00613023
5.96 0.930983 268.818 -138.383 -0.00361812 -0.00361812
5.97 1.75377 289.067 -107.26 -0.00284338 -0.00284338
5.98 2.59329 299.988 -75.24 -0.00264657 -0.00264657
5.99 3.42676 303.177 -43.7221 -0.00271498 -0.00271498
6 4.22383 299.236 -13.5993 -0.00367687 -0.00367687
6.01 4.94122 286.623 14.7304 -0.00609813 -0.00609813
6.02 5.5344 263.687 41.6656 -0.00907044 -0.00907044
6.03 5.96765 230.33 68.7566 -0.0103201 -0.0103201
6.04 6.21612 187.906 98.0168 -0.0102413 -0.0102413
6.05 6.2633 139.29 130.179 -0.0106554 -0.0106554
6.06 6.10195 88.3651 163.882 -0.0106376 -0.0106376
6.07 5.73299 39.0332 196.515 -0.00969634 -0.00969634
6.08 5.17526 -5.43555 225.554 -0.0108265 -0.0108265
6.09 4.45866 -43.7028 249.338 -0.0138393 -0.0138393
6.1 3.62009 -76.9084 267.324 -0.0142429 -0.0142429
6.11 2.70935 -106.673 280.203 -0.0115591 -0.0115591
6.12 1.78737 -133.46 289.685 -0.00874948 -0.00874948
6.13 0.918631 -157.075 297.747 -0.00605595 -0.00605595
6.14 0.165354 -176.434 305.801 -0.00120398 -0.00120398
6.15 -0.413884 -189.044 314.506 0.00730699 0.00730699
6.16 -0.771338 -192.753 323.904 0.0193385 0.0193385
6.17 -0.87849 -187.558 333.418 0.0329375 0.0329375
6.18 -0.726525 -175.247 342.128 0.0441111 0.0441111
6.19 -0.324529 -159.003 349.595 0.0495957 0.0495957
6.2 0.302809 -142.9 356.521 0.0492948 0.0492948
6.21 1.12224 -129.006 364.272 0.0446941 0.0446941
6.22 2.10323 -114.437 373.539 0.0365354 0.0365354
6.23 3.21557 -92.4787 383.426 0.0246214 0.0246214
6.24 4.41842 -57.5416 391.903 0.0105768 0.0105768
6.25 5.65656 -9.74207 397.293 -0.00159147 -0.00159147
6.26 6.8614 44.0717 399.227 -0.0092173 -0.0092173
6.27 7.95837 93.3492 398.331 -0.0131814 -0.0131814
6.28 8.88414 129.997 395.397 -0.0152381 -0.0152381
6.29 9.60708 154.137 391.083 -0.0145338 -0.0145338
6.3 10.1329 174.463 386.014 -0.00999557 -0.00999557
6.31 10.4823 200.452 380.644 -0.00318019 -0.00318019
6.32 10.6599 233.338 374.626 0.00376107 0.00376107
6.33 10.6449 265.015 366.263 0.00970103 0.00970103
6.34 10.4051 283.298 352.984 0.0134461 0.0134461
6.35 9.91731 278.646 332.795 0.0131995 0.0131995
6.36 9.18154 249.613 305.288 0.00935506 0.00935506
6.37 8.23512 205.299 271.281 0.00501309 0.00501309
6.38 7.14007 161.7 231.975 0.00156159 0.00156159
6.39 5.94672 130.297 188.449 -0.00167554 -0.00167554
6.4 4.67 109.672 141.541 -0.0045036 -0.0045036
6.41 3.30785 91.1087 92.1801 -0.00610912 -0.00610912
6.42 1.87733 68.6372 42.0002 -0.00601898 -0.00601898
6.43 0.417757 40.8344 -6.29655 -0.00326051 -0.00326051
6.44 -1.02007 9.02758 -49.4938 0.00106324 0.00106324
6.45 -2.37835 -22.7255 -85.4507 0.0048451 0.0048451
6.46 -3.60185 -48.6252 -113.813 0.00869462 0.00869462
6.47 -4.64505 -65.7013 -135.885 0.011425 0.011425
6.48 -5.4927 -76.6994 -153.819 0.0110399 0.0110399
6.49 -6.14689 -87.5531 -169.846 0.00854581 0.00854581
6.5 -6.61712 -102.7 -185.722 0.00536242 0.00536242
6.51 -6.91731 -123.354 -202.974 0.00201274 0.00201274
6.52 -7.07479 -149.239 -223.051 -0.000916659 -0.000916659
6.53 -7.13753 -181.276 -246.771 -0.00257352 -0.00257352
6.54 -7.16797 -221.308 -274.035 0.000493364 0.000493364
6.55 -7.23346 -268.085 -304.338 0.0100119 0.0100119
6.56 -7.37699 -315.147 -336.641 0.0188484 0.0188484
6.57 -7.62405 -353.946 -369.277 0.0211935 0.0211935
6.58 -7.98833 -377.775 -400.052 0.0189041 0.0189041
6.59 -8.47069 -384.478 -426.369 0.0137462 0.0137462
6.6 -9.06309 -377.594 -445.731 0.0049891 0.0049891
6.61 -9.74668 -364.051 -456.76 -0.00794277 -0.00794277
6.62 -10.4871 -350.05 -459.874 -0.0242899 -0.0242899
6.63 -11.2346 -338.882 -457.152 -0.0417373 -0.0417373
6.64 -11.9287 -330.772 -451.323 -0.0567435 -0.0567435
6.65 -12.5042 -323.889 -444.432 -0.0664596 -0.0664596
6.66 -12.9032 -316.659 -437.288 -0.0702155 -0.0702155
6.67 -13.0845 -308.945 -429.797 -0.0687132 -0.0687132
6.68 -13.0235 -300.691 -421.621 -0.0625892 -0.0625892
6.69 -12.7084 -290.361 -412.609 -0.0520399 -0.0520399
6.7 -12.138 -275.423 -402.391 -0.0375346 -0.0375346
6.71 -11.3244 -254.449 -389.757 -0.0215577 -0.0215577
6.72 -10.2952 -228.23 -373.134 -0.00959533 -0.00959533
6.73 -9.0882 -197.56 -352.047 -0.00648125 -0.00648125
6.74 -7.74144 -160.377 -328.102 -0.011931 -0.011931
6.75 -6.29273 -113.021 -304.57 -0.0224363 -0.0224363
6.76 -4.77889 -52.7762 -284.498 -0.0350458 -0.0350458
6.77 -3.22641 21.6533 -268.687 -0.0475564 -0.0475564
6.78 -1.65217 109.314 -255.609 -0.0571773 -0.0571773
6.79 -0.0744937 205.531 -242.949 -0.0617601 -0.0617601
6.8 1.47782 302.393 -229.142 -0.0567563 -0.0567563
6.81 2.97584 391.924 -213.6 -0.0371908 -0.0371908
6.82 4.39293 469.139 -196.564 -0.0103179 -0.0103179
6.83 5.70875 531.919 -178.642 0.0142653 0.0142653
6.84 6.89705 578.434 -160.317 0.0374032 0.0374032
6.85 7.92369 607.167 -141.712 0.0588417 0.0588417
6.86 8.76686 619.796 -122.269 0.0718557 0.0718557
6.87 9.41626 621.191 -100.843 0.072315 0.072315
6.88 9.86644 615.373 -76.1793 0.0624751 0.0624751
6.89 10.1051 602.725 -47.6392 0.0450839 0.0450839
6.9 10.1216 581.61 -15.4757 0.0222626 0.0222626
6.91 9.92265 552.827 18.8371 -0.000653786 -0.000653786
6.92 9.53611 521.133 52.1168 -0.0158667 -0.0158667
6.93 8.98874 490.646 79.7378 -0.0211472 -0.0211472
6.94 8.29985 460.156 97.5388 -0.0211392 -0.0211392
6.95 7.48532 424.539 104.067 -0.0161327 -0.0161327
6.96 6.5701 380.22 100.987 -0.00287723 -0.00287723
6.97 5.59345 327.889 91.4315 0.0158817 0.0158817
6.98 4.59007 270.304 77.9671 0.0330948 0.0330948
6.99 3.57762 209.052 61.9638 0.0438096 0.0438096
7 2.56343 144.925 44.5177 0.046951 0.046951
7.01 1.5638 81.5072 27.2657 0.0432049 0.0432049
7.02 0.606205 24.8751 11.9661 0.0360737 0.0360737
7.03 -0.289128 -22.1028 0.208973 0.0304768 0.0304768
7.04 -1.12061 -63.8469 -6.10982 0.0196584 0.0196584
7.05 -1.90765 -110.253 -4.11404 -0.00175688 -0.00175688
7.06 -2.6541 -169.969 9.1521 -0.0178727 -0.0178727
7.07 -3.35118 -242.421 35.1013 -0.0173793 -0.0173793
7.08 -3.96787 -319.182 72.7303 -0.00828404 -0.00828404
7.09 -4.47908 -391.13 118.957 0.00135061 0.00135061
7.1 -4.87786 -453.487 169.352 0.0147866 0.0147866
7.11 -5.1729 -505.805 218.653 0.0369507 0.0369507
7.12 -5.37759 -549.213 261.296 0.0634743 0.0634743
7.13 -5.50828 -585.477 292.708 0.0874604 0.0874604
7.14 -5.58254 -617.097 310.497 0.104829 0.104829
7.15 -5.61901 -646.015 314.599 0.113054 0.113054
7.16 -5.63205 -672.099 306.582 0.111698 0.111698
7.17 -5.6324 -693.388 289.289 0.101264 0.101264
7.18 -5.62709 -707.237 266.695 0.0832132 0.0832132
7.19 -5.62 -711.212 243.026 0.0579907 0.0579907
7.2 -5.61406 -704.261 221.648 0.0288388 0.0288388
7.21 -5.61001 -686.95 204.745 0.00727345 0.00727345
7.22 -5.59549 -659.498 193.635 -0.00143371 -0.00143371
7.23 -5.5417 -621.132 189.082 -0.00337372 -0.00337372
7.24 -5.41365 -572.245 191.357 -0.00109204 -0.00109204
7.25 -5.1784 -515.754 200.174 0.00886331 0.00886331
7.26 -4.80771 -455.819 214.485 0.0265047 0.0265047
7.27 -4.27664 -395.165 232.249 0.0458842 0.0458842
7.28 -3.56605 -334.073 250.179 0.0616775 0.0616775
7.29 -2.67372 -271.83 263.807 0.071283 0.071283
7.3 -1.61428 -207.248 268.522 0.0727425 0.0727425
7.31 -0.409624 -137.278 260.976 0.0671548 0.0671548
7.32 0.912922 -58.3135 239.843 0.0584514 0.0584514
7.33 2.29888 27.6086 205.618 0.0470134 0.0470134
7.34 3.65984 110.227 160.151 0.0299798 0.0299798
7.35 4.88902 177.525 106.106 0.0114832 0.0114832
7.36 5.90455 225.615 46.3575 0.0050595 0.0050595
7.37 6.65383 261.129 -15.8992 0.0145288 0.0145288
7.38 7.11538 294.214 -77.6092 0.026332 0.026332
7.39 7.263 329.143 -135.608 0.0339613 0.0339613
7.4 7.07485 363.642 -187.147 0.0430291 0.0430291
7.41 6.55179 394.488 -230.615 0.0552755 0.0552755
7.42 5.73029 421.092 -265.47 0.0675698 0.0675698
7.43 4.67333 443.639 -291.838 0.0735494 0.0735494
7.44 3.4421 458.045 -310.584 0.0654765 0.0654765
7.45 2.08942 455.966 -323.322 0.0441451 0.0441451
7.46 0.669846 431.397 -332.023 0.0214198 0.0214198
7.47 -0.74631 386.527 -338.286 0.00771699 0.00771699
7.48 -2.07338 331.664 -343.066 0.000929589 0.000929589
7.49 -3.23033 279.419 -347.372 -0.00645824 -0.00645824
7.5 -4.17183 237.809 -353.496 -0.01449 -0.01449
7.51 -4.89143 208.025 -364.959 -0.0160415 -0.0160415
7.52 -5.40242 188.42 -384.64 -0.00611379 -0.00611379
7.53 -5.71721 177.904 -412.912 0.0120356 0.0120356
7.54 -5.84841 175.77 -447.67 0.0301446 0.0301446
7.55 -5.819 180.164 -485.825 0.040514 0.040514
7.56 -5.67336 186.077 -524.539 0.0401484 0.0401484
7.57 -5.47199 186.7 -561.383 0.0319783 0.0319783
7.58 -5.26191 180.534 -593.709 0.0197262 0.0197262
7.59 -5.05015 175.506 -618.36 0.00520037 0.00520037
7.6 -4.82513 182.06 -632.535 -0.00978773 -0.00978773
7.61 -4.59092 202.521 -634.729 -0.0238028 -0.0238028
7.62 -4.37645 228.032 -624.623 -0.0353693 -0.0353693
7.63 -4.21316 245.258 -602.273 -0.0402902 -0.0402902
7.64 -4.10527 246.279 -567.544 -0.0349728 -0.0349728
7.65 -4.01903 232.719 -520.45 -0.0219043 -0.0219043
7.66 -3.89403 213.805 -462.062 -0.00598406 -0.00598406
7.67 -3.66559 201.019 -394.948 0.00969429 0.00969429
7.68 -3.28788 200.095 -322.805 0.0218202 0.0218202
7.69 -2.7492 207.633 -249.68 0.0277919 0.0277919
7.7 -2.05341 216.745 -179.087 0.0279365 0.0279365
7.71 -1.1981 224.318 -113.306 0.021507 0.021507
7.72 -0.173593 231.268 -53.0282 0.00786314 0.00786314
7.73 1.00687 237.676 2.15122 -0.00780184 -0.00780184
7.74 2.31432 241.623 53.2514 -0.0211762 -0.0211762
7.75 3.71208 242.612 101.547 -0.0289909 -0.0289909
7.76 5.16542 243.204 148.593 -0.0211248 -0.0211248
7.77 6.62646 246.143 195.675 -0.00223038 -0.00223038
7.78 8.04029 250.117 243.251 0.00594042 0.00594042
7.79 9.32899 248.926 290.388 0.00339843 0.00339843
7.8 10.406 235.257 335.766 0.00455765 0.00455765
7.81 11.208 206.199 378.642 0.0113824 0.0113824
7.82 11.7094 166.475 418.777 0.0210447 0.0210447
7.83 11.9221 128.143 455.975 0.0273196 0.0273196
7.84 11.8857 104.383 489.932 0.0232104 0.0232104
7.85 11.6452 101.812 520.309 0.0147089 0.0147089
7.86 11.2474 119.072 546.895 0.013082 0.013082
7.87 10.748 150.447 569.257 0.0201306 0.0201306
7.88 10.2056 187.997 586.072 0.0300837 0.0300837
7.89 9.67155 222.363 595.578 0.0379572 0.0379572
7.9 9.18621 244.332 596.673 0.0425006 0.0425006
7.91 8.77588 246.992 589.45 0.0456355 0.0456355
7.92 8.45434 228.619 574.762 0.0507366 0.0507366
7.93 8.22428 194.095 553.433 0.0569162 0.0569162
7.94 8.0757 152.313 525.589 0.0586916 0.0586916
7.95 7.96712 110.5 490.744 0.053758 0.053758
7.96 7.82711 70.1357 448.332 0.0457447 0.0457447
7.97 7.56651 28.3905 398.336 0.0384914 0.0384914
7.98 7.10011 -18.1292 341.683 0.0325014 0.0325014
7.99 6.36952 -69.6098 280.663 0.0290105 0.0290105
8 5.35058 -121.357 218.982 0.029127 0.029127
8.01 4.05473 -167.534 160.993 0.0321286 0.0321286
8.02 2.50792 -206.997 110.624 0.0362016 0.0362016
8.03 0.738959 -243.523 70.5123 0.0396209 0.0396209
8.04 -1.19774 -279.836 41.3527 0.0432291 0.0432291
8.05 -3.2147 -313.93 21.6907 0.047272 0.047272
8.06 -5.21204 -343.254 8.54163 0.0494218 0.0494218
8.07 -7.10895 -370.729 -1.61031 0.0460326 0.0460326
8.08 -8.8454 -403.342 -12.1242 0.0394362 0.0394362
8.09 -10.365 -444.676 -25.2617 0.0358918 0.0358918
8.1 -11.6056 -491.123 -41.9879 0.0352548 0.0352548
8.11 -12.5198 -535.424 -62.9329 0.0342589 0.0342589
8.12 -13.0914 -570.903 -89.2611 0.0330913 0.0330913
8.13 -13.3353 -592.806 -122.373 0.0347745 0.0347745
8.14 -13.2853 -598.76 -162.566 0.0409348 0.0409348
8.15 -12.9903 -589.225 -207.715 0.0493707 0.0493707
8.16 -12.502 -566.766 -253.453 0.0554445 0.0554445
8.17 -11.8734 -534.624 -295.11 0.0563958 0.0563958
8.18 -11.1567 -495.204 -329.546 0.0544086 0.0544086
8.19 -10.3946 -449.323 -355.616 0.0524425 0.0524425
8.2 -9.62342 -397.689 -373.272 0.0504468 0.0504468
8.21 -8.87112 -342.418 -382.64 0.0465457 0.0465457
8.22 -8.15643 -286.84 -383.701 0.0396165 0.0396165
8.23 -7.49234 -235.319 -375.992 0.031805 0.031805
8.24 -6.88102 -192.22 -358.903 0.0264159 0.0264159
8.25 -6.31846 -160.14 -332.047 0.0258256 0.0258256
8.26 -5.78928 -138.723 -295.97 0.0296049 0.0296049
8.27 -5.27825 -126.143 -252.463 0.0343498 0.0343498
8.28 -4.77339 -120.519 -204.188 0.0383195 0.0383195
8.29 -4.26218 -119.271 -153.925 0.0425509 0.0425509
8.3 -3.7309 -119.441 -103.948 0.0468389 0.0468389
8.31 -3.17129 -120.114 -55.6296 0.0516061 0.0516061
8.32 -2.58709 -122.928 -9.33059 0.0564568 0.0564568
8.33 -1.98261 -129.425 35.197 0.0569633 0.0569633
8.34 -1.36156 -139.471 78.0614 0.0528322 0.0528322
8.35 -0.734787 -152.477 118.868 0.0479984 0.0479984
8.36 -0.126061 -168.995 156.831 0.0432865 0.0432865
8.37 0.434611 -190.958 191.555 0.0383759 0.0383759
8.38 0.914858 -220.55 223.828 0.035038 0.035038
8.39 1.29335 -257.828 255.945 0.0340383 0.0340383
8.4 1.55995 -300.788 290.815 0.0347512 0.0347512
8.41 1.70623 -347.967 330.896 0.0365873 0.0365873
8.42 1.7224 -399.572 377.626 0.0390753 0.0390753
8.43 1.60347 -456.087 431.128 0.0420726 0.0420726
8.44 1.35463 -517.254 490.299 0.0371973 0.0371973
8.45 0.986726 -582.275 553.473 0.0178247 0.0178247
8.46 0.513185 -649.757 618.456 0.000633382 0.000633382
8.47 -0.0233111 -717.47 682.624 0.00025223 0.00025223
8.48 -0.612603 -781.061 741.724 0.00353444 0.00353444
8.49 -1.18106 -840.127 793.066 -0.0207623 -0.0207623
8.5 -1.76581 -894.909 832.197 -0.10492 -0.10492
8.51 -2.31796 -947.395 857.162 -0.237061 -0.237061
8.52 -2.84241 -995.687 867.273 -0.3692 -0.3692
8.53 -3.31976 -1034.31 863.753 -0.477909 -0.477909
8.54 -3.71828 -1058.95 849.006 -0.564705 -0.564705
8.55 -4.0404 -1068.68 825.693 -0.635649 -0.635649
8.56 -4.27268 -1067.81 797.567 -0.690091 -0.690091
8.57 -4.45018 -1063.04 767.902 -0.717176 -0.717176
8.58 -4.59274 -1059.36 739.504 -0.700595 -0.700595
8.59 -4.70153 -1057.71 714.38 -0.637111 -0.637111
8.6 -4.7863 -1057.4 693.597 -0.549433 -0.549433
8.61 -4.86411 -1059.91 677.653 -0.46663 -0.46663
8.62 -4.96313 -1068.32 666.502 -0.406802 -0.406802
8.63 -5.10705 -1084.08 659.62 -0.37651 -0.37651
8.64 -5.31224 -1106.23 656.198 -0.376411 -0.376411
8.65 -5.59305 -1132.9 654.982 -0.406035 -0.406035
8.66 -5.95828 -1161.47 653.909 -0.469949 -0.469949
8.67 -6.41149 -1187.54 650.231 -0.570226 -0.570226
8.68 -6.93591 -1205.19 641.2 -0.684735 -0.684735
8.69 -7.50895 -1208.83 624.677 -0.771322 -0.771322
8.7 -8.10091 -1196.29 599.386 -0.809769 -0.809769
8.71 -8.68844 -1169.28 564.606 -0.815187 -0.815187
8.72 -9.23912 -1129.66 519.95 -0.798142 -0.798142
8.73 -9.70525 -1076.55 465.949 -0.751895 -0.751895
8.74 -10.0335 -1008.75 404.606 -0.672892 -0.672892
8.75 -10.183 -929.089 339.372 -0.569023 -0.569023
8.76 -10.1363 -844.877 274.027 -0.459068 -0.459068
8.77 -9.89496 -763.847 211.3 -0.364493 -0.364493
8.78 -9.46574 -688.493 152.013 -0.295777 -0.295777
8.79 -8.8526 -614.361 94.9478 -0.246452 -0.246452
8.8 -8.06622 -533.64 37.9366 -0.202256 -0.202256
8.81 -7.12367 -439.275 -20.802 -0.155582 -0.155582
8.82 -6.04829 -327.614 -81.8735 -0.102788 -0.102788
8.83 -4.88977 -200.82 -144.391 -0.0375194 -0.0375194
8.84 -3.6744 -64.875 -209.67 0.0190158 0.0190158
8.85 -2.4752 66.9361 -275.265 0.0571583 0.0571583
8.86 -1.3949 184.022 -341.485 0.117839 0.117839
8.87 -0.45795 282.684 -409.5 0.196616 0.196616
8.88 0.288952 367.62 -480.749 0.243481 0.243481
8.89 0.851765 449.941 -556.072 0.251483 0.251483
8.9 1.22411 539.407 -634.675 0.248356 0.248356
8.91 1.41168 639.023 -714.448 0.240848 0.240848
8.92 1.40316 744.579 -791.01 0.188011 0.188011
8.93 1.28072 852.873 -862.39 0.0550441 0.0550441
8.94 1.09238 960.983 -926.491 -0.12059 -0.12059
8.95 0.866985 1066.44 -981.391 -0.26956 -0.26956
8.96 0.725259 1169.8 -1026.1 -0.361154 -0.361154
8.97 0.712131 1269.76 -1058.89 -0.423407 -0.423407
8.98 0.907823 1365.14 -1080.14 -0.492164 -0.492164
8.99 1.36246 1453.09 -1091.82 -0.54564 -0.54564
9 2.04808 1526.99 -1095.54 -0.57584 -0.57584
9.01 3.00202 1582.27 -1093.2 -0.649404 -0.649404
9.02 4.15985 1616.16 -1085.97 -0.835463 -0.835463
9.03 5.45847 1628.38 -1073.94 -1.13519 -1.13519
9.04 6.81913 1620.59 -1055.52 -1.43274 -1.43274
9.05 8.21288 1596.35 -1030.52 -1.65839 -1.65839
9.06 9.51753 1559.35 -998.466 -1.91799 -1.91799
9.07 10.6178 1513.82 -958.862 -2.2491 -2.2491
9.08 11.4738 1464.11 -910.982 -2.53964 -2.53964
9.09 12.03 1414.1 -853.957 -2.69013 -2.69013
9.1 12.2745 1366.39 -787.525 -2.67223 -2.67223
9.11 12.205 1319.91 -712.385 -2.5113 -2.5113
9.12 11.8415 1270.23 -630.268 -2.25218 -2.25218
9.13 11.2197 1211.88 -543.679 -1.92707 -1.92707
9.14 10.398 1141.03 -454.929 -1.55051 -1.55051
9.15 9.45449 1057.51 -365.788 -1.14482 -1.14482
9.16 8.47558 964.293 -277.946 -0.758683 -0.758683
9.17 7.53155 862.804 -193.314 -0.451345 -0.451345
9.18 6.65108 749.324 -113.915 -0.255162 -0.255162
9.19 5.83192 617.081 -40.8919 -0.15081 -0.15081
9.2 5.05447 461.447 26.7457 -0.100654 -0.100654
9.21 4.28036 284.74 90.9399 -0.0691261 -0.0691261
9.22 3.51154 93.6287 156.711 -0.01178 -0.01178
9.23 2.67305 -113.408 232.523 0.0861187 0.0861187
9.24 1.88295 -319.882 308.607 0.119496 0.119496
9.25 0.851422 -523.01 385.171 -0.00584056 -0.00584056
9.26 -0.390006 -718.641 459.011 -0.155645 -0.155645
9.27 -1.84914 -903.298 528.705 -0.202559 -0.202559
9.28 -3.51005 -1069.73 593.298 -0.227457 -0.227457
9.29 -5.3311 -1207.56 651.483 -0.351597 -0.351597
9.3 -7.20483 -1307.72 700.004 -0.680173 -0.680173
9.31 -8.96177 -1378.55 744.018 -1.32055 -1.32055
9.32 -10.6313 -1426.02 784.392 -2.15933 -2.15933
9.33 -12.045 -1456.69 821.192 -2.89579 -2.89579
9.34 -13.1655 -1475.5 852.089 -3.50165 -3.50165
9.35 -13.9112 -1487.87 874.403 -4.17531 -4.17531
9.36 -14.2519 -1497.67 886.166 -4.88739 -4.88739
9.37 -14.1747 -1506.58 886.459 -5.36065 -5.36065
9.38 -13.7096 -1514.82 874.847 -5.40986 -5.40986
9.39 -12.9116 -1521.12 851.439 -5.12707 -5.12707
9.4 -11.8639 -1523.5 817.03 -4.70577 -4.70577
9.41 -10.6797 -1516.34 772.341 -4.20989 -4.20989
9.42 -9.45142 -1491.69 718.194 -3.61405 -3.61405
9.43 -8.27697 -1443.6 655.217 -2.93963 -2.93963
9.44 -7.24818 -1370.02 584.345 -2.28647 -2.28647
9.45 -6.43136 -1272.01 507.202 -1.78064 -1.78064
9.46 -5.85611 -1151.77 426.331 -1.48402 -1.48402
9.47 -5.50848 -1010.39 344.453 -1.35324 -1.35324
9.48 -5.33403 -847.724 263.377 -1.29165 -1.29165
9.49 -5.25196 -664.629 183.711 -1.22312 -1.22312
9.5 -5.17386 -465.929 105.17 -1.11056 -1.11056
9.51 -5.02249 -262.403 26.8633 -0.923658 -0.923658
9.52 -4.81126 -70.5695 -48.1917 -0.560767 -0.560767
9.53 -4.41687 103.644 -124.349 0.0586412 0.0586412
9.54 -3.53186 266.366 -203.724 0.710721 0.710721
9.55 -2.49984 421.238 -284.472 1.06249 1.06249
9.56 -1.1417 575.558 -367.313 1.10885 1.10885
9.57 0.506274 731.026 -451.027 1.01446 1.01446
9.58 2.38581 888.293 -536.319 0.783866 0.783866
9.59 4.42453 1048.47 -623.719 0.299855 0.299855
9.6 6.54722 1213.61 -713.131 -0.480828 -0.480828
9.61 8.67116 1382.72 -803.286 -1.44071 -1.44071
9.62 10.7024 1549.76 -892.151 -2.37149 -2.37149
9.63 12.3757 1698.04 -975.642 -3.22078 -3.22078
9.64 13.6699 1815.38 -1039 -4.53295 -4.53295
9.65 15.0881 1923.22 -1095.51 -6.47072 -6.47072
9.66 15.9586 2025.78 -1143.99 -7.94833 -7.94833
9.67 16.547 2125.57 -1185.68 -8.42386 -8.42386
9.68 16.8245 2218.48 -1220.27 -8.57989 -8.57989
9.69 16.88 2298.75 -1249.22 -8.93527 -8.93527
9.7 16.6753 2361.97 -1272.56 -9.18274 -9.18274
9.71 16.2965 2407.37 -1290.15 -8.70453 -8.70453
9.72 15.7937 2435.42 -1302.37 -7.43458 -7.43458
9.73 15.2356 2446.18 -1310 -5.91077 -5.91077
9.74 14.6193 2439.36 -1314.15 -4.67424 -4.67424
9.75 14.0335 2416.68 -1314.96 -3.90417 -3.90417
9.76 13.4754 2381.19 -1314.41 -3.44884 -3.44884
9.77 12.8874 2330.21 -1313.98 -3.14692 -3.14692
9.78 12.2709 2256.64 -1314.41 -3.1277 -3.1277
9.79 11.5563 2155.42 -1314.83 -3.61915 -3.61915
9.8 10.7087 2027.49 -1312.76 -4.57406 -4.57406
9.81 9.69996 1879.57 -1304.66 -5.63264 -5.63264
9.82 8.52059 1722.07 -1286.98 -6.39173 -6.39173
9.83 7.17431 1565.55 -1256.67 -6.66054 -6.66054
9.84 5.67523 1416.28 -1211.82 -6.46242 -6.46242
9.85 4.0438 1275.12 -1151.83 -5.85266 -5.85266
9.86 2.31791 1140.22 -1077.19 -4.82532 -4.82532
9.87 0.562411 1009.62 -989.017 -3.40676 -3.40676
9.88 -1.13787 881.88 -888.585 -1.75679 -1.75679
9.89 -2.69197 755.068 -777.498 -0.132008 -0.132008
9.9 -4.01572 626.351 -657.848 1.23999 1.23999
9.91 -5.03529 493.974 -531.997 2.24439 2.24439
9.92 -5.68418 359.424 -402.112 2.86453 2.86453
9.93 -5.91522 226.903 -269.94 3.11311 3.11311
9.94 -5.74156 103.86 -139.16 2.89814 2.89814
9.95 -5.19808 -10.1374 -12.8792 2.16064 2.16064
9.96 -4.44512 -138.364 127.12 0.960112 0.960112
9.97 -2.96409 -258.144 260.997 -0.484625 -0.484625
9.98 -1.44771 -370.952 386.562 -1.64285 -1.64285
9.99 0.0447692 -476.252 502.462 -2.26432 -2.26432
10 1.55751 -575.843 608.962 -2.60508 -2.60508
