0.1 -2.6325 -18.491 6.01099 1.77476e-011 1.77476e-011
0.2 -5.265 -36.9818 12.0219 9.39516e-012 9.39516e-012
0.3 -7.8975 -55.4723 18.0327 6.05033e-011 6.05033e-011
0.4 -10.53 -73.9626 24.0435 5.10745e-011 5.10745e-011
0.5 -13.1625 -92.4527 30.0541 9.27274e-011 9.27274e-011
0.6 -15.795 -110.943 36.0647 1.33584e-010 1.33584e-010
0.7 -18.4275 -129.432 42.0753 1.37776e-010 1.37776e-010
0.8 -21.06 -147.922 48.0857 1.06553e-010 1.06553e-010
0.9 -23.6925 -166.411 54.0961 8.42323e-011 8.42323e-011
1 -26.325 -184.9 60.1064 1.13842e-010 1.13842e-010
0.01 -26.325 -184.993 60.2014 7.7272e-011 7.7272e-011
0.02 -26.3249 -185.257 60.4758 3.3333e-005 3.3333e-005
0.03 -26.3247 -185.564 60.8019 0.000164821 0.000164821
0.04 -26.3248 -185.805 61.0473 0.000429023 0.000429023
0.05 -26.3251 -185.988 61.1871 0.000784459 0.000784459
0.06 -26.3256 -186.116 61.2101 0.00108364 0.00108364
0.07 -26.3267 -186.193 61.1211 0.0012024 0.0012024
0.08 -26.328 -186.22 60.9394 0.00115388 0.00115388
0.09 -26.3298 -186.202 60.6949 0.000956119 0.000956119
0.1 -26.3319 -186.146 60.4188 0.000734185 0.000734185
0.11 -26.3343 -186.062 60.1345 0.000657597 0.000657597
0.12 -26.3368 -185.957 59.8529 0.000550848 0.000550848
0.13 -26.3395 -185.836 59.5672 0.000228232 0.000228232
0.14 -26.3422 -185.701 59.2596 -6.09808e-005 -6.09808e-005
0.15 -26.3449 -185.55 58.9108 -6.94988e-005 -6.94988e-005
0.16 -26.3476 -185.378 58.5117 5.25174e-005 5.25174e-005
0.17 -26.3502 -185.177 58.0624 0.00019691 0.00019691
0.18 -26.3526 -184.939 57.5704 0.000517852 0.000517852
0.19 -26.355 -184.668 57.0414 0.00114437 0.00114437
0.2 -26.3572 -184.372 56.4823 0.00197048 0.00197048
0.21 -26.3595 -184.067 55.9056 0.00258254 0.00258254
0.22 -26.3617 -183.765 55.3338 0.0027184 0.0027184
0.23 -26.364 -183.475 54.7913 0.0025444 0.0025444
0.24 -26.3661 -183.204 54.3011 0.00237862 0.00237862
0.25 -26.3683 -182.961 53.8761 0.00238499 0.00238499
0.26 -26.3703 -182.748 53.5213 0.00248502 0.00248502
0.27 -26.3721 -182.544 53.2273 0.00269404 0.00269404
0.28 -26.3734 -182.315 52.9706 0.00320875 0.00320875
0.29 -26.3742 -182.037 52.7194 0.00387611 0.00387611
0.3 -26.3745 -181.715 52.4444 0.00439505 0.00439505
0.31 -26.3742 -181.361 52.1291 0.0047907 0.0047907
0.32 -26.3734 -180.988 51.7827 0.00508175 0.00508175
0.33 -26.372 -180.619 51.4399 0.00524776 0.00524776
0.34 -26.3703 -180.281 51.1431 0.00531579 0.00531579
0.35 -26.3684 -179.995 50.9182 0.00533591 0.00533591
0.36 -26.3665 -179.775 50.7708 0.00543784 0.00543784
0.37 -26.3649 -179.627 50.7008 0.00569171 0.00569171
0.38 -26.3637 -179.542 50.7192 0.00596427 0.00596427
0.39 -26.3626 -179.505 50.8418 0.0061272 0.0061272
0.4 -26.3617 -179.509 51.0658 0.00618676 0.00618676
0.41 -26.3608 -179.556 51.3628 0.00615498 0.00615498
0.42 -26.3597 -179.649 51.697 0.00605202 0.00605202
0.43 -26.3584 -179.785 52.0491 0.00593159 0.00593159
0.44 -26.3566 -179.955 52.424 0.00582834 0.00582834
0.45 -26.3542 -180.15 52.8328 0.00574878 0.00574878
0.46 -26.3512 -180.37 53.2738 0.0057315 0.0057315
0.47 -26.3478 -180.608 53.7367 0.00579788 0.00579788
0.48 -26.3441 -180.86 54.2214 0.00590538 0.00590538
0.49 -26.3403 -181.133 54.7405 0.00599418 0.00599418
0.5 -26.3366 -181.42 55.3044 0.00603351 0.00603351
0.51 -26.333 -181.697 55.9143 0.00601757 0.00601757
0.52 -26.3294 -181.949 56.5718 0.00594937 0.00594937
0.53 -26.3257 -182.17 57.2817 0.00584618 0.00584618
0.54 -26.3216 -182.328 58.0291 0.00574228 0.00574228
0.55 -26.3168 -182.384 58.7618 0.00565098 0.00565098
0.56 -26.3112 -182.345 59.4264 0.0055221 0.0055221
0.57 -26.3048 -182.295 60.0218 0.00531917 0.00531917
0.58 -26.298 -182.338 60.5838 0.00505633 0.00505633
0.59 -26.291 -182.509 61.129 0.00475234 0.00475234
0.6 -26.2845 -182.751 61.6354 0.00444389 0.00444389
0.61 -26.279 -183.004 62.0628 0.00417115 0.00417115
0.62 -26.2752 -183.251 62.3927 0.00393868 0.00393868
0.63 -26.2734 -183.453 62.634 0.00372918 0.00372918
0.64 -26.2733 -183.524 62.8105 0.00357694 0.00357694
0.65 -26.2745 -183.46 62.9439 0.00355945 0.00355945
0.66 -26.2768 -183.365 63.0418 0.0037339 0.0037339
0.67 -26.2796 -183.316 63.079 0.00403338 0.00403338
0.68 -26.2826 -183.309 63.0334 0.00425952 0.00425952
0.69 -26.285 -183.325 62.9164 0.00428245 0.00428245
0.7 -26.2868 -183.349 62.7424 0.00414357 0.00414357
0.71 -26.288 -183.353 62.4889 0.00394756 0.00394756
0.72 -26.2892 -183.333 62.1025 0.00375558 0.00375558
0.73 -26.2911 -183.323 61.5483 0.00361232 0.00361232
0.74 -26.2945 -183.371 60.8724 0.00357859 0.00357859
0.75 -26.2997 -183.502 60.1881 0.00368116 0.00368116
0.76 -26.3067 -183.701 59.5789 0.0038667 0.0038667
0.77 -26.3155 -183.906 59.0494 0.00403844 0.00403844
0.78 -26.3256 -184.016 58.5637 0.00412879 0.00412879
0.79 -26.3358 -183.955 58.0956 0.00412209 0.00412209
0.8 -26.3451 -183.741 57.6406 0.00403029 0.00403029
0.81 -26.3526 -183.45 57.1827 0.00390583 0.00390583
0.82 -26.3578 -183.146 56.669 0.00383404 0.00383404
0.83 -26.3606 -182.867 56.0556 0.00380181 0.00380181
0.84 -26.3612 -182.628 55.367 0.0037219 0.0037219
0.85 -26.3599 -182.381 54.6732 0.0036671 0.0036671
0.86 -26.3572 -182.031 54.0526 0.00377252 0.00377252
0.87 -26.3537 -181.585 53.6028 0.00395937 0.00395937
0.88 -26.35 -181.165 53.4126 0.00405777 0.00405777
0.89 -26.3465 -180.801 53.4815 0.00404607 0.00404607
0.9 -26.3428 -180.349 53.7094 0.00399961 0.00399961
0.91 -26.3382 -179.684 53.9984 0.00394266 0.00394266
0.92 -26.332 -178.895 54.374 0.00384543 0.00384543
0.93 -26.3234 -178.221 54.9627 0.00372101 0.00372101
0.94 -26.312 -177.784 55.8191 0.00362142 0.00362142
0.95 -26.298 -177.519 56.7975 0.00356327 0.00356327
0.96 -26.2822 -177.304 57.6524 0.00350576 0.00350576
0.97 -26.2659 -177.114 58.2819 0.00341044 0.00341044
0.98 -26.2507 -177.07 58.7973 0.0032601 0.0032601
0.99 -26.2379 -177.246 59.3508 0.00308941 0.00308941
1 -26.2285 -177.538 59.9796 0.0031031 0.0031031
1.01 -26.2235 -177.859 60.5999 0.00311688 0.00311688
1.02 -26.2235 -178.223 61.1124 0.00249939 0.00249939
1.03 -26.2277 -178.564 61.5413 0.00150963 0.00150963
1.04 -26.2338 -178.724 62.0443 0.00113532 0.00113532
1.05 -26.2394 -178.686 62.742 0.00150915 0.00150915
1.06 -26.2428 -178.651 63.5905 0.0018244 0.0018244
1.07 -26.2435 -178.812 64.4374 0.00158179 0.00158179
1.08 -26.2406 -179.136 65.1137 0.00116099 0.00116099
1.09 -26.2346 -179.487 65.5355 0.000903164 0.000903164
1.1 -26.2261 -179.925 65.7652 0.000590312 0.000590312
1.11 -26.2174 -180.595 65.9732 0.000171395 0.000171395
1.12 -26.2096 -181.369 66.2928 5.42796e-005 5.42796e-005
1.13 -26.204 -181.904 66.7182 0.000542394 0.000542394
1.14 -26.2012 -182.032 67.076 0.00135885 0.00135885
1.15 -26.2021 -181.758 67.1446 0.00192954 0.00192954
1.16 -26.206 -181.044 66.8251 0.00203193 0.00203193
1.17 -26.2109 -179.979 66.2651 0.00190083 0.00190083
1.18 -26.2144 -178.828 65.7894 0.00185227 0.00185227
1.19 -26.2148 -177.864 65.6264 0.00189443 0.00189443
1.2 -26.2119 -177.294 65.7239 0.00153167 0.00153167
1.21 -26.2064 -177.196 65.8413 0.000572743 0.000572743
1.22 -26.2004 -177.518 65.7419 -0.0002656 -0.0002656
1.23 -26.1961 -178.121 65.2901 -0.000530428 -0.000530428
1.24 -26.1957 -178.78 64.4768 -0.000555947 -0.000555947
1.25 -26.2002 -179.17 63.3983 -0.000272457 -0.000272457
1.26 -26.2096 -179.005 62.1888 0.000531878 0.000531878
1.27 -26.2227 -178.233 60.984 0.0011732 0.0011732
1.28 -26.2376 -177.029 59.9099 0.00118163 0.00118163
1.29 -26.2518 -175.731 59.0607 0.000928772 0.000928772
1.3 -26.2629 -174.719 58.5002 0.000652253 0.000652253
1.31 -26.2688 -174.139 58.2398 0.000343222 0.000343222
1.32 -26.2683 -173.894 58.1656 5.6371e-005 5.6371e-005
1.33 -26.2624 -173.893 58.0278 -0.000138725 -0.000138725
1.34 -26.2531 -173.931 57.5776 -2.4318e-005 -2.4318e-005
1.35 -26.2418 -173.558 56.7953 0.000219862 0.000219862
1.36 -26.2291 -172.524 55.963 0.000327923 0.000327923
1.37 -26.2164 -171.083 55.4085 0.000947769 0.000947769
1.38 -26.2058 -169.758 55.2045 0.00244653 0.00244653
1.39 -26.1994 -168.937 55.1169 0.00394638 0.00394638
1.4 -26.1988 -168.703 54.8149 0.00449463 0.00449463
1.41 -26.2042 -169.06 54.28 0.00426287 0.00426287
1.42 -26.2144 -169.965 53.9343 0.00387263 0.00387263
1.43 -26.2268 -171.121 54.196 0.00344935 0.00344935
1.44 -26.2394 -172.236 55.0561 0.0029469 0.0029469
1.45 -26.2524 -173.387 56.1104 0.00253658 0.00253658
1.46 -26.2669 -174.897 56.9006 0.00251326 0.00251326
1.47 -26.283 -176.985 57.3331 0.00293919 0.00293919
1.48 -26.3001 -179.72 57.7723 0.00353544 0.00353544
1.49 -26.3183 -183.279 58.6414 0.00398024 0.00398024
1.5 -26.3395 -187.78 60.0396 0.00415969 0.00415969
1.51 -26.3642 -192.648 61.777 0.00434245 0.00434245
1.52 -26.3898 -196.636 63.6503 0.00514979 0.00514979
1.53 -26.4115 -198.888 65.6269 0.00671881 0.00671881
1.54 -26.4258 -199.646 67.7786 0.00860204 0.00860204
1.55 -26.4302 -199.683 70.0744 0.0108455 0.0108455
1.56 -26.4226 -199.593 72.3712 0.0137362 0.0137362
1.57 -26.4024 -199.72 74.5123 0.0169254 0.0169254
1.58 -26.3717 -200.281 76.2982 0.0197972 0.0197972
1.59 -26.336 -201.382 77.495 0.0216283 0.0216283
1.6 -26.3029 -203.074 78.0246 0.0216205 0.0216205
1.61 -26.2793 -205.247 78.2125 0.0203116 0.0203116
1.62 -26.2682 -207.294 78.6396 0.0193465 0.0193465
1.63 -26.2688 -208.018 79.4468 0.0189527 0.0189527
1.64 -26.277 -206.107 80.0263 0.0183927 0.0183927
1.65 -26.287 -201.11 79.6784 0.0185019 0.0185019
1.66 -26.2908 -193.964 78.3492 0.0203116 0.0203116
1.67 -26.281 -186.429 76.5884 0.0223364 0.0223364
1.68 -26.253 -180.069 74.962 0.0224175 0.0224175
1.69 -26.2067 -175.684 73.5685 0.0205853 0.0205853
1.7 -26.148 -173.357 72.1835 0.0181354 0.0181354
1.71 -26.0853 -172.468 70.7063 0.015968 0.015968
1.72 -26.0272 -171.785 69.1902 0.0147051 0.0147051
1.73 -25.9814 -170.081 67.587 0.0141137 0.0141137
1.74 -25.9537 -166.773 65.6983 0.0131381 0.0131381
1.75 -25.9465 -161.916 63.3093 0.0123117 0.0123117
1.76 -25.9574 -155.967 60.3001 0.0137904 0.0137904
1.77 -25.9812 -149.856 56.7171 0.0182678 0.0182678
1.78 -26.0123 -144.97 52.864 0.0239347 0.0239347
1.79 -26.0453 -142.402 49.2721 0.0288838 0.0288838
1.8 -26.0751 -142.165 46.335 0.0327284 0.0327284
1.81 -26.0994 -143.475 43.9602 0.0352406 0.0352406
1.82 -26.1199 -145.432 41.7544 0.0357143 0.0357143
1.83 -26.1395 -147.349 39.4717 0.0343955 0.0343955
1.84 -26.1607 -148.767 37.2146 0.0327782 0.0327782
1.85 -26.1843 -149.56 35.3395 0.0322694 0.0322694
1.86 -26.2108 -150.111 34.1678 0.0332651 0.0332651
1.87 -26.2396 -150.799 33.707 0.0349349 0.0349349
1.88 -26.2662 -151.108 33.669 0.0357407 0.0357407
1.89 -26.2841 -150.192 33.7449 0.0351715 0.0351715
1.9 -26.2901 -148.596 33.8286 0.0343864 0.0343864
1.91 -26.2874 -148.261 34.0328 0.0341605 0.0341605
1.92 -26.2811 -150.739 34.5728 0.033919 0.033919
1.93 -26.2779 -156.359 35.5789 0.0334392 0.0334392
1.94 -26.2867 -164.683 36.977 0.0333049 0.0333049
1.95 -26.3171 -174.871 38.5974 0.0333029 0.0333029
1.96 -26.3745 -185.561 40.3128 0.0321903 0.0321903
1.97 -26.4582 -195.038 42.0629 0.0292569 0.0292569
1.98 -26.5611 -202.159 43.849 0.0251396 0.0251396
1.99 -26.6733 -207.058 45.6786 0.0214491 0.0214491
2 -26.7828 -210.866 47.5667 0.0195613 0.0195613
2.01 -26.8775 -214.943 49.6425 0.0189205 0.0189205
2.02 -26.9466 -220.181 52.1968 0.0169117 0.0169117
2.03 -26.9836 -226.902 55.5452 0.0121785 0.0121785
2.04 -26.9892 -235.029 59.7422 0.00845019 0.00845019
2.05 -26.9693 -243.691 64.4534 0.0115811 0.0115811
2.06 -26.932 -251.281 69.1779 0.0217995 0.0217995
2.07 -26.887 -256.717 73.5629 0.033303 0.033303
2.08 -26.845 -260.118 77.5091 0.0419126 0.0419126
2.09 -26.8142 -262.084 81.0451 0.0479205 0.0479205
2.1 -26.7973 -262.85 84.1166 0.051717 0.051717
2.11 -26.7921 -262.31 86.575 0.0519032 0.0519032
2.12 -26.7943 -260.735 88.3651 0.0483044 0.0483044
2.13 -26.7991 -258.926 89.5724 0.0438405 0.0438405
2.14 -26.8021 -257.584 90.3641 0.0421048 0.0421048
2.15 -26.7983 -256.729 90.9408 0.0439859 0.0439859
2.16 -26.7828 -255.556 91.4147 0.0465398 0.0465398
2.17 -26.7527 -253.094 91.6426 0.0468853 0.0468853
2.18 -26.7105 -249.256 91.193 0.0465866 0.0465866
2.19 -26.6623 -244.615 89.6334 0.0476793 0.0476793
2.2 -26.6115 -239.097 86.9224 0.0485772 0.0485772
2.21 -26.5578 -231.981 83.4326 0.0474544 0.0474544
2.22 -26.5007 -223.019 79.6625 0.0453646 0.0453646
2.23 -26.441 -212.801 75.9671 0.0443184 0.0443184
2.24 -26.3799 -202.15 72.4155 0.0445435 0.0445435
2.25 -26.3179 -191.615 68.8247 0.0450659 0.0450659
2.26 -26.2564 -181.643 64.9117 0.0455735 0.0455735
2.27 -26.1977 -172.504 60.4486 0.046387 0.046387
2.28 -26.1428 -163.81 55.4077 0.0473154 0.0473154
2.29 -26.092 -154.911 49.9676 0.0476557 0.0476557
2.3 -26.0465 -145.65 44.3582 0.0471551 0.0471551
2.31 -26.0074 -136.233 38.8017 0.0469099 0.0469099
2.32 -25.9741 -126.822 33.5714 0.0490612 0.0490612
2.33 -25.9443 -117.666 28.9414 0.0542798 0.0542798
2.34 -25.9163 -109.251 25.0278 0.0616902 0.0616902
2.35 -25.8894 -102.138 21.7621 0.0713539 0.0713539
2.36 -25.8636 -96.6927 19.0212 0.0826103 0.0826103
2.37 -25.8405 -93.1507 16.7396 0.0921013 0.0921013
2.38 -25.8224 -91.5623 14.9458 0.0964109 0.0964109
2.39 -25.8102 -91.284 13.7694 0.0950626 0.0950626
2.4 -25.8028 -91.3493 13.488 0.0901414 0.0901414
2.41 -25.7982 -91.3907 14.5527 0.0836001 0.0836001
2.42 -25.7935 -91.548 17.3371 0.0770446 0.0770446
2.43 -25.7867 -92.3128 21.6721 0.0731154 0.0731154
2.44 -25.7801 -94.8254 26.7614 0.0735926 0.0735926
2.45 -25.7786 -100.225 31.7539 0.0775803 0.0775803
2.46 -25.7857 -108.502 36.3457 0.082649 0.082649
2.47 -25.8025 -118.593 40.779 0.0864979 0.0864979
2.48 -25.8308 -129.409 45.439 0.0878684 0.0878684
2.49 -25.8736 -140.444 50.5505 0.0865987 0.0865987
2.5 -25.9336 -151.794 56.1586 0.0832895 0.0832895
2.51 -26.0114 -163.77 62.1667 0.0792403 0.0792403
2.52 -26.1052 -176.536 68.2851 0.0761643 0.0761643
2.53 -26.2116 -190.089 74.1363 0.0753144 0.0753144
2.54 -26.3254 -204.17 79.473 0.0768303 0.0768303
2.55 -26.4403 -218.209 84.2275 0.0798324 0.0798324
2.56 -26.5502 -231.613 88.4323 0.0830052 0.0830052
2.57 -26.6509 -244.035 92.0892 0.0851388 0.0851388
2.58 -26.7407 -255.424 95.1046 0.0857558 0.0857558
2.59 -26.8197 -265.96 97.4401 0.0863091 0.0863091
2.6 -26.8901 -275.891 99.2526 0.0888195 0.0888195
2.61 -26.953 -285.147 100.663 0.0935852 0.0935852
2.62 -27.0107 -293.235 101.572 0.100545 0.100545
2.63 -27.0639 -299.471 101.82 0.108977 0.108977
2.64 -27.1124 -303.629 101.528 0.115802 0.115802
2.65 -27.1566 -306.431 101.106 0.117873 0.117873
2.66 -27.1967 -308.819 100.856 0.114887 0.114887
2.67 -27.2316 -310.882 100.547 0.108862 0.108862
2.68 -27.2596 -311.84 99.4822 0.102048 0.102048
2.69 -27.2786 -310.836 97.0906 0.0964236 0.0964236
2.7 -27.2873 -307.777 93.4286 0.0939494 0.0939494
2.71 -27.2842 -303.232 89.1524 0.0955578 0.0955578
2.72 -27.2669 -297.481 85.1183 0.100186 0.100186
2.73 -27.231 -290.01 81.794 0.105542 0.105542
2.74 -27.1744 -280.245 78.8379 0.109363 0.109363
2.75 -27.0994 -268.499 75.3956 0.110303 0.110303
2.76 -27.0099 -255.629 70.9679 0.10832 0.10832
2.77 -26.9088 -242.238 65.7044 0.104417 0.104417
2.78 -26.8005 -228.597 59.7914 0.100202 0.100202
2.79 -26.6908 -214.589 53.0965 0.097363 0.097363
2.8 -26.5837 -199.604 45.6663 0.0969638 0.0969638
2.81 -26.4807 -183.378 38.1263 0.0989682 0.0989682
2.82 -26.3828 -166.646 31.3452 0.102345 0.102345
2.83 -26.2911 -150.52 25.8582 0.105638 0.105638
2.84 -26.2054 -135.763 21.5769 0.107582 0.107582
2.85 -26.1246 -122.512 18.0237 0.107542 0.107542
2.86 -26.0471 -110.588 14.7038 0.105675 0.105675
2.87 -25.9731 -99.924 11.1669 0.102676 0.102676
2.88 -25.9035 -90.3274 7.19432 0.100054 0.100054
2.89 -25.8375 -81.3477 3.13075 0.101233 0.101233
2.9 -25.774 -72.821 -0.270686 0.10926 0.10926
2.91 -25.7132 -65.0874 -2.46154 0.122505 0.122505
2.92 -25.6573 -58.6143 -3.43486 0.135803 0.135803
2.93 -25.6087 -53.8244 -3.43077 0.144744 0.144744
2.94 -25.5688 -51.0635 -2.50355 0.147229 0.147229
2.95 -25.5383 -50.4435 -0.55303 0.142769 0.142769
2.96 -25.5182 -51.8975 2.40931 0.132955 0.132955
2.97 -25.5101 -55.4981 6.33152 0.121899 0.121899
2.98 -25.5156 -61.5016 11.3292 0.11429 0.11429
2.99 -25.5352 -69.8667 17.5766 0.112988 0.112988
3 -25.5662 -79.8447 25.0443 0.117874 0.117874
3.01 -25.6043 -90.3308 33.4517 0.126071 0.126071
3.02 -25.6445 -100.635 42.4781 0.133533 0.133533
3.03 -25.6816 -110.79 52.0088 0.137384 0.137384
3.04 -25.7121 -121.493 62.0947 0.136527 0.136527
3.05 -25.7363 -133.835 72.5915 0.131266 0.131266
3.06 -25.7585 -148.588 83.075 0.123554 0.123554
3.07 -25.783 -165.425 93.3347 0.116323 0.116323
3.08 -25.812 -182.979 103.563 0.11214 0.11214
3.09 -25.8482 -199.99 113.926 0.112067 0.112067
3.1 -25.8965 -216.109 124.25 0.115146 0.115146
3.11 -25.9602 -231.261 133.976 0.119539 0.119539
3.12 -26.0372 -244.66 142.397 0.123962 0.123962
3.13 -26.1189 -255.081 149.115 0.127512 0.127512
3.14 -26.1957 -262.319 154.084 0.129146 0.129146
3.15 -26.2628 -267.861 157.397 0.128931 0.128931
3.16 -26.3198 -273.792 159.218 0.129995 0.129995
3.17 -26.3701 -281.604 159.719 0.136488 0.136488
3.18 -26.4203 -291.556 159.029 0.147967 0.147967
3.19 -26.4758 -302.14 157.331 0.158687 0.158687
3.2 -26.5384 -310.749 154.905 0.163884 0.163884
3.21 -26.6084 -315.604 152.051 0.163932 0.163932
3.22 -26.6856 -316.791 148.967 0.16148 0.16148
3.23 -26.7677 -315.508 145.561 0.157767 0.157767
3.24 -26.8492 -312.928 141.411 0.153285 0.153285
3.25 -26.9235 -309.83 135.951 0.149698 0.149698
3.26 -26.9858 -306.501 128.552 0.149157 0.149157
3.27 -27.0337 -302.405 118.655 0.151937 0.151937
3.28 -27.0661 -296.494 106.191 0.156071 0.156071
3.29 -27.0847 -288.257 91.8711 0.159523 0.159523
3.3 -27.0934 -278.125 77.0406 0.161384 0.161384
3.31 -27.0953 -266.773 63.1935 0.161145 0.161145
3.32 -27.0903 -254.339 51.41 0.158425 0.158425
3.33 -27.076 -240.697 41.9887 0.154055 0.154055
3.34 -27.0513 -226.448 34.4473 0.150259 0.150259
3.35 -27.0173 -212.677 27.8273 0.148858 0.148858
3.36 -26.9735 -199.611 21.022 0.149669 0.149669
3.37 -26.918 -186.348 13.0875 0.151111 0.151111
3.38 -26.8484 -171.696 3.6788 0.152231 0.152231
3.39 -26.7628 -155.015 -6.6648 0.153355 0.153355
3.4 -26.6614 -136.962 -16.7334 0.154365 0.154365
3.41 -26.5497 -119.615 -25.2142 0.154064 0.154064
3.42 -26.4355 -105.233 -31.1728 0.152186 0.152186
3.43 -26.3262 -94.6674 -34.3015 0.15029 0.15029
3.44 -26.2264 -87.1657 -34.8807 0.15001 0.15001
3.45 -26.1389 -81.3679 -33.4921 0.151109 0.151109
3.46 -26.0655 -76.2918 -30.8145 0.151637 0.151637
3.47 -26.0071 -71.6544 -27.5246 0.151475 0.151475
3.48 -25.9621 -67.6216 -24.0814 0.154453 0.154453
3.49 -25.9262 -64.5069 -20.5556 0.162283 0.162283
3.5 -25.8948 -62.9666 -16.6694 0.168812 0.168812
3.51 -25.8656 -64.0326 -11.9726 0.167284 0.167284
3.52 -25.8372 -68.0803 -6.10426 0.159917 0.159917
3.53 -25.8076 -74.2413 0.997029 0.153449 0.153449
3.54 -25.7768 -81.4495 9.15019 0.150202 0.150202
3.55 -25.7489 -89.6156 18.117 0.148835 0.148835
3.56 -25.732 -99.7148 27.7088 0.149393 0.149393
3.57 -25.7344 -112.749 37.8263 0.153056 0.153056
3.58 -25.7613 -128.601 48.4581 0.158666 0.158666
3.59 -25.8118 -145.881 59.68 0.162907 0.162907
3.6 -25.8794 -162.505 71.5156 0.163668 0.163668
3.61 -25.9542 -176.724 83.6564 0.161485 0.161485
3.62 -26.0273 -188.319 95.4144 0.158002 0.158002
3.63 -26.0936 -198.821 106.033 0.154406 0.154406
3.64 -26.1502 -210.187 115.139 0.151692 0.151692
3.65 -26.1945 -223.286 122.938 0.151005 0.151005
3.66 -26.2257 -237.708 129.929 0.152843 0.152843
3.67 -26.2472 -252.583 136.627 0.156234 0.156234
3.68 -26.2658 -267.08 143.442 0.159332 0.159332
3.69 -26.2894 -280.338 150.26 0.160966 0.160966
3.7 -26.3259 -291.609 156.202 0.160897 0.160897
3.71 -26.3814 -300.527 160.109 0.159152 0.159152
3.72 -26.4569 -306.866 161.152 0.156331 0.156331
3.73 -26.5479 -310.439 159.161 0.153897 0.153897
3.74 -26.6453 -311.452 154.759 0.152638 0.152638
3.75 -26.7395 -310.53 148.929 0.152991 0.152991
3.76 -26.8219 -308.312 142.271 0.156493 0.156493
3.77 -26.8868 -305.116 134.941 0.161938 0.161938
3.78 -26.9308 -300.951 126.961 0.164795 0.164795
3.79 -26.9544 -295.746 118.237 0.16368 0.16368
3.8 -26.9611 -289.344 108.56 0.161069 0.161069
3.81 -26.9559 -281.447 97.9122 0.158506 0.158506
3.82 -26.9424 -271.89 86.8141 0.155853 0.155853
3.83 -26.9221 -260.666 76.1859 0.15373 0.15373
3.84 -26.8949 -247.694 66.4441 0.153653 0.153653
3.85 -26.8631 -233.114 56.8055 0.155928 0.155928
3.86 -26.8296 -217.564 46.2087 0.159071 0.159071
3.87 -26.7947 -201.934 34.6274 0.161415 0.161415
3.88 -26.757 -187.051 22.9114 0.162319 0.162319
3.89 -26.7166 -173.488 11.8425 0.161848 0.161848
3.9 -26.6768 -161.65 1.68516 0.160228 0.160228
3.91 -26.6443 -152.06 -7.52987 0.157971 0.157971
3.92 -26.6259 -145.31 -15.4999 0.156027 0.156027
3.93 -26.6251 -141.238 -21.6986 0.155165 0.155165
3.94 -26.6391 -138.405 -25.83 0.155433 0.155433
3.95 -26.6604 -135.047 -27.8593 0.156573 0.156573
3.96 -26.6781 -130.27 -27.8226 0.158181 0.158181
3.97 -26.6805 -124.141 -25.986 0.159403 0.159403
3.98 -26.6557 -117.186 -22.8562 0.159569 0.159569
3.99 -26.5933 -110.104 -18.8083 0.158886 0.158886
4 -26.4899 -104.172 -13.8742 0.157788 0.157788
4.01 -26.3519 -101.364 -7.81171 0.156582 0.156582
4.02 -26.1939 -102.959 -0.467946 0.155749 0.155749
4.03 -26.0356 -108.49 7.80239 0.155574 0.155574
4.04 -25.8995 -116.649 16.3393 0.156206 0.156206
4.05 -25.8067 -126.138 24.6711 0.158157 0.158157
4.06 -25.7693 -135.282 32.6664 0.160718 0.160718
4.07 -25.7863 -142.381 40.5398 0.160624 0.160624
4.08 -25.847 -147.177 48.8253 0.15734 0.15734
4.09 -25.9334 -151.046 58.2207 0.155154 0.155154
4.1 -26.0221 -155.662 69.2294 0.155649 0.155649
4.11 -26.09 -162.231 81.7497 0.156359 0.156359
4.12 -26.1203 -171.225 94.9891 0.156375 0.156375
4.13 -26.1041 -181.964 107.787 0.157018 0.157018
4.14 -26.0433 -193.244 119.074 0.158453 0.158453
4.15 -25.9519 -204.458 128.15 0.15924 0.15924
4.16 -25.8529 -215.467 134.748 0.158659 0.158659
4.17 -25.7716 -226.025 139.004 0.157682 0.157682
4.18 -25.7291 -235.549 141.447 0.157906 0.157906
4.19 -25.7368 -243.13 143.01 0.1584 0.1584
4.2 -25.7941 -248.106 144.771 0.156022 0.156022
4.21 -25.8909 -250.469 147.329 0.151694 0.151694
4.22 -26.0086 -250.51 150.402 0.150494 0.150494
4.23 -26.1253 -248.893 153.101 0.153547 0.153547
4.24 -26.2209 -246.791 154.5 0.15697 0.15697
4.25 -26.278 -244.783 153.979 0.158392 0.158392
4.26 -26.2857 -242.397 151.293 0.158858 0.158858
4.27 -26.2443 -239.121 146.473 0.159032 0.159032
4.28 -26.164 -234.644 139.77 0.157986 0.157986
4.29 -26.0615 -228.57 131.721 0.155687 0.155687
4.3 -25.9574 -221.128 122.984 0.153484 0.153484
4.31 -25.8749 -213.352 113.963 0.152612 0.152612
4.32 -25.832 -205.873 104.72 0.153245 0.153245
4.33 -25.8369 -198.335 95.2513 0.154745 0.154745
4.34 -25.8865 -190.081 85.8016 0.156445 0.156445
4.35 -25.9681 -180.696 76.8841 0.157848 0.157848
4.36 -26.0628 -170.135 68.8158 0.158475 0.158475
4.37 -26.1518 -158.97 61.2551 0.158031 0.158031
4.38 -26.2203 -148.413 53.4735 0.156735 0.156735
4.39 -26.2607 -140.064 45.0893 0.155255 0.155255
4.4 -26.2725 -135.28 36.3914 0.154244 0.154244
4.41 -26.2614 -134.047 27.986 0.154017 0.154017
4.42 -26.2368 -134.766 20.3026 0.154565 0.154565
4.43 -26.2103 -135.133 13.4937 0.155625 0.155625
4.44 -26.1897 -132.934 7.69404 0.156757 0.156757
4.45 -26.1777 -127.076 3.21716 0.15751 0.15751
4.46 -26.1746 -118.756 0.336632 0.157597 0.157597
4.47 -26.1803 -110.887 -1.09405 0.157025 0.157025
4.48 -26.1928 -106.026 -1.48581 0.156086 0.156086
4.49 -26.2065 -105.279 -0.928113 0.155196 0.155196
4.5 -26.2163 -108.607 0.927209 0.154693 0.154693
4.51 -26.2194 -114.902 4.36121 0.154726 0.154726
4.52 -26.2142 -122.047 9.21828 0.155244 0.155244
4.53 -26.2012 -128.267 15.1522 0.156014 0.156014
4.54 -26.1823 -133.167 22.0494 0.156712 0.156712
4.55 -26.1582 -137.134 29.9043 0.157061 0.157061
4.56 -26.1301 -140.926 38.3586 0.156954 0.156954
4.57 -26.101 -145.656 46.7574 0.156479 0.156479
4.58 -26.0737 -151.953 54.6615 0.155855 0.155855
4.59 -26.0474 -159.161 62.0508 0.155341 0.155341
4.6 -26.0195 -165.795 69.1138 0.155129 0.155129
4.61 -25.9895 -171.101 76.1024 0.155281 0.155281
4.62 -25.9609 -175.988 83.3781 0.155707 0.155707
4.63 -25.938 -181.761 91.2525 0.156217 0.156217
4.64 -25.9207 -188.14 99.5771 0.156605 0.156605
4.65 -25.9057 -193.443 107.524 0.156727 0.156727
4.66 -25.8923 -196.561 113.81 0.156559 0.156559
4.67 -25.8835 -197.908 117.363 0.156188 0.156188
4.68 -25.8825 -198.595 117.997 0.155777 0.155777
4.69 -25.8897 -199.257 116.386 0.1555 0.1555
4.7 -25.9024 -199.488 113.491 0.155453 0.155453
4.71 -25.9161 -198.196 110.123 0.15563 0.15563
4.72 -25.9273 -194.908 106.739 0.155945 0.155945
4.73 -25.9372 -190.464 103.217 0.156269 0.156269
4.74 -25.9486 -185.98 99.0132 0.156471 0.156471
4.75 -25.9624 -181.819 93.7018 0.156477 0.156477
4.76 -25.9774 -177.516 87.2006 0.156302 0.156302
4.77 -25.9903 -171.91 79.6629 0.156033 0.156033
4.78 -25.9976 -164.096 71.3634 0.155785 0.155785
4.79 -26.0003 -154.749 62.596 0.155652 0.155652
4.8 -26.0022 -145.569 53.661 0.155676 0.155676
4.81 -26.007 -137.777 44.7889 0.155838 0.155838
4.82 -26.0187 -131.889 35.9255 0.156065 0.156065
4.83 -26.0408 -127.665 27.0135 0.15626 0.15626
4.84 -26.0694 -123.515 18.63 0.156346 0.156346
4.85 -26.0953 -117.509 11.6964 0.156299 0.156299
4.86 -26.1154 -110.195 6.43841 0.156148 0.156148
4.87 -26.1374 -104.794 2.11277 0.155949 0.155949
4.88 -26.1693 -103.637 -2.27333 0.15578 0.15578
4.89 -26.211 -106.036 -7.0323 0.155707 0.155707
4.9 -26.2578 -109.78 -11.506 0.155738 0.155738
4.91 -26.3068 -113.374 -14.8495 0.155833 0.155833
4.92 -26.3598 -116.443 -17.0391 0.155952 0.155952
4.93 -26.419 -118.901 -18.8433 0.156053 0.156053
4.94 -26.4852 -121.134 -20.9313 0.156093 0.156093
4.95 -26.56 -124.653 -23.2783 0.156064 0.156064
4.96 -26.6441 -131.016 -25.1936 0.155981 0.155981
4.97 -26.7335 -140.163 -25.6047 0.155829 0.155829
4.98 -26.8219 -150.974 -23.6194 0.155471 0.155471
4.99 -26.9086 -163.01 -19.3051 0.154876 0.154876
5 -26.9974 -176.146 -13.9593 0.154246 0.154246
5.01 -27.0891 -189.138 -9.23011 0.153604 0.153604
5.02 -27.179 -200.4 -5.7492 0.152684 0.152684
5.03 -27.26 -209.558 -2.79304 0.151249 0.151249
5.04 -27.3256 -217.174 0.751139 0.149467 0.149467
5.05 -27.3717 -224.137 5.38079 0.147928 0.147928
5.06 -27.4016 -232.049 10.8137 0.147016 0.147016
5.07 -27.4238 -242.374 16.2967 0.146405 0.146405
5.08 -27.4456 -254.52 21.0566 0.145458 0.145458
5.09 -27.4703 -266.169 24.6865 0.143831 0.143831
5.1 -27.5011 -275.364 27.1506 0.14133 0.14133
5.11 -27.5385 -280.943 28.6765 0.138034 0.138034
5.12 -27.5764 -281.824 29.603 0.13493 0.13493
5.13 -27.6049 -277.949 30.1071 0.133581 0.133581
5.14 -27.6192 -271.703 30.2198 0.134293 0.134293
5.15 -27.6169 -266.438 30.1405 0.135555 0.135555
5.16 -27.5949 -263.576 30.0244 0.136147 0.136147
5.17 -27.5533 -262.44 29.5066 0.136429 0.136429
5.18 -27.4985 -261.799 27.8689 0.137185 0.137185
5.19 -27.4399 -260.055 24.5064 0.138015 0.138015
5.2 -27.3821 -254.687 19.2939 0.137896 0.137896
5.21 -27.3211 -243.313 13.0284 0.136895 0.136895
5.22 -27.248 -225.943 7.60836 0.135965 0.135965
5.23 -27.1505 -204.951 5.34771 0.1356 0.1356
5.24 -27.0148 -183.181 7.71388 0.135588 0.135588
5.25 -26.8304 -163.102 14.6333 0.135794 0.135794
5.26 -26.5937 -146.208 24.8518 0.136391 0.136391
5.27 -26.3063 -132.226 36.7744 0.13713 0.13713
5.28 -25.9765 -119.881 49.0592 0.13738 0.13738
5.29 -25.6219 -108.316 60.7609 0.13683 0.13683
5.3 -25.2645 -96.6992 71.2869 0.134396 0.134396
5.31 -24.9233 -83.6375 80.4975 0.128769 0.128769
5.32 -24.6119 -68.4905 88.932 0.11948 0.11948
5.33 -24.3381 -52.1905 97.8281 0.104041 0.104041
5.34 -24.1011 -36.313 108.671 0.0796281 0.0796281
5.35 -23.8899 -21.8182 122.633 0.0493945 0.0493945
5.36 -23.6862 -8.8311 140.208 0.0208178 0.0208178
5.37 -23.4759 1.84336 160.662 -0.00164997 -0.00164997
5.38 -23.2595 7.83038 181.811 -0.0178601 -0.0178601
5.39 -23.0469 7.37713 201.149 -0.0286526 -0.0286526
5.4 -22.8464 1.77446 217.365 -0.0342817 -0.0342817
5.41 -22.6657 -5.61541 230.341 -0.0356352 -0.0356352
5.42 -22.5175 -12.0446 240.049 -0.0351045 -0.0351045
5.43 -22.423 -17.2723 245.97 -0.0351699 -0.0351699
5.44 -22.4057 -23.3843 247.711 -0.0373764 -0.0373764
5.45 -22.4788 -32.3444 246.05 -0.0412722 -0.0412722
5.46 -22.6388 -44.2029 242.713 -0.0445822 -0.0445822
5.47 -22.8717 -57.9027 239.039 -0.0448521 -0.0448521
5.48 -23.1603 -72.5646 235.311 -0.0407256 -0.0407256
5.49 -23.4854 -87.7564 231.002 -0.0339002 -0.0339002
5.5 -23.8308 -104.052 225.082 -0.0288918 -0.0288918
5.51 -24.1893 -123.152 216.196 -0.0285678 -0.0285678
5.52 -24.5597 -145.789 203.032 -0.0317204 -0.0317204
5.53 -24.9426 -170.538 184.874 -0.0360693 -0.0360693
5.54 -25.3433 -195.579 161.907 -0.0406687 -0.0406687
5.55 -25.7726 -219.874 134.853 -0.0467332 -0.0467332
5.56 -26.2429 -242.864 104.367 -0.0522689 -0.0522689
5.57 -26.7637 -264.665 71.2264 -0.0513478 -0.0513478
5.58 -27.3363 -286.068 37.0361 -0.0458055 -0.0458055
5.59 -27.9487 -307.841 4.13209 -0.0469999 -0.0469999
5.6 -28.5894 -330.74 -25.8423 -0.063384 -0.063384
5.61 -29.2363 -355.321 -52.6217 -0.0919628 -0.0919628
5.62 -29.87 -381.247 -76.9345 -0.130774 -0.130774
5.63 -30.4656 -406.283 -99.6228 -0.180835 -0.180835
5.64 -30.995 -427.195 -121.204 -0.235369 -0.235369
5.65 -31.4374 -442.151 -142.071 -0.282842 -0.282842
5.66 -31.7847 -452.01 -162.434 -0.309156 -0.309156
5.67 -32.04 -459.294 -181.87 -0.309921 -0.309921
5.68 -32.2101 -465.662 -199.177 -0.297138 -0.297138
5.69 -32.2999 -470.294 -212.877 -0.283508 -0.283508
5.7 -32.3133 -470.72 -221.946 -0.273886 -0.273886
5.71 -32.2547 -464.982 -225.994 -0.270441 -0.270441
5.72 -32.1276 -452.681 -224.894 -0.276782 -0.276782
5.73 -31.9288 -434.045 -218.471 -0.293298 -0.293298
5.74 -31.6426 -408.582 -206.573 -0.311918 -0.311918
5.75 -31.2477 -375.156 -189.593 -0.322258 -0.322258
5.76 -30.7255 -333.436 -168.748 -0.321145 -0.321145
5.77 -30.0682 -284.949 -145.693 -0.312424 -0.312424
5.78 -29.2821 -232.653 -121.893 -0.301337 -0.301337
5.79 -28.3916 -180.397 -98.3652 -0.292017 -0.292017
5.8 -27.4409 -132.486 -75.6021 -0.288529 -0.288529
5.81 -26.4864 -91.7856 -53.5128 -0.293916 -0.293916
5.82 -25.5785 -56.4485 -31.6226 -0.305727 -0.305727
5.83 -24.7463 -19.6774 -9.37877 -0.316987 -0.316987
5.84 -23.9999 24.6937 13.8211 -0.319504 -0.319504
5.85 -23.339 76.5346 38.8197 -0.306038 -0.306038
5.86 -22.7479 130.283 66.7148 -0.278532 -0.278532
5.87 -22.2058 179.271 97.6258 -0.249227 -0.249227
5.88 -21.6876 218.694 130.187 -0.233057 -0.233057
5.89 -21.1717 246.706 162.144 -0.240356 -0.240356
5.9 -20.6502 264.346 191.592 -0.272876 -0.272876
5.91 -20.1311 273.906 217.705 -0.325552 -0.325552
5.92 -19.6371 277.829 240.603 -0.386283 -0.386283
5.93 -19.196 278.717 261.236 -0.438362 -0.438362
5.94 -18.8335 278.244 281.261 -0.469942 -0.469942
5.95 -18.5712 275.728 302.332 -0.481027 -0.481027
5.96 -18.4276 268.212 324.972 -0.477399 -0.477399
5.97 -18.4136 252.417 348.262 -0.461265 -0.461265
5.98 -18.5287 226.739 370.54 -0.434804 -0.434804
5.99 -18.7665 190.87 390.095 -0.407477 -0.407477
6 -19.1257 143.684 405.392 -0.393311 -0.393311
6.01 -19.617 82.7212 415.203 -0.398029 -0.398029
6.02 -20.2571 6.52801 419.146 -0.412991 -0.412991
6.03 -21.0576 -83.7217 418.206 -0.424129 -0.424129
6.04 -22.0237 -184.754 414.229 -0.419217 -0.419217
6.05 -23.1511 -291.691 408.227 -0.394292 -0.394292
6.06 -24.423 -399.069 399.45 -0.347299 -0.347299
6.07 -25.8076 -502.082 386.094 -0.272952 -0.272952
6.08 -27.2574 -597.237 366.462 -0.184035 -0.184035
6.09 -28.7169 -683.436 339.583 -0.102878 -0.102878
6.1 -30.1349 -762.065 305.437 -0.0322509 -0.0322509
6.11 -31.4632 -834.306 265.211 0.0332621 0.0332621
6.12 -32.6592 -899.33 221.097 0.0752609 0.0752609
6.13 -33.6917 -954.55 175.642 0.061489 0.061489
6.14 -34.5389 -995.68 130.899 -0.014673 -0.014673
6.15 -35.1795 -1016.69 88.1725 -0.128785 -0.128785
6.16 -35.5924 -1012.21 48.1417 -0.241676 -0.241676
6.17 -35.76 -980.01 10.7826 -0.315253 -0.315253
6.18 -35.6685 -921.38 -24.3569 -0.328394 -0.328394
6.19 -35.3103 -840.953 -57.3759 -0.284831 -0.284831
6.2 -34.6876 -745.938 -87.3024 -0.207172 -0.207172
6.21 -33.814 -642.685 -112.397 -0.122997 -0.122997
6.22 -32.7094 -532.899 -131.415 -0.0570249 -0.0570249
6.23 -31.3997 -413.976 -144.467 -0.0277622 -0.0277622
6.24 -29.9223 -283.419 -152.641 -0.0471693 -0.0471693
6.25 -28.3295 -143.399 -156.64 -0.109877 -0.109877
6.26 -26.6903 -2.17861 -155.953 -0.193469 -0.193469
6.27 -25.0721 128.987 -150.071 -0.274436 -0.274436
6.28 -23.5575 240.939 -138.407 -0.309437 -0.309437
6.29 -22.1984 332.631 -120.965 -0.248429 -0.248429
6.3 -21.01 411.51 -98.3662 -0.0922891 -0.0922891
6.31 -19.9869 486.241 -71.6754 0.104029 0.104029
6.32 -19.1243 557.616 -42.8472 0.274077 0.274077
6.33 -18.4339 617.634 -14.9981 0.366111 0.366111
6.34 -17.9369 654.425 8.2885 0.344695 0.344695
6.35 -17.6599 658.717 24.5897 0.212239 0.212239
6.36 -17.6281 628.995 33.5356 0.0310416 0.0310416
6.37 -17.8528 574.414 36.4071 -0.114089 -0.114089
6.38 -18.3124 511.421 35.1032 -0.172653 -0.172653
6.39 -18.9791 452.428 31.3756 -0.1389 -0.1389
6.4 -19.8352 397.299 26.5031 -0.0328964 -0.0328964
6.41 -20.8527 338.568 21.3935 0.105938 0.105938
6.42 -21.9769 271.074 17.1554 0.22095 0.22095
6.43 -23.134 193.654 15.5341 0.262506 0.262506
6.44 -24.2511 107.57 18.4961 0.217884 0.217884
6.45 -25.2647 17.082 27.0572 0.115081 0.115081
6.46 -26.1276 -71.3583 40.6233 0.00165024 0.00165024
6.47 -26.8162 -153.158 57.5566 -0.076883 -0.076883
6.48 -27.3371 -228.858 75.9645 -0.0909372 -0.0909372
6.49 -27.7309 -301.764 94.4565 -0.0389517 -0.0389517
6.5 -28.0382 -374.125 112.59 0.0552828 0.0552828
6.51 -28.3034 -445.829 130.291 0.146756 0.146756
6.52 -28.5765 -516.399 147.41 0.171096 0.171096
6.53 -28.9113 -587.552 163.946 0.11361 0.11361
6.54 -29.357 -662.555 179.899 0.0367862 0.0367862
6.55 -29.9394 -741.49 194.857 -0.0228085 -0.0228085
6.56 -30.6507 -818.806 207.992 -0.0696629 -0.0696629
6.57 -31.4481 -886.081 218.323 -0.0789375 -0.0789375
6.58 -32.2597 -935.9 224.912 -0.0186778 -0.0186778
6.59 -33.0048 -965.038 227.357 0.0922432 0.0922432
6.6 -33.6055 -976.006 225.664 0.194367 0.194367
6.61 -33.9993 -974.931 219.488 0.243319 0.243319
6.62 -34.1599 -967.521 207.849 0.236518 0.236518
6.63 -34.092 -956.634 189.417 0.191409 0.191409
6.64 -33.832 -941.666 163.385 0.123252 0.123252
6.65 -33.4405 -919.235 130.536 0.0532262 0.0532262
6.66 -32.9859 -885.514 93.3967 0.0122245 0.0122245
6.67 -32.5308 -837.946 55.4443 0.0202339 0.0202339
6.68 -32.1129 -774.729 19.9812 0.0692668 0.0692668
6.69 -31.731 -694.19 -10.6795 0.132856 0.132856
6.7 -31.3434 -595.887 -35.0561 0.186405 0.186405
6.71 -30.8813 -482.755 -51.9551 0.217338 0.217338
6.72 -30.27 -361.619 -60.8127 0.225387 0.225387
6.73 -29.448 -239.815 -62.872 0.212523 0.212523
6.74 -28.3796 -120.945 -61.731 0.178618 0.178618
6.75 -27.0693 -4.8823 -62.5045 0.137462 0.137462
6.76 -25.57 109.941 -69.3491 0.0929614 0.0929614
6.77 -23.9366 227.312 -84.1926 0.033014 0.033014
6.78 -22.283 349.687 -104.647 -0.0099135 -0.0099135
6.79 -20.6985 476.302 -127.397 0.00311552 0.00311552
6.8 -19.2666 602.325 -149.085 0.0626393 0.0626393
6.81 -18.078 720.613 -167.837 0.173168 0.173168
6.82 -17.1769 825.013 -182.891 0.369115 0.369115
6.83 -16.5691 911.086 -194.676 0.648729 0.648729
6.84 -16.2472 973.752 -204.412 0.966258 0.966258
6.85 -16.1944 1008.64 -213.561 1.28459 1.28459
6.86 -16.3793 1015.59 -223.213 1.5591 1.5591
6.87 -16.7654 998.559 -233.52 1.71767 1.71767
6.88 -17.3257 961.676 -243.642 1.74144 1.74144
6.89 -18.037 905.937 -252.182 1.66442 1.66442
6.9 -18.8854 830.034 -257.376 1.48647 1.48647
6.91 -19.8617 734.319 -257.699 1.21962 1.21962
6.92 -20.9482 622.57 -252.892 0.966797 0.966797
6.93 -22.1364 497.985 -244.341 0.837346 0.837346
6.94 -23.435 359.321 -233.843 0.834619 0.834619
6.95 -24.8597 203.011 -221.784 0.881009 0.881009
6.96 -26.4146 28.971 -206.887 0.903113 0.903113
6.97 -28.0812 -156.875 -187.925 0.866441 0.866441
6.98 -29.8336 -345.361 -165.326 0.78282 0.78282
6.99 -31.6329 -528.81 -140.785 0.692176 0.692176
7 -33.439 -700.71 -116.767 0.568347 0.568347
7.01 -35.1644 -853.69 -94.8276 0.372809 0.372809
7.02 -36.7069 -980.146 -75.4719 0.202039 0.202039
7.03 -37.9806 -1077.52 -58.9357 0.155884 0.155884
7.04 -38.9101 -1151.68 -43.9094 0.16994 0.16994
7.05 -39.4858 -1215.8 -27.1121 0.127494 0.127494
7.06 -39.7266 -1280.77 -4.34147 0.0442472 0.0442472
7.07 -39.669 -1347.21 27.6843 0.0349084 0.0349084
7.08 -39.3658 -1406.39 70.051 0.162497 0.162497
7.09 -38.8558 -1448.26 122.282 0.399126 0.399126
7.1 -38.211 -1466.02 182.074 0.693135 0.693135
7.11 -37.4641 -1457.68 245.839 1.05158 1.05158
7.12 -36.6325 -1424.75 309.178 1.47869 1.47869
7.13 -35.7198 -1371.57 367.882 1.86449 1.86449
7.14 -34.7156 -1304.88 419.019 2.07408 2.07408
7.15 -33.614 -1231.79 461.463 2.0796 2.0796
7.16 -32.4174 -1156.98 495.331 1.93884 1.93884
7.17 -31.1435 -1081.37 521.709 1.72685 1.72685
7.18 -29.8203 -1002.5 542.421 1.50087 1.50087
7.19 -28.4764 -915.271 559.156 1.30756 1.30756
7.2 -27.1386 -814.023 572.425 1.19564 1.19564
7.21 -25.822 -694.417 581.342 1.18886 1.18886
7.22 -24.514 -553.03 584.361 1.25341 1.25341
7.23 -23.1806 -388.167 579.747 1.30874 1.30874
7.24 -21.783 -202.476 566.282 1.29703 1.29703
7.25 -20.2759 -3.77752 543.552 1.201 1.201
7.26 -18.6528 197.258 511.953 1.02713 1.02713
7.27 -16.9401 390.872 472.516 0.828491 0.828491
7.28 -15.1755 571.901 426.168 0.650522 0.650522
7.29 -13.4481 738.162 373.476 0.503462 0.503462
7.3 -11.8781 889.212 315.011 0.411749 0.411749
7.31 -10.5611 1028.27 251.78 0.373952 0.373952
7.32 -9.59095 1158.88 185.625 0.298153 0.298153
7.33 -9.01108 1279.44 118.437 0.0798816 0.0798816
7.34 -8.83394 1378.73 52.3132 -0.141657 -0.141657
7.35 -9.06783 1442.72 -12.4378 0.0918749 0.0918749
7.36 -9.71847 1463.9 -75.7345 1.04234 1.04234
7.37 -10.7252 1445.7 -138.549 2.3999 2.3999
7.38 -12.0549 1395.85 -201.494 3.7544 3.7544
7.39 -13.6524 1319.04 -263.892 4.92357 4.92357
7.4 -15.4708 1216.18 -324.538 5.64669 5.64669
7.41 -17.4777 1088.99 -382.339 5.57084 5.57084
7.42 -19.6224 942.651 -436.178 4.69728 4.69728
7.43 -21.8588 782.718 -484.686 3.5001 3.5001
7.44 -24.1583 609.343 -526.532 2.52765 2.52765
7.45 -26.5151 417.072 -560.912 2.05827 2.05827
7.46 -28.9361 202.386 -587.281 2.09786 2.09786
7.47 -31.4149 -31.012 -605.056 2.49892 2.49892
7.48 -33.916 -270.404 -613.315 2.98058 2.98058
7.49 -36.3834 -499.659 -611.612 3.1557 3.1557
7.5 -38.7377 -707.138 -601.42 2.73956 2.73956
7.51 -40.9197 -887.648 -585.77 1.68747 1.68747
7.52 -42.8401 -1041.58 -568.401 0.081457 0.081457
7.53 -44.4146 -1169.09 -549.89 -1.84114 -1.84114
7.54 -45.5465 -1272.85 -529.928 -3.6629 -3.6629
7.55 -46.2121 -1357.14 -507.245 -5.05275 -5.05275
7.56 -46.4316 -1428.5 -480.668 -5.81517 -5.81517
7.57 -46.3023 -1494.94 -449.27 -5.842 -5.842
7.58 -45.9142 -1556.07 -412.124 -5.2551 -5.2551
7.59 -45.3355 -1599.39 -368.333 -4.39717 -4.39717
7.6 -44.6143 -1607.93 -316.582 -3.64053 -3.64053
7.61 -43.7244 -1573.15 -257.277 -3.21642 -3.21642
7.62 -42.6871 -1500.68 -191.669 -3.14939 -3.14939
7.63 -41.4938 -1404.53 -121.101 -3.29294 -3.29294
7.64 -40.0867 -1297.56 -46.2449 -3.41992 -3.41992
7.65 -38.4145 -1186.2 32.9419 -3.31714 -3.31714
7.66 -36.4296 -1070.13 116.283 -2.8601 -2.8601
7.67 -34.118 -945.221 202.863 -2.05702 -2.05702
7.68 -31.512 -809.745 291.171 -1.05305 -1.05305
7.69 -28.7001 -667.366 379.506 -0.0894212 -0.0894212
7.7 -25.8017 -522.399 466.357 0.61453 0.61453
7.71 -22.8965 -373.592 551.281 0.938252 0.938252
7.72 -20.0473 -216.847 633.736 0.825293 0.825293
7.73 -17.3528 -51.5465 712.894 0.293608 0.293608
7.74 -14.8477 118.558 787.718 -0.476064 -0.476064
7.75 -12.5488 288.133 856.678 -1.23567 -1.23567
7.76 -10.4569 453.353 917.201 -2.08386 -2.08386
7.77 -8.57254 609.894 964.788 -3.5082 -3.5082
7.78 -6.85013 753.396 998.128 -5.69649 -5.69649
7.79 -5.33817 876.465 1014.6 -8.2054 -8.2054
7.8 -4.07213 973.797 1013.86 -10.4138 -10.4138
7.81 -3.14354 1043.47 995.772 -11.9287 -11.9287
7.82 -2.57869 1092.05 960.412 -12.5293 -12.5293
7.83 -2.44401 1129.76 907.598 -12.0148 -12.0148
7.84 -2.6898 1168.33 839.383 -10.4535 -10.4535
7.85 -3.30947 1212.49 757.893 -8.37016 -8.37016
7.86 -4.25462 1258.41 666.606 -6.46023 -6.46023
7.87 -5.43655 1297.8 568.622 -5.25656 -5.25656
7.88 -6.77881 1320.62 465.668 -4.91491 -4.91491
7.89 -8.23458 1316.39 358.667 -5.18027 -5.18027
7.9 -9.78034 1276.68 248.301 -5.5794 -5.5794
7.91 -11.4485 1197.23 136.077 -5.62284 -5.62284
7.92 -13.2884 1080.89 23.8236 -4.95917 -4.95917
7.93 -15.354 938.1 -87.1493 -3.51711 -3.51711
7.94 -17.6954 783.328 -196.055 -1.55415 -1.55415
7.95 -20.3218 628.003 -302.978 0.460439 0.460439
7.96 -23.2318 475.172 -407.922 2.02444 2.02444
7.97 -26.356 320.209 -510.777 2.79178 2.79178
7.98 -29.5729 157.182 -608.82 2.63903 2.63903
7.99 -32.8433 -20.0005 -699.337 1.55837 1.55837
8 -36.0439 -211.832 -778.827 -0.216934 -0.216934
8.01 -39.0623 -415.125 -843.965 -2.15672 -2.15672
8.02 -41.8335 -627.522 -891.736 -3.8616 -3.8616
8.03 -44.3419 -846.694 -919.925 -5.39872 -5.39872
8.04 -46.5846 -1063.98 -926.496 -7.09368 -7.09368
8.05 -48.481 -1266.72 -916.6 -9.00349 -9.00349
8.06 -50.0723 -1442.87 -894.496 -10.9019 -10.9019
8.07 -51.3268 -1589.17 -864.994 -12.6748 -12.6748
8.08 -52.2611 -1707.96 -830.627 -14.196 -14.196
8.09 -52.8719 -1802.4 -791.473 -15.0657 -15.0657
8.1 -53.161 -1875.03 -745.536 -14.8086 -14.8086
8.11 -53.1132 -1925.48 -690.121 -13.4025 -13.4025
8.12 -52.7203 -1950.56 -623.811 -11.4376 -11.4376
8.13 -51.9424 -1950.02 -546.926 -9.59159 -9.59159
8.14 -50.8031 -1922.43 -460.597 -8.27273 -8.27273
8.15 -49.278 -1866.86 -365.675 -7.68768 -7.68768
8.16 -47.3718 -1784.73 -262.337 -7.82127 -7.82127
8.17 -45.113 -1677.71 -151.615 -8.33333 -8.33333
8.18 -42.5234 -1546.66 -36.3896 -8.65351 -8.65351
8.19 -39.6458 -1392.51 78.924 -8.3079 -8.3079
8.2 -36.5331 -1217.13 190.048 -7.18667 -7.18667
8.21 -33.256 -1024.84 293.96 -5.51019 -5.51019
8.22 -29.8881 -821.794 390.116 -3.69492 -3.69492
8.23 -26.5423 -616.035 479.318 -2.26626 -2.26626
8.24 -23.2584 -414.446 565.325 -1.652 -1.652
8.25 -20.0283 -222.027 651.846 -2.12716 -2.12716
8.26 -17.0254 -42.176 740.494 -3.77094 -3.77094
8.27 -14.2482 124.057 831.701 -6.16599 -6.16599
8.28 -11.7342 275.173 923.655 -8.58413 -8.58413
8.29 -9.49867 410.818 1013.47 -10.4849 -10.4849
8.3 -7.52581 532.784 1097.17 -11.6172 -11.6172
8.31 -5.81979 639.151 1170.48 -11.9164 -11.9164
8.32 -4.43108 724.534 1228.95 -11.6622 -11.6622
8.33 -3.28567 787.442 1272.19 -11.4305 -11.4305
8.34 -2.41917 830.029 1301.16 -11.5865 -11.5865
8.35 -1.84585 854.53 1316.7 -12.1875 -12.1875
8.36 -1.60183 861.38 1318.54 -13.1378 -13.1378
8.37 -1.74698 847.748 1304.48 -14.1507 -14.1507
8.38 -2.23538 812.189 1275.82 -14.7808 -14.7808
8.39 -3.12456 755.102 1234.64 -14.655 -14.655
8.4 -4.43246 679.239 1183.58 -13.7112 -13.7112
8.41 -6.10009 587.444 1125.14 -12.2188 -12.2188
8.42 -8.10782 480.695 1060.21 -10.5849 -10.5849
8.43 -10.3976 359.928 988.744 -9.136 -9.136
8.44 -12.9078 227.058 910 -8.05763 -8.05763
8.45 -15.5835 83.0903 823.41 -7.40386 -7.40386
8.46 -18.3717 -70.7696 728.917 -7.03131 -7.03131
8.47 -21.2202 -231.38 626.892 -6.61946 -6.61946
8.48 -24.1006 -395.42 518.098 -5.89988 -5.89988
8.49 -27.0177 -560.471 403.836 -4.92794 -4.92794
8.5 -29.8864 -727.667 283.48 -4.01114 -4.01114
8.51 -32.6992 -896.344 158.896 -3.46448 -3.46448
8.52 -35.5876 -1062.19 32.6858 -3.65339 -3.65339
8.53 -38.4305 -1216.85 -92.3685 -4.80691 -4.80691
8.54 -41.2079 -1353.21 -212.614 -6.69923 -6.69923
8.55 -43.8471 -1468.18 -325.016 -8.83657 -8.83657
8.56 -46.2861 -1563.16 -427.626 -10.7786 -10.7786
8.57 -48.4604 -1642.26 -519.302 -12.1191 -12.1191
8.58 -50.3056 -1708.26 -600.231 -12.5145 -12.5145
8.59 -51.7706 -1760.4 -671.27 -12.0726 -12.0726
8.6 -52.8218 -1796.86 -733.454 -11.3564 -11.3564
8.61 -53.4728 -1817.92 -786.287 -10.9037 -10.9037
8.62 -53.7392 -1825.12 -827.541 -11.0636 -11.0636
8.63 -53.6512 -1822.9 -858.99 -11.934 -11.934
8.64 -53.3418 -1811.53 -878.088 -13.1693 -13.1693
8.65 -52.837 -1790.85 -881.889 -14.225 -14.225
8.66 -52.1684 -1760.43 -867.572 -14.7486 -14.7486
8.67 -51.3589 -1719.15 -834.542 -14.5773 -14.5773
8.68 -50.4236 -1664.37 -783.404 -13.6715 -13.6715
8.69 -49.3094 -1594.16 -716.125 -12.2244 -12.2244
8.7 -47.9789 -1509.06 -635.245 -10.6699 -10.6699
8.71 -46.3891 -1412.39 -544.286 -9.43551 -9.43551
8.72 -44.5106 -1306.24 -447.39 -8.70436 -8.70436
8.73 -42.3226 -1188.69 -348.398 -8.38797 -8.38797
8.74 -39.8239 -1056.28 -249.607 -8.25301 -8.25301
8.75 -37.0448 -908.801 -151.326 -8.04491 -8.04491
8.76 -34.0514 -750.278 -52.7038 -7.53836 -7.53836
8.77 -30.9386 -586.018 46.8924 -6.59396 -6.59396
8.78 -27.7932 -417.023 146.564 -5.33323 -5.33323
8.79 -24.7577 -240.588 241.714 -4.17874 -4.17874
8.8 -21.6982 -48.0841 332.309 -3.52775 -3.52775
8.81 -18.6018 163.032 414.245 -3.71831 -3.71831
8.82 -15.7424 390.839 485.506 -5.01089 -5.01089
8.83 -12.9079 629.309 545.161 -7.12695 -7.12695
8.84 -10.1589 864.541 593.416 -9.39188 -9.39188
8.85 -7.53897 1077.12 630.603 -11.2606 -11.2606
8.86 -5.1387 1251.57 656.713 -12.3759 -12.3759
8.87 -3.07817 1379.51 670.793 -12.4547 -12.4547
8.88 -1.43581 1466.59 671.998 -11.4517 -11.4517
8.89 -0.34352 1525.92 661.198 -9.83672 -9.83672
8.9 0.173165 1570.75 638.848 -8.44583 -8.44583
8.91 0.142446 1608.25 607.195 -7.90252 -7.90252
8.92 -0.420821 1637.65 568.386 -8.1813 -8.1813
8.93 -1.42068 1655.06 524.317 -8.7999 -8.7999
8.94 -2.72862 1655.67 476.633 -9.35573 -9.35573
8.95 -4.19624 1634.56 427.124 -9.65973 -9.65973
8.96 -5.70208 1587.56 377.874 -9.51666 -9.51666
8.97 -7.15772 1513.75 330.122 -8.75827 -8.75827
8.98 -8.53161 1415.13 283.682 -7.50509 -7.50509
8.99 -9.85262 1295.01 237.285 -6.1749 -6.1749
9 -11.1962 1157.4 189.406 -5.15504 -5.15504
9.01 -12.6601 1007.21 138.805 -4.56436 -4.56436
9.02 -14.3354 850.098 85.1256 -4.31952 -4.31952
9.03 -16.2817 691.985 28.8896 -4.27653 -4.27653
9.04 -18.5139 536.749 -28.6349 -4.25717 -4.25717
9.05 -21.0045 384.014 -85.879 -4.066 -4.066
9.06 -23.6793 231.047 -140.581 -3.69431 -3.69431
9.07 -26.4815 72.6844 -190.492 -3.42096 -3.42096
9.08 -29.1595 -95.335 -233.081 -3.51401 -3.51401
9.09 -31.698 -273.156 -266.853 -4.06122 -4.06122
9.1 -34.0819 -459.357 -291.316 -5.1029 -5.1029
9.11 -36.1958 -650.682 -307.047 -6.58873 -6.58873
9.12 -38.0869 -844.365 -316.024 -8.25957 -8.25957
9.13 -39.7917 -1036.56 -320.904 -9.70211 -9.70211
9.14 -41.3421 -1221.15 -323.783 -10.5537 -10.5537
9.15 -42.7827 -1390.15 -325.769 -10.7504 -10.7504
9.16 -44.1375 -1535.07 -327.357 -10.476 -10.476
9.17 -45.4046 -1651.53 -328.736 -9.97632 -9.97632
9.18 -46.5739 -1742.91 -329.734 -9.50568 -9.50568
9.19 -47.626 -1817.66 -329.418 -9.23124 -9.23124
9.2 -48.5253 -1883.13 -325.675 -9.22721 -9.22721
9.21 -49.2156 -1941.23 -315.556 -9.52188 -9.52188
9.22 -49.6231 -1988.97 -296.765 -9.98372 -9.98372
9.23 -49.7326 -2021.37 -270.138 -10.2898 -10.2898
9.24 -49.5572 -2034.99 -238.522 -10.1724 -10.1724
9.25 -49.0918 -2026.45 -205.726 -9.64162 -9.64162
9.26 -48.3586 -1994 -175.403 -8.90253 -8.90253
9.27 -47.3831 -1935.92 -150.051 -8.1692 -8.1692
9.28 -46.1708 -1847.46 -130.192 -7.58432 -7.58432
9.29 -44.7167 -1723.28 -114.895 -7.22707 -7.22707
9.3 -43.0014 -1562.49 -101.412 -7.10408 -7.10408
9.31 -41.0088 -1370.92 -85.7361 -7.10475 -7.10475
9.32 -38.7286 -1157.49 -64.2341 -7.0333 -7.0333
9.33 -36.1598 -929.954 -35.399 -6.71801 -6.71801
9.34 -33.3236 -694.433 -0.25087 -6.10021 -6.10021
9.35 -30.2907 -456.643 38.4821 -5.24519 -5.24519
9.36 -27.1336 -219.588 77.476 -4.34209 -4.34209
9.37 -24.0926 16.1142 111.293 -3.5995 -3.5995
9.38 -20.8189 252.24 139.409 -3.21606 -3.21606
9.39 -17.6678 490.129 158.064 -3.4638 -3.4638
9.4 -14.8882 729.531 166.059 -4.33259 -4.33259
9.41 -12.3057 968.575 163.136 -5.40075 -5.40075
9.42 -10.0535 1205.34 149.966 -6.32723 -6.32723
9.43 -8.07237 1436.49 128.162 -6.97898 -6.97898
9.44 -6.40584 1650.45 101.205 -7.16241 -7.16241
9.45 -5.06335 1830.86 74.7048 -6.65813 -6.65813
9.46 -3.92809 1973.97 48.3537 -5.45185 -5.45185
9.47 -3.02085 2081.91 23.6471 -3.96019 -3.96019
9.48 -2.35305 2160.34 0.0273366 -2.80765 -2.80765
9.49 -1.97746 2213.56 -22.5398 -2.07784 -2.07784
9.5 -1.76529 2247.92 -45.937 -1.48281 -1.48281
9.51 -1.82789 2261.49 -71.6379 -1.01941 -1.01941
9.52 -2.1974 2247.95 -101.016 -0.816537 -0.816537
9.53 -2.89227 2202.53 -133.011 -0.780588 -0.780588
9.54 -3.91369 2128.76 -165.706 -0.709932 -0.709932
9.55 -5.24798 2034.04 -196.801 -0.575013 -0.575013
9.56 -6.84943 1923.38 -223.64 -0.412827 -0.412827
9.57 -8.65156 1798.16 -244.579 -0.160595 -0.160595
9.58 -10.5988 1657.26 -259.541 0.223934 0.223934
9.59 -12.6254 1501.38 -269.923 0.650196 0.650196
9.6 -14.6727 1332.91 -277.567 0.977387 0.977387
9.61 -16.7029 1152.72 -284.032 1.15635 1.15635
9.62 -18.7179 958.246 -290.436 1.24963 1.24963
9.63 -20.7527 746.339 -297.818 1.32021 1.32021
9.64 -22.8432 519.132 -306.776 1.30096 1.30096
9.65 -25.0484 286.673 -317.501 0.989282 0.989282
9.66 -27.3634 59.2571 -330.894 0.314082 0.314082
9.67 -29.6858 -156.218 -345.401 -0.540674 -0.540674
9.68 -32.1102 -359.175 -359.292 -1.57073 -1.57073
9.69 -34.572 -554.613 -370.779 -3.06611 -3.06611
9.7 -36.9986 -745.192 -378.866 -5.04037 -5.04037
9.71 -39.3638 -931.484 -382.254 -7.07771 -7.07771
9.72 -41.5521 -1112.96 -380.752 -8.74658 -8.74658
9.73 -43.4615 -1288.88 -374.425 -9.80429 -9.80429
9.74 -45.0863 -1456.64 -364.615 -10.239 -10.239
9.75 -46.4053 -1608.62 -352.953 -10.0841 -10.0841
9.76 -47.4307 -1737.42 -341.302 -9.30008 -9.30008
9.77 -48.1936 -1841.34 -331.197 -8.22245 -8.22245
9.78 -48.7494 -1923.87 -323.166 -7.5463 -7.5463
9.79 -49.1459 -1988.24 -316.471 -7.63483 -7.63483
9.8 -49.4179 -2033.03 -309.23 -8.28192 -8.28192
9.81 -49.5273 -2054.86 -299.17 -9.08721 -9.08721
9.82 -49.4596 -2048.52 -283.935 -9.75933 -9.75933
9.83 -49.1646 -2007.7 -261.968 -10.0707 -10.0707
9.84 -48.5221 -1931.06 -232.285 -9.79713 -9.79713
9.85 -47.4933 -1821.92 -194.86 -8.89525 -8.89525
9.86 -46.0091 -1685.73 -150.537 -7.63421 -7.63421
9.87 -44.0248 -1525.96 -100.47 -6.40728 -6.40728
9.88 -41.5358 -1344.88 -45.822 -5.46527 -5.46527
9.89 -38.5794 -1144.33 12.3329 -4.86489 -4.86489
9.9 -35.2371 -926.934 72.9069 -4.56494 -4.56494
9.91 -31.6255 -694.615 135.043 -4.4423 -4.4423
9.92 -27.8984 -447.334 198.224 -4.33662 -4.33662
9.93 -24.2379 -184.029 260.658 -4.26192 -4.26192
9.94 -20.4713 95.4551 324.519 -4.29491 -4.29491
9.95 -16.6752 385.548 390.375 -4.21879 -4.21879
9.96 -13.0278 682.722 457.659 -4.02101 -4.02101
9.97 -9.44515 980.372 521.678 -4.25862 -4.25862
9.98 -6.02661 1268.39 578.896 -5.17711 -5.17711
9.99 -2.75918 1537.65 626.529 -6.32348 -6.32348
10 0.163934 1770.82 657.485 -7.26763 -7.26763
10.01 2.82034 1957.6 673.893 -7.95039 -7.95039
10.02 5.11185 2095.1 682.61 -8.20464 -8.20464
10.03 6.77444 2184.43 685.932 -7.7439 -7.7439
10.04 7.76673 2233.13 685.6 -6.8343 -6.8343
10.05 8.05558 2255.2 680.352 -6.22795 -6.22795
10.06 7.73398 2264.88 667.099 -6.16945 -6.16945
10.07 6.83138 2263.2 643.082 -6.07516 -6.07516
10.08 5.46703 2245.51 607.55 -5.58369 -5.58369
10.09 3.74633 2203.12 560.692 -5.16323 -5.16323
10.1 1.7768 2123.53 503.863 -5.20885 -5.20885
10.11 -0.378472 1995.72 438.582 -5.38278 -5.38278
10.12 -2.72601 1813.09 366.384 -5.22279 -5.22279
10.13 -5.31845 1577.34 289.115 -4.7477 -4.7477
10.14 -8.23997 1298.07 209.114 -4.20146 -4.20146
10.15 -11.5734 990.023 128.746 -3.61019 -3.61019
10.16 -15.3665 669.954 49.7176 -2.89433 -2.89433
10.17 -19.6027 353.917 -27.2486 -2.20058 -2.20058
10.18 -24.3101 56.7676 -101.326 -1.92245 -1.92245
10.19 -29.2247 -228.564 -178.124 -2.08761 -2.08761
10.2 -33.4967 -488.868 -250.422 -2.6112 -2.6112
10.21 -38.012 -732.565 -319.124 -4.07655 -4.07655
10.22 -41.9498 -963.065 -382.277 -6.53208 -6.53208
10.23 -45.2983 -1186.53 -437.948 -9.02582 -9.02582
10.24 -47.9062 -1410.15 -483.542 -10.8307 -10.8307
10.25 -49.8879 -1638 -517.495 -11.8683 -11.8683
10.26 -51.3399 -1863.68 -538.684 -12.3611 -12.3611
10.27 -52.4664 -2069.04 -545.126 -12.2717 -12.2717
10.28 -53.2949 -2229.25 -535.856 -11.4367 -11.4367
10.29 -53.8151 -2340.96 -516.199 -10.1568 -10.1568
10.3 -54.3036 -2403.26 -486.764 -9.03137 -9.03137
10.31 -54.6981 -2414.07 -447.019 -8.37826 -8.37826
10.32 -54.7943 -2373.35 -396.489 -8.12379 -8.12379
10.33 -54.3878 -2287.53 -336.654 -8.11572 -8.11572
10.34 -53.3612 -2163.42 -268.259 -8.25241 -8.25241
10.35 -51.5687 -2012.52 -192.625 -8.28166 -8.28166
10.36 -48.9903 -1849.21 -110.037 -7.81902 -7.81902
10.37 -45.7008 -1686.02 -20.1444 -6.78303 -6.78303
10.38 -41.888 -1530.67 77.7675 -5.51687 -5.51687
10.39 -37.7933 -1382.24 183.856 -4.3196 -4.3196
10.4 -33.6822 -1231.74 296.565 -3.32211 -3.32211
10.41 -29.7642 -1065.56 413.563 -2.75868 -2.75868
10.42 -26.2098 -871.042 530.896 -2.97571 -2.97571
10.43 -23.1288 -644.574 642.286 -4.13722 -4.13722
10.44 -20.3212 -388.465 747.51 -5.85714 -5.85714
10.45 -17.6041 -119.438 844.427 -7.56228 -7.56228
10.46 -15.0016 142.746 932.458 -9.10112 -9.10112
10.47 -12.3433 380.748 1011.59 -10.4274 -10.4274
10.48 -9.58962 582.436 1081.84 -11.2267 -11.2267
10.49 -6.71377 750.591 1142.93 -11.2887 -11.2887
10.5 -3.79409 892.518 1193.36 -10.8479 -10.8479
10.51 -1.052 1015.01 1229.67 -10.3322 -10.3322
10.52 1.37179 1123.49 1251.44 -9.95278 -9.95278
10.53 3.27148 1217.57 1259.5 -9.77118 -9.77118
10.54 4.47101 1296.15 1254.69 -9.95625 -9.95625
10.55 4.93563 1358.63 1238.31 -10.5395 -10.5395
10.56 4.67161 1402.38 1211.85 -11.1591 -11.1591
10.57 3.75946 1422.41 1176.04 -11.3908 -11.3908
10.58 2.34139 1414.51 1131.47 -11.1387 -11.1387
10.59 0.556321 1374.47 1078.55 -10.5458 -10.5458
10.6 -1.45582 1297.67 1017.95 -9.74882 -9.74882
10.61 -3.6093 1180.28 950.229 -8.88877 -8.88877
10.62 -5.87604 1020.97 876.337 -8.18679 -8.18679
10.63 -8.27728 822.912 797.277 -7.82451 -7.82451
10.64 -10.8822 593.163 714.884 -7.80269 -7.80269
10.65 -13.7582 343.074 630.249 -7.99145 -7.99145
10.66 -16.9315 87.3095 544.286 -8.19273 -8.19273
10.67 -20.4446 -162.178 457.526 -8.12662 -8.12662
10.68 -24.2775 -394.767 371.523 -7.6168 -7.6168
10.69 -28.2084 -610.106 282.802 -6.53399 -6.53399
10.7 -31.9762 -810.028 194.643 -4.87683 -4.87683
10.71 -35.7567 -1003.25 109.01 -3.41249 -3.41249
10.72 -39.2752 -1198.48 25.7381 -3.00203 -3.00203
10.73 -42.3934 -1400.73 -55.7482 -3.63585 -3.63585
10.74 -45.1215 -1611.14 -135.188 -5.00773 -5.00773
10.75 -47.4733 -1823.14 -212.121 -6.89003 -6.89003
10.76 -49.5339 -2024.28 -285.38 -8.8813 -8.8813
10.77 -51.3644 -2197.79 -353.327 -10.4378 -10.4378
10.78 -53.0143 -2327.88 -414.68 -11.127 -11.127
10.79 -54.4902 -2405.41 -469.348 -10.8814 -10.8814
10.8 -55.7769 -2425.39 -515.825 -9.97142 -9.97142
10.81 -56.6649 -2401.97 -561.736 -8.81303 -8.81303
10.82 -57.2741 -2345.34 -607.953 -7.8935 -7.8935
10.83 -57.4191 -2268.61 -655.909 -7.68293 -7.68293
10.84 -57.1136 -2184.04 -705.97 -8.41817 -8.41817
10.85 -56.3713 -2097.37 -757.184 -9.77896 -9.77896
10.86 -55.2353 -2001.96 -807.644 -11.0522 -11.0522
10.87 -53.7842 -1883.84 -854.615 -11.7764 -11.7764
10.88 -52.0714 -1727.28 -895.762 -11.8548 -11.8548
10.89 -50.1443 -1521.23 -929.213 -11.2175 -11.2175
10.9 -47.9974 -1262.77 -954.09 -9.73803 -9.73803
10.91 -45.621 -959.326 -968.522 -7.49182 -7.49182
10.92 -42.9638 -628.346 -971.308 -4.97111 -4.97111
10.93 -39.9918 -294.459 -963.216 -2.7946 -2.7946
10.94 -36.7253 19.6429 -945.2 -1.24172 -1.24172
10.95 -33.1883 302.305 -917.864 -0.291465 -0.291465
10.96 -29.4633 554.805 -881.634 0.0520767 0.0520767
10.97 -25.6449 790.689 -837.068 -0.114627 -0.114627
10.98 -21.8815 1021.04 -783.977 -0.204085 -0.204085
10.99 -18.2804 1253.7 -720.729 0.452294 0.452294
11 -14.9217 1491.43 -647.429 1.70397 1.70397
11.01 -11.8621 1730.18 -566.2 2.89661 2.89661
11.02 -9.11744 1957.58 -476.874 3.77543 3.77543
11.03 -6.62005 2156.43 -382.546 4.17993 4.17993
11.04 -4.31919 2313.19 -289.5 3.60833 3.60833
11.05 -2.25001 2421.08 -200.654 1.86022 1.86022
11.06 -0.511294 2479.6 -117.863 -0.499954 -0.499954
11.07 0.970228 2503.91 -40.8856 -2.61788 -2.61788
11.08 2.20501 2511.01 30.6428 -3.931 -3.931
11.09 3.1401 2506.33 97.7923 -4.31601 -4.31601
11.1 3.72223 2486.83 161.756 -3.91046 -3.91046
11.11 3.8759 2443.43 223.223 -3.01252 -3.01252
11.12 3.60688 2369.6 282.583 -2.13943 -2.13943
11.13 2.92924 2262.17 340.373 -1.86494 -1.86494
11.14 1.86456 2119.73 397.291 -2.45258 -2.45258
11.15 0.461163 1943.25 453.69 -3.707 -3.707
11.16 -1.24873 1735.45 508.757 -5.18409 -5.18409
11.17 -3.21935 1503.03 560.559 -6.45069 -6.45069
11.18 -5.40929 1256.78 606.517 -7.19432 -7.19432
11.19 -7.75562 1006.58 645.367 -7.27268 -7.27268
11.2 -10.2155 756.73 677.113 -6.76569 -6.76569
11.21 -12.7597 503.921 704.367 -6.18042 -6.18042
11.22 -15.3037 245.634 727.861 -6.26629 -6.26629
11.23 -17.8463 -21.4597 748.545 -7.12754 -7.12754
11.24 -20.4235 -293.635 766.872 -8.10187 -8.10187
11.25 -23.0041 -560.979 782.146 -8.5937 -8.5937
11.26 -25.5556 -812.058 791.743 -8.29368 -8.29368
11.27 -28.0608 -1040.18 793.54 -6.72102 -6.72102
11.28 -30.4717 -1241.45 785.074 -3.38644 -3.38644
11.29 -32.6483 -1419.02 769.122 1.14463 1.14463
11.3 -34.7205 -1575.49 743.498 5.16544 5.16544
11.31 -36.5442 -1717.13 709.054 7.40957 7.40957
11.32 -38.2229 -1847.11 665.962 7.76406 7.76406
11.33 -39.7193 -1965.71 615.239 6.56755 6.56755
11.34 -41.051 -2067.9 559.747 4.17227 4.17227
11.35 -42.2381 -2143.7 501.804 1.17216 1.17216
11.36 -43.2653 -2182.42 442.912 -1.32235 -1.32235
11.37 -44.0768 -2178.79 383.107 -2.31819 -2.31819
11.38 -44.6431 -2136.2 321.551 -1.75902 -1.75902
11.39 -44.9493 -2064.93 256.802 -0.360775 -0.360775
11.4 -44.9711 -1976.05 188.178 1.02114 1.02114
11.41 -44.697 -1876.92 116.057 1.72946 1.72946
11.42 -44.1391 -1771.16 42.202 1.33412 1.33412
11.43 -43.3439 -1659.33 -30.509 -0.248197 -0.248197
11.44 -42.3627 -1538.18 -99.031 -2.55852 -2.55852
11.45 -41.2424 -1401.65 -161.118 -4.77134 -4.77134
11.46 -40.022 -1245 -215.335 -6.19098 -6.19098
11.47 -38.7142 -1066.62 -260.917 -6.55383 -6.55383
11.48 -37.3031 -866.13 -297.645 -5.9039 -5.9039
11.49 -35.7624 -646.204 -325.821 -4.33672 -4.33672
11.5 -34.0794 -416.981 -346.084 -2.14066 -2.14066
11.51 -32.2235 -193.773 -359.054 0.0188019 0.0188019
11.52 -30.1158 9.50089 -365.322 1.46975 1.46975
11.53 -27.9005 187.717 -365.425 1.90172 1.90172
11.54 -25.6326 342.777 -359.63 1.4204 1.4204
11.55 -23.3976 481.872 -346.853 0.495039 0.495039
11.56 -21.2604 613.975 -325.848 -0.333636 -0.333636
11.57 -19.3321 739.569 -297.041 -0.757893 -0.757893
11.58 -17.7024 856.173 -261.194 -0.684874 -0.684874
11.59 -16.3666 961.286 -218.809 -0.139085 -0.139085
11.6 -15.293 1051.66 -171.287 0.63592 0.63592
11.61 -14.437 1124.56 -120.454 1.1458 1.1458
11.62 -13.7274 1177.26 -67.6528 0.966469 0.966469
11.63 -13.1119 1208.2 -14.3643 0.084326 0.084326
11.64 -12.552 1218.07 37.9333 -1.17328 -1.17328
11.65 -12.0355 1209.33 87.4643 -2.43095 -2.43095
11.66 -11.5785 1184.84 132.647 -3.39501 -3.39501
11.67 -11.2287 1146.56 172.666 -3.85991 -3.85991
11.68 -11.0398 1095.53 208.246 -3.77372 -3.77372
11.69 -11.0561 1033.51 241.532 -3.30941 -3.30941
11.7 -11.3013 964.132 275.142 -2.79698 -2.79698
11.71 -11.7651 890.934 311.28 -2.54458 -2.54458
11.72 -12.421 815.394 350.786 -2.71041 -2.71041
11.73 -13.2136 736.985 392.9 -3.26024 -3.26024
11.74 -14.0822 653.307 436.153 -3.99794 -3.99794
11.75 -14.9657 561.198 477.715 -4.63666 -4.63666
11.76 -15.826 456.015 516.482 -4.9032 -4.9032
11.77 -16.6405 335.6 551.272 -4.74236 -4.74236
11.78 -17.4482 198.482 580.927 -4.33521 -4.33521
11.79 -18.3259 46.3974 604.203 -3.82596 -3.82596
11.8 -19.3201 -114.113 619.724 -3.25576 -3.25576
11.81 -20.5089 -275.538 626.881 -2.70929 -2.70929
11.82 -21.9367 -431.68 626.387 -2.26475 -2.26475
11.83 -23.6017 -579.383 619.719 -1.89513 -1.89513
11.84 -25.4563 -717.424 608.129 -1.47476 -1.47476
11.85 -27.4608 -847.025 592.297 -0.850603 -0.850603
11.86 -29.5154 -969.198 571.884 0.0184694 0.0184694
11.87 -31.4983 -1083.12 546.761 0.984691 0.984691
11.88 -33.3174 -1189.25 515.246 1.78003 1.78003
11.89 -34.9105 -1288 475.525 2.20056 2.20056
11.9 -36.2767 -1379.24 425.683 2.17397 2.17397
11.91 -37.4202 -1461.1 365.16 1.67007 1.67007
11.92 -38.3951 -1530.51 294.492 0.725208 0.725208
11.93 -39.276 -1583.32 215.212 -0.458541 -0.458541
11.94 -40.1023 -1613.09 129.082 -1.56536 -1.56536
11.95 -40.8974 -1612.38 38.2679 -2.37143 -2.37143
11.96 -41.6499 -1577.78 -55.3671 -2.87576 -2.87576
11.97 -42.3294 -1512.98 -150.338 -3.21001 -3.21001
11.98 -42.8901 -1428.67 -245.638 -3.51692 -3.51692
11.99 -43.3024 -1338.76 -340.655 -3.93174 -3.93174
12 -43.5398 -1252.57 -434.234 -4.53438 -4.53438
12.01 -43.5699 -1170.77 -524.391 -5.24319 -5.24319
12.02 -43.3898 -1087.51 -609.644 -5.76626 -5.76626
12.03 -43.0093 -994.727 -688.168 -5.79897 -5.79897
12.04 -42.4414 -883.145 -760.36 -5.27057 -5.27057
12.05 -41.6971 -746.959 -825.927 -4.28489 -4.28489
12.06 -40.7754 -586.069 -884.072 -2.99334 -2.99334
12.07 -39.6461 -406.458 -932.693 -1.60341 -1.60341
12.08 -38.3075 -219.393 -969.604 -0.413355 -0.413355
12.09 -36.7762 -36.1274 -993.184 0.333744 0.333744
12.1 -35.0342 136.932 -1002.73 0.612722 0.612722
12.11 -33.1252 296.471 -997.35 0.58095 0.58095
12.12 -31.1033 438.529 -976.797 0.452207 0.452207
12.13 -29.0411 563.316 -941.159 0.38698 0.38698
12.14 -27.0091 670.565 -892.059 0.488343 0.488343
12.15 -25.1178 764.566 -831.047 0.779962 0.779962
12.16 -23.3664 855.196 -761.451 1.25467 1.25467
12.17 -21.7739 952.316 -686.003 1.9571 1.9571
12.18 -20.2707 1058.13 -606.646 2.79338 2.79338
12.19 -18.813 1165.12 -525.973 3.3974 3.3974
12.2 -17.3674 1261.88 -444.537 3.44289 3.44289
12.21 -15.9147 1336.85 -362.504 2.88364 2.88364
12.22 -14.4465 1382.58 -278.772 1.83274 1.83274
12.23 -13.0046 1396.75 -193.552 0.4663 0.4663
12.24 -11.6533 1382.7 -106.533 -0.967517 -0.967517
12.25 -10.4973 1345.5 -18.6645 -2.15625 -2.15625
12.26 -9.64639 1289.57 67.9765 -2.85378 -2.85378
12.27 -9.17559 1220.16 150.699 -3.03696 -3.03696
12.28 -9.13043 1144.84 226.557 -2.89962 -2.89962
12.29 -9.49464 1070.5 292.705 -2.72952 -2.72952
12.3 -10.1893 997.811 347.835 -2.7645 -2.7645
12.31 -11.1611 920.417 390.926 -3.11369 -3.11369
12.32 -12.3175 829.367 421.776 -3.73018 -3.73018
12.33 -13.5826 717.474 441.152 -4.43027 -4.43027
12.34 -14.9313 580.705 449.542 -4.94806 -4.94806
12.35 -16.3625 417.804 448.705 -5.01058 -5.01058
12.36 -17.9096 231.428 440.969 -4.55779 -4.55779
12.37 -19.6259 29.4999 426.878 -3.85756 -3.85756
12.38 -21.5711 -175.351 406.639 -3.12294 -3.12294
12.39 -23.7772 -370.56 381.052 -2.30097 -2.30097
12.4 -26.2102 -552.757 350.325 -1.44857 -1.44857
12.41 -28.7482 -722.195 314.455 -0.712429 -0.712429
12.42 -31.4097 -882.416 275.594 -0.148045 -0.148045
12.43 -34.1185 -1039.3 233.973 0.113276 0.113276
12.44 -36.6871 -1195.36 189.663 0.0064526 0.0064526
12.45 -39.0393 -1352.57 143.86 -0.368048 -0.368048
12.46 -41.1122 -1510.12 98.955 -0.947093 -0.947093
12.47 -42.891 -1662.96 57.3903 -1.68745 -1.68745
12.48 -44.3831 -1803.45 21.106 -2.40079 -2.40079
12.49 -45.6157 -1924.57 -8.67892 -2.80763 -2.80763
12.5 -46.6289 -2022.57 -31.524 -2.8003 -2.8003
12.51 -47.4578 -2096.37 -47.4854 -2.53373 -2.53373
12.52 -48.1114 -2145.19 -56.8299 -2.2233 -2.2233
12.53 -48.5707 -2167.66 -59.8749 -1.9796 -1.9796
12.54 -48.7948 -2163.3 -57.2043 -1.85799 -1.85799
12.55 -48.7358 -2133.39 -49.875 -1.91632 -1.91632
12.56 -48.3501 -2080.1 -39.4515 -2.14277 -2.14277
12.57 -47.6042 -2005.43 -27.5723 -2.40371 -2.40371
12.58 -46.4904 -1911.4 -15.295 -2.53306 -2.53306
12.59 -45.0303 -1800.74 -2.74051 -2.45498 -2.45498
12.6 -43.2741 -1675.96 10.7571 -2.19468 -2.19468
12.61 -41.2864 -1537.4 26.2466 -1.82904 -1.82904
12.62 -39.1332 -1383 44.6296 -1.47778 -1.47778
12.63 -36.8739 -1210.25 66.0693 -1.27962 -1.27962
12.64 -34.5539 -1017.96 89.7657 -1.30111 -1.30111
12.65 -32.1983 -806.989 114.218 -1.47937 -1.47937
12.66 -29.8428 -581.264 137.562 -1.68701 -1.68701
12.67 -27.4804 -346.181 158.343 -2.00294 -2.00294
12.68 -25.1979 -110.796 172.065 -2.64817 -2.64817
12.69 -22.8534 119.029 180.615 -3.2625 -3.2625
12.7 -20.3013 336.364 184.381 -3.31156 -3.31156
12.71 -17.7809 540.032 182.66 -3.08987 -3.08987
12.72 -15.4347 727.84 176.954 -2.97015 -2.97015
12.73 -13.3012 897.863 169.064 -2.72275 -2.72275
12.74 -11.4268 1049.23 161.1 -2.22953 -2.22953
12.75 -9.87341 1185.63 154.299 -1.8445 -1.8445
12.76 -8.65669 1309.62 149.335 -1.83603 -1.83603
12.77 -7.76196 1422.58 146.129 -2.01016 -2.01016
12.78 -7.15502 1521.45 144.104 -2.10569 -2.10569
12.79 -6.79215 1599.14 142.05 -2.1553 -2.1553
12.8 -6.63398 1647.76 138.649 -2.24949 -2.24949
12.81 -6.64763 1663.27 133.155 -2.28063 -2.28063
12.82 -6.81408 1646.46 125.833 -2.12462 -2.12462
12.83 -7.13732 1601.16 117.833 -1.86381 -1.86381
12.84 -7.6371 1532.19 110.499 -1.67921 -1.67921
12.85 -8.34435 1443.86 104.822 -1.6445 -1.6445
12.86 -9.29119 1339.56 101.158 -1.71708 -1.71708
12.87 -10.494 1221.94 99.1051 -1.84808 -1.84808
12.88 -11.9523 1092.42 97.5416 -2.01059 -2.01059
12.89 -13.6513 950.036 94.9507 -2.15424 -2.15424
12.9 -15.566 792.307 89.9416 -2.20891 -2.20891
12.91 -17.6599 618.297 81.5865 -2.14197 -2.14197
12.92 -19.8842 430.816 69.488 -1.97848 -1.97848
12.93 -22.1701 236.665 53.8462 -1.75708 -1.75708
12.94 -24.5517 38.8471 35.9681 -1.58881 -1.58881
12.95 -27.2224 -162.192 14.5383 -1.66081 -1.66081
12.96 -29.1794 -358.106 -9.20773 -1.93248 -1.93248
12.97 -31.4315 -552.074 -34.7004 -2.28878 -2.28878
12.98 -33.687 -740.956 -62.2509 -2.80229 -2.80229
12.99 -35.8754 -924.365 -90.9417 -3.35685 -3.35685
13 -38.0193 -1101.75 -119.129 -3.69616 -3.69616
13.01 -40.0439 -1271.39 -144.249 -3.78487 -3.78487
13.02 -41.9461 -1431.45 -164.268 -3.73114 -3.73114
13.03 -43.6896 -1577.55 -178.33 -3.61965 -3.61965
13.04 -45.2416 -1705.01 -187.062 -3.48791 -3.48791
13.05 -46.571 -1811.37 -192.165 -3.33687 -3.33687
13.06 -47.6522 -1896.83 -195.718 -3.19242 -3.19242
13.07 -48.4652 -1962.46 -199.384 -3.18424 -3.18424
13.08 -48.9997 -2008.98 -203.969 -3.39402 -3.39402
13.09 -49.2545 -2036.28 -209.25 -3.68961 -3.68961
13.1 -49.2383 -2043.61 -214.169 -3.87253 -3.87253
13.11 -48.9668 -2029.87 -217.325 -3.88618 -3.88618
13.12 -48.4622 -1994.1 -217.484 -3.78351 -3.78351
13.13 -47.7429 -1935.71 -214.012 -3.61196 -3.61196
13.14 -46.8236 -1855.01 -206.847 -3.41368 -3.41368
13.15 -45.7173 -1754.13 -196.287 -3.26126 -3.26126
13.16 -44.4347 -1636.89 -182.806 -3.22247 -3.22247
13.17 -42.9851 -1507.31 -166.868 -3.29908 -3.29908
13.18 -41.3757 -1367.82 -148.872 -3.42476 -3.42476
13.19 -39.6138 -1219.06 -129.273 -3.52589 -3.52589
13.2 -37.7121 -1061.26 -108.49 -3.56564 -3.56564
13.21 -35.6916 -895.549 -86.7235 -3.51872 -3.51872
13.22 -33.5853 -723.636 -63.9699 -3.3548 -3.3548
13.23 -31.4387 -546.685 -40.2484 -3.08195 -3.08195
13.24 -29.246 -363.899 -15.7704 -2.74546 -2.74546
13.25 -27.0144 -176.259 8.9374 -2.37035 -2.37035
13.26 -24.9439 11.3893 31.5433 -1.99145 -1.99145
13.27 -22.8959 195.2 52.6778 -1.63403 -1.63403
13.28 -20.4285 373.74 72.4227 -1.40728 -1.40728
13.29 -18.4076 546.207 89.5364 -1.49061 -1.49061
13.3 -16.4247 711.258 103.309 -1.77894 -1.77894
13.31 -14.6013 865.401 112.879 -2.05646 -2.05646
13.32 -12.9609 1006.32 117.432 -2.30503 -2.30503
13.33 -11.5384 1133.73 116.665 -2.51033 -2.51033
13.34 -10.3534 1246.48 111.143 -2.53661 -2.53661
13.35 -9.41696 1343.44 102.611 -2.28978 -2.28978
13.36 -8.73002 1422.41 93.3411 -1.86055 -1.86055
13.37 -8.28818 1480.5 85.1645 -1.44107 -1.44107
13.38 -8.08197 1515.45 78.8287 -1.18087 -1.18087
13.39 -8.09623 1527.07 74.2708 -1.13373 -1.13373
13.4 -8.31026 1516.77 71.2545 -1.27359 -1.27359
13.41 -8.70624 1486.15 69.7601 -1.52307 -1.52307
13.42 -9.26779 1436.16 69.9139 -1.77604 -1.77604
13.43 -9.98325 1367.42 71.8059 -1.93484 -1.93484
13.44 -10.8465 1280.73 75.3569 -1.95292 -1.95292
13.45 -11.8538 1177.19 80.1931 -1.85381 -1.85381
13.46 -13.0068 1057.74 85.5755 -1.71391 -1.71391
13.47 -14.3139 922.215 90.5564 -1.62014 -1.62014
13.48 -15.79 769.593 94.2906 -1.63192 -1.63192
13.49 -17.448 599.75 96.3082 -1.76167 -1.76167
13.5 -19.2894 415.424 96.4108 -1.97215 -1.97215
13.51 -21.2831 224.013 94.4906 -2.19239 -2.19239
13.52 -23.5103 30.5407 90.9248 -2.40866 -2.40866
13.53 -25.9401 -160.452 84.5481 -2.64346 -2.64346
13.54 -27.9949 -343.53 74.6429 -2.74095 -2.74095
13.55 -30.1846 -520.289 64.4079 -2.50183 -2.50183
13.56 -32.3726 -690.694 53.0041 -2.09813 -2.09813
13.57 -34.4147 -856.7 40.3353 -1.85416 -1.85416
13.58 -36.3348 -1021.27 25.5474 -1.75367 -1.75367
13.59 -38.0718 -1183.95 8.6434 -1.69212 -1.69212
13.6 -39.652 -1342.18 -9.7392 -1.80198 -1.80198
13.61 -41.0868 -1488.55 -28.395 -2.17968 -2.17968
13.62 -42.3828 -1613.86 -46.1712 -2.65505 -2.65505
13.63 -43.5393 -1711.8 -62.2439 -2.9808 -2.9808
13.64 -44.543 -1780.46 -76.1907 -3.07872 -3.07872
13.65 -45.3645 -1821.47 -88.076 -3.00256 -3.00256
13.66 -45.965 -1838.71 -98.4179 -2.80687 -2.80687
13.67 -46.3043 -1836.47 -107.975 -2.57396 -2.57396
13.68 -46.3504 -1817.61 -117.573 -2.45086 -2.45086
13.69 -46.0898 -1783.15 -127.899 -2.54609 -2.54609
13.7 -45.5315 -1733.17 -139.194 -2.83323 -2.83323
13.71 -44.7096 -1667.69 -150.976 -3.19532 -3.19532
13.72 -43.6746 -1586.82 -162.115 -3.52016 -3.52016
13.73 -42.4815 -1490.45 -171.316 -3.73844 -3.73844
13.74 -41.18 -1378.07 -177.702 -3.82515 -3.82515
13.75 -39.8032 -1249.12 -180.946 -3.80218 -3.80218
13.76 -38.3649 -1103.76 -181.169 -3.72794 -3.72794
13.77 -36.8579 -943.225 -178.66 -3.66135 -3.66135
13.78 -35.2585 -769.615 -173.55 -3.62247 -3.62247
13.79 -33.5598 -586.664 -165.74 -3.52613 -3.52613
13.8 -31.7247 -398.516 -155.084 -3.17613 -3.17613
13.81 -29.7231 -209.335 -141.972 -2.41368 -2.41368
13.82 -27.6468 -24.0191 -125.602 -1.34379 -1.34379
13.83 -25.5025 151.741 -107.541 -0.375617 -0.375617
13.84 -23.0966 320.724 -88.8732 0.249065 0.249065
13.85 -20.7188 481.423 -70.8957 0.564046 0.564046
13.86 -18.5658 634.235 -53.4476 0.413192 0.413192
13.87 -16.568 777.055 -36.8839 -0.313846 -0.313846
13.88 -14.8429 910.269 -20.4119 -1.28758 -1.28758
13.89 -13.3691 1037.91 -3.30861 -2.0427 -2.0427
13.9 -12.1354 1161.31 15.3228 -2.36433 -2.36433
13.91 -11.0895 1279.22 36.093 -2.29136 -2.29136
13.92 -10.1729 1387.39 59.364 -1.93836 -1.93836
13.93 -9.32674 1479.93 85.1325 -1.46459 -1.46459
13.94 -8.51154 1550.58 113.138 -1.11433 -1.11433
13.95 -7.71622 1595.16 142.908 -1.11957 -1.11957
13.96 -6.95809 1613.52 173.963 -1.53826 -1.53826
13.97 -6.28029 1608.68 206 -2.2244 -2.2244
13.98 -5.74469 1584.71 238.941 -2.95643 -2.95643
13.99 -5.41906 1545.02 272.873 -3.56897 -3.56897
14 -5.3636 1491.04 307.918 -3.97239 -3.97239
14.01 -5.62156 1421.64 344.085 -4.13604 -4.13604
14.02 -6.21067 1334.11 381.081 -4.11397 -4.11397
14.03 -7.12461 1226.01 417.841 -4.04933 -4.04933
14.04 -8.34048 1096.13 452.238 -4.08829 -4.08829
14.05 -9.82527 945.055 481.252 -4.26713 -4.26713
14.06 -11.5366 774.837 502.509 -4.51603 -4.51603
14.07 -13.4523 589.581 513.618 -4.71714 -4.71714
14.08 -15.524 392.51 515.511 -4.72191 -4.72191
14.09 -17.702 188.289 508.639 -4.50188 -4.50188
14.1 -20.0017 -21.1512 492.838 -4.17862 -4.17862
14.11 -22.4232 -231.804 467.959 -3.69754 -3.69754
14.12 -24.9916 -440.194 434.167 -2.91397 -2.91397
14.13 -27.6394 -645.195 390.117 -1.88729 -1.88729
14.14 -30.2775 -844.473 335.764 -0.670621 -0.670621
14.15 -33.0195 -1037.23 273.776 0.479465 0.479465
14.16 -35.7759 -1221.25 205.463 1.00503 1.00503
14.17 -38.4691 -1393.42 132.522 0.753287 0.753287
14.18 -41.0443 -1550.25 57.2906 -0.0680636 -0.0680636
14.19 -43.4295 -1687.32 -18.4532 -1.4007 -1.4007
14.2 -45.5778 -1801.65 -93.1179 -3.0935 -3.0935
14.21 -47.4362 -1892.44 -165.484 -4.5791 -4.5791
14.22 -48.9749 -1960.81 -234.488 -5.30841 -5.30841
14.23 -50.1711 -2008.74 -298.898 -5.32796 -5.32796
14.24 -51.0193 -2037.37 -357.42 -5.06458 -5.06458
14.25 -51.5224 -2045.46 -408.909 -4.79896 -4.79896
14.26 -51.6805 -2028.77 -452.336 -4.63681 -4.63681
14.27 -51.4892 -1981.78 -486.825 -4.72595 -4.72595
14.28 -50.9412 -1901.15 -511.451 -5.19393 -5.19393
14.29 -50.0258 -1787.2 -525.345 -5.92734 -5.92734
14.3 -48.727 -1642.5 -527.763 -6.58418 -6.58418
14.31 -47.0246 -1470.66 -518.232 -6.85288 -6.85288
14.32 -44.9105 -1276.05 -496.653 -6.64202 -6.64202
14.33 -42.3929 -1064.46 -463.263 -5.9468 -5.9468
14.34 -39.5117 -842.532 -418.823 -4.72627 -4.72627
14.35 -36.3434 -616.418 -364.436 -3.15617 -3.15617
14.36 -33.0066 -389.589 -302.154 -1.68502 -1.68502
14.37 -29.5692 -162.947 -234.236 -0.575788 -0.575788
14.38 -26.174 61.4845 -163.096 0.110967 0.110967
14.39 -22.9678 280.376 -93.2205 0.272733 0.272733
14.4 -19.4833 498.898 -23.4945 -0.0632643 -0.0632643
14.41 -16.3445 715.758 46.6292 -0.843346 -0.843346
14.42 -13.5037 927.461 118.06 -1.96635 -1.96635
14.43 -10.8612 1127.98 191.186 -3.09523 -3.09523
14.44 -8.42478 1311.77 265.773 -3.98744 -3.98744
14.45 -6.17312 1471.19 340.583 -4.5996 -4.5996
14.46 -4.11066 1601.36 413.641 -4.84279 -4.84279
14.47 -2.25047 1701.24 482.468 -4.73012 -4.73012
14.48 -0.623973 1773.46 544.509 -4.59393 -4.59393
14.49 0.727021 1821.79 597.602 -4.77031 -4.77031
14.5 1.75051 1849.1 640.307 -5.26026 -5.26026
14.51 2.39653 1856.76 672.165 -5.87482 -5.87482
14.52 2.63139 1845.42 693.689 -6.48095 -6.48095
14.53 2.44633 1815.78 706.06 -6.98909 -6.98909
14.54 1.85787 1768.18 710.85 -7.26446 -7.26446
14.55 0.904421 1701.82 709.638 -7.19961 -7.19961
14.56 -0.362799 1614.92 703.582 -6.84049 -6.84049
14.57 -1.8936 1505.6 693.1 -6.35352 -6.35352
14.58 -3.63541 1373.22 678.161 -5.88687 -5.88687
14.59 -5.54939 1219.7 658.335 -5.51608 -5.51608
14.6 -7.60716 1048.73 633.113 -5.26125 -5.26125
14.61 -9.79889 864.53 602.068 -5.07336 -5.07336
14.62 -12.1048 671.616 564.896 -4.8435 -4.8435
14.63 -14.5419 473.952 522.456 -4.48956 -4.48956
14.64 -17.071 276.452 475.832 -4.06091 -4.06091
14.65 -19.6739 81.4079 426.095 -3.70317 -3.70317
14.66 -22.3553 -111.406 374.744 -3.45375 -3.45375
14.67 -25.0831 -299.791 323.945 -3.24226 -3.24226
14.68 -27.7819 -486.104 272.969 -2.9264 -2.9264
14.69 -30.2845 -669.163 221.932 -2.214 -2.214
14.7 -32.7364 -846.598 173.397 -1.22274 -1.22274
14.71 -35.1061 -1017.41 126.479 -0.573609 -0.573609
14.72 -37.2659 -1178 81.5464 -0.42627 -0.42627
14.73 -39.2235 -1327.43 38.7037 -0.562061 -0.562061
14.74 -40.9756 -1464.64 -2.06838 -1.09776 -1.09776
14.75 -42.5285 -1586.38 -40.6952 -2.18158 -2.18158
14.76 -43.875 -1686.82 -77.1868 -3.46433 -3.46433
14.77 -45.0042 -1760.77 -111.295 -4.3263 -4.3263
14.78 -45.898 -1806.64 -142.418 -4.45988 -4.45988
14.79 -46.5374 -1826.7 -169.328 -4.04594 -4.04594
14.8 -46.8959 -1824.58 -190.423 -3.45335 -3.45335
14.81 -46.9426 -1802.21 -204.139 -2.95366 -2.95366
14.82 -46.6476 -1759.34 -209.385 -2.71036 -2.71036
14.83 -45.9932 -1695.35 -205.864 -2.82177 -2.82177
14.84 -44.9789 -1610.85 -193.864 -3.25521 -3.25521
14.85 -43.6265 -1508.22 -173.958 -3.79183 -3.79183
14.86 -41.9746 -1390.6 -146.814 -4.13139 -4.13139
14.87 -40.0697 -1259.66 -113.252 -4.09336 -4.09336
14.88 -37.9586 -1114.82 -74.3824 -3.70211 -3.70211
14.89 -35.687 -954.978 -31.564 -3.0962 -3.0962
14.9 -33.298 -780.303 13.8387 -2.41645 -2.41645
14.91 -30.8552 -593.236 60.5706 -1.78971 -1.78971
14.92 -28.3667 -396.487 107.947 -1.41761 -1.41761
14.93 -25.8826 -195.554 154.202 -1.69385 -1.69385
14.94 -23.5185 2.61342 198.473 -2.66768 -2.66768
14.95 -20.8752 193.32 243.705 -3.63061 -3.63061
14.96 -18.3147 373.321 290.691 -4.17243 -4.17243
14.97 -15.8607 542.238 338.126 -4.59437 -4.59437
14.98 -13.5302 699.11 385.391 -4.90413 -4.90413
14.99 -11.3753 841.586 431.252 -4.76825 -4.76825
15 -9.44414 968.64 474.408 -4.3097 -4.3097
