0.1 -3.98685 -19.317 5.97572 -1.78327e-014 -1.78327e-014
0.2 -7.97385 -38.6301 11.9506 4.16674e-014 4.16674e-014
0.3 -11.961 -57.9393 17.9247 1.46745e-013 1.46745e-013
0.4 -15.9483 -77.2444 23.8979 2.5939e-014 2.5939e-014
0.5 -19.9357 -96.5457 29.8703 -1.03782e-012 -1.03782e-012
0.6 -23.9233 -115.843 35.8419 2.05159e-013 2.05159e-013
0.7 -27.911 -135.136 41.8126 -3.32171e-015 -3.32171e-015
0.8 -31.8989 -154.426 47.7825 1.02536e-013 1.02536e-013
0.9 -35.887 -173.711 53.7516 2.05565e-013 2.05565e-013
1 -39.8752 -192.993 59.7199 6.70728e-013 6.70728e-013
0.01 -39.8751 -193.084 59.8125 6.52342e-013 6.52342e-013
0.02 -39.8751 -193.343 60.0809 7.76318e-006 7.76318e-006
0.03 -39.8749 -193.648 60.4031 6.32338e-005 6.32338e-005
0.04 -39.8749 -193.896 60.6528 0.000253354 0.000253354
0.05 -39.8752 -194.094 60.8056 0.000590014 0.000590014
0.06 -39.8756 -194.244 60.8483 0.00091355 0.00091355
0.07 -39.8765 -194.342 60.7809 0.00108677 0.00108677
0.08 -39.8777 -194.384 60.6154 0.00111163 0.00111163
0.09 -39.8792 -194.367 60.3745 0.0010491 0.0010491
0.1 -39.8809 -194.295 60.0844 0.00099207 0.00099207
0.11 -39.8829 -194.175 59.7676 0.00100453 0.00100453
0.12 -39.885 -194.022 59.4399 0.00107466 0.00107466
0.13 -39.8874 -193.854 59.1056 0.00113786 0.00113786
0.14 -39.8899 -193.688 58.7628 0.00114749 0.00114749
0.15 -39.8928 -193.545 58.4093 0.00114126 0.00114126
0.16 -39.8958 -193.436 58.0516 0.00119928 0.00119928
0.17 -39.8992 -193.361 57.6988 0.00132901 0.00132901
0.18 -39.9025 -193.317 57.3594 0.00139857 0.00139857
0.19 -39.9062 -193.294 57.0288 0.00128382 0.00128382
0.2 -39.9099 -193.279 56.6943 0.000998888 0.000998888
0.21 -39.9139 -193.257 56.3404 0.000624172 0.000624172
0.22 -39.9179 -193.208 55.957 0.000258137 0.000258137
0.23 -39.9222 -193.11 55.5368 -1.90099e-005 -1.90099e-005
0.24 -39.9264 -192.951 55.0776 -0.000163599 -0.000163599
0.25 -39.9307 -192.727 54.5766 -0.000138832 -0.000138832
0.26 -39.9347 -192.445 54.0371 0.000177036 0.000177036
0.27 -39.9388 -192.1 53.4588 0.000920878 0.000920878
0.28 -39.9424 -191.68 52.8393 0.00197245 0.00197245
0.29 -39.9457 -191.186 52.1719 0.00310071 0.00310071
0.3 -39.9486 -190.646 51.4537 0.00420009 0.00420009
0.31 -39.9511 -190.088 50.6896 0.00525341 0.00525341
0.32 -39.9531 -189.53 49.901 0.00628049 0.00628049
0.33 -39.9547 -188.994 49.1257 0.00725911 0.00725911
0.34 -39.9558 -188.5 48.4001 0.00814146 0.00814146
0.35 -39.9565 -188.06 47.7403 0.00888064 0.00888064
0.36 -39.9569 -187.677 47.1407 0.0094351 0.0094351
0.37 -39.9572 -187.351 46.5932 0.00988137 0.00988137
0.38 -39.9577 -187.071 46.1048 0.0102466 0.0102466
0.39 -39.9581 -186.822 45.6946 0.010431 0.010431
0.4 -39.9587 -186.598 45.3681 0.010465 0.010465
0.41 -39.9594 -186.398 45.1099 0.0103857 0.0103857
0.42 -39.9604 -186.221 44.8966 0.010192 0.010192
0.43 -39.9617 -186.054 44.7176 0.0100145 0.0100145
0.44 -39.9631 -185.878 44.5784 0.0100155 0.0100155
0.45 -39.9645 -185.674 44.4846 0.0102663 0.0102663
0.46 -39.9656 -185.434 44.4229 0.0107585 0.0107585
0.47 -39.9662 -185.149 44.3694 0.0114144 0.0114144
0.48 -39.9664 -184.822 44.3111 0.0120955 0.0120955
0.49 -39.9658 -184.476 44.2531 0.0127009 0.0127009
0.5 -39.9644 -184.129 44.2068 0.013145 0.013145
0.51 -39.9619 -183.785 44.1862 0.0133474 0.0133474
0.52 -39.9582 -183.461 44.2156 0.0133899 0.0133899
0.53 -39.9533 -183.178 44.3305 0.0134239 0.0134239
0.54 -39.947 -182.926 44.5515 0.0134917 0.0134917
0.55 -39.9394 -182.678 44.8613 0.0135515 0.0135515
0.56 -39.9306 -182.443 45.2355 0.0135208 0.0135208
0.57 -39.9211 -182.297 45.6896 0.0133473 0.0133473
0.58 -39.9112 -182.326 46.263 0.013062 0.013062
0.59 -39.9011 -182.548 46.9648 0.0127339 0.0127339
0.6 -39.8912 -182.896 47.7567 0.012429 0.012429
0.61 -39.8818 -183.294 48.5786 0.0122032 0.0122032
0.62 -39.8732 -183.718 49.3878 0.0120808 0.0120808
0.63 -39.8656 -184.118 50.1728 0.0120449 0.0120449
0.64 -39.8589 -184.399 50.9401 0.0120344 0.0120344
0.65 -39.853 -184.543 51.7036 0.0119718 0.0119718
0.66 -39.8482 -184.641 52.4694 0.011823 0.011823
0.67 -39.8444 -184.752 53.2196 0.0116125 0.0116125
0.68 -39.8415 -184.869 53.9417 0.0113968 0.0113968
0.69 -39.839 -184.978 54.6571 0.0112416 0.0112416
0.7 -39.8365 -185.079 55.387 0.0111551 0.0111551
0.71 -39.8339 -185.171 56.113 0.0111 0.0111
0.72 -39.8311 -185.283 56.7791 0.0110506 0.0110506
0.73 -39.8282 -185.485 57.3427 0.0109632 0.0109632
0.74 -39.8254 -185.852 57.8325 0.0108061 0.0108061
0.75 -39.8226 -186.427 58.3408 0.010604 0.010604
0.76 -39.8198 -187.201 58.9301 0.0104061 0.0104061
0.77 -39.8171 -188.098 59.59 0.0102469 0.0102469
0.78 -39.8146 -188.991 60.2747 0.0101388 0.0101388
0.79 -39.8124 -189.758 60.953 0.0100551 0.0100551
0.8 -39.8104 -190.369 61.6169 0.00992957 0.00992957
0.81 -39.8092 -190.846 62.2507 0.00970765 0.00970765
0.82 -39.8086 -191.214 62.7973 0.00938238 0.00938238
0.83 -39.8091 -191.487 63.2109 0.00900287 0.00900287
0.84 -39.8102 -191.68 63.4984 0.00866499 0.00866499
0.85 -39.8119 -191.767 63.7147 0.0084632 0.0084632
0.86 -39.8132 -191.688 63.9107 0.00842824 0.00842824
0.87 -39.8139 -191.493 64.1641 0.00852531 0.00852531
0.88 -39.8135 -191.339 64.5408 0.00868342 0.00868342
0.89 -39.8124 -191.283 65.0353 0.00884571 0.00884571
0.9 -39.8099 -191.202 65.5478 0.00899363 0.00899363
0.91 -39.8058 -190.968 65.992 0.00913283 0.00913283
0.92 -39.7996 -190.643 66.4033 0.00923081 0.00923081
0.93 -39.7919 -190.422 66.9194 0.00928701 0.00928701
0.94 -39.7822 -190.38 67.6044 0.00936059 0.00936059
0.95 -39.7713 -190.419 68.327 0.0094701 0.0094701
0.96 -39.7593 -190.394 68.8504 0.00964027 0.00964027
0.97 -39.7475 -190.271 69.0725 0.00978926 0.00978926
0.98 -39.7361 -190.166 69.0848 0.00975249 0.00975249
0.99 -39.7257 -190.165 69.023 0.00952119 0.00952119
1 -39.7167 -190.187 68.9149 0.00920075 0.00920075
1.01 -39.7096 -190.161 68.6828 0.00883557 0.00883557
1.02 -39.7056 -190.113 68.2478 0.00840819 0.00840819
1.03 -39.7047 -189.979 67.6653 0.00789519 0.00789519
1.04 -39.7058 -189.595 67.1326 0.00728367 0.00728367
1.05 -39.7082 -188.928 66.8181 0.00659635 0.00659635
1.06 -39.7119 -188.158 66.7319 0.00591862 0.00591862
1.07 -39.7171 -187.467 66.769 0.00538112 0.00538112
1.08 -39.7232 -186.831 66.7934 0.00508983 0.00508983
1.09 -39.7295 -186.152 66.7231 0.00509969 0.00509969
1.1 -39.7353 -185.535 66.5974 0.00536344 0.00536344
1.11 -39.7401 -185.182 66.5341 0.00575746 0.00575746
1.12 -39.743 -185.032 66.6058 0.00619962 0.00619962
1.13 -39.743 -184.801 66.7438 0.0065996 0.0065996
1.14 -39.7402 -184.347 66.73 0.00688503 0.00688503
1.15 -39.7355 -183.667 66.3157 0.00707481 0.00707481
1.16 -39.7291 -182.681 65.3946 0.00718405 0.00718405
1.17 -39.721 -181.405 64.1239 0.00723346 0.00723346
1.18 -39.7109 -180.021 62.8569 0.00718269 0.00718269
1.19 -39.6991 -178.726 61.8732 0.00698128 0.00698128
1.2 -39.6867 -177.686 61.1917 0.00659933 0.00659933
1.21 -39.675 -176.985 60.6513 0.00605689 0.00605689
1.22 -39.6654 -176.621 60.0815 0.00552049 0.00552049
1.23 -39.6588 -176.544 59.3875 0.00503545 0.00503545
1.24 -39.6557 -176.626 58.5677 0.00457253 0.00457253
1.25 -39.656 -176.624 57.6922 0.00418108 0.00418108
1.26 -39.6589 -176.285 56.8422 0.00387905 0.00387905
1.27 -39.664 -175.529 56.0853 0.00360491 0.00360491
1.28 -39.6709 -174.435 55.4768 0.00335604 0.00335604
1.29 -39.6793 -173.209 55.0511 0.00324599 0.00324599
1.3 -39.6887 -172.095 54.8325 0.00332964 0.00332964
1.31 -39.6979 -171.145 54.8201 0.00353328 0.00353328
1.32 -39.7057 -170.248 54.9152 0.00377953 0.00377953
1.33 -39.7116 -169.376 54.905 0.00410292 0.00410292
1.34 -39.7151 -168.465 54.5828 0.00463171 0.00463171
1.35 -39.7148 -167.256 53.9567 0.00549523 0.00549523
1.36 -39.7088 -165.676 53.3122 0.00665035 0.00665035
1.37 -39.6971 -164.099 52.9599 0.00791738 0.00791738
1.38 -39.6815 -163.077 52.9468 0.00906962 0.00906962
1.39 -39.6643 -162.942 53.0116 0.00986609 0.00986609
1.4 -39.648 -163.655 52.796 0.0102436 0.0102436
1.41 -39.6343 -165.049 52.2507 0.0102433 0.0102433
1.42 -39.6233 -166.903 51.768 0.00979165 0.00979165
1.43 -39.6146 -168.776 51.7602 0.00905408 0.00905408
1.44 -39.6084 -170.285 52.2525 0.00857046 0.00857046
1.45 -39.6072 -171.472 52.9085 0.00862024 0.00862024
1.46 -39.614 -172.674 53.3482 0.00896345 0.00896345
1.47 -39.6299 -174.176 53.5387 0.00915496 0.00915496
1.48 -39.6537 -176.144 53.8716 0.0088656 0.0088656
1.49 -39.6846 -178.851 54.7703 0.00807632 0.00807632
1.5 -39.7222 -182.512 56.3181 0.00703688 0.00703688
1.51 -39.7646 -186.654 58.2997 0.00608916 0.00608916
1.52 -39.8074 -190.109 60.4665 0.00551913 0.00551913
1.53 -39.8461 -192.066 62.7304 0.0054512 0.0054512
1.54 -39.8783 -192.753 65.1109 0.00590367 0.00590367
1.55 -39.9033 -192.896 67.5421 0.00691653 0.00691653
1.56 -39.9202 -193.056 69.8707 0.00833784 0.00833784
1.57 -39.9283 -193.579 71.9548 0.00965903 0.00965903
1.58 -39.9275 -194.72 73.6253 0.0104928 0.0104928
1.59 -39.9191 -196.677 74.691 0.011115 0.011115
1.6 -39.9056 -199.63 75.1163 0.0122605 0.0122605
1.61 -39.8888 -203.617 75.2586 0.0144462 0.0144462
1.62 -39.8691 -208.166 75.7252 0.0178167 0.0178167
1.63 -39.8463 -212.156 76.7017 0.0223776 0.0223776
1.64 -39.8212 -214.243 77.6518 0.0277966 0.0277966
1.65 -39.7959 -213.766 77.9506 0.0330808 0.0330808
1.66 -39.7734 -211.28 77.582 0.037054 0.037054
1.67 -39.7558 -208.08 77.1036 0.0392224 0.0392224
1.68 -39.7434 -205.291 77.0679 0.039953 0.039953
1.69 -39.7367 -203.437 77.5551 0.0398254 0.0398254
1.7 -39.7355 -202.545 78.3093 0.0389791 0.0389791
1.71 -39.7379 -202.198 79.1704 0.0374392 0.0374392
1.72 -39.74 -201.575 80.1058 0.0354773 0.0354773
1.73 -39.7388 -199.955 80.9676 0.0331807 0.0331807
1.74 -39.733 -197.205 81.4545 0.0302023 0.0302023
1.75 -39.723 -193.644 81.2494 0.0261663 0.0261663
1.76 -39.7094 -189.727 80.1373 0.021266 0.021266
1.77 -39.6936 -186.094 78.0843 0.01643 0.01643
1.78 -39.6778 -183.623 75.3334 0.0128361 0.0128361
1.79 -39.6636 -182.819 72.3862 0.0111103 0.0111103
1.8 -39.6505 -183.202 69.6515 0.0109881 0.0109881
1.81 -39.6382 -183.715 67.1052 0.0118038 0.0118038
1.82 -39.6276 -183.458 64.4606 0.0130831 0.0130831
1.83 -39.6201 -182.001 61.5853 0.0147319 0.0147319
1.84 -39.616 -179.323 58.6778 0.016863 0.016863
1.85 -39.6152 -175.785 56.1604 0.0195249 0.0195249
1.86 -39.618 -172.171 54.3869 0.0226325 0.0226325
1.87 -39.6247 -169.081 53.3661 0.025956 0.025956
1.88 -39.6328 -166.016 52.7765 0.0291261 0.0291261
1.89 -39.6375 -161.945 52.2369 0.031836 0.031836
1.9 -39.6373 -157.067 51.5332 0.0340717 0.0340717
1.91 -39.6348 -152.926 50.6501 0.0358077 0.0358077
1.92 -39.6319 -150.817 49.6797 0.0366041 0.0366041
1.93 -39.6295 -151.078 48.6601 0.0360164 0.0360164
1.94 -39.6293 -153.551 47.4777 0.0341898 0.0341898
1.95 -39.6338 -157.869 45.9805 0.0315779 0.0315779
1.96 -39.6448 -163.212 44.1132 0.0287156 0.0287156
1.97 -39.6624 -168.315 41.9334 0.0264778 0.0264778
1.98 -39.687 -172.234 39.5873 0.0255464 0.0255464
1.99 -39.7207 -174.958 37.238 0.0258732 0.0258732
2 -39.7662 -177.17 35.0464 0.0270175 0.0270175
2.01 -39.8252 -179.61 33.258 0.0284828 0.0284828
2.02 -39.8962 -182.587 32.2395 0.0296946 0.0296946
2.03 -39.9757 -186.066 32.3467 0.0300359 0.0300359
2.04 -40.06 -189.966 33.6527 0.0292078 0.0292078
2.05 -40.1449 -193.816 35.8211 0.0275967 0.0275967
2.06 -40.2247 -196.759 38.3267 0.0262254 0.0262254
2.07 -40.2952 -198.625 40.7745 0.0261696 0.0261696
2.08 -40.3553 -200.375 43.0091 0.0277481 0.0277481
2.09 -40.405 -203.204 45.001 0.0299196 0.0299196
2.1 -40.4443 -207.576 46.6503 0.0303169 0.0303169
2.11 -40.4728 -213.202 47.7809 0.0266265 0.0266265
2.12 -40.4916 -219.797 48.3322 0.0185811 0.0185811
2.13 -40.5042 -227.369 48.4128 0.00831665 0.00831665
2.14 -40.5144 -235.797 48.2436 -0.00121046 -0.00121046
2.15 -40.5249 -244.447 48.1122 -0.00800078 -0.00800078
2.16 -40.5366 -252.159 48.2495 -0.0116698 -0.0116698
2.17 -40.5507 -257.92 48.659 -0.0130105 -0.0130105
2.18 -40.5709 -261.834 49.0636 -0.0132686 -0.0132686
2.19 -40.6024 -264.786 49.1538 -0.0136169 -0.0136169
2.2 -40.6458 -267.047 48.9473 -0.0147212 -0.0147212
2.21 -40.6967 -268.152 48.7949 -0.0163814 -0.0163814
2.22 -40.7499 -267.913 49.0983 -0.0175991 -0.0175991
2.23 -40.802 -266.755 50.0606 -0.0172255 -0.0172255
2.24 -40.8498 -265.199 51.5652 -0.0146395 -0.0146395
2.25 -40.8899 -263.46 53.2345 -0.0100008 -0.0100008
2.26 -40.9196 -261.718 54.6004 -0.00415887 -0.00415887
2.27 -40.9369 -260.114 55.2761 0.00172967 0.00172967
2.28 -40.9389 -258.305 55.1112 0.00667285 0.00667285
2.29 -40.9223 -255.802 54.2047 0.00994394 0.00994394
2.3 -40.8869 -252.634 52.7535 0.010978 0.010978
2.31 -40.8343 -249.11 50.986 0.00976654 0.00976654
2.32 -40.7663 -245.365 49.2051 0.0071761 0.0071761
2.33 -40.6852 -241.446 47.7234 0.00439161 0.00439161
2.34 -40.5947 -237.471 46.6968 0.00206171 0.00206171
2.35 -40.4991 -233.543 46.0862 -3.93484e-005 -3.93484e-005
2.36 -40.4025 -229.582 45.7758 -0.00259937 -0.00259937
2.37 -40.3086 -225.479 45.68 -0.00601911 -0.00601911
2.38 -40.2203 -221.117 45.7816 -0.00998303 -0.00998303
2.39 -40.1375 -215.886 46.1457 -0.0136349 -0.0136349
2.4 -40.0578 -209.021 46.9747 -0.0161121 -0.0161121
2.41 -39.9786 -200.432 48.6451 -0.0169845 -0.0169845
2.42 -39.8972 -190.534 51.4751 -0.01634 -0.01634
2.43 -39.8124 -180.044 55.2789 -0.0145835 -0.0145835
2.44 -39.7263 -170.241 59.2855 -0.0121732 -0.0121732
2.45 -39.6417 -162.36 62.685 -0.00952066 -0.00952066
2.46 -39.5577 -156.518 65.2054 -0.00728897 -0.00728897
2.47 -39.4703 -151.842 67.1082 -0.00617084 -0.00617084
2.48 -39.3761 -147.5 68.795 -0.0060169 -0.0060169
2.49 -39.2753 -143.283 70.5233 -0.00628183 -0.00628183
2.5 -39.1712 -139.578 72.3949 -0.0071066 -0.0071066
2.51 -39.0687 -136.955 74.3992 -0.00914014 -0.00914014
2.52 -38.9732 -135.756 76.3651 -0.0126702 -0.0126702
2.53 -38.8899 -136.045 78.0586 -0.0171264 -0.0171264
2.54 -38.8225 -137.523 79.3847 -0.0214883 -0.0214883
2.55 -38.7732 -139.5 80.422 -0.0253895 -0.0253895
2.56 -38.7423 -141.234 81.3309 -0.0297189 -0.0297189
2.57 -38.7301 -142.269 82.2126 -0.0358893 -0.0358893
2.58 -38.737 -142.544 83.0415 -0.0444791 -0.0444791
2.59 -38.7628 -142.396 83.8035 -0.0543349 -0.0543349
2.6 -38.8062 -142.351 84.6058 -0.0627977 -0.0627977
2.61 -38.8644 -142.765 85.5049 -0.0672683 -0.0672683
2.62 -38.9335 -143.642 86.322 -0.0668674 -0.0668674
2.63 -39.0093 -144.777 86.8172 -0.0626166 -0.0626166
2.64 -39.0874 -146.305 87.0322 -0.0563817 -0.0563817
2.65 -39.1657 -149.129 87.3125 -0.049683 -0.049683
2.66 -39.2436 -154.197 87.9227 -0.0431046 -0.0431046
2.67 -39.3205 -161.479 88.6338 -0.03654 -0.03654
2.68 -39.3956 -169.99 88.7769 -0.0298052 -0.0298052
2.69 -39.469 -178.609 87.809 -0.0230335 -0.0230335
2.7 -39.5416 -186.943 85.773 -0.0167432 -0.0167432
2.71 -39.6152 -195.252 83.2739 -0.0117098 -0.0117098
2.72 -39.6902 -203.544 81.0958 -0.00874073 -0.00874073
2.73 -39.765 -211.097 79.6445 -0.00842881 -0.00842881
2.74 -39.8401 -217.157 78.5565 -0.0109004 -0.0109004
2.75 -39.9187 -221.853 76.9912 -0.0157071 -0.0157071
2.76 -40.0042 -225.864 74.4738 -0.0220165 -0.0220165
2.77 -40.0966 -229.649 71.1767 -0.0289152 -0.0289152
2.78 -40.1946 -233.385 67.3147 -0.0356799 -0.0356799
2.79 -40.297 -236.911 62.7915 -0.0419492 -0.0419492
2.8 -40.4003 -239.619 57.6685 -0.0476793 -0.0476793
2.81 -40.5003 -241.235 52.5446 -0.0528359 -0.0528359
2.82 -40.5944 -242.426 48.2279 -0.0569548 -0.0569548
2.83 -40.6819 -244.162 45.1837 -0.0591029 -0.0591029
2.84 -40.7633 -246.997 43.2581 -0.0585475 -0.0585475
2.85 -40.8386 -250.796 41.9116 -0.0553354 -0.0553354
2.86 -40.9074 -255.047 40.5794 -0.0500412 -0.0500412
2.87 -40.9701 -259.304 38.7305 -0.0435327 -0.0435327
2.88 -41.0269 -262.987 36.0406 -0.0372244 -0.0372244
2.89 -41.0755 -265.296 32.7194 -0.032624 -0.032624
2.9 -41.1132 -265.771 29.3666 -0.0302223 -0.0302223
2.91 -41.139 -264.523 26.3925 -0.0293082 -0.0293082
2.92 -41.1538 -261.873 23.7099 -0.0289806 -0.0289806
2.93 -41.1591 -258.203 21.0335 -0.0291659 -0.0291659
2.94 -41.1551 -253.917 18.3143 -0.0306548 -0.0306548
2.95 -41.1413 -249.277 15.7172 -0.0342695 -0.0342695
2.96 -41.1169 -244.438 13.3674 -0.0401045 -0.0401045
2.97 -41.0824 -239.733 11.4066 -0.0474141 -0.0474141
2.98 -41.0387 -235.694 10.1784 -0.0550335 -0.0550335
2.99 -40.9857 -232.55 10.0942 -0.0619186 -0.0619186
3 -40.9224 -229.804 11.3484 -0.0673942 -0.0673942
3.01 -40.8471 -226.543 13.8418 -0.0711258 -0.0711258
3.02 -40.7592 -222.167 17.3632 -0.0729961 -0.0729961
3.03 -40.6588 -216.694 21.8214 -0.073041 -0.073041
3.04 -40.5473 -210.731 27.2126 -0.0714506 -0.0714506
3.05 -40.4282 -205.263 33.2931 -0.0684955 -0.0684955
3.06 -40.3054 -201.036 39.5287 -0.0644065 -0.0644065
3.07 -40.1802 -197.848 45.6103 -0.0593485 -0.0593485
3.08 -40.0501 -194.636 51.6717 -0.0535366 -0.0535366
3.09 -39.9134 -190.572 57.8947 -0.0473858 -0.0473858
3.1 -39.772 -185.801 64.216 -0.0415358 -0.0415358
3.11 -39.6299 -180.741 70.273 -0.0366975 -0.0366975
3.12 -39.4886 -175.057 75.6122 -0.0334199 -0.0334199
3.13 -39.3464 -167.853 80.0913 -0.031943 -0.031943
3.14 -39.2029 -159.058 83.8873 -0.0322142 -0.0322142
3.15 -39.0617 -150.095 87.2549 -0.0340402 -0.0340402
3.16 -38.9286 -142.9 90.4534 -0.0374614 -0.0374614
3.17 -38.8091 -138.853 93.6874 -0.042925 -0.042925
3.18 -38.7064 -138.244 97.0511 -0.0502001 -0.0502001
3.19 -38.6196 -139.806 100.644 -0.0576411 -0.0576411
3.2 -38.545 -141.337 104.636 -0.0639467 -0.0639467
3.21 -38.4798 -141.48 109.215 -0.0698436 -0.0698436
3.22 -38.4258 -140.618 114.488 -0.0769924 -0.0769924
3.23 -38.3868 -140.041 120.289 -0.0857658 -0.0857658
3.24 -38.366 -140.774 126.129 -0.0948339 -0.0948339
3.25 -38.3649 -143.234 131.356 -0.102508 -0.102508
3.26 -38.3843 -147.21 135.213 -0.107657 -0.107657
3.27 -38.4221 -151.652 136.953 -0.109749 -0.109749
3.28 -38.4741 -155.094 136.243 -0.108877 -0.108877
3.29 -38.5357 -156.78 133.469 -0.105827 -0.105827
3.3 -38.6037 -157.104 129.635 -0.101643 -0.101643
3.31 -38.6744 -156.93 125.949 -0.0969949 -0.0969949
3.32 -38.7439 -156.755 123.323 -0.0921262 -0.0921262
3.33 -38.8089 -156.858 122.05 -0.087117 -0.087117
3.34 -38.8702 -158.143 121.792 -0.0819239 -0.0819239
3.35 -38.9319 -161.792 121.84 -0.0765281 -0.0765281
3.36 -38.9965 -167.912 121.361 -0.0712345 -0.0712345
3.37 -39.0637 -175.263 119.622 -0.0666848 -0.0666848
3.38 -39.1312 -182.119 116.335 -0.0636168 -0.0636168
3.39 -39.1962 -187.163 111.896 -0.0626608 -0.0626608
3.4 -39.2578 -190.301 107.178 -0.0641209 -0.0641209
3.41 -39.3193 -192.894 103.029 -0.0677256 -0.0677256
3.42 -39.3856 -196.633 99.8906 -0.0727191 -0.0727191
3.43 -39.46 -202.064 97.6585 -0.0782681 -0.0782681
3.44 -39.5426 -208.389 95.8057 -0.0837531 -0.0837531
3.45 -39.6321 -214.398 93.7181 -0.0888404 -0.0888404
3.46 -39.7278 -219.337 90.9036 -0.0933937 -0.0933937
3.47 -39.8301 -223.131 87.049 -0.0973182 -0.0973182
3.48 -39.9386 -226.065 82.1501 -0.100423 -0.100423
3.49 -40.0516 -228.446 76.5817 -0.102368 -0.102368
3.5 -40.1669 -230.796 70.9632 -0.10278 -0.10278
3.51 -40.2829 -233.919 65.9239 -0.101451 -0.101451
3.52 -40.3973 -237.967 61.826 -0.0984627 -0.0984627
3.53 -40.5053 -241.943 58.586 -0.0941911 -0.0941911
3.54 -40.6027 -244.769 55.7944 -0.089193 -0.089193
3.55 -40.689 -246.466 52.9816 -0.0840457 -0.0840457
3.56 -40.7671 -248.23 49.8083 -0.0792232 -0.0792232
3.57 -40.8411 -251.405 46.1724 -0.0750552 -0.0750552
3.58 -40.9119 -256.318 42.2381 -0.0717573 -0.0717573
3.59 -40.9772 -262.05 38.4247 -0.0694892 -0.0694892
3.6 -41.0323 -266.925 35.2202 -0.068396 -0.068396
3.61 -41.0733 -269.428 32.8295 -0.0686704 -0.0686704
3.62 -41.1009 -269.351 31.041 -0.0704706 -0.0704706
3.63 -41.1206 -268.026 29.4482 -0.0736411 -0.0736411
3.64 -41.1378 -267.116 27.8433 -0.0777686 -0.0777686
3.65 -41.1535 -267.263 26.3986 -0.0825264 -0.0825264
3.66 -41.1653 -267.997 25.4277 -0.0876708 -0.0876708
3.67 -41.1705 -268.609 25.1863 -0.0928026 -0.0928026
3.68 -41.167 -268.631 25.8363 -0.0973405 -0.0973405
3.69 -41.1545 -267.726 27.119 -0.100803 -0.100803
3.7 -41.1347 -265.738 28.1552 -0.103022 -0.103022
3.71 -41.1111 -262.833 27.9291 -0.103998 -0.103998
3.72 -41.086 -259.169 25.8442 -0.103747 -0.103747
3.73 -41.0596 -254.709 21.9827 -0.102297 -0.102297
3.74 -41.0303 -249.582 17.1964 -0.099737 -0.099737
3.75 -40.9967 -244.138 12.6267 -0.0962847 -0.0962847
3.76 -40.9585 -238.663 8.95793 -0.0922896 -0.0922896
3.77 -40.9161 -233.171 6.34935 -0.0881029 -0.0881029
3.78 -40.8696 -227.503 4.74593 -0.0839302 -0.0839302
3.79 -40.8195 -221.615 3.92261 -0.079912 -0.079912
3.8 -40.767 -215.557 3.50707 -0.0763192 -0.0763192
3.81 -40.7121 -209.353 3.29994 -0.0735681 -0.0735681
3.82 -40.6537 -203.155 3.61985 -0.0720008 -0.0720008
3.83 -40.5888 -197.156 5.17739 -0.0717016 -0.0717016
3.84 -40.5153 -191.268 8.1895 -0.072571 -0.072571
3.85 -40.4348 -185.375 11.6891 -0.0744703 -0.0744703
3.86 -40.3511 -179.616 14.4026 -0.0772545 -0.0772545
3.87 -40.266 -174.241 16.0173 -0.0807175 -0.0807175
3.88 -40.1791 -169.422 17.0415 -0.0843536 -0.0843536
3.89 -40.0905 -165.193 17.9233 -0.0870936 -0.0870936
3.9 -40.0027 -161.634 18.6601 -0.0875689 -0.0875689
3.91 -39.9205 -159.185 19.1156 -0.0850146 -0.0850146
3.92 -39.8488 -158.585 19.5376 -0.0801151 -0.0801151
3.93 -39.79 -159.988 20.5199 -0.0748363 -0.0748363
3.94 -39.7427 -162.337 22.5449 -0.0709607 -0.0709607
3.95 -39.7036 -164.167 25.9135 -0.0687387 -0.0687387
3.96 -39.6697 -164.657 30.869 -0.0671086 -0.0671086
3.97 -39.6389 -163.684 37.3811 -0.0648919 -0.0648919
3.98 -39.6087 -161.374 45.0765 -0.0618235 -0.0618235
3.99 -39.5753 -157.925 53.5654 -0.0587323 -0.0587323
4 -39.5352 -154.151 62.6437 -0.0568369 -0.0568369
4.01 -39.4876 -151.741 72.2523 -0.0568996 -0.0568996
4.02 -39.4325 -152.012 82.1867 -0.0588737 -0.0588737
4.03 -39.3692 -154.917 91.7602 -0.0621225 -0.0621225
4.04 -39.2992 -159.853 100.072 -0.0658643 -0.0658643
4.05 -39.2257 -166.324 106.539 -0.0694964 -0.0694964
4.06 -39.1514 -173.362 111.077 -0.0726958 -0.0726958
4.07 -39.0773 -179.673 114.103 -0.0753748 -0.0753748
4.08 -39.0065 -184.932 116.488 -0.0775788 -0.0775788
4.09 -38.9441 -189.948 119.356 -0.0793343 -0.0793343
4.1 -38.8948 -195.488 123.687 -0.0803953 -0.0803953
4.11 -38.8615 -201.736 129.84 -0.0798044 -0.0798044
4.12 -38.8463 -208.303 137.417 -0.075915 -0.075915
4.13 -38.8482 -214.041 145.521 -0.0676634 -0.0676634
4.14 -38.8645 -217.809 153.176 -0.0559994 -0.0559994
4.15 -38.8937 -219.567 159.575 -0.0436097 -0.0436097
4.16 -38.9348 -220.147 164.185 -0.0329946 -0.0329946
4.17 -38.9861 -220.489 166.769 -0.0248669 -0.0248669
4.18 -39.0441 -221.164 167.449 -0.0181652 -0.0181652
4.19 -39.1027 -222.152 166.808 -0.0112984 -0.0112984
4.2 -39.1554 -223.223 165.712 -0.00328833 -0.00328833
4.21 -39.198 -224.286 164.757 0.00604465 0.00604465
4.22 -39.2283 -225.113 163.897 0.0158976 0.0158976
4.23 -39.247 -225.585 162.677 0.0239595 0.0239595
4.24 -39.2572 -226.041 160.705 0.0275844 0.0275844
4.25 -39.2603 -226.422 157.89 0.0261493 0.0261493
4.26 -39.2556 -225.972 154.405 0.021201 0.021201
4.27 -39.2433 -224.259 150.496 0.0146067 0.0146067
4.28 -39.2253 -221.339 146.384 0.00713488 0.00713488
4.29 -39.2033 -217.335 142.315 -0.00149698 -0.00149698
4.3 -39.1806 -212.951 138.453 -0.0115021 -0.0115021
4.31 -39.1637 -209.487 134.6 -0.0221779 -0.0221779
4.32 -39.1585 -207.569 130.219 -0.0320927 -0.0320927
4.33 -39.1672 -206.567 124.815 -0.0398918 -0.0398918
4.34 -39.1888 -205.312 118.322 -0.0448624 -0.0448624
4.35 -39.2204 -202.734 111.176 -0.0468796 -0.0468796
4.36 -39.2588 -198.123 103.858 -0.0460453 -0.0460453
4.37 -39.3029 -191.506 96.397 -0.0424961 -0.0424961
4.38 -39.3538 -183.763 88.5363 -0.036504 -0.036504
4.39 -39.4132 -176.445 80.3324 -0.0286253 -0.0286253
4.4 -39.481 -171.15 72.3649 -0.0196601 -0.0196601
4.41 -39.554 -168.372 65.3226 -0.0104443 -0.0104443
4.42 -39.6263 -167.174 59.5004 -0.00167912 -0.00167912
4.43 -39.6915 -165.909 54.7279 0.00606432 0.00606432
4.44 -39.7428 -162.844 50.6867 0.0122427 0.0122427
4.45 -39.775 -157.062 47.1946 0.0163114 0.0163114
4.46 -39.788 -149.561 44.0921 0.0178352 0.0178352
4.47 -39.7877 -142.75 40.9548 0.0166578 0.0166578
4.48 -39.7804 -138.552 37.293 0.0130664 0.0130664
4.49 -39.7689 -137.501 33.1261 0.00779463 0.00779463
4.5 -39.7533 -139.181 29.0648 0.00163793 0.00163793
4.51 -39.7328 -142.389 25.7611 -0.00498921 -0.00498921
4.52 -39.7063 -145.207 23.4746 -0.0119411 -0.0119411
4.53 -39.6742 -146.242 22.2374 -0.0188911 -0.0188911
4.54 -39.6395 -145.525 22.206 -0.0250984 -0.0250984
4.55 -39.6057 -143.788 23.5087 -0.0295442 -0.0295442
4.56 -39.5768 -141.961 25.7964 -0.0315838 -0.0315838
4.57 -39.558 -141.123 28.3228 -0.0312473 -0.0312473
4.58 -39.5518 -141.701 30.4855 -0.028708 -0.028708
4.59 -39.555 -142.782 32.0755 -0.0241012 -0.0241012
4.6 -39.5608 -142.672 33.1273 -0.0177994 -0.0177994
4.61 -39.5639 -140.516 33.8228 -0.0105177 -0.0105177
4.62 -39.5633 -137.284 34.5631 -0.00315355 -0.00315355
4.63 -39.5596 -134.577 35.8211 0.00362653 0.00362653
4.64 -39.5504 -132.658 37.7262 0.00952053 0.00952053
4.65 -39.5316 -130.533 39.8137 0.0143219 0.0143219
4.66 -39.503 -127.732 41.1863 0.0177714 0.0177714
4.67 -39.4692 -125.089 41.1053 0.0195534 0.0195534
4.68 -39.4352 -123.865 39.5896 0.0194898 0.0194898
4.69 -39.403 -124.578 37.369 0.0176801 0.0176801
4.7 -39.3716 -126.502 35.3237 0.0142881 0.0142881
4.71 -39.3385 -128.09 34.0853 0.00952366 0.00952366
4.72 -39.3036 -128.344 33.8769 0.00384312 0.00384312
4.73 -39.2718 -127.589 34.3411 -0.0021077 -0.0021077
4.74 -39.2495 -126.554 34.726 -0.00768786 -0.00768786
4.75 -39.2401 -125.413 34.4392 -0.0123175 -0.0123175
4.76 -39.2428 -123.711 33.2773 -0.0154392 -0.0154392
4.77 -39.2531 -120.449 31.3191 -0.0164734 -0.0164734
4.78 -39.2658 -114.93 28.8029 -0.0147968 -0.0147968
4.79 -39.2794 -107.988 26.0066 -0.0100153 -0.0100153
4.8 -39.2947 -101.401 23.2132 -0.00247435 -0.00247435
4.81 -39.3116 -96.4323 20.618 0.00676564 0.00676564
4.82 -39.3298 -93.6204 18.1086 0.0166337 0.0166337
4.83 -39.3478 -92.7563 15.5357 0.0266349 0.0266349
4.84 -39.3592 -92.3063 13.3421 0.0369028 0.0369028
4.85 -39.3549 -90.3795 12.2978 0.0476283 0.0476283
4.86 -39.3358 -87.4429 12.5124 0.0584418 0.0584418
4.87 -39.314 -86.5028 13.1822 0.0683319 0.0683319
4.88 -39.3016 -89.6632 13.2893 0.0759244 0.0759244
4.89 -39.3007 -96.0708 12.4926 0.0801987 0.0801987
4.9 -39.307 -103.387 11.4035 0.0808543 0.0808543
4.91 -39.3174 -109.978 10.8182 0.0780317 0.0780317
4.92 -39.3346 -115.309 10.7405 0.0722619 0.0722619
4.93 -39.3631 -119.162 10.4083 0.0644736 0.0644736
4.94 -39.407 -121.824 9.15925 0.0557162 0.0557162
4.95 -39.4709 -124.757 7.00813 0.0467967 0.0467967
4.96 -39.5573 -129.551 4.63116 0.0380983 0.0380983
4.97 -39.662 -136.326 3.10287 0.0297808 0.0297808
4.98 -39.7776 -144.261 3.36147 0.0221983 0.0221983
4.99 -39.9014 -153.242 5.45524 0.0161433 0.0161433
5 -40.035 -163.473 8.25594 0.0126128 0.0126128
5.01 -40.1775 -174.032 10.2781 0.0122539 0.0122539
5.02 -40.3233 -183.57 10.9695 0.0150527 0.0150527
5.03 -40.4657 -191.8 11.0148 0.0204359 0.0204359
5.04 -40.5993 -199.21 11.4026 0.0275759 0.0275759
5.05 -40.7219 -206.511 12.4691 0.035668 0.035668
5.06 -40.8364 -215.08 13.7768 0.0440448 0.0440448
5.07 -40.9488 -226.214 14.4534 0.05215 0.05215
5.08 -41.0613 -239.327 13.6685 0.0594777 0.0594777
5.09 -41.1713 -252.295 11.0385 0.0654356 0.0654356
5.1 -41.2769 -263.438 6.65434 0.0685208 0.0685208
5.11 -41.3788 -271.909 0.933937 0.0664468 0.0664468
5.12 -41.4745 -276.874 -5.50109 0.0586763 0.0586763
5.13 -41.5635 -278.352 -12.1444 0.0470516 0.0470516
5.14 -41.6518 -278.547 -18.6267 0.0335186 0.0335186
5.15 -41.7467 -280.454 -24.461 0.0189057 0.0189057
5.16 -41.8504 -285.135 -29.2936 0.00289295 0.00289295
5.17 -41.9607 -291.652 -33.3884 -0.01532 -0.01532
5.18 -42.0765 -298.652 -37.4802 -0.0354553 -0.0354553
5.19 -42.1959 -304.577 -42.3134 -0.0558519 -0.0558519
5.2 -42.3122 -307.092 -48.2662 -0.0745107 -0.0745107
5.21 -42.4144 -304.025 -54.8815 -0.0892655 -0.0892655
5.22 -42.4923 -295.438 -60.6308 -0.0979487 -0.0979487
5.23 -42.5384 -283.533 -63.5185 -0.0996197 -0.0996197
5.24 -42.5466 -270.799 -62.2631 -0.0956432 -0.0956432
5.25 -42.5131 -259.246 -56.9459 -0.0893639 -0.0893639
5.26 -42.4363 -249.936 -48.6794 -0.0840317 -0.0840317
5.27 -42.3124 -242.332 -38.836 -0.0804606 -0.0804606
5.28 -42.1377 -235.123 -28.5417 -0.0767906 -0.0767906
5.29 -41.9126 -227.617 -18.5999 -0.0705511 -0.0705511
5.3 -41.6404 -219.293 -9.57612 -0.0609037 -0.0609037
5.31 -41.3242 -209.099 -1.72127 -0.0493342 -0.0493342
5.32 -40.9693 -196.561 5.28423 -0.0382798 -0.0382798
5.33 -40.5838 -182.452 12.4106 -0.0292242 -0.0292242
5.34 -40.176 -167.825 20.9445 -0.0224111 -0.0224111
5.35 -39.7517 -152.87 32.0383 -0.0179258 -0.0179258
5.36 -39.3135 -136.843 46.4202 -0.0163966 -0.0163966
5.37 -38.8676 -119.757 63.9013 -0.018544 -0.018544
5.38 -38.4286 -103.495 83.0831 -0.0243715 -0.0243715
5.39 -38.0111 -89.8342 102.351 -0.0333869 -0.0333869
5.4 -37.6182 -78.121 121.193 -0.0450519 -0.0450519
5.41 -37.2433 -66.0931 140.045 -0.0585737 -0.0585737
5.42 -36.8814 -52.2765 159.098 -0.0745084 -0.0745084
5.43 -36.5364 -37.5149 177.676 -0.0961528 -0.0961528
5.44 -36.2205 -24.5217 194.855 -0.126734 -0.126734
5.45 -35.9393 -15.3754 210.567 -0.165863 -0.165863
5.46 -35.6887 -9.78052 225.549 -0.209312 -0.209312
5.47 -35.4638 -6.00229 240.224 -0.251977 -0.251977
5.48 -35.2607 -2.35007 254.245 -0.291256 -0.291256
5.49 -35.0789 2.30218 266.845 -0.326723 -0.326723
5.5 -34.9214 7.72052 277.159 -0.357662 -0.357662
5.51 -34.7967 12.05 284.32 -0.382102 -0.382102
5.52 -34.7122 13.8386 287.66 -0.397295 -0.397295
5.53 -34.6695 13.3209 287.055 -0.401574 -0.401574
5.54 -34.6692 10.9437 283.036 -0.395729 -0.395729
5.55 -34.7142 6.53585 276.33 -0.38217 -0.38217
5.56 -34.8088 -0.180822 267.218 -0.363134 -0.363134
5.57 -34.9599 -9.62008 255.775 -0.339756 -0.339756
5.58 -35.1722 -22.3386 242.678 -0.31294 -0.31294
5.59 -35.4465 -38.5675 229.224 -0.284609 -0.284609
5.6 -35.7827 -58.2295 216.325 -0.257522 -0.257522
5.61 -36.1828 -81.2059 203.813 -0.23423 -0.23423
5.62 -36.6466 -106.756 190.894 -0.216538 -0.216538
5.63 -37.1665 -132.686 176.991 -0.205576 -0.205576
5.64 -37.7278 -156.19 161.989 -0.202106 -0.202106
5.65 -38.3168 -176.054 145.906 -0.206605 -0.206605
5.66 -38.9259 -193.761 128.765 -0.219025 -0.219025
5.67 -39.5495 -212.34 110.887 -0.238478 -0.238478
5.68 -40.1781 -233.797 93.0185 -0.263108 -0.263108
5.69 -40.7949 -257.513 75.8923 -0.29035 -0.29035
5.7 -41.3809 -281.067 59.6487 -0.317472 -0.317472
5.71 -41.9219 -302.4 43.8587 -0.342184 -0.342184
5.72 -42.4095 -320.863 28.0381 -0.362191 -0.362191
5.73 -42.837 -336.344 12.1739 -0.374676 -0.374676
5.74 -43.1952 -347.998 -3.31618 -0.377254 -0.377254
5.75 -43.4742 -354.277 -18.0924 -0.370022 -0.370022
5.76 -43.6692 -354.364 -32.3027 -0.357991 -0.357991
5.77 -43.7824 -349.142 -46.3758 -0.348479 -0.348479
5.78 -43.8216 -340.815 -60.6053 -0.344511 -0.344511
5.79 -43.7998 -332.463 -75.0889 -0.343137 -0.343137
5.8 -43.7367 -327.701 -89.7443 -0.339648 -0.339648
5.81 -43.6523 -328.912 -104.295 -0.332708 -0.332708
5.82 -43.5567 -334.057 -118.374 -0.32528 -0.32528
5.83 -43.4468 -336.345 -131.675 -0.321097 -0.321097
5.84 -43.3169 -329.424 -143.816 -0.321349 -0.321349
5.85 -43.1726 -312.635 -153.903 -0.324792 -0.324792
5.86 -43.0275 -290.333 -160.652 -0.330039 -0.330039
5.87 -42.8928 -267.486 -163.289 -0.336744 -0.336744
5.88 -42.774 -247.095 -162.292 -0.345426 -0.345426
5.89 -42.6692 -229.56 -158.957 -0.356849 -0.356849
5.9 -42.5675 -212.979 -154.329 -0.370891 -0.370891
5.91 -42.453 -194.987 -148.724 -0.384908 -0.384908
5.92 -42.3092 -173.908 -141.914 -0.392831 -0.392831
5.93 -42.1184 -148.609 -133.286 -0.387845 -0.387845
5.94 -41.8648 -119.253 -121.854 -0.367807 -0.367807
5.95 -41.5401 -88.2886 -106.788 -0.337588 -0.337588
5.96 -41.1477 -59.9992 -88.3096 -0.305843 -0.305843
5.97 -40.6991 -38.3547 -67.7841 -0.279788 -0.279788
5.98 -40.2067 -24.9959 -46.9025 -0.261864 -0.261864
5.99 -39.6839 -19.7317 -26.9802 -0.249974 -0.249974
6 -39.153 -22.884 -8.80298 -0.240714 -0.240714
6.01 -38.6467 -36.1529 7.37601 -0.232542 -0.232542
6.02 -38.1998 -60.6479 22.1458 -0.226326 -0.226326
6.03 -37.8407 -95.5399 37.3122 -0.223543 -0.223543
6.04 -37.5912 -138.523 55.2132 -0.224851 -0.224851
6.05 -37.4687 -186.076 77.001 -0.230885 -0.230885
6.06 -37.4876 -234.121 101.749 -0.243002 -0.243002
6.07 -37.6564 -278.996 127.211 -0.261683 -0.261683
6.08 -37.9718 -317.814 150.97 -0.282176 -0.282176
6.09 -38.4281 -349.674 171.362 -0.295401 -0.295401
6.1 -39.0037 -375.748 187.576 -0.297968 -0.297968
6.11 -39.6677 -397.356 199.993 -0.295326 -0.295326
6.12 -40.3742 -414.371 210.04 -0.29404 -0.29404
6.13 -41.0694 -425.922 219.558 -0.294973 -0.294973
6.14 -41.696 -430.408 230.024 -0.291153 -0.291153
6.15 -42.1946 -425.219 242.295 -0.269609 -0.269609
6.16 -42.512 -408.623 256.601 -0.217158 -0.217158
6.17 -42.6104 -381.546 272.435 -0.128702 -0.128702
6.18 -42.4683 -347.183 288.767 -0.0135568 -0.0135568
6.19 -42.0805 -310.42 304.832 0.104558 0.104558
6.2 -41.4572 -277.002 320.862 0.197054 0.197054
6.21 -40.6174 -250.367 337.773 0.24541 0.24541
6.22 -39.582 -228.463 356.006 0.249353 0.249353
6.23 -38.3756 -204.632 374.713 0.2229 0.2229
6.24 -37.0323 -172.404 392.199 0.182716 0.182716
6.25 -35.6087 -130.279 407.189 0.138926 0.138926
6.26 -34.1739 -83.1256 419.708 0.0932198 0.0932198
6.27 -32.8073 -39.8237 430.611 0.0402969 0.0402969
6.28 -31.5827 -7.56746 440.666 -0.0271659 -0.0271659
6.29 -30.5457 13.813 450.289 -0.109973 -0.109973
6.3 -29.7096 32.5959 459.707 -0.20102 -0.20102
6.31 -29.0728 58.0958 468.913 -0.294678 -0.294678
6.32 -28.6421 92.1894 477.174 -0.392093 -0.392093
6.33 -28.4397 128.074 482.586 -0.495452 -0.495452
6.34 -28.4908 154.856 482.582 -0.599116 -0.599116
6.35 -28.8075 163.505 475.331 -0.686255 -0.686255
6.36 -29.3746 151.691 460.571 -0.737616 -0.737616
6.37 -30.1486 126.517 439.327 -0.741917 -0.741917
6.38 -31.0568 101.421 412.968 -0.698689 -0.698689
6.39 -32.0367 85.6928 382.661 -0.619729 -0.619729
6.4 -33.062 76.7438 349.202 -0.523478 -0.523478
6.41 -34.1231 65.4926 313.307 -0.424535 -0.424535
6.42 -35.2018 45.8985 276.24 -0.329603 -0.329603
6.43 -36.2673 16.507 240.238 -0.23994 -0.23994
6.44 -37.2858 -21.3462 208.025 -0.156521 -0.156521
6.45 -38.223 -63.3201 181.494 -0.0836052 -0.0836052
6.46 -39.0478 -103.074 160.863 -0.0286458 -0.0286458
6.47 -39.7433 -136.481 144.941 1.67007e-005 1.67007e-005
6.48 -40.3136 -164.626 131.799 -0.00402656 -0.00402656
6.49 -40.7768 -191.686 119.433 -0.0437324 -0.0437324
6.5 -41.1524 -220.765 106.212 -0.116652 -0.116652
6.51 -41.4583 -252.493 90.6087 -0.213057 -0.213057
6.52 -41.7187 -286.733 71.0153 -0.320457 -0.320457
6.53 -41.9676 -325.04 46.2722 -0.428474 -0.428474
6.54 -42.2492 -370.155 15.9591 -0.527134 -0.527134
6.55 -42.5978 -421.651 -19.8453 -0.600669 -0.600669
6.56 -43.0325 -473.689 -60.4577 -0.640507 -0.640507
6.57 -43.5606 -518.144 -104.458 -0.656892 -0.656892
6.58 -44.1738 -548.434 -149.815 -0.666782 -0.666782
6.59 -44.8615 -562.158 -193.831 -0.682822 -0.682822
6.6 -45.6154 -562.669 -233.685 -0.69763 -0.69763
6.61 -46.4258 -557.059 -267.392 -0.691651 -0.691651
6.62 -47.2781 -552.112 -294.563 -0.658533 -0.658533
6.63 -48.1476 -551.919 -316.349 -0.607386 -0.607386
6.64 -49.0015 -557.317 -334.555 -0.554372 -0.554372
6.65 -49.8006 -566.478 -350.449 -0.514083 -0.514083
6.66 -50.5056 -577.014 -364.284 -0.493593 -0.493593
6.67 -51.085 -587.321 -375.655 -0.492194 -0.492194
6.68 -51.5132 -595.753 -384.125 -0.507295 -0.507295
6.69 -51.7695 -599.668 -389.652 -0.540094 -0.540094
6.7 -51.8388 -596.298 -392.202 -0.593837 -0.593837
6.71 -51.7143 -584.831 -391.1 -0.670096 -0.670096
6.72 -51.4054 -567.352 -385.547 -0.764559 -0.764559
6.73 -50.9263 -546.105 -375.918 -0.862748 -0.862748
6.74 -50.294 -520.13 -364.654 -0.944399 -0.944399
6.75 -49.5282 -485.961 -355.754 -0.991567 -0.991567
6.76 -48.6487 -439.937 -352.851 -0.994065 -0.994065
6.77 -47.67 -378.902 -357.127 -0.952059 -0.952059
6.78 -46.6025 -301.597 -367.103 -0.874954 -0.874954
6.79 -45.4634 -210.752 -380.14 -0.776019 -0.776019
6.8 -44.2773 -113.236 -393.884 -0.667826 -0.667826
6.81 -43.0866 -17.4753 -406.583 -0.554764 -0.554764
6.82 -41.9209 70.1404 -417.17 -0.431447 -0.431447
6.83 -40.8065 145.409 -424.961 -0.298473 -0.298473
6.84 -39.7803 204.569 -429.38 -0.16655 -0.16655
6.85 -38.8762 244.989 -429.761 -0.0480622 -0.0480622
6.86 -38.1158 268.131 -425.032 0.0465467 0.0465467
6.87 -37.5057 279.434 -413.677 0.108585 0.108585
6.88 -37.0463 283.928 -394.197 0.133144 0.133144
6.89 -36.7435 282.855 -365.72 0.125305 0.125305
6.9 -36.6014 274.891 -328.297 0.0954843 0.0954843
6.91 -36.6132 260.273 -283.348 0.0474522 0.0474522
6.92 -36.7566 242.564 -234.281 -0.0221469 -0.0221469
6.93 -37.0086 224.837 -186.341 -0.113452 -0.113452
6.94 -37.3564 205.655 -144.853 -0.21395 -0.21395
6.95 -37.7883 180.759 -112.953 -0.299557 -0.299557
6.96 -38.2796 148.293 -90.9315 -0.351279 -0.351279
6.97 -38.7925 111.018 -77.5587 -0.370806 -0.370806
6.98 -39.2901 73.5949 -71.7193 -0.376243 -0.376243
6.99 -39.7494 38.8039 -72.8235 -0.385513 -0.385513
7 -40.1576 7.44312 -79.8438 -0.402666 -0.402666
7.01 -40.4973 -18.3257 -90.5851 -0.416103 -0.416103
7.02 -40.7466 -35.0499 -102.226 -0.409237 -0.409237
7.03 -40.8955 -42.9098 -111.876 -0.373253 -0.373253
7.04 -40.9552 -48.9051 -116.147 -0.313947 -0.313947
7.05 -40.9533 -65.1236 -110.777 -0.247425 -0.247425
7.06 -40.9172 -101.405 -91.4818 -0.186234 -0.186234
7.07 -40.8541 -157.783 -55.582 -0.134439 -0.134439
7.08 -40.7582 -225.661 -3.0009 -0.0893419 -0.0893419
7.09 -40.6206 -295.262 64.239 -0.0426055 -0.0426055
7.1 -40.4507 -360.449 142.35 0.00180213 0.00180213
7.11 -40.2655 -419.314 226.165 0.0225674 0.0225674
7.12 -40.0776 -471.622 309.278 0.00164616 0.00164616
7.13 -39.923 -518.873 386.048 -0.0440036 -0.0440036
7.14 -39.8131 -563.599 452.267 -0.0637999 -0.0637999
7.15 -39.7481 -607.675 505.66 -0.036088 -0.036088
7.16 -39.7372 -650.647 545.239 0.0156785 0.0156785
7.17 -39.7704 -689.446 571.363 0.0633206 0.0633206
7.18 -39.8307 -719.615 585.791 0.0938469 0.0938469
7.19 -39.8968 -736.514 591.036 0.106588 0.106588
7.2 -39.9479 -737.198 589.447 0.1057 0.1057
7.21 -39.9662 -721.343 582.861 0.0999959 0.0999959
7.22 -39.9373 -690.014 573.136 0.102662 0.102662
7.23 -39.8336 -644.969 562.269 0.119369 0.119369
7.24 -39.6381 -590.235 552.419 0.144232 0.144232
7.25 -39.3405 -532.538 545.778 0.183609 0.183609
7.26 -38.943 -479.356 544.108 0.264603 0.264603
7.27 -38.4475 -435.465 548.245 0.403516 0.403516
7.28 -37.8551 -401.38 557.691 0.576189 0.576189
7.29 -37.1827 -375.049 570.107 0.729042 0.729042
7.3 -36.4539 -352.864 582.117 0.815993 0.815993
7.31 -35.6867 -328.936 590.574 0.820699 0.820699
7.32 -34.9031 -297.213 593.063 0.760246 0.760246
7.33 -34.1406 -257.77 587.995 0.670874 0.670874
7.34 -33.4666 -219.786 574.274 0.581533 0.581533
7.35 -32.9551 -194.844 551.209 0.49963 0.49963
7.36 -32.6586 -186.899 518.499 0.416717 0.416717
7.37 -32.5938 -189.021 476.231 0.323884 0.323884
7.38 -32.756 -189.929 425.077 0.224449 0.224449
7.39 -33.1409 -182.973 366.566 0.132786 0.132786
7.4 -33.7453 -167.459 302.68 0.0616609 0.0616609
7.41 -34.5536 -144.203 235.183 0.0194706 0.0194706
7.42 -35.5301 -113.033 165.582 0.0175709 0.0175709
7.43 -36.628 -75.0886 95.4386 0.0685832 0.0685832
7.44 -37.8102 -37.6735 26.2498 0.168892 0.168892
7.45 -39.0561 -13.4314 -40.7986 0.284577 0.284577
7.46 -40.3463 -12.9918 -104.606 0.376227 0.376227
7.47 -41.6452 -38.0433 -163.621 0.435452 0.435452
7.48 -42.8867 -80.4034 -216.464 0.478711 0.478711
7.49 -44.0271 -127.566 -261.676 0.524904 0.524904
7.5 -45.0234 -169.796 -299.941 0.584744 0.584744
7.51 -45.8692 -203.075 -334.058 0.651707 0.651707
7.52 -46.5709 -226.451 -367.294 0.701785 0.701785
7.53 -47.1344 -239.583 -401.521 0.708287 0.708287
7.54 -47.5632 -242.984 -437.054 0.660686 0.660686
7.55 -47.8698 -239.109 -473.747 0.568601 0.568601
7.56 -48.0854 -233.503 -511.896 0.452874 0.452874
7.57 -48.2455 -232.577 -551.99 0.337461 0.337461
7.58 -48.3701 -236.228 -593.859 0.23973 0.23973
7.59 -48.4508 -234.078 -636.021 0.1666 0.1666
7.6 -48.4535 -212.67 -676.644 0.118216 0.118216
7.61 -48.3686 -166.987 -714.188 0.0929002 0.0929002
7.62 -48.2103 -104.564 -747.422 0.0935924 0.0935924
7.63 -48.0064 -39.6463 -774.857 0.13413 0.13413
7.64 -47.7773 16.0743 -794.174 0.241548 0.241548
7.65 -47.5109 58.5672 -802.765 0.436225 0.436225
7.66 -47.1796 91.0335 -798.732 0.698442 0.698442
7.67 -46.752 120.449 -781.522 0.967385 0.967385
7.68 -46.2103 150.803 -751.959 1.18359 1.18359
7.69 -45.5593 179.917 -711.751 1.33118 1.33118
7.7 -44.811 204.004 -662.864 1.43451 1.43451
7.71 -43.9678 223.365 -606.993 1.52304 1.52304
7.72 -43.0247 241.332 -545.33 1.60624 1.60624
7.73 -41.9862 259.01 -478.83 1.67009 1.67009
7.74 -40.8728 274.115 -408.575 1.68743 1.68743
7.75 -39.7081 284.907 -335.865 1.63129 1.63129
7.76 -38.5088 292.904 -262.019 1.48558 1.48558
7.77 -37.2903 300.748 -188.361 1.25565 1.25565
7.78 -36.0809 308.488 -116.828 0.972597 0.972597
7.79 -34.9227 312.509 -50.0153 0.683555 0.683555
7.8 -33.8634 308.217 9.82315 0.431194 0.431194
7.81 -32.9426 294.331 61.6612 0.234977 0.234977
7.82 -32.1773 275.475 105.701 0.0859317 0.0859317
7.83 -31.5525 261.688 143.084 -0.0330604 -0.0330604
7.84 -31.0493 262.877 175.375 -0.117611 -0.117611
7.85 -30.6505 282.152 204.618 -0.14745 -0.14745
7.86 -30.3461 315.263 233.123 -0.107197 -0.107197
7.87 -30.1232 354.636 262.936 0.00683846 0.00683846
7.88 -29.9684 391.79 294.816 0.184099 0.184099
7.89 -29.868 417.927 328.607 0.402397 0.402397
7.9 -29.8161 425.344 363.997 0.630633 0.630633
7.91 -29.8058 409.021 400.972 0.835884 0.835884
7.92 -29.8237 368.924 439.625 0.997911 0.997911
7.93 -29.8622 311.308 479.179 1.11258 1.11258
7.94 -29.9126 245.836 517.802 1.17716 1.17716
7.95 -29.9764 180.178 552.648 1.18746 1.18746
7.96 -30.0838 116.065 580.578 1.14584 1.14584
7.97 -30.2793 50.5006 599.021 1.05536 1.05536
7.98 -30.6043 -20.3842 606.425 0.916431 0.916431
7.99 -31.0904 -97.4093 602.881 0.728449 0.728449
8 -31.7432 -176.342 590.364 0.499607 0.499607
8.01 -32.5518 -251.14 572.08 0.255884 0.255884
8.02 -33.5053 -319.498 551.653 0.0300496 0.0300496
8.03 -34.5955 -383.342 532.315 -0.153969 -0.153969
8.04 -35.8015 -443.688 516.089 -0.289408 -0.289408
8.05 -37.0813 -497.582 503.482 -0.376239 -0.376239
8.06 -38.3885 -542.556 493.96 -0.408812 -0.408812
8.07 -39.6884 -582.714 486.447 -0.382514 -0.382514
8.08 -40.9637 -627.041 479.943 -0.299582 -0.299582
8.09 -42.1907 -681.675 474.132 -0.168553 -0.168553
8.1 -43.3282 -745.579 469.294 -0.0066278 -0.0066278
8.11 -44.3361 -813.105 465.44 0.161975 0.161975
8.12 -45.1917 -877.851 461.255 0.32665 0.32665
8.13 -45.8801 -933.871 454.422 0.498126 0.498126
8.14 -46.3955 -976.717 443.127 0.682215 0.682215
8.15 -46.7406 -1004.37 427.207 0.857207 0.857207
8.16 -46.925 -1017.39 408.135 0.981915 0.981915
8.17 -46.9648 -1018 387.647 1.03172 1.03172
8.18 -46.8811 -1008.61 366.231 1.01426 1.01426
8.19 -46.6989 -990.672 343.043 0.950084 0.950084
8.2 -46.4432 -965.528 316.866 0.856208 0.856208
8.21 -46.1426 -935.099 287.199 0.743974 0.743974
8.22 -45.8218 -901.696 254.584 0.621711 0.621711
8.23 -45.5046 -867.856 220.762 0.496491 0.496491
8.24 -45.2102 -836.118 188.33 0.372721 0.372721
8.25 -44.9522 -807.811 160.085 0.252624 0.252624
8.26 -44.737 -782.547 138.135 0.142669 0.142669
8.27 -44.5697 -759.78 123.307 0.0559504 0.0559504
8.28 -44.4564 -739.938 115.263 0.00736602 0.00736602
8.29 -44.3987 -723.215 113.036 0.00654631 0.00654631
8.3 -44.3908 -709.174 115.526 0.052794 0.052794
8.31 -44.4257 -698.458 121.862 0.135885 0.135885
8.32 -44.4964 -692.972 131.558 0.241224 0.241224
8.33 -44.5907 -693.379 144.241 0.355513 0.355513
8.34 -44.6907 -697.879 159.061 0.469793 0.469793
8.35 -44.78 -703.969 174.343 0.578661 0.578661
8.36 -44.8502 -710.435 187.865 0.677682 0.677682
8.37 -44.9024 -718.06 197.651 0.761251 0.761251
8.38 -44.9412 -728.577 202.914 0.822144 0.822144
8.39 -44.9676 -742.419 204.439 0.853259 0.853259
8.4 -44.9792 -758.438 203.978 0.849637 0.849637
8.41 -44.9787 -776.104 203.396 0.810394 0.810394
8.42 -44.9766 -796.334 204.274 0.740183 0.740183
8.43 -44.9863 -820.051 207.703 0.648223 0.648223
8.44 -45.0191 -847.326 214.398 0.545735 0.545735
8.45 -45.0834 -877.73 225.047 0.443363 0.443363
8.46 -45.1847 -910.505 240.193 0.349435 0.349435
8.47 -45.3232 -944.003 259.755 0.269887 0.269887
8.48 -45.4945 -976.017 282.841 0.209356 0.209356
8.49 -45.698 -1005.87 307.566 0.171433 0.171433
8.5 -45.9403 -1035.36 331.184 0.15823 0.15823
8.51 -46.2251 -1066.06 351.038 0.171105 0.171105
8.52 -46.541 -1095.59 365.448 0.213821 0.213821
8.53 -46.8609 -1118.35 374.14 0.296693 0.296693
8.54 -47.1509 -1129.48 378.132 0.424419 0.424419
8.55 -47.3858 -1127.77 379.065 0.57484 0.57484
8.56 -47.5498 -1116.24 378.551 0.71165 0.71165
8.57 -47.6409 -1100.67 378.056 0.815771 0.815771
8.58 -47.651 -1085.5 378.612 0.889428 0.889428
8.59 -47.5691 -1071.78 380.698 0.941589 0.941589
8.6 -47.391 -1059.49 384.411 0.977921 0.977921
8.61 -47.1256 -1051.02 389.847 0.998657 0.998657
8.62 -46.7958 -1050.4 397.224 1.00037 1.00037
8.63 -46.4278 -1060.02 406.903 0.9778 0.9778
8.64 -46.0467 -1079.76 419.435 0.927806 0.927806
8.65 -45.6795 -1108.23 435.073 0.863418 0.863418
8.66 -45.355 -1143.47 453.812 0.82711 0.82711
8.67 -45.1023 -1181.45 474.62 0.878143 0.878143
8.68 -44.9369 -1215.93 495.776 1.06681 1.06681
8.69 -44.8551 -1241.47 516.124 1.40965 1.40965
8.7 -44.8612 -1255.52 534.785 1.87053 1.87053
8.71 -44.9574 -1258.69 550.463 2.36854 2.36854
8.72 -45.1319 -1251.3 561.601 2.8109 2.8109
8.73 -45.3516 -1230.58 566.793 3.14249 3.14249
8.74 -45.5615 -1193.76 566.1 3.38616 3.38616
8.75 -45.7192 -1142.13 560.976 3.61427 3.61427
8.76 -45.7921 -1081.8 553.367 3.87052 3.87052
8.77 -45.7514 -1020.08 544.552 4.13489 4.13489
8.78 -45.5732 -959.804 534.147 4.34187 4.34187
8.79 -45.229 -897.718 520.124 4.4143 4.4143
8.8 -44.6964 -827.684 499.759 4.29613 4.29613
8.81 -43.9643 -744.392 471.031 3.97111 3.97111
8.82 -43.0371 -645.703 433.448 3.46639 3.46639
8.83 -41.9392 -534.515 388.018 2.84166 2.84166
8.84 -40.7196 -419.5 336.72 2.1673 2.1673
8.85 -39.4512 -312.956 281.601 1.50213 1.50213
8.86 -38.2167 -225.513 224.006 0.881988 0.881988
8.87 -37.0926 -160.759 164.328 0.332652 0.332652
8.88 -36.1358 -112.881 102.273 -0.113719 -0.113719
8.89 -35.3813 -69.1582 37.5501 -0.435454 -0.435454
8.9 -34.851 -16.8453 -29.6103 -0.629665 -0.629665
8.91 -34.5703 49.4184 -97.1186 -0.702889 -0.702889
8.92 -34.5111 131.906 -165.359 -0.662794 -0.662794
8.93 -34.6941 228.792 -232.733 -0.493939 -0.493939
8.94 -35.0917 337.97 -298.493 -0.167955 -0.167955
8.95 -35.6236 456.618 -361.412 0.313586 0.313586
8.96 -36.2073 581.731 -419.741 0.906359 0.906359
8.97 -36.7667 710.808 -472.351 1.6046 1.6046
8.98 -37.2134 841.494 -519.228 2.60633 2.60633
8.99 -37.474 969.351 -561.788 4.24352 4.24352
9 -37.5074 1087.5 -600.632 6.6268 6.6268
9.01 -37.251 1190.21 -637.902 9.47907 9.47907
9.02 -36.7214 1273.01 -674.564 12.3225 12.3225
9.03 -35.9364 1334.05 -710.321 14.76 14.76
9.04 -34.9177 1373.98 -745.484 16.6391 16.6391
9.05 -33.7562 1393.26 -778.978 18.0701 18.0701
9.06 -32.5279 1392.5 -809.029 19.2687 19.2687
9.07 -31.3249 1374.06 -833.28 20.3403 20.3403
9.08 -30.2436 1341.85 -848.808 21.2464 21.2464
9.09 -29.3484 1301.79 -852.687 21.8673 21.8673
9.1 -28.6918 1260.46 -843.63 22.0267 22.0267
9.11 -28.344 1221.58 -821.705 21.5593 21.5593
9.12 -28.3327 1185.29 -788.735 20.4228 20.4228
9.13 -28.6728 1149.42 -747.493 18.732 18.732
9.14 -29.35 1111.61 -700.772 16.7048 16.7048
9.15 -30.3171 1071.27 -650.865 14.5908 14.5908
9.16 -31.4999 1029.76 -599.907 12.5978 12.5978
9.17 -32.8197 986.372 -550.172 10.841 10.841
9.18 -34.209 935.281 -503.82 9.34746 9.34746
9.19 -35.6135 867.764 -462.104 8.10559 8.10559
9.2 -36.9815 777.143 -424.291 7.12166 7.12166
9.21 -38.2598 662.24 -387.837 6.4405 6.4405
9.22 -39.4047 526.682 -350.291 6.11883 6.11883
9.23 -40.3956 375.655 -310.72 6.17433 6.17433
9.24 -41.243 212.983 -269.686 6.55186 6.55186
9.25 -41.9846 40.1551 -228.468 7.12586 7.12586
9.26 -42.6979 -143.24 -187.443 7.69102 7.69102
9.27 -43.422 -333.266 -147.092 7.99594 7.99594
9.28 -44.0946 -522.198 -106.742 7.89411 7.89411
9.29 -44.8773 -698.299 -65.0836 7.4034 7.4034
9.3 -45.7275 -852.591 -21.0336 6.71773 6.71773
9.31 -46.6404 -981.98 27.4694 6.12374 6.12374
9.32 -47.6122 -1086.92 81.5487 5.67393 5.67393
9.33 -48.6097 -1168.67 140.552 5.14188 5.14188
9.34 -49.6091 -1229.71 201.715 4.3155 4.3155
9.35 -50.5611 -1274.1 261.491 3.17473 3.17473
9.36 -51.4149 -1306.65 316.539 1.88116 1.88116
9.37 -52.1244 -1331.06 364.237 0.687187 0.687187
9.38 -52.6396 -1349.86 402.629 -0.148914 -0.148914
9.39 -52.9392 -1366.05 430.372 -0.440673 -0.440673
9.4 -53.0054 -1381.18 446.818 -0.141454 -0.141454
9.41 -52.8249 -1393.65 452.325 0.643855 0.643855
9.42 -52.4092 -1399.23 447.449 1.70477 1.70477
9.43 -51.7872 -1394.32 432.548 2.81646 2.81646
9.44 -50.991 -1378.77 408.966 3.86039 3.86039
9.45 -50.0846 -1354.21 378.648 4.85379 4.85379
9.46 -49.1343 -1321.81 344.47 5.85133 5.85133
9.47 -48.1799 -1280.09 309.496 6.84494 6.84494
9.48 -47.258 -1224.76 275.774 7.72879 7.72879
9.49 -46.3909 -1151.35 244.259 8.33042 8.33042
9.5 -45.5994 -1058.86 215.154 8.48825 8.48825
9.51 -44.9013 -952.308 188.287 8.12463 8.12463
9.52 -44.3095 -840.383 163.414 7.27593 7.27593
9.53 -43.8161 -727.981 140.315 6.06915 6.06915
9.54 -43.3788 -612.605 118.668 4.6624 4.6624
9.55 -42.9378 -488.267 97.9993 3.18872 3.18872
9.56 -42.4329 -350.587 77.5742 1.7394 1.7394
9.57 -41.8145 -199.478 55.9866 0.489228 0.489228
9.58 -41.0455 -37.4284 30.5108 -0.16842 -0.16842
9.59 -40.1204 133.363 -1.57203 0.0885811 0.0885811
9.6 -38.972 310.049 -41.2144 1.0982 1.0982
9.61 -37.5585 491.354 -91.2637 2.4309 2.4309
9.62 -36.0227 668.339 -150.27 3.89567 3.89567
9.63 -34.3192 831.719 -216.679 5.58987 5.58987
9.64 -32.5312 976.308 -288.211 7.66019 7.66019
9.65 -30.7012 1105.62 -362.226 10.1513 10.1513
9.66 -28.8747 1226.56 -436.1 12.9637 12.9637
9.67 -27.1185 1343.79 -507.465 15.8808 15.8808
9.68 -25.5225 1455 -574.344 18.6108 18.6108
9.69 -24.2251 1552.14 -634.039 20.8164 20.8164
9.7 -23.2226 1632.89 -682.237 22.1619 22.1619
9.71 -22.4629 1703.77 -721.325 22.4896 22.4896
9.72 -22.0641 1767.13 -752.778 21.9773 21.9773
9.73 -22.016 1823.62 -778.37 20.9938 20.9938
9.74 -22.3086 1873.83 -799.437 19.8352 19.8352
9.75 -22.8483 1921.89 -817.251 18.5985 18.5985
9.76 -23.5853 1970.09 -833.921 17.2659 17.2659
9.77 -24.4905 2013.89 -851.42 15.8795 15.8795
9.78 -25.4948 2044.71 -871.989 14.5888 14.5888
9.79 -26.5735 2054.45 -896.732 13.5947 13.5947
9.8 -27.7068 2038.91 -925.061 13.0706 13.0706
9.81 -28.8097 1999.36 -954.79 13.1011 13.1011
9.82 -29.832 1941.42 -983.439 13.6784 13.6784
9.83 -30.7665 1872.25 -1008.52 14.729 14.729
9.84 -31.5885 1796.71 -1027.72 16.1354 16.1354
9.85 -32.3 1715.92 -1039.17 17.7553 17.7553
9.86 -32.917 1629.72 -1041.25 19.4435 19.4435
9.87 -33.4552 1538.8 -1032.5 21.0663 21.0663
9.88 -33.9291 1444.75 -1011.55 22.4971 22.4971
9.89 -34.3529 1348.54 -977.564 23.5989 23.5989
9.9 -34.7445 1249.81 -930.5 24.2262 24.2262
9.91 -35.1163 1148.75 -871.113 24.259 24.259
9.92 -35.4677 1048.3 -800.555 23.6427 23.6427
9.93 -35.7845 953.212 -720.076 22.4074 22.4074
9.94 -36.0476 867.043 -631.052 20.6562 20.6562
9.95 -36.2415 790.365 -535.444 18.5323 18.5323
9.96 -36.3563 721.406 -436.394 16.1861 16.1861
9.97 -36.3847 657.631 -337.785 13.7584 13.7584
9.98 -36.3225 596.079 -243.055 11.3797 11.3797
9.99 -36.1735 532.484 -154.328 9.17456 9.17456
10 -35.955 460.237 -71.9523 7.25578 7.25578
