0.1 -1.65493e-005 -0.000686011 9.96811e-007
0.2 -3.33036e-005 -0.00137252 2.02025e-006
0.3 -5.02636e-005 -0.00205953 3.07035e-006
0.4 -6.74302e-005 -0.00274705 4.14715e-006
0.5 -8.48042e-005 -0.00343506 5.25071e-006
0.6 -0.000102386 -0.00412358 6.38105e-006
0.7 -0.000120177 -0.00481261 7.53823e-006
0.8 -0.000138178 -0.00550214 8.72228e-006
0.9 -0.000156389 -0.00619218 9.93325e-006
1 -0.000174812 -0.00688273 1.11712e-005
0.01 -0.000199426 -0.00688252 4.05695e-005
0.02 -0.000270639 -0.00687986 0.000136096
0.03 -0.000358114 -0.00688183 0.000272143
0.04 -0.000439673 -0.00688346 0.000397827
0.05 -0.000525472 -0.00688201 0.000495521
0.06 -0.000610754 -0.0068823 0.000564116
0.07 -0.00067556 -0.00688143 0.000588603
0.08 -0.000712104 -0.00688097 0.000555803
0.09 -0.000731756 -0.00688011 0.000474841
0.1 -0.000741679 -0.00687944 0.000360541
0.11 -0.000731036 -0.00687876 0.000221372
0.12 -0.000688086 -0.00687834 6.17018e-005
0.13 -0.000618904 -0.00687824 -0.000108983
0.14 -0.000540947 -0.00687871 -0.00027756
0.15 -0.000465857 -0.00687976 -0.00044128
0.16 -0.000394398 -0.00688135 -0.000606809
0.17 -0.000323158 -0.0068833 -0.000775684
0.18 -0.000250537 -0.00688551 -0.000943124
0.19 -0.000177541 -0.00688781 -0.001112
0.2 -0.00010656 -0.00689009 -0.00129631
0.21 -3.7866e-005 -0.00689223 -0.00150561
0.22 3.48471e-005 -0.00689417 -0.00173504
0.23 0.000121611 -0.00689587 -0.00197506
0.24 0.000226644 -0.00689728 -0.00222195
0.25 0.000343538 -0.00689845 -0.00247154
0.26 0.000462266 -0.00689942 -0.00271112
0.27 0.000581074 -0.00690025 -0.00292851
0.28 0.000707548 -0.006901 -0.00312527
0.29 0.000847228 -0.00690169 -0.00331264
0.3 0.000996411 -0.00690237 -0.00349844
0.31 0.00114893 -0.00690313 -0.00368532
0.32 0.00130312 -0.006904 -0.00387727
0.33 0.00145928 -0.00690499 -0.0040777
0.34 0.00161661 -0.0069061 -0.00428168
0.35 0.0017714 -0.00690734 -0.00447845
0.36 0.00191618 -0.00690872 -0.00466223
0.37 0.00204375 -0.00691019 -0.00483254
0.38 0.00215307 -0.00691172 -0.00498201
0.39 0.00224807 -0.00691321 -0.00509385
0.4 0.00233066 -0.0069146 -0.00515738
0.41 0.00239815 -0.00691582 -0.005178
0.42 0.00244611 -0.00691677 -0.00516685
0.43 0.00247289 -0.00691742 -0.0051267
0.44 0.00248248 -0.0069177 -0.00505417
0.45 0.00248006 -0.00691757 -0.00495196
0.46 0.00246775 -0.006917 -0.00483047
0.47 0.00244635 -0.00691604 -0.00469692
0.48 0.00241523 -0.00691476 -0.00455034
0.49 0.00237343 -0.00691324 -0.00438881
0.5 0.00232538 -0.00691153 -0.00421356
0.51 0.00227879 -0.00690971 -0.00402274
0.52 0.00223512 -0.00690786 -0.00380719
0.53 0.00219209 -0.00690605 -0.00355771
0.54 0.00215417 -0.00690433 -0.0032757
0.55 0.00213143 -0.00690273 -0.002973
0.56 0.0021253 -0.00690128 -0.00265875
0.57 0.00211827 -0.00689996 -0.00233091
0.58 0.00208428 -0.0068987 -0.00198517
0.59 0.00201119 -0.00689747 -0.00162502
0.6 0.00190741 -0.00689623 -0.00126079
0.61 0.00178464 -0.00689498 -0.000906065
0.62 0.00164487 -0.00689366 -0.000573548
0.63 0.00149743 -0.00689221 -0.00026942
0.64 0.00136622 -0.00689062 9.15873e-006
0.65 0.00125926 -0.00688891 0.000270507
0.66 0.00116188 -0.00688705 0.000517574
0.67 0.00106561 -0.00688511 0.000742716
0.68 0.00097514 -0.00688316 0.000942084
0.69 0.000892854 -0.00688134 0.00112515
0.7 0.00081608 -0.00687974 0.00129925
0.71 0.000744234 -0.00687846 0.00145516
0.72 0.000673337 -0.00687755 0.00157277
0.73 0.000590919 -0.00687704 0.001638
0.74 0.000482251 -0.00687689 0.00165691
0.75 0.00033835 -0.00687701 0.00165041
0.76 0.000161724 -0.00687731 0.00163311
0.77 -3.05059e-005 -0.00687769 0.00160559
0.78 -0.000207237 -0.00687812 0.00156272
0.79 -0.000339507 -0.00687852 0.00150132
0.8 -0.000418865 -0.00687882 0.00142344
0.81 -0.000450368 -0.00687898 0.00132999
0.82 -0.000438502 -0.00687904 0.00121092
0.83 -0.000387152 -0.00687906 0.00105215
0.84 -0.000301563 -0.0068791 0.000852188
0.85 -0.000179156 -0.00687928 0.000622174
0.86 -9.4673e-006 -0.00687974 0.0003792
0.87 0.000193904 -0.00688057 0.000148506
0.88 0.000391404 -0.00688177 -4.4365e-005
0.89 0.000569559 -0.00688336 -0.00019198
0.9 0.000759406 -0.00688537 -0.000308357
0.91 0.000994317 -0.00688776 -0.00040709
0.92 0.00126187 -0.00689036 -0.000473098
0.93 0.00151666 -0.00689289 -0.000466492
0.94 0.00173797 -0.00689513 -0.000367376
0.95 0.00194398 -0.00689698 -0.000214696
0.96 0.00216122 -0.0068984 -8.35353e-005
0.97 0.00238966 -0.00689933 -1.62807e-005
0.98 0.00259162 -0.00689968 3.25942e-006
0.99 0.00273858 -0.00689945 5.68713e-006
1 0.00284447 -0.00689871 -7.14478e-006
1.01 0.00292198 -0.00689763 -6.20282e-005
1.02 0.00296329 -0.00689639 -0.000181836
1.03 0.00298486 -0.00689517 -0.000347032
1.04 0.00303276 -0.00689409 -0.000496408
1.05 0.00312572 -0.00689326 -0.000577413
1.06 0.00323208 -0.00689271 -0.000581021
1.07 0.00331615 -0.00689253 -0.00052901
1.08 0.00338768 -0.00689276 -0.000454769
1.09 0.00347171 -0.00689342 -0.000382983
1.1 0.00353973 -0.00689441 -0.000307204
1.11 0.00353779 -0.00689555 -0.000196573
1.12 0.00347516 -0.00689669 -2.93777e-005
1.13 0.00341985 -0.00689776 0.000176986
1.14 0.00341013 -0.00689866 0.000362959
1.15 0.00345798 -0.00689936 0.00045906
1.16 0.00359839 -0.00689984 0.000432628
1.17 0.00384187 -0.00690006 0.000320175
1.18 0.0041527 -0.00689997 0.000212269
1.19 0.00447938 -0.00689961 0.00018337
1.2 0.00476481 -0.00689911 0.000240469
1.21 0.00496118 -0.00689866 0.000341634
1.22 0.00503703 -0.00689843 0.000439902
1.23 0.00497704 -0.00689847 0.000505115
1.24 0.00479648 -0.00689872 0.00052895
1.25 0.00455693 -0.00689906 0.000518626
1.26 0.0043417 -0.0068993 0.000481763
1.27 0.0042079 -0.00689925 0.000425424
1.28 0.00417802 -0.00689876 0.000362642
1.29 0.00423622 -0.00689782 0.000310564
1.3 0.00433799 -0.00689651 0.000290939
1.31 0.00446414 -0.00689508 0.000323351
1.32 0.00461943 -0.00689388 0.000401218
1.33 0.00478138 -0.00689327 0.000479676
1.34 0.00494319 -0.00689354 0.000502708
1.35 0.00516353 -0.00689482 0.00046253
1.36 0.00547726 -0.00689698 0.000424894
1.37 0.00582436 -0.00689962 0.000464903
1.38 0.00609834 -0.00690235 0.000587538
1.39 0.0062287 -0.00690488 0.000714228
1.4 0.00620928 -0.00690705 0.000741125
1.41 0.00604061 -0.00690874 0.000653786
1.42 0.00572428 -0.00690971 0.000565721
1.43 0.00532029 -0.00690976 0.000597596
1.44 0.00489498 -0.0069088 0.000761768
1.45 0.00443684 -0.00690683 0.000967576
1.46 0.00388227 -0.00690381 0.0011063
1.47 0.00318951 -0.00689971 0.00116009
1.48 0.00234074 -0.00689445 0.00122956
1.49 0.0012754 -0.00688802 0.00143006
1.5 -7.24961e-005 -0.00688059 0.00179032
1.51 -0.00160914 -0.00687263 0.00226336
1.52 -0.00305534 -0.00686467 0.00279824
1.53 -0.00418213 -0.00685701 0.00339157
1.54 -0.00497764 -0.00684972 0.00406726
1.55 -0.00553067 -0.00684276 0.00481552
1.56 -0.00589521 -0.00683621 0.00558895
1.57 -0.00610288 -0.00683023 0.0063314
1.58 -0.00620857 -0.0068251 0.00697008
1.59 -0.00629772 -0.00682121 0.00741693
1.6 -0.00648862 -0.00681886 0.00762403
1.61 -0.00688243 -0.00681816 0.00766282
1.62 -0.00744678 -0.00681899 0.00769477
1.63 -0.00795229 -0.00682124 0.00777956
1.64 -0.00805192 -0.00682482 0.00777864
1.65 -0.00750582 -0.00682947 0.00752612
1.66 -0.00634064 -0.00683459 0.00702387
1.67 -0.00477825 -0.00683946 0.00642854
1.68 -0.00306099 -0.00684374 0.00589221
1.69 -0.00136689 -0.00684772 0.0054346
1.7 0.000174687 -0.0068521 0.00498836
1.71 0.00150886 -0.00685762 0.0045259
1.72 0.00270066 -0.00686489 0.00406461
1.73 0.00386161 -0.00687412 0.00359146
1.74 0.00505051 -0.00688506 0.00304709
1.75 0.00629496 -0.00689708 0.00236026
1.76 0.00762727 -0.00690935 0.0014758
1.77 0.00901556 -0.00692102 0.000375375
1.78 0.0103003 -0.00693139 -0.000888637
1.79 0.0113191 -0.00694015 -0.00218754
1.8 0.0120681 -0.0069476 -0.00340887
1.81 0.0126488 -0.00695438 -0.00455424
1.82 0.0131438 -0.00696104 -0.0056948
1.83 0.0135889 -0.00696782 -0.00685674
1.84 0.0140069 -0.00697459 -0.00797481
1.85 0.0144029 -0.00698073 -0.00892366
1.86 0.0147155 -0.00698541 -0.00959821
1.87 0.0149173 -0.00698805 -0.00998989
1.88 0.0152089 -0.00698866 -0.0101832
1.89 0.0158739 -0.00698781 -0.0102822
1.9 0.0168511 -0.00698604 -0.0103482
1.91 0.0177036 -0.00698374 -0.0103893
1.92 0.0180154 -0.00698152 -0.0103827
1.93 0.0175828 -0.00698001 -0.0103178
1.94 0.0163264 -0.00697948 -0.010225
1.95 0.0142521 -0.00697973 -0.0101437
1.96 0.0115351 -0.00698017 -0.0100869
1.97 0.00853357 -0.00697979 -0.0100398
1.98 0.00559438 -0.00697737 -0.00996836
1.99 0.00287148 -0.00697167 -0.00984055
2 0.000337697 -0.00696177 -0.00962804
2.01 -0.00210606 -0.00694734 -0.00927648
2.02 -0.00453075 -0.00692883 -0.00869017
2.03 -0.00699252 -0.00690725 -0.00776585
2.04 -0.00956948 -0.00688401 -0.00647008
2.05 -0.0122273 -0.0068607 -0.00488153
2.06 -0.0147704 -0.00683882 -0.00313738
2.07 -0.0170837 -0.0068192 -0.00135082
2.08 -0.01926 -0.00680201 0.000417572
2.09 -0.0214285 -0.00678702 0.00212999
2.1 -0.0235704 -0.00677405 0.00372013
2.11 -0.0255515 -0.00676305 0.00509801
2.12 -0.0273196 -0.00675407 0.00621144
2.13 -0.0289693 -0.00674711 0.00706685
2.14 -0.0306108 -0.00674214 0.00771541
2.15 -0.0322345 -0.00673907 0.00824059
2.16 -0.0336593 -0.00673764 0.00871973
2.17 -0.034663 -0.00673736 0.00916798
2.18 -0.0352193 -0.00673745 0.00951241
2.19 -0.0354459 -0.00673705 0.00965536
2.2 -0.0353002 -0.00673565 0.00957646
2.21 -0.0345798 -0.00673318 0.00934302
2.22 -0.0331912 -0.00673009 0.00904289
2.23 -0.031241 -0.0067273 0.00872518
2.24 -0.0289037 -0.00672619 0.00837227
2.25 -0.0263077 -0.00672837 0.00791319
2.26 -0.0235787 -0.00673523 0.00726251
2.27 -0.0208136 -0.0067477 0.00635513
2.28 -0.0179528 -0.00676609 0.00517984
2.29 -0.0148578 -0.00678998 0.00377923
2.3 -0.0114855 -0.00681822 0.00220879
2.31 -0.00785781 -0.00684925 0.000525171
2.32 -0.0039771 -0.00688137 -0.00119188
2.33 0.000129127 -0.00691298 -0.00284967
2.34 0.00435707 -0.00694274 -0.00438668
2.35 0.00855527 -0.00696969 -0.00578588
2.36 0.0125877 -0.00699328 -0.00704802
2.37 0.0163263 -0.00701315 -0.00816945
2.38 0.0196804 -0.00702912 -0.00913696
2.39 0.0227408 -0.00704123 -0.00992569
2.4 0.0257108 -0.00704972 -0.0104793
2.41 0.0286924 -0.00705461 -0.01069
2.42 0.0316989 -0.00705607 -0.0104562
2.43 0.0346641 -0.00705476 -0.00980943
2.44 0.0373324 -0.00705163 -0.00894682
2.45 0.0393806 -0.0070478 -0.0080872
2.46 0.0406859 -0.00704451 -0.00731315
2.47 0.0413329 -0.0070428 -0.00657245
2.48 0.0414183 -0.00704312 -0.0057824
2.49 0.0409522 -0.0070451 -0.00490179
2.5 0.0398756 -0.00704767 -0.00392517
2.51 0.0381439 -0.00704933 -0.00286685
2.52 0.0357887 -0.00704835 -0.00177922
2.53 0.0328897 -0.00704321 -0.000732783
2.54 0.02957 -0.00703284 0.000235416
2.55 0.025999 -0.00701681 0.00112905
2.56 0.0223245 -0.00699539 0.00196769
2.57 0.0186177 -0.00696949 0.00275069
2.58 0.01487 -0.00694052 0.00344281
2.59 0.0110108 -0.0069101 0.00402086
2.6 0.00695709 -0.00687986 0.0045112
2.61 0.00269597 -0.00685136 0.0049419
2.62 -0.00168142 -0.00682601 0.00528592
2.63 -0.00602416 -0.00680488 0.0055058
2.64 -0.0102681 -0.00678843 0.00564785
2.65 -0.0145607 -0.00677638 0.00584595
2.66 -0.019101 -0.00676804 0.00620814
2.67 -0.0238906 -0.00676266 0.00669217
2.68 -0.0287188 -0.00675949 0.0071123
2.69 -0.0333332 -0.00675755 0.00729536
2.7 -0.037629 -0.00675552 0.0072156
2.71 -0.0416309 -0.00675189 0.00699984
2.72 -0.0452825 -0.00674525 0.0068367
2.73 -0.0483404 -0.00673499 0.00683021
2.74 -0.0505542 -0.00672143 0.00688469
2.75 -0.0519067 -0.00670549 0.00677457
2.76 -0.0525461 -0.00668862 0.00637103
2.77 -0.0526061 -0.00667261 0.005713
2.78 -0.0521851 -0.00665953 0.00483021
2.79 -0.0513117 -0.00665158 0.00364489
2.8 -0.0498873 -0.00665068 0.00212051
2.81 -0.0478596 -0.00665787 0.000390247
2.82 -0.0453718 -0.00667317 -0.00131978
2.83 -0.0426278 -0.00669584 -0.00284021
2.84 -0.0397424 -0.00672463 -0.00414225
2.85 -0.0366936 -0.00675797 -0.00528789
2.86 -0.0334055 -0.006794 -0.00635109
2.87 -0.0298508 -0.00683072 -0.00742665
2.88 -0.0259834 -0.00686629 -0.00859224
2.89 -0.0216947 -0.00689906 -0.00980909
2.9 -0.0169331 -0.0069277 -0.0109455
2.91 -0.0117584 -0.00695138 -0.0119219
2.92 -0.0062646 -0.00697004 -0.0127851
2.93 -0.000559938 -0.00698425 -0.0136148
2.94 0.00522575 -0.00699502 -0.014401
2.95 0.0109757 -0.00700362 -0.0150605
2.96 0.016581 -0.00701151 -0.015523
2.97 0.0218779 -0.00701991 -0.0157252
2.98 0.0266511 -0.0070296 -0.015562
2.99 0.0307666 -0.00704083 -0.0149243
3 0.0342935 -0.00705344 -0.0137781
3.01 0.0374449 -0.0070668 -0.0121814
3.02 0.0404038 -0.0070798 -0.0102247
3.03 0.043235 -0.00709101 -0.00795855
3.04 0.0458606 -0.00709882 -0.00539724
3.05 0.0480726 -0.00710174 -0.00261344
3.06 0.0496608 -0.00709909 0.000242262
3.07 0.0505887 -0.00709093 0.00308551
3.08 0.0510048 -0.00707771 0.00595766
3.09 0.0510155 -0.00706024 0.00890919
3.1 0.0505359 -0.00703938 0.0119136
3.11 0.0494732 -0.0070161 0.0148483
3.12 0.0479807 -0.00699154 0.0175488
3.13 0.0464014 -0.00696674 0.0199246
3.14 0.0449058 -0.00694246 0.021965
3.15 0.0432823 -0.00691914 0.0236793
3.16 0.0411311 -0.00689721 0.0250889
3.17 0.0380939 -0.0068772 0.0262155
3.18 0.0339939 -0.00685971 0.027072
3.19 0.0290035 -0.00684523 0.0276965
3.2 0.0235666 -0.00683386 0.0281671
3.21 0.0180198 -0.00682491 0.0285824
3.22 0.0123843 -0.00681683 0.0290269
3.23 0.00653571 -0.00680769 0.0295078
3.24 0.000424694 -0.00679581 0.0299296
3.25 -0.00590165 -0.00678013 0.0301319
3.26 -0.0123292 -0.00676044 0.0298959
3.27 -0.0186174 -0.00673763 0.0289746
3.28 -0.0244582 -0.00671335 0.0272178
3.29 -0.0296987 -0.00668945 0.0246794
3.3 -0.0344135 -0.00666766 0.0216139
3.31 -0.0387326 -0.00664943 0.0183805
3.32 -0.0426511 -0.00663603 0.015313
3.33 -0.0460946 -0.00662835 0.0126159
3.34 -0.0491602 -0.00662666 0.0103313
3.35 -0.0520688 -0.00663065 0.00837308
3.36 -0.0548453 -0.00663975 0.00656051
3.37 -0.0572385 -0.0066533 0.00466003
3.38 -0.058892 -0.00667041 0.00249084
3.39 -0.0595195 -0.00668988 2.59671e-005
3.4 -0.0590884 -0.00671031 -0.00261722
3.41 -0.0578986 -0.00673032 -0.0052708
3.42 -0.0563508 -0.00674895 -0.00779523
3.43 -0.0546188 -0.00676599 -0.0101181
3.44 -0.0526058 -0.00678185 -0.0122274
3.45 -0.050144 -0.00679722 -0.0141221
3.46 -0.0471703 -0.00681263 -0.0158031
3.47 -0.0437499 -0.00682837 -0.0172952
3.48 -0.039987 -0.00684446 -0.0186229
3.49 -0.0359472 -0.00686069 -0.0197755
3.5 -0.0317252 -0.00687669 -0.0207092
3.51 -0.0274939 -0.00689204 -0.0213701
3.52 -0.0232946 -0.00690661 -0.0217338
3.53 -0.0189135 -0.00692073 -0.0218384
3.54 -0.0141273 -0.00693488 -0.0217541
3.55 -0.00897719 -0.00694933 -0.0215314
3.56 -0.00379638 -0.00696407 -0.0211804
3.57 0.00102504 -0.00697892 -0.0206714
3.58 0.00531668 -0.0069937 -0.0199454
3.59 0.0091955 -0.00700823 -0.0189175
3.6 0.0129813 -0.00702224 -0.0175175
3.61 0.0170016 -0.00703534 -0.0157693
3.62 0.0213194 -0.00704689 -0.0138115
3.63 0.0256457 -0.00705609 -0.0118194
3.64 0.0295895 -0.00706215 -0.00988606
3.65 0.0329583 -0.00706468 -0.00796719
3.66 0.035776 -0.00706372 -0.00595227
3.67 0.038096 -0.00705959 -0.00372916
3.68 0.0399179 -0.00705265 -0.00120525
3.69 0.0412522 -0.00704339 0.00158072
3.7 0.0421294 -0.00703237 0.00437951
3.71 0.0425637 -0.00702012 0.00685365
3.72 0.0426141 -0.00700708 0.00873367
3.73 0.0424001 -0.00699369 0.00990683
3.74 0.0419836 -0.00698039 0.0104775
3.75 0.0413312 -0.00696771 0.0106679
3.76 0.0403807 -0.00695647 0.0106316
3.77 0.0390986 -0.00694766 0.010442
3.78 0.0374772 -0.00694206 0.0101697
3.79 0.0354887 -0.00693999 0.00986312
3.8 0.0331097 -0.00694118 0.00951976
3.81 0.0303639 -0.00694472 0.00915062
3.82 0.0272806 -0.00694899 0.00887151
3.83 0.0239027 -0.00695192 0.00887799
3.84 0.0203449 -0.00695173 0.00920776
3.85 0.0167132 -0.00694736 0.00955182
3.86 0.01302 -0.00693846 0.009514
3.87 0.00921439 -0.00692509 0.00898502
3.88 0.00523259 -0.00690779 0.00811047
3.89 0.00102513 -0.0068877 0.0070425
3.9 -0.00346955 -0.00686639 0.00582502
3.91 -0.00838854 -0.00684534 0.00447465
3.92 -0.0139217 -0.00682553 0.00311652
3.93 -0.0200894 -0.0068074 0.00196197
3.94 -0.0265749 -0.00679109 0.00116973
3.95 -0.0329089 -0.00677629 0.00082606
3.96 -0.0387275 -0.00676213 0.000987525
3.97 -0.0438023 -0.00674759 0.00162441
3.98 -0.0479598 -0.00673188 0.00260546
3.99 -0.0510709 -0.00671465 0.00379777
4 -0.0532147 -0.00669593 0.0051308
4.01 -0.0547712 -0.00667615 0.00659047
4.02 -0.0561233 -0.00665639 0.00813555
4.03 -0.0573884 -0.00663837 0.00959292
4.04 -0.058571 -0.00662387 0.0107218
4.05 -0.0596749 -0.00661422 0.0113556
4.06 -0.0605224 -0.00661021 0.0114486
4.07 -0.0607734 -0.00661199 0.011083
4.08 -0.0602622 -0.00661885 0.0104722
4.09 -0.0590879 -0.00662941 0.00992695
4.1 -0.0573817 -0.00664221 0.00975361
4.11 -0.0552155 -0.00665609 0.0101204
4.12 -0.0526079 -0.0066703 0.0109988
4.13 -0.0494417 -0.0066845 0.0122094
4.14 -0.0455902 -0.00669855 0.0135119
4.15 -0.0411397 -0.00671212 0.0146612
4.16 -0.0363107 -0.00672488 0.0154329
4.17 -0.0312835 -0.00673666 0.0156488
4.18 -0.0261129 -0.0067477 0.0152271
4.19 -0.0207088 -0.00675865 0.0142495
4.2 -0.0149607 -0.00677049 0.0129428
4.21 -0.00884195 -0.00678451 0.0115324
4.22 -0.00234705 -0.00680229 0.0101202
4.23 0.00445535 -0.00682519 0.00871932
4.24 0.0113459 -0.00685393 0.00734584
4.25 0.0181892 -0.00688849 0.00604944
4.26 0.0250364 -0.00692809 0.00488598
4.27 0.0318956 -0.0069711 0.00386706
4.28 0.0387 -0.00701526 0.00295416
4.29 0.0454014 -0.00705813 0.0021107
4.3 0.0518168 -0.00709731 0.00130404
4.31 0.0575844 -0.00713101 0.00044688
4.32 0.0624536 -0.00715808 -0.000593042
4.33 0.0664349 -0.0071783 -0.00189692
4.34 0.0696579 -0.00719225 -0.0034033
4.35 0.0722621 -0.00720078 -0.00490748
4.36 0.0743728 -0.00720496 -0.00620982
4.37 0.0760196 -0.0072059 -0.00727435
4.38 0.0770868 -0.00720454 -0.00818772
4.39 0.0773123 -0.00720135 -0.00898261
4.4 0.0763873 -0.00719645 -0.00956096
4.41 0.0742116 -0.00719003 -0.00978998
4.42 0.0709852 -0.00718227 -0.00962644
4.43 0.0670795 -0.00717321 -0.00912713
4.44 0.0629413 -0.00716268 -0.00836013
4.45 0.0589085 -0.00715004 -0.00733526
4.46 0.0549259 -0.00713422 -0.00605471
4.47 0.0506072 -0.00711417 -0.00461562
4.48 0.0456278 -0.00708942 -0.00316698
4.49 0.0398979 -0.00706012 -0.00174546
4.5 0.0334509 -0.00702693 -0.0002399
4.51 0.026446 -0.00699098 0.00146968
4.52 0.019225 -0.00695375 0.00340532
4.53 0.0120732 -0.00691651 0.00554987
4.54 0.00503205 -0.00687984 0.00795155
4.55 -0.00193497 -0.00684379 0.010673
4.56 -0.00886672 -0.00680821 0.0136444
4.57 -0.0158513 -0.00677288 0.016665
4.58 -0.0228751 -0.00673773 0.0195416
4.59 -0.0296559 -0.00670302 0.0221549
4.6 -0.0357487 -0.00666939 0.0244228
4.61 -0.0409013 -0.00663752 0.0262921
4.62 -0.0452805 -0.00660788 0.0277862
4.63 -0.0491868 -0.0065809 0.0289855
4.64 -0.0525853 -0.00655748 0.029919
4.65 -0.0551289 -0.00653887 0.0304837
4.66 -0.0566012 -0.0065263 0.0304669
4.67 -0.0571284 -0.0065206 0.0296894
4.68 -0.0569925 -0.00652222 0.0281618
4.69 -0.0563642 -0.00653129 0.0260732
4.7 -0.0551677 -0.00654791 0.0236453
4.71 -0.0531477 -0.00657197 0.0210415
4.72 -0.0501665 -0.00660292 0.0183388
4.73 -0.0463789 -0.00663964 0.0154811
4.74 -0.0420101 -0.00668079 0.0123217
4.75 -0.0371341 -0.00672488 0.00876702
4.76 -0.0316641 -0.00677048 0.00482756
4.77 -0.025371 -0.00681645 0.000578808
4.78 -0.0180912 -0.00686199 -0.0038739
4.79 -0.0100423 -0.00690649 -0.00842378
4.8 -0.00170381 -0.00694971 -0.0129631
4.81 0.00652587 -0.00699194 -0.0174027
4.82 0.0143785 -0.00703387 -0.0217352
4.83 0.0217433 -0.00707622 -0.0259595
4.84 0.0288537 -0.00711945 -0.0298979
4.85 0.0360976 -0.00716341 -0.0332697
4.86 0.0433593 -0.0072071 -0.0359824
4.87 0.0499294 -0.00724886 -0.0382192
4.88 0.0552881 -0.00728711 -0.0402545
4.89 0.0595741 -0.00732064 -0.0422047
4.9 0.0632359 -0.00734848 -0.0439388
4.91 0.0665374 -0.00736978 -0.0452795
4.92 0.0695017 -0.00738417 -0.0462676
4.93 0.0721299 -0.00739198 -0.0471475
4.94 0.0743528 -0.00739384 -0.0481202
4.95 0.0758393 -0.0073903 -0.049182
4.96 0.0762121 -0.00738193 -0.0501294
4.97 0.0754232 -0.00736969 -0.0506278
4.98 0.0736302 -0.0073548 -0.0503585
4.99 0.0708115 -0.00733819 -0.0492427
5 0.0668845 -0.00732058 -0.0475483
5.01 0.0620862 -0.00730263 -0.0456822
5.02 0.0568191 -0.00728429 -0.0438319
5.03 0.0512865 -0.00726458 -0.0418683
5.04 0.0455379 -0.00724216 -0.0395887
5.05 0.0395633 -0.007216 -0.0369637
5.06 0.0331337 -0.00718548 -0.0341558
5.07 0.0259483 -0.00715057 -0.031425
5.08 0.0180865 -0.00711206 -0.0290098
5.09 0.00997419 -0.00707129 -0.0270312
5.1 0.00196225 -0.00702951 -0.0254986
5.11 -0.00571033 -0.00698779 -0.0243433
5.12 -0.0126994 -0.00694719 -0.0234561
5.13 -0.0187854 -0.00690861 -0.0227635
5.14 -0.0242735 -0.00687255 -0.0222197
5.15 -0.0297404 -0.0068394 -0.0217209
5.16 -0.0354199 -0.00681003 -0.0211707
5.17 -0.041183 -0.00678571 -0.0206276
5.18 -0.0468683 -0.00676762 -0.0202768
5.19 -0.0522456 -0.00675645 -0.0203151
5.2 -0.0567834 -0.00675235 -0.0208524
5.21 -0.0598249 -0.00675455 -0.0217701
5.22 -0.0611131 -0.00676115 -0.0226282
5.23 -0.0608476 -0.00676967 -0.0228047
5.24 -0.0593498 -0.006778 -0.0218136
5.25 -0.0569821 -0.00678487 -0.0195005
5.26 -0.0540824 -0.00679001 -0.0159833
5.27 -0.0507718 -0.0067938 -0.0114858
5.28 -0.0470661 -0.00679673 -0.00624013
5.29 -0.0431096 -0.00679879 -0.000495534
5.3 -0.0389731 -0.00679955 0.00545478
5.31 -0.0344294 -0.0067983 0.0113241
5.32 -0.0292341 -0.00679397 0.0169548
5.33 -0.0233558 -0.00678532 0.0224004
5.34 -0.0168411 -0.00677164 0.0278804
5.35 -0.00961757 -0.00675334 0.0336805
5.36 -0.00152053 -0.00673202 0.0400681
5.37 0.00729782 -0.00671001 0.0471107
5.38 0.0161189 -0.00668986 0.054523
5.39 0.0241928 -0.00667389 0.0618865
5.4 0.0313847 -0.00666381 0.0689948
5.41 0.0380656 -0.00666032 0.0758127
5.42 0.0445959 -0.00666307 0.0821738
5.43 0.0509367 -0.00667065 0.0876511
5.44 0.0566652 -0.00668106 0.0917907
5.45 0.0614735 -0.00669245 0.0944792
5.46 0.0655107 -0.00670377 0.095954
5.47 0.0691375 -0.00671516 0.0964847
5.48 0.0725999 -0.00672753 0.0962017
5.49 0.0759687 -0.00674214 0.0951398
5.5 0.0790081 -0.00675994 0.0932622
5.51 0.0811395 -0.00678123 0.0904295
5.52 0.0819476 -0.00680594 0.0864311
5.53 0.0814962 -0.00683373 0.0810962
5.54 0.0799526 -0.00686356 0.0743773
5.55 0.0773567 -0.00689411 0.0662787
5.56 0.0737211 -0.00692437 0.0567372
5.57 0.0689973 -0.0069537 0.0457322
5.58 0.0630547 -0.00698162 0.0335429
5.59 0.0557927 -0.00700781 0.0207478
5.6 0.0471479 -0.00703217 0.00789967
5.61 0.037055 -0.00705478 -0.0047287
5.62 0.0256299 -0.00707568 -0.01708
5.63 0.0134284 -0.00709467 -0.0291188
5.64 0.00128609 -0.00711121 -0.0407848
5.65 -0.0102205 -0.0071244 -0.0520794
5.66 -0.0211081 -0.00713313 -0.0630605
5.67 -0.0318056 -0.00713653 -0.0737033
5.68 -0.0426164 -0.00713465 -0.0838066
5.69 -0.0533474 -0.00712879 -0.0930822
5.7 -0.0634616 -0.00712122 -0.101316
5.71 -0.0725236 -0.00711425 -0.1084
5.72 -0.0803876 -0.00710942 -0.114231
5.73 -0.0869348 -0.0071075 -0.118626
5.74 -0.0917552 -0.00710813 -0.121372
5.75 -0.0941789 -0.00711064 -0.122395
5.76 -0.0936755 -0.00711421 -0.121874
5.77 -0.0901838 -0.00711795 -0.12016
5.78 -0.0841139 -0.00712149 -0.11762
5.79 -0.0763073 -0.00712491 -0.114571
5.8 -0.06799 -0.00712902 -0.111244
5.81 -0.0603073 -0.00713495 -0.107739
5.82 -0.0534136 -0.00714439 -0.104039
5.83 -0.0461832 -0.00715904 -0.100065
5.84 -0.0372954 -0.00717915 -0.0956536
5.85 -0.0264694 -0.00720239 -0.090467
5.86 -0.0143992 -0.00722458 -0.0840399
5.87 -0.00190054 -0.0072416 -0.0760646
5.88 0.0104999 -0.00725086 -0.0666272
5.89 0.0226051 -0.00725175 -0.0561052
5.9 0.0345035 -0.0072454 -0.0448673
5.91 0.046259 -0.00723375 -0.0331221
5.92 0.0578161 -0.00721892 -0.020943
5.93 0.0692011 -0.0072025 -0.00827017
5.94 0.0804137 -0.007185 0.00512563
5.95 0.0911432 -0.00716555 0.0195084
5.96 0.100733 -0.00714254 0.0349004
5.97 0.10852 -0.00711438 0.0510028
5.98 0.114186 -0.00707997 0.067365
5.99 0.117587 -0.00703843 0.0835261
6 0.118208 -0.00698898 0.0990296
6.01 0.11503 -0.00693098 0.113435
6.02 0.107127 -0.00686344 0.126463
6.03 0.0941302 -0.00678506 0.138195
6.04 0.0762325 -0.00669407 0.148969
6.05 0.0542223 -0.00658882 0.15895
6.06 0.0293512 -0.00646873 0.167871
6.07 0.00305894 -0.00633362 0.175206
6.08 -0.0232243 -0.00618492 0.180432
6.09 -0.0484447 -0.00602655 0.183148
6.1 -0.0721484 -0.00586452 0.183126
6.11 -0.0940805 -0.00570771 0.180384
6.12 -0.113823 -0.0055669 0.175209
6.13 -0.13089 -0.00545343 0.168058
6.14 -0.144612 -0.00537786 0.159406
6.15 -0.153942 -0.00534864 0.149711
6.16 -0.157851 -0.00537051 0.139423
6.17 -0.155804 -0.00544383 0.12889
6.18 -0.147821 -0.00556473 0.118331
6.19 -0.13455 -0.00572575 0.107981
6.2 -0.117289 -0.00591672 0.0982357
6.21 -0.0973357 -0.00612664 0.0895485
6.22 -0.0751447 -0.00634534 0.0821057
6.23 -0.0503153 -0.00656416 0.0756249
6.24 -0.0224697 -0.00677517 0.0695124
6.25 0.00780625 -0.00697022 0.0632824
6.26 0.0386472 -0.00714097 0.0568275
6.27 0.0673642 -0.00728007 0.0503204
6.28 0.0916522 -0.00738302 0.0439822
6.29 0.110895 -0.00744959 0.0379964
6.3 0.126448 -0.00748382 0.032528
6.31 0.140122 -0.00749197 0.0276684
6.32 0.152249 -0.00748049 0.0232413
6.33 0.16137 -0.00745528 0.0186295
6.34 0.165199 -0.00742162 0.0128984
6.35 0.161879 -0.00738468 0.00521669
6.36 0.151073 -0.00735021 -0.00483063
6.37 0.134673 -0.00732412 -0.017272
6.38 0.116295 -0.0073115 -0.0319104
6.39 0.0989207 -0.00731503 -0.0484183
6.4 0.0829743 -0.00733351 -0.0663629
6.41 0.0674067 -0.00736371 -0.0851526
6.42 0.0516991 -0.00740255 -0.103915
6.43 0.0359813 -0.00744732 -0.121443
6.44 0.0205105 -0.00749574 -0.136393
6.45 0.00584626 -0.00754591 -0.147715
6.46 -0.00713406 -0.00759565 -0.154939
6.47 -0.0179973 -0.00764143 -0.158127
6.48 -0.0273332 -0.00767756 -0.157698
6.49 -0.0362371 -0.00769695 -0.154241
6.5 -0.0454092 -0.00769287 -0.148356
6.51 -0.0549492 -0.0076604 -0.140706
6.52 -0.0648867 -0.00759712 -0.132034
6.53 -0.0758487 -0.00750312 -0.122983
6.54 -0.0889588 -0.00738089 -0.114011
6.55 -0.104692 -0.0072364 -0.105464
6.56 -0.12214 -0.00707799 -0.0975545
6.57 -0.139497 -0.00691402 -0.0903165
6.58 -0.15481 -0.00675206 -0.0836056
6.59 -0.166642 -0.00659838 -0.0770924
6.6 -0.174602 -0.00645761 -0.070361
6.61 -0.17917 -0.00633341 -0.0631612
6.62 -0.181038 -0.00622974 -0.0555961
6.63 -0.180757 -0.00615165 -0.0481054
6.64 -0.178631 -0.00610483 -0.041236
6.65 -0.174715 -0.00609391 -0.0353102
6.66 -0.169087 -0.00612125 -0.0302872
6.67 -0.161931 -0.00618571 -0.0258544
6.68 -0.153164 -0.00628246 -0.0215983
6.69 -0.142153 -0.00640378 -0.0171289
6.7 -0.128001 -0.00653949 -0.011991
6.71 -0.110243 -0.00667782 -0.00552836
6.72 -0.0892744 -0.00680691 0.00293874
6.73 -0.065887 -0.00691728 0.0136504
6.74 -0.0404748 -0.00700384 0.0260648
6.75 -0.013091 -0.00706564 0.0389205
6.76 0.0162312 -0.00710507 0.0507457
6.77 0.0475849 -0.00712616 0.0604866
6.78 0.0810469 -0.00713388 0.0676692
6.79 0.116208 -0.00713384 0.0721354
6.8 0.151964 -0.00713235 0.0737978
6.81 0.186922 -0.00713748 0.072609
6.82 0.219945 -0.00715616 0.068642
6.83 0.250005 -0.00719498 0.0621163
6.84 0.275695 -0.00726019 0.0533827
6.85 0.29547 -0.00735531 0.0429164
6.86 0.308587 -0.00748176 0.0313204
6.87 0.315358 -0.00763605 0.0193111
6.88 0.316317 -0.00780887 0.00761335
6.89 0.311537 -0.00798625 -0.00316597
6.9 0.300837 -0.00815119 -0.0125799
6.91 0.284652 -0.00828662 -0.0204406
6.92 0.264308 -0.00837802 -0.0270363
6.93 0.240952 -0.00841545 -0.0331736
6.94 0.214476 -0.00839391 -0.0397864
6.95 0.18389 -0.00831344 -0.0473735
6.96 0.148651 -0.00817973 -0.0558558
6.97 0.109384 -0.00800349 -0.0649478
6.98 0.0674459 -0.00779852 -0.0745849
6.99 0.0241706 -0.00757916 -0.084984
7 -0.0191211 -0.00735863 -0.0963071
7.01 -0.0603835 -0.0071487 -0.108393
7.02 -0.0970358 -0.00695893 -0.120863
7.03 -0.127429 -0.00679683 -0.13323
7.04 -0.151959 -0.00666804 -0.144736
7.05 -0.172993 -0.00657464 -0.15419
7.06 -0.193263 -0.00651637 -0.160189
7.07 -0.213896 -0.00649236 -0.161579
7.08 -0.234325 -0.00649936 -0.157742
7.09 -0.25353 -0.00653058 -0.148596
7.1 -0.270912 -0.00657343 -0.134509
7.11 -0.286231 -0.00661223 -0.116337
7.12 -0.299171 -0.00663069 -0.0953712
7.13 -0.309462 -0.00661401 -0.0730478
7.14 -0.317232 -0.00655247 -0.0505935
7.15 -0.322891 -0.00644327 -0.02891
7.16 -0.326761 -0.00629236 -0.00863619
7.17 -0.328925 -0.00611242 0.00990131
7.18 -0.329169 -0.00592049 0.0267749
7.19 -0.326884 -0.00573489 0.0422973
7.2 -0.321213 -0.00557194 0.0567448
7.21 -0.311191 -0.00544376 0.070251
7.22 -0.29553 -0.0053577 0.0828596
7.23 -0.272788 -0.00531665 0.0945757
7.24 -0.242169 -0.00532019 0.105385
7.25 -0.204082 -0.00536611 0.115261
7.26 -0.159967 -0.00545228 0.124161
7.27 -0.1116 -0.00557797 0.131988
7.28 -0.0606326 -0.00574341 0.13851
7.29 -0.0086053 -0.00594835 0.143296
7.3 0.0432423 -0.00619054 0.145886
7.31 0.0945478 -0.00646453 0.146053
7.32 0.145582 -0.00676078 0.14388
7.33 0.195668 -0.00706582 0.139646
7.34 0.242189 -0.00736384 0.133679
7.35 0.281795 -0.0076387 0.126248
7.36 0.312568 -0.00787744 0.117533
7.37 0.334845 -0.00807324 0.107615
7.38 0.349933 -0.00822416 0.0965573
7.39 0.358345 -0.00832964 0.0845204
7.4 0.359838 -0.00838966 0.0717042
7.41 0.354695 -0.00840576 0.0581978
7.42 0.344315 -0.00838058 0.0440068
7.43 0.33043 -0.00831766 0.0291658
7.44 0.313497 -0.00822131 0.0137236
7.45 0.292364 -0.00809772 -0.00231589
7.46 0.265682 -0.00795662 -0.0189239
7.47 0.233432 -0.00781084 -0.0358883
7.48 0.197315 -0.00767484 -0.0527485
7.49 0.159892 -0.00756163 -0.0690353
7.5 0.123282 -0.00748 -0.0846918
7.51 0.0886632 -0.00743292 -0.100153
7.52 0.0569603 -0.00741814 -0.115922
7.53 0.0292468 -0.00742934 -0.132099
7.54 0.00632618 -0.00745765 -0.148359
7.55 -0.0118654 -0.00749476 -0.1643
7.56 -0.0268129 -0.00753444 -0.179696
7.57 -0.0409902 -0.00757337 -0.194428
7.58 -0.0558423 -0.00761196 -0.208229
7.59 -0.0703213 -0.0076532 -0.220555
7.6 -0.0820948 -0.00769933 -0.230787
7.61 -0.0899474 -0.00774952 -0.238485
7.62 -0.0948097 -0.00779839 -0.243367
7.63 -0.098741 -0.00783739 -0.245128
7.64 -0.103128 -0.00785832 -0.243287
7.65 -0.107943 -0.00785526 -0.237304
7.66 -0.11202 -0.00782591 -0.226852
7.67 -0.113838 -0.00777143 -0.211984
7.68 -0.112918 -0.00769447 -0.193102
7.69 -0.110345 -0.00759753 -0.170828
7.7 -0.107442 -0.00748286 -0.145835
7.71 -0.104246 -0.00735275 -0.118702
7.72 -0.0997425 -0.00720916 -0.089857
7.73 -0.0932544 -0.00705325 -0.0596362
7.74 -0.0849134 -0.00688624 -0.0283928
7.75 -0.0748793 -0.00671128 0.00347533
7.76 -0.0628293 -0.006534 0.0355665
7.77 -0.0484887 -0.00636297 0.0674434
7.78 -0.032487 -0.00620772 0.0984323
7.79 -0.0165949 -0.00607724 0.127535
7.8 -0.002888 -0.00597972 0.153706
7.81 0.00746871 -0.00592052 0.176151
7.82 0.0150559 -0.00590193 0.19435
7.83 0.0223014 -0.00592332 0.208008
7.84 0.0322384 -0.00598042 0.217069
7.85 0.0467848 -0.00606542 0.221758
7.86 0.0663012 -0.00616915 0.222621
7.87 0.0901806 -0.0062838 0.220357
7.88 0.117023 -0.0064044 0.215528
7.89 0.14454 -0.00652923 0.208533
7.9 0.169825 -0.00665881 0.199807
7.91 0.189973 -0.00679399 0.189896
7.92 0.203091 -0.00693511 0.179313
7.93 0.209054 -0.00707996 0.168317
7.94 0.20929 -0.00722257 0.156784
7.95 0.20559 -0.00735343 0.144273
7.96 0.198987 -0.00746035 0.130225
7.97 0.189687 -0.00753176 0.114166
7.98 0.177493 -0.00756011 0.0958567
7.99 0.162395 -0.00754438 0.0754614
8 0.14497 -0.00749075 0.0536318
8.01 0.125781 -0.00741092 0.0313597
8.02 0.104386 -0.00731859 0.00974699
8.03 0.0796039 -0.00722651 -0.0102078
8.04 0.051112 -0.00714478 -0.0278534
8.05 0.0203781 -0.00707979 -0.0430079
8.06 -0.010484 -0.007033 -0.0558658
8.07 -0.0404818 -0.0070004 -0.0668558
8.08 -0.0698519 -0.00697481 -0.0764782
8.09 -0.0986359 -0.00694991 -0.0850772
8.1 -0.125875 -0.00692181 -0.0927611
8.11 -0.150284 -0.006891 -0.0996167
8.12 -0.170933 -0.00686142 -0.105941
8.13 -0.187221 -0.00683827 -0.112166
8.14 -0.198781 -0.00682624 -0.118513
8.15 -0.205531 -0.00682721 -0.124654
8.16 -0.207642 -0.00684028 -0.129745
8.17 -0.205437 -0.00686242 -0.132907
8.18 -0.199254 -0.00688992 -0.133717
8.19 -0.189393 -0.00691966 -0.13228
8.2 -0.176423 -0.00694946 -0.128967
8.21 -0.161407 -0.00697801 -0.12414
8.22 -0.145725 -0.00700471 -0.118001
8.23 -0.130903 -0.00702892 -0.110491
8.24 -0.118378 -0.00704922 -0.101284
8.25 -0.109041 -0.00706302 -0.0898899
8.26 -0.102988 -0.00706644 -0.0758576
8.27 -0.0998772 -0.00705434 -0.05895
8.28 -0.099304 -0.00702082 -0.039169
8.29 -0.100675 -0.00696064 -0.0166895
8.3 -0.103306 -0.00687023 0.00819808
8.31 -0.106991 -0.0067484 0.0351312
8.32 -0.112136 -0.00659722 0.0637071
8.33 -0.119123 -0.00642126 0.0934396
8.34 -0.127891 -0.00622726 0.123648
8.35 -0.138185 -0.00602367 0.153416
8.36 -0.149866 -0.0058187 0.181713
8.37 -0.162989 -0.00561834 0.207643
8.38 -0.177558 -0.00542637 0.230721
8.39 -0.193084 -0.00524544 0.250981
8.4 -0.208648 -0.00507712 0.268795
8.41 -0.22359 -0.00492292 0.284609
8.42 -0.237827 -0.0047845 0.298819
8.43 -0.251548 -0.00466369 0.311675
8.44 -0.264983 -0.0045622 0.3233
8.45 -0.278402 -0.00448095 0.333781
8.46 -0.292025 -0.00442044 0.343149
8.47 -0.305752 -0.00437965 0.351266
8.48 -0.319123 -0.00435542 0.357798
8.49 -0.331806 -0.00434362 0.362172
8.5 -0.343901 -0.00433938 0.363614
8.51 -0.355407 -0.00433954 0.36141
8.52 -0.36543 -0.00434301 0.355176
8.53 -0.372309 -0.00435092 0.344906
8.54 -0.374574 -0.00436603 0.330962
8.55 -0.371688 -0.00439336 0.313976
8.56 -0.364228 -0.00443863 0.29466
8.57 -0.353495 -0.00450663 0.273707
8.58 -0.34063 -0.00460239 0.251724
8.59 -0.32608 -0.00472958 0.22915
8.6 -0.310137 -0.00488946 0.206277
8.61 -0.293737 -0.00507926 0.183341
8.62 -0.278277 -0.00529245 0.160553
8.63 -0.264801 -0.00551989 0.138135
8.64 -0.253804 -0.00575064 0.116383
8.65 -0.24555 -0.00597261 0.0956209
8.66 -0.240064 -0.00617421 0.0760548
8.67 -0.236848 -0.00634554 0.0577253
8.68 -0.234798 -0.00647953 0.040578
8.69 -0.232623 -0.00657236 0.0245632
8.7 -0.229542 -0.00662305 0.00962082
8.71 -0.225398 -0.00663456 -0.00446253
8.72 -0.219894 -0.00661455 -0.0180967
8.73 -0.211968 -0.00657495 -0.0317098
8.74 -0.200405 -0.00653038 -0.0454749
8.75 -0.184946 -0.00649564 -0.0591945
8.76 -0.166508 -0.0064841 -0.0724918
8.77 -0.14638 -0.00650742 -0.0851157
8.78 -0.124948 -0.0065743 -0.0971707
8.79 -0.101216 -0.00669417 -0.10918
8.8 -0.0735083 -0.00686925 -0.121879
8.81 -0.0402708 -0.0070954 -0.135872
8.82 -0.000646033 -0.00736642 -0.151433
8.83 0.0449381 -0.00767088 -0.168479
8.84 0.0943287 -0.00799706 -0.186666
8.85 0.143895 -0.00833173 -0.205543
8.86 0.189651 -0.00866164 -0.224719
8.87 0.228624 -0.00897648 -0.243908
8.88 0.259807 -0.00926933 -0.262872
8.89 0.28412 -0.00953363 -0.28128
8.9 0.303189 -0.00976102 -0.298574
8.91 0.318273 -0.00994246 -0.314036
8.92 0.330303 -0.0100691 -0.327002
8.93 0.340362 -0.0101334 -0.336993
8.94 0.349684 -0.0101318 -0.343665
8.95 0.359182 -0.01007 -0.346652
8.96 0.36923 -0.00996166 -0.345508
8.97 0.379817 -0.00982372 -0.339944
8.98 0.390483 -0.00967632 -0.330063
8.99 0.400139 -0.0095386 -0.316276
9 0.407343 -0.00942476 -0.29916
9.01 0.410823 -0.0093432 -0.279361
9.02 0.40991 -0.00929479 -0.257458
9.03 0.404741 -0.00927273 -0.233915
9.04 0.395862 -0.00926435 -0.209124
9.05 0.383605 -0.00925304 -0.183375
9.06 0.368013 -0.00922116 -0.156771
9.07 0.349044 -0.0091529 -0.129184
9.08 0.326678 -0.00903595 -0.100272
9.09 0.301068 -0.00886286 -0.0696035
9.1 0.27247 -0.00863113 -0.0368773
9.11 0.240829 -0.00834235 -0.00208816
9.12 0.205696 -0.00800145 0.0343763
9.13 0.166664 -0.00761624 0.0717745
9.14 0.123817 -0.00719709 0.109239
9.15 0.0781019 -0.00675712 0.145901
9.16 0.0312 -0.00631311 0.180814
9.17 -0.0156159 -0.00588447 0.212937
9.18 -0.0624163 -0.00548716 0.241276
9.19 -0.110256 -0.00513519 0.265169
9.2 -0.16006 -0.00483895 0.284638
9.21 -0.211747 -0.00460471 0.300361
9.22 -0.264253 -0.00443415 0.313107
9.23 -0.316153 -0.00432109 0.323285
9.24 -0.366229 -0.00425519 0.330868
9.25 -0.413734 -0.00421513 0.335522
9.26 -0.458186 -0.00418372 0.336832
9.27 -0.498693 -0.00414663 0.33448
9.28 -0.53335 -0.00409773 0.328271
9.29 -0.559678 -0.00403761 0.318169
9.3 -0.575953 -0.00396794 0.304462
9.31 -0.581913 -0.00389332 0.287828
9.32 -0.578129 -0.00382414 0.269057
9.33 -0.565222 -0.00378171 0.24867
9.34 -0.543978 -0.00378425 0.226822
9.35 -0.515587 -0.00384969 0.203439
9.36 -0.481261 -0.0039921 0.178364
9.37 -0.441906 -0.00422042 0.151373
9.38 -0.398276 -0.00453706 0.122138
9.39 -0.351142 -0.00493682 0.090282
9.4 -0.301008 -0.00540815 0.0554586
9.41 -0.247618 -0.00593518 0.0174108
9.42 -0.190176 -0.00649903 -0.0239546
9.43 -0.128292 -0.00707578 -0.0684708
9.44 -0.0624178 -0.00763539 -0.115636
9.45 0.00636777 -0.00816602 -0.164539
9.46 0.0768318 -0.00866146 -0.213887
9.47 0.14816 -0.00911136 -0.262298
9.48 0.220091 -0.00951356 -0.308657
9.49 0.292455 -0.00987114 -0.35222
9.5 0.364455 -0.0101917 -0.39253
9.51 0.434013 -0.0104549 -0.429308
9.52 0.498319 -0.0106593 -0.462322
9.53 0.555649 -0.0108284 -0.491338
9.54 0.606237 -0.0109768 -0.516119
9.55 0.651442 -0.0111189 -0.536411
9.56 0.692584 -0.0112506 -0.551967
9.57 0.730282 -0.0113727 -0.562722
9.58 0.764731 -0.0114879 -0.568982
9.59 0.796424 -0.0115867 -0.571346
9.6 0.825951 -0.0116616 -0.570413
9.61 0.852985 -0.0117115 -0.566617
9.62 0.875706 -0.0117376 -0.560231
9.63 0.89157 -0.0117425 -0.551446
9.64 0.898921 -0.0117224 -0.540448
9.65 0.897785 -0.0116683 -0.527394
9.66 0.889237 -0.0115821 -0.512346
9.67 0.874109 -0.0114647 -0.495271
9.68 0.852137 -0.0113149 -0.47605
9.69 0.822508 -0.0111341 -0.454466
9.7 0.78519 -0.010923 -0.430271
9.71 0.741078 -0.0106835 -0.403303
9.72 0.690878 -0.0104189 -0.3736
9.73 0.634713 -0.010134 -0.341431
9.74 0.572987 -0.00983465 -0.307254
9.75 0.506916 -0.00952656 -0.271684
9.76 0.437652 -0.00921469 -0.235467
9.77 0.365124 -0.0089031 -0.199349
9.78 0.288275 -0.00859484 -0.163892
9.79 0.206383 -0.00829147 -0.129342
9.8 0.119942 -0.00799215 -0.0955979
9.81 0.0306367 -0.00768534 -0.0623121
9.82 -0.0589512 -0.00732339 -0.0290492
9.83 -0.145962 -0.00687868 0.00463444
9.84 -0.228195 -0.00644393 0.0391294
9.85 -0.304379 -0.00602635 0.0746668
9.86 -0.373636 -0.00559314 0.111256
9.87 -0.435032 -0.00516445 0.148747
9.88 -0.487662 -0.00473516 0.186898
9.89 -0.531098 -0.00431947 0.225351
9.9 -0.5656 -0.00392518 0.263593
9.91 -0.591578 -0.00355405 0.301034
9.92 -0.608875 -0.0032088 0.337136
9.93 -0.616784 -0.00292729 0.371512
9.94 -0.614672 -0.00272908 0.403925
9.95 -0.602433 -0.00261541 0.434102
9.96 -0.580396 -0.0025896 0.461457
9.97 -0.549059 -0.00264396 0.48511
9.98 -0.50916 -0.00277233 0.504145
9.99 -0.462037 -0.00296517 0.517841
10 -0.410033 -0.00320902 0.525858
