0.1 -1.53301e-015 -0.00073781 -1.98482e-015
0.2 -1.71214e-015 -0.00147619 -2.14834e-015
0.3 -1.54474e-015 -0.00221514 -2.31541e-015
0.4 2.42357e-016 -0.00295465 -4.79733e-016
0.5 6.05873e-016 -0.00369474 4.41695e-016
0.6 2.69006e-016 -0.00443541 1.76622e-016
0.7 3.25494e-016 -0.00517664 2.44709e-016
0.8 6.55318e-016 -0.00591846 4.69256e-016
0.9 8.23965e-016 -0.00666085 8.4975e-016
1 5.22102e-015 -0.00740382 5.4703e-015
0.01 0.000121907 -0.00368279 0.000430889
0.02 0.000432288 -0.00593345 0.00176014
0.03 0.000679701 -0.00644715 0.00330454
0.04 0.000795334 -0.00780272 0.00413398
0.05 0.000936286 -0.00750143 0.00406035
0.06 0.000872875 -0.00769346 0.002978
0.07 0.000328616 -0.00763864 0.000984652
0.08 -0.000405179 -0.00766431 -0.0011371
0.09 -0.000855283 -0.00765438 -0.00249341
0.1 -0.000974886 -0.00765793 -0.00282246
0.11 -0.000975464 -0.00765625 -0.00238333
0.12 -0.000877746 -0.00765675 -0.00147193
0.13 -0.000551687 -0.00765523 -0.000352462
0.14 -1.39528e-005 -0.00765363 0.000587037
0.15 0.000555971 -0.00765223 0.00094397
0.16 0.00101386 -0.00765127 0.000565803
0.17 0.00132547 -0.00765045 -0.000385284
0.18 0.0015015 -0.00765049 -0.00157512
0.19 0.00155947 -0.00765246 -0.00265152
0.2 0.00153071 -0.00765673 -0.00334829
0.21 0.00145137 -0.00766277 -0.00356404
0.22 0.00135367 -0.00766978 -0.0033821
0.23 0.0012806 -0.00767695 -0.00300592
0.24 0.00128694 -0.00768357 -0.00266786
0.25 0.00140676 -0.00768875 -0.00256361
0.26 0.00163276 -0.00769194 -0.00280125
0.27 0.00193814 -0.00769309 -0.00335865
0.28 0.00230245 -0.00769242 -0.00408601
0.29 0.00270406 -0.00769062 -0.00477435
0.3 0.00310291 -0.0076885 -0.00525066
0.31 0.00344917 -0.00768672 -0.00544073
0.32 0.00370627 -0.00768566 -0.0053796
0.33 0.00386211 -0.00768546 -0.005186
0.34 0.00392887 -0.00768611 -0.00501927
0.35 0.00393688 -0.00768746 -0.00502626
0.36 0.0039251 -0.00768932 -0.00528833
0.37 0.00393328 -0.00769153 -0.00578716
0.38 0.00399559 -0.007694 -0.0064065
0.39 0.00413151 -0.00769678 -0.00697424
0.4 0.00433629 -0.00769994 -0.007329
0.41 0.0045809 -0.00770343 -0.0073791
0.42 0.00482099 -0.0077071 -0.00712975
0.43 0.0050107 -0.00771058 -0.00667417
0.44 0.00511636 -0.00771344 -0.00615909
0.45 0.00512184 -0.00771525 -0.00574006
0.46 0.00503045 -0.00771563 -0.00553622
0.47 0.00486616 -0.00771444 -0.00559195
0.48 0.00466609 -0.00771171 -0.0058601
0.49 0.00446999 -0.00770777 -0.00621897
0.5 0.00431544 -0.00770308 -0.00651663
0.51 0.00422981 -0.00769818 -0.00662092
0.52 0.00421869 -0.00769357 -0.00645626
0.53 0.00426834 -0.00768964 -0.00602155
0.54 0.00435768 -0.00768662 -0.00539082
0.55 0.00446227 -0.00768457 -0.0046919
0.56 0.00454894 -0.00768345 -0.00405863
0.57 0.00457482 -0.0076831 -0.00357926
0.58 0.00450354 -0.0076833 -0.00327586
0.59 0.00432793 -0.00768384 -0.00311461
0.6 0.00407324 -0.00768454 -0.00302626
0.61 0.0037755 -0.00768521 -0.00292812
0.62 0.00346431 -0.00768559 -0.00274578
0.63 0.00317524 -0.00768542 -0.00243452
0.64 0.00295155 -0.00768445 -0.00199386
0.65 0.00280863 -0.00768246 -0.00146455
0.66 0.00272506 -0.00767932 -0.0009144
0.67 0.00267414 -0.00767509 -0.000418794
0.68 0.00263706 -0.00767001 -3.05333e-005
0.69 0.00259373 -0.00766449 0.000241048
0.7 0.00252422 -0.007659 0.000420952
0.71 0.00241795 -0.00765404 0.000546047
0.72 0.00226962 -0.00765 0.000648807
0.73 0.00207474 -0.00764715 0.000753796
0.74 0.00183432 -0.00764554 0.000884519
0.75 0.00155851 -0.00764506 0.00105902
0.76 0.00126682 -0.00764547 0.00127047
0.77 0.000987279 -0.00764651 0.00148582
0.78 0.000754692 -0.00764788 0.00166854
0.79 0.0005955 -0.00764931 0.0018001
0.8 0.000511049 -0.00765055 0.0018847
0.81 0.000485914 -0.00765141 0.00193473
0.82 0.000503374 -0.0076518 0.00195424
0.83 0.000547639 -0.00765172 0.00194225
0.84 0.000604914 -0.00765124 0.00190346
0.85 0.000675146 -0.00765047 0.00184193
0.86 0.00077271 -0.00764958 0.00175632
0.87 0.000892859 -0.0076487 0.00165293
0.88 0.00100723 -0.00764793 0.001547
0.89 0.00111371 -0.00764741 0.00144545
0.9 0.00125327 -0.00764735 0.00134224
0.91 0.00146606 -0.00764792 0.00124022
0.92 0.00174151 -0.00764914 0.00117616
0.93 0.00203007 -0.00765089 0.0012071
0.94 0.00230182 -0.00765305 0.00135664
0.95 0.00256343 -0.00765552 0.0015761
0.96 0.00283092 -0.00765821 0.00177303
0.97 0.00309777 -0.00766095 0.00188452
0.98 0.00332515 -0.00766344 0.00190653
0.99 0.00348872 -0.00766545 0.00185681
1 0.00361074 -0.0076669 0.00173899
1.01 0.00371442 -0.00766779 0.00154228
1.02 0.00380247 -0.00766819 0.00126593
1.03 0.00389944 -0.00766824 0.000950127
1.04 0.00405483 -0.00766812 0.000671875
1.05 0.00428494 -0.007668 0.000491438
1.06 0.00455028 -0.00766802 0.000413164
1.07 0.00480391 -0.00766829 0.000398505
1.08 0.00504338 -0.007669 0.000392811
1.09 0.00528288 -0.00767027 0.000354264
1.1 0.00548645 -0.00767206 0.000279871
1.11 0.00559743 -0.0076742 0.000199261
1.12 0.00562754 -0.00767654 0.000142495
1.13 0.00565147 -0.00767898 0.000109737
1.14 0.00571645 -0.00768141 6.21739e-005
1.15 0.00584332 -0.00768366 -5.39665e-005
1.16 0.00607374 -0.00768567 -0.000264108
1.17 0.00642121 -0.00768737 -0.000531283
1.18 0.00684879 -0.00768869 -0.000769584
1.19 0.00730022 -0.00768966 -0.000913861
1.2 0.00771177 -0.00769043 -0.000968159
1.21 0.00802917 -0.00769119 -0.000981798
1.22 0.00821641 -0.00769209 -0.00100296
1.23 0.00825661 -0.0076932 -0.00105917
1.24 0.00816617 -0.00769447 -0.00115504
1.25 0.00800905 -0.00769579 -0.00127828
1.26 0.0078702 -0.00769702 -0.00141481
1.27 0.00780616 -0.00769801 -0.00155234
1.28 0.0078363 -0.00769861 -0.0016764
1.29 0.00793992 -0.00769877 -0.00177102
1.3 0.00806765 -0.00769852 -0.00181565
1.31 0.00819747 -0.00769801 -0.00179203
1.32 0.00833521 -0.00769751 -0.00170994
1.33 0.00846396 -0.00769721 -0.00161852
1.34 0.00858563 -0.00769726 -0.00157654
1.35 0.00876777 -0.00769778 -0.00159224
1.36 0.00905064 -0.00769867 -0.00159967
1.37 0.00937358 -0.00769968 -0.00152309
1.38 0.00962318 -0.00770053 -0.00135476
1.39 0.00971834 -0.00770114 -0.00116843
1.4 0.00964308 -0.00770161 -0.00106402
1.41 0.00939376 -0.00770193 -0.00105509
1.42 0.00897643 -0.00770193 -0.00102909
1.43 0.00846385 -0.00770139 -0.000866484
1.44 0.00793935 -0.0077001 -0.000556738
1.45 0.00740627 -0.00769776 -0.000194138
1.46 0.00680738 -0.00769411 0.00010838
1.47 0.00609537 -0.00768899 0.000330213
1.48 0.00523605 -0.00768238 0.00057059
1.49 0.00414741 -0.00767432 0.000943385
1.5 0.00274457 -0.00766501 0.00147571
1.51 0.0011119 -0.00765489 0.00211989
1.52 -0.000468306 -0.00764454 0.0028247
1.53 -0.00175348 -0.0076343 0.00358518
1.54 -0.00271393 -0.00762404 0.00442247
1.55 -0.00342516 -0.00761363 0.0053252
1.56 -0.00393956 -0.00760318 0.0062471
1.57 -0.00430107 -0.00759309 0.00713496
1.58 -0.00458591 -0.00758399 0.00791966
1.59 -0.00490006 -0.00757655 0.00851793
1.6 -0.00537114 -0.00757121 0.00888759
1.61 -0.0060929 -0.00756802 0.00910461
1.62 -0.0070104 -0.00756673 0.00933158
1.63 -0.00786406 -0.00756704 0.00962599
1.64 -0.0082794 -0.00756878 0.00984488
1.65 -0.00800112 -0.00757167 0.00981599
1.66 -0.00705836 -0.00757517 0.00953292
1.67 -0.00569369 -0.00757882 0.00914449
1.68 -0.00418224 -0.00758264 0.00879881
1.69 -0.00273435 -0.00758721 0.00851636
1.7 -0.00149607 -0.00759328 0.00823267
1.71 -0.000512262 -0.00760137 0.00792237
1.72 0.000319504 -0.0076116 0.00760315
1.73 0.00116402 -0.00762354 0.00725948
1.74 0.0021298 -0.00763629 0.00682538
1.75 0.00327189 -0.00764879 0.00621936
1.76 0.00461792 -0.00766025 0.00537597
1.77 0.00610203 -0.00767028 0.0042707
1.78 0.0075154 -0.00767887 0.00295564
1.79 0.00865119 -0.00768639 0.00156472
1.8 0.00948456 -0.00769357 0.000219999
1.81 0.010131 -0.00770124 -0.0010682
1.82 0.0107196 -0.00770981 -0.00236095
1.83 0.0113488 -0.00771915 -0.00368052
1.84 0.0120962 -0.00772871 -0.00496525
1.85 0.0129885 -0.00773779 -0.00609844
1.86 0.0139415 -0.00774584 -0.00698558
1.87 0.0148656 -0.00775278 -0.00762835
1.88 0.0158812 -0.00775933 -0.00811921
1.89 0.0172026 -0.00776649 -0.00856559
1.9 0.0187335 -0.00777473 -0.00902719
1.91 0.0200462 -0.0077836 -0.0095072
1.92 0.0207725 -0.00779238 -0.00997633
1.93 0.0207756 -0.00780032 -0.010417
1.94 0.020038 -0.00780663 -0.0108523
1.95 0.018603 -0.00781045 -0.0113154
1.96 0.0166474 -0.0078111 -0.0118147
1.97 0.0144972 -0.00780826 -0.0123319
1.98 0.012443 -0.00780174 -0.0128289
1.99 0.010575 -0.00779147 -0.0132674
2 0.00881093 -0.00777755 -0.0136123
2.01 0.00701662 -0.00776046 -0.0138012
2.02 0.00511062 -0.0077411 -0.0137298
2.03 0.00304735 -0.00772062 -0.0132864
2.04 0.000771604 -0.00770011 -0.0124315
2.05 -0.00165802 -0.00768066 -0.0112418
2.06 -0.00403062 -0.00766321 -0.00985627
2.07 -0.00623158 -0.00764806 -0.00839216
2.08 -0.00837266 -0.00763471 -0.00691475
2.09 -0.010616 -0.0076224 -0.00546507
2.1 -0.0129813 -0.00761059 -0.00410859
2.11 -0.0153649 -0.00759906 -0.00292885
2.12 -0.0177248 -0.00758758 -0.001967
2.13 -0.0201386 -0.00757581 -0.00120384
2.14 -0.0226756 -0.00756337 -0.000576244
2.15 -0.0252726 -0.00755005 8.41861e-006
2.16 -0.0276988 -0.00753589 0.000632309
2.17 -0.0297014 -0.00752106 0.00131006
2.18 -0.0312515 -0.00750572 0.00196387
2.19 -0.0324921 -0.00749011 0.00248958
2.2 -0.0334265 -0.00747501 0.00286128
2.21 -0.0339041 -0.00746173 0.00314284
2.22 -0.0338704 -0.00745156 0.00342077
2.23 -0.0334425 -0.00744547 0.00374411
2.24 -0.0327694 -0.00744415 0.00409402
2.25 -0.0319235 -0.00744794 0.00439383
2.26 -0.0309587 -0.00745673 0.00454565
2.27 -0.0299035 -0.00746996 0.00446586
2.28 -0.0286487 -0.00748683 0.00412189
2.29 -0.0270307 -0.00750639 0.00353625
2.3 -0.0250045 -0.00752747 0.0027496
2.31 -0.0226049 -0.00754898 0.00181218
2.32 -0.0198518 -0.00757007 0.000806575
2.33 -0.0167821 -0.00759019 -0.000165013
2.34 -0.0134923 -0.007609 -0.00103009
2.35 -0.010106 -0.00762638 -0.00176451
2.36 -0.0067169 -0.00764242 -0.0023694
2.37 -0.00340791 -0.00765728 -0.00285025
2.38 -0.000236163 -0.00767109 -0.00321068
2.39 0.00290174 -0.00768422 -0.00344629
2.4 0.00619903 -0.00769708 -0.0035194
2.41 0.00973013 -0.00770985 -0.00333466
2.42 0.0134722 -0.00772257 -0.00279503
2.43 0.0173252 -0.00773529 -0.00192988
2.44 0.0210115 -0.00774803 -0.000930898
2.45 0.024205 -0.00776071 -1.11919e-005
2.46 0.0268012 -0.00777332 0.000749233
2.47 0.0289197 -0.00778576 0.00140116
2.48 0.0306976 -0.00779759 0.00202388
2.49 0.0321756 -0.00780797 0.00265675
2.5 0.0333017 -0.00781577 0.00330756
2.51 0.0340068 -0.0078199 0.00396953
2.52 0.0342685 -0.00781974 0.00460242
2.53 0.0340929 -0.00781516 0.00515106
2.54 0.0335269 -0.00780657 0.00559389
2.55 0.0326779 -0.00779477 0.00594724
2.56 0.0316576 -0.00778082 0.00623905
2.57 0.0305277 -0.00776573 0.00647339
2.58 0.0292878 -0.00775045 0.00661732
2.59 0.0278773 -0.00773568 0.00664844
2.6 0.0262102 -0.00772199 0.00659326
2.61 0.0242489 -0.00770991 0.00648018
2.62 0.0220389 -0.00770003 0.00628269
2.63 0.0196748 -0.00769279 0.00596294
2.64 0.0171668 -0.00768809 0.00556507
2.65 0.0143286 -0.00768507 0.00521975
2.66 0.0109446 -0.00768238 0.00503256
2.67 0.00701768 -0.00767881 0.00496098
2.68 0.00277755 -0.00767341 0.00482198
2.69 -0.00150083 -0.0076653 0.00444893
2.7 -0.0056973 -0.00765349 0.00382695
2.71 -0.0098369 -0.00763711 0.00309762
2.72 -0.0138824 -0.00761598 0.0024663
2.73 -0.0176246 -0.00759092 0.00205286
2.74 -0.0208523 -0.00756354 0.00177363
2.75 -0.0235788 -0.00753574 0.00140856
2.76 -0.0259629 -0.00750934 0.000826555
2.77 -0.0281248 -0.00748614 5.75798e-005
2.78 -0.0301286 -0.00746783 -0.000880568
2.79 -0.031957 -0.00745592 -0.00207634
2.8 -0.033463 -0.00745158 -0.00357285
2.81 -0.0345507 -0.00745504 -0.00523865
2.82 -0.0353297 -0.00746556 -0.0068455
2.83 -0.0359822 -0.00748173 -0.00822077
2.84 -0.0366108 -0.00750194 -0.0093356
2.85 -0.0371836 -0.00752447 -0.0102592
2.86 -0.037606 -0.0075475 -0.0110809
2.87 -0.0378152 -0.00756913 -0.0119167
2.88 -0.037711 -0.00758769 -0.0128649
2.89 -0.0371187 -0.00760191 -0.0139011
2.9 -0.0359222 -0.00761097 -0.0148962
2.91 -0.0341291 -0.00761474 -0.0157603
2.92 -0.0317997 -0.00761403 -0.0165188
2.93 -0.0290257 -0.00761045 -0.0172266
2.94 -0.0259318 -0.00760607 -0.0178547
2.95 -0.0226314 -0.00760316 -0.0183122
2.96 -0.0192232 -0.00760383 -0.0185358
2.97 -0.0158471 -0.00760955 -0.0184806
2.98 -0.0126796 -0.00762079 -0.0180662
2.99 -0.00980806 -0.00763724 -0.0172061
3 -0.00711908 -0.00765798 -0.0158798
3.01 -0.00436976 -0.00768164 -0.0141456
3.02 -0.00136724 -0.00770637 -0.0120834
3.03 0.0019443 -0.00772999 -0.00972688
3.04 0.00546489 -0.00775032 -0.00707338
3.05 0.00895935 -0.00776549 -0.00418462
3.06 0.0121932 -0.00777436 -0.00120965
3.07 0.0151153 -0.00777658 0.00175916
3.08 0.0178732 -0.00777247 0.00474996
3.09 0.020585 -0.00776269 0.0078015
3.1 0.0231813 -0.007748 0.0108832
3.11 0.0255741 -0.00772957 0.0138788
3.12 0.0278974 -0.00770912 0.0166416
3.13 0.030445 -0.00768892 0.0191066
3.14 0.033314 -0.0076712 0.0212921
3.15 0.0362082 -0.00765755 0.0232332
3.16 0.0386468 -0.00764921 0.0249682
3.17 0.0402068 -0.00764693 0.026524
3.18 0.040669 -0.00765075 0.0279072
3.19 0.0401886 -0.00766032 0.0291387
3.2 0.0392126 -0.00767439 0.0302727
3.21 0.0380901 -0.00769058 0.0313824
3.22 0.0368444 -0.00770548 0.03253
3.23 0.035324 -0.00771563 0.0337068
3.24 0.0334147 -0.00771841 0.0348085
3.25 0.031069 -0.00771246 0.0356726
3.26 0.0282995 -0.00769781 0.0360824
3.27 0.0252654 -0.00767583 0.0357952
3.28 0.022231 -0.00764873 0.0346647
3.29 0.0193453 -0.00761889 0.0327464
3.3 0.0165555 -0.00758835 0.0302955
3.31 0.0137575 -0.0075591 0.0276698
3.32 0.0109646 -0.00753326 0.0252001
3.33 0.00822981 -0.00751288 0.0230837
3.34 0.00540428 -0.00749945 0.021351
3.35 0.00219986 -0.00749367 0.0198997
3.36 -0.001468 -0.0074957 0.0185296
3.37 -0.0053766 -0.00750507 0.0169882
3.38 -0.00915334 -0.00752048 0.0150814
3.39 -0.012453 -0.00753966 0.0127778
3.4 -0.0151591 -0.00755952 0.010201
3.41 -0.0174874 -0.00757675 0.00753248
3.42 -0.0197772 -0.00758872 0.00492581
3.43 -0.0221723 -0.00759426 0.00245973
3.44 -0.0245707 -0.00759371 0.000137983
3.45 -0.0268062 -0.00758824 -0.00206379
3.46 -0.0288021 -0.00757924 -0.00418375
3.47 -0.0305842 -0.00756794 -0.00628461
3.48 -0.032192 -0.00755542 -0.00841559
3.49 -0.0336158 -0.00754271 -0.0105664
3.5 -0.0348819 -0.00753076 -0.0126647
3.51 -0.0361141 -0.0075205 -0.0146031
3.52 -0.0373271 -0.00751312 -0.0162923
3.53 -0.0382941 -0.00751017 -0.0177117
3.54 -0.0387788 -0.00751288 -0.018896
3.55 -0.0387944 -0.00752154 -0.0198926
3.56 -0.0386227 -0.00753528 -0.0207396
3.57 -0.0385793 -0.00755243 -0.0214547
3.58 -0.0387473 -0.00757111 -0.0220272
3.59 -0.0389239 -0.00758959 -0.0224038
3.6 -0.0387181 -0.00760641 -0.022515
3.61 -0.0377529 -0.00762052 -0.0223536
3.62 -0.0359391 -0.00763103 -0.0220022
3.63 -0.0335604 -0.00763733 -0.0215718
3.64 -0.0310186 -0.00763931 -0.0211006
3.65 -0.0285258 -0.00763772 -0.0205121
3.66 -0.0260755 -0.00763396 -0.0196918
3.67 -0.0236203 -0.00762953 -0.0185475
3.68 -0.0211504 -0.00762559 -0.0170187
3.69 -0.0186348 -0.007623 -0.0151732
3.7 -0.0160249 -0.00762233 -0.0132733
3.71 -0.0133041 -0.00762402 -0.0116455
3.72 -0.0104335 -0.0076284 -0.0105253
3.73 -0.00733387 -0.00763578 -0.00997451
3.74 -0.00399429 -0.00764643 -0.00983412
3.75 -0.000498475 -0.00766039 -0.00983638
3.76 0.00305 -0.00767763 -0.00980371
3.77 0.006591 -0.00769804 -0.00966604
3.78 0.010104 -0.00772106 -0.00938354
3.79 0.0135563 -0.00774575 -0.00895823
3.8 0.0169145 -0.00777086 -0.00845063
3.81 0.0201733 -0.00779498 -0.00790056
3.82 0.023304 -0.00781664 -0.00722424
3.83 0.0262622 -0.00783451 -0.00623313
3.84 0.029057 -0.00784782 -0.00487313
3.85 0.0316875 -0.0078565 -0.00342217
3.86 0.0340749 -0.00786084 -0.00224396
3.87 0.0361032 -0.00786116 -0.00142702
3.88 0.0376731 -0.0078578 -0.00082471
3.89 0.0387238 -0.00785129 -0.000304572
3.9 0.0391963 -0.00784235 0.000142408
3.91 0.0389558 -0.00783156 0.000491948
3.92 0.0378013 -0.00781919 0.000832738
3.93 0.0356801 -0.00780542 0.00135295
3.94 0.0328563 -0.00779064 0.00220534
3.95 0.0297342 -0.00777513 0.00348496
3.96 0.0266126 -0.00775866 0.00526421
3.97 0.023664 -0.00774074 0.0075267
3.98 0.0210183 -0.00772087 0.0101438
3.99 0.0187719 -0.00769888 0.0129699
4 0.0168222 -0.00767473 0.0159065
4.01 0.0147742 -0.0076484 0.0189016
4.02 0.0122411 -0.00762027 0.0218746
4.03 0.00911544 -0.00759137 0.02462
4.04 0.00541853 -0.00756279 0.0268775
4.05 0.00118815 -0.00753515 0.028476
4.06 -0.00334422 -0.00750876 0.0293791
4.07 -0.00777857 -0.00748376 0.0296891
4.08 -0.0118934 -0.0074598 0.029644
4.09 -0.0157448 -0.00743636 0.029577
4.1 -0.0194373 -0.00741318 0.0298101
4.11 -0.0230272 -0.00739055 0.0305168
4.12 -0.0265153 -0.00736932 0.0316626
4.13 -0.0297514 -0.00735044 0.0330526
4.14 -0.0325519 -0.00733474 0.0344261
4.15 -0.0349252 -0.00732226 0.0355194
4.16 -0.037006 -0.00731254 0.0360977
4.17 -0.0388957 -0.00730503 0.0359845
4.18 -0.0405899 -0.00729952 0.0351115
4.19 -0.0419599 -0.0072962 0.0335818
4.2 -0.0428689 -0.0072956 0.0316437
4.21 -0.0432606 -0.00729834 0.0295364
4.22 -0.0430814 -0.00730519 0.0273611
4.23 -0.0423253 -0.00731679 0.025114
4.24 -0.0411133 -0.00733318 0.0227836
4.25 -0.0394718 -0.00735404 0.0203907
4.26 -0.0372489 -0.00737897 0.0179731
4.27 -0.0343625 -0.00740731 0.015545
4.28 -0.0308432 -0.00743827 0.0130958
4.29 -0.0267405 -0.00747118 0.0106375
4.3 -0.0222658 -0.00750538 0.00819576
4.31 -0.017817 -0.00754017 0.00573559
4.32 -0.0136686 -0.00757521 0.00315731
4.33 -0.00980666 -0.0076105 0.000384212
4.34 -0.00606672 -0.00764592 -0.0025455
4.35 -0.00225088 -0.00768099 -0.00546865
4.36 0.0018283 -0.00771498 -0.00822959
4.37 0.00624316 -0.00774725 -0.0108226
4.38 0.0108818 -0.00777727 -0.0133396
4.39 0.0154396 -0.00780476 -0.0157903
4.4 0.0195262 -0.00782962 -0.0180309
4.41 0.0229414 -0.00785215 -0.019872
4.42 0.0257901 -0.00787319 -0.0212188
4.43 0.0283722 -0.00789349 -0.0220955
4.44 0.0310921 -0.00791327 -0.0225638
4.45 0.0342639 -0.00793203 -0.0226523
4.46 0.0378064 -0.00794852 -0.0223972
4.47 0.0412838 -0.00796136 -0.0219309
4.48 0.044286 -0.00796994 -0.0214241
4.49 0.0466077 -0.0079745 -0.0209123
4.5 0.0481574 -0.00797581 -0.0202573
4.51 0.0489891 -0.00797487 -0.0192924
4.52 0.0493788 -0.00797263 -0.0179412
4.53 0.0495898 -0.00796919 -0.0161738
4.54 0.0496679 -0.0079636 -0.0139141
4.55 0.0495783 -0.00795451 -0.0110976
4.56 0.0492531 -0.00794078 -0.0078159
4.57 0.0485296 -0.00792191 -0.00430726
4.58 0.047306 -0.0078983 -0.000804817
4.59 0.0457293 -0.00787131 0.00254198
4.6 0.0441209 -0.00784284 0.00563995
4.61 0.042647 -0.00781453 0.00844653
4.62 0.0411061 -0.007787 0.0110124
4.63 0.0392078 -0.00776024 0.0134521
4.64 0.0370215 -0.00773448 0.015822
4.65 0.034929 -0.00771051 0.0180293
4.66 0.0331638 -0.00768917 0.0198484
4.67 0.0315948 -0.00767095 0.0210659
4.68 0.029922 -0.00765607 0.0216453
4.69 0.0279561 -0.00764488 0.0217282
4.7 0.0257711 -0.00763786 0.0215009
4.71 0.0236484 -0.00763524 0.0211091
4.72 0.021784 -0.0076366 0.0206295
4.73 0.0201083 -0.00764071 0.0200146
4.74 0.0184892 -0.00764609 0.0191246
4.75 0.016933 -0.00765165 0.0178598
4.76 0.0155795 -0.00765691 0.0162058
4.77 0.0146843 -0.00766207 0.0141954
4.78 0.0144272 -0.00766765 0.0118815
4.79 0.0146169 -0.00767403 0.00931914
4.8 0.0148251 -0.00768137 0.00657589
4.81 0.0147345 -0.00768988 0.0037182
4.82 0.0141839 -0.0076998 0.000748641
4.83 0.0131877 -0.00771119 -0.00232393
4.84 0.0121117 -0.0077241 -0.00531006
4.85 0.0114691 -0.00773835 -0.00792293
4.86 0.011246 -0.0077528 -0.0100748
4.87 0.0107988 -0.00776568 -0.0119652
4.88 0.00963788 -0.00777579 -0.0138932
4.89 0.0079084 -0.00778305 -0.0160002
4.9 0.00606463 -0.00778785 -0.0181734
4.91 0.00439531 -0.00779039 -0.0202391
4.92 0.00297479 -0.00779074 -0.0222253
4.93 0.00187431 -0.0077892 -0.0243515
4.94 0.00109403 -0.0077863 -0.0267887
4.95 0.000352239 -0.00778232 -0.0295064
4.96 -0.000710864 -0.00777768 -0.032283
4.97 -0.00215797 -0.0077734 -0.034777
4.98 -0.00386645 -0.00777068 -0.0366727
4.99 -0.00589763 -0.00777019 -0.0378995
5 -0.00836237 -0.00777196 -0.0387321
5.01 -0.0110337 -0.00777575 -0.0395765
5.02 -0.0135041 -0.00778081 -0.0406075
5.03 -0.0155639 -0.00778544 -0.0416682
5.04 -0.0171741 -0.00778785 -0.0425139
5.05 -0.0183844 -0.00778692 -0.043063
5.06 -0.0194968 -0.00778213 -0.0434238
5.07 -0.0209069 -0.00777376 -0.0438095
5.08 -0.0226346 -0.00776315 -0.0444251
5.09 -0.0243376 -0.00775218 -0.0453735
5.1 -0.025721 -0.00774234 -0.0466581
5.11 -0.0265771 -0.00773452 -0.0482092
5.12 -0.0265836 -0.00772946 -0.0499133
5.13 -0.0255559 -0.0077278 -0.0516821
5.14 -0.0238661 -0.00772966 -0.0534429
5.15 -0.0221942 -0.00773505 -0.0550567
5.16 -0.0209011 -0.00774472 -0.0563915
5.17 -0.0199816 -0.00775984 -0.0574785
5.18 -0.0193681 -0.00778097 -0.0584913
5.19 -0.0188748 -0.00780766 -0.0596332
5.2 -0.0179683 -0.00783867 -0.0610353
5.21 -0.0159652 -0.00787195 -0.0626057
5.22 -0.0125896 -0.00790441 -0.0639257
5.23 -0.00805977 -0.00793287 -0.0643824
5.24 -0.00276388 -0.00795519 -0.0634832
5.25 0.00283263 -0.0079708 -0.0610572
5.26 0.0082861 -0.00798039 -0.0572041
5.27 0.013407 -0.00798536 -0.0521371
5.28 0.0181786 -0.0079868 -0.0460899
5.29 0.022528 -0.00798457 -0.0393232
5.3 0.0265035 -0.00797774 -0.0321426
5.31 0.0304553 -0.00796523 -0.0248386
5.32 0.0347088 -0.00794618 -0.017556
5.33 0.0393055 -0.00792012 -0.0102118
5.34 0.0441407 -0.00788783 -0.00254629
5.35 0.0491906 -0.00785146 0.00576341
5.36 0.0545335 -0.00781388 0.0150028
5.37 0.0599862 -0.00777779 0.0252276
5.38 0.0648819 -0.00774492 0.0361088
5.39 0.0686007 -0.0077158 0.0471611
5.4 0.0711843 -0.00768989 0.0581052
5.41 0.0731763 -0.00766633 0.0688467
5.42 0.0750598 -0.00764369 0.0791901
5.43 0.0768413 -0.00761985 0.0887145
5.44 0.0780669 -0.0075932 0.0969989
5.45 0.0783483 -0.00756306 0.103971
5.46 0.0777499 -0.0075298 0.109896
5.47 0.0765919 -0.00749489 0.115041
5.48 0.0751593 -0.00745999 0.119491
5.49 0.0736467 -0.00742637 0.123199
5.5 0.0719981 -0.00739468 0.126029
5.51 0.0698166 -0.00736496 0.127747
5.52 0.066814 -0.0073377 0.128075
5.53 0.0630926 -0.00731426 0.12682
5.54 0.0587723 -0.00729634 0.123953
5.55 0.053792 -0.00728546 0.119529
5.56 0.048057 -0.00728279 0.113537
5.57 0.041445 -0.00728875 0.105984
5.58 0.0338096 -0.00730271 0.0971291
5.59 0.0250933 -0.00732291 0.0874774
5.6 0.0153176 -0.00734673 0.0774603
5.61 0.00451108 -0.00737112 0.0672048
5.62 -0.00714426 -0.00739352 0.0566258
5.63 -0.0190829 -0.00741228 0.0456496
5.64 -0.0305237 -0.0074264 0.0342807
5.65 -0.0409941 -0.00743496 0.0225218
5.66 -0.0506357 -0.00743724 0.0103688
5.67 -0.0599935 -0.00743385 -0.0020727
5.68 -0.0694564 -0.00742597 -0.0145212
5.69 -0.0788755 -0.00741584 -0.0266352
5.7 -0.0877145 -0.00740709 -0.0381884
5.71 -0.0955022 -0.00740245 -0.0491023
5.72 -0.10204 -0.00740369 -0.0593338
5.73 -0.107168 -0.00741163 -0.0687616
5.74 -0.110475 -0.00742686 -0.0772084
5.75 -0.111345 -0.00745026 -0.0845911
5.76 -0.109342 -0.00748284 -0.09102
5.77 -0.10451 -0.00752537 -0.0967286
5.78 -0.097343 -0.00757759 -0.101938
5.79 -0.0887154 -0.00763863 -0.106819
5.8 -0.0798311 -0.00770743 -0.111483
5.81 -0.0717592 -0.00778217 -0.115954
5.82 -0.0645371 -0.00786107 -0.12019
5.83 -0.0569046 -0.00794344 -0.124125
5.84 -0.047421 -0.00802765 -0.127626
5.85 -0.0357379 -0.00810988 -0.130377
5.86 -0.0225628 -0.00818531 -0.131908
5.87 -0.00880697 -0.00825042 -0.13186
5.88 0.00485399 -0.00830416 -0.130227
5.89 0.0180782 -0.00834797 -0.127265
5.9 0.0308747 -0.00838446 -0.123213
5.91 0.0433349 -0.00841605 -0.118158
5.92 0.0555375 -0.00844416 -0.112078
5.93 0.0677069 -0.00846876 -0.104847
5.94 0.0800348 -0.00848838 -0.0961952
5.95 0.0923266 -0.00850074 -0.0858373
5.96 0.103927 -0.00850331 -0.0737363
5.97 0.114063 -0.00849477 -0.0601736
5.98 0.122247 -0.00847526 -0.0455737
5.99 0.128175 -0.00844577 -0.03036
6 0.131248 -0.00840627 -0.0149407
6.01 0.130483 -0.00835453 0.000300525
6.02 0.125091 -0.00828756 0.0151446
6.03 0.114886 -0.00820147 0.0297276
6.04 0.100211 -0.00809257 0.0444302
6.05 0.0818985 -0.0079584 0.0594327
6.06 0.0611055 -0.00779847 0.0744522
6.07 0.0390483 -0.00761489 0.0889036
6.08 0.0168522 -0.00741173 0.10217
6.09 -0.00474724 -0.00719547 0.113733
6.1 -0.0255611 -0.0069745 0.12324
6.11 -0.0454981 -0.00675811 0.130605
6.12 -0.0641856 -0.00655672 0.136045
6.13 -0.0810794 -0.006381 0.139975
6.14 -0.0953959 -0.00624055 0.14285
6.15 -0.105972 -0.00614255 0.145102
6.16 -0.111707 -0.00609129 0.147128
6.17 -0.112074 -0.00608766 0.149175
6.18 -0.10716 -0.00612937 0.151314
6.19 -0.0977167 -0.00621152 0.153594
6.2 -0.085129 -0.00632635 0.15622
6.21 -0.070704 -0.00646478 0.159475
6.22 -0.0547963 -0.00661824 0.163426
6.23 -0.0367798 -0.00677867 0.16773
6.24 -0.0159567 -0.00693797 0.171786
6.25 0.00743655 -0.00708745 0.175128
6.26 0.0318315 -0.00721741 0.177663
6.27 0.0547134 -0.00731933 0.179553
6.28 0.0738035 -0.00738923 0.180967
6.29 0.0883976 -0.00742876 0.181991
6.3 0.0997318 -0.00744464 0.182664
6.31 0.109555 -0.00744507 0.182944
6.32 0.118248 -0.00743586 0.18254
6.33 0.124503 -0.00741986 0.180766
6.34 0.126218 -0.00739827 0.176668
6.35 0.121667 -0.00737301 0.169449
6.36 0.11054 -0.00734823 0.158762
6.37 0.0946465 -0.00733009 0.14466
6.38 0.0774576 -0.00732609 0.127406
6.39 0.0617985 -0.00734113 0.107356
6.4 0.0479652 -0.00737421 0.0849234
6.41 0.0348138 -0.00742095 0.0606409
6.42 0.0217506 -0.00747752 0.0352958
6.43 0.0088389 -0.00754217 0.0100131
6.44 -0.00371832 -0.00761253 -0.0139179
6.45 -0.015388 -0.00768721 -0.0354516
6.46 -0.025283 -0.00776744 -0.0540638
6.47 -0.0329331 -0.0078508 -0.0697123
6.48 -0.0388926 -0.00793162 -0.0826808
6.49 -0.0442557 -0.00800319 -0.0934027
6.5 -0.0497792 -0.00805836 -0.102329
6.51 -0.0556764 -0.00809311 -0.109989
6.52 -0.0621222 -0.00810561 -0.11701
6.53 -0.069878 -0.00809379 -0.123933
6.54 -0.0801468 -0.00805791 -0.131116
6.55 -0.0933989 -0.00800137 -0.138793
6.56 -0.10864 -0.00792822 -0.147046
6.57 -0.123926 -0.00784435 -0.155758
6.58 -0.137177 -0.00775626 -0.164616
6.59 -0.146909 -0.00766955 -0.173118
6.6 -0.152808 -0.00758959 -0.180685
6.61 -0.155577 -0.00752259 -0.18693
6.62 -0.156235 -0.00747623 -0.191856
6.63 -0.155677 -0.00745787 -0.195844
6.64 -0.154459 -0.00747358 -0.199422
6.65 -0.15271 -0.00752559 -0.202925
6.66 -0.150372 -0.00761137 -0.20633
6.67 -0.147325 -0.00772447 -0.20934
6.68 -0.143123 -0.00785493 -0.211534
6.69 -0.13682 -0.00799101 -0.212487
6.7 -0.127345 -0.00812152 -0.211687
6.71 -0.114217 -0.00823661 -0.208406
6.72 -0.0979402 -0.00832827 -0.201892
6.73 -0.079442 -0.00839171 -0.19184
6.74 -0.0591831 -0.00842654 -0.178739
6.75 -0.0371377 -0.00843651 -0.163805
6.76 -0.0130956 -0.00842697 -0.148469
6.77 0.0133945 -0.00840406 -0.13374
6.78 0.0427756 -0.00837594 -0.120037
6.79 0.0748894 -0.00835226 -0.107465
6.8 0.108681 -0.00834218 -0.09607
6.81 0.142594 -0.00835488 -0.0859006
6.82 0.17519 -0.00839877 -0.0769519
6.83 0.205139 -0.00848012 -0.0691561
6.84 0.230863 -0.00860095 -0.0623936
6.85 0.250872 -0.00875642 -0.0564789
6.86 0.2647 -0.00893631 -0.0511196
6.87 0.273081 -0.00912532 -0.0458859
6.88 0.276985 -0.00930392 -0.0402773
6.89 0.276775 -0.0094503 -0.0338338
6.9 0.272322 -0.00954358 -0.0261859
6.91 0.263837 -0.00956903 -0.0171808
6.92 0.252219 -0.00952015 -0.00713658
6.93 0.238112 -0.00939764 0.00308054
6.94 0.220987 -0.00920724 0.0124288
6.95 0.199622 -0.00895794 0.02026
6.96 0.173459 -0.00866268 0.0264933
6.97 0.143267 -0.00833809 0.0312831
6.98 0.110592 -0.00800254 0.0346231
6.99 0.0768818 -0.00767331 0.0362969
7 0.0434054 -0.00736783 0.0362018
7.01 0.0119568 -0.00710357 0.0345814
7.02 -0.0153093 -0.00689465 0.0318729
7.03 -0.0372577 -0.00675132 0.0285534
7.04 -0.0547678 -0.00667715 0.0252813
7.05 -0.0705433 -0.00666768 0.0230554
7.06 -0.0874404 -0.00671221 0.0230219
7.07 -0.106496 -0.00679601 0.0260532
7.08 -0.126897 -0.00690077 0.0325054
7.09 -0.147315 -0.0070065 0.0422635
7.1 -0.166876 -0.0070903 0.0548439
7.11 -0.18519 -0.00712954 0.0693742
7.12 -0.201975 -0.00710635 0.0846306
7.13 -0.217177 -0.00700806 0.0993243
7.14 -0.231242 -0.0068312 0.112434
7.15 -0.24487 -0.00658325 0.123307
7.16 -0.2585 -0.00628045 0.131579
7.17 -0.272072 -0.00594623 0.13721
7.18 -0.284984 -0.00560946 0.140559
7.19 -0.296099 -0.00529801 0.142203
7.2 -0.304042 -0.00503475 0.14265
7.21 -0.307495 -0.00484168 0.142222
7.22 -0.305073 -0.00473708 0.141104
7.23 -0.295508 -0.00473119 0.139394
7.24 -0.278382 -0.00482902 0.137134
7.25 -0.254525 -0.00502869 0.134322
7.26 -0.225663 -0.00532094 0.130919
7.27 -0.193563 -0.00568869 0.12682
7.28 -0.159511 -0.00610943 0.121767
7.29 -0.124391 -0.00655834 0.115295
7.3 -0.0886385 -0.00700706 0.106888
7.31 -0.0518483 -0.00743079 0.0962635
7.32 -0.0131855 -0.00781328 0.0834533
7.33 0.0269379 -0.00813936 0.0687155
7.34 0.0658683 -0.00839628 0.0524033
7.35 0.100009 -0.00857838 0.0348854
7.36 0.12714 -0.00868972 0.0165143
7.37 0.147412 -0.00874468 -0.00239729
7.38 0.16219 -0.00876056 -0.02152
7.39 0.172301 -0.00875219 -0.0404251
7.4 0.177963 -0.00873168 -0.0586857
7.41 0.179859 -0.008709 -0.0760558
7.42 0.179531 -0.00869297 -0.0924602
7.43 0.178495 -0.0086915 -0.107884
7.44 0.176654 -0.00870974 -0.122379
7.45 0.172118 -0.00874968 -0.136106
7.46 0.162816 -0.00881067 -0.149241
7.47 0.148219 -0.00889106 -0.161789
7.48 0.129851 -0.0089858 -0.173507
7.49 0.110435 -0.00908562 -0.184129
7.5 0.0924776 -0.00917907 -0.193779
7.51 0.0775558 -0.00925142 -0.203045
7.52 0.0667543 -0.0092913 -0.212557
7.53 0.0609079 -0.00929433 -0.222515
7.54 0.060173 -0.00926223 -0.232658
7.55 0.063591 -0.00920271 -0.242611
7.56 0.068796 -0.00912716 -0.25213
7.57 0.0726984 -0.00904876 -0.261041
7.58 0.0736504 -0.00898163 -0.268999
7.59 0.0729112 -0.00893892 -0.275374
7.6 0.0733113 -0.0089287 -0.279474
7.61 0.0766331 -0.00895143 -0.280818
7.62 0.082343 -0.00899989 -0.279131
7.63 0.0884246 -0.00906313 -0.27416
7.64 0.0931282 -0.00913135 -0.265518
7.65 0.0958315 -0.00919678 -0.252788
7.66 0.0970285 -0.00925346 -0.235778
7.67 0.0978237 -0.00929592 -0.214676
7.68 0.0987096 -0.00931605 -0.190005
7.69 0.099024 -0.00930184 -0.162484
7.7 0.0980827 -0.00924061 -0.132861
7.71 0.0964363 -0.00912402 -0.101761
7.72 0.0954193 -0.0089496 -0.0696191
7.73 0.0956622 -0.00872043 -0.0367445
7.74 0.0966587 -0.00844402 -0.00342796
7.75 0.0976991 -0.00813658 0.0300264
7.76 0.0985946 -0.00781813 0.0633367
7.77 0.0993596 -0.00750613 0.0962027
7.78 0.0994898 -0.00721976 0.128094
7.79 0.0977241 -0.00697043 0.158152
7.8 0.0927367 -0.0067637 0.185461
7.81 0.0841238 -0.0066056 0.209349
7.82 0.0730282 -0.00649691 0.229394
7.83 0.0621336 -0.00643688 0.245367
7.84 0.0544387 -0.00642337 0.257243
7.85 0.0516428 -0.00645013 0.265227
7.86 0.0538385 -0.00650856 0.269796
7.87 0.0602252 -0.00658998 0.27153
7.88 0.0693741 -0.00668621 0.27083
7.89 0.0791811 -0.00679005 0.267919
7.9 0.0871264 -0.00689429 0.263056
7.91 0.0908197 -0.00699236 0.256639
7.92 0.0888945 -0.00708143 0.24908
7.93 0.0816409 -0.00715825 0.240593
7.94 0.0707228 -0.007218 0.231066
7.95 0.0579715 -0.00725575 0.220114
7.96 0.0442986 -0.00726536 0.207256
7.97 0.029683 -0.0072424 0.192092
7.98 0.0136598 -0.00718682 0.174446
7.99 -0.00400718 -0.00710436 0.154514
8 -0.0228424 -0.00700642 0.132952
8.01 -0.0422103 -0.00690706 0.110727
8.02 -0.0623154 -0.00681864 0.0889011
8.03 -0.0840336 -0.00674937 0.0684215
8.04 -0.107453 -0.00670399 0.0498791
8.05 -0.131069 -0.00668581 0.0333882
8.06 -0.152987 -0.00669459 0.0186808
8.07 -0.17266 -0.00672359 0.00525113
8.08 -0.190915 -0.00676048 -0.00747962
8.09 -0.208394 -0.00680097 -0.019929
8.1 -0.224629 -0.00684565 -0.0322625
8.11 -0.238592 -0.00689177 -0.0445957
8.12 -0.249324 -0.00693767 -0.0572198
8.13 -0.255932 -0.00698164 -0.070526
8.14 -0.257628 -0.00702238 -0.0846635
8.15 -0.253966 -0.00705904 -0.0992063
8.16 -0.244972 -0.00709218 -0.113192
8.17 -0.231115 -0.00712497 -0.125611
8.18 -0.213114 -0.00716416 -0.135898
8.19 -0.191762 -0.00721815 -0.144017
8.2 -0.168074 -0.00729469 -0.150199
8.21 -0.143383 -0.00739928 -0.154679
8.22 -0.119102 -0.00753389 -0.157553
8.23 -0.0965652 -0.00769477 -0.158679
8.24 -0.0768856 -0.00787285 -0.157683
8.25 -0.0606335 -0.00805589 -0.154057
8.26 -0.0477274 -0.00822964 -0.147368
8.27 -0.0378677 -0.00837931 -0.137428
8.28 -0.0308922 -0.00849042 -0.124301
8.29 -0.0265559 -0.00855204 -0.108227
8.3 -0.0244951 -0.00855634 -0.0895404
8.31 -0.0246939 -0.00849738 -0.0686035
8.32 -0.0275599 -0.00837249 -0.0457549
8.33 -0.0333047 -0.00818265 -0.0213449
8.34 -0.0415893 -0.00793473 0.00414675
8.35 -0.0518722 -0.0076408 0.0300504
8.36 -0.0638261 -0.00731549 0.0555957
8.37 -0.0774903 -0.00697182 0.0801244
8.38 -0.0930498 -0.00662537 0.103333
8.39 -0.110334 -0.00629571 0.125368
8.4 -0.128785 -0.00599757 0.146633
8.41 -0.148026 -0.00574317 0.167548
8.42 -0.168097 -0.00554046 0.188431
8.43 -0.189125 -0.00538813 0.209433
8.44 -0.211128 -0.00527967 0.230567
8.45 -0.234076 -0.00520481 0.251811
8.46 -0.257889 -0.00515022 0.273083
8.47 -0.282233 -0.00510098 0.294126
8.48 -0.306534 -0.00504157 0.314466
8.49 -0.33047 -0.00495859 0.333375
8.5 -0.354246 -0.00483913 0.349903
8.51 -0.377992 -0.00467727 0.363164
8.52 -0.400909 -0.00447929 0.37261
8.53 -0.421346 -0.00425571 0.37811
8.54 -0.437735 -0.00402007 0.37995
8.55 -0.449357 -0.00378841 0.378726
8.56 -0.456556 -0.00357504 0.37515
8.57 -0.460404 -0.00339688 0.369922
8.58 -0.461862 -0.00327068 0.363645
8.59 -0.461262 -0.00320945 0.356723
8.6 -0.458834 -0.00322248 0.349361
8.61 -0.455467 -0.00331111 0.341664
8.62 -0.452476 -0.00346897 0.333668
8.63 -0.450772 -0.00368271 0.325386
8.64 -0.450669 -0.00393357 0.316894
8.65 -0.452228 -0.00419895 0.308292
8.66 -0.455281 -0.00445466 0.299568
8.67 -0.459171 -0.00467808 0.290563
8.68 -0.462686 -0.00485079 0.28104
8.69 -0.4645 -0.00496143 0.270787
8.7 -0.463859 -0.0050083 0.259618
8.71 -0.460685 -0.00499591 0.247232
8.72 -0.454782 -0.00493511 0.233185
8.73 -0.44518 -0.0048455 0.217075
8.74 -0.430737 -0.0047518 0.198816
8.75 -0.411234 -0.00468013 0.17875
8.76 -0.387611 -0.00465541 0.15743
8.77 -0.361167 -0.00469898 0.135296
8.78 -0.332297 -0.00482783 0.112413
8.79 -0.300021 -0.00505438 0.0883887
8.8 -0.262678 -0.00538406 0.0625697
8.81 -0.218721 -0.00581403 0.0343839
8.82 -0.167295 -0.00633318 0.00356464
8.83 -0.108825 -0.00691278 -0.0298074
8.84 -0.0454763 -0.00752086 -0.0653664
8.85 0.0190942 -0.00814896 -0.102613
8.86 0.0808737 -0.00878006 -0.141082
8.87 0.136892 -0.0093885 -0.18041
8.88 0.186213 -0.00995878 -0.22029
8.89 0.229887 -0.0104811 -0.260349
8.9 0.269694 -0.0109476 -0.300012
8.91 0.306975 -0.0113426 -0.338552
8.92 0.342594 -0.0116548 -0.375274
8.93 0.377346 -0.0118762 -0.409613
8.94 0.411961 -0.0120094 -0.44106
8.95 0.446726 -0.0120663 -0.469006
8.96 0.481411 -0.0120702 -0.492703
8.97 0.515586 -0.0120503 -0.51154
8.98 0.548651 -0.0120312 -0.52532
8.99 0.579662 -0.0120355 -0.534216
9 0.607512 -0.01208 -0.538642
9.01 0.631294 -0.0121711 -0.539144
9.02 0.650566 -0.0123035 -0.536239
9.03 0.665437 -0.0124664 -0.530337
9.04 0.676152 -0.0126338 -0.521739
9.05 0.682537 -0.0127866 -0.510591
9.06 0.684071 -0.0129117 -0.496805
9.07 0.680257 -0.0129893 -0.480051
9.08 0.670837 -0.0130052 -0.459807
9.09 0.655984 -0.0129478 -0.435518
9.1 0.636163 -0.0128082 -0.406838
9.11 0.611575 -0.0125814 -0.37378
9.12 0.581929 -0.012268 -0.336799
9.13 0.546758 -0.0118744 -0.296704
9.14 0.505837 -0.0114128 -0.254398
9.15 0.459636 -0.0109003 -0.210729
9.16 0.409326 -0.0103569 -0.166557
9.17 0.35579 -0.00980191 -0.122798
9.18 0.298807 -0.00925361 -0.0803029
9.19 0.237433 -0.00872726 -0.0396209
9.2 0.171061 -0.0082316 -0.000682168
9.21 0.100182 -0.00776853 0.0371552
9.22 0.0262394 -0.00732614 0.074546
9.23 -0.0490853 -0.00687038 0.111713
9.24 -0.124482 -0.006427 0.148396
9.25 -0.19926 -0.0060147 0.184006
9.26 -0.273077 -0.00560843 0.217873
9.27 -0.345167 -0.00520326 0.249435
9.28 -0.413668 -0.00479092 0.278253
9.29 -0.476004 -0.00436953 0.304032
9.3 -0.53022 -0.00392687 0.326781
9.31 -0.575721 -0.00347893 0.346868
9.32 -0.612713 -0.00304912 0.364752
9.33 -0.641479 -0.00265631 0.380614
9.34 -0.66252 -0.00232215 0.394272
9.35 -0.676772 -0.0020601 0.405328
9.36 -0.685182 -0.00188479 0.413321
9.37 -0.68832 -0.00180438 0.417762
9.38 -0.686509 -0.00182288 0.418114
9.39 -0.679991 -0.00193275 0.413847
9.4 -0.668678 -0.00212618 0.404511
9.41 -0.651705 -0.00239394 0.389779
9.42 -0.627722 -0.00272363 0.369488
9.43 -0.595883 -0.00310407 0.343714
9.44 -0.556319 -0.00352358 0.312819
9.45 -0.509904 -0.00397228 0.277514
9.46 -0.457755 -0.00444309 0.238836
9.47 -0.400596 -0.00493274 0.197892
9.48 -0.338576 -0.00544162 0.155522
9.49 -0.2717 -0.00596949 0.112237
9.5 -0.200553 -0.00651599 0.0683282
9.51 -0.126983 -0.00707414 0.0239776
9.52 -0.0536114 -0.00760903 -0.0206172
9.53 0.017912 -0.00809848 -0.0651778
9.54 0.0877532 -0.00859063 -0.109353
9.55 0.157086 -0.00910663 -0.152725
9.56 0.227005 -0.00962745 -0.194845
9.57 0.297914 -0.0101495 -0.23543
9.58 0.369822 -0.0106608 -0.274569
9.59 0.443043 -0.011152 -0.312632
9.6 0.517985 -0.0116164 -0.349955
9.61 0.594107 -0.012051 -0.386668
9.62 0.669313 -0.0124557 -0.42269
9.63 0.740725 -0.0128246 -0.45781
9.64 0.806303 -0.0131181 -0.491774
9.65 0.865655 -0.0133295 -0.524278
9.66 0.919421 -0.0135102 -0.554966
9.67 0.96802 -0.0136713 -0.583498
9.68 1.01078 -0.0138098 -0.609568
9.69 1.04646 -0.013931 -0.632867
9.7 1.07448 -0.0140337 -0.653101
9.71 1.0951 -0.0141226 -0.670056
9.72 1.1083 -0.0141995 -0.683646
9.73 1.11348 -0.0142636 -0.693904
9.74 1.11043 -0.0143076 -0.700934
9.75 1.09988 -0.0143152 -0.704909
9.76 1.08261 -0.0142846 -0.706084
9.77 1.05828 -0.0142158 -0.704736
9.78 1.02554 -0.0141042 -0.701026
9.79 0.983394 -0.0139504 -0.694898
9.8 0.931959 -0.0137524 -0.686048
9.81 0.872489 -0.0135105 -0.67399
9.82 0.807087 -0.013226 -0.658181
9.83 0.738163 -0.012901 -0.638067
9.84 0.667555 -0.0125397 -0.613125
9.85 0.596266 -0.0121475 -0.582963
9.86 0.524977 -0.0117316 -0.547385
9.87 0.454442 -0.0112995 -0.506367
9.88 0.385373 -0.0108596 -0.46003
9.89 0.318024 -0.010421 -0.408699
9.9 0.252038 -0.00999234 -0.352942
9.91 0.187047 -0.00958072 -0.293507
9.92 0.123412 -0.00918853 -0.231152
9.93 0.0621981 -0.00881482 -0.166519
9.94 0.00454178 -0.00844961 -0.100108
9.95 -0.0488024 -0.00803678 -0.0324389
9.96 -0.0974186 -0.00751675 0.0356964
9.97 -0.141057 -0.00697508 0.10324
9.98 -0.179769 -0.00645524 0.169115
9.99 -0.214266 -0.00592924 0.232437
10 -0.246263 -0.00541107 0.292691
