0.1 0.00452828 1.25611e-006
0.2 0.00905782 2.51257e-006
0.3 0.0135886 3.76939e-006
0.4 0.0181207 5.02655e-006
0.5 0.022654 6.28407e-006
0.6 0.0271887 7.54194e-006
0.7 0.0317246 8.80017e-006
0.8 0.0362618 1.00588e-005
0.9 0.0408003 1.13177e-005
1 0.0453401 1.2577e-005
0.01 0.0454301 1.2602e-005
0.02 0.0456872 1.26733e-005
0.03 0.0459897 1.27572e-005
0.04 0.0462219 1.28216e-005
0.05 0.0463749 1.2864e-005
0.06 0.0464461 1.28838e-005
0.07 0.0464374 1.28814e-005
0.08 0.0463556 1.28587e-005
0.09 0.0462125 1.2819e-005
0.1 0.0460219 1.27661e-005
0.11 0.045798 1.2704e-005
0.12 0.0455537 1.26363e-005
0.13 0.0452992 1.25657e-005
0.14 0.0450436 1.24948e-005
0.15 0.0447971 1.24264e-005
0.16 0.0445704 1.23635e-005
0.17 0.0443701 1.23079e-005
0.18 0.0441952 1.22594e-005
0.19 0.0440332 1.22145e-005
0.2 0.0438631 1.21673e-005
0.21 0.043662 1.21115e-005
0.22 0.04341 1.20416e-005
0.23 0.0430942 1.1954e-005
0.24 0.0427118 1.18479e-005
0.25 0.0422711 1.17257e-005
0.26 0.041788 1.15917e-005
0.27 0.0412746 1.14493e-005
0.28 0.0407348 1.12995e-005
0.29 0.0401734 1.11438e-005
0.3 0.0396023 1.09854e-005
0.31 0.0390347 1.08279e-005
0.32 0.0384846 1.06753e-005
0.33 0.037973 1.05334e-005
0.34 0.0375196 1.04077e-005
0.35 0.037129 1.02993e-005
0.36 0.0367919 1.02058e-005
0.37 0.0364985 1.01244e-005
0.38 0.0362417 1.00532e-005
0.39 0.036024 9.9928e-006
0.4 0.0358431 9.94263e-006
0.41 0.0356898 9.9001e-006
0.42 0.0355501 9.86133e-006
0.43 0.0354155 9.82401e-006
0.44 0.0352851 9.78784e-006
0.45 0.0351616 9.75356e-006
0.46 0.0350436 9.72084e-006
0.47 0.0349259 9.68818e-006
0.48 0.0348147 9.65734e-006
0.49 0.0347322 9.63447e-006
0.5 0.0346982 9.62502e-006
0.51 0.0347226 9.63181e-006
0.52 0.0348217 9.6593e-006
0.53 0.0350135 9.71249e-006
0.54 0.0352911 9.78949e-006
0.55 0.0356182 9.88022e-006
0.56 0.0359706 9.97797e-006
0.57 0.0363759 1.00904e-005
0.58 0.0368829 1.0231e-005
0.59 0.0374954 1.0401e-005
0.6 0.0381573 1.05846e-005
0.61 0.0388027 1.07636e-005
0.62 0.0394009 1.09295e-005
0.63 0.0399333 1.10772e-005
0.64 0.0403736 1.11993e-005
0.65 0.0407363 1.12999e-005
0.66 0.0410759 1.13942e-005
0.67 0.0414204 1.14897e-005
0.68 0.0417677 1.15861e-005
0.69 0.0421285 1.16861e-005
0.7 0.0425178 1.17941e-005
0.71 0.0429271 1.19077e-005
0.72 0.0433372 1.20214e-005
0.73 0.04375 1.21359e-005
0.74 0.0442044 1.2262e-005
0.75 0.0447535 1.24143e-005
0.76 0.0454066 1.25955e-005
0.77 0.0461038 1.27889e-005
0.78 0.0467458 1.2967e-005
0.79 0.0472541 1.31079e-005
0.8 0.0476116 1.32071e-005
0.81 0.0478295 1.32676e-005
0.82 0.0479056 1.32887e-005
0.83 0.0478406 1.32706e-005
0.84 0.0476662 1.32223e-005
0.85 0.0474169 1.31531e-005
0.86 0.047112 1.30685e-005
0.87 0.0468237 1.29886e-005
0.88 0.0466662 1.29449e-005
0.89 0.0466612 1.29435e-005
0.9 0.0467 1.29542e-005
0.91 0.0466755 1.29474e-005
0.92 0.0466301 1.29349e-005
0.93 0.0467141 1.29582e-005
0.94 0.0469826 1.30326e-005
0.95 0.0473016 1.31211e-005
0.96 0.0474612 1.31654e-005
0.97 0.0473768 1.3142e-005
0.98 0.0471489 1.30788e-005
0.99 0.0468915 1.30074e-005
1 0.0465937 1.29248e-005
1.01 0.0461965 1.28146e-005
1.02 0.0456841 1.26724e-005
1.03 0.0450776 1.25042e-005
1.04 0.0444319 1.23251e-005
1.05 0.0438397 1.21608e-005
1.06 0.0433937 1.20371e-005
1.07 0.0431177 1.19605e-005
1.08 0.0429224 1.19064e-005
1.09 0.04271 1.18474e-005
1.1 0.042537 1.17994e-005
1.11 0.0425409 1.18005e-005
1.12 0.0427201 1.18503e-005
1.13 0.0428972 1.18994e-005
1.14 0.0428812 1.18949e-005
1.15 0.0425293 1.17973e-005
1.16 0.0417517 1.15816e-005
1.17 0.0406515 1.12764e-005
1.18 0.0395111 1.09601e-005
1.19 0.0385791 1.07016e-005
1.2 0.0379445 1.05255e-005
1.21 0.0375604 1.0419e-005
1.22 0.03734 1.03578e-005
1.23 0.0372186 1.03242e-005
1.24 0.0371497 1.03051e-005
1.25 0.0370723 1.02836e-005
1.26 0.0369199 1.02413e-005
1.27 0.0366802 1.01748e-005
1.28 0.0363933 1.00952e-005
1.29 0.0361343 1.00234e-005
1.3 0.0359898 9.98332e-006
1.31 0.0359583 9.97456e-006
1.32 0.0359312 9.96706e-006
1.33 0.0357961 9.92959e-006
1.34 0.0354456 9.83236e-006
1.35 0.0348133 9.65695e-006
1.36 0.0340596 9.44789e-006
1.37 0.0335314 9.30137e-006
1.38 0.0334821 9.28768e-006
1.39 0.0338732 9.39617e-006
1.4 0.0344428 9.55419e-006
1.41 0.035053 9.72345e-006
1.42 0.0358076 9.93276e-006
1.43 0.0367528 1.0195e-005
1.44 0.0377688 1.04768e-005
1.45 0.0387275 1.07427e-005
1.46 0.039595 1.09834e-005
1.47 0.0404797 1.12288e-005
1.48 0.0416432 1.15515e-005
1.49 0.0433903 1.20361e-005
1.5 0.0458085 1.27069e-005
1.51 0.048538 1.34641e-005
1.52 0.0509328 1.41284e-005
1.53 0.0526338 1.46002e-005
1.54 0.0538218 1.49298e-005
1.55 0.0548458 1.52138e-005
1.56 0.0559029 1.5507e-005
1.57 0.0570589 1.58277e-005
1.58 0.0582925 1.61699e-005
1.59 0.0595262 1.65121e-005
1.6 0.060768 1.68566e-005
1.61 0.0622025 1.72545e-005
1.62 0.0639565 1.77411e-005
1.63 0.0656678 1.82158e-005
1.64 0.0664935 1.84448e-005
1.65 0.0658431 1.82644e-005
1.66 0.0639806 1.77478e-005
1.67 0.0617707 1.71348e-005
1.68 0.0599687 1.66349e-005
1.69 0.0587911 1.63082e-005
1.7 0.0580644 1.61066e-005
1.71 0.0575167 1.59547e-005
1.72 0.0568252 1.57629e-005
1.73 0.0556879 1.54474e-005
1.74 0.0539855 1.49752e-005
1.75 0.0517546 1.43564e-005
1.76 0.0490837 1.36155e-005
1.77 0.0461724 1.28079e-005
1.78 0.0434258 1.2046e-005
1.79 0.0412172 1.14334e-005
1.8 0.0394813 1.09518e-005
1.81 0.0377386 1.04684e-005
1.82 0.0355222 9.8536e-006
1.83 0.0327158 9.07513e-006
1.84 0.0295713 8.20286e-006
1.85 0.0265789 7.37279e-006
1.86 0.0242835 6.73606e-006
1.87 0.0228647 6.3425e-006
1.88 0.0217873 6.04364e-006
1.89 0.0202591 5.61973e-006
1.9 0.0181749 5.04158e-006
1.91 0.0162091 4.49627e-006
1.92 0.0150499 4.17473e-006
1.93 0.0149587 4.14944e-006
1.94 0.0158757 4.40381e-006
1.95 0.0175772 4.87579e-006
1.96 0.0196401 5.44803e-006
1.97 0.0214696 5.95552e-006
1.98 0.0226518 6.28345e-006
1.99 0.0232118 6.43877e-006
2 0.0235132 6.52241e-006
2.01 0.0240347 6.66705e-006
2.02 0.0251654 6.98069e-006
2.03 0.0271607 7.53417e-006
2.04 0.0301046 8.3508e-006
2.05 0.0336792 9.34236e-006
2.06 0.0372737 1.03394e-005
2.07 0.0406134 1.12659e-005
2.08 0.0440009 1.22055e-005
2.09 0.0478523 1.32739e-005
2.1 0.0521779 1.44738e-005
2.11 0.0566002 1.57005e-005
2.12 0.0608197 1.6871e-005
2.13 0.0648101 1.79779e-005
2.14 0.0686196 1.90346e-005
2.15 0.0721752 2.00209e-005
2.16 0.0751943 2.08583e-005
2.17 0.0773567 2.14582e-005
2.18 0.0786674 2.18218e-005
2.19 0.0794207 2.20307e-005
2.2 0.0797753 2.21291e-005
2.21 0.0797128 2.21117e-005
2.22 0.0793479 2.20105e-005
2.23 0.0789615 2.19033e-005
2.24 0.0787196 2.18362e-005
2.25 0.0785317 2.17841e-005
2.26 0.0782511 2.17063e-005
2.27 0.0777449 2.15659e-005
2.28 0.0767692 2.12952e-005
2.29 0.0751128 2.08357e-005
2.3 0.0728021 2.01948e-005
2.31 0.0699804 1.9412e-005
2.32 0.0667564 1.85178e-005
2.33 0.0632377 1.75417e-005
2.34 0.0595375 1.65153e-005
2.35 0.0557278 1.54585e-005
2.36 0.0518275 1.43766e-005
2.37 0.0479095 1.32897e-005
2.38 0.0440931 1.22311e-005
2.39 0.0403096 1.11816e-005
2.4 0.0364508 1.01112e-005
2.41 0.0327342 9.08024e-006
2.42 0.0295012 8.18341e-006
2.43 0.0268951 7.46051e-006
2.44 0.024955 6.92234e-006
2.45 0.0236737 6.5669e-006
2.46 0.0228699 6.34394e-006
2.47 0.0222579 6.17418e-006
2.48 0.0216797 6.01379e-006
2.49 0.0211862 5.87689e-006
2.5 0.0209945 5.82373e-006
2.51 0.0213087 5.91089e-006
2.52 0.0221122 6.13376e-006
2.53 0.0232206 6.44121e-006
2.54 0.0243889 6.7653e-006
2.55 0.0253548 7.03325e-006
2.56 0.0259592 7.20091e-006
2.57 0.02621 7.27047e-006
2.58 0.0262614 7.28472e-006
2.59 0.0264368 7.33338e-006
2.6 0.0271532 7.5321e-006
2.61 0.0286347 7.94305e-006
2.62 0.0307295 8.52415e-006
2.63 0.0330932 9.1798e-006
2.64 0.0356526 9.88977e-006
2.65 0.0388393 1.07737e-005
2.66 0.0430827 1.19508e-005
2.67 0.0481485 1.3356e-005
2.68 0.0531816 1.47522e-005
2.69 0.0573721 1.59146e-005
2.7 0.0605725 1.68024e-005
2.71 0.0632364 1.75413e-005
2.72 0.0658025 1.82531e-005
2.73 0.0681856 1.89142e-005
2.74 0.0698838 1.93853e-005
2.75 0.0705623 1.95735e-005
2.76 0.0703733 1.9521e-005
2.77 0.0697625 1.93516e-005
2.78 0.0690803 1.91624e-005
2.79 0.068327 1.89534e-005
2.8 0.067331 1.86771e-005
2.81 0.0662812 1.83859e-005
2.82 0.0658025 1.82531e-005
2.83 0.066386 1.8415e-005
2.84 0.0679529 1.88496e-005
2.85 0.0699162 1.93942e-005
2.86 0.071565 1.98516e-005
2.87 0.0723243 2.00622e-005
2.88 0.071774 1.99096e-005
2.89 0.0697736 1.93547e-005
2.9 0.0665911 1.84719e-005
2.91 0.0626465 1.73777e-005
2.92 0.0581616 1.61336e-005
2.93 0.0532492 1.4771e-005
2.94 0.0481463 1.33554e-005
2.95 0.0431486 1.19691e-005
2.96 0.0384983 1.06792e-005
2.97 0.034536 9.58002e-006
2.98 0.0317836 8.81654e-006
2.99 0.0306195 8.49362e-006
3 0.0309029 8.57225e-006
3.01 0.0320583 8.89274e-006
3.02 0.0335048 9.29399e-006
3.03 0.0349464 9.69388e-006
3.04 0.036386 1.00932e-005
3.05 0.037902 1.05137e-005
3.06 0.0393901 1.09265e-005
3.07 0.0405687 1.12535e-005
3.08 0.0411445 1.14132e-005
3.09 0.0410559 1.13886e-005
3.1 0.0405884 1.12589e-005
3.11 0.0399853 1.10916e-005
3.12 0.0390655 1.08365e-005
3.13 0.0375021 1.04028e-005
3.14 0.0354236 9.82626e-006
3.15 0.033586 9.31652e-006
3.16 0.0329178 9.13116e-006
3.17 0.0340366 9.44152e-006
3.18 0.0370126 1.0267e-005
3.19 0.0412432 1.14406e-005
3.2 0.0457706 1.26964e-005
3.21 0.0500251 1.38766e-005
3.22 0.054139 1.50178e-005
3.23 0.058452 1.62142e-005
3.24 0.0629708 1.74676e-005
3.25 0.0673384 1.86792e-005
3.26 0.0709096 1.96698e-005
3.27 0.0727885 2.0191e-005
3.28 0.0722766 2.0049e-005
3.29 0.0695272 1.92863e-005
3.3 0.0656202 1.82026e-005
3.31 0.0619444 1.71829e-005
3.32 0.0594757 1.64981e-005
3.33 0.0586105 1.62581e-005
3.34 0.0595217 1.65109e-005
3.35 0.0621875 1.72504e-005
3.36 0.0659932 1.8306e-005
3.37 0.069798 1.93615e-005
3.38 0.0725421 2.01226e-005
3.39 0.0737685 2.04628e-005
3.4 0.0738363 2.04817e-005
3.41 0.0737036 2.04449e-005
3.42 0.0742003 2.05826e-005
3.43 0.0753252 2.08947e-005
3.44 0.0762923 2.11629e-005
3.45 0.0761966 2.11364e-005
3.46 0.0745626 2.06831e-005
3.47 0.0714703 1.98253e-005
3.48 0.0674252 1.87033e-005
3.49 0.0631492 1.75171e-005
3.5 0.0594857 1.65009e-005
3.51 0.0572331 1.58761e-005
3.52 0.0565767 1.5694e-005
3.53 0.0568324 1.57649e-005
3.54 0.0570714 1.58312e-005
3.55 0.056857 1.57717e-005
3.56 0.0564307 1.56535e-005
3.57 0.0563122 1.56206e-005
3.58 0.0567611 1.57451e-005
3.59 0.0576207 1.59836e-005
3.6 0.0583883 1.61965e-005
3.61 0.0584181 1.62048e-005
3.62 0.057369 1.59138e-005
3.63 0.0554699 1.53869e-005
3.64 0.0532493 1.4771e-005
3.65 0.0510819 1.41697e-005
3.66 0.0490461 1.3605e-005
3.67 0.0471887 1.30898e-005
3.68 0.0456855 1.26728e-005
3.69 0.0445511 1.23582e-005
3.7 0.0434835 1.2062e-005
3.71 0.0421322 1.16872e-005
3.72 0.040231 1.11598e-005
3.73 0.0376669 1.04485e-005
3.74 0.034726 9.63274e-006
3.75 0.031917 8.85354e-006
3.76 0.0294965 8.18212e-006
3.77 0.0273941 7.59893e-006
3.78 0.0254503 7.05972e-006
3.79 0.0235524 6.53326e-006
3.8 0.0216069 5.99359e-006
3.81 0.0196102 5.43973e-006
3.82 0.0178627 4.95498e-006
3.83 0.0168351 4.66992e-006
3.84 0.0165531 4.59172e-006
3.85 0.0163648 4.53948e-006
3.86 0.0155957 4.32613e-006
3.87 0.0142175 3.94383e-006
3.88 0.0126978 3.52228e-006
3.89 0.0114715 3.18212e-006
3.9 0.0107627 2.98548e-006
3.91 0.0108457 3.00851e-006
3.92 0.0122558 3.39968e-006
3.93 0.0153611 4.26106e-006
3.94 0.0198444 5.50469e-006
3.95 0.025049 6.94841e-006
3.96 0.0305509 8.47461e-006
3.97 0.0361016 1.00143e-005
3.98 0.041417 1.14888e-005
3.99 0.0462895 1.28404e-005
4 0.0509258 1.41264e-005
4.01 0.0560246 1.55408e-005
4.02 0.062058 1.72144e-005
4.03 0.0686519 1.90436e-005
4.04 0.075092 2.083e-005
4.05 0.0809087 2.24435e-005
4.06 0.0857237 2.37791e-005
4.07 0.0892945 2.47697e-005
4.08 0.0920296 2.55284e-005
4.09 0.0949294 2.63327e-005
4.1 0.0988388 2.74172e-005
4.11 0.103971 2.88408e-005
4.12 0.10987 3.04772e-005
4.13 0.115519 3.2044e-005
4.14 0.119922 3.32656e-005
4.15 0.122726 3.40433e-005
4.16 0.124117 3.44292e-005
4.17 0.124445 3.45202e-005
4.18 0.124001 3.4397e-005
4.19 0.122967 3.41103e-005
4.2 0.121523 3.37096e-005
4.21 0.119754 3.32188e-005
4.22 0.117398 3.25655e-005
4.23 0.114137 3.16608e-005
4.24 0.110015 3.05175e-005
4.25 0.105164 2.91719e-005
4.26 0.0995874 2.76248e-005
4.27 0.093433 2.59176e-005
4.28 0.0869562 2.4121e-005
4.29 0.0803472 2.22877e-005
4.3 0.0739101 2.05021e-005
4.31 0.067968 1.88538e-005
4.32 0.0623856 1.73053e-005
4.33 0.0565795 1.56947e-005
4.34 0.0500759 1.38907e-005
4.35 0.0428146 1.18765e-005
4.36 0.0349612 9.698e-006
4.37 0.0267251 7.41334e-006
4.38 0.0184374 5.1144e-006
4.39 0.0107626 2.98547e-006
4.4 0.00454934 1.26195e-006
4.41 0.000153766 4.26536e-008
4.42 -0.00289399 -8.02882e-007
4.43 -0.00553774 -1.53654e-006
4.44 -0.0087004 -2.41444e-006
4.45 -0.0127444 -3.53736e-006
4.46 -0.0171192 -4.75266e-006
4.47 -0.0208291 -5.78364e-006
4.48 -0.0232212 -6.44861e-006
4.49 -0.0240893 -6.68995e-006
4.5 -0.0234021 -6.49932e-006
4.51 -0.0214664 -5.96238e-006
4.52 -0.0190635 -5.29582e-006
4.53 -0.0167709 -4.65989e-006
4.54 -0.0143902 -3.9995e-006
4.55 -0.0113966 -3.16908e-006
4.56 -0.00747368 -2.0809e-006
4.57 -0.00254853 -7.147e-007
4.58 0.00314706 8.65222e-007
4.59 0.00894388 2.47322e-006
4.6 0.0139586 3.86426e-006
4.61 0.0178016 4.93028e-006
4.62 0.021068 5.83636e-006
4.63 0.0247166 6.84845e-006
4.64 0.0289503 8.02285e-006
4.65 0.0330844 9.16963e-006
4.66 0.0363996 1.00892e-005
4.67 0.0388095 1.07577e-005
4.68 0.0408113 1.1313e-005
4.69 0.0429664 1.19108e-005
4.7 0.0453886 1.25827e-005
4.71 0.0477303 1.32323e-005
4.72 0.0496973 1.37779e-005
4.73 0.051281 1.42172e-005
4.74 0.0524361 1.45377e-005
4.75 0.0529461 1.46791e-005
4.76 0.0525087 1.45578e-005
4.77 0.050724 1.40627e-005
4.78 0.0474154 1.3145e-005
4.79 0.0431079 1.19501e-005
4.8 0.0387521 1.07418e-005
4.81 0.0350229 9.70735e-006
4.82 0.0320971 8.89574e-006
4.83 0.0297864 8.25477e-006
4.84 0.0276375 7.65869e-006
4.85 0.0252197 6.98801e-006
4.86 0.022768 6.30793e-006
4.87 0.0211131 5.84887e-006
4.88 0.0205545 5.69391e-006
4.89 0.0204698 5.67042e-006
4.9 0.0201371 5.57813e-006
4.91 0.0192958 5.34477e-006
4.92 0.017795 4.92846e-006
4.93 0.0152514 4.22287e-006
4.94 0.011578 3.20391e-006
4.95 0.00754959 2.08645e-006
4.96 0.00431211 1.1884e-006
4.97 0.00252807 6.9352e-007
4.98 0.00233347 6.39538e-007
4.99 0.00367498 1.01166e-006
5 0.00600905 1.65912e-006
5.01 0.00813706 2.24941e-006
5.02 0.00921025 2.54711e-006
5.03 0.00951688 2.63217e-006
5.04 0.0098077 2.71284e-006
5.05 0.0105103 2.90774e-006
5.06 0.0118628 3.28291e-006
5.07 0.0138158 3.82465e-006
5.08 0.0155746 4.31252e-006
5.09 0.0160294 4.43868e-006
5.1 0.0146553 4.05753e-006
5.11 0.0115771 3.20367e-006
5.12 0.00705882 1.95032e-006
5.13 0.00161259 4.39573e-007
5.14 -0.00350275 -9.79388e-007
5.15 -0.00678077 -1.88869e-006
5.16 -0.00776227 -2.16095e-006
5.17 -0.00724473 -2.01739e-006
5.18 -0.00640901 -1.78556e-006
5.19 -0.00640275 -1.78383e-006
5.2 -0.00836839 -2.32908e-006
5.21 -0.0128281 -3.56618e-006
5.22 -0.0187485 -5.20846e-006
5.23 -0.0240184 -6.67029e-006
5.24 -0.0269469 -7.48457e-006
5.25 -0.026956 -7.4871e-006
5.26 -0.0244552 -6.79341e-006
5.27 -0.0206009 -5.72425e-006
5.28 -0.0165498 -4.60052e-006
5.29 -0.0127964 -3.55933e-006
5.3 -0.00949252 -2.64287e-006
5.31 -0.00684884 -1.90954e-006
5.32 -0.00465693 -1.30151e-006
5.33 -0.00205239 -5.79035e-007
5.34 0.00187597 5.10677e-007
5.35 0.00742299 2.04938e-006
5.36 0.0142337 3.93861e-006
5.37 0.0219142 6.06915e-006
5.38 0.0304495 8.43677e-006
5.39 0.0398697 1.10499e-005
5.4 0.0498762 1.38256e-005
5.41 0.0599775 1.66276e-005
5.42 0.0697406 1.93358e-005
5.43 0.0790365 2.19145e-005
5.44 0.08819 2.44536e-005
5.45 0.0975736 2.70565e-005
5.46 0.106973 2.96639e-005
5.47 0.115558 3.20452e-005
5.48 0.122393 3.39413e-005
5.49 0.126894 3.51897e-005
5.5 0.129244 3.58417e-005
5.51 0.130394 3.61607e-005
5.52 0.131087 3.63528e-005
5.53 0.131352 3.64265e-005
5.54 0.13118 3.63786e-005
5.55 0.130687 3.6242e-005
5.56 0.129682 3.59632e-005
5.57 0.127949 3.54823e-005
5.58 0.125817 3.48911e-005
5.59 0.124017 3.43918e-005
5.6 0.123105 3.41386e-005
5.61 0.123124 3.4144e-005
5.62 0.123505 3.42498e-005
5.63 0.123099 3.41372e-005
5.64 0.12065 3.34577e-005
5.65 0.115584 3.20526e-005
5.66 0.108465 3.00777e-005
5.67 0.100694 2.7922e-005
5.68 0.0935226 2.59328e-005
5.69 0.0871435 2.41633e-005
5.7 0.0807924 2.24015e-005
5.71 0.0736949 2.04327e-005
5.72 0.0657467 1.82279e-005
5.73 0.0573193 1.58903e-005
5.74 0.0485729 1.34641e-005
5.75 0.0391323 1.08453e-005
5.76 0.0284595 7.88476e-006
5.77 0.0164182 4.54458e-006
5.78 0.00343228 9.42385e-007
5.79 -0.00959654 -2.67172e-006
5.8 -0.021366 -5.93648e-006
5.81 -0.0308595 -8.57295e-006
5.82 -0.0387811 -1.07777e-005
5.83 -0.0477984 -1.32895e-005
5.84 -0.0601882 -1.67444e-005
5.85 -0.0754419 -2.10035e-005
5.86 -0.0907382 -2.52809e-005
5.87 -0.103457 -2.88423e-005
5.88 -0.112679 -3.14274e-005
5.89 -0.119142 -3.32407e-005
5.9 -0.124365 -3.47066e-005
5.91 -0.129459 -3.61372e-005
5.92 -0.134709 -3.76125e-005
5.93 -0.139797 -3.9043e-005
5.94 -0.143648 -4.01259e-005
5.95 -0.144474 -4.03582e-005
5.96 -0.140546 -3.92687e-005
5.97 -0.131264 -3.66941e-005
5.98 -0.117461 -3.28653e-005
5.99 -0.100601 -2.81882e-005
6 -0.081459 -2.28784e-005
6.01 -0.0596811 -1.68374e-005
6.02 -0.0344601 -9.84127e-006
6.03 -0.00502494 -1.67618e-006
6.04 0.0290273 7.77152e-006
6.05 0.0668322 1.82583e-005
6.06 0.105969 2.91147e-005
6.07 0.143418 3.95025e-005
6.08 0.17651 4.86821e-005
6.09 0.203859 5.62686e-005
6.1 0.225746 6.23397e-005
6.11 0.243334 6.72187e-005
6.12 0.257842 7.12431e-005
6.13 0.270353 7.47136e-005
6.14 0.281274 7.77429e-005
6.15 0.289997 8.01627e-005
6.16 0.295717 8.17493e-005
6.17 0.298194 8.24364e-005
6.18 0.297743 8.23114e-005
6.19 0.295497 8.16884e-005
6.2 0.293525 8.11412e-005
6.21 0.293358 8.10948e-005
6.22 0.294052 8.12875e-005
6.23 0.292183 8.07689e-005
6.24 0.284191 7.85521e-005
6.25 0.269134 7.43755e-005
6.26 0.249615 6.8961e-005
6.27 0.230338 6.36136e-005
6.28 0.215066 5.93774e-005
6.29 0.204023 5.63142e-005
6.3 0.193804 5.34794e-005
6.31 0.180599 4.98164e-005
6.32 0.163703 4.51295e-005
6.33 0.145682 4.01307e-005
6.34 0.130382 3.58866e-005
6.35 0.120813 3.32323e-005
6.36 0.11738 3.22799e-005
6.37 0.116672 3.20835e-005
6.38 0.112569 3.09453e-005
6.39 0.100804 2.76818e-005
6.4 0.0824573 2.25926e-005
6.41 0.0617554 1.68501e-005
6.42 0.0421569 1.14136e-005
6.43 0.0257828 6.87151e-006
6.44 0.0138504 3.56155e-006
6.45 0.00584306 1.34037e-006
6.46 -0.00042422 -3.98132e-007
6.47 -0.0068174 -2.17164e-006
6.48 -0.0132401 -3.95332e-006
6.49 -0.0183143 -5.36093e-006
6.5 -0.0210684 -6.12494e-006
6.51 -0.0218081 -6.33013e-006
6.52 -0.0214649 -6.23494e-006
6.53 -0.0201809 -5.87877e-006
6.54 -0.0173354 -5.08944e-006
6.55 -0.0133091 -3.97259e-006
6.56 -0.010407 -3.16756e-006
6.57 -0.0114732 -3.46331e-006
6.58 -0.0182596 -5.34581e-006
6.59 -0.0303112 -8.68896e-006
6.6 -0.0447639 -1.26982e-005
6.61 -0.0578896 -1.63394e-005
6.62 -0.0671832 -1.89174e-005
6.63 -0.0722124 -2.03126e-005
6.64 -0.0741812 -2.08587e-005
6.65 -0.0748107 -2.10334e-005
6.66 -0.0750742 -2.11064e-005
6.67 -0.0748952 -2.10568e-005
6.68 -0.0740708 -2.08281e-005
6.69 -0.0731589 -2.05752e-005
6.7 -0.073054 -2.05461e-005
6.71 -0.0737624 -2.07426e-005
6.72 -0.0741813 -2.08588e-005
6.73 -0.0737995 -2.07529e-005
6.74 -0.0744233 -2.09259e-005
6.75 -0.0794164 -2.2311e-005
6.76 -0.0916177 -2.56957e-005
6.77 -0.112066 -3.13682e-005
6.78 -0.139608 -3.90085e-005
6.79 -0.170742 -4.7758e-005
6.8 -0.201482 -5.64418e-005
6.81 -0.228323 -6.40459e-005
6.82 -0.249295 -7.00021e-005
6.83 -0.263895 -7.41557e-005
6.84 -0.271732 -7.63878e-005
6.85 -0.272282 -7.65446e-005
6.86 -0.265832 -7.47554e-005
6.87 -0.253879 -7.14398e-005
6.88 -0.237573 -6.69166e-005
6.89 -0.216761 -6.11434e-005
6.9 -0.190874 -5.39626e-005
6.91 -0.161036 -4.56856e-005
6.92 -0.130884 -3.73218e-005
6.93 -0.104532 -3.00119e-005
6.94 -0.0836021 -2.42061e-005
6.95 -0.0666129 -1.94934e-005
6.96 -0.0511024 -1.51909e-005
6.97 -0.0356581 -1.09068e-005
6.98 -0.0200563 -6.57896e-006
6.99 -0.00422864 -2.18847e-006
7 0.0119977 2.32503e-006
7.01 0.0280828 6.78693e-006
7.02 0.0423719 1.07506e-005
7.03 0.0544895 1.4112e-005
7.04 0.0672852 1.76614e-005
7.05 0.0865586 2.30077e-005
7.06 0.117535 3.16004e-005
7.07 0.160744 4.35863e-005
7.08 0.212103 5.78328e-005
7.09 0.266138 7.28218e-005
7.1 0.318548 8.73598e-005
7.11 0.366376 0.000100627
7.12 0.407116 0.000111928
7.13 0.439082 0.000120795
7.14 0.462044 0.000127165
7.15 0.476748 0.000131244
7.16 0.483915 0.000133232
7.17 0.484172 0.000133303
7.18 0.478448 0.000131715
7.19 0.467908 0.000128791
7.2 0.453852 0.000124892
7.21 0.43764 0.000120395
7.22 0.420083 0.000115525
7.23 0.401313 0.000110318
7.24 0.381727 0.000104885
7.25 0.362518 9.95569e-005
7.26 0.344999 9.46973e-005
7.27 0.329338 9.0353e-005
7.28 0.313991 8.60957e-005
7.29 0.296316 8.1193e-005
7.3 0.273377 7.48297e-005
7.31 0.242049 6.61395e-005
7.32 0.200046 5.44883e-005
7.33 0.148326 4.01414e-005
7.34 0.0920848 2.45406e-005
7.35 0.0376225 9.43318e-006
7.36 -0.0119551 -4.31985e-006
7.37 -0.0580379 -1.7105e-005
7.38 -0.10346 -2.97068e-005
7.39 -0.148584 -4.22259e-005
7.4 -0.190725 -5.39175e-005
7.41 -0.227821 -6.42093e-005
7.42 -0.259317 -7.29477e-005
7.43 -0.284908 -8.01448e-005
7.44 -0.303235 -8.53787e-005
7.45 -0.311821 -8.78341e-005
7.46 -0.308958 -8.70398e-005
7.47 -0.296056 -8.34609e-005
7.48 -0.27787 -7.84163e-005
7.49 -0.260178 -7.35087e-005
7.5 -0.247532 -7.00006e-005
7.51 -0.242269 -6.85407e-005
7.52 -0.245221 -6.93596e-005
7.53 -0.256161 -7.23944e-005
7.54 -0.273736 -7.72696e-005
7.55 -0.295612 -8.33377e-005
7.56 -0.31805 -8.96166e-005
7.57 -0.336754 -9.49765e-005
7.58 -0.350315 -9.8869e-005
7.59 -0.360449 -0.000101781
7.6 -0.370067 -0.000104548
7.61 -0.379387 -0.000107232
7.62 -0.384626 -0.000108742
7.63 -0.380188 -0.000107511
7.64 -0.36243 -0.000102585
7.65 -0.331979 -9.41381e-005
7.66 -0.293229 -8.3389e-005
7.67 -0.252314 -7.20395e-005
7.68 -0.21353 -6.12811e-005
7.69 -0.177503 -5.12875e-005
7.7 -0.143112 -4.17477e-005
7.71 -0.11019 -3.26153e-005
7.72 -0.079502 -2.41027e-005
7.73 -0.0508895 -1.61658e-005
7.74 -0.0228348 -8.38366e-006
7.75 0.00494511 -6.42423e-007
7.76 0.0324308 6.98192e-006
7.77 0.0588989 1.4324e-005
7.78 0.0850835 2.15874e-005
7.79 0.112972 2.93234e-005
7.8 0.144854 3.81672e-005
7.81 0.181459 4.83213e-005
7.82 0.220571 5.91707e-005
7.83 0.256933 6.92571e-005
7.84 0.284799 7.69869e-005
7.85 0.301239 8.15472e-005
7.86 0.306834 8.30994e-005
7.87 0.303944 8.22976e-005
7.88 0.295421 7.99335e-005
7.89 0.284492 7.69019e-005
7.9 0.274645 7.41705e-005
7.91 0.268962 7.2594e-005
7.92 0.268634 7.25029e-005
7.93 0.27199 7.34338e-005
7.94 0.275241 7.43358e-005
7.95 0.274931 7.42497e-005
7.96 0.269969 7.28733e-005
7.97 0.261372 7.04886e-005
7.98 0.2509 6.75837e-005
7.99 0.239703 6.44777e-005
8 0.227651 6.11346e-005
8.01 0.214524 5.74934e-005
8.02 0.201923 5.39979e-005
8.03 0.192932 5.15038e-005
8.04 0.189219 5.04739e-005
8.05 0.189329 5.05043e-005
8.06 0.190851 5.09266e-005
8.07 0.193351 5.16201e-005
8.08 0.198219 5.29705e-005
8.09 0.205938 5.51115e-005
8.1 0.2146 5.75142e-005
8.11 0.220844 5.92464e-005
8.12 0.221209 5.93476e-005
8.13 0.212879 5.70369e-005
8.14 0.194604 5.19676e-005
8.15 0.167606 4.44786e-005
8.16 0.135131 3.54703e-005
8.17 0.100912 2.59782e-005
8.18 0.0674851 1.67057e-005
8.19 0.0357415 7.90028e-006
8.2 0.00593126 -3.68873e-007
8.21 -0.021179 -7.891e-006
8.22 -0.0441658 -1.42695e-005
8.23 -0.0609429 -1.89249e-005
8.24 -0.0692979 -2.12433e-005
8.25 -0.0679211 -2.08613e-005
8.26 -0.0572143 -1.78913e-005
8.27 -0.0388671 -1.2802e-005
8.28 -0.015049 -6.19501e-006
8.29 0.011683 1.22663e-006
8.3 0.0389474 8.78955e-006
8.31 0.0656314 1.61915e-005
8.32 0.0922248 2.35683e-005
8.33 0.119526 3.11415e-005
8.34 0.147508 3.89036e-005
8.35 0.175705 4.6725e-005
8.36 0.20385 5.45322e-005
8.37 0.232558 6.24956e-005
8.38 0.263082 7.0963e-005
8.39 0.296609 8.02631e-005
8.4 0.33378 9.0574e-005
8.41 0.375247 0.000102077
8.42 0.421809 0.000114992
8.43 0.473741 0.000129398
8.44 0.530455 0.00014513
8.45 0.5929 0.000162452
8.46 0.659106 0.000180817
8.47 0.727927 0.000200189
8.48 0.722691 0.000218888
8.49 0.717692 0.000236742
8.5 0.713465 0.00025184
8.51 0.709909 0.000264539
8.52 0.707297 0.000273868
8.53 0.705883 0.000278918
8.54 0.705707 0.000279547
8.55 0.698677 0.000276743
8.56 0.686586 0.000271918
8.57 0.672885 0.000266452
8.58 0.660177 0.000261382
8.59 0.649555 0.000257144
8.6 0.641144 0.000253788
8.61 0.63558 0.000251568
8.62 0.633796 0.000250856
8.63 0.636011 0.00025174
8.64 0.641589 0.000253966
8.65 0.649545 0.00025714
8.66 0.658085 0.000260547
8.67 0.664777 0.000263217
8.68 0.666406 0.000263867
8.69 0.660198 0.00026139
8.7 0.645205 0.000255408
8.71 0.621735 0.000246044
8.72 0.590308 0.000233505
8.73 0.550973 0.000217812
8.74 0.504256 0.000199173
8.75 0.45254 0.000178539
8.76 0.399728 0.000157468
8.77 0.349405 0.000137391
8.78 0.302683 0.00011875
8.79 0.257632 0.000100775
8.8 0.210839 8.21061e-005
8.81 0.15925 6.15231e-005
8.82 0.101394 3.84396e-005
8.83 0.0380781 1.31782e-005
8.84 -0.0389786 -1.28301e-005
8.85 -0.128059 -3.75484e-005
8.86 -0.209996 -6.02847e-005
8.87 -0.285379 -8.12024e-005
8.88 -0.357077 -0.000101098
8.89 -0.429086 -0.000121588
8.9 -0.505327 -0.000143756
8.91 -0.586936 -0.000167685
8.92 -0.671626 -0.000192743
8.93 -0.758665 -0.000218741
8.94 -0.84503 -0.000244791
8.95 -0.927941 -0.000270043
8.96 -1.00413 -0.000293465
8.97 -1.07253 -0.000314675
8.98 -1.13165 -0.000333147
8.99 -1.18047 -0.000348503
9 -1.21796 -0.000360361
9.01 -1.2419 -0.000367961
9.02 -1.25139 -0.000370979
9.03 -1.24655 -0.000369637
9.04 -1.22817 -0.000364539
9.05 -1.19851 -0.00035631
9.06 -1.15932 -0.000345439
9.07 -1.11258 -0.000332473
9.08 -1.06001 -0.000317892
9.09 -1.00299 -0.000302075
9.1 -0.942557 -0.000285311
9.11 -0.878546 -0.000267555
9.12 -0.809705 -0.000248459
9.13 -0.734677 -0.000227647
9.14 -0.652769 -0.000204926
9.15 -0.564654 -0.000180484
9.16 -0.472516 -0.000154926
9.17 -0.377983 -0.000128703
9.18 -0.2804 -0.000101634
9.19 -0.177368 -7.30536e-005
9.2 -0.0656139 -4.20537e-005
9.21 0.0374429 -7.62778e-006
9.22 0.129484 2.90946e-005
9.23 0.224422 6.69727e-005
9.24 0.31947 0.000104895
9.25 0.412436 0.000141986
9.26 0.501609 0.000177564
9.27 0.585271 0.000210943
9.28 0.660651 0.000241018
9.29 0.703265 0.000267714
9.3 0.696625 0.000291429
9.31 0.691251 0.000310622
9.32 0.687069 0.000325558
9.33 0.683863 0.000337007
9.34 0.681516 0.000345391
9.35 0.67989 0.000351195
9.36 0.678895 0.00035475
9.37 0.678495 0.000356179
9.38 0.677371 0.000355552
9.39 0.672681 0.000352934
9.4 0.663959 0.000348065
9.41 0.649793 0.000340157
9.42 0.628329 0.000328176
9.43 0.598231 0.000311375
9.44 0.55923 0.000289604
9.45 0.512076 0.000263282
9.46 0.4581 0.000233151
9.47 0.398423 0.000199839
9.48 0.333597 0.000163652
9.49 0.264077 0.000124845
9.5 0.191059 8.40855e-005
9.51 0.117099 4.27997e-005
9.52 0.04546 2.80973e-006
9.53 -0.0415189 -3.41264e-005
9.54 -0.159964 -6.71038e-005
9.55 -0.275775 -9.93482e-005
9.56 -0.391336 -0.000131523
9.57 -0.508025 -0.000164011
9.58 -0.626239 -0.000196924
9.59 -0.746589 -0.000230432
9.6 -0.870413 -0.000264908
9.61 -0.99649 -0.00030001
9.62 -1.12092 -0.000334653
9.63 -1.23872 -0.000367452
9.64 -1.33694 -0.000398361
9.65 -1.4257 -0.000427094
9.66 -1.5064 -0.00045351
9.67 -1.58106 -0.00047821
9.68 -1.64805 -0.000500588
9.69 -1.7041 -0.000519475
9.7 -1.74758 -0.000534231
9.71 -1.77864 -0.000544828
9.72 -1.79768 -0.000551349
9.73 -1.80519 -0.000553926
9.74 -1.80144 -0.000552887
9.75 -1.78777 -0.000549094
9.76 -1.76689 -0.000543301
9.77 -1.73854 -0.000535438
9.78 -1.69976 -0.000524681
9.79 -1.64761 -0.000510214
9.8 -1.58111 -0.000491768
9.81 -1.50154 -0.000469695
9.82 -1.41189 -0.000444827
9.83 -1.31555 -0.000418104
9.84 -1.21443 -0.000390054
9.85 -1.10852 -0.000360675
9.86 -0.997067 -0.000329759
9.87 -0.879615 -0.000297178
9.88 -0.756072 -0.000262909
9.89 -0.626294 -0.000226909
9.9 -0.490153 -0.000189145
9.91 -0.348311 -0.000149799
9.92 -0.202145 -0.000109253
9.93 -0.0477284 -6.64191e-005
9.94 0.0478558 -2.24256e-005
9.95 0.124511 2.03644e-005
9.96 0.198541 6.16889e-005
9.97 0.268751 0.000100882
9.98 0.334106 0.000137363
9.99 0.394435 0.00017104
10 0.450812 0.000202511
10.01 0.505516 0.000233047
10.02 0.560818 0.000263917
10.03 0.617699 0.000295669
10.04 0.676397 0.000328436
10.05 0.669632 0.000361261
10.06 0.661073 0.000391828
10.07 0.654021 0.000417013
10.08 0.648584 0.000436433
10.09 0.64449 0.000451053
10.1 0.641449 0.000461912
10.11 0.639049 0.000470485
10.12 0.637046 0.000477639
10.13 0.63531 0.000483839
10.14 0.633872 0.000488974
10.15 0.632894 0.000492467
10.16 0.632565 0.000493642
10.17 0.630026 0.000491463
10.18 0.622362 0.000484887
10.19 0.608473 0.000472969
10.2 0.587984 0.000455388
10.21 0.560854 0.000432109
10.22 0.527315 0.00040333
10.23 0.488435 0.000369969
10.24 0.446339 0.000333848
10.25 0.403356 0.000296965
10.26 0.36101 0.00026063
10.27 0.3199 0.000225355
10.28 0.280106 0.000191209
10.29 0.241464 0.000158052
10.3 0.203612 0.000125572
10.31 0.166021 9.33174e-005
10.32 0.127915 6.06194e-005
10.33 0.0884924 2.67927e-005
10.34 0.0465009 -9.23862e-006
10.35 0.00348114 -4.61523e-005
10.36 -0.110556 -8.00543e-005
10.37 -0.229293 -0.000113257
10.38 -0.340461 -0.000144343
10.39 -0.437963 -0.000171607
10.4 -0.521015 -0.000194831
10.41 -0.590952 -0.000214388
10.42 -0.651559 -0.000231336
10.43 -0.706373 -0.000246663
10.44 -0.756229 -0.000260604
10.45 -0.799549 -0.000272718
10.46 -0.833333 -0.000282165
10.47 -0.85585 -0.000288461
10.48 -0.867114 -0.000291611
10.49 -0.869249 -0.000292208
10.5 -0.865766 -0.000291242
10.51 -0.85844 -0.00028921
10.52 -0.845414 -0.000285597
10.53 -0.821774 -0.000279039
10.54 -0.783249 -0.000268352
10.55 -0.727947 -0.000253012
10.56 -0.655846 -0.000233012
10.57 -0.568682 -0.000208833
10.58 -0.469911 -0.000181435
10.59 -0.363274 -0.000151855
10.6 -0.251322 -0.0001208
10.61 -0.135063 -8.85505e-005
10.62 -0.0118254 -5.43651e-005
10.63 0.0396238 -1.51396e-005
10.64 0.0883275 2.66512e-005
10.65 0.138675 6.98524e-005
10.66 0.189562 0.000113517
10.67 0.239872 0.000156686
10.68 0.28856 0.000198464
10.69 0.335316 0.000238583
10.7 0.380672 0.000277501
10.71 0.426016 0.000316409
10.72 0.471407 0.000355358
10.73 0.518321 0.000395613
10.74 0.567027 0.000437406
10.75 0.616557 0.000479905
10.76 0.624592 0.000522116
10.77 0.613581 0.000561443
10.78 0.604004 0.000595645
10.79 0.596199 0.000623521
10.8 0.590321 0.000644512
10.81 0.586506 0.000658138
10.82 0.584787 0.000664278
10.83 0.584123 0.000663469
10.84 0.578657 0.0006568
10.85 0.568706 0.00064466
10.86 0.553896 0.000626592
10.87 0.533689 0.00060194
10.88 0.507553 0.000570055
10.89 0.475438 0.000530877
10.9 0.43798 0.00048518
10.91 0.396439 0.000434501
10.92 0.352609 0.00038103
10.93 0.308646 0.000327397
10.94 0.266249 0.000275674
10.95 0.225777 0.0002263
10.96 0.186433 0.000178301
10.97 0.146502 0.000129588
10.98 0.104642 7.85196e-005
10.99 0.0597709 2.37788e-005
11 0.0126 -3.37678e-005
11.01 -0.139772 -8.82239e-005
11.02 -0.324442 -0.000139863
11.03 -0.514072 -0.00019289
11.04 -0.704546 -0.000246152
11.05 -0.890547 -0.000298164
11.06 -1.07438 -0.00034957
11.07 -1.25842 -0.000401033
11.08 -1.44314 -0.000452687
11.09 -1.6224 -0.000502813
11.1 -1.77973 -0.000546807
11.11 -1.88996 -0.000583211
11.12 -1.97534 -0.000613091
11.13 -2.03971 -0.000635882
11.14 -2.08601 -0.000652415
11.15 -2.11712 -0.000663595
11.16 -2.13552 -0.000670234
11.17 -2.14491 -0.000673629
11.18 -2.14897 -0.000675098
11.19 -2.15026 -0.000675568
11.2 -2.14858 -0.000675102
11.21 -2.14071 -0.000672919
11.22 -2.12194 -0.00066771
11.23 -2.08897 -0.000658566
11.24 -2.04141 -0.000645372
11.25 -1.98097 -0.000628607
11.26 -1.90967 -0.000608828
11.27 -1.82776 -0.000586108
11.28 -1.73321 -0.000559882
11.29 -1.62279 -0.000529252
11.3 -1.49393 -0.000493506
11.31 -1.34542 -0.00045231
11.32 -1.1775 -0.000405729
11.33 -0.992655 -0.000354456
11.34 -0.796262 -0.000299978
11.35 -0.595147 -0.00024419
11.36 -0.396147 -0.000188989
11.37 -0.201252 -0.000134926
11.38 -0.0141513 -7.99886e-005
11.39 0.040387 -2.27742e-005
11.4 0.0891063 3.66615e-005
11.41 0.137694 9.5937e-005
11.42 0.186609 0.000155611
11.43 0.236124 0.000216018
11.44 0.285953 0.000276807
11.45 0.335386 0.000337113
11.46 0.383563 0.000395888
11.47 0.430348 0.000452963
11.48 0.475534 0.000508089
11.49 0.518909 0.000561005
11.5 0.561471 0.000612928
11.51 0.57822 0.000664826
11.52 0.563711 0.000716644
11.53 0.549431 0.000767642
11.54 0.535774 0.000816418
11.55 0.523257 0.000861122
11.56 0.512521 0.000899464
11.57 0.503534 0.000931562
11.58 0.496148 0.00095794
11.59 0.490427 0.000978373
11.6 0.486436 0.000992625
11.61 0.484361 0.00100003
11.62 0.484341 0.00100011
11.63 0.480952 0.000992604
11.64 0.474 0.000977214
11.65 0.463212 0.000953334
11.66 0.448717 0.000921247
11.67 0.430993 0.000882013
11.68 0.410701 0.000837094
11.69 0.38859 0.000788148
11.7 0.365187 0.000736342
11.71 0.340802 0.000682363
11.72 0.315624 0.00062663
11.73 0.289745 0.000569342
11.74 0.263181 0.00051054
11.75 0.235975 0.000450315
11.76 0.208222 0.000388881
11.77 0.180033 0.000326481
11.78 0.151435 0.000263176
11.79 0.122199 0.000198457
11.8 0.0917474 0.00013105
11.81 0.0604941 6.18665e-005
11.82 0.0284179 -9.13812e-006
11.83 -0.00946536 -7.47015e-005
11.84 -0.21184 -0.000131503
11.85 -0.416073 -0.000188826
11.86 -0.618971 -0.000245774
11.87 -0.813279 -0.000300311
11.88 -0.998229 -0.000352222
11.89 -1.17054 -0.000400587
11.9 -1.32819 -0.000444832
11.91 -1.46959 -0.00048452
11.92 -1.59414 -0.000519478
11.93 -1.70235 -0.000549851
11.94 -1.79679 -0.000576357
11.95 -1.88141 -0.000600109
11.96 -1.95945 -0.000622012
11.97 -2.03169 -0.000642289
11.98 -2.09634 -0.000660434
11.99 -2.15018 -0.000675544
12 -2.18192 -0.000687064
12.01 -2.20341 -0.000694903
12.02 -2.21523 -0.000699228
12.03 -2.21819 -0.000700311
12.04 -2.21232 -0.000698684
12.05 -2.19763 -0.000694609
12.06 -2.17297 -0.000687767
12.07 -2.135 -0.000677235
12.08 -2.0797 -0.000661896
12.09 -2.0047 -0.000641091
12.1 -1.9101 -0.000614847
12.11 -1.79701 -0.000583479
12.12 -1.66628 -0.000547214
12.13 -1.51779 -0.000506024
12.14 -1.35292 -0.000460291
12.15 -1.17479 -0.000410878
12.16 -0.989087 -0.000359367
12.17 -0.80282 -0.000307697
12.18 -0.620501 -0.000257123
12.19 -0.445026 -0.000208448
12.2 -0.271035 -0.000160184
12.21 -0.0919909 -0.000110518
12.22 0.00808101 -5.93128e-005
12.23 0.0326161 -5.00128e-006
12.24 0.0576094 5.03246e-005
12.25 0.0818708 0.00010403
12.26 0.106289 0.000158082
12.27 0.130812 0.000212367
12.28 0.155176 0.000266301
12.29 0.178623 0.000318204
12.3 0.200807 0.00036731
12.31 0.221654 0.000413457
12.32 0.241216 0.000456761
12.33 0.25937 0.000496947
12.34 0.275953 0.000533655
12.35 0.290891 0.000566724
12.36 0.304004 0.000595749
12.37 0.314917 0.000619908
12.38 0.323208 0.00063826
12.39 0.328674 0.000650361
12.4 0.331505 0.000656627
12.41 0.332196 0.000658156
12.42 0.331288 0.000656146
12.43 0.329158 0.000651432
12.44 0.326022 0.000644489
12.45 0.322055 0.000635709
12.46 0.317406 0.000625417
12.47 0.312084 0.000613637
12.48 0.305989 0.000600144
12.49 0.299079 0.000584847
12.5 0.291472 0.000568008
12.51 0.28334 0.000550007
12.52 0.274703 0.000530889
12.53 0.265363 0.000510213
12.54 0.255035 0.000487351
12.55 0.243479 0.00046177
12.56 0.230462 0.000432955
12.57 0.215844 0.000400597
12.58 0.199664 0.00036478
12.59 0.182219 0.000326163
12.6 0.164037 0.000285916
12.61 0.145497 0.000244875
12.62 0.126993 0.000203914
12.63 0.10861 0.00016322
12.64 0.0901324 0.000122318
12.65 0.0718564 8.18622e-005
12.66 0.0536232 4.15005e-005
12.67 0.0359982 2.48546e-006
12.68 0.0188738 -3.54216e-005
12.69 0.00254351 -7.15708e-005
12.7 -0.0975578 -0.000104606
12.71 -0.208617 -0.000135803
12.72 -0.314588 -0.000165572
12.73 -0.414851 -0.000193737
12.74 -0.508998 -0.000220183
12.75 -0.597994 -0.000245183
12.76 -0.683044 -0.000269074
12.77 -0.764952 -0.000292083
12.78 -0.842763 -0.000313941
12.79 -0.913714 -0.000333872
12.8 -0.975744 -0.000351296
12.81 -1.02755 -0.00036585
12.82 -1.06916 -0.000377537
12.83 -1.10111 -0.000386512
12.84 -1.12378 -0.000392882
12.85 -1.13719 -0.000396649
12.86 -1.1412 -0.000397773
12.87 -1.13572 -0.000396255
12.88 -1.12082 -0.000392123
12.89 -1.09642 -0.000385353
12.9 -1.06206 -0.000375823
12.91 -1.01803 -0.000363608
12.92 -0.965981 -0.00034917
12.93 -0.908216 -0.000333146
12.94 -0.846681 -0.000316077
12.95 -0.781952 -0.000298122
12.96 -0.714064 -0.00027929
12.97 -0.642173 -0.000259348
12.98 -0.566074 -0.000238239
12.99 -0.486028 -0.000216034
13 -0.401139 -0.000192487
13.01 -0.306981 -0.000166368
13.02 -0.202889 -0.000137494
13.03 -0.0893688 -0.000106004
13.04 0.00277152 -7.1066e-005
13.05 0.0198185 -3.33303e-005
13.06 0.0376672 6.17989e-006
13.07 0.0558477 4.64248e-005
13.08 0.0740208 8.66532e-005
13.09 0.0919985 0.000126449
13.1 0.109579 0.000165366
13.11 0.126527 0.000202882
13.12 0.142671 0.000238619
13.13 0.157733 0.000271961
13.14 0.171721 0.000302926
13.15 0.184788 0.000331851
13.16 0.197184 0.00035929
13.17 0.209181 0.000385847
13.18 0.220879 0.000411742
13.19 0.232214 0.000436834
13.2 0.242782 0.000460228
13.21 0.252347 0.000481401
13.22 0.260729 0.000499956
13.23 0.267667 0.000515313
13.24 0.272847 0.000526779
13.25 0.276019 0.000533801
13.26 0.277105 0.000536207
13.27 0.276159 0.000534112
13.28 0.273178 0.000527512
13.29 0.268223 0.000516545
13.3 0.261414 0.000501471
13.31 0.252872 0.000482563
13.32 0.242752 0.000460161
13.33 0.231225 0.000434645
13.34 0.218519 0.000406518
13.35 0.204977 0.000376542
13.36 0.190876 0.000345327
13.37 0.176556 0.000313627
13.38 0.162181 0.000281806
13.39 0.147667 0.000249679
13.4 0.132908 0.000217007
13.41 0.117819 0.000183607
13.42 0.102458 0.000149604
13.43 0.086501 0.00011428
13.44 0.0703068 7.84318e-005
13.45 0.0541359 4.26355e-005
13.46 0.0378031 6.48082e-006
13.47 0.021697 -2.9172e-005
13.48 0.00632424 -6.32017e-005
13.49 -0.0624426 -9.47418e-005
13.5 -0.166674 -0.000124021
13.51 -0.266978 -0.000152198
13.52 -0.363138 -0.00017921
13.53 -0.457141 -0.000205616
13.54 -0.548468 -0.000231271
13.55 -0.634051 -0.000255312
13.56 -0.712723 -0.000277411
13.57 -0.783494 -0.000297292
13.58 -0.845083 -0.000314593
13.59 -0.896577 -0.000329058
13.6 -0.938079 -0.000340716
13.61 -0.970911 -0.000349939
13.62 -0.996665 -0.000357173
13.63 -1.01721 -0.000362943
13.64 -1.03267 -0.000367286
13.65 -1.04262 -0.000370081
13.66 -1.04646 -0.000371161
13.67 -1.04388 -0.000370445
13.68 -1.03511 -0.000368012
13.69 -1.02107 -0.000364118
13.7 -1.00219 -0.00035888
13.71 -0.977631 -0.000352069
13.72 -0.945601 -0.000343184
13.73 -0.904094 -0.00033167
13.74 -0.851309 -0.000317028
13.75 -0.786914 -0.000299165
13.76 -0.711853 -0.000278344
13.77 -0.627809 -0.00025503
13.78 -0.538319 -0.000230207
13.79 -0.443546 -0.000203917
13.8 -0.34321 -0.000176085
13.81 -0.239283 -0.000147256
13.82 -0.130735 -0.000117146
13.83 -0.0153181 -8.51299e-005
13.84 0.0115317 -5.16744e-005
13.85 0.0270091 -1.74131e-005
13.86 0.0428219 1.75905e-005
13.87 0.0585576 5.24234e-005
13.88 0.0739081 8.64038e-005
13.89 0.0887157 0.000119182
13.9 0.102464 0.000149616
13.91 0.11514 0.000177676
13.92 0.126791 0.000203467
13.93 0.137807 0.000227853
13.94 0.148501 0.000251525
13.95 0.159001 0.000274768
13.96 0.169254 0.000297465
13.97 0.179056 0.000319161
13.98 0.188369 0.000339778
13.99 0.196908 0.000358679
14 0.204625 0.000375761
14.01 0.21167 0.000391358
14.02 0.218226 0.000405869
14.03 0.224214 0.000419124
14.04 0.229428 0.000430667
14.05 0.233452 0.000439575
14.06 0.235863 0.000444911
14.07 0.236351 0.000445992
14.08 0.234701 0.000442339
14.09 0.23104 0.000434236
14.1 0.225587 0.000422164
14.11 0.218557 0.000406603
14.12 0.210264 0.000388244
14.13 0.201013 0.000367767
14.14 0.191022 0.00034565
14.15 0.180667 0.000322729
14.16 0.170075 0.000299282
14.17 0.159329 0.000275494
14.18 0.148484 0.000251487
14.19 0.137302 0.000226735
14.2 0.125628 0.000200892
14.21 0.113507 0.000174062
14.22 0.101148 0.000146703
14.23 0.088393 0.000118468
14.24 0.0753515 8.95988e-005
14.25 0.0619799 5.99992e-005
14.26 0.0481402 2.93634e-005
14.27 0.0337933 -2.39531e-006
14.28 0.0189207 -3.53178e-005
14.29 0.00398534 -6.83791e-005
14.3 -0.0812082 -0.000100013
14.31 -0.18818 -0.000130063
14.32 -0.288632 -0.000158281
14.33 -0.38119 -0.000184281
14.34 -0.463296 -0.000207345
14.35 -0.532898 -0.000226897
14.36 -0.590103 -0.000242967
14.37 -0.636036 -0.00025587
14.38 -0.67233 -0.000266065
14.39 -0.700682 -0.000274029
14.4 -0.72242 -0.000280135
14.41 -0.738096 -0.000284539
14.42 -0.748911 -0.000287577
14.43 -0.756115 -0.000289601
14.44 -0.760134 -0.00029073
14.45 -0.760774 -0.00029091
14.46 -0.758109 -0.00029017
14.47 -0.752755 -0.000288685
14.48 -0.745363 -0.000286635
14.49 -0.736238 -0.000284103
14.5 -0.724377 -0.000280813
14.51 -0.707823 -0.000276221
14.52 -0.684596 -0.000269778
14.53 -0.653765 -0.000261226
14.54 -0.614751 -0.000250404
14.55 -0.567383 -0.000237264
14.56 -0.511496 -0.000221761
14.57 -0.447968 -0.000204139
14.58 -0.377814 -0.000184679
14.59 -0.300827 -0.000163324
14.6 -0.217273 -0.000140146
14.61 -0.12859 -0.000115546
14.62 -0.0350179 -8.959e-005
14.63 0.00681291 -6.21199e-005
14.64 0.019562 -3.38981e-005
14.65 0.0322392 -5.83565e-006
14.66 0.0444347 2.11607e-005
14.67 0.0560657 4.69074e-005
14.68 0.0670555 7.12346e-005
14.69 0.0776083 9.45946e-005
14.7 0.0878861 0.000117346
14.71 0.0979372 0.000139595
14.72 0.107952 0.000161763
14.73 0.118207 0.000184466
14.74 0.129033 0.000208429
14.75 0.140404 0.000233602
14.76 0.151909 0.000259068
14.77 0.163099 0.000283839
14.78 0.17369 0.000307284
14.79 0.183539 0.000329086
14.8 0.192638 0.000349228
14.81 0.20088 0.000367472
14.82 0.207958 0.000383141
14.83 0.213641 0.000395719
14.84 0.217906 0.000405161
14.85 0.22087 0.000411722
14.86 0.222923 0.000416267
14.87 0.224226 0.000419151
14.88 0.224789 0.000420397
14.89 0.224597 0.000419973
14.9 0.223581 0.000417724
14.91 0.221647 0.000413442
14.92 0.218913 0.000407389
14.93 0.215447 0.000399718
14.94 0.211191 0.000390296
14.95 0.206278 0.000379422
14.96 0.2009 0.000367517
14.97 0.195289 0.000355096
14.98 0.189276 0.000341784
14.99 0.182767 0.000327377
15 0.17581 0.000311976
