0.1 0 0
0.2 0 0
0.3 0 0
0.4 0 0
0.5 0 0
0.6 0 0
0.7 0 0
0.8 0 0
0.9 0 0
1 0 0
0.01 9.01226e-005 2.49993e-008
0.02 0.000347442 9.63778e-008
0.03 0.000650162 1.8035e-007
0.04 0.000882462 2.44789e-007
0.05 0.00103531 2.87187e-007
0.06 0.0011064 3.06906e-007
0.07 0.00109739 3.04409e-007
0.08 0.00101538 2.8166e-007
0.09 0.000872155 2.41929e-007
0.1 0.000681591 1.89068e-007
0.11 0.000457793 1.26988e-007
0.12 0.000213533 5.92324e-008
0.13 -4.08951e-005 -1.1344e-008
0.14 -0.000296442 -8.22321e-008
0.15 -0.000542714 -1.50549e-007
0.16 -0.000769108 -2.13353e-007
0.17 -0.000968892 -2.68776e-007
0.18 -0.00114325 -3.17145e-007
0.19 -0.0013047 -3.61936e-007
0.2 -0.00147445 -4.0903e-007
0.21 -0.00167529 -4.64751e-007
0.22 -0.0019272 -5.3464e-007
0.23 -0.00224314 -6.22299e-007
0.24 -0.00262583 -7.2848e-007
0.25 -0.00306676 -8.50823e-007
0.26 -0.00354999 -9.84909e-007
0.27 -0.00406333 -1.12736e-006
0.28 -0.00460284 -1.27708e-006
0.29 -0.00516366 -1.43272e-006
0.3 -0.00573387 -1.59097e-006
0.31 -0.0063004 -1.74821e-006
0.32 -0.00684927 -1.90056e-006
0.33 -0.00735929 -2.04214e-006
0.34 -0.007811 -2.16753e-006
0.35 -0.00820005 -2.27553e-006
0.36 -0.00853526 -2.36859e-006
0.37 -0.00882764 -2.44976e-006
0.38 -0.00908242 -2.5205e-006
0.39 -0.00929918 -2.58068e-006
0.4 -0.00947905 -2.63062e-006
0.41 -0.00963165 -2.67299e-006
0.42 -0.00977086 -2.71164e-006
0.43 -0.00990504 -2.7489e-006
0.44 -0.0100351 -2.78501e-006
0.45 -0.0101584 -2.81923e-006
0.46 -0.0102759 -2.85186e-006
0.47 -0.0103929 -2.88436e-006
0.48 -0.0105031 -2.91496e-006
0.49 -0.0105842 -2.93747e-006
0.5 -0.0106166 -2.94647e-006
0.51 -0.0105902 -2.93914e-006
0.52 -0.0104889 -2.91106e-006
0.53 -0.010295 -2.85726e-006
0.54 -0.0100153 -2.77966e-006
0.55 -0.00968615 -2.68837e-006
0.56 -0.00933196 -2.59012e-006
0.57 -0.00892515 -2.47728e-006
0.58 -0.00841691 -2.33629e-006
0.59 -0.0078035 -2.16614e-006
0.6 -0.00714103 -1.98238e-006
0.61 -0.00649535 -1.80327e-006
0.62 -0.00589704 -1.6373e-006
0.63 -0.00536476 -1.48965e-006
0.64 -0.00492474 -1.36759e-006
0.65 -0.00456239 -1.26708e-006
0.66 -0.00422296 -1.17292e-006
0.67 -0.00387865 -1.07741e-006
0.68 -0.00353137 -9.81082e-007
0.69 -0.00317047 -8.80969e-007
0.7 -0.00278086 -7.72894e-007
0.71 -0.0023713 -6.59286e-007
0.72 -0.00196083 -5.45425e-007
0.73 -0.00154777 -4.30844e-007
0.74 -0.00109323 -3.04759e-007
0.75 -0.000544113 -1.52438e-007
0.76 0.000108683 2.86438e-008
0.77 0.000805454 2.21923e-007
0.78 0.00144682 3.99832e-007
0.79 0.00195408 5.40542e-007
0.8 0.00231002 6.3928e-007
0.81 0.0025265 6.99328e-007
0.82 0.0026008 7.1994e-007
0.83 0.00253352 7.01276e-007
0.84 0.00235715 6.52351e-007
0.85 0.00210589 5.82655e-007
0.86 0.00179917 4.97574e-007
0.87 0.00150928 4.17158e-007
0.88 0.00135046 3.73104e-007
0.89 0.00134432 3.714e-007
0.9 0.00138209 3.81878e-007
0.91 0.00135671 3.74838e-007
0.92 0.00131064 3.62057e-007
0.93 0.0013939 3.85154e-007
0.94 0.00166182 4.59474e-007
0.95 0.00198008 5.47756e-007
0.96 0.00213911 5.91871e-007
0.97 0.00205374 5.6819e-007
0.98 0.00182465 5.0464e-007
0.99 0.00156593 4.32873e-007
1 0.00126663 3.49849e-007
1.01 0.000867921 2.39251e-007
1.02 0.000353957 9.66812e-008
1.03 -0.000253822 -7.19124e-008
1.04 -0.000900648 -2.51337e-007
1.05 -0.0014936 -4.15817e-007
1.06 -0.00194005 -5.39659e-007
1.07 -0.00221618 -6.16256e-007
1.08 -0.00241128 -6.70376e-007
1.09 -0.00262318 -7.29155e-007
1.1 -0.00279549 -7.76952e-007
1.11 -0.00279056 -7.75585e-007
1.12 -0.00261028 -7.25576e-007
1.13 -0.00243217 -6.7617e-007
1.14 -0.00244707 -6.80305e-007
1.15 -0.00279802 -7.77655e-007
1.16 -0.00357473 -9.93107e-007
1.17 -0.00467435 -1.29813e-006
1.18 -0.0058143 -1.61435e-006
1.19 -0.00674595 -1.87278e-006
1.2 -0.00738026 -2.04873e-006
1.21 -0.00776399 -2.15518e-006
1.22 -0.00798379 -2.21615e-006
1.23 -0.00810441 -2.24961e-006
1.24 -0.00817227 -2.26843e-006
1.25 -0.00824843 -2.28956e-006
1.26 -0.00839936 -2.33143e-006
1.27 -0.00863729 -2.39743e-006
1.28 -0.00892218 -2.47645e-006
1.29 -0.00917913 -2.54773e-006
1.3 -0.00932159 -2.58725e-006
1.31 -0.00935129 -2.59548e-006
1.32 -0.00937668 -2.60253e-006
1.33 -0.00951026 -2.63958e-006
1.34 -0.00985968 -2.73651e-006
1.35 -0.0104911 -2.91165e-006
1.36 -0.0112433 -3.12051e-006
1.37 -0.01177 -3.26676e-006
1.38 -0.0118184 -3.28019e-006
1.39 -0.011426 -3.17135e-006
1.4 -0.0108551 -3.013e-006
1.41 -0.010244 -2.84348e-006
1.42 -0.00948909 -2.63407e-006
1.43 -0.00854359 -2.3718e-006
1.44 -0.0075275 -2.08994e-006
1.45 -0.00656871 -1.82398e-006
1.46 -0.00570101 -1.58328e-006
1.47 -0.00481604 -1.3378e-006
1.48 -0.00365221 -1.01496e-006
1.49 -0.00190486 -5.30259e-007
1.5 0.00051343 1.40558e-007
1.51 0.00324307 8.9774e-007
1.52 0.00563941 1.56247e-006
1.53 0.00734144 2.0346e-006
1.54 0.00852886 2.36398e-006
1.55 0.00955095 2.6475e-006
1.56 0.0106068 2.94039e-006
1.57 0.0117627 3.26101e-006
1.58 0.0129964 3.60323e-006
1.59 0.0142299 3.9454e-006
1.6 0.0154712 4.28973e-006
1.61 0.0169048 4.6874e-006
1.62 0.0186579 5.17369e-006
1.63 0.0203678 5.64802e-006
1.64 0.0211906 5.87627e-006
1.65 0.0205371 5.69497e-006
1.66 0.0186714 5.17745e-006
1.67 0.0164583 4.56354e-006
1.68 0.0146532 4.06281e-006
1.69 0.0134719 3.73514e-006
1.7 0.0127411 3.53242e-006
1.71 0.0121892 3.37933e-006
1.72 0.0114932 3.18626e-006
1.73 0.0103514 2.86954e-006
1.74 0.00864481 2.39615e-006
1.75 0.0064103 1.77631e-006
1.76 0.00373646 1.0346e-006
1.77 0.00082272 2.26353e-007
1.78 -0.00192597 -5.36114e-007
1.79 -0.00413682 -1.14939e-006
1.8 -0.00587553 -1.63169e-006
1.81 -0.00762154 -2.11603e-006
1.82 -0.00984142 -2.7318e-006
1.83 -0.0126507 -3.51136e-006
1.84 -0.0157954 -4.38486e-006
1.85 -0.0187871 -5.21613e-006
1.86 -0.0210812 -5.85371e-006
1.87 -0.0224984 -6.24765e-006
1.88 -0.0235737 -6.5466e-006
1.89 -0.0250988 -6.97064e-006
1.9 -0.0271788 -7.54908e-006
1.91 -0.0291402 -8.09464e-006
1.92 -0.0302956 -8.41607e-006
1.93 -0.0303843 -8.44073e-006
1.94 -0.0294645 -8.18559e-006
1.95 -0.0277598 -7.71271e-006
1.96 -0.0256927 -7.13933e-006
1.97 -0.0238587 -6.63059e-006
1.98 -0.0226711 -6.30115e-006
1.99 -0.0221063 -6.14448e-006
2 -0.0218009 -6.05976e-006
2.01 -0.0212762 -5.91421e-006
2.02 -0.0201426 -5.59975e-006
2.03 -0.0181442 -5.04542e-006
2.04 -0.0151962 -4.22767e-006
2.05 -0.0116166 -3.2347e-006
2.06 -0.00801617 -2.23598e-006
2.07 -0.00466972 -1.30769e-006
2.08 -0.00127439 -3.65854e-007
2.09 0.00258732 7.05374e-007
2.1 0.00692619 1.90894e-006
2.11 0.0113628 3.13962e-006
2.12 0.0155973 4.31425e-006
2.13 0.0196025 5.42525e-006
2.14 0.0234247 6.48551e-006
2.15 0.0269907 7.4747e-006
2.16 0.0300168 8.31411e-006
2.17 0.0321824 8.91482e-006
2.18 0.0334928 9.27834e-006
2.19 0.034244 9.48669e-006
2.2 0.0345962 9.58441e-006
2.21 0.0345319 9.56657e-006
2.22 0.0341658 9.46501e-006
2.23 0.0337792 9.35778e-006
2.24 0.033538 9.29086e-006
2.25 0.0333517 9.23919e-006
2.26 0.0330735 9.16203e-006
2.27 0.0325705 9.0225e-006
2.28 0.0315985 8.75286e-006
2.29 0.0299453 8.29427e-006
2.3 0.0276366 7.65387e-006
2.31 0.0248148 6.8711e-006
2.32 0.0215879 5.97601e-006
2.33 0.0180632 4.99828e-006
2.34 0.0143541 3.96939e-006
2.35 0.0105328 2.90939e-006
2.36 0.00661915 1.82377e-006
2.37 0.00268714 7.33063e-007
2.38 -0.00114305 -3.29406e-007
2.39 -0.00493926 -1.38245e-006
2.4 -0.00880925 -2.45596e-006
2.41 -0.0125351 -3.48949e-006
2.42 -0.0157755 -4.38836e-006
2.43 -0.0183873 -5.11284e-006
2.44 -0.0203322 -5.65234e-006
2.45 -0.0216173 -6.00883e-006
2.46 -0.0224239 -6.23256e-006
2.47 -0.0230381 -6.40296e-006
2.48 -0.0236187 -6.56401e-006
2.49 -0.0241157 -6.70185e-006
2.5 -0.0243118 -6.75626e-006
2.51 -0.0240029 -6.67057e-006
2.52 -0.0232058 -6.44947e-006
2.53 -0.0221051 -6.14414e-006
2.54 -0.0209455 -5.82248e-006
2.55 -0.0199887 -5.55708e-006
2.56 -0.0193933 -5.39191e-006
2.57 -0.0191511 -5.32471e-006
2.58 -0.0191069 -5.31245e-006
2.59 -0.018936 -5.26506e-006
2.6 -0.0182211 -5.06674e-006
2.61 -0.0167376 -4.65524e-006
2.62 -0.0146376 -4.07271e-006
2.63 -0.0122661 -3.41489e-006
2.64 -0.00969708 -2.70224e-006
2.65 -0.00649991 -1.81537e-006
2.66 -0.00224622 -6.35429e-007
2.67 0.00282898 7.72407e-007
2.68 0.00787024 2.17082e-006
2.69 0.0120675 3.33509e-006
2.7 0.0152729 4.22427e-006
2.71 0.0179405 4.96422e-006
2.72 0.0205091 5.67676e-006
2.73 0.0228939 6.33826e-006
2.74 0.0245933 6.80967e-006
2.75 0.0252728 6.99817e-006
2.76 0.0250854 6.94617e-006
2.77 0.024477 6.77741e-006
2.78 0.0237987 6.58926e-006
2.79 0.0230514 6.38197e-006
2.8 0.0220647 6.10827e-006
2.81 0.0210278 5.82064e-006
2.82 0.0205642 5.69202e-006
2.83 0.0211636 5.8583e-006
2.84 0.0227472 6.29759e-006
2.85 0.0247268 6.8467e-006
2.86 0.0263899 7.30803e-006
2.87 0.0271604 7.52177e-006
2.88 0.0266177 7.37121e-006
2.89 0.0246208 6.81731e-006
2.9 0.0214384 5.93453e-006
2.91 0.0174918 4.83976e-006
2.92 0.0130034 3.59473e-006
2.93 0.00808675 2.23087e-006
2.94 0.00297914 8.14061e-007
2.95 -0.0020233 -5.73581e-007
2.96 -0.00667767 -1.86467e-006
2.97 -0.0106432 -2.96469e-006
2.98 -0.0133973 -3.72866e-006
2.99 -0.0145615 -4.05159e-006
3 -0.0142764 -3.9725e-006
3.01 -0.013118 -3.65117e-006
3.02 -0.0116678 -3.24889e-006
3.03 -0.0102226 -2.848e-006
3.04 -0.00878045 -2.44797e-006
3.05 -0.00726371 -2.02724e-006
3.06 -0.0057775 -1.61498e-006
3.07 -0.00460352 -1.28932e-006
3.08 -0.0040351 -1.13165e-006
3.09 -0.00413316 -1.15885e-006
3.1 -0.00461112 -1.29143e-006
3.11 -0.00522516 -1.46176e-006
3.12 -0.00615677 -1.72018e-006
3.13 -0.00773219 -2.15719e-006
3.14 -0.00982197 -2.73688e-006
3.15 -0.0116696 -3.24941e-006
3.16 -0.0123459 -3.437e-006
3.17 -0.0112322 -3.12806e-006
3.18 -0.00825886 -2.30329e-006
3.19 -0.00402949 -1.13009e-006
3.2 0.000498013 1.25814e-007
3.21 0.00475354 1.30627e-006
3.22 0.00886848 2.44772e-006
3.23 0.0131823 3.64436e-006
3.24 0.0177009 4.89778e-006
3.25 0.0220668 6.10884e-006
3.26 0.0256338 7.09831e-006
3.27 0.0275061 7.61767e-006
3.28 0.0269863 7.47347e-006
3.29 0.0242278 6.70829e-006
3.3 0.0203117 5.62197e-006
3.31 0.0166277 4.60007e-006
3.32 0.0141525 3.91346e-006
3.33 0.0132834 3.67238e-006
3.34 0.0141934 3.92482e-006
3.35 0.0168604 4.66463e-006
3.36 0.0206694 5.72121e-006
3.37 0.0244792 6.77804e-006
3.38 0.02723 7.54107e-006
3.39 0.0284635 7.88323e-006
3.4 0.0285386 7.90408e-006
3.41 0.0284135 7.86937e-006
3.42 0.0289172 8.00909e-006
3.43 0.030048 8.32277e-006
3.44 0.0310195 8.59226e-006
3.45 0.0309261 8.56634e-006
3.46 0.0292921 8.1131e-006
3.47 0.0261978 7.25476e-006
3.48 0.0221495 6.13178e-006
3.49 0.0178701 4.9447e-006
3.5 0.0142043 3.92783e-006
3.51 0.0119514 3.30289e-006
3.52 0.0112986 3.12182e-006
3.53 0.0115616 3.19478e-006
3.54 0.011809 3.26339e-006
3.55 0.0116036 3.20642e-006
3.56 0.0111868 3.09081e-006
3.57 0.011078 3.06061e-006
3.58 0.0115366 3.18784e-006
3.59 0.0124051 3.42875e-006
3.6 0.0131794 3.64355e-006
3.61 0.0132149 3.65338e-006
3.62 0.0121704 3.36366e-006
3.63 0.0102744 2.8377e-006
3.64 0.00805476 2.222e-006
3.65 0.00588625 1.62047e-006
3.66 0.00384734 1.05489e-006
3.67 0.00198557 5.38452e-007
3.68 0.000477434 1.20106e-007
3.69 -0.000661466 -1.95817e-007
3.7 -0.00173226 -4.9285e-007
3.71 -0.00308495 -8.68077e-007
3.72 -0.00498567 -1.39532e-006
3.73 -0.00754748 -2.10595e-006
3.74 -0.010485 -2.92081e-006
3.75 -0.0132903 -3.69897e-006
3.76 -0.0157073 -4.36943e-006
3.77 -0.017807 -4.95187e-006
3.78 -0.0197493 -5.49065e-006
3.79 -0.0216466 -6.01695e-006
3.8 -0.0235929 -6.55683e-006
3.81 -0.0255914 -7.1112e-006
3.82 -0.0273417 -7.59675e-006
3.83 -0.0283731 -7.88285e-006
3.84 -0.0286598 -7.96236e-006
3.85 -0.0288536 -8.01614e-006
3.86 -0.0296294 -8.23132e-006
3.87 -0.0310127 -8.61556e-006
3.88 -0.0325346 -9.03902e-006
3.89 -0.0337628 -9.38081e-006
3.9 -0.0344734 -9.57858e-006
3.91 -0.0343922 -9.55605e-006
3.92 -0.0329823 -9.16496e-006
3.93 -0.0298761 -8.30332e-006
3.94 -0.0253909 -7.05916e-006
3.95 -0.020184 -5.61481e-006
3.96 -0.0146801 -4.08805e-006
3.97 -0.00912805 -2.54796e-006
3.98 -0.00381204 -1.07333e-006
3.99 0.00105997 2.7815e-007
4 0.00569522 1.56394e-006
4.01 0.0107924 2.97785e-006
4.02 0.0168236 4.65087e-006
4.03 0.0234152 6.47932e-006
4.04 0.029853 8.26513e-006
4.05 0.0356678 9.8781e-006
4.06 0.0404801 1.1213e-005
4.07 0.0440485 1.22029e-005
4.08 0.0467816 1.2961e-005
4.09 0.0496807 1.37652e-005
4.1 0.0535907 1.48498e-005
4.11 0.0587258 1.62742e-005
4.12 0.064629 1.79118e-005
4.13 0.0702818 1.94798e-005
4.14 0.0746884 2.07022e-005
4.15 0.0774931 2.14802e-005
4.16 0.0788834 2.18658e-005
4.17 0.0792096 2.19563e-005
4.18 0.0787642 2.18327e-005
4.19 0.0777298 2.15458e-005
4.2 0.0762851 2.11451e-005
4.21 0.0745155 2.06542e-005
4.22 0.0721594 2.00006e-005
4.23 0.0688963 1.90955e-005
4.24 0.0647724 1.79515e-005
4.25 0.059919 1.66052e-005
4.26 0.0543398 1.50576e-005
4.27 0.0481841 1.335e-005
4.28 0.0417068 1.15533e-005
4.29 0.0350979 9.72002e-006
4.3 0.0286609 7.93444e-006
4.31 0.0227181 6.28597e-006
4.32 0.0171338 4.73692e-006
4.33 0.0113243 3.1254e-006
4.34 0.00481579 1.31999e-006
4.35 -0.00245167 -6.95953e-007
4.36 -0.0103116 -2.87625e-006
4.37 -0.018554 -5.16263e-006
4.38 -0.0268471 -7.46308e-006
4.39 -0.034527 -9.5935e-006
4.4 -0.0407231 -1.13185e-005
4.41 -0.0451047 -1.2539e-005
4.42 -0.0481421 -1.33853e-005
4.43 -0.0507768 -1.41197e-005
4.44 -0.053929 -1.49985e-005
4.45 -0.0579597 -1.61226e-005
4.46 -0.0623198 -1.73392e-005
4.47 -0.066016 -1.83709e-005
4.48 -0.0683973 -1.90357e-005
4.49 -0.0692585 -1.92762e-005
4.5 -0.0685665 -1.90843e-005
4.51 -0.0666277 -1.85464e-005
4.52 -0.0642236 -1.78796e-005
4.53 -0.0619314 -1.72437e-005
4.54 -0.0595524 -1.65838e-005
4.55 -0.0565604 -1.57539e-005
4.56 -0.0526382 -1.46659e-005
4.57 -0.047712 -1.32994e-005
4.58 -0.0420137 -1.17187e-005
4.59 -0.0362127 -1.01096e-005
4.6 -0.031193 -8.71713e-006
4.61 -0.0273446 -7.64959e-006
4.62 -0.0240724 -6.7419e-006
4.63 -0.0204174 -5.72803e-006
4.64 -0.0161764 -4.55162e-006
4.65 -0.0120338 -3.40249e-006
4.66 -0.00870884 -2.48017e-006
4.67 -0.00628832 -1.80873e-006
4.68 -0.00427584 -1.25049e-006
4.69 -0.00211057 -6.49855e-007
4.7 0.000320074 2.4589e-008
4.71 0.00266906 6.7618e-007
4.72 0.00464157 1.22334e-006
4.73 0.00622972 1.66388e-006
4.74 0.00738818 1.98523e-006
4.75 0.00790111 2.12751e-006
4.76 0.00746677 2.00703e-006
4.77 0.00568537 1.51288e-006
4.78 0.00238023 5.96062e-007
4.79 -0.00192388 -5.97872e-007
4.8 -0.00627623 -1.8052e-006
4.81 -0.0100022 -2.83876e-006
4.82 -0.0129248 -3.64948e-006
4.83 -0.0152323 -4.28957e-006
4.84 -0.017378 -4.88478e-006
4.85 -0.0197928 -5.55463e-006
4.86 -0.022242 -6.23403e-006
4.87 -0.0238951 -6.69258e-006
4.88 -0.024453 -6.84735e-006
4.89 -0.0245382 -6.871e-006
4.9 -0.024873 -6.96387e-006
4.91 -0.0257178 -7.19821e-006
4.92 -0.0272234 -7.61585e-006
4.93 -0.029773 -8.3231e-006
4.94 -0.0334531 -9.34393e-006
4.95 -0.0374882 -1.04633e-005
4.96 -0.0407326 -1.13632e-005
4.97 -0.0425233 -1.186e-005
4.98 -0.0427241 -1.19157e-005
4.99 -0.0413884 -1.15452e-005
5 -0.03906 -1.08993e-005
5.01 -0.0369377 -1.03106e-005
5.02 -0.0358692 -1.00142e-005
5.03 -0.035567 -9.93035e-006
5.04 -0.0352806 -9.8509e-006
5.05 -0.0345822 -9.65718e-006
5.06 -0.0332339 -9.28316e-006
5.07 -0.0312845 -8.74241e-006
5.08 -0.029529 -8.25545e-006
5.09 -0.0290774 -8.13019e-006
5.1 -0.0304557 -8.51251e-006
5.11 -0.0335395 -9.36793e-006
5.12 -0.0380645 -1.06231e-005
5.13 -0.0435179 -1.21359e-005
5.14 -0.0486391 -1.35565e-005
5.15 -0.0519223 -1.44672e-005
5.16 -0.0529061 -1.47401e-005
5.17 -0.0523896 -1.45969e-005
5.18 -0.0515543 -1.43651e-005
5.19 -0.0515472 -1.43632e-005
5.2 -0.0535124 -1.49083e-005
5.21 -0.0579723 -1.61455e-005
5.22 -0.063892 -1.77876e-005
5.23 -0.069161 -1.92492e-005
5.24 -0.0720747 -2.00628e-005
5.25 -0.0720794 -2.00641e-005
5.26 -0.0695742 -1.93692e-005
5.27 -0.0657166 -1.82991e-005
5.28 -0.0616635 -1.71748e-005
5.29 -0.057909 -1.61333e-005
5.3 -0.0546042 -1.52166e-005
5.31 -0.0519584 -1.44827e-005
5.32 -0.0497621 -1.38734e-005
5.33 -0.047151 -1.31491e-005
5.34 -0.0432136 -1.20569e-005
5.35 -0.0376559 -1.05152e-005
5.36 -0.0308357 -8.62337e-006
5.37 -0.0231482 -6.4909e-006
5.38 -0.0146079 -4.12189e-006
5.39 -0.00518265 -1.5074e-006
5.4 0.00483065 1.27044e-006
5.41 0.0149412 4.07504e-006
5.42 0.0247136 6.78584e-006
5.43 0.0340196 9.36726e-006
5.44 0.0431835 1.19093e-005
5.45 0.0525773 1.4515e-005
5.46 0.0619834 1.71242e-005
5.47 0.0705713 1.95064e-005
5.48 0.0774073 2.14027e-005
5.49 0.0819048 2.26502e-005
5.5 0.0842507 2.3301e-005
5.51 0.0853956 2.36186e-005
5.52 0.0860843 2.38096e-005
5.53 0.0863496 2.38832e-005
5.54 0.0861809 2.38364e-005
5.55 0.085695 2.37016e-005
5.56 0.0846967 2.34247e-005
5.57 0.0829686 2.29454e-005
5.58 0.0808405 2.2355e-005
5.59 0.0790413 2.1856e-005
5.6 0.0781275 2.16025e-005
5.61 0.0781437 2.16069e-005
5.62 0.0785201 2.17114e-005
5.63 0.0781076 2.15969e-005
5.64 0.0756518 2.09157e-005
5.65 0.0705781 1.95083e-005
5.66 0.0634502 1.75311e-005
5.67 0.0556737 1.53739e-005
5.68 0.0484964 1.3383e-005
5.69 0.0421149 1.16128e-005
5.7 0.0357664 9.85181e-006
5.71 0.0286714 7.88369e-006
5.72 0.0207273 5.68006e-006
5.73 0.0123047 3.34368e-006
5.74 0.00356638 9.19743e-007
5.75 -0.00586708 -1.69705e-006
5.76 -0.0165369 -4.6568e-006
5.77 -0.0285759 -7.99637e-006
5.78 -0.0415627 -1.15989e-005
5.79 -0.0545966 -1.52144e-005
5.8 -0.0663737 -1.84813e-005
5.81 -0.0758593 -2.11201e-005
5.82 -0.0837576 -2.33281e-005
5.83 -0.0927484 -2.58435e-005
5.84 -0.105104 -2.9304e-005
5.85 -0.120311 -3.35687e-005
5.86 -0.135562 -3.78521e-005
5.87 -0.14824 -4.14179e-005
5.88 -0.157435 -4.40069e-005
5.89 -0.163881 -4.58234e-005
5.9 -0.16909 -4.7292e-005
5.91 -0.17417 -4.8725e-005
5.92 -0.179404 -5.02023e-005
5.93 -0.184472 -5.16333e-005
5.94 -0.188299 -5.27145e-005
5.95 -0.189105 -5.2942e-005
5.96 -0.185154 -5.18462e-005
5.97 -0.175847 -4.92646e-005
5.98 -0.162013 -4.54271e-005
5.99 -0.145127 -4.07429e-005
6 -0.125976 -3.54307e-005
6.01 -0.1042 -2.93902e-005
6.02 -0.0789817 -2.23947e-005
6.03 -0.0495398 -1.42278e-005
6.04 -0.0154636 -4.77528e-006
6.05 0.0223504 5.71821e-006
6.06 0.0615179 1.6583e-005
6.07 0.098986 2.69764e-005
6.08 0.132098 3.61614e-005
6.09 0.159472 4.37548e-005
6.1 0.181378 4.98314e-005
6.11 0.198981 5.47142e-005
6.12 0.213504 5.87429e-005
6.13 0.226035 6.22187e-005
6.14 0.236977 6.5254e-005
6.15 0.245725 6.76808e-005
6.16 0.251476 6.9276e-005
6.17 0.253985 6.99721e-005
6.18 0.253566 6.98557e-005
6.19 0.251346 6.92399e-005
6.2 0.249393 6.86982e-005
6.21 0.249239 6.86555e-005
6.22 0.249937 6.88492e-005
6.23 0.248063 6.83292e-005
6.24 0.240062 6.61098e-005
6.25 0.224989 6.19287e-005
6.26 0.205445 5.65074e-005
6.27 0.186135 5.1151e-005
6.28 0.170826 4.69043e-005
6.29 0.159742 4.38296e-005
6.3 0.149481 4.09833e-005
6.31 0.136237 3.73094e-005
6.32 0.119306 3.2613e-005
6.33 0.101251 2.76046e-005
6.34 0.0859208 2.33522e-005
6.35 0.0763259 2.06906e-005
6.36 0.0728678 1.97314e-005
6.37 0.0721364 1.95285e-005
6.38 0.068009 1.83836e-005
6.39 0.0562166 1.51124e-005
6.4 0.0378384 1.00145e-005
6.41 0.0170995 4.26165e-006
6.42 -0.00254079 -1.18649e-006
6.43 -0.0189597 -5.74134e-006
6.44 -0.0309278 -9.06145e-006
6.45 -0.0389788 -1.12949e-005
6.46 -0.0452936 -1.30468e-005
6.47 -0.0517313 -1.48327e-005
6.48 -0.0582005 -1.66273e-005
6.49 -0.063316 -1.80464e-005
6.5 -0.0661057 -1.88203e-005
6.51 -0.0668736 -1.90333e-005
6.52 -0.0665555 -1.89451e-005
6.53 -0.0652851 -1.85927e-005
6.54 -0.0624145 -1.77964e-005
6.55 -0.0583522 -1.66696e-005
6.56 -0.055409 -1.58532e-005
6.57 -0.0564316 -1.61368e-005
6.58 -0.0631768 -1.80079e-005
6.59 -0.0751986 -2.13428e-005
6.6 -0.0896393 -2.53489e-005
6.61 -0.102753 -2.8987e-005
6.62 -0.112035 -3.15618e-005
6.63 -0.117051 -3.29533e-005
6.64 -0.119006 -3.34957e-005
6.65 -0.119622 -3.36665e-005
6.66 -0.119871 -3.37356e-005
6.67 -0.119675 -3.36812e-005
6.68 -0.118828 -3.34462e-005
6.69 -0.117886 -3.31849e-005
6.7 -0.117744 -3.31456e-005
6.71 -0.118412 -3.33308e-005
6.72 -0.118787 -3.34348e-005
6.73 -0.118361 -3.33167e-005
6.74 -0.118944 -3.34784e-005
6.75 -0.1239 -3.48533e-005
6.76 -0.136068 -3.8229e-005
6.77 -0.156484 -4.38925e-005
6.78 -0.183974 -5.15188e-005
6.79 -0.214929 -6.02489e-005
6.8 -0.2455 -6.89232e-005
6.81 -0.272193 -7.65192e-005
6.82 -0.293088 -8.24796e-005
6.83 -0.307627 -8.66342e-005
6.84 -0.315389 -8.88551e-005
6.85 -0.315859 -8.89894e-005
6.86 -0.309331 -8.71787e-005
6.87 -0.297341 -8.38528e-005
6.88 -0.280976 -7.93132e-005
6.89 -0.260119 -7.35278e-005
6.9 -0.234208 -6.63402e-005
6.91 -0.204342 -5.80555e-005
6.92 -0.174157 -4.96825e-005
6.93 -0.147807 -4.2373e-005
6.94 -0.126887 -3.65701e-005
6.95 -0.109918 -3.1863e-005
6.96 -0.0944291 -2.75665e-005
6.97 -0.0790126 -2.329e-005
6.98 -0.0634332 -1.89684e-005
6.99 -0.04762 -1.4582e-005
7 -0.0313268 -1.00623e-005
7.01 -0.0152053 -5.59035e-006
7.02 -0.000841477 -1.60594e-006
7.03 0.0113358 1.79143e-006
7.04 0.0241972 5.35909e-006
7.05 0.0435035 1.07145e-005
7.06 0.0745108 1.93157e-005
7.07 0.11773 3.13044e-005
7.08 0.16908 4.55484e-005
7.09 0.223105 6.05346e-005
7.1 0.275502 7.50692e-005
7.11 0.323289 8.83251e-005
7.12 0.363974 9.96107e-005
7.13 0.395859 0.000108455
7.14 0.41872 0.000114797
7.15 0.433315 0.000118845
7.16 0.440372 0.000120803
7.17 0.44052 0.000120844
7.18 0.4347 0.00011923
7.19 0.42407 0.000116281
7.2 0.409931 0.000112359
7.21 0.393665 0.000107847
7.22 0.376083 0.00010297
7.23 0.357309 9.7762e-005
7.24 0.337734 9.23319e-005
7.25 0.318532 8.70054e-005
7.26 0.30101 8.21449e-005
7.27 0.285333 7.77963e-005
7.28 0.269948 7.35287e-005
7.29 0.252217 6.86101e-005
7.3 0.229181 6.22201e-005
7.31 0.197744 5.34997e-005
7.32 0.155597 4.18083e-005
7.33 0.103747 2.74256e-005
7.34 0.0473595 1.17841e-005
7.35 -0.00726762 -3.36949e-006
7.36 -0.0569645 -1.71581e-005
7.37 -0.103132 -2.99674e-005
7.38 -0.148591 -4.25803e-005
7.39 -0.193589 -5.50652e-005
7.4 -0.23576 -6.67657e-005
7.41 -0.272872 -7.70625e-005
7.42 -0.304332 -8.57913e-005
7.43 -0.329757 -9.29703e-005
7.44 -0.34793 -9.8184e-005
7.45 -0.356396 -0.000100616
7.46 -0.353453 -9.97998e-005
7.47 -0.340487 -9.62033e-005
7.48 -0.322252 -9.11449e-005
7.49 -0.304529 -8.62286e-005
7.5 -0.291863 -8.27152e-005
7.51 -0.286593 -8.12534e-005
7.52 -0.289545 -8.20722e-005
7.53 -0.300484 -8.51066e-005
7.54 -0.318049 -8.9979e-005
7.55 -0.339907 -9.60423e-005
7.56 -0.362297 -0.000102313
7.57 -0.380868 -0.000107659
7.58 -0.394298 -0.000111531
7.59 -0.40429 -0.000114416
7.6 -0.413748 -0.000117149
7.61 -0.422892 -0.000119794
7.62 -0.427958 -0.000121261
7.63 -0.423352 -0.000119983
7.64 -0.40543 -0.000115012
7.65 -0.374826 -0.000106523
7.66 -0.335939 -9.57354e-005
7.67 -0.294909 -8.43542e-005
7.68 -0.256037 -7.35713e-005
7.69 -0.219943 -6.35591e-005
7.7 -0.185501 -5.4005e-005
7.71 -0.152536 -4.48607e-005
7.72 -0.121823 -3.63414e-005
7.73 -0.0931937 -2.83997e-005
7.74 -0.0653458 -2.06749e-005
7.75 -0.0374377 -1.29334e-005
7.76 -0.00988782 -5.2913e-006
7.77 0.016484 2.07279e-006
7.78 0.0426802 9.33943e-006
7.79 0.0706281 1.7092e-005
7.8 0.102543 2.59448e-005
7.81 0.139197 3.61125e-005
7.82 0.178347 4.69725e-005
7.83 0.214741 5.70678e-005
7.84 0.242643 6.48076e-005
7.85 0.259095 6.93712e-005
7.86 0.264675 7.09191e-005
7.87 0.261741 7.01054e-005
7.88 0.253147 6.77215e-005
7.89 0.242128 6.46648e-005
7.9 0.23217 6.19025e-005
7.91 0.226364 6.02919e-005
7.92 0.225908 6.01654e-005
7.93 0.229136 6.10608e-005
7.94 0.232264 6.19287e-005
7.95 0.231838 6.18106e-005
7.96 0.226774 6.04058e-005
7.97 0.218081 5.79943e-005
7.98 0.207522 5.50655e-005
7.99 0.196253 5.19393e-005
8 0.184127 4.85756e-005
8.01 0.170942 4.49184e-005
8.02 0.158287 4.14078e-005
8.03 0.149223 3.88938e-005
8.04 0.145423 3.78397e-005
8.05 0.145447 3.78462e-005
8.06 0.146865 3.82397e-005
8.07 0.149271 3.8907e-005
8.08 0.154048 4.0232e-005
8.09 0.16168 4.23492e-005
8.1 0.170245 4.47249e-005
8.11 0.17639 4.64297e-005
8.12 0.176669 4.6507e-005
8.13 0.168265 4.41758e-005
8.14 0.149942 3.90931e-005
8.15 0.122896 3.15907e-005
8.16 0.0903937 2.25748e-005
8.17 0.0561655 1.30801e-005
8.18 0.0227549 3.81227e-006
8.19 -0.0089789 -4.99147e-006
8.2 -0.0387469 -1.32523e-005
8.21 -0.06582 -2.07652e-005
8.22 -0.088748 -2.71279e-005
8.23 -0.105477 -3.17704e-005
8.24 -0.113782 -3.40751e-005
8.25 -0.112352 -3.36782e-005
8.26 -0.101591 -3.06933e-005
8.27 -0.0831876 -2.55884e-005
8.28 -0.0593148 -1.89662e-005
8.29 -0.0325071 -1.153e-005
8.3 -0.00517473 -3.94815e-006
8.31 0.0215542 3.47921e-006
8.32 0.0482482 1.08839e-005
8.33 0.0756265 1.84785e-005
8.34 0.103718 2.62709e-005
8.35 0.132008 3.41184e-005
8.36 0.16028 4.19608e-005
8.37 0.189085 4.9951e-005
8.38 0.219719 5.84488e-005
8.39 0.253361 6.77808e-005
8.4 0.290644 7.81227e-005
8.41 0.332203 8.96509e-005
8.42 0.378857 0.000102592
8.43 0.430879 0.000117023
8.44 0.487691 0.000132782
8.45 0.548205 0.000149568
8.46 0.612831 0.000167495
8.47 0.679471 0.000185981
8.48 0.726605 0.000204425
8.49 0.721774 0.000221677
8.5 0.717479 0.000237015
8.51 0.713967 0.000249561
8.52 0.711334 0.000258965
8.53 0.709864 0.000264212
8.54 0.709614 0.000265106
8.55 0.702811 0.00026254
8.56 0.690562 0.000257921
8.57 0.676454 0.000252601
8.58 0.663292 0.000247637
8.59 0.652225 0.000243464
8.6 0.643433 0.000240148
8.61 0.637596 0.000237947
8.62 0.635694 0.00023723
8.63 0.637957 0.000238083
8.64 0.643715 0.000240254
8.65 0.651949 0.000243359
8.66 0.660763 0.000246684
8.67 0.667756 0.000249321
8.68 0.669374 0.000249931
8.69 0.662838 0.000247466
8.7 0.647176 0.00024156
8.71 0.622706 0.000232332
8.72 0.589955 0.000219981
8.73 0.548928 0.000204509
8.74 0.500127 0.000186105
8.75 0.446005 0.000165695
8.76 0.390625 0.000144811
8.77 0.337733 0.000124864
8.78 0.288499 0.000106297
8.79 0.240908 8.83503e-005
8.8 0.191398 6.96792e-005
8.81 0.136799 4.90892e-005
8.82 0.075571 2.59991e-005
8.83 0.00847888 6.97747e-007
8.84 -0.0802239 -2.47624e-005
8.85 -0.168694 -4.93134e-005
8.86 -0.251339 -7.2248e-005
8.87 -0.327304 -9.33288e-005
8.88 -0.399459 -0.000113352
8.89 -0.471479 -0.000133892
8.9 -0.547993 -0.00015624
8.91 -0.631957 -0.000180977
8.92 -0.720694 -0.000207368
8.93 -0.810672 -0.000234397
8.94 -0.898934 -0.000261181
8.95 -0.982143 -0.000286684
8.96 -1.05921 -0.000310531
8.97 -1.12771 -0.000331911
8.98 -1.18725 -0.000350646
8.99 -1.23701 -0.000366407
9 -1.27479 -0.000378439
9.01 -1.29945 -0.000386326
9.02 -1.31031 -0.000389805
9.03 -1.30716 -0.000388933
9.04 -1.2903 -0.000384254
9.05 -1.26184 -0.000376361
9.06 -1.22352 -0.000365731
9.07 -1.17727 -0.0003529
9.08 -1.12479 -0.000338344
9.09 -1.06753 -0.000322461
9.1 -1.0066 -0.000305558
9.11 -0.941865 -0.000287602
9.12 -0.872232 -0.000268286
9.13 -0.796459 -0.000247267
9.14 -0.713954 -0.000224381
9.15 -0.625493 -0.000199842
9.16 -0.533241 -0.000174252
9.17 -0.438886 -0.000148079
9.18 -0.341745 -0.000121133
9.19 -0.239183 -9.26828e-005
9.2 -0.128517 -6.19849e-005
9.21 -0.00566274 -2.7906e-005
9.22 0.0913646 9.60292e-006
9.23 0.192508 4.77456e-005
9.24 0.292709 8.5533e-005
9.25 0.391546 0.000122806
9.26 0.486353 0.000158559
9.27 0.575351 0.000192121
9.28 0.655711 0.000222426
9.29 0.707812 0.000249189
9.3 0.701037 0.000273387
9.31 0.69537 0.000293627
9.32 0.690928 0.000309488
9.33 0.68742 0.000322018
9.34 0.684796 0.00033139
9.35 0.682927 0.000338064
9.36 0.681736 0.000342319
9.37 0.681208 0.000344203
9.38 0.68057 0.000343856
9.39 0.676177 0.000341477
9.4 0.667711 0.00033689
9.41 0.653752 0.000329328
9.42 0.632423 0.000317772
9.43 0.602315 0.000301461
9.44 0.563071 0.0002802
9.45 0.515378 0.000254361
9.46 0.460535 0.00022465
9.47 0.399674 0.000191677
9.48 0.333384 0.000155763
9.49 0.262173 0.000117184
9.5 0.187301 7.66208e-005
9.51 0.111359 3.54784e-005
9.52 0.0366398 -5.00186e-006
9.53 -0.0610167 -4.18466e-005
9.54 -0.181595 -7.54307e-005
9.55 -0.298963 -0.000108121
9.56 -0.41664 -0.000140896
9.57 -0.534788 -0.000173804
9.58 -0.654235 -0.000207072
9.59 -0.775952 -0.000240974
9.6 -0.901 -0.000275803
9.61 -1.02834 -0.000311271
9.62 -1.15417 -0.000346316
9.63 -1.2716 -0.000379025
9.64 -1.36839 -0.000408504
9.65 -1.45368 -0.00043622
9.66 -1.53187 -0.000461907
9.67 -1.60454 -0.000486031
9.68 -1.66967 -0.000507855
9.69 -1.72522 -0.000526633
9.7 -1.76932 -0.000541646
9.71 -1.8017 -0.000552729
9.72 -1.8228 -0.000559978
9.73 -1.8331 -0.000563528
9.74 -1.8334 -0.000563632
9.75 -1.82384 -0.00056098
9.76 -1.80711 -0.000556339
9.77 -1.78291 -0.000549627
9.78 -1.74821 -0.00054
9.79 -1.70011 -0.000526659
9.8 -1.63764 -0.00050933
9.81 -1.562 -0.000488348
9.82 -1.47616 -0.000464537
9.83 -1.38347 -0.000438823
9.84 -1.28584 -0.000411742
9.85 -1.18331 -0.000383301
9.86 -1.0752 -0.000353313
9.87 -0.961095 -0.00032166
9.88 -0.840903 -0.00028832
9.89 -0.714478 -0.000253251
9.9 -0.581534 -0.000216373
9.91 -0.442496 -0.000177805
9.92 -0.299258 -0.000138072
9.93 -0.15417 -9.78251e-005
9.94 -0.00932423 -5.60322e-005
9.95 0.0699588 -1.29149e-005
9.96 0.149876 3.03815e-005
9.97 0.223649 7.03489e-005
9.98 0.293135 0.000107994
9.99 0.357695 0.00014297
10 0.417925 0.000175601
