0.1 0.00277959 7.71039e-007
0.2 0.00555953 1.54217e-006
0.3 0.00833983 2.31341e-006
0.4 0.0111205 3.08474e-006
0.5 0.0139015 3.85617e-006
0.6 0.0166829 4.62771e-006
0.7 0.0194646 5.39935e-006
0.8 0.0222467 6.17109e-006
0.9 0.0250293 6.94293e-006
1 0.0278121 7.71489e-006
0.01 0.0279 7.73927e-006
0.02 0.0281524 7.80928e-006
0.03 0.028453 7.89266e-006
0.04 0.0286908 7.95861e-006
0.05 0.0288556 8.00434e-006
0.06 0.0289415 8.02817e-006
0.07 0.0289467 8.0296e-006
0.08 0.0288758 8.00994e-006
0.09 0.0287396 7.97214e-006
0.1 0.028553 7.9204e-006
0.11 0.0283317 7.85901e-006
0.12 0.02809 7.79198e-006
0.13 0.0278375 7.72192e-006
0.14 0.0275817 7.65096e-006
0.15 0.027329 7.58088e-006
0.16 0.0270883 7.51409e-006
0.17 0.0268645 7.45202e-006
0.18 0.0266607 7.3955e-006
0.19 0.0264699 7.34255e-006
0.2 0.0262805 7.29002e-006
0.21 0.0260772 7.23363e-006
0.22 0.0258467 7.16968e-006
0.23 0.0255756 7.09449e-006
0.24 0.0252577 7.0063e-006
0.25 0.0248902 6.90437e-006
0.26 0.0244778 6.78996e-006
0.27 0.024018 6.66241e-006
0.28 0.0235056 6.52028e-006
0.29 0.0229372 6.36262e-006
0.3 0.022323 6.19224e-006
0.31 0.0216778 6.01325e-006
0.32 0.0210211 5.83111e-006
0.33 0.0203816 5.65372e-006
0.34 0.0197874 5.48887e-006
0.35 0.0192512 5.34015e-006
0.36 0.018772 5.20722e-006
0.37 0.0183448 5.08871e-006
0.38 0.017968 4.98418e-006
0.39 0.0176454 4.89472e-006
0.4 0.0173769 4.82021e-006
0.41 0.0171546 4.75855e-006
0.42 0.0169642 4.70574e-006
0.43 0.016796 4.6591e-006
0.44 0.0166443 4.61701e-006
0.45 0.0165048 4.57833e-006
0.46 0.0163669 4.54005e-006
0.47 0.0162146 4.49781e-006
0.48 0.016043 4.45023e-006
0.49 0.0158652 4.4009e-006
0.5 0.0156947 4.35358e-006
0.51 0.0155412 4.31101e-006
0.52 0.0154252 4.27884e-006
0.53 0.0153741 4.26467e-006
0.54 0.0153945 4.27033e-006
0.55 0.015466 4.29015e-006
0.56 0.0155793 4.32159e-006
0.57 0.0157739 4.37556e-006
0.58 0.0161073 4.46806e-006
0.59 0.0165911 4.60226e-006
0.6 0.0171754 4.76433e-006
0.61 0.0177964 4.93659e-006
0.62 0.0184197 5.1095e-006
0.63 0.0190182 5.27551e-006
0.64 0.019554 5.42413e-006
0.65 0.0200276 5.55552e-006
0.66 0.0204798 5.68094e-006
0.67 0.0209273 5.80507e-006
0.68 0.0213611 5.92541e-006
0.69 0.0217867 6.04349e-006
0.7 0.0222164 6.16266e-006
0.71 0.0226406 6.28033e-006
0.72 0.0230427 6.39189e-006
0.73 0.0234298 6.49926e-006
0.74 0.0238495 6.61569e-006
0.75 0.0243686 6.75967e-006
0.76 0.0250152 6.93904e-006
0.77 0.0257519 7.14338e-006
0.78 0.0264986 7.35052e-006
0.79 0.0271879 7.54171e-006
0.8 0.0278014 7.71191e-006
0.81 0.0283407 7.86149e-006
0.82 0.0287857 7.98496e-006
0.83 0.0291184 8.07723e-006
0.84 0.0293493 8.14129e-006
0.85 0.0294961 8.182e-006
0.86 0.0295621 8.2003e-006
0.87 0.0296087 8.21325e-006
0.88 0.0297402 8.24973e-006
0.89 0.0299774 8.3155e-006
0.9 0.030216 8.3817e-006
0.91 0.0303563 8.42063e-006
0.92 0.0304449 8.4452e-006
0.93 0.0306359 8.49819e-006
0.94 0.0309972 8.59841e-006
0.95 0.031416 8.71456e-006
0.96 0.0317051 8.79477e-006
0.97 0.0317935 8.81928e-006
0.98 0.0317795 8.8154e-006
0.99 0.0317695 8.81262e-006
1 0.031742 8.805e-006
1.01 0.0316252 8.77261e-006
1.02 0.0313861 8.70629e-006
1.03 0.0310264 8.6065e-006
1.04 0.0305806 8.48284e-006
1.05 0.0301243 8.35627e-006
1.06 0.0297398 8.2496e-006
1.07 0.0294502 8.16929e-006
1.08 0.029176 8.09322e-006
1.09 0.0288331 7.99811e-006
1.1 0.0284897 7.90284e-006
1.11 0.0282942 7.8486e-006
1.12 0.028261 7.83939e-006
1.13 0.0282331 7.83166e-006
1.14 0.0280369 7.77723e-006
1.15 0.0275382 7.63889e-006
1.16 0.0266466 7.39157e-006
1.17 0.025452 7.0602e-006
1.18 0.0242168 6.71756e-006
1.19 0.0231714 6.42757e-006
1.2 0.022395 6.21222e-006
1.21 0.0218364 6.05725e-006
1.22 0.0214034 5.93715e-006
1.23 0.0210224 5.83146e-006
1.24 0.0206364 5.72438e-006
1.25 0.0201777 5.59714e-006
1.26 0.019582 5.4319e-006
1.27 0.0188503 5.22893e-006
1.28 0.018047 5.00612e-006
1.29 0.0172788 4.79301e-006
1.3 0.0166648 4.62268e-006
1.31 0.0162292 4.50185e-006
1.32 0.0158754 4.40373e-006
1.33 0.0154819 4.29456e-006
1.34 0.0149139 4.13702e-006
1.35 0.0140674 3.90219e-006
1.36 0.0130638 3.6238e-006
1.37 0.0122261 3.39142e-006
1.38 0.0118134 3.27695e-006
1.39 0.0118264 3.28055e-006
1.4 0.0120558 3.3442e-006
1.41 0.0124012 3.43999e-006
1.42 0.012971 3.59807e-006
1.43 0.0137922 3.82584e-006
1.44 0.0147121 4.08103e-006
1.45 0.0155677 4.31837e-006
1.46 0.0163 4.52151e-006
1.47 0.0170115 4.71887e-006
1.48 0.0179803 4.9876e-006
1.49 0.0195474 5.42231e-006
1.5 0.0218496 6.06091e-006
1.51 0.0245746 6.81682e-006
1.52 0.0271 7.51735e-006
1.53 0.0290397 8.0554e-006
1.54 0.0305079 8.46267e-006
1.55 0.0317858 8.81714e-006
1.56 0.033037 9.16422e-006
1.57 0.0343359 9.52452e-006
1.58 0.0357044 9.90415e-006
1.59 0.0371246 1.02981e-005
1.6 0.0386512 1.07216e-005
1.61 0.0404829 1.12297e-005
1.62 0.0427329 1.18538e-005
1.63 0.0450157 1.2487e-005
1.64 0.0464678 1.28898e-005
1.65 0.0464732 1.28913e-005
1.66 0.0452599 1.25548e-005
1.67 0.0436711 1.21141e-005
1.68 0.0424787 1.17833e-005
1.69 0.0419497 1.16365e-005
1.7 0.0419621 1.164e-005
1.71 0.042257 1.17218e-005
1.72 0.0424726 1.17816e-005
1.73 0.0422278 1.17137e-005
1.74 0.0413108 1.14593e-005
1.75 0.0396929 1.10105e-005
1.76 0.0374558 1.039e-005
1.77 0.0348548 9.66846e-006
1.78 0.03239 8.98476e-006
1.79 0.0305362 8.47053e-006
1.8 0.0293023 8.12825e-006
1.81 0.0282206 7.8282e-006
1.82 0.0267527 7.42102e-006
1.83 0.0246412 6.8353e-006
1.84 0.0219796 6.09699e-006
1.85 0.0191446 5.31058e-006
1.86 0.0166576 4.62068e-006
1.87 0.0147799 4.09985e-006
1.88 0.0131354 3.64365e-006
1.89 0.0110914 3.07666e-006
1.9 0.00862394 2.39222e-006
1.91 0.00638531 1.77124e-006
1.92 0.00497695 1.38057e-006
1.93 0.00456199 1.26546e-006
1.94 0.00500965 1.38964e-006
1.95 0.0060767 1.68563e-006
1.96 0.00737796 2.04659e-006
1.97 0.00839808 2.32957e-006
1.98 0.00880616 2.44277e-006
1.99 0.00867798 2.40721e-006
2 0.00838434 2.32576e-006
2.01 0.00837009 2.3218e-006
2.02 0.00896267 2.48618e-006
2.03 0.0103414 2.86862e-006
2.04 0.0125171 3.47214e-006
2.05 0.015121 4.19445e-006
2.06 0.0175223 4.86055e-006
2.07 0.0194499 5.39525e-006
2.08 0.0212388 5.8915e-006
2.09 0.023388 6.48767e-006
2.1 0.0260444 7.22452e-006
2.11 0.0289926 8.04235e-006
2.12 0.0320755 8.8975e-006
2.13 0.0353467 9.80491e-006
2.14 0.0388615 1.07799e-005
2.15 0.0424925 1.17871e-005
2.16 0.0458597 1.27211e-005
2.17 0.0485259 1.34607e-005
2.18 0.0503805 1.39752e-005
2.19 0.0516313 1.43221e-005
2.2 0.0524035 1.45364e-005
2.21 0.0526896 1.46157e-005
2.22 0.0526297 1.45991e-005
2.23 0.052521 1.45689e-005
2.24 0.0525333 1.45724e-005
2.25 0.0525693 1.45823e-005
2.26 0.0524684 1.45543e-005
2.27 0.052093 1.44502e-005
2.28 0.051224 1.42092e-005
2.29 0.0497097 1.37891e-005
2.3 0.0476652 1.3222e-005
2.31 0.0453402 1.2577e-005
2.32 0.0429466 1.19131e-005
2.33 0.040662 1.12794e-005
2.34 0.0386119 1.07107e-005
2.35 0.0368104 1.02109e-005
2.36 0.0351529 9.75115e-006
2.37 0.033541 9.30403e-006
2.38 0.0319081 8.85109e-006
2.39 0.0300263 8.32907e-006
2.4 0.0276773 7.67748e-006
2.41 0.0250243 6.94157e-006
2.42 0.022418 6.21858e-006
2.43 0.0200721 5.56785e-006
2.44 0.018131 5.0294e-006
2.45 0.0166969 4.63159e-006
2.46 0.0156795 4.34937e-006
2.47 0.0148492 4.11905e-006
2.48 0.0140645 3.90138e-006
2.49 0.0133691 3.7085e-006
2.5 0.0129763 3.59953e-006
2.51 0.0131153 3.63809e-006
2.52 0.0138322 3.83694e-006
2.53 0.0150214 4.16683e-006
2.54 0.0164961 4.5759e-006
2.55 0.0179957 4.99187e-006
2.56 0.0192837 5.34915e-006
2.57 0.0202154 5.60762e-006
2.58 0.0207518 5.7564e-006
2.59 0.0210295 5.83343e-006
2.6 0.0213347 5.91808e-006
2.61 0.021856 6.06269e-006
2.62 0.0225098 6.24406e-006
2.63 0.0230924 6.40567e-006
2.64 0.0236926 6.57217e-006
2.65 0.0248845 6.90278e-006
2.66 0.0272153 7.54933e-006
2.67 0.0305541 8.47549e-006
2.68 0.0341289 9.46711e-006
2.69 0.0371743 1.03119e-005
2.7 0.0395412 1.09684e-005
2.71 0.0416531 1.15543e-005
2.72 0.0439225 1.21838e-005
2.73 0.0462537 1.28305e-005
2.74 0.0481312 1.33512e-005
2.75 0.0491648 1.3638e-005
2.76 0.0493918 1.37009e-005
2.77 0.0490995 1.36198e-005
2.78 0.0484791 1.34477e-005
2.79 0.0474136 1.31522e-005
2.8 0.0456805 1.26715e-005
2.81 0.0434848 1.20624e-005
2.82 0.0415401 1.15229e-005
2.83 0.0405083 1.12367e-005
2.84 0.0405467 1.12474e-005
2.85 0.041315 1.14605e-005
2.86 0.0422987 1.17334e-005
2.87 0.0430262 1.19352e-005
2.88 0.0430782 1.19496e-005
2.89 0.0422271 1.17135e-005
2.9 0.0405955 1.12609e-005
2.91 0.0384467 1.06648e-005
2.92 0.035872 9.95062e-006
2.93 0.0328825 9.12137e-006
2.94 0.0296256 8.21792e-006
2.95 0.0263016 7.29586e-006
2.96 0.0230438 6.39218e-006
2.97 0.0200691 5.56702e-006
2.98 0.0177837 4.93307e-006
2.99 0.0165016 4.57742e-006
3 0.0161119 4.46931e-006
3.01 0.0161728 4.48622e-006
3.02 0.0163182 4.52656e-006
3.03 0.0165076 4.57909e-006
3.04 0.0169966 4.71473e-006
3.05 0.0180757 5.01407e-006
3.06 0.0197775 5.48614e-006
3.07 0.0218515 6.06144e-006
3.08 0.023915 6.63386e-006
3.09 0.0257109 7.13203e-006
3.1 0.0272636 7.56272e-006
3.11 0.0285558 7.92118e-006
3.12 0.0292026 8.10059e-006
3.13 0.0287485 7.97462e-006
3.14 0.0272559 7.56058e-006
3.15 0.0254623 7.06306e-006
3.16 0.0243235 6.74716e-006
3.17 0.0245281 6.80393e-006
3.18 0.0262446 7.28005e-006
3.19 0.0289808 8.03907e-006
3.2 0.0318861 8.84496e-006
3.21 0.0344793 9.56432e-006
3.22 0.0369785 1.02576e-005
3.23 0.0398438 1.10524e-005
3.24 0.0432538 1.19983e-005
3.25 0.0470462 1.30503e-005
3.26 0.0507321 1.40727e-005
3.27 0.0534725 1.48329e-005
3.28 0.0544712 1.51099e-005
3.29 0.0536146 1.48723e-005
3.3 0.0516056 1.4315e-005
3.31 0.0494532 1.3718e-005
3.32 0.0478565 1.3275e-005
3.33 0.0470957 1.3064e-005
3.34 0.0473805 1.3143e-005
3.35 0.0488422 1.35485e-005
3.36 0.0510861 1.41709e-005
3.37 0.0531962 1.47562e-005
3.38 0.0542853 1.50583e-005
3.39 0.0539985 1.49788e-005
3.4 0.0527526 1.46332e-005
3.41 0.0515695 1.4305e-005
3.42 0.051397 1.42571e-005
3.43 0.0524077 1.45375e-005
3.44 0.053984 1.49748e-005
3.45 0.0552869 1.53362e-005
3.46 0.0557362 1.54608e-005
3.47 0.0551354 1.52942e-005
3.48 0.0536054 1.48697e-005
3.49 0.0514786 1.42798e-005
3.5 0.0493074 1.36775e-005
3.51 0.0477692 1.32508e-005
3.52 0.0471244 1.3072e-005
3.53 0.0469098 1.30125e-005
3.54 0.0464581 1.28871e-005
3.55 0.0455328 1.26305e-005
3.56 0.0444661 1.23346e-005
3.57 0.0437746 1.21428e-005
3.58 0.0436817 1.2117e-005
3.59 0.0440169 1.221e-005
3.6 0.0443228 1.22948e-005
3.61 0.0440634 1.22229e-005
3.62 0.0430368 1.19381e-005
3.63 0.0415923 1.15374e-005
3.64 0.0403256 1.1186e-005
3.65 0.0395997 1.09847e-005
3.66 0.0393826 1.09244e-005
3.67 0.0395081 1.09593e-005
3.68 0.0398643 1.10581e-005
3.69 0.0401715 1.11433e-005
3.7 0.0398996 1.10679e-005
3.71 0.0385824 1.07025e-005
3.72 0.0359715 9.97824e-006
3.73 0.032094 8.90265e-006
3.74 0.0274523 7.61506e-006
3.75 0.0227971 6.32376e-006
3.76 0.0186079 5.16169e-006
3.77 0.0149728 4.15334e-006
3.78 0.0117964 3.27225e-006
3.79 0.00894008 2.47991e-006
3.8 0.00622915 1.72792e-006
3.81 0.00356886 9.89975e-007
3.82 0.00119463 3.31381e-007
3.83 -0.000433897 -1.20362e-007
3.84 -0.0012361 -3.42905e-007
3.85 -0.00177103 -4.91312e-007
3.86 -0.00265185 -7.35697e-007
3.87 -0.00393754 -1.09245e-006
3.88 -0.00528836 -1.46733e-006
3.89 -0.00645556 -1.79128e-006
3.9 -0.00741193 -2.05675e-006
3.91 -0.00804926 -2.23367e-006
3.92 -0.00793184 -2.2011e-006
3.93 -0.00668749 -1.85593e-006
3.94 -0.00451668 -1.25376e-006
3.95 -0.00188604 -5.24038e-007
3.96 0.000984829 2.7232e-007
3.97 0.00403205 1.1176e-006
3.98 0.00711975 1.9741e-006
3.99 0.0101388 2.81157e-006
4 0.0133397 3.69947e-006
4.01 0.0174208 4.83154e-006
4.02 0.0228424 6.33546e-006
4.03 0.0292271 8.10653e-006
4.04 0.0358424 9.94155e-006
4.05 0.0421624 1.16947e-005
4.06 0.0477214 1.32367e-005
4.07 0.0521782 1.4473e-005
4.08 0.0558401 1.54888e-005
4.09 0.0596342 1.65412e-005
4.1 0.064392 1.7861e-005
4.11 0.0703769 1.95212e-005
4.12 0.0772077 2.1416e-005
4.13 0.0839234 2.32789e-005
4.14 0.0895225 2.4832e-005
4.15 0.0935698 2.59547e-005
4.16 0.0961458 2.66693e-005
4.17 0.0975355 2.70548e-005
4.18 0.098058 2.71997e-005
4.19 0.098022 2.71897e-005
4.2 0.0977964 2.71271e-005
4.21 0.0976637 2.70903e-005
4.22 0.0975054 2.70464e-005
4.23 0.0970306 2.69147e-005
4.24 0.0961757 2.66776e-005
4.25 0.0948639 2.63137e-005
4.26 0.0928613 2.57582e-005
4.27 0.0901105 2.49951e-005
4.28 0.0867459 2.40618e-005
4.29 0.082947 2.3008e-005
4.3 0.0790936 2.19391e-005
4.31 0.0756279 2.09778e-005
4.32 0.0725272 2.01177e-005
4.33 0.0692564 1.92104e-005
4.34 0.0652802 1.81074e-005
4.35 0.060372 1.67459e-005
4.36 0.0544845 1.51127e-005
4.37 0.0476463 1.32159e-005
4.38 0.0401002 1.11226e-005
4.39 0.0325395 9.02536e-006
4.4 0.0259548 7.19881e-006
4.41 0.0209247 5.80349e-006
4.42 0.0172133 4.77398e-006
4.43 0.0140363 3.89271e-006
4.44 0.0104962 2.9107e-006
4.45 0.0061149 1.69537e-006
4.46 0.00123875 3.42756e-007
4.47 -0.00332991 -9.24559e-007
4.48 -0.0070326 -1.95166e-006
4.49 -0.00963392 -2.67362e-006
4.5 -0.0109957 -3.05174e-006
4.51 -0.0112946 -3.13474e-006
4.52 -0.0112179 -3.11346e-006
4.53 -0.0113484 -3.14968e-006
4.54 -0.0115977 -3.21891e-006
4.55 -0.0115921 -3.21737e-006
4.56 -0.0111214 -3.0868e-006
4.57 -0.010123 -2.80984e-006
4.58 -0.00873191 -2.42397e-006
4.59 -0.00744369 -2.06662e-006
4.6 -0.00695455 -1.93094e-006
4.61 -0.00752635 -2.08955e-006
4.62 -0.0085297 -2.36787e-006
4.63 -0.00903027 -2.50673e-006
4.64 -0.0088417 -2.45442e-006
4.65 -0.00862613 -2.39462e-006
4.66 -0.0090537 -2.51323e-006
4.67 -0.0101602 -2.82017e-006
4.68 -0.0114049 -3.16543e-006
4.69 -0.0121863 -3.38237e-006
4.7 -0.0123573 -3.42987e-006
4.71 -0.0122484 -3.39967e-006
4.72 -0.0121723 -3.37854e-006
4.73 -0.0121858 -3.38229e-006
4.74 -0.0123821 -3.43674e-006
4.75 -0.0130018 -3.60886e-006
4.76 -0.014345 -3.98196e-006
4.77 -0.016791 -4.66146e-006
4.78 -0.0205027 -5.69293e-006
4.79 -0.0249736 -6.93584e-006
4.8 -0.0292929 -8.13712e-006
4.81 -0.0328166 -9.11748e-006
4.82 -0.0353708 -9.82833e-006
4.83 -0.0371208 -1.03155e-005
4.84 -0.0384808 -1.06941e-005
4.85 -0.0398427 -1.10733e-005
4.86 -0.0409506 -1.13818e-005
4.87 -0.0409586 -1.13841e-005
4.88 -0.0395154 -1.09837e-005
4.89 -0.0371715 -1.03336e-005
4.9 -0.0346043 -9.62144e-006
4.91 -0.0320959 -8.92564e-006
4.92 -0.0298791 -8.31071e-006
4.93 -0.0284561 -7.91597e-006
4.94 -0.0280572 -7.80533e-006
4.95 -0.0280569 -7.80524e-006
4.96 -0.0274219 -7.62909e-006
4.97 -0.0255307 -7.1045e-006
4.98 -0.0222317 -6.18936e-006
4.99 -0.017542 -4.88847e-006
5 -0.0119665 -3.34189e-006
5.01 -0.00667566 -1.87424e-006
5.02 -0.00252566 -7.23062e-007
5.03 0.00073099 1.80352e-007
5.04 0.00383236 1.04065e-006
5.05 0.0072655 1.99298e-006
5.06 0.011388 3.13653e-006
5.07 0.0162893 4.4961e-006
5.08 0.0212791 5.88026e-006
5.09 0.025247 6.98091e-006
5.1 0.0275126 7.60939e-006
5.11 0.0279375 7.72724e-006
5.12 0.0264951 7.32713e-006
5.13 0.0234582 6.4847e-006
5.14 0.0199555 5.51308e-006
5.15 0.0175131 4.83559e-006
5.16 0.0167679 4.62887e-006
5.17 0.017183 4.74403e-006
5.18 0.0177951 4.91381e-006
5.19 0.0175487 4.84548e-006
5.2 0.015257 4.20977e-006
5.21 0.0102498 2.8208e-006
5.22 0.00337694 9.1432e-007
5.23 -0.00335786 -9.53869e-007
5.24 -0.00820179 -2.29755e-006
5.25 -0.0103265 -2.88693e-006
5.26 -0.00985236 -2.7554e-006
5.27 -0.00771851 -2.16349e-006
5.28 -0.00506891 -1.42851e-006
5.29 -0.00262194 -7.49738e-007
5.3 -0.000903829 -2.73146e-007
5.31 -0.000505389 -1.62621e-007
5.32 -0.00147457 -4.31467e-007
5.33 -0.00299102 -8.52118e-007
5.34 -0.00394694 -1.11728e-006
5.35 -0.00367267 -1.0412e-006
5.36 -0.00211294 -6.08544e-007
5.37 0.00062539 1.51059e-007
5.38 0.00459011 1.25084e-006
5.39 0.00966821 2.65947e-006
5.4 0.0153074 4.22374e-006
5.41 0.0207766 5.74086e-006
5.42 0.0255548 7.06631e-006
5.43 0.0296391 8.19927e-006
5.44 0.0336864 9.32196e-006
5.45 0.0385535 1.0672e-005
5.46 0.0445034 1.23225e-005
5.47 0.0510202 1.41302e-005
5.48 0.0572034 1.58454e-005
5.49 0.0621681 1.72226e-005
5.5 0.0655569 1.81626e-005
5.51 0.0676976 1.87564e-005
5.52 0.0688537 1.90771e-005
5.53 0.0688531 1.90769e-005
5.54 0.0677791 1.8779e-005
5.55 0.0660787 1.83073e-005
5.56 0.0640085 1.77331e-005
5.57 0.0617705 1.71123e-005
5.58 0.0599477 1.66066e-005
5.59 0.0593153 1.64312e-005
5.6 0.060315 1.67085e-005
5.61 0.0628054 1.73994e-005
5.62 0.0660518 1.82999e-005
5.63 0.0688263 1.90695e-005
5.64 0.0698936 1.93655e-005
5.65 0.0687685 1.90535e-005
5.66 0.0661201 1.83188e-005
5.67 0.0634306 1.75728e-005
5.68 0.0619745 1.71689e-005
5.69 0.0619048 1.71495e-005
5.7 0.0622955 1.72579e-005
5.71 0.0620637 1.71936e-005
5.72 0.060699 1.68151e-005
5.73 0.0581574 1.611e-005
5.74 0.0543108 1.5043e-005
5.75 0.0486868 1.3483e-005
5.76 0.0408704 1.13147e-005
5.77 0.031017 8.58149e-006
5.78 0.0199051 5.4991e-006
5.79 0.00877634 2.41207e-006
5.8 -0.000816008 -2.48775e-007
5.81 -0.00774641 -2.17123e-006
5.82 -0.0127171 -3.55007e-006
5.83 -0.0184765 -5.14768e-006
5.84 -0.0275413 -7.66221e-006
5.85 -0.0397414 -1.10464e-005
5.86 -0.0525179 -1.46051e-005
5.87 -0.0633919 -1.76384e-005
5.88 -0.0713498 -1.98603e-005
5.89 -0.0768961 -2.14099e-005
5.9 -0.0813693 -2.26602e-005
5.91 -0.0859095 -2.39299e-005
5.92 -0.0910801 -2.53766e-005
5.93 -0.0970101 -2.70366e-005
5.94 -0.103083 -2.87377e-005
5.95 -0.107807 -3.00615e-005
5.96 -0.109478 -3.053e-005
5.97 -0.107112 -2.98737e-005
5.98 -0.100895 -2.81492e-005
5.99 -0.0916281 -2.55785e-005
6 -0.0796311 -2.22506e-005
6.01 -0.0643761 -1.8019e-005
6.02 -0.0451536 -1.26868e-005
6.03 -0.0214393 -6.10866e-006
6.04 0.00694615 1.76607e-006
6.05 0.0390546 1.06727e-005
6.06 0.0726127 1.99815e-005
6.07 0.104858 2.89262e-005
6.08 0.133366 3.6834e-005
6.09 0.156824 4.33411e-005
6.1 0.175347 4.84792e-005
6.11 0.189764 5.24783e-005
6.12 0.200863 5.55572e-005
6.13 0.209348 5.7911e-005
6.14 0.215427 5.95971e-005
6.15 0.218543 6.04616e-005
6.16 0.218193 6.03645e-005
6.17 0.214598 5.93672e-005
6.18 0.208644 5.77157e-005
6.19 0.202059 5.58888e-005
6.2 0.197405 5.4598e-005
6.21 0.1966 5.43746e-005
6.22 0.198948 5.50259e-005
6.23 0.201084 5.56185e-005
6.24 0.19926 5.51126e-005
6.25 0.192046 5.31115e-005
6.26 0.181389 5.01552e-005
6.27 0.171387 4.73806e-005
6.28 0.165387 4.57163e-005
6.29 0.16344 4.51764e-005
6.3 0.162068 4.47957e-005
6.31 0.157251 4.34595e-005
6.32 0.147783 4.08332e-005
6.33 0.135552 3.74405e-005
6.34 0.123873 3.42008e-005
6.35 0.115669 3.19251e-005
6.36 0.111819 3.08571e-005
6.37 0.109886 3.03207e-005
6.38 0.104958 2.89538e-005
6.39 0.0937814 2.58535e-005
6.4 0.0779437 2.14603e-005
6.41 0.0617473 1.69675e-005
6.42 0.0484917 1.32905e-005
6.43 0.0400382 1.09456e-005
6.44 0.037306 1.01877e-005
6.45 0.0394892 1.07933e-005
6.46 0.0440392 1.20554e-005
6.47 0.0485962 1.33195e-005
6.48 0.0526121 1.44335e-005
6.49 0.0567975 1.55945e-005
6.5 0.0616028 1.69274e-005
6.51 0.0664587 1.82744e-005
6.52 0.0704096 1.93704e-005
6.53 0.0734402 2.0211e-005
6.54 0.0764218 2.10381e-005
6.55 0.0791325 2.179e-005
6.56 0.0793471 2.18496e-005
6.57 0.0742493 2.04355e-005
6.58 0.0621298 1.70736e-005
6.59 0.0434066 1.18799e-005
6.6 0.0210311 5.67313e-006
6.61 -0.000876914 -4.04e-007
6.62 -0.0191682 -5.478e-006
6.63 -0.0326373 -9.21432e-006
6.64 -0.0417907 -1.17535e-005
6.65 -0.0480008 -1.34762e-005
6.66 -0.0523277 -1.46764e-005
6.67 -0.0551798 -1.54676e-005
6.68 -0.0569745 -1.59655e-005
6.69 -0.0587764 -1.64653e-005
6.7 -0.061721 -1.72822e-005
6.71 -0.0658147 -1.84177e-005
6.72 -0.0697701 -1.9515e-005
6.73 -0.0728491 -2.03691e-005
6.74 -0.0767779 -2.14589e-005
6.75 -0.0851802 -2.37897e-005
6.76 -0.101581 -2.83393e-005
6.77 -0.127813 -3.56749e-005
6.78 -0.163599 -4.5744e-005
6.79 -0.206488 -5.78584e-005
6.8 -0.252328 -7.08643e-005
6.81 -0.296731 -8.35201e-005
6.82 -0.336557 -9.49202e-005
6.83 -0.369785 -0.000104467
6.84 -0.394661 -0.000111636
6.85 -0.409863 -0.000116026
6.86 -0.415542 -0.000117668
6.87 -0.413165 -0.000117009
6.88 -0.403936 -0.000114449
6.89 -0.387953 -0.000110015
6.9 -0.364684 -0.000103561
6.91 -0.334958 -9.53146e-005
6.92 -0.302038 -8.61829e-005
6.93 -0.269934 -7.72774e-005
6.94 -0.240778 -6.91899e-005
6.95 -0.21435 -6.18589e-005
6.96 -0.189948 -5.509e-005
6.97 -0.168037 -4.9012e-005
6.98 -0.14996 -4.39975e-005
6.99 -0.136555 -4.02791e-005
7 -0.127604 -3.77961e-005
7.01 -0.122854 -3.64786e-005
7.02 -0.122271 -3.63167e-005
7.03 -0.124246 -3.68647e-005
7.04 -0.124025 -3.68032e-005
7.05 -0.114233 -3.40871e-005
7.06 -0.0884583 -2.69374e-005
7.07 -0.0452956 -1.49644e-005
7.08 0.0116299 8.70906e-007
7.09 0.0770561 1.90197e-005
7.1 0.1463 3.82273e-005
7.11 0.215831 5.75148e-005
7.12 0.282415 7.59846e-005
7.13 0.343544 9.29415e-005
7.14 0.397992 0.000108045
7.15 0.445339 0.000121179
7.16 0.484847 0.000132138
7.17 0.515382 0.000140608
7.18 0.535957 0.000146315
7.19 0.54592 0.000149079
7.2 0.545275 0.0001489
7.21 0.534973 0.000146042
7.22 0.516475 0.000140911
7.23 0.49166 0.000134028
7.24 0.463414 0.000126193
7.25 0.43576 0.000118521
7.26 0.412861 0.000112169
7.27 0.39724 0.000107836
7.28 0.388785 0.000105491
7.29 0.385393 0.00010455
7.3 0.383696 0.000104079
7.31 0.379487 0.000102912
7.32 0.368839 9.99581e-005
7.33 0.350871 9.49739e-005
7.34 0.328823 8.8858e-005
7.35 0.307159 8.28485e-005
7.36 0.28731 7.73426e-005
7.37 0.266302 7.15152e-005
7.38 0.239641 6.41195e-005
7.39 0.205271 5.45856e-005
7.4 0.163936 4.31196e-005
7.41 0.11694 3.00832e-005
7.42 0.0650726 1.56955e-005
7.43 0.00973479 3.45227e-007
7.44 -0.0450706 -1.48622e-005
7.45 -0.0932343 -2.82276e-005
7.46 -0.129774 -3.83675e-005
7.47 -0.152828 -4.47648e-005
7.48 -0.164917 -4.81197e-005
7.49 -0.170714 -4.97283e-005
7.5 -0.174692 -5.08323e-005
7.51 -0.180029 -5.23132e-005
7.52 -0.188853 -5.4762e-005
7.53 -0.20231 -5.84962e-005
7.54 -0.220342 -6.34999e-005
7.55 -0.241891 -6.94799e-005
7.56 -0.264825 -7.58441e-005
7.57 -0.286655 -8.19018e-005
7.58 -0.3074 -8.76586e-005
7.59 -0.330742 -9.41361e-005
7.6 -0.361442 -0.000102655
7.61 -0.400856 -0.000113593
7.62 -0.443919 -0.000125887
7.63 -0.48433 -0.000137633
7.64 -0.516705 -0.000147079
7.65 -0.538064 -0.00015333
7.66 -0.54877 -0.000156468
7.67 -0.55142 -0.000157245
7.68 -0.547896 -0.000156268
7.69 -0.538035 -0.000153533
7.7 -0.521264 -0.00014888
7.71 -0.498605 -0.000142595
7.72 -0.472112 -0.000135246
7.73 -0.442761 -0.000127104
7.74 -0.410179 -0.000118066
7.75 -0.374352 -0.000108128
7.76 -0.336651 -9.76699e-005
7.77 -0.29893 -8.72064e-005
7.78 -0.262235 -7.70275e-005
7.79 -0.226509 -6.71173e-005
7.8 -0.191065 -5.72855e-005
7.81 -0.155966 -4.75494e-005
7.82 -0.123115 -3.84367e-005
7.83 -0.0962576 -3.09866e-005
7.84 -0.0787 -2.61163e-005
7.85 -0.0708577 -2.39409e-005
7.86 -0.0695118 -2.35675e-005
7.87 -0.0704523 -2.38284e-005
7.88 -0.0695013 -2.35646e-005
7.89 -0.0629648 -2.17514e-005
7.9 -0.0475842 -1.7485e-005
7.91 -0.0211151 -1.01426e-005
7.92 0.0160098 2.60536e-007
7.93 0.0614494 1.28652e-005
7.94 0.109777 2.62708e-005
7.95 0.156126 3.91279e-005
7.96 0.198127 5.07784e-005
7.97 0.235583 6.11687e-005
7.98 0.269287 7.05178e-005
7.99 0.299565 7.89166e-005
8 0.325612 8.61419e-005
8.01 0.346538 9.19467e-005
8.02 0.363246 9.65814e-005
8.03 0.378291 0.000100755
8.04 0.393195 0.000104889
8.05 0.407047 0.000108731
8.06 0.418623 0.000111942
8.07 0.429173 0.000114869
8.08 0.442098 0.000118454
8.09 0.459945 0.000123405
8.1 0.48247 0.000129653
8.11 0.507388 0.000136565
8.12 0.531341 0.00014321
8.13 0.550903 0.000148636
8.14 0.56292 0.000151969
8.15 0.565987 0.00015282
8.16 0.561228 0.0001515
8.17 0.550689 0.000148577
8.18 0.535621 0.000144397
8.19 0.516161 0.000138999
8.2 0.492189 0.000132349
8.21 0.464211 0.000124588
8.22 0.433453 0.000116056
8.23 0.401868 0.000107295
8.24 0.371864 9.89719e-005
8.25 0.34545 9.16449e-005
8.26 0.323547 8.55691e-005
8.27 0.306341 8.07963e-005
8.28 0.293827 7.73249e-005
8.29 0.285578 7.50367e-005
8.3 0.280843 7.37233e-005
8.31 0.279459 7.33394e-005
8.32 0.282008 7.40465e-005
8.33 0.288609 7.58776e-005
8.34 0.298079 7.85046e-005
8.35 0.3085 8.13952e-005
8.36 0.318204 8.4087e-005
8.37 0.326498 8.63878e-005
8.38 0.3337 8.83854e-005
8.39 0.340407 9.02461e-005
8.4 0.347048 9.20882e-005
8.41 0.354362 9.4117e-005
8.42 0.363547 9.66649e-005
8.43 0.375545 9.9993e-005
8.44 0.390734 0.000104206
8.45 0.409269 0.000109348
8.46 0.4311 0.000115404
8.47 0.455469 0.000122163
8.48 0.480967 0.000129236
8.49 0.506318 0.000136269
8.5 0.530856 0.000143075
8.51 0.553873 0.00014946
8.52 0.573957 0.000155031
8.53 0.588575 0.000159086
8.54 0.595432 0.000160988
8.55 0.594672 0.000160777
8.56 0.589061 0.000159221
8.57 0.58187 0.000157226
8.58 0.575579 0.000155481
8.59 0.570917 0.000154188
8.6 0.567939 0.000153362
8.61 0.567702 0.000153296
8.62 0.572023 0.000154494
8.63 0.582055 0.000157277
8.64 0.598135 0.000161738
8.65 0.621045 0.000168093
8.66 0.6491 0.000175875
8.67 0.680164 0.000184492
8.68 0.710632 0.000192944
8.69 0.727316 0.000200203
8.7 0.725824 0.000205533
8.71 0.724944 0.000208677
8.72 0.724735 0.000209424
8.73 0.718242 0.00020751
8.74 0.702071 0.000202744
8.75 0.677582 0.000195526
8.76 0.64838 0.000186919
8.77 0.618225 0.000178031
8.78 0.588161 0.000169171
8.79 0.55586 0.00015965
8.8 0.517428 0.000148323
8.81 0.469652 0.000134242
8.82 0.411377 0.000117067
8.83 0.34429 9.72935e-005
8.84 0.272878 7.62461e-005
8.85 0.203178 5.5703e-005
8.86 0.140137 3.71226e-005
8.87 0.0852902 2.09575e-005
8.88 0.0359395 6.41214e-006
8.89 -0.0141804 -8.11671e-006
8.9 -0.0708061 -2.3835e-005
8.91 -0.135087 -4.16784e-005
8.92 -0.206253 -6.14327e-005
8.93 -0.28357 -8.28948e-005
8.94 -0.365803 -0.000105721
8.95 -0.451032 -0.000129379
8.96 -0.537084 -0.000153266
8.97 -0.618341 -0.00017695
8.98 -0.697012 -0.0002003
8.99 -0.773631 -0.000223237
9 -0.846154 -0.000245131
9.01 -0.911915 -0.000265143
9.02 -0.969243 -0.000282714
9.03 -1.01639 -0.000297253
9.04 -1.05316 -0.000308651
9.05 -1.07931 -0.000316785
9.06 -1.09403 -0.000321377
9.07 -1.09719 -0.000322363
9.08 -1.089 -0.000320093
9.09 -1.07118 -0.000315149
9.1 -1.04622 -0.000308223
9.11 -1.01597 -0.000299832
9.12 -0.981559 -0.000290288
9.13 -0.943552 -0.000279745
9.14 -0.902375 -0.000268323
9.15 -0.858921 -0.000256269
9.16 -0.814813 -0.000244034
9.17 -0.770807 -0.000231827
9.18 -0.725316 -0.000219208
9.19 -0.674974 -0.000205244
9.2 -0.616256 -0.000188956
9.21 -0.547132 -0.000169781
9.22 -0.467814 -0.000147779
9.23 -0.380089 -0.000123445
9.24 -0.286012 -9.73484e-005
9.25 -0.187046 -6.98959e-005
9.26 -0.0841297 -4.13477e-005
9.27 0.0177459 -1.19232e-005
9.28 0.116315 1.71286e-005
9.29 0.209743 4.4665e-005
9.3 0.294799 6.97337e-005
9.31 0.371651 9.23848e-005
9.32 0.440886 0.000112791
9.33 0.50283 0.000131048
9.34 0.557208 0.000147075
9.35 0.604071 0.000160887
9.36 0.643784 0.000172592
9.37 0.676883 0.000182347
9.38 0.703699 0.000190251
9.39 0.724705 0.000196555
9.4 0.723355 0.000201379
9.41 0.722532 0.000204316
9.42 0.722448 0.000204618
9.43 0.714459 0.000202165
9.44 0.698288 0.000197201
9.45 0.67541 0.000190178
9.46 0.647572 0.000181633
9.47 0.615586 0.000171814
9.48 0.578637 0.000160472
9.49 0.535342 0.000147181
9.5 0.485349 0.000131835
9.51 0.430568 0.000115019
9.52 0.374372 9.77682e-005
9.53 0.31865 8.06629e-005
9.54 0.262317 6.33704e-005
9.55 0.202845 4.51141e-005
9.56 0.138223 2.5277e-005
9.57 0.067827 3.66745e-006
9.58 -0.00927588 -1.97338e-005
9.59 -0.0995925 -4.48576e-005
9.6 -0.198668 -7.24178e-005
9.61 -0.305111 -0.000102027
9.62 -0.414237 -0.000132384
9.63 -0.520906 -0.000162056
9.64 -0.621699 -0.000190094
9.65 -0.716854 -0.000216564
9.66 -0.808173 -0.000241966
9.67 -0.896635 -0.000266574
9.68 -0.980743 -0.000289971
9.69 -1.05751 -0.000311326
9.7 -1.12354 -0.000330606
9.71 -1.17891 -0.000348011
9.72 -1.22751 -0.000363391
9.73 -1.26993 -0.00037689
9.74 -1.30722 -0.000388815
9.75 -1.34205 -0.000400008
9.76 -1.37649 -0.000411124
9.77 -1.40945 -0.000421808
9.78 -1.43794 -0.000431081
9.79 -1.45859 -0.000437827
9.8 -1.46927 -0.000441319
9.81 -1.47007 -0.000441581
9.82 -1.46127 -0.000439142
9.83 -1.44486 -0.000434591
9.84 -1.42183 -0.000428201
9.85 -1.3916 -0.000419816
9.86 -1.35321 -0.000409167
9.87 -1.30622 -0.000396133
9.88 -1.25066 -0.00038072
9.89 -1.18652 -0.000362928
9.9 -1.11365 -0.000342715
9.91 -1.03261 -0.000320234
9.92 -0.945429 -0.000296051
9.93 -0.855048 -0.00027098
9.94 -0.763904 -0.000245697
9.95 -0.673356 -0.00022058
9.96 -0.584339 -0.000195887
9.97 -0.49786 -0.000171899
9.98 -0.414474 -0.000148768
9.99 -0.333361 -0.000126268
10 -0.251661 -0.000103605
