0.1 0 0
0.2 0 0
0.3 0 0
0.4 0 0
0.5 0 0
0.6 0 0
0.7 0 0
0.8 0 0
0.9 0 0
1 0 0
0.01 0.000790838 2.72703e-008
0.02 0.00304882 1.05132e-007
0.03 0.00570519 1.96731e-007
0.04 0.00774375 2.67026e-007
0.05 0.00908546 3.13292e-007
0.06 0.00971026 3.34837e-007
0.07 0.00963287 3.32168e-007
0.08 0.00891545 3.07429e-007
0.09 0.00766138 2.64186e-007
0.1 0.00599245 2.06636e-007
0.11 0.00403233 1.39046e-007
0.12 0.00189307 6.52782e-008
0.13 -0.00033499 -1.15514e-008
0.14 -0.00257243 -8.87046e-008
0.15 -0.00472805 -1.63036e-007
0.16 -0.00670881 -2.31338e-007
0.17 -0.00845574 -2.91577e-007
0.18 -0.00997929 -3.44113e-007
0.19 -0.0113894 -3.92739e-007
0.2 -0.0128722 -4.4387e-007
0.21 -0.0146277 -5.04404e-007
0.22 -0.0168313 -5.80388e-007
0.23 -0.0195969 -6.75755e-007
0.24 -0.0229485 -7.91328e-007
0.25 -0.0268117 -9.2454e-007
0.26 -0.0310466 -1.07057e-006
0.27 -0.0355466 -1.22575e-006
0.28 -0.0402775 -1.38888e-006
0.29 -0.0451966 -1.5585e-006
0.3 -0.0501994 -1.73101e-006
0.31 -0.055171 -1.90245e-006
0.32 -0.0599886 -2.06857e-006
0.33 -0.0644661 -2.22297e-006
0.34 -0.0684323 -2.35974e-006
0.35 -0.0718488 -2.47755e-006
0.36 -0.0747927 -2.57906e-006
0.37 -0.0773603 -2.6676e-006
0.38 -0.0795974 -2.74474e-006
0.39 -0.0815004 -2.81036e-006
0.4 -0.083079 -2.86479e-006
0.41 -0.0844179 -2.91096e-006
0.42 -0.085639 -2.95307e-006
0.43 -0.0868158 -2.99365e-006
0.44 -0.087957 -3.033e-006
0.45 -0.0890391 -3.07031e-006
0.46 -0.0900721 -3.10594e-006
0.47 -0.0911021 -3.14145e-006
0.48 -0.0920738 -3.17496e-006
0.49 -0.0927913 -3.1997e-006
0.5 -0.0930833 -3.20977e-006
0.51 -0.0928605 -3.20209e-006
0.52 -0.0919829 -3.17182e-006
0.53 -0.0902931 -3.11356e-006
0.54 -0.0878522 -3.02939e-006
0.55 -0.0849796 -2.93033e-006
0.56 -0.0818875 -2.82371e-006
0.57 -0.0783342 -2.70118e-006
0.58 -0.0738905 -2.54795e-006
0.59 -0.0685233 -2.36287e-006
0.6 -0.0627251 -2.16293e-006
0.61 -0.0570731 -1.96804e-006
0.62 -0.0518355 -1.78743e-006
0.63 -0.0471758 -1.62675e-006
0.64 -0.0433247 -1.49396e-006
0.65 -0.0401546 -1.38464e-006
0.66 -0.0371845 -1.28223e-006
0.67 -0.0341704 -1.17829e-006
0.68 -0.0311294 -1.07343e-006
0.69 -0.0279685 -9.6443e-007
0.7 -0.0245558 -8.46751e-007
0.71 -0.0209683 -7.23043e-007
0.72 -0.0173726 -5.99055e-007
0.73 -0.0137532 -4.74249e-007
0.74 -0.00976843 -3.36842e-007
0.75 -0.004952 -1.70759e-007
0.76 0.000776104 2.67622e-008
0.77 0.00689213 2.3766e-007
0.78 0.0125239 4.3186e-007
0.79 0.0169806 5.85538e-007
0.8 0.0201108 6.93477e-007
0.81 0.0220183 7.5925e-007
0.82 0.022679 7.82035e-007
0.83 0.0220977 7.6199e-007
0.84 0.0205588 7.08924e-007
0.85 0.0183612 6.33146e-007
0.86 0.0156741 5.40486e-007
0.87 0.013131 4.52793e-007
0.88 0.0117349 4.0465e-007
0.89 0.0116754 4.026e-007
0.9 0.0119982 4.13731e-007
0.91 0.0117636 4.05643e-007
0.92 0.0113448 3.912e-007
0.93 0.012059 4.15827e-007
0.94 0.0143922 4.96281e-007
0.95 0.0171663 5.91942e-007
0.96 0.0185437 6.39437e-007
0.97 0.0177779 6.1303e-007
0.98 0.0157533 5.43216e-007
0.99 0.0134716 4.6454e-007
1 0.0108369 3.73687e-007
1.01 0.00733358 2.52882e-007
1.02 0.00282365 9.73671e-008
1.03 -0.00250516 -8.63848e-008
1.04 -0.00817461 -2.81883e-007
1.05 -0.0133712 -4.61077e-007
1.06 -0.0172823 -5.95942e-007
1.07 -0.0196985 -6.7926e-007
1.08 -0.0214042 -7.38077e-007
1.09 -0.0232592 -8.02042e-007
1.1 -0.0247692 -8.54112e-007
1.11 -0.0247264 -8.52634e-007
1.12 -0.023148 -7.98208e-007
1.13 -0.0215932 -7.44592e-007
1.14 -0.0217356 -7.49502e-007
1.15 -0.0248282 -8.56146e-007
1.16 -0.0316576 -1.09164e-006
1.17 -0.0413214 -1.42488e-006
1.18 -0.0513403 -1.77036e-006
1.19 -0.0595327 -2.05285e-006
1.2 -0.0651158 -2.24537e-006
1.21 -0.0684984 -2.36201e-006
1.22 -0.0704389 -2.42893e-006
1.23 -0.0715044 -2.46567e-006
1.24 -0.0721018 -2.48627e-006
1.25 -0.0727677 -2.50923e-006
1.26 -0.0740866 -2.55471e-006
1.27 -0.0761667 -2.62644e-006
1.28 -0.0786574 -2.71232e-006
1.29 -0.0809018 -2.78972e-006
1.3 -0.0821413 -2.83246e-006
1.31 -0.0823928 -2.84113e-006
1.32 -0.0826104 -2.84863e-006
1.33 -0.0837816 -2.88902e-006
1.34 -0.0868515 -2.99488e-006
1.35 -0.0924024 -3.18629e-006
1.36 -0.0990291 -3.4148e-006
1.37 -0.103684 -3.57531e-006
1.38 -0.104142 -3.59111e-006
1.39 -0.100732 -3.47352e-006
1.4 -0.0957515 -3.30178e-006
1.41 -0.0904101 -3.11759e-006
1.42 -0.0837987 -2.88961e-006
1.43 -0.0755084 -2.60374e-006
1.44 -0.0665916 -2.29626e-006
1.45 -0.058167 -2.00576e-006
1.46 -0.0505267 -1.7423e-006
1.47 -0.0427187 -1.47306e-006
1.48 -0.0324508 -1.11899e-006
1.49 -0.0170525 -5.88016e-007
1.5 0.00424177 1.46268e-007
1.51 0.0282726 9.74916e-007
1.52 0.0493747 1.70258e-006
1.53 0.0643719 2.21972e-006
1.54 0.0748378 2.58062e-006
1.55 0.083837 2.89093e-006
1.56 0.0931161 3.2109e-006
1.57 0.103255 3.56053e-006
1.58 0.114062 3.93317e-006
1.59 0.124855 4.30533e-006
1.6 0.135709 4.67963e-006
1.61 0.148251 5.11209e-006
1.62 0.163597 5.64129e-006
1.63 0.178568 6.15752e-006
1.64 0.185758 6.40545e-006
1.65 0.179999 6.20686e-006
1.66 0.163613 5.64183e-006
1.67 0.144188 4.97199e-006
1.68 0.12835 4.42587e-006
1.69 0.117991 4.06864e-006
1.7 0.111584 3.84773e-006
1.71 0.106742 3.68076e-006
1.72 0.100623 3.46975e-006
1.73 0.0905755 3.12329e-006
1.74 0.0755559 2.60537e-006
1.75 0.055892 1.92731e-006
1.76 0.0323661 1.11607e-006
1.77 0.00673407 2.32209e-007
1.78 -0.0174432 -6.01488e-007
1.79 -0.0368891 -1.27204e-006
1.8 -0.0521789 -1.79927e-006
1.81 -0.067519 -2.32824e-006
1.82 -0.0870012 -3.00004e-006
1.83 -0.111646 -3.84987e-006
1.84 -0.139246 -4.80158e-006
1.85 -0.165495 -5.70673e-006
1.86 -0.185608 -6.40027e-006
1.87 -0.198009 -6.82789e-006
1.88 -0.207411 -7.1521e-006
1.89 -0.220791 -7.61347e-006
1.9 -0.239081 -8.24417e-006
1.91 -0.256353 -8.83975e-006
1.92 -0.26655 -9.19139e-006
1.93 -0.267369 -9.21963e-006
1.94 -0.259338 -8.94267e-006
1.95 -0.244407 -8.42783e-006
1.96 -0.226278 -7.80269e-006
1.97 -0.210168 -7.24718e-006
1.98 -0.199702 -6.88626e-006
1.99 -0.194666 -6.71262e-006
2 -0.191867 -6.61611e-006
2.01 -0.187105 -6.45188e-006
2.02 -0.176967 -6.10231e-006
2.03 -0.159222 -5.49042e-006
2.04 -0.133138 -4.59096e-006
2.05 -0.10152 -3.50069e-006
2.06 -0.0697449 -2.405e-006
2.07 -0.0402357 -1.38744e-006
2.08 -0.0103388 -3.5651e-007
2.09 0.0236109 8.1417e-007
2.1 0.0617094 2.12791e-006
2.11 0.100632 3.47006e-006
2.12 0.137756 4.75021e-006
2.13 0.172857 5.96058e-006
2.14 0.206357 7.11574e-006
2.15 0.237624 8.19393e-006
2.16 0.264175 9.10947e-006
2.17 0.283199 9.7655e-006
2.18 0.294752 1.01639e-005
2.19 0.301433 1.03943e-005
2.2 0.304646 1.0505e-005
2.21 0.304217 1.04902e-005
2.22 0.301136 1.0384e-005
2.23 0.297858 1.0271e-005
2.24 0.295825 1.02009e-005
2.25 0.294236 1.01461e-005
2.26 0.291794 1.00619e-005
2.27 0.287333 9.90804e-006
2.28 0.278709 9.61066e-006
2.29 0.264061 9.10557e-006
2.3 0.243624 8.40083e-006
2.31 0.218656 7.53987e-006
2.32 0.19012 6.55587e-006
2.33 0.158966 5.48159e-006
2.34 0.126201 4.35177e-006
2.35 0.0924705 3.18864e-006
2.36 0.0579546 1.99843e-006
2.37 0.0233061 8.03659e-007
2.38 -0.0104207 -3.59336e-007
2.39 -0.0438288 -1.51134e-006
2.4 -0.0778769 -2.68541e-006
2.41 -0.110666 -3.81607e-006
2.42 -0.139213 -4.80046e-006
2.43 -0.162269 -5.5955e-006
2.44 -0.179499 -6.18961e-006
2.45 -0.190957 -6.58474e-006
2.46 -0.198234 -6.83566e-006
2.47 -0.203843 -7.02907e-006
2.48 -0.209173 -7.21285e-006
2.49 -0.213774 -7.37152e-006
2.5 -0.215725 -7.4388e-006
2.51 -0.213217 -7.35229e-006
2.52 -0.20638 -7.11655e-006
2.53 -0.196822 -6.78695e-006
2.54 -0.186683 -6.43734e-006
2.55 -0.17826 -6.14691e-006
2.56 -0.172951 -5.96382e-006
2.57 -0.170691 -5.88588e-006
2.58 -0.170128 -5.86647e-006
2.59 -0.168423 -5.80769e-006
2.6 -0.161925 -5.58362e-006
2.61 -0.148678 -5.12682e-006
2.62 -0.130027 -4.48368e-006
2.63 -0.109012 -3.75904e-006
2.64 -0.0862882 -2.97545e-006
2.65 -0.0580772 -2.00266e-006
2.66 -0.0206137 -7.10817e-007
2.67 0.0240485 8.29257e-007
2.68 0.0684102 2.35897e-006
2.69 0.105372 3.63352e-006
2.7 0.133648 4.60855e-006
2.71 0.157228 5.42167e-006
2.72 0.179969 6.20584e-006
2.73 0.201119 6.93515e-006
2.74 0.216273 7.4577e-006
2.75 0.222493 7.67217e-006
2.76 0.221116 7.6247e-006
2.77 0.216047 7.4499e-006
2.78 0.210353 7.25355e-006
2.79 0.204031 7.03556e-006
2.8 0.195576 6.74401e-006
2.81 0.186637 6.43576e-006
2.82 0.182681 6.29935e-006
2.83 0.188011 6.48313e-006
2.84 0.20194 6.96345e-006
2.85 0.219315 7.5626e-006
2.86 0.233893 8.06527e-006
2.87 0.240627 8.29748e-006
2.88 0.235833 8.13216e-006
2.89 0.218276 7.52678e-006
2.9 0.190313 6.56251e-006
2.91 0.155639 5.36687e-006
2.92 0.116208 4.00718e-006
2.93 0.0730122 2.51766e-006
2.94 0.0281297 9.69991e-007
2.95 -0.0158494 -5.46532e-007
2.96 -0.0568017 -1.95868e-006
2.97 -0.0917417 -3.16351e-006
2.98 -0.116085 -4.00292e-006
2.99 -0.126511 -4.36245e-006
3 -0.124255 -4.28465e-006
3.01 -0.114371 -3.94383e-006
3.02 -0.101958 -3.51579e-006
3.03 -0.089614 -3.09014e-006
3.04 -0.0773134 -2.66598e-006
3.05 -0.064362 -2.21938e-006
3.06 -0.0516695 -1.78171e-006
3.07 -0.0417018 -1.43799e-006
3.08 -0.0370353 -1.27708e-006
3.09 -0.0382062 -1.31745e-006
3.1 -0.0426954 -1.47226e-006
3.11 -0.0483571 -1.66749e-006
3.12 -0.0567836 -1.95806e-006
3.13 -0.0708445 -2.44291e-006
3.14 -0.0894091 -3.08307e-006
3.15 -0.105836 -3.64952e-006
3.16 -0.111963 -3.86081e-006
3.17 -0.102356 -3.52951e-006
3.18 -0.0763962 -2.63435e-006
3.19 -0.0393801 -1.35793e-006
3.2 0.000281677 9.713e-009
3.21 0.037584 1.296e-006
3.22 0.0736864 2.54091e-006
3.23 0.111577 3.84749e-006
3.24 0.151314 5.21772e-006
3.25 0.189761 6.54349e-006
3.26 0.221248 7.62924e-006
3.27 0.237905 8.20363e-006
3.28 0.233603 8.05527e-006
3.29 0.209677 7.23024e-006
3.3 0.175605 6.05533e-006
3.31 0.143576 4.9509e-006
3.32 0.122151 4.21211e-006
3.33 0.114809 3.95894e-006
3.34 0.123069 4.24376e-006
3.35 0.146741 5.06003e-006
3.36 0.180432 6.22179e-006
3.37 0.214127 7.38369e-006
3.38 0.238521 8.22488e-006
3.39 0.249591 8.60659e-006
3.4 0.250486 8.63745e-006
3.41 0.249621 8.60761e-006
3.42 0.25428 8.76828e-006
3.43 0.264454 9.11909e-006
3.44 0.273236 9.42194e-006
3.45 0.272674 9.40254e-006
3.46 0.258585 8.91674e-006
3.47 0.231672 7.98868e-006
3.48 0.196371 6.77143e-006
3.49 0.159024 5.4836e-006
3.5 0.127039 4.38065e-006
3.51 0.107428 3.70441e-006
3.52 0.101833 3.51149e-006
3.53 0.104243 3.5946e-006
3.54 0.10648 3.67173e-006
3.55 0.104711 3.61074e-006
3.56 0.101064 3.48498e-006
3.57 0.100108 3.452e-006
3.58 0.104126 3.59054e-006
3.59 0.11173 3.85277e-006
3.6 0.118492 4.08593e-006
3.61 0.118744 4.09464e-006
3.62 0.109496 3.77573e-006
3.63 0.0927561 3.19849e-006
3.64 0.0731654 2.52295e-006
3.65 0.0540097 1.86241e-006
3.66 0.0359699 1.24034e-006
3.67 0.0194552 6.70869e-007
3.68 0.00601046 2.07257e-007
3.69 -0.00422686 -1.45754e-007
3.7 -0.0138922 -4.79043e-007
3.71 -0.0260452 -8.98111e-007
3.72 -0.04301 -1.4831e-006
3.73 -0.0657715 -2.26798e-006
3.74 -0.0918209 -3.16624e-006
3.75 -0.116696 -4.02401e-006
3.76 -0.138147 -4.76368e-006
3.77 -0.156791 -5.40659e-006
3.78 -0.17403 -6.00105e-006
3.79 -0.190851 -6.58108e-006
3.8 -0.208079 -7.17515e-006
3.81 -0.225747 -7.78439e-006
3.82 -0.241228 -8.31819e-006
3.83 -0.2504 -8.63447e-006
3.84 -0.253047 -8.72577e-006
3.85 -0.254894 -8.78945e-006
3.86 -0.261855 -9.02947e-006
3.87 -0.274169 -9.45411e-006
3.88 -0.287729 -9.92167e-006
3.89 -0.298704 -1.03001e-005
3.9 -0.305112 -1.05211e-005
3.91 -0.304523 -1.05008e-005
3.92 -0.292233 -1.0077e-005
3.93 -0.265002 -9.13801e-006
3.94 -0.225616 -7.77986e-006
3.95 -0.179846 -6.20158e-006
3.96 -0.131424 -4.53188e-006
3.97 -0.0825446 -2.84636e-006
3.98 -0.0357107 -1.2314e-006
3.99 0.00723681 2.49545e-007
4 0.0480984 1.65857e-006
4.01 0.0929944 3.2067e-006
4.02 0.146059 5.03653e-006
4.03 0.204006 7.0347e-006
4.04 0.260569 8.98513e-006
4.05 0.311636 1.07461e-005
4.06 0.353887 1.2203e-005
4.07 0.385213 1.32832e-005
4.08 0.409212 1.41108e-005
4.09 0.434687 1.49892e-005
4.1 0.46907 1.61748e-005
4.11 0.514247 1.77327e-005
4.12 0.566211 1.95245e-005
4.13 0.616018 2.1242e-005
4.14 0.65492 2.25834e-005
4.15 0.679783 2.34408e-005
4.16 0.692244 2.38705e-005
4.17 0.695367 2.39782e-005
4.18 0.691704 2.38518e-005
4.19 0.682842 2.35463e-005
4.2 0.670334 2.3115e-005
4.21 0.65492 2.25835e-005
4.22 0.634303 2.18725e-005
4.23 0.605673 2.08853e-005
4.24 0.569449 1.96362e-005
4.25 0.526789 1.81651e-005
4.26 0.477733 1.64736e-005
4.27 0.423596 1.46068e-005
4.28 0.366623 1.26422e-005
4.29 0.308487 1.06375e-005
4.3 0.251859 8.68481e-006
4.31 0.199581 6.8821e-006
4.32 0.150468 5.18856e-006
4.33 0.0994014 3.42764e-006
4.34 0.0422184 1.45581e-006
4.35 -0.0216168 -7.45408e-007
4.36 -0.090652 -3.12593e-006
4.37 -0.163049 -5.62237e-006
4.38 -0.235896 -8.13436e-006
4.39 -0.303368 -1.0461e-005
4.4 -0.358017 -1.23454e-005
4.41 -0.396713 -1.36798e-005
4.42 -0.423588 -1.46065e-005
4.43 -0.446942 -1.54118e-005
4.44 -0.474895 -1.63757e-005
4.45 -0.510638 -1.76082e-005
4.46 -0.549329 -1.89424e-005
4.47 -0.582182 -2.00752e-005
4.48 -0.603425 -2.08078e-005
4.49 -0.611229 -2.10769e-005
4.5 -0.605339 -2.08738e-005
4.51 -0.588494 -2.02929e-005
4.52 -0.567555 -1.95709e-005
4.53 -0.547586 -1.88823e-005
4.54 -0.52684 -1.81669e-005
4.55 -0.500695 -1.72653e-005
4.56 -0.466363 -1.60815e-005
4.57 -0.423192 -1.45928e-005
4.58 -0.373219 -1.28696e-005
4.59 -0.322329 -1.11148e-005
4.6 -0.278293 -9.5963e-006
4.61 -0.244543 -8.43251e-006
4.62 -0.215857 -7.44336e-006
4.63 -0.183814 -6.33841e-006
4.64 -0.146627 -5.05611e-006
4.65 -0.110305 -3.80363e-006
4.66 -0.0811544 -2.79843e-006
4.67 -0.0599247 -2.06637e-006
4.68 -0.0422483 -1.45684e-006
4.69 -0.0231991 -7.99967e-007
4.7 -0.00178512 -6.15558e-008
4.71 0.0189291 6.52729e-007
4.72 0.03636 1.25379e-006
4.73 0.0504437 1.73944e-006
4.74 0.0607893 2.09618e-006
4.75 0.0655019 2.25869e-006
4.76 0.0619244 2.13532e-006
4.77 0.0465321 1.60455e-006
4.78 0.0177574 6.12324e-007
4.79 -0.019803 -6.82863e-007
4.8 -0.0578069 -1.99334e-006
4.81 -0.0903336 -3.11495e-006
4.82 -0.115828 -3.99406e-006
4.83 -0.135938 -4.68751e-006
4.84 -0.154648 -5.33268e-006
4.85 -0.175748 -6.06028e-006
4.86 -0.197173 -6.79906e-006
4.87 -0.211606 -7.29675e-006
4.88 -0.216399 -7.46202e-006
4.89 -0.21701 -7.48312e-006
4.9 -0.21979 -7.57896e-006
4.91 -0.227031 -7.82866e-006
4.92 -0.240058 -8.27787e-006
4.93 -0.262232 -9.04248e-006
4.94 -0.29431 -1.01486e-005
4.95 -0.329486 -1.13616e-005
4.96 -0.357707 -1.23347e-005
4.97 -0.373169 -1.28679e-005
4.98 -0.374697 -1.29206e-005
4.99 -0.362765 -1.25091e-005
5 -0.342142 -1.1798e-005
5.01 -0.323344 -1.11498e-005
5.02 -0.313815 -1.08212e-005
5.03 -0.311038 -1.07254e-005
5.04 -0.308426 -1.06354e-005
5.05 -0.302225 -1.04216e-005
5.06 -0.290333 -1.00115e-005
5.07 -0.273163 -9.41942e-006
5.08 -0.257685 -8.88571e-006
5.09 -0.253645 -8.74638e-006
5.1 -0.265661 -9.16072e-006
5.11 -0.292644 -1.00912e-005
5.12 -0.332283 -1.14581e-005
5.13 -0.380082 -1.31063e-005
5.14 -0.424975 -1.46543e-005
5.15 -0.453736 -1.56461e-005
5.16 -0.462322 -1.59422e-005
5.17 -0.457752 -1.57846e-005
5.18 -0.450397 -1.55309e-005
5.19 -0.450325 -1.55285e-005
5.2 -0.467585 -1.61236e-005
5.21 -0.506776 -1.7475e-005
5.22 -0.558827 -1.92699e-005
5.23 -0.605226 -2.08698e-005
5.24 -0.63119 -2.17652e-005
5.25 -0.631523 -2.17767e-005
5.26 -0.6099 -2.1031e-005
5.27 -0.576482 -1.98787e-005
5.28 -0.541426 -1.86699e-005
5.29 -0.509066 -1.7554e-005
5.3 -0.480716 -1.65764e-005
5.31 -0.458203 -1.58001e-005
5.32 -0.439676 -1.51612e-005
5.33 -0.417532 -1.43977e-005
5.34 -0.383757 -1.3233e-005
5.35 -0.335764 -1.15781e-005
5.36 -0.276691 -9.54109e-006
5.37 -0.209997 -7.24127e-006
5.38 -0.135788 -4.68234e-006
5.39 -0.0537611 -1.85383e-006
5.4 0.0334868 1.15472e-006
5.41 0.121621 4.19382e-006
5.42 0.20682 7.13172e-006
5.43 0.287967 9.9299e-006
5.44 0.367928 1.26872e-005
5.45 0.449981 1.55166e-005
5.46 0.532215 1.83522e-005
5.47 0.607336 2.09426e-005
5.48 0.667149 2.30051e-005
5.49 0.706506 2.43623e-005
5.5 0.727058 2.5071e-005
5.51 0.737159 2.54193e-005
5.52 0.743362 2.56332e-005
5.53 0.745956 2.57226e-005
5.54 0.744842 2.56842e-005
5.55 0.741044 2.55532e-005
5.56 0.732855 2.52709e-005
5.57 0.718373 2.47715e-005
5.58 0.700494 2.4155e-005
5.59 0.685614 2.36419e-005
5.6 0.678609 2.34003e-005
5.61 0.679868 2.34437e-005
5.62 0.684387 2.35995e-005
5.63 0.682059 2.35193e-005
5.64 0.66184 2.28221e-005
5.65 0.618658 2.1333e-005
5.66 0.557444 1.92222e-005
5.67 0.490519 1.69144e-005
5.68 0.428817 1.47868e-005
5.69 0.374037 1.28978e-005
5.7 0.319451 1.10155e-005
5.71 0.258193 8.9032e-006
5.72 0.189353 6.52942e-006
5.73 0.116174 4.00598e-006
5.74 0.0400696 1.38171e-006
5.75 -0.0423083 -1.45891e-006
5.76 -0.135719 -4.67996e-006
5.77 -0.241322 -8.32146e-006
5.78 -0.355405 -1.22554e-005
5.79 -0.470039 -1.62082e-005
5.8 -0.573745 -1.97843e-005
5.81 -0.657646 -2.26775e-005
5.82 -0.727963 -2.51022e-005
5.83 -0.80806 -2.78641e-005
5.84 -0.918117 -3.16592e-005
5.85 -1.05366 -3.63331e-005
5.86 -1.18983 -4.10285e-005
5.87 -1.3033 -4.49412e-005
5.88 -1.38587 -4.77885e-005
5.89 -1.44401 -4.97934e-005
5.9 -1.49117 -5.14198e-005
5.91 -1.53727 -5.30092e-005
5.92 -1.58483 -5.46494e-005
5.93 -1.63104 -5.62426e-005
5.94 -1.66628 -5.7458e-005
5.95 -1.67464 -5.77461e-005
5.96 -1.64121 -5.65936e-005
5.97 -1.56084 -5.38222e-005
5.98 -1.44077 -4.96818e-005
5.99 -1.2939 -4.46173e-005
6 -1.12711 -3.88658e-005
6.01 -0.937151 -3.23155e-005
6.02 -0.71678 -2.47166e-005
6.03 -0.459095 -1.58309e-005
6.04 -0.160448 -5.5327e-006
6.05 0.171451 5.91209e-006
6.06 0.515428 1.77734e-005
6.07 0.844823 2.91318e-005
6.08 1.1363 3.91827e-005
6.09 1.37768 4.75063e-005
6.1 1.57128 5.41821e-005
6.11 1.72722 5.95594e-005
6.12 1.85616 6.40056e-005
6.13 1.96752 6.78457e-005
6.14 2.06477 7.11989e-005
6.15 2.14248 7.38787e-005
6.16 2.19353 7.56389e-005
6.17 2.21573 7.64043e-005
6.18 2.21181 7.62692e-005
6.19 2.19169 7.55755e-005
6.2 2.17356 7.49503e-005
6.21 2.17091 7.48589e-005
6.22 2.17548 7.50166e-005
6.23 2.15727 7.43885e-005
6.24 2.08515 7.19017e-005
6.25 1.95092 6.7273e-005
6.26 1.77751 6.12933e-005
6.27 1.60632 5.53905e-005
6.28 1.47052 5.07076e-005
6.29 1.37211 4.7314e-005
6.3 1.28123 4.41803e-005
6.31 1.16446 4.01537e-005
6.32 1.01561 3.50211e-005
6.33 0.857201 2.95586e-005
6.34 0.723056 2.4933e-005
6.35 0.639628 2.20561e-005
6.36 0.61045 2.105e-005
6.37 0.605533 2.08805e-005
6.38 0.571051 1.96914e-005
6.39 0.469459 1.61882e-005
6.4 0.310205 1.06967e-005
6.41 0.130366 4.49539e-006
6.42 -0.039727 -1.3699e-006
6.43 -0.181513 -6.25908e-006
6.44 -0.284282 -9.80282e-006
6.45 -0.352783 -1.21649e-005
6.46 -0.406261 -1.4009e-005
6.47 -0.461103 -1.59001e-005
6.48 -0.516532 -1.78115e-005
6.49 -0.560389 -1.93237e-005
6.5 -0.584125 -2.01422e-005
6.51 -0.590387 -2.03582e-005
6.52 -0.587344 -2.02533e-005
6.53 -0.576095 -1.98653e-005
6.54 -0.550823 -1.89939e-005
6.55 -0.515004 -1.77588e-005
6.56 -0.488865 -1.68574e-005
6.57 -0.49736 -1.71504e-005
6.58 -0.555899 -1.91689e-005
6.59 -0.660583 -2.27787e-005
6.6 -0.786347 -2.71154e-005
6.61 -0.900343 -3.10463e-005
6.62 -0.980622 -3.38145e-005
6.63 -1.02345 -3.52915e-005
6.64 -1.03951 -3.58452e-005
6.65 -1.044 -3.6e-005
6.66 -1.04555 -3.60535e-005
6.67 -1.04354 -3.59843e-005
6.68 -1.03621 -3.57313e-005
6.69 -1.02844 -3.54635e-005
6.7 -1.0281 -3.54518e-005
6.71 -1.03525 -3.56984e-005
6.72 -1.04018 -3.58682e-005
6.73 -1.03836 -3.58055e-005
6.74 -1.04561 -3.60556e-005
6.75 -1.09141 -3.76348e-005
6.76 -1.20061 -4.14002e-005
6.77 -1.38224 -4.76636e-005
6.78 -1.62601 -5.60694e-005
6.79 -1.9047 -6.56792e-005
6.8 -2.18157 -7.52264e-005
6.81 -2.42421 -8.35934e-005
6.82 -2.61497 -9.01715e-005
6.83 -2.74846 -9.47745e-005
6.84 -2.82057 -9.72611e-005
6.85 -2.82643 -9.74633e-005
6.86 -2.77048 -9.55339e-005
6.87 -2.66629 -9.19411e-005
6.88 -2.52339 -8.70135e-005
6.89 -2.34074 -8.07152e-005
6.9 -2.11338 -7.28751e-005
6.91 -1.85096 -6.38262e-005
6.92 -1.58546 -5.4671e-005
6.93 -1.35334 -4.66671e-005
6.94 -1.16867 -4.02989e-005
6.95 -1.01846 -3.51193e-005
6.96 -0.881081 -3.03821e-005
6.97 -0.74424 -2.56634e-005
6.98 -0.605927 -2.0894e-005
6.99 -0.465548 -1.60534e-005
7 -0.320953 -1.10673e-005
7.01 -0.177888 -6.13408e-006
7.02 -0.050325 -1.73535e-006
7.03 0.0585426 2.01871e-006
7.04 0.172734 5.95635e-006
7.05 0.343413 1.18418e-005
7.06 0.616713 2.1266e-005
7.07 0.997104 3.43829e-005
7.08 1.44872 4.99558e-005
7.09 1.92367 6.63334e-005
7.1 2.38419 8.22133e-005
7.11 2.80411 9.66936e-005
7.12 3.16157 0.00010902
7.13 3.44168 0.000118679
7.14 3.64249 0.000125603
7.15 3.77068 0.000130023
7.16 3.83266 0.000132161
7.17 3.83398 0.000132206
7.18 3.7829 0.000130445
7.19 3.68961 0.000127228
7.2 3.56552 0.000122949
7.21 3.42277 0.000118027
7.22 3.26845 0.000112705
7.23 3.10361 0.000107021
7.24 2.93162 0.00010109
7.25 2.76274 9.52667e-005
7.26 2.60838 8.9944e-005
7.27 2.46996 8.5171e-005
7.28 2.33382 8.04764e-005
7.29 2.17679 7.50617e-005
7.3 1.97295 6.80328e-005
7.31 1.69515 5.84535e-005
7.32 1.32318 4.56268e-005
7.33 0.865947 2.98602e-005
7.34 0.368927 1.27216e-005
7.35 -0.112465 -3.87812e-006
7.36 -0.5503 -1.89759e-005
7.37 -0.956729 -3.29907e-005
7.38 -1.35648 -4.67753e-005
7.39 -1.75169 -6.04031e-005
7.4 -2.12155 -7.31569e-005
7.41 -2.44647 -8.4361e-005
7.42 -2.7213 -9.3838e-005
7.43 -2.94672 -0.000101611
7.44 -3.10968 -0.00010723
7.45 -3.18446 -0.000109809
7.46 -3.15638 -0.000108841
7.47 -3.04035 -0.00010484
7.48 -2.87821 -9.92487e-005
7.49 -2.72084 -9.38221e-005
7.5 -2.60819 -8.99377e-005
7.51 -2.5608 -8.83035e-005
7.52 -2.58589 -8.91687e-005
7.53 -2.68138 -9.24614e-005
7.54 -2.8353 -9.7769e-005
7.55 -3.02714 -0.000104384
7.56 -3.22571 -0.000111232
7.57 -3.39511 -0.000117073
7.58 -3.51791 -0.000121307
7.59 -3.60947 -0.000124465
7.6 -3.69627 -0.000127458
7.61 -3.78031 -0.000130355
7.62 -3.82704 -0.000131967
7.63 -3.78688 -0.000130582
7.64 -3.62977 -0.000125165
7.65 -3.36134 -0.000115908
7.66 -3.02027 -0.000104147
7.67 -2.66057 -9.17439e-005
7.68 -2.32004 -8.00013e-005
7.69 -2.00415 -6.91085e-005
7.7 -1.703 -5.87242e-005
7.71 -1.41508 -4.87959e-005
7.72 -1.14719 -3.95584e-005
7.73 -0.897825 -3.09595e-005
7.74 -0.655523 -2.26043e-005
7.75 -0.412845 -1.4236e-005
7.76 -0.173398 -5.97925e-006
7.77 0.0572465 1.97402e-006
7.78 0.284895 9.82395e-006
7.79 0.528108 1.82106e-005
7.8 0.806474 2.78094e-005
7.81 1.12687 3.88577e-005
7.82 1.46966 5.06778e-005
7.83 1.78871 6.16798e-005
7.84 2.03365 7.0126e-005
7.85 2.17844 7.51186e-005
7.86 2.22808 7.68304e-005
7.87 2.20318 7.59718e-005
7.88 2.12868 7.34028e-005
7.89 2.03287 7.00989e-005
7.9 1.94627 6.71129e-005
7.91 1.89597 6.53784e-005
7.92 1.89248 6.52579e-005
7.93 1.92117 6.62473e-005
7.94 1.94887 6.72023e-005
7.95 1.9453 6.70794e-005
7.96 1.90108 6.55545e-005
7.97 1.82521 6.29381e-005
7.98 1.73329 5.97686e-005
7.99 1.63555 5.63982e-005
8 1.53075 5.27844e-005
8.01 1.41709 4.88653e-005
8.02 1.30847 4.51196e-005
8.03 1.23174 4.24738e-005
8.04 1.20147 4.14301e-005
8.05 1.20488 4.15476e-005
8.06 1.2205 4.20863e-005
8.07 1.24463 4.29183e-005
8.08 1.28931 4.44589e-005
8.09 1.35871 4.6852e-005
8.1 1.43584 4.95118e-005
8.11 1.49123 5.14219e-005
8.12 1.4946 5.15379e-005
8.13 1.42124 4.90084e-005
8.14 1.26038 4.34614e-005
8.15 1.02257 3.52611e-005
8.16 0.73657 2.5399e-005
8.17 0.4352 1.50069e-005
8.18 0.140858 4.85718e-006
8.19 -0.138874 -4.78877e-006
8.2 -0.401439 -1.38427e-005
8.21 -0.640321 -2.208e-005
8.22 -0.842745 -2.90602e-005
8.23 -0.990676 -3.41612e-005
8.24 -1.06456 -3.67089e-005
8.25 -1.0529 -3.63068e-005
8.26 -0.959304 -3.30795e-005
8.27 -0.798614 -2.75384e-005
8.28 -0.589914 -2.03419e-005
8.29 -0.35547 -1.22576e-005
8.3 -0.116455 -4.0157e-006
8.31 0.117625 4.05602e-006
8.32 0.35095 1.21017e-005
8.33 0.590252 2.03535e-005
8.34 0.835781 2.882e-005
8.35 1.08305 3.73464e-005
8.36 1.33018 4.58682e-005
8.37 1.58208 5.45543e-005
8.38 1.85016 6.37985e-005
8.39 2.14479 7.39583e-005
8.4 2.47155 8.52259e-005
8.41 2.83604 9.77944e-005
8.42 3.24544 0.000111912
8.43 3.70218 0.000127661
8.44 4.2012 0.000144869
8.45 4.733 0.000163207
8.46 5.30076 0.000182785
8.47 5.88594 0.000202963
8.48 6.46911 0.000223073
8.49 7.0142 0.000241869
8.5 7.49843 0.000258566
8.51 7.8945 0.000272224
8.52 8.19137 0.000282461
8.53 8.35727 0.000288182
8.54 8.38599 0.000289172
8.55 8.30544 0.000286394
8.56 8.15988 0.000281375
8.57 7.99209 0.000275589
8.58 7.8355 0.00027019
8.59 7.70382 0.000265649
8.6 7.59921 0.000262042
8.61 7.52979 0.000259648
8.62 7.5073 0.000258872
8.63 7.5345 0.00025981
8.64 7.60344 0.000262187
8.65 7.70195 0.000265584
8.66 7.80752 0.000269225
8.67 7.89146 0.000272119
8.68 7.91153 0.000272812
8.69 7.83458 0.000270158
8.7 7.64892 0.000263756
8.71 7.35832 0.000253735
8.72 6.96902 0.000240311
8.73 6.48098 0.000223482
8.74 5.90011 0.000203452
8.75 5.25556 0.000181226
8.76 4.59572 0.000158473
8.77 3.9652 0.000136731
8.78 3.37797 0.000116482
8.79 2.81002 9.68973e-005
8.8 2.21893 7.65148e-005
8.81 1.56696 5.40331e-005
8.82 0.835781 2.882e-005
8.83 0.034242 1.18076e-006
8.84 -0.773019 -2.66558e-005
8.85 -1.55167 -5.35057e-005
8.86 -2.27895 -7.85845e-005
8.87 -2.94734 -0.000101633
8.88 -3.58199 -0.000123517
8.89 -4.23258 -0.000145951
8.9 -4.94015 -0.00017035
8.91 -5.72372 -0.00019737
8.92 -6.56084 -0.000226236
8.93 -7.41937 -0.00025584
8.94 -8.2715 -0.000285224
8.95 -9.08399 -0.000313241
8.96 -9.8449 -0.000339479
8.97 -10.5279 -0.000363031
8.98 -11.1276 -0.000383711
8.99 -11.6331 -0.000401141
9 -12.02 -0.000414483
9.01 -12.2751 -0.000423278
9.02 -12.3893 -0.000427216
9.03 -12.3643 -0.000426355
9.04 -12.218 -0.000421311
9.05 -11.9696 -0.000412744
9.06 -11.634 -0.000401171
9.07 -11.228 -0.000387173
9.08 -10.7668 -0.000371269
9.09 -10.2629 -0.000353892
9.1 -9.72595 -0.000335378
9.11 -9.15503 -0.000315691
9.12 -8.54036 -0.000294495
9.13 -7.87107 -0.000271416
9.14 -7.14204 -0.000246277
9.15 -6.36027 -0.00021932
9.16 -5.54499 -0.000191207
9.17 -4.71122 -0.000162456
9.18 -3.85297 -0.000132861
9.19 -2.94702 -0.000101621
9.2 -1.96967 -6.79195e-005
9.21 -0.885678 -3.05406e-005
9.22 0.305313 1.05281e-005
9.23 1.51238 5.2151e-005
9.24 2.70745 9.33604e-005
9.25 3.88666 0.000134023
9.26 5.01819 0.000173041
9.27 6.08086 0.000209685
9.28 7.04094 0.000242791
9.29 7.88849 0.000272017
9.3 8.6528 0.000298372
9.31 9.2917 0.000320404
9.32 9.79267 0.000337678
9.33 10.1884 0.000351325
9.34 10.4845 0.000361536
9.35 10.6953 0.000368802
9.36 10.8294 0.000373426
9.37 10.8883 0.000375459
9.38 10.8766 0.000375054
9.39 10.8001 0.000372419
9.4 10.6537 0.000367369
9.41 10.4132 0.000359077
9.42 10.0468 0.000346442
9.43 9.53047 0.000328637
9.44 8.85827 0.000305458
9.45 8.04204 0.000277312
9.46 7.10406 0.000244968
9.47 6.06362 0.00020909
9.48 4.93071 0.000170024
9.49 3.71388 0.000128065
9.5 2.43452 8.3949e-005
9.51 1.13678 3.91992e-005
9.52 -0.142185 -4.90295e-006
9.53 -1.31254 -4.52601e-005
9.54 -2.38173 -8.21286e-005
9.55 -3.42274 -0.000118026
9.56 -4.46706 -0.000154037
9.57 -5.51607 -0.000190209
9.58 -6.57699 -0.000226793
9.59 -7.6583 -0.000264079
9.6 -8.76925 -0.000302388
9.61 -9.90051 -0.000341397
9.62 -11.0182 -0.000379937
9.63 -12.0638 -0.000415992
9.64 -13.0126 -0.00044871
9.65 -13.9067 -0.000479542
9.66 -14.735 -0.000508102
9.67 -15.5128 -0.000534926
9.68 -16.2168 -0.0005592
9.69 -16.8224 -0.000580082
9.7 -17.3061 -0.000596763
9.71 -17.6627 -0.000609059
9.72 -17.8952 -0.000617077
9.73 -18.0081 -0.000620971
9.74 -18.0102 -0.00062104
9.75 -17.9242 -0.000618075
9.76 -17.7747 -0.000612919
9.77 -17.5589 -0.000605478
9.78 -17.2498 -0.00059482
9.79 -16.8218 -0.000580062
9.8 -16.2661 -0.000560899
9.81 -15.5933 -0.000537699
9.82 -14.8297 -0.00051137
9.83 -14.0052 -0.000482939
9.84 -13.1369 -0.000452997
9.85 -12.2251 -0.000421555
9.86 -11.2638 -0.000388407
9.87 -10.2495 -0.00035343
9.88 -9.18146 -0.000316602
9.89 -8.05864 -0.000277884
9.9 -6.87858 -0.000237192
9.91 -5.64519 -0.000194662
9.92 -4.37538 -0.000150875
9.93 -3.0902 -0.000106558
9.94 -1.75879 -6.06479e-005
9.95 -0.389128 -1.34182e-005
9.96 0.97747 3.37059e-005
9.97 2.23581 7.70968e-005
9.98 3.42083 0.00011796
9.99 4.5217 0.000155921
10 5.54855 0.000191329
