0.1 0.0307252 1.05949e-006
0.2 0.0614592 2.11928e-006
0.3 0.0922019 3.17938e-006
0.4 0.122954 4.23978e-006
0.5 0.153714 5.30049e-006
0.6 0.184484 6.36151e-006
0.7 0.215262 7.42283e-006
0.8 0.24605 8.48448e-006
0.9 0.276847 9.54643e-006
1 0.307652 1.06087e-005
0.01 0.308424 1.06353e-005
0.02 0.310639 1.07117e-005
0.03 0.313277 1.08027e-005
0.04 0.315364 1.08746e-005
0.05 0.316812 1.09245e-005
0.06 0.317566 1.09506e-005
0.07 0.317613 1.09522e-005
0.08 0.316993 1.09308e-005
0.09 0.3158 1.08896e-005
0.1 0.314166 1.08333e-005
0.11 0.312227 1.07664e-005
0.12 0.310109 1.06934e-005
0.13 0.307897 1.06171e-005
0.14 0.305656 1.05399e-005
0.15 0.303444 1.04636e-005
0.16 0.301336 1.03909e-005
0.17 0.299377 1.03234e-005
0.18 0.297595 1.02619e-005
0.19 0.295926 1.02043e-005
0.2 0.29427 1.01472e-005
0.21 0.292493 1.0086e-005
0.22 0.290476 1.00164e-005
0.23 0.288104 9.93464e-006
0.24 0.285321 9.83866e-006
0.25 0.282104 9.72771e-006
0.26 0.27849 9.60312e-006
0.27 0.274462 9.46421e-006
0.28 0.269971 9.30936e-006
0.29 0.264989 9.13755e-006
0.3 0.259604 8.95186e-006
0.31 0.253945 8.75674e-006
0.32 0.248186 8.55815e-006
0.33 0.242577 8.36474e-006
0.34 0.237364 8.18497e-006
0.35 0.23266 8.02277e-006
0.36 0.228456 7.87779e-006
0.37 0.224707 7.74853e-006
0.38 0.221402 7.63453e-006
0.39 0.218572 7.53696e-006
0.4 0.216216 7.45572e-006
0.41 0.214266 7.3885e-006
0.42 0.212597 7.33094e-006
0.43 0.211124 7.28013e-006
0.44 0.209795 7.23429e-006
0.45 0.208573 7.19217e-006
0.46 0.207364 7.15047e-006
0.47 0.206028 7.10443e-006
0.48 0.204523 7.05253e-006
0.49 0.202962 6.99869e-006
0.5 0.201463 6.94699e-006
0.51 0.200112 6.90042e-006
0.52 0.199088 6.86512e-006
0.53 0.198632 6.84939e-006
0.54 0.198801 6.85522e-006
0.55 0.199416 6.87643e-006
0.56 0.200397 6.91024e-006
0.57 0.202089 6.96859e-006
0.58 0.205 7.06896e-006
0.59 0.20923 7.21482e-006
0.6 0.214341 7.39108e-006
0.61 0.219776 7.57847e-006
0.62 0.225232 7.76664e-006
0.63 0.230472 7.94733e-006
0.64 0.235164 8.10909e-006
0.65 0.239311 8.2521e-006
0.66 0.243271 8.38866e-006
0.67 0.247192 8.52387e-006
0.68 0.250995 8.65499e-006
0.69 0.254726 8.78366e-006
0.7 0.258492 8.91353e-006
0.71 0.262211 9.04176e-006
0.72 0.265736 9.16331e-006
0.73 0.269128 9.28028e-006
0.74 0.272807 9.40714e-006
0.75 0.277358 9.56406e-006
0.76 0.283028 9.75959e-006
0.77 0.289488 9.98235e-006
0.78 0.296038 1.02082e-005
0.79 0.302083 1.04166e-005
0.8 0.307464 1.06022e-005
0.81 0.312195 1.07653e-005
0.82 0.3161 1.09e-005
0.83 0.31902 1.10007e-005
0.84 0.321049 1.10706e-005
0.85 0.322339 1.11152e-005
0.86 0.322921 1.11352e-005
0.87 0.323331 1.11494e-005
0.88 0.324485 1.11891e-005
0.89 0.326565 1.12609e-005
0.9 0.328655 1.13329e-005
0.91 0.329881 1.13752e-005
0.92 0.330648 1.14017e-005
0.93 0.332313 1.14591e-005
0.94 0.335469 1.15679e-005
0.95 0.339127 1.1694e-005
0.96 0.341646 1.17809e-005
0.97 0.342402 1.1807e-005
0.98 0.342262 1.18021e-005
0.99 0.342157 1.17985e-005
1 0.341902 1.17897e-005
1.01 0.340866 1.1754e-005
1.02 0.338761 1.16814e-005
1.03 0.335603 1.15725e-005
1.04 0.331692 1.14377e-005
1.05 0.327692 1.12997e-005
1.06 0.324323 1.11836e-005
1.07 0.321791 1.10962e-005
1.08 0.319394 1.10136e-005
1.09 0.316395 1.09102e-005
1.1 0.31339 1.08066e-005
1.11 0.311682 1.07476e-005
1.12 0.311395 1.07378e-005
1.13 0.311151 1.07293e-005
1.14 0.309424 1.06698e-005
1.15 0.30504 1.05186e-005
1.16 0.297206 1.02485e-005
1.17 0.28671 9.88654e-006
1.18 0.275854 9.5122e-006
1.19 0.266661 9.1952e-006
1.2 0.259828 8.9596e-006
1.21 0.254907 8.7899e-006
1.22 0.251092 8.65835e-006
1.23 0.247738 8.5427e-006
1.24 0.244346 8.42572e-006
1.25 0.240321 8.28692e-006
1.26 0.235098 8.10682e-006
1.27 0.228685 7.88568e-006
1.28 0.221647 7.64299e-006
1.29 0.214918 7.41097e-006
1.3 0.209544 7.22567e-006
1.31 0.205736 7.09436e-006
1.32 0.202645 6.98775e-006
1.33 0.1992 6.86898e-006
1.34 0.194222 6.69731e-006
1.35 0.186792 6.44112e-006
1.36 0.177976 6.13709e-006
1.37 0.170606 5.88296e-006
1.38 0.16696 5.75723e-006
1.39 0.167046 5.76021e-006
1.4 0.169034 5.82875e-006
1.41 0.172043 5.93251e-006
1.42 0.177026 6.10435e-006
1.43 0.184218 6.35235e-006
1.44 0.192282 6.6304e-006
1.45 0.199788 6.88926e-006
1.46 0.206226 7.11123e-006
1.47 0.212495 7.3274e-006
1.48 0.221034 7.62187e-006
1.49 0.234836 8.09779e-006
1.5 0.255099 8.7965e-006
1.51 0.27908 9.62345e-006
1.52 0.30131 1.039e-005
1.53 0.318394 1.09791e-005
1.54 0.331329 1.14252e-005
1.55 0.342584 1.18132e-005
1.56 0.353593 1.21929e-005
1.57 0.365007 1.25864e-005
1.58 0.377018 1.30006e-005
1.59 0.38947 1.343e-005
1.6 0.402847 1.38913e-005
1.61 0.418899 1.44448e-005
1.62 0.438617 1.51247e-005
1.63 0.458618 1.58144e-005
1.64 0.471324 1.62525e-005
1.65 0.471331 1.62528e-005
1.66 0.460648 1.58844e-005
1.67 0.446677 1.54027e-005
1.68 0.436194 1.50412e-005
1.69 0.43154 1.48807e-005
1.7 0.431647 1.48844e-005
1.71 0.434239 1.49738e-005
1.72 0.436135 1.50392e-005
1.73 0.433986 1.4965e-005
1.74 0.425929 1.46872e-005
1.75 0.411715 1.41971e-005
1.76 0.392062 1.35194e-005
1.77 0.369211 1.27314e-005
1.78 0.347556 1.19847e-005
1.79 0.331265 1.14229e-005
1.8 0.320416 1.10488e-005
1.81 0.310904 1.07208e-005
1.82 0.298005 1.0276e-005
1.83 0.279463 9.63666e-006
1.84 0.256099 8.83101e-006
1.85 0.231219 7.97306e-006
1.86 0.209397 7.2206e-006
1.87 0.192931 6.65278e-006
1.88 0.178511 6.15555e-006
1.89 0.160581 5.53728e-006
1.9 0.138928 4.79062e-006
1.91 0.119279 4.11306e-006
1.92 0.106915 3.68672e-006
1.93 0.10327 3.56103e-006
1.94 0.107198 3.69648e-006
1.95 0.116569 4.01963e-006
1.96 0.128006 4.414e-006
1.97 0.136986 4.72367e-006
1.98 0.140607 4.84851e-006
1.99 0.139536 4.81158e-006
2 0.137032 4.72525e-006
2.01 0.137002 4.72422e-006
2.02 0.142317 4.90748e-006
2.03 0.154543 5.32908e-006
2.04 0.173771 5.99211e-006
2.05 0.196758 6.78475e-006
2.06 0.217958 7.51579e-006
2.07 0.234986 8.10296e-006
2.08 0.250781 8.64762e-006
2.09 0.269721 9.30072e-006
2.1 0.293096 1.01068e-005
2.11 0.319016 1.10006e-005
2.12 0.346104 1.19346e-005
2.13 0.374836 1.29254e-005
2.14 0.405704 1.39898e-005
2.15 0.437594 1.50894e-005
2.16 0.46717 1.61093e-005
2.17 0.490597 1.69171e-005
2.18 0.506909 1.74796e-005
2.19 0.51794 1.786e-005
2.2 0.524789 1.80962e-005
2.21 0.527382 1.81856e-005
2.22 0.52694 1.81704e-005
2.23 0.52607 1.81403e-005
2.24 0.526254 1.81467e-005
2.25 0.526634 1.81598e-005
2.26 0.525795 1.81309e-005
2.27 0.522528 1.80182e-005
2.28 0.514905 1.77554e-005
2.29 0.50159 1.72962e-005
2.3 0.483592 1.66756e-005
2.31 0.463105 1.59691e-005
2.32 0.441991 1.52411e-005
2.33 0.421814 1.45453e-005
2.34 0.40368 1.392e-005
2.35 0.387718 1.33696e-005
2.36 0.373019 1.28627e-005
2.37 0.358724 1.23698e-005
2.38 0.344255 1.18708e-005
2.39 0.327608 1.12968e-005
2.4 0.306868 1.05816e-005
2.41 0.283461 9.77451e-006
2.42 0.260459 8.98134e-006
2.43 0.239737 8.26681e-006
2.44 0.222566 7.67469e-006
2.45 0.209846 7.23608e-006
2.46 0.200785 6.92363e-006
2.47 0.193361 6.66762e-006
2.48 0.186326 6.42503e-006
2.49 0.180065 6.20913e-006
2.5 0.176453 6.08459e-006
2.51 0.177511 6.12107e-006
2.52 0.183651 6.33279e-006
2.53 0.193955 6.68812e-006
2.54 0.20679 7.1307e-006
2.55 0.219871 7.58177e-006
2.56 0.231125 7.96984e-006
2.57 0.239283 8.25114e-006
2.58 0.244001 8.41384e-006
2.59 0.24648 8.49929e-006
2.6 0.249227 8.59402e-006
2.61 0.253894 8.75498e-006
2.62 0.259742 8.95663e-006
2.63 0.264975 9.13708e-006
2.64 0.270367 9.32299e-006
2.65 0.280951 9.68795e-006
2.66 0.301529 1.03975e-005
2.67 0.330951 1.14121e-005
2.68 0.362442 1.2498e-005
2.69 0.389284 1.34236e-005
2.7 0.41017 1.41438e-005
2.71 0.428821 1.47869e-005
2.72 0.448856 1.54778e-005
2.73 0.469433 1.61873e-005
2.74 0.486027 1.67596e-005
2.75 0.495223 1.70767e-005
2.76 0.497351 1.715e-005
2.77 0.494933 1.70666e-005
2.78 0.489643 1.68843e-005
2.79 0.480456 1.65675e-005
2.8 0.465411 1.60487e-005
2.81 0.446301 1.53897e-005
2.82 0.429383 1.48063e-005
2.83 0.420468 1.44989e-005
2.84 0.420934 1.4515e-005
2.85 0.427797 1.47516e-005
2.86 0.436539 1.50531e-005
2.87 0.443024 1.52767e-005
2.88 0.443574 1.52957e-005
2.89 0.436186 1.50409e-005
2.9 0.421929 1.45493e-005
2.91 0.403115 1.39005e-005
2.92 0.380544 1.31222e-005
2.93 0.354318 1.22179e-005
2.94 0.32573 1.12321e-005
2.95 0.296538 1.02255e-005
2.96 0.267911 9.2383e-006
2.97 0.241751 8.33626e-006
2.98 0.221626 7.64228e-006
2.99 0.210291 7.2514e-006
3 0.20677 7.13e-006
3.01 0.207185 7.14432e-006
3.02 0.208322 7.18351e-006
3.03 0.209824 7.23533e-006
3.04 0.213939 7.3772e-006
3.05 0.223219 7.69722e-006
3.06 0.237959 8.2055e-006
3.07 0.255961 8.82624e-006
3.08 0.273864 9.44358e-006
3.09 0.289407 9.97955e-006
3.1 0.302808 1.04417e-005
3.11 0.313923 1.08249e-005
3.12 0.319374 1.10129e-005
3.13 0.315163 1.08677e-005
3.14 0.301837 1.04082e-005
3.15 0.285873 9.85769e-006
3.16 0.275669 9.50582e-006
3.17 0.277277 9.56126e-006
3.18 0.292178 1.00751e-005
3.19 0.316054 1.08984e-005
3.2 0.341432 1.17735e-005
3.21 0.364089 1.25548e-005
3.22 0.385938 1.33082e-005
3.23 0.411024 1.41732e-005
3.24 0.440921 1.52042e-005
3.25 0.474204 1.63519e-005
3.26 0.506583 1.74684e-005
3.27 0.530693 1.82998e-005
3.28 0.53954 1.86048e-005
3.29 0.532121 1.8349e-005
3.3 0.514599 1.77448e-005
3.31 0.495822 1.70973e-005
3.32 0.48192 1.66179e-005
3.33 0.475346 1.63913e-005
3.34 0.477944 1.64808e-005
3.35 0.490868 1.69265e-005
3.36 0.510663 1.76091e-005
3.37 0.529287 1.82513e-005
3.38 0.538952 1.85845e-005
3.39 0.536539 1.85013e-005
3.4 0.525703 1.81277e-005
3.41 0.515418 1.7773e-005
3.42 0.514009 1.77245e-005
3.43 0.522997 1.80344e-005
3.44 0.536961 1.85159e-005
3.45 0.548537 1.89151e-005
3.46 0.552632 1.90563e-005
3.47 0.547522 1.88801e-005
3.48 0.534268 1.8423e-005
3.49 0.515783 1.77856e-005
3.5 0.496912 1.71349e-005
3.51 0.483598 1.66758e-005
3.52 0.47812 1.64869e-005
3.53 0.476409 1.64279e-005
3.54 0.472599 1.62965e-005
3.55 0.464617 1.60213e-005
3.56 0.455379 1.57027e-005
3.57 0.449429 1.54975e-005
3.58 0.448725 1.54733e-005
3.59 0.451771 1.55783e-005
3.6 0.454543 1.56739e-005
3.61 0.452332 1.55976e-005
3.62 0.443367 1.52885e-005
3.63 0.430722 1.48525e-005
3.64 0.419633 1.44701e-005
3.65 0.413288 1.42513e-005
3.66 0.411402 1.41863e-005
3.67 0.412512 1.42246e-005
3.68 0.415633 1.43322e-005
3.69 0.418309 1.44244e-005
3.7 0.415891 1.43411e-005
3.71 0.404295 1.39412e-005
3.72 0.381342 1.31497e-005
3.73 0.347273 1.19749e-005
3.74 0.306492 1.05687e-005
3.75 0.265586 9.15815e-006
3.76 0.228762 7.88835e-006
3.77 0.196795 6.78603e-006
3.78 0.168847 5.8223e-006
3.79 0.143701 4.9552e-006
3.8 0.119827 4.13198e-006
3.81 0.0963946 3.32395e-006
3.82 0.0754663 2.60229e-006
3.83 0.0610719 2.10593e-006
3.84 0.0539147 1.85913e-006
3.85 0.0490918 1.69282e-006
3.86 0.0412276 1.42164e-006
3.87 0.0298061 1.0278e-006
3.88 0.0178086 6.1409e-007
3.89 0.0074192 2.55834e-007
3.9 -0.00111854 -3.85703e-008
3.91 -0.00684618 -2.36075e-007
3.92 -0.00592962 -2.0447e-007
3.93 0.00489713 1.68867e-007
3.94 0.0238724 8.23186e-007
3.95 0.046896 1.6171e-006
3.96 0.0720361 2.484e-006
3.97 0.0987287 3.40444e-006
3.98 0.125778 4.33716e-006
3.99 0.152219 5.24893e-006
4 0.180245 6.21536e-006
4.01 0.215984 7.44773e-006
4.02 0.263475 9.08536e-006
4.03 0.319405 1.1014e-005
4.04 0.377347 1.3012e-005
4.05 0.432693 1.49204e-005
4.06 0.481359 1.65986e-005
4.07 0.520353 1.79432e-005
4.08 0.552377 1.90475e-005
4.09 0.585574 2.01922e-005
4.1 0.627252 2.16294e-005
4.11 0.679726 2.34388e-005
4.12 0.739654 2.55053e-005
4.13 0.798602 2.7538e-005
4.14 0.847773 2.92336e-005
4.15 0.883346 3.04602e-005
4.16 0.906022 3.12422e-005
4.17 0.918303 3.16656e-005
4.18 0.922982 3.1827e-005
4.19 0.922759 3.18193e-005
4.2 0.920863 3.17539e-005
4.21 0.919766 3.17161e-005
4.22 0.918426 3.16698e-005
4.23 0.914289 3.15272e-005
4.24 0.906803 3.12691e-005
4.25 0.895296 3.08723e-005
4.26 0.877714 3.0266e-005
4.27 0.853554 2.94329e-005
4.28 0.823999 2.84138e-005
4.29 0.790626 2.7263e-005
4.3 0.756773 2.60956e-005
4.31 0.726333 2.5046e-005
4.32 0.699113 2.41074e-005
4.33 0.670424 2.31181e-005
4.34 0.635564 2.1916e-005
4.35 0.592541 2.04325e-005
4.36 0.540935 1.86529e-005
4.37 0.480996 1.65861e-005
4.38 0.414854 1.43053e-005
4.39 0.348598 1.20206e-005
4.4 0.29092 1.00317e-005
4.41 0.246893 8.51356e-006
4.42 0.214438 7.39442e-006
4.43 0.186662 6.43661e-006
4.44 0.155676 5.36813e-006
4.45 0.117278 4.04407e-006
4.46 0.0745071 2.56921e-006
4.47 0.0344134 1.18667e-006
4.48 0.00190845 6.58087e-008
4.49 -0.02095 -7.22413e-007
4.5 -0.0329372 -1.13576e-006
4.51 -0.0355956 -1.22743e-006
4.52 -0.0349643 -1.20566e-006
4.53 -0.036161 -1.24693e-006
4.54 -0.0384062 -1.32435e-006
4.55 -0.0384113 -1.32453e-006
4.56 -0.0343265 -1.18367e-006
4.57 -0.0255941 -8.82557e-007
4.58 -0.0133964 -4.61945e-007
4.59 -0.00208626 -7.19399e-008
4.6 0.00221552 7.63973e-008
4.61 -0.00279746 -9.6464e-008
4.62 -0.0116035 -4.00121e-007
4.63 -0.0160022 -5.51801e-007
4.64 -0.0143621 -4.95246e-007
4.65 -0.0125001 -4.31036e-007
4.66 -0.0162976 -5.61988e-007
4.67 -0.0260618 -8.98683e-007
4.68 -0.0370384 -1.27719e-006
4.69 -0.0439526 -1.51561e-006
4.7 -0.0455053 -1.56915e-006
4.71 -0.0446022 -1.53801e-006
4.72 -0.0439895 -1.51688e-006
4.73 -0.0441584 -1.52271e-006
4.74 -0.0459163 -1.58332e-006
4.75 -0.0513767 -1.77161e-006
4.76 -0.0631757 -2.17847e-006
4.77 -0.0846561 -2.91918e-006
4.78 -0.117267 -4.0437e-006
4.79 -0.156566 -5.39882e-006
4.8 -0.194544 -6.70843e-006
4.81 -0.225532 -7.77696e-006
4.82 -0.247991 -8.55141e-006
4.83 -0.263373 -9.08183e-006
4.84 -0.275333 -9.49425e-006
4.85 -0.287337 -9.90817e-006
4.86 -0.297127 -1.02457e-005
4.87 -0.297232 -1.02494e-005
4.88 -0.284587 -9.81334e-006
4.89 -0.264019 -9.1041e-006
4.9 -0.24148 -8.32688e-006
4.91 -0.21945 -7.56726e-006
4.92 -0.199969 -6.89549e-006
4.93 -0.187436 -6.46331e-006
4.94 -0.183866 -6.3402e-006
4.95 -0.183761 -6.3366e-006
4.96 -0.178051 -6.1397e-006
4.97 -0.161289 -5.5617e-006
4.98 -0.132154 -4.55703e-006
4.99 -0.090802 -3.1311e-006
5 -0.0416615 -1.4366e-006
5.01 0.00499574 1.72267e-007
5.02 0.0416462 1.43608e-006
5.03 0.070453 2.42941e-006
5.04 0.0978819 3.37524e-006
5.05 0.128205 4.42085e-006
5.06 0.164564 5.67463e-006
5.07 0.207755 7.16396e-006
5.08 0.251723 8.6801e-006
5.09 0.286719 9.88686e-006
5.1 0.306777 1.05785e-005
5.11 0.310677 1.0713e-005
5.12 0.298179 1.0282e-005
5.13 0.271676 9.36815e-006
5.14 0.241084 8.31323e-006
5.15 0.219807 7.57957e-006
5.16 0.213441 7.36003e-006
5.17 0.217269 7.49203e-006
5.18 0.222834 7.68394e-006
5.19 0.220872 7.61629e-006
5.2 0.200954 6.92945e-006
5.21 0.157179 5.41997e-006
5.22 0.0969908 3.34451e-006
5.23 0.0379622 1.30904e-006
5.24 -0.00453375 -1.56336e-007
5.25 -0.023233 -8.01137e-007
5.26 -0.0191938 -6.61854e-007
5.27 -0.00066436 -2.29089e-008
5.28 0.0223105 7.69327e-007
5.29 0.0434269 1.49748e-006
5.3 0.0580723 2.00249e-006
5.31 0.0610671 2.10576e-006
5.32 0.0519984 1.79305e-006
5.33 0.0380784 1.31305e-006
5.34 0.0290423 1.00146e-006
5.35 0.0307756 1.06123e-006
5.36 0.0437677 1.50923e-006
5.37 0.0670909 2.31348e-006
5.38 0.101188 3.48923e-006
5.39 0.145092 5.00317e-006
5.4 0.193963 6.68838e-006
5.41 0.241373 8.32321e-006
5.42 0.282741 9.74969e-006
5.43 0.318049 1.09672e-005
5.44 0.353082 1.21752e-005
5.45 0.395362 1.36332e-005
5.46 0.447193 1.54205e-005
5.47 0.504039 1.73807e-005
5.48 0.557995 1.92412e-005
5.49 0.601289 2.07341e-005
5.5 0.630793 2.17515e-005
5.51 0.649391 2.23928e-005
5.52 0.659406 2.27381e-005
5.53 0.659334 2.27356e-005
5.54 0.649908 2.24106e-005
5.55 0.635057 2.18985e-005
5.56 0.617039 2.12772e-005
5.57 0.59764 2.06083e-005
5.58 0.58198 2.00683e-005
5.59 0.576866 1.98919e-005
5.6 0.586174 2.02129e-005
5.61 0.608664 2.09884e-005
5.62 0.637891 2.19962e-005
5.63 0.663064 2.28643e-005
5.64 0.673322 2.3218e-005
5.65 0.664385 2.29098e-005
5.66 0.642111 2.21418e-005
5.67 0.619499 2.1362e-005
5.68 0.607719 2.09558e-005
5.69 0.608087 2.09685e-005
5.7 0.612446 2.11188e-005
5.71 0.611275 2.10785e-005
5.72 0.600078 2.06924e-005
5.73 0.57846 1.99469e-005
5.74 0.545281 1.88028e-005
5.75 0.496379 1.71165e-005
5.76 0.428104 1.47622e-005
5.77 0.34182 1.17869e-005
5.78 0.244374 8.42668e-006
5.79 0.146685 5.05812e-006
5.8 0.0624178 2.15234e-006
5.81 0.00148001 5.10348e-008
5.82 -0.0422739 -1.45772e-006
5.83 -0.0929731 -3.20597e-006
5.84 -0.17272 -5.95585e-006
5.85 -0.280008 -9.65544e-006
5.86 -0.392816 -1.35454e-005
5.87 -0.48899 -1.68617e-005
5.88 -0.559469 -1.9292e-005
5.89 -0.608656 -2.09881e-005
5.9 -0.648374 -2.23577e-005
5.91 -0.688722 -2.3749e-005
5.92 -0.734715 -2.5335e-005
5.93 -0.787532 -2.71563e-005
5.94 -0.84175 -2.90259e-005
5.95 -0.884142 -3.04876e-005
5.96 -0.899582 -3.10201e-005
5.97 -0.879531 -3.03286e-005
5.98 -0.825755 -2.84743e-005
5.99 -0.745256 -2.56985e-005
6 -0.640817 -2.20971e-005
6.01 -0.507747 -1.75085e-005
6.02 -0.339765 -1.17161e-005
6.03 -0.132226 -4.55953e-006
6.04 0.116505 4.01741e-006
6.05 0.398084 1.3727e-005
6.06 0.692609 2.38831e-005
6.07 0.975858 3.36503e-005
6.08 1.22657 4.22955e-005
6.09 1.4332 4.94205e-005
6.1 1.59671 5.50589e-005
6.11 1.72432 5.94593e-005
6.12 1.82288 6.28581e-005
6.13 1.89848 6.54649e-005
6.14 1.95284 6.73395e-005
6.15 1.981 6.83104e-005
6.16 1.97844 6.8222e-005
6.17 1.94705 6.71396e-005
6.18 1.89458 6.53304e-005
6.19 1.83617 6.33163e-005
6.2 1.79435 6.18741e-005
6.21 1.78596 6.15847e-005
6.22 1.80492 6.22387e-005
6.23 1.82177 6.28195e-005
6.24 1.80364 6.21945e-005
6.25 1.73809 5.9934e-005
6.26 1.64231 5.66313e-005
6.27 1.55239 5.35307e-005
6.28 1.49782 5.1649e-005
6.29 1.47911 5.1004e-005
6.3 1.46577 5.05437e-005
6.31 1.42251 4.90522e-005
6.32 1.33878 4.61649e-005
6.33 1.23117 4.24542e-005
6.34 1.12879 3.89238e-005
6.35 1.0573 3.64586e-005
6.36 1.02441 3.53246e-005
6.37 1.00867 3.47818e-005
6.38 0.966869 3.33403e-005
6.39 0.870345 3.00119e-005
6.4 0.732986 2.52754e-005
6.41 0.592536 2.04323e-005
6.42 0.477922 1.64801e-005
6.43 0.405428 1.39803e-005
6.44 0.383069 1.32093e-005
6.45 0.403717 1.39213e-005
6.46 0.444957 1.53433e-005
6.47 0.486053 1.67605e-005
6.48 0.522202 1.8007e-005
6.49 0.559669 1.92989e-005
6.5 0.602433 2.07736e-005
6.51 0.645527 2.22596e-005
6.52 0.680604 2.34691e-005
6.53 0.707591 2.43997e-005
6.54 0.734203 2.53174e-005
6.55 0.758552 2.6157e-005
6.56 0.761179 2.62476e-005
6.57 0.717373 2.4737e-005
6.58 0.612093 2.11066e-005
6.59 0.448963 1.54815e-005
6.6 0.253873 8.75423e-006
6.61 0.062963 2.17114e-006
6.62 -0.0961516 -3.31557e-006
6.63 -0.212923 -7.34219e-006
6.64 -0.291841 -1.00635e-005
6.65 -0.345013 -1.1897e-005
6.66 -0.381806 -1.31657e-005
6.67 -0.405864 -1.39953e-005
6.68 -0.420893 -1.45135e-005
6.69 -0.436275 -1.5044e-005
6.7 -0.462003 -1.59311e-005
6.71 -0.498125 -1.71767e-005
6.72 -0.533328 -1.83906e-005
6.73 -0.56111 -1.93486e-005
6.74 -0.596593 -2.05722e-005
6.75 -0.671546 -2.31567e-005
6.76 -0.816871 -2.8168e-005
6.77 -1.05049 -3.62238e-005
6.78 -1.37072 -4.7266e-005
6.79 -1.75575 -6.05432e-005
6.8 -2.16904 -7.47945e-005
6.81 -2.57124 -8.86635e-005
6.82 -2.93367 -0.000101161
6.83 -3.23739 -0.000111634
6.84 -3.46576 -0.000119509
6.85 -3.60606 -0.000124347
6.86 -3.65918 -0.000126179
6.87 -3.63929 -0.000125493
6.88 -3.55903 -0.000122725
6.89 -3.41926 -0.000117905
6.9 -3.21528 -0.000110872
6.91 -2.95439 -0.000101875
6.92 -2.66527 -9.19058e-005
6.93 -2.38313 -8.21768e-005
6.94 -2.12672 -7.33351e-005
6.95 -1.89411 -6.5314e-005
6.96 -1.67918 -5.79027e-005
6.97 -1.48608 -5.12441e-005
6.98 -1.32664 -4.57464e-005
6.99 -1.20828 -4.16647e-005
7 -1.12907 -3.89336e-005
7.01 -1.08685 -3.74776e-005
7.02 -1.08134 -3.72874e-005
7.03 -1.09844 -3.78772e-005
7.04 -1.0964 -3.78069e-005
7.05 -1.01047 -3.48439e-005
7.06 -0.784337 -2.70461e-005
7.07 -0.405651 -1.3988e-005
7.08 0.0951407 3.28071e-006
7.09 0.669082 2.30718e-005
7.1 1.27648 4.40165e-005
7.11 1.88638 6.50475e-005
7.12 2.4705 8.51897e-005
7.13 3.00688 0.000103685
7.14 3.48472 0.000120163
7.15 3.9003 0.000134493
7.16 4.24717 0.000146454
7.17 4.51534 0.000155701
7.18 4.6961 0.000161934
7.19 4.78368 0.000164955
7.2 4.7781 0.000164762
7.21 4.68773 0.000161646
7.22 4.52535 0.000156047
7.23 4.30741 0.000148531
7.24 4.0592 0.000139973
7.25 3.81605 0.000131588
7.26 3.61446 0.000124637
7.27 3.47657 0.000119882
7.28 3.40143 0.000117291
7.29 3.3706 0.000116227
7.3 3.35455 0.000115674
7.31 3.31639 0.000114358
7.32 3.2217 0.000111093
7.33 3.06281 0.000105614
7.34 2.86825 9.89052e-005
7.35 2.67732 9.23214e-005
7.36 2.50266 8.62987e-005
7.37 2.3182 7.99381e-005
7.38 2.08449 7.18789e-005
7.39 1.78348 6.14994e-005
7.4 1.4217 4.9024e-005
7.41 1.01056 3.48468e-005
7.42 0.556937 1.92047e-005
7.43 0.0730571 2.51921e-006
7.44 -0.406164 -1.40057e-005
7.45 -0.827007 -2.85175e-005
7.46 -1.14581 -3.95107e-005
7.47 -1.34623 -4.64217e-005
7.48 -1.4504 -5.00137e-005
7.49 -1.49947 -5.17057e-005
7.5 -1.5328 -5.28553e-005
7.51 -1.57831 -5.44243e-005
7.52 -1.65465 -5.7057e-005
7.53 -1.77189 -6.10998e-005
7.54 -1.92951 -6.65347e-005
7.55 -2.11818 -7.30408e-005
7.56 -2.31918 -7.99716e-005
7.57 -2.51054 -8.65703e-005
7.58 -2.69241 -9.28417e-005
7.59 -2.89713 -9.99011e-005
7.6 -3.16656 -0.000109192
7.61 -3.51265 -0.000121126
7.62 -3.90174 -0.000134543
7.63 -4.27356 -0.000147364
7.64 -4.57268 -0.000157679
7.65 -4.77079 -0.00016451
7.66 -4.87057 -0.000167951
7.67 -4.89582 -0.000168821
7.68 -4.86576 -0.000167785
7.69 -4.78025 -0.000164836
7.7 -4.63426 -0.000159802
7.71 -4.43675 -0.000152991
7.72 -4.20576 -0.000145026
7.73 -3.94983 -0.000136201
7.74 -3.66567 -0.000126402
7.75 -3.35311 -0.000115624
7.76 -3.02416 -0.000104282
7.77 -2.69508 -9.29339e-005
7.78 -2.37501 -8.1897e-005
7.79 -2.06335 -7.11501e-005
7.8 -1.75401 -6.04831e-005
7.81 -1.44747 -4.99128e-005
7.82 -1.16041 -4.0014e-005
7.83 -0.925711 -3.19211e-005
7.84 -0.772448 -2.66361e-005
7.85 -0.704255 -2.42847e-005
7.86 -0.692929 -2.38941e-005
7.87 -0.701514 -2.41901e-005
7.88 -0.69338 -2.39097e-005
7.89 -0.636125 -2.19354e-005
7.9 -0.501188 -1.72823e-005
7.91 -0.268907 -9.27267e-006
7.92 0.0602503 2.0776e-006
7.93 0.459089 1.58307e-005
7.94 0.883287 3.04582e-005
7.95 1.29016 4.44882e-005
7.96 1.65893 5.72043e-005
7.97 1.98796 6.85504e-005
7.98 2.28426 7.87676e-005
7.99 2.55075 8.7957e-005
8 2.78038 9.58753e-005
8.01 2.96532 0.000102252
8.02 3.11346 0.000107361
8.03 3.24723 0.000111973
8.04 3.37995 0.00011655
8.05 3.50355 0.000120812
8.06 3.60721 0.000124387
8.07 3.70187 0.000127651
8.08 3.81734 0.000131632
8.09 3.9759 0.0001371
8.1 4.1754 0.000143979
8.11 4.39572 0.000151577
8.12 4.60739 0.000158876
8.13 4.78022 0.000164835
8.14 4.88651 0.0001685
8.15 4.91399 0.000169448
8.16 4.87255 0.000168019
8.17 4.78012 0.000164832
8.18 4.64776 0.000160268
8.19 4.4767 0.000154369
8.2 4.26593 0.000147101
8.21 4.01994 0.000138619
8.22 3.74952 0.000129294
8.23 3.47184 0.000119719
8.24 3.20808 0.000110623
8.25 2.97587 0.000102616
8.26 2.78333 9.59767e-005
8.27 2.63207 9.07611e-005
8.28 2.52207 8.69681e-005
8.29 2.44959 8.44687e-005
8.3 2.40803 8.30355e-005
8.31 2.39594 8.26186e-005
8.32 2.41842 8.33939e-005
8.33 2.4765 8.53966e-005
8.34 2.55977 8.82678e-005
8.35 2.65135 9.14259e-005
8.36 2.73662 9.43662e-005
8.37 2.80949 9.68789e-005
8.38 2.87274 9.90601e-005
8.39 2.93165 0.000101091
8.4 2.98994 0.000103102
8.41 3.05412 0.000105315
8.42 3.13473 0.000108094
8.43 3.24003 0.000111725
8.44 3.37336 0.000116323
8.45 3.53613 0.000121935
8.46 3.72786 0.000128547
8.47 3.94192 0.000135928
8.48 4.16596 0.000143654
8.49 4.38875 0.000151336
8.5 4.60448 0.000158775
8.51 4.80695 0.000165757
8.52 4.98371 0.000171852
8.53 5.11244 0.000176291
8.54 5.17303 0.00017838
8.55 5.16674 0.000178163
8.56 5.11776 0.000176474
8.57 5.05481 0.000174304
8.58 4.99962 0.000172401
8.59 4.95858 0.000170986
8.6 4.93216 0.000170075
8.61 4.92966 0.000169988
8.62 4.96705 0.000171278
8.63 5.0545 0.000174293
8.64 5.19498 0.000179137
8.65 5.39525 0.000186043
8.66 5.64069 0.000194507
8.67 5.91254 0.000203881
8.68 6.17913 0.000213073
8.69 6.40806 0.000220968
8.7 6.57623 0.000226767
8.71 6.67557 0.000230192
8.72 6.69941 0.000231014
8.73 6.63927 0.00022894
8.74 6.48891 0.000223755
8.75 6.26095 0.000215895
8.76 5.98895 0.000206515
8.77 5.70787 0.000196823
8.78 5.42744 0.000187153
8.79 5.12589 0.000176755
8.8 4.76691 0.000164376
8.81 4.32053 0.000148984
8.82 3.77602 0.000130208
8.83 3.1491 0.00010859
8.84 2.4817 8.55757e-005
8.85 1.83016 6.3109e-005
8.86 1.24073 4.27838e-005
8.87 0.727842 2.5098e-005
8.88 0.26643 9.18724e-006
8.89 -0.194159 -6.69513e-006
8.9 -0.692264 -2.38712e-005
8.91 -1.25761 -4.33658e-005
8.92 -1.88277 -6.4923e-005
8.93 -2.56147 -8.83265e-005
8.94 -3.28297 -0.000113206
8.95 -4.03055 -0.000138984
8.96 -4.78519 -0.000165006
8.97 -5.53332 -0.000190804
8.98 -6.2712 -0.000216248
8.99 -6.99693 -0.000241273
9 -7.691 -0.000265207
9.01 -8.32659 -0.000287124
9.02 -8.88603 -0.000306415
9.03 -9.35001 -0.000322414
9.04 -9.7147 -0.00033499
9.05 -9.97596 -0.000343999
9.06 -10.1246 -0.000349123
9.07 -10.1582 -0.000350282
9.08 -10.088 -0.000347864
9.09 -9.93279 -0.00034251
9.1 -9.7143 -0.000334976
9.11 -9.44886 -0.000325823
9.12 -9.1463 -0.00031539
9.13 -8.81151 -0.000303845
9.14 -8.44828 -0.00029132
9.15 -8.06454 -0.000278088
9.16 -7.67469 -0.000264645
9.17 -7.28551 -0.000251225
9.18 -6.88316 -0.00023735
9.19 -6.4381 -0.000222003
9.2 -5.91943 -0.000204118
9.21 -5.30939 -0.000183082
9.22 -4.60991 -0.000158962
9.23 -3.83676 -0.000132302
9.24 -3.00797 -0.000103723
9.25 -2.13639 -7.36686e-005
9.26 -1.23081 -4.24416e-005
9.27 -0.299444 -1.03256e-005
9.28 0.620134 2.13839e-005
9.29 1.49201 5.14485e-005
9.3 2.28603 7.88286e-005
9.31 3.0037 0.000103576
9.32 3.6505 0.000125879
9.33 4.22942 0.000145842
9.34 4.73781 0.000163373
9.35 5.17608 0.000178486
9.36 5.54757 0.000191296
9.37 5.85714 0.00020197
9.38 6.10779 0.000210613
9.39 6.30743 0.000217498
9.4 6.45976 0.00022275
9.41 6.55209 0.000225934
9.42 6.56092 0.000226239
9.43 6.4824 0.000223531
9.44 6.3242 0.000218076
9.45 6.10074 0.00021037
9.46 5.82908 0.000201003
9.47 5.51716 0.000190247
9.48 5.15714 0.000177833
9.49 4.73562 0.000163297
9.5 4.24923 0.000146525
9.51 3.71653 0.000128156
9.52 3.17027 0.00010932
9.53 2.62876 9.06469e-005
9.54 2.08142 7.17732e-005
9.55 1.50361 5.18486e-005
9.56 0.875729 3.01975e-005
9.57 0.191638 6.6082e-006
9.58 -0.549364 -1.89436e-005
9.59 -1.34636 -4.64261e-005
9.6 -2.22204 -7.6622e-005
9.61 -3.16307 -0.000109071
9.62 -4.12793 -0.000142343
9.63 -5.0714 -0.000174876
9.64 -5.96318 -0.000205627
9.65 -6.80532 -0.000234666
9.66 -7.6136 -0.000262538
9.67 -8.39658 -0.000289537
9.68 -9.1413 -0.000315217
9.69 -9.82217 -0.000338696
9.7 -10.4389 -0.000359961
9.71 -10.9964 -0.000379187
9.72 -11.4893 -0.000396182
9.73 -11.9215 -0.000411087
9.74 -12.3028 -0.000424235
9.75 -12.6603 -0.000436564
9.76 -13.0152 -0.0004488
9.77 -13.3558 -0.000460546
9.78 -13.6508 -0.000470718
9.79 -13.8643 -0.00047808
9.8 -13.9735 -0.000481844
9.81 -13.9796 -0.000482057
9.82 -13.8999 -0.000479308
9.83 -13.7531 -0.000474246
9.84 -13.5481 -0.000467176
9.85 -13.2798 -0.000457925
9.86 -12.9397 -0.000446197
9.87 -12.5239 -0.000431859
9.88 -12.0326 -0.000414918
9.89 -11.4658 -0.000395372
9.9 -10.8221 -0.000373177
9.91 -10.1064 -0.000348496
9.92 -9.33659 -0.000321951
9.93 -8.53869 -0.000294438
9.94 -7.73424 -0.000266698
9.95 -6.93523 -0.000239146
9.96 -6.14991 -0.000212066
9.97 -5.38716 -0.000185764
9.98 -4.65185 -0.000160409
9.99 -3.93672 -0.000135749
10 -3.21647 -0.000110913
