0.1 -6.28594e-017 -0.000423593 -2.72971e-016
0.2 -5.04306e-017 -0.000847581 -1.72098e-017
0.3 -9.35396e-017 -0.00127197 -3.69373e-016
0.4 -2.31639e-016 -0.00169675 -2.06292e-016
0.5 -4.62744e-017 -0.00212193 3.80826e-016
0.6 -2.52484e-016 -0.00254752 4.04252e-017
0.7 -4.04045e-016 -0.0029735 4.24725e-016
0.8 -2.46331e-016 -0.00339989 -2.42085e-016
0.9 -7.35535e-016 -0.00382668 -3.65893e-016
1 -1.05647e-015 -0.00425387 1.11495e-015
0.01 -8.61139e-005 -0.00283656 9.54789e-005
0.02 -0.000385799 -0.0043933 0.000444291
0.03 -0.000764184 -0.00395735 0.000901879
0.04 -0.000991355 -0.0044735 0.00117045
0.05 -0.00111874 -0.00428316 0.00126802
0.06 -0.00122873 -0.0043654 0.00128163
0.07 -0.00123246 -0.00433441 0.00113022
0.08 -0.00109858 -0.00435036 0.000799607
0.09 -0.00095265 -0.00434726 0.000436678
0.1 -0.000911306 -0.00435163 0.000179097
0.11 -0.000959836 -0.00435218 2.9786e-005
0.12 -0.00103139 -0.00435354 -6.64317e-005
0.13 -0.00110784 -0.00435372 -0.000124113
0.14 -0.00119633 -0.00435338 -0.000140533
0.15 -0.00127122 -0.00435234 -0.000150883
0.16 -0.00129221 -0.0043511 -0.000206768
0.17 -0.00125467 -0.00434992 -0.000324133
0.18 -0.00118675 -0.00434907 -0.000486202
0.19 -0.0011086 -0.00434877 -0.000683985
0.2 -0.00101975 -0.00434924 -0.000926186
0.21 -0.000918914 -0.00435051 -0.00121488
0.22 -0.00081354 -0.00435244 -0.00153307
0.23 -0.000709801 -0.00435469 -0.00185639
0.24 -0.000607647 -0.00435691 -0.00216313
0.25 -0.000509428 -0.00435871 -0.00243043
0.26 -0.000423885 -0.00435974 -0.00263285
0.27 -0.000355074 -0.00435981 -0.00275473
0.28 -0.000293186 -0.00435889 -0.00280258
0.29 -0.000220903 -0.0043572 -0.00280392
0.3 -0.000123566 -0.00435511 -0.00279716
0.31 1.02391e-005 -0.00435306 -0.00282069
0.32 0.000188058 -0.00435149 -0.00290233
0.33 0.000406062 -0.00435072 -0.00305012
0.34 0.000646514 -0.00435089 -0.00325022
0.35 0.000882681 -0.00435193 -0.00347323
0.36 0.00108613 -0.00435355 -0.0036832
0.37 0.00123529 -0.00435532 -0.00384392
0.38 0.00132246 -0.00435678 -0.00392371
0.39 0.00135424 -0.00435752 -0.00390353
0.4 0.00134648 -0.0043573 -0.00378621
0.41 0.00131972 -0.0043561 -0.0035966
0.42 0.00129357 -0.0043541 -0.00337029
0.43 0.00128071 -0.00435168 -0.00313905
0.44 0.0012845 -0.00434931 -0.00292211
0.45 0.0012972 -0.00434741 -0.00272709
0.46 0.00130325 -0.00434632 -0.0025548
0.47 0.00128769 -0.00434618 -0.00239995
0.48 0.00123932 -0.00434689 -0.00224968
0.49 0.00115263 -0.00434819 -0.00208705
0.5 0.0010343 -0.00434965 -0.00189816
0.51 0.000901764 -0.00435082 -0.00167552
0.52 0.000772096 -0.00435132 -0.00141544
0.53 0.000659393 -0.00435092 -0.00111657
0.54 0.000578815 -0.00434958 -0.000785725
0.55 0.000541926 -0.00434748 -0.0004428
0.56 0.000544265 -0.00434494 -0.000110511
0.57 0.00055959 -0.0043424 0.000200972
0.58 0.000553895 -0.0043403 0.000491369
0.59 0.000508677 -0.00433897 0.000756655
0.6 0.000427117 -0.00433858 0.000985098
0.61 0.000317175 -0.0043391 0.0011647
0.62 0.000180067 -0.00434033 0.00129321
0.63 2.81246e-005 -0.00434195 0.00138005
0.64 -0.000109056 -0.00434352 0.00143975
0.65 -0.000217532 -0.00434468 0.00148648
0.66 -0.000307605 -0.0043452 0.00152746
0.67 -0.000384755 -0.00434501 0.00155703
0.68 -0.000441363 -0.00434423 0.00156552
0.69 -0.000472216 -0.00434312 0.00154949
0.7 -0.000479078 -0.00434203 0.00150514
0.71 -0.000465592 -0.0043413 0.00141951
0.72 -0.000442544 -0.0043412 0.0012735
0.73 -0.00043034 -0.0043419 0.00105621
0.74 -0.000449861 -0.00434335 0.000782422
0.75 -0.000513216 -0.00434539 0.000488974
0.76 -0.000618328 -0.00434773 0.000206906
0.77 -0.000746399 -0.00435004 -5.36128e-005
0.78 -0.000862701 -0.004352 -0.000294325
0.79 -0.000933022 -0.00435336 -0.000516798
0.8 -0.000943367 -0.00435401 -0.000719846
0.81 -0.000895195 -0.00435397 -0.000909081
0.82 -0.000793275 -0.00435341 -0.00110382
0.83 -0.000645936 -0.00435257 -0.00132339
0.84 -0.000465305 -0.00435176 -0.00156897
0.85 -0.000255594 -0.00435121 -0.00182798
0.86 -1.13462e-005 -0.00435104 -0.00208236
0.87 0.000250913 -0.00435127 -0.00230301
0.88 0.000490518 -0.00435178 -0.00245681
0.89 0.000694709 -0.00435234 -0.00252991
0.9 0.000897083 -0.00435266 -0.00253428
0.91 0.0011346 -0.00435247 -0.00248301
0.92 0.0013978 -0.00435156 -0.00235933
0.93 0.00164213 -0.00434987 -0.0021233
0.94 0.00184525 -0.00434746 -0.00176012
0.95 0.00202197 -0.00434455 -0.00131682
0.96 0.00219477 -0.00434144 -0.000875444
0.97 0.00235996 -0.00433851 -0.000484843
0.98 0.00247713 -0.00433609 -0.000137705
0.99 0.00251633 -0.00433442 0.00018663
1 0.00249157 -0.0043336 0.000483597
1.01 0.00241722 -0.00433361 0.000724287
1.02 0.00228899 -0.00433433 0.000884521
1.03 0.00212829 -0.0043355 0.000982161
1.04 0.00198667 -0.00433673 0.001079
1.05 0.00188803 -0.00433764 0.00123093
1.06 0.00180517 -0.00433799 0.00144917
1.07 0.00170624 -0.00433768 0.00171027
1.08 0.00160397 -0.00433671 0.00197758
1.09 0.00152487 -0.00433526 0.00222394
1.1 0.00144005 -0.00433361 0.00245252
1.11 0.00129377 -0.00433216 0.00268801
1.12 0.00109305 -0.00433117 0.00294526
1.13 0.000904105 -0.00433078 0.0032029
1.14 0.000764752 -0.00433104 0.00340008
1.15 0.000688666 -0.00433187 0.00346628
1.16 0.000715266 -0.00433301 0.00336846
1.17 0.000861895 -0.00433413 0.00314606
1.18 0.00110095 -0.00433491 0.00289544
1.19 0.00138845 -0.0043351 0.0026963
1.2 0.00167209 -0.00433465 0.00255899
1.21 0.00190422 -0.00433371 0.00244525
1.22 0.00204794 -0.00433257 0.00231306
1.23 0.00207748 -0.00433163 0.00213609
1.24 0.00199456 -0.0043313 0.00190718
1.25 0.00184703 -0.00433184 0.00163381
1.26 0.00170755 -0.00433331 0.00132475
1.27 0.00162876 -0.00433553 0.000987753
1.28 0.00163667 -0.00433815 0.000634605
1.29 0.00172672 -0.00434066 0.000281186
1.3 0.00187067 -0.00434262 -4.89883e-005
1.31 0.00206607 -0.00434364 -0.000331438
1.32 0.0023299 -0.00434354 -0.000566587
1.33 0.00264364 -0.00434246 -0.000791903
1.34 0.00299432 -0.00434074 -0.00105355
1.35 0.00342529 -0.00433873 -0.00134841
1.36 0.00395026 -0.00433672 -0.00160262
1.37 0.00448768 -0.00433497 -0.00173778
1.38 0.00491469 -0.00433369 -0.00174918
1.39 0.0051536 -0.004333 -0.00171792
1.4 0.00520116 -0.00433297 -0.0017532
1.41 0.00506864 -0.0043336 -0.00187689
1.42 0.00477175 -0.0043348 -0.00198167
1.43 0.00438284 -0.00433635 -0.00194894
1.44 0.00397472 -0.00433804 -0.0017647
1.45 0.0035347 -0.00433973 -0.00151605
1.46 0.00299139 -0.00434142 -0.00130649
1.47 0.00229203 -0.00434308 -0.00114718
1.48 0.00140909 -0.00434473 -0.000931973
1.49 0.000277709 -0.00434651 -0.000544653
1.5 -0.00116481 -0.00434872 3.88941e-005
1.51 -0.00281411 -0.00435153 0.000763552
1.52 -0.00437572 -0.00435471 0.0015683
1.53 -0.00560373 -0.00435778 0.0024383
1.54 -0.00646969 -0.00436015 0.00338645
1.55 -0.00704753 -0.00436124 0.00439531
1.56 -0.00737926 -0.00436053 0.00541437
1.57 -0.00748883 -0.00435781 0.00638694
1.58 -0.00742876 -0.00435331 0.00723991
1.59 -0.00728771 -0.0043478 0.0078845
1.6 -0.0071926 -0.0043424 0.00827109
1.61 -0.00725893 -0.00433828 0.00846667
1.62 -0.00747398 -0.00433625 0.00862446
1.63 -0.00763127 -0.0043365 0.00879424
1.64 -0.00740512 -0.00433857 0.00882951
1.65 -0.00656876 -0.00434142 0.00856042
1.66 -0.00514834 -0.00434363 0.00798901
1.67 -0.00335075 -0.00434384 0.00727664
1.68 -0.0013942 -0.00434109 0.00658493
1.69 0.000567182 -0.00433523 0.00594617
1.7 0.00241748 -0.004327 0.00530476
1.71 0.00409694 -0.00431778 0.00464165
1.72 0.00564372 -0.00430915 0.00397963
1.73 0.00712253 -0.00430253 0.00330853
1.74 0.00853422 -0.00429891 0.00256897
1.75 0.00985201 -0.00429857 0.00168728
1.76 0.011074 -0.00430104 0.000605878
1.77 0.0121663 -0.00430533 -0.000693443
1.78 0.013002 -0.00431041 -0.00215536
1.79 0.0134767 -0.00431533 -0.00364619
1.8 0.0136519 -0.00431943 -0.00504631
1.81 0.0136822 -0.00432254 -0.00634726
1.82 0.0136755 -0.00432493 -0.00760809
1.83 0.0136581 -0.00432712 -0.00884304
1.84 0.0136126 -0.00432957 -0.00997641
1.85 0.0134863 -0.00433254 -0.010874
1.86 0.0131607 -0.00433609 -0.0114241
1.87 0.0125735 -0.00434004 -0.011616
1.88 0.011925 -0.00434381 -0.011537
1.89 0.0115381 -0.00434652 -0.0112976
1.9 0.0114204 -0.00434761 -0.0109679
1.91 0.0112163 -0.00434708 -0.0105675
1.92 0.0105828 -0.00434544 -0.0100864
1.93 0.00936062 -0.00434365 -0.00952705
1.94 0.0074764 -0.00434311 -0.00893078
1.95 0.00490377 -0.00434536 -0.00834513
1.96 0.0017601 -0.00435154 -0.00778844
1.97 -0.0016595 -0.0043619 -0.00724839
1.98 -0.00505445 -0.00437569 -0.00669049
1.99 -0.00828149 -0.00439138 -0.00608045
2 -0.0113338 -0.00440695 -0.00538886
2.01 -0.0142355 -0.00442031 -0.00456312
2.02 -0.0169587 -0.00442971 -0.00351224
2.03 -0.0194623 -0.00443417 -0.00214043
2.04 -0.0217552 -0.00443381 -0.00042452
2.05 -0.0237808 -0.00442963 0.00154469
2.06 -0.025373 -0.00442308 0.003618
2.07 -0.0264886 -0.00441575 0.00567184
2.08 -0.0273128 -0.00440922 0.00763651
2.09 -0.0280596 -0.0044046 0.00946535
2.1 -0.0287651 -0.00440226 0.0110832
2.11 -0.0293053 -0.0044019 0.0123912
2.12 -0.0295945 -0.00440282 0.0133285
2.13 -0.0296645 -0.00440419 0.0138931
2.14 -0.0295576 -0.00440519 0.0141295
2.15 -0.0292188 -0.00440515 0.014119
2.16 -0.0284645 -0.00440352 0.013943
2.17 -0.0271211 -0.00440003 0.0136272
2.18 -0.0252522 -0.0043949 0.013115
2.19 -0.0230868 -0.00438874 0.0123298
2.2 -0.0206896 -0.00438205 0.0112746
2.21 -0.0179405 -0.00437509 0.0100377
2.22 -0.0147877 -0.00436801 0.00872266
2.23 -0.0113362 -0.00436093 0.00738766
2.24 -0.00772288 -0.00435384 0.00601831
2.25 -0.0040224 -0.00434664 0.00454326
2.26 -0.000313683 -0.00433936 0.00287653
2.27 0.00332545 -0.00433218 0.00095675
2.28 0.00693629 -0.00432535 -0.00121582
2.29 0.0106055 -0.00431908 -0.00357864
2.3 0.0143043 -0.00431367 -0.00604973
2.31 0.0179366 -0.00430929 -0.0085426
2.32 0.0214408 -0.00430584 -0.010948
2.33 0.0247573 -0.004303 -0.0131479
2.34 0.0277828 -0.00430041 -0.0150632
2.35 0.0303957 -0.00429778 -0.0166675
2.36 0.0325065 -0.00429496 -0.0179595
2.37 0.0340343 -0.00429207 -0.0189386
2.38 0.0349215 -0.00428945 -0.0195973
2.39 0.0352716 -0.00428743 -0.0199181
2.4 0.0352841 -0.00428616 -0.0198516
2.41 0.0350534 -0.00428559 -0.0192965
2.42 0.0345951 -0.00428538 -0.018158
2.43 0.0338678 -0.00428508 -0.0164765
2.44 0.0326688 -0.0042845 -0.0144603
2.45 0.0307533 -0.00428389 -0.0123415
2.46 0.0280923 -0.00428364 -0.010219
2.47 0.0248634 -0.0042843 -0.00806012
2.48 0.0212394 -0.00428654 -0.00580498
2.49 0.0172779 -0.00429099 -0.00343745
2.5 0.0129384 -0.00429808 -0.000978731
2.51 0.00817439 -0.00430778 0.00152958
2.52 0.00301043 -0.0043197 0.00400887
2.53 -0.00247059 -0.0043332 0.00636579
2.54 -0.00812066 -0.00434753 0.00854491
2.55 -0.01372 -0.00436186 0.0105358
2.56 -0.0190501 -0.00437547 0.0123473
2.57 -0.023961 -0.00438784 0.0139711
2.58 -0.0283889 -0.00439871 0.015365
2.59 -0.0323528 -0.00440813 0.0164983
2.6 -0.0359114 -0.00441632 0.0173877
2.61 -0.0390812 -0.00442361 0.0180499
2.62 -0.0417957 -0.00443033 0.0184469
2.63 -0.0439395 -0.00443674 0.0185324
2.64 -0.0454849 -0.00444288 0.0183475
2.65 -0.0466093 -0.00444873 0.0180278
2.66 -0.0475335 -0.00445415 0.0176907
2.67 -0.0482764 -0.00445889 0.0173111
2.68 -0.0486486 -0.00446266 0.0167259
2.69 -0.0484298 -0.00446518 0.0157873
2.7 -0.0475634 -0.0044663 0.0144939
2.71 -0.0461388 -0.00446592 0.0129928
2.72 -0.0441775 -0.00446387 0.0114862
2.73 -0.0415206 -0.00445978 0.0100849
2.74 -0.0380017 -0.00445337 0.00869616
2.75 -0.033679 -0.00444464 0.0070978
2.76 -0.0287622 -0.00443383 0.00516858
2.77 -0.0234338 -0.00442123 0.00296188
2.78 -0.017835 -0.00440746 0.000529538
2.79 -0.01204 -0.00439338 -0.0021781
2.8 -0.0060048 -0.00437975 -0.00516721
2.81 0.000257623 -0.00436705 -0.00827651
2.82 0.00653089 -0.00435551 -0.0112568
2.83 0.0125342 -0.00434513 -0.0139211
2.84 0.0180784 -0.00433565 -0.0162277
2.85 0.0231191 -0.00432667 -0.0182273
2.86 0.0276807 -0.00431782 -0.0199818
2.87 0.0317576 -0.00430898 -0.0215702
2.88 0.0353811 -0.00430024 -0.023051
2.89 0.0386597 -0.00429173 -0.0243658
2.9 0.0416529 -0.00428355 -0.0253673
2.91 0.0443145 -0.00427588 -0.0259687
2.92 0.046571 -0.00426894 -0.0262199
2.93 0.0483438 -0.00426295 -0.0262148
2.94 0.049544 -0.00425802 -0.0259666
2.95 0.0501059 -0.00425423 -0.0254185
2.96 0.0499799 -0.00425172 -0.024525
2.97 0.0490685 -0.00425066 -0.0232411
2.98 0.047227 -0.00425123 -0.0214721
2.99 0.0443944 -0.0042535 -0.0191131
3 0.0407121 -0.00425724 -0.0161316
3.01 0.0364637 -0.00426197 -0.0125891
3.02 0.0319032 -0.00426702 -0.00858938
3.03 0.0271733 -0.00427163 -0.00420918
3.04 0.0222848 -0.00427514 0.00049635
3.05 0.0171291 -0.00427736 0.00540168
3.06 0.0116018 -0.00427869 0.0102963
3.07 0.00576994 -0.00427983 0.0150353
3.08 -0.000123293 -0.00428155 0.0196065
3.09 -0.00588972 -0.00428465 0.0240197
3.1 -0.0115469 -0.00428988 0.028223
3.11 -0.0171334 -0.00429761 0.0320828
3.12 -0.0224517 -0.00430745 0.0354349
3.13 -0.0271174 -0.00431831 0.0381946
3.14 -0.030915 -0.0043288 0.040358
3.15 -0.0340019 -0.00433786 0.0419371
3.16 -0.0367188 -0.00434499 0.0429489
3.17 -0.0393712 -0.00435041 0.0434044
3.18 -0.0421059 -0.00435507 0.0433039
3.19 -0.0447551 -0.00436022 0.0426745
3.2 -0.0469181 -0.00436685 0.0415909
3.21 -0.0483335 -0.00437552 0.0401605
3.22 -0.0490743 -0.00438619 0.038491
3.23 -0.0493633 -0.00439817 0.0366275
3.24 -0.049337 -0.00441024 0.0345229
3.25 -0.0490129 -0.00442103 0.0320715
3.26 -0.0483148 -0.00442954 0.0291088
3.27 -0.0470197 -0.0044354 0.025436
3.28 -0.0448339 -0.00443874 0.0209399
3.29 -0.0416363 -0.0044402 0.0156977
3.3 -0.0375669 -0.00444069 0.00997596
3.31 -0.03286 -0.004441 0.00413993
3.32 -0.0276472 -0.00444136 -0.00146859
3.33 -0.022009 -0.00444145 -0.00662643
3.34 -0.0161999 -0.00444073 -0.0112544
3.35 -0.0105855 -0.00443865 -0.0153804
3.36 -0.00531177 -0.00443467 -0.0191095
3.37 -0.000222303 -0.00442836 -0.0225924
3.38 0.00496805 -0.00441958 -0.0259341
3.39 0.0104901 -0.00440838 -0.0291085
3.4 0.0163277 -0.00439511 -0.0319791
3.41 0.0221326 -0.00438052 -0.0343979
3.42 0.0274521 -0.00436564 -0.0362785
3.43 0.0320571 -0.00435146 -0.0376204
3.44 0.0359882 -0.00433878 -0.0384826
3.45 0.0393612 -0.00432815 -0.0389155
3.46 0.0421975 -0.00431978 -0.0389376
3.47 0.0444059 -0.00431358 -0.0385545
3.48 0.0458767 -0.00430907 -0.0377424
3.49 0.0465604 -0.00430546 -0.0364316
3.5 0.0464018 -0.00430198 -0.0345314
3.51 0.0452906 -0.00429815 -0.0319736
3.52 0.0432677 -0.00429382 -0.0287654
3.53 0.040644 -0.00428896 -0.0250241
3.54 0.0377451 -0.00428385 -0.0209355
3.55 0.0346309 -0.00427912 -0.0166824
3.56 0.0310641 -0.00427574 -0.0123994
3.57 0.0267449 -0.00427474 -0.00815271
3.58 0.0215891 -0.00427691 -0.00393788
3.59 0.0157986 -0.00428251 0.000317856
3.6 0.00978179 -0.00429106 0.00470615
3.61 0.00396557 -0.00430139 0.00923928
3.62 -0.00147119 -0.00431198 0.0138101
3.63 -0.00668376 -0.00432144 0.0182515
3.64 -0.0119174 -0.00432872 0.022446
3.65 -0.0172185 -0.00433329 0.0263802
3.66 -0.0224299 -0.0043353 0.0300826
3.67 -0.0273882 -0.00433572 0.0335751
3.68 -0.0320132 -0.00433586 0.0368698
3.69 -0.0362436 -0.00433715 0.0398729
3.7 -0.0400249 -0.00434075 0.0423151
3.71 -0.0433348 -0.00434734 0.0438746
3.72 -0.0461075 -0.00435695 0.0443265
3.73 -0.0482044 -0.0043689 0.0436182
3.74 -0.0495243 -0.00438205 0.041915
3.75 -0.0500453 -0.00439505 0.0394883
3.76 -0.0497729 -0.00440668 0.0365223
3.77 -0.0487001 -0.00441596 0.0331041
3.78 -0.0468265 -0.00442232 0.0293092
3.79 -0.0442143 -0.00442571 0.0251933
3.8 -0.0409664 -0.00442658 0.0207757
3.81 -0.0371784 -0.00442568 0.0161116
3.82 -0.0329678 -0.00442373 0.0113846
3.83 -0.0284478 -0.00442123 0.00687646
3.84 -0.0236494 -0.00441835 0.00271954
3.85 -0.0185871 -0.00441517 -0.00130412
3.86 -0.0133387 -0.00441173 -0.00551434
3.87 -0.00801961 -0.00440788 -0.00996619
3.88 -0.00274477 -0.00440347 -0.0144836
3.89 0.00238376 -0.00439861 -0.0189032
3.9 0.00723719 -0.00439379 -0.02318
3.91 0.0115876 -0.00438981 -0.0272958
3.92 0.0151277 -0.00438756 -0.031113
3.93 0.0176977 -0.00438766 -0.0343911
3.94 0.0194652 -0.0043901 -0.0369237
3.95 0.0207572 -0.00439411 -0.0385648
3.96 0.0218205 -0.00439825 -0.039196
3.97 0.0228047 -0.00440065 -0.0387962
3.98 0.0238462 -0.00439929 -0.0374673
3.99 0.0250718 -0.00439242 -0.0353418
4 0.0264211 -0.00437922 -0.0325215
4.01 0.0275379 -0.00436033 -0.0290787
4.02 0.028052 -0.00433771 -0.0251313
4.03 0.0278358 -0.00431431 -0.0209353
4.04 0.0268471 -0.00429366 -0.016809
4.05 0.0250245 -0.00427913 -0.012983
4.06 0.0224861 -0.00427289 -0.00954862
4.07 0.0195347 -0.00427531 -0.00645108
4.08 0.0163421 -0.004285 -0.0034915
4.09 0.0128706 -0.00429915 -0.000368027
4.1 0.00910405 -0.00431397 0.00321506
4.11 0.00512393 -0.00432561 0.00740848
4.12 0.0010788 -0.00433111 0.0121564
4.13 -0.00276203 -0.00432894 0.0172416
4.14 -0.00615827 -0.0043193 0.0223764
4.15 -0.00913391 -0.00430427 0.0272605
4.16 -0.0118959 -0.00428728 0.031608
4.17 -0.0146396 -0.00427234 0.0351743
4.18 -0.0174357 -0.00426304 0.0378075
4.19 -0.0201793 -0.00426172 0.039519
4.2 -0.0226926 -0.00426899 0.0404718
4.21 -0.0248218 -0.00428348 0.0408405
4.22 -0.0263843 -0.00430228 0.0406978
4.23 -0.027247 -0.00432157 0.0400548
4.24 -0.0274369 -0.00433757 0.0389561
4.25 -0.0269391 -0.00434729 0.0375059
4.26 -0.0256176 -0.00434898 0.03583
4.27 -0.0234537 -0.00434269 0.0340113
4.28 -0.0205677 -0.00433014 0.0320676
4.29 -0.0171005 -0.00431406 0.0299918
4.3 -0.0133366 -0.00429778 0.0277473
4.31 -0.00971601 -0.00428472 0.0252136
4.32 -0.00652439 -0.00427759 0.0222079
4.33 -0.0037364 -0.00427778 0.0186002
4.34 -0.00116649 -0.00428517 0.014424
4.35 0.00140304 -0.0042981 0.00989285
4.36 0.00417339 -0.0043138 0.00525983
4.37 0.00722637 -0.00432911 0.000656321
4.38 0.0104603 -0.00434121 -0.00388009
4.39 0.0135845 -0.00434827 -0.0082494
4.4 0.0162242 -0.00434986 -0.0122345
4.41 0.0181874 -0.00434692 -0.0156163
4.42 0.0195692 -0.00434136 -0.0183089
4.43 0.0206354 -0.0043355 -0.0203711
4.44 0.0217374 -0.0043312 -0.021908
4.45 0.0231347 -0.00432931 -0.0229837
4.46 0.0247152 -0.00432977 -0.0236515
4.47 0.0260578 -0.00433195 -0.0240394
4.48 0.0268188 -0.00433483 -0.0242959
4.49 0.0268957 -0.00433734 -0.0244242
4.5 0.0263038 -0.0043388 -0.0242539
4.51 0.0251689 -0.00433904 -0.0235941
4.52 0.0237781 -0.00433823 -0.0223567
4.53 0.0223405 -0.00433663 -0.0205122
4.54 0.0208076 -0.00433448 -0.0179953
4.55 0.0190517 -0.00433175 -0.0147581
4.56 0.0169581 -0.00432828 -0.0109135
4.57 0.0143908 -0.00432411 -0.00672362
4.58 0.0113486 -0.00431944 -0.00245037
4.59 0.00812563 -0.00431449 0.00172181
4.6 0.0051931 -0.00430941 0.00565694
4.61 0.00282692 -0.00430451 0.00926269
4.62 0.0008696 -0.0043003 0.0125371
4.63 -0.000991589 -0.00429722 0.0155462
4.64 -0.00275514 -0.00429525 0.0183104
4.65 -0.00412165 -0.00429402 0.0207203
4.66 -0.00492338 -0.0042932 0.0225568
4.67 -0.0053206 -0.00429273 0.0236319
4.68 -0.00560197 -0.00429268 0.0239445
4.69 -0.00591667 -0.00429313 0.0236678
4.7 -0.00614575 -0.0042941 0.0230038
4.71 -0.00598212 -0.00429543 0.0220922
4.72 -0.00523848 -0.00429692 0.0209835
4.73 -0.00402889 -0.00429856 0.0195956
4.74 -0.00255222 -0.00430035 0.0177599
4.75 -0.000872956 -0.00430226 0.0153689
4.76 0.00109018 -0.00430421 0.0124303
4.77 0.00355412 -0.00430602 0.00902865
4.78 0.00667722 -0.00430749 0.00528905
4.79 0.0102556 -0.00430864 0.00134569
4.8 0.0138462 -0.00430966 -0.00266386
4.81 0.0171052 -0.00431079 -0.00662345
4.82 0.0198277 -0.00431242 -0.0105055
4.83 0.0219674 -0.00431505 -0.0142975
4.84 0.0238175 -0.00431865 -0.0178193
4.85 0.0258182 -0.00432253 -0.0207947
4.86 0.0278953 -0.00432619 -0.0231389
4.87 0.0293707 -0.00432978 -0.0250412
4.88 0.029749 -0.00433362 -0.0267778
4.89 0.0291924 -0.00433787 -0.0284613
4.9 0.0281777 -0.00434257 -0.0299532
4.91 0.0270057 -0.004348 -0.0310672
4.92 0.0257446 -0.00435453 -0.0318375
4.93 0.0244457 -0.0043623 -0.0325075
4.94 0.0230905 -0.00437113 -0.0332838
4.95 0.0213969 -0.00438089 -0.0341729
4.96 0.0190342 -0.00439139 -0.0349839
4.97 0.0159975 -0.0044025 -0.0353924
4.98 0.0124819 -0.00441371 -0.0350851
4.99 0.00849359 -0.00442481 -0.0339814
5 0.00396848 -0.00443608 -0.0323387
5.01 -0.00084691 -0.00444741 -0.0305472
5.02 -0.00554547 -0.00445833 -0.0287767
5.03 -0.00992064 -0.00446815 -0.0268853
5.04 -0.0139177 -0.00447617 -0.024668
5.05 -0.0175381 -0.00448183 -0.0221065
5.06 -0.0210011 -0.00448518 -0.019388
5.07 -0.0246023 -0.00448697 -0.0168067
5.08 -0.0282692 -0.00448818 -0.0146365
5.09 -0.0316028 -0.00448976 -0.0130274
5.1 -0.034302 -0.00449262 -0.0120049
5.11 -0.036198 -0.00449721 -0.0115006
5.12 -0.0370285 -0.00450294 -0.0113911
5.13 -0.0366553 -0.00450844 -0.0115776
5.14 -0.0354544 -0.00451232 -0.011984
5.15 -0.0340565 -0.00451349 -0.0124778
5.16 -0.0327343 -0.00451119 -0.0129404
5.17 -0.0313931 -0.00450542 -0.0134165
5.18 -0.0299165 -0.00449721 -0.0140855
5.19 -0.0281423 -0.00448819 -0.0151445
5.2 -0.0256356 -0.00447961 -0.0167072
5.21 -0.0218601 -0.00447176 -0.0186578
5.22 -0.016688 -0.00446392 -0.0205557
5.23 -0.0104363 -0.00445437 -0.0217727
5.24 -0.00351252 -0.00444075 -0.0218085
5.25 0.00367368 -0.00442082 -0.020485
5.26 0.0107708 -0.00439315 -0.0178866
5.27 0.0176592 -0.00435744 -0.0141947
5.28 0.0243167 -0.0043147 -0.00959705
5.29 0.0305635 -0.0042674 -0.00430417
5.3 0.0362557 -0.00421888 0.00141267
5.31 0.0415161 -0.00417237 0.00726156
5.32 0.0464753 -0.00413039 0.0130458
5.33 0.0510726 -0.00409445 0.0187461
5.34 0.0552227 -0.00406465 0.0244849
5.35 0.0590291 -0.00403959 0.030443
5.36 0.0627546 -0.00401674 0.0367946
5.37 0.0663894 -0.00399349 0.0435472
5.38 0.0693662 -0.00396846 0.0504014
5.39 0.0710582 -0.00394182 0.0569738
5.4 0.0713973 -0.00391459 0.0631306
5.41 0.0707549 -0.00388859 0.0689235
5.42 0.0694399 -0.00386633 0.0742603
5.43 0.0673477 -0.003851 0.0787489
5.44 0.0640226 -0.00384571 0.0819151
5.45 0.0591962 -0.00385237 0.0835694
5.46 0.0531468 -0.00387119 0.0838335
5.47 0.0464475 -0.00390096 0.0828533
5.48 0.0396114 -0.00393948 0.0806622
5.49 0.0329896 -0.00398378 0.0772576
5.5 0.026594 -0.00403082 0.0726442
5.51 0.0200226 -0.00407856 0.0668044
5.52 0.0129457 -0.00412611 0.0597094
5.53 0.00542921 -0.00417353 0.0513949
5.54 -0.00240867 -0.00422201 0.0420014
5.55 -0.0105836 -0.00427359 0.0316656
5.56 -0.0191034 -0.00433046 0.0203784
5.57 -0.0279795 -0.00439435 0.00809197
5.58 -0.037244 -0.0044659 -0.00500267
5.59 -0.0468527 -0.00454425 -0.0184406
5.6 -0.0567043 -0.0046274 -0.0317642
5.61 -0.0667145 -0.00471281 -0.0447391
5.62 -0.0766655 -0.0047971 -0.0572677
5.63 -0.0859722 -0.00487652 -0.0691944
5.64 -0.0938449 -0.00494737 -0.0802795
5.65 -0.0998091 -0.00500657 -0.0903246
5.66 -0.104006 -0.00505246 -0.0992138
5.67 -0.106978 -0.00508506 -0.106815
5.68 -0.109113 -0.00510537 -0.112914
5.69 -0.110267 -0.00511468 -0.117304
5.7 -0.109935 -0.00511446 -0.119928
5.71 -0.107709 -0.00510602 -0.120875
5.72 -0.103488 -0.00509034 -0.120235
5.73 -0.0972359 -0.00506697 -0.117976
5.74 -0.0886767 -0.00503377 -0.113962
5.75 -0.0773273 -0.00498771 -0.10813
5.76 -0.0628775 -0.00492571 -0.100615
5.77 -0.0454929 -0.00484569 -0.0917021
5.78 -0.0257943 -0.00474745 -0.0817151
5.79 -0.00481304 -0.00463335 -0.0709836
5.8 0.0160454 -0.00450878 -0.0598302
5.81 0.0354498 -0.00438151 -0.0485259
5.82 0.0530406 -0.00425969 -0.0372892
5.83 0.069716 -0.00414954 -0.0263033
5.84 0.0865572 -0.00405444 -0.0156532
5.85 0.103616 -0.00397437 -0.00519743
5.86 0.120014 -0.00390628 0.00541258
5.87 0.134821 -0.00384558 0.0164565
5.88 0.147489 -0.00378672 0.0278982
5.89 0.157883 -0.00372513 0.0394617
5.9 0.166209 -0.00365909 0.0508947
5.91 0.172655 -0.00359004 0.0620827
5.92 0.177262 -0.00352199 0.0729942
5.93 0.180094 -0.00346003 0.0836635
5.94 0.181134 -0.003409 0.0942313
5.95 0.180034 -0.00337269 0.104831
5.96 0.17613 -0.00335346 0.115349
5.97 0.168831 -0.00335191 0.125379
5.98 0.158002 -0.0033671 0.13443
5.99 0.143786 -0.00339748 0.142083
6 0.126026 -0.00344215 0.147999
6.01 0.104086 -0.00350179 0.151918
6.02 0.0773929 -0.00357838 0.153763
6.03 0.0458507 -0.00367423 0.153803
6.04 0.00983871 -0.00379156 0.152522
6.05 -0.0297415 -0.00393153 0.150173
6.06 -0.0715441 -0.00409289 0.146523
6.07 -0.113991 -0.00427158 0.141052
6.08 -0.155413 -0.00446077 0.133242
6.09 -0.194394 -0.00465219 0.122732
6.1 -0.230007 -0.00483789 0.10939
6.11 -0.261464 -0.00501064 0.0933927
6.12 -0.287831 -0.0051651 0.075239
6.13 -0.308205 -0.00529795 0.055629
6.14 -0.321668 -0.00540729 0.0352841
6.15 -0.327131 -0.00549142 0.0148928
6.16 -0.323714 -0.00554818 -0.00490008
6.17 -0.311179 -0.00557547 -0.0235845
6.18 -0.289907 -0.00557094 -0.0408079
6.19 -0.260903 -0.00553223 -0.0562198
6.2 -0.225772 -0.00545821 -0.0693159
6.21 -0.186063 -0.00534973 -0.0795437
6.22 -0.142463 -0.00520955 -0.0866301
6.23 -0.0948339 -0.0050421 -0.0907973
6.24 -0.0431483 -0.00485332 -0.0926203
6.25 0.0115441 -0.00465046 -0.0926223
6.26 0.0668051 -0.00444117 -0.091009
6.27 0.119302 -0.00423478 -0.0877609
6.28 0.166073 -0.00404087 -0.0828482
6.29 0.205903 -0.00386725 -0.0762951
6.3 0.239658 -0.00371785 -0.0681367
6.31 0.26881 -0.00359288 -0.0584565
6.32 0.293509 -0.00349145 -0.0475713
6.33 0.312256 -0.0034118 -0.0362127
6.34 0.322818 -0.00335264 -0.025422
6.35 0.323435 -0.00331481 -0.016154
6.36 0.31386 -0.00330237 -0.0089858
6.37 0.29604 -0.00332004 -0.00415915
6.38 0.273613 -0.00336984 -0.00174003
6.39 0.249568 -0.00345167 -0.00169304
6.4 0.224368 -0.00356334 -0.00387211
6.41 0.197085 -0.00369917 -0.00792621
6.42 0.167436 -0.00384994 -0.013142
6.43 0.135913 -0.00400457 -0.0183659
6.44 0.103236 -0.0041527 -0.022204
6.45 0.0704762 -0.00428583 -0.0234712
6.46 0.0389947 -0.00439745 -0.0215176
6.47 0.00961156 -0.00448404 -0.0162347
6.48 -0.018012 -0.00454621 -0.00793582
6.49 -0.0448473 -0.00458866 0.00279907
6.5 -0.0715463 -0.00461718 0.0152541
6.51 -0.0981644 -0.00463848 0.0285353
6.52 -0.124626 -0.00466088 0.0415858
6.53 -0.151352 -0.00469253 0.0534198
6.54 -0.179163 -0.00474066 0.0632619
6.55 -0.208161 -0.00480947 0.0705383
6.56 -0.237063 -0.00489896 0.074931
6.57 -0.263736 -0.00500438 0.0764385
6.58 -0.285994 -0.00511671 0.0753655
6.59 -0.302271 -0.00522412 0.0722927
6.6 -0.312126 -0.00531299 0.0679274
6.61 -0.316039 -0.0053723 0.0627998
6.62 -0.314724 -0.00539645 0.0570331
6.63 -0.308762 -0.00538488 0.0503377
6.64 -0.298497 -0.00534311 0.0422399
6.65 -0.284065 -0.00528137 0.0324346
6.66 -0.265693 -0.0052119 0.0209593
6.67 -0.243805 -0.00514608 0.00814303
6.68 -0.218649 -0.00509125 -0.00552683
6.69 -0.189983 -0.00504849 -0.0195014
6.7 -0.157301 -0.00501217 -0.0330708
6.71 -0.120474 -0.00497137 -0.0452346
6.72 -0.080139 -0.00491298 -0.0549045
6.73 -0.0372363 -0.0048251 -0.0614059
6.74 0.00773778 -0.00470003 -0.0648668
6.75 0.0546016 -0.00453647 -0.0662043
6.76 0.103096 -0.00433844 -0.0666557
6.77 0.152942 -0.00411843 -0.0671787
6.78 0.2037 -0.00389516 -0.068297
6.79 0.254335 -0.00368289 -0.0703469
6.8 0.303098 -0.00349549 -0.073682
6.81 0.348024 -0.00334572 -0.0786452
6.82 0.387571 -0.00323863 -0.0854214
6.83 0.420529 -0.00317345 -0.0939496
6.84 0.44551 -0.0031466 -0.103896
6.85 0.46113 -0.00315275 -0.114649
6.86 0.466853 -0.00318592 -0.125346
6.87 0.463159 -0.00324071 -0.134937
6.88 0.450672 -0.00331433 -0.142368
6.89 0.429469 -0.00340536 -0.146783
6.9 0.399357 -0.00351113 -0.147628
6.91 0.360815 -0.00363015 -0.144779
6.92 0.315354 -0.00376151 -0.138748
6.93 0.264508 -0.00390477 -0.130684
6.94 0.208776 -0.00406114 -0.121914
6.95 0.147952 -0.00423258 -0.11331
6.96 0.0823726 -0.00442042 -0.105087
6.97 0.013524 -0.00462422 -0.097144
6.98 -0.056495 -0.00484185 -0.0894914
6.99 -0.125772 -0.0050705 -0.0823422
7 -0.192562 -0.00530302 -0.0758236
7.01 -0.254502 -0.00552814 -0.0697637
7.02 -0.308738 -0.00573458 -0.0638433
7.03 -0.353332 -0.00590823 -0.0577358
7.04 -0.388346 -0.0060359 -0.0509427
7.05 -0.415776 -0.00611314 -0.0426151
7.06 -0.438003 -0.00614199 -0.0317307
7.07 -0.45592 -0.00612881 -0.017507
7.08 -0.468951 -0.00608069 0.000357864
7.09 -0.476341 -0.00600781 0.0217247
7.1 -0.477997 -0.0059209 0.0461035
7.11 -0.474326 -0.00582445 0.0726124
7.12 -0.465667 -0.00572103 0.0999909
7.13 -0.452278 -0.00561008 0.126857
7.14 -0.434595 -0.00548718 0.152012
7.15 -0.413079 -0.0053489 0.174526
7.16 -0.387893 -0.00519502 0.193662
7.17 -0.358883 -0.00502838 0.208934
7.18 -0.32569 -0.00485471 0.220231
7.19 -0.287821 -0.00468063 0.227696
7.2 -0.244869 -0.0045116 0.231508
7.21 -0.196643 -0.0043505 0.231811
7.22 -0.142833 -0.00419617 0.228791
7.23 -0.0830277 -0.00404225 0.222719
7.24 -0.0173645 -0.00388135 0.213934
7.25 0.0530277 -0.00370547 0.202803
7.26 0.126246 -0.00351045 0.189654
7.27 0.200276 -0.00329697 0.174694
7.28 0.273339 -0.00307018 0.157893
7.29 0.343723 -0.00284355 0.138929
7.3 0.409848 -0.00263497 0.117383
7.31 0.4708 -0.00246059 0.0930599
7.32 0.52615 -0.00233584 0.0661205
7.33 0.57451 -0.00226603 0.0370248
7.34 0.612691 -0.00224945 0.00640633
7.35 0.637042 -0.00228726 -0.0250255
7.36 0.6457 -0.00237509 -0.0565523
7.37 0.639419 -0.00250806 -0.0875172
7.38 0.620225 -0.00268262 -0.117313
7.39 0.589519 -0.00289125 -0.145325
7.4 0.547963 -0.00312671 -0.171034
7.41 0.496626 -0.0033837 -0.194177
7.42 0.437527 -0.00365629 -0.214712
7.43 0.372878 -0.00393986 -0.232673
7.44 0.303587 -0.00423027 -0.248138
7.45 0.22904 -0.00452612 -0.261246
7.46 0.148593 -0.0048282 -0.272084
7.47 0.0631129 -0.00513661 -0.280515
7.48 -0.0246914 -0.00545032 -0.286112
7.49 -0.111211 -0.00576429 -0.288413
7.5 -0.19333 -0.00606947 -0.287374
7.51 -0.268991 -0.00635472 -0.283476
7.52 -0.336564 -0.00660757 -0.277331
7.53 -0.394452 -0.00681184 -0.269232
7.54 -0.441486 -0.00695418 -0.259132
7.55 -0.477467 -0.00703104 -0.246985
7.56 -0.503668 -0.00704562 -0.232971
7.57 -0.522391 -0.00700961 -0.217402
7.58 -0.534981 -0.00693823 -0.200432
7.59 -0.540426 -0.00684852 -0.181892
7.6 -0.536598 -0.00675083 -0.161479
7.61 -0.522638 -0.00664434 -0.139
7.62 -0.499921 -0.00652894 -0.114365
7.63 -0.47097 -0.00639822 -0.0874235
7.64 -0.437608 -0.00624 -0.0578483
7.65 -0.400195 -0.00604407 -0.0252762
7.66 -0.357903 -0.00580352 0.0103888
7.67 -0.309539 -0.00551676 0.0488006
7.68 -0.255017 -0.00518851 0.0892007
7.69 -0.195979 -0.00482986 0.130567
7.7 -0.134538 -0.00445321 0.171801
7.71 -0.0717694 -0.00407153 0.211904
7.72 -0.00786337 -0.00369993 0.250074
7.73 0.0566213 -0.00335275 0.285666
7.74 0.120427 -0.00303662 0.318105
7.75 0.182474 -0.00275182 0.346865
7.76 0.242413 -0.00249431 0.371507
7.77 0.30008 -0.00224645 0.391639
7.78 0.354588 -0.00200323 0.406696
7.79 0.404009 -0.00177401 0.415843
7.8 0.446107 -0.00157629 0.41825
7.81 0.479458 -0.00142853 0.41338
7.82 0.504234 -0.00134257 0.400999
7.83 0.522344 -0.00131945 0.381112
7.84 0.536295 -0.00135209 0.353973
7.85 0.547608 -0.00144121 0.320133
7.86 0.55649 -0.00157857 0.2805
7.87 0.56249 -0.00175086 0.236195
7.88 0.564661 -0.00194611 0.188275
7.89 0.561402 -0.0021534 0.137725
7.9 0.550605 -0.00236864 0.0856455
7.91 0.530119 -0.00259554 0.0333005
7.92 0.498618 -0.00284124 -0.0180656
7.93 0.45628 -0.00311583 -0.0675054
7.94 0.404612 -0.00342709 -0.114538
7.95 0.345414 -0.00377556 -0.159124
7.96 0.279872 -0.00415523 -0.201483
7.97 0.20867 -0.00455276 -0.241884
7.98 0.13251 -0.00496199 -0.28046
7.99 0.0526888 -0.00537744 -0.317003
8 -0.0286242 -0.00578225 -0.350827
8.01 -0.109193 -0.00616222 -0.380873
8.02 -0.187937 -0.00650911 -0.405912
8.03 -0.264888 -0.00681776 -0.424762
8.04 -0.339696 -0.00707453 -0.436551
8.05 -0.410686 -0.00727708 -0.440883
8.06 -0.47586 -0.00743284 -0.437809
8.07 -0.534438 -0.00754684 -0.42774
8.08 -0.586746 -0.0076255 -0.411341
8.09 -0.632643 -0.00767048 -0.389321
8.1 -0.67069 -0.0076828 -0.362338
8.11 -0.698881 -0.00766511 -0.331164
8.12 -0.715483 -0.00761249 -0.296849
8.13 -0.719209 -0.00752042 -0.260561
8.14 -0.709329 -0.00739076 -0.223181
8.15 -0.685867 -0.00722009 -0.184913
8.16 -0.649613 -0.00700886 -0.145309
8.17 -0.601919 -0.00675873 -0.103773
8.18 -0.544375 -0.00647105 -0.0600946
8.19 -0.478546 -0.00614917 -0.014585
8.2 -0.406131 -0.00579823 0.0321215
8.21 -0.32911 -0.00542447 0.0792914
8.22 -0.249582 -0.00503425 0.126222
8.23 -0.169657 -0.0046283 0.172341
8.24 -0.0913275 -0.00419661 0.217261
8.25 -0.0161255 -0.00375976 0.260732
8.26 0.0550382 -0.00334953 0.302512
8.27 0.121492 -0.00297273 0.342271
8.28 0.182494 -0.00263428 0.379618
8.29 0.237486 -0.00233653 0.414198
8.3 0.286131 -0.00207378 0.44574
8.31 0.327845 -0.00184324 0.474052
8.32 0.36172 -0.00163509 0.498981
8.33 0.387136 -0.00144359 0.520297
8.34 0.404121 -0.00128626 0.537513
8.35 0.41301 -0.00118043 0.549825
8.36 0.414046 -0.00113551 0.556231
8.37 0.407221 -0.0011489 0.555808
8.38 0.392483 -0.00121267 0.548024
8.39 0.370214 -0.00133414 0.532919
8.4 0.341229 -0.0015161 0.510986
8.41 0.306192 -0.00175205 0.48296
8.42 0.265362 -0.00203837 0.449712
8.43 0.218934 -0.00236646 0.412154
8.44 0.167247 -0.00272639 0.371206
8.45 0.110745 -0.0031091 0.327829
8.46 0.049998 -0.00350505 0.282925
8.47 -0.0140808 -0.00390553 0.237154
8.48 -0.080261 -0.00430297 0.190852
8.49 -0.147498 -0.00467828 0.143972
8.5 -0.215231 -0.00500833 0.0961327
8.51 -0.282811 -0.00531901 0.0469196
8.52 -0.348667 -0.00563683 -0.00379265
8.53 -0.410414 -0.00595555 -0.0557313
8.54 -0.465801 -0.00627312 -0.108185
8.55 -0.51348 -0.00658282 -0.160079
8.56 -0.55321 -0.00687646 -0.210161
8.57 -0.585522 -0.0071418 -0.257132
8.58 -0.610886 -0.00736807 -0.299767
8.59 -0.629229 -0.00754655 -0.337054
8.6 -0.640505 -0.00767198 -0.368241
8.61 -0.645493 -0.00774259 -0.392791
8.62 -0.645581 -0.00775364 -0.410384
8.63 -0.64191 -0.00772164 -0.420891
8.64 -0.635149 -0.00766757 -0.424293
8.65 -0.625772 -0.00759734 -0.420697
8.66 -0.614012 -0.00751388 -0.410421
8.67 -0.59955 -0.0074218 -0.39397
8.68 -0.581422 -0.00732356 -0.371919
8.69 -0.55847 -0.0072126 -0.344772
8.7 -0.530055 -0.00708181 -0.312967
8.71 -0.496215 -0.00692202 -0.277041
8.72 -0.45691 -0.00672588 -0.237709
8.73 -0.411417 -0.00648905 -0.195747
8.74 -0.358949 -0.00621128 -0.151766
8.75 -0.299768 -0.00589679 -0.106133
8.76 -0.235394 -0.00555349 -0.0591767
8.77 -0.167779 -0.00519371 -0.0114722
8.78 -0.098013 -0.00482805 0.0359799
8.79 -0.0258366 -0.00444316 0.0817546
8.8 0.0496733 -0.00401151 0.124282
8.81 0.129323 -0.00358017 0.162241
8.82 0.213253 -0.00318002 0.194801
8.83 0.30036 -0.00278684 0.221641
8.84 0.387849 -0.00240606 0.242828
8.85 0.471479 -0.00204294 0.25862
8.86 0.546678 -0.0017062 0.26925
8.87 0.609879 -0.0014022 0.274842
8.88 0.659471 -0.00114925 0.275457
8.89 0.695763 -0.000976388 0.271237
8.9 0.719826 -0.000889307 0.262571
8.91 0.732471 -0.000887342 0.250051
8.92 0.734386 -0.000967442 0.234292
8.93 0.72672 -0.00111375 0.215827
8.94 0.711139 -0.00130588 0.195167
8.95 0.689342 -0.00152162 0.172952
8.96 0.662742 -0.00174185 0.14999
8.97 0.632474 -0.00195327 0.126992
8.98 0.599142 -0.00215157 0.10431
8.99 0.562488 -0.00234044 0.081991
9 0.521586 -0.00253103 0.059897
9.01 0.475387 -0.00273785 0.0377995
9.02 0.423247 -0.00297474 0.0155083
9.03 0.365309 -0.00325095 -0.00707687
9.04 0.302284 -0.00356909 -0.0299922
9.05 0.234966 -0.00392417 -0.0531693
9.06 0.164211 -0.00430062 -0.0763341
9.07 0.0910881 -0.00466114 -0.0989533
9.08 0.0168491 -0.00498233 -0.120239
9.09 -0.0570985 -0.00527928 -0.139268
9.1 -0.129449 -0.00555041 -0.15521
9.11 -0.199545 -0.0057843 -0.167509
9.12 -0.267483 -0.00598579 -0.175999
9.13 -0.333618 -0.0061605 -0.180896
9.14 -0.397977 -0.00631547 -0.182599
9.15 -0.459706 -0.00645958 -0.1816
9.16 -0.517058 -0.00659975 -0.178576
9.17 -0.568429 -0.00673769 -0.17442
9.18 -0.6133 -0.00687117 -0.170077
9.19 -0.651973 -0.00699493 -0.166236
9.2 -0.684632 -0.00710031 -0.16293
9.21 -0.710664 -0.00717716 -0.159525
9.22 -0.728857 -0.00721936 -0.15524
9.23 -0.738112 -0.00722801 -0.149583
9.24 -0.738 -0.00720632 -0.14243
9.25 -0.728914 -0.00715491 -0.133922
9.26 -0.711701 -0.00707455 -0.124278
9.27 -0.686779 -0.00696667 -0.113691
9.28 -0.653371 -0.00683356 -0.102368
9.29 -0.609842 -0.0066773 -0.0905375
9.3 -0.555025 -0.00649685 -0.0782905
9.31 -0.489013 -0.0062893 -0.0654834
9.32 -0.412669 -0.00605146 -0.0519536
9.33 -0.327003 -0.00578066 -0.0378139
9.34 -0.23341 -0.00547707 -0.0234667
9.35 -0.133959 -0.00514701 -0.00939999
9.36 -0.0309991 -0.0047972 0.00398084
9.37 0.0732475 -0.0043945 0.0163422
9.38 0.176632 -0.00392172 0.0273345
9.39 0.277047 -0.00347225 0.0365595
9.4 0.372828 -0.00307298 0.0435639
9.41 0.463335 -0.00270337 0.0478294
9.42 0.54876 -0.00238113 0.0488229
9.43 0.629166 -0.0020989 0.0461156
9.44 0.703969 -0.00184838 0.0395244
9.45 0.772065 -0.00159664 0.02928
9.46 0.83223 -0.00134264 0.016106
9.47 0.883657 -0.00111313 0.000996647
9.48 0.926091 -0.000935103 -0.0151192
9.49 0.959407 -0.000807061 -0.0314978
9.5 0.982938 -0.000724809 -0.0475482
9.51 0.994879 -0.000708466 -0.0628029
9.52 0.992879 -0.000757035 -0.0768824
9.53 0.975881 -0.000863727 -0.0894962
9.54 0.944985 -0.00102491 -0.100464
9.55 0.902584 -0.00123759 -0.109688
9.56 0.85116 -0.00149366 -0.117143
9.57 0.792584 -0.00178365 -0.122999
9.58 0.728336 -0.00209876 -0.127759
9.59 0.66017 -0.00242829 -0.132117
9.6 0.589889 -0.00276249 -0.136641
9.61 0.518311 -0.00309595 -0.141601
9.62 0.444692 -0.00342885 -0.147002
9.63 0.367489 -0.00376541 -0.152709
9.64 0.285963 -0.00411035 -0.158578
9.65 0.200995 -0.00445242 -0.16448
9.66 0.114464 -0.00476246 -0.170278
9.67 0.0279748 -0.00504594 -0.175833
9.68 -0.0579433 -0.0053259 -0.180983
9.69 -0.143264 -0.0056045 -0.185498
9.7 -0.227132 -0.00588135 -0.189089
9.71 -0.307753 -0.00615134 -0.191495
9.72 -0.383548 -0.00639801 -0.192556
9.73 -0.453624 -0.00660887 -0.192234
9.74 -0.516993 -0.0067818 -0.190602
9.75 -0.572112 -0.00691701 -0.187846
9.76 -0.61781 -0.0070185 -0.18429
9.77 -0.654439 -0.00709135 -0.180306
9.78 -0.68357 -0.00714204 -0.17616
9.79 -0.706562 -0.00717653 -0.171893
9.8 -0.723594 -0.00719547 -0.167282
9.81 -0.733647 -0.00720128 -0.16191
9.82 -0.734801 -0.00720113 -0.155288
9.83 -0.724874 -0.00718482 -0.146903
9.84 -0.70239 -0.00713693 -0.136255
9.85 -0.666918 -0.00704835 -0.122934
9.86 -0.6186 -0.00690643 -0.106678
9.87 -0.557744 -0.00670251 -0.087333
9.88 -0.484916 -0.00643438 -0.0648426
9.89 -0.401326 -0.00610611 -0.0393223
9.9 -0.308946 -0.00572825 -0.0111387
9.91 -0.209895 -0.00531688 0.0191263
9.92 -0.105662 -0.00489114 0.0508078
9.93 0.00289111 -0.00442866 0.0832752
9.94 0.11493 -0.00388801 0.115967
9.95 0.229246 -0.00330849 0.148263
9.96 0.344362 -0.00272676 0.179275
9.97 0.458767 -0.00215074 0.207901
9.98 0.570808 -0.00159692 0.233111
9.99 0.678291 -0.00106713 0.254173
10 0.778048 -0.000546972 0.270799
