0.1 -9.00607e-006 -0.000476087 -1.46519e-005
0.2 -1.82267e-005 -0.000952627 -2.92685e-005
0.3 -2.76627e-005 -0.00142962 -4.38499e-005
0.4 -3.73148e-005 -0.00190707 -5.83958e-005
0.5 -4.7184e-005 -0.00238498 -7.29063e-005
0.6 -5.72709e-005 -0.00286335 -8.73812e-005
0.7 -6.75765e-005 -0.00334217 -0.000101821
0.8 -7.81017e-005 -0.00382146 -0.000116224
0.9 -8.88471e-005 -0.0043012 -0.000130592
1 -9.98137e-005 -0.00478141 -0.000144925
0.01 -0.000122494 -0.00478047 -0.000116583
0.02 -0.000190054 -0.00477982 -2.51768e-005
0.03 -0.000281211 -0.0047806 0.00010865
0.04 -0.000375861 -0.00478118 0.0002428
0.05 -0.000468375 -0.00478097 0.000349367
0.06 -0.000547934 -0.00478102 0.000411355
0.07 -0.000610916 -0.00478117 0.000425734
0.08 -0.000656133 -0.00478115 0.000395739
0.09 -0.000677542 -0.00478118 0.000320894
0.1 -0.000671543 -0.00478108 0.00020113
0.11 -0.000642057 -0.00478108 5.07934e-005
0.12 -0.00059518 -0.00478114 -0.000109633
0.13 -0.000533816 -0.0047814 -0.000272509
0.14 -0.000459938 -0.00478187 -0.000441096
0.15 -0.000379985 -0.00478251 -0.0006132
0.16 -0.000303088 -0.00478323 -0.000779417
0.17 -0.000234743 -0.004784 -0.000937813
0.18 -0.000174503 -0.0047848 -0.00109837
0.19 -0.00011721 -0.0047856 -0.00127035
0.2 -5.59092e-005 -0.00478628 -0.00145494
0.21 1.46102e-005 -0.00478681 -0.00165364
0.22 9.60496e-005 -0.00478729 -0.00187329
0.23 0.000187388 -0.00478778 -0.00211509
0.24 0.000287988 -0.00478827 -0.00236656
0.25 0.000398664 -0.00478872 -0.00261175
0.26 0.00051899 -0.00478912 -0.00284398
0.27 0.000646649 -0.00478949 -0.00306306
0.28 0.000779564 -0.00478989 -0.00326632
0.29 0.000916772 -0.0047903 -0.0034523
0.3 0.00105845 -0.00479072 -0.00363057
0.31 0.00120713 -0.00479113 -0.00381665
0.32 0.00136463 -0.00479152 -0.00401559
0.33 0.0015265 -0.00479187 -0.00421887
0.34 0.00168494 -0.0047922 -0.00441849
0.35 0.00183451 -0.00479255 -0.00461446
0.36 0.0019727 -0.00479289 -0.00480533
0.37 0.0020981 -0.00479314 -0.00498021
0.38 0.00220962 -0.00479329 -0.00512493
0.39 0.00230535 -0.00479337 -0.00523108
0.4 0.00238233 -0.00479342 -0.005296
0.41 0.00243986 -0.00479343 -0.00531866
0.42 0.00248036 -0.00479336 -0.00530165
0.43 0.0025064 -0.00479323 -0.005253
0.44 0.0025195 -0.00479309 -0.00517909
0.45 0.00251926 -0.00479294 -0.00507991
0.46 0.00250597 -0.00479275 -0.0049563
0.47 0.00248411 -0.00479249 -0.0048167
0.48 0.00245754 -0.00479215 -0.0046698
0.49 0.0024251 -0.0047917 -0.00451439
0.5 0.00238632 -0.00479114 -0.00434253
0.51 0.0023444 -0.00479047 -0.00414996
0.52 0.00230093 -0.00478972 -0.00393581
0.53 0.00225731 -0.00478887 -0.00369439
0.54 0.00222056 -0.00478791 -0.00341932
0.55 0.00219925 -0.00478686 -0.00311719
0.56 0.0021914 -0.00478577 -0.00280337
0.57 0.00217843 -0.00478466 -0.00248175
0.58 0.00213705 -0.00478354 -0.00214286
0.59 0.00205889 -0.00478239 -0.00178335
0.6 0.00195329 -0.00478128 -0.00141719
0.61 0.00182965 -0.00478027 -0.00106525
0.62 0.00168768 -0.00477941 -0.000738067
0.63 0.00153743 -0.00477868 -0.000434471
0.64 0.00140588 -0.00477804 -0.000152476
0.65 0.00130301 -0.00477745 0.000108867
0.66 0.0012129 -0.0047769 0.000351883
0.67 0.00112404 -0.00477637 0.000575857
0.68 0.00103947 -0.00477587 0.000778715
0.69 0.000962333 -0.00477542 0.000963477
0.7 0.000891237 -0.00477504 0.00113453
0.71 0.000824982 -0.00477475 0.00128831
0.72 0.00075722 -0.00477457 0.00140851
0.73 0.000673774 -0.00477455 0.00147617
0.74 0.000560756 -0.00477469 0.0014926
0.75 0.00041178 -0.00477495 0.00148251
0.76 0.000231243 -0.0047753 0.00146574
0.77 3.59968e-005 -0.00477575 0.00144021
0.78 -0.000144241 -0.0047763 0.00139542
0.79 -0.000280804 -0.0047769 0.00133
0.8 -0.000363571 -0.00477746 0.00125182
0.81 -0.0003954 -0.00477794 0.00116135
0.82 -0.000380178 -0.00477832 0.00104302
0.83 -0.000323297 -0.00477863 0.000882282
0.84 -0.000232031 -0.00477891 0.000682797
0.85 -0.000104591 -0.0047792 0.000456979
0.86 6.99241e-005 -0.00477954 0.000216907
0.87 0.000278081 -0.00477994 -1.44945e-005
0.88 0.000479203 -0.00478038 -0.000207339
0.89 0.00065809 -0.00478081 -0.000351116
0.9 0.000844945 -0.00478115 -0.00046333
0.91 0.00107386 -0.00478135 -0.000561
0.92 0.00133395 -0.00478131 -0.000626204
0.93 0.00158103 -0.00478094 -0.000615319
0.94 0.00179469 -0.00478024 -0.00051085
0.95 0.00199297 -0.00477928 -0.000356278
0.96 0.00220252 -0.00477819 -0.000225778
0.97 0.00242413 -0.0047771 -0.000157825
0.98 0.00262109 -0.00477613 -0.000137039
0.99 0.0027654 -0.00477535 -0.000137239
1 0.00287073 -0.00477482 -0.000156738
1.01 0.00294921 -0.00477459 -0.000217763
1.02 0.00299287 -0.00477469 -0.000341464
1.03 0.00301845 -0.00477506 -0.000511422
1.04 0.00307218 -0.00477557 -0.000667584
1.05 0.00317227 -0.00477603 -0.000753552
1.06 0.00328607 -0.00477635 -0.000757559
1.07 0.00337697 -0.00477646 -0.00070389
1.08 0.00345406 -0.00477635 -0.000628643
1.09 0.00354164 -0.00477605 -0.000554584
1.1 0.00361026 -0.00477562 -0.000472759
1.11 0.00360524 -0.00477516 -0.000354555
1.12 0.00353585 -0.00477472 -0.000182141
1.13 0.00347094 -0.00477431 2.75159e-005
1.14 0.0034503 -0.00477392 0.000217801
1.15 0.00348778 -0.00477353 0.000318638
1.16 0.00362034 -0.00477311 0.000293819
1.17 0.00386008 -0.00477256 0.000179296
1.18 0.00417211 -0.00477182 6.86576e-005
1.19 0.00450452 -0.0047709 3.74547e-005
1.2 0.00479852 -0.00476992 9.03929e-005
1.21 0.00500357 -0.00476908 0.000184908
1.22 0.0050853 -0.00476857 0.000277189
1.23 0.00502633 -0.00476853 0.000339255
1.24 0.0048414 -0.00476903 0.00036086
1.25 0.00459325 -0.00476997 0.000347148
1.26 0.00436761 -0.00477113 0.000307305
1.27 0.00422488 -0.00477222 0.000250604
1.28 0.00419081 -0.00477296 0.000188825
1.29 0.00425183 -0.00477311 0.000136688
1.3 0.00436359 -0.00477262 0.00011677
1.31 0.00450451 -0.00477155 0.000151336
1.32 0.00467503 -0.00477015 0.000233705
1.33 0.00484815 -0.00476877 0.000316512
1.34 0.00501402 -0.00476776 0.000343229
1.35 0.00523074 -0.00476727 0.00030786
1.36 0.00553489 -0.00476721 0.000276052
1.37 0.00586952 -0.00476738 0.000320033
1.38 0.00613143 -0.00476755 0.000443385
1.39 0.00625253 -0.00476759 0.000569469
1.4 0.00622717 -0.00476754 0.000595999
1.41 0.00605443 -0.00476755 0.000507128
1.42 0.00573354 -0.00476775 0.000414963
1.43 0.00532284 -0.00476817 0.000441799
1.44 0.00488903 -0.00476883 0.000602372
1.45 0.00442306 -0.00476972 0.000805729
1.46 0.00386492 -0.00477079 0.000941523
1.47 0.00317592 -0.00477192 0.000992227
1.48 0.0023395 -0.00477294 0.00105993
1.49 0.00129416 -0.00477386 0.00125952
1.5 -2.88929e-005 -0.00477489 0.0016179
1.51 -0.00153962 -0.0047763 0.00208826
1.52 -0.0029625 -0.00477804 0.00262187
1.53 -0.00407075 -0.00477979 0.00321609
1.54 -0.00485181 -0.00478115 0.00389317
1.55 -0.00539112 -0.0047816 0.00464223
1.56 -0.00573898 -0.00478072 0.00541684
1.57 -0.00592639 -0.00477839 0.00616115
1.58 -0.00601192 -0.00477493 0.00680026
1.59 -0.00608733 -0.0047711 0.00724413
1.6 -0.00627641 -0.00476781 0.00744529
1.61 -0.00668304 -0.00476589 0.00747646
1.62 -0.00727467 -0.00476575 0.00749883
1.63 -0.00781946 -0.00476728 0.00757182
1.64 -0.00796516 -0.0047699 0.00755905
1.65 -0.00746271 -0.00477272 0.00729792
1.66 -0.00632644 -0.00477464 0.00679122
1.67 -0.00476729 -0.00477468 0.00619431
1.68 -0.00302463 -0.0047724 0.00565894
1.69 -0.00128493 -0.00476834 0.0052062
1.7 0.000305311 -0.00476366 0.00476891
1.71 0.00167296 -0.0047597 0.00431745
1.72 0.00287104 -0.00475749 0.00386758
1.73 0.00400848 -0.00475744 0.00340677
1.74 0.00514977 -0.00475929 0.00287621
1.75 0.0063337 -0.0047622 0.00220317
1.76 0.00760644 -0.00476503 0.00133065
1.77 0.00894963 -0.00476684 0.000240264
1.78 0.0102128 -0.00476724 -0.00101499
1.79 0.0112345 -0.00476654 -0.00230733
1.8 0.012002 -0.00476559 -0.00352583
1.81 0.0126028 -0.00476553 -0.00467162
1.82 0.0131067 -0.00476734 -0.00581371
1.83 0.0135444 -0.00477137 -0.00697712
1.84 0.0139433 -0.00477718 -0.00809696
1.85 0.0143186 -0.00478364 -0.0090474
1.86 0.014619 -0.00478938 -0.00972139
1.87 0.014824 -0.00479322 -0.0101092
1.88 0.0151356 -0.0047944 -0.0102962
1.89 0.0158343 -0.00479275 -0.0103878
1.9 0.0168519 -0.00478877 -0.0104453
1.91 0.017742 -0.00478358 -0.0104777
1.92 0.0180788 -0.00477857 -0.010464
1.93 0.0176494 -0.00477521 -0.0103957
1.94 0.0163684 -0.00477472 -0.010303
1.95 0.0142421 -0.00477779 -0.0102243
1.96 0.0114545 -0.00478433 -0.0101721
1.97 0.00838021 -0.00479343 -0.0101321
1.98 0.00538563 -0.00480358 -0.0100695
1.99 0.00264209 -0.00481313 -0.00995037
2 0.000132844 -0.00482077 -0.00974545
2.01 -0.00224028 -0.00482577 -0.00940074
2.02 -0.0045576 -0.00482812 -0.00882044
2.03 -0.00689333 -0.00482844 -0.00790001
2.04 -0.00934801 -0.00482779 -0.00660524
2.05 -0.0119078 -0.00482715 -0.00501551
2.06 -0.0143897 -0.00482705 -0.0032691
2.07 -0.01668 -0.00482741 -0.00147961
2.08 -0.0188633 -0.00482772 0.000291565
2.09 -0.0210547 -0.00482728 0.00200456
2.1 -0.0232228 -0.00482554 0.00359083
2.11 -0.0252261 -0.00482248 0.0049597
2.12 -0.0270113 -0.00481869 0.00605939
2.13 -0.0286754 -0.0048152 0.00689656
2.14 -0.0303324 -0.00481313 0.00752269
2.15 -0.0319754 -0.00481327 0.00802305
2.16 -0.0334247 -0.00481579 0.0084781
2.17 -0.0344561 -0.00482012 0.00890571
2.18 -0.0350361 -0.00482526 0.00923448
2.19 -0.0352705 -0.00483005 0.00936803
2.2 -0.0351061 -0.0048332 0.00928706
2.21 -0.0343376 -0.00483371 0.00905872
2.22 -0.0328789 -0.00483126 0.0087691
2.23 -0.0308516 -0.00482625 0.00846556
2.24 -0.028446 -0.00481962 0.00812975
2.25 -0.0258038 -0.00481249 0.00769028
2.26 -0.0230605 -0.00480601 0.00706046
2.27 -0.0203198 -0.00480105 0.00617372
2.28 -0.0175238 -0.004798 0.00501798
2.29 -0.0145269 -0.00479663 0.00363523
2.3 -0.0112705 -0.00479637 0.00207972
2.31 -0.00775639 -0.00479645 0.00040667
2.32 -0.003971 -0.00479608 -0.0013045
2.33 6.55924e-005 -0.00479474 -0.00296027
2.34 0.00424832 -0.00479229 -0.0044981
2.35 0.00841991 -0.00478898 -0.00590003
2.36 0.0124376 -0.00478524 -0.00716525
2.37 0.0161669 -0.00478155 -0.00828806
2.38 0.0195114 -0.00477825 -0.00925405
2.39 0.0225579 -0.0047753 -0.0100386
2.4 0.0255103 -0.00477227 -0.0105861
2.41 0.0284769 -0.00476835 -0.0107893
2.42 0.0314799 -0.00476259 -0.0105473
2.43 0.0344595 -0.00475446 -0.00989279
2.44 0.0371586 -0.00474421 -0.00902424
2.45 0.0392439 -0.00473288 -0.00816079
2.46 0.0405783 -0.00472198 -0.00738542
2.47 0.0412325 -0.00471313 -0.0066471
2.48 0.0412955 -0.00470762 -0.00586425
2.49 0.0407775 -0.00470608 -0.00499556
2.5 0.039629 -0.0047083 -0.00403445
2.51 0.0378215 -0.00471327 -0.0029942
2.52 0.035405 -0.00471959 -0.00192635
2.53 0.0324734 -0.00472594 -0.000899734
2.54 0.0291571 -0.00473138 5.07634e-005
2.55 0.0256251 -0.00473551 0.00093011
2.56 0.0220192 -0.00473854 0.00175795
2.57 0.0184012 -0.00474107 0.00253355
2.58 0.014753 -0.00474388 0.00322193
2.59 0.0109948 -0.00474767 0.0037995
2.6 0.00703575 -0.00475286 0.00429129
2.61 0.00285759 -0.00475953 0.00472426
2.62 -0.00145154 -0.0047675 0.00507139
2.63 -0.0057416 -0.00477638 0.00529576
2.64 -0.0099478 -0.00478569 0.00544361
2.65 -0.0142162 -0.00479505 0.00564844
2.66 -0.0187447 -0.00480428 0.00601848
2.67 -0.0235345 -0.0048135 0.00651185
2.68 -0.0283758 -0.00482301 0.00694218
2.69 -0.0330158 -0.00483305 0.00713457
2.7 -0.0373453 -0.00484368 0.00706142
2.71 -0.041379 -0.00485461 0.00684832
2.72 -0.0450482 -0.00486481 0.00668324
2.73 -0.0480994 -0.00487319 0.00667025
2.74 -0.0502784 -0.00487903 0.006715
2.75 -0.0515702 -0.00488198 0.00659419
2.76 -0.0521287 -0.00488224 0.00618081
2.77 -0.0520963 -0.00488039 0.00551427
2.78 -0.0515836 -0.00487739 0.00462411
2.79 -0.0506354 -0.00487459 0.00343266
2.8 -0.0491686 -0.00487315 0.00190361
2.81 -0.0471397 -0.00487356 0.000169855
2.82 -0.0446895 -0.00487565 -0.00154252
2.83 -0.0420121 -0.00487868 -0.00306275
2.84 -0.0392106 -0.00488165 -0.00435947
2.85 -0.0362557 -0.00488354 -0.00549256
2.86 -0.0330673 -0.00488359 -0.00653542
2.87 -0.0296141 -0.00488152 -0.00758345
2.88 -0.0258433 -0.00487743 -0.00871578
2.89 -0.0216377 -0.00487159 -0.00989664
2.9 -0.0169403 -0.00486434 -0.0109987
2.91 -0.0118088 -0.00485602 -0.0119467
2.92 -0.00633717 -0.0048469 -0.0127896
2.93 -0.000633924 -0.00483716 -0.0136079
2.94 0.00516944 -0.00482683 -0.0143917
2.95 0.0109502 -0.00481594 -0.0150568
2.96 0.0165885 -0.00480463 -0.0155308
2.97 0.0219074 -0.00479323 -0.0157473
2.98 0.0266819 -0.00478212 -0.0155991
2.99 0.0307736 -0.00477156 -0.0149764
3 0.0342524 -0.00476166 -0.0138447
3.01 0.0373347 -0.00475221 -0.0122615
3.02 0.0402088 -0.00474273 -0.0103178
3.03 0.0429492 -0.00473255 -0.008065
3.04 0.0454915 -0.00472093 -0.00551819
3.05 0.0476405 -0.00470749 -0.0027496
3.06 0.0491924 -0.00469254 9.11387e-005
3.07 0.0501077 -0.00467693 0.00291979
3.08 0.0505259 -0.00466172 0.00577717
3.09 0.0505452 -0.00464798 0.0087135
3.1 0.0500787 -0.00463662 0.0117025
3.11 0.0490366 -0.00462818 0.0146211
3.12 0.0475763 -0.00462262 0.0173043
3.13 0.0460418 -0.0046194 0.0196611
3.14 0.0446027 -0.00461774 0.0216814
3.15 0.0430468 -0.00461706 0.0233753
3.16 0.0409737 -0.00461719 0.024765
3.17 0.0380195 -0.00461855 0.025873
3.18 0.0339925 -0.00462208 0.0267141
3.19 0.0290458 -0.0046287 0.0273277
3.2 0.023609 -0.00463882 0.0277926
3.21 0.0180208 -0.00465206 0.0282078
3.22 0.0123221 -0.00466728 0.0286584
3.23 0.00641619 -0.0046829 0.0291517
3.24 0.000277372 -0.00469745 0.0295913
3.25 -0.00603586 -0.00471016 0.0298151
3.26 -0.0124096 -0.00472125 0.0296018
3.27 -0.0186101 -0.00473184 0.0287017
3.28 -0.0243395 -0.00474348 0.0269617
3.29 -0.0294573 -0.00475761 0.0244326
3.3 -0.0340515 -0.00477503 0.0213678
3.31 -0.0382631 -0.00479558 0.0181279
3.32 -0.0420929 -0.00481812 0.0150502
3.33 -0.0454667 -0.00484082 0.012344
3.34 -0.0484797 -0.00486189 0.0100568
3.35 -0.0513529 -0.00487996 0.00810684
3.36 -0.0541142 -0.00489435 0.00631533
3.37 -0.056517 -0.00490532 0.00444716
3.38 -0.0582072 -0.00491365 0.00231704
3.39 -0.0588951 -0.00492014 -0.000107984
3.4 -0.0585389 -0.00492549 -0.00271647
3.41 -0.0574248 -0.00493013 -0.00534498
3.42 -0.0559411 -0.00493415 -0.00785575
3.43 -0.0542551 -0.00493739 -0.0101748
3.44 -0.0522707 -0.00493959 -0.012286
3.45 -0.049826 -0.00494052 -0.0141834
3.46 -0.0468635 -0.00494007 -0.015864
3.47 -0.04345 -0.00493825 -0.0173506
3.48 -0.0396881 -0.0049352 -0.0186676
3.49 -0.0356419 -0.00493111 -0.0198069
3.5 -0.0314081 -0.0049262 -0.0207289
3.51 -0.0271645 -0.00492072 -0.0213832
3.52 -0.0229582 -0.00491472 -0.0217477
3.53 -0.0185808 -0.00490795 -0.0218599
3.54 -0.0138136 -0.00489994 -0.0217877
3.55 -0.00870137 -0.00489013 -0.0215782
3.56 -0.00357745 -0.00487818 -0.0212376
3.57 0.00117192 -0.00486413 -0.0207335
3.58 0.00538226 -0.00484846 -0.0200064
3.59 0.00917521 -0.00483202 -0.0189732
3.6 0.0128734 -0.00481571 -0.0175668
3.61 0.0168081 -0.00480018 -0.0158146
3.62 0.0210509 -0.00478574 -0.0138581
3.63 0.0253251 -0.0047724 -0.0118741
3.64 0.0292492 -0.0047599 -0.00995569
3.65 0.0326303 -0.00474793 -0.00805687
3.66 0.035481 -0.00473626 -0.00606442
3.67 0.037838 -0.00472491 -0.00386342
3.68 0.0396883 -0.00471393 -0.00135896
3.69 0.0410379 -0.00470332 0.00141154
3.7 0.0419183 -0.00469319 0.00419882
3.71 0.0423466 -0.00468371 0.00666396
3.72 0.0423842 -0.00467513 0.00853492
3.73 0.0421551 -0.00466776 0.00969618
3.74 0.0417283 -0.00466196 0.0102502
3.75 0.0410774 -0.00465817 0.010419
3.76 0.0401417 -0.00465689 0.010358
3.77 0.0388822 -0.00465855 0.0101443
3.78 0.0372813 -0.00466328 0.00985275
3.79 0.0353045 -0.00467088 0.00953606
3.8 0.0329272 -0.00468084 0.00919441
3.81 0.0301773 -0.00469238 0.0088398
3.82 0.0270901 -0.00470454 0.00858688
3.83 0.0237136 -0.00471627 0.00862812
3.84 0.0201673 -0.00472678 0.00899704
3.85 0.0165616 -0.00473585 0.00938038
3.86 0.0129115 -0.00474379 0.00937803
3.87 0.00916427 -0.00475107 0.00887693
3.88 0.00524882 -0.0047583 0.00801961
3.89 0.00110539 -0.00476619 0.00695709
3.9 -0.00333622 -0.00477552 0.00573475
3.91 -0.00821646 -0.00478694 0.00437211
3.92 -0.0137235 -0.00480074 0.00299722
3.93 -0.0198735 -0.00481676 0.00182399
3.94 -0.0263454 -0.00483437 0.00101362
3.95 -0.0326656 -0.00485252 0.00065443
3.96 -0.0384639 -0.00486983 0.000803861
3.97 -0.0435032 -0.00488474 0.00143209
3.98 -0.0476026 -0.00489588 0.00240776
3.99 -0.0506321 -0.00490219 0.00359805
4 -0.052679 -0.00490331 0.00493202
4.01 -0.054138 -0.00489973 0.00639442
4.02 -0.0554084 -0.00489273 0.0079429
4.03 -0.0566225 -0.0048841 0.00940375
4.04 -0.0577956 -0.00487578 0.0105353
4.05 -0.0589365 -0.00486949 0.0111695
4.06 -0.0598631 -0.00486616 0.0112586
4.07 -0.0602195 -0.00486574 0.0108842
4.08 -0.0598157 -0.00486736 0.0102601
4.09 -0.0587261 -0.00486957 0.00969826
4.1 -0.0570654 -0.0048708 0.00950746
4.11 -0.0549027 -0.00486989 0.00985938
4.12 -0.0522665 -0.00486623 0.0107294
4.13 -0.0490575 -0.00485973 0.0119409
4.14 -0.0451669 -0.00485074 0.0132536
4.15 -0.0406936 -0.00483982 0.0144205
4.16 -0.0358644 -0.00482757 0.0152136
4.17 -0.0308588 -0.00481461 0.0154499
4.18 -0.0257273 -0.00480142 0.0150427
4.19 -0.0203737 -0.00478833 0.0140696
4.2 -0.0146819 -0.00477547 0.0127566
4.21 -0.00862143 -0.00476295 0.011331
4.22 -0.00218526 -0.00475083 0.00989901
4.23 0.00455711 -0.0047393 0.00847905
4.24 0.0113839 -0.0047286 0.00709263
4.25 0.0181569 -0.00471897 0.00579321
4.26 0.0249266 -0.0047105 0.00463765
4.27 0.0317033 -0.00470322 0.00363574
4.28 0.0384254 -0.00469697 0.00274556
4.29 0.045052 -0.0046913 0.00192645
4.3 0.0514061 -0.00468571 0.001142
4.31 0.0571286 -0.00467997 0.000302319
4.32 0.0619664 -0.00467409 -0.000725283
4.33 0.0659232 -0.00466827 -0.0020205
4.34 0.0691205 -0.00466298 -0.00351974
4.35 0.0716934 -0.0046586 -0.00501659
4.36 0.0737687 -0.00465531 -0.00631021
4.37 0.0753843 -0.00465324 -0.00736411
4.38 0.0764356 -0.00465246 -0.00826569
4.39 0.0766688 -0.00465312 -0.00904998
4.4 0.0757774 -0.00465552 -0.00962189
4.41 0.0736561 -0.00466014 -0.00985054
4.42 0.0704937 -0.0046674 -0.00969288
4.43 0.0666487 -0.00467739 -0.00920446
4.44 0.0625585 -0.00468947 -0.00845131
4.45 0.0585594 -0.00470221 -0.00744063
4.46 0.0546025 -0.0047138 -0.00617208
4.47 0.0503125 -0.00472274 -0.0047413
4.48 0.0453726 -0.0047283 -0.00329743
4.49 0.0396932 -0.00473075 -0.00187866
4.5 0.0332992 -0.0047313 -0.000376029
4.51 0.0263391 -0.00473176 0.00132831
4.52 0.0191481 -0.00473382 0.0032549
4.53 0.0120131 -0.00473851 0.00538631
4.54 0.00498475 -0.00474583 0.00777163
4.55 -0.00196103 -0.00475482 0.0104751
4.56 -0.00885194 -0.00476408 0.0134286
4.57 -0.0157697 -0.00477249 0.016433
4.58 -0.0227009 -0.00477939 0.0192957
4.59 -0.0293716 -0.00478471 0.0218968
4.6 -0.0353503 -0.00478884 0.0241524
4.61 -0.0403995 -0.00479245 0.0260072
4.62 -0.044696 -0.00479617 0.0274833
4.63 -0.0485437 -0.00480025 0.0286611
4.64 -0.0519063 -0.0048044 0.0295706
4.65 -0.0544352 -0.00480805 0.0301115
4.66 -0.0559129 -0.00481072 0.0300748
4.67 -0.0564625 -0.00481228 0.0292843
4.68 -0.0563583 -0.00481295 0.0277526
4.69 -0.0557631 -0.00481323 0.0256683
4.7 -0.0545988 -0.00481393 0.0232527
4.71 -0.0526151 -0.00481583 0.0206678
4.72 -0.0496815 -0.00481944 0.0179893
4.73 -0.0459525 -0.00482484 0.0151597
4.74 -0.0416449 -0.00483158 0.0120318
4.75 -0.0368227 -0.00483876 0.00851203
4.76 -0.0313953 -0.00484527 0.00461075
4.77 -0.0251379 -0.00485002 0.000402671
4.78 -0.017892 -0.00485217 -0.00400787
4.79 -0.00987503 -0.0048514 -0.00851513
4.8 -0.00156248 -0.00484792 -0.0130128
4.81 0.00664641 -0.00484245 -0.0174136
4.82 0.0144723 -0.00483622 -0.0217121
4.83 0.0217879 -0.00483064 -0.025908
4.84 0.028816 -0.00482642 -0.0298238
4.85 0.0359483 -0.00482333 -0.0331787
4.86 0.0430854 -0.0048208 -0.0358794
4.87 0.0495378 -0.00481835 -0.0381074
4.88 0.0547999 -0.00481571 -0.0401361
4.89 0.059014 -0.00481272 -0.0420818
4.9 0.0626246 -0.00480949 -0.0438152
4.91 0.0658909 -0.00480636 -0.0451605
4.92 0.0688345 -0.00480384 -0.0461582
4.93 0.0714591 -0.00480223 -0.0470519
4.94 0.0736971 -0.00480154 -0.0480412
4.95 0.075216 -0.00480166 -0.0491207
4.96 0.0756342 -0.00480241 -0.0500844
4.97 0.0748978 -0.00480358 -0.0505951
4.98 0.0731582 -0.0048051 -0.0503321
4.99 0.0703867 -0.00480726 -0.0492154
5 0.066495 -0.00481051 -0.0475124
5.01 0.0617175 -0.0048152 -0.0456305
5.02 0.0564594 -0.00482122 -0.0437602
5.03 0.0509319 -0.00482802 -0.0417772
5.04 0.0451951 -0.00483481 -0.0394833
5.05 0.0392491 -0.00484092 -0.0368519
5.06 0.0328699 -0.0048462 -0.0340466
5.07 0.0257548 -0.00485113 -0.0313281
5.08 0.0179742 -0.00485649 -0.0289341
5.09 0.00994141 -0.0048631 -0.026984
5.1 0.00199726 -0.00487165 -0.0254856
5.11 -0.00562148 -0.00488224 -0.0243683
5.12 -0.0125634 -0.00489417 -0.0235212
5.13 -0.0185959 -0.00490624 -0.0228686
5.14 -0.0240127 -0.00491737 -0.0223616
5.15 -0.0293869 -0.00492696 -0.0218937
5.16 -0.0349599 -0.00493502 -0.0213668
5.17 -0.0406201 -0.00494236 -0.0208371
5.18 -0.0462282 -0.00495043 -0.0204883
5.19 -0.0515709 -0.00496055 -0.0205167
5.2 -0.0561209 -0.00497301 -0.0210338
5.21 -0.0592103 -0.00498666 -0.0219238
5.22 -0.0605592 -0.00499913 -0.0227491
5.23 -0.0603408 -0.00500746 -0.0228902
5.24 -0.0588563 -0.00500881 -0.0218625
5.25 -0.0564624 -0.00500134 -0.0195121
5.26 -0.0535096 -0.00498498 -0.0159568
5.27 -0.0501456 -0.00496114 -0.011421
5.28 -0.0464167 -0.0049321 -0.00614002
5.29 -0.0424891 -0.00490054 -0.000368565
5.3 -0.0384386 -0.00486878 0.00559367
5.31 -0.0340253 -0.00483798 0.0114534
5.32 -0.0289798 -0.00480811 0.0170472
5.33 -0.0232413 -0.00477811 0.022425
5.34 -0.01683 -0.00474636 0.0278077
5.35 -0.00965811 -0.00471121 0.0334876
5.36 -0.00156121 -0.00467155 0.0397426
5.37 0.00729158 -0.00462743 0.0466527
5.38 0.0161547 -0.00458047 0.0539452
5.39 0.0242504 -0.00453326 0.0612111
5.4 0.0314228 -0.00448836 0.0682487
5.41 0.0380325 -0.00444778 0.0750213
5.42 0.0444432 -0.0044129 0.0813575
5.43 0.0506346 -0.00438409 0.086824
5.44 0.0562147 -0.00436104 0.0909609
5.45 0.0609073 -0.00434291 0.09365
5.46 0.0648793 -0.00432859 0.0951264
5.47 0.0684877 -0.00431758 0.0956621
5.48 0.0719599 -0.00430992 0.0953921
5.49 0.0753474 -0.00430598 0.0943562
5.5 0.0784046 -0.00430634 0.0925197
5.51 0.0805522 -0.00431186 0.0897428
5.52 0.0813748 -0.00432351 0.0858106
5.53 0.080933 -0.00434211 0.0805453
5.54 0.0793913 -0.00436816 0.0738904
5.55 0.0767938 -0.00440186 0.065843
5.56 0.0731655 -0.00444301 0.0563369
5.57 0.0684684 -0.00449113 0.0453527
5.58 0.0625725 -0.0045453 0.0331746
5.59 0.0553667 -0.0046043 0.0203887
5.6 0.0467747 -0.00466686 0.00755718
5.61 0.0367252 -0.00473205 -0.00503774
5.62 0.0253375 -0.00479911 -0.0173327
5.63 0.0131754 -0.00486705 -0.0292914
5.64 0.00108321 -0.00493463 -0.0408572
5.65 -0.0103523 -0.00500063 -0.0520386
5.66 -0.0211333 -0.00506412 -0.0629023
5.67 -0.0316746 -0.00512452 -0.0734327
5.68 -0.0422777 -0.00518146 -0.0834355
5.69 -0.0527704 -0.00523481 -0.0926259
5.7 -0.0626556 -0.0052846 -0.10079
5.71 -0.0715374 -0.0053307 -0.107815
5.72 -0.0792908 -0.00537233 -0.113597
5.73 -0.0857927 -0.00540777 -0.117949
5.74 -0.0906154 -0.0054344 -0.120657
5.75 -0.0930712 -0.00544947 -0.121651
5.76 -0.0926162 -0.00545101 -0.121113
5.77 -0.0891753 -0.00543839 -0.119399
5.78 -0.0831436 -0.0054123 -0.116881
5.79 -0.0753566 -0.00537525 -0.113879
5.8 -0.0670554 -0.00533162 -0.110625
5.81 -0.0594206 -0.00528679 -0.107216
5.82 -0.0526457 -0.00524549 -0.103628
5.83 -0.045624 -0.00521017 -0.0997728
5.84 -0.0370191 -0.00518026 -0.0954762
5.85 -0.0265009 -0.00515236 -0.0903904
5.86 -0.0146986 -0.00512131 -0.0840428
5.87 -0.00237115 -0.00508192 -0.0761203
5.88 0.00998062 -0.00503118 -0.066708
5.89 0.0221463 -0.00496927 -0.0561853
5.9 0.0341684 -0.00489926 -0.0449271
5.91 0.046052 -0.00482593 -0.0331507
5.92 0.0576897 -0.0047541 -0.0209401
5.93 0.0690779 -0.00468682 -0.00824464
5.94 0.0802118 -0.00462439 0.00515794
5.95 0.0907991 -0.00456458 0.0195278
5.96 0.100216 -0.00450445 0.0348861
5.97 0.107836 -0.0044413 0.0509355
5.98 0.113367 -0.00437419 0.0672271
5.99 0.116668 -0.00430447 0.083301
6 0.11721 -0.00423615 0.0986991
6.01 0.113953 -0.00417593 0.112979
6.02 0.105957 -0.00413081 0.125859
6.03 0.0928549 -0.00410628 0.137421
6.04 0.0748544 -0.00410495 0.148008
6.05 0.0527717 -0.00412602 0.157793
6.06 0.027898 -0.00416539 0.166524
6.07 0.00172035 -0.00421642 0.173691
6.08 -0.024287 -0.0042716 0.178789
6.09 -0.049048 -0.00432471 0.181425
6.1 -0.072123 -0.00437255 0.181375
6.11 -0.0933114 -0.00441554 0.178656
6.12 -0.112279 -0.00445667 0.173548
6.13 -0.128633 -0.00450016 0.166496
6.14 -0.141789 -0.00454954 0.157966
6.15 -0.150759 -0.00460544 0.148412
6.16 -0.154535 -0.0046649 0.138278
6.17 -0.152569 -0.0047218 0.127915
6.18 -0.144835 -0.00476833 0.117541
6.19 -0.131925 -0.00479746 0.10739
6.2 -0.115088 -0.00480527 0.0978541
6.21 -0.0955974 -0.00479189 0.089374
6.22 -0.0739099 -0.00476123 0.0821207
6.23 -0.049639 -0.00471951 0.075795
6.24 -0.0224096 -0.00467315 0.0697887
6.25 0.00721934 -0.00462685 0.0636048
6.26 0.0374411 -0.00458292 0.0571301
6.27 0.0656373 -0.00454209 0.0505403
6.28 0.0895565 -0.00450476 0.0440694
6.29 0.108598 -0.0044717 0.0379193
6.3 0.124096 -0.00444387 0.0322747
6.31 0.137829 -0.00442221 0.027245
6.32 0.150103 -0.00440786 0.0226704
6.33 0.159451 -0.00440232 0.0179455
6.34 0.163581 -0.00440809 0.0121405
6.35 0.160605 -0.0044289 0.00442305
6.36 0.150131 -0.00446926 -0.00562516
6.37 0.133988 -0.00453259 -0.0180355
6.38 0.115756 -0.00461896 -0.0326131
6.39 0.0984283 -0.0047245 -0.0490306
6.4 0.0824887 -0.00484225 -0.0668523
6.41 0.0669638 -0.00496349 -0.085482
6.42 0.0513866 -0.00507913 -0.104044
6.43 0.0358889 -0.00518242 -0.121332
6.44 0.0206844 -0.00527043 -0.136007
6.45 0.00627195 -0.00534334 -0.147029
6.46 -0.00652146 -0.00540276 -0.153941
6.47 -0.0172878 -0.00545029 -0.156824
6.48 -0.0266173 -0.00548667 -0.156123
6.49 -0.0355856 -0.00551121 -0.152449
6.5 -0.0448595 -0.00552238 -0.146424
6.51 -0.0545008 -0.00551893 -0.13873
6.52 -0.064508 -0.00550152 -0.13012
6.53 -0.075494 -0.00547329 -0.121237
6.54 -0.0885873 -0.00543984 -0.112532
6.55 -0.104281 -0.00540859 -0.104333
6.56 -0.12169 -0.00538587 -0.0968289
6.57 -0.139019 -0.0053749 -0.0900268
6.58 -0.154303 -0.00537555 -0.0837527
6.59 -0.166068 -0.00538358 -0.0776475
6.6 -0.173863 -0.00539237 -0.0712677
6.61 -0.178125 -0.0053951 -0.0643395
6.62 -0.179545 -0.00538633 -0.0569468
6.63 -0.178729 -0.00536459 -0.0495179
6.64 -0.176083 -0.00533275 -0.0425979
6.65 -0.17178 -0.00529617 -0.0365181
6.66 -0.165988 -0.00526085 -0.0312551
6.67 -0.158938 -0.00523114 -0.0265201
6.68 -0.150537 -0.00520795 -0.0219269
6.69 -0.140095 -0.00518816 -0.0171127
6.7 -0.12662 -0.00516525 -0.0116476
6.71 -0.109533 -0.00513105 -0.00489639
6.72 -0.0891285 -0.00507837 0.0038034
6.73 -0.0661283 -0.00500346 0.0146786
6.74 -0.0409153 -0.00490717 0.027178
6.75 -0.0135881 -0.00479511 0.0400325
6.76 0.0157442 -0.00467576 0.0517636
6.77 0.047104 -0.00455768 0.0613124
6.78 0.0805289 -0.00444722 0.0682041
6.79 0.115604 -0.00434759 0.0722889
6.8 0.151243 -0.00425954 0.0734995
6.81 0.186067 -0.0041827 0.0718199
6.82 0.218946 -0.00411526 0.0673633
6.83 0.248842 -0.00405657 0.0603951
6.84 0.274323 -0.00400904 0.0513115
6.85 0.293814 -0.0039779 0.0406246
6.86 0.306545 -0.00396948 0.0289596
6.87 0.312823 -0.0039885 0.0170396
6.88 0.313219 -0.0040367 0.00558439
6.89 0.307878 -0.00411167 -0.00481755
6.9 0.296727 -0.00420745 -0.0137498
6.91 0.280305 -0.00431513 -0.0210613
6.92 0.26001 -0.00442516 -0.0270769
6.93 0.237005 -0.00453017 -0.0326379
6.94 0.211148 -0.00462694 -0.0387141
6.95 0.181381 -0.00471651 -0.0458408
6.96 0.147071 -0.00480318 -0.0539705
6.97 0.108738 -0.00489295 -0.0628413
6.98 0.0676345 -0.00499152 -0.0724034
6.99 0.0250213 -0.005102 -0.0828792
7 -0.0177953 -0.00522391 -0.094423
7.01 -0.0587238 -0.00535183 -0.106851
7.02 -0.0951113 -0.00547652 -0.119751
7.03 -0.12525 -0.00558844 -0.132596
7.04 -0.149512 -0.00568041 -0.144581
7.05 -0.170276 -0.00574959 -0.154471
7.06 -0.190313 -0.00579775 -0.160821
7.07 -0.210818 -0.00583049 -0.162446
7.08 -0.231309 -0.00585427 -0.158711
7.09 -0.250832 -0.00587369 -0.149524
7.1 -0.268775 -0.00588926 -0.135264
7.11 -0.284788 -0.00589708 -0.116806
7.12 -0.298374 -0.00589011 -0.0954767
7.13 -0.309085 -0.00586085 -0.0727523
7.14 -0.316945 -0.00580534 -0.0499043
7.15 -0.322347 -0.00572532 -0.0278815
7.16 -0.325672 -0.00562873 -0.00736564
7.17 -0.327105 -0.00552733 0.0112855
7.18 -0.326567 -0.00543327 0.0281287
7.19 -0.323592 -0.00535557 0.0434761
7.2 -0.317437 -0.00529721 0.0576177
7.21 -0.30719 -0.00525408 0.0707147
7.22 -0.291531 -0.00521566 0.0828486
7.23 -0.268932 -0.00516788 0.094065
7.24 -0.238514 -0.00509719 0.104385
7.25 -0.200647 -0.00499503 0.113814
7.26 -0.15679 -0.00486073 0.122332
7.27 -0.108775 -0.00470119 0.129861
7.28 -0.0583156 -0.00452893 0.136177
7.29 -0.0070151 -0.00435917 0.140858
7.3 0.0438546 -0.00420638 0.143445
7.31 0.093955 -0.00407927 0.14371
7.32 0.143657 -0.00397923 0.141729
7.33 0.192449 -0.00390306 0.13777
7.34 0.237905 -0.00384545 0.13214
7.35 0.276821 -0.00380252 0.12509
7.36 0.30733 -0.00377305 0.116774
7.37 0.329709 -0.00376015 0.107245
7.38 0.345144 -0.00376993 0.0965393
7.39 0.354018 -0.00380768 0.0847998
7.4 0.356003 -0.00387525 0.0722105
7.41 0.351341 -0.00396922 0.0588507
7.42 0.34142 -0.00408075 0.0447252
7.43 0.32798 -0.00419703 0.0298768
7.44 0.311498 -0.00430615 0.0143655
7.45 0.290848 -0.00440068 -0.00179431
7.46 0.264686 -0.00448014 -0.0185607
7.47 0.232948 -0.00455077 -0.035706
7.48 0.197235 -0.00462284 -0.0527539
7.49 0.160001 -0.00470716 -0.0692215
7.5 0.123324 -0.00481112 -0.0850369
7.51 0.0884439 -0.00493561 -0.100616
7.52 0.0564236 -0.00507562 -0.116447
7.53 0.0284863 -0.00522017 -0.132618
7.54 0.00553721 -0.00535662 -0.148801
7.55 -0.0124501 -0.00547518 -0.164594
7.56 -0.026976 -0.00557158 -0.179773
7.57 -0.0405747 -0.00564879 -0.194231
7.58 -0.0548018 -0.00571426 -0.207717
7.59 -0.068762 -0.00577614 -0.219704
7.6 -0.080265 -0.00583943 -0.229593
7.61 -0.0881534 -0.00590389 -0.236959
7.62 -0.09329 -0.00596364 -0.241542
7.63 -0.0975767 -0.00600917 -0.24305
7.64 -0.102246 -0.00603046 -0.241018
7.65 -0.107203 -0.00602121 -0.234914
7.66 -0.111303 -0.00598086 -0.224424
7.67 -0.113085 -0.00591386 -0.209609
7.68 -0.112118 -0.00582769 -0.190875
7.69 -0.109507 -0.00573088 -0.168839
7.7 -0.106592 -0.00563051 -0.144169
7.71 -0.103441 -0.00552991 -0.117434
7.72 -0.0990547 -0.00542843 -0.0890453
7.73 -0.0927292 -0.00532239 -0.0593155
7.74 -0.0845205 -0.00520683 -0.028572
7.75 -0.0745111 -0.00507766 0.00281263
7.76 -0.0623564 -0.00493308 0.0344602
7.77 -0.0478313 -0.00477489 0.0659552
7.78 -0.0316512 -0.0046093 0.0966398
7.79 -0.0156573 -0.00444591 0.125523
7.8 -0.00196002 -0.00429632 0.151558
7.81 0.0082584 -0.00417111 0.173947
7.82 0.0155617 -0.00407773 0.192156
7.83 0.022377 -0.00401815 0.205877
7.84 0.0317895 -0.00398776 0.215039
7.85 0.0458356 -0.0039772 0.219854
7.86 0.0650199 -0.00397389 0.22086
7.87 0.0888307 -0.00396617 0.218754
7.88 0.115863 -0.00394702 0.214092
7.89 0.143727 -0.00391647 0.207275
7.9 0.169371 -0.00388115 0.198735
7.91 0.189749 -0.00385213 0.189014
7.92 0.202863 -0.00384209 0.178617
7.93 0.208523 -0.00386001 0.167788
7.94 0.208159 -0.00390848 0.156394
7.95 0.203655 -0.00398298 0.143985
7.96 0.196229 -0.00407319 0.129993
7.97 0.186311 -0.00416703 0.113942
7.98 0.173877 -0.00425496 0.0955959
7.99 0.158973 -0.00433339 0.0751292
8 0.142105 -0.00440535 0.0532062
8.01 0.123689 -0.00447903 0.0308337
8.02 0.10313 -0.00456472 0.00913249
8.03 0.0791267 -0.00467079 -0.0108788
8.04 0.0512748 -0.00479995 -0.0285319
8.05 0.0209969 -0.00494763 -0.043634
8.06 -0.00958973 -0.00510401 -0.0563743
8.07 -0.0394292 -0.00525532 -0.0671821
8.08 -0.0686527 -0.00538821 -0.0765672
8.09 -0.0972107 -0.00549388 -0.0848928
8.1 -0.124128 -0.00556934 -0.0922911
8.11 -0.148191 -0.00561858 -0.0988737
8.12 -0.168581 -0.0056504 -0.104961
8.13 -0.184772 -0.00567474 -0.111003
8.14 -0.196411 -0.00569879 -0.117237
8.15 -0.203374 -0.0057252 -0.123338
8.16 -0.205773 -0.0057514 -0.12846
8.17 -0.203868 -0.00577127 -0.131714
8.18 -0.197934 -0.00577778 -0.132662
8.19 -0.188206 -0.00576539 -0.13139
8.2 -0.175224 -0.00573214 -0.128252
8.21 -0.16008 -0.00568042 -0.123599
8.22 -0.144243 -0.0056163 -0.117624
8.23 -0.129347 -0.00554756 -0.110266
8.24 -0.116904 -0.00548134 -0.101195
8.25 -0.107825 -0.00542184 -0.0899182
8.26 -0.102174 -0.00536921 -0.0759792
8.27 -0.0995468 -0.00531989 -0.0591365
8.28 -0.0994612 -0.00526788 -0.0393878
8.29 -0.101233 -0.00520661 -0.0169074
8.3 -0.104086 -0.00513117 0.00800834
8.31 -0.107757 -0.00504046 0.0349839
8.32 -0.11265 -0.00493807 0.0635992
8.33 -0.119207 -0.00483131 0.0933484
8.34 -0.127462 -0.004729 0.123531
8.35 -0.137249 -0.00463947 0.153215
8.36 -0.148493 -0.00456918 0.181361
8.37 -0.161274 -0.00451977 0.207076
8.38 -0.175603 -0.0044886 0.229879
8.39 -0.190978 -0.00447038 0.249819
8.4 -0.206459 -0.00445713 0.267288
8.41 -0.221357 -0.00444253 0.282758
8.42 -0.235559 -0.00442326 0.296646
8.43 -0.249246 -0.00439853 0.309227
8.44 -0.262662 -0.00436963 0.320638
8.45 -0.276101 -0.0043416 0.330977
8.46 -0.289805 -0.0043218 0.340279
8.47 -0.303667 -0.00431381 0.348406
8.48 -0.317199 -0.004318 0.355014
8.49 -0.330021 -0.00433468 0.359521
8.5 -0.342185 -0.00436427 0.361138
8.51 -0.353651 -0.00440427 0.359139
8.52 -0.363505 -0.00445176 0.353118
8.53 -0.370094 -0.00450369 0.343055
8.54 -0.371982 -0.00455716 0.3293
8.55 -0.368682 -0.00461173 0.312477
8.56 -0.360826 -0.00466618 0.293294
8.57 -0.349759 -0.00471947 0.272447
8.58 -0.336668 -0.00477134 0.250549
8.59 -0.32204 -0.00482155 0.22805
8.6 -0.306205 -0.00487036 0.205249
8.61 -0.290113 -0.00491831 0.182389
8.62 -0.275139 -0.00496613 0.159685
8.63 -0.262277 -0.00501452 0.137358
8.64 -0.251959 -0.00506421 0.115703
8.65 -0.244395 -0.00511591 0.0950394
8.66 -0.239557 -0.00517018 0.0755716
8.67 -0.236896 -0.00522678 0.0573401
8.68 -0.235244 -0.00528428 0.0402908
8.69 -0.233255 -0.00534014 0.024373
8.7 -0.230115 -0.00539127 0.00952654
8.71 -0.225667 -0.00543516 -0.00446167
8.72 -0.21964 -0.00547027 -0.0180034
8.73 -0.211025 -0.00549618 -0.0315316
8.74 -0.198684 -0.00551329 -0.0452246
8.75 -0.182449 -0.00552255 -0.0588883
8.76 -0.163342 -0.0055255 -0.0721468
8.77 -0.142741 -0.00552369 -0.0847478
8.78 -0.121105 -0.00551811 -0.0967908
8.79 -0.0974867 -0.00550971 -0.108791
8.8 -0.0702229 -0.00549739 -0.121474
8.81 -0.0377289 -0.00547753 -0.135442
8.82 0.000936005 -0.00544895 -0.150966
8.83 0.0454633 -0.00541044 -0.16797
8.84 0.0938222 -0.00536241 -0.186109
8.85 0.142467 -0.00530804 -0.204935
8.86 0.187438 -0.00525369 -0.224059
8.87 0.225734 -0.00521032 -0.24319
8.88 0.256301 -0.00518871 -0.262083
8.89 0.280024 -0.00519641 -0.280398
8.9 0.298541 -0.00523507 -0.297569
8.91 0.313177 -0.00529866 -0.312877
8.92 0.324974 -0.00537336 -0.325658
8.93 0.335126 -0.00544132 -0.335439
8.94 0.344934 -0.00548623 -0.341889
8.95 0.355294 -0.00549813 -0.344661
8.96 0.36647 -0.00547377 -0.343325
8.97 0.378275 -0.00541652 -0.33761
8.98 0.390042 -0.00533563 -0.327631
8.99 0.400492 -0.0052431 -0.31381
9 0.408045 -0.00514915 -0.296732
9.01 0.411375 -0.00506121 -0.277042
9.02 0.409844 -0.00498336 -0.255316
9.03 0.403702 -0.00491499 -0.232018
9.04 0.393661 -0.00485294 -0.207532
9.05 0.380239 -0.00479346 -0.182139
9.06 0.363646 -0.004734 -0.155926
9.07 0.34396 -0.0046741 -0.128749
9.08 0.321219 -0.00461536 -0.10025
9.09 0.295582 -0.00456066 -0.0699718
9.1 0.267274 -0.00451259 -0.0375929
9.11 0.23619 -0.00447242 -0.00308884
9.12 0.20184 -0.00443976 0.0331638
9.13 0.163773 -0.00440984 0.0704273
9.14 0.122026 -0.00438016 0.10783
9.15 0.0774897 -0.00435124 0.144489
9.16 0.0317765 -0.00432231 0.179436
9.17 -0.0139154 -0.00429444 0.211603
9.18 -0.0597279 -0.00427155 0.239976
9.19 -0.10678 -0.0042602 0.263874
9.2 -0.156054 -0.00426638 0.283307
9.21 -0.207515 -0.00429539 0.298946
9.22 -0.260119 -0.00435074 0.311569
9.23 -0.312408 -0.00443141 0.321599
9.24 -0.363067 -0.0045326 0.329024
9.25 -0.411202 -0.00463558 0.333526
9.26 -0.456172 -0.00472746 0.334703
9.27 -0.496958 -0.00481483 0.332249
9.28 -0.531587 -0.0048962 0.32597
9.29 -0.55757 -0.00497266 0.315826
9.3 -0.573223 -0.00504691 0.302106
9.31 -0.578357 -0.00511082 0.285495
9.32 -0.573639 -0.0051618 0.266791
9.33 -0.559805 -0.0052021 0.246519
9.34 -0.537761 -0.00523182 0.224839
9.35 -0.508806 -0.00525181 0.201683
9.36 -0.474236 -0.00526432 0.176893
9.37 -0.435 -0.00527259 0.150228
9.38 -0.391862 -0.00528115 0.121338
9.39 -0.345569 -0.00529486 0.0898238
9.4 -0.296574 -0.0053181 0.0553166
9.41 -0.244534 -0.00535365 0.0175403
9.42 -0.188548 -0.00540181 -0.0236117
9.43 -0.128106 -0.00545926 -0.0679715
9.44 -0.0635484 -0.00551623 -0.115022
9.45 0.00414109 -0.00555417 -0.163834
9.46 0.0737902 -0.00557736 -0.213094
9.47 0.144604 -0.00559589 -0.261398
9.48 0.216295 -0.00560111 -0.307611
9.49 0.288639 -0.00559132 -0.35098
9.5 0.360764 -0.00557179 -0.391048
9.51 0.430518 -0.00552945 -0.427546
9.52 0.495015 -0.00545397 -0.460253
9.53 0.552463 -0.00535601 -0.488949
9.54 0.603037 -0.00525067 -0.513414
9.55 0.648053 -0.00514618 -0.533415
9.56 0.688821 -0.00503928 -0.548719
9.57 0.726004 -0.00493356 -0.559269
9.58 0.759874 -0.00482809 -0.565386
9.59 0.791002 -0.00471961 -0.56768
9.6 0.820033 -0.00460618 -0.566754
9.61 0.846663 -0.00448654 -0.563041
9.62 0.869079 -0.0043723 -0.556812
9.63 0.884731 -0.00427859 -0.548258
9.64 0.891946 -0.00420814 -0.537558
9.65 0.890721 -0.00415594 -0.524847
9.66 0.882093 -0.00412897 -0.510163
9.67 0.866879 -0.00413023 -0.493453
9.68 0.844859 -0.00415339 -0.474573
9.69 0.815314 -0.00419481 -0.453282
9.7 0.778297 -0.00424762 -0.429311
9.71 0.734723 -0.00430573 -0.402491
9.72 0.68524 -0.00436634 -0.372862
9.73 0.629882 -0.00443084 -0.3407
9.74 0.568985 -0.00450235 -0.306476
9.75 0.503725 -0.00458345 -0.270827
9.76 0.435217 -0.00467629 -0.234527
9.77 0.363348 -0.00478284 -0.198345
9.78 0.287033 -0.00490569 -0.162858
9.79 0.205574 -0.0050454 -0.128328
9.8 0.11952 -0.00519947 -0.094663
9.81 0.0306136 -0.00532619 -0.0615187
9.82 -0.0585445 -0.00537763 -0.0284517
9.83 -0.145105 -0.00541741 0.00499494
9.84 -0.226874 -0.0054677 0.0392236
9.85 -0.302555 -0.0055067 0.074475
9.86 -0.371205 -0.00553142 0.110771
9.87 -0.431845 -0.00552636 0.147972
9.88 -0.483603 -0.00549487 0.185836
9.89 -0.52614 -0.00543298 0.224004
9.9 -0.559816 -0.00534608 0.261967
9.91 -0.585107 -0.00522523 0.299141
9.92 -0.601888 -0.00505841 0.334988
9.93 -0.609498 -0.0048835 0.369121
9.94 -0.607371 -0.00472245 0.401305
9.95 -0.595429 -0.00456463 0.431281
9.96 -0.573951 -0.00441552 0.458476
9.97 -0.543331 -0.00426868 0.482012
9.98 -0.504204 -0.0041226 0.500969
9.99 -0.457864 -0.00397998 0.514627
10 -0.406659 -0.00384481 0.522638
