0.1 -4.59301e-006
0.2 -9.1929e-006
0.3 -1.37998e-005
0.4 -1.84136e-005
0.5 -2.30345e-005
0.6 -2.76625e-005
0.7 -3.22976e-005
0.8 -3.69398e-005
0.9 -4.15902e-005
1 -4.62607e-005
0.01 -4.31857e-005
0.02 -3.47397e-005
0.03 -2.61011e-005
0.04 -2.18266e-005
0.05 -2.12421e-005
0.06 -2.26595e-005
0.07 -2.45559e-005
0.08 -2.58797e-005
0.09 -2.611e-005
0.1 -2.51999e-005
0.11 -2.34749e-005
0.12 -2.14338e-005
0.13 -1.95116e-005
0.14 -1.7936e-005
0.15 -1.67667e-005
0.16 -1.60875e-005
0.17 -1.62131e-005
0.18 -1.77587e-005
0.19 -2.14913e-005
0.2 -2.80229e-005
0.21 -3.74965e-005
0.22 -4.94094e-005
0.23 -6.26556e-005
0.24 -7.57812e-005
0.25 -8.73348e-005
0.26 -9.61704e-005
0.27 -0.000101615
0.28 -0.000103487
0.29 -0.000101999
0.3 -9.76e-005
0.31 -9.0813e-005
0.32 -8.21335e-005
0.33 -7.20012e-005
0.34 -6.08068e-005
0.35 -4.89263e-005
0.36 -3.6765e-005
0.37 -2.47813e-005
0.38 -1.34835e-005
0.39 -3.41256e-006
0.4 4.89265e-006
0.41 1.09567e-005
0.42 1.44441e-005
0.43 1.52362e-005
0.44 1.34939e-005
0.45 9.68025e-006
0.46 4.53732e-006
0.47 -9.84831e-007
0.48 -5.84555e-006
0.49 -9.04603e-006
0.5 -9.74444e-006
0.51 -7.35477e-006
0.52 -1.61764e-006
0.53 7.39329e-006
0.54 1.93182e-005
0.55 3.35673e-005
0.56 4.93714e-005
0.57 6.58396e-005
0.58 8.20464e-005
0.59 9.71309e-005
0.6 0.000110359
0.61 0.000121126
0.62 0.000128963
0.63 0.000133587
0.64 0.000134923
0.65 0.000133044
0.66 0.000128154
0.67 0.000120623
0.68 0.000110989
0.69 9.98854e-005
0.7 8.80028e-005
0.71 7.60445e-005
0.72 6.46699e-005
0.73 5.44478e-005
0.74 4.5838e-005
0.75 3.91761e-005
0.76 3.46582e-005
0.77 3.23322e-005
0.78 3.20965e-005
0.79 3.36846e-005
0.8 3.6659e-005
0.81 4.04633e-005
0.82 4.4496e-005
0.83 4.81621e-005
0.84 5.09196e-005
0.85 5.23393e-005
0.86 5.21314e-005
0.87 5.00959e-005
0.88 4.61192e-005
0.89 4.02657e-005
0.9 3.27924e-005
0.91 2.40381e-005
0.92 1.43002e-005
0.93 3.82971e-006
0.94 -7.07992e-006
0.95 -1.80806e-005
0.96 -2.88368e-005
0.97 -3.90974e-005
0.98 -4.8723e-005
0.99 -5.75996e-005
1 -6.55735e-005
1.01 -7.25298e-005
1.02 -7.84268e-005
1.03 -8.32106e-005
1.04 -8.68054e-005
1.05 -8.92179e-005
1.06 -9.05737e-005
1.07 -9.10188e-005
1.08 -9.06152e-005
1.09 -8.93917e-005
1.1 -8.74709e-005
1.11 -8.50143e-005
1.12 -8.20576e-005
1.13 -7.85262e-005
1.14 -7.44126e-005
1.15 -6.97769e-005
1.16 -6.46555e-005
1.17 -5.91458e-005
1.18 -5.34393e-005
1.19 -4.77562e-005
1.2 -4.23176e-005
1.21 -3.73109e-005
1.22 -3.28727e-005
1.23 -2.90878e-005
1.24 -2.59623e-005
1.25 -2.3393e-005
1.26 -2.12146e-005
1.27 -1.92863e-005
1.28 -1.75018e-005
1.29 -1.57926e-005
1.3 -1.41108e-005
1.31 -1.23373e-005
1.32 -1.03018e-005
1.33 -7.90118e-006
1.34 -5.04196e-006
1.35 -1.56518e-006
1.36 2.5729e-006
1.37 7.16755e-006
1.38 1.18711e-005
1.39 1.63691e-005
1.4 2.04533e-005
1.41 2.39266e-005
1.42 2.66016e-005
1.43 2.84139e-005
1.44 2.93266e-005
1.45 2.91769e-005
1.46 2.7737e-005
1.47 2.48713e-005
1.48 2.05561e-005
1.49 1.47639e-005
1.5 7.53357e-006
1.51 -7.33546e-007
1.52 -9.25441e-006
1.53 -1.7345e-005
1.54 -2.47606e-005
1.55 -3.14832e-005
1.56 -3.74608e-005
1.57 -4.26207e-005
1.58 -4.69496e-005
1.59 -5.05066e-005
1.6 -5.3438e-005
1.61 -5.59029e-005
1.62 -5.7878e-005
1.63 -5.90569e-005
1.64 -5.90061e-005
1.65 -5.75699e-005
1.66 -5.51267e-005
1.67 -5.2393e-005
1.68 -5.00343e-005
1.69 -4.84658e-005
1.7 -4.78736e-005
1.71 -4.81906e-005
1.72 -4.90617e-005
1.73 -5.0045e-005
1.74 -5.08472e-005
1.75 -5.12996e-005
1.76 -5.12713e-005
1.77 -5.07591e-005
1.78 -4.99656e-005
1.79 -4.90379e-005
1.8 -4.77703e-005
1.81 -4.57396e-005
1.82 -4.25943e-005
1.83 -3.81565e-005
1.84 -3.23846e-005
1.85 -2.53827e-005
1.86 -1.74614e-005
1.87 -8.89644e-006
1.88 4.83977e-007
1.89 1.10534e-005
1.9 2.25819e-005
1.91 3.41722e-005
1.92 4.49996e-005
1.93 5.46521e-005
1.94 6.29396e-005
1.95 6.97971e-005
1.96 7.54278e-005
1.97 8.03245e-005
1.98 8.49085e-005
1.99 8.92144e-005
2 9.29551e-005
2.01 9.57753e-005
2.02 9.74717e-005
2.03 9.79714e-005
2.04 9.72387e-005
2.05 9.54838e-005
2.06 9.32036e-005
2.07 9.06838e-005
2.08 8.77453e-005
2.09 8.40922e-005
2.1 7.96987e-005
2.11 7.47873e-005
2.12 6.9476e-005
2.13 6.36566e-005
2.14 5.72213e-005
2.15 5.0282e-005
2.16 4.32259e-005
2.17 3.64421e-005
2.18 2.98753e-005
2.19 2.31552e-005
2.2 1.62155e-005
2.21 9.33213e-006
2.22 2.63982e-006
2.23 -4.0297e-006
2.24 -1.09027e-005
2.25 -1.80736e-005
2.26 -2.56217e-005
2.27 -3.35955e-005
2.28 -4.17892e-005
2.29 -4.98887e-005
2.3 -5.77844e-005
2.31 -6.54869e-005
2.32 -7.29407e-005
2.33 -8.0087e-005
2.34 -8.69509e-005
2.35 -9.35928e-005
2.36 -0.000100011
2.37 -0.000106194
2.38 -0.000112099
2.39 -0.00011741
2.4 -0.000121678
2.41 -0.000124718
2.42 -0.000126557
2.43 -0.000127384
2.44 -0.00012772
2.45 -0.000128161
2.46 -0.000128873
2.47 -0.0001296
2.48 -0.000130083
2.49 -0.00013029
2.5 -0.000130402
2.51 -0.000130653
2.52 -0.000131174
2.53 -0.000132007
2.54 -0.000133074
2.55 -0.000134144
2.56 -0.000134957
2.57 -0.000135351
2.58 -0.000135286
2.59 -0.000134847
2.6 -0.000134156
2.61 -0.000133227
2.62 -0.000131897
2.63 -0.000129903
2.64 -0.000127161
2.65 -0.000123996
2.66 -0.000120845
2.67 -0.000117789
2.68 -0.00011454
2.69 -0.000110782
2.7 -0.000106527
2.71 -0.000102075
2.72 -9.75831e-005
2.73 -9.28437e-005
2.74 -8.75968e-005
2.75 -8.19651e-005
2.76 -7.6308e-005
2.77 -7.08785e-005
2.78 -6.57973e-005
2.79 -6.1014e-005
2.8 -5.62289e-005
2.81 -5.12447e-005
2.82 -4.62622e-005
2.83 -4.16247e-005
2.84 -3.75236e-005
2.85 -3.38957e-005
2.86 -3.05652e-005
2.87 -2.74297e-005
2.88 -2.43327e-005
2.89 -2.099e-005
2.9 -1.72302e-005
2.91 -1.30994e-005
2.92 -8.70672e-006
2.93 -4.17197e-006
2.94 3.70636e-007
2.95 4.83846e-006
2.96 9.18145e-006
2.97 1.32484e-005
2.98 1.67767e-005
2.99 1.96246e-005
3 2.19848e-005
3.01 2.42589e-005
3.02 2.67326e-005
3.03 2.94333e-005
3.04 3.21199e-005
3.05 3.43441e-005
3.06 3.57184e-005
3.07 3.62531e-005
3.08 3.63595e-005
3.09 3.63862e-005
3.1 3.62997e-005
3.11 3.60033e-005
3.12 3.58039e-005
3.13 3.63085e-005
3.14 3.77612e-005
3.15 3.96866e-005
3.16 4.12956e-005
3.17 4.19396e-005
3.18 4.13625e-005
3.19 3.99781e-005
3.2 3.86667e-005
3.21 3.80095e-005
3.22 3.78729e-005
3.23 3.77439e-005
3.24 3.71998e-005
3.25 3.60124e-005
3.26 3.41527e-005
3.27 3.19318e-005
3.28 2.98764e-005
3.29 2.82666e-005
3.3 2.69554e-005
3.31 2.56692e-005
3.32 2.43642e-005
3.33 2.31145e-005
3.34 2.16738e-005
3.35 1.95867e-005
3.36 1.68043e-005
3.37 1.38268e-005
3.38 1.13546e-005
3.39 9.93069e-006
3.4 9.58306e-006
3.41 9.69173e-006
3.42 9.45993e-006
3.43 8.56713e-006
3.44 7.26288e-006
3.45 5.97402e-006
3.46 4.94054e-006
3.47 4.13453e-006
3.48 3.40489e-006
3.49 2.61617e-006
3.5 1.53713e-006
3.51 -2.17278e-007
3.52 -2.75455e-006
3.53 -5.6511e-006
3.54 -8.42327e-006
3.55 -1.10621e-005
3.56 -1.40964e-005
3.57 -1.81505e-005
3.58 -2.34213e-005
3.59 -2.95565e-005
3.6 -3.58261e-005
3.61 -4.15023e-005
3.62 -4.63773e-005
3.63 -5.09178e-005
3.64 -5.5774e-005
3.65 -6.11945e-005
3.66 -6.69868e-005
3.67 -7.28812e-005
3.68 -7.87086e-005
3.69 -8.43084e-005
3.7 -8.95417e-005
3.71 -9.43734e-005
3.72 -9.87467e-005
3.73 -0.000102523
3.74 -0.000105666
3.75 -0.000108289
3.76 -0.000110511
3.77 -0.000112365
3.78 -0.000113821
3.79 -0.000114901
3.8 -0.00011566
3.81 -0.00011612
3.82 -0.000116342
3.83 -0.000116398
3.84 -0.000116222
3.85 -0.000115744
3.86 -0.000115028
3.87 -0.000114211
3.88 -0.000113419
3.89 -0.000112728
3.9 -0.000112226
3.91 -0.000112159
3.92 -0.000112899
3.93 -0.000114543
3.94 -0.000116603
3.95 -0.000118369
3.96 -0.000119384
3.97 -0.000119477
3.98 -0.000118577
3.99 -0.000116654
4 -0.000113994
4.01 -0.000111346
4.02 -0.000109358
4.03 -0.000108088
4.04 -0.000107347
4.05 -0.00010698
4.06 -0.000106567
4.07 -0.000105486
4.08 -0.000103543
4.09 -0.000101103
4.1 -9.85886e-005
4.11 -9.62524e-005
4.12 -9.41547e-005
4.13 -9.20108e-005
4.14 -8.94607e-005
4.15 -8.65325e-005
4.16 -8.35272e-005
4.17 -8.06947e-005
4.18 -7.8064e-005
4.19 -7.53841e-005
4.2 -7.23414e-005
4.21 -6.87486e-005
4.22 -6.44329e-005
4.23 -5.93536e-005
4.24 -5.37678e-005
4.25 -4.78034e-005
4.26 -4.1273e-005
4.27 -3.41081e-005
4.28 -2.6406e-005
4.29 -1.82305e-005
4.3 -9.88189e-006
4.31 -1.96049e-006
4.32 5.18456e-006
4.33 1.17229e-005
4.34 1.80377e-005
4.35 2.44794e-005
4.36 3.12881e-005
4.37 3.84334e-005
4.38 4.55415e-005
4.39 5.19389e-005
4.4 5.68969e-005
4.41 6.01566e-005
4.42 6.21073e-005
4.43 6.35108e-005
4.44 6.52655e-005
4.45 6.8006e-005
4.46 7.15448e-005
4.47 7.50123e-005
4.48 7.76499e-005
4.49 7.919e-005
4.5 7.96728e-005
4.51 7.9445e-005
4.52 7.92229e-005
4.53 7.95797e-005
4.54 8.05405e-005
4.55 8.18823e-005
4.56 8.33026e-005
4.57 8.43835e-005
4.58 8.49328e-005
4.59 8.53313e-005
4.6 8.63292e-005
4.61 8.83435e-005
4.62 9.10013e-005
4.63 9.36632e-005
4.64 9.63077e-005
4.65 9.94905e-005
4.66 0.000103518
4.67 0.000108073
4.68 0.000112591
4.69 0.000116778
4.7 0.000120849
4.71 0.000125375
4.72 0.000130687
4.73 0.000136534
4.74 0.000142509
4.75 0.000148469
4.76 0.000154576
4.77 0.000161267
4.78 0.000168886
4.79 0.000177102
4.8 0.000185142
4.81 0.000192435
4.82 0.000198686
4.83 0.000203907
4.84 0.000208731
4.85 0.000214024
4.86 0.000219616
4.87 0.000224138
4.88 0.000226543
4.89 0.000227039
4.9 0.000226442
4.91 0.000225252
4.92 0.000223534
4.93 0.000221318
4.94 0.000218494
4.95 0.000214455
4.96 0.000208522
4.97 0.000200666
4.98 0.000191279
4.99 0.000180417
5 0.000168002
5.01 0.000154513
5.02 0.000140668
5.03 0.000126733
5.04 0.00011263
5.05 9.81667e-005
5.06 8.27789e-005
5.07 6.58511e-005
5.08 4.75704e-005
5.09 2.88249e-005
5.1 1.03458e-005
5.11 -7.41449e-006
5.12 -2.38972e-005
5.13 -3.88626e-005
5.14 -5.30996e-005
5.15 -6.78764e-005
5.16 -8.37183e-005
5.17 -0.000100356
5.18 -0.000117387
5.19 -0.000134273
5.2 -0.000149973
5.21 -0.000163326
5.22 -0.000174042
5.23 -0.000182747
5.24 -0.000190242
5.25 -0.000197251
5.26 -0.000204246
5.27 -0.000211099
5.28 -0.000217376
5.29 -0.000222893
5.3 -0.000227444
5.31 -0.000230436
5.32 -0.000231428
5.33 -0.000230508
5.34 -0.000227929
5.35 -0.000223641
5.36 -0.00021728
5.37 -0.000208938
5.38 -0.00019967
5.39 -0.000190544
5.4 -0.000181501
5.41 -0.000171643
5.42 -0.00016026
5.43 -0.000147559
5.44 -0.000134562
5.45 -0.000122073
5.46 -0.000109956
5.47 -9.75672e-005
5.48 -8.43856e-005
5.49 -7.01639e-005
5.5 -5.52295e-005
5.51 -4.05969e-005
5.52 -2.70335e-005
5.53 -1.44584e-005
5.54 -2.62958e-006
5.55 8.45158e-006
5.56 1.87523e-005
5.57 2.81417e-005
5.58 3.63329e-005
5.59 4.30678e-005
5.6 4.81094e-005
5.61 5.11468e-005
5.62 5.21268e-005
5.63 5.1731e-005
5.64 5.10776e-005
5.65 5.07389e-005
5.66 5.01832e-005
5.67 4.82077e-005
5.68 4.40259e-005
5.69 3.79845e-005
5.7 3.12295e-005
5.71 2.47829e-005
5.72 1.90958e-005
5.73 1.44728e-005
5.74 1.16343e-005
5.75 1.16688e-005
5.76 1.53496e-005
5.77 2.26235e-005
5.78 3.27189e-005
5.79 4.42868e-005
5.8 5.54868e-005
5.81 6.47991e-005
5.82 7.26154e-005
5.83 8.16076e-005
5.84 9.45025e-005
5.85 0.000111664
5.86 0.000131276
5.87 0.000151145
5.88 0.000169702
5.89 0.000186263
5.9 0.000201025
5.91 0.000214438
5.92 0.000226894
5.93 0.000238925
5.94 0.000250866
5.95 0.000262261
5.96 0.000271857
5.97 0.000278375
5.98 0.000281297
5.99 0.000280595
6 0.000275685
6.01 0.000265093
6.02 0.000247466
6.03 0.000222313
6.04 0.000189923
6.05 0.000151361
6.06 0.000108259
6.07 6.23782e-005
6.08 1.53816e-005
6.09 -3.17058e-005
6.1 -7.87662e-005
6.11 -0.000125714
6.12 -0.000171765
6.13 -0.000215657
6.14 -0.00025555
6.15 -0.000288823
6.16 -0.000312958
6.17 -0.000326518
6.18 -0.000329206
6.19 -0.000321906
6.2 -0.000306598
6.21 -0.000285025
6.22 -0.000257127
6.23 -0.000221142
6.24 -0.000175477
6.25 -0.000120679
6.26 -6.01173e-005
6.27 9.32957e-007
6.28 5.77151e-005
6.29 0.000108601
6.3 0.000155688
6.31 0.000201875
6.32 0.000247113
6.33 0.000287801
6.34 0.000318674
6.35 0.000335302
6.36 0.000336265
6.37 0.000324541
6.38 0.000306501
6.39 0.000287326
6.4 0.000267322
6.41 0.000244044
6.42 0.000216246
6.43 0.000184289
6.44 0.000149253
6.45 0.000113262
6.46 7.93338e-005
6.47 4.96563e-005
6.48 2.42153e-005
6.49 1.63685e-006
6.5 -1.90888e-005
6.51 -3.81186e-005
6.52 -5.56266e-005
6.53 -7.29475e-005
6.54 -9.23352e-005
6.55 -0.000114843
6.56 -0.000139084
6.57 -0.000162319
6.58 -0.000182018
6.59 -0.000197068
6.6 -0.000208569
6.61 -0.000219188
6.62 -0.000231542
6.63 -0.000247248
6.64 -0.000266643
6.65 -0.000288916
6.66 -0.000312907
6.67 -0.000337602
6.68 -0.000361722
6.69 -0.000383334
6.7 -0.000400354
6.71 -0.000411672
6.72 -0.000417719
6.73 -0.00041936
6.74 -0.000416288
6.75 -0.000407192
6.76 -0.000390554
6.77 -0.000364701
6.78 -0.000328317
6.79 -0.000281476
6.8 -0.000226038
6.81 -0.000164764
6.82 -0.000100099
6.83 -3.43092e-005
6.84 2.96393e-005
6.85 8.84927e-005
6.86 0.000140344
6.87 0.000184958
6.88 0.000222125
6.89 0.000250377
6.9 0.000267551
6.91 0.000272679
6.92 0.000266779
6.93 0.000251049
6.94 0.000224979
6.95 0.00018708
6.96 0.000137299
6.97 7.81367e-005
6.98 1.35179e-005
6.99 -5.29058e-005
7 -0.000117898
7.01 -0.000177263
7.02 -0.000226128
7.03 -0.000261566
7.04 -0.000284484
7.05 -0.000299254
7.06 -0.000310568
7.07 -0.000319828
7.08 -0.000325318
7.09 -0.000324978
7.1 -0.00031838
7.11 -0.000306732
7.12 -0.0002919
7.13 -0.000276281
7.14 -0.000262972
7.15 -0.000255036
7.16 -0.000254455
7.17 -0.000261749
7.18 -0.000276058
7.19 -0.000295347
7.2 -0.000317073
7.21 -0.000338715
7.22 -0.0003574
7.23 -0.000370085
7.24 -0.000374814
7.25 -0.000371454
7.26 -0.000361131
7.27 -0.000344836
7.28 -0.000322734
7.29 -0.000294563
7.3 -0.000259747
7.31 -0.000216732
7.32 -0.000163711
7.33 -0.000101642
7.34 -3.59068e-005
7.35 2.6349e-005
7.36 8.06649e-005
7.37 0.000126988
7.38 0.000167194
7.39 0.000201526
7.4 0.000228427
7.41 0.000246822
7.42 0.00025729
7.43 0.000260814
7.44 0.000256121
7.45 0.000239491
7.46 0.000207761
7.47 0.000161303
7.48 0.000104541
7.49 4.38972e-005
7.5 -1.51418e-005
7.51 -6.93128e-005
7.52 -0.000116423
7.53 -0.000154488
7.54 -0.000182214
7.55 -0.000199686
7.56 -0.000209047
7.57 -0.000213566
7.58 -0.000214043
7.59 -0.00020656
7.6 -0.00018538
7.61 -0.000147977
7.62 -9.71331e-005
7.63 -3.88156e-005
7.64 2.16733e-005
7.65 8.16151e-005
7.66 0.000140787
7.67 0.000200173
7.68 0.000259299
7.69 0.000315091
7.7 0.000364194
7.71 0.000405706
7.72 0.000440728
7.73 0.000469864
7.74 0.000492526
7.75 0.000508579
7.76 0.000519387
7.77 0.000526793
7.78 0.000531407
7.79 0.000532016
7.8 0.000526968
7.81 0.000516216
7.82 0.000502638
7.83 0.000492051
7.84 0.000490792
7.85 0.000502509
7.86 0.00052748
7.87 0.000563989
7.88 0.00060894
7.89 0.000657918
7.9 0.000705787
7.91 0.000747713
7.92 0.000780727
7.93 0.000804711
7.94 0.000821632
7.95 0.000833159
7.96 0.000838726
7.97 0.000835855
7.98 0.000821542
7.99 0.000793917
8 0.000753332
8.01 0.000701267
8.02 0.000638204
8.03 0.000563678
8.04 0.000478817
8.05 0.000387711
8.06 0.000295105
8.07 0.000203157
8.08 0.000111513
8.09 2.03146e-005
8.1 -6.8075e-005
8.11 -0.00015031
8.12 -0.000223508
8.13 -0.000285457
8.14 -0.000334736
8.15 -0.000371034
8.16 -0.000395146
8.17 -0.000408618
8.18 -0.000413183
8.19 -0.00041038
8.2 -0.000401969
8.21 -0.000390347
8.22 -0.000378318
8.23 -0.00036892
8.24 -0.000365121
8.25 -0.000369084
8.26 -0.000381764
8.27 -0.000403529
8.28 -0.000434714
8.29 -0.000475159
8.3 -0.000524163
8.31 -0.000581408
8.32 -0.000647131
8.33 -0.000720956
8.34 -0.000801226
8.35 -0.000885701
8.36 -0.000972424
8.37 -0.00106007
8.38 -0.00114761
8.39 -0.00123347
8.4 -0.00131554
8.41 -0.0013924
8.42 -0.00146377
8.43 -0.00152988
8.44 -0.00159107
8.45 -0.00164782
8.46 -0.00170072
8.47 -0.00175002
8.48 -0.00179563
8.49 -0.00183802
8.5 -0.00187873
8.51 -0.00191912
8.52 -0.00195873
8.53 -0.0019954
8.54 -0.00202702
8.55 -0.0020529
8.56 -0.00207415
8.57 -0.00209289
8.58 -0.0021106
8.59 -0.00212717
8.6 -0.00214198
8.61 -0.00215554
8.62 -0.0021692
8.63 -0.00218368
8.64 -0.00219883
8.65 -0.0022143
8.66 -0.0022296
8.67 -0.00224362
8.68 -0.00225439
8.69 -0.00225996
8.7 -0.00225959
8.71 -0.00225385
8.72 -0.002243
8.73 -0.00222566
8.74 -0.00219992
8.75 -0.00216538
8.76 -0.00212366
8.77 -0.0020768
8.78 -0.00202502
8.79 -0.00196588
8.8 -0.00189579
8.81 -0.00181162
8.82 -0.00171176
8.83 -0.00159713
8.84 -0.00147178
8.85 -0.0013422
8.86 -0.00121497
8.87 -0.00109426
8.88 -0.000980234
8.89 -0.000869629
8.9 -0.000758559
8.91 -0.000644896
8.92 -0.000528214
8.93 -0.000408593
8.94 -0.000286105
8.95 -0.00016113
8.96 -3.43183e-005
8.97 9.39244e-005
8.98 0.000223247
8.99 0.000352719
9 0.000480948
9.01 0.000606672
9.02 0.000729281
9.03 0.0008491
9.04 0.000966678
9.05 0.00108176
9.06 0.00119334
9.07 0.00130024
9.08 0.00140138
9.09 0.00149605
9.1 0.00158379
9.11 0.00166345
9.12 0.00173305
9.13 0.00179062
9.14 0.00183513
9.15 0.00186727
9.16 0.00188926
9.17 0.00190272
9.18 0.00190691
9.19 0.00189936
9.2 0.00187799
9.21 0.00184268
9.22 0.00179513
9.23 0.00173754
9.24 0.00167155
9.25 0.00159773
9.26 0.00151609
9.27 0.00142759
9.28 0.0013354
9.29 0.00124422
9.3 0.00115773
9.31 0.00107722
9.32 0.00100269
9.33 0.000934231
9.34 0.000871696
9.35 0.000814224
9.36 0.000760918
9.37 0.000711451
9.38 0.000665726
9.39 0.000623514
9.4 0.000584942
9.41 0.000551398
9.42 0.00052506
9.43 0.000507119
9.44 0.000497008
9.45 0.000492937
9.46 0.000492923
9.47 0.000495988
9.48 0.00050245
9.49 0.000513026
9.5 0.000527382
9.51 0.000542849
9.52 0.000555401
9.53 0.000563041
9.54 0.000567367
9.55 0.000571892
9.56 0.000579787
9.57 0.000592622
9.58 0.000610944
9.59 0.000635753
9.6 0.000668287
9.61 0.000708262
9.62 0.000752906
9.63 0.000798438
9.64 0.000843001
9.65 0.000887929
9.66 0.000936179
9.67 0.000989556
9.68 0.00104693
9.69 0.00110534
9.7 0.00116263
9.71 0.00121807
9.72 0.00127046
9.73 0.00131767
9.74 0.0013584
9.75 0.00139321
9.76 0.00142261
9.77 0.00144484
9.78 0.00145625
9.79 0.00145398
9.8 0.0014377
9.81 0.00140954
9.82 0.00137345
9.83 0.00133391
9.84 0.00129411
9.85 0.00125535
9.86 0.00121813
9.87 0.00118314
9.88 0.00115127
9.89 0.001123
9.9 0.0010981
9.91 0.00107662
9.92 0.00106001
9.93 0.00105069
9.94 0.00105063
9.95 0.00106039
9.96 0.00107929
9.97 0.00110602
9.98 0.00113862
9.99 0.00117401
10 0.00120745
10.01 0.00123267
