0.1 1.4727e-006
0.2 2.95166e-006
0.3 4.43696e-006
0.4 5.92865e-006
0.5 7.42678e-006
0.6 8.93141e-006
0.7 1.04426e-005
0.8 1.19671e-005
0.9 1.351e-005
1 1.50758e-005
0.01 1.47392e-005
0.02 1.39698e-005
0.03 1.36866e-005
0.04 1.46759e-005
0.05 1.70101e-005
0.06 2.05085e-005
0.07 2.48396e-005
0.08 2.96956e-005
0.09 3.49326e-005
0.1 4.05909e-005
0.11 4.68215e-005
0.12 5.37656e-005
0.13 6.14558e-005
0.14 6.9778e-005
0.15 7.84975e-005
0.16 8.73164e-005
0.17 9.59252e-005
0.18 0.000104028
0.19 0.000111342
0.2 0.000117597
0.21 0.000122535
0.22 0.000125939
0.23 0.000127663
0.24 0.000127665
0.25 0.00012602
0.26 0.000122913
0.27 0.000118607
0.28 0.0001134
0.29 0.000107574
0.3 0.000101375
0.31 9.50229e-005
0.32 8.87518e-005
0.33 8.28352e-005
0.34 7.76092e-005
0.35 7.34722e-005
0.36 7.08532e-005
0.37 7.01644e-005
0.38 7.17524e-005
0.39 7.58551e-005
0.4 8.25756e-005
0.41 9.18813e-005
0.42 0.000103616
0.43 0.000117519
0.44 0.000133242
0.45 0.000150358
0.46 0.000168379
0.47 0.00018677
0.48 0.00020496
0.49 0.000222374
0.5 0.000238465
0.51 0.000252747
0.52 0.000264817
0.53 0.000274376
0.54 0.00028126
0.55 0.000285438
0.56 0.000286994
0.57 0.000286101
0.58 0.000283032
0.59 0.000278168
0.6 0.000271987
0.61 0.000265012
0.62 0.000257762
0.63 0.000250752
0.64 0.000244476
0.65 0.000239333
0.66 0.000235597
0.67 0.000233453
0.68 0.000233008
0.69 0.000234271
0.7 0.000237159
0.71 0.000241518
0.72 0.000247127
0.73 0.000253712
0.74 0.000260973
0.75 0.000268607
0.76 0.000276338
0.77 0.000283925
0.78 0.000291177
0.79 0.000297935
0.8 0.00030405
0.81 0.000309394
0.82 0.000313875
0.83 0.000317433
0.84 0.000320026
0.85 0.000321647
0.86 0.000322307
0.87 0.000321991
0.88 0.000320648
0.89 0.000318269
0.9 0.000314922
0.91 0.000310683
0.92 0.000305568
0.93 0.000299553
0.94 0.000292659
0.95 0.000284973
0.96 0.000276601
0.97 0.000267615
0.98 0.000258028
0.99 0.000247867
1 0.000237222
1.01 0.000226176
1.02 0.000214774
1.03 0.000203097
1.04 0.000191264
1.05 0.000179348
1.06 0.000167345
1.07 0.000155248
1.08 0.000143121
1.09 0.000131057
1.1 0.000119075
1.11 0.000107159
1.12 9.53997e-005
1.13 8.39788e-005
1.14 7.30394e-005
1.15 6.26874e-005
1.16 5.30646e-005
1.17 4.42739e-005
1.18 3.63432e-005
1.19 2.92654e-005
1.2 2.3007e-005
1.21 1.75227e-005
1.22 1.27578e-005
1.23 8.64292e-006
1.24 5.1122e-006
1.25 2.12901e-006
1.26 -3.45065e-007
1.27 -2.41006e-006
1.28 -4.22375e-006
1.29 -5.98898e-006
1.3 -7.92313e-006
1.31 -1.01663e-005
1.32 -1.27786e-005
1.33 -1.58177e-005
1.34 -1.92769e-005
1.35 -2.30151e-005
1.36 -2.6894e-005
1.37 -3.08843e-005
1.38 -3.49905e-005
1.39 -3.91249e-005
1.4 -4.30702e-005
1.41 -4.65777e-005
1.42 -4.93925e-005
1.43 -5.11868e-005
1.44 -5.16565e-005
1.45 -5.06597e-005
1.46 -4.81825e-005
1.47 -4.42272e-005
1.48 -3.88043e-005
1.49 -3.20291e-005
1.5 -2.40636e-005
1.51 -1.48698e-005
1.52 -4.17718e-006
1.53 8.16106e-006
1.54 2.19242e-005
1.55 3.67161e-005
1.56 5.21887e-005
1.57 6.80412e-005
1.58 8.39639e-005
1.59 9.96344e-005
1.6 0.000114715
1.61 0.000128926
1.62 0.000142206
1.63 0.000154805
1.64 0.000167154
1.65 0.000179531
1.66 0.000191839
1.67 0.000203732
1.68 0.000214889
1.69 0.000225144
1.7 0.000234448
1.71 0.000242883
1.72 0.000250706
1.73 0.000258204
1.74 0.00026554
1.75 0.000272786
1.76 0.000279999
1.77 0.000287139
1.78 0.000293998
1.79 0.00030039
1.8 0.000306385
1.81 0.000312206
1.82 0.000318017
1.83 0.00032386
1.84 0.000329702
1.85 0.000335437
1.86 0.000340836
1.87 0.000345724
1.88 0.000350302
1.89 0.000354932
1.9 0.000359502
1.91 0.000363374
1.92 0.000365974
1.93 0.00036706
1.94 0.000366571
1.95 0.000364541
1.96 0.000361219
1.97 0.000357083
1.98 0.000352561
1.99 0.000347779
2 0.000342608
2.01 0.000336851
2.02 0.000330395
2.03 0.000323183
2.04 0.000315133
2.05 0.000306308
2.06 0.000296976
2.07 0.000287238
2.08 0.000276859
2.09 0.000265552
2.1 0.00025329
2.11 0.00024028
2.12 0.000226665
2.13 0.000212423
2.14 0.000197537
2.15 0.000182174
2.16 0.000166732
2.17 0.000151623
2.18 0.000136921
2.19 0.000122457
2.2 0.000108305
2.21 9.47951e-005
2.22 8.21292e-005
2.23 7.02452e-005
2.24 5.90145e-005
2.25 4.83985e-005
2.26 3.83619e-005
2.27 2.8888e-005
2.28 2.0155e-005
2.29 1.24154e-005
2.3 5.74108e-006
2.31 8.5165e-008
2.32 -4.57408e-006
2.33 -8.28464e-006
2.34 -1.11895e-005
2.35 -1.34851e-005
2.36 -1.53398e-005
2.37 -1.69254e-005
2.38 -1.83919e-005
2.39 -1.966e-005
2.4 -2.05199e-005
2.41 -2.09328e-005
2.42 -2.09836e-005
2.43 -2.08363e-005
2.44 -2.08758e-005
2.45 -2.15153e-005
2.46 -2.28052e-005
2.47 -2.44555e-005
2.48 -2.61692e-005
2.49 -2.78245e-005
2.5 -2.94585e-005
2.51 -3.11321e-005
2.52 -3.28151e-005
2.53 -3.4406e-005
2.54 -3.57237e-005
2.55 -3.65012e-005
2.56 -3.64977e-005
2.57 -3.55984e-005
2.58 -3.38344e-005
2.59 -3.13667e-005
2.6 -2.84111e-005
2.61 -2.51069e-005
2.62 -2.14538e-005
2.63 -1.73664e-005
2.64 -1.28833e-005
2.65 -8.34356e-006
2.66 -4.13896e-006
2.67 -3.42846e-007
2.68 3.29851e-006
2.69 7.09202e-006
2.7 1.11022e-005
2.71 1.51786e-005
2.72 1.92821e-005
2.73 2.36556e-005
2.74 2.85654e-005
2.75 3.39555e-005
2.76 3.95621e-005
2.77 4.51885e-005
2.78 5.07278e-005
2.79 5.61968e-005
2.8 6.18024e-005
2.81 6.76701e-005
2.82 7.3618e-005
2.83 7.93681e-005
2.84 8.47829e-005
2.85 8.99446e-005
2.86 9.50333e-005
2.87 0.000100168
2.88 0.000105499
2.89 0.000111257
2.9 0.000117567
2.91 0.00012436
2.92 0.000131507
2.93 0.000138861
2.94 0.000146261
2.95 0.000153587
2.96 0.000160751
2.97 0.000167591
2.98 0.000173874
2.99 0.000179483
3 0.000184587
3.01 0.000189543
3.02 0.000194636
3.03 0.000199959
3.04 0.000205395
3.05 0.000210651
3.06 0.00021546
3.07 0.000219835
3.08 0.000224075
3.09 0.000228395
3.1 0.000232696
3.11 0.000236827
3.12 0.00024097
3.13 0.000245562
3.14 0.000250762
3.15 0.000256164
3.16 0.000261101
3.17 0.000265006
3.18 0.0002676
3.19 0.00026913
3.2 0.000270213
3.21 0.000271255
3.22 0.000272138
3.23 0.000272493
3.24 0.000272065
3.25 0.000270778
3.26 0.000268704
3.27 0.000266159
3.28 0.000263584
3.29 0.000261192
3.3 0.000258838
3.31 0.000256277
3.32 0.00025346
3.33 0.000250449
3.34 0.000247071
3.35 0.000242995
3.36 0.000238218
3.37 0.000233172
3.38 0.000228446
3.39 0.000224505
3.4 0.000221408
3.41 0.000218699
3.42 0.000215782
3.43 0.000212431
3.44 0.000208858
3.45 0.000205401
3.46 0.00020224
3.47 0.000199345
3.48 0.000196599
3.49 0.000193909
3.5 0.000191117
3.51 0.000187943
3.52 0.000184312
3.53 0.000180551
3.54 0.000177017
3.55 0.000173683
3.56 0.000170097
3.57 0.000165745
3.58 0.000160455
3.59 0.000154496
3.6 0.000148428
3.61 0.000142801
3.62 0.000137748
3.63 0.000132873
3.64 0.000127645
3.65 0.000121858
3.66 0.000115654
3.67 0.000109221
3.68 0.000102653
3.69 9.60267e-005
3.7 8.94115e-005
3.71 8.28165e-005
3.72 7.63013e-005
3.73 7.00199e-005
3.74 6.40601e-005
3.75 5.83931e-005
3.76 5.29679e-005
3.77 4.7787e-005
3.78 4.28873e-005
3.79 3.82598e-005
3.8 3.38735e-005
3.81 2.97323e-005
3.82 2.5811e-005
3.83 2.2075e-005
3.84 1.85829e-005
3.85 1.53836e-005
3.86 1.2403e-005
3.87 9.49757e-006
3.88 6.53151e-006
3.89 3.41072e-006
3.9 3.15786e-008
3.91 -3.82814e-006
3.92 -8.48745e-006
3.93 -1.40378e-005
3.94 -2.00976e-005
3.95 -2.60917e-005
3.96 -3.16298e-005
3.97 -3.65352e-005
3.98 -4.07029e-005
3.99 -4.40658e-005
4 -4.6827e-005
4.01 -4.95878e-005
4.02 -5.28985e-005
4.03 -5.68685e-005
4.04 -6.14193e-005
4.05 -6.64752e-005
4.06 -7.17043e-005
4.07 -7.65469e-005
4.08 -8.07113e-005
4.09 -8.42916e-005
4.1 -8.74002e-005
4.11 -9.00236e-005
4.12 -9.20406e-005
4.13 -9.31232e-005
4.14 -9.29569e-005
4.15 -9.15977e-005
4.16 -8.93603e-005
4.17 -8.65378e-005
4.18 -8.32479e-005
4.19 -7.93716e-005
4.2 -7.47152e-005
4.21 -6.91528e-005
4.22 -6.25322e-005
4.23 -5.47688e-005
4.24 -4.59863e-005
4.25 -3.61954e-005
4.26 -2.5171e-005
4.27 -1.28201e-005
4.28 7.66929e-007
4.29 1.54729e-005
4.3 3.09531e-005
4.31 4.66067e-005
4.32 6.20382e-005
4.33 7.72894e-005
4.34 9.261e-005
4.35 0.000108266
4.36 0.000124477
4.37 0.000141276
4.38 0.000158439
4.39 0.000175495
4.4 0.000191904
4.41 0.000207447
4.42 0.000222365
4.43 0.000237143
4.44 0.000252351
4.45 0.00026835
4.46 0.000284877
4.47 0.000301171
4.48 0.000316591
4.49 0.000330898
4.5 0.000344088
4.51 0.000356376
4.52 0.00036825
4.53 0.000380086
4.54 0.000391848
4.55 0.000403346
4.56 0.000414365
4.57 0.000424618
4.58 0.000433987
4.59 0.000442773
4.6 0.000451526
4.61 0.000460501
4.62 0.000469315
4.63 0.000477391
4.64 0.000484678
4.65 0.000491614
4.66 0.000498465
4.67 0.000505009
4.68 0.000510821
4.69 0.000515674
4.7 0.000519727
4.71 0.000523405
4.72 0.000526938
4.73 0.000530103
4.74 0.000532563
4.75 0.000534211
4.76 0.00053519
4.77 0.000535869
4.78 0.000536533
4.79 0.000536927
4.8 0.000536436
4.81 0.000534613
4.82 0.000531235
4.83 0.000526337
4.84 0.000520467
4.85 0.000514376
4.86 0.000508017
4.87 0.000500418
4.88 0.000490886
4.89 0.000479724
4.9 0.00046771
4.91 0.000455343
4.92 0.000442745
4.93 0.000429987
4.94 0.000417016
4.95 0.000403383
4.96 0.000388576
4.97 0.000372595
4.98 0.000355751
4.99 0.000338075
5 0.000319477
5.01 0.000300309
5.02 0.000281131
5.03 0.000262162
5.04 0.000243366
5.05 0.000224611
5.06 0.000205452
5.07 0.000185369
5.08 0.000164444
5.09 0.000143291
5.1 0.000122401
5.11 0.000102064
5.12 8.2697e-005
5.13 6.45113e-005
5.14 4.69408e-005
5.15 2.90578e-005
5.16 1.05156e-005
5.17 -8.4311e-006
5.18 -2.74584e-005
5.19 -4.61606e-005
5.2 -6.37377e-005
5.21 -7.92753e-005
5.22 -9.25169e-005
5.23 -0.0001039
5.24 -0.000113992
5.25 -0.000123316
5.26 -0.000132243
5.27 -0.000140728
5.28 -0.000148532
5.29 -0.000155642
5.3 -0.000162018
5.31 -0.000167274
5.32 -0.000171093
5.33 -0.000173523
5.34 -0.000174707
5.35 -0.000174527
5.36 -0.000172621
5.37 -0.000169002
5.38 -0.000164462
5.39 -0.000159822
5.4 -0.000155016
5.41 -0.000149322
5.42 -0.000142172
5.43 -0.000133716
5.44 -0.000124735
5.45 -0.000115815
5.46 -0.000106774
5.47 -9.7016e-005
5.48 -8.60404e-005
5.49 -7.35754e-005
5.5 -5.98255e-005
5.51 -4.55671e-005
5.52 -3.14143e-005
5.53 -1.735e-005
5.54 -3.27533e-006
5.55 1.06755e-005
5.56 2.43231e-005
5.57 3.742e-005
5.58 4.96362e-005
5.59 6.07283e-005
5.6 7.05383e-005
5.61 7.89074e-005
5.62 8.59159e-005
5.63 9.22351e-005
5.64 9.88681e-005
5.65 0.000106356
5.66 0.000114324
5.67 0.000121824
5.68 0.00012819
5.69 0.000133605
5.7 0.000138847
5.71 0.000144579
5.72 0.000151021
5.73 0.00015832
5.74 0.000167017
5.75 0.000177999
5.76 0.000191941
5.77 0.000208856
5.78 0.000228153
5.79 0.000248721
5.8 0.000268993
5.81 0.000287608
5.82 0.000304707
5.83 0.000322272
5.84 0.000342413
5.85 0.000365496
5.86 0.000390297
5.87 0.000415399
5.88 0.000439917
5.89 0.000463606
5.9 0.000486774
5.91 0.000509737
5.92 0.000532585
5.93 0.000555407
5.94 0.000578098
5.95 0.000599971
5.96 0.000619784
5.97 0.000636352
5.98 0.000649147
5.99 0.000658047
6 0.000662491
6.01 0.000661207
6.02 0.000653031
6.03 0.000637519
6.04 0.000614891
6.05 0.000586044
6.06 0.000552378
6.07 0.000515439
6.08 0.000476717
6.09 0.000437186
6.1 0.000397047
6.11 0.000356377
6.12 0.000315672
6.13 0.000275661
6.14 0.000237412
6.15 0.000202561
6.16 0.000172697
6.17 0.000148671
6.18 0.000130589
6.19 0.000117785
6.2 0.000108864
6.21 0.000102695
6.22 9.96022e-005
6.23 0.000101252
6.24 0.000109188
6.25 0.000123316
6.26 0.000141422
6.27 0.000159921
6.28 0.000175744
6.29 0.000188338
6.3 0.000200056
6.31 0.000213796
6.32 0.000230034
6.33 0.000246359
6.34 0.000258969
6.35 0.000264615
6.36 0.000262271
6.37 0.000254162
6.38 0.000244935
6.39 0.000238067
6.4 0.000233053
6.41 0.000227195
6.42 0.000218814
6.43 0.000207546
6.44 0.000193581
6.45 0.00017784
6.46 0.000161837
6.47 0.000146385
6.48 0.000130639
6.49 0.000112893
6.5 9.20133e-005
6.51 6.78625e-005
6.52 4.05743e-005
6.53 9.59091e-006
6.54 -2.61911e-005
6.55 -6.67593e-005
6.56 -0.000110011
6.57 -0.000152623
6.58 -0.000191296
6.59 -0.000223769
6.6 -0.000249542
6.61 -0.000269495
6.62 -0.000284768
6.63 -0.000296139
6.64 -0.000303867
6.65 -0.000307771
6.66 -0.000307751
6.67 -0.000304021
6.68 -0.000296614
6.69 -0.000284946
6.7 -0.000268169
6.71 -0.000246096
6.72 -0.000219712
6.73 -0.000190385
6.74 -0.000158665
6.75 -0.00012445
6.76 -8.75874e-005
6.77 -4.78401e-005
6.78 -5.17946e-006
6.79 3.95129e-005
6.8 8.4235e-005
6.81 0.000126639
6.82 0.00016502
6.83 0.00019821
6.84 0.000224841
6.85 0.000243623
6.86 0.000254579
6.87 0.000259207
6.88 0.000259064
6.89 0.000254626
6.9 0.000245639
6.91 0.000232511
6.92 0.00021685
6.93 0.00019996
6.94 0.000181317
6.95 0.000159167
6.96 0.000132502
6.97 0.000102033
6.98 6.94148e-005
6.99 3.60304e-005
7 3.01653e-006
7.01 -2.75492e-005
7.02 -5.28201e-005
7.03 -7.12434e-005
7.04 -8.40806e-005
7.05 -9.51596e-005
7.06 -0.00010843
7.07 -0.000125117
7.08 -0.000143833
7.09 -0.000162695
7.1 -0.00018078
7.11 -0.000198037
7.12 -0.000214512
7.13 -0.00023034
7.14 -0.000246086
7.15 -0.000262411
7.16 -0.000279478
7.17 -0.000296813
7.18 -0.000313435
7.19 -0.000327944
7.2 -0.000338915
7.21 -0.000345155
7.22 -0.000345296
7.23 -0.000337881
7.24 -0.000322356
7.25 -0.000299673
7.26 -0.000271865
7.27 -0.000240913
7.28 -0.000208132
7.29 -0.0001744
7.3 -0.000140113
7.31 -0.000104538
7.32 -6.62811e-005
7.33 -2.56535e-005
7.34 1.39831e-005
7.35 4.82155e-005
7.36 7.49499e-005
7.37 9.56201e-005
7.38 0.000113095
7.39 0.000128798
7.4 0.000142563
7.41 0.000154442
7.42 0.000165608
7.43 0.000177306
7.44 0.000188702
7.45 0.000196678
7.46 0.000198198
7.47 0.000192677
7.48 0.000182469
7.49 0.000171375
7.5 0.000162467
7.51 0.000157213
7.52 0.000156462
7.53 0.000161134
7.54 0.000171746
7.55 0.000187718
7.56 0.000206703
7.57 0.000225299
7.58 0.000241969
7.59 0.00025899
7.6 0.000280368
7.61 0.000308043
7.62 0.000340347
7.63 0.000373674
7.64 0.00040539
7.65 0.000435122
7.66 0.000464442
7.67 0.000495683
7.68 0.000529743
7.69 0.000565164
7.7 0.00059999
7.71 0.000633976
7.72 0.000668242
7.73 0.000703255
7.74 0.000738239
7.75 0.000772477
7.76 0.000806165
7.77 0.000839671
7.78 0.000872259
7.79 0.000901695
7.8 0.000925393
7.81 0.000942069
7.82 0.000952831
7.83 0.000961226
7.84 0.000971377
7.85 0.000985538
7.86 0.00100364
7.87 0.00102442
7.88 0.00104588
7.89 0.00106521
7.9 0.00107917
7.91 0.00108477
7.92 0.00108052
7.93 0.00106716
7.94 0.00104724
7.95 0.00102324
7.96 0.000996106
7.97 0.00096544
7.98 0.00093041
7.99 0.000890834
8 0.000847812
8.01 0.000802692
8.02 0.000755364
8.03 0.000704399
8.04 0.000649268
8.05 0.000591648
8.06 0.000533784
8.07 0.000476039
8.08 0.000417024
8.09 0.000355975
8.1 0.000294078
8.11 0.00023343
8.12 0.000175884
8.13 0.00012291
8.14 7.5543e-005
8.15 3.41655e-005
8.16 -1.48942e-006
8.17 -3.20967e-005
8.18 -5.83676e-005
8.19 -8.08132e-005
8.2 -0.000100126
8.21 -0.00011752
8.22 -0.000134536
8.23 -0.000152893
8.24 -0.000174253
8.25 -0.000199659
8.26 -0.000229246
8.27 -0.000262785
8.28 -0.000300156
8.29 -0.000340999
8.3 -0.000384696
8.31 -0.000431125
8.32 -0.000480827
8.33 -0.000534108
8.34 -0.00059051
8.35 -0.000649334
8.36 -0.000710231
8.37 -0.000773394
8.38 -0.000839175
8.39 -0.000907324
8.4 -0.000976955
8.41 -0.00104744
8.42 -0.00111879
8.43 -0.00119118
8.44 -0.00126463
8.45 -0.00133912
8.46 -0.00141454
8.47 -0.00149042
8.48 -0.00156597
8.49 -0.00164081
8.5 -0.00171537
8.51 -0.00179
8.52 -0.00186361
8.53 -0.00193387
8.54 -0.00199857
8.55 -0.00205675
8.56 -0.00210903
8.57 -0.00215695
8.58 -0.00220175
8.59 -0.00224356
8.6 -0.00228229
8.61 -0.0023189
8.62 -0.0023551
8.63 -0.00239211
8.64 -0.0024304
8.65 -0.00247013
8.66 -0.00251115
8.67 -0.00255259
8.68 -0.00259275
8.69 -0.00262974
8.7 -0.00266259
8.71 -0.00269133
8.72 -0.00271583
8.73 -0.00273478
8.74 -0.00274661
8.75 -0.00275111
8.76 -0.00274976
8.77 -0.00274446
8.78 -0.00273559
8.79 -0.00272137
8.8 -0.00269891
8.81 -0.00266555
8.82 -0.00261959
8.83 -0.00256122
8.84 -0.002493
8.85 -0.00241938
8.86 -0.00234505
8.87 -0.00227287
8.88 -0.00220273
8.89 -0.00213188
8.9 -0.00205698
8.91 -0.00197592
8.92 -0.00188767
8.93 -0.00179138
8.94 -0.00168615
8.95 -0.00157145
8.96 -0.00144738
8.97 -0.00131432
8.98 -0.00117312
8.99 -0.00102554
9 -0.000873918
9.01 -0.000720517
9.02 -0.000566883
9.03 -0.00041351
9.04 -0.000260333
9.05 -0.000107539
9.06 4.44262e-005
9.07 0.000195219
9.08 0.000344713
9.09 0.000493114
9.1 0.000640675
9.11 0.00078691
9.12 0.000930385
9.13 0.00106936
9.14 0.00120253
9.15 0.00132978
9.16 0.00145205
9.17 0.00156979
9.18 0.00168164
9.19 0.00178505
9.2 0.00187793
9.21 0.00195989
9.22 0.00203206
9.23 0.00209601
9.24 0.00215282
9.25 0.00220273
9.26 0.0022455
9.27 0.00228158
9.28 0.00231312
9.29 0.00234336
9.3 0.00237466
9.31 0.00240734
9.32 0.00244072
9.33 0.00247415
9.34 0.00250693
9.35 0.00253788
9.36 0.00256591
9.37 0.00259054
9.38 0.00261157
9.39 0.00262886
9.4 0.00264268
9.41 0.00265448
9.42 0.0026665
9.43 0.00268033
9.44 0.00269625
9.45 0.00271361
9.46 0.00273155
9.47 0.00274981
9.48 0.00276897
9.49 0.00278964
9.5 0.0028114
9.51 0.00283177
9.52 0.0028471
9.53 0.00285531
9.54 0.0028571
9.55 0.00285468
9.56 0.00285004
9.57 0.00284395
9.58 0.00283651
9.59 0.00282831
9.6 0.00282024
9.61 0.00281207
9.62 0.00280154
9.63 0.00278555
9.64 0.00276245
9.65 0.0027331
9.66 0.00269973
9.67 0.00266391
9.68 0.00262524
9.69 0.00258227
9.7 0.00253462
9.71 0.00248323
9.72 0.0024288
9.73 0.00237115
9.74 0.00231051
9.75 0.00224823
9.76 0.0021853
9.77 0.00212061
9.78 0.00205135
9.79 0.00197513
9.8 0.00189142
9.81 0.0018015
9.82 0.00170799
9.83 0.00161392
9.84 0.00152129
9.85 0.00143068
9.86 0.00134209
9.87 0.00125566
9.88 0.00117162
9.89 0.00108968
9.9 0.00100881
9.91 0.000928086
9.92 0.000847724
9.93 0.000768941
9.94 0.000692995
9.95 0.000620545
9.96 0.000551825
9.97 0.000487037
9.98 0.00042623
9.99 0.000368735
10 0.000312535
10.01 0.000254182
