0.1 -1.58593e-006 3.70636e-007 1.4612e-007 1.18127e-021 1.18127e-021
0.2 -3.17313e-006 7.41487e-007 2.92349e-007 1.05139e-021 1.05139e-021
0.3 -4.76162e-006 1.11256e-006 4.38687e-007 3.59531e-021 3.59531e-021
0.4 -6.35138e-006 1.48384e-006 5.85135e-007 -7.54761e-021 -7.54761e-021
0.5 -7.94243e-006 1.85534e-006 7.31693e-007 2.67719e-021 2.67719e-021
0.6 -9.53476e-006 2.22706e-006 8.78361e-007 6.53772e-021 6.53772e-021
0.7 -1.11284e-005 2.599e-006 1.02514e-006 8.68141e-021 8.68141e-021
0.8 -1.27233e-005 2.97115e-006 1.17203e-006 7.19405e-021 7.19405e-021
0.9 -1.43195e-005 3.34353e-006 1.31903e-006 7.37191e-021 7.37191e-021
1 -1.5917e-005 3.71612e-006 1.46614e-006 1.3792e-020 1.3792e-020
0.01 -1.59166e-005 3.71425e-006 1.46846e-006 7.17208e-016 7.17208e-016
0.02 -1.59151e-005 3.70895e-006 1.47514e-006 6.38089e-015 6.38089e-015
0.03 -1.59129e-005 3.70279e-006 1.4831e-006 2.41967e-014 2.41967e-014
0.04 -1.59102e-005 3.69793e-006 1.48908e-006 5.54357e-014 5.54357e-014
0.05 -1.59072e-005 3.69427e-006 1.49248e-006 9.03114e-014 9.03114e-014
0.06 -1.5904e-005 3.69169e-006 1.49305e-006 1.15313e-013 1.15313e-013
0.07 -1.5901e-005 3.69015e-006 1.49089e-006 1.20965e-013 1.20965e-013
0.08 -1.58989e-005 3.68961e-006 1.48647e-006 1.08265e-013 1.08265e-013
0.09 -1.58981e-005 3.68998e-006 1.48052e-006 8.94965e-014 8.94965e-014
0.1 -1.58988e-005 3.6911e-006 1.47381e-006 7.3623e-014 7.3623e-014
0.11 -1.59012e-005 3.69278e-006 1.46689e-006 5.79537e-014 5.79537e-014
0.12 -1.59052e-005 3.69489e-006 1.46004e-006 3.54904e-014 3.54904e-014
0.13 -1.59104e-005 3.69731e-006 1.4531e-006 8.93519e-015 8.93519e-015
0.14 -1.59164e-005 3.70002e-006 1.44561e-006 -5.43619e-015 -5.43619e-015
0.15 -1.59226e-005 3.70303e-006 1.43714e-006 9.78295e-016 9.78295e-016
0.16 -1.59285e-005 3.70648e-006 1.42742e-006 9.94084e-015 9.94084e-015
0.17 -1.59338e-005 3.71053e-006 1.4165e-006 1.46842e-014 1.46842e-014
0.18 -1.59383e-005 3.71529e-006 1.40453e-006 5.3262e-014 5.3262e-014
0.19 -1.59421e-005 3.72074e-006 1.39167e-006 1.39916e-013 1.39916e-013
0.2 -1.59453e-005 3.72668e-006 1.37806e-006 2.23439e-013 2.23439e-013
0.21 -1.59483e-005 3.7328e-006 1.36404e-006 2.58098e-013 2.58098e-013
0.22 -1.59515e-005 3.73885e-006 1.35012e-006 2.55354e-013 2.55354e-013
0.23 -1.59552e-005 3.74468e-006 1.33693e-006 2.47229e-013 2.47229e-013
0.24 -1.59596e-005 3.7501e-006 1.325e-006 2.42498e-013 2.42498e-013
0.25 -1.59646e-005 3.75497e-006 1.31467e-006 2.3938e-013 2.3938e-013
0.26 -1.59701e-005 3.75926e-006 1.30604e-006 2.50434e-013 2.50434e-013
0.27 -1.59756e-005 3.76334e-006 1.2989e-006 2.84999e-013 2.84999e-013
0.28 -1.59811e-005 3.76794e-006 1.29265e-006 3.3881e-013 3.3881e-013
0.29 -1.59862e-005 3.77351e-006 1.28654e-006 3.96001e-013 3.96001e-013
0.3 -1.59906e-005 3.77998e-006 1.27985e-006 4.35526e-013 4.35526e-013
0.31 -1.59943e-005 3.78708e-006 1.27218e-006 4.61531e-013 4.61531e-013
0.32 -1.59974e-005 3.79455e-006 1.26377e-006 4.94665e-013 4.94665e-013
0.33 -1.60001e-005 3.80197e-006 1.25543e-006 5.30979e-013 5.30979e-013
0.34 -1.60025e-005 3.80876e-006 1.24821e-006 5.43674e-013 5.43674e-013
0.35 -1.60047e-005 3.81449e-006 1.24274e-006 5.39644e-013 5.39644e-013
0.36 -1.60068e-005 3.8189e-006 1.23915e-006 5.52584e-013 5.52584e-013
0.37 -1.60089e-005 3.82187e-006 1.23745e-006 5.82562e-013 5.82562e-013
0.38 -1.60107e-005 3.82358e-006 1.2379e-006 6.06761e-013 6.06761e-013
0.39 -1.60121e-005 3.82433e-006 1.24087e-006 6.14819e-013 6.14819e-013
0.4 -1.60126e-005 3.82425e-006 1.24632e-006 6.10367e-013 6.10367e-013
0.41 -1.6012e-005 3.8233e-006 1.25354e-006 6.0395e-013 6.0395e-013
0.42 -1.60102e-005 3.82144e-006 1.26166e-006 6.00391e-013 6.00391e-013
0.43 -1.60071e-005 3.81871e-006 1.27022e-006 5.93734e-013 5.93734e-013
0.44 -1.60027e-005 3.81532e-006 1.27933e-006 5.82676e-013 5.82676e-013
0.45 -1.59973e-005 3.8114e-006 1.28927e-006 5.75859e-013 5.75859e-013
0.46 -1.59913e-005 3.80699e-006 1.29998e-006 5.78967e-013 5.78967e-013
0.47 -1.59849e-005 3.80223e-006 1.31123e-006 5.8707e-013 5.8707e-013
0.48 -1.59786e-005 3.79718e-006 1.32301e-006 5.93333e-013 5.93333e-013
0.49 -1.59726e-005 3.79171e-006 1.33562e-006 5.96857e-013 5.96857e-013
0.5 -1.59671e-005 3.78595e-006 1.34932e-006 5.98939e-013 5.98939e-013
0.51 -1.59622e-005 3.78041e-006 1.36414e-006 5.97757e-013 5.97757e-013
0.52 -1.59577e-005 3.77535e-006 1.38012e-006 5.91283e-013 5.91283e-013
0.53 -1.59534e-005 3.77091e-006 1.39737e-006 5.81956e-013 5.81956e-013
0.54 -1.59492e-005 3.76775e-006 1.41554e-006 5.74349e-013 5.74349e-013
0.55 -1.59451e-005 3.76664e-006 1.43334e-006 5.68155e-013 5.68155e-013
0.56 -1.59412e-005 3.76745e-006 1.44952e-006 5.57508e-013 5.57508e-013
0.57 -1.59372e-005 3.76844e-006 1.46397e-006 5.36982e-013 5.36982e-013
0.58 -1.59331e-005 3.7676e-006 1.47766e-006 5.08017e-013 5.08017e-013
0.59 -1.59285e-005 3.76417e-006 1.4909e-006 4.75663e-013 4.75663e-013
0.6 -1.5924e-005 3.75933e-006 1.50323e-006 4.43801e-013 4.43801e-013
0.61 -1.59195e-005 3.75427e-006 1.51361e-006 4.15321e-013 4.15321e-013
0.62 -1.59154e-005 3.74933e-006 1.52164e-006 3.90065e-013 3.90065e-013
0.63 -1.59116e-005 3.74527e-006 1.52751e-006 3.69621e-013 3.69621e-013
0.64 -1.59087e-005 3.74386e-006 1.5318e-006 3.57104e-013 3.57104e-013
0.65 -1.59068e-005 3.74514e-006 1.53505e-006 3.57682e-013 3.57682e-013
0.66 -1.5906e-005 3.74704e-006 1.53744e-006 3.76753e-013 3.76753e-013
0.67 -1.59062e-005 3.74804e-006 1.53834e-006 4.0613e-013 4.0613e-013
0.68 -1.59075e-005 3.74818e-006 1.53724e-006 4.26559e-013 4.26559e-013
0.69 -1.59097e-005 3.74785e-006 1.53439e-006 4.273e-013 4.273e-013
0.7 -1.59126e-005 3.74737e-006 1.53017e-006 4.13165e-013 4.13165e-013
0.71 -1.59158e-005 3.74729e-006 1.52401e-006 3.9331e-013 3.9331e-013
0.72 -1.59193e-005 3.7477e-006 1.51462e-006 3.73743e-013 3.73743e-013
0.73 -1.59228e-005 3.74789e-006 1.50115e-006 3.60029e-013 3.60029e-013
0.74 -1.59262e-005 3.74692e-006 1.48472e-006 3.58245e-013 3.58245e-013
0.75 -1.59292e-005 3.7443e-006 1.46809e-006 3.69775e-013 3.69775e-013
0.76 -1.59316e-005 3.74032e-006 1.45329e-006 3.8848e-013 3.8848e-013
0.77 -1.59336e-005 3.73621e-006 1.44042e-006 4.05058e-013 4.05058e-013
0.78 -1.59356e-005 3.734e-006 1.42862e-006 4.13338e-013 4.13338e-013
0.79 -1.59379e-005 3.73524e-006 1.41724e-006 4.11887e-013 4.11887e-013
0.8 -1.59406e-005 3.73953e-006 1.40618e-006 4.01975e-013 4.01975e-013
0.81 -1.59441e-005 3.74535e-006 1.39506e-006 3.89208e-013 3.89208e-013
0.82 -1.59483e-005 3.75144e-006 1.38258e-006 3.82386e-013 3.82386e-013
0.83 -1.59537e-005 3.75703e-006 1.36767e-006 3.79982e-013 3.79982e-013
0.84 -1.59599e-005 3.76183e-006 1.35094e-006 3.72787e-013 3.72787e-013
0.85 -1.59668e-005 3.76678e-006 1.33408e-006 3.67759e-013 3.67759e-013
0.86 -1.59743e-005 3.77379e-006 1.31899e-006 3.7834e-013 3.7834e-013
0.87 -1.59816e-005 3.78274e-006 1.30806e-006 3.96695e-013 3.96695e-013
0.88 -1.5988e-005 3.79114e-006 1.30344e-006 4.05945e-013 4.05945e-013
0.89 -1.59929e-005 3.79844e-006 1.30511e-006 4.04151e-013 4.04151e-013
0.9 -1.59963e-005 3.8075e-006 1.31065e-006 3.99128e-013 3.99128e-013
0.91 -1.59984e-005 3.82083e-006 1.31767e-006 3.93457e-013 3.93457e-013
0.92 -1.59993e-005 3.83664e-006 1.3268e-006 3.83957e-013 3.83957e-013
0.93 -1.59983e-005 3.85016e-006 1.34111e-006 3.71959e-013 3.71959e-013
0.94 -1.59952e-005 3.85891e-006 1.36191e-006 3.62767e-013 3.62767e-013
0.95 -1.59909e-005 3.86424e-006 1.3857e-006 3.57339e-013 3.57339e-013
0.96 -1.5986e-005 3.86852e-006 1.40646e-006 3.5132e-013 3.5132e-013
0.97 -1.59812e-005 3.87236e-006 1.42178e-006 3.4143e-013 3.4143e-013
0.98 -1.59761e-005 3.87323e-006 1.43429e-006 3.26101e-013 3.26101e-013
0.99 -1.59707e-005 3.86974e-006 1.44776e-006 3.08625e-013 3.08625e-013
1 -1.5965e-005 3.86388e-006 1.46303e-006 3.09618e-013 3.09618e-013
1.01 -1.59597e-005 3.85746e-006 1.47812e-006 3.10998e-013 3.10998e-013
1.02 -1.59546e-005 3.85017e-006 1.49056e-006 2.49655e-013 2.49655e-013
1.03 -1.59499e-005 3.84335e-006 1.501e-006 1.51165e-013 1.51165e-013
1.04 -1.59456e-005 3.84014e-006 1.51321e-006 1.14032e-013 1.14032e-013
1.05 -1.59417e-005 3.84091e-006 1.53019e-006 1.51506e-013 1.51506e-013
1.06 -1.59378e-005 3.84164e-006 1.55083e-006 1.82959e-013 1.82959e-013
1.07 -1.59336e-005 3.83842e-006 1.57143e-006 1.58458e-013 1.58458e-013
1.08 -1.59291e-005 3.83193e-006 1.5879e-006 1.16028e-013 1.16028e-013
1.09 -1.59249e-005 3.82489e-006 1.59814e-006 8.99534e-014 8.99534e-014
1.1 -1.59204e-005 3.81611e-006 1.60376e-006 5.85797e-014 5.85797e-014
1.11 -1.59149e-005 3.8027e-006 1.60881e-006 1.68115e-014 1.68115e-014
1.12 -1.59084e-005 3.78717e-006 1.61663e-006 5.50001e-015 5.50001e-015
1.13 -1.59015e-005 3.77644e-006 1.62696e-006 5.6097e-014 5.6097e-014
1.14 -1.58955e-005 3.77386e-006 1.63569e-006 1.38093e-013 1.38093e-013
1.15 -1.58912e-005 3.77936e-006 1.63735e-006 1.90251e-013 1.90251e-013
1.16 -1.58904e-005 3.79368e-006 1.62959e-006 1.94016e-013 1.94016e-013
1.17 -1.58937e-005 3.81503e-006 1.61598e-006 1.84564e-013 1.84564e-013
1.18 -1.5901e-005 3.8381e-006 1.60443e-006 1.96737e-013 1.96737e-013
1.19 -1.59114e-005 3.85744e-006 1.60048e-006 2.07204e-013 2.07204e-013
1.2 -1.59238e-005 3.86887e-006 1.60285e-006 1.54343e-013 1.54343e-013
1.21 -1.59366e-005 3.87084e-006 1.60571e-006 4.4462e-014 4.4462e-014
1.22 -1.5948e-005 3.86439e-006 1.6033e-006 -3.48235e-014 -3.48235e-014
1.23 -1.59566e-005 3.85231e-006 1.59232e-006 -5.26799e-014 -5.26799e-014
1.24 -1.59612e-005 3.83912e-006 1.57256e-006 -5.56931e-014 -5.56931e-014
1.25 -1.59618e-005 3.83131e-006 1.54635e-006 -3.01001e-014 -3.01001e-014
1.26 -1.59598e-005 3.83461e-006 1.51696e-006 5.41513e-014 5.41513e-014
1.27 -1.59569e-005 3.85008e-006 1.48768e-006 1.24042e-013 1.24042e-013
1.28 -1.59555e-005 3.87422e-006 1.46158e-006 1.24445e-013 1.24445e-013
1.29 -1.59572e-005 3.90023e-006 1.44094e-006 9.39023e-014 9.39023e-014
1.3 -1.59631e-005 3.92051e-006 1.42732e-006 6.27031e-014 6.27031e-014
1.31 -1.59732e-005 3.93215e-006 1.42099e-006 3.15089e-014 3.15089e-014
1.32 -1.59868e-005 3.93706e-006 1.41919e-006 2.90029e-015 2.90029e-015
1.33 -1.60026e-005 3.93707e-006 1.41584e-006 -1.69452e-014 -1.69452e-014
1.34 -1.60187e-005 3.93632e-006 1.4049e-006 -4.34627e-015 -4.34627e-015
1.35 -1.6034e-005 3.94379e-006 1.38589e-006 2.44086e-014 2.44086e-014
1.36 -1.60471e-005 3.96454e-006 1.36566e-006 3.13164e-014 3.13164e-014
1.37 -1.60566e-005 3.99343e-006 1.35219e-006 8.16787e-014 8.16787e-014
1.38 -1.60614e-005 4.02001e-006 1.34722e-006 2.41288e-013 2.41288e-013
1.39 -1.60622e-005 4.03649e-006 1.34509e-006 4.11791e-013 4.11791e-013
1.4 -1.60606e-005 4.0412e-006 1.33774e-006 4.62827e-013 4.62827e-013
1.41 -1.60573e-005 4.03403e-006 1.32475e-006 4.23987e-013 4.23987e-013
1.42 -1.60524e-005 4.01588e-006 1.31634e-006 3.83238e-013 3.83238e-013
1.43 -1.60456e-005 3.99272e-006 1.3227e-006 3.47141e-013 3.47141e-013
1.44 -1.60372e-005 3.9704e-006 1.3436e-006 2.94797e-013 2.94797e-013
1.45 -1.60273e-005 3.94733e-006 1.36922e-006 2.46171e-013 2.46171e-013
1.46 -1.60157e-005 3.91707e-006 1.38842e-006 2.43524e-013 2.43524e-013
1.47 -1.60018e-005 3.87524e-006 1.39893e-006 2.93455e-013 2.93455e-013
1.48 -1.59842e-005 3.82042e-006 1.4096e-006 3.58302e-013 3.58302e-013
1.49 -1.5961e-005 3.74911e-006 1.43072e-006 4.02235e-013 4.02235e-013
1.5 -1.59307e-005 3.65889e-006 1.4647e-006 4.18513e-013 4.18513e-013
1.51 -1.5894e-005 3.56116e-006 1.50702e-006 4.36718e-013 4.36718e-013
1.52 -1.5854e-005 3.48107e-006 1.55269e-006 5.16527e-013 5.16527e-013
1.53 -1.58136e-005 3.43581e-006 1.60086e-006 6.70299e-013 6.70299e-013
1.54 -1.57752e-005 3.42054e-006 1.65327e-006 8.55976e-013 8.55976e-013
1.55 -1.57411e-005 3.41979e-006 1.70918e-006 1.08062e-012 1.08062e-012
1.56 -1.57139e-005 3.4216e-006 1.76511e-006 1.37197e-012 1.37197e-012
1.57 -1.56953e-005 3.41901e-006 1.81726e-006 1.69299e-012 1.69299e-012
1.58 -1.56859e-005 3.40771e-006 1.86077e-006 1.98145e-012 1.98145e-012
1.59 -1.56846e-005 3.38561e-006 1.88994e-006 2.16539e-012 2.16539e-012
1.6 -1.56886e-005 3.35166e-006 1.90288e-006 2.16473e-012 2.16473e-012
1.61 -1.5694e-005 3.30807e-006 1.90752e-006 2.03271e-012 2.03271e-012
1.62 -1.56967e-005 3.267e-006 1.91797e-006 1.93092e-012 1.93092e-012
1.63 -1.56961e-005 3.25246e-006 1.93766e-006 1.87701e-012 1.87701e-012
1.64 -1.56956e-005 3.29071e-006 1.95174e-006 1.80653e-012 1.80653e-012
1.65 -1.57009e-005 3.39087e-006 1.94331e-006 1.81887e-012 1.81887e-012
1.66 -1.57157e-005 3.53411e-006 1.91104e-006 2.00868e-012 2.00868e-012
1.67 -1.57418e-005 3.68512e-006 1.86828e-006 2.21502e-012 2.21502e-012
1.68 -1.57797e-005 3.81267e-006 1.8288e-006 2.23189e-012 2.23189e-012
1.69 -1.58283e-005 3.90055e-006 1.79497e-006 2.06738e-012 2.06738e-012
1.7 -1.58846e-005 3.9472e-006 1.76132e-006 1.84429e-012 1.84429e-012
1.71 -1.59434e-005 3.96503e-006 1.72543e-006 1.64196e-012 1.64196e-012
1.72 -1.5999e-005 3.97873e-006 1.68859e-006 1.50652e-012 1.50652e-012
1.73 -1.60468e-005 4.01295e-006 1.64963e-006 1.42154e-012 1.42154e-012
1.74 -1.60845e-005 4.07929e-006 1.60374e-006 1.30302e-012 1.30302e-012
1.75 -1.61126e-005 4.17668e-006 1.5457e-006 1.20853e-012 1.20853e-012
1.76 -1.61347e-005 4.29604e-006 1.47258e-006 1.35037e-012 1.35037e-012
1.77 -1.61552e-005 4.41872e-006 1.38549e-006 1.80111e-012 1.80111e-012
1.78 -1.61771e-005 4.51677e-006 1.29182e-006 2.38065e-012 2.38065e-012
1.79 -1.6202e-005 4.56834e-006 1.2045e-006 2.89157e-012 2.89157e-012
1.8 -1.62308e-005 4.57312e-006 1.1331e-006 3.28886e-012 3.28886e-012
1.81 -1.62634e-005 4.54689e-006 1.07538e-006 3.54418e-012 3.54418e-012
1.82 -1.6298e-005 4.50767e-006 1.02176e-006 3.58568e-012 3.58568e-012
1.83 -1.63307e-005 4.46926e-006 9.66283e-007 3.44333e-012 3.44333e-012
1.84 -1.63569e-005 4.44087e-006 9.11415e-007 3.27171e-012 3.27171e-012
1.85 -1.63727e-005 4.42501e-006 8.65827e-007 3.21449e-012 3.21449e-012
1.86 -1.63749e-005 4.41397e-006 8.37332e-007 3.31074e-012 3.31074e-012
1.87 -1.63634e-005 4.40018e-006 8.26124e-007 3.47979e-012 3.47979e-012
1.88 -1.63426e-005 4.39399e-006 8.25194e-007 3.56809e-012 3.56809e-012
1.89 -1.63192e-005 4.41236e-006 8.27032e-007 3.51527e-012 3.51527e-012
1.9 -1.62978e-005 4.44435e-006 8.29057e-007 3.43443e-012 3.43443e-012
1.91 -1.62791e-005 4.45106e-006 8.34016e-007 3.41009e-012 3.41009e-012
1.92 -1.62617e-005 4.4014e-006 8.47139e-007 3.3905e-012 3.3905e-012
1.93 -1.62434e-005 4.2888e-006 8.71582e-007 3.34558e-012 3.34558e-012
1.94 -1.62203e-005 4.12197e-006 9.0552e-007 3.32601e-012 3.32601e-012
1.95 -1.61874e-005 3.91778e-006 9.44813e-007 3.32043e-012 3.32043e-012
1.96 -1.61408e-005 3.7035e-006 9.86358e-007 3.21343e-012 3.21343e-012
1.97 -1.60798e-005 3.51351e-006 1.02874e-006 2.9282e-012 2.9282e-012
1.98 -1.60064e-005 3.37072e-006 1.07202e-006 2.51954e-012 2.51954e-012
1.99 -1.59251e-005 3.27248e-006 1.1164e-006 2.14903e-012 2.14903e-012
2 -1.58413e-005 3.1961e-006 1.16223e-006 1.95912e-012 1.95912e-012
2.01 -1.5761e-005 3.11433e-006 1.21262e-006 1.89455e-012 1.89455e-012
2.02 -1.56888e-005 3.0093e-006 1.27465e-006 1.69122e-012 1.69122e-012
2.03 -1.5627e-005 2.87444e-006 1.35601e-006 1.2142e-012 1.2142e-012
2.04 -1.55746e-005 2.71124e-006 1.45814e-006 8.39778e-013 8.39778e-013
2.05 -1.55294e-005 2.53725e-006 1.57294e-006 1.15448e-012 1.15448e-012
2.06 -1.5489e-005 2.38477e-006 1.68813e-006 2.17919e-012 2.17919e-012
2.07 -1.54504e-005 2.27552e-006 1.79503e-006 3.33175e-012 3.33175e-012
2.08 -1.54097e-005 2.20716e-006 1.89123e-006 4.19401e-012 4.19401e-012
2.09 -1.53652e-005 2.16759e-006 1.97741e-006 4.79536e-012 4.79536e-012
2.1 -1.53188e-005 2.15214e-006 2.05224e-006 5.1744e-012 5.1744e-012
2.11 -1.52758e-005 2.16289e-006 2.11211e-006 5.19109e-012 5.19109e-012
2.12 -1.52418e-005 2.19445e-006 2.15567e-006 4.82894e-012 4.82894e-012
2.13 -1.52207e-005 2.23074e-006 2.18504e-006 4.3812e-012 4.3812e-012
2.14 -1.52146e-005 2.25765e-006 2.2043e-006 4.20765e-012 4.20765e-012
2.15 -1.52244e-005 2.27477e-006 2.21833e-006 4.3968e-012 4.3968e-012
2.16 -1.52495e-005 2.29827e-006 2.22985e-006 4.65372e-012 4.65372e-012
2.17 -1.52885e-005 2.34761e-006 2.23538e-006 4.6898e-012 4.6898e-012
2.18 -1.5338e-005 2.42451e-006 2.22446e-006 4.66089e-012 4.66089e-012
2.19 -1.53937e-005 2.51751e-006 2.18656e-006 4.77101e-012 4.77101e-012
2.2 -1.54529e-005 2.62808e-006 2.12068e-006 4.86139e-012 4.86139e-012
2.21 -1.55151e-005 2.77068e-006 2.03589e-006 4.74775e-012 4.74775e-012
2.22 -1.55805e-005 2.95025e-006 1.94428e-006 4.5364e-012 4.5364e-012
2.23 -1.56495e-005 3.155e-006 1.85448e-006 4.43059e-012 4.43059e-012
2.24 -1.57231e-005 3.36843e-006 1.76818e-006 4.45279e-012 4.45279e-012
2.25 -1.5803e-005 3.57955e-006 1.68092e-006 4.50473e-012 4.50473e-012
2.26 -1.58898e-005 3.77936e-006 1.58584e-006 4.55559e-012 4.55559e-012
2.27 -1.59831e-005 3.9625e-006 1.47739e-006 4.63808e-012 4.63808e-012
2.28 -1.60817e-005 4.13671e-006 1.35489e-006 4.73247e-012 4.73247e-012
2.29 -1.6184e-005 4.31503e-006 1.2227e-006 4.76735e-012 4.76735e-012
2.3 -1.62873e-005 4.50059e-006 1.08639e-006 4.71712e-012 4.71712e-012
2.31 -1.63899e-005 4.68938e-006 9.51346e-007 4.69187e-012 4.69187e-012
2.32 -1.649e-005 4.87824e-006 8.24167e-007 4.90617e-012 4.90617e-012
2.33 -1.65836e-005 5.06208e-006 7.11556e-007 5.42721e-012 5.42721e-012
2.34 -1.66677e-005 5.231e-006 6.16355e-007 6.16765e-012 6.16765e-012
2.35 -1.67406e-005 5.37383e-006 5.36905e-007 7.134e-012 7.134e-012
2.36 -1.68004e-005 5.4832e-006 4.70222e-007 8.26114e-012 8.26114e-012
2.37 -1.68453e-005 5.55434e-006 4.14706e-007 9.21194e-012 9.21194e-012
2.38 -1.68736e-005 5.58625e-006 3.71064e-007 9.64162e-012 9.64162e-012
2.39 -1.68859e-005 5.59187e-006 3.42457e-007 9.50486e-012 9.50486e-012
2.4 -1.68833e-005 5.59057e-006 3.35618e-007 9.00376e-012 9.00376e-012
2.41 -1.68668e-005 5.58973e-006 3.61498e-007 8.34397e-012 8.34397e-012
2.42 -1.68374e-005 5.58661e-006 4.29183e-007 7.71381e-012 7.71381e-012
2.43 -1.67966e-005 5.57135e-006 5.34562e-007 7.34588e-012 7.34588e-012
2.44 -1.67451e-005 5.52103e-006 6.58255e-007 7.37743e-012 7.37743e-012
2.45 -1.66832e-005 5.41285e-006 7.79571e-007 7.74567e-012 7.74567e-012
2.46 -1.66109e-005 5.24699e-006 8.9114e-007 8.24536e-012 8.24536e-012
2.47 -1.65289e-005 5.04478e-006 9.98866e-007 8.64027e-012 8.64027e-012
2.48 -1.64371e-005 4.82805e-006 1.1121e-006 8.78033e-012 8.78033e-012
2.49 -1.63354e-005 4.60693e-006 1.23631e-006 8.65066e-012 8.65066e-012
2.5 -1.6224e-005 4.37951e-006 1.37259e-006 8.32747e-012 8.32747e-012
2.51 -1.61039e-005 4.13952e-006 1.51858e-006 7.93697e-012 7.93697e-012
2.52 -1.59771e-005 3.88371e-006 1.66726e-006 7.63361e-012 7.63361e-012
2.53 -1.58468e-005 3.61215e-006 1.80945e-006 7.54038e-012 7.54038e-012
2.54 -1.57161e-005 3.32998e-006 1.93912e-006 7.68255e-012 7.68255e-012
2.55 -1.55888e-005 3.04866e-006 2.05465e-006 7.97832e-012 7.97832e-012
2.56 -1.54683e-005 2.78007e-006 2.15683e-006 8.2932e-012 8.2932e-012
2.57 -1.53576e-005 2.53115e-006 2.24569e-006 8.50452e-012 8.50452e-012
2.58 -1.52595e-005 2.30289e-006 2.31913e-006 8.56771e-012 8.56771e-012
2.59 -1.51753e-005 2.09134e-006 2.37645e-006 8.62937e-012 8.62937e-012
2.6 -1.51046e-005 1.89187e-006 2.421e-006 8.88747e-012 8.88747e-012
2.61 -1.50464e-005 1.70588e-006 2.4557e-006 9.36717e-012 9.36717e-012
2.62 -1.50006e-005 1.54334e-006 2.47809e-006 1.00619e-011 1.00619e-011
2.63 -1.49673e-005 1.41799e-006 2.4843e-006 1.09018e-011 1.09018e-011
2.64 -1.49458e-005 1.33441e-006 2.47727e-006 1.15802e-011 1.15802e-011
2.65 -1.4933e-005 1.27807e-006 2.46706e-006 1.17832e-011 1.17832e-011
2.66 -1.49258e-005 1.23008e-006 2.46103e-006 1.14969e-011 1.14969e-011
2.67 -1.49234e-005 1.18861e-006 2.45356e-006 1.09193e-011 1.09193e-011
2.68 -1.49279e-005 1.16933e-006 2.42763e-006 1.02328e-011 1.02328e-011
2.69 -1.49424e-005 1.18942e-006 2.36948e-006 9.64394e-012 9.64394e-012
2.7 -1.49686e-005 1.25072e-006 2.28047e-006 9.39224e-012 9.39224e-012
2.71 -1.50066e-005 1.34179e-006 2.17654e-006 9.5583e-012 9.5583e-012
2.72 -1.50563e-005 1.45704e-006 2.07851e-006 1.00088e-011 1.00088e-011
2.73 -1.51194e-005 1.60673e-006 1.99772e-006 1.05283e-011 1.05283e-011
2.74 -1.51988e-005 1.80241e-006 1.92588e-006 1.09153e-011 1.09153e-011
2.75 -1.52954e-005 2.03778e-006 1.84224e-006 1.10298e-011 1.10298e-011
2.76 -1.54081e-005 2.29567e-006 1.73465e-006 1.08454e-011 1.08454e-011
2.77 -1.55337e-005 2.56401e-006 1.60675e-006 1.04563e-011 1.04563e-011
2.78 -1.5669e-005 2.83734e-006 1.46307e-006 1.00325e-011 1.00325e-011
2.79 -1.58116e-005 3.11805e-006 1.30039e-006 9.74623e-012 9.74623e-012
2.8 -1.59601e-005 3.41833e-006 1.11984e-006 9.69963e-012 9.69963e-012
2.81 -1.61116e-005 3.74347e-006 9.36607e-007 9.88931e-012 9.88931e-012
2.82 -1.62616e-005 4.07875e-006 7.71822e-007 1.02198e-011 1.02198e-011
2.83 -1.64049e-005 4.40188e-006 6.38484e-007 1.05504e-011 1.05504e-011
2.84 -1.65383e-005 4.69758e-006 5.34443e-007 1.0752e-011 1.0752e-011
2.85 -1.66596e-005 4.9631e-006 4.48106e-007 1.07555e-011 1.07555e-011
2.86 -1.67675e-005 5.20205e-006 3.6743e-007 1.05745e-011 1.05745e-011
2.87 -1.68612e-005 5.41573e-006 2.81477e-007 1.02778e-011 1.02778e-011
2.88 -1.69421e-005 5.60816e-006 1.84828e-007 1.00152e-011 1.00152e-011
2.89 -1.70124e-005 5.78844e-006 8.58843e-008 1.01286e-011 1.01286e-011
2.9 -1.70714e-005 5.95967e-006 3.04307e-009 1.09244e-011 1.09244e-011
2.91 -1.71194e-005 6.11497e-006 -5.03441e-008 1.22435e-011 1.22435e-011
2.92 -1.71584e-005 6.24499e-006 -7.40948e-008 1.35714e-011 1.35714e-011
2.93 -1.71891e-005 6.34119e-006 -7.40427e-008 1.44673e-011 1.44673e-011
2.94 -1.72104e-005 6.39664e-006 -5.15045e-008 1.472e-011 1.472e-011
2.95 -1.72202e-005 6.40913e-006 -4.07902e-009 1.42818e-011 1.42818e-011
2.96 -1.72154e-005 6.38003e-006 6.79334e-008 1.33151e-011 1.33151e-011
2.97 -1.71923e-005 6.30792e-006 1.63257e-007 1.22253e-011 1.22253e-011
2.98 -1.71457e-005 6.18765e-006 2.84714e-007 1.14607e-011 1.14607e-011
2.99 -1.70715e-005 6.02005e-006 4.36532e-007 1.1305e-011 1.1305e-011
3 -1.69691e-005 5.82011e-006 6.17997e-007 1.17656e-011 1.17656e-011
3.01 -1.68414e-005 5.61e-006 8.22301e-007 1.25676e-011 1.25676e-011
3.02 -1.66937e-005 5.40355e-006 1.04166e-006 1.33196e-011 1.33196e-011
3.03 -1.65322e-005 5.20009e-006 1.27328e-006 1.37247e-011 1.37247e-011
3.04 -1.63628e-005 4.98566e-006 1.51844e-006 1.36482e-011 1.36482e-011
3.05 -1.61908e-005 4.73839e-006 1.77359e-006 1.31252e-011 1.31252e-011
3.06 -1.60205e-005 4.4428e-006 2.02839e-006 1.23658e-011 1.23658e-011
3.07 -1.58553e-005 4.10544e-006 2.27777e-006 1.16558e-011 1.16558e-011
3.08 -1.56968e-005 3.75371e-006 2.52641e-006 1.12358e-011 1.12358e-011
3.09 -1.55448e-005 3.41287e-006 2.77835e-006 1.12129e-011 1.12129e-011
3.1 -1.53974e-005 3.08988e-006 3.02944e-006 1.15063e-011 1.15063e-011
3.11 -1.52536e-005 2.78625e-006 3.26606e-006 1.19395e-011 1.19395e-011
3.12 -1.51157e-005 2.51772e-006 3.47109e-006 1.23812e-011 1.23812e-011
3.13 -1.49892e-005 2.30878e-006 3.63482e-006 1.27388e-011 1.27388e-011
3.14 -1.48791e-005 2.16354e-006 3.75618e-006 1.29091e-011 1.29091e-011
3.15 -1.47888e-005 2.05234e-006 3.83716e-006 1.28982e-011 1.28982e-011
3.16 -1.47195e-005 1.93339e-006 3.88176e-006 1.30127e-011 1.30127e-011
3.17 -1.46707e-005 1.77662e-006 3.89431e-006 1.36606e-011 1.36606e-011
3.18 -1.46399e-005 1.57685e-006 3.87799e-006 1.47997e-011 1.47997e-011
3.19 -1.46245e-005 1.36443e-006 3.83716e-006 1.58659e-011 1.58659e-011
3.2 -1.46223e-005 1.19171e-006 3.77844e-006 1.63827e-011 1.63827e-011
3.21 -1.46299e-005 1.0943e-006 3.70916e-006 1.63829e-011 1.63829e-011
3.22 -1.4644e-005 1.0705e-006 3.63423e-006 1.61358e-011 1.61358e-011
3.23 -1.46624e-005 1.09621e-006 3.55148e-006 1.57679e-011 1.57679e-011
3.24 -1.46861e-005 1.14792e-006 3.45063e-006 1.53242e-011 1.53242e-011
3.25 -1.47185e-005 1.21e-006 3.31797e-006 1.49691e-011 1.49691e-011
3.26 -1.47645e-005 1.27671e-006 3.13818e-006 1.49164e-011 1.49164e-011
3.27 -1.48305e-005 1.35879e-006 2.89769e-006 1.51952e-011 1.51952e-011
3.28 -1.49228e-005 1.47725e-006 2.59481e-006 1.56119e-011 1.56119e-011
3.29 -1.50444e-005 1.6423e-006 2.24682e-006 1.59585e-011 1.59585e-011
3.3 -1.51935e-005 1.84535e-006 1.88643e-006 1.61408e-011 1.61408e-011
3.31 -1.53647e-005 2.07281e-006 1.54989e-006 1.61121e-011 1.61121e-011
3.32 -1.55513e-005 2.32194e-006 1.26348e-006 1.58385e-011 1.58385e-011
3.33 -1.57454e-005 2.5953e-006 1.0345e-006 1.54014e-011 1.54014e-011
3.34 -1.59371e-005 2.88086e-006 8.51218e-007 1.50217e-011 1.50217e-011
3.35 -1.61163e-005 3.15681e-006 6.90339e-007 1.48731e-011 1.48731e-011
3.36 -1.62759e-005 3.41863e-006 5.24946e-007 1.495e-011 1.495e-011
3.37 -1.64149e-005 3.68442e-006 3.32093e-007 1.51228e-011 1.51228e-011
3.38 -1.65367e-005 3.97803e-006 1.03386e-007 1.52621e-011 1.52621e-011
3.39 -1.66476e-005 4.31227e-006 -1.48027e-007 1.53572e-011 1.53572e-011
3.4 -1.67538e-005 4.67404e-006 -3.92809e-007 1.54247e-011 1.54247e-011
3.41 -1.68594e-005 5.02165e-006 -5.99004e-007 1.53854e-011 1.53854e-011
3.42 -1.69656e-005 5.30987e-006 -7.43924e-007 1.52068e-011 1.52068e-011
3.43 -1.70716e-005 5.52163e-006 -8.20059e-007 1.50204e-011 1.50204e-011
3.44 -1.71743e-005 5.672e-006 -8.34198e-007 1.49905e-011 1.49905e-011
3.45 -1.72676e-005 5.78822e-006 -8.00483e-007 1.51079e-011 1.51079e-011
3.46 -1.73436e-005 5.88998e-006 -7.35429e-007 1.51754e-011 1.51754e-011
3.47 -1.73941e-005 5.98297e-006 -6.55489e-007 1.51668e-011 1.51668e-011
3.48 -1.74134e-005 6.06382e-006 -5.71829e-007 1.54638e-011 1.54638e-011
3.49 -1.73993e-005 6.12622e-006 -4.86162e-007 1.62424e-011 1.62424e-011
3.5 -1.73528e-005 6.15709e-006 -3.91734e-007 1.68831e-011 1.68831e-011
3.51 -1.7277e-005 6.13574e-006 -2.77603e-007 1.67156e-011 1.67156e-011
3.52 -1.71774e-005 6.05463e-006 -1.34997e-007 1.59749e-011 1.59749e-011
3.53 -1.70628e-005 5.93118e-006 3.75656e-008 1.53329e-011 1.53329e-011
3.54 -1.69418e-005 5.78674e-006 2.35687e-007 1.50129e-011 1.50129e-011
3.55 -1.68195e-005 5.62311e-006 4.53579e-007 1.48815e-011 1.48815e-011
3.56 -1.66966e-005 5.42074e-006 6.86655e-007 1.49453e-011 1.49453e-011
3.57 -1.65703e-005 5.15955e-006 9.32505e-007 1.53184e-011 1.53184e-011
3.58 -1.64373e-005 4.84191e-006 1.19085e-006 1.58809e-011 1.58809e-011
3.59 -1.62945e-005 4.49565e-006 1.46354e-006 1.62997e-011 1.62997e-011
3.6 -1.6141e-005 4.16253e-006 1.75114e-006 1.63641e-011 1.63641e-011
3.61 -1.59784e-005 3.87761e-006 2.04616e-006 1.6136e-011 1.6136e-011
3.62 -1.58101e-005 3.64527e-006 2.33189e-006 1.57869e-011 1.57869e-011
3.63 -1.564e-005 3.43483e-006 2.58992e-006 1.5433e-011 1.5433e-011
3.64 -1.54724e-005 3.20708e-006 2.8112e-006 1.5168e-011 1.5168e-011
3.65 -1.53121e-005 2.94459e-006 3.00073e-006 1.51041e-011 1.51041e-011
3.66 -1.51639e-005 2.65561e-006 3.17062e-006 1.52921e-011 1.52921e-011
3.67 -1.50306e-005 2.35752e-006 3.33342e-006 1.56337e-011 1.56337e-011
3.68 -1.49121e-005 2.06698e-006 3.49905e-006 1.59412e-011 1.59412e-011
3.69 -1.48076e-005 1.80125e-006 3.6648e-006 1.6098e-011 1.6098e-011
3.7 -1.47173e-005 1.57534e-006 3.80922e-006 1.60846e-011 1.60846e-011
3.71 -1.46425e-005 1.39663e-006 3.90422e-006 1.59071e-011 1.59071e-011
3.72 -1.45856e-005 1.26956e-006 3.92969e-006 1.56254e-011 1.56254e-011
3.73 -1.45498e-005 1.19794e-006 3.88135e-006 1.5352e-011 1.5352e-011
3.74 -1.45385e-005 1.17765e-006 3.77438e-006 1.52059e-011 1.52059e-011
3.75 -1.4554e-005 1.19613e-006 3.63271e-006 1.53314e-011 1.53314e-011
3.76 -1.45976e-005 1.24061e-006 3.47093e-006 1.57723e-011 1.57723e-011
3.77 -1.46698e-005 1.30464e-006 3.29281e-006 1.62638e-011 1.62638e-011
3.78 -1.47687e-005 1.38809e-006 3.0989e-006 1.64423e-011 1.64423e-011
3.79 -1.48898e-005 1.49241e-006 2.8869e-006 1.63016e-011 1.63016e-011
3.8 -1.50271e-005 1.62071e-006 2.65174e-006 1.60716e-011 1.60716e-011
3.81 -1.51745e-005 1.77895e-006 2.393e-006 1.58263e-011 1.58263e-011
3.82 -1.5325e-005 1.97046e-006 2.12332e-006 1.55537e-011 1.55537e-011
3.83 -1.54725e-005 2.19537e-006 1.86505e-006 1.53641e-011 1.53641e-011
3.84 -1.56142e-005 2.45533e-006 1.62832e-006 1.54021e-011 1.54021e-011
3.85 -1.57519e-005 2.74748e-006 1.39408e-006 1.56497e-011 1.56497e-011
3.86 -1.58897e-005 3.05911e-006 1.13656e-006 1.59443e-011 1.59443e-011
3.87 -1.60302e-005 3.37233e-006 8.55109e-007 1.61478e-011 1.61478e-011
3.88 -1.61743e-005 3.67057e-006 5.70403e-007 1.62183e-011 1.62183e-011
3.89 -1.63218e-005 3.94237e-006 3.01408e-007 1.61592e-011 1.61592e-011
3.9 -1.64712e-005 4.17959e-006 5.45773e-008 1.59889e-011 1.59889e-011
3.91 -1.6618e-005 4.37176e-006 -1.69346e-007 1.5767e-011 1.5767e-011
3.92 -1.67536e-005 4.50702e-006 -3.63056e-007 1.55901e-011 1.55901e-011
3.93 -1.68684e-005 4.58859e-006 -5.13722e-007 1.5524e-011 1.5524e-011
3.94 -1.69557e-005 4.64537e-006 -6.14155e-007 1.55647e-011 1.55647e-011
3.95 -1.7012e-005 4.71266e-006 -6.63481e-007 1.56814e-011 1.56814e-011
3.96 -1.70366e-005 4.80837e-006 -6.62597e-007 1.58334e-011 1.58334e-011
3.97 -1.70323e-005 4.93118e-006 -6.17966e-007 1.59422e-011 1.59422e-011
3.98 -1.70061e-005 5.07056e-006 -5.41911e-007 1.59471e-011 1.59471e-011
3.99 -1.69674e-005 5.21249e-006 -4.43551e-007 1.58785e-011 1.58785e-011
4 -1.69238e-005 5.33136e-006 -3.23651e-007 1.57724e-011 1.57724e-011
4.01 -1.68787e-005 5.38762e-006 -1.76334e-007 1.56399e-011 1.56399e-011
4.02 -1.68316e-005 5.35566e-006 2.11629e-009 1.55505e-011 1.55505e-011
4.03 -1.67815e-005 5.24484e-006 2.03084e-007 1.55554e-011 1.55554e-011
4.04 -1.67251e-005 5.08134e-006 4.10527e-007 1.56447e-011 1.56447e-011
4.05 -1.66574e-005 4.89126e-006 6.12989e-007 1.58426e-011 1.58426e-011
4.06 -1.65749e-005 4.70808e-006 8.07274e-007 1.60768e-011 1.60768e-011
4.07 -1.64776e-005 4.56582e-006 9.98601e-007 1.60711e-011 1.60711e-011
4.08 -1.63669e-005 4.4697e-006 1.19994e-006 1.57739e-011 1.57739e-011
4.09 -1.62444e-005 4.39219e-006 1.42824e-006 1.55166e-011 1.55166e-011
4.1 -1.61134e-005 4.29969e-006 1.69576e-006 1.54909e-011 1.54909e-011
4.11 -1.59778e-005 4.16806e-006 2e-006 1.55704e-011 1.55704e-011
4.12 -1.58418e-005 3.98784e-006 2.32172e-006 1.56417e-011 1.56417e-011
4.13 -1.57095e-005 3.77265e-006 2.6327e-006 1.57419e-011 1.57419e-011
4.14 -1.55839e-005 3.54665e-006 2.90702e-006 1.58726e-011 1.58726e-011
4.15 -1.54651e-005 3.32196e-006 3.12759e-006 1.59413e-011 1.59413e-011
4.16 -1.53527e-005 3.10136e-006 3.28793e-006 1.589e-011 1.589e-011
4.17 -1.52473e-005 2.88978e-006 3.39136e-006 1.57849e-011 1.57849e-011
4.18 -1.51509e-005 2.69893e-006 3.45077e-006 1.57774e-011 1.57774e-011
4.19 -1.50672e-005 2.54703e-006 3.48875e-006 1.58043e-011 1.58043e-011
4.2 -1.49998e-005 2.44731e-006 3.53153e-006 1.55484e-011 1.55484e-011
4.21 -1.49519e-005 2.39997e-006 3.5937e-006 1.51162e-011 1.51162e-011
4.22 -1.49268e-005 2.39916e-006 3.66838e-006 1.50697e-011 1.50697e-011
4.23 -1.49269e-005 2.43157e-006 3.73398e-006 1.5451e-011 1.5451e-011
4.24 -1.49507e-005 2.47371e-006 3.76802e-006 1.57699e-011 1.57699e-011
4.25 -1.49951e-005 2.51394e-006 3.75536e-006 1.5836e-011 1.5836e-011
4.26 -1.50565e-005 2.56177e-006 3.6901e-006 1.58484e-011 1.58484e-011
4.27 -1.51309e-005 2.62741e-006 3.57297e-006 1.58767e-011 1.58767e-011
4.28 -1.52138e-005 2.71713e-006 3.41009e-006 1.57741e-011 1.57741e-011
4.29 -1.53019e-005 2.83882e-006 3.2145e-006 1.55356e-011 1.55356e-011
4.3 -1.53929e-005 2.98794e-006 3.00219e-006 1.53324e-011 1.53324e-011
4.31 -1.54844e-005 3.14376e-006 2.78297e-006 1.52835e-011 1.52835e-011
4.32 -1.55766e-005 3.29363e-006 2.55836e-006 1.53685e-011 1.53685e-011
4.33 -1.5672e-005 3.44469e-006 2.32828e-006 1.55093e-011 1.55093e-011
4.34 -1.57732e-005 3.61009e-006 2.09865e-006 1.56587e-011 1.56587e-011
4.35 -1.58815e-005 3.79815e-006 1.88195e-006 1.57837e-011 1.57837e-011
4.36 -1.59974e-005 4.00978e-006 1.6859e-006 1.58343e-011 1.58343e-011
4.37 -1.61207e-005 4.23352e-006 1.50217e-006 1.57784e-011 1.57784e-011
4.38 -1.62494e-005 4.44507e-006 1.31308e-006 1.5647e-011 1.5647e-011
4.39 -1.6378e-005 4.61235e-006 1.10934e-006 1.55117e-011 1.55117e-011
4.4 -1.64977e-005 4.70822e-006 8.9797e-007 1.54294e-011 1.54294e-011
4.41 -1.65998e-005 4.73293e-006 6.93719e-007 1.54199e-011 1.54199e-011
4.42 -1.66788e-005 4.71853e-006 5.0701e-007 1.5478e-011 1.5478e-011
4.43 -1.67331e-005 4.71117e-006 3.41559e-007 1.55798e-011 1.55798e-011
4.44 -1.67655e-005 4.75524e-006 2.0062e-007 1.56835e-011 1.56835e-011
4.45 -1.67819e-005 4.87262e-006 9.18267e-008 1.57464e-011 1.57464e-011
4.46 -1.67883e-005 5.03934e-006 2.18333e-008 1.57448e-011 1.57448e-011
4.47 -1.67901e-005 5.19701e-006 -1.29312e-008 1.56841e-011 1.56841e-011
4.48 -1.67923e-005 5.29442e-006 -2.24483e-008 1.55945e-011 1.55945e-011
4.49 -1.6797e-005 5.30941e-006 -8.91139e-009 1.55148e-011 1.55148e-011
4.5 -1.68018e-005 5.24272e-006 3.61745e-008 1.54745e-011 1.54745e-011
4.51 -1.68007e-005 5.11658e-006 1.19622e-007 1.54849e-011 1.54849e-011
4.52 -1.67877e-005 4.9734e-006 2.37647e-007 1.55382e-011 1.55382e-011
4.53 -1.67569e-005 4.84877e-006 3.8184e-007 1.56113e-011 1.56113e-011
4.54 -1.67023e-005 4.75058e-006 5.49437e-007 1.56736e-011 1.56736e-011
4.55 -1.66206e-005 4.67108e-006 7.40307e-007 1.57009e-011 1.57009e-011
4.56 -1.65138e-005 4.5951e-006 9.4574e-007 1.56852e-011 1.56852e-011
4.57 -1.63873e-005 4.50032e-006 1.14983e-006 1.5637e-011 1.5637e-011
4.58 -1.62494e-005 4.37413e-006 1.34189e-006 1.55785e-011 1.55785e-011
4.59 -1.61109e-005 4.22972e-006 1.52145e-006 1.55337e-011 1.55337e-011
4.6 -1.59833e-005 4.09678e-006 1.69308e-006 1.55189e-011 1.55189e-011
4.61 -1.58752e-005 3.99045e-006 1.86291e-006 1.55373e-011 1.55373e-011
4.62 -1.57886e-005 3.89252e-006 2.0397e-006 1.55795e-011 1.55795e-011
4.63 -1.57209e-005 3.77684e-006 2.23105e-006 1.56274e-011 1.56274e-011
4.64 -1.56689e-005 3.64901e-006 2.43335e-006 1.56611e-011 1.56611e-011
4.65 -1.56313e-005 3.54276e-006 2.62647e-006 1.56681e-011 1.56681e-011
4.66 -1.5606e-005 3.48027e-006 2.77921e-006 1.56479e-011 1.56479e-011
4.67 -1.55894e-005 3.45327e-006 2.86556e-006 1.56112e-011 1.56112e-011
4.68 -1.55777e-005 3.43951e-006 2.88095e-006 1.55743e-011 1.55743e-011
4.69 -1.55688e-005 3.42623e-006 2.8418e-006 1.55513e-011 1.55513e-011
4.7 -1.55642e-005 3.42161e-006 2.77145e-006 1.55497e-011 1.55497e-011
4.71 -1.55683e-005 3.44751e-006 2.68961e-006 1.55691e-011 1.55691e-011
4.72 -1.55857e-005 3.51339e-006 2.60737e-006 1.56004e-011 1.56004e-011
4.73 -1.56187e-005 3.60245e-006 2.5218e-006 1.56299e-011 1.56299e-011
4.74 -1.56689e-005 3.6923e-006 2.41965e-006 1.56458e-011 1.56458e-011
4.75 -1.57366e-005 3.77567e-006 2.29058e-006 1.56431e-011 1.56431e-011
4.76 -1.58211e-005 3.8619e-006 2.13261e-006 1.56248e-011 1.56248e-011
4.77 -1.59211e-005 3.97423e-006 1.94944e-006 1.55994e-011 1.55994e-011
4.78 -1.60348e-005 4.13081e-006 1.74777e-006 1.55774e-011 1.55774e-011
4.79 -1.61573e-005 4.31811e-006 1.53472e-006 1.55671e-011 1.55671e-011
4.8 -1.6282e-005 4.50206e-006 1.31761e-006 1.5572e-011 1.5572e-011
4.81 -1.64031e-005 4.65819e-006 1.10202e-006 1.55891e-011 1.55891e-011
4.82 -1.65158e-005 4.77618e-006 8.86629e-007 1.56105e-011 1.56105e-011
4.83 -1.66169e-005 4.86081e-006 6.70065e-007 1.56271e-011 1.56271e-011
4.84 -1.6705e-005 4.94397e-006 4.6635e-007 1.56329e-011 1.56329e-011
4.85 -1.67809e-005 5.06433e-006 2.97862e-007 1.56263e-011 1.56263e-011
4.86 -1.68441e-005 5.21089e-006 1.701e-007 1.56099e-011 1.56099e-011
4.87 -1.68917e-005 5.31912e-006 6.49873e-008 1.55905e-011 1.55905e-011
4.88 -1.69232e-005 5.34229e-006 -4.15905e-008 1.55761e-011 1.55761e-011
4.89 -1.69411e-005 5.29422e-006 -1.57247e-007 1.55705e-011 1.55705e-011
4.9 -1.6948e-005 5.21921e-006 -2.65955e-007 1.55735e-011 1.55735e-011
4.91 -1.69448e-005 5.14719e-006 -3.47202e-007 1.55834e-011 1.55834e-011
4.92 -1.69327e-005 5.08569e-006 -4.00408e-007 1.55962e-011 1.55962e-011
4.93 -1.69153e-005 5.03643e-006 -4.4426e-007 1.56057e-011 1.56057e-011
4.94 -1.68962e-005 4.9917e-006 -4.95e-007 1.56085e-011 1.56085e-011
4.95 -1.68751e-005 4.92117e-006 -5.52032e-007 1.56052e-011 1.56052e-011
4.96 -1.68489e-005 4.79367e-006 -5.98573e-007 1.55977e-011 1.55977e-011
4.97 -1.68142e-005 4.6104e-006 -6.0857e-007 1.55831e-011 1.55831e-011
4.98 -1.67671e-005 4.39374e-006 -5.60371e-007 1.55473e-011 1.55473e-011
4.99 -1.67028e-005 4.15254e-006 -4.55574e-007 1.54889e-011 1.54889e-011
5 -1.66183e-005 3.88931e-006 -3.25713e-007 1.54278e-011 1.54278e-011
5.01 -1.65159e-005 3.62894e-006 -2.1085e-007 1.53585e-011 1.53585e-011
5.02 -1.64007e-005 3.40324e-006 -1.2633e-007 1.52618e-011 1.52618e-011
5.03 -1.62775e-005 3.21969e-006 -5.4569e-008 1.51327e-011 1.51327e-011
5.04 -1.61515e-005 3.06704e-006 3.15062e-008 1.49687e-011 1.49687e-011
5.05 -1.603e-005 2.9275e-006 1.43985e-007 1.48038e-011 1.48038e-011
5.06 -1.59186e-005 2.76895e-006 2.7599e-007 1.46873e-011 1.46873e-011
5.07 -1.582e-005 2.56203e-006 4.09173e-007 1.46055e-011 1.46055e-011
5.08 -1.57367e-005 2.31861e-006 5.24741e-007 1.45063e-011 1.45063e-011
5.09 -1.56704e-005 2.08506e-006 6.12797e-007 1.43557e-011 1.43557e-011
5.1 -1.56203e-005 1.90073e-006 6.72537e-007 1.41265e-011 1.41265e-011
5.11 -1.55849e-005 1.78888e-006 7.09523e-007 1.38165e-011 1.38165e-011
5.12 -1.55648e-005 1.7712e-006 7.32034e-007 1.35208e-011 1.35208e-011
5.13 -1.55622e-005 1.84882e-006 7.44273e-007 1.33793e-011 1.33793e-011
5.14 -1.55764e-005 1.974e-006 7.47018e-007 1.34105e-011 1.34105e-011
5.15 -1.56034e-005 2.07953e-006 7.45102e-007 1.35042e-011 1.35042e-011
5.16 -1.564e-005 2.13688e-006 7.42275e-007 1.35641e-011 1.35641e-011
5.17 -1.56844e-005 2.15964e-006 7.29696e-007 1.35962e-011 1.35962e-011
5.18 -1.57347e-005 2.17249e-006 6.89898e-007 1.3682e-011 1.3682e-011
5.19 -1.57894e-005 2.20744e-006 6.08187e-007 1.38146e-011 1.38146e-011
5.2 -1.58508e-005 2.315e-006 4.81524e-007 1.38569e-011 1.38569e-011
5.21 -1.59242e-005 2.54291e-006 3.29275e-007 1.37575e-011 1.37575e-011
5.22 -1.60121e-005 2.89098e-006 1.97566e-007 1.36245e-011 1.36245e-011
5.23 -1.61131e-005 3.31163e-006 1.42633e-007 1.35528e-011 1.35528e-011
5.24 -1.62243e-005 3.74786e-006 2.00131e-007 1.35341e-011 1.35341e-011
5.25 -1.63406e-005 4.15021e-006 3.6827e-007 1.3542e-011 1.3542e-011
5.26 -1.64544e-005 4.48874e-006 6.16577e-007 1.35953e-011 1.35953e-011
5.27 -1.6556e-005 4.76891e-006 9.06293e-007 1.36831e-011 1.36831e-011
5.28 -1.66356e-005 5.01628e-006 1.20481e-006 1.37417e-011 1.37417e-011
5.29 -1.66838e-005 5.24807e-006 1.48919e-006 1.3716e-011 1.3716e-011
5.3 -1.66975e-005 5.48112e-006 1.74517e-006 1.34761e-011 1.34761e-011
5.31 -1.66803e-005 5.74335e-006 1.96933e-006 1.29002e-011 1.29002e-011
5.32 -1.66412e-005 6.04753e-006 2.17476e-006 1.19589e-011 1.19589e-011
5.33 -1.65917e-005 6.37499e-006 2.39154e-006 1.04023e-011 1.04023e-011
5.34 -1.65425e-005 6.69413e-006 2.65584e-006 7.94469e-012 7.94469e-012
5.35 -1.65038e-005 6.98575e-006 2.99619e-006 4.9104e-012 4.9104e-012
5.36 -1.64827e-005 7.24732e-006 3.42451e-006 2.05732e-012 2.05732e-012
5.37 -1.64778e-005 7.46269e-006 3.92313e-006 -1.72849e-013 -1.72849e-013
5.38 -1.64779e-005 7.58396e-006 4.43859e-006 -1.77719e-012 -1.77719e-012
5.39 -1.64679e-005 7.57578e-006 4.90981e-006 -2.84683e-012 -2.84683e-012
5.4 -1.64344e-005 7.46407e-006 5.30488e-006 -3.40745e-012 -3.40745e-012
5.41 -1.63695e-005 7.31638e-006 5.6209e-006 -3.5472e-012 -3.5472e-012
5.42 -1.62713e-005 7.18785e-006 5.85734e-006 -3.50476e-012 -3.50476e-012
5.43 -1.61433e-005 7.08322e-006 6.00151e-006 -3.52443e-012 -3.52443e-012
5.44 -1.59945e-005 6.96077e-006 6.04387e-006 -3.75428e-012 -3.75428e-012
5.45 -1.58382e-005 6.78126e-006 6.00352e-006 -4.14494e-012 -4.14494e-012
5.46 -1.56898e-005 6.54363e-006 5.92246e-006 -4.46974e-012 -4.46974e-012
5.47 -1.55652e-005 6.26913e-006 5.83319e-006 -4.48701e-012 -4.48701e-012
5.48 -1.54761e-005 5.97534e-006 5.7426e-006 -4.06498e-012 -4.06498e-012
5.49 -1.54275e-005 5.67093e-006 5.63789e-006 -3.37651e-012 -3.37651e-012
5.5 -1.54167e-005 5.34438e-006 5.49405e-006 -2.87545e-012 -2.87545e-012
5.51 -1.54327e-005 4.96165e-006 5.27811e-006 -2.84857e-012 -2.84857e-012
5.52 -1.54624e-005 4.50802e-006 4.95823e-006 -3.17225e-012 -3.17225e-012
5.53 -1.5495e-005 4.0121e-006 4.51698e-006 -3.61465e-012 -3.61465e-012
5.54 -1.55214e-005 3.51029e-006 3.95886e-006 -4.07842e-012 -4.07842e-012
5.55 -1.55362e-005 3.02351e-006 3.30143e-006 -4.68388e-012 -4.68388e-012
5.56 -1.55405e-005 2.56276e-006 2.56057e-006 -5.23239e-012 -5.23239e-012
5.57 -1.55406e-005 2.12579e-006 1.75514e-006 -5.13341e-012 -5.13341e-012
5.58 -1.55437e-005 1.69689e-006 9.24223e-007 -4.5734e-012 -4.5734e-012
5.59 -1.55566e-005 1.25924e-006 1.22852e-007 -4.69037e-012 -4.69037e-012
5.6 -1.55843e-005 7.98792e-007 -6.07966e-007 -6.33032e-012 -6.33032e-012
5.61 -1.5627e-005 3.04077e-007 -1.26145e-006 -9.19276e-012 -9.19276e-012
5.62 -1.56762e-005 -2.18735e-007 -1.85684e-006 -1.30795e-011 -1.30795e-011
5.63 -1.57352e-005 -7.23056e-007 -2.41131e-006 -1.80898e-011 -1.80898e-011
5.64 -1.58008e-005 -1.14474e-006 -2.93898e-006 -2.35447e-011 -2.35447e-011
5.65 -1.58685e-005 -1.44652e-006 -3.44891e-006 -2.82903e-011 -2.82903e-011
5.66 -1.59316e-005 -1.64603e-006 -3.94675e-006 -3.09177e-011 -3.09177e-011
5.67 -1.59878e-005 -1.7936e-006 -4.42188e-006 -3.09897e-011 -3.09897e-011
5.68 -1.6034e-005 -1.92274e-006 -4.84513e-006 -2.97082e-011 -2.97082e-011
5.69 -1.60722e-005 -2.01674e-006 -5.18022e-006 -2.83445e-011 -2.83445e-011
5.7 -1.61082e-005 -2.02582e-006 -5.40185e-006 -2.7384e-011 -2.7384e-011
5.71 -1.61485e-005 -1.91085e-006 -5.50045e-006 -2.7043e-011 -2.7043e-011
5.72 -1.61996e-005 -1.66433e-006 -5.47378e-006 -2.76806e-011 -2.76806e-011
5.73 -1.62645e-005 -1.29088e-006 -5.31769e-006 -2.93346e-011 -2.93346e-011
5.74 -1.63458e-005 -7.80667e-007 -5.02854e-006 -3.11968e-011 -3.11968e-011
5.75 -1.6448e-005 -1.10841e-007 -4.61594e-006 -3.22291e-011 -3.22291e-011
5.76 -1.65757e-005 7.25148e-007 -4.10942e-006 -3.2119e-011 -3.2119e-011
5.77 -1.67305e-005 1.6968e-006 -3.54923e-006 -3.12517e-011 -3.12517e-011
5.78 -1.69101e-005 2.74485e-006 -2.97086e-006 -3.01423e-011 -3.01423e-011
5.79 -1.71064e-005 3.79219e-006 -2.39904e-006 -2.92052e-011 -2.92052e-011
5.8 -1.73052e-005 4.75255e-006 -1.8457e-006 -2.88545e-011 -2.88545e-011
5.81 -1.74906e-005 5.56838e-006 -1.30884e-006 -2.93923e-011 -2.93923e-011
5.82 -1.76518e-005 6.27682e-006 -7.76961e-007 -3.05697e-011 -3.05697e-011
5.83 -1.77884e-005 7.01433e-006 -2.36429e-007 -3.1692e-011 -3.1692e-011
5.84 -1.79078e-005 7.90439e-006 3.27129e-007 -3.19445e-011 -3.19445e-011
5.85 -1.80151e-005 8.94579e-006 9.35784e-007 -3.06021e-011 -3.06021e-011
5.86 -1.81108e-005 1.00259e-005 1.61427e-006 -2.78554e-011 -2.78554e-011
5.87 -1.81955e-005 1.10111e-005 2.36655e-006 -2.49264e-011 -2.49264e-011
5.88 -1.82695e-005 1.18056e-005 3.16039e-006 -2.33097e-011 -2.33097e-011
5.89 -1.83256e-005 1.23712e-005 3.94015e-006 -2.40378e-011 -2.40378e-011
5.9 -1.8358e-005 1.2728e-005 4.65895e-006 -2.72856e-011 -2.72856e-011
5.91 -1.83583e-005 1.29223e-005 5.29626e-006 -3.25502e-011 -3.25502e-011
5.92 -1.83171e-005 1.3003e-005 5.85511e-006 -3.86228e-011 -3.86228e-011
5.93 -1.82286e-005 1.30226e-005 6.35865e-006 -4.38314e-011 -4.38314e-011
5.94 -1.80915e-005 1.30148e-005 6.8474e-006 -4.69915e-011 -4.69915e-011
5.95 -1.7905e-005 1.2966e-005 7.3618e-006 -4.81036e-011 -4.81036e-011
5.96 -1.76702e-005 1.28167e-005 7.9143e-006 -4.77442e-011 -4.77442e-011
5.97 -1.73911e-005 1.25009e-005 8.48229e-006 -4.61317e-011 -4.61317e-011
5.98 -1.70762e-005 1.19866e-005 9.0253e-006 -4.34841e-011 -4.34841e-011
5.99 -1.67338e-005 1.12677e-005 9.5019e-006 -4.07487e-011 -4.07487e-011
6 -1.63672e-005 1.0322e-005 9.87478e-006 -3.93294e-011 -3.93294e-011
6.01 -1.597e-005 9.09987e-006 1.01148e-005 -3.97993e-011 -3.97993e-011
6.02 -1.55342e-005 7.57246e-006 1.02123e-005 -4.1295e-011 -4.1295e-011
6.03 -1.50493e-005 5.76218e-006 1.01928e-005 -4.24099e-011 -4.24099e-011
6.04 -1.45089e-005 3.73418e-006 1.01015e-005 -4.1921e-011 -4.1921e-011
6.05 -1.39141e-005 1.5858e-006 9.96271e-006 -3.94309e-011 -3.94309e-011
6.06 -1.32776e-005 -5.72457e-007 9.75727e-006 -3.4733e-011 -3.4733e-011
6.07 -1.26255e-005 -2.64473e-006 9.44032e-006 -2.72983e-011 -2.72983e-011
6.08 -1.19936e-005 -4.5602e-006 8.96978e-006 -1.84054e-011 -1.84054e-011
6.09 -1.14206e-005 -6.29696e-006 8.32108e-006 -1.02878e-011 -1.02878e-011
6.1 -1.09441e-005 -7.88092e-006 7.49432e-006 -3.22344e-012 -3.22344e-012
6.11 -1.06022e-005 -9.33716e-006 6.51794e-006 3.32885e-012 3.32885e-012
6.12 -1.04212e-005 -1.06487e-005 5.4453e-006 7.52863e-012 7.52863e-012
6.13 -1.04098e-005 -1.17633e-005 4.33867e-006 6.15035e-012 6.15035e-012
6.14 -1.05554e-005 -1.25956e-005 3.24632e-006 -1.46747e-012 -1.46747e-012
6.15 -1.08501e-005 -1.30222e-005 2.20339e-006 -1.28801e-011 -1.28801e-011
6.16 -1.12707e-005 -1.29351e-005 1.22739e-006 -2.41699e-011 -2.41699e-011
6.17 -1.17995e-005 -1.22906e-005 3.18187e-007 -3.15274e-011 -3.15274e-011
6.18 -1.24249e-005 -1.11157e-005 -5.35857e-007 -3.28404e-011 -3.28404e-011
6.19 -1.31323e-005 -9.50404e-006 -1.33835e-006 -2.84828e-011 -2.84828e-011
6.2 -1.3902e-005 -7.60011e-006 -2.06569e-006 -2.07158e-011 -2.07158e-011
6.21 -1.47138e-005 -5.53107e-006 -2.67586e-006 -1.22977e-011 -1.22977e-011
6.22 -1.55567e-005 -3.33103e-006 -3.13825e-006 -5.70071e-012 -5.70071e-012
6.23 -1.64203e-005 -9.46685e-007 -3.45676e-006 -2.77537e-012 -2.77537e-012
6.24 -1.73093e-005 1.67101e-006 -3.65607e-006 -4.71728e-012 -4.71728e-012
6.25 -1.82218e-005 4.47834e-006 -3.75401e-006 -1.0989e-011 -1.0989e-011
6.26 -1.91421e-005 7.31518e-006 -3.74479e-006 -1.93486e-011 -1.93486e-011
6.27 -2.00317e-005 9.95243e-006 -3.60728e-006 -2.7445e-011 -2.7445e-011
6.28 -2.0841e-005 1.2206e-005 -3.32575e-006 -3.09444e-011 -3.09444e-011
6.29 -2.1529e-005 1.40519e-005 -2.90372e-006 -2.48426e-011 -2.48426e-011
6.3 -2.208e-005 1.56395e-005 -2.35623e-006 -9.22793e-012 -9.22793e-012
6.31 -2.24959e-005 1.71435e-005 -1.70938e-006 1.04042e-011 1.04042e-011
6.32 -2.2776e-005 1.85817e-005 -1.01001e-006 2.74089e-011 2.74089e-011
6.33 -2.2914e-005 1.97923e-005 -3.3331e-007 3.66118e-011 3.66118e-011
6.34 -2.29006e-005 2.05355e-005 2.3414e-007 3.44695e-011 3.44695e-011
6.35 -2.27306e-005 2.06227e-005 6.31257e-007 2.12231e-011 2.12231e-011
6.36 -2.24385e-005 2.00271e-005 8.48778e-007 3.10289e-012 3.10289e-012
6.37 -2.20604e-005 1.89336e-005 9.18716e-007 -1.14102e-011 -1.14102e-011
6.38 -2.16294e-005 1.76715e-005 8.87103e-007 -1.72662e-011 -1.72662e-011
6.39 -2.11802e-005 1.64893e-005 7.96494e-007 -1.38901e-011 -1.38901e-011
6.4 -2.07322e-005 1.53846e-005 6.77994e-007 -3.28907e-012 -3.28907e-012
6.41 -2.02916e-005 1.42078e-005 5.53701e-007 1.05948e-011 1.05948e-011
6.42 -1.98638e-005 1.28552e-005 4.50618e-007 2.20961e-011 2.20961e-011
6.43 -1.94473e-005 1.13037e-005 4.11218e-007 2.62514e-011 2.62514e-011
6.44 -1.90292e-005 9.57855e-006 4.83385e-007 2.17885e-011 2.17885e-011
6.45 -1.85919e-005 7.76443e-006 6.91835e-007 1.15075e-011 1.15075e-011
6.46 -1.81209e-005 5.99103e-006 1.02249e-006 1.63983e-013 1.63983e-013
6.47 -1.76043e-005 4.34994e-006 1.43465e-006 -7.68941e-012 -7.68941e-012
6.48 -1.70323e-005 2.83208e-006 1.882e-006 -9.09452e-012 -9.09452e-012
6.49 -1.64009e-005 1.36968e-006 2.33177e-006 -3.89538e-012 -3.89538e-012
6.5 -1.56947e-005 -8.52339e-008 2.7757e-006 5.52872e-012 5.52872e-012
6.51 -1.49689e-005 -1.52647e-006 3.20583e-006 1.46765e-011 1.46765e-011
6.52 -1.42516e-005 -2.94442e-006 3.62116e-006 1.71107e-011 1.71107e-011
6.53 -1.3563e-005 -4.37324e-006 4.02194e-006 1.13618e-011 1.13618e-011
6.54 -1.29225e-005 -5.87703e-006 4.41003e-006 3.67889e-012 3.67889e-012
6.55 -1.23339e-005 -7.45991e-006 4.77333e-006 -2.28128e-012 -2.28128e-012
6.56 -1.18178e-005 -9.00956e-006 5.09292e-006 -6.96722e-012 -6.96722e-012
6.57 -1.13787e-005 -1.03592e-005 5.34369e-006 -7.89484e-012 -7.89484e-012
6.58 -1.1042e-005 -1.13598e-005 5.50641e-006 -1.86857e-012 -1.86857e-012
6.59 -1.08144e-005 -1.19468e-005 5.56911e-006 9.22423e-012 9.22423e-012
6.6 -1.06924e-005 -1.21677e-005 5.5292e-006 1.94374e-011 1.94374e-011
6.61 -1.06796e-005 -1.21462e-005 5.37904e-006 2.43329e-011 2.43329e-011
6.62 -1.07809e-005 -1.19976e-005 5.09621e-006 2.36529e-011 2.36529e-011
6.63 -1.09936e-005 -1.17795e-005 4.64832e-006 1.91416e-011 1.91416e-011
6.64 -1.13128e-005 -1.14796e-005 4.0157e-006 1.23253e-011 1.23253e-011
6.65 -1.17294e-005 -1.10301e-005 3.21739e-006 5.32207e-012 5.32207e-012
6.66 -1.22276e-005 -1.03546e-005 2.31458e-006 1.22148e-012 1.22148e-012
6.67 -1.27949e-005 -9.40144e-006 1.39236e-006 2.02248e-012 2.02248e-012
6.68 -1.34174e-005 -8.13469e-006 5.30537e-007 6.92624e-012 6.92624e-012
6.69 -1.40915e-005 -6.52088e-006 -2.14588e-007 1.32858e-011 1.32858e-011
6.7 -1.48184e-005 -4.55112e-006 -8.06995e-007 1.86412e-011 1.86412e-011
6.71 -1.55967e-005 -2.2842e-006 -1.21764e-006 2.17348e-011 2.17348e-011
6.72 -1.64188e-005 1.4422e-007 -1.43376e-006 2.25395e-011 2.25395e-011
6.73 -1.72508e-005 2.589e-006 -1.48522e-006 2.12527e-011 2.12527e-011
6.74 -1.81066e-005 4.97298e-006 -1.4571e-006 1.78616e-011 1.78616e-011
6.75 -1.8968e-005 7.29962e-006 -1.47613e-006 1.37456e-011 1.37456e-011
6.76 -1.98209e-005 9.60939e-006 -1.64982e-006 9.29532e-012 9.29532e-012
6.77 -2.06607e-005 1.19658e-005 -2.00842e-006 3.30078e-012 3.30078e-012
6.78 -2.14858e-005 1.44212e-005 -2.50565e-006 -9.91522e-013 -9.91522e-013
6.79 -2.23043e-005 1.69628e-005 -3.05983e-006 3.11901e-013 3.11901e-013
6.8 -2.31553e-005 1.94972e-005 -3.59644e-006 6.26467e-012 6.26467e-012
6.81 -2.40394e-005 2.18841e-005 -4.06473e-006 1.73178e-011 1.73178e-011
6.82 -2.49078e-005 2.3996e-005 -4.44508e-006 3.69128e-011 3.69128e-011
6.83 -2.56348e-005 2.57626e-005 -4.76711e-006 6.48741e-011 6.48741e-011
6.84 -2.6193e-005 2.70746e-005 -5.0513e-006 9.66254e-011 9.66254e-011
6.85 -2.66396e-005 2.78156e-005 -5.30779e-006 1.28457e-010 1.28457e-010
6.86 -2.6989e-005 2.79689e-005 -5.55565e-006 1.55909e-010 1.55909e-010
6.87 -2.71769e-005 2.76272e-005 -5.80598e-006 1.71767e-010 1.71767e-010
6.88 -2.71464e-005 2.68867e-005 -6.05021e-006 1.74145e-010 1.74145e-010
6.89 -2.68784e-005 2.57664e-005 -6.25468e-006 1.66443e-010 1.66443e-010
6.9 -2.63703e-005 2.42407e-005 -6.37572e-006 1.48648e-010 1.48648e-010
6.91 -2.56407e-005 2.23163e-005 -6.37676e-006 1.21963e-010 1.21963e-010
6.92 -2.47317e-005 2.00692e-005 -6.25151e-006 9.66795e-011 9.66795e-011
6.93 -2.36961e-005 1.75638e-005 -6.0344e-006 8.37335e-011 8.37335e-011
6.94 -2.25836e-005 1.47749e-005 -5.76902e-006 8.34605e-011 8.34605e-011
6.95 -2.14306e-005 1.16305e-005 -5.46499e-006 8.81002e-011 8.81002e-011
6.96 -2.0262e-005 8.12784e-006 -5.09173e-006 9.03113e-011 9.03113e-011
6.97 -1.90921e-005 4.38566e-006 -4.61796e-006 8.66447e-011 8.66447e-011
6.98 -1.79023e-005 5.81028e-007 -4.05276e-006 7.82832e-011 7.82832e-011
6.99 -1.6632e-005 -3.11824e-006 -3.43961e-006 6.92187e-011 6.92187e-011
7 -1.53938e-005 -6.5697e-006 -2.84913e-006 5.68352e-011 5.68352e-011
7.01 -1.42621e-005 -9.63452e-006 -2.31595e-006 3.72804e-011 3.72804e-011
7.02 -1.32435e-005 -1.21759e-005 -1.85415e-006 2.02027e-011 2.02027e-011
7.03 -1.23549e-005 -1.41425e-005 -1.46025e-006 1.55872e-011 1.55872e-011
7.04 -1.16205e-005 -1.56469e-005 -1.10056e-006 1.69932e-011 1.69932e-011
7.05 -1.10346e-005 -1.69535e-005 -6.94408e-007 1.2749e-011 1.2749e-011
7.06 -1.05879e-005 -1.82793e-005 -1.39031e-007 4.4246e-012 4.4246e-012
7.07 -1.02577e-005 -1.96383e-005 6.47646e-007 3.49107e-012 3.49107e-012
7.08 -1.00031e-005 -2.08579e-005 1.69754e-006 1.62502e-011 1.62502e-011
7.09 -9.77889e-006 -2.17249e-005 2.99149e-006 3.99128e-011 3.99128e-011
7.1 -9.50194e-006 -2.21159e-005 4.48482e-006 6.93131e-011 6.93131e-011
7.11 -9.14282e-006 -2.19946e-005 6.08762e-006 1.05157e-010 1.05157e-010
7.12 -8.77241e-006 -2.13702e-005 7.67227e-006 1.47868e-010 1.47868e-010
7.13 -8.46986e-006 -2.03173e-005 9.11895e-006 1.8645e-010 1.8645e-010
7.14 -8.25182e-006 -1.89813e-005 1.03666e-005 2.0741e-010 2.0741e-010
7.15 -8.1452e-006 -1.75133e-005 1.13979e-005 2.07962e-010 2.07962e-010
7.16 -8.18782e-006 -1.6009e-005 1.22194e-005 1.93887e-010 1.93887e-010
7.17 -8.4125e-006 -1.44882e-005 1.28575e-005 1.72687e-010 1.72687e-010
7.18 -8.82716e-006 -1.29007e-005 1.33572e-005 1.50088e-010 1.50088e-010
7.19 -9.4278e-006 -1.11431e-005 1.37601e-005 1.30757e-010 1.30757e-010
7.2 -1.02026e-005 -9.10371e-006 1.4076e-005 1.19564e-010 1.19564e-010
7.21 -1.11156e-005 -6.69347e-006 1.42858e-005 1.18886e-010 1.18886e-010
7.22 -1.21473e-005 -3.84614e-006 1.43493e-005 1.25341e-010 1.25341e-010
7.23 -1.32838e-005 -5.23922e-007 1.42258e-005 1.30875e-010 1.30875e-010
7.24 -1.45203e-005 3.22149e-006 1.38849e-005 1.29705e-010 1.29705e-010
7.25 -1.58499e-005 7.23155e-006 1.33164e-005 1.20102e-010 1.20102e-010
7.26 -1.72468e-005 1.12935e-005 1.25314e-005 1.02714e-010 1.02714e-010
7.27 -1.86463e-005 1.522e-005 1.15499e-005 8.28498e-011 8.28498e-011
7.28 -2.00662e-005 1.88984e-005 1.04142e-005 6.50518e-011 6.50518e-011
7.29 -2.13937e-005 2.23037e-005 9.16255e-006 5.0345e-011 5.0345e-011
7.3 -2.26608e-005 2.54198e-005 7.78217e-006 4.11733e-011 4.11733e-011
7.31 -2.37666e-005 2.83263e-005 6.29517e-006 3.73941e-011 3.73941e-011
7.32 -2.46592e-005 3.1063e-005 4.73172e-006 2.98153e-011 2.98153e-011
7.33 -2.52201e-005 3.36436e-005 3.12065e-006 7.98933e-012 7.98933e-012
7.34 -2.52952e-005 3.58874e-005 1.43206e-006 -1.41641e-011 -1.41641e-011
7.35 -2.53695e-005 3.73603e-005 -2.60954e-007 9.18895e-012 9.18895e-012
7.36 -2.54399e-005 3.79395e-005 -1.94076e-006 1.04235e-010 1.04235e-010
7.37 -2.57121e-005 3.76219e-005 -3.54721e-006 2.39991e-010 2.39991e-010
7.38 -2.593e-005 3.66175e-005 -5.12797e-006 3.7544e-010 3.7544e-010
7.39 -2.60306e-005 3.50393e-005 -6.67766e-006 4.92358e-010 4.92358e-010
7.4 -2.59816e-005 3.29206e-005 -8.17506e-006 5.64671e-010 5.64671e-010
7.41 -2.57962e-005 3.02955e-005 -9.59455e-006 5.57087e-010 5.57087e-010
7.42 -2.54868e-005 2.72745e-005 -1.09141e-005 4.6973e-010 4.6973e-010
7.43 -2.50797e-005 2.39706e-005 -1.21017e-005 3.5001e-010 3.5001e-010
7.44 -2.46241e-005 2.03873e-005 -1.31221e-005 2.52763e-010 2.52763e-010
7.45 -2.41298e-005 1.64124e-005 -1.39545e-005 2.05825e-010 2.05825e-010
7.46 -2.35503e-005 1.19723e-005 -1.45784e-005 2.09784e-010 2.09784e-010
7.47 -2.28435e-005 7.16762e-006 -1.49646e-005 2.4989e-010 2.4989e-010
7.48 -2.20259e-005 2.26231e-006 -1.51061e-005 2.98057e-010 2.98057e-010
7.49 -2.10527e-005 -2.42624e-006 -1.50059e-005 3.15568e-010 3.15568e-010
7.5 -1.99468e-005 -6.64993e-006 -1.47121e-005 2.73954e-010 2.73954e-010
7.51 -1.87489e-005 -1.03305e-005 -1.43127e-005 1.68749e-010 1.68749e-010
7.52 -1.74926e-005 -1.34788e-005 -1.38874e-005 8.14762e-012 8.14762e-012
7.53 -1.61144e-005 -1.61353e-005 -1.35084e-005 -1.84114e-010 -1.84114e-010
7.54 -1.48896e-005 -1.8315e-005 -1.31121e-005 -3.6629e-010 -3.6629e-010
7.55 -1.38461e-005 -2.01119e-005 -1.26421e-005 -5.05272e-010 -5.05272e-010
7.56 -1.29783e-005 -2.16544e-005 -1.20598e-005 -5.81514e-010 -5.81514e-010
7.57 -1.23195e-005 -2.30911e-005 -1.13541e-005 -5.84199e-010 -5.84199e-010
7.58 -1.18127e-005 -2.44077e-005 -1.04948e-005 -5.2551e-010 -5.2551e-010
7.59 -1.15485e-005 -2.53155e-005 -9.4317e-006 -4.39716e-010 -4.39716e-010
7.6 -1.14549e-005 -2.54841e-005 -8.15447e-006 -3.64052e-010 -3.64052e-010
7.61 -1.14748e-005 -2.47649e-005 -6.68408e-006 -3.21642e-010 -3.21642e-010
7.62 -1.15814e-005 -2.32738e-005 -5.0514e-006 -3.1494e-010 -3.1494e-010
7.63 -1.17425e-005 -2.12986e-005 -3.29237e-006 -3.29295e-010 -3.29295e-010
7.64 -1.19431e-005 -1.91016e-005 -1.42474e-006 -3.41993e-010 -3.41993e-010
7.65 -1.21921e-005 -1.68139e-005 5.50156e-007 -3.31715e-010 -3.31715e-010
7.66 -1.25125e-005 -1.44288e-005 2.62775e-006 -2.86011e-010 -2.86011e-010
7.67 -1.29226e-005 -1.1862e-005 4.78696e-006 -2.05701e-010 -2.05701e-010
7.68 -1.34173e-005 -9.07698e-006 6.99418e-006 -1.05303e-010 -1.05303e-010
7.69 -1.38538e-005 -6.15489e-006 9.20131e-006 -8.93938e-012 -8.93938e-012
7.7 -1.41538e-005 -3.18552e-006 1.13766e-005 6.14557e-011 6.14557e-011
7.71 -1.44191e-005 -1.36782e-007 1.34968e-005 9.38271e-011 9.38271e-011
7.72 -1.46834e-005 3.0808e-006 1.55504e-005 8.25302e-011 8.25302e-011
7.73 -1.49442e-005 6.48047e-006 1.7524e-005 2.93606e-011 2.93606e-011
7.74 -1.52001e-005 9.98764e-006 1.93926e-005 -4.76073e-011 -4.76073e-011
7.75 -1.52086e-005 1.35407e-005 2.11938e-005 -1.23567e-010 -1.23567e-010
7.76 -1.46186e-005 1.71107e-005 2.29227e-005 -2.08386e-010 -2.08386e-010
7.77 -1.36283e-005 2.06123e-005 2.44699e-005 -3.5082e-010 -3.5082e-010
7.78 -1.23411e-005 2.39193e-005 2.5736e-005 -5.69649e-010 -5.69649e-010
7.79 -1.12095e-005 2.67966e-005 2.6549e-005 -8.2054e-010 -8.2054e-010
7.8 -1.05093e-005 2.90735e-005 2.68307e-005 -1.04138e-009 -1.04138e-009
7.81 -1.04374e-005 3.06683e-005 2.65254e-005 -1.19287e-009 -1.19287e-009
7.82 -1.08385e-005 3.17124e-005 2.5661e-005 -1.25293e-009 -1.25293e-009
7.83 -1.14149e-005 3.24885e-005 2.43207e-005 -1.20149e-009 -1.20149e-009
7.84 -1.19982e-005 3.32788e-005 2.2577e-005 -1.04535e-009 -1.04535e-009
7.85 -1.25784e-005 3.41845e-005 2.04962e-005 -8.37015e-010 -8.37015e-010
7.86 -1.32078e-005 3.51199e-005 1.81624e-005 -6.46018e-010 -6.46018e-010
7.87 -1.39598e-005 3.59086e-005 1.56505e-005 -5.25651e-010 -5.25651e-010
7.88 -1.49146e-005 3.63329e-005 1.3002e-005 -4.91487e-010 -4.91487e-010
7.89 -1.60861e-005 3.61757e-005 1.02313e-005 -5.18026e-010 -5.18026e-010
7.9 -1.7487e-005 3.52551e-005 7.35669e-006 -5.57941e-010 -5.57941e-010
7.91 -1.90641e-005 3.34832e-005 4.41087e-006 -5.6229e-010 -5.6229e-010
7.92 -2.06977e-005 3.09233e-005 1.4384e-006 -4.95924e-010 -4.95924e-010
7.93 -2.22583e-005 2.78004e-005 -1.51083e-006 -3.51717e-010 -3.51717e-010
7.94 -2.35728e-005 2.44267e-005 -4.41232e-006 -1.55417e-010 -1.55417e-010
7.95 -2.45343e-005 2.10513e-005 -7.24855e-006 4.60468e-011 4.60468e-011
7.96 -2.50757e-005 1.77503e-005 -1.00013e-005 2.0245e-010 2.0245e-010
7.97 -2.50855e-005 1.44421e-005 -1.26461e-005 2.79186e-010 2.79186e-010
7.98 -2.45448e-005 1.10053e-005 -1.51167e-005 2.63909e-010 2.63909e-010
7.99 -2.37104e-005 7.31242e-006 -1.73776e-005 1.55841e-010 1.55841e-010
8 -2.28343e-005 3.33094e-006 -1.93619e-005 -2.16937e-011 -2.16937e-011
8.01 -2.2003e-005 -8.84445e-007 -2.09885e-005 -2.1568e-010 -2.1568e-010
8.02 -2.12337e-005 -5.2738e-006 -2.21884e-005 -3.86173e-010 -3.86173e-010
8.03 -2.03147e-005 -9.84009e-006 -2.29847e-005 -5.3988e-010 -5.3988e-010
8.04 -1.88528e-005 -1.45112e-005 -2.34673e-005 -7.09366e-010 -7.09366e-010
8.05 -1.68e-005 -1.89907e-005 -2.36381e-005 -9.00341e-010 -9.00341e-010
8.06 -1.42183e-005 -2.30034e-005 -2.35601e-005 -1.09018e-009 -1.09018e-009
8.07 -1.15343e-005 -2.63907e-005 -2.32126e-005 -1.26747e-009 -1.26747e-009
8.08 -8.81881e-006 -2.92133e-005 -2.26712e-005 -1.4196e-009 -1.4196e-009
8.09 -6.42505e-006 -3.14756e-005 -2.1895e-005 -1.50657e-009 -1.50657e-009
8.1 -4.29096e-006 -3.32392e-005 -2.08468e-005 -1.48087e-009 -1.48087e-009
8.11 -2.76219e-006 -3.44124e-005 -1.94863e-005 -1.34026e-009 -1.34026e-009
8.12 -1.81129e-006 -3.49712e-005 -1.78032e-005 -1.14376e-009 -1.14376e-009
8.13 -1.3639e-006 -3.49279e-005 -1.58241e-005 -9.59157e-010 -9.59157e-010
8.14 -1.43156e-006 -3.42719e-005 -1.35787e-005 -8.27265e-010 -8.27265e-010
8.15 -2.02021e-006 -3.29986e-005 -1.109e-005 -7.68757e-010 -7.68757e-010
8.16 -3.07378e-006 -3.11405e-005 -8.363e-006 -7.82116e-010 -7.82116e-010
8.17 -4.505e-006 -2.87353e-005 -5.42318e-006 -8.33328e-010 -8.33328e-010
8.18 -6.21894e-006 -2.58095e-005 -2.34456e-006 -8.65353e-010 -8.65353e-010
8.19 -8.14642e-006 -2.2386e-005 7.56155e-007 -8.30798e-010 -8.30798e-010
8.2 -1.01775e-005 -1.85099e-005 3.76918e-006 -7.18677e-010 -7.18677e-010
8.21 -1.22003e-005 -1.42756e-005 6.61936e-006 -5.51027e-010 -5.51027e-010
8.22 -1.37503e-005 -9.7871e-006 9.32024e-006 -3.69494e-010 -3.69494e-010
8.23 -1.40266e-005 -5.2479e-006 1.18506e-005 -2.26622e-010 -2.26622e-010
8.24 -1.35014e-005 -8.51813e-007 1.42598e-005 -1.6519e-010 -1.6519e-010
8.25 -1.28307e-005 3.32738e-006 1.66461e-005 -2.12705e-010 -2.12705e-010
8.26 -1.21532e-005 7.24118e-006 1.90743e-005 -3.77087e-010 -3.77087e-010
8.27 -1.14613e-005 1.08627e-005 2.15494e-005 -6.16599e-010 -6.16599e-010
8.28 -1.08288e-005 1.41635e-005 2.40333e-005 -8.58419e-010 -8.58419e-010
8.29 -1.02403e-005 1.71354e-005 2.64492e-005 -1.0485e-009 -1.0485e-009
8.3 -9.57458e-006 1.98e-005 2.87364e-005 -1.16173e-009 -1.16173e-009
8.31 -8.64081e-006 2.21379e-005 3.08472e-005 -1.19165e-009 -1.19165e-009
8.32 -7.33818e-006 2.41006e-005 3.26795e-005 -1.16622e-009 -1.16622e-009
8.33 -5.753e-006 2.56559e-005 3.42019e-005 -1.14304e-009 -1.14304e-009
8.34 -4.37948e-006 2.67557e-005 3.52963e-005 -1.15864e-009 -1.15864e-009
8.35 -3.41246e-006 2.74015e-005 3.59128e-005 -1.21874e-009 -1.21874e-009
8.36 -3.03859e-006 2.7575e-005 3.60067e-005 -1.31377e-009 -1.31377e-009
8.37 -3.03501e-006 2.72709e-005 3.56248e-005 -1.41508e-009 -1.41508e-009
8.38 -3.26085e-006 2.64811e-005 3.4833e-005 -1.47809e-009 -1.47809e-009
8.39 -3.74071e-006 2.52171e-005 3.36874e-005 -1.46551e-009 -1.46551e-009
8.4 -4.46947e-006 2.35395e-005 3.22602e-005 -1.37113e-009 -1.37113e-009
8.41 -5.38286e-006 2.15125e-005 3.06207e-005 -1.22189e-009 -1.22189e-009
8.42 -6.45976e-006 1.91573e-005 2.8794e-005 -1.05849e-009 -1.05849e-009
8.43 -7.64766e-006 1.6492e-005 2.67814e-005 -9.13591e-010 -9.13591e-010
8.44 -8.91429e-006 1.35541e-005 2.45597e-005 -8.05752e-010 -8.05752e-010
8.45 -1.02451e-005 1.03648e-005 2.21201e-005 -7.40377e-010 -7.40377e-010
8.46 -1.15743e-005 6.95578e-006 1.94636e-005 -7.03128e-010 -7.03128e-010
8.47 -1.28796e-005 3.39535e-006 1.65987e-005 -6.6195e-010 -6.6195e-010
8.48 -1.40947e-005 -2.50666e-007 1.35488e-005 -5.89998e-010 -5.89998e-010
8.49 -1.51042e-005 -3.94464e-006 1.03335e-005 -4.92806e-010 -4.92806e-010
8.5 -1.50464e-005 -7.7341e-006 6.91528e-006 -4.01122e-010 -4.01122e-010
8.51 -1.34677e-005 -1.15113e-005 3.46732e-006 -3.4645e-010 -3.4645e-010
8.52 -1.1588e-005 -1.5208e-005 3.54907e-008 -3.65334e-010 -3.65334e-010
8.53 -9.92294e-006 -1.86617e-005 -3.33696e-006 -4.80681e-010 -4.80681e-010
8.54 -8.51497e-006 -2.17148e-005 -6.55918e-006 -6.69913e-010 -6.69913e-010
8.55 -7.40103e-006 -2.42979e-005 -9.56225e-006 -8.83651e-010 -8.83651e-010
8.56 -6.59184e-006 -2.64411e-005 -1.22862e-005 -1.07786e-009 -1.07786e-009
8.57 -6.02869e-006 -2.82301e-005 -1.47171e-005 -1.21192e-009 -1.21192e-009
8.58 -5.66335e-006 -2.97249e-005 -1.68594e-005 -1.25146e-009 -1.25146e-009
8.59 -5.45822e-006 -3.09112e-005 -1.87359e-005 -1.20727e-009 -1.20727e-009
8.6 -5.37491e-006 -3.17498e-005 -2.03719e-005 -1.13564e-009 -1.13564e-009
8.61 -5.23057e-006 -3.22742e-005 -2.18011e-005 -1.09036e-009 -1.09036e-009
8.62 -4.86995e-006 -3.25594e-005 -2.30264e-005 -1.10634e-009 -1.10634e-009
8.63 -4.59847e-006 -3.26108e-005 -2.39501e-005 -1.19339e-009 -1.19339e-009
8.64 -4.56183e-006 -3.241e-005 -2.44808e-005 -1.31692e-009 -1.31692e-009
8.65 -4.71382e-006 -3.19667e-005 -2.45584e-005 -1.42249e-009 -1.42249e-009
8.66 -4.94225e-006 -3.12971e-005 -2.41583e-005 -1.47484e-009 -1.47484e-009
8.67 -5.284e-006 -3.0375e-005 -2.32636e-005 -1.45772e-009 -1.45772e-009
8.68 -5.79144e-006 -2.91445e-005 -2.18873e-005 -1.36715e-009 -1.36715e-009
8.69 -6.48281e-006 -2.7565e-005 -2.00782e-005 -1.22244e-009 -1.22244e-009
8.7 -7.36702e-006 -2.56509e-005 -1.79022e-005 -1.06698e-009 -1.06698e-009
8.71 -8.41663e-006 -2.34764e-005 -1.54535e-005 -9.4355e-010 -9.4355e-010
8.72 -9.60444e-006 -2.1091e-005 -1.28412e-005 -8.70442e-010 -8.70442e-010
8.73 -1.09384e-005 -1.8456e-005 -1.01641e-005 -8.38803e-010 -8.38803e-010
8.74 -1.24359e-005 -1.55001e-005 -7.47717e-006 -8.25302e-010 -8.25302e-010
8.75 -1.40976e-005 -1.22189e-005 -4.78807e-006 -8.04489e-010 -8.04489e-010
8.76 -1.58915e-005 -8.69887e-006 -2.07798e-006 -7.53835e-010 -7.53835e-010
8.77 -1.77642e-005 -5.06585e-006 6.62192e-007 -6.59395e-010 -6.59395e-010
8.78 -1.85465e-005 -1.28111e-006 3.49798e-006 -5.33321e-010 -5.33321e-010
8.79 -1.74277e-005 2.64445e-006 6.25088e-006 -4.17873e-010 -4.17873e-010
8.8 -1.61252e-005 6.89542e-006 8.87398e-006 -3.52775e-010 -3.52775e-010
8.81 -1.48901e-005 1.15542e-005 1.12642e-005 -3.71834e-010 -3.71834e-010
8.82 -1.36346e-005 1.658e-005 1.33706e-005 -5.01092e-010 -5.01092e-010
8.83 -1.25248e-005 2.18051e-005 1.51706e-005 -7.12697e-010 -7.12697e-010
8.84 -1.16604e-005 2.69251e-005 1.66625e-005 -9.3919e-010 -9.3919e-010
8.85 -1.11236e-005 3.15468e-005 1.78417e-005 -1.12606e-009 -1.12606e-009
8.86 -1.08713e-005 3.53573e-005 1.87012e-005 -1.23758e-009 -1.23758e-009
8.87 -1.06015e-005 3.82555e-005 1.92321e-005 -1.24545e-009 -1.24545e-009
8.88 -1.04714e-005 4.02878e-005 1.94063e-005 -1.14515e-009 -1.14515e-009
8.89 -1.05765e-005 4.16291e-005 1.92108e-005 -9.83657e-010 -9.83657e-010
8.9 -1.07177e-005 4.26223e-005 1.8685e-005 -8.44572e-010 -8.44572e-010
8.91 -1.07954e-005 4.3447e-005 1.78887e-005 -7.90246e-010 -7.90246e-010
8.92 -1.07454e-005 4.40995e-005 1.68801e-005 -8.18137e-010 -8.18137e-010
8.93 -1.06946e-005 4.4473e-005 1.57145e-005 -8.80008e-010 -8.80008e-010
8.94 -1.0771e-005 4.44555e-005 1.44396e-005 -9.35592e-010 -9.35592e-010
8.95 -1.10608e-005 4.39534e-005 1.30991e-005 -9.65983e-010 -9.65983e-010
8.96 -1.16012e-005 4.28818e-005 1.17407e-005 -9.51667e-010 -9.51667e-010
8.97 -1.24182e-005 4.12241e-005 1.03969e-005 -8.75821e-010 -8.75821e-010
8.98 -1.34952e-005 3.90224e-005 9.06393e-006 -7.50498e-010 -7.50498e-010
8.99 -1.47716e-005 3.63492e-005 7.71206e-006 -6.17477e-010 -6.17477e-010
9 -1.61604e-005 3.32919e-005 6.30471e-006 -5.15495e-010 -5.15495e-010
9.01 -1.75551e-005 2.99583e-005 4.81537e-006 -4.56436e-010 -4.56436e-010
9.02 -1.88503e-005 2.64732e-005 3.24146e-006 -4.31959e-010 -4.31959e-010
9.03 -1.99708e-005 2.29674e-005 1.59807e-006 -4.27663e-010 -4.27663e-010
9.04 -2.08918e-005 1.9527e-005 -7.56266e-008 -4.25726e-010 -4.25726e-010
9.05 -2.16043e-005 1.61472e-005 -1.72464e-006 -4.06607e-010 -4.06607e-010
9.06 -2.2173e-005 1.27542e-005 -3.30589e-006 -3.69433e-010 -3.69433e-010
9.07 -2.25589e-005 9.24132e-006 -4.76096e-006 -3.42092e-010 -3.42092e-010
9.08 -2.2351e-005 5.49672e-006 -6.06311e-006 -3.51391e-010 -3.51391e-010
9.09 -2.10816e-005 1.57647e-006 -7.0978e-006 -4.06111e-010 -4.06111e-010
9.1 -1.92878e-005 -2.49136e-006 -7.89098e-006 -5.10283e-010 -5.10283e-010
9.11 -1.7359e-005 -6.65337e-006 -8.47134e-006 -6.58871e-010 -6.58871e-010
9.12 -1.53349e-005 -1.08534e-005 -8.89528e-006 -8.25961e-010 -8.25961e-010
9.13 -1.33095e-005 -1.50259e-005 -9.22463e-006 -9.70219e-010 -9.70219e-010
9.14 -1.12618e-005 -1.90321e-005 -9.49227e-006 -1.05538e-009 -1.05538e-009
9.15 -9.23603e-006 -2.26979e-005 -9.72286e-006 -1.07504e-009 -1.07504e-009
9.16 -7.29313e-006 -2.58457e-005 -9.91778e-006 -1.0476e-009 -1.0476e-009
9.17 -5.50673e-006 -2.83786e-005 -1.00765e-005 -9.97627e-010 -9.97627e-010
9.18 -3.92919e-006 -3.0369e-005 -1.02002e-005 -9.5056e-010 -9.5056e-010
9.19 -2.58022e-006 -3.19965e-005 -1.02717e-005 -9.23115e-010 -9.23115e-010
9.2 -1.41835e-006 -3.34419e-005 -1.02296e-005 -9.22714e-010 -9.22714e-010
9.21 -3.85508e-007 -3.47745e-005 -9.98988e-006 -9.52185e-010 -9.52185e-010
9.22 4.68773e-007 -3.59113e-005 -9.50634e-006 -9.98374e-010 -9.98374e-010
9.23 1.01971e-006 -3.67159e-005 -8.79272e-006 -1.02898e-009 -1.02898e-009
9.24 1.09874e-006 -3.70524e-005 -7.94257e-006 -1.01725e-009 -1.01725e-009
9.25 7.45522e-007 -3.68534e-005 -7.06443e-006 -9.64154e-010 -9.64154e-010
9.26 1.19874e-007 -3.61167e-005 -6.24858e-006 -8.9022e-010 -8.9022e-010
9.27 -6.88977e-007 -3.48243e-005 -5.53937e-006 -8.16882e-010 -8.16882e-010
9.28 -1.72323e-006 -3.28737e-005 -4.94669e-006 -7.58405e-010 -7.58405e-010
9.29 -3.05757e-006 -3.01477e-005 -4.44091e-006 -7.22688e-010 -7.22688e-010
9.3 -4.76101e-006 -2.66243e-005 -3.94939e-006 -7.10396e-010 -7.10396e-010
9.31 -6.86554e-006 -2.24256e-005 -3.37343e-006 -7.10482e-010 -7.10482e-010
9.32 -9.36833e-006 -1.77422e-005 -2.62646e-006 -7.03356e-010 -7.03356e-010
9.33 -1.22486e-005 -1.27409e-005 -1.67629e-006 -6.71828e-010 -6.71828e-010
9.34 -1.54554e-005 -7.55631e-006 -5.54865e-007 -6.10033e-010 -6.10033e-010
9.35 -1.88291e-005 -2.33279e-006 6.70023e-007 -5.24514e-010 -5.24514e-010
9.36 -1.9839e-005 2.87502e-006 1.94158e-006 -4.34193e-010 -4.34193e-010
9.37 -1.93035e-005 8.10336e-006 3.09065e-006 -3.59928e-010 -3.59928e-010
9.38 -1.87956e-005 1.33466e-005 4.06143e-006 -3.21585e-010 -3.21585e-010
9.39 -1.83255e-005 1.85947e-005 4.78645e-006 -3.46368e-010 -3.46368e-010
9.4 -1.77519e-005 2.38399e-005 5.23277e-006 -4.3326e-010 -4.3326e-010
9.41 -1.71171e-005 2.90583e-005 5.38921e-006 -5.4009e-010 -5.4009e-010
9.42 -1.64227e-005 3.42302e-005 5.27171e-006 -6.32743e-010 -6.32743e-010
9.43 -1.57611e-005 3.92678e-005 4.91936e-006 -6.97914e-010 -6.97914e-010
9.44 -1.47081e-005 4.40709e-005 4.33506e-006 -7.16249e-010 -7.16249e-010
9.45 -1.24342e-005 4.85138e-005 3.52121e-006 -6.6581e-010 -6.6581e-010
9.46 -9.95365e-006 5.22347e-005 2.62435e-006 -5.45171e-010 -5.45171e-010
9.47 -7.96287e-006 5.5158e-005 1.78113e-006 -3.96e-010 -3.96e-010
9.48 -6.45354e-006 5.73736e-005 9.90057e-007 -2.80748e-010 -2.80748e-010
9.49 -5.57003e-006 5.89234e-005 2.47749e-007 -2.07774e-010 -2.07774e-010
9.5 -5.17408e-006 5.99106e-005 -4.93943e-007 -1.48282e-010 -1.48282e-010
9.51 -5.24287e-006 6.03079e-005 -1.28238e-006 -1.01951e-010 -1.01951e-010
9.52 -5.70037e-006 6.00121e-005 -2.12716e-006 -8.16673e-011 -8.16673e-011
9.53 -6.36657e-006 5.89517e-005 -3.02047e-006 -7.80695e-011 -7.80695e-011
9.54 -7.104e-006 5.72365e-005 -3.9388e-006 -7.09975e-011 -7.09975e-011
9.55 -7.86596e-006 5.50426e-005 -4.81702e-006 -5.74981e-011 -5.74981e-011
9.56 -8.62316e-006 5.24838e-005 -5.58305e-006 -4.12736e-011 -4.12736e-011
9.57 -9.40288e-006 4.95924e-005 -6.1938e-006 -1.60489e-011 -1.60489e-011
9.58 -1.03071e-005 4.63416e-005 -6.63779e-006 2.24009e-011 2.24009e-011
9.59 -1.14069e-005 4.27443e-005 -6.96012e-006 6.50212e-011 6.50212e-011
9.6 -1.27203e-005 3.88548e-005 -7.20995e-006 9.77339e-011 9.77339e-011
9.61 -1.42567e-005 3.46922e-005 -7.43108e-006 1.15626e-010 1.15626e-010
9.62 -1.60363e-005 3.01969e-005 -7.65489e-006 1.24953e-010 1.24953e-010
9.63 -1.80612e-005 2.52977e-005 -7.90756e-006 1.32014e-010 1.32014e-010
9.64 -2.01593e-005 2.00509e-005 -8.1985e-006 1.30094e-010 1.30094e-010
9.65 -2.21548e-005 1.46698e-005 -8.54615e-006 9.89313e-011 9.89313e-011
9.66 -2.34179e-005 9.40824e-006 -8.9668e-006 3.14139e-011 3.14139e-011
9.67 -2.31927e-005 4.47606e-006 -9.40345e-006 -5.40606e-011 -5.40606e-011
9.68 -2.17062e-005 -1.03409e-007 -9.82053e-006 -1.57067e-010 -1.57067e-010
9.69 -1.95474e-005 -4.46677e-006 -1.01996e-005 -3.06609e-010 -3.06609e-010
9.7 -1.70383e-005 -8.66961e-006 -1.05089e-005 -5.04039e-010 -5.04039e-010
9.71 -1.43814e-005 -1.27816e-005 -1.07372e-005 -7.07775e-010 -7.07775e-010
9.72 -1.18385e-005 -1.67945e-005 -1.08483e-005 -8.7466e-010 -8.7466e-010
9.73 -9.50159e-006 -2.06485e-005 -1.0849e-005 -9.80425e-010 -9.80425e-010
9.74 -7.38657e-006 -2.43238e-005 -1.07479e-005 -1.02389e-009 -1.02389e-009
9.75 -5.53626e-006 -2.76488e-005 -1.05833e-005 -1.0084e-009 -1.0084e-009
9.76 -3.97357e-006 -3.04649e-005 -1.03982e-005 -9.29996e-010 -9.29996e-010
9.77 -2.69823e-006 -3.27364e-005 -1.0232e-005 -8.22234e-010 -8.22234e-010
9.78 -1.65309e-006 -3.45406e-005 -1.00998e-005 -7.54622e-010 -7.54622e-010
9.79 -7.94565e-007 -3.59495e-005 -9.98517e-006 -7.63482e-010 -7.63482e-010
9.8 9.96097e-008 -3.69871e-005 -9.84153e-006 -8.28197e-010 -8.28197e-010
9.81 7.33688e-007 -3.75182e-005 -9.59337e-006 -9.08727e-010 -9.08727e-010
9.82 8.15758e-007 -3.73744e-005 -9.18867e-006 -9.75935e-010 -9.75935e-010
9.83 4.48889e-007 -3.64614e-005 -8.58165e-006 -1.00707e-009 -1.00707e-009
9.84 -3.72665e-007 -3.47595e-005 -7.74295e-006 -9.79708e-010 -9.79708e-010
9.85 -1.66775e-006 -3.23384e-005 -6.6749e-006 -8.89516e-010 -8.89516e-010
9.86 -3.39793e-006 -2.93131e-005 -5.40425e-006 -7.6341e-010 -7.6341e-010
9.87 -5.53204e-006 -2.57656e-005 -3.96371e-006 -6.40718e-010 -6.40718e-010
9.88 -8.03029e-006 -2.1744e-005 -2.38437e-006 -5.46522e-010 -5.46522e-010
9.89 -1.08401e-005 -1.72913e-005 -6.9451e-007 -4.86488e-010 -4.86488e-010
9.9 -1.39007e-005 -1.24661e-005 1.0746e-006 -4.56497e-010 -4.56497e-010
9.91 -1.70957e-005 -7.32195e-006 2.89772e-006 -4.44235e-010 -4.44235e-010
9.92 -1.91147e-005 -1.84661e-006 4.83454e-006 -4.33668e-010 -4.33668e-010
9.93 -1.84793e-005 3.99895e-006 6.79804e-006 -4.26195e-010 -4.26195e-010
9.94 -1.62995e-005 1.03499e-005 8.80855e-006 -4.2949e-010 -4.2949e-010
9.95 -1.34266e-005 1.70917e-005 1.08109e-005 -4.21874e-010 -4.21874e-010
9.96 -1.03559e-005 2.40219e-005 1.27756e-005 -4.02095e-010 -4.02095e-010
9.97 -7.34032e-006 3.09382e-005 1.46346e-005 -4.25857e-010 -4.25857e-010
9.98 -4.51242e-006 3.76425e-005 1.62972e-005 -5.17704e-010 -5.17704e-010
9.99 -2.00656e-006 4.39096e-005 1.76927e-005 -6.32338e-010 -6.32338e-010
10 7.46765e-007 4.95647e-005 1.88621e-005 -7.26764e-010 -7.26764e-010
