0.1 -2.05412e-006 -2.99748e-020 -3.10884e-020 8.98216e-021 8.98216e-021
0.2 -4.10921e-006 -1.03052e-019 -1.05631e-019 -1.45434e-021 -1.45434e-021
0.3 -6.16527e-006 -1.31998e-019 -1.27019e-019 7.68245e-019 7.68245e-019
0.4 -8.2223e-006 -1.40053e-019 -1.29289e-019 8.03658e-019 8.03658e-019
0.5 -1.02803e-005 -1.43816e-019 -1.30373e-019 2.82618e-019 2.82618e-019
0.6 -1.23393e-005 -1.4607e-019 -1.29843e-019 4.19661e-019 4.19661e-019
0.7 -1.43992e-005 -1.47051e-019 -1.29299e-019 6.45531e-019 6.45531e-019
0.8 -1.64601e-005 -1.47801e-019 -1.2863e-019 4.81212e-019 4.81212e-019
0.9 -1.8522e-005 -1.47978e-019 -1.28177e-019 1.51395e-018 1.51395e-018
1 -2.05849e-005 -1.48053e-019 -1.27815e-019 1.05655e-018 1.05655e-018
0.01 -1.4468e-005 -7.25622e-007 -1.1566e-005 -7.92855e-010 -7.92855e-010
0.02 -2.1772e-005 2.96233e-007 4.69333e-006 -2.64382e-009 -2.64382e-009
0.03 -1.88197e-005 -1.25225e-007 -2.01295e-006 -1.61954e-009 -1.61954e-009
0.04 -1.97388e-005 4.92089e-008 7.83778e-007 3.67899e-009 3.67899e-009
0.05 -1.93682e-005 -2.39975e-008 -3.78009e-007 6.10147e-009 6.10147e-009
0.06 -1.95215e-005 6.15659e-009 1.00925e-007 2.15824e-009 2.15824e-009
0.07 -1.9442e-005 -6.2613e-009 -9.64056e-008 -2.2875e-009 -2.2875e-009
0.08 -1.94391e-005 -1.14537e-009 -1.50959e-008 -2.82455e-009 -2.82455e-009
0.09 -1.93968e-005 -3.25308e-009 -4.85952e-008 -1.6562e-009 -1.6562e-009
0.1 -1.93703e-005 -2.38451e-009 -3.47934e-008 -1.58388e-009 -1.58388e-009
0.11 -1.93479e-005 -2.74235e-009 -4.04796e-008 -1.52964e-009 -1.52964e-009
0.12 -1.93409e-005 -2.59492e-009 -3.81369e-008 1.91282e-010 1.91282e-010
0.13 -1.93474e-005 -2.65566e-009 -3.91021e-008 2.38945e-009 2.38945e-009
0.14 -1.93653e-005 -2.63063e-009 -3.87044e-008 2.91652e-009 2.91652e-009
0.15 -1.93891e-005 -2.64095e-009 -3.88683e-008 1.72389e-009 1.72389e-009
0.16 -1.94125e-005 -2.63668e-009 -3.88009e-008 2.83984e-010 2.83984e-010
0.17 -1.94294e-005 -2.63845e-009 -3.88286e-008 -6.63793e-010 -6.63793e-010
0.18 -1.94353e-005 -2.63773e-009 -3.88172e-008 -1.34819e-009 -1.34819e-009
0.19 -1.94285e-005 -2.63808e-009 -3.88226e-008 -1.73262e-009 -1.73262e-009
0.2 -1.94103e-005 -2.63788e-009 -3.88196e-008 -1.34531e-009 -1.34531e-009
0.21 -1.93846e-005 -2.63793e-009 -3.88208e-008 -1.92614e-010 -1.92614e-010
0.22 -1.93568e-005 -2.63794e-009 -3.88203e-008 1.00976e-009 1.00976e-009
0.23 -1.93322e-005 -2.63797e-009 -3.88205e-008 1.60086e-009 1.60086e-009
0.24 -1.93155e-005 -2.63792e-009 -3.88205e-008 1.49928e-009 1.49928e-009
0.25 -1.93091e-005 -2.63794e-009 -3.88205e-008 9.47501e-010 9.47501e-010
0.26 -1.93129e-005 -2.63793e-009 -3.88205e-008 1.58765e-010 1.58765e-010
0.27 -1.93247e-005 -2.63794e-009 -3.88205e-008 -6.43921e-010 -6.43921e-010
0.28 -1.93402e-005 -2.63791e-009 -3.88205e-008 -1.13487e-009 -1.13487e-009
0.29 -1.93547e-005 -2.63795e-009 -3.88208e-008 -1.07085e-009 -1.07085e-009
0.3 -1.93642e-005 -2.63792e-009 -3.88204e-008 -5.14065e-010 -5.14065e-010
0.31 -1.93658e-005 -2.63794e-009 -3.88205e-008 2.253e-010 2.253e-010
0.32 -1.93587e-005 -2.63793e-009 -3.88205e-008 8.2538e-010 8.2538e-010
0.33 -1.93441e-005 -2.63793e-009 -3.88205e-008 1.09301e-009 1.09301e-009
0.34 -1.93251e-005 -2.63793e-009 -3.88205e-008 9.67187e-010 9.67187e-010
0.35 -1.93055e-005 -2.63794e-009 -3.88205e-008 5.11513e-010 5.11513e-010
0.36 -1.92888e-005 -2.63794e-009 -3.88205e-008 -8.25485e-011 -8.25485e-011
0.37 -1.92782e-005 -2.63794e-009 -3.88205e-008 -5.60127e-010 -5.60127e-010
0.38 -1.92751e-005 -2.63794e-009 -3.88205e-008 -7.30928e-010 -7.30928e-010
0.39 -1.92795e-005 -2.63794e-009 -3.88205e-008 -5.578e-010 -5.578e-010
0.4 -1.92896e-005 -2.63794e-009 -3.88205e-008 -1.46784e-010 -1.46784e-010
0.41 -1.9303e-005 -2.63794e-009 -3.88205e-008 3.21933e-010 3.21933e-010
0.42 -1.93166e-005 -2.63794e-009 -3.88205e-008 6.65931e-010 6.65931e-010
0.43 -1.93277e-005 -2.63793e-009 -3.88205e-008 7.6094e-010 7.6094e-010
0.44 -1.93347e-005 -2.63794e-009 -3.88205e-008 5.86178e-010 5.86178e-010
0.45 -1.93369e-005 -2.63793e-009 -3.88205e-008 2.32014e-010 2.32014e-010
0.46 -1.93351e-005 -2.63793e-009 -3.88205e-008 -1.44273e-010 -1.44273e-010
0.47 -1.93308e-005 -2.63794e-009 -3.88205e-008 -3.91516e-010 -3.91516e-010
0.48 -1.9326e-005 -2.63794e-009 -3.88205e-008 -4.25123e-010 -4.25123e-010
0.49 -1.93229e-005 -2.63794e-009 -3.88204e-008 -2.51242e-010 -2.51242e-010
0.5 -1.93231e-005 -2.63794e-009 -3.88205e-008 4.50151e-011 4.50151e-011
0.51 -1.93273e-005 -2.63794e-009 -3.88205e-008 3.37639e-010 3.37639e-010
0.52 -1.93354e-005 -2.63794e-009 -3.88205e-008 5.11213e-010 5.11213e-010
0.53 -1.93465e-005 -2.63793e-009 -3.88205e-008 5.06622e-010 5.06622e-010
0.54 -1.9359e-005 -2.63794e-009 -3.88205e-008 3.40892e-010 3.40892e-010
0.55 -1.93709e-005 -2.63793e-009 -3.88205e-008 9.35367e-011 9.35367e-011
0.56 -1.93808e-005 -2.63794e-009 -3.88205e-008 -1.31015e-010 -1.31015e-010
0.57 -1.93875e-005 -2.63794e-009 -3.88205e-008 -2.46468e-010 -2.46468e-010
0.58 -1.93911e-005 -2.63794e-009 -3.88205e-008 -2.16436e-010 -2.16436e-010
0.59 -1.93921e-005 -2.63793e-009 -3.88204e-008 -6.46242e-011 -6.46242e-011
0.6 -1.93914e-005 -2.63802e-009 -3.88204e-008 1.39015e-010 1.39015e-010
0.61 -1.93902e-005 -2.63791e-009 -3.88205e-008 3.09628e-010 3.09628e-010
0.62 -1.93896e-005 -2.63794e-009 -3.88204e-008 3.825e-010 3.825e-010
0.63 -1.93907e-005 -2.63794e-009 -3.88205e-008 3.37044e-010 3.37044e-010
0.64 -1.93935e-005 -2.63804e-009 -3.88203e-008 2.01026e-010 2.01026e-010
0.65 -1.93979e-005 -2.63789e-009 -3.88205e-008 3.5486e-011 3.5486e-011
0.66 -1.94033e-005 -2.63795e-009 -3.88204e-008 -9.19542e-011 -9.19542e-011
0.67 -1.94087e-005 -2.63793e-009 -3.88205e-008 -1.34167e-010 -1.34167e-010
0.68 -1.94129e-005 -2.63794e-009 -3.88205e-008 -8.14625e-011 -8.14625e-011
0.69 -1.94151e-005 -2.63793e-009 -3.88205e-008 3.76026e-011 3.76026e-011
0.7 -1.94149e-005 -2.63794e-009 -3.88205e-008 1.70678e-010 1.70678e-010
0.71 -1.94123e-005 -2.63794e-009 -3.88205e-008 2.64259e-010 2.64259e-010
0.72 -1.94075e-005 -2.63794e-009 -3.88205e-008 2.84823e-010 2.84823e-010
0.73 -1.94014e-005 -2.63794e-009 -3.88205e-008 2.30318e-010 2.30318e-010
0.74 -1.93948e-005 -2.63794e-009 -3.88205e-008 1.28375e-010 1.28375e-010
0.75 -1.93888e-005 -2.63794e-009 -3.88205e-008 2.30012e-011 2.30012e-011
0.76 -1.93843e-005 -2.63794e-009 -3.88205e-008 -4.41105e-011 -4.41105e-011
0.77 -1.93816e-005 -2.63794e-009 -3.88205e-008 -4.98266e-011 -4.98266e-011
0.78 -1.93804e-005 -2.63794e-009 -3.88205e-008 2.88625e-012 2.88625e-012
0.79 -1.93801e-005 -2.63764e-009 -3.88198e-008 8.83642e-011 8.83642e-011
0.8 -1.93801e-005 -2.63776e-009 -3.88199e-008 1.70274e-010 1.70274e-010
0.81 -1.93796e-005 -2.638e-009 -3.88207e-008 2.16776e-010 2.16776e-010
0.82 -1.93777e-005 -2.63791e-009 -3.88204e-008 2.12632e-010 2.12632e-010
0.83 -1.9374e-005 -2.63795e-009 -3.88205e-008 1.63791e-010 1.63791e-010
0.84 -1.9368e-005 -2.63793e-009 -3.88205e-008 9.32921e-011 9.32921e-011
0.85 -1.93601e-005 -2.63794e-009 -3.88205e-008 3.07534e-011 3.07534e-011
0.86 -1.93508e-005 -2.63793e-009 -3.88205e-008 1.30945e-013 1.30945e-013
0.87 -1.93409e-005 -2.63794e-009 -3.88205e-008 1.07543e-011 1.07543e-011
0.88 -1.93318e-005 -2.63793e-009 -3.88205e-008 5.49075e-011 5.49075e-011
0.89 -1.93246e-005 -2.63794e-009 -3.88205e-008 1.12304e-010 1.12304e-010
0.9 -1.93196e-005 -2.63793e-009 -3.88205e-008 1.59109e-010 1.59109e-010
0.91 -1.93167e-005 -2.63794e-009 -3.88205e-008 1.77651e-010 1.77651e-010
0.92 -1.93159e-005 -2.63793e-009 -3.88205e-008 1.62951e-010 1.62951e-010
0.93 -1.93178e-005 -2.63794e-009 -3.88205e-008 1.2366e-010 1.2366e-010
0.94 -1.93221e-005 -2.63793e-009 -3.88205e-008 7.74264e-011 7.74264e-011
0.95 -1.93279e-005 -2.63793e-009 -3.88205e-008 4.30946e-011 4.30946e-011
0.96 -1.93338e-005 -2.63794e-009 -3.88205e-008 3.3186e-011 3.3186e-011
0.97 -1.93392e-005 -2.63793e-009 -3.88205e-008 4.95993e-011 4.95993e-011
0.98 -1.9344e-005 -2.63794e-009 -3.88205e-008 8.37981e-011 8.37981e-011
0.99 -1.93484e-005 -2.63793e-009 -3.88205e-008 1.2096e-010 1.2096e-010
1 -1.93525e-005 -2.63794e-009 -3.88205e-008 1.46225e-010 1.46225e-010
1.01 -1.93559e-005 -2.63793e-009 -3.88205e-008 1.50546e-010 1.50546e-010
1.02 -1.9359e-005 -2.63794e-009 -3.88205e-008 1.33866e-010 1.33866e-010
1.03 -1.9362e-005 -2.63793e-009 -3.88204e-008 1.0445e-010 1.0445e-010
1.04 -1.9365e-005 -2.63794e-009 -3.88205e-008 7.49143e-011 7.49143e-011
1.05 -1.93686e-005 -2.63793e-009 -3.88204e-008 5.68622e-011 5.68622e-011
1.06 -1.93729e-005 -2.63794e-009 -3.88205e-008 5.6406e-011 5.6406e-011
1.07 -1.93782e-005 -2.63798e-009 -3.88204e-008 7.22337e-011 7.22337e-011
1.08 -1.93839e-005 -2.63792e-009 -3.88205e-008 9.67417e-011 9.67417e-011
1.09 -1.93895e-005 -2.63795e-009 -3.88205e-008 1.19559e-010 1.19559e-010
1.1 -1.93952e-005 -2.63793e-009 -3.88205e-008 1.31896e-010 1.31896e-010
1.11 -1.94015e-005 -2.63794e-009 -3.88205e-008 1.29888e-010 1.29888e-010
1.12 -1.94083e-005 -2.63801e-009 -3.88204e-008 1.15623e-010 1.15623e-010
1.13 -1.9415e-005 -2.6379e-009 -3.88205e-008 9.57424e-011 9.57424e-011
1.14 -1.94206e-005 -2.63795e-009 -3.88205e-008 7.84634e-011 7.84634e-011
1.15 -1.94241e-005 -2.63793e-009 -3.88204e-008 7.03164e-011 7.03164e-011
1.16 -1.94244e-005 -2.63794e-009 -3.88205e-008 7.37568e-011 7.37568e-011
1.17 -1.94209e-005 -2.63793e-009 -3.88205e-008 8.65175e-011 8.65175e-011
1.18 -1.94141e-005 -2.63794e-009 -3.88205e-008 1.02875e-010 1.02875e-010
1.19 -1.9405e-005 -2.63793e-009 -3.88205e-008 1.16153e-010 1.16153e-010
1.2 -1.93946e-005 -2.63794e-009 -3.88205e-008 1.21353e-010 1.21353e-010
1.21 -1.93841e-005 -2.63793e-009 -3.88205e-008 1.1696e-010 1.1696e-010
1.22 -1.93748e-005 -2.63794e-009 -3.88205e-008 1.0533e-010 1.0533e-010
1.23 -1.93681e-005 -2.63794e-009 -3.88205e-008 9.15339e-011 9.15339e-011
1.24 -1.93648e-005 -2.63794e-009 -3.88205e-008 8.1151e-011 8.1151e-011
1.25 -1.93648e-005 -2.63793e-009 -3.88205e-008 7.80106e-011 7.80106e-011
1.26 -1.93667e-005 -2.63794e-009 -3.88205e-008 8.28139e-011 8.28139e-011
1.27 -1.93689e-005 -2.63794e-009 -3.88205e-008 9.31275e-011 9.31275e-011
1.28 -1.93696e-005 -2.63793e-009 -3.88205e-008 1.04594e-010 1.04594e-010
1.29 -1.93671e-005 -2.63794e-009 -3.88205e-008 1.12757e-010 1.12757e-010
1.3 -1.93608e-005 -2.63793e-009 -3.88205e-008 1.14762e-010 1.14762e-010
1.31 -1.93508e-005 -2.63795e-009 -3.88207e-008 1.10319e-010 1.10319e-010
1.32 -1.93378e-005 -2.63793e-009 -3.88204e-008 1.01595e-010 1.01595e-010
1.33 -1.93232e-005 -2.63794e-009 -3.88205e-008 9.2192e-011 9.2192e-011
1.34 -1.93084e-005 -2.63794e-009 -3.88205e-008 8.56742e-011 8.56742e-011
1.35 -1.92944e-005 -2.63794e-009 -3.88205e-008 8.42401e-011 8.42401e-011
1.36 -1.92826e-005 -2.63793e-009 -3.88205e-008 8.80203e-011 8.80203e-011
1.37 -1.92743e-005 -2.63794e-009 -3.88205e-008 9.52182e-011 9.52182e-011
1.38 -1.927e-005 -2.63793e-009 -3.88205e-008 1.02901e-010 1.02901e-010
1.39 -1.9269e-005 -2.63794e-009 -3.88205e-008 1.0809e-010 1.0809e-010
1.4 -1.927e-005 -2.63793e-009 -3.88205e-008 1.08912e-010 1.08912e-010
1.41 -1.92721e-005 -2.63794e-009 -3.88205e-008 1.05409e-010 1.05409e-010
1.42 -1.92758e-005 -2.63793e-009 -3.88205e-008 9.94264e-011 9.94264e-011
1.43 -1.92815e-005 -2.63793e-009 -3.88205e-008 9.36359e-011 9.36359e-011
1.44 -1.9289e-005 -2.63794e-009 -3.88205e-008 9.02589e-011 9.02589e-011
1.45 -1.92981e-005 -2.63794e-009 -3.88205e-008 9.0225e-011 9.0225e-011
1.46 -1.9309e-005 -2.63794e-009 -3.88205e-008 9.30979e-011 9.30979e-011
1.47 -1.93222e-005 -2.63793e-009 -3.88205e-008 9.74932e-011 9.74932e-011
1.48 -1.9339e-005 -2.63796e-009 -3.88205e-008 1.01653e-010 1.01653e-010
1.49 -1.93612e-005 -2.63792e-009 -3.88205e-008 1.04055e-010 1.04055e-010
1.5 -1.93901e-005 -2.6382e-009 -3.88202e-008 1.03917e-010 1.03917e-010
1.51 -1.94249e-005 -2.63785e-009 -3.88206e-008 1.01412e-010 1.01412e-010
1.52 -1.94629e-005 -2.63804e-009 -3.88204e-008 9.75538e-011 9.75538e-011
1.53 -1.9501e-005 -2.63831e-009 -3.88202e-008 9.3885e-011 9.3885e-011
1.54 -1.95371e-005 -2.63796e-009 -3.88204e-008 9.196e-011 9.196e-011
1.55 -1.95692e-005 -2.63792e-009 -3.88204e-008 9.26673e-011 9.26673e-011
1.56 -1.95949e-005 -2.63794e-009 -3.88204e-008 9.57133e-011 9.57133e-011
1.57 -1.96127e-005 -2.63876e-009 -3.88193e-008 9.97486e-011 9.97486e-011
1.58 -1.9622e-005 -2.63754e-009 -3.88209e-008 1.03082e-010 1.03082e-010
1.59 -1.96238e-005 -2.63811e-009 -3.88203e-008 1.04431e-010 1.04431e-010
1.6 -1.96207e-005 -2.63788e-009 -3.88205e-008 1.03368e-010 1.03368e-010
1.61 -1.96166e-005 -2.63783e-009 -3.88204e-008 1.00429e-010 1.00429e-010
1.62 -1.96151e-005 -2.63802e-009 -3.88205e-008 9.6855e-011 9.6855e-011
1.63 -1.96167e-005 -2.63803e-009 -3.88205e-008 9.39805e-011 9.39805e-011
1.64 -1.96177e-005 -2.63815e-009 -3.88204e-008 9.26241e-011 9.26241e-011
1.65 -1.96128e-005 -2.63774e-009 -3.88202e-008 9.29675e-011 9.29675e-011
1.66 -1.95984e-005 -2.63805e-009 -3.88204e-008 9.48794e-011 9.48794e-011
1.67 -1.95729e-005 -2.63782e-009 -3.88205e-008 9.80391e-011 9.80391e-011
1.68 -1.95362e-005 -2.63794e-009 -3.88207e-008 1.01637e-010 1.01637e-010
1.69 -1.94893e-005 -2.63794e-009 -3.88204e-008 1.04314e-010 1.04314e-010
1.7 -1.9435e-005 -2.63793e-009 -3.88205e-008 1.04778e-010 1.04778e-010
1.71 -1.93784e-005 -2.63795e-009 -3.88205e-008 1.02584e-010 1.02584e-010
1.72 -1.93251e-005 -2.63793e-009 -3.88205e-008 9.84106e-011 9.84106e-011
1.73 -1.92797e-005 -2.63798e-009 -3.88207e-008 9.37018e-011 9.37018e-011
1.74 -1.92443e-005 -2.6379e-009 -3.88204e-008 9.0071e-011 9.0071e-011
1.75 -1.92188e-005 -2.63794e-009 -3.88205e-008 8.88251e-011 8.88251e-011
1.76 -1.91997e-005 -2.63793e-009 -3.88205e-008 9.05642e-011 9.05642e-011
1.77 -1.91826e-005 -2.63797e-009 -3.8821e-008 9.48807e-011 9.48807e-011
1.78 -1.91638e-005 -2.63789e-009 -3.88203e-008 1.00447e-010 1.00447e-010
1.79 -1.91415e-005 -2.63822e-009 -3.88224e-008 1.05515e-010 1.05515e-010
1.8 -1.91148e-005 -2.63784e-009 -3.88197e-008 1.08459e-010 1.08459e-010
1.81 -1.90841e-005 -2.63776e-009 -3.88234e-008 1.08181e-010 1.08181e-010
1.82 -1.90512e-005 -2.63802e-009 -3.88193e-008 1.04588e-010 1.04588e-010
1.83 -1.902e-005 -2.63788e-009 -3.8821e-008 9.8937e-011 9.8937e-011
1.84 -1.89946e-005 -2.63793e-009 -3.88202e-008 9.34547e-011 9.34547e-011
1.85 -1.89792e-005 -2.63794e-009 -3.88206e-008 9.03066e-011 9.03066e-011
1.86 -1.89765e-005 -2.63789e-009 -3.88205e-008 9.05369e-011 9.05369e-011
1.87 -1.89869e-005 -2.63796e-009 -3.88205e-008 9.3729e-011 9.3729e-011
1.88 -1.90063e-005 -2.63793e-009 -3.88205e-008 9.84166e-011 9.84166e-011
1.89 -1.90284e-005 -2.63794e-009 -3.88205e-008 1.02731e-010 1.02731e-010
1.9 -1.90488e-005 -2.63787e-009 -3.88205e-008 1.05253e-010 1.05253e-010
1.91 -1.9067e-005 -2.63798e-009 -3.88204e-008 1.05601e-010 1.05601e-010
1.92 -1.90842e-005 -2.6378e-009 -3.88206e-008 1.04265e-010 1.04265e-010
1.93 -1.91025e-005 -2.6379e-009 -3.88205e-008 1.02043e-010 1.02043e-010
1.94 -1.91257e-005 -2.63795e-009 -3.88205e-008 9.9628e-011 9.9628e-011
1.95 -1.91582e-005 -2.63787e-009 -3.88203e-008 9.75307e-011 9.75307e-011
1.96 -1.92037e-005 -2.63817e-009 -3.88203e-008 9.61182e-011 9.61182e-011
1.97 -1.92628e-005 -2.63796e-009 -3.88203e-008 9.55581e-011 9.55581e-011
1.98 -1.93333e-005 -2.63837e-009 -3.88201e-008 9.58028e-011 9.58028e-011
1.99 -1.94112e-005 -2.63804e-009 -3.88203e-008 9.67538e-011 9.67538e-011
2 -1.94912e-005 -2.6316e-009 -3.88293e-008 9.8358e-011 9.8358e-011
2.01 -1.95676e-005 -2.63445e-009 -3.88257e-008 1.00458e-010 1.00458e-010
2.02 -1.9636e-005 -2.64082e-009 -3.88179e-008 1.02607e-010 1.02607e-010
2.03 -1.96944e-005 -2.63833e-009 -3.88201e-008 1.04152e-010 1.04152e-010
2.04 -1.97437e-005 -2.63853e-009 -3.88203e-008 1.045e-010 1.045e-010
2.05 -1.97863e-005 -2.6384e-009 -3.88197e-008 1.03336e-010 1.03336e-010
2.06 -1.98242e-005 -2.63846e-009 -3.88191e-008 1.00757e-010 1.00757e-010
2.07 -1.98606e-005 -2.63761e-009 -3.8821e-008 9.74369e-011 9.74369e-011
2.08 -1.98991e-005 -2.63764e-009 -3.88199e-008 9.45943e-011 9.45943e-011
2.09 -1.99414e-005 -2.6378e-009 -3.88202e-008 9.34906e-011 9.34906e-011
2.1 -1.99859e-005 -2.6388e-009 -3.88188e-008 9.46751e-011 9.46751e-011
2.11 -2.00274e-005 -2.63475e-009 -3.88264e-008 9.76697e-011 9.76697e-011
2.12 -2.00607e-005 -2.63658e-009 -3.88238e-008 1.01352e-010 1.01352e-010
2.13 -2.00819e-005 -2.63878e-009 -3.88191e-008 1.04563e-010 1.04563e-010
2.14 -2.00888e-005 -2.63756e-009 -3.8821e-008 1.06432e-010 1.06432e-010
2.15 -2.00805e-005 -2.63809e-009 -3.88202e-008 1.06428e-010 1.06428e-010
2.16 -2.00571e-005 -2.63787e-009 -3.88206e-008 1.0447e-010 1.0447e-010
2.17 -2.00197e-005 -2.63796e-009 -3.88204e-008 1.01081e-010 1.01081e-010
2.18 -1.99715e-005 -2.63793e-009 -3.88204e-008 9.73405e-011 9.73405e-011
2.19 -1.99166e-005 -2.63793e-009 -3.88205e-008 9.45065e-011 9.45065e-011
2.2 -1.98577e-005 -2.63788e-009 -3.88206e-008 9.34906e-011 9.34906e-011
2.21 -1.97954e-005 -2.63796e-009 -3.88205e-008 9.45077e-011 9.45077e-011
2.22 -1.97298e-005 -2.63793e-009 -3.88205e-008 9.7101e-011 9.7101e-011
2.23 -1.9661e-005 -2.63798e-009 -3.88213e-008 1.004e-010 1.004e-010
2.24 -1.95882e-005 -2.63789e-009 -3.88202e-008 1.03363e-010 1.03363e-010
2.25 -1.95101e-005 -2.6379e-009 -3.88206e-008 1.05019e-010 1.05019e-010
2.26 -1.94259e-005 -2.63789e-009 -3.88205e-008 1.04817e-010 1.04817e-010
2.27 -1.93361e-005 -2.63813e-009 -3.88203e-008 1.0292e-010 1.0292e-010
2.28 -1.92416e-005 -2.63758e-009 -3.88209e-008 1.00144e-010 1.00144e-010
2.29 -1.91439e-005 -2.63765e-009 -3.88313e-008 9.75671e-011 9.75671e-011
2.3 -1.90453e-005 -2.63715e-009 -3.8827e-008 9.60614e-011 9.60614e-011
2.31 -1.89488e-005 -2.6384e-009 -3.88178e-008 9.61067e-011 9.61067e-011
2.32 -1.88569e-005 -2.63801e-009 -3.88217e-008 9.77273e-011 9.77273e-011
2.33 -1.87715e-005 -2.63805e-009 -3.8824e-008 1.0033e-010 1.0033e-010
2.34 -1.86948e-005 -2.63528e-009 -3.88322e-008 1.02939e-010 1.02939e-010
2.35 -1.86286e-005 -2.63895e-009 -3.88157e-008 1.048e-010 1.048e-010
2.36 -1.85743e-005 -2.6377e-009 -3.88226e-008 1.05508e-010 1.05508e-010
2.37 -1.85337e-005 -2.63123e-009 -3.88356e-008 1.04917e-010 1.04917e-010
2.38 -1.8508e-005 -2.64749e-009 -3.88012e-008 1.03357e-010 1.03357e-010
2.39 -1.84975e-005 -2.64381e-009 -3.88096e-008 1.01644e-010 1.01644e-010
2.4 -1.85009e-005 -2.63538e-009 -3.88254e-008 1.00598e-010 1.00598e-010
2.41 -1.85178e-005 -2.63613e-009 -3.88277e-008 1.00617e-010 1.00617e-010
2.42 -1.85474e-005 -2.63587e-009 -3.88267e-008 1.01692e-010 1.01692e-010
2.43 -1.85885e-005 -2.63891e-009 -3.88177e-008 1.03476e-010 1.03476e-010
2.44 -1.86398e-005 -2.63774e-009 -3.88215e-008 1.05234e-010 1.05234e-010
2.45 -1.87012e-005 -2.63822e-009 -3.88197e-008 1.06142e-010 1.06142e-010
2.46 -1.87726e-005 -2.63791e-009 -3.88203e-008 1.05791e-010 1.05791e-010
2.47 -1.88538e-005 -2.63798e-009 -3.88204e-008 1.04384e-010 1.04384e-010
2.48 -1.89449e-005 -2.63792e-009 -3.88205e-008 1.02569e-010 1.02569e-010
2.49 -1.90458e-005 -2.63801e-009 -3.88202e-008 1.0113e-010 1.0113e-010
2.5 -1.91562e-005 -2.63809e-009 -3.88199e-008 1.00678e-010 1.00678e-010
2.51 -1.92752e-005 -2.63861e-009 -3.88196e-008 1.01391e-010 1.01391e-010
2.52 -1.94004e-005 -2.63954e-009 -3.88185e-008 1.02937e-010 1.02937e-010
2.53 -1.95288e-005 -2.63833e-009 -3.88199e-008 1.0464e-010 1.0464e-010
2.54 -1.96568e-005 -2.64206e-009 -3.88141e-008 1.05788e-010 1.05788e-010
2.55 -1.97809e-005 -2.63926e-009 -3.88183e-008 1.0597e-010 1.0597e-010
2.56 -1.98976e-005 -2.62781e-009 -3.88402e-008 1.05276e-010 1.05276e-010
2.57 -2.00042e-005 -2.631e-009 -3.88339e-008 1.04162e-010 1.04162e-010
2.58 -2.00984e-005 -2.64211e-009 -3.88117e-008 1.03167e-010 1.03167e-010
2.59 -2.0179e-005 -2.63648e-009 -3.88236e-008 1.02722e-010 1.02722e-010
2.6 -2.02466e-005 -2.63852e-009 -3.88175e-008 1.03021e-010 1.03021e-010
2.61 -2.03018e-005 -2.6361e-009 -3.88228e-008 1.03923e-010 1.03923e-010
2.62 -2.03451e-005 -2.64043e-009 -3.88199e-008 1.04918e-010 1.04918e-010
2.63 -2.03762e-005 -2.63817e-009 -3.88207e-008 1.05379e-010 1.05379e-010
2.64 -2.03961e-005 -2.6378e-009 -3.88203e-008 1.0502e-010 1.0502e-010
2.65 -2.04076e-005 -2.63808e-009 -3.88207e-008 1.04123e-010 1.04123e-010
2.66 -2.04142e-005 -2.63793e-009 -3.88204e-008 1.03239e-010 1.03239e-010
2.67 -2.04162e-005 -2.63799e-009 -3.88201e-008 1.02654e-010 1.02654e-010
2.68 -2.04115e-005 -2.63801e-009 -3.88204e-008 1.02233e-010 1.02233e-010
2.69 -2.03967e-005 -2.63784e-009 -3.88205e-008 1.01803e-010 1.01803e-010
2.7 -2.03704e-005 -2.63788e-009 -3.88207e-008 1.01576e-010 1.01576e-010
2.71 -2.03324e-005 -2.63796e-009 -3.88204e-008 1.0205e-010 1.0205e-010
2.72 -2.02828e-005 -2.63793e-009 -3.88205e-008 1.03445e-010 1.03445e-010
2.73 -2.02197e-005 -2.63791e-009 -3.88205e-008 1.05305e-010 1.05305e-010
2.74 -2.01407e-005 -2.63808e-009 -3.88214e-008 1.06711e-010 1.06711e-010
2.75 -2.00445e-005 -2.63789e-009 -3.88202e-008 1.06921e-010 1.06921e-010
2.76 -1.99325e-005 -2.63781e-009 -3.88208e-008 1.05871e-010 1.05871e-010
2.77 -1.98077e-005 -2.63817e-009 -3.882e-008 1.04149e-010 1.04149e-010
2.78 -1.96736e-005 -2.63765e-009 -3.8821e-008 1.02531e-010 1.02531e-010
2.79 -1.95324e-005 -2.63825e-009 -3.88246e-008 1.01501e-010 1.01501e-010
2.8 -1.93857e-005 -2.63762e-009 -3.88191e-008 1.01203e-010 1.01203e-010
2.81 -1.92363e-005 -2.63733e-009 -3.88258e-008 1.01697e-010 1.01697e-010
2.82 -1.90891e-005 -2.63816e-009 -3.88207e-008 1.02958e-010 1.02958e-010
2.83 -1.89488e-005 -2.63749e-009 -3.88232e-008 1.04599e-010 1.04599e-010
2.84 -1.88187e-005 -2.63731e-009 -3.8827e-008 1.0579e-010 1.0579e-010
2.85 -1.87006e-005 -2.63558e-009 -3.88262e-008 1.05701e-010 1.05701e-010
2.86 -1.85957e-005 -2.63891e-009 -3.88183e-008 1.04101e-010 1.04101e-010
2.87 -1.85047e-005 -2.62953e-009 -3.88391e-008 1.01514e-010 1.01514e-010
2.88 -1.84274e-005 -2.63724e-009 -3.88206e-008 9.90038e-011 9.90038e-011
2.89 -1.83623e-005 -2.62362e-009 -3.88306e-008 9.79467e-011 9.79467e-011
2.9 -1.83086e-005 -2.63104e-009 -3.88452e-008 9.93778e-011 9.93778e-011
2.91 -1.82648e-005 -2.63649e-009 -3.88104e-008 1.03144e-010 1.03144e-010
2.92 -1.82296e-005 -2.62732e-009 -3.88293e-008 1.07948e-010 1.07948e-010
2.93 -1.82017e-005 -2.65588e-009 -3.87994e-008 1.12054e-010 1.12054e-010
2.94 -1.81822e-005 -2.62778e-009 -3.88344e-008 1.13973e-010 1.13973e-010
2.95 -1.81733e-005 -2.63735e-009 -3.88239e-008 1.13023e-010 1.13023e-010
2.96 -1.81784e-005 -2.63434e-009 -3.88266e-008 1.09596e-010 1.09596e-010
2.97 -1.82016e-005 -2.6396e-009 -3.8818e-008 1.04982e-010 1.04982e-010
2.98 -1.8248e-005 -2.63835e-009 -3.882e-008 1.00817e-010 1.00817e-010
2.99 -1.83215e-005 -2.63809e-009 -3.88201e-008 9.84614e-011 9.84614e-011
3 -1.84228e-005 -2.63883e-009 -3.88186e-008 9.85081e-011 9.85081e-011
3.01 -1.85491e-005 -2.63798e-009 -3.88202e-008 1.00545e-010 1.00545e-010
3.02 -1.86952e-005 -2.63857e-009 -3.88183e-008 1.03497e-010 1.03497e-010
3.03 -1.88552e-005 -2.63782e-009 -3.88205e-008 1.06346e-010 1.06346e-010
3.04 -1.90233e-005 -2.63789e-009 -3.88194e-008 1.08499e-010 1.08499e-010
3.05 -1.91942e-005 -2.63819e-009 -3.88205e-008 1.097e-010 1.097e-010
3.06 -1.93636e-005 -2.63908e-009 -3.88186e-008 1.09872e-010 1.09872e-010
3.07 -1.95279e-005 -2.60653e-009 -3.88218e-008 1.09077e-010 1.09077e-010
3.08 -1.96859e-005 -2.61988e-009 -3.882e-008 1.07625e-010 1.07625e-010
3.09 -1.98376e-005 -2.64705e-009 -3.88181e-008 1.06069e-010 1.06069e-010
3.1 -1.99846e-005 -2.63522e-009 -3.88185e-008 1.04856e-010 1.04856e-010
3.11 -2.01281e-005 -2.64041e-009 -3.88168e-008 1.04093e-010 1.04093e-010
3.12 -2.02655e-005 -2.6365e-009 -3.88218e-008 1.03639e-010 1.03639e-010
3.13 -2.03917e-005 -2.64006e-009 -3.88154e-008 1.03326e-010 1.03326e-010
3.14 -2.05016e-005 -2.63761e-009 -3.8822e-008 1.03227e-010 1.03227e-010
3.15 -2.05922e-005 -2.63814e-009 -3.88194e-008 1.03691e-010 1.03691e-010
3.16 -2.06624e-005 -2.63659e-009 -3.88191e-008 1.04999e-010 1.04999e-010
3.17 -2.07128e-005 -2.63497e-009 -3.88217e-008 1.06904e-010 1.06904e-010
3.18 -2.07459e-005 -2.63063e-009 -3.88227e-008 1.08569e-010 1.08569e-010
3.19 -2.07639e-005 -2.6342e-009 -3.88207e-008 1.09014e-010 1.09014e-010
3.2 -2.07689e-005 -2.63543e-009 -3.88208e-008 1.07693e-010 1.07693e-010
3.21 -2.07635e-005 -2.63307e-009 -3.88213e-008 1.04866e-010 1.04866e-010
3.22 -2.07511e-005 -2.63479e-009 -3.88205e-008 1.01577e-010 1.01577e-010
3.23 -2.07337e-005 -2.62427e-009 -3.87844e-008 9.91492e-011 9.91492e-011
3.24 -2.07104e-005 -2.62829e-009 -3.87995e-008 9.85046e-011 9.85046e-011
3.25 -2.06781e-005 -2.63604e-009 -3.88302e-008 9.97613e-011 9.97613e-011
3.26 -2.06319e-005 -2.63285e-009 -3.88176e-008 1.02288e-010 1.02288e-010
3.27 -2.05659e-005 -2.63802e-009 -3.88375e-008 1.0508e-010 1.0508e-010
3.28 -2.04741e-005 -2.6347e-009 -3.88251e-008 1.07221e-010 1.07221e-010
3.29 -2.03538e-005 -2.63404e-009 -3.88219e-008 1.08282e-010 1.08282e-010
3.3 -2.0207e-005 -2.63386e-009 -3.88251e-008 1.08482e-010 1.08482e-010
3.31 -2.00387e-005 -2.63381e-009 -3.88227e-008 1.08325e-010 1.08325e-010
3.32 -1.98557e-005 -2.63436e-009 -3.88284e-008 1.0798e-010 1.0798e-010
3.33 -1.96652e-005 -2.63345e-009 -3.88185e-008 1.07106e-010 1.07106e-010
3.34 -1.94768e-005 -2.63353e-009 -3.88318e-008 1.05159e-010 1.05159e-010
3.35 -1.93e-005 -2.64395e-009 -3.87163e-008 1.01967e-010 1.01967e-010
3.36 -1.91418e-005 -2.63953e-009 -3.8765e-008 9.82367e-011 9.82367e-011
3.37 -1.90034e-005 -2.63149e-009 -3.88426e-008 9.5052e-011 9.5052e-011
3.38 -1.88812e-005 -2.63217e-009 -3.88097e-008 9.32699e-011 9.32699e-011
3.39 -1.877e-005 -2.63188e-009 -3.88384e-008 9.37539e-011 9.37539e-011
3.4 -1.86637e-005 -2.62068e-009 -3.88489e-008 9.72209e-011 9.72209e-011
3.41 -1.85588e-005 -2.60475e-009 -3.88724e-008 1.03425e-010 1.03425e-010
3.42 -1.84539e-005 -2.63759e-009 -3.88103e-008 1.1075e-010 1.1075e-010
3.43 -1.835e-005 -2.60087e-009 -3.88717e-008 1.16658e-010 1.16658e-010
3.44 -1.82488e-005 -2.64373e-009 -3.88047e-008 1.18691e-010 1.18691e-010
3.45 -1.81563e-005 -2.63503e-009 -3.88239e-008 1.15584e-010 1.15584e-010
3.46 -1.80798e-005 -2.62794e-009 -3.88276e-008 1.07955e-010 1.07955e-010
3.47 -1.80273e-005 -2.63815e-009 -3.88159e-008 9.83572e-011 9.83572e-011
3.48 -1.80045e-005 -2.63198e-009 -3.88235e-008 9.05094e-011 9.05094e-011
3.49 -1.80138e-005 -2.63455e-009 -3.88203e-008 8.74618e-011 8.74618e-011
3.5 -1.80547e-005 -2.63348e-009 -3.88216e-008 8.99397e-011 8.99397e-011
3.51 -1.81248e-005 -2.6339e-009 -3.88211e-008 9.65329e-011 9.65329e-011
3.52 -1.82189e-005 -2.63409e-009 -3.88209e-008 1.04937e-010 1.04937e-010
3.53 -1.83286e-005 -2.63432e-009 -3.88205e-008 1.1247e-010 1.1247e-010
3.54 -1.84457e-005 -2.63453e-009 -3.88198e-008 1.16511e-010 1.16511e-010
3.55 -1.85649e-005 -2.63435e-009 -3.882e-008 1.15789e-010 1.15789e-010
3.56 -1.86854e-005 -2.63394e-009 -3.88207e-008 1.11276e-010 1.11276e-010
3.57 -1.88092e-005 -2.63415e-009 -3.88193e-008 1.05448e-010 1.05448e-010
3.58 -1.89395e-005 -2.63385e-009 -3.88208e-008 1.00681e-010 1.00681e-010
3.59 -1.90787e-005 -2.63405e-009 -3.88199e-008 9.82338e-011 9.82338e-011
3.6 -1.92279e-005 -2.63496e-009 -3.88195e-008 9.82436e-011 9.82436e-011
3.61 -1.93856e-005 -2.64361e-009 -3.88087e-008 1.00114e-010 1.00114e-010
3.62 -1.95486e-005 -2.62276e-009 -3.88365e-008 1.02782e-010 1.02782e-010
3.63 -1.97135e-005 -2.62323e-009 -3.88347e-008 1.05134e-010 1.05134e-010
3.64 -1.98765e-005 -2.6404e-009 -3.88111e-008 1.06587e-010 1.06587e-010
3.65 -2.00331e-005 -2.63044e-009 -3.88258e-008 1.0725e-010 1.0725e-010
3.66 -2.0179e-005 -2.63698e-009 -3.88146e-008 1.07501e-010 1.07501e-010
3.67 -2.03113e-005 -2.63158e-009 -3.88249e-008 1.07533e-010 1.07533e-010
3.68 -2.04302e-005 -2.6365e-009 -3.88136e-008 1.0739e-010 1.0739e-010
3.69 -2.05358e-005 -2.63229e-009 -3.88249e-008 1.07138e-010 1.07138e-010
3.7 -2.06279e-005 -2.63453e-009 -3.88184e-008 1.06764e-010 1.06764e-010
3.71 -2.07048e-005 -2.63351e-009 -3.88223e-008 1.06076e-010 1.06076e-010
3.72 -2.07641e-005 -2.63383e-009 -3.88207e-008 1.05039e-010 1.05039e-010
3.73 -2.08021e-005 -2.63314e-009 -3.88205e-008 1.04134e-010 1.04134e-010
3.74 -2.08158e-005 -2.63407e-009 -3.88191e-008 1.04135e-010 1.04135e-010
3.75 -2.08034e-005 -2.63321e-009 -3.88209e-008 1.05461e-010 1.05461e-010
3.76 -2.07636e-005 -2.63252e-009 -3.88217e-008 1.07771e-010 1.07771e-010
3.77 -2.06961e-005 -2.63307e-009 -3.88222e-008 1.10072e-010 1.10072e-010
3.78 -2.0603e-005 -2.63261e-009 -3.88213e-008 1.11207e-010 1.11207e-010
3.79 -2.04884e-005 -2.6359e-009 -3.88326e-008 1.10445e-010 1.10445e-010
3.8 -2.03577e-005 -2.62117e-009 -3.87843e-008 1.07819e-010 1.07819e-010
3.81 -2.02171e-005 -2.62494e-009 -3.87963e-008 1.04145e-010 1.04145e-010
3.82 -2.00732e-005 -2.63653e-009 -3.88337e-008 1.00755e-010 1.00755e-010
3.83 -1.99317e-005 -2.63134e-009 -3.88204e-008 9.88978e-011 9.88978e-011
3.84 -1.97955e-005 -2.63323e-009 -3.88221e-008 9.9206e-011 9.9206e-011
3.85 -1.96628e-005 -2.63274e-009 -3.8824e-008 1.01371e-010 1.01371e-010
3.86 -1.95298e-005 -2.63329e-009 -3.88279e-008 1.04285e-010 1.04285e-010
3.87 -1.9394e-005 -2.63139e-009 -3.88276e-008 1.06892e-010 1.06892e-010
3.88 -1.92549e-005 -2.6334e-009 -3.88233e-008 1.0879e-010 1.0879e-010
3.89 -1.91126e-005 -2.63046e-009 -3.88369e-008 1.09864e-010 1.09864e-010
3.9 -1.89687e-005 -2.62967e-009 -3.8827e-008 1.09824e-010 1.09824e-010
3.91 -1.88274e-005 -2.63141e-009 -3.88318e-008 1.0849e-010 1.0849e-010
3.92 -1.86968e-005 -2.61924e-009 -3.88516e-008 1.06187e-010 1.06187e-010
3.93 -1.85859e-005 -2.63825e-009 -3.88096e-008 1.0358e-010 1.0358e-010
3.94 -1.85012e-005 -2.62358e-009 -3.88437e-008 1.01194e-010 1.01194e-010
3.95 -1.84455e-005 -2.63789e-009 -3.88067e-008 9.92079e-011 9.92079e-011
3.96 -1.842e-005 -2.6072e-009 -3.88617e-008 9.7815e-011 9.7815e-011
3.97 -1.84215e-005 -2.63069e-009 -3.88186e-008 9.74903e-011 9.74903e-011
3.98 -1.84436e-005 -2.65051e-009 -3.87992e-008 9.85979e-011 9.85979e-011
3.99 -1.84776e-005 -2.63977e-009 -3.88107e-008 1.00965e-010 1.00965e-010
4 -1.85163e-005 -2.62983e-009 -3.88259e-008 1.04061e-010 1.04061e-010
4.01 -1.85568e-005 -2.63408e-009 -3.88193e-008 1.07338e-010 1.07338e-010
4.02 -1.85998e-005 -2.63242e-009 -3.88219e-008 1.10119e-010 1.10119e-010
4.03 -1.86464e-005 -2.63302e-009 -3.88209e-008 1.11449e-010 1.11449e-010
4.04 -1.86996e-005 -2.63304e-009 -3.88204e-008 1.1054e-010 1.1054e-010
4.05 -1.87641e-005 -2.63271e-009 -3.88215e-008 1.07483e-010 1.07483e-010
4.06 -1.88432e-005 -2.63285e-009 -3.88211e-008 1.03376e-010 1.03376e-010
4.07 -1.89366e-005 -2.63281e-009 -3.88203e-008 9.97624e-011 9.97624e-011
4.08 -1.90431e-005 -2.63273e-009 -3.88217e-008 9.80046e-011 9.80046e-011
4.09 -1.91609e-005 -2.63292e-009 -3.88205e-008 9.88922e-011 9.88922e-011
4.1 -1.92869e-005 -2.63317e-009 -3.88204e-008 1.02258e-010 1.02258e-010
4.11 -1.94173e-005 -2.63489e-009 -3.88185e-008 1.06752e-010 1.06752e-010
4.12 -1.9548e-005 -2.63434e-009 -3.88183e-008 1.10248e-010 1.10248e-010
4.13 -1.96749e-005 -2.63367e-009 -3.88193e-008 1.10916e-010 1.10916e-010
4.14 -1.97951e-005 -2.63291e-009 -3.8821e-008 1.08267e-010 1.08267e-010
4.15 -1.99084e-005 -2.63419e-009 -3.88184e-008 1.03514e-010 1.03514e-010
4.16 -2.00151e-005 -2.63322e-009 -3.88189e-008 9.90003e-011 9.90003e-011
4.17 -2.01151e-005 -2.63203e-009 -3.88231e-008 9.6995e-011 9.6995e-011
4.18 -2.02064e-005 -2.633e-009 -3.88207e-008 9.86572e-011 9.86572e-011
4.19 -2.0286e-005 -2.63283e-009 -3.88204e-008 1.03698e-010 1.03698e-010
4.2 -2.03504e-005 -2.63269e-009 -3.88219e-008 1.10524e-010 1.10524e-010
4.21 -2.03967e-005 -2.63725e-009 -3.88026e-008 1.16682e-010 1.16682e-010
4.22 -2.04214e-005 -2.6343e-009 -3.88147e-008 1.1966e-010 1.1966e-010
4.23 -2.04225e-005 -2.63207e-009 -3.88242e-008 1.17956e-010 1.17956e-010
4.24 -2.04009e-005 -2.63304e-009 -3.88203e-008 1.11897e-010 1.11897e-010
4.25 -2.03595e-005 -2.63263e-009 -3.88219e-008 1.03593e-010 1.03593e-010
4.26 -2.03014e-005 -2.63321e-009 -3.88198e-008 9.60066e-011 9.60066e-011
4.27 -2.02308e-005 -2.63233e-009 -3.88215e-008 9.16771e-011 9.16771e-011
4.28 -2.01521e-005 -2.63288e-009 -3.88215e-008 9.18819e-011 9.18819e-011
4.29 -2.00683e-005 -2.63266e-009 -3.88214e-008 9.6363e-011 9.6363e-011
4.3 -1.9982e-005 -2.63277e-009 -3.88214e-008 1.03477e-010 1.03477e-010
4.31 -1.98955e-005 -2.63334e-009 -3.88235e-008 1.10772e-010 1.10772e-010
4.32 -1.98087e-005 -2.63243e-009 -3.88207e-008 1.15864e-010 1.15864e-010
4.33 -1.97187e-005 -2.6331e-009 -3.88229e-008 1.1729e-010 1.1729e-010
4.34 -1.96231e-005 -2.63336e-009 -3.88243e-008 1.14911e-010 1.14911e-010
4.35 -1.95204e-005 -2.63228e-009 -3.88206e-008 1.09923e-010 1.09923e-010
4.36 -1.94098e-005 -2.63319e-009 -3.88261e-008 1.04358e-010 1.04358e-010
4.37 -1.92916e-005 -2.63306e-009 -3.88219e-008 1.00116e-010 1.00116e-010
4.38 -1.91675e-005 -2.63276e-009 -3.88239e-008 9.82557e-011 9.82557e-011
4.39 -1.9043e-005 -2.63297e-009 -3.88316e-008 9.88694e-011 9.88694e-011
4.4 -1.89267e-005 -2.63444e-009 -3.88003e-008 1.01218e-010 1.01218e-010
4.41 -1.88276e-005 -2.63415e-009 -3.88181e-008 1.04017e-010 1.04017e-010
4.42 -1.8751e-005 -2.62989e-009 -3.88356e-008 1.05831e-010 1.05831e-010
4.43 -1.86987e-005 -2.63579e-009 -3.88097e-008 1.05657e-010 1.05657e-010
4.44 -1.86683e-005 -2.63592e-009 -3.8812e-008 1.03619e-010 1.03619e-010
4.45 -1.8654e-005 -2.62916e-009 -3.88369e-008 1.01052e-010 1.01052e-010
4.46 -1.86498e-005 -2.62318e-009 -3.88427e-008 9.97654e-011 9.97654e-011
4.47 -1.86503e-005 -2.64061e-009 -3.88052e-008 1.01024e-010 1.01024e-010
4.48 -1.86505e-005 -2.63451e-009 -3.88184e-008 1.04772e-010 1.04772e-010
4.49 -1.86478e-005 -2.632e-009 -3.88227e-008 1.09537e-010 1.09537e-010
4.5 -1.86447e-005 -2.63275e-009 -3.88214e-008 1.13167e-010 1.13167e-010
4.51 -1.86468e-005 -2.63252e-009 -3.88218e-008 1.13854e-010 1.13854e-010
4.52 -1.86596e-005 -2.63312e-009 -3.88206e-008 1.10808e-010 1.10808e-010
4.53 -1.8689e-005 -2.63265e-009 -3.88214e-008 1.04614e-010 1.04614e-010
4.54 -1.87409e-005 -2.63282e-009 -3.88213e-008 9.73e-011 9.73e-011
4.55 -1.88187e-005 -2.63287e-009 -3.88207e-008 9.17127e-011 9.17127e-011
4.56 -1.89209e-005 -2.63275e-009 -3.88213e-008 9.01464e-011 9.01464e-011
4.57 -1.90423e-005 -2.63198e-009 -3.88229e-008 9.3202e-011 9.3202e-011
4.58 -1.91751e-005 -2.63397e-009 -3.88182e-008 9.97053e-011 9.97053e-011
4.59 -1.9309e-005 -2.63274e-009 -3.88218e-008 1.07422e-010 1.07422e-010
4.6 -1.94327e-005 -2.63321e-009 -3.88206e-008 1.13903e-010 1.13903e-010
4.61 -1.9538e-005 -2.63416e-009 -3.88197e-008 1.17263e-010 1.17263e-010
4.62 -1.96224e-005 -2.63233e-009 -3.88219e-008 1.16906e-010 1.16906e-010
4.63 -1.96885e-005 -2.63513e-009 -3.88181e-008 1.13649e-010 1.13649e-010
4.64 -1.97388e-005 -2.63167e-009 -3.88226e-008 1.08941e-010 1.08941e-010
4.65 -1.97745e-005 -2.63911e-009 -3.88112e-008 1.04014e-010 1.04014e-010
4.66 -1.97976e-005 -2.63478e-009 -3.88179e-008 9.97352e-011 9.97352e-011
4.67 -1.98117e-005 -2.63186e-009 -3.88229e-008 9.69997e-011 9.69997e-011
4.68 -1.98208e-005 -2.63776e-009 -3.88118e-008 9.67218e-011 9.67218e-011
4.69 -1.98273e-005 -2.63396e-009 -3.8819e-008 9.9171e-011 9.9171e-011
4.7 -1.98302e-005 -2.63222e-009 -3.88203e-008 1.03502e-010 1.03502e-010
4.71 -1.98255e-005 -2.63304e-009 -3.8822e-008 1.081e-010 1.081e-010
4.72 -1.98087e-005 -2.63258e-009 -3.88213e-008 1.11425e-010 1.11425e-010
4.73 -1.97771e-005 -2.63283e-009 -3.88215e-008 1.12646e-010 1.12646e-010
4.74 -1.97289e-005 -2.63266e-009 -3.88215e-008 1.11717e-010 1.11717e-010
4.75 -1.96634e-005 -2.63277e-009 -3.8822e-008 1.09156e-010 1.09156e-010
4.76 -1.95808e-005 -2.63319e-009 -3.88229e-008 1.05876e-010 1.05876e-010
4.77 -1.94823e-005 -2.63247e-009 -3.8821e-008 1.02982e-010 1.02982e-010
4.78 -1.93697e-005 -2.63295e-009 -3.8824e-008 1.01388e-010 1.01388e-010
4.79 -1.92481e-005 -2.6328e-009 -3.88218e-008 1.01472e-010 1.01472e-010
4.8 -1.91244e-005 -2.63275e-009 -3.8823e-008 1.03028e-010 1.03028e-010
4.81 -1.90046e-005 -2.6327e-009 -3.88301e-008 1.05324e-010 1.05324e-010
4.82 -1.88936e-005 -2.63274e-009 -3.8818e-008 1.0722e-010 1.0722e-010
4.83 -1.8795e-005 -2.63285e-009 -3.88415e-008 1.07649e-010 1.07649e-010
4.84 -1.87098e-005 -2.62956e-009 -3.8841e-008 1.06276e-010 1.06276e-010
4.85 -1.86373e-005 -2.63383e-009 -3.88133e-008 1.03736e-010 1.03736e-010
4.86 -1.85779e-005 -2.62579e-009 -3.88425e-008 1.01256e-010 1.01256e-010
4.87 -1.85336e-005 -2.66824e-009 -3.8766e-008 1.00004e-010 1.00004e-010
4.88 -1.85049e-005 -2.65459e-009 -3.87852e-008 1.0052e-010 1.0052e-010
4.89 -1.84887e-005 -2.6217e-009 -3.88407e-008 1.02459e-010 1.02459e-010
4.9 -1.84824e-005 -2.63619e-009 -3.88141e-008 1.04843e-010 1.04843e-010
4.91 -1.84851e-005 -2.62802e-009 -3.88324e-008 1.06711e-010 1.06711e-010
4.92 -1.84956e-005 -2.63467e-009 -3.8817e-008 1.07529e-010 1.07529e-010
4.93 -1.85108e-005 -2.63023e-009 -3.88257e-008 1.07114e-010 1.07114e-010
4.94 -1.85272e-005 -2.63376e-009 -3.88197e-008 1.0563e-010 1.0563e-010
4.95 -1.85454e-005 -2.63225e-009 -3.88222e-008 1.03824e-010 1.03824e-010
4.96 -1.85687e-005 -2.6329e-009 -3.88214e-008 1.02818e-010 1.02818e-010
4.97 -1.86008e-005 -2.63264e-009 -3.88215e-008 1.0323e-010 1.0323e-010
4.98 -1.86452e-005 -2.63287e-009 -3.88212e-008 1.04551e-010 1.04551e-010
4.99 -1.87069e-005 -2.63272e-009 -3.88214e-008 1.05583e-010 1.05583e-010
5 -1.87883e-005 -2.63314e-009 -3.88206e-008 1.05337e-010 1.05337e-010
5.01 -1.88869e-005 -2.63268e-009 -3.88214e-008 1.03493e-010 1.03493e-010
5.02 -1.89976e-005 -2.63304e-009 -3.8821e-008 1.00564e-010 1.00564e-010
5.03 -1.91158e-005 -2.63303e-009 -3.88211e-008 9.80134e-011 9.80134e-011
5.04 -1.92365e-005 -2.63317e-009 -3.88208e-008 9.77042e-011 9.77042e-011
5.05 -1.93529e-005 -2.63256e-009 -3.88217e-008 1.00555e-010 1.00555e-010
5.06 -1.94596e-005 -2.63322e-009 -3.88208e-008 1.05695e-010 1.05695e-010
5.07 -1.95541e-005 -2.63341e-009 -3.88205e-008 1.11028e-010 1.11028e-010
5.08 -1.96338e-005 -2.63387e-009 -3.882e-008 1.14387e-010 1.14387e-010
5.09 -1.96971e-005 -2.63266e-009 -3.88214e-008 1.14342e-010 1.14342e-010
5.1 -1.97445e-005 -2.63416e-009 -3.88195e-008 1.10767e-010 1.10767e-010
5.11 -1.97775e-005 -2.63214e-009 -3.88223e-008 1.05089e-010 1.05089e-010
5.12 -1.97955e-005 -2.63305e-009 -3.88209e-008 9.97124e-011 9.97124e-011
5.13 -1.97961e-005 -2.63273e-009 -3.88213e-008 9.68324e-011 9.68324e-011
5.14 -1.97804e-005 -2.63286e-009 -3.88211e-008 9.75369e-011 9.75369e-011
5.15 -1.97522e-005 -2.63268e-009 -3.88216e-008 1.01535e-010 1.01535e-010
5.16 -1.97149e-005 -2.63274e-009 -3.88215e-008 1.07184e-010 1.07184e-010
5.17 -1.967e-005 -2.63273e-009 -3.88214e-008 1.11869e-010 1.11869e-010
5.18 -1.96196e-005 -2.63273e-009 -3.88215e-008 1.13151e-010 1.13151e-010
5.19 -1.95651e-005 -2.6327e-009 -3.88215e-008 1.10223e-010 1.10223e-010
5.2 -1.95043e-005 -2.63272e-009 -3.88215e-008 1.04437e-010 1.04437e-010
5.21 -1.94321e-005 -2.63272e-009 -3.88215e-008 9.85495e-011 9.85495e-011
5.22 -1.93463e-005 -2.63221e-009 -3.88243e-008 9.55078e-011 9.55078e-011
5.23 -1.92484e-005 -2.63284e-009 -3.88204e-008 9.72665e-011 9.72665e-011
5.24 -1.91416e-005 -2.63255e-009 -3.88221e-008 1.03589e-010 1.03589e-010
5.25 -1.90306e-005 -2.63281e-009 -3.88213e-008 1.11607e-010 1.11607e-010
5.26 -1.89228e-005 -2.63275e-009 -3.88215e-008 1.17075e-010 1.17075e-010
5.27 -1.88273e-005 -2.6328e-009 -3.8821e-008 1.16692e-010 1.16692e-010
5.28 -1.87536e-005 -2.63272e-009 -3.88214e-008 1.09845e-010 1.09845e-010
5.29 -1.87113e-005 -2.63267e-009 -3.88197e-008 9.88618e-011 9.88618e-011
5.3 -1.87048e-005 -2.63251e-009 -3.88206e-008 8.78935e-011 8.78935e-011
5.31 -1.87304e-005 -2.63212e-009 -3.88201e-008 8.11983e-011 8.11983e-011
5.32 -1.8779e-005 -2.6315e-009 -3.8819e-008 8.16008e-011 8.16008e-011
5.33 -1.884e-005 -2.63215e-009 -3.88189e-008 8.9316e-011 8.9316e-011
5.34 -1.89028e-005 -2.63272e-009 -3.88205e-008 1.01625e-010 1.01625e-010
5.35 -1.89576e-005 -2.63207e-009 -3.88204e-008 1.13771e-010 1.13771e-010
5.36 -1.89975e-005 -2.63377e-009 -3.88213e-008 1.20597e-010 1.20597e-010
5.37 -1.90228e-005 -2.6328e-009 -3.88223e-008 1.18407e-010 1.18407e-010
5.38 -1.90418e-005 -2.62168e-009 -3.88056e-008 1.06621e-010 1.06621e-010
5.39 -1.90672e-005 -2.63751e-009 -3.88084e-008 8.83903e-011 8.83903e-011
5.4 -1.91113e-005 -2.6386e-009 -3.87978e-008 6.94725e-011 6.94725e-011
5.41 -1.91826e-005 -2.62583e-009 -3.88332e-008 5.5724e-011 5.5724e-011
5.42 -1.92848e-005 -2.60917e-009 -3.88182e-008 5.11168e-011 5.11168e-011
5.43 -1.94137e-005 -2.63946e-009 -3.88797e-008 5.68836e-011 5.68836e-011
5.44 -1.95627e-005 -2.62993e-009 -3.87965e-008 7.09954e-011 7.09954e-011
5.45 -1.97188e-005 -2.63336e-009 -3.88304e-008 8.88035e-011 8.88035e-011
5.46 -1.9868e-005 -2.63273e-009 -3.88174e-008 1.0474e-010 1.0474e-010
5.47 -1.99947e-005 -2.63363e-009 -3.88239e-008 1.1411e-010 1.1411e-010
5.48 -2.00872e-005 -2.63309e-009 -3.8821e-008 1.14474e-010 1.14474e-010
5.49 -2.01397e-005 -2.63325e-009 -3.8822e-008 1.06179e-010 1.06179e-010
5.5 -2.01542e-005 -2.63233e-009 -3.88221e-008 9.21977e-011 9.21977e-011
5.51 -2.01407e-005 -2.63287e-009 -3.88217e-008 7.72047e-011 7.72047e-011
5.52 -2.01115e-005 -2.63366e-009 -3.88216e-008 6.59171e-011 6.59171e-011
5.53 -2.00772e-005 -2.64452e-009 -3.88321e-008 6.12985e-011 6.12985e-011
5.54 -2.0047e-005 -2.66066e-009 -3.88571e-008 6.35445e-011 6.35445e-011
5.55 -2.00267e-005 -2.63951e-009 -3.88408e-008 7.06563e-011 7.06563e-011
5.56 -2.00163e-005 -2.63625e-009 -3.88365e-008 7.97825e-011 7.97825e-011
5.57 -2.00096e-005 -2.5775e-009 -3.86524e-008 8.78799e-011 8.78799e-011
5.58 -2.00011e-005 -2.59933e-009 -3.87301e-008 9.27077e-011 9.27077e-011
5.59 -1.99847e-005 -2.6411e-009 -3.88704e-008 9.39277e-011 9.39277e-011
5.6 -1.99554e-005 -2.62013e-009 -3.87803e-008 9.2295e-011 9.2295e-011
5.61 -1.9913e-005 -2.61916e-009 -3.87731e-008 8.87444e-011 8.87444e-011
5.62 -1.98591e-005 -2.63788e-009 -3.87844e-008 8.43956e-011 8.43956e-011
5.63 -1.97964e-005 -2.65225e-009 -3.88246e-008 8.0553e-011 8.0553e-011
5.64 -1.97276e-005 -2.66215e-009 -3.88543e-008 7.81522e-011 7.81522e-011
5.65 -1.96559e-005 -2.66431e-009 -3.8846e-008 7.71546e-011 7.71546e-011
5.66 -1.95862e-005 -2.64832e-009 -3.88414e-008 7.74737e-011 7.74737e-011
5.67 -1.95234e-005 -2.67413e-009 -3.8891e-008 7.94791e-011 7.94791e-011
5.68 -1.94703e-005 -2.66649e-009 -3.88504e-008 8.304e-011 8.304e-011
5.69 -1.94252e-005 -2.62027e-009 -3.88274e-008 8.70148e-011 8.70148e-011
5.7 -1.93817e-005 -2.64976e-009 -3.8815e-008 8.99299e-011 8.99299e-011
5.71 -1.93337e-005 -2.63356e-009 -3.88424e-008 9.10575e-011 9.10575e-011
5.72 -1.92767e-005 -2.65771e-009 -3.88393e-008 9.05723e-011 9.05723e-011
5.73 -1.92086e-005 -2.62788e-009 -3.88232e-008 8.90464e-011 8.90464e-011
5.74 -1.91253e-005 -2.63472e-009 -3.88209e-008 8.71668e-011 8.71668e-011
5.75 -1.90223e-005 -2.63199e-009 -3.88218e-008 8.54843e-011 8.54843e-011
5.76 -1.88947e-005 -2.63311e-009 -3.88215e-008 8.41843e-011 8.41843e-011
5.77 -1.87409e-005 -2.62085e-009 -3.8838e-008 8.32543e-011 8.32543e-011
5.78 -1.85634e-005 -2.62975e-009 -3.88261e-008 8.27993e-011 8.27993e-011
5.79 -1.83702e-005 -2.61552e-009 -3.88432e-008 8.30571e-011 8.30571e-011
5.8 -1.81749e-005 -2.61621e-009 -3.88379e-008 8.40226e-011 8.40226e-011
5.81 -1.79949e-005 -2.62682e-009 -3.88284e-008 8.53002e-011 8.53002e-011
5.82 -1.78418e-005 -2.65478e-009 -3.87985e-008 8.62758e-011 8.62758e-011
5.83 -1.77161e-005 -2.64416e-009 -3.88046e-008 8.6186e-011 8.6186e-011
5.84 -1.76118e-005 -2.63774e-009 -3.88105e-008 8.52745e-011 8.52745e-011
5.85 -1.75254e-005 -2.61506e-009 -3.87942e-008 8.56055e-011 8.56055e-011
5.86 -1.74575e-005 -2.51548e-009 -3.87534e-008 8.89001e-011 8.89001e-011
5.87 -1.74074e-005 -2.52278e-009 -3.86453e-008 9.46519e-011 9.46519e-011
5.88 -1.73722e-005 -2.78862e-009 -3.893e-008 9.97481e-011 9.97481e-011
5.89 -1.7352e-005 -2.59674e-009 -3.88094e-008 9.96952e-011 9.96952e-011
5.9 -1.73496e-005 -2.67411e-009 -3.8882e-008 9.22058e-011 9.22058e-011
5.91 -1.73731e-005 -2.61893e-009 -3.87939e-008 7.84611e-011 7.84611e-011
5.92 -1.74328e-005 -2.64596e-009 -3.88271e-008 6.19184e-011 6.19184e-011
5.93 -1.75372e-005 -2.63118e-009 -3.88209e-008 4.74403e-011 4.74403e-011
5.94 -1.76902e-005 -2.63764e-009 -3.88202e-008 3.95934e-011 3.95934e-011
5.95 -1.78931e-005 -2.63943e-009 -3.88195e-008 4.03327e-011 4.03327e-011
5.96 -1.81447e-005 -2.6347e-009 -3.88249e-008 4.83044e-011 4.83044e-011
5.97 -1.84395e-005 -2.6366e-009 -3.88146e-008 5.98157e-011 5.98157e-011
5.98 -1.87683e-005 -2.63528e-009 -3.88222e-008 6.99341e-011 6.99341e-011
5.99 -1.91226e-005 -2.60261e-009 -3.88847e-008 7.39517e-011 7.39517e-011
6 -1.95001e-005 -2.61376e-009 -3.88638e-008 6.94964e-011 6.94964e-011
6.01 -1.99057e-005 -2.64605e-009 -3.8808e-008 5.80628e-011 5.80628e-011
6.02 -2.03481e-005 -2.63424e-009 -3.88275e-008 4.42681e-011 4.42681e-011
6.03 -2.08374e-005 -2.63891e-009 -3.88209e-008 3.29876e-011 3.29876e-011
6.04 -2.13815e-005 -2.60339e-009 -3.88512e-008 2.6871e-011 2.6871e-011
6.05 -2.19792e-005 -2.48031e-009 -3.89766e-008 2.55096e-011 2.55096e-011
6.06 -2.26169e-005 -2.43527e-009 -3.88139e-008 2.70606e-011 2.70606e-011
6.07 -2.32701e-005 -2.36045e-009 -3.86481e-008 2.99815e-011 2.99815e-011
6.08 -2.39002e-005 -2.63377e-009 -3.87568e-008 3.24273e-011 3.24273e-011
6.09 -2.44665e-005 -2.67293e-009 -3.88723e-008 3.36916e-011 3.36916e-011
6.1 -2.4932e-005 -2.65576e-009 -3.88314e-008 3.6256e-011 3.6256e-011
6.11 -2.52667e-005 -2.63341e-009 -3.88912e-008 4.30079e-011 4.30079e-011
6.12 -2.54488e-005 -2.64492e-009 -3.89091e-008 5.28528e-011 5.28528e-011
6.13 -2.54709e-005 -2.64508e-009 -3.89124e-008 6.12184e-011 6.12184e-011
6.14 -2.53374e-005 -2.6746e-009 -3.89737e-008 6.32375e-011 6.32375e-011
6.15 -2.50589e-005 -2.61244e-009 -3.88159e-008 5.59438e-011 5.59438e-011
6.16 -2.4651e-005 -2.6252e-009 -3.87837e-008 4.04178e-011 4.04178e-011
6.17 -2.41322e-005 -2.63239e-009 -3.88667e-008 2.09458e-011 2.09458e-011
6.18 -2.35195e-005 -2.63941e-009 -3.89042e-008 2.87032e-012 2.87032e-012
6.19 -2.28305e-005 -2.60292e-009 -3.89104e-008 -8.01989e-012 -8.01989e-012
6.2 -2.2084e-005 -2.56964e-009 -3.8892e-008 -7.20895e-012 -7.20895e-012
6.21 -2.12985e-005 -2.57997e-009 -3.88217e-008 5.44446e-012 5.44446e-012
6.22 -2.04868e-005 -2.56539e-009 -3.88791e-008 2.45286e-011 2.45286e-011
6.23 -1.96518e-005 -2.57822e-009 -3.88341e-008 4.1715e-011 4.1715e-011
6.24 -1.87957e-005 -2.48252e-009 -3.89722e-008 4.99685e-011 4.99685e-011
6.25 -1.79277e-005 -2.36149e-009 -3.90635e-008 4.69055e-011 4.69055e-011
6.26 -1.70682e-005 -2.67317e-009 -3.86429e-008 3.49745e-011 3.49745e-011
6.27 -1.62526e-005 -2.35708e-009 -3.88983e-008 1.98753e-011 1.98753e-011
6.28 -1.55202e-005 -2.35336e-009 -3.88295e-008 9.57672e-012 9.57672e-012
6.29 -1.49008e-005 -2.51959e-009 -3.87077e-008 1.0557e-011 1.0557e-011
6.3 -1.44084e-005 -2.59277e-009 -3.88224e-008 2.2671e-011 2.2671e-011
6.31 -1.40473e-005 -2.55063e-009 -3.88319e-008 3.9672e-011 3.9672e-011
6.32 -1.38202e-005 -2.70707e-009 -3.91197e-008 5.50337e-011 5.50337e-011
6.33 -1.37296e-005 -2.6877e-009 -3.90483e-008 6.44375e-011 6.44375e-011
6.34 -1.37709e-005 -2.52692e-009 -3.87486e-008 6.49716e-011 6.49716e-011
6.35 -1.39336e-005 -2.55537e-009 -3.89155e-008 5.75186e-011 5.75186e-011
6.36 -1.42063e-005 -2.47626e-009 -3.88483e-008 4.76595e-011 4.76595e-011
6.37 -1.45661e-005 -2.5644e-009 -3.88339e-008 4.11687e-011 4.11687e-011
6.38 -1.49749e-005 -2.58032e-009 -3.88419e-008 4.00989e-011 4.00989e-011
6.39 -1.5399e-005 -2.57434e-009 -3.88428e-008 4.38954e-011 4.38954e-011
6.4 -1.58213e-005 -2.5767e-009 -3.88413e-008 5.2081e-011 5.2081e-011
6.41 -1.62346e-005 -2.57635e-009 -3.88422e-008 6.35306e-011 6.35306e-011
6.42 -1.6634e-005 -2.57688e-009 -3.88437e-008 7.4323e-011 7.4323e-011
6.43 -1.70213e-005 -2.57881e-009 -3.8846e-008 7.89098e-011 7.89098e-011
6.44 -1.74096e-005 -2.59864e-009 -3.88749e-008 7.37246e-011 7.37246e-011
6.45 -1.78173e-005 -2.67684e-009 -3.89648e-008 5.92746e-011 5.92746e-011
6.46 -1.82591e-005 -2.71163e-009 -3.88591e-008 3.93199e-011 3.93199e-011
6.47 -1.87475e-005 -2.72465e-009 -3.87176e-008 1.98206e-011 1.98206e-011
6.48 -1.92922e-005 -2.34236e-009 -3.89438e-008 7.09774e-012 7.09774e-012
6.49 -1.98994e-005 -2.37687e-009 -3.8999e-008 5.47306e-012 5.47306e-012
6.5 -2.05593e-005 -2.65693e-009 -3.8769e-008 1.67456e-011 1.67456e-011
6.51 -2.12477e-005 -2.54324e-009 -3.88697e-008 3.742e-011 3.742e-011
6.52 -2.19372e-005 -2.60397e-009 -3.88556e-008 5.78399e-011 5.78399e-011
6.53 -2.2604e-005 -2.57946e-009 -3.88599e-008 7.15583e-011 7.15583e-011
6.54 -2.32325e-005 -2.5765e-009 -3.88229e-008 8.00808e-011 8.00808e-011
6.55 -2.38098e-005 -2.57037e-009 -3.88508e-008 8.34135e-011 8.34135e-011
6.56 -2.43221e-005 -2.56867e-009 -3.88449e-008 7.79583e-011 7.79583e-011
6.57 -2.47534e-005 -2.57621e-009 -3.88414e-008 6.47378e-011 6.47378e-011
6.58 -2.5088e-005 -2.59319e-009 -3.88318e-008 5.01356e-011 5.01356e-011
6.59 -2.53151e-005 -2.59419e-009 -3.88445e-008 3.96034e-011 3.96034e-011
6.6 -2.54303e-005 -2.57868e-009 -3.88347e-008 3.51021e-011 3.51021e-011
6.61 -2.54311e-005 -2.58354e-009 -3.88382e-008 3.71687e-011 3.71687e-011
6.62 -2.53209e-005 -2.58319e-009 -3.88371e-008 4.56066e-011 4.56066e-011
6.63 -2.51024e-005 -2.57454e-009 -3.8843e-008 5.77336e-011 5.77336e-011
6.64 -2.47816e-005 -2.57731e-009 -3.88387e-008 6.79001e-011 6.79001e-011
6.65 -2.43689e-005 -2.5765e-009 -3.88422e-008 7.12075e-011 7.12075e-011
6.66 -2.38784e-005 -2.57763e-009 -3.88571e-008 6.75094e-011 6.75094e-011
6.67 -2.33259e-005 -2.57794e-009 -3.88403e-008 6.07194e-011 6.07194e-011
6.68 -2.27229e-005 -2.58014e-009 -3.88452e-008 5.50506e-011 5.50506e-011
6.69 -2.20727e-005 -2.57693e-009 -3.88409e-008 5.26847e-011 5.26847e-011
6.7 -2.1373e-005 -2.57541e-009 -3.88611e-008 5.40597e-011 5.40597e-011
6.71 -2.06253e-005 -2.57697e-009 -3.88396e-008 5.84925e-011 5.84925e-011
6.72 -1.98396e-005 -2.57389e-009 -3.88281e-008 6.43183e-011 6.43183e-011
6.73 -1.90319e-005 -2.57389e-009 -3.88469e-008 6.83342e-011 6.83342e-011
6.74 -1.82149e-005 -2.4639e-009 -3.88748e-008 6.63979e-011 6.63979e-011
6.75 -1.73989e-005 -2.53307e-009 -3.8679e-008 5.71907e-011 5.71907e-011
6.76 -1.65903e-005 -2.36188e-009 -3.88871e-008 4.12923e-011 4.12923e-011
6.77 -1.57932e-005 -2.70754e-009 -3.89753e-008 2.18602e-011 2.18602e-011
6.78 -1.50153e-005 -3.18151e-009 -3.89948e-008 9.72077e-012 9.72077e-012
6.79 -1.42546e-005 -2.62302e-009 -3.89453e-008 1.39512e-011 1.39512e-011
6.8 -1.3502e-005 -2.34586e-009 -3.92394e-008 3.44172e-011 3.44172e-011
6.81 -1.27695e-005 -2.35031e-009 -3.89533e-008 6.9427e-011 6.9427e-011
6.82 -1.20625e-005 -2.44955e-009 -3.88844e-008 1.1582e-010 1.1582e-010
6.83 -1.13902e-005 -2.48263e-009 -3.88555e-008 1.62548e-010 1.62548e-010
6.84 -1.07822e-005 -2.26875e-009 -3.91837e-008 1.95385e-010 1.95385e-010
6.85 -1.02772e-005 -2.35274e-009 -3.91171e-008 2.08317e-010 2.08317e-010
6.86 -9.91725e-006 -2.49602e-009 -3.89306e-008 2.03341e-010 2.03341e-010
6.87 -9.74081e-006 -2.38267e-009 -3.89239e-008 1.83934e-010 1.83934e-010
6.88 -9.78169e-006 -2.38496e-009 -3.90186e-008 1.56992e-010 1.56992e-010
6.89 -1.00574e-005 -2.64596e-009 -3.87886e-008 1.3311e-010 1.3311e-010
6.9 -1.05722e-005 -2.54721e-009 -3.88613e-008 1.21209e-010 1.21209e-010
6.91 -1.13098e-005 -2.59021e-009 -3.88392e-008 1.23305e-010 1.23305e-010
6.92 -1.22289e-005 -2.58569e-009 -3.88742e-008 1.34002e-010 1.34002e-010
6.93 -1.32765e-005 -2.58167e-009 -3.88427e-008 1.48072e-010 1.48072e-010
6.94 -1.44048e-005 -2.63559e-009 -3.89241e-008 1.62376e-010 1.62376e-010
6.95 -1.55785e-005 -2.62609e-009 -3.88827e-008 1.70825e-010 1.70825e-010
6.96 -1.67744e-005 -2.71187e-009 -3.89163e-008 1.65841e-010 1.65841e-010
6.97 -1.79729e-005 -2.75592e-009 -3.87983e-008 1.45456e-010 1.45456e-010
6.98 -1.91603e-005 -2.87572e-009 -3.86393e-008 1.17659e-010 1.17659e-010
6.99 -2.03257e-005 -2.50903e-009 -3.87593e-008 9.38796e-011 9.38796e-011
7 -2.14592e-005 -2.34539e-009 -3.90684e-008 7.49621e-011 7.49621e-011
7.01 -2.25441e-005 -2.58815e-009 -3.9091e-008 5.66979e-011 5.66979e-011
7.02 -2.35488e-005 -2.79102e-009 -3.93657e-008 4.51083e-011 4.51083e-011
7.03 -2.44381e-005 -2.82716e-009 -3.87543e-008 4.64805e-011 4.64805e-011
7.04 -2.51789e-005 -2.58923e-009 -3.8943e-008 5.59131e-011 5.59131e-011
7.05 -2.57785e-005 -2.67155e-009 -3.88881e-008 6.59954e-011 6.59954e-011
7.06 -2.6256e-005 -2.79738e-009 -3.88894e-008 7.54762e-011 7.54762e-011
7.07 -2.66365e-005 -2.85727e-009 -3.89259e-008 8.46189e-011 8.46189e-011
7.08 -2.69525e-005 -3.48992e-009 -3.87712e-008 9.057e-011 9.057e-011
7.09 -2.72312e-005 -3.76089e-009 -3.82849e-008 9.15536e-011 9.15536e-011
7.1 -2.75037e-005 -2.65213e-009 -3.94971e-008 9.09819e-011 9.09819e-011
7.11 -2.77944e-005 -3.30269e-009 -3.85481e-008 9.87005e-011 9.87005e-011
7.12 -2.8089e-005 -2.75395e-009 -3.87904e-008 1.22637e-010 1.22637e-010
7.13 -2.83648e-005 -2.7873e-009 -3.87667e-008 1.58008e-010 1.58008e-010
7.14 -2.85809e-005 -2.72109e-009 -3.86333e-008 1.93758e-010 1.93758e-010
7.15 -2.86935e-005 -2.72658e-009 -3.86814e-008 2.2379e-010 2.2379e-010
7.16 -2.86626e-005 -2.59051e-009 -3.88222e-008 2.44259e-010 2.44259e-010
7.17 -2.84599e-005 -2.58844e-009 -3.88556e-008 2.4912e-010 2.4912e-010
7.18 -2.80741e-005 -2.58225e-009 -3.88317e-008 2.35222e-010 2.35222e-010
7.19 -2.75096e-005 -2.56811e-009 -3.87852e-008 2.07435e-010 2.07435e-010
7.2 -2.67841e-005 -2.58687e-009 -3.88516e-008 1.75096e-010 1.75096e-010
7.21 -2.59236e-005 -2.55689e-009 -3.87918e-008 1.46018e-010 1.46018e-010
7.22 -2.49507e-005 -2.53375e-009 -3.87348e-008 1.24495e-010 1.24495e-010
7.23 -2.38784e-005 -2.44976e-009 -3.87096e-008 1.11448e-010 1.11448e-010
7.24 -2.27127e-005 -3.15354e-009 -3.96156e-008 1.06761e-010 1.06761e-010
7.25 -2.14608e-005 -2.90839e-009 -3.92335e-008 1.07897e-010 1.07897e-010
7.26 -2.01391e-005 -2.45804e-009 -3.88779e-008 1.09157e-010 1.09157e-010
7.27 -1.87503e-005 -2.36896e-009 -3.8852e-008 1.07825e-010 1.07825e-010
7.28 -1.73155e-005 -2.21423e-009 -3.86042e-008 1.02054e-010 1.02054e-010
7.29 -1.58548e-005 -2.95392e-009 -3.84637e-008 8.8083e-011 8.8083e-011
7.3 -1.44076e-005 -2.21994e-009 -3.92769e-008 6.67373e-011 6.67373e-011
7.31 -1.30118e-005 -2.05682e-009 -3.94194e-008 4.19703e-011 4.19703e-011
7.32 -1.17145e-005 -2.28223e-009 -3.90425e-008 1.29347e-011 1.29347e-011
7.33 -1.05349e-005 -1.21303e-009 -3.81296e-008 -2.25649e-011 -2.25649e-011
7.34 -9.5068e-006 7.28185e-010 -3.98733e-008 -4.53608e-011 -4.53608e-011
7.35 -8.67658e-006 3.6245e-010 -4.24086e-008 -8.10648e-012 -8.10648e-012
7.36 -8.06191e-006 5.33786e-010 -4.04003e-008 1.04997e-010 1.04997e-010
7.37 -7.6735e-006 -1.55104e-009 -3.93485e-008 2.43825e-010 2.43825e-010
7.38 -7.53296e-006 -1.72511e-009 -3.91806e-008 3.6555e-010 3.6555e-010
7.39 -7.63567e-006 -1.49742e-009 -3.98049e-008 4.70176e-010 4.70176e-010
7.4 -7.97175e-006 -1.78947e-009 -3.98941e-008 5.42654e-010 5.42654e-010
7.41 -8.52304e-006 -2.5037e-009 -3.90101e-008 5.41311e-010 5.41311e-010
7.42 -9.25335e-006 -2.62729e-009 -3.90101e-008 4.56254e-010 4.56254e-010
7.43 -1.01149e-005 -2.69416e-009 -3.89679e-008 3.33993e-010 3.33993e-010
7.44 -1.10724e-005 -2.47818e-009 -3.86701e-008 2.36005e-010 2.36005e-010
7.45 -1.21101e-005 -2.51851e-009 -3.86335e-008 1.95871e-010 1.95871e-010
7.46 -1.32185e-005 -2.77854e-009 -3.90636e-008 2.14685e-010 2.14685e-010
7.47 -1.43936e-005 -2.67135e-009 -3.88203e-008 2.70572e-010 2.70572e-010
7.48 -1.56322e-005 -2.65116e-009 -3.88865e-008 3.25105e-010 3.25105e-010
7.49 -1.69209e-005 -2.62506e-009 -3.9191e-008 3.35393e-010 3.35393e-010
7.5 -1.82409e-005 -3.683e-009 -4.05504e-008 2.75494e-010 2.75494e-010
7.51 -1.95667e-005 -5.01025e-009 -4.21397e-008 1.46297e-010 1.46297e-010
7.52 -2.08506e-005 -4.66337e-009 -4.18963e-008 -3.65422e-011 -3.65422e-011
7.53 -2.20285e-005 -3.8606e-009 -3.98904e-008 -2.40473e-010 -2.40473e-010
7.54 -2.3059e-005 -3.82136e-009 -4.09881e-008 -4.13581e-010 -4.13581e-010
7.55 -2.3896e-005 -3.67626e-009 -3.90414e-008 -5.17047e-010 -5.17047e-010
7.56 -2.45234e-005 -2.99744e-009 -3.91964e-008 -5.43202e-010 -5.43202e-010
7.57 -2.49745e-005 -2.97263e-009 -3.9025e-008 -5.09501e-010 -5.09501e-010
7.58 -2.52889e-005 -3.08079e-009 -3.89833e-008 -4.49482e-010 -4.49482e-010
7.59 -2.54909e-005 -3.66986e-009 -3.95501e-008 -3.93317e-010 -3.93317e-010
7.6 -2.56116e-005 -5.0856e-009 -4.09506e-008 -3.60919e-010 -3.60919e-010
7.61 -2.56605e-005 -4.11062e-009 -3.92813e-008 -3.63432e-010 -3.63432e-010
7.62 -2.56659e-005 -2.34626e-009 -3.85326e-008 -3.92262e-010 -3.92262e-010
7.63 -2.56459e-005 -2.69937e-009 -3.8925e-008 -4.17004e-010 -4.17004e-010
7.64 -2.55937e-005 -2.53325e-009 -3.88136e-008 -4.07017e-010 -4.07017e-010
7.65 -2.55018e-005 -2.65796e-009 -3.86807e-008 -3.51598e-010 -3.51598e-010
7.66 -2.53507e-005 -2.61306e-009 -3.87171e-008 -2.60028e-010 -2.60028e-010
7.67 -2.51239e-005 -2.56856e-009 -3.89249e-008 -1.51673e-010 -1.51673e-010
7.68 -2.48154e-005 -2.57343e-009 -3.89774e-008 -4.8987e-011 -4.8987e-011
7.69 -2.44427e-005 -2.56978e-009 -3.8596e-008 2.6513e-011 2.6513e-011
7.7 -2.40291e-005 -3.05249e-009 -3.94214e-008 6.24967e-011 6.24967e-011
7.71 -2.3587e-005 -4.13765e-009 -4.08666e-008 6.07238e-011 6.07238e-011
7.72 -2.30935e-005 -5.53153e-009 -4.22189e-008 3.05924e-011 3.05924e-011
7.73 -2.25951e-005 -3.39889e-009 -3.93307e-008 -1.90236e-011 -1.90236e-011
7.74 -2.20765e-005 -2.16196e-009 -3.87378e-008 -7.61483e-011 -7.61483e-011
7.75 -2.15337e-005 -1.819e-009 -3.8264e-008 -1.27963e-010 -1.27963e-010
7.76 -2.09744e-005 -1.91823e-009 -3.78898e-008 -1.94251e-010 -1.94251e-010
7.77 -2.0376e-005 -3.07895e-010 -3.52766e-008 -3.31716e-010 -3.31716e-010
7.78 -1.97573e-005 3.65649e-009 -3.08972e-008 -5.64173e-010 -5.64173e-010
7.79 -1.90939e-005 9.01616e-010 -3.43826e-008 -8.4342e-010 -8.4342e-010
7.8 -1.84297e-005 -4.03594e-010 -3.62348e-008 -1.09364e-009 -1.09364e-009
7.81 -1.7781e-005 -1.94048e-009 -3.92149e-008 -1.2625e-009 -1.2625e-009
7.82 -1.71671e-005 -2.57867e-009 -3.7972e-008 -1.32625e-009 -1.32625e-009
7.83 -1.6584e-005 -8.01734e-010 -3.72697e-008 -1.26863e-009 -1.26863e-009
7.84 -1.60089e-005 -1.68527e-009 -3.86133e-008 -1.09757e-009 -1.09757e-009
7.85 -1.5424e-005 -2.93311e-009 -3.8692e-008 -8.68224e-010 -8.68224e-010
7.86 -1.48168e-005 -2.20655e-009 -3.91208e-008 -6.5719e-010 -6.5719e-010
7.87 -1.41649e-005 -2.66786e-009 -3.8643e-008 -5.24567e-010 -5.24567e-010
7.88 -1.34685e-005 -2.41125e-009 -3.89492e-008 -4.8883e-010 -4.8883e-010
7.89 -1.27441e-005 -2.59753e-009 -3.88224e-008 -5.26475e-010 -5.26475e-010
7.9 -1.20352e-005 -2.52858e-009 -3.88414e-008 -5.89147e-010 -5.89147e-010
7.91 -1.14139e-005 -2.58182e-009 -3.90007e-008 -6.17017e-010 -6.17017e-010
7.92 -1.09563e-005 -2.53462e-009 -3.91491e-008 -5.64021e-010 -5.64021e-010
7.93 -1.0735e-005 -2.57792e-009 -3.93796e-008 -4.24425e-010 -4.24425e-010
7.94 -1.07857e-005 -2.73232e-009 -3.93104e-008 -2.30194e-010 -2.30194e-010
7.95 -1.11196e-005 -2.8063e-009 -3.92439e-008 -2.97395e-011 -2.97395e-011
7.96 -1.17151e-005 -2.55674e-009 -3.84967e-008 1.28529e-010 1.28529e-010
7.97 -1.24915e-005 -2.67077e-009 -3.85745e-008 2.14026e-010 2.14026e-010
7.98 -1.3393e-005 -4.20278e-009 -4.02255e-008 2.20526e-010 2.20526e-010
7.99 -1.43431e-005 -2.70127e-009 -3.85677e-008 1.45765e-010 1.45765e-010
8 -1.52696e-005 -2.95923e-009 -3.91734e-008 -8.38726e-013 -8.38726e-013
8.01 -1.61336e-005 -2.25945e-009 -3.98414e-008 -1.78908e-010 -1.78908e-010
8.02 -1.694e-005 -4.02099e-009 -4.22528e-008 -3.50422e-010 -3.50422e-010
8.03 -1.77245e-005 -6.64797e-009 -4.57589e-008 -5.19949e-010 -5.19949e-010
8.04 -1.85471e-005 -1.0603e-008 -5.09353e-008 -7.20026e-010 -7.20026e-010
8.05 -1.94187e-005 -1.08222e-008 -4.63941e-008 -9.52664e-010 -9.52664e-010
8.06 -2.03805e-005 -8.76685e-009 -4.28588e-008 -1.18065e-009 -1.18065e-009
8.07 -2.14316e-005 -5.4299e-009 -3.97583e-008 -1.37303e-009 -1.37303e-009
8.08 -2.25703e-005 -4.62279e-009 -3.95729e-008 -1.50853e-009 -1.50853e-009
8.09 -2.37422e-005 -4.03176e-009 -3.83718e-008 -1.56017e-009 -1.56017e-009
8.1 -2.48906e-005 -3.17397e-009 -3.95382e-008 -1.50154e-009 -1.50154e-009
8.11 -2.59598e-005 -4.10613e-009 -4.02551e-008 -1.3398e-009 -1.3398e-009
8.12 -2.68552e-005 -5.06729e-009 -4.04052e-008 -1.13309e-009 -1.13309e-009
8.13 -2.7517e-005 -4.10263e-009 -3.88444e-008 -9.45721e-010 -9.45721e-010
8.14 -2.79146e-005 -3.48239e-009 -3.86733e-008 -8.16574e-010 -8.16574e-010
8.15 -2.80293e-005 -3.26693e-009 -3.86076e-008 -7.66996e-010 -7.66996e-010
8.16 -2.78924e-005 -2.87734e-009 -3.8525e-008 -7.94614e-010 -7.94614e-010
8.17 -2.75588e-005 -2.59267e-009 -3.88573e-008 -8.60795e-010 -8.60795e-010
8.18 -2.70879e-005 -2.5718e-009 -3.88609e-008 -9.05745e-010 -9.05745e-010
8.19 -2.65385e-005 -2.59444e-009 -3.88151e-008 -8.83624e-010 -8.83624e-010
8.2 -2.596e-005 -2.61477e-009 -3.85803e-008 -7.83686e-010 -7.83686e-010
8.21 -2.53837e-005 -2.59303e-009 -3.92523e-008 -6.23789e-010 -6.23789e-010
8.22 -2.48323e-005 -2.77726e-009 -3.88179e-008 -4.40587e-010 -4.40587e-010
8.23 -2.43169e-005 -3.14105e-009 -3.97871e-008 -2.86529e-010 -2.86529e-010
8.24 -2.38547e-005 -5.64229e-009 -4.31543e-008 -2.0653e-010 -2.0653e-010
8.25 -2.33423e-005 -7.49743e-009 -4.30831e-008 -2.29431e-010 -2.29431e-010
8.26 -2.28258e-005 -3.00187e-009 -3.73753e-008 -3.68984e-010 -3.68984e-010
8.27 -2.23322e-005 -3.70446e-009 -3.84906e-008 -5.92382e-010 -5.92382e-010
8.28 -2.18445e-005 -1.62563e-009 -3.77945e-008 -8.33143e-010 -8.33143e-010
8.29 -2.13883e-005 -3.36118e-009 -3.90969e-008 -1.03974e-009 -1.03974e-009
8.3 -2.09743e-005 -1.98753e-009 -3.86574e-008 -1.18433e-009 -1.18433e-009
8.31 -2.06377e-005 -2.61458e-009 -3.75281e-008 -1.25113e-009 -1.25113e-009
8.32 -2.04221e-005 8.64356e-011 -3.27691e-008 -1.25361e-009 -1.25361e-009
8.33 -2.03255e-005 3.29408e-009 -3.00331e-008 -1.23988e-009 -1.23988e-009
8.34 -2.032e-005 -7.12151e-010 -3.73859e-008 -1.24824e-009 -1.24824e-009
8.35 -2.04289e-005 -1.96934e-009 -3.78657e-008 -1.28788e-009 -1.28788e-009
8.36 -2.06026e-005 -2.64985e-009 -3.90754e-008 -1.35338e-009 -1.35338e-009
8.37 -2.08298e-005 1.36313e-009 -3.27418e-008 -1.42636e-009 -1.42636e-009
8.38 -2.10387e-005 -9.50735e-010 -3.64099e-008 -1.47244e-009 -1.47244e-009
8.39 -2.12303e-005 -3.2623e-009 -3.98379e-008 -1.45675e-009 -1.45675e-009
8.4 -2.14003e-005 -2.30785e-009 -3.84246e-008 -1.36861e-009 -1.36861e-009
8.41 -2.15333e-005 -2.69752e-009 -3.90092e-008 -1.23042e-009 -1.23042e-009
8.42 -2.16496e-005 -2.52463e-009 -3.87754e-008 -1.08092e-009 -1.08092e-009
8.43 -2.17687e-005 -2.46616e-009 -3.89236e-008 -9.51331e-010 -9.51331e-010
8.44 -2.19127e-005 -2.78354e-009 -3.87219e-008 -8.58806e-010 -8.58806e-010
8.45 -2.21094e-005 -2.63847e-009 -3.88018e-008 -8.0671e-010 -8.0671e-010
8.46 -2.23839e-005 -3.0184e-009 -3.87661e-008 -7.77825e-010 -7.77825e-010
8.47 -2.27377e-005 -3.25287e-009 -3.88232e-008 -7.3732e-010 -7.3732e-010
8.48 -2.31697e-005 -4.21701e-009 -3.94469e-008 -6.56442e-010 -6.56442e-010
8.49 -2.36879e-005 -6.29582e-009 -4.17083e-008 -5.41992e-010 -5.41992e-010
8.5 -2.41495e-005 -5.09383e-009 -4.23143e-008 -4.29703e-010 -4.29703e-010
8.51 -2.45893e-005 -2.85689e-009 -3.93133e-008 -3.53815e-010 -3.53815e-010
8.52 -2.50098e-005 -2.26558e-009 -3.83261e-008 -3.53141e-010 -3.53141e-010
8.53 -2.53176e-005 -2.64942e-009 -3.91592e-008 -4.57935e-010 -4.57935e-010
8.54 -2.54917e-005 -2.53762e-009 -3.87777e-008 -6.48662e-010 -6.48662e-010
8.55 -2.55194e-005 -2.59304e-009 -3.88026e-008 -8.71533e-010 -8.71533e-010
8.56 -2.54058e-005 -2.58225e-009 -3.88043e-008 -1.07955e-009 -1.07955e-009
8.57 -2.51772e-005 -2.71075e-009 -3.84064e-008 -1.23275e-009 -1.23275e-009
8.58 -2.4869e-005 -2.63346e-009 -3.86696e-008 -1.29256e-009 -1.29256e-009
8.59 -2.45145e-005 -2.57656e-009 -3.88654e-008 -1.25967e-009 -1.25967e-009
8.6 -2.41482e-005 -2.59256e-009 -3.88034e-008 -1.19026e-009 -1.19026e-009
8.61 -2.38166e-005 -3.91024e-009 -4.15597e-008 -1.14574e-009 -1.14574e-009
8.62 -2.35539e-005 -6.9066e-009 -4.54437e-008 -1.15845e-009 -1.15845e-009
8.63 -2.33321e-005 -2.22454e-009 -3.78017e-008 -1.23295e-009 -1.23295e-009
8.64 -2.32169e-005 -3.07123e-009 -3.96943e-008 -1.34127e-009 -1.34127e-009
8.65 -2.31761e-005 -4.51121e-009 -4.05241e-008 -1.43863e-009 -1.43863e-009
8.66 -2.3189e-005 -3.93735e-009 -4.08096e-008 -1.49025e-009 -1.49025e-009
8.67 -2.32331e-005 -2.06225e-009 -3.82714e-008 -1.4747e-009 -1.4747e-009
8.68 -2.32979e-005 -2.79965e-009 -3.90734e-008 -1.38594e-009 -1.38594e-009
8.69 -2.33393e-005 -2.49817e-009 -3.87385e-008 -1.24496e-009 -1.24496e-009
8.7 -2.33449e-005 -2.62196e-009 -3.88774e-008 -1.09455e-009 -1.09455e-009
8.71 -2.33017e-005 -2.56073e-009 -3.88428e-008 -9.73996e-010 -9.73996e-010
8.72 -2.32038e-005 -2.54664e-009 -3.89287e-008 -9.00618e-010 -9.00618e-010
8.73 -2.30426e-005 -2.56931e-009 -3.88588e-008 -8.68428e-010 -8.68428e-010
8.74 -2.28107e-005 -2.59293e-009 -3.8827e-008 -8.57026e-010 -8.57026e-010
8.75 -2.25117e-005 -2.58448e-009 -3.88382e-008 -8.40181e-010 -8.40181e-010
8.76 -2.2156e-005 -2.58254e-009 -3.88502e-008 -7.91918e-010 -7.91918e-010
8.77 -2.17613e-005 -2.60517e-009 -3.88016e-008 -6.96416e-010 -6.96416e-010
8.78 -2.13301e-005 -2.61369e-009 -3.87709e-008 -5.65327e-010 -5.65327e-010
8.79 -2.08553e-005 -1.88143e-009 -3.82169e-008 -4.42307e-010 -4.42307e-010
8.8 -2.03836e-005 -1.20362e-008 -4.91626e-008 -3.69635e-010 -3.69635e-010
8.81 -1.96388e-005 -9.58024e-009 -4.43307e-008 -3.82152e-010 -3.82152e-010
8.82 -1.88627e-005 9.01145e-011 -3.64433e-008 -5.07035e-010 -5.07035e-010
8.83 -1.79555e-005 -2.52653e-009 -4.0683e-008 -7.15762e-010 -7.15762e-010
8.84 -1.68954e-005 -1.63531e-009 -3.88061e-008 -9.39093e-010 -9.39093e-010
8.85 -1.57483e-005 -2.50683e-009 -3.88999e-008 -1.12422e-009 -1.12422e-009
8.86 -1.45789e-005 -1.33502e-009 -3.84098e-008 -1.24046e-009 -1.24046e-009
8.87 -1.34675e-005 3.43651e-009 -3.58733e-008 -1.26255e-009 -1.26255e-009
8.88 -1.24742e-005 -2.58429e-010 -3.75041e-008 -1.1817e-009 -1.1817e-009
8.89 -1.16916e-005 -5.0842e-010 -3.74137e-008 -1.03871e-009 -1.03871e-009
8.9 -1.11368e-005 -1.79228e-009 -3.87131e-008 -9.15344e-010 -9.15344e-010
8.91 -1.08093e-005 -2.39032e-009 -3.88315e-008 -8.71125e-010 -8.71125e-010
8.92 -1.07008e-005 -2.17625e-009 -3.85293e-008 -8.97689e-010 -8.97689e-010
8.93 -1.07642e-005 -1.55627e-009 -3.79376e-008 -9.44024e-010 -9.44024e-010
8.94 -1.09305e-005 -1.87563e-009 -3.85277e-008 -9.7396e-010 -9.7396e-010
8.95 -1.11295e-005 -1.98851e-009 -3.89862e-008 -9.78233e-010 -9.78233e-010
8.96 -1.13106e-005 -2.3243e-009 -3.88716e-008 -9.46166e-010 -9.46166e-010
8.97 -1.14503e-005 -2.68593e-009 -3.88307e-008 -8.65802e-010 -8.65802e-010
8.98 -1.15539e-005 -2.53793e-009 -3.88469e-008 -7.49773e-010 -7.49773e-010
8.99 -1.16551e-005 -2.60332e-009 -3.88387e-008 -6.36253e-010 -6.36253e-010
9 -1.18104e-005 -2.5688e-009 -3.89066e-008 -5.59359e-010 -5.59359e-010
9.01 -1.20781e-005 -2.58168e-009 -3.88877e-008 -5.25377e-010 -5.25377e-010
9.02 -1.25047e-005 -2.58824e-009 -3.87891e-008 -5.19029e-010 -5.19029e-010
9.03 -1.31121e-005 -2.58302e-009 -3.88413e-008 -5.1994e-010 -5.1994e-010
9.04 -1.38897e-005 -2.57292e-009 -3.89155e-008 -5.08167e-010 -5.08167e-010
9.05 -1.48039e-005 -2.8606e-009 -3.94212e-008 -4.66278e-010 -4.66278e-010
9.06 -1.58147e-005 -5.25739e-009 -4.22212e-008 -3.9774e-010 -3.9774e-010
9.07 -1.68369e-005 -3.13277e-009 -3.90961e-008 -3.38458e-010 -3.38458e-010
9.08 -1.77974e-005 -3.68288e-009 -3.96839e-008 -3.24897e-010 -3.24897e-010
9.09 -1.87264e-005 -2.50064e-009 -3.84697e-008 -3.70273e-010 -3.70273e-010
9.1 -1.95943e-005 -2.41528e-009 -3.89702e-008 -4.78522e-010 -4.78522e-010
9.11 -2.04125e-005 -2.6103e-009 -3.94417e-008 -6.45019e-010 -6.45019e-010
9.12 -2.12188e-005 -2.44346e-009 -3.92543e-008 -8.4141e-010 -8.4141e-010
9.13 -2.20656e-005 -2.51241e-009 -3.87992e-008 -1.01655e-009 -1.01655e-009
9.14 -2.29687e-005 -2.41119e-009 -3.92121e-008 -1.12357e-009 -1.12357e-009
9.15 -2.39416e-005 -2.66634e-009 -3.88577e-008 -1.15143e-009 -1.15143e-009
9.16 -2.4966e-005 -2.79209e-009 -3.85729e-008 -1.11847e-009 -1.11847e-009
9.17 -2.59927e-005 -2.49408e-009 -3.89542e-008 -1.05063e-009 -1.05063e-009
9.18 -2.69655e-005 -2.62264e-009 -3.87902e-008 -9.77139e-010 -9.77139e-010
9.19 -2.78254e-005 -2.58553e-009 -3.88331e-008 -9.22456e-010 -9.22456e-010
9.2 -2.85236e-005 -3.62943e-009 -3.82482e-008 -8.9957e-010 -8.9957e-010
9.21 -2.90246e-005 -4.56866e-009 -3.80439e-008 -9.12516e-010 -9.12516e-010
9.22 -2.93072e-005 -4.01011e-009 -3.80092e-008 -9.52867e-010 -9.52867e-010
9.23 -2.93854e-005 -3.28538e-009 -3.87499e-008 -9.97965e-010 -9.97965e-010
9.24 -2.93045e-005 -3.29809e-009 -3.83928e-008 -1.02164e-009 -1.02164e-009
9.25 -2.91031e-005 -2.96618e-009 -3.89745e-008 -1.00963e-009 -1.00963e-009
9.26 -2.88347e-005 -4.06406e-009 -3.83193e-008 -9.67021e-010 -9.67021e-010
9.27 -2.8516e-005 -3.38514e-009 -3.80432e-008 -9.09666e-010 -9.09666e-010
9.28 -2.81513e-005 -2.59304e-009 -3.88057e-008 -8.50186e-010 -8.50186e-010
9.29 -2.77136e-005 -2.58386e-009 -3.88444e-008 -7.9586e-010 -7.9586e-010
9.3 -2.71553e-005 -2.58745e-009 -3.88303e-008 -7.51931e-010 -7.51931e-010
9.31 -2.64319e-005 -2.58641e-009 -3.88349e-008 -7.17134e-010 -7.17134e-010
9.32 -2.55079e-005 -2.5871e-009 -3.88328e-008 -6.80393e-010 -6.80393e-010
9.33 -2.43621e-005 -2.58717e-009 -3.88357e-008 -6.30374e-010 -6.30374e-010
9.34 -2.29986e-005 -2.59093e-009 -3.88373e-008 -5.66584e-010 -5.66584e-010
9.35 -2.14658e-005 -2.59524e-009 -3.88417e-008 -4.97491e-010 -4.97491e-010
9.36 -1.98228e-005 -2.59448e-009 -3.88366e-008 -4.35996e-010 -4.35996e-010
9.37 -1.81815e-005 -2.09028e-009 -3.56225e-008 -3.94888e-010 -3.94888e-010
9.38 -1.65687e-005 -1.10596e-008 -4.82345e-008 -3.87596e-010 -3.87596e-010
9.39 -1.48922e-005 -4.98309e-009 -3.80364e-008 -4.3287e-010 -4.3287e-010
9.4 -1.35178e-005 -9.70337e-010 -3.93195e-008 -5.2384e-010 -5.2384e-010
9.41 -1.21982e-005 -2.32861e-009 -3.87027e-008 -6.16667e-010 -6.16667e-010
9.42 -1.10364e-005 -2.70264e-009 -3.88889e-008 -6.80771e-010 -6.80771e-010
9.43 -9.92488e-006 -2.54033e-009 -3.87922e-008 -7.12959e-010 -7.12959e-010
9.44 -8.86907e-006 5.75107e-009 -4.26083e-008 -7.04681e-010 -7.04681e-010
9.45 -7.88048e-006 2.35749e-008 -5.34857e-008 -6.38093e-010 -6.38093e-010
9.46 -6.87695e-006 1.42444e-008 -4.4691e-008 -5.13516e-010 -5.13516e-010
9.47 -5.84989e-006 1.46417e-009 -3.80087e-008 -3.80697e-010 -3.80697e-010
9.48 -4.90783e-006 7.59773e-010 -3.95582e-008 -3.03588e-010 -3.03588e-010
9.49 -4.07579e-006 -5.99044e-010 -3.88163e-008 -2.72966e-010 -2.72966e-010
9.5 -3.38435e-006 -2.02764e-009 -3.9592e-008 -2.37471e-010 -2.37471e-010
9.51 -2.9038e-006 -2.34138e-009 -3.86679e-008 -1.89414e-010 -1.89414e-010
9.52 -2.69018e-006 1.21978e-009 -3.70686e-008 -1.48623e-010 -1.48623e-010
9.53 -2.76945e-006 2.3427e-009 -4.06877e-008 -1.16271e-010 -1.16271e-010
9.54 -3.13941e-006 -1.5078e-009 -4.09394e-008 -8.13692e-011 -8.13692e-011
9.55 -3.78522e-006 -2.68517e-009 -3.86484e-008 -4.88584e-011 -4.88584e-011
9.56 -4.64552e-006 -2.49631e-009 -3.90438e-008 -3.01637e-011 -3.01637e-011
9.57 -5.65144e-006 -2.5988e-009 -3.86318e-008 -2.00982e-011 -2.00982e-011
9.58 -6.73841e-006 -2.56567e-009 -3.88435e-008 -5.05041e-012 -5.05041e-012
9.59 -7.84349e-006 -2.614e-009 -3.89047e-008 1.70306e-011 1.70306e-011
9.6 -8.92004e-006 -2.65303e-009 -3.90902e-008 3.71776e-011 3.71776e-011
9.61 -9.94655e-006 -2.57851e-009 -3.87931e-008 5.40446e-011 5.40446e-011
9.62 -1.09378e-005 -2.40941e-009 -3.83008e-008 7.8726e-011 7.8726e-011
9.63 -1.19304e-005 -3.24886e-009 -4.01999e-008 1.14964e-010 1.14964e-010
9.64 -1.29668e-005 -4.1778e-009 -4.10052e-008 1.41578e-010 1.41578e-010
9.65 -1.40822e-005 -4.1184e-009 -3.98376e-008 1.2278e-010 1.2278e-010
9.66 -1.52546e-005 6.57426e-011 -3.63913e-008 4.58049e-011 4.58049e-011
9.67 -1.64901e-005 5.27481e-010 -3.88148e-008 -6.62972e-011 -6.62972e-011
9.68 -1.78164e-005 1.0454e-009 -4.01003e-008 -2.00015e-010 -2.00015e-010
9.69 -1.91811e-005 3.16206e-010 -4.1632e-008 -3.69329e-010 -3.69329e-010
9.7 -2.05454e-005 -1.28175e-010 -4.19875e-008 -5.67816e-010 -5.67816e-010
9.71 -2.18743e-005 -2.13071e-009 -4.00148e-008 -7.54125e-010 -7.54125e-010
9.72 -2.31285e-005 -2.81975e-009 -3.88672e-008 -8.90194e-010 -8.90194e-010
9.73 -2.42469e-005 -2.29504e-009 -3.91782e-008 -9.62874e-010 -9.62874e-010
9.74 -2.52273e-005 -2.39249e-009 -3.92553e-008 -9.85351e-010 -9.85351e-010
9.75 -2.60683e-005 -2.65708e-009 -3.86659e-008 -9.72043e-010 -9.72043e-010
9.76 -2.67709e-005 -2.53277e-009 -3.89621e-008 -9.2018e-010 -9.2018e-010
9.77 -2.73547e-005 -2.63476e-009 -3.87023e-008 -8.50644e-010 -8.50644e-010
9.78 -2.78439e-005 -2.57225e-009 -3.88584e-008 -8.16183e-010 -8.16183e-010
9.79 -2.8257e-005 -2.60117e-009 -3.88862e-008 -8.42445e-010 -8.42445e-010
9.8 -2.86078e-005 -5.4556e-009 -3.8797e-008 -9.05334e-010 -9.05334e-010
9.81 -2.88609e-005 -3.7623e-009 -3.83358e-008 -9.67543e-010 -9.67543e-010
9.82 -2.90141e-005 -3.12111e-009 -3.89352e-008 -1.0072e-009 -1.0072e-009
9.83 -2.90388e-005 -4.48169e-009 -3.81722e-008 -1.01247e-009 -1.01247e-009
9.84 -2.88858e-005 -2.46369e-009 -3.86027e-008 -9.71763e-010 -9.71763e-010
9.85 -2.85512e-005 -2.63735e-009 -3.89288e-008 -8.84676e-010 -8.84676e-010
9.86 -2.80182e-005 -2.56528e-009 -3.87954e-008 -7.73497e-010 -7.73497e-010
9.87 -2.72864e-005 -2.59524e-009 -3.88497e-008 -6.69511e-010 -6.69511e-010
9.88 -2.63704e-005 -2.5811e-009 -3.88301e-008 -5.91575e-010 -5.91575e-010
9.89 -2.53001e-005 -2.59006e-009 -3.88309e-008 -5.4178e-010 -5.4178e-010
9.9 -2.41182e-005 -2.59471e-009 -3.88131e-008 -5.13739e-010 -5.13739e-010
9.91 -2.28745e-005 -2.59288e-009 -3.88455e-008 -4.94919e-010 -4.94919e-010
9.92 -2.16262e-005 -2.64783e-009 -3.89522e-008 -4.7267e-010 -4.7267e-010
9.93 -2.04064e-005 -2.00986e-009 -3.88983e-008 -4.54423e-010 -4.54423e-010
9.94 -1.92645e-005 -7.31993e-009 -4.55445e-008 -4.51022e-010 -4.51022e-010
9.95 -1.79674e-005 8.73096e-009 -4.3036e-008 -4.40033e-010 -4.40033e-010
9.96 -1.6719e-005 3.08914e-009 -4.56152e-008 -4.1897e-010 -4.1897e-010
9.97 -1.54262e-005 -2.49935e-009 -3.95482e-008 -4.41004e-010 -4.41004e-010
9.98 -1.41335e-005 -2.23789e-009 -3.91317e-008 -5.31852e-010 -5.31852e-010
9.99 -1.2819e-005 -2.64976e-009 -3.88863e-008 -6.5414e-010 -6.5414e-010
10 -1.15554e-005 1.25765e-008 -2.12165e-008 -7.63243e-010 -7.63243e-010
