0.1 -1.8702e-006 4.14166e-020 4.14698e-020 1.1022e-020 1.1022e-020
0.2 -3.74113e-006 1.28934e-019 1.25261e-019 3.79311e-021 3.79311e-021
0.3 -5.6128e-006 1.51352e-019 1.36043e-019 -2.82821e-018 -2.82821e-018
0.4 -7.48521e-006 1.5582e-019 1.34399e-019 -3.06879e-018 -3.06879e-018
0.5 -9.35835e-006 1.55694e-019 1.31035e-019 -1.35305e-018 -1.35305e-018
0.6 -1.12322e-005 1.5501e-019 1.2805e-019 -1.24815e-018 -1.24815e-018
0.7 -1.31069e-005 1.54312e-019 1.25791e-019 -1.9857e-018 -1.9857e-018
0.8 -1.49822e-005 1.53679e-019 1.24243e-019 -2.24604e-018 -2.24604e-018
0.9 -1.68583e-005 1.53866e-019 1.23766e-019 -2.52598e-018 -2.52598e-018
1 -1.87352e-005 1.54511e-019 1.24003e-019 -2.38124e-018 -2.38124e-018
0.01 -1.89997e-005 3.44866e-012 -4.59362e-012 -7.92855e-010 -7.92855e-010
0.02 -1.93297e-005 1.96758e-012 -2.23679e-012 -2.64382e-009 -2.64382e-009
0.03 -1.89719e-005 8.34897e-012 -8.33937e-012 -1.61954e-009 -1.61954e-009
0.04 -1.86825e-005 5.13537e-012 -8.4923e-012 3.67899e-009 3.67899e-009
0.05 -1.87476e-005 -2.05373e-012 3.45656e-012 6.10147e-009 6.10147e-009
0.06 -1.8708e-005 1.28158e-012 -1.67525e-012 2.15824e-009 2.15824e-009
0.07 -1.87399e-005 6.90197e-013 -5.25085e-013 -2.2875e-009 -2.2875e-009
0.08 -1.87641e-005 2.88707e-014 6.53787e-014 -2.82455e-009 -2.82455e-009
0.09 -1.88014e-005 -2.67271e-015 -3.96543e-014 -1.6562e-009 -1.6562e-009
0.1 -1.88321e-005 1.03224e-014 3.62056e-015 -1.58388e-009 -1.58388e-009
0.11 -1.88539e-005 4.97994e-015 -1.42198e-014 -1.52964e-009 -1.52964e-009
0.12 -1.88608e-005 7.181e-015 -6.86961e-015 1.91282e-010 1.91282e-010
0.13 -1.88533e-005 7.60584e-015 -9.11843e-015 2.38945e-009 2.38945e-009
0.14 -1.88341e-005 9.81385e-015 -6.73841e-015 2.91652e-009 2.91652e-009
0.15 -1.88089e-005 7.07172e-015 -9.17291e-015 1.72389e-009 1.72389e-009
0.16 -1.87846e-005 1.05786e-014 -5.7563e-015 2.83984e-010 2.83984e-010
0.17 -1.87673e-005 2.48977e-014 -1.64805e-014 -6.63793e-010 -6.63793e-010
0.18 -1.87614e-005 1.60688e-012 -1.58581e-012 -1.34819e-009 -1.34819e-009
0.19 -1.87686e-005 -1.16027e-013 6.07269e-014 -1.73262e-009 -1.73262e-009
0.2 -1.87874e-005 3.71687e-012 -3.81754e-012 -1.34531e-009 -1.34531e-009
0.21 -1.88138e-005 1.90331e-012 -1.98623e-012 -1.92614e-010 -1.92614e-010
0.22 -1.88424e-005 -7.68503e-013 8.22933e-013 1.00976e-009 1.00976e-009
0.23 -1.88675e-005 3.36894e-013 -3.36805e-013 1.60086e-009 1.60086e-009
0.24 -1.88846e-005 -1.18785e-013 1.37737e-013 1.49928e-009 1.49928e-009
0.25 -1.88913e-005 6.49357e-014 -6.40049e-014 9.47501e-010 9.47501e-010
0.26 -1.88875e-005 -1.75353e-014 1.36621e-014 1.58765e-010 1.58765e-010
0.27 -1.88758e-005 1.64552e-014 -1.83525e-014 -6.43921e-010 -6.43921e-010
0.28 -1.88601e-005 4.65646e-012 -2.22693e-012 -1.13487e-009 -1.13487e-009
0.29 -1.88454e-005 3.23563e-012 -2.05047e-012 -1.07085e-009 -1.07085e-009
0.3 -1.88357e-005 -1.34464e-012 1.0514e-012 -5.14065e-010 -5.14065e-010
0.31 -1.88338e-005 2.21021e-012 -8.8217e-013 2.253e-010 2.253e-010
0.32 -1.88409e-005 7.44598e-013 -3.89021e-013 8.2538e-010 8.2538e-010
0.33 -1.88555e-005 2.54954e-013 -2.52861e-013 1.09301e-009 1.09301e-009
0.34 -1.88747e-005 3.49085e-013 -4.12493e-013 9.67187e-010 9.67187e-010
0.35 -1.88948e-005 -2.64586e-013 8.82387e-013 5.11513e-010 5.11513e-010
0.36 -1.8912e-005 1.55614e-013 -3.26076e-013 -8.25485e-011 -8.25485e-011
0.37 -1.89231e-005 -5.48798e-014 1.21614e-013 -5.60127e-010 -5.60127e-010
0.38 -1.89265e-005 -1.32769e-014 -5.57741e-014 -7.30928e-010 -7.30928e-010
0.39 -1.89223e-005 2.81184e-013 3.66595e-015 -5.578e-010 -5.578e-010
0.4 -1.8912e-005 -1.50017e-013 1.76623e-014 -1.46784e-010 -1.46784e-010
0.41 -1.88983e-005 7.59635e-013 -2.7805e-013 3.21933e-010 3.21933e-010
0.42 -1.88841e-005 -1.10577e-012 4.85568e-013 6.65931e-010 6.65931e-010
0.43 -1.88724e-005 1.32113e-012 -6.72062e-013 7.6094e-010 7.6094e-010
0.44 -1.8865e-005 -4.65089e-013 2.10541e-013 5.86178e-010 5.86178e-010
0.45 -1.88625e-005 4.40304e-013 -1.71138e-013 2.32014e-010 2.32014e-010
0.46 -1.88643e-005 -1.72171e-013 5.77804e-014 -1.44273e-010 -1.44273e-010
0.47 -1.88689e-005 8.01669e-014 -3.65335e-014 -3.91516e-010 -3.91516e-010
0.48 -1.88741e-005 -2.37958e-014 2.32356e-015 -4.25123e-010 -4.25123e-010
0.49 -1.88776e-005 1.90366e-014 -1.36855e-014 -2.51242e-010 -2.51242e-010
0.5 -1.88776e-005 1.38303e-015 -7.07188e-015 4.50151e-011 4.50151e-011
0.51 -1.88735e-005 8.65561e-015 -9.80439e-015 3.37639e-010 3.37639e-010
0.52 -1.88652e-005 5.67018e-015 -8.65289e-015 5.11213e-010 5.11213e-010
0.53 -1.88537e-005 6.89734e-015 -9.16017e-015 5.06622e-010 5.06622e-010
0.54 -1.88407e-005 6.39086e-015 -8.95536e-015 3.40892e-010 3.40892e-010
0.55 -1.88282e-005 6.59764e-015 -9.03372e-015 9.35367e-011 9.35367e-011
0.56 -1.88179e-005 6.51398e-015 -9.00747e-015 -1.31015e-010 -1.31015e-010
0.57 -1.88109e-005 6.549e-015 -9.01521e-015 -2.46468e-010 -2.46468e-010
0.58 -1.88073e-005 6.52837e-015 -9.00638e-015 -2.16436e-010 -2.16436e-010
0.59 -1.88065e-005 6.54214e-015 -9.01468e-015 -6.46242e-011 -6.46242e-011
0.6 -1.88075e-005 6.5372e-015 -9.01505e-015 1.39015e-010 1.39015e-010
0.61 -1.88091e-005 6.5395e-015 -9.01303e-015 3.09628e-010 3.09628e-010
0.62 -1.881e-005 6.53897e-015 -9.01463e-015 3.825e-010 3.825e-010
0.63 -1.88091e-005 6.54448e-015 -9.023e-015 3.37044e-010 3.37044e-010
0.64 -1.88063e-005 6.49975e-015 -9.02025e-015 2.01026e-010 2.01026e-010
0.65 -1.88017e-005 6.5484e-015 -9.00417e-015 3.5486e-011 3.5486e-011
0.66 -1.87961e-005 6.53299e-015 -9.01806e-015 -9.19542e-011 -9.19542e-011
0.67 -1.87905e-005 6.5333e-015 -8.9987e-015 -1.34167e-010 -1.34167e-010
0.68 -1.8786e-005 6.53807e-015 -9.01684e-015 -8.14625e-011 -8.14625e-011
0.69 -1.87837e-005 6.54707e-015 -9.02352e-015 3.76026e-011 3.76026e-011
0.7 -1.87838e-005 6.53501e-015 -9.0053e-015 1.70678e-010 1.70678e-010
0.71 -1.87865e-005 6.54141e-015 -9.0215e-015 2.64259e-010 2.64259e-010
0.72 -1.87914e-005 6.5369e-015 -9.00784e-015 2.84823e-010 2.84823e-010
0.73 -1.87979e-005 6.54019e-015 -9.02047e-015 2.30318e-010 2.30318e-010
0.74 -1.88047e-005 6.53774e-015 -9.00827e-015 1.28375e-010 1.28375e-010
0.75 -1.8811e-005 6.5396e-015 -9.02026e-015 2.30012e-011 2.30012e-011
0.76 -1.88157e-005 6.53818e-015 -9.00837e-015 -4.41105e-011 -4.41105e-011
0.77 -1.88186e-005 6.54501e-015 -9.02259e-015 -4.98266e-011 -4.98266e-011
0.78 -1.88199e-005 6.53735e-015 -9.01067e-015 2.88625e-012 2.88625e-012
0.79 -1.88202e-005 6.5398e-015 -9.01808e-015 8.83642e-011 8.83642e-011
0.8 -1.88202e-005 6.53806e-015 -9.01047e-015 1.70274e-010 1.70274e-010
0.81 -1.88207e-005 6.53934e-015 -9.01815e-015 2.16776e-010 2.16776e-010
0.82 -1.88225e-005 6.53863e-015 -9.01054e-015 2.12632e-010 2.12632e-010
0.83 -1.88262e-005 6.53828e-015 -9.02503e-015 1.63791e-010 1.63791e-010
0.84 -1.88322e-005 6.5391e-015 -9.00984e-015 9.32921e-011 9.32921e-011
0.85 -1.88401e-005 6.53861e-015 -9.01868e-015 3.07534e-011 3.07534e-011
0.86 -1.88496e-005 6.65941e-015 -9.18148e-015 1.30945e-013 1.30945e-013
0.87 -1.88597e-005 6.48837e-015 -8.94772e-015 1.07543e-011 1.07543e-011
0.88 -1.8869e-005 6.56111e-015 -9.03851e-015 5.49075e-011 5.49075e-011
0.89 -1.88765e-005 6.52831e-015 -9.01203e-015 1.12304e-010 1.12304e-010
0.9 -1.88818e-005 6.54359e-015 -9.01247e-015 1.59109e-010 1.59109e-010
0.91 -1.88851e-005 6.53776e-015 -9.01332e-015 1.77651e-010 1.77651e-010
0.92 -1.8886e-005 6.5477e-015 -9.02526e-015 1.62951e-010 1.62951e-010
0.93 -1.88843e-005 2.38254e-013 2.55834e-014 1.2366e-010 1.2366e-010
0.94 -1.88801e-005 -8.13224e-014 -2.24768e-014 7.74264e-011 7.74264e-011
0.95 -1.88743e-005 7.34992e-014 -9.26519e-015 4.30946e-011 4.30946e-011
0.96 -1.88684e-005 4.45944e-014 -3.11119e-015 3.3186e-011 3.3186e-011
0.97 -1.8863e-005 -5.13235e-014 -1.41438e-014 4.95993e-011 4.95993e-011
0.98 -1.88582e-005 9.2032e-014 -1.42574e-015 8.37981e-011 8.37981e-011
0.99 -1.88538e-005 2.9333e-014 2.95355e-017 1.2096e-010 1.2096e-010
1 -1.88498e-005 5.59119e-014 -1.54206e-014 1.46225e-010 1.46225e-010
1.01 -1.88463e-005 -1.38033e-014 -6.34699e-015 1.50546e-010 1.50546e-010
1.02 -1.88433e-005 5.72842e-014 9.15541e-015 1.33866e-010 1.33866e-010
1.03 -1.88403e-005 -1.43353e-014 -1.66408e-014 1.0445e-010 1.0445e-010
1.04 -1.88371e-005 -2.95238e-015 -1.40993e-014 7.49143e-011 7.49143e-011
1.05 -1.88333e-005 -2.72714e-014 -2.40727e-014 5.68622e-011 5.68622e-011
1.06 -1.88288e-005 4.07759e-014 6.01404e-015 5.6406e-011 5.6406e-011
1.07 -1.88232e-005 1.30207e-013 6.46299e-014 7.22337e-011 7.22337e-011
1.08 -1.88172e-005 1.06602e-014 -1.50829e-014 9.67417e-011 9.67417e-011
1.09 -1.88113e-005 3.56661e-014 1.68489e-014 1.19559e-010 1.19559e-010
1.1 -1.88054e-005 -5.4593e-015 -1.96543e-014 1.31896e-010 1.31896e-010
1.11 -1.87989e-005 1.14846e-014 -4.62489e-015 1.29888e-010 1.29888e-010
1.12 -1.8792e-005 4.50069e-015 -1.08218e-014 1.15623e-010 1.15623e-010
1.13 -1.87853e-005 7.38114e-015 -8.27623e-015 9.57424e-011 9.57424e-011
1.14 -1.87797e-005 6.18159e-015 -9.30258e-015 7.84634e-011 7.84634e-011
1.15 -1.87763e-005 6.68038e-015 -8.88351e-015 7.03164e-011 7.03164e-011
1.16 -1.87762e-005 6.4779e-015 -9.06719e-015 7.37568e-011 7.37568e-011
1.17 -1.87799e-005 6.54674e-015 -8.97222e-015 8.65175e-011 8.65175e-011
1.18 -1.8787e-005 6.54712e-015 -9.04233e-015 1.02875e-010 1.02875e-010
1.19 -1.87965e-005 1.6669e-013 1.37675e-013 1.16153e-010 1.16153e-010
1.2 -1.88073e-005 9.00309e-013 5.87827e-013 1.21353e-010 1.21353e-010
1.21 -1.88182e-005 -1.77771e-013 -1.64689e-013 1.1696e-010 1.1696e-010
1.22 -1.88278e-005 7.48605e-013 4.96288e-013 1.0533e-010 1.0533e-010
1.23 -1.88346e-005 1.04869e-012 7.82882e-013 9.15339e-011 9.15339e-011
1.24 -1.8838e-005 -4.22823e-013 -3.35274e-013 8.1151e-011 8.1151e-011
1.25 -1.88379e-005 1.83443e-013 1.25411e-013 7.80106e-011 7.80106e-011
1.26 -1.88358e-005 -6.63459e-014 -6.43998e-014 8.28139e-011 8.28139e-011
1.27 -1.88334e-005 3.6568e-014 1.38068e-014 9.31275e-011 9.31275e-011
1.28 -1.88326e-005 -5.83396e-015 -1.84192e-014 1.04594e-010 1.04594e-010
1.29 -1.8835e-005 1.16398e-014 -5.13455e-015 1.12757e-010 1.12757e-010
1.3 -1.88413e-005 1.00086e-012 -4.45286e-015 1.14762e-010 1.14762e-010
1.31 -1.88515e-005 -1.51395e-012 5.49532e-015 1.10319e-010 1.10319e-010
1.32 -1.88648e-005 1.58058e-012 -2.48849e-014 1.01595e-010 1.01595e-010
1.33 -1.88799e-005 -9.65114e-013 3.00027e-014 9.2192e-011 9.2192e-011
1.34 -1.88951e-005 7.70398e-013 -1.11267e-013 8.56742e-011 8.56742e-011
1.35 -1.89095e-005 -1.40265e-012 3.61536e-013 8.42401e-011 8.42401e-011
1.36 -1.89217e-005 -5.94159e-013 1.0735e-012 8.80203e-011 8.80203e-011
1.37 -1.89305e-005 -2.28161e-012 1.09231e-012 9.52182e-011 9.52182e-011
1.38 -1.89352e-005 -6.46113e-012 4.09313e-012 1.02901e-010 1.02901e-010
1.39 -1.89364e-005 -5.39276e-012 3.86599e-012 1.0809e-010 1.0809e-010
1.4 -1.89356e-005 2.18573e-012 -2.24569e-012 1.08912e-010 1.08912e-010
1.41 -1.89336e-005 -8.68162e-013 1.49626e-012 1.05409e-010 1.05409e-010
1.42 -1.893e-005 1.2822e-012 5.66257e-013 9.94264e-011 9.94264e-011
1.43 -1.89243e-005 4.77339e-013 -1.27212e-012 9.36359e-011 9.36359e-011
1.44 -1.89167e-005 -1.87459e-013 5.11418e-013 9.02589e-011 9.02589e-011
1.45 -1.89073e-005 8.6473e-014 -2.23435e-013 9.0225e-011 9.0225e-011
1.46 -1.88959e-005 -2.63897e-014 7.93395e-014 9.30979e-011 9.30979e-011
1.47 -1.8882e-005 2.01045e-014 -4.54118e-014 9.74932e-011 9.74932e-011
1.48 -1.88643e-005 9.54717e-016 5.98894e-015 1.01653e-010 1.01653e-010
1.49 -1.8841e-005 8.89199e-015 -1.52489e-014 1.04055e-010 1.04055e-010
1.5 -1.88109e-005 5.48136e-015 -6.34082e-015 1.03917e-010 1.03917e-010
1.51 -1.87746e-005 5.86346e-014 3.58745e-015 1.01412e-010 1.01412e-010
1.52 -1.8735e-005 4.09837e-014 1.92648e-013 9.75538e-011 9.75538e-011
1.53 -1.86954e-005 -9.70297e-014 3.2861e-013 9.3885e-011 9.3885e-011
1.54 -1.8658e-005 -9.77474e-016 2.65373e-013 9.196e-011 9.196e-011
1.55 -1.86246e-005 -6.06151e-015 2.29323e-013 9.26673e-011 9.26673e-011
1.56 -1.85979e-005 1.18732e-014 1.50966e-013 9.57133e-011 9.57133e-011
1.57 -1.85795e-005 5.42135e-014 6.86559e-013 9.97486e-011 9.97486e-011
1.58 -1.857e-005 4.94353e-014 1.29704e-014 1.03082e-010 1.03082e-010
1.59 -1.85682e-005 1.74467e-013 1.85117e-013 1.04431e-010 1.04431e-010
1.6 -1.85716e-005 4.16823e-014 -1.83372e-013 1.03368e-010 1.03368e-010
1.61 -1.85762e-005 2.02675e-013 1.37795e-013 1.00429e-010 1.00429e-010
1.62 -1.85783e-005 2.88069e-014 -1.41863e-013 9.6855e-011 9.6855e-011
1.63 -1.85772e-005 -5.55759e-013 1.48886e-012 9.39805e-011 9.39805e-011
1.64 -1.85767e-005 8.24481e-013 -2.53443e-012 9.26241e-011 9.26241e-011
1.65 -1.85819e-005 1.19786e-012 2.24506e-012 9.29675e-011 9.29675e-011
1.66 -1.85968e-005 -5.11192e-013 -6.25984e-013 9.48794e-011 9.48794e-011
1.67 -1.86228e-005 4.17781e-012 6.27805e-012 9.80391e-011 9.80391e-011
1.68 -1.86602e-005 1.7436e-012 8.3781e-013 1.01637e-010 1.01637e-010
1.69 -1.87081e-005 -3.49058e-013 -3.60202e-013 1.04314e-010 1.04314e-010
1.7 -1.87636e-005 2.36149e-012 1.5048e-012 1.04778e-010 1.04778e-010
1.71 -1.88216e-005 -1.41234e-012 -1.46471e-013 1.02584e-010 1.02584e-010
1.72 -1.88763e-005 1.29953e-012 1.02194e-012 9.84106e-011 9.84106e-011
1.73 -1.89233e-005 6.82435e-015 -1.89867e-013 9.37018e-011 9.37018e-011
1.74 -1.896e-005 1.72554e-013 1.36891e-013 9.0071e-011 9.0071e-011
1.75 -1.89868e-005 -1.52439e-013 -2.84314e-013 8.88251e-011 8.88251e-011
1.76 -1.90068e-005 1.86585e-012 -1.40248e-012 9.05642e-011 9.05642e-011
1.77 -1.9025e-005 8.37708e-013 -1.52059e-012 9.48807e-011 9.48807e-011
1.78 -1.90448e-005 -3.29983e-014 1.80599e-013 1.00447e-010 1.00447e-010
1.79 -1.90681e-005 1.247e-012 8.08097e-013 1.05515e-010 1.05515e-010
1.8 -1.90959e-005 8.23828e-013 8.42334e-013 1.08459e-010 1.08459e-010
1.81 -1.91278e-005 8.01748e-013 9.63405e-014 1.08181e-010 1.08181e-010
1.82 -1.91619e-005 8.61896e-014 8.23793e-014 1.04588e-010 1.04588e-010
1.83 -1.91942e-005 2.67117e-013 4.62773e-013 9.8937e-011 9.8937e-011
1.84 -1.92202e-005 3.10406e-013 1.44245e-013 9.34547e-011 9.34547e-011
1.85 -1.92358e-005 1.48615e-013 -4.89147e-014 9.03066e-011 9.03066e-011
1.86 -1.92381e-005 1.2543e-013 2.74824e-013 9.05369e-011 9.05369e-011
1.87 -1.92269e-005 -5.49964e-014 -1.1561e-013 9.3729e-011 9.3729e-011
1.88 -1.92063e-005 -3.44819e-013 1.22532e-012 9.84166e-011 9.84166e-011
1.89 -1.91831e-005 4.04246e-013 -5.05789e-013 1.02731e-010 1.02731e-010
1.9 -1.91617e-005 4.5835e-012 -4.93136e-012 1.05253e-010 1.05253e-010
1.91 -1.91429e-005 1.93546e-012 -2.04302e-012 1.05601e-010 1.05601e-010
1.92 -1.91254e-005 2.62075e-012 -2.57171e-012 1.04265e-010 1.04265e-010
1.93 -1.9107e-005 1.6425e-012 -1.4434e-012 1.02043e-010 1.02043e-010
1.94 -1.9084e-005 -6.58975e-013 5.9383e-013 9.9628e-011 9.9628e-011
1.95 -1.90513e-005 1.73267e-012 1.54507e-012 9.75307e-011 9.75307e-011
1.96 -1.90053e-005 1.29339e-013 1.03584e-013 9.61182e-011 9.61182e-011
1.97 -1.89451e-005 5.52742e-013 2.3798e-013 9.55581e-011 9.55581e-011
1.98 -1.88729e-005 2.45463e-013 8.7271e-014 9.58028e-011 9.58028e-011
1.99 -1.87926e-005 3.19889e-013 3.10352e-013 9.67538e-011 9.67538e-011
2 -1.87097e-005 2.50864e-013 1.54507e-013 9.8358e-011 9.8358e-011
2.01 -1.86299e-005 2.90066e-014 -2.5224e-014 1.00458e-010 1.00458e-010
2.02 -1.8558e-005 6.76964e-014 -9.95378e-016 1.02607e-010 1.02607e-010
2.03 -1.84961e-005 5.952e-013 -1.27658e-013 1.04152e-010 1.04152e-010
2.04 -1.84433e-005 1.0046e-012 -4.91331e-013 1.045e-010 1.045e-010
2.05 -1.83975e-005 3.65051e-013 1.35524e-013 1.03336e-010 1.03336e-010
2.06 -1.83566e-005 -3.1121e-013 6.89236e-013 1.00757e-010 1.00757e-010
2.07 -1.83176e-005 -2.33922e-013 5.93616e-013 9.74369e-011 9.74369e-011
2.08 -1.82769e-005 7.75772e-014 5.85554e-013 9.45943e-011 9.45943e-011
2.09 -1.82326e-005 3.29805e-014 6.08963e-013 9.34906e-011 9.34906e-011
2.1 -1.81866e-005 1.17725e-013 -1.98026e-013 9.46751e-011 9.46751e-011
2.11 -1.81439e-005 2.00678e-013 2.98173e-014 9.76697e-011 9.76697e-011
2.12 -1.811e-005 2.53724e-013 -1.87873e-013 1.01352e-010 1.01352e-010
2.13 -1.80888e-005 -4.82087e-014 4.41446e-013 1.04563e-010 1.04563e-010
2.14 -1.80823e-005 -4.03003e-014 -4.87917e-014 1.06432e-010 1.06432e-010
2.15 -1.80913e-005 2.4284e-014 -3.7991e-014 1.06428e-010 1.06428e-010
2.16 -1.81157e-005 2.80853e-014 -1.37868e-013 1.0447e-010 1.0447e-010
2.17 -1.8154e-005 6.37664e-015 3.39132e-014 1.01081e-010 1.01081e-010
2.18 -1.82031e-005 6.09794e-016 2.57925e-013 9.73405e-011 9.73405e-011
2.19 -1.82586e-005 6.46997e-014 -9.85739e-014 9.45065e-011 9.45065e-011
2.2 -1.83178e-005 9.65511e-014 4.50279e-013 9.34906e-011 9.34906e-011
2.21 -1.83801e-005 -3.01006e-014 -1.99595e-013 9.45077e-011 9.45077e-011
2.22 -1.84457e-005 2.16341e-014 6.95046e-014 9.7101e-011 9.7101e-011
2.23 -1.85147e-005 1.10754e-014 -4.80186e-014 1.004e-010 1.004e-010
2.24 -1.85881e-005 4.64096e-015 6.77644e-015 1.03363e-010 1.03363e-010
2.25 -1.86674e-005 1.17219e-014 -1.81821e-014 1.05019e-010 1.05019e-010
2.26 -1.87534e-005 4.28688e-014 -4.08654e-014 1.04817e-010 1.04817e-010
2.27 -1.88457e-005 5.39728e-014 -5.94621e-014 1.0292e-010 1.0292e-010
2.28 -1.89433e-005 3.07019e-014 -5.37953e-014 1.00144e-010 1.00144e-010
2.29 -1.90449e-005 3.75912e-014 -3.10393e-014 9.75671e-011 9.75671e-011
2.3 -1.91477e-005 9.49047e-014 -1.65656e-013 9.60614e-011 9.60614e-011
2.31 -1.92484e-005 3.59348e-012 -5.43099e-012 9.61067e-011 9.61067e-011
2.32 -1.93451e-005 5.71501e-012 -1.39077e-012 9.77273e-011 9.77273e-011
2.33 -1.94355e-005 1.629e-012 2.84537e-012 1.0033e-010 1.0033e-010
2.34 -1.95167e-005 9.33691e-013 -1.58514e-012 1.02939e-010 1.02939e-010
2.35 -1.95869e-005 8.95415e-013 7.54018e-013 1.048e-010 1.048e-010
2.36 -1.96445e-005 1.66404e-013 -5.49029e-013 1.05508e-010 1.05508e-010
2.37 -1.96879e-005 1.10542e-013 1.82088e-013 1.04917e-010 1.04917e-010
2.38 -1.97153e-005 4.7607e-014 -1.01077e-013 1.03357e-010 1.03357e-010
2.39 -1.9727e-005 8.63756e-013 8.81967e-013 1.01644e-010 1.01644e-010
2.4 -1.97242e-005 -4.50893e-013 -4.73073e-013 1.00598e-010 1.00598e-010
2.41 -1.97075e-005 9.95705e-013 3.55735e-013 1.00617e-010 1.00617e-010
2.42 -1.96778e-005 3.17655e-012 2.27023e-012 1.01692e-010 1.01692e-010
2.43 -1.96367e-005 7.2195e-013 7.04301e-013 1.03476e-010 1.03476e-010
2.44 -1.95852e-005 -1.62756e-013 -6.62152e-013 1.05234e-010 1.05234e-010
2.45 -1.95237e-005 1.35306e-012 1.43629e-012 1.06142e-010 1.06142e-010
2.46 -1.94521e-005 3.23787e-012 3.50143e-012 1.05791e-010 1.05791e-010
2.47 -1.93708e-005 1.53072e-012 2.08188e-012 1.04384e-010 1.04384e-010
2.48 -1.92796e-005 -6.10736e-013 -8.26317e-013 1.02569e-010 1.02569e-010
2.49 -1.91786e-005 2.56257e-013 3.52063e-013 1.0113e-010 1.0113e-010
2.5 -1.90677e-005 -1.03238e-013 -1.31128e-013 1.00678e-010 1.00678e-010
2.51 -1.89479e-005 3.4643e-014 7.80342e-014 1.01391e-010 1.01391e-010
2.52 -1.88214e-005 -2.34599e-014 -8.17818e-015 1.02937e-010 1.02937e-010
2.53 -1.86912e-005 -1.32158e-015 3.07072e-014 1.0464e-010 1.0464e-010
2.54 -1.85607e-005 -2.92476e-015 1.83424e-016 1.05788e-010 1.05788e-010
2.55 -1.84335e-005 -1.31922e-014 3.43851e-014 1.0597e-010 1.0597e-010
2.56 -1.83131e-005 1.00481e-014 6.41558e-014 1.05276e-010 1.05276e-010
2.57 -1.82027e-005 -3.92888e-015 -5.81516e-014 1.04162e-010 1.04162e-010
2.58 -1.81045e-005 -5.36902e-013 3.18649e-012 1.03167e-010 1.03167e-010
2.59 -1.80198e-005 -4.41973e-013 6.58901e-013 1.02722e-010 1.02722e-010
2.6 -1.79484e-005 1.11471e-012 -2.84945e-014 1.03021e-010 1.03021e-010
2.61 -1.78895e-005 2.89475e-014 1.12603e-012 1.03923e-010 1.03923e-010
2.62 -1.7843e-005 7.91335e-014 2.68932e-013 1.04918e-010 1.04918e-010
2.63 -1.78092e-005 6.22341e-014 5.34563e-013 1.05379e-010 1.05379e-010
2.64 -1.77872e-005 4.9129e-014 -2.77139e-014 1.0502e-010 1.0502e-010
2.65 -1.7774e-005 1.59013e-014 2.78893e-013 1.04123e-010 1.04123e-010
2.66 -1.77663e-005 4.85338e-014 4.79223e-015 1.03239e-010 1.03239e-010
2.67 -1.77633e-005 1.21131e-014 7.98149e-014 1.02654e-010 1.02654e-010
2.68 -1.77674e-005 -1.26029e-013 3.06528e-013 1.02233e-010 1.02233e-010
2.69 -1.77816e-005 2.27073e-014 1.35727e-013 1.01803e-010 1.01803e-010
2.7 -1.78075e-005 2.41293e-013 -2.54368e-013 1.01576e-010 1.01576e-010
2.71 -1.78451e-005 -8.61318e-015 9.64095e-014 1.0205e-010 1.0205e-010
2.72 -1.78943e-005 1.68821e-013 6.99588e-014 1.03445e-010 1.03445e-010
2.73 -1.79569e-005 1.90975e-013 2.42042e-013 1.05305e-010 1.05305e-010
2.74 -1.80357e-005 1.19286e-013 1.21414e-013 1.06711e-010 1.06711e-010
2.75 -1.81318e-005 -4.87287e-014 -3.78772e-014 1.06921e-010 1.06921e-010
2.76 -1.82439e-005 3.12956e-014 1.48738e-014 1.05871e-010 1.05871e-010
2.77 -1.8369e-005 -1.09808e-014 1.14759e-014 1.04149e-010 1.04149e-010
2.78 -1.85038e-005 5.20337e-014 -1.85519e-014 1.02531e-010 1.02531e-010
2.79 -1.86461e-005 2.17411e-013 -1.80291e-013 1.01501e-010 1.01501e-010
2.8 -1.87943e-005 3.21786e-013 -3.0168e-013 1.01203e-010 1.01203e-010
2.81 -1.89457e-005 2.84112e-013 -3.46227e-013 1.01697e-010 1.01697e-010
2.82 -1.90956e-005 1.72639e-013 -2.40354e-013 1.02958e-010 1.02958e-010
2.83 -1.92389e-005 2.30003e-013 -2.11272e-013 1.04599e-010 1.04599e-010
2.84 -1.93721e-005 -2.11446e-013 1.98287e-013 1.0579e-010 1.0579e-010
2.85 -1.94934e-005 1.36174e-013 -3.38864e-013 1.05701e-010 1.05701e-010
2.86 -1.96014e-005 -4.9029e-014 3.04472e-013 1.04101e-010 1.04101e-010
2.87 -1.9695e-005 -2.25558e-013 6.00085e-013 1.01514e-010 1.01514e-010
2.88 -1.97747e-005 6.00027e-012 -5.93471e-012 9.90038e-011 9.90038e-011
2.89 -1.9842e-005 5.70758e-012 -5.45267e-012 9.79467e-011 9.79467e-011
2.9 -1.98978e-005 -6.54862e-013 1.32593e-012 9.93778e-011 9.93778e-011
2.91 -1.99429e-005 1.24891e-011 -1.5687e-011 1.03144e-010 1.03144e-010
2.92 -1.99794e-005 7.49083e-012 -7.13446e-012 1.07948e-010 1.07948e-010
2.93 -2.00083e-005 -2.44024e-012 2.80215e-012 1.12054e-010 1.12054e-010
2.94 -2.00288e-005 1.71243e-012 -4.01621e-013 1.13973e-010 1.13973e-010
2.95 -2.00384e-005 1.4532e-012 -1.25009e-012 1.13023e-010 1.13023e-010
2.96 -2.0034e-005 2.37418e-012 -1.81086e-012 1.09596e-010 1.09596e-010
2.97 -2.00115e-005 1.79242e-013 4.0733e-013 1.04982e-010 1.04982e-010
2.98 -1.99656e-005 1.0602e-012 1.18906e-012 1.00817e-010 1.00817e-010
2.99 -1.98922e-005 -1.44529e-013 -2.63132e-013 9.84614e-011 9.84614e-011
3 -1.97907e-005 -9.23722e-014 -3.16157e-013 9.85081e-011 9.85081e-011
3.01 -1.96638e-005 2.18883e-014 5.80913e-014 1.00545e-010 1.00545e-010
3.02 -1.95168e-005 2.92464e-013 4.27104e-013 1.03497e-010 1.03497e-010
3.03 -1.93557e-005 5.67097e-013 1.31491e-012 1.06346e-010 1.06346e-010
3.04 -1.91863e-005 5.25664e-013 1.77719e-012 1.08499e-010 1.08499e-010
3.05 -1.9014e-005 -1.18675e-013 -4.73941e-013 1.097e-010 1.097e-010
3.06 -1.88432e-005 8.70572e-013 1.11558e-012 1.09872e-010 1.09872e-010
3.07 -1.86773e-005 6.01285e-013 2.3001e-012 1.09077e-010 1.09077e-010
3.08 -1.8518e-005 -2.37533e-013 -1.52569e-012 1.07625e-010 1.07625e-010
3.09 -1.83653e-005 -4.30089e-014 2.55083e-012 1.06069e-010 1.06069e-010
3.1 -1.82171e-005 2.39942e-014 1.02344e-012 1.04856e-010 1.04856e-010
3.11 -1.80725e-005 -4.83387e-013 1.92009e-012 1.04093e-010 1.04093e-010
3.12 -1.79339e-005 -1.88874e-012 4.92807e-012 1.03639e-010 1.03639e-010
3.13 -1.78065e-005 -2.48478e-012 4.50667e-012 1.03326e-010 1.03326e-010
3.14 -1.76957e-005 -2.115e-012 2.54968e-012 1.03227e-010 1.03227e-010
3.15 -1.76045e-005 -1.21774e-012 2.04722e-012 1.03691e-010 1.03691e-010
3.16 -1.75341e-005 -2.67179e-012 4.82961e-012 1.04999e-010 1.04999e-010
3.17 -1.74838e-005 1.13005e-012 -5.89402e-013 1.06904e-010 1.06904e-010
3.18 -1.74513e-005 -4.49518e-012 5.6193e-012 1.08569e-010 1.08569e-010
3.19 -1.7434e-005 2.75068e-013 -4.46137e-013 1.09014e-010 1.09014e-010
3.2 -1.743e-005 -4.72133e-012 5.10912e-012 1.07693e-010 1.07693e-010
3.21 -1.74364e-005 1.73443e-012 -2.0408e-012 1.04866e-010 1.04866e-010
3.22 -1.74497e-005 -1.53984e-012 2.4812e-012 1.01577e-010 1.01577e-010
3.23 -1.74677e-005 -1.12973e-013 -2.76003e-013 9.91492e-011 9.91492e-011
3.24 -1.74911e-005 8.67862e-013 -3.54219e-013 9.85046e-011 9.85046e-011
3.25 -1.75233e-005 -3.23826e-013 1.05212e-013 9.97613e-011 9.97613e-011
3.26 -1.7569e-005 2.31875e-013 -1.67414e-013 1.02288e-010 1.02288e-010
3.27 -1.76345e-005 6.95682e-015 -6.52462e-014 1.0508e-010 1.0508e-010
3.28 -1.77261e-005 9.46676e-014 -1.68399e-013 1.07221e-010 1.07221e-010
3.29 -1.78466e-005 1.74217e-013 -3.02175e-013 1.08282e-010 1.08282e-010
3.3 -1.79944e-005 -5.17312e-014 5.09533e-014 1.08482e-010 1.08482e-010
3.31 -1.81644e-005 8.98608e-013 1.13398e-012 1.08325e-010 1.08325e-010
3.32 -1.83497e-005 9.89518e-013 1.19253e-012 1.0798e-010 1.0798e-010
3.33 -1.85429e-005 -1.23799e-013 -2.00355e-013 1.07106e-010 1.07106e-010
3.34 -1.87342e-005 1.13416e-012 3.79407e-013 1.05159e-010 1.05159e-010
3.35 -1.89135e-005 -3.01378e-013 9.43447e-014 1.01967e-010 1.01967e-010
3.36 -1.90738e-005 2.96768e-012 -2.67963e-012 9.82367e-011 9.82367e-011
3.37 -1.92139e-005 -1.10999e-012 1.1718e-012 9.5052e-011 9.5052e-011
3.38 -1.93369e-005 1.57135e-012 -1.27917e-012 9.32699e-011 9.32699e-011
3.39 -1.94486e-005 -8.18726e-013 -6.88701e-013 9.37539e-011 9.37539e-011
3.4 -1.95552e-005 6.52222e-013 5.71128e-014 9.72209e-011 9.72209e-011
3.41 -1.96605e-005 -3.80527e-013 7.42017e-013 1.03425e-010 1.03425e-010
3.42 -1.97657e-005 1.10688e-012 -2.13587e-012 1.1075e-010 1.1075e-010
3.43 -1.98702e-005 1.30392e-012 -2.42585e-012 1.16658e-010 1.16658e-010
3.44 -1.99715e-005 1.28195e-012 -1.52784e-012 1.18691e-010 1.18691e-010
3.45 -2.00644e-005 -1.78374e-013 1.44881e-013 1.15584e-010 1.15584e-010
3.46 -2.0141e-005 1.33708e-013 -1.60649e-013 1.07955e-010 1.07955e-010
3.47 -2.0193e-005 -3.78531e-013 4.52586e-013 9.83572e-011 9.83572e-011
3.48 -2.02145e-005 7.19677e-013 -5.41294e-013 9.05094e-011 9.05094e-011
3.49 -2.0203e-005 -1.32394e-013 2.48606e-013 8.74618e-011 8.74618e-011
3.5 -2.01592e-005 -1.04775e-013 -1.74515e-014 8.99397e-011 8.99397e-011
3.51 -2.00856e-005 6.00822e-014 -1.56349e-013 9.65329e-011 9.65329e-011
3.52 -1.99877e-005 -3.36622e-014 9.66158e-014 1.04937e-010 1.04937e-010
3.53 -1.9874e-005 9.48181e-015 -1.6282e-014 1.1247e-010 1.1247e-010
3.54 -1.97531e-005 2.66763e-015 1.08682e-014 1.16511e-010 1.16511e-010
3.55 -1.96303e-005 3.19017e-016 2.37698e-014 1.15789e-010 1.15789e-010
3.56 -1.95067e-005 3.20034e-015 -1.28655e-014 1.11276e-010 1.11276e-010
3.57 -1.93798e-005 2.65977e-014 2.43927e-014 1.05448e-010 1.05448e-010
3.58 -1.92466e-005 -3.06735e-015 2.00275e-014 1.00681e-010 1.00681e-010
3.59 -1.91043e-005 2.56765e-015 6.02805e-014 9.82338e-011 9.82338e-011
3.6 -1.89519e-005 -9.32072e-014 1.54533e-013 9.82436e-011 9.82436e-011
3.61 -1.8791e-005 -4.09455e-014 4.61637e-014 1.00114e-010 1.00114e-010
3.62 -1.86245e-005 -9.19234e-014 5.61246e-013 1.02782e-010 1.02782e-010
3.63 -1.84561e-005 4.35219e-015 -2.03286e-013 1.05134e-010 1.05134e-010
3.64 -1.82896e-005 -1.06902e-013 6.38882e-013 1.06587e-010 1.06587e-010
3.65 -1.81295e-005 -1.52769e-013 3.75478e-013 1.0725e-010 1.0725e-010
3.66 -1.79807e-005 -7.93945e-014 4.92717e-013 1.07501e-010 1.07501e-010
3.67 -1.78459e-005 -1.03308e-012 2.37527e-012 1.07533e-010 1.07533e-010
3.68 -1.77254e-005 -4.85753e-013 -9.67512e-012 1.0739e-010 1.0739e-010
3.69 -1.7619e-005 -1.54194e-012 -5.06668e-012 1.07138e-010 1.07138e-010
3.7 -1.7527e-005 -5.77516e-012 1.05643e-011 1.06764e-010 1.06764e-010
3.71 -1.74505e-005 -7.46369e-013 1.22507e-013 1.06076e-010 1.06076e-010
3.72 -1.73924e-005 -5.52954e-012 7.92168e-012 1.05039e-010 1.05039e-010
3.73 -1.73561e-005 1.53146e-012 -1.88258e-012 1.04134e-010 1.04134e-010
3.74 -1.73447e-005 -2.49533e-012 3.82923e-012 1.04135e-010 1.04135e-010
3.75 -1.736e-005 -4.27191e-013 2.34374e-013 1.05461e-010 1.05461e-010
3.76 -1.74033e-005 2.21424e-013 -1.43982e-013 1.07771e-010 1.07771e-010
3.77 -1.74748e-005 -1.69429e-013 1.44457e-013 1.10072e-010 1.10072e-010
3.78 -1.75724e-005 1.77967e-013 -2.00637e-013 1.11207e-010 1.11207e-010
3.79 -1.76917e-005 -1.49849e-013 1.94864e-013 1.10445e-010 1.10445e-010
3.8 -1.78271e-005 5.80498e-013 -8.30079e-013 1.07819e-010 1.07819e-010
3.81 -1.79724e-005 -2.04787e-013 2.56559e-013 1.04145e-010 1.04145e-010
3.82 -1.81211e-005 1.06847e-013 -1.99373e-013 1.00755e-010 1.00755e-010
3.83 -1.82671e-005 -3.23846e-014 5.24089e-014 9.88978e-011 9.88978e-011
3.84 -1.84076e-005 1.7324e-014 -4.02551e-014 9.9206e-011 9.9206e-011
3.85 -1.85447e-005 6.10732e-014 -1.35745e-014 1.01371e-010 1.01371e-010
3.86 -1.86821e-005 5.4721e-013 -4.60277e-013 1.04285e-010 1.04285e-010
3.87 -1.88225e-005 1.256e-012 -1.33276e-012 1.06892e-010 1.06892e-010
3.88 -1.89664e-005 6.84594e-013 -1.0009e-012 1.0879e-010 1.0879e-010
3.89 -1.91137e-005 4.78928e-013 -7.86087e-013 1.09864e-010 1.09864e-010
3.9 -1.92629e-005 5.4554e-013 -1.11815e-012 1.09824e-010 1.09824e-010
3.91 -1.94094e-005 -1.00424e-012 1.02669e-012 1.0849e-010 1.0849e-010
3.92 -1.95448e-005 1.59758e-012 -9.03463e-013 1.06187e-010 1.06187e-010
3.93 -1.96596e-005 3.7795e-013 3.01251e-012 1.0358e-010 1.0358e-010
3.94 -1.97472e-005 3.07584e-013 -3.78103e-013 1.01194e-010 1.01194e-010
3.95 -1.98043e-005 7.17317e-012 -7.29832e-012 9.92079e-011 9.92079e-011
3.96 -1.98301e-005 4.48974e-012 9.51984e-012 9.7815e-011 9.7815e-011
3.97 -1.98274e-005 -1.58961e-012 1.02154e-011 9.74903e-011 9.74903e-011
3.98 -1.98028e-005 6.5994e-013 -4.22748e-012 9.85979e-011 9.85979e-011
3.99 -1.97656e-005 -4.09086e-013 1.74136e-012 1.00965e-010 1.00965e-010
4 -1.97233e-005 1.76692e-013 -7.28977e-013 1.04061e-010 1.04061e-010
4.01 -1.96791e-005 1.89631e-014 1.64692e-013 1.07338e-010 1.07338e-010
4.02 -1.96328e-005 5.52789e-014 -1.27348e-013 1.10119e-010 1.10119e-010
4.03 -1.95832e-005 -2.28171e-014 6.37624e-014 1.11449e-010 1.11449e-010
4.04 -1.95275e-005 4.20832e-014 -4.96781e-014 1.1054e-010 1.1054e-010
4.05 -1.94608e-005 -4.80019e-016 3.98761e-014 1.07483e-010 1.07483e-010
4.06 -1.93797e-005 -1.35645e-014 1.47219e-014 1.03376e-010 1.03376e-010
4.07 -1.92841e-005 2.81081e-014 -1.79229e-014 9.97624e-011 9.97624e-011
4.08 -1.91754e-005 -1.74447e-014 5.19131e-014 9.80046e-011 9.80046e-011
4.09 -1.9055e-005 -4.32113e-015 1.82522e-014 9.88922e-011 9.88922e-011
4.1 -1.89258e-005 -3.9763e-014 9.21049e-014 1.02258e-010 1.02258e-010
4.11 -1.87917e-005 -3.82496e-014 1.85211e-013 1.06752e-010 1.06752e-010
4.12 -1.86566e-005 -7.28018e-014 9.9175e-014 1.10248e-010 1.10248e-010
4.13 -1.85248e-005 -5.70446e-013 -9.00088e-013 1.10916e-010 1.10916e-010
4.14 -1.83991e-005 1.48416e-012 3.2053e-012 1.08267e-010 1.08267e-010
4.15 -1.82802e-005 -1.59959e-014 9.0447e-013 1.03514e-010 1.03514e-010
4.16 -1.81676e-005 5.9513e-013 3.97157e-013 9.90003e-011 9.90003e-011
4.17 -1.80619e-005 5.16406e-013 3.19633e-012 9.6995e-011 9.6995e-011
4.18 -1.79653e-005 3.77852e-013 -2.05377e-013 9.86572e-011 9.86572e-011
4.19 -1.78813e-005 -7.49533e-013 1.23815e-012 1.03698e-010 1.03698e-010
4.2 -1.78134e-005 3.11701e-013 -5.13057e-013 1.10524e-010 1.10524e-010
4.21 -1.77648e-005 -2.94515e-013 7.95591e-013 1.16682e-010 1.16682e-010
4.22 -1.77391e-005 -2.67577e-013 9.40735e-014 1.1966e-010 1.1966e-010
4.23 -1.77383e-005 -2.84081e-012 9.81667e-012 1.17956e-010 1.17956e-010
4.24 -1.77611e-005 -1.11239e-013 4.59335e-012 1.11897e-010 1.11897e-010
4.25 -1.78046e-005 4.75208e-013 -1.13039e-012 1.03593e-010 1.03593e-010
4.26 -1.78653e-005 1.89746e-013 1.48972e-012 9.60066e-011 9.60066e-011
4.27 -1.79387e-005 6.85759e-013 7.55801e-013 9.16771e-011 9.16771e-011
4.28 -1.80206e-005 -2.52475e-013 -3.88961e-013 9.18819e-011 9.18819e-011
4.29 -1.81075e-005 1.26113e-013 1.1936e-013 9.6363e-011 9.6363e-011
4.3 -1.81969e-005 -3.89466e-014 -8.3516e-014 1.03477e-010 1.03477e-010
4.31 -1.82865e-005 5.44892e-014 -2.95687e-014 1.10772e-010 1.10772e-010
4.32 -1.83766e-005 4.52992e-014 -4.56726e-014 1.15864e-010 1.15864e-010
4.33 -1.84697e-005 5.02216e-014 -5.50918e-014 1.1729e-010 1.1729e-010
4.34 -1.85687e-005 6.10034e-014 -4.78061e-014 1.14911e-010 1.14911e-010
4.35 -1.8675e-005 3.01243e-013 -2.90431e-013 1.09923e-010 1.09923e-010
4.36 -1.87894e-005 4.32162e-013 -4.57138e-013 1.04358e-010 1.04358e-010
4.37 -1.89117e-005 3.0732e-013 -4.13622e-013 1.00116e-010 1.00116e-010
4.38 -1.90398e-005 5.16597e-013 -7.65225e-013 9.82557e-011 9.82557e-011
4.39 -1.91683e-005 1.26649e-013 -1.46044e-013 9.88694e-011 9.88694e-011
4.4 -1.92883e-005 1.14445e-013 -3.96249e-013 1.01218e-010 1.01218e-010
4.41 -1.93907e-005 -3.82425e-014 1.55752e-013 1.04017e-010 1.04017e-010
4.42 -1.94701e-005 -1.96708e-014 -1.99658e-013 1.05831e-010 1.05831e-010
4.43 -1.95246e-005 1.89892e-013 -5.39473e-013 1.05657e-010 1.05657e-010
4.44 -1.95569e-005 -5.08317e-014 1.85835e-013 1.03619e-010 1.03619e-010
4.45 -1.9573e-005 3.86658e-014 -1.03572e-013 1.01052e-010 1.01052e-010
4.46 -1.95788e-005 2.59263e-013 -4.86428e-013 9.97654e-011 9.97654e-011
4.47 -1.958e-005 -9.38789e-013 1.08618e-012 1.01024e-010 1.01024e-010
4.48 -1.95817e-005 3.90337e-013 -4.50643e-013 1.04772e-010 1.04772e-010
4.49 -1.95863e-005 -1.56649e-013 1.77673e-013 1.09537e-010 1.09537e-010
4.5 -1.95914e-005 9.92277e-014 -1.44314e-013 1.13167e-010 1.13167e-010
4.51 -1.95913e-005 -1.58276e-014 1.44768e-014 1.13854e-010 1.13854e-010
4.52 -1.95801e-005 3.54634e-014 -3.62764e-014 1.10808e-010 1.10808e-010
4.53 -1.95518e-005 -5.6629e-014 7.31708e-014 1.04614e-010 1.04614e-010
4.54 -1.95001e-005 5.90219e-014 -5.50529e-014 9.73e-011 9.73e-011
4.55 -1.94214e-005 -2.50215e-014 5.09063e-014 9.17127e-011 9.17127e-011
4.56 -1.93172e-005 1.41785e-014 -2.00352e-014 9.01464e-011 9.01464e-011
4.57 -1.91927e-005 -3.60844e-014 1.103e-014 9.3202e-011 9.3202e-011
4.58 -1.90561e-005 2.97077e-014 7.18331e-014 9.97053e-011 9.97053e-011
4.59 -1.8918e-005 -4.56764e-014 4.64777e-015 1.07422e-010 1.07422e-010
4.6 -1.87904e-005 -1.04364e-014 6.43263e-014 1.13903e-010 1.13903e-010
4.61 -1.86819e-005 1.58162e-016 8.53133e-014 1.17263e-010 1.17263e-010
4.62 -1.8595e-005 -2.99357e-014 -3.74592e-015 1.16906e-010 1.16906e-010
4.63 -1.85274e-005 -8.41405e-015 2.27332e-014 1.13649e-010 1.13649e-010
4.64 -1.84762e-005 -2.39933e-014 2.49416e-013 1.08941e-010 1.08941e-010
4.65 -1.84401e-005 2.32252e-015 -9.71503e-014 1.04014e-010 1.04014e-010
4.66 -1.84169e-005 -8.04214e-014 4.54483e-013 9.97352e-011 9.97352e-011
4.67 -1.84028e-005 3.4708e-014 -1.85744e-013 9.69997e-011 9.69997e-011
4.68 -1.83935e-005 -1.0768e-014 7.33047e-014 9.67218e-011 9.67218e-011
4.69 -1.83866e-005 7.96802e-015 -3.34225e-014 9.9171e-011 9.9171e-011
4.7 -1.8383e-005 -3.69794e-014 6.6505e-014 1.03502e-010 1.03502e-010
4.71 -1.83872e-005 1.93719e-014 -3.05079e-014 1.081e-010 1.081e-010
4.72 -1.84035e-005 -2.6301e-015 -6.60233e-017 1.11425e-010 1.11425e-010
4.73 -1.84347e-005 1.12076e-014 5.73719e-015 1.12646e-010 1.12646e-010
4.74 -1.84827e-005 1.47293e-016 -2.58911e-014 1.11717e-010 1.11717e-010
4.75 -1.85482e-005 6.82192e-014 -4.10839e-014 1.09156e-010 1.09156e-010
4.76 -1.86308e-005 3.44362e-014 -5.86421e-014 1.05876e-010 1.05876e-010
4.77 -1.87297e-005 7.55738e-014 -5.9944e-014 1.02982e-010 1.02982e-010
4.78 -1.88429e-005 1.39019e-013 -1.60037e-013 1.01388e-010 1.01388e-010
4.79 -1.89656e-005 2.69994e-013 -3.59082e-013 1.01472e-010 1.01472e-010
4.8 -1.90908e-005 1.80681e-013 -2.73326e-013 1.03028e-010 1.03028e-010
4.81 -1.92122e-005 7.31922e-014 -1.37895e-013 1.05324e-010 1.05324e-010
4.82 -1.93249e-005 1.40211e-013 -2.66142e-013 1.0722e-010 1.0722e-010
4.83 -1.94253e-005 -5.45667e-014 1.0536e-013 1.07649e-010 1.07649e-010
4.84 -1.95121e-005 1.5197e-013 -5.92661e-013 1.06276e-010 1.06276e-010
4.85 -1.9586e-005 -5.78231e-014 2.21428e-013 1.03736e-010 1.03736e-010
4.86 -1.96467e-005 -1.27686e-013 -5.57173e-014 1.01256e-010 1.01256e-010
4.87 -1.96917e-005 5.61393e-014 1.97355e-014 1.00004e-010 1.00004e-010
4.88 -1.97208e-005 -2.49032e-013 2.41619e-013 1.0052e-010 1.0052e-010
4.89 -1.97366e-005 3.75741e-013 -9.38911e-013 1.02459e-010 1.02459e-010
4.9 -1.9742e-005 -1.33881e-013 3.51298e-013 1.04843e-010 1.04843e-010
4.91 -1.97381e-005 5.97434e-014 -1.47316e-013 1.06711e-010 1.06711e-010
4.92 -1.97258e-005 -2.05866e-014 5.75581e-014 1.07529e-010 1.07529e-010
4.93 -1.97087e-005 2.41602e-014 -4.51929e-014 1.07114e-010 1.07114e-010
4.94 -1.96901e-005 -6.21184e-015 1.53654e-014 1.0563e-010 1.0563e-010
4.95 -1.96694e-005 6.22795e-015 -9.61455e-015 1.03824e-010 1.03824e-010
4.96 -1.96434e-005 1.62885e-014 -2.96596e-014 1.02818e-010 1.02818e-010
4.97 -1.96085e-005 1.63529e-014 -3.15597e-014 1.0323e-010 1.0323e-010
4.98 -1.95609e-005 3.92735e-013 4.56721e-013 1.04551e-010 1.04551e-010
4.99 -1.94961e-005 3.17518e-013 3.40153e-013 1.05583e-010 1.05583e-010
5 -1.94111e-005 6.69286e-013 4.45372e-013 1.05337e-010 1.05337e-010
5.01 -1.93087e-005 4.59316e-014 7.08187e-014 1.03493e-010 1.03493e-010
5.02 -1.91939e-005 3.62247e-015 3.19388e-014 1.00564e-010 1.00564e-010
5.03 -1.90715e-005 4.26168e-014 3.97413e-014 9.80134e-011 9.80134e-011
5.04 -1.89467e-005 2.38098e-013 3.06312e-013 9.77042e-011 9.77042e-011
5.05 -1.88265e-005 1.73414e-013 1.83424e-013 1.00555e-010 1.00555e-010
5.06 -1.87163e-005 -7.76485e-014 4.09661e-014 1.05695e-010 1.05695e-010
5.07 -1.86189e-005 2.40935e-013 2.36345e-013 1.11028e-010 1.11028e-010
5.08 -1.85365e-005 6.56454e-013 5.35781e-013 1.14387e-010 1.14387e-010
5.09 -1.84711e-005 4.21306e-013 3.16239e-013 1.14342e-010 1.14342e-010
5.1 -1.8422e-005 3.34474e-013 1.1415e-013 1.10767e-010 1.10767e-010
5.11 -1.83876e-005 9.06307e-014 -1.18705e-014 1.05089e-010 1.05089e-010
5.12 -1.83687e-005 3.85182e-013 2.73309e-013 9.97124e-011 9.97124e-011
5.13 -1.83674e-005 6.69821e-013 4.60601e-013 9.68324e-011 9.68324e-011
5.14 -1.8383e-005 -1.64512e-013 -1.26714e-013 9.75369e-011 9.75369e-011
5.15 -1.84113e-005 7.16374e-014 4.90994e-014 1.01535e-010 1.01535e-010
5.16 -1.8449e-005 -1.96913e-014 -2.63071e-014 1.07184e-010 1.07184e-010
5.17 -1.84945e-005 1.16444e-014 7.6173e-015 1.11869e-010 1.11869e-010
5.18 -1.85458e-005 -1.26584e-015 -6.35946e-015 1.13151e-010 1.13151e-010
5.19 -1.86014e-005 4.05315e-015 -6.01068e-016 1.10223e-010 1.10223e-010
5.2 -1.86637e-005 7.29276e-014 -6.87293e-014 1.04437e-010 1.04437e-010
5.21 -1.87378e-005 -2.65146e-014 2.5095e-014 9.85495e-011 9.85495e-011
5.22 -1.88263e-005 5.16001e-013 -4.95977e-013 9.55078e-011 9.55078e-011
5.23 -1.89275e-005 -2.0906e-013 2.0112e-013 9.72665e-011 9.72665e-011
5.24 -1.90386e-005 7.19283e-013 -9.20924e-013 1.03589e-010 1.03589e-010
5.25 -1.91546e-005 -3.22187e-013 3.56922e-013 1.11607e-010 1.11607e-010
5.26 -1.92679e-005 -2.6981e-014 -1.25869e-013 1.17075e-010 1.17075e-010
5.27 -1.93692e-005 -1.40441e-014 3.41488e-014 1.16692e-010 1.16692e-010
5.28 -1.94485e-005 -2.23987e-014 -2.11826e-014 1.09845e-010 1.09845e-010
5.29 -1.94962e-005 3.41313e-012 3.56211e-012 9.88618e-011 9.88618e-011
5.3 -1.95075e-005 6.05233e-012 3.50195e-012 8.78935e-011 8.78935e-011
5.31 -1.94865e-005 -4.93602e-013 4.38367e-013 8.11983e-011 8.11983e-011
5.32 -1.94421e-005 6.15603e-012 1.40726e-012 8.16008e-011 8.16008e-011
5.33 -1.93851e-005 7.68051e-012 8.61217e-012 8.9316e-011 8.9316e-011
5.34 -1.93265e-005 3.42593e-012 4.21132e-012 1.01625e-010 1.01625e-010
5.35 -1.92764e-005 4.2969e-012 1.89332e-013 1.13771e-010 1.13771e-010
5.36 -1.92417e-005 6.30596e-012 1.42786e-011 1.20597e-010 1.20597e-010
5.37 -1.92222e-005 3.10107e-012 5.60675e-012 1.18407e-010 1.18407e-010
5.38 -1.92091e-005 3.03272e-012 3.05241e-012 1.06621e-010 1.06621e-010
5.39 -1.91891e-005 1.72721e-012 1.35643e-011 8.83903e-011 8.83903e-011
5.4 -1.91492e-005 2.74567e-012 4.2981e-013 6.94725e-011 6.94725e-011
5.41 -1.90807e-005 6.14912e-013 1.76787e-012 5.5724e-011 5.5724e-011
5.42 -1.89807e-005 7.15611e-014 -1.63612e-012 5.11168e-011 5.11168e-011
5.43 -1.88522e-005 -4.77993e-013 2.34858e-012 5.68836e-011 5.68836e-011
5.44 -1.87033e-005 1.00688e-011 9.69755e-012 7.09954e-011 7.09954e-011
5.45 -1.8546e-005 5.75077e-012 1.1215e-011 8.88035e-011 8.88035e-011
5.46 -1.83958e-005 -2.81036e-012 2.89209e-013 1.0474e-010 1.0474e-010
5.47 -1.82682e-005 1.10864e-012 3.68896e-014 1.1411e-010 1.1411e-010
5.48 -1.81755e-005 -4.45494e-013 -2.39716e-014 1.14474e-010 1.14474e-010
5.49 -1.81236e-005 -1.30044e-013 6.16248e-013 1.06179e-010 1.06179e-010
5.5 -1.81103e-005 4.63071e-014 -2.48864e-013 9.21977e-011 9.21977e-011
5.51 -1.81252e-005 -2.05314e-014 1.04522e-013 7.72047e-011 7.72047e-011
5.52 -1.81553e-005 -7.97471e-017 -1.65234e-014 6.59171e-011 6.59171e-011
5.53 -1.81897e-005 -1.85703e-015 2.45095e-014 6.12985e-011 6.12985e-011
5.54 -1.82189e-005 -3.05905e-014 5.9682e-014 6.35445e-011 6.35445e-011
5.55 -1.82369e-005 3.11141e-014 -5.72235e-014 7.06563e-011 7.06563e-011
5.56 -1.82439e-005 5.83552e-014 -1.29032e-013 7.97825e-011 7.97825e-011
5.57 -1.82457e-005 2.9233e-014 -1.42106e-013 8.78799e-011 8.78799e-011
5.58 -1.82493e-005 -1.35656e-014 -8.9281e-014 9.27077e-011 9.27077e-011
5.59 -1.82604e-005 2.17249e-011 1.65562e-011 9.39277e-011 9.39277e-011
5.6 -1.82835e-005 -2.26052e-012 -5.56766e-012 9.2295e-011 9.2295e-011
5.61 -1.83195e-005 -1.11289e-011 -1.29289e-011 8.87444e-011 8.87444e-011
5.62 -1.83665e-005 -3.78535e-011 -5.31124e-011 8.43956e-011 8.43956e-011
5.63 -1.84218e-005 -6.00827e-011 -8.28691e-011 8.0553e-011 8.0553e-011
5.64 -1.84818e-005 5.0921e-011 1.35489e-010 7.81522e-011 7.81522e-011
5.65 -1.85449e-005 8.94672e-012 4.68817e-011 7.71546e-011 7.71546e-011
5.66 -1.86052e-005 -3.62471e-011 -6.95504e-011 7.74737e-011 7.74737e-011
5.67 -1.86582e-005 -2.91183e-011 -3.56061e-011 7.94791e-011 7.94791e-011
5.68 -1.87015e-005 2.09624e-011 1.43865e-011 8.304e-011 8.304e-011
5.69 -1.87368e-005 -1.10597e-011 -7.51567e-012 8.70148e-011 8.70148e-011
5.7 -1.8771e-005 3.55424e-012 1.21575e-012 8.99299e-011 8.99299e-011
5.71 -1.8811e-005 -4.74093e-012 -2.71472e-012 9.10575e-011 9.10575e-011
5.72 -1.88612e-005 -6.46562e-012 -1.27361e-011 9.05723e-011 9.05723e-011
5.73 -1.89246e-005 1.98127e-013 -4.42379e-012 8.90464e-011 8.90464e-011
5.74 -1.90045e-005 6.29586e-013 -5.91339e-013 8.71668e-011 8.71668e-011
5.75 -1.91058e-005 7.74128e-013 -1.30569e-012 8.54843e-011 8.54843e-011
5.76 -1.92336e-005 1.00383e-013 -1.66227e-013 8.41843e-011 8.41843e-011
5.77 -1.93893e-005 4.59009e-012 4.95794e-012 8.32543e-011 8.32543e-011
5.78 -1.95703e-005 5.63695e-012 8.21017e-012 8.27993e-011 8.27993e-011
5.79 -1.97686e-005 5.00771e-012 4.07677e-012 8.30571e-011 8.30571e-011
5.8 -1.99697e-005 -3.38347e-011 -2.42163e-011 8.40226e-011 8.40226e-011
5.81 -2.01562e-005 -3.13889e-011 -2.79633e-011 8.53002e-011 8.53002e-011
5.82 -2.03162e-005 1.87142e-011 1.09732e-011 8.62758e-011 8.62758e-011
5.83 -2.04489e-005 -4.42774e-012 -4.20143e-012 8.6186e-011 8.6186e-011
5.84 -2.056e-005 6.1372e-012 1.04721e-012 8.52745e-011 8.52745e-011
5.85 -2.06528e-005 2.10366e-011 -5.20011e-012 8.56055e-011 8.56055e-011
5.86 -2.07271e-005 2.58193e-011 -6.725e-011 8.89001e-011 8.89001e-011
5.87 -2.07833e-005 4.45331e-011 -7.56301e-012 9.46519e-011 9.46519e-011
5.88 -2.0824e-005 6.94373e-011 8.95959e-011 9.97481e-011 9.97481e-011
5.89 -2.08498e-005 1.45007e-011 6.6047e-012 9.96952e-011 9.96952e-011
5.9 -2.08569e-005 1.67518e-011 2.43218e-011 9.22058e-011 9.22058e-011
5.91 -2.08378e-005 4.81881e-012 4.09187e-012 7.84611e-011 7.84611e-011
5.92 -2.07818e-005 3.90061e-012 9.27313e-012 6.19184e-011 6.19184e-011
5.93 -2.06815e-005 4.17783e-012 -3.3059e-012 4.74403e-011 4.74403e-011
5.94 -2.05328e-005 2.96844e-013 1.36157e-011 3.95934e-011 3.95934e-011
5.95 -2.03341e-005 1.33691e-012 5.91356e-012 4.03327e-011 4.03327e-011
5.96 -2.00867e-005 -2.89032e-013 4.45798e-012 4.83044e-011 4.83044e-011
5.97 -1.97961e-005 4.03074e-012 1.19092e-011 5.98157e-011 5.98157e-011
5.98 -1.94712e-005 1.29415e-011 1.32618e-011 6.99341e-011 6.99341e-011
5.99 -1.91203e-005 1.18402e-011 2.22616e-011 7.39517e-011 7.39517e-011
6 -1.87458e-005 1.09199e-012 1.77752e-011 6.94964e-011 6.94964e-011
6.01 -1.83419e-005 -7.00501e-012 1.28383e-011 5.80628e-011 5.80628e-011
6.02 -1.78988e-005 -1.21315e-011 3.01415e-011 4.42681e-011 4.42681e-011
6.03 -1.74061e-005 -3.39417e-011 4.3422e-011 3.29876e-011 3.29876e-011
6.04 -1.6855e-005 -3.83841e-011 3.18075e-011 2.6871e-011 2.6871e-011
6.05 -1.62456e-005 -5.11758e-011 3.79033e-011 2.55096e-011 2.55096e-011
6.06 -1.55918e-005 -5.81909e-011 3.19849e-011 2.70606e-011 2.70606e-011
6.07 -1.49197e-005 -4.14211e-011 1.5116e-011 2.99815e-011 2.99815e-011
6.08 -1.42681e-005 2.13981e-011 1.33306e-011 3.24273e-011 3.24273e-011
6.09 -1.36776e-005 -1.81546e-010 -4.4704e-011 3.36916e-011 3.36916e-011
6.1 -1.31889e-005 -2.67827e-010 -1.60704e-010 3.6256e-011 3.6256e-011
6.11 -1.28326e-005 -4.16643e-011 -9.93387e-011 4.30079e-011 4.30079e-011
6.12 -1.26314e-005 -2.87212e-011 -7.83828e-013 5.28528e-011 5.28528e-011
6.13 -1.25951e-005 1.20996e-010 2.88415e-010 6.12184e-011 6.12184e-011
6.14 -1.27219e-005 6.5713e-011 1.47231e-010 6.32375e-011 6.32375e-011
6.15 -1.30006e-005 -7.23869e-011 -8.56811e-011 5.59438e-011 5.59438e-011
6.16 -1.34138e-005 -1.7967e-011 3.52886e-011 4.04178e-011 4.04178e-011
6.17 -1.39448e-005 -4.40566e-011 -1.81046e-011 2.09458e-011 2.09458e-011
6.18 -1.4575e-005 -3.29702e-011 -6.45589e-011 2.87032e-012 2.87032e-012
6.19 -1.5287e-005 -3.20638e-012 -4.58881e-012 -8.01989e-012 -8.01989e-012
6.2 -1.60608e-005 -7.27692e-013 -2.66552e-012 -7.20895e-012 -7.20895e-012
6.21 -1.68762e-005 3.88853e-013 -7.13222e-012 5.44446e-012 5.44446e-012
6.22 -1.77209e-005 7.74105e-012 -3.26366e-011 2.45286e-011 2.45286e-011
6.23 -1.85911e-005 1.12206e-010 -1.59015e-010 4.1715e-011 4.1715e-011
6.24 -1.94833e-005 -1.39874e-010 3.37448e-010 4.99685e-011 4.99685e-011
6.25 -2.03886e-005 -2.15584e-011 1.32131e-010 4.69055e-011 4.69055e-011
6.26 -2.12866e-005 1.92423e-010 -2.1005e-010 3.49745e-011 3.49745e-011
6.27 -2.21392e-005 4.85504e-011 -5.16008e-011 1.98753e-011 1.98753e-011
6.28 -2.29067e-005 1.02299e-010 -6.65869e-011 9.57672e-012 9.57672e-012
6.29 -2.35556e-005 4.20052e-012 -1.42881e-011 1.0557e-011 1.0557e-011
6.3 -2.40697e-005 2.77808e-011 -1.2404e-011 2.2671e-011 2.2671e-011
6.31 -2.44454e-005 3.80739e-011 3.68436e-012 3.9672e-011 3.9672e-011
6.32 -2.468e-005 5.80602e-011 2.00186e-012 5.50337e-011 5.50337e-011
6.33 -2.47726e-005 3.38515e-011 1.84837e-011 6.44375e-011 6.44375e-011
6.34 -2.47272e-005 6.23779e-011 4.46176e-011 6.49716e-011 6.49716e-011
6.35 -2.45522e-005 1.0446e-011 -6.30935e-011 5.75186e-011 5.75186e-011
6.36 -2.42603e-005 1.91104e-010 1.92125e-011 4.76595e-011 4.76595e-011
6.37 -2.38813e-005 5.17313e-011 2.7235e-011 4.11687e-011 4.11687e-011
6.38 -2.3449e-005 -2.08648e-011 -1.08344e-011 4.00989e-011 4.00989e-011
6.39 -2.29987e-005 8.88792e-012 4.66757e-012 4.38954e-011 4.38954e-011
6.4 -2.25505e-005 -3.3989e-012 -1.752e-012 5.2081e-011 5.2081e-011
6.41 -2.21107e-005 1.94263e-012 7.84622e-013 6.35306e-011 6.35306e-011
6.42 -2.16846e-005 -3.32632e-013 -1.65394e-013 7.4323e-011 7.4323e-011
6.43 -2.12706e-005 3.46826e-013 2.57699e-013 7.89098e-011 7.89098e-011
6.44 -2.08557e-005 6.32036e-014 4.54264e-013 7.37246e-011 7.37246e-011
6.45 -2.04218e-005 1.21472e-013 5.89518e-013 5.92746e-011 5.92746e-011
6.46 -1.9954e-005 2.17696e-013 6.60463e-013 3.93199e-011 3.93199e-011
6.47 -1.94398e-005 1.5598e-012 7.97418e-013 1.98206e-011 1.98206e-011
6.48 -1.88685e-005 -8.04773e-012 1.23101e-011 7.09774e-012 7.09774e-012
6.49 -1.82361e-005 -1.19474e-011 1.00187e-011 5.47306e-012 5.47306e-012
6.5 -1.75538e-005 -4.39921e-010 4.34495e-010 1.67456e-011 1.67456e-011
6.51 -1.68412e-005 6.71708e-011 -3.32711e-010 3.742e-011 3.742e-011
6.52 -1.61305e-005 -1.24625e-011 -4.5038e-011 5.78399e-011 5.78399e-011
6.53 -1.54452e-005 -5.04553e-011 -1.60588e-010 7.15583e-011 7.15583e-011
6.54 -1.48007e-005 3.87354e-011 2.7965e-011 8.00808e-011 8.00808e-011
6.55 -1.42095e-005 5.49651e-011 -5.35763e-011 8.34135e-011 8.34135e-011
6.56 -1.36852e-005 1.97191e-011 3.94342e-011 7.79583e-011 7.79583e-011
6.57 -1.32435e-005 6.01478e-012 -3.10333e-011 6.47378e-011 6.47378e-011
6.58 -1.28977e-005 -6.85027e-011 3.62946e-011 5.01356e-011 5.01356e-011
6.59 -1.26607e-005 -1.54573e-011 8.88058e-011 3.96034e-011 3.96034e-011
6.6 -1.25371e-005 -1.72551e-012 -3.09283e-011 3.51021e-011 3.51021e-011
6.61 -1.25256e-005 -2.13996e-011 3.89713e-011 3.71687e-011 3.71687e-011
6.62 -1.2627e-005 -1.4787e-011 1.01299e-011 4.56066e-011 4.56066e-011
6.63 -1.28381e-005 1.51801e-011 1.33064e-011 5.77336e-011 5.77336e-011
6.64 -1.31535e-005 -4.13704e-012 -1.58689e-012 6.79001e-011 6.79001e-011
6.65 -1.35646e-005 -1.5681e-011 -3.31893e-011 7.12075e-011 7.12075e-011
6.66 -1.40583e-005 -2.02472e-011 -4.68915e-011 6.75094e-011 6.75094e-011
6.67 -1.46192e-005 2.30216e-011 7.04828e-011 6.07194e-011 6.07194e-011
6.68 -1.52362e-005 1.2265e-011 5.12829e-011 5.50506e-011 5.50506e-011
6.69 -1.59066e-005 -6.61055e-012 -2.05867e-011 5.26847e-011 5.26847e-011
6.7 -1.66315e-005 1.79889e-012 8.15399e-012 5.40597e-011 5.40597e-011
6.71 -1.74095e-005 -8.34433e-012 -1.61267e-011 5.84925e-011 5.84925e-011
6.72 -1.82291e-005 9.35015e-011 -7.96317e-012 6.43183e-011 6.43183e-011
6.73 -1.90757e-005 4.16258e-010 -2.95948e-010 6.83342e-011 6.83342e-011
6.74 -1.99292e-005 -3.96854e-010 4.17581e-010 6.63979e-011 6.63979e-011
6.75 -2.07849e-005 5.04831e-011 -3.73402e-011 5.71907e-011 5.71907e-011
6.76 -2.16332e-005 1.4009e-010 -8.62254e-012 4.12923e-011 4.12923e-011
6.77 -2.24654e-005 -5.83259e-011 -2.82711e-012 2.18602e-011 2.18602e-011
6.78 -2.32808e-005 1.89818e-011 1.44124e-012 9.72077e-012 9.72077e-012
6.79 -2.40802e-005 1.67207e-011 -6.94433e-011 1.39512e-011 1.39512e-011
6.8 -2.4863e-005 3.30779e-010 -3.74441e-010 3.44172e-011 3.44172e-011
6.81 -2.56366e-005 3.05492e-010 -1.57043e-010 6.9427e-011 6.9427e-011
6.82 -2.63867e-005 2.47765e-010 -5.9065e-011 1.1582e-010 1.1582e-010
6.83 -2.70999e-005 7.8234e-010 -5.77944e-010 1.62548e-010 1.62548e-010
6.84 -2.77475e-005 6.88692e-010 -5.02369e-010 1.95385e-010 1.95385e-010
6.85 -2.82859e-005 2.8659e-010 -1.38213e-010 2.08317e-010 2.08317e-010
6.86 -2.86729e-005 -3.27722e-011 5.18579e-011 2.03341e-010 2.03341e-010
6.87 -2.88667e-005 5.21012e-010 -1.94948e-010 1.83934e-010 1.83934e-010
6.88 -2.88365e-005 2.24253e-010 -1.60493e-010 1.56992e-010 1.56992e-010
6.89 -2.85626e-005 -1.03774e-010 7.17309e-011 1.3311e-010 1.3311e-010
6.9 -2.80379e-005 4.99536e-011 -3.46138e-012 1.21209e-010 1.21209e-010
6.91 -2.72809e-005 -1.29926e-011 2.63958e-011 1.23305e-010 1.23305e-010
6.92 -2.63343e-005 8.41711e-012 -2.0307e-011 1.34002e-010 1.34002e-010
6.93 -2.52524e-005 4.61393e-013 6.57529e-012 1.48072e-010 1.48072e-010
6.94 -2.40859e-005 3.32056e-012 -8.89297e-012 1.62376e-010 1.62376e-010
6.95 -2.28712e-005 2.38363e-012 5.3352e-013 1.70825e-010 1.70825e-010
6.96 -2.16339e-005 1.97205e-012 -7.48011e-012 1.65841e-010 1.65841e-010
6.97 -2.0394e-005 2.28376e-012 2.77048e-011 1.45456e-010 1.45456e-010
6.98 -1.9169e-005 -6.56977e-010 -6.41383e-010 1.17659e-010 1.17659e-010
6.99 -1.79688e-005 -6.94306e-010 6.61524e-010 9.38796e-011 9.38796e-011
7 -1.67894e-005 1.42985e-009 -3.03458e-010 7.49621e-011 7.49621e-011
7.01 -1.56618e-005 5.31112e-010 -3.83547e-010 5.66979e-011 5.66979e-011
7.02 -1.46229e-005 -6.58602e-010 6.70605e-010 4.51083e-011 4.51083e-011
7.03 -1.37009e-005 7.1739e-011 -3.60926e-010 4.64805e-011 4.64805e-011
7.04 -1.29319e-005 -1.52743e-010 1.31911e-010 5.59131e-011 5.59131e-011
7.05 -1.23059e-005 -2.43998e-011 -2.0384e-011 6.59954e-011 6.59954e-011
7.06 -1.18051e-005 -9.99902e-011 6.36219e-011 7.54762e-011 7.54762e-011
7.07 -1.14039e-005 -9.02266e-011 4.30911e-011 8.46189e-011 8.46189e-011
7.08 -1.1072e-005 -8.50243e-011 1.04545e-010 9.057e-011 9.057e-011
7.09 -1.07773e-005 -6.90199e-011 1.51506e-011 9.15536e-011 9.15536e-011
7.1 -1.04883e-005 -4.44998e-010 4.13839e-010 9.09819e-011 9.09819e-011
7.11 -1.01868e-005 -5.08616e-010 4.17688e-010 9.87005e-011 9.87005e-011
7.12 -9.87823e-006 -1.72395e-010 2.11624e-010 1.22637e-010 1.22637e-010
7.13 -9.59038e-006 -1.37144e-011 2.02775e-011 1.58008e-010 1.58008e-010
7.14 -9.36404e-006 -1.43291e-010 1.54395e-010 1.93758e-010 1.93758e-010
7.15 -9.24413e-006 -8.31872e-011 1.23456e-010 2.2379e-010 2.2379e-010
7.16 -9.27227e-006 -7.06798e-012 7.3535e-011 2.44259e-010 2.44259e-010
7.17 -9.47747e-006 3.47724e-012 -2.3642e-011 2.4912e-010 2.4912e-010
7.18 -9.87259e-006 6.25851e-011 9.80673e-011 2.35222e-010 2.35222e-010
7.19 -1.04504e-005 7.96131e-011 7.63498e-011 2.07435e-010 2.07435e-010
7.2 -1.11913e-005 -3.81661e-010 -3.86513e-010 1.75096e-010 1.75096e-010
7.21 -1.20726e-005 -7.64257e-011 -1.36612e-010 1.46018e-010 1.46018e-010
7.22 -1.3069e-005 1.47478e-010 1.01134e-010 1.24495e-010 1.24495e-010
7.23 -1.41644e-005 -2.83526e-010 -1.5807e-010 1.11448e-010 1.11448e-010
7.24 -1.53552e-005 -7.13812e-010 -1.43152e-010 1.06761e-010 1.06761e-010
7.25 -1.66342e-005 -8.72593e-010 4.93371e-011 1.07897e-010 1.07897e-010
7.26 -1.79961e-005 7.30178e-011 1.29622e-010 1.09157e-010 1.09157e-010
7.27 -1.9425e-005 6.35348e-010 -2.77636e-010 1.07825e-010 1.07825e-010
7.28 -2.08985e-005 3.99166e-010 5.60704e-010 1.02054e-010 1.02054e-010
7.29 -2.24022e-005 9.42384e-010 9.09982e-010 8.8083e-011 8.8083e-011
7.3 -2.38947e-005 6.64043e-010 3.48844e-010 6.67373e-011 6.67373e-011
7.31 -2.53414e-005 1.25755e-009 4.10521e-010 4.19703e-011 4.19703e-011
7.32 -2.66917e-005 1.57962e-009 4.32773e-010 1.29347e-011 1.29347e-011
7.33 -2.79251e-005 3.08871e-009 2.96792e-011 -2.25649e-011 -2.25649e-011
7.34 -2.90128e-005 6.26194e-009 -2.53001e-009 -4.53608e-011 -4.53608e-011
7.35 -2.98916e-005 3.93038e-009 -3.0503e-009 -8.10648e-012 -8.10648e-012
7.36 -3.05381e-005 9.39205e-010 1.48384e-009 1.04997e-010 1.04997e-010
7.37 -3.09579e-005 2.06801e-009 -5.56722e-010 2.43825e-010 2.43825e-010
7.38 -3.11131e-005 7.97895e-010 -2.58656e-010 3.6555e-010 3.6555e-010
7.39 -3.10196e-005 7.34041e-010 -7.44722e-010 4.70176e-010 4.70176e-010
7.4 -3.06782e-005 3.37226e-010 -4.75224e-010 5.42654e-010 5.42654e-010
7.41 -3.01101e-005 1.86484e-010 -3.58649e-010 5.41311e-010 5.41311e-010
7.42 -2.93543e-005 -1.9326e-011 7.177e-011 4.56254e-010 4.56254e-010
7.43 -2.84595e-005 2.15061e-012 -8.1034e-011 3.33993e-010 3.33993e-010
7.44 -2.74616e-005 1.91056e-011 5.73185e-011 2.36005e-010 2.36005e-010
7.45 -2.63821e-005 -1.10203e-011 -6.1974e-011 1.95871e-010 1.95871e-010
7.46 -2.52304e-005 3.48073e-010 4.27163e-010 2.14685e-010 2.14685e-010
7.47 -2.40097e-005 8.04621e-010 9.62901e-010 2.70572e-010 2.70572e-010
7.48 -2.27204e-005 1.19979e-009 8.14087e-010 3.25105e-010 3.25105e-010
7.49 -2.13905e-005 4.43772e-010 1.74466e-010 3.35393e-010 3.35393e-010
7.5 -2.00284e-005 1.01227e-009 -4.05345e-010 2.75494e-010 2.75494e-010
7.51 -1.86655e-005 1.70068e-009 -6.11932e-010 1.46297e-010 1.46297e-010
7.52 -1.73482e-005 6.34245e-010 -7.30787e-010 -3.65422e-011 -3.65422e-011
7.53 -1.61318e-005 -2.72376e-010 -2.04014e-009 -2.40473e-010 -2.40473e-010
7.54 -1.50727e-005 1.92569e-012 -7.56704e-010 -4.13581e-010 -4.13581e-010
7.55 -1.42122e-005 -3.00757e-010 -7.54383e-010 -5.17047e-010 -5.17047e-010
7.56 -1.35716e-005 -1.3296e-009 1.29374e-011 -5.43202e-010 -5.43202e-010
7.57 -1.31067e-005 1.97514e-010 -8.26883e-010 -5.09501e-010 -5.09501e-010
7.58 -1.279e-005 -6.23369e-010 -3.30968e-010 -4.49482e-010 -4.49482e-010
7.59 -1.25872e-005 -4.31608e-010 -5.0613e-010 -3.93317e-010 -3.93317e-010
7.6 -1.24735e-005 -1.70248e-009 -1.43503e-009 -3.60919e-010 -3.60919e-010
7.61 -1.24211e-005 -8.50066e-010 -4.1667e-010 -3.63432e-010 -3.63432e-010
7.62 -1.24142e-005 4.90833e-011 9.9745e-011 -3.92262e-010 -3.92262e-010
7.63 -1.24363e-005 -1.91201e-011 -3.43333e-011 -4.17004e-010 -4.17004e-010
7.64 -1.24856e-005 1.38967e-011 1.3391e-011 -4.07017e-010 -4.07017e-010
7.65 -1.25757e-005 -1.01004e-011 8.52567e-011 -3.51598e-010 -3.51598e-010
7.66 -1.27239e-005 1.11059e-011 -4.09712e-011 -2.60028e-010 -2.60028e-010
7.67 -1.29508e-005 1.21441e-011 8.45447e-011 -1.51673e-010 -1.51673e-010
7.68 -1.32615e-005 1.69878e-010 3.48708e-010 -4.8987e-011 -4.8987e-011
7.69 -1.36466e-005 5.06871e-010 5.24649e-010 2.6513e-011 2.6513e-011
7.7 -1.40729e-005 4.70396e-010 1.65932e-010 6.24967e-011 6.24967e-011
7.71 -1.45333e-005 -3.07659e-011 -4.88859e-011 6.07238e-011 6.07238e-011
7.72 -1.5033e-005 -2.23298e-010 -1.56011e-010 3.05924e-011 3.05924e-011
7.73 -1.55633e-005 5.22593e-010 2.21944e-010 -1.90236e-011 -1.90236e-011
7.74 -1.61118e-005 3.40943e-010 -1.35559e-010 -7.61483e-011 -7.61483e-011
7.75 -1.66851e-005 2.34223e-009 3.45483e-009 -1.27963e-010 -1.27963e-010
7.76 -1.72951e-005 6.78121e-009 8.6421e-009 -1.94251e-010 -1.94251e-010
7.77 -1.79327e-005 6.46931e-009 8.17011e-009 -3.31716e-010 -3.31716e-010
7.78 -1.8599e-005 4.38924e-009 4.94628e-009 -5.64173e-010 -5.64173e-010
7.79 -1.92889e-005 3.36879e-009 2.51023e-009 -8.4342e-010 -8.4342e-010
7.8 -1.99735e-005 1.25003e-009 6.30087e-010 -1.09364e-009 -1.09364e-009
7.81 -2.06456e-005 8.03021e-010 5.5203e-010 -1.2625e-009 -1.2625e-009
7.82 -2.1284e-005 9.38625e-010 1.06341e-009 -1.32625e-009 -1.32625e-009
7.83 -2.18913e-005 1.97483e-009 2.8237e-009 -1.26863e-009 -1.26863e-009
7.84 -2.24722e-005 3.61105e-010 3.77146e-010 -1.09757e-009 -1.09757e-009
7.85 -2.30641e-005 2.20048e-011 -1.50235e-010 -8.68224e-010 -8.68224e-010
7.86 -2.36797e-005 3.18384e-010 -7.72285e-011 -6.5719e-010 -6.5719e-010
7.87 -2.43338e-005 -5.94584e-011 6.94822e-011 -5.24567e-010 -5.24567e-010
7.88 -2.50362e-005 5.61786e-011 -3.46522e-011 -4.8883e-010 -4.8883e-010
7.89 -2.57713e-005 2.06527e-010 -5.56249e-011 -5.26475e-010 -5.26475e-010
7.9 -2.64913e-005 -2.07475e-011 2.55951e-011 -5.89147e-010 -5.89147e-010
7.91 -2.71261e-005 2.59334e-011 -1.84719e-011 -6.17017e-010 -6.17017e-010
7.92 -2.75948e-005 2.08853e-011 -8.60183e-011 -5.64021e-010 -5.64021e-010
7.93 -2.78271e-005 1.16476e-011 -2.60073e-012 -4.24425e-010 -4.24425e-010
7.94 -2.77807e-005 -9.14104e-015 2.77747e-010 -2.30194e-010 -2.30194e-010
7.95 -2.74511e-005 1.9241e-010 3.09774e-010 -2.97395e-011 -2.97395e-011
7.96 -2.68627e-005 4.89654e-010 1.1144e-009 1.28529e-010 1.28529e-010
7.97 -2.60735e-005 1.38674e-009 2.023e-009 2.14026e-010 2.14026e-010
7.98 -2.51553e-005 3.67218e-009 4.60694e-009 2.20526e-010 2.20526e-010
7.99 -2.41646e-005 1.48713e-009 1.12594e-009 1.45765e-010 1.45765e-010
8 -2.32095e-005 -6.98112e-010 -1.2258e-009 -8.38726e-013 -8.38726e-013
8.01 -2.23093e-005 -4.52976e-010 -1.61433e-010 -1.78908e-010 -1.78908e-010
8.02 -2.14779e-005 -5.47437e-010 -2.32839e-010 -3.50422e-010 -3.50422e-010
8.03 -2.06718e-005 -1.34268e-010 -1.90126e-009 -5.19949e-010 -5.19949e-010
8.04 -1.98396e-005 -5.34643e-009 -1.01911e-008 -7.20026e-010 -7.20026e-010
8.05 -1.89332e-005 -7.58867e-009 -9.85812e-009 -9.52664e-010 -9.52664e-010
8.06 -1.79134e-005 -4.65338e-009 -3.29777e-009 -1.18065e-009 -1.18065e-009
8.07 -1.68087e-005 -6.23353e-009 -4.73757e-009 -1.37303e-009 -1.37303e-009
8.08 -1.56024e-005 -2.68651e-009 -1.43917e-009 -1.50853e-009 -1.50853e-009
8.09 -1.43782e-005 -2.77548e-009 -9.70257e-010 -1.56017e-009 -1.56017e-009
8.1 -1.31674e-005 -1.83001e-009 -9.51657e-013 -1.50154e-009 -1.50154e-009
8.11 -1.20546e-005 -1.18674e-009 -1.22209e-009 -1.3398e-009 -1.3398e-009
8.12 -1.11249e-005 -3.07905e-009 -2.6336e-009 -1.13309e-009 -1.13309e-009
8.13 -1.04258e-005 -2.0666e-009 -8.18311e-010 -9.45721e-010 -9.45721e-010
8.14 -1.00082e-005 -8.16732e-010 1.05603e-010 -8.16574e-010 -8.16574e-010
8.15 -9.88689e-006 -3.96113e-010 2.87552e-010 -7.66996e-010 -7.66996e-010
8.16 -1.00269e-005 -1.13008e-010 7.21336e-012 -7.94614e-010 -7.94614e-010
8.17 -1.03717e-005 -2.75954e-011 4.99895e-011 -8.60795e-010 -8.60795e-010
8.18 -1.08582e-005 -2.34372e-012 1.76219e-010 -9.05745e-010 -9.05745e-010
8.19 -1.14222e-005 3.60642e-011 -3.63332e-010 -8.83624e-010 -8.83624e-010
8.2 -1.2018e-005 5.36972e-011 2.6552e-010 -7.83686e-010 -7.83686e-010
8.21 -1.26082e-005 1.41311e-010 4.42334e-010 -6.23789e-010 -6.23789e-010
8.22 -1.31902e-005 2.06048e-009 3.00896e-009 -4.40587e-010 -4.40587e-010
8.23 -1.37559e-005 -1.14368e-009 -1.80533e-009 -2.86529e-010 -2.86529e-010
8.24 -1.42298e-005 -1.55652e-009 -1.52769e-009 -2.0653e-010 -2.0653e-010
8.25 -1.472e-005 6.3261e-010 1.06052e-009 -2.29431e-010 -2.29431e-010
8.26 -1.52284e-005 -1.01197e-009 -4.8168e-010 -3.68984e-010 -3.68984e-010
8.27 -1.57431e-005 3.66592e-010 1.03756e-010 -5.92382e-010 -5.92382e-010
8.28 -1.62473e-005 -2.54799e-010 3.02853e-011 -8.33143e-010 -8.33143e-010
8.29 -1.67216e-005 1.66422e-010 6.05707e-012 -1.03974e-009 -1.03974e-009
8.3 -1.71535e-005 1.83521e-010 9.02836e-010 -1.18433e-009 -1.18433e-009
8.31 -1.75097e-005 9.95209e-010 3.85791e-009 -1.25113e-009 -1.25113e-009
8.32 -1.77755e-005 6.039e-009 1.16465e-008 -1.25361e-009 -1.25361e-009
8.33 -1.78832e-005 6.49101e-009 7.83055e-009 -1.23988e-009 -1.23988e-009
8.34 -1.78653e-005 1.4025e-009 1.52144e-009 -1.24824e-009 -1.24824e-009
8.35 -1.77603e-005 4.70779e-010 4.63038e-010 -1.28788e-009 -1.28788e-009
8.36 -1.75878e-005 3.4311e-010 2.05618e-010 -1.35338e-009 -1.35338e-009
8.37 -1.73927e-005 3.91639e-009 6.01165e-009 -1.42636e-009 -1.42636e-009
8.38 -1.717e-005 1.95952e-009 2.8253e-009 -1.47244e-009 -1.47244e-009
8.39 -1.69602e-005 -8.00823e-010 -1.16671e-009 -1.45675e-009 -1.45675e-009
8.4 -1.67983e-005 3.36598e-010 4.7771e-010 -1.36861e-009 -1.36861e-009
8.41 -1.66612e-005 -1.32718e-010 -1.99122e-010 -1.23042e-009 -1.23042e-009
8.42 -1.6544e-005 7.15945e-011 7.28153e-011 -1.08092e-009 -1.08092e-009
8.43 -1.642e-005 5.5712e-011 -8.28263e-011 -9.51331e-010 -9.51331e-010
8.44 -1.62685e-005 9.18205e-011 -4.01481e-011 -8.58806e-010 -8.58806e-010
8.45 -1.606e-005 7.86735e-012 -1.48745e-011 -8.0671e-010 -8.0671e-010
8.46 -1.57729e-005 7.49378e-011 -1.95311e-011 -7.77825e-010 -7.77825e-010
8.47 -1.54025e-005 2.52294e-010 -1.02078e-010 -7.3732e-010 -7.3732e-010
8.48 -1.49627e-005 -1.59166e-010 6.28901e-011 -6.56442e-010 -6.56442e-010
8.49 -1.44774e-005 -7.89775e-010 -1.21273e-010 -5.41992e-010 -5.41992e-010
8.5 -1.40135e-005 -3.87448e-009 -4.342e-009 -4.29703e-010 -4.29703e-010
8.51 -1.35383e-005 5.59198e-009 6.8966e-009 -3.53815e-010 -3.53815e-010
8.52 -1.30558e-005 1.51432e-010 2.60457e-009 -3.53141e-010 -3.53141e-010
8.53 -1.27464e-005 -6.53772e-010 -8.44404e-010 -4.57935e-010 -4.57935e-010
8.54 -1.25696e-005 -9.23161e-011 2.46752e-010 -6.48662e-010 -6.48662e-010
8.55 -1.25489e-005 1.98409e-011 3.83037e-010 -8.71533e-010 -8.71533e-010
8.56 -1.26748e-005 1.77841e-011 -2.07825e-010 -1.07955e-009 -1.07955e-009
8.57 -1.29186e-005 -4.36456e-011 2.49087e-010 -1.23275e-009 -1.23275e-009
8.58 -1.3248e-005 1.7436e-011 -7.80554e-011 -1.29256e-009 -1.29256e-009
8.59 -1.3623e-005 -1.90163e-012 3.12703e-011 -1.25967e-009 -1.25967e-009
8.6 -1.40075e-005 4.50225e-011 -9.62096e-011 -1.19026e-009 -1.19026e-009
8.61 -1.43656e-005 -6.7924e-010 -1.70627e-009 -1.14574e-009 -1.14574e-009
8.62 -1.46629e-005 -3.73623e-009 -5.72966e-009 -1.15845e-009 -1.15845e-009
8.63 -1.48585e-005 -4.29428e-010 2.07659e-010 -1.23295e-009 -1.23295e-009
8.64 -1.49794e-005 -1.13571e-010 -3.5787e-010 -1.34127e-009 -1.34127e-009
8.65 -1.50254e-005 -1.77867e-009 -1.93834e-009 -1.43863e-009 -1.43863e-009
8.66 -1.5001e-005 -1.1739e-009 -1.77917e-009 -1.49025e-009 -1.49025e-009
8.67 -1.49313e-005 4.69617e-010 5.58545e-010 -1.4747e-009 -1.4747e-009
8.68 -1.48574e-005 -1.86238e-010 -2.3484e-010 -1.38594e-009 -1.38594e-009
8.69 -1.47973e-005 8.29633e-011 9.39063e-011 -1.24496e-009 -1.24496e-009
8.7 -1.47756e-005 -2.81853e-011 -4.10111e-011 -1.09455e-009 -1.09455e-009
8.71 -1.48011e-005 1.56874e-011 1.822e-011 -9.73996e-010 -9.73996e-010
8.72 -1.48823e-005 -1.21024e-012 -9.61822e-012 -9.00618e-010 -9.00618e-010
8.73 -1.50285e-005 2.14289e-011 -2.80318e-011 -8.68428e-010 -8.68428e-010
8.74 -1.52477e-005 2.61505e-011 -4.6843e-011 -8.57026e-010 -8.57026e-010
8.75 -1.5539e-005 -1.04756e-011 2.37569e-011 -8.40181e-010 -8.40181e-010
8.76 -1.58914e-005 2.82637e-012 -2.87984e-011 -7.91918e-010 -7.91918e-010
8.77 -1.62864e-005 -5.62946e-011 1.31172e-010 -6.96416e-010 -6.96416e-010
8.78 -1.67753e-005 3.27305e-009 5.80015e-009 -5.65327e-010 -5.65327e-010
8.79 -1.72795e-005 1.04637e-009 1.02712e-009 -4.42307e-010 -4.42307e-010
8.8 -1.77744e-005 1.85934e-009 4.73833e-010 -3.69635e-010 -3.69635e-010
8.81 -1.84802e-005 4.5461e-010 -1.16515e-009 -3.82152e-010 -3.82152e-010
8.82 -1.92732e-005 5.1661e-010 -1.71728e-010 -5.07035e-010 -5.07035e-010
8.83 -2.0235e-005 1.06396e-010 -3.60675e-010 -7.15762e-010 -7.15762e-010
8.84 -2.13323e-005 4.16206e-013 7.65414e-011 -9.39093e-010 -9.39093e-010
8.85 -2.25252e-005 3.10117e-011 -9.01409e-011 -1.12422e-009 -1.12422e-009
8.86 -2.3746e-005 9.2627e-010 2.68517e-010 -1.24046e-009 -1.24046e-009
8.87 -2.49184e-005 5.25589e-009 1.7448e-009 -1.26255e-009 -1.26255e-009
8.88 -2.59363e-005 1.68723e-009 5.67496e-010 -1.1817e-009 -1.1817e-009
8.89 -2.67503e-005 1.23315e-009 5.14447e-010 -1.03871e-009 -1.03871e-009
8.9 -2.73193e-005 -2.03979e-010 -9.37562e-011 -9.15344e-010 -9.15344e-010
8.91 -2.76607e-005 4.78926e-010 2.27113e-011 -8.71125e-010 -8.71125e-010
8.92 -2.77724e-005 2.98634e-010 -1.06455e-010 -8.97689e-010 -8.97689e-010
8.93 -2.7707e-005 8.71236e-010 2.90605e-010 -9.44024e-010 -9.44024e-010
8.94 -2.75281e-005 7.98195e-010 3.03611e-010 -9.7396e-010 -9.7396e-010
8.95 -2.7313e-005 5.87106e-010 -1.04333e-010 -9.78233e-010 -9.78233e-010
8.96 -2.71153e-005 7.20264e-010 -2.22026e-010 -9.46166e-010 -9.46166e-010
8.97 -2.69597e-005 2.06182e-011 -5.52988e-011 -8.65802e-010 -8.65802e-010
8.98 -2.68469e-005 1.81068e-013 2.72165e-011 -7.49773e-010 -7.49773e-010
8.99 -2.6741e-005 7.06322e-012 -1.67248e-011 -6.36253e-010 -6.36253e-010
9 -2.65862e-005 4.20241e-012 1.94008e-013 -5.59359e-010 -5.59359e-010
9.01 -2.63225e-005 4.08634e-012 1.17655e-011 -5.25377e-010 -5.25377e-010
9.02 -2.59012e-005 1.24084e-012 7.31022e-011 -5.19029e-010 -5.19029e-010
9.03 -2.53001e-005 5.16485e-012 -2.93398e-011 -5.1994e-010 -5.1994e-010
9.04 -2.45281e-005 1.55388e-011 5.73604e-011 -5.08167e-010 -5.08167e-010
9.05 -2.36189e-005 3.92319e-011 6.07687e-010 -4.66278e-010 -4.66278e-010
9.06 -2.26322e-005 1.01845e-010 3.79672e-010 -3.9774e-010 -3.9774e-010
9.07 -2.16262e-005 3.33672e-010 5.5779e-010 -3.38458e-010 -3.38458e-010
9.08 -2.06576e-005 -9.08967e-010 -9.8118e-010 -3.24897e-010 -3.24897e-010
9.09 -1.9738e-005 2.36379e-009 1.95329e-009 -3.70273e-010 -3.70273e-010
9.1 -1.88242e-005 2.10015e-011 -1.1241e-009 -4.78522e-010 -4.78522e-010
9.11 -1.79911e-005 3.79217e-010 2.86019e-011 -6.45019e-010 -6.45019e-010
9.12 -1.71652e-005 6.58015e-010 -5.91392e-010 -8.4141e-010 -8.4141e-010
9.13 -1.62954e-005 2.92631e-011 -1.30918e-009 -1.01655e-009 -1.01655e-009
9.14 -1.53686e-005 2.4345e-012 -5.9445e-010 -1.12357e-009 -1.12357e-009
9.15 -1.4365e-005 -9.46927e-013 2.9674e-010 -1.15143e-009 -1.15143e-009
9.16 -1.33078e-005 -1.60062e-010 2.20211e-010 -1.11847e-009 -1.11847e-009
9.17 -1.2248e-005 5.33703e-011 -2.12848e-011 -1.05063e-009 -1.05063e-009
9.18 -1.12434e-005 -1.38734e-011 7.29355e-012 -9.77139e-010 -9.77139e-010
9.19 -1.03562e-005 1.54634e-011 -1.59617e-011 -9.22456e-010 -9.22456e-010
9.2 -9.63944e-006 -6.49882e-010 3.7748e-010 -8.9957e-010 -8.9957e-010
9.21 -9.12954e-006 -1.63432e-009 4.31798e-010 -9.12516e-010 -9.12516e-010
9.22 -8.84223e-006 -1.96901e-009 3.81908e-010 -9.52867e-010 -9.52867e-010
9.23 -8.75303e-006 -8.37775e-010 4.13436e-010 -9.97965e-010 -9.97965e-010
9.24 -8.82436e-006 -2.95071e-010 2.45889e-010 -1.02164e-009 -1.02164e-009
9.25 -9.01481e-006 -6.37193e-010 -1.11762e-010 -1.00963e-009 -1.00963e-009
9.26 -9.27789e-006 -1.47807e-009 5.82026e-010 -9.67021e-010 -9.67021e-010
9.27 -9.57511e-006 -3.49262e-010 3.66717e-010 -9.09666e-010 -9.09666e-010
9.28 -9.91604e-006 1.20086e-010 -1.16895e-010 -8.50186e-010 -8.50186e-010
9.29 -1.03291e-005 -4.45218e-011 4.88824e-011 -7.9586e-010 -7.9586e-010
9.3 -1.08608e-005 2.40887e-011 -2.19537e-011 -7.51931e-010 -7.51931e-010
9.31 -1.15592e-005 -4.13658e-012 7.57415e-012 -7.17134e-010 -7.17134e-010
9.32 -1.24633e-005 7.23751e-012 -4.81398e-012 -6.80393e-010 -6.80393e-010
9.33 -1.35977e-005 1.0151e-013 -4.43284e-013 -6.30374e-010 -6.30374e-010
9.34 -1.49604e-005 -2.70929e-011 -6.74518e-012 -5.66584e-010 -5.66584e-010
9.35 -1.65059e-005 1.00265e-010 1.15642e-010 -4.97491e-010 -4.97491e-010
9.36 -1.82841e-005 1.80912e-009 2.40437e-009 -4.35996e-010 -4.35996e-010
9.37 -1.99225e-005 3.46597e-009 1.15457e-009 -3.94888e-010 -3.94888e-010
9.38 -2.15618e-005 -1.35608e-010 1.01706e-009 -3.87596e-010 -3.87596e-010
9.39 -2.32018e-005 3.78958e-011 -6.88464e-010 -4.3287e-010 -4.3287e-010
9.4 -2.46753e-005 -4.88661e-011 3.5948e-010 -5.2384e-010 -5.2384e-010
9.41 -2.60291e-005 -8.42184e-011 1.47266e-010 -6.16667e-010 -6.16667e-010
9.42 -2.72522e-005 2.73939e-011 -1.73061e-011 -6.80771e-010 -6.80771e-010
9.43 -2.84082e-005 -8.74346e-012 4.48856e-011 -7.12959e-010 -7.12959e-010
9.44 -2.95541e-005 8.96417e-009 -4.94411e-009 -7.04681e-010 -7.04681e-010
9.45 -3.06806e-005 2.21386e-008 -1.3662e-008 -6.38093e-010 -6.38093e-010
9.46 -3.17046e-005 1.00925e-008 -3.76908e-009 -5.13516e-010 -5.13516e-010
9.47 -3.27135e-005 3.93257e-009 -1.07639e-011 -3.80697e-010 -3.80697e-010
9.48 -3.36923e-005 1.30907e-009 1.51256e-010 -3.03588e-010 -3.03588e-010
9.49 -3.45723e-005 1.41706e-009 -1.75895e-009 -2.72966e-010 -2.72966e-010
9.5 -3.52851e-005 7.60121e-010 -3.49148e-010 -2.37471e-010 -2.37471e-010
9.51 -3.5782e-005 7.62088e-011 4.04067e-010 -1.89414e-010 -1.89414e-010
9.52 -3.60296e-005 2.91927e-009 6.1097e-010 -1.48623e-010 -1.48623e-010
9.53 -3.59498e-005 3.04308e-009 -1.71142e-009 -1.16271e-010 -1.16271e-010
9.54 -3.55503e-005 6.83086e-010 -1.23311e-009 -8.13692e-011 -8.13692e-011
9.55 -3.48899e-005 -8.1037e-011 3.31612e-010 -4.88584e-011 -4.88584e-011
9.56 -3.40193e-005 7.42118e-011 -7.17648e-011 -3.01637e-011 -3.01637e-011
9.57 -3.30034e-005 -1.48547e-012 -4.3175e-011 -2.00982e-011 -2.00982e-011
9.58 -3.19088e-005 5.24002e-011 1.69875e-010 -5.05041e-012 -5.05041e-012
9.59 -3.07971e-005 1.78319e-011 4.6851e-011 1.70306e-011 1.70306e-011
9.6 -2.97169e-005 1.07596e-011 -1.09143e-010 3.71776e-011 3.71776e-011
9.61 -2.86857e-005 1.93922e-011 3.24839e-011 5.40446e-011 5.40446e-011
9.62 -2.7691e-005 2.67125e-011 4.54765e-011 7.8726e-011 7.8726e-011
9.63 -2.66953e-005 1.27745e-010 3.2599e-010 1.14964e-010 1.14964e-010
9.64 -2.56538e-005 2.33603e-010 5.25645e-010 1.41578e-010 1.41578e-010
9.65 -2.45424e-005 3.34579e-010 3.31118e-010 1.2278e-010 1.2278e-010
9.66 -2.33549e-005 1.64216e-010 -6.33528e-011 4.58049e-011 4.58049e-011
9.67 -2.20885e-005 2.59343e-009 2.09499e-009 -6.62972e-011 -6.62972e-011
9.68 -2.06957e-005 2.97592e-009 1.15925e-009 -2.00015e-010 -2.00015e-010
9.69 -1.92596e-005 1.83834e-009 -5.98967e-010 -3.69329e-010 -3.69329e-010
9.7 -1.78388e-005 2.93769e-009 -2.2935e-009 -5.67816e-010 -5.67816e-010
9.71 -1.64484e-005 2.85714e-009 -3.96742e-009 -7.54125e-010 -7.54125e-010
9.72 -1.51475e-005 1.26791e-009 -1.53e-009 -8.90194e-010 -8.90194e-010
9.73 -1.39968e-005 3.51802e-010 -6.57784e-010 -9.62874e-010 -9.62874e-010
9.74 -1.29843e-005 4.78169e-010 -7.92503e-010 -9.85351e-010 -9.85351e-010
9.75 -1.21244e-005 -1.61651e-010 3.23862e-010 -9.72043e-010 -9.72043e-010
9.76 -1.14012e-005 9.37659e-011 -9.82325e-011 -9.2018e-010 -9.2018e-010
9.77 -1.08019e-005 4.78958e-011 -1.69904e-010 -8.50644e-010 -8.50644e-010
9.78 -1.02998e-005 6.12232e-012 7.70072e-011 -8.16183e-010 -8.16183e-010
9.79 -9.87582e-006 -3.21278e-011 -3.48316e-011 -8.42445e-010 -8.42445e-010
9.8 -9.53426e-006 -3.15917e-009 -1.21538e-011 -9.05334e-010 -9.05334e-010
9.81 -9.2631e-006 -1.69865e-009 4.22049e-010 -9.67543e-010 -9.67543e-010
9.82 -9.09541e-006 -6.22395e-010 -1.7069e-010 -1.0072e-009 -1.0072e-009
9.83 -9.07185e-006 -2.87207e-009 8.08159e-010 -1.01247e-009 -1.01247e-009
9.84 -9.2027e-006 -1.50777e-010 5.43448e-010 -9.71763e-010 -9.71763e-010
9.85 -9.52891e-006 8.74099e-011 -2.18393e-010 -8.84676e-010 -8.84676e-010
9.86 -1.00545e-005 -1.04506e-011 9.56949e-011 -7.73497e-010 -7.73497e-010
9.87 -1.07815e-005 2.96343e-011 -3.26558e-011 -6.69511e-010 -6.69511e-010
9.88 -1.16961e-005 1.22857e-011 2.88847e-011 -5.91575e-010 -5.91575e-010
9.89 -1.27698e-005 3.23825e-014 1.638e-010 -5.4178e-010 -5.4178e-010
9.9 -1.39595e-005 1.23704e-011 1.63823e-011 -5.13739e-010 -5.13739e-010
9.91 -1.52181e-005 -4.79385e-011 -3.71012e-012 -4.94919e-010 -4.94919e-010
9.92 -1.65461e-005 3.0925e-009 4.85852e-009 -4.7267e-010 -4.7267e-010
9.93 -1.78545e-005 5.88838e-009 3.0754e-009 -4.54423e-010 -4.54423e-010
9.94 -1.90637e-005 9.45523e-009 -3.21464e-009 -4.51022e-010 -4.51022e-010
9.95 -2.03255e-005 3.56201e-009 -5.48818e-009 -4.40033e-010 -4.40033e-010
9.96 -2.15913e-005 4.56868e-010 -3.03816e-010 -4.1897e-010 -4.1897e-010
9.97 -2.29112e-005 8.1997e-011 -3.34926e-010 -4.41004e-010 -4.41004e-010
9.98 -2.42613e-005 -2.30366e-011 1.67302e-010 -5.31852e-010 -5.31852e-010
9.99 -2.56394e-005 8.43136e-011 7.77462e-012 -6.5414e-010 -6.5414e-010
10 -2.70634e-005 1.40773e-008 1.3791e-008 -7.63243e-010 -7.63243e-010
