0.1 -2.80557e-006 -4.50772e-020 -4.85446e-020 -3.66366e-022 -3.66366e-022
0.2 -5.6128e-006 -1.69893e-019 -1.82591e-019 -2.95299e-022 -2.95299e-022
0.3 -8.42169e-006 -2.64212e-019 -2.72303e-019 4.08084e-020 4.08084e-020
0.4 -1.12322e-005 -3.03212e-019 -3.0166e-019 4.43108e-020 4.43108e-020
0.5 -1.40445e-005 -3.21165e-019 -3.13951e-019 4.14503e-020 4.14503e-020
0.6 -1.68583e-005 -3.32664e-019 -3.18367e-019 4.29423e-020 4.29423e-020
0.7 -1.96739e-005 -3.40572e-019 -3.22265e-019 4.69121e-020 4.69121e-020
0.8 -2.24911e-005 -3.46042e-019 -3.24646e-019 2.77266e-020 2.77266e-020
0.9 -2.531e-005 -3.51052e-019 -3.27293e-019 2.18109e-020 2.18109e-020
1 -2.81306e-005 -3.56054e-019 -3.29954e-019 2.4726e-020 2.4726e-020
0.01 -2.7544e-005 -1.36012e-011 2.00449e-011 2.70418e-009 2.70418e-009
0.02 -2.69519e-005 -8.50496e-012 1.25173e-011 8.93717e-009 8.93717e-009
0.03 -2.76586e-005 -2.35172e-011 3.11455e-011 8.10113e-009 8.10113e-009
0.04 -2.80823e-005 -5.75127e-011 -5.76954e-012 -5.01504e-009 -5.01504e-009
0.05 -2.79348e-005 2.36034e-011 -6.95887e-012 -1.60875e-008 -1.60875e-008
0.06 -2.80184e-005 -9.15174e-012 -8.27441e-012 -1.41487e-008 -1.41487e-008
0.07 -2.79892e-005 3.23411e-012 -2.48566e-012 -5.10665e-009 -5.10665e-009
0.08 -2.80078e-005 3.51625e-013 -1.12283e-011 1.72149e-009 1.72149e-009
0.09 -2.80075e-005 -4.41589e-012 -6.50097e-014 3.83391e-009 3.83391e-009
0.1 -2.80137e-005 9.42446e-014 -8.65342e-013 3.81062e-009 3.81062e-009
0.11 -2.80151e-005 -1.44542e-012 -2.85848e-012 4.57697e-009 4.57697e-009
0.12 -2.80169e-005 5.95565e-013 1.17764e-012 6.75527e-009 6.75527e-009
0.13 -2.80181e-005 -2.45386e-013 -4.85382e-013 8.061e-009 8.061e-009
0.14 -2.80202e-005 9.14008e-014 2.02201e-013 5.72428e-009 5.72428e-009
0.15 -2.80232e-005 -7.35063e-014 -6.76782e-014 2.15754e-010 2.15754e-010
0.16 -2.80263e-005 1.02496e-013 -1.49483e-013 -4.80296e-009 -4.80296e-009
0.17 -2.80277e-005 2.23458e-014 -8.07898e-014 -6.66737e-009 -6.66737e-009
0.18 -2.80247e-005 -9.29097e-015 3.3578e-014 -6.20608e-009 -6.20608e-009
0.19 -2.80155e-005 -2.67747e-015 -1.69292e-014 -5.50794e-009 -5.50794e-009
0.2 -2.79991e-005 -2.98935e-014 -5.18099e-015 -4.87228e-009 -4.87228e-009
0.21 -2.79764e-005 -3.33002e-014 -1.45998e-014 -3.09697e-009 -3.09697e-009
0.22 -2.79495e-005 -2.58973e-014 -9.08876e-015 1.82549e-010 1.82549e-010
0.23 -2.79215e-005 1.33322e-014 2.90545e-015 3.67244e-009 3.67244e-009
0.24 -2.78958e-005 -2.92277e-016 -2.65802e-015 5.75478e-009 5.75478e-009
0.25 -2.78753e-005 -1.69101e-014 7.75294e-015 5.88319e-009 5.88319e-009
0.26 -2.78618e-005 2.29643e-014 -2.23922e-014 4.60149e-009 4.60149e-009
0.27 -2.78556e-005 -5.53829e-014 4.60558e-014 2.68223e-009 2.68223e-009
0.28 -2.78553e-005 1.4746e-013 -1.38519e-013 5.21791e-010 5.21791e-010
0.29 -2.78589e-005 -6.07696e-014 5.70521e-014 -1.75273e-009 -1.75273e-009
0.3 -2.78641e-005 2.50369e-014 -2.35053e-014 -3.84799e-009 -3.84799e-009
0.31 -2.78688e-005 -8.38204e-015 9.4835e-015 -5.17177e-009 -5.17177e-009
0.32 -2.78716e-005 -1.14031e-013 2.14114e-014 -5.20157e-009 -5.20157e-009
0.33 -2.7872e-005 -8.01947e-014 -4.31519e-013 -3.93022e-009 -3.93022e-009
0.34 -2.787e-005 -2.26266e-012 -2.14779e-013 -1.87725e-009 -1.87725e-009
0.35 -2.78658e-005 -1.16151e-012 -2.4125e-013 3.07303e-010 3.07303e-010
0.36 -2.78598e-005 3.42943e-013 3.14432e-013 2.17793e-009 2.17793e-009
0.37 -2.7852e-005 1.06942e-015 -6.5846e-013 3.48859e-009 3.48859e-009
0.38 -2.78423e-005 -6.80039e-013 6.83654e-013 4.03844e-009 4.03844e-009
0.39 -2.78305e-005 -7.10794e-014 -1.10334e-013 3.6685e-009 3.6685e-009
0.4 -2.78167e-005 1.12392e-014 4.42265e-014 2.41555e-009 2.41555e-009
0.41 -2.78016e-005 -5.92672e-014 -2.63396e-014 5.98922e-010 5.98922e-010
0.42 -2.77862e-005 -1.82893e-014 -8.63597e-015 -1.28893e-009 -1.28893e-009
0.43 -2.77721e-005 7.50197e-015 3.47096e-015 -2.79047e-009 -2.79047e-009
0.44 -2.77613e-005 -3.0908e-015 -1.43003e-015 -3.62052e-009 -3.62052e-009
0.45 -2.77554e-005 1.27332e-015 5.89129e-016 -3.67757e-009 -3.67757e-009
0.46 -2.77557e-005 -4.68173e-016 -1.82847e-016 -2.99955e-009 -2.99955e-009
0.47 -2.77622e-005 1.88608e-016 6.93936e-017 -1.7427e-009 -1.7427e-009
0.48 -2.77744e-005 -7.90645e-017 -3.04785e-017 -1.81719e-010 -1.81719e-010
0.49 -2.77908e-005 1.52411e-017 -7.02806e-018 1.3247e-009 1.3247e-009
0.5 -2.78095e-005 7.61714e-018 5.04862e-017 2.42707e-009 2.42707e-009
0.51 -2.78284e-005 1.5068e-017 3.80826e-017 2.89212e-009 2.89212e-009
0.52 -2.78458e-005 -5.43508e-018 -1.61037e-017 2.65945e-009 2.65945e-009
0.53 -2.78604e-005 2.08104e-018 6.7814e-018 1.82905e-009 1.82905e-009
0.54 -2.78716e-005 1.19399e-015 5.39052e-016 6.12198e-010 6.12198e-010
0.55 -2.78792e-005 -7.99847e-015 -3.2567e-015 -7.18578e-010 -7.18578e-010
0.56 -2.78836e-005 3.24636e-015 1.18323e-015 -1.87606e-009 -1.87606e-009
0.57 -2.78854e-005 -1.33685e-015 -4.87109e-016 -2.61269e-009 -2.61269e-009
0.58 -2.78857e-005 5.50619e-016 2.00483e-016 -2.77901e-009 -2.77901e-009
0.59 -2.78855e-005 -2.03856e-016 8.89049e-019 -2.36227e-009 -2.36227e-009
0.6 -2.78851e-005 8.36833e-017 -7.66857e-018 -1.48487e-009 -1.48487e-009
0.61 -2.78853e-005 -3.41757e-017 7.25185e-018 -3.64673e-010 -3.64673e-010
0.62 -2.78867e-005 -3.72241e-017 -1.30051e-016 7.42547e-010 7.42547e-010
0.63 -2.78901e-005 5.52549e-017 1.7627e-016 1.59922e-009 1.59922e-009
0.64 -2.78962e-005 -2.74038e-017 -7.76281e-017 2.03175e-009 2.03175e-009
0.65 -2.79055e-005 -4.52436e-016 5.61061e-016 1.96337e-009 1.96337e-009
0.66 -2.79184e-005 1.92779e-016 -2.09769e-016 1.4292e-009 1.4292e-009
0.67 -2.79347e-005 -7.87144e-017 8.885e-017 5.66939e-010 5.66939e-010
0.68 -2.79537e-005 3.25096e-017 -3.58226e-017 -4.17742e-010 -4.17742e-010
0.69 -2.79741e-005 -1.34629e-017 1.39708e-017 -1.30192e-009 -1.30192e-009
0.7 -2.79945e-005 1.56934e-017 3.02156e-017 -1.89673e-009 -1.89673e-009
0.71 -2.80132e-005 -3.52881e-017 -8.83164e-017 -2.08641e-009 -2.08641e-009
0.72 -2.80287e-005 -1.66628e-014 -8.17674e-015 -1.84859e-009 -1.84859e-009
0.73 -2.80401e-005 2.59291e-014 1.29878e-014 -1.25449e-009 -1.25449e-009
0.74 -2.80472e-005 -7.28151e-014 -3.46646e-014 -4.50136e-010 -4.50136e-010
0.75 -2.80504e-005 1.1248e-014 5.41958e-015 3.78121e-010 3.78121e-010
0.76 -2.80505e-005 -9.9666e-014 -5.26926e-014 1.04661e-009 1.04661e-009
0.77 -2.80483e-005 4.10622e-014 2.17092e-014 1.41551e-009 1.41551e-009
0.78 -2.80446e-005 -1.71061e-014 -8.80172e-015 1.41806e-009 1.41806e-009
0.79 -2.80403e-005 7.04773e-015 3.6265e-015 1.07143e-009 1.07143e-009
0.8 -2.80362e-005 -2.90371e-015 -1.49431e-015 4.6839e-010 4.6839e-010
0.81 -2.80331e-005 1.21477e-015 6.78177e-016 -2.46707e-010 -2.46707e-010
0.82 -2.80313e-005 -5.0842e-016 -3.02321e-016 -9.11734e-010 -9.11734e-010
0.83 -2.80308e-005 2.21627e-016 1.6797e-016 -1.38301e-009 -1.38301e-009
0.84 -2.80316e-005 -9.03037e-017 -6.74977e-017 -1.56614e-009 -1.56614e-009
0.85 -2.80333e-005 4.46636e-017 5.52795e-017 -1.43468e-009 -1.43468e-009
0.86 -2.80354e-005 -1.91456e-017 -2.40436e-017 -1.03271e-009 -1.03271e-009
0.87 -2.80376e-005 8.17166e-018 1.2628e-017 -4.61622e-010 -4.61622e-010
0.88 -2.80397e-005 -3.58889e-018 -7.92503e-018 1.45227e-010 1.45227e-010
0.89 -2.80411e-005 1.64393e-018 5.9765e-018 6.53258e-010 6.53258e-010
0.9 -2.80408e-005 -5.23613e-018 -1.02805e-017 9.56068e-010 9.56068e-010
0.91 -2.80379e-005 -2.42439e-014 -9.1449e-015 9.97243e-010 9.97243e-010
0.92 -2.80322e-005 -8.603e-014 -5.62003e-014 7.80335e-010 7.80335e-010
0.93 -2.80245e-005 -3.91164e-014 -7.49502e-015 3.65258e-010 3.65258e-010
0.94 -2.80157e-005 -1.51701e-014 -1.38709e-014 -1.47562e-010 -1.47562e-010
0.95 -2.80058e-005 -7.90451e-014 -3.76557e-014 -6.41183e-010 -6.41183e-010
0.96 -2.79949e-005 1.92763e-014 9.13016e-015 -1.00856e-009 -1.00856e-009
0.97 -2.79834e-005 -1.06649e-014 -5.77792e-015 -1.17549e-009 -1.17549e-009
0.98 -2.79727e-005 4.39696e-015 2.39032e-015 -1.1152e-009 -1.1152e-009
0.99 -2.7964e-005 -1.81076e-015 -9.84929e-016 -8.51893e-010 -8.51893e-010
1 -2.79576e-005 -3.83632e-015 -1.802e-015 -4.52938e-010 -4.52938e-010
1.01 -2.79531e-005 -3.27214e-014 -1.98035e-014 -1.20011e-011 -1.20011e-011
1.02 -2.79501e-005 6.80963e-014 3.87343e-014 3.7264e-010 3.7264e-010
1.03 -2.79484e-005 -1.06012e-013 -5.83822e-014 6.19692e-010 6.19692e-010
1.04 -2.79471e-005 8.06048e-014 5.59601e-014 6.81692e-010 6.81692e-010
1.05 -2.7946e-005 -5.67603e-014 -3.69941e-014 5.53805e-010 5.53805e-010
1.06 -2.79446e-005 -1.67987e-014 3.27464e-016 2.73012e-010 2.73012e-010
1.07 -2.79427e-005 -6.5856e-014 -4.29032e-014 -9.1917e-011 -9.1917e-011
1.08 -2.79394e-005 -1.46195e-013 -3.01469e-014 -4.57109e-010 -4.57109e-010
1.09 -2.79341e-005 4.82803e-014 -2.44973e-014 -7.42738e-010 -7.42738e-010
1.1 -2.79272e-005 -9.12229e-014 8.7673e-015 -8.90216e-010 -8.90216e-010
1.11 -2.79197e-005 -1.31293e-013 -6.06831e-014 -8.73876e-010 -8.73876e-010
1.12 -2.79121e-005 -6.96533e-014 -3.2762e-015 -7.05012e-010 -7.05012e-010
1.13 -2.79044e-005 2.87046e-014 1.34177e-015 -4.27703e-010 -4.27703e-010
1.14 -2.78963e-005 -1.4869e-014 -3.812e-015 -1.0761e-010 -1.0761e-010
1.15 -2.78879e-005 4.69518e-015 -1.1498e-016 1.8339e-010 1.8339e-010
1.16 -2.78788e-005 -7.84696e-015 -6.36908e-015 3.83075e-010 3.83075e-010
1.17 -2.78695e-005 3.23293e-015 2.62406e-015 4.51922e-010 4.51922e-010
1.18 -2.78609e-005 -1.08639e-013 -3.52621e-016 3.80752e-010 3.80752e-010
1.19 -2.78538e-005 2.38677e-013 1.41871e-016 1.91496e-010 1.91496e-010
1.2 -2.78482e-005 -3.64788e-013 -2.58373e-014 -6.89346e-011 -6.89346e-011
1.21 -2.78437e-005 1.94899e-013 4.06487e-014 -3.40085e-010 -3.40085e-010
1.22 -2.784e-005 -2.35683e-013 -5.67531e-014 -5.61935e-010 -5.61935e-010
1.23 -2.78368e-005 -1.91731e-014 -2.08334e-015 -6.88133e-010 -6.88133e-010
1.24 -2.78342e-005 -6.01059e-014 -1.67147e-014 -6.95543e-010 -6.95543e-010
1.25 -2.78319e-005 2.47635e-014 6.88641e-015 -5.88188e-010 -5.88188e-010
1.26 -2.78298e-005 -1.02025e-014 -2.83719e-015 -3.95035e-010 -3.95035e-010
1.27 -2.7828e-005 4.20325e-015 1.16862e-015 -1.62419e-010 -1.62419e-010
1.28 -2.78264e-005 -1.71245e-015 -5.00875e-016 5.69236e-011 5.69236e-011
1.29 -2.78254e-005 1.17581e-014 -3.46633e-015 2.15663e-010 2.15663e-010
1.3 -2.78253e-005 -1.04458e-013 1.37534e-014 2.81942e-010 2.81942e-010
1.31 -2.78259e-005 6.96697e-014 8.77593e-016 2.4562e-010 2.4562e-010
1.32 -2.78266e-005 -1.33078e-013 -2.76485e-014 1.19482e-010 1.19482e-010
1.33 -2.78268e-005 5.99574e-014 1.67198e-015 -6.45818e-011 -6.45818e-011
1.34 -2.78259e-005 -7.94757e-014 -2.96109e-014 -2.6345e-010 -2.6345e-010
1.35 -2.78232e-005 1.77871e-013 5.49488e-015 -4.32858e-010 -4.32858e-010
1.36 -2.78188e-005 -6.51202e-014 2.34111e-014 -5.37231e-010 -5.37231e-010
1.37 -2.78143e-005 1.49717e-013 3.93113e-014 -5.56923e-010 -5.56923e-010
1.38 -2.78108e-005 -4.12956e-013 -5.37259e-014 -4.9158e-010 -4.9158e-010
1.39 -2.78088e-005 -2.24639e-013 -5.17367e-014 -3.59336e-010 -3.59336e-010
1.4 -2.78076e-005 -5.58261e-013 -7.3249e-014 -1.92206e-010 -1.92206e-010
1.41 -2.78076e-005 7.37454e-014 -1.39207e-013 -2.85929e-011 -2.85929e-011
1.42 -2.78102e-005 -3.03829e-014 5.7353e-014 9.546e-011 9.546e-011
1.43 -2.78164e-005 1.25177e-014 -2.36293e-014 1.54254e-010 1.54254e-010
1.44 -2.78264e-005 -5.15749e-015 9.73478e-015 1.37884e-010 1.37884e-010
1.45 -2.78401e-005 2.0923e-015 -3.99618e-015 5.38317e-011 5.38317e-011
1.46 -2.78575e-005 -8.5935e-016 1.64427e-015 -7.57109e-011 -7.57109e-011
1.47 -2.78789e-005 3.51607e-016 -6.76249e-016 -2.19881e-010 -2.19881e-010
1.48 -2.79053e-005 -1.4482e-016 2.77741e-016 -3.46589e-010 -3.46589e-010
1.49 -2.79378e-005 5.6705e-017 -1.15113e-016 -4.29366e-010 -4.29366e-010
1.5 -2.79769e-005 -7.2012e-016 6.08547e-016 -4.52425e-010 -4.52425e-010
1.51 -2.80208e-005 2.94992e-016 -2.51407e-016 -4.13497e-010 -4.13497e-010
1.52 -2.80664e-005 7.37283e-013 -2.95661e-013 -3.23943e-010 -3.23943e-010
1.53 -2.8111e-005 1.59231e-012 -3.06325e-012 -2.0574e-010 -2.0574e-010
1.54 -2.81544e-005 -1.64197e-012 -1.63206e-012 -8.59391e-011 -8.59391e-011
1.55 -2.81967e-005 -1.21463e-012 -3.68025e-013 9.62785e-012 9.62785e-012
1.56 -2.82369e-005 -1.52841e-013 9.52135e-014 6.16743e-011 6.16743e-011
1.57 -2.82734e-005 -1.1768e-013 5.89496e-013 6.09984e-011 6.09984e-011
1.58 -2.8305e-005 1.04211e-013 -2.84554e-013 9.96167e-012 9.96167e-012
1.59 -2.83304e-005 -6.68982e-013 2.03284e-014 -7.83785e-011 -7.83785e-011
1.6 -2.83496e-005 -4.95527e-013 -2.44869e-013 -1.83434e-010 -1.83434e-010
1.61 -2.83637e-005 -3.52132e-014 -4.93425e-013 -2.81858e-010 -2.81858e-010
1.62 -2.83744e-005 1.72891e-013 3.92954e-013 -3.52771e-010 -3.52771e-010
1.63 -2.83812e-005 3.07723e-011 -2.21818e-011 -3.82138e-010 -3.82138e-010
1.64 -2.83815e-005 2.06993e-011 -1.3996e-011 -3.65321e-010 -3.65321e-010
1.65 -2.83727e-005 -1.13067e-011 8.36869e-012 -3.07602e-010 -3.07602e-010
1.66 -2.83556e-005 3.0029e-012 -2.59757e-012 -2.22848e-010 -2.22848e-010
1.67 -2.83332e-005 -1.09948e-012 9.78105e-013 -1.30562e-010 -1.30562e-010
1.68 -2.8308e-005 5.96732e-013 -5.21119e-013 -5.15514e-011 -5.15514e-011
1.69 -2.82804e-005 -1.0287e-013 9.74121e-014 -3.01049e-012 -3.01049e-012
1.7 -2.82497e-005 -9.48035e-013 -1.34985e-012 5.45926e-012 5.45926e-012
1.71 -2.82155e-005 4.3926e-013 4.03124e-013 -2.62842e-011 -2.62842e-011
1.72 -2.81776e-005 -4.37658e-014 -2.85587e-013 -8.94144e-011 -8.94144e-011
1.73 -2.8136e-005 9.47199e-014 -3.67639e-014 -1.6845e-010 -1.6845e-010
1.74 -2.80914e-005 -3.65162e-014 -1.91321e-013 -2.44811e-010 -2.44811e-010
1.75 -2.80452e-005 5.81035e-014 -1.05713e-013 -3.01132e-010 -3.01132e-010
1.76 -2.79981e-005 -1.31414e-013 -2.7354e-013 -3.25414e-010 -3.25414e-010
1.77 -2.79513e-005 -1.72266e-013 -2.75735e-013 -3.13786e-010 -3.13786e-010
1.78 -2.79066e-005 2.41229e-014 -1.2893e-013 -2.71007e-010 -2.71007e-010
1.79 -2.7866e-005 -7.20262e-014 -1.08752e-013 -2.08779e-010 -2.08779e-010
1.8 -2.78292e-005 1.72289e-013 -7.21342e-014 -1.42594e-010 -1.42594e-010
1.81 -2.77944e-005 7.16309e-014 -8.72214e-014 -8.78107e-011 -8.78107e-011
1.82 -2.77593e-005 1.13103e-013 -8.10029e-014 -5.59274e-011 -5.59274e-011
1.83 -2.7723e-005 -2.45547e-013 4.2451e-014 -5.22668e-011 -5.22668e-011
1.84 -2.7686e-005 -1.03099e-012 1.60522e-013 -7.55482e-011 -7.55482e-011
1.85 -2.76495e-005 -2.67017e-013 2.25259e-013 -1.18864e-010 -1.18864e-010
1.86 -2.76153e-005 -6.12398e-014 -9.88145e-013 -1.71463e-010 -1.71463e-010
1.87 -2.75842e-005 1.16491e-013 3.05745e-013 -2.21198e-010 -2.21198e-010
1.88 -2.75536e-005 1.20173e-012 -1.27245e-012 -2.57351e-010 -2.57351e-010
1.89 -2.75196e-005 1.29198e-012 -3.57632e-012 -2.72992e-010 -2.72992e-010
1.9 -2.74822e-005 2.30366e-012 -3.61935e-012 -2.66016e-010 -2.66016e-010
1.91 -2.74448e-005 -1.10608e-011 8.30561e-012 -2.38904e-010 -2.38904e-010
1.92 -2.74117e-005 -5.40039e-012 3.85907e-012 -1.98025e-010 -1.98025e-010
1.93 -2.73858e-005 2.22e-012 -1.69e-012 -1.52606e-010 -1.52606e-010
1.94 -2.73692e-005 -3.49785e-012 1.24545e-012 -1.12842e-010 -1.12842e-010
1.95 -2.73642e-005 1.80405e-012 -1.167e-012 -8.74356e-011 -8.74356e-011
1.96 -2.73719e-005 -6.52827e-013 -3.61098e-013 -8.16304e-011 -8.16304e-011
1.97 -2.73918e-005 3.09241e-013 -9.27922e-013 -9.62625e-011 -9.62625e-011
1.98 -2.74232e-005 -5.90704e-013 -1.2235e-012 -1.27672e-010 -1.27672e-010
1.99 -2.74658e-005 -7.69458e-013 -2.09231e-012 -1.68421e-010 -1.68421e-010
2 -2.75194e-005 -1.26884e-012 -1.18913e-012 -2.09017e-010 -2.09017e-010
2.01 -2.75833e-005 -8.24443e-013 -5.49739e-013 -2.40323e-010 -2.40323e-010
2.02 -2.76557e-005 -1.49895e-013 -3.60763e-013 -2.55783e-010 -2.55783e-010
2.03 -2.77343e-005 1.22391e-014 -5.55665e-013 -2.5274e-010 -2.5274e-010
2.04 -2.78166e-005 -9.69203e-013 -7.76621e-013 -2.32669e-010 -2.32669e-010
2.05 -2.78987e-005 6.02474e-013 5.18332e-013 -2.00529e-010 -2.00529e-010
2.06 -2.7976e-005 -1.00804e-013 -1.39532e-013 -1.63532e-010 -1.63532e-010
2.07 -2.8046e-005 -2.02394e-013 -1.35322e-013 -1.29527e-010 -1.29527e-010
2.08 -2.81099e-005 6.27771e-013 3.7659e-013 -1.05277e-010 -1.05277e-010
2.09 -2.81701e-005 -1.9672e-013 -5.25979e-013 -9.52034e-011 -9.52034e-011
2.1 -2.82276e-005 -3.09952e-012 -8.93165e-013 -1.0085e-010 -1.0085e-010
2.11 -2.82826e-005 -5.25667e-012 -2.23808e-012 -1.20702e-010 -1.20702e-010
2.12 -2.83359e-005 -1.53095e-012 9.68725e-013 -1.50314e-010 -1.50314e-010
2.13 -2.83895e-005 -2.33013e-012 -1.33532e-012 -1.83181e-010 -1.83181e-010
2.14 -2.8446e-005 -1.38871e-012 -8.68507e-013 -2.1234e-010 -2.1234e-010
2.15 -2.8506e-005 -2.29481e-012 5.7553e-012 -2.32077e-010 -2.32077e-010
2.16 -2.85688e-005 -1.77196e-012 2.46015e-012 -2.39032e-010 -2.39032e-010
2.17 -2.86321e-005 4.31636e-013 -1.99214e-012 -2.32535e-010 -2.32535e-010
2.18 -2.8694e-005 -2.77366e-013 5.83885e-013 -2.14423e-010 -2.14423e-010
2.19 -2.87534e-005 1.30059e-013 1.27689e-013 -1.88675e-010 -1.88675e-010
2.2 -2.88075e-005 -3.24756e-012 -1.45692e-012 -1.60992e-010 -1.60992e-010
2.21 -2.88524e-005 -5.6135e-012 -2.38947e-012 -1.37825e-010 -1.37825e-010
2.22 -2.88846e-005 5.49718e-012 7.81733e-012 -1.24583e-010 -1.24583e-010
2.23 -2.89024e-005 4.14893e-012 3.25212e-012 -1.23781e-010 -1.23781e-010
2.24 -2.89044e-005 -1.53981e-012 -1.48134e-012 -1.34334e-010 -1.34334e-010
2.25 -2.88895e-005 7.46213e-013 1.14893e-012 -1.52398e-010 -1.52398e-010
2.26 -2.88577e-005 1.67051e-013 -1.6384e-012 -1.72949e-010 -1.72949e-010
2.27 -2.88101e-005 -2.33415e-013 6.12035e-013 -1.91081e-010 -1.91081e-010
2.28 -2.87483e-005 -4.57427e-013 -1.44944e-014 -2.0289e-010 -2.0289e-010
2.29 -2.86743e-005 1.09043e-013 6.81602e-013 -2.06264e-010 -2.06264e-010
2.3 -2.85917e-005 -5.2734e-014 -2.98074e-013 -2.01284e-010 -2.01284e-010
2.31 -2.85043e-005 1.33037e-014 1.07496e-013 -1.89891e-010 -1.89891e-010
2.32 -2.84154e-005 -1.52614e-014 -5.892e-014 -1.75275e-010 -1.75275e-010
2.33 -2.83276e-005 -4.48227e-015 1.16358e-014 -1.61204e-010 -1.61204e-010
2.34 -2.82432e-005 -6.2606e-015 -2.04608e-014 -1.51059e-010 -1.51059e-010
2.35 -2.81633e-005 -4.21624e-015 -8.7082e-015 -1.46919e-010 -1.46919e-010
2.36 -2.80885e-005 -6.60428e-015 -1.209e-014 -1.49279e-010 -1.49279e-010
2.37 -2.80186e-005 -6.89721e-015 -8.88558e-015 -1.57287e-010 -1.57287e-010
2.38 -2.79536e-005 -7.40491e-015 -9.17474e-015 -1.69058e-010 -1.69058e-010
2.39 -2.78919e-005 -3.48236e-015 -1.22503e-014 -1.82042e-010 -1.82042e-010
2.4 -2.78313e-005 -7.88989e-015 -8.54215e-015 -1.93533e-010 -1.93533e-010
2.41 -2.77712e-005 -6.71795e-015 -9.36841e-015 -2.01144e-010 -2.01144e-010
2.42 -2.77117e-005 -1.3336e-013 -4.06952e-014 -2.0313e-010 -2.0313e-010
2.43 -2.76526e-005 -5.70828e-012 -3.45059e-012 -1.98686e-010 -1.98686e-010
2.44 -2.75942e-005 -4.20117e-012 -2.93807e-012 -1.88197e-010 -1.88197e-010
2.45 -2.75375e-005 2.58972e-013 7.93645e-014 -1.73465e-010 -1.73465e-010
2.46 -2.74834e-005 -2.70691e-013 -2.74269e-013 -1.57825e-010 -1.57825e-010
2.47 -2.74325e-005 5.93669e-014 -1.26145e-013 -1.45588e-010 -1.45588e-010
2.48 -2.73866e-005 -7.27744e-014 3.55348e-014 -1.40504e-010 -1.40504e-010
2.49 -2.73483e-005 -3.6359e-014 -9.43888e-014 -1.44142e-010 -1.44142e-010
2.5 -2.7321e-005 1.03117e-014 2.35173e-014 -1.5537e-010 -1.5537e-010
2.51 -2.73074e-005 -2.55189e-013 3.76927e-015 -1.7109e-010 -1.7109e-010
2.52 -2.73091e-005 -2.63442e-013 -1.67707e-013 -1.87491e-010 -1.87491e-010
2.53 -2.73259e-005 -3.14405e-015 -4.85306e-014 -2.01092e-010 -2.01092e-010
2.54 -2.73566e-005 -7.11682e-015 1.64131e-014 -2.09432e-010 -2.09432e-010
2.55 -2.73989e-005 -7.87013e-015 -1.93386e-014 -2.11477e-010 -2.11477e-010
2.56 -2.74495e-005 -7.56641e-015 -4.62818e-015 -2.07602e-010 -2.07602e-010
2.57 -2.75052e-005 -7.68394e-015 -1.06663e-014 -1.9916e-010 -1.9916e-010
2.58 -2.75628e-005 -1.84574e-012 -1.59628e-012 -1.88e-010 -1.88e-010
2.59 -2.76197e-005 -6.66096e-013 1.73352e-013 -1.7616e-010 -1.7616e-010
2.6 -2.76742e-005 -1.3362e-013 -1.32342e-013 -1.65655e-010 -1.65655e-010
2.61 -2.77246e-005 -5.01711e-013 1.70548e-013 -1.58189e-010 -1.58189e-010
2.62 -2.77688e-005 -1.09e-012 -5.86736e-013 -1.54817e-010 -1.54817e-010
2.63 -2.7805e-005 -3.2922e-013 -5.70424e-013 -1.55766e-010 -1.55766e-010
2.64 -2.7834e-005 -3.79253e-014 -7.41331e-014 -1.60459e-010 -1.60459e-010
2.65 -2.78601e-005 5.21415e-016 2.18346e-014 -1.67607e-010 -1.67607e-010
2.66 -2.78894e-005 -1.10194e-014 -2.16006e-014 -1.75439e-010 -1.75439e-010
2.67 -2.79253e-005 -2.5922e-014 8.23209e-015 -1.82162e-010 -1.82162e-010
2.68 -2.79689e-005 -3.09565e-014 2.69524e-015 -1.86423e-010 -1.86423e-010
2.69 -2.80202e-005 -9.82461e-015 -5.16565e-015 -1.87576e-010 -1.87576e-010
2.7 -2.80815e-005 -6.75684e-015 -1.04766e-014 -1.85765e-010 -1.85765e-010
2.71 -2.81558e-005 -5.64792e-014 5.48082e-014 -1.8183e-010 -1.8183e-010
2.72 -2.82443e-005 -1.47073e-014 -3.61409e-016 -1.77075e-010 -1.77075e-010
2.73 -2.83441e-005 -2.3365e-015 3.64984e-014 -1.72878e-010 -1.72878e-010
2.74 -2.84486e-005 -1.4023e-014 -3.44363e-014 -1.70111e-010 -1.70111e-010
2.75 -2.85508e-005 -7.24077e-015 1.32414e-015 -1.68775e-010 -1.68775e-010
2.76 -2.86451e-005 2.13448e-014 6.10383e-016 -1.6836e-010 -1.6836e-010
2.77 -2.87268e-005 -1.95986e-014 -1.28563e-014 -1.6858e-010 -1.6858e-010
2.78 -2.87914e-005 -8.94949e-014 3.87012e-013 -1.69532e-010 -1.69532e-010
2.79 -2.88338e-005 -4.42022e-013 1.69063e-012 -1.71241e-010 -1.71241e-010
2.8 -2.88498e-005 -2.08036e-012 -3.35609e-012 -1.7346e-010 -1.7346e-010
2.81 -2.88388e-005 -2.08155e-012 -1.18829e-012 -1.7582e-010 -1.7582e-010
2.82 -2.88046e-005 -5.91569e-013 -9.5772e-013 -1.77739e-010 -1.77739e-010
2.83 -2.87529e-005 -9.04603e-013 -1.83009e-013 -1.7838e-010 -1.7838e-010
2.84 -2.86894e-005 -1.20192e-012 4.97507e-013 -1.77089e-010 -1.77089e-010
2.85 -2.86188e-005 -1.65472e-012 -1.07278e-013 -1.73837e-010 -1.73837e-010
2.86 -2.85461e-005 -2.21334e-013 1.25527e-013 -1.69293e-010 -1.69293e-010
2.87 -2.84765e-005 -9.2503e-013 4.51918e-013 -1.64626e-010 -1.64626e-010
2.88 -2.84141e-005 -1.63124e-013 1.89183e-013 -1.61246e-010 -1.61246e-010
2.89 -2.83622e-005 -1.65966e-012 9.44721e-013 -1.60525e-010 -1.60525e-010
2.9 -2.8323e-005 -3.14009e-012 -2.69758e-013 -1.63196e-010 -1.63196e-010
2.91 -2.82971e-005 -2.35266e-012 -2.83962e-012 -1.68788e-010 -1.68788e-010
2.92 -2.82817e-005 -3.65034e-013 -7.50874e-013 -1.75681e-010 -1.75681e-010
2.93 -2.82717e-005 -3.2702e-014 2.71661e-013 -1.81747e-010 -1.81747e-010
2.94 -2.82615e-005 1.62134e-015 -1.03248e-013 -1.85189e-010 -1.85189e-010
2.95 -2.82458e-005 -3.36438e-013 1.93132e-013 -1.8525e-010 -1.8525e-010
2.96 -2.82194e-005 5.55852e-014 2.02713e-013 -1.82332e-010 -1.82332e-010
2.97 -2.81792e-005 2.6808e-014 -7.959e-013 -1.77452e-010 -1.77452e-010
2.98 -2.81251e-005 -8.06657e-013 2.33288e-012 -1.71908e-010 -1.71908e-010
2.99 -2.80594e-005 3.16897e-013 -8.81101e-013 -1.67144e-010 -1.67144e-010
3 -2.79842e-005 -7.53302e-013 1.38474e-012 -1.64388e-010 -1.64388e-010
3.01 -2.79021e-005 2.9988e-013 -5.83513e-013 -1.64298e-010 -1.64298e-010
3.02 -2.78169e-005 -1.32328e-013 2.25942e-013 -1.66768e-010 -1.66768e-010
3.03 -2.77345e-005 4.22276e-014 -1.069e-013 -1.70887e-010 -1.70887e-010
3.04 -2.76619e-005 -2.91779e-014 2.99344e-014 -1.75266e-010 -1.75266e-010
3.05 -2.76056e-005 8.17727e-016 -2.48215e-014 -1.78624e-010 -1.78624e-010
3.06 -2.75699e-005 -1.06833e-014 -2.26028e-015 -1.8027e-010 -1.8027e-010
3.07 -2.75565e-005 -6.05909e-015 -1.1501e-014 -1.80353e-010 -1.80353e-010
3.08 -2.75643e-005 -7.93432e-015 -7.74846e-015 -1.7983e-010 -1.7983e-010
3.09 -2.75914e-005 7.52162e-014 6.69338e-013 -1.79872e-010 -1.79872e-010
3.1 -2.76353e-005 -9.25003e-013 -2.02034e-012 -1.80911e-010 -1.80911e-010
3.11 -2.76918e-005 -6.52412e-012 -8.29368e-012 -1.82419e-010 -1.82419e-010
3.12 -2.77533e-005 -4.00978e-012 -9.53308e-013 -1.83694e-010 -1.83694e-010
3.13 -2.78102e-005 -2.17159e-012 3.31179e-013 -1.84527e-010 -1.84527e-010
3.14 -2.78553e-005 -1.03987e-012 9.62817e-013 -1.85092e-010 -1.85092e-010
3.15 -2.78853e-005 3.96186e-013 6.26653e-013 -1.85456e-010 -1.85456e-010
3.16 -2.78998e-005 2.76964e-013 2.77713e-013 -1.85463e-010 -1.85463e-010
3.17 -2.78999e-005 -1.63078e-014 6.5669e-014 -1.85172e-010 -1.85172e-010
3.18 -2.78875e-005 -2.21072e-012 7.96796e-013 -1.85166e-010 -1.85166e-010
3.19 -2.78645e-005 -1.61369e-012 -1.03708e-012 -1.86295e-010 -1.86295e-010
3.2 -2.78332e-005 1.18094e-013 -8.14411e-014 -1.89076e-010 -1.89076e-010
3.21 -2.7799e-005 -7.31091e-014 2.30437e-014 -1.93004e-010 -1.93004e-010
3.22 -2.7771e-005 -5.86883e-013 1.7183e-012 -1.96339e-010 -1.96339e-010
3.23 -2.7759e-005 1.88702e-014 1.19142e-013 -1.96866e-010 -1.96866e-010
3.24 -2.77699e-005 -2.06461e-013 -3.85398e-013 -1.93253e-010 -1.93253e-010
3.25 -2.78071e-005 7.46095e-015 3.43367e-013 -1.85978e-010 -1.85978e-010
3.26 -2.78699e-005 -1.045e-012 8.69967e-013 -1.77152e-010 -1.77152e-010
3.27 -2.79537e-005 -4.47925e-013 9.2078e-013 -1.69516e-010 -1.69516e-010
3.28 -2.80503e-005 -1.85813e-012 1.94229e-012 -1.65468e-010 -1.65468e-010
3.29 -2.81528e-005 -1.16479e-012 8.76915e-013 -1.66365e-010 -1.66365e-010
3.3 -2.82556e-005 5.21462e-013 -6.33312e-013 -1.72035e-010 -1.72035e-010
3.31 -2.83541e-005 -2.40521e-013 2.3021e-013 -1.8079e-010 -1.8079e-010
3.32 -2.84424e-005 6.9863e-014 -1.0754e-013 -1.89956e-010 -1.89956e-010
3.33 -2.85139e-005 -5.3066e-014 2.92974e-014 -1.9666e-010 -1.9666e-010
3.34 -2.85647e-005 -1.1972e-014 -5.84956e-014 -1.98647e-010 -1.98647e-010
3.35 -2.85942e-005 -7.42694e-015 4.76723e-015 -1.94977e-010 -1.94977e-010
3.36 -2.86022e-005 -1.1935e-013 -5.79991e-014 -1.86564e-010 -1.86564e-010
3.37 -2.8589e-005 -1.40042e-014 -3.30891e-014 -1.76118e-010 -1.76118e-010
3.38 -2.85565e-005 -3.62455e-014 1.94387e-014 -1.67137e-010 -1.67137e-010
3.39 -2.85098e-005 -4.42622e-014 -1.22132e-013 -1.6245e-010 -1.6245e-010
3.4 -2.84576e-005 7.14413e-014 1.08799e-013 -1.63062e-010 -1.63062e-010
3.41 -2.84104e-005 -4.32535e-014 -6.0458e-014 -1.67817e-010 -1.67817e-010
3.42 -2.83779e-005 3.72298e-014 1.14211e-013 -1.74039e-010 -1.74039e-010
3.43 -2.83644e-005 1.99088e-014 5.21587e-014 -1.78919e-010 -1.78919e-010
3.44 -2.83691e-005 9.54098e-015 -1.55627e-013 -1.80853e-010 -1.80853e-010
3.45 -2.83886e-005 5.82533e-014 1.29409e-013 -1.79715e-010 -1.79715e-010
3.46 -2.84191e-005 5.74372e-014 -5.6199e-014 -1.76231e-010 -1.76231e-010
3.47 -2.84567e-005 -3.48416e-014 7.48118e-015 -1.71431e-010 -1.71431e-010
3.48 -2.84979e-005 4.38918e-014 -3.67529e-014 -1.66484e-010 -1.66484e-010
3.49 -2.85385e-005 3.96756e-014 -6.05868e-014 -1.62743e-010 -1.62743e-010
3.5 -2.85753e-005 4.37395e-013 2.09625e-012 -1.61385e-010 -1.61385e-010
3.51 -2.86059e-005 6.50114e-012 1.3195e-011 -1.62666e-010 -1.62666e-010
3.52 -2.86274e-005 1.23629e-012 -1.63544e-012 -1.6596e-010 -1.6596e-010
3.53 -2.86342e-005 -1.60134e-011 -1.93872e-011 -1.70382e-010 -1.70382e-010
3.54 -2.86219e-005 -7.68518e-012 -7.90833e-012 -1.74827e-010 -1.74827e-010
3.55 -2.85898e-005 2.89435e-012 3.18279e-012 -1.77948e-010 -1.77948e-010
3.56 -2.85419e-005 -1.47056e-012 -1.26844e-012 -1.78797e-010 -1.78797e-010
3.57 -2.84848e-005 1.02743e-012 3.3594e-013 -1.77206e-010 -1.77206e-010
3.58 -2.84247e-005 -4.84595e-013 -3.6784e-013 -1.73858e-010 -1.73858e-010
3.59 -2.83665e-005 -8.42068e-013 1.17093e-013 -1.70287e-010 -1.70287e-010
3.6 -2.83132e-005 1.10476e-012 5.50573e-013 -1.68203e-010 -1.68203e-010
3.61 -2.82656e-005 -4.56111e-011 -4.14382e-011 -1.68413e-010 -1.68413e-010
3.62 -2.82259e-005 -2.55037e-011 -2.2001e-011 -1.70403e-010 -1.70403e-010
3.63 -2.81957e-005 1.04947e-011 9.0513e-012 -1.72613e-010 -1.72613e-010
3.64 -2.81763e-005 -4.33347e-012 -3.74484e-012 -1.73222e-010 -1.73222e-010
3.65 -2.81676e-005 1.77675e-012 1.52749e-012 -1.7149e-010 -1.7149e-010
3.66 -2.81664e-005 -7.42822e-013 -6.47143e-013 -1.68406e-010 -1.68406e-010
3.67 -2.8169e-005 2.93319e-013 2.48109e-013 -1.65788e-010 -1.65788e-010
3.68 -2.81728e-005 -1.32682e-013 -1.16024e-013 -1.64982e-010 -1.64982e-010
3.69 -2.81744e-005 4.07925e-014 3.08524e-014 -1.66303e-010 -1.66303e-010
3.7 -2.81698e-005 -3.2534e-014 -2.95518e-014 -1.69141e-010 -1.69141e-010
3.71 -2.81553e-005 2.51536e-016 -1.75426e-015 -1.72444e-010 -1.72444e-010
3.72 -2.81279e-005 -8.56428e-015 -9.9356e-015 -1.75425e-010 -1.75425e-010
3.73 -2.80858e-005 -6.3129e-015 -8.64801e-015 -1.77908e-010 -1.77908e-010
3.74 -2.80294e-005 -9.00794e-015 -9.53522e-015 -1.80167e-010 -1.80167e-010
3.75 -2.7961e-005 -8.22267e-015 -9.54218e-015 -1.8254e-010 -1.8254e-010
3.76 -2.78827e-005 -7.41391e-015 -8.66042e-015 -1.84999e-010 -1.84999e-010
3.77 -2.77963e-005 1.27672e-014 1.25073e-014 -1.87059e-010 -1.87059e-010
3.78 -2.77039e-005 -5.00784e-014 -4.30554e-014 -1.88054e-010 -1.88054e-010
3.79 -2.76086e-005 5.35761e-014 4.21574e-014 -1.8744e-010 -1.8744e-010
3.8 -2.75135e-005 -6.33441e-014 -6.80261e-014 -1.84981e-010 -1.84981e-010
3.81 -2.74225e-005 1.80391e-014 1.36761e-014 -1.8092e-010 -1.8092e-010
3.82 -2.73402e-005 -1.4848e-014 -9.17813e-015 -1.76103e-010 -1.76103e-010
3.83 -2.72719e-005 -2.07377e-015 -4.60968e-015 -1.7179e-010 -1.7179e-010
3.84 -2.72204e-005 -8.13181e-015 -8.22466e-015 -1.69057e-010 -1.69057e-010
3.85 -2.71843e-005 3.72917e-013 -3.33946e-013 -1.68162e-010 -1.68162e-010
3.86 -2.71615e-005 -4.56838e-013 3.89238e-013 -1.68505e-010 -1.68505e-010
3.87 -2.71511e-005 1.8116e-013 -2.12247e-013 -1.69409e-010 -1.69409e-010
3.88 -2.71536e-005 -8.5902e-014 2.14665e-013 -1.7088e-010 -1.7088e-010
3.89 -2.71684e-005 -3.58405e-013 3.84661e-013 -1.73373e-010 -1.73373e-010
3.9 -2.71936e-005 -4.68547e-013 4.33787e-013 -1.76979e-010 -1.76979e-010
3.91 -2.7228e-005 2.24742e-013 -3.64071e-013 -1.81131e-010 -1.81131e-010
3.92 -2.72724e-005 3.03648e-013 -3.72651e-013 -1.85069e-010 -1.85069e-010
3.93 -2.73279e-005 -2.87797e-014 -7.50627e-014 -1.88472e-010 -1.88472e-010
3.94 -2.73934e-005 -4.96423e-014 7.92973e-014 -1.91533e-010 -1.91533e-010
3.95 -2.74667e-005 8.75626e-015 -4.55641e-014 -1.94405e-010 -1.94405e-010
3.96 -2.75471e-005 -1.44121e-014 6.16752e-015 -1.96565e-010 -1.96565e-010
3.97 -2.76345e-005 -7.82691e-015 -6.66019e-015 -1.96803e-010 -1.96803e-010
3.98 -2.7728e-005 -1.11584e-014 -2.26584e-014 -1.93978e-010 -1.93978e-010
3.99 -2.78261e-005 -5.28386e-015 4.237e-014 -1.87891e-010 -1.87891e-010
4 -2.79285e-005 -8.64614e-015 -3.05565e-014 -1.7952e-010 -1.7952e-010
4.01 -2.8037e-005 -5.15606e-014 7.11624e-015 -1.70564e-010 -1.70564e-010
4.02 -2.81528e-005 -7.94099e-014 7.46874e-014 -1.6289e-010 -1.6289e-010
4.03 -2.82731e-005 -9.86813e-014 7.25099e-014 -1.58183e-010 -1.58183e-010
4.04 -2.83942e-005 3.44518e-013 -2.07008e-012 -1.57626e-010 -1.57626e-010
4.05 -2.85134e-005 -8.44715e-013 -8.43655e-013 -1.61482e-010 -1.61482e-010
4.06 -2.86282e-005 2.1442e-012 -2.66791e-012 -1.69016e-010 -1.69016e-010
4.07 -2.8736e-005 2.47864e-012 -4.00422e-012 -1.78797e-010 -1.78797e-010
4.08 -2.88364e-005 -6.8692e-013 1.06052e-012 -1.88898e-010 -1.88898e-010
4.09 -2.89325e-005 1.56496e-012 -1.66917e-012 -1.97159e-010 -1.97159e-010
4.1 -2.90271e-005 -2.12566e-012 2.09634e-012 -2.01754e-010 -2.01754e-010
4.11 -2.91204e-005 1.22591e-012 -5.41815e-013 -2.01857e-010 -2.01857e-010
4.12 -2.92107e-005 -7.92632e-013 5.83378e-013 -1.97831e-010 -1.97831e-010
4.13 -2.92945e-005 2.20905e-012 1.82834e-012 -1.90857e-010 -1.90857e-010
4.14 -2.93677e-005 -3.70671e-012 2.0074e-012 -1.82514e-010 -1.82514e-010
4.15 -2.94289e-005 8.70907e-013 -3.72823e-013 -1.74375e-010 -1.74375e-010
4.16 -2.94785e-005 -3.82607e-013 1.16815e-013 -1.67593e-010 -1.67593e-010
4.17 -2.95167e-005 9.15462e-014 -1.70629e-013 -1.62801e-010 -1.62801e-010
4.18 -2.95432e-005 -2.79363e-013 6.38647e-013 -1.60355e-010 -1.60355e-010
4.19 -2.95566e-005 -7.55192e-013 1.50666e-013 -1.60473e-010 -1.60473e-010
4.2 -2.95562e-005 -3.99692e-014 -2.15326e-013 -1.63032e-010 -1.63032e-010
4.21 -2.95411e-005 4.625e-013 -4.4534e-013 -1.67248e-010 -1.67248e-010
4.22 -2.95093e-005 1.07999e-013 3.98554e-013 -1.71593e-010 -1.71593e-010
4.23 -2.94588e-005 1.58327e-014 -5.50292e-014 -1.74365e-010 -1.74365e-010
4.24 -2.93902e-005 6.29665e-014 2.97599e-014 -1.745e-010 -1.745e-010
4.25 -2.93045e-005 -3.01528e-014 -1.32936e-014 -1.7207e-010 -1.7207e-010
4.26 -2.92023e-005 -2.71333e-014 -2.35978e-015 -1.68392e-010 -1.68392e-010
4.27 -2.90851e-005 1.07466e-014 -5.21994e-014 -1.65337e-010 -1.65337e-010
4.28 -2.89554e-005 2.65029e-015 1.07779e-015 -1.64248e-010 -1.64248e-010
4.29 -2.88157e-005 -6.89574e-015 -3.13407e-017 -1.65472e-010 -1.65472e-010
4.3 -2.86693e-005 -2.38739e-015 1.22229e-015 -1.68585e-010 -1.68585e-010
4.31 -2.85205e-005 1.65319e-014 -2.64544e-014 -1.72552e-010 -1.72552e-010
4.32 -2.83717e-005 -1.63573e-014 -2.0849e-014 -1.75946e-010 -1.75946e-010
4.33 -2.82234e-005 5.81971e-015 3.79212e-015 -1.7767e-010 -1.7767e-010
4.34 -2.80757e-005 -3.00882e-014 -1.26584e-013 -1.77526e-010 -1.77526e-010
4.35 -2.79302e-005 1.70448e-014 4.22034e-014 -1.76047e-010 -1.76047e-010
4.36 -2.77882e-005 -3.67655e-015 -2.29474e-014 -1.7386e-010 -1.7386e-010
4.37 -2.76505e-005 3.15968e-015 6.80613e-015 -1.71136e-010 -1.71136e-010
4.38 -2.75178e-005 3.03384e-014 -9.01337e-014 -1.67687e-010 -1.67687e-010
4.39 -2.7392e-005 1.18437e-012 -3.51439e-012 -1.63586e-010 -1.63586e-010
4.4 -2.72768e-005 -2.7038e-013 3.78663e-013 -1.59581e-010 -1.59581e-010
4.41 -2.7174e-005 2.70471e-013 -5.63517e-013 -1.56945e-010 -1.56945e-010
4.42 -2.70825e-005 1.02714e-013 -6.21675e-013 -1.5685e-010 -1.5685e-010
4.43 -2.69994e-005 3.99119e-013 -2.26213e-013 -1.59675e-010 -1.59675e-010
4.44 -2.69215e-005 -2.26851e-014 -7.30637e-014 -1.64677e-010 -1.64677e-010
4.45 -2.68476e-005 2.14955e-013 -1.17113e-013 -1.70215e-010 -1.70215e-010
4.46 -2.67798e-005 2.79189e-013 -2.24436e-013 -1.74314e-010 -1.74314e-010
4.47 -2.67222e-005 4.95155e-013 -2.25612e-013 -1.75333e-010 -1.75333e-010
4.48 -2.66775e-005 -2.65478e-014 -1.79397e-014 -1.72768e-010 -1.72768e-010
4.49 -2.66464e-005 2.07583e-013 -1.1053e-013 -1.67863e-010 -1.67863e-010
4.5 -2.66297e-005 -4.87948e-013 2.1636e-013 -1.63319e-010 -1.63319e-010
4.51 -2.66272e-005 1.88689e-013 -4.59746e-013 -1.62018e-010 -1.62018e-010
4.52 -2.66367e-005 -8.32968e-014 1.90566e-013 -1.65445e-010 -1.65445e-010
4.53 -2.66566e-005 2.82819e-014 -7.77134e-014 -1.72737e-010 -1.72737e-010
4.54 -2.66885e-005 -1.42654e-014 4.69202e-014 -1.81024e-010 -1.81024e-010
4.55 -2.6735e-005 -6.0853e-015 -1.28548e-014 -1.86899e-010 -1.86899e-010
4.56 -2.67977e-005 1.7309e-014 2.9177e-015 -1.87978e-010 -1.87978e-010
4.57 -2.68767e-005 1.94218e-013 -4.16423e-014 -1.83686e-010 -1.83686e-010
4.58 -2.69706e-005 -1.06738e-013 3.83288e-014 -1.75386e-010 -1.75386e-010
4.59 -2.70755e-005 3.76468e-014 -1.52837e-014 -1.66147e-010 -1.66147e-010
4.6 -2.71853e-005 -2.1094e-014 7.51731e-015 -1.59721e-010 -1.59721e-010
4.61 -2.72951e-005 3.58634e-016 -4.94003e-015 -1.58775e-010 -1.58775e-010
4.62 -2.74044e-005 -8.16314e-015 4.88768e-016 -1.63504e-010 -1.63504e-010
4.63 -2.75141e-005 -1.39356e-015 1.70956e-015 -1.71671e-010 -1.71671e-010
4.64 -2.76219e-005 -5.88955e-015 -1.69838e-015 -1.80039e-010 -1.80039e-010
4.65 -2.77215e-005 -3.97175e-015 -1.15795e-016 -1.85939e-010 -1.85939e-010
4.66 -2.78073e-005 -5.18926e-015 8.55472e-016 -1.87886e-010 -1.87886e-010
4.67 -2.78771e-005 -5.84574e-015 -1.27686e-015 -1.85603e-010 -1.85603e-010
4.68 -2.79322e-005 -4.63725e-015 1.35658e-015 -1.80206e-010 -1.80206e-010
4.69 -2.79746e-005 -6.51581e-015 3.10541e-015 -1.74257e-010 -1.74257e-010
4.7 -2.80055e-005 -5.02168e-015 -1.78685e-015 -1.70919e-010 -1.70919e-010
4.71 -2.80245e-005 -2.47504e-014 3.72959e-015 -1.72397e-010 -1.72397e-010
4.72 -2.80322e-005 -4.55416e-014 3.18685e-014 -1.78512e-010 -1.78512e-010
4.73 -2.80315e-005 -2.84644e-015 -1.6669e-014 -1.86475e-010 -1.86475e-010
4.74 -2.8025e-005 -1.10377e-013 1.20793e-013 -1.92264e-010 -1.92264e-010
4.75 -2.80142e-005 1.70972e-015 -3.7924e-014 -1.92807e-010 -1.92807e-010
4.76 -2.79993e-005 -1.22852e-014 1.23031e-014 -1.87582e-010 -1.87582e-010
4.77 -2.79789e-005 -8.2449e-015 -1.46896e-014 -1.78593e-010 -1.78593e-010
4.78 -2.79515e-005 -5.05121e-015 -3.70521e-016 -1.6889e-010 -1.6889e-010
4.79 -2.79179e-005 -9.06713e-015 -5.3467e-015 -1.61052e-010 -1.61052e-010
4.8 -2.78807e-005 -1.92868e-014 -2.95345e-014 -1.56545e-010 -1.56545e-010
4.81 -2.78416e-005 4.52334e-015 1.21277e-014 -1.5582e-010 -1.5582e-010
4.82 -2.78008e-005 -1.5382e-014 -3.07946e-014 -1.58551e-010 -1.58551e-010
4.83 -2.77578e-005 1.2381e-015 1.39499e-014 -1.63733e-010 -1.63733e-010
4.84 -2.77116e-005 -3.05539e-014 -4.86001e-014 -1.69992e-010 -1.69992e-010
4.85 -2.76614e-005 -1.47326e-014 -7.03816e-015 -1.75964e-010 -1.75964e-010
4.86 -2.761e-005 -3.38608e-014 -1.03786e-013 -1.80236e-010 -1.80236e-010
4.87 -2.75643e-005 8.53195e-015 4.40706e-014 -1.81089e-010 -1.81089e-010
4.88 -2.75287e-005 -1.03741e-014 -2.0398e-014 -1.77397e-010 -1.77397e-010
4.89 -2.7503e-005 1.13608e-013 7.70265e-014 -1.70418e-010 -1.70418e-010
4.9 -2.7486e-005 -2.41817e-014 -8.72938e-014 -1.63869e-010 -1.63869e-010
4.91 -2.74775e-005 -2.37226e-014 4.09052e-014 -1.61375e-010 -1.61375e-010
4.92 -2.74771e-005 4.35504e-015 -1.55419e-014 -1.63789e-010 -1.63789e-010
4.93 -2.74812e-005 1.90916e-013 -2.20426e-012 -1.6904e-010 -1.6904e-010
4.94 -2.74861e-005 -3.4178e-013 1.26803e-012 -1.73997e-010 -1.73997e-010
4.95 -2.74913e-005 -2.10357e-013 -1.1632e-012 -1.76207e-010 -1.76207e-010
4.96 -2.74981e-005 -3.45866e-013 -1.43672e-013 -1.74872e-010 -1.74872e-010
4.97 -2.7506e-005 3.15632e-013 4.43301e-013 -1.7101e-010 -1.7101e-010
4.98 -2.75135e-005 -6.25197e-014 -1.51734e-012 -1.66565e-010 -1.66565e-010
4.99 -2.75206e-005 -2.50622e-012 -6.23047e-012 -1.63041e-010 -1.63041e-010
5 -2.7527e-005 -1.09197e-012 -2.82422e-012 -1.60789e-010 -1.60789e-010
5.01 -2.753e-005 6.26351e-013 1.74287e-012 -1.59524e-010 -1.59524e-010
5.02 -2.75283e-005 -5.02866e-013 -1.45837e-012 -1.59249e-010 -1.59249e-010
5.03 -2.75256e-005 -1.87624e-012 -3.40956e-012 -1.60236e-010 -1.60236e-010
5.04 -2.75273e-005 1.08664e-013 1.08643e-013 -1.62288e-010 -1.62288e-010
5.05 -2.75364e-005 4.3288e-013 1.03208e-012 -1.64507e-010 -1.64507e-010
5.06 -2.75553e-005 -1.75903e-012 -2.6547e-012 -1.65858e-010 -1.65858e-010
5.07 -2.75848e-005 -2.36121e-013 -1.38502e-013 -1.65822e-010 -1.65822e-010
5.08 -2.76212e-005 -3.20589e-012 -2.32047e-012 -1.64877e-010 -1.64877e-010
5.09 -2.76583e-005 -1.61122e-012 -5.31308e-013 -1.64482e-010 -1.64482e-010
5.1 -2.76907e-005 -2.61975e-012 -1.92985e-012 -1.66177e-010 -1.66177e-010
5.11 -2.77148e-005 8.9554e-013 1.3022e-012 -1.70371e-010 -1.70371e-010
5.12 -2.77258e-005 -1.12002e-012 -5.30754e-013 -1.75933e-010 -1.75933e-010
5.13 -2.77195e-005 -3.27071e-012 -3.07965e-012 -1.80926e-010 -1.80926e-010
5.14 -2.76961e-005 -1.9604e-012 -1.33653e-012 -1.83558e-010 -1.83558e-010
5.15 -2.76594e-005 1.37709e-012 -8.13858e-013 -1.82721e-010 -1.82721e-010
5.16 -2.76104e-005 -7.1583e-013 9.98995e-013 -1.78518e-010 -1.78518e-010
5.17 -2.75475e-005 -1.08764e-012 1.61968e-012 -1.72458e-010 -1.72458e-010
5.18 -2.74702e-005 -4.68774e-013 8.56555e-014 -1.66655e-010 -1.66655e-010
5.19 -2.73791e-005 -3.88949e-012 -9.40737e-012 -1.62858e-010 -1.62858e-010
5.2 -2.72746e-005 -2.43748e-012 -8.45443e-012 -1.62018e-010 -1.62018e-010
5.21 -2.71583e-005 -1.00624e-011 -2.03226e-011 -1.6415e-010 -1.6415e-010
5.22 -2.7038e-005 -8.89927e-012 -1.24012e-011 -1.68232e-010 -1.68232e-010
5.23 -2.6925e-005 2.1184e-012 -5.42397e-012 -1.72261e-010 -1.72261e-010
5.24 -2.68289e-005 -9.12835e-013 -8.17257e-012 -1.74035e-010 -1.74035e-010
5.25 -2.67549e-005 7.93598e-013 1.87386e-012 -1.7237e-010 -1.7237e-010
5.26 -2.67045e-005 8.93749e-014 -1.74787e-012 -1.67506e-010 -1.67506e-010
5.27 -2.66763e-005 -6.00507e-014 7.17385e-013 -1.60755e-010 -1.60755e-010
5.28 -2.66684e-005 1.46738e-014 -2.43083e-013 -1.5434e-010 -1.5434e-010
5.29 -2.66812e-005 -3.56427e-014 1.22931e-013 -1.50705e-010 -1.50705e-010
5.3 -2.67151e-005 9.13774e-016 -3.33655e-014 -1.51165e-010 -1.51165e-010
5.31 -2.67679e-005 -2.14042e-014 2.96821e-014 -1.55486e-010 -1.55486e-010
5.32 -2.68375e-005 5.25619e-016 -1.11382e-014 -1.62675e-010 -1.62675e-010
5.33 -2.69235e-005 8.91415e-015 4.96893e-014 -1.71559e-010 -1.71559e-010
5.34 -2.7025e-005 6.94898e-015 1.94606e-014 -1.80949e-010 -1.80949e-010
5.35 -2.71384e-005 1.98999e-013 1.26203e-013 -1.89864e-010 -1.89864e-010
5.36 -2.72569e-005 -6.3295e-013 9.23553e-013 -1.97544e-010 -1.97544e-010
5.37 -2.73751e-005 -1.42444e-011 -9.25689e-012 -2.03085e-010 -2.03085e-010
5.38 -2.74914e-005 -7.21584e-012 -8.32048e-012 -2.04921e-010 -2.04921e-010
5.39 -2.76057e-005 5.91041e-012 8.42873e-012 -2.01671e-010 -2.01671e-010
5.4 -2.77176e-005 6.89235e-013 3.83882e-012 -1.94157e-010 -1.94157e-010
5.41 -2.78263e-005 2.76465e-012 4.24554e-012 -1.8602e-010 -1.8602e-010
5.42 -2.79323e-005 1.93507e-012 2.47833e-012 -1.81534e-010 -1.81534e-010
5.43 -2.80376e-005 -4.33262e-013 1.47423e-011 -1.82121e-010 -1.82121e-010
5.44 -2.81472e-005 1.20478e-012 1.41314e-011 -1.85665e-010 -1.85665e-010
5.45 -2.82653e-005 1.03702e-011 2.11884e-011 -1.89503e-010 -1.89503e-010
5.46 -2.83924e-005 -5.0237e-012 1.99632e-011 -1.92991e-010 -1.92991e-010
5.47 -2.85252e-005 -9.09563e-012 -3.46862e-011 -1.96687e-010 -1.96687e-010
5.48 -2.86587e-005 -1.17945e-011 -3.3052e-011 -2.00165e-010 -2.00165e-010
5.49 -2.87874e-005 -2.16059e-012 -2.20347e-012 -2.01772e-010 -2.01772e-010
5.5 -2.89079e-005 5.89954e-012 9.64701e-012 -1.99993e-010 -1.99993e-010
5.51 -2.90194e-005 -9.08059e-012 -1.09314e-011 -1.9465e-010 -1.9465e-010
5.52 -2.91202e-005 3.6826e-012 1.09164e-011 -1.87299e-010 -1.87299e-010
5.53 -2.92051e-005 -6.4726e-012 -3.39843e-012 -1.80921e-010 -1.80921e-010
5.54 -2.92699e-005 1.63416e-012 -4.16052e-013 -1.78883e-010 -1.78883e-010
5.55 -2.9312e-005 -1.17313e-012 -4.36748e-013 -1.83106e-010 -1.83106e-010
5.56 -2.93297e-005 4.06294e-013 -4.28238e-013 -1.92596e-010 -1.92596e-010
5.57 -2.93224e-005 -1.19457e-013 -3.5141e-013 -2.03823e-010 -2.03823e-010
5.58 -2.92939e-005 4.02703e-014 -1.499e-013 -2.12573e-010 -2.12573e-010
5.59 -2.92517e-005 -2.75808e-013 -4.15293e-014 -2.15665e-010 -2.15665e-010
5.6 -2.92042e-005 -1.3232e-013 -2.02571e-013 -2.11442e-010 -2.11442e-010
5.61 -2.91592e-005 -2.32203e-012 -1.61591e-012 -1.99889e-010 -1.99889e-010
5.62 -2.91225e-005 -5.2492e-012 -5.25341e-012 -1.828e-010 -1.828e-010
5.63 -2.90966e-005 -3.4463e-012 -5.14759e-012 -1.63275e-010 -1.63275e-010
5.64 -2.90805e-005 -2.08633e-012 -4.54428e-012 -1.45405e-010 -1.45405e-010
5.65 -2.90729e-005 -3.23031e-012 3.49129e-012 -1.33253e-010 -1.33253e-010
5.66 -2.90746e-005 1.78876e-012 3.65773e-012 -1.28573e-010 -1.28573e-010
5.67 -2.90882e-005 4.40907e-012 -1.31336e-012 -1.29831e-010 -1.29831e-010
5.68 -2.91131e-005 -1.33516e-011 -2.31707e-012 -1.34142e-010 -1.34142e-010
5.69 -2.91436e-005 -2.89861e-011 -3.57235e-011 -1.39786e-010 -1.39786e-010
5.7 -2.91691e-005 -1.70322e-011 -2.13554e-011 -1.46416e-010 -1.46416e-010
5.71 -2.91785e-005 -6.16842e-012 -8.99974e-012 -1.53859e-010 -1.53859e-010
5.72 -2.91651e-005 -2.17058e-011 -3.07531e-011 -1.61343e-010 -1.61343e-010
5.73 -2.91254e-005 -1.26593e-011 -2.12122e-011 -1.67219e-010 -1.67219e-010
5.74 -2.90552e-005 1.50259e-012 -6.21117e-012 -1.69868e-010 -1.69868e-010
5.75 -2.89485e-005 -2.73457e-012 -6.68339e-012 -1.6941e-010 -1.6941e-010
5.76 -2.88e-005 -1.9409e-012 3.78635e-012 -1.67514e-010 -1.67514e-010
5.77 -2.86072e-005 -3.04665e-012 -6.6043e-012 -1.66026e-010 -1.66026e-010
5.78 -2.8372e-005 -3.37139e-012 -1.04118e-011 -1.65356e-010 -1.65356e-010
5.79 -2.81002e-005 -1.06946e-012 -1.56639e-012 -1.63864e-010 -1.63864e-010
5.8 -2.7803e-005 1.59546e-012 -2.81939e-012 -1.60425e-010 -1.60425e-010
5.81 -2.74932e-005 -1.22181e-012 -3.05213e-012 -1.56455e-010 -1.56455e-010
5.82 -2.71783e-005 2.37293e-012 -8.41194e-012 -1.54917e-010 -1.54917e-010
5.83 -2.68562e-005 5.04421e-012 -5.19261e-012 -1.58629e-010 -1.58629e-010
5.84 -2.65248e-005 -4.8084e-012 -1.28614e-011 -1.68338e-010 -1.68338e-010
5.85 -2.61933e-005 3.38214e-012 -1.45177e-011 -1.81333e-010 -1.81333e-010
5.86 -2.58787e-005 9.7979e-012 -1.48306e-011 -1.92655e-010 -1.92655e-010
5.87 -2.55959e-005 3.05704e-012 -7.55677e-012 -1.97958e-010 -1.97958e-010
5.88 -2.53512e-005 1.56139e-012 2.40004e-012 -1.95392e-010 -1.95392e-010
5.89 -2.51429e-005 1.17929e-011 -1.29822e-011 -1.86019e-010 -1.86019e-010
5.9 -2.49652e-005 -1.96302e-012 2.76721e-012 -1.73201e-010 -1.73201e-010
5.91 -2.48133e-005 6.66328e-012 -6.60625e-012 -1.61245e-010 -1.61245e-010
5.92 -2.46846e-005 -2.08338e-012 3.71264e-012 -1.54175e-010 -1.54175e-010
5.93 -2.45781e-005 6.78849e-012 -4.57758e-012 -1.54345e-010 -1.54345e-010
5.94 -2.44953e-005 1.00964e-011 -5.93101e-012 -1.60993e-010 -1.60993e-010
5.95 -2.44422e-005 1.87199e-012 -2.64068e-012 -1.70452e-010 -1.70452e-010
5.96 -2.44261e-005 6.79769e-012 -4.96789e-012 -1.78357e-010 -1.78357e-010
5.97 -2.44525e-005 5.60825e-012 -1.89101e-012 -1.81899e-010 -1.81899e-010
5.98 -2.4523e-005 6.13135e-013 2.58244e-013 -1.80947e-010 -1.80947e-010
5.99 -2.46384e-005 1.63258e-012 1.45907e-012 -1.78321e-010 -1.78321e-010
6 -2.48044e-005 -1.08674e-012 2.0233e-012 -1.78309e-010 -1.78309e-010
6.01 -2.5033e-005 -4.62078e-013 2.98358e-012 -1.8348e-010 -1.8348e-010
6.02 -2.53386e-005 1.91111e-013 7.85394e-013 -1.94276e-010 -1.94276e-010
6.03 -2.57343e-005 -3.19758e-014 -2.79514e-013 -2.11584e-010 -2.11584e-010
6.04 -2.62311e-005 1.22963e-014 1.28817e-013 -2.35618e-010 -2.35618e-010
6.05 -2.6832e-005 -2.55715e-012 2.82356e-012 -2.61945e-010 -2.61945e-010
6.06 -2.75281e-005 7.43058e-011 -1.04761e-010 -2.82492e-010 -2.82492e-010
6.07 -2.83016e-005 6.22761e-011 -7.75255e-011 -2.90963e-010 -2.90963e-010
6.08 -2.9127e-005 -6.86426e-011 9.6141e-011 -2.84579e-010 -2.84579e-010
6.09 -2.99811e-005 2.25516e-011 -2.65726e-011 -2.6242e-010 -2.6242e-010
6.1 -3.08359e-005 -2.04473e-011 1.87601e-011 -2.2783e-010 -2.2783e-010
6.11 -3.16578e-005 -2.6063e-012 2.40863e-012 -1.9114e-010 -1.9114e-010
6.12 -3.24154e-005 1.50689e-013 -1.68945e-012 -1.64598e-010 -1.64598e-010
6.13 -3.30781e-005 4.17494e-012 1.68896e-011 -1.53616e-010 -1.53616e-010
6.14 -3.36162e-005 -1.38476e-011 -1.5297e-011 -1.54847e-010 -1.54847e-010
6.15 -3.4003e-005 1.05777e-012 -1.13106e-011 -1.62533e-010 -1.62533e-010
6.16 -3.42181e-005 -2.40367e-012 5.56972e-012 -1.72306e-010 -1.72306e-010
6.17 -3.42533e-005 -6.25968e-012 1.54563e-011 -1.79373e-010 -1.79373e-010
6.18 -3.41133e-005 -1.23129e-012 1.70944e-011 -1.78648e-010 -1.78648e-010
6.19 -3.38157e-005 1.1245e-012 8.27996e-012 -1.67795e-010 -1.67795e-010
6.2 -3.33922e-005 -9.63795e-012 4.40648e-011 -1.49039e-010 -1.49039e-010
6.21 -3.28816e-005 7.88539e-012 5.14027e-011 -1.28886e-010 -1.28886e-010
6.22 -3.23166e-005 -3.04307e-012 -2.0687e-011 -1.16205e-010 -1.16205e-010
6.23 -3.1721e-005 1.22871e-011 3.58115e-011 -1.18495e-010 -1.18495e-010
6.24 -3.11146e-005 1.9544e-011 3.56281e-011 -1.37746e-010 -1.37746e-010
6.25 -3.05231e-005 3.80112e-011 7.08767e-011 -1.68581e-010 -1.68581e-010
6.26 -2.99798e-005 -8.14801e-011 -1.21742e-010 -2.00325e-010 -2.00325e-010
6.27 -2.95222e-005 -6.53167e-011 -1.09776e-010 -2.22807e-010 -2.22807e-010
6.28 -2.91755e-005 1.29145e-011 6.91406e-012 -2.31592e-010 -2.31592e-010
6.29 -2.89423e-005 -5.02126e-011 -6.39176e-011 -2.28695e-010 -2.28695e-010
6.3 -2.88038e-005 4.2056e-011 4.37955e-011 -2.20571e-010 -2.20571e-010
6.31 -2.87302e-005 -3.47264e-011 -2.87255e-011 -2.14299e-010 -2.14299e-010
6.32 -2.87027e-005 1.59509e-011 -6.67797e-012 -2.13011e-010 -2.13011e-010
6.33 -2.87118e-005 -2.8803e-011 -1.16861e-011 -2.14257e-010 -2.14257e-010
6.34 -2.87555e-005 1.59183e-012 5.76147e-012 -2.12754e-010 -2.12754e-010
6.35 -2.88288e-005 3.12033e-011 3.64181e-011 -2.0494e-010 -2.0494e-010
6.36 -2.89226e-005 7.52889e-012 1.20793e-011 -1.92249e-010 -1.92249e-010
6.37 -2.90117e-005 -9.26196e-012 -4.73626e-012 -1.81356e-010 -1.81356e-010
6.38 -2.90605e-005 -7.93748e-012 -1.16339e-011 -1.8031e-010 -1.8031e-010
6.39 -2.90431e-005 -6.87263e-012 -1.3394e-011 -1.91934e-010 -1.91934e-010
6.4 -2.89575e-005 1.82458e-012 -9.58933e-013 -2.09631e-010 -2.09631e-010
6.41 -2.88168e-005 4.44864e-013 -1.87318e-012 -2.20034e-010 -2.20034e-010
6.42 -2.86313e-005 -1.51677e-011 -1.57482e-011 -2.11692e-010 -2.11692e-010
6.43 -2.84102e-005 -4.7386e-011 -6.2378e-011 -1.83046e-010 -1.83046e-010
6.44 -2.81627e-005 1.62433e-011 9.27255e-012 -1.42064e-010 -1.42064e-010
6.45 -2.78969e-005 1.76722e-012 -8.39962e-012 -1.00009e-010 -1.00009e-010
6.46 -2.7617e-005 5.48924e-012 -3.35966e-012 -6.58426e-011 -6.58426e-011
6.47 -2.7331e-005 1.63227e-012 -1.26579e-011 -4.37565e-011 -4.37565e-011
6.48 -2.70567e-005 4.21952e-012 -9.6544e-012 -3.41394e-011 -3.41394e-011
6.49 -2.6818e-005 -8.81928e-013 9.98438e-012 -3.53997e-011 -3.53997e-011
6.5 -2.6635e-005 9.16262e-012 -2.98186e-011 -4.62855e-011 -4.62855e-011
6.51 -2.65194e-005 -2.53674e-012 1.62518e-011 -6.66625e-011 -6.66625e-011
6.52 -2.64777e-005 3.39989e-012 -9.09912e-012 -9.39444e-011 -9.39444e-011
6.53 -2.6516e-005 -9.2633e-013 3.5423e-012 -1.20427e-010 -1.20427e-010
6.54 -2.66407e-005 -1.27854e-010 -1.75312e-010 -1.38311e-010 -1.38311e-010
6.55 -2.68489e-005 -1.26843e-010 -1.17405e-010 -1.48808e-010 -1.48808e-010
6.56 -2.71254e-005 4.84965e-011 8.24385e-011 -1.59558e-010 -1.59558e-010
6.57 -2.74373e-005 -6.4026e-011 -3.47525e-011 -1.7245e-010 -1.7245e-010
6.58 -2.77546e-005 2.01392e-011 -4.0528e-011 -1.83542e-010 -1.83542e-010
6.59 -2.8049e-005 -1.00764e-011 -1.42061e-011 -1.91381e-010 -1.91381e-010
6.6 -2.82996e-005 1.32245e-012 -4.63371e-011 -1.97187e-010 -1.97187e-010
6.61 -2.84908e-005 -9.55103e-012 -2.77052e-011 -2.00462e-010 -2.00462e-010
6.62 -2.86059e-005 -2.66016e-011 -2.51087e-011 -1.98225e-010 -1.98225e-010
6.63 -2.86277e-005 1.286e-011 -4.43632e-011 -1.88072e-010 -1.88072e-010
6.64 -2.85419e-005 -4.71593e-012 1.39129e-011 -1.70926e-010 -1.70926e-010
6.65 -2.83427e-005 1.65677e-012 -3.98984e-012 -1.50038e-010 -1.50038e-010
6.66 -2.8039e-005 -7.04004e-013 1.74647e-012 -1.2929e-010 -1.2929e-010
6.67 -2.7654e-005 2.37584e-013 -5.6364e-013 -1.12603e-010 -1.12603e-010
6.68 -2.72175e-005 -1.49411e-013 3.86896e-013 -1.02661e-010 -1.02661e-010
6.69 -2.67597e-005 5.12196e-015 -1.10046e-014 -1.00115e-010 -1.00115e-010
6.7 -2.63096e-005 -5.12409e-014 1.44972e-013 -1.04631e-010 -1.04631e-010
6.71 -2.58977e-005 -1.48211e-014 6.94926e-014 -1.16114e-010 -1.16114e-010
6.72 -2.55558e-005 2.03811e-014 1.87167e-014 -1.33534e-010 -1.33534e-010
6.73 -2.53059e-005 2.24443e-012 -3.02282e-012 -1.52331e-010 -1.52331e-010
6.74 -2.51504e-005 -1.36653e-012 1.71701e-012 -1.64558e-010 -1.64558e-010
6.75 -2.50732e-005 2.30383e-011 -3.22309e-011 -1.63927e-010 -1.63927e-010
6.76 -2.50478e-005 6.02827e-012 -7.98572e-012 -1.5107e-010 -1.5107e-010
6.77 -2.50433e-005 5.53639e-011 -5.1765e-011 -1.3324e-010 -1.3324e-010
6.78 -2.50268e-005 7.82397e-012 -9.83042e-012 -1.19809e-010 -1.19809e-010
6.79 -2.497e-005 5.74376e-011 -5.3997e-011 -1.18499e-010 -1.18499e-010
6.8 -2.48492e-005 -5.6395e-011 2.17851e-011 -1.3225e-010 -1.3225e-010
6.81 -2.46446e-005 -3.72942e-011 2.83273e-011 -1.56012e-010 -1.56012e-010
6.82 -2.43386e-005 1.31285e-010 -3.82856e-012 -1.8191e-010 -1.8191e-010
6.83 -2.39233e-005 -8.29925e-012 1.20019e-011 -2.07353e-010 -2.07353e-010
6.84 -2.34083e-005 9.56413e-011 2.19819e-011 -2.32315e-010 -2.32315e-010
6.85 -2.28238e-005 6.01469e-011 3.56025e-011 -2.54044e-010 -2.54044e-010
6.86 -2.22085e-005 -9.58315e-011 -8.00676e-011 -2.68608e-010 -2.68608e-010
6.87 -2.16088e-005 1.51388e-010 1.28302e-010 -2.73715e-010 -2.73715e-010
6.88 -2.10782e-005 -7.68573e-011 -1.11309e-010 -2.68117e-010 -2.68117e-010
6.89 -2.06792e-005 -4.37411e-011 -8.28002e-011 -2.50907e-010 -2.50907e-010
6.9 -2.04727e-005 7.38612e-011 1.00798e-010 -2.22328e-010 -2.22328e-010
6.91 -2.04997e-005 -2.05631e-011 -3.57829e-012 -1.84468e-010 -1.84468e-010
6.92 -2.07737e-005 3.30234e-011 3.59892e-011 -1.42577e-010 -1.42577e-010
6.93 -2.12895e-005 1.24522e-011 3.95355e-011 -1.05261e-010 -1.05261e-010
6.94 -2.20292e-005 -2.56703e-012 -1.56381e-011 -8.08179e-011 -8.08179e-011
6.95 -2.29695e-005 4.55548e-012 1.13768e-011 -7.37364e-011 -7.37364e-011
6.96 -2.40741e-005 -8.11247e-012 2.13216e-012 -8.47403e-011 -8.47403e-011
6.97 -2.52887e-005 -2.98412e-011 -1.61719e-011 -1.12332e-010 -1.12332e-010
6.98 -2.65464e-005 -1.72882e-011 -1.83671e-011 -1.5344e-010 -1.5344e-010
6.99 -2.77785e-005 3.49737e-012 3.5067e-012 -2.01568e-010 -2.01568e-010
7 -2.89222e-005 -1.49499e-012 -1.26898e-012 -2.45203e-010 -2.45203e-010
7.01 -2.99178e-005 -1.87336e-011 -1.87869e-011 -2.72676e-010 -2.72676e-010
7.02 -3.07112e-005 -4.51586e-011 -2.33209e-011 -2.79347e-010 -2.79347e-010
7.03 -3.12683e-005 -3.85484e-011 3.06666e-011 -2.67557e-010 -2.67557e-010
7.04 -3.15882e-005 -4.24367e-011 3.29849e-011 -2.42073e-010 -2.42073e-010
7.05 -3.17056e-005 -1.11831e-011 3.40004e-011 -2.07761e-010 -2.07761e-010
7.06 -3.16772e-005 -1.14394e-011 4.04928e-011 -1.70088e-010 -1.70088e-010
7.07 -3.15592e-005 2.83418e-011 -1.91267e-011 -1.36135e-010 -1.36135e-010
7.08 -3.14041e-005 -3.40502e-011 3.14376e-011 -1.13317e-010 -1.13317e-010
7.09 -3.12678e-005 -1.04859e-010 4.67004e-011 -1.07039e-010 -1.07039e-010
7.1 -3.12131e-005 -1.58765e-010 2.37899e-010 -1.14426e-010 -1.14426e-010
7.11 -3.12996e-005 -1.14736e-010 1.02781e-010 -1.2116e-010 -1.2116e-010
7.12 -3.15698e-005 -1.14757e-011 3.68255e-011 -1.15069e-010 -1.15069e-010
7.13 -3.20436e-005 -1.24351e-011 3.003e-011 -9.63462e-011 -9.63462e-011
7.14 -3.27229e-005 5.97173e-012 4.44835e-011 -7.07164e-011 -7.07164e-011
7.15 -3.3586e-005 -1.30254e-011 -1.08249e-011 -4.35078e-011 -4.35078e-011
7.16 -3.45897e-005 1.11274e-011 6.42556e-012 -2.22214e-011 -2.22214e-011
7.17 -3.56698e-005 -2.5627e-011 1.46608e-011 -1.83069e-011 -1.83069e-011
7.18 -3.6744e-005 -3.60586e-011 5.34351e-011 -3.9583e-011 -3.9583e-011
7.19 -3.7728e-005 -2.41413e-011 2.30044e-011 -8.08567e-011 -8.08567e-011
7.2 -3.85412e-005 -9.04429e-012 -5.02432e-013 -1.31726e-010 -1.31726e-010
7.21 -3.91159e-005 -9.92655e-012 -1.59823e-011 -1.89245e-010 -1.89245e-010
7.22 -3.93965e-005 1.00444e-011 -9.17541e-012 -2.48939e-010 -2.48939e-010
7.23 -3.93418e-005 2.18543e-011 8.20159e-012 -2.95458e-010 -2.95458e-010
7.24 -3.8937e-005 -3.92155e-012 2.67015e-013 -3.14957e-010 -3.14957e-010
7.25 -3.81937e-005 3.45118e-013 -7.14842e-013 -3.06799e-010 -3.06799e-010
7.26 -3.71507e-005 -4.55593e-013 3.54268e-013 -2.76194e-010 -2.76194e-010
7.27 -3.58625e-005 6.25385e-013 1.68812e-012 -2.19356e-010 -2.19356e-010
7.28 -3.43946e-005 2.33833e-013 7.06492e-013 -1.3106e-010 -1.3106e-010
7.29 -3.28222e-005 1.01651e-012 5.52097e-012 -3.16789e-011 -3.16789e-011
7.3 -3.12206e-005 2.01934e-012 1.12012e-011 4.36541e-011 4.36541e-011
7.31 -2.96569e-005 2.3726e-013 -3.49516e-012 8.31579e-011 8.31579e-011
7.32 -2.81891e-005 9.16423e-013 2.956e-012 9.38458e-011 9.38458e-011
7.33 -2.68693e-005 -2.75195e-013 5.49199e-013 7.58007e-011 7.58007e-011
7.34 -2.57491e-005 -4.09197e-013 2.1857e-012 2.74832e-011 2.74832e-011
7.35 -2.48675e-005 1.41685e-011 -1.65083e-011 -3.98357e-011 -3.98357e-011
7.36 -2.42308e-005 9.21742e-012 -8.98518e-012 -1.11554e-010 -1.11554e-010
7.37 -2.38095e-005 1.61699e-010 -2.01632e-010 -1.81475e-010 -1.81475e-010
7.38 -2.35565e-005 3.39807e-010 -3.65491e-010 -2.45449e-010 -2.45449e-010
7.39 -2.34187e-005 -8.45748e-010 1.12477e-009 -2.97055e-010 -2.97055e-010
7.4 -2.33677e-005 -6.79719e-011 -2.88227e-010 -3.29905e-010 -3.29905e-010
7.41 -2.33607e-005 -1.36983e-010 -4.97598e-011 -3.34103e-010 -3.34103e-010
7.42 -2.33531e-005 9.45375e-011 -7.23101e-012 -2.99869e-010 -2.99869e-010
7.43 -2.3303e-005 6.31734e-011 -5.76843e-011 -2.31133e-010 -2.31133e-010
7.44 -2.31945e-005 6.43772e-011 -1.03307e-011 -1.45811e-010 -1.45811e-010
7.45 -2.30286e-005 -4.79452e-011 -5.53587e-012 -6.32133e-011 -6.32133e-011
7.46 -2.28214e-005 -2.70574e-011 -1.51475e-011 3.96233e-012 3.96233e-012
7.47 -2.25903e-005 -1.93353e-011 -1.98514e-011 4.79985e-011 4.79985e-011
7.48 -2.23496e-005 4.8729e-012 5.5673e-012 6.05751e-011 6.05751e-011
7.49 -2.21148e-005 -5.48843e-012 -2.70427e-012 3.60256e-011 3.60256e-011
7.5 -2.19078e-005 -8.98658e-013 5.46e-014 -1.72893e-011 -1.72893e-011
7.51 -2.17527e-005 -7.23106e-013 -2.06268e-012 -7.72871e-011 -7.72871e-011
7.52 -2.16666e-005 -5.67991e-013 5.18832e-015 -1.222e-010 -1.222e-010
7.53 -2.16547e-005 3.96497e-013 -1.14924e-012 -1.42887e-010 -1.42887e-010
7.54 -2.17109e-005 6.88869e-012 -2.74576e-011 -1.43628e-010 -1.43628e-010
7.55 -2.182e-005 1.08497e-011 -5.59513e-011 -1.31884e-010 -1.31884e-010
7.56 -2.19643e-005 2.64272e-011 -3.57423e-011 -1.10214e-010 -1.10214e-010
7.57 -2.21262e-005 -7.53688e-012 -2.31052e-011 -7.97717e-011 -7.97717e-011
7.58 -2.22805e-005 2.70924e-011 -5.26153e-011 -4.87836e-011 -4.87836e-011
7.59 -2.23888e-005 2.08586e-012 2.47332e-011 -3.30822e-011 -3.30822e-011
7.6 -2.24133e-005 -6.25766e-012 -8.59636e-012 -4.43914e-011 -4.43914e-011
7.61 -2.23384e-005 -1.99863e-011 2.85001e-011 -7.93688e-011 -7.93688e-011
7.62 -2.21795e-005 9.87738e-013 -3.94016e-011 -1.2199e-010 -1.2199e-010
7.63 -2.19743e-005 3.90526e-011 -8.16415e-011 -1.5458e-010 -1.5458e-010
7.64 -2.1765e-005 1.97108e-011 -3.39316e-011 -1.67138e-010 -1.67138e-010
7.65 -2.15864e-005 -7.85555e-012 1.27121e-011 -1.59622e-010 -1.59622e-010
7.66 -2.14651e-005 2.45956e-012 -6.8981e-012 -1.3776e-010 -1.3776e-010
7.67 -2.1424e-005 -4.64541e-014 7.46314e-013 -1.08071e-010 -1.08071e-010
7.68 -2.14898e-005 6.55152e-013 -7.64623e-013 -7.67945e-011 -7.67945e-011
7.69 -2.16987e-005 -1.18124e-013 -3.66336e-014 -4.91518e-011 -4.91518e-011
7.7 -2.20814e-005 4.50991e-013 -8.74153e-013 -2.72874e-011 -2.72874e-011
7.71 -2.26473e-005 1.01367e-012 -5.96199e-012 -1.1008e-011 -1.1008e-011
7.72 -2.33848e-005 -2.66643e-013 -5.31188e-013 7.21325e-013 7.21325e-013
7.73 -2.42702e-005 -1.31184e-011 4.36618e-011 8.17558e-012 8.17558e-012
7.74 -2.52724e-005 -6.40353e-012 1.0016e-011 1.0129e-011 1.0129e-011
7.75 -2.63493e-005 2.73224e-012 -4.2338e-012 5.31774e-012 5.31774e-012
7.76 -2.74456e-005 1.47406e-012 5.15354e-012 -1.05481e-011 -1.05481e-011
7.77 -2.85035e-005 1.07453e-010 3.33272e-010 -4.48195e-011 -4.48195e-011
7.78 -2.94759e-005 -8.85409e-011 1.47176e-010 -9.81182e-011 -9.81182e-011
7.79 -3.03304e-005 2.80186e-011 -4.76275e-010 -1.61791e-010 -1.61791e-010
7.8 -3.10563e-005 4.54364e-011 -5.9791e-011 -2.25636e-010 -2.25636e-010
7.81 -3.16442e-005 -5.0295e-011 -1.21482e-010 -2.80568e-010 -2.80568e-010
7.82 -3.20881e-005 -1.31258e-011 3.9964e-011 -3.18337e-010 -3.18337e-010
7.83 -3.23803e-005 1.73879e-010 1.76014e-010 -3.35855e-010 -3.35855e-010
7.84 -3.25174e-005 7.80231e-011 1.45672e-011 -3.36045e-010 -3.36045e-010
7.85 -3.25064e-005 -2.47131e-011 -1.15382e-011 -3.21179e-010 -3.21179e-010
7.86 -3.23696e-005 7.31287e-012 -1.51322e-012 -2.88535e-010 -2.88535e-010
7.87 -3.21351e-005 -7.87847e-011 -4.18027e-011 -2.33902e-010 -2.33902e-010
7.88 -3.1831e-005 -1.14455e-011 -1.64936e-011 -1.59323e-010 -1.59323e-010
7.89 -3.14834e-005 2.56485e-011 5.735e-011 -7.44039e-011 -7.44039e-011
7.9 -3.11234e-005 -7.53099e-011 -1.99704e-011 8.01762e-012 8.01762e-012
7.91 -3.07843e-005 -2.14258e-011 -1.9527e-011 7.26572e-011 7.26572e-011
7.92 -3.04928e-005 4.90808e-011 5.64575e-011 1.04909e-010 1.04909e-010
7.93 -3.02688e-005 1.13094e-011 -1.74063e-012 9.69163e-011 9.69163e-011
7.94 -3.01156e-005 -7.02098e-012 -5.65774e-014 4.96756e-011 4.96756e-011
7.95 -3.00371e-005 1.60915e-013 -2.07455e-013 -2.70707e-011 -2.70707e-011
7.96 -3.00384e-005 -7.02688e-012 -1.68592e-012 -1.15562e-010 -1.15562e-010
7.97 -3.01251e-005 -1.40262e-011 1.15707e-012 -1.9378e-010 -1.9378e-010
7.98 -3.02966e-005 -2.17832e-011 -1.85974e-011 -2.43518e-010 -2.43518e-010
7.99 -3.05402e-005 -2.25329e-011 -3.17907e-011 -2.58349e-010 -2.58349e-010
8 -3.08296e-005 -3.76391e-011 -4.72201e-011 -2.44721e-010 -2.44721e-010
8.01 -3.11329e-005 -7.62405e-011 -1.06328e-010 -2.16072e-010 -2.16072e-010
8.02 -3.14256e-005 1.41245e-012 -3.24147e-011 -1.84852e-010 -1.84852e-010
8.03 -3.16938e-005 -7.26715e-011 -3.84662e-011 -1.5734e-010 -1.5734e-010
8.04 -3.19233e-005 -5.46046e-011 -5.70526e-011 -1.33641e-010 -1.33641e-010
8.05 -3.20921e-005 2.62242e-011 2.12296e-011 -1.11329e-010 -1.11329e-010
8.06 -3.21815e-005 -5.52056e-012 8.23734e-013 -8.77711e-011 -8.77711e-011
8.07 -3.21921e-005 -1.48367e-011 -1.68007e-011 -5.83821e-011 -5.83821e-011
8.08 -3.21414e-005 -1.11741e-011 -1.04013e-011 -1.5354e-011 -1.5354e-011
8.09 -3.20506e-005 6.29952e-012 1.85645e-011 4.1328e-011 4.1328e-011
8.1 -3.19338e-005 2.33638e-012 3.66148e-011 9.37656e-011 9.37656e-011
8.11 -3.17985e-005 -2.71397e-012 -1.61698e-011 1.19142e-010 1.19142e-010
8.12 -3.16494e-005 2.78361e-011 -1.07378e-011 1.06202e-010 1.06202e-010
8.13 -3.14862e-005 4.23558e-012 -3.89495e-011 5.94201e-011 5.94201e-011
8.14 -3.13063e-005 -3.02325e-011 2.37837e-011 -5.25365e-012 -5.25365e-012
8.15 -3.11078e-005 -4.36491e-012 -8.33669e-011 -6.99943e-011 -6.99943e-011
8.16 -3.08874e-005 1.36911e-011 3.09921e-011 -1.2191e-010 -1.2191e-010
8.17 -3.06391e-005 -8.61657e-012 -1.42385e-011 -1.53901e-010 -1.53901e-010
8.18 -3.03503e-005 1.56946e-011 -5.2414e-011 -1.63519e-010 -1.63519e-010
8.19 -3.00011e-005 -1.48303e-012 5.62829e-012 -1.51817e-010 -1.51817e-010
8.2 -2.95753e-005 1.78481e-011 -2.78275e-011 -1.20929e-010 -1.20929e-010
8.21 -2.90663e-005 -1.60735e-011 3.54556e-011 -7.53872e-011 -7.53872e-011
8.22 -2.84803e-005 -2.38379e-011 4.46753e-011 -2.81984e-011 -2.81984e-011
8.23 -2.78394e-005 4.72105e-011 -6.49347e-011 2.90269e-012 2.90269e-012
8.24 -2.71778e-005 3.94621e-011 -5.58663e-011 1.00091e-011 1.00091e-011
8.25 -2.65377e-005 -2.62457e-011 3.54449e-011 -1.29739e-012 -1.29739e-012
8.26 -2.59642e-005 1.38039e-011 -1.86202e-011 -2.19793e-011 -2.19793e-011
8.27 -2.55003e-005 -5.63833e-012 8.1963e-012 -4.53886e-011 -4.53886e-011
8.28 -2.51882e-005 -9.81568e-013 1.28208e-012 -6.55627e-011 -6.55627e-011
8.29 -2.50626e-005 -5.33264e-012 7.14974e-012 -7.66839e-011 -7.66839e-011
8.3 -2.51474e-005 -1.55581e-011 1.75625e-011 -7.52077e-011 -7.52077e-011
8.31 -2.54579e-005 -9.90261e-012 1.64843e-011 -6.07109e-011 -6.07109e-011
8.32 -2.59998e-005 -1.68978e-011 2.62593e-011 -3.57408e-011 -3.57408e-011
8.33 -2.67628e-005 3.66147e-011 -6.18956e-011 -6.87975e-012 -6.87975e-012
8.34 -2.77178e-005 3.25108e-011 -4.76845e-011 1.71856e-011 1.71856e-011
8.35 -2.882e-005 -2.28907e-011 5.7593e-011 3.08027e-011 3.08027e-011
8.36 -3.00159e-005 1.10907e-011 -1.82525e-011 3.30273e-011 3.30273e-011
8.37 -3.12495e-005 -6.39098e-012 3.1923e-011 2.39477e-011 2.39477e-011
8.38 -3.2469e-005 1.36076e-012 3.01011e-011 7.41405e-013 7.41405e-013
8.39 -3.36278e-005 3.00598e-012 -1.78664e-011 -4.05934e-011 -4.05934e-011
8.4 -3.4685e-005 2.30854e-012 -6.12512e-011 -9.96741e-011 -9.96741e-011
8.41 -3.56155e-005 2.24359e-012 -3.20795e-011 -1.68006e-010 -1.68006e-010
8.42 -3.64109e-005 -5.10595e-012 7.92894e-011 -2.31416e-010 -2.31416e-010
8.43 -3.70759e-005 7.04182e-012 -5.28352e-011 -2.75668e-010 -2.75668e-010
8.44 -3.76276e-005 -6.31421e-011 1.11908e-010 -2.91434e-010 -2.91434e-010
8.45 -3.80974e-005 -3.00045e-010 3.7681e-010 -2.74034e-010 -2.74034e-010
8.46 -3.8527e-005 -1.67886e-010 1.38431e-010 -2.16746e-010 -2.16746e-010
8.47 -3.89509e-005 -1.38536e-009 1.67888e-009 -1.12131e-010 -1.12131e-010
8.48 -3.93982e-005 -7.98742e-010 9.93728e-010 4.62798e-011 4.62798e-011
8.49 -3.9913e-005 -2.4642e-009 3.06878e-009 2.55452e-010 2.55452e-010
8.5 -4.0496e-005 -1.54658e-009 1.85521e-009 4.93414e-010 4.93414e-010
8.51 -4.11624e-005 -1.80487e-010 -6.20583e-011 7.31704e-010 7.31704e-010
8.52 -4.19138e-005 -7.95369e-010 1.00475e-009 9.37223e-010 9.37223e-010
8.53 -4.27022e-005 -4.23005e-011 2.13773e-011 1.07426e-009 1.07426e-009
8.54 -4.34933e-005 -1.5954e-010 3.53222e-010 1.12461e-009 1.12461e-009
8.55 -4.42353e-005 -1.44659e-009 1.59534e-009 1.09535e-009 1.09535e-009
8.56 -4.48746e-005 -3.99839e-010 2.72795e-010 1.00643e-009 1.00643e-009
8.57 -4.53784e-005 1.60178e-010 -1.36319e-010 8.76206e-010 8.76206e-010
8.58 -4.57086e-005 -6.21876e-011 4.93148e-011 7.21085e-010 7.21085e-010
8.59 -4.58287e-005 3.10402e-011 -1.89017e-011 5.64855e-010 5.64855e-010
8.6 -4.57195e-005 -7.12316e-012 6.87334e-012 4.39612e-010 4.39612e-010
8.61 -4.53865e-005 9.91e-012 4.9918e-013 3.73135e-010 3.73135e-010
8.62 -4.48594e-005 2.83489e-012 5.5656e-012 3.76654e-010 3.76654e-010
8.63 -4.41847e-005 3.72431e-012 1.85199e-012 4.43326e-010 4.43326e-010
8.64 -4.34207e-005 -1.84457e-011 1.30718e-012 5.56452e-010 5.56452e-010
8.65 -4.26342e-005 -1.65636e-010 2.98526e-011 6.96472e-010 6.96472e-010
8.66 -4.18919e-005 -1.98895e-010 5.59524e-011 8.41734e-010 8.41734e-010
8.67 -4.12505e-005 -1.88558e-010 7.83294e-011 9.69742e-010 9.69742e-010
8.68 -4.07514e-005 -4.11634e-010 3.1849e-010 1.05933e-009 1.05933e-009
8.69 -4.04113e-005 -2.32201e-013 -4.83797e-012 1.09383e-009 1.09383e-009
8.7 -4.02403e-005 -5.39775e-010 2.3e-010 1.06847e-009 1.06847e-009
8.71 -4.02206e-005 -6.2287e-011 -1.67437e-011 9.92765e-010 9.92765e-010
8.72 -4.03154e-005 1.74942e-011 -2.47102e-012 8.82246e-010 8.82246e-010
8.73 -4.04578e-005 -1.72456e-011 -1.82734e-011 7.51019e-010 7.51019e-010
8.74 -4.05679e-005 9.67808e-013 -3.35456e-012 6.12068e-010 6.12068e-010
8.75 -4.05698e-005 1.05231e-012 1.49889e-012 4.79642e-010 4.79642e-010
8.76 -4.03999e-005 -3.66697e-013 -6.36269e-013 3.68453e-010 3.68453e-010
8.77 -4.00057e-005 1.26525e-013 1.34582e-012 2.89816e-010 2.89816e-010
8.78 -3.93395e-005 1.71798e-012 -5.86884e-012 2.47809e-010 2.47809e-010
8.79 -3.8358e-005 1.46351e-011 4.82243e-011 2.38272e-010 2.38272e-010
8.8 -3.70334e-005 2.05155e-011 6.08356e-011 2.53196e-010 2.53196e-010
8.81 -3.53614e-005 -9.85524e-012 -4.21759e-011 2.86012e-010 2.86012e-010
8.82 -3.33682e-005 4.76773e-012 5.95533e-011 3.17984e-010 3.17984e-010
8.83 -3.11073e-005 -3.1782e-010 3.53612e-010 3.18945e-010 3.18945e-010
8.84 -2.86598e-005 -4.55282e-010 -1.97061e-010 2.82264e-010 2.82264e-010
8.85 -2.6102e-005 -3.10216e-010 1.37746e-009 2.27169e-010 2.27169e-010
8.86 -2.35433e-005 -1.2764e-009 1.44517e-009 1.62131e-010 1.62131e-010
8.87 -2.10889e-005 6.24883e-010 -8.63526e-010 8.21399e-011 8.21399e-011
8.88 -1.87914e-005 -7.2198e-010 7.0732e-010 1.56568e-012 1.56568e-012
8.89 -1.66983e-005 8.56383e-010 -5.33903e-010 -5.59421e-011 -5.59421e-011
8.9 -1.48435e-005 2.75934e-010 -6.30513e-010 -8.32199e-011 -8.32199e-011
8.91 -1.3265e-005 6.26625e-010 -3.7681e-010 -6.87744e-011 -6.87744e-011
8.92 -1.19673e-005 2.16139e-009 -3.42377e-009 3.09443e-011 3.09443e-011
8.93 -1.096e-005 6.82455e-009 -8.92418e-009 2.6577e-010 2.6577e-010
8.94 -1.01883e-005 6.02374e-009 -8.95158e-009 6.30045e-010 6.30045e-010
8.95 -9.61737e-006 5.53947e-009 -7.39774e-009 1.06458e-009 1.06458e-009
8.96 -9.17692e-006 2.80795e-009 -4.93664e-009 1.49877e-009 1.49877e-009
8.97 -8.83406e-006 4.30712e-009 -5.14664e-009 1.88029e-009 1.88029e-009
8.98 -8.48733e-006 7.59557e-010 -1.51776e-009 2.19316e-009 2.19316e-009
8.99 -8.13133e-006 2.33131e-009 -1.44477e-009 2.42713e-009 2.42713e-009
9 -7.71453e-006 6.47604e-011 1.47928e-009 2.5617e-009 2.5617e-009
9.01 -7.22733e-006 -6.57605e-010 8.62167e-012 2.57979e-009 2.57979e-009
9.02 -6.7024e-006 4.7568e-010 -2.05659e-010 2.47144e-009 2.47144e-009
9.03 -6.15433e-006 3.95359e-011 -5.5266e-010 2.26222e-009 2.26222e-009
9.04 -5.64901e-006 3.34289e-009 -3.37351e-009 2.02427e-009 2.02427e-009
9.05 -5.20499e-006 1.04013e-009 -4.79829e-010 1.81885e-009 1.81885e-009
9.06 -4.90533e-006 -4.06892e-010 2.19839e-010 1.65792e-009 1.65792e-009
9.07 -4.81526e-006 1.66565e-010 -9.23209e-011 1.54216e-009 1.54216e-009
9.08 -4.97687e-006 -7.51274e-011 3.05858e-011 1.48818e-009 1.48818e-009
9.09 -5.43392e-006 2.43966e-011 -2.01613e-011 1.50599e-009 1.50599e-009
9.1 -6.20829e-006 -9.99357e-012 7.70693e-012 1.57614e-009 1.57614e-009
9.11 -7.31288e-006 3.90212e-011 4.2291e-011 1.65899e-009 1.65899e-009
9.12 -8.74007e-006 5.79496e-011 8.30185e-011 1.71932e-009 1.71932e-009
9.13 -1.04639e-005 -1.20084e-010 -1.61944e-010 1.73583e-009 1.73583e-009
9.14 -1.24454e-005 1.41479e-011 1.64762e-011 1.69823e-009 1.69823e-009
9.15 -1.46223e-005 -9.92379e-012 -1.52681e-011 1.60409e-009 1.60409e-009
9.16 -1.69235e-005 2.44922e-012 3.47584e-013 1.45748e-009 1.45748e-009
9.17 -1.9275e-005 5.24468e-012 -1.95685e-012 1.27079e-009 1.27079e-009
9.18 -2.16181e-005 1.20495e-011 -8.79891e-012 1.06545e-009 1.06545e-009
9.19 -2.39114e-005 1.95047e-011 -1.40765e-011 8.67284e-010 8.67284e-010
9.2 -2.61265e-005 1.56286e-011 -1.20729e-010 6.98967e-010 6.98967e-010
9.21 -2.82762e-005 4.71654e-009 -6.5382e-009 5.594e-010 5.594e-010
9.22 -3.03449e-005 3.16428e-009 -3.30763e-009 4.29213e-010 4.29213e-010
9.23 -3.22028e-005 1.04555e-009 -1.15797e-009 3.20645e-010 3.20645e-010
9.24 -3.4076e-005 1.8891e-009 -1.56673e-009 2.84555e-010 2.84555e-010
9.25 -3.58784e-005 -9.25888e-010 7.70211e-010 3.50097e-010 3.50097e-010
9.26 -3.76511e-005 4.33643e-010 -5.56745e-010 4.85804e-010 4.85804e-010
9.27 -3.94185e-005 -1.37241e-010 7.00817e-011 6.3721e-010 6.3721e-010
9.28 -4.11785e-005 9.27451e-011 -7.89269e-011 7.72231e-010 7.72231e-010
9.29 -4.29147e-005 -3.01406e-009 2.42173e-009 8.90918e-010 8.90918e-010
9.3 -4.45788e-005 -1.09829e-008 1.07587e-008 1.02424e-009 1.02424e-009
9.31 -4.61179e-005 -1.82443e-009 2.8158e-009 1.19181e-009 1.19181e-009
9.32 -4.75755e-005 -8.91979e-010 5.37208e-010 1.34924e-009 1.34924e-009
9.33 -4.88758e-005 -2.80204e-010 1.80028e-010 1.43791e-009 1.43791e-009
9.34 -4.99646e-005 -7.80661e-011 3.63755e-010 1.46759e-009 1.46759e-009
9.35 -5.07974e-005 -3.38974e-010 4.10577e-010 1.48819e-009 1.48819e-009
9.36 -5.13353e-005 -2.10744e-011 1.69937e-011 1.51917e-009 1.51917e-009
9.37 -5.15607e-005 -1.2664e-011 -2.65558e-012 1.54063e-009 1.54063e-009
9.38 -5.14627e-005 -6.23175e-010 9.85998e-010 1.52726e-009 1.52726e-009
9.39 -5.1045e-005 -5.13681e-010 6.60888e-010 1.47224e-009 1.47224e-009
9.4 -5.03341e-005 7.20917e-011 -1.9188e-010 1.38793e-009 1.38793e-009
9.41 -4.93639e-005 -2.67349e-010 9.85543e-011 1.29605e-009 1.29605e-009
9.42 -4.81602e-005 -2.01754e-010 -5.62155e-011 1.21325e-009 1.21325e-009
9.43 -4.67585e-005 -1.13157e-010 -5.07167e-011 1.14192e-009 1.14192e-009
9.44 -4.5196e-005 -5.98087e-011 -3.06335e-011 1.07942e-009 1.07942e-009
9.45 -4.35084e-005 6.80156e-011 1.01751e-010 1.03253e-009 1.03253e-009
9.46 -4.17267e-005 2.04414e-011 5.26664e-011 1.00972e-009 1.00972e-009
9.47 -3.9868e-005 -1.1728e-011 -2.53901e-011 1.00281e-009 1.00281e-009
9.48 -3.79346e-005 9.33317e-013 9.57927e-012 9.90027e-010 9.90027e-010
9.49 -3.59188e-005 -4.84784e-012 -2.20774e-012 9.60986e-010 9.60986e-010
9.5 -3.38161e-005 -5.44262e-012 -1.99878e-011 9.22651e-010 9.22651e-010
9.51 -3.16403e-005 -5.71216e-013 -6.55333e-012 8.62801e-010 8.62801e-010
9.52 -2.94026e-005 -3.42834e-010 5.32269e-010 7.80101e-010 7.80101e-010
9.53 -2.7182e-005 2.4051e-009 -6.99126e-009 7.61855e-010 7.61855e-010
9.54 -2.48602e-005 5.47315e-009 -4.08129e-009 8.70798e-010 8.70798e-010
9.55 -2.24533e-005 2.43934e-010 8.03899e-010 1.00976e-009 1.00976e-009
9.56 -2.01117e-005 -3.12801e-010 -1.20812e-010 1.08518e-009 1.08518e-009
9.57 -1.77538e-005 -4.78839e-010 1.55499e-010 1.16442e-009 1.16442e-009
9.58 -1.54312e-005 -2.93093e-010 -2.28637e-010 1.33237e-009 1.33237e-009
9.59 -1.31695e-005 1.41523e-010 1.93757e-010 1.56036e-009 1.56036e-009
9.6 -1.0976e-005 -2.83748e-010 -2.88814e-010 1.77858e-009 1.77858e-009
9.61 -8.86477e-006 1.23729e-010 1.25132e-010 1.95021e-009 1.95021e-009
9.62 -6.85288e-006 -5.89408e-012 -1.34177e-011 2.06807e-009 2.06807e-009
9.63 -5.0152e-006 8.13101e-009 -2.33287e-009 2.13005e-009 2.13005e-009
9.64 -3.49101e-006 2.92342e-008 -3.12303e-008 2.09403e-009 2.09403e-009
9.65 -1.89897e-006 -1.33696e-009 -4.36578e-009 1.9388e-009 1.9388e-009
9.66 -5.20286e-007 2.31724e-009 7.60349e-010 1.75692e-009 1.75692e-009
9.67 7.29373e-007 -8.11136e-010 5.8728e-010 1.63959e-009 1.63959e-009
9.68 1.83986e-006 -2.10362e-010 2.04559e-009 1.58527e-009 1.58527e-009
9.69 2.81777e-006 1.10932e-009 4.14912e-010 1.57696e-009 1.57696e-009
9.7 3.63692e-006 -2.27319e-009 9.4671e-010 1.63058e-009 1.63058e-009
9.71 4.30322e-006 4.70701e-010 7.5928e-010 1.76543e-009 1.76543e-009
9.72 4.80337e-006 4.76872e-011 -1.61503e-010 1.9721e-009 1.9721e-009
9.73 5.12737e-006 -7.63911e-011 1.99653e-010 2.20946e-009 2.20946e-009
9.74 5.26289e-006 1.64619e-009 -4.57535e-011 2.415e-009 2.415e-009
9.75 5.20421e-006 1.41566e-009 -8.3047e-010 2.53781e-009 2.53781e-009
9.76 4.96656e-006 -5.63498e-010 4.36972e-011 2.57047e-009 2.57047e-009
9.77 4.51125e-006 2.35761e-010 -1.50638e-011 2.52779e-009 2.52779e-009
9.78 3.84211e-006 -9.50866e-011 1.05182e-011 2.41712e-009 2.41712e-009
9.79 2.94002e-006 3.85548e-011 -7.26612e-012 2.2492e-009 2.2492e-009
9.8 1.80401e-006 -1.61886e-011 5.29142e-013 2.05128e-009 2.05128e-009
9.81 4.39798e-007 -1.0168e-010 -2.94835e-010 1.86222e-009 1.86222e-009
9.82 -1.13319e-006 -1.82446e-011 -8.49996e-011 1.71964e-009 1.71964e-009
9.83 -2.89266e-006 -7.40161e-011 -3.50038e-010 1.64557e-009 1.64557e-009
9.84 -4.81118e-006 -5.19478e-011 -1.80864e-010 1.6404e-009 1.6404e-009
9.85 -6.86692e-006 -3.10347e-011 3.23373e-011 1.69148e-009 1.69148e-009
9.86 -9.03479e-006 -6.0229e-011 -8.71146e-011 1.78462e-009 1.78462e-009
9.87 -1.12827e-005 2.763e-011 3.40864e-011 1.90333e-009 1.90333e-009
9.88 -1.35798e-005 1.34863e-011 2.27041e-012 2.02262e-009 2.02262e-009
9.89 -1.58967e-005 1.98937e-010 1.25352e-010 2.11152e-009 2.11152e-009
9.9 -1.82072e-005 7.72759e-011 3.80239e-011 2.14502e-009 2.14502e-009
9.91 -2.04912e-005 3.09045e-010 1.07422e-010 2.11264e-009 2.11264e-009
9.92 -2.27387e-005 1.15705e-009 2.83387e-010 2.01863e-009 2.01863e-009
9.93 -2.49417e-005 1.63685e-009 8.96146e-010 1.8747e-009 1.8747e-009
9.94 -2.71438e-005 -3.34417e-009 6.74387e-009 1.66927e-009 1.66927e-009
9.95 -2.92856e-005 2.32355e-008 -3.20875e-008 1.33395e-009 1.33395e-009
9.96 -3.11736e-005 4.11609e-009 -9.02937e-009 8.78407e-010 8.78407e-010
9.97 -3.31586e-005 -3.71189e-009 4.03014e-009 5.4836e-010 5.4836e-010
9.98 -3.50959e-005 1.25775e-009 -2.15654e-009 5.42963e-010 5.42963e-010
9.99 -3.69597e-005 -5.36441e-010 5.81848e-010 7.2341e-010 7.2341e-010
10 -3.87756e-005 2.79569e-010 -2.8194e-010 8.67554e-010 8.67554e-010
