0.1 -2.62162e-006 6.07891e-020 -6.38331e-020 1.60842e-021 1.60842e-021
0.2 -5.24461e-006 2.18172e-019 -2.27229e-019 2.47892e-021 2.47892e-021
0.3 -7.86897e-006 3.12795e-019 -3.08763e-019 -2.40259e-020 -2.40259e-020
0.4 -1.04947e-005 3.46332e-019 -3.30409e-019 -2.12417e-020 -2.12417e-020
0.5 -1.31218e-005 3.62128e-019 -3.36035e-019 -7.73458e-020 -7.73458e-020
0.6 -1.57503e-005 3.72347e-019 -3.40028e-019 -7.19255e-020 -7.19255e-020
0.7 -1.83801e-005 3.79475e-019 -3.43338e-019 -7.16804e-020 -7.16804e-020
0.8 -2.10114e-005 3.85328e-019 -3.45616e-019 -3.9225e-020 -3.9225e-020
0.9 -2.3644e-005 3.89324e-019 -3.46768e-019 -5.41617e-020 -5.41617e-020
1 -2.6278e-005 3.92792e-019 -3.47499e-019 -5.78768e-020 -5.78768e-020
0.01 -2.16395e-005 9.09667e-007 -1.49788e-005 2.70418e-009 2.70418e-009
0.02 -3.29609e-005 -3.97671e-007 5.95239e-006 8.93717e-009 8.93717e-009
0.03 -2.77293e-005 1.43826e-007 -2.67142e-006 8.10113e-009 8.10113e-009
0.04 -2.89506e-005 -5.67117e-008 1.02268e-006 -5.01504e-009 -5.01504e-009
0.05 -2.82978e-005 2.84611e-008 -5.15781e-007 -1.60875e-008 -1.60875e-008
0.06 -2.85695e-005 -6.06413e-009 1.21467e-007 -1.41487e-008 -1.41487e-008
0.07 -2.84671e-005 8.15683e-009 -1.41091e-007 -5.10665e-009 -5.10665e-009
0.08 -2.85381e-005 2.33613e-009 -3.2829e-008 1.72149e-009 1.72149e-009
0.09 -2.85291e-005 4.73613e-009 -7.74301e-008 3.83391e-009 3.83391e-009
0.1 -2.85442e-005 3.74734e-009 -5.90544e-008 3.81062e-009 3.81062e-009
0.11 -2.85363e-005 4.15465e-009 -6.66249e-008 4.57697e-009 4.57697e-009
0.12 -2.85273e-005 3.98696e-009 -6.3507e-008 6.75527e-009 6.75527e-009
0.13 -2.85129e-005 4.05615e-009 -6.479e-008 8.061e-009 8.061e-009
0.14 -2.85009e-005 4.02797e-009 -6.42613e-008 5.72428e-009 5.72428e-009
0.15 -2.84925e-005 4.03905e-009 -6.44797e-008 2.15754e-010 2.15754e-010
0.16 -2.84889e-005 4.03445e-009 -6.43898e-008 -4.80296e-009 -4.80296e-009
0.17 -2.84885e-005 4.03688e-009 -6.44263e-008 -6.66737e-009 -6.66737e-009
0.18 -2.84896e-005 4.036e-009 -6.44111e-008 -6.20608e-009 -6.20608e-009
0.19 -2.84903e-005 4.03576e-009 -6.44179e-008 -5.50794e-009 -5.50794e-009
0.2 -2.8489e-005 4.03582e-009 -6.44151e-008 -4.87228e-009 -4.87228e-009
0.21 -2.84853e-005 4.0358e-009 -6.44163e-008 -3.09697e-009 -3.09697e-009
0.22 -2.84801e-005 4.03583e-009 -6.4416e-008 1.82549e-010 1.82549e-010
0.23 -2.84753e-005 4.04994e-009 -6.4431e-008 3.67244e-009 3.67244e-009
0.24 -2.84733e-005 4.04414e-009 -6.44248e-008 5.75478e-009 5.75478e-009
0.25 -2.84752e-005 4.03238e-009 -6.44124e-008 5.88319e-009 5.88319e-009
0.26 -2.84811e-005 4.03772e-009 -6.4417e-008 4.60149e-009 4.60149e-009
0.27 -2.84899e-005 4.03503e-009 -6.44156e-008 2.68223e-009 2.68223e-009
0.28 -2.84993e-005 4.03611e-009 -6.44162e-008 5.21791e-010 5.21791e-010
0.29 -2.85071e-005 4.03665e-009 -6.44149e-008 -1.75273e-009 -1.75273e-009
0.3 -2.85114e-005 4.03547e-009 -6.44165e-008 -3.84799e-009 -3.84799e-009
0.31 -2.85112e-005 4.03596e-009 -6.44158e-008 -5.17177e-009 -5.17177e-009
0.32 -2.85067e-005 4.03576e-009 -6.44161e-008 -5.20157e-009 -5.20157e-009
0.33 -2.84995e-005 4.03587e-009 -6.4416e-008 -3.93022e-009 -3.93022e-009
0.34 -2.84916e-005 4.03579e-009 -6.4416e-008 -1.87725e-009 -1.87725e-009
0.35 -2.8485e-005 4.03641e-009 -6.44182e-008 3.07303e-010 3.07303e-010
0.36 -2.84809e-005 4.03566e-009 -6.4415e-008 2.17793e-009 2.17793e-009
0.37 -2.84799e-005 4.03588e-009 -6.44164e-008 3.48859e-009 3.48859e-009
0.38 -2.84814e-005 4.03613e-009 -6.44155e-008 4.03844e-009 4.03844e-009
0.39 -2.84844e-005 4.03567e-009 -6.44162e-008 3.6685e-009 3.6685e-009
0.4 -2.84875e-005 4.03585e-009 -6.44159e-008 2.41555e-009 2.41555e-009
0.41 -2.84898e-005 4.03584e-009 -6.44162e-008 5.98922e-010 5.98922e-010
0.42 -2.84907e-005 4.03577e-009 -6.44159e-008 -1.28893e-009 -1.28893e-009
0.43 -2.84902e-005 4.03582e-009 -6.4416e-008 -2.79047e-009 -2.79047e-009
0.44 -2.84891e-005 4.0358e-009 -6.4416e-008 -3.62052e-009 -3.62052e-009
0.45 -2.84883e-005 4.03582e-009 -6.4416e-008 -3.67757e-009 -3.67757e-009
0.46 -2.84884e-005 4.03581e-009 -6.4416e-008 -2.99955e-009 -2.99955e-009
0.47 -2.84898e-005 4.03581e-009 -6.4416e-008 -1.7427e-009 -1.7427e-009
0.48 -2.84922e-005 4.03581e-009 -6.4416e-008 -1.81719e-010 -1.81719e-010
0.49 -2.8495e-005 4.03581e-009 -6.4416e-008 1.3247e-009 1.3247e-009
0.5 -2.84975e-005 4.03581e-009 -6.4416e-008 2.42707e-009 2.42707e-009
0.51 -2.84992e-005 4.03581e-009 -6.4416e-008 2.89212e-009 2.89212e-009
0.52 -2.84998e-005 4.03581e-009 -6.4416e-008 2.65945e-009 2.65945e-009
0.53 -2.84997e-005 4.03582e-009 -6.4416e-008 1.82905e-009 1.82905e-009
0.54 -2.84996e-005 4.03581e-009 -6.4416e-008 6.12198e-010 6.12198e-010
0.55 -2.85002e-005 4.03582e-009 -6.4416e-008 -7.18578e-010 -7.18578e-010
0.56 -2.85024e-005 4.03581e-009 -6.4416e-008 -1.87606e-009 -1.87606e-009
0.57 -2.85064e-005 4.03581e-009 -6.4416e-008 -2.61269e-009 -2.61269e-009
0.58 -2.85121e-005 4.03581e-009 -6.4416e-008 -2.77901e-009 -2.77901e-009
0.59 -2.8519e-005 4.03585e-009 -6.44161e-008 -2.36227e-009 -2.36227e-009
0.6 -2.85263e-005 4.03574e-009 -6.44158e-008 -1.48487e-009 -1.48487e-009
0.61 -2.85331e-005 4.03591e-009 -6.44162e-008 -3.64673e-010 -3.64673e-010
0.62 -2.85385e-005 4.03573e-009 -6.44158e-008 7.42547e-010 7.42547e-010
0.63 -2.85421e-005 4.03588e-009 -6.44162e-008 1.59922e-009 1.59922e-009
0.64 -2.85441e-005 4.03576e-009 -6.44159e-008 2.03175e-009 2.03175e-009
0.65 -2.85449e-005 4.03584e-009 -6.44161e-008 1.96337e-009 1.96337e-009
0.66 -2.85449e-005 4.0358e-009 -6.4416e-008 1.4292e-009 1.4292e-009
0.67 -2.85445e-005 4.03582e-009 -6.4416e-008 5.66939e-010 5.66939e-010
0.68 -2.85442e-005 4.0358e-009 -6.4416e-008 -4.17742e-010 -4.17742e-010
0.69 -2.85444e-005 4.03584e-009 -6.44161e-008 -1.30192e-009 -1.30192e-009
0.7 -2.85453e-005 4.03577e-009 -6.44159e-008 -1.89673e-009 -1.89673e-009
0.71 -2.85467e-005 4.03587e-009 -6.44161e-008 -2.08641e-009 -2.08641e-009
0.72 -2.85484e-005 4.03576e-009 -6.44158e-008 -1.84859e-009 -1.84859e-009
0.73 -2.85498e-005 4.03585e-009 -6.44161e-008 -1.25449e-009 -1.25449e-009
0.74 -2.85509e-005 4.03579e-009 -6.44159e-008 -4.50136e-010 -4.50136e-010
0.75 -2.85518e-005 4.03581e-009 -6.4416e-008 3.78121e-010 3.78121e-010
0.76 -2.85525e-005 4.03582e-009 -6.4416e-008 1.04661e-009 1.04661e-009
0.77 -2.85532e-005 4.03582e-009 -6.4416e-008 1.41551e-009 1.41551e-009
0.78 -2.85537e-005 4.03578e-009 -6.4416e-008 1.41806e-009 1.41806e-009
0.79 -2.85541e-005 4.03586e-009 -6.44161e-008 1.07143e-009 1.07143e-009
0.8 -2.85542e-005 4.03576e-009 -6.4416e-008 4.6839e-010 4.6839e-010
0.81 -2.85534e-005 4.03587e-009 -6.4416e-008 -2.46707e-010 -2.46707e-010
0.82 -2.85517e-005 4.03576e-009 -6.4416e-008 -9.11734e-010 -9.11734e-010
0.83 -2.85488e-005 4.03585e-009 -6.4416e-008 -1.38301e-009 -1.38301e-009
0.84 -2.8545e-005 4.0358e-009 -6.4416e-008 -1.56614e-009 -1.56614e-009
0.85 -2.85411e-005 4.03581e-009 -6.4416e-008 -1.43468e-009 -1.43468e-009
0.86 -2.85378e-005 4.03581e-009 -6.4416e-008 -1.03271e-009 -1.03271e-009
0.87 -2.85359e-005 4.03582e-009 -6.4416e-008 -4.61622e-010 -4.61622e-010
0.88 -2.85358e-005 4.03581e-009 -6.4416e-008 1.45227e-010 1.45227e-010
0.89 -2.85378e-005 4.03581e-009 -6.4416e-008 6.53258e-010 6.53258e-010
0.9 -2.8542e-005 4.03581e-009 -6.4416e-008 9.56068e-010 9.56068e-010
0.91 -2.85483e-005 4.03581e-009 -6.4416e-008 9.97243e-010 9.97243e-010
0.92 -2.85565e-005 4.03581e-009 -6.4416e-008 7.80335e-010 7.80335e-010
0.93 -2.8566e-005 4.03581e-009 -6.4416e-008 3.65258e-010 3.65258e-010
0.94 -2.85763e-005 4.03581e-009 -6.4416e-008 -1.47562e-010 -1.47562e-010
0.95 -2.85869e-005 4.03581e-009 -6.4416e-008 -6.41183e-010 -6.41183e-010
0.96 -2.85972e-005 4.03581e-009 -6.4416e-008 -1.00856e-009 -1.00856e-009
0.97 -2.86065e-005 4.03581e-009 -6.4416e-008 -1.17549e-009 -1.17549e-009
0.98 -2.86145e-005 4.03581e-009 -6.4416e-008 -1.1152e-009 -1.1152e-009
0.99 -2.86208e-005 4.03581e-009 -6.4416e-008 -8.51893e-010 -8.51893e-010
1 -2.86254e-005 4.03581e-009 -6.4416e-008 -4.52938e-010 -4.52938e-010
1.01 -2.8628e-005 4.03581e-009 -6.4416e-008 -1.20011e-011 -1.20011e-011
1.02 -2.86279e-005 4.03581e-009 -6.4416e-008 3.7264e-010 3.7264e-010
1.03 -2.86255e-005 4.03581e-009 -6.4416e-008 6.19692e-010 6.19692e-010
1.04 -2.86218e-005 4.03581e-009 -6.4416e-008 6.81692e-010 6.81692e-010
1.05 -2.86177e-005 4.03573e-009 -6.44159e-008 5.53805e-010 5.53805e-010
1.06 -2.86135e-005 4.036e-009 -6.44159e-008 2.73012e-010 2.73012e-010
1.07 -2.86094e-005 4.03579e-009 -6.44166e-008 -9.1917e-011 -9.1917e-011
1.08 -2.86061e-005 4.03583e-009 -6.44158e-008 -4.57109e-010 -4.57109e-010
1.09 -2.86043e-005 4.03581e-009 -6.44161e-008 -7.42738e-010 -7.42738e-010
1.1 -2.86042e-005 4.03582e-009 -6.4416e-008 -8.90216e-010 -8.90216e-010
1.11 -2.8606e-005 4.03583e-009 -6.44161e-008 -8.73876e-010 -8.73876e-010
1.12 -2.86096e-005 4.03581e-009 -6.4416e-008 -7.05012e-010 -7.05012e-010
1.13 -2.86152e-005 4.03582e-009 -6.4416e-008 -4.27703e-010 -4.27703e-010
1.14 -2.86221e-005 4.03581e-009 -6.4416e-008 -1.0761e-010 -1.0761e-010
1.15 -2.8629e-005 4.03581e-009 -6.4416e-008 1.8339e-010 1.8339e-010
1.16 -2.86354e-005 4.03581e-009 -6.4416e-008 3.83075e-010 3.83075e-010
1.17 -2.86411e-005 4.03582e-009 -6.4416e-008 4.51922e-010 4.51922e-010
1.18 -2.86463e-005 4.03582e-009 -6.4416e-008 3.80752e-010 3.80752e-010
1.19 -2.8651e-005 4.03581e-009 -6.4416e-008 1.91496e-010 1.91496e-010
1.2 -2.86549e-005 4.03583e-009 -6.4416e-008 -6.89346e-011 -6.89346e-011
1.21 -2.86576e-005 4.03581e-009 -6.4416e-008 -3.40085e-010 -3.40085e-010
1.22 -2.86584e-005 4.03582e-009 -6.4416e-008 -5.61935e-010 -5.61935e-010
1.23 -2.86573e-005 4.03581e-009 -6.4416e-008 -6.88133e-010 -6.88133e-010
1.24 -2.86543e-005 4.03581e-009 -6.4416e-008 -6.95543e-010 -6.95543e-010
1.25 -2.865e-005 4.03581e-009 -6.4416e-008 -5.88188e-010 -5.88188e-010
1.26 -2.8645e-005 4.03581e-009 -6.4416e-008 -3.95035e-010 -3.95035e-010
1.27 -2.86398e-005 4.03581e-009 -6.4416e-008 -1.62419e-010 -1.62419e-010
1.28 -2.86347e-005 4.03581e-009 -6.4416e-008 5.69236e-011 5.69236e-011
1.29 -2.863e-005 4.03581e-009 -6.4416e-008 2.15663e-010 2.15663e-010
1.3 -2.86258e-005 4.03581e-009 -6.4416e-008 2.81942e-010 2.81942e-010
1.31 -2.86229e-005 4.03581e-009 -6.4416e-008 2.4562e-010 2.4562e-010
1.32 -2.86217e-005 4.03581e-009 -6.4416e-008 1.19482e-010 1.19482e-010
1.33 -2.86221e-005 4.03581e-009 -6.4416e-008 -6.45818e-011 -6.45818e-011
1.34 -2.86241e-005 4.03581e-009 -6.4416e-008 -2.6345e-010 -2.6345e-010
1.35 -2.86283e-005 4.03581e-009 -6.4416e-008 -4.32858e-010 -4.32858e-010
1.36 -2.86353e-005 4.03581e-009 -6.4416e-008 -5.37231e-010 -5.37231e-010
1.37 -2.86449e-005 4.0356e-009 -6.44157e-008 -5.56923e-010 -5.56923e-010
1.38 -2.86558e-005 4.0359e-009 -6.44161e-008 -4.9158e-010 -4.9158e-010
1.39 -2.86662e-005 4.03578e-009 -6.4416e-008 -3.59336e-010 -3.59336e-010
1.4 -2.86745e-005 4.03583e-009 -6.4416e-008 -1.92206e-010 -1.92206e-010
1.41 -2.86797e-005 4.03581e-009 -6.4416e-008 -2.85929e-011 -2.85929e-011
1.42 -2.8682e-005 4.03582e-009 -6.4416e-008 9.546e-011 9.546e-011
1.43 -2.86821e-005 4.03581e-009 -6.4416e-008 1.54254e-010 1.54254e-010
1.44 -2.86802e-005 4.0358e-009 -6.4416e-008 1.37884e-010 1.37884e-010
1.45 -2.86749e-005 4.03584e-009 -6.4416e-008 5.38317e-011 5.38317e-011
1.46 -2.86647e-005 4.03579e-009 -6.4416e-008 -7.57109e-011 -7.57109e-011
1.47 -2.86494e-005 4.03584e-009 -6.4416e-008 -2.19881e-010 -2.19881e-010
1.48 -2.86301e-005 4.03579e-009 -6.4416e-008 -3.46589e-010 -3.46589e-010
1.49 -2.86081e-005 4.03583e-009 -6.4416e-008 -4.29366e-010 -4.29366e-010
1.5 -2.85839e-005 4.03583e-009 -6.4416e-008 -4.52425e-010 -4.52425e-010
1.51 -2.85586e-005 4.03581e-009 -6.4416e-008 -4.13497e-010 -4.13497e-010
1.52 -2.8535e-005 4.03577e-009 -6.44159e-008 -3.23943e-010 -3.23943e-010
1.53 -2.85159e-005 4.0358e-009 -6.4416e-008 -2.0574e-010 -2.0574e-010
1.54 -2.85021e-005 4.03577e-009 -6.44159e-008 -8.59391e-011 -8.59391e-011
1.55 -2.84935e-005 4.03583e-009 -6.4416e-008 9.62785e-012 9.62785e-012
1.56 -2.84903e-005 4.03581e-009 -6.4416e-008 6.16743e-011 6.16743e-011
1.57 -2.84925e-005 4.03582e-009 -6.4416e-008 6.09984e-011 6.09984e-011
1.58 -2.84998e-005 4.03581e-009 -6.4416e-008 9.96167e-012 9.96167e-012
1.59 -2.8511e-005 4.0358e-009 -6.4416e-008 -7.83785e-011 -7.83785e-011
1.6 -2.85242e-005 4.03582e-009 -6.4416e-008 -1.83434e-010 -1.83434e-010
1.61 -2.85377e-005 4.03578e-009 -6.4416e-008 -2.81858e-010 -2.81858e-010
1.62 -2.8551e-005 4.03581e-009 -6.4416e-008 -3.52771e-010 -3.52771e-010
1.63 -2.85641e-005 4.03573e-009 -6.4416e-008 -3.82138e-010 -3.82138e-010
1.64 -2.85763e-005 4.03594e-009 -6.44161e-008 -3.65321e-010 -3.65321e-010
1.65 -2.85864e-005 4.03564e-009 -6.44156e-008 -3.07602e-010 -3.07602e-010
1.66 -2.85931e-005 4.03583e-009 -6.4416e-008 -2.22848e-010 -2.22848e-010
1.67 -2.85962e-005 4.03596e-009 -6.44163e-008 -1.30562e-010 -1.30562e-010
1.68 -2.85968e-005 4.03577e-009 -6.44159e-008 -5.15514e-011 -5.15514e-011
1.69 -2.8596e-005 4.03583e-009 -6.44161e-008 -3.01049e-012 -3.01049e-012
1.7 -2.85951e-005 4.0359e-009 -6.44163e-008 5.45926e-012 5.45926e-012
1.71 -2.8596e-005 4.0359e-009 -6.44158e-008 -2.62842e-011 -2.62842e-011
1.72 -2.86012e-005 4.03578e-009 -6.44161e-008 -8.94144e-011 -8.94144e-011
1.73 -2.86124e-005 4.03601e-009 -6.44158e-008 -1.6845e-010 -1.6845e-010
1.74 -2.8629e-005 4.03575e-009 -6.44161e-008 -2.44811e-010 -2.44811e-010
1.75 -2.86495e-005 4.03586e-009 -6.4416e-008 -3.01132e-010 -3.01132e-010
1.76 -2.86719e-005 4.03215e-009 -6.44127e-008 -3.25414e-010 -3.25414e-010
1.77 -2.86943e-005 4.03313e-009 -6.44123e-008 -3.13786e-010 -3.13786e-010
1.78 -2.87138e-005 4.03692e-009 -6.44175e-008 -2.71007e-010 -2.71007e-010
1.79 -2.87288e-005 4.03509e-009 -6.44151e-008 -2.08779e-010 -2.08779e-010
1.8 -2.87391e-005 4.03636e-009 -6.44185e-008 -1.42594e-010 -1.42594e-010
1.81 -2.87445e-005 4.03562e-009 -6.4415e-008 -8.78107e-011 -8.78107e-011
1.82 -2.87442e-005 4.03589e-009 -6.44164e-008 -5.59274e-011 -5.59274e-011
1.83 -2.87375e-005 4.03534e-009 -6.44152e-008 -5.22668e-011 -5.22668e-011
1.84 -2.8725e-005 4.03662e-009 -6.44187e-008 -7.55482e-011 -7.55482e-011
1.85 -2.87078e-005 4.03555e-009 -6.44149e-008 -1.18864e-010 -1.18864e-010
1.86 -2.86876e-005 4.03648e-009 -6.44165e-008 -1.71463e-010 -1.71463e-010
1.87 -2.8666e-005 4.03575e-009 -6.44158e-008 -2.21198e-010 -2.21198e-010
1.88 -2.86468e-005 4.03592e-009 -6.44161e-008 -2.57351e-010 -2.57351e-010
1.89 -2.86348e-005 4.03505e-009 -6.4416e-008 -2.72992e-010 -2.72992e-010
1.9 -2.86319e-005 4.03774e-009 -6.44157e-008 -2.66016e-010 -2.66016e-010
1.91 -2.86366e-005 4.04338e-009 -6.44098e-008 -2.38904e-010 -2.38904e-010
1.92 -2.86466e-005 4.04056e-009 -6.44141e-008 -1.98025e-010 -1.98025e-010
1.93 -2.86598e-005 4.03385e-009 -6.44168e-008 -1.52606e-010 -1.52606e-010
1.94 -2.86731e-005 4.03759e-009 -6.44156e-008 -1.12842e-010 -1.12842e-010
1.95 -2.86827e-005 4.03504e-009 -6.44169e-008 -8.74356e-011 -8.74356e-011
1.96 -2.86851e-005 4.03613e-009 -6.44157e-008 -8.16304e-011 -8.16304e-011
1.97 -2.86786e-005 4.03546e-009 -6.44143e-008 -9.62625e-011 -9.62625e-011
1.98 -2.86618e-005 4.03661e-009 -6.4416e-008 -1.27672e-010 -1.27672e-010
1.99 -2.86327e-005 4.03613e-009 -6.44153e-008 -1.68421e-010 -1.68421e-010
2 -2.85895e-005 4.03567e-009 -6.44163e-008 -2.09017e-010 -2.09017e-010
2.01 -2.85321e-005 4.03586e-009 -6.44159e-008 -2.40323e-010 -2.40323e-010
2.02 -2.84631e-005 4.0358e-009 -6.4416e-008 -2.55783e-010 -2.55783e-010
2.03 -2.8387e-005 4.03583e-009 -6.4416e-008 -2.5274e-010 -2.5274e-010
2.04 -2.83086e-005 4.0358e-009 -6.4416e-008 -2.32669e-010 -2.32669e-010
2.05 -2.82332e-005 4.03579e-009 -6.44159e-008 -2.00529e-010 -2.00529e-010
2.06 -2.81668e-005 4.03581e-009 -6.44159e-008 -1.63532e-010 -1.63532e-010
2.07 -2.81138e-005 4.0358e-009 -6.44159e-008 -1.29527e-010 -1.29527e-010
2.08 -2.80757e-005 4.03583e-009 -6.44161e-008 -1.05277e-010 -1.05277e-010
2.09 -2.80524e-005 4.03581e-009 -6.4416e-008 -9.52034e-011 -9.52034e-011
2.1 -2.80431e-005 4.03576e-009 -6.4416e-008 -1.0085e-010 -1.0085e-010
2.11 -2.80463e-005 4.03577e-009 -6.44161e-008 -1.20702e-010 -1.20702e-010
2.12 -2.80587e-005 4.03584e-009 -6.44161e-008 -1.50314e-010 -1.50314e-010
2.13 -2.80753e-005 4.03589e-009 -6.44158e-008 -1.83181e-010 -1.83181e-010
2.14 -2.80906e-005 4.03581e-009 -6.44159e-008 -2.1234e-010 -2.1234e-010
2.15 -2.81002e-005 4.03578e-009 -6.4416e-008 -2.32077e-010 -2.32077e-010
2.16 -2.81019e-005 4.03579e-009 -6.4416e-008 -2.39032e-010 -2.39032e-010
2.17 -2.80942e-005 4.03573e-009 -6.44159e-008 -2.32535e-010 -2.32535e-010
2.18 -2.80748e-005 4.03584e-009 -6.4416e-008 -2.14423e-010 -2.14423e-010
2.19 -2.80416e-005 4.0358e-009 -6.4416e-008 -1.88675e-010 -1.88675e-010
2.2 -2.79967e-005 4.03589e-009 -6.44161e-008 -1.60992e-010 -1.60992e-010
2.21 -2.79463e-005 4.03573e-009 -6.44159e-008 -1.37825e-010 -1.37825e-010
2.22 -2.7897e-005 4.03582e-009 -6.4416e-008 -1.24583e-010 -1.24583e-010
2.23 -2.78542e-005 4.03587e-009 -6.4416e-008 -1.23781e-010 -1.23781e-010
2.24 -2.7822e-005 4.03579e-009 -6.4416e-008 -1.34334e-010 -1.34334e-010
2.25 -2.78041e-005 4.03585e-009 -6.44163e-008 -1.52398e-010 -1.52398e-010
2.26 -2.78024e-005 4.0358e-009 -6.44157e-008 -1.72949e-010 -1.72949e-010
2.27 -2.78175e-005 4.03577e-009 -6.4416e-008 -1.91081e-010 -1.91081e-010
2.28 -2.785e-005 4.03592e-009 -6.44158e-008 -2.0289e-010 -2.0289e-010
2.29 -2.78993e-005 4.03569e-009 -6.44157e-008 -2.06264e-010 -2.06264e-010
2.3 -2.79631e-005 4.03587e-009 -6.44161e-008 -2.01284e-010 -2.01284e-010
2.31 -2.80371e-005 4.03592e-009 -6.44163e-008 -1.89891e-010 -1.89891e-010
2.32 -2.81173e-005 4.03624e-009 -6.44167e-008 -1.75275e-010 -1.75275e-010
2.33 -2.81996e-005 4.0357e-009 -6.44158e-008 -1.61204e-010 -1.61204e-010
2.34 -2.82798e-005 4.03689e-009 -6.44197e-008 -1.51059e-010 -1.51059e-010
2.35 -2.83539e-005 4.03544e-009 -6.44146e-008 -1.46919e-010 -1.46919e-010
2.36 -2.8419e-005 4.03598e-009 -6.44166e-008 -1.49279e-010 -1.49279e-010
2.37 -2.84738e-005 4.03606e-009 -6.44157e-008 -1.57287e-010 -1.57287e-010
2.38 -2.85182e-005 4.03571e-009 -6.44161e-008 -1.69058e-010 -1.69058e-010
2.39 -2.85549e-005 4.03629e-009 -6.44148e-008 -1.82042e-010 -1.82042e-010
2.4 -2.85887e-005 4.03612e-009 -6.44146e-008 -1.93533e-010 -1.93533e-010
2.41 -2.86244e-005 4.03618e-009 -6.44162e-008 -2.01144e-010 -2.01144e-010
2.42 -2.86665e-005 4.03707e-009 -6.4414e-008 -2.0313e-010 -2.0313e-010
2.43 -2.87181e-005 4.04437e-009 -6.44046e-008 -1.98686e-010 -1.98686e-010
2.44 -2.87785e-005 4.04076e-009 -6.44128e-008 -1.88197e-010 -1.88197e-010
2.45 -2.88458e-005 4.03831e-009 -6.44147e-008 -1.73465e-010 -1.73465e-010
2.46 -2.89196e-005 4.03516e-009 -6.44165e-008 -1.57825e-010 -1.57825e-010
2.47 -2.90006e-005 4.03839e-009 -6.44117e-008 -1.45588e-010 -1.45588e-010
2.48 -2.90881e-005 4.03477e-009 -6.44178e-008 -1.40504e-010 -1.40504e-010
2.49 -2.91785e-005 4.03612e-009 -6.44153e-008 -1.44142e-010 -1.44142e-010
2.5 -2.92658e-005 4.03564e-009 -6.44163e-008 -1.5537e-010 -1.5537e-010
2.51 -2.93435e-005 4.03583e-009 -6.44159e-008 -1.7109e-010 -1.7109e-010
2.52 -2.94056e-005 4.03618e-009 -6.4416e-008 -1.87491e-010 -1.87491e-010
2.53 -2.94471e-005 4.0359e-009 -6.4416e-008 -2.01092e-010 -2.01092e-010
2.54 -2.94654e-005 4.03566e-009 -6.4416e-008 -2.09432e-010 -2.09432e-010
2.55 -2.94601e-005 4.03584e-009 -6.4416e-008 -2.11477e-010 -2.11477e-010
2.56 -2.94331e-005 4.03577e-009 -6.4416e-008 -2.07602e-010 -2.07602e-010
2.57 -2.9387e-005 4.03583e-009 -6.4416e-008 -1.9916e-010 -1.9916e-010
2.58 -2.93251e-005 4.03579e-009 -6.4416e-008 -1.88e-010 -1.88e-010
2.59 -2.9251e-005 4.03586e-009 -6.44159e-008 -1.7616e-010 -1.7616e-010
2.6 -2.91692e-005 4.03579e-009 -6.4416e-008 -1.65655e-010 -1.65655e-010
2.61 -2.90845e-005 4.03582e-009 -6.4416e-008 -1.58189e-010 -1.58189e-010
2.62 -2.90017e-005 4.03579e-009 -6.4416e-008 -1.54817e-010 -1.54817e-010
2.63 -2.89249e-005 4.0358e-009 -6.4416e-008 -1.55766e-010 -1.55766e-010
2.64 -2.8857e-005 4.03582e-009 -6.4416e-008 -1.60459e-010 -1.60459e-010
2.65 -2.87981e-005 4.0358e-009 -6.44161e-008 -1.67607e-010 -1.67607e-010
2.66 -2.87463e-005 4.03583e-009 -6.4416e-008 -1.75439e-010 -1.75439e-010
2.67 -2.86989e-005 4.03579e-009 -6.44161e-008 -1.82162e-010 -1.82162e-010
2.68 -2.86526e-005 4.0432e-009 -6.44055e-008 -1.86423e-010 -1.86423e-010
2.69 -2.86041e-005 4.03742e-009 -6.44137e-008 -1.87576e-010 -1.87576e-010
2.7 -2.85496e-005 4.0351e-009 -6.44169e-008 -1.85765e-010 -1.85765e-010
2.71 -2.84858e-005 4.03861e-009 -6.44129e-008 -1.8183e-010 -1.8183e-010
2.72 -2.84118e-005 4.03463e-009 -6.44171e-008 -1.77075e-010 -1.77075e-010
2.73 -2.83292e-005 4.03612e-009 -6.44158e-008 -1.72878e-010 -1.72878e-010
2.74 -2.82395e-005 4.03557e-009 -6.4416e-008 -1.70111e-010 -1.70111e-010
2.75 -2.81433e-005 4.03581e-009 -6.44161e-008 -1.68775e-010 -1.68775e-010
2.76 -2.80418e-005 4.03581e-009 -6.44158e-008 -1.6836e-010 -1.6836e-010
2.77 -2.7939e-005 4.03573e-009 -6.4416e-008 -1.6858e-010 -1.6858e-010
2.78 -2.78396e-005 4.03222e-009 -6.43843e-008 -1.69532e-010 -1.69532e-010
2.79 -2.77476e-005 4.02942e-009 -6.43823e-008 -1.71241e-010 -1.71241e-010
2.8 -2.76676e-005 4.03419e-009 -6.44161e-008 -1.7346e-010 -1.7346e-010
2.81 -2.76036e-005 4.03652e-009 -6.4416e-008 -1.7582e-010 -1.7582e-010
2.82 -2.75572e-005 4.03553e-009 -6.4416e-008 -1.77739e-010 -1.77739e-010
2.83 -2.75275e-005 4.03593e-009 -6.4416e-008 -1.7838e-010 -1.7838e-010
2.84 -2.7512e-005 4.03576e-009 -6.4416e-008 -1.77089e-010 -1.77089e-010
2.85 -2.75078e-005 4.03558e-009 -6.4416e-008 -1.73837e-010 -1.73837e-010
2.86 -2.75119e-005 4.03591e-009 -6.4416e-008 -1.69293e-010 -1.69293e-010
2.87 -2.75206e-005 4.03599e-009 -6.4416e-008 -1.64626e-010 -1.64626e-010
2.88 -2.75309e-005 4.03577e-009 -6.4416e-008 -1.61246e-010 -1.61246e-010
2.89 -2.75421e-005 4.03585e-009 -6.4416e-008 -1.60525e-010 -1.60525e-010
2.9 -2.75548e-005 4.03581e-009 -6.44191e-008 -1.63196e-010 -1.63196e-010
2.91 -2.75691e-005 4.0361e-009 -6.44178e-008 -1.68788e-010 -1.68788e-010
2.92 -2.75849e-005 4.03597e-009 -6.44123e-008 -1.75681e-010 -1.75681e-010
2.93 -2.76029e-005 4.03659e-009 -6.44204e-008 -1.81747e-010 -1.81747e-010
2.94 -2.76248e-005 4.03178e-009 -6.43661e-008 -1.85189e-010 -1.85189e-010
2.95 -2.7654e-005 4.03265e-009 -6.43809e-008 -1.8525e-010 -1.8525e-010
2.96 -2.76936e-005 4.03712e-009 -6.44305e-008 -1.82332e-010 -1.82332e-010
2.97 -2.77452e-005 4.0344e-009 -6.4409e-008 -1.77452e-010 -1.77452e-010
2.98 -2.78101e-005 4.03665e-009 -6.4419e-008 -1.71908e-010 -1.71908e-010
2.99 -2.78888e-005 4.03547e-009 -6.44148e-008 -1.67144e-010 -1.67144e-010
3 -2.79817e-005 4.03599e-009 -6.44162e-008 -1.64388e-010 -1.64388e-010
3.01 -2.80886e-005 4.03574e-009 -6.44159e-008 -1.64298e-010 -1.64298e-010
3.02 -2.82079e-005 4.03612e-009 -6.4415e-008 -1.66768e-010 -1.66768e-010
3.03 -2.83368e-005 4.03584e-009 -6.44162e-008 -1.70887e-010 -1.70887e-010
3.04 -2.84719e-005 4.03802e-009 -6.44132e-008 -1.75266e-010 -1.75266e-010
3.05 -2.86084e-005 4.03706e-009 -6.4415e-008 -1.78624e-010 -1.78624e-010
3.06 -2.87411e-005 4.03583e-009 -6.44156e-008 -1.8027e-010 -1.8027e-010
3.07 -2.88678e-005 4.04336e-009 -6.4406e-008 -1.80353e-010 -1.80353e-010
3.08 -2.89892e-005 4.0369e-009 -6.44143e-008 -1.7983e-010 -1.7983e-010
3.09 -2.91061e-005 4.03675e-009 -6.44147e-008 -1.79872e-010 -1.79872e-010
3.1 -2.92171e-005 4.0394e-009 -6.44101e-008 -1.80911e-010 -1.80911e-010
3.11 -2.93204e-005 4.03447e-009 -6.44177e-008 -1.82419e-010 -1.82419e-010
3.12 -2.94159e-005 4.03625e-009 -6.44152e-008 -1.83694e-010 -1.83694e-010
3.13 -2.95063e-005 4.04229e-009 -6.44065e-008 -1.84527e-010 -1.84527e-010
3.14 -2.95932e-005 4.03704e-009 -6.44148e-008 -1.85092e-010 -1.85092e-010
3.15 -2.96756e-005 4.03477e-009 -6.44165e-008 -1.85456e-010 -1.85456e-010
3.16 -2.97504e-005 4.03679e-009 -6.44145e-008 -1.85463e-010 -1.85463e-010
3.17 -2.98147e-005 4.02193e-009 -6.44428e-008 -1.85172e-010 -1.85172e-010
3.18 -2.98665e-005 4.02842e-009 -6.44317e-008 -1.85166e-010 -1.85166e-010
3.19 -2.99058e-005 4.03939e-009 -6.44095e-008 -1.86295e-010 -1.86295e-010
3.2 -2.99343e-005 4.03413e-009 -6.44188e-008 -1.89076e-010 -1.89076e-010
3.21 -2.99526e-005 4.04633e-009 -6.43948e-008 -1.93004e-010 -1.93004e-010
3.22 -2.99582e-005 4.03818e-009 -6.441e-008 -1.96339e-010 -1.96339e-010
3.23 -2.99474e-005 4.03473e-009 -6.44182e-008 -1.96866e-010 -1.96866e-010
3.24 -2.99176e-005 4.03621e-009 -6.44151e-008 -1.93253e-010 -1.93253e-010
3.25 -2.9868e-005 4.03563e-009 -6.44164e-008 -1.85978e-010 -1.85978e-010
3.26 -2.9799e-005 4.03572e-009 -6.44153e-008 -1.77152e-010 -1.77152e-010
3.27 -2.97128e-005 4.03587e-009 -6.44162e-008 -1.69516e-010 -1.69516e-010
3.28 -2.96137e-005 4.03582e-009 -6.44138e-008 -1.65468e-010 -1.65468e-010
3.29 -2.95059e-005 4.03505e-009 -6.44155e-008 -1.66365e-010 -1.66365e-010
3.3 -2.93929e-005 4.03608e-009 -6.44163e-008 -1.72035e-010 -1.72035e-010
3.31 -2.92779e-005 4.03566e-009 -6.4416e-008 -1.8079e-010 -1.8079e-010
3.32 -2.91648e-005 4.03959e-009 -6.44125e-008 -1.89956e-010 -1.89956e-010
3.33 -2.90565e-005 4.03609e-009 -6.44139e-008 -1.9666e-010 -1.9666e-010
3.34 -2.89534e-005 4.03567e-009 -6.44169e-008 -1.98647e-010 -1.98647e-010
3.35 -2.88532e-005 4.03584e-009 -6.44157e-008 -1.94977e-010 -1.94977e-010
3.36 -2.87547e-005 4.03538e-009 -6.44167e-008 -1.86564e-010 -1.86564e-010
3.37 -2.86581e-005 4.03589e-009 -6.44159e-008 -1.76118e-010 -1.76118e-010
3.38 -2.85646e-005 4.04541e-009 -6.44027e-008 -1.67137e-010 -1.67137e-010
3.39 -2.84748e-005 4.03739e-009 -6.44138e-008 -1.6245e-010 -1.6245e-010
3.4 -2.83886e-005 4.03703e-009 -6.44149e-008 -1.63062e-010 -1.63062e-010
3.41 -2.83028e-005 4.03622e-009 -6.44155e-008 -1.67817e-010 -1.67817e-010
3.42 -2.82133e-005 4.0356e-009 -6.44163e-008 -1.74039e-010 -1.74039e-010
3.43 -2.81185e-005 4.03586e-009 -6.44159e-008 -1.78919e-010 -1.78919e-010
3.44 -2.80197e-005 4.03576e-009 -6.44161e-008 -1.80853e-010 -1.80853e-010
3.45 -2.79198e-005 4.03578e-009 -6.4416e-008 -1.79715e-010 -1.79715e-010
3.46 -2.78214e-005 4.0365e-009 -6.44183e-008 -1.76231e-010 -1.76231e-010
3.47 -2.77267e-005 4.03694e-009 -6.44247e-008 -1.71431e-010 -1.71431e-010
3.48 -2.76374e-005 4.01375e-009 -6.43575e-008 -1.66484e-010 -1.66484e-010
3.49 -2.75566e-005 4.02088e-009 -6.43783e-008 -1.62743e-010 -1.62743e-010
3.5 -2.74861e-005 4.04199e-009 -6.44409e-008 -1.61385e-010 -1.61385e-010
3.51 -2.74261e-005 4.0374e-009 -6.43657e-008 -1.62666e-010 -1.62666e-010
3.52 -2.73782e-005 4.04331e-009 -6.44073e-008 -1.6596e-010 -1.6596e-010
3.53 -2.73435e-005 4.0327e-009 -6.44196e-008 -1.70382e-010 -1.70382e-010
3.54 -2.73234e-005 4.03707e-009 -6.44146e-008 -1.74827e-010 -1.74827e-010
3.55 -2.73161e-005 4.03538e-009 -6.44168e-008 -1.77948e-010 -1.77948e-010
3.56 -2.73175e-005 4.03597e-009 -6.44157e-008 -1.78797e-010 -1.78797e-010
3.57 -2.73232e-005 4.03572e-009 -6.44162e-008 -1.77206e-010 -1.77206e-010
3.58 -2.73308e-005 4.03582e-009 -6.4416e-008 -1.73858e-010 -1.73858e-010
3.59 -2.73412e-005 4.03572e-009 -6.44161e-008 -1.70287e-010 -1.70287e-010
3.6 -2.7357e-005 4.03576e-009 -6.4416e-008 -1.68203e-010 -1.68203e-010
3.61 -2.73809e-005 4.03581e-009 -6.4416e-008 -1.68413e-010 -1.68413e-010
3.62 -2.74127e-005 4.03489e-009 -6.4417e-008 -1.70403e-010 -1.70403e-010
3.63 -2.745e-005 4.03617e-009 -6.44156e-008 -1.72613e-010 -1.72613e-010
3.64 -2.74902e-005 4.03565e-009 -6.44162e-008 -1.73222e-010 -1.73222e-010
3.65 -2.75344e-005 4.03586e-009 -6.4416e-008 -1.7149e-010 -1.7149e-010
3.66 -2.75859e-005 4.03602e-009 -6.44162e-008 -1.68406e-010 -1.68406e-010
3.67 -2.76481e-005 4.03574e-009 -6.4416e-008 -1.65788e-010 -1.65788e-010
3.68 -2.7723e-005 4.03583e-009 -6.44157e-008 -1.64982e-010 -1.64982e-010
3.69 -2.78109e-005 4.03579e-009 -6.44159e-008 -1.66303e-010 -1.66303e-010
3.7 -2.79094e-005 4.03581e-009 -6.44161e-008 -1.69141e-010 -1.69141e-010
3.71 -2.80143e-005 4.03544e-009 -6.44155e-008 -1.72444e-010 -1.72444e-010
3.72 -2.81214e-005 4.03601e-009 -6.44162e-008 -1.75425e-010 -1.75425e-010
3.73 -2.82279e-005 4.0351e-009 -6.44151e-008 -1.77908e-010 -1.77908e-010
3.74 -2.83317e-005 4.03612e-009 -6.44164e-008 -1.80167e-010 -1.80167e-010
3.75 -2.84311e-005 4.03609e-009 -6.44156e-008 -1.8254e-010 -1.8254e-010
3.76 -2.85237e-005 4.03567e-009 -6.44162e-008 -1.84999e-010 -1.84999e-010
3.77 -2.86077e-005 4.03601e-009 -6.44161e-008 -1.87059e-010 -1.87059e-010
3.78 -2.86818e-005 4.03551e-009 -6.44156e-008 -1.88054e-010 -1.88054e-010
3.79 -2.87455e-005 4.03818e-009 -6.44138e-008 -1.8744e-010 -1.8744e-010
3.8 -2.87992e-005 4.03599e-009 -6.44159e-008 -1.84981e-010 -1.84981e-010
3.81 -2.88442e-005 4.03572e-009 -6.44161e-008 -1.8092e-010 -1.8092e-010
3.82 -2.8884e-005 4.03964e-009 -6.44102e-008 -1.76103e-010 -1.76103e-010
3.83 -2.89231e-005 4.03888e-009 -6.44123e-008 -1.7179e-010 -1.7179e-010
3.84 -2.89658e-005 4.03453e-009 -6.44176e-008 -1.69057e-010 -1.69057e-010
3.85 -2.90129e-005 4.03863e-009 -6.44127e-008 -1.68162e-010 -1.68162e-010
3.86 -2.9063e-005 4.03756e-009 -6.44133e-008 -1.68505e-010 -1.68505e-010
3.87 -2.91156e-005 4.035e-009 -6.44171e-008 -1.69409e-010 -1.69409e-010
3.88 -2.91706e-005 4.03613e-009 -6.44155e-008 -1.7088e-010 -1.7088e-010
3.89 -2.92268e-005 4.03568e-009 -6.44162e-008 -1.73373e-010 -1.73373e-010
3.9 -2.92805e-005 4.03585e-009 -6.44159e-008 -1.76979e-010 -1.76979e-010
3.91 -2.93263e-005 4.03577e-009 -6.44161e-008 -1.81131e-010 -1.81131e-010
3.92 -2.93581e-005 4.0358e-009 -6.4416e-008 -1.85069e-010 -1.85069e-010
3.93 -2.93722e-005 4.03573e-009 -6.44161e-008 -1.88472e-010 -1.88472e-010
3.94 -2.93676e-005 4.03573e-009 -6.4416e-008 -1.91533e-010 -1.91533e-010
3.95 -2.93456e-005 4.03573e-009 -6.44158e-008 -1.94405e-010 -1.94405e-010
3.96 -2.93077e-005 4.03577e-009 -6.44157e-008 -1.96565e-010 -1.96565e-010
3.97 -2.92559e-005 4.03589e-009 -6.44167e-008 -1.96803e-010 -1.96803e-010
3.98 -2.91935e-005 4.03558e-009 -6.44136e-008 -1.93978e-010 -1.93978e-010
3.99 -2.91259e-005 4.03614e-009 -6.44162e-008 -1.87891e-010 -1.87891e-010
4 -2.90587e-005 4.03562e-009 -6.44158e-008 -1.7952e-010 -1.7952e-010
4.01 -2.89961e-005 4.0358e-009 -6.4416e-008 -1.70564e-010 -1.70564e-010
4.02 -2.89418e-005 4.03773e-009 -6.44117e-008 -1.6289e-010 -1.6289e-010
4.03 -2.88991e-005 4.03591e-009 -6.44148e-008 -1.58183e-010 -1.58183e-010
4.04 -2.88689e-005 4.03551e-009 -6.44159e-008 -1.57626e-010 -1.57626e-010
4.05 -2.88497e-005 4.03631e-009 -6.44142e-008 -1.61482e-010 -1.61482e-010
4.06 -2.88388e-005 4.03705e-009 -6.44136e-008 -1.69016e-010 -1.69016e-010
4.07 -2.88339e-005 4.03483e-009 -6.44164e-008 -1.78797e-010 -1.78797e-010
4.08 -2.88305e-005 4.03592e-009 -6.44158e-008 -1.88898e-010 -1.88898e-010
4.09 -2.8822e-005 4.03541e-009 -6.44161e-008 -1.97159e-010 -1.97159e-010
4.1 -2.88032e-005 4.03937e-009 -6.44106e-008 -2.01754e-010 -2.01754e-010
4.11 -2.87703e-005 4.03768e-009 -6.44132e-008 -2.01857e-010 -2.01857e-010
4.12 -2.87216e-005 4.0341e-009 -6.44154e-008 -1.97831e-010 -1.97831e-010
4.13 -2.8658e-005 4.03672e-009 -6.44142e-008 -1.90857e-010 -1.90857e-010
4.14 -2.85826e-005 4.03542e-009 -6.44168e-008 -1.82514e-010 -1.82514e-010
4.15 -2.84983e-005 4.03578e-009 -6.44158e-008 -1.74375e-010 -1.74375e-010
4.16 -2.8408e-005 4.03562e-009 -6.4416e-008 -1.67593e-010 -1.67593e-010
4.17 -2.83154e-005 4.03589e-009 -6.44161e-008 -1.62801e-010 -1.62801e-010
4.18 -2.82254e-005 4.0353e-009 -6.44148e-008 -1.60355e-010 -1.60355e-010
4.19 -2.81439e-005 4.03543e-009 -6.44157e-008 -1.60473e-010 -1.60473e-010
4.2 -2.80773e-005 4.0358e-009 -6.44163e-008 -1.63032e-010 -1.63032e-010
4.21 -2.80293e-005 4.03614e-009 -6.44161e-008 -1.67248e-010 -1.67248e-010
4.22 -2.80013e-005 4.03548e-009 -6.44162e-008 -1.71593e-010 -1.71593e-010
4.23 -2.79922e-005 4.03592e-009 -6.44159e-008 -1.74365e-010 -1.74365e-010
4.24 -2.79988e-005 4.03594e-009 -6.44162e-008 -1.745e-010 -1.745e-010
4.25 -2.80184e-005 4.05121e-009 -6.44372e-008 -1.7207e-010 -1.7207e-010
4.26 -2.80498e-005 4.05073e-009 -6.44362e-008 -1.68392e-010 -1.68392e-010
4.27 -2.80909e-005 4.03695e-009 -6.44175e-008 -1.65337e-010 -1.65337e-010
4.28 -2.8139e-005 4.0416e-009 -6.4426e-008 -1.64248e-010 -1.64248e-010
4.29 -2.81916e-005 4.04007e-009 -6.44226e-008 -1.65472e-010 -1.65472e-010
4.3 -2.82456e-005 4.03401e-009 -6.44134e-008 -1.68585e-010 -1.68585e-010
4.31 -2.82961e-005 4.03813e-009 -6.44185e-008 -1.72552e-010 -1.72552e-010
4.32 -2.8339e-005 4.03904e-009 -6.44237e-008 -1.75946e-010 -1.75946e-010
4.33 -2.83728e-005 4.03798e-009 -6.44237e-008 -1.7767e-010 -1.7767e-010
4.34 -2.83988e-005 4.03589e-009 -6.44208e-008 -1.77526e-010 -1.77526e-010
4.35 -2.84199e-005 4.03635e-009 -6.44146e-008 -1.76047e-010 -1.76047e-010
4.36 -2.84394e-005 4.03382e-009 -6.44149e-008 -1.7386e-010 -1.7386e-010
4.37 -2.84587e-005 4.02975e-009 -6.43959e-008 -1.71136e-010 -1.71136e-010
4.38 -2.84783e-005 4.0312e-009 -6.43926e-008 -1.67687e-010 -1.67687e-010
4.39 -2.84981e-005 4.03889e-009 -6.44301e-008 -1.63586e-010 -1.63586e-010
4.4 -2.8518e-005 4.05807e-009 -6.44202e-008 -1.59581e-010 -1.59581e-010
4.41 -2.85411e-005 4.0498e-009 -6.4423e-008 -1.56945e-010 -1.56945e-010
4.42 -2.85707e-005 4.02964e-009 -6.44129e-008 -1.5685e-010 -1.5685e-010
4.43 -2.86097e-005 4.03833e-009 -6.44173e-008 -1.59675e-010 -1.59675e-010
4.44 -2.86609e-005 4.03503e-009 -6.44156e-008 -1.64677e-010 -1.64677e-010
4.45 -2.87256e-005 4.03726e-009 -6.44151e-008 -1.70215e-010 -1.70215e-010
4.46 -2.88015e-005 4.03505e-009 -6.44163e-008 -1.74314e-010 -1.74314e-010
4.47 -2.88822e-005 4.03338e-009 -6.44186e-008 -1.75333e-010 -1.75333e-010
4.48 -2.89618e-005 4.02971e-009 -6.44234e-008 -1.72768e-010 -1.72768e-010
4.49 -2.90373e-005 4.03782e-009 -6.44126e-008 -1.67863e-010 -1.67863e-010
4.5 -2.9108e-005 4.03679e-009 -6.44154e-008 -1.63319e-010 -1.63319e-010
4.51 -2.91741e-005 4.03727e-009 -6.44143e-008 -1.62018e-010 -1.62018e-010
4.52 -2.92362e-005 4.03463e-009 -6.44167e-008 -1.65445e-010 -1.65445e-010
4.53 -2.92938e-005 4.03655e-009 -6.44155e-008 -1.72737e-010 -1.72737e-010
4.54 -2.93453e-005 4.03515e-009 -6.44155e-008 -1.81024e-010 -1.81024e-010
4.55 -2.93888e-005 4.03707e-009 -6.44135e-008 -1.86899e-010 -1.86899e-010
4.56 -2.94228e-005 4.03538e-009 -6.44166e-008 -1.87978e-010 -1.87978e-010
4.57 -2.94453e-005 4.03707e-009 -6.4415e-008 -1.83686e-010 -1.83686e-010
4.58 -2.94565e-005 4.0364e-009 -6.44161e-008 -1.75386e-010 -1.75386e-010
4.59 -2.94606e-005 4.03678e-009 -6.44157e-008 -1.66147e-010 -1.66147e-010
4.6 -2.94635e-005 4.037e-009 -6.44131e-008 -1.59721e-010 -1.59721e-010
4.61 -2.94694e-005 4.03534e-009 -6.4417e-008 -1.58775e-010 -1.58775e-010
4.62 -2.94782e-005 4.03383e-009 -6.44166e-008 -1.63504e-010 -1.63504e-010
4.63 -2.94883e-005 4.03338e-009 -6.44188e-008 -1.71671e-010 -1.71671e-010
4.64 -2.94996e-005 4.03678e-009 -6.44149e-008 -1.80039e-010 -1.80039e-010
4.65 -2.95125e-005 4.03528e-009 -6.44162e-008 -1.85939e-010 -1.85939e-010
4.66 -2.95253e-005 4.03601e-009 -6.44159e-008 -1.87886e-010 -1.87886e-010
4.67 -2.95334e-005 4.03569e-009 -6.4416e-008 -1.85603e-010 -1.85603e-010
4.68 -2.95322e-005 4.03584e-009 -6.4416e-008 -1.80206e-010 -1.80206e-010
4.69 -2.95199e-005 4.03565e-009 -6.44157e-008 -1.74257e-010 -1.74257e-010
4.7 -2.94973e-005 4.04405e-009 -6.43999e-008 -1.70919e-010 -1.70919e-010
4.71 -2.94661e-005 4.03949e-009 -6.44082e-008 -1.72397e-010 -1.72397e-010
4.72 -2.9427e-005 4.03447e-009 -6.44196e-008 -1.78512e-010 -1.78512e-010
4.73 -2.93775e-005 4.03609e-009 -6.44143e-008 -1.86475e-010 -1.86475e-010
4.74 -2.93144e-005 4.03581e-009 -6.44169e-008 -1.92264e-010 -1.92264e-010
4.75 -2.92377e-005 4.0357e-009 -6.44154e-008 -1.92807e-010 -1.92807e-010
4.76 -2.91507e-005 4.03582e-009 -6.44162e-008 -1.87582e-010 -1.87582e-010
4.77 -2.90595e-005 4.03581e-009 -6.4416e-008 -1.78593e-010 -1.78593e-010
4.78 -2.89708e-005 4.03588e-009 -6.44165e-008 -1.6889e-010 -1.6889e-010
4.79 -2.88882e-005 4.03567e-009 -6.44157e-008 -1.61052e-010 -1.61052e-010
4.8 -2.88127e-005 4.03654e-009 -6.44184e-008 -1.56545e-010 -1.56545e-010
4.81 -2.87448e-005 4.03553e-009 -6.44151e-008 -1.5582e-010 -1.5582e-010
4.82 -2.86843e-005 4.03588e-009 -6.44195e-008 -1.58551e-010 -1.58551e-010
4.83 -2.86304e-005 4.04361e-009 -6.44037e-008 -1.63733e-010 -1.63733e-010
4.84 -2.85853e-005 4.04269e-009 -6.44082e-008 -1.69992e-010 -1.69992e-010
4.85 -2.85526e-005 4.02913e-009 -6.44072e-008 -1.75964e-010 -1.75964e-010
4.86 -2.85297e-005 4.03419e-009 -6.44057e-008 -1.80236e-010 -1.80236e-010
4.87 -2.85058e-005 4.03646e-009 -6.44203e-008 -1.81089e-010 -1.81089e-010
4.88 -2.84715e-005 4.0363e-009 -6.44166e-008 -1.77397e-010 -1.77397e-010
4.89 -2.84253e-005 4.03794e-009 -6.44235e-008 -1.70418e-010 -1.70418e-010
4.9 -2.83707e-005 4.0349e-009 -6.44129e-008 -1.63869e-010 -1.63869e-010
4.91 -2.83109e-005 4.03502e-009 -6.44282e-008 -1.61375e-010 -1.61375e-010
4.92 -2.82456e-005 4.03611e-009 -6.4411e-008 -1.63789e-010 -1.63789e-010
4.93 -2.81736e-005 4.03566e-009 -6.44181e-008 -1.6904e-010 -1.6904e-010
4.94 -2.80942e-005 4.03479e-009 -6.44139e-008 -1.73997e-010 -1.73997e-010
4.95 -2.80068e-005 4.03713e-009 -6.44256e-008 -1.76207e-010 -1.76207e-010
4.96 -2.79124e-005 4.03464e-009 -6.44204e-008 -1.74872e-010 -1.74872e-010
4.97 -2.78168e-005 4.03399e-009 -6.44364e-008 -1.7101e-010 -1.7101e-010
4.98 -2.77268e-005 4.03584e-009 -6.44099e-008 -1.66565e-010 -1.66565e-010
4.99 -2.7646e-005 4.0329e-009 -6.44279e-008 -1.63041e-010 -1.63041e-010
5 -2.75729e-005 4.04041e-009 -6.44001e-008 -1.60789e-010 -1.60789e-010
5.01 -2.75073e-005 4.03596e-009 -6.44159e-008 -1.59524e-010 -1.59524e-010
5.02 -2.74508e-005 4.03559e-009 -6.44168e-008 -1.59249e-010 -1.59249e-010
5.03 -2.74052e-005 4.03581e-009 -6.44159e-008 -1.60236e-010 -1.60236e-010
5.04 -2.73709e-005 4.03575e-009 -6.44162e-008 -1.62288e-010 -1.62288e-010
5.05 -2.73466e-005 4.0358e-009 -6.4416e-008 -1.64507e-010 -1.64507e-010
5.06 -2.73276e-005 4.03548e-009 -6.44171e-008 -1.65858e-010 -1.65858e-010
5.07 -2.73075e-005 4.0351e-009 -6.44183e-008 -1.65822e-010 -1.65822e-010
5.08 -2.72838e-005 4.03062e-009 -6.44274e-008 -1.64877e-010 -1.64877e-010
5.09 -2.72578e-005 4.02657e-009 -6.44426e-008 -1.64482e-010 -1.64482e-010
5.1 -2.72302e-005 4.05561e-009 -6.43549e-008 -1.66177e-010 -1.66177e-010
5.11 -2.72026e-005 4.03653e-009 -6.44125e-008 -1.70371e-010 -1.70371e-010
5.12 -2.71769e-005 4.03545e-009 -6.44176e-008 -1.75933e-010 -1.75933e-010
5.13 -2.71551e-005 4.03505e-009 -6.44131e-008 -1.80926e-010 -1.80926e-010
5.14 -2.71352e-005 4.03521e-009 -6.44159e-008 -1.83558e-010 -1.83558e-010
5.15 -2.71142e-005 4.03597e-009 -6.44172e-008 -1.82721e-010 -1.82721e-010
5.16 -2.70932e-005 4.03488e-009 -6.44176e-008 -1.78518e-010 -1.78518e-010
5.17 -2.70751e-005 4.03557e-009 -6.44166e-008 -1.72458e-010 -1.72458e-010
5.18 -2.70616e-005 4.03593e-009 -6.44157e-008 -1.66655e-010 -1.66655e-010
5.19 -2.70539e-005 4.02981e-009 -6.44278e-008 -1.62858e-010 -1.62858e-010
5.2 -2.70552e-005 4.02918e-009 -6.44329e-008 -1.62018e-010 -1.62018e-010
5.21 -2.70709e-005 4.03685e-009 -6.44143e-008 -1.6415e-010 -1.6415e-010
5.22 -2.71058e-005 4.02892e-009 -6.44334e-008 -1.68232e-010 -1.68232e-010
5.23 -2.71625e-005 4.03547e-009 -6.44191e-008 -1.72261e-010 -1.72261e-010
5.24 -2.72433e-005 4.03591e-009 -6.44151e-008 -1.74035e-010 -1.74035e-010
5.25 -2.73492e-005 4.03637e-009 -6.44152e-008 -1.7237e-010 -1.7237e-010
5.26 -2.74802e-005 4.03636e-009 -6.44142e-008 -1.67506e-010 -1.67506e-010
5.27 -2.76383e-005 4.03627e-009 -6.44149e-008 -1.60755e-010 -1.60755e-010
5.28 -2.78252e-005 4.03636e-009 -6.44149e-008 -1.5434e-010 -1.5434e-010
5.29 -2.80398e-005 4.03609e-009 -6.44142e-008 -1.50705e-010 -1.50705e-010
5.3 -2.82782e-005 4.02386e-009 -6.44234e-008 -1.51165e-010 -1.51165e-010
5.31 -2.8537e-005 4.02726e-009 -6.44204e-008 -1.55486e-010 -1.55486e-010
5.32 -2.88113e-005 4.04952e-009 -6.44003e-008 -1.62675e-010 -1.62675e-010
5.33 -2.90945e-005 4.0419e-009 -6.44056e-008 -1.71559e-010 -1.71559e-010
5.34 -2.93811e-005 4.03692e-009 -6.44139e-008 -1.80949e-010 -1.80949e-010
5.35 -2.96678e-005 4.03912e-009 -6.4412e-008 -1.89864e-010 -1.89864e-010
5.36 -2.99551e-005 4.04581e-009 -6.43879e-008 -1.97544e-010 -1.97544e-010
5.37 -3.02411e-005 4.04264e-009 -6.44034e-008 -2.03085e-010 -2.03085e-010
5.38 -3.05166e-005 4.03488e-009 -6.44025e-008 -2.04921e-010 -2.04921e-010
5.39 -3.07728e-005 4.02852e-009 -6.43992e-008 -2.01671e-010 -2.01671e-010
5.4 -3.10098e-005 4.01875e-009 -6.44151e-008 -1.94157e-010 -1.94157e-010
5.41 -3.12331e-005 4.01147e-009 -6.44171e-008 -1.8602e-010 -1.8602e-010
5.42 -3.14464e-005 4.00262e-009 -6.44119e-008 -1.81534e-010 -1.81534e-010
5.43 -3.16466e-005 3.99686e-009 -6.44206e-008 -1.82121e-010 -1.82121e-010
5.44 -3.18245e-005 3.99303e-009 -6.44168e-008 -1.85665e-010 -1.85665e-010
5.45 -3.19737e-005 3.98912e-009 -6.44348e-008 -1.89503e-010 -1.89503e-010
5.46 -3.20956e-005 3.98277e-009 -6.44483e-008 -1.92991e-010 -1.92991e-010
5.47 -3.21924e-005 3.97815e-009 -6.44413e-008 -1.96687e-010 -1.96687e-010
5.48 -3.22647e-005 3.98104e-009 -6.44209e-008 -2.00165e-010 -2.00165e-010
5.49 -3.23115e-005 3.97741e-009 -6.4427e-008 -2.01772e-010 -2.01772e-010
5.5 -3.23297e-005 3.97761e-009 -6.44268e-008 -1.99993e-010 -1.99993e-010
5.51 -3.23134e-005 3.97593e-009 -6.44348e-008 -1.9465e-010 -1.9465e-010
5.52 -3.22579e-005 3.97619e-009 -6.44249e-008 -1.87299e-010 -1.87299e-010
5.53 -3.21637e-005 3.97824e-009 -6.44295e-008 -1.80921e-010 -1.80921e-010
5.54 -3.20325e-005 3.97756e-009 -6.44297e-008 -1.78883e-010 -1.78883e-010
5.55 -3.18648e-005 3.97795e-009 -6.44296e-008 -1.83106e-010 -1.83106e-010
5.56 -3.16592e-005 3.97768e-009 -6.44286e-008 -1.92596e-010 -1.92596e-010
5.57 -3.14129e-005 3.97765e-009 -6.44283e-008 -2.03823e-010 -2.03823e-010
5.58 -3.11243e-005 3.97785e-009 -6.44304e-008 -2.12573e-010 -2.12573e-010
5.59 -3.07941e-005 3.97785e-009 -6.44298e-008 -2.15665e-010 -2.15665e-010
5.6 -3.0424e-005 3.97815e-009 -6.44245e-008 -2.11442e-010 -2.11442e-010
5.61 -3.00155e-005 3.97776e-009 -6.44261e-008 -1.99889e-010 -1.99889e-010
5.62 -2.95703e-005 3.98001e-009 -6.44225e-008 -1.828e-010 -1.828e-010
5.63 -2.90956e-005 3.98283e-009 -6.44155e-008 -1.63275e-010 -1.63275e-010
5.64 -2.86043e-005 3.99522e-009 -6.44026e-008 -1.45405e-010 -1.45405e-010
5.65 -2.81088e-005 3.99506e-009 -6.44148e-008 -1.33253e-010 -1.33253e-010
5.66 -2.76172e-005 3.97494e-009 -6.4445e-008 -1.28573e-010 -1.28573e-010
5.67 -2.71335e-005 3.99064e-009 -6.44498e-008 -1.29831e-010 -1.29831e-010
5.68 -2.6664e-005 3.98451e-009 -6.45254e-008 -1.34142e-010 -1.34142e-010
5.69 -2.62204e-005 3.91191e-009 -6.46478e-008 -1.39786e-010 -1.39786e-010
5.7 -2.58135e-005 3.84889e-009 -6.45454e-008 -1.46416e-010 -1.46416e-010
5.71 -2.54502e-005 4.13917e-009 -6.40718e-008 -1.53859e-010 -1.53859e-010
5.72 -2.51375e-005 4.05257e-009 -6.43005e-008 -1.61343e-010 -1.61343e-010
5.73 -2.48766e-005 3.94807e-009 -6.44393e-008 -1.67219e-010 -1.67219e-010
5.74 -2.46702e-005 3.99289e-009 -6.43876e-008 -1.69868e-010 -1.69868e-010
5.75 -2.45261e-005 3.97668e-009 -6.44215e-008 -1.6941e-010 -1.6941e-010
5.76 -2.44459e-005 3.97662e-009 -6.44566e-008 -1.67514e-010 -1.67514e-010
5.77 -2.44289e-005 3.98084e-009 -6.44522e-008 -1.66026e-010 -1.66026e-010
5.78 -2.44698e-005 3.99144e-009 -6.44015e-008 -1.65356e-010 -1.65356e-010
5.79 -2.45595e-005 3.98777e-009 -6.44249e-008 -1.63864e-010 -1.63864e-010
5.8 -2.46856e-005 3.97384e-009 -6.4431e-008 -1.60425e-010 -1.60425e-010
5.81 -2.48348e-005 3.98009e-009 -6.44281e-008 -1.56455e-010 -1.56455e-010
5.82 -2.50002e-005 3.97851e-009 -6.4426e-008 -1.54917e-010 -1.54917e-010
5.83 -2.51845e-005 3.97856e-009 -6.44289e-008 -1.58629e-010 -1.58629e-010
5.84 -2.53914e-005 3.98039e-009 -6.44259e-008 -1.68338e-010 -1.68338e-010
5.85 -2.5617e-005 3.98023e-009 -6.44265e-008 -1.81333e-010 -1.81333e-010
5.86 -2.58529e-005 3.97869e-009 -6.44291e-008 -1.92655e-010 -1.92655e-010
5.87 -2.6092e-005 3.97809e-009 -6.44297e-008 -1.97958e-010 -1.97958e-010
5.88 -2.63318e-005 3.97997e-009 -6.44278e-008 -1.95392e-010 -1.95392e-010
5.89 -2.65744e-005 3.98057e-009 -6.44273e-008 -1.86019e-010 -1.86019e-010
5.9 -2.68278e-005 3.98063e-009 -6.44262e-008 -1.73201e-010 -1.73201e-010
5.91 -2.71015e-005 3.96811e-009 -6.44118e-008 -1.61245e-010 -1.61245e-010
5.92 -2.74045e-005 3.95995e-009 -6.44115e-008 -1.54175e-010 -1.54175e-010
5.93 -2.77447e-005 3.98956e-009 -6.44187e-008 -1.54345e-010 -1.54345e-010
5.94 -2.81276e-005 4.00545e-009 -6.44287e-008 -1.60993e-010 -1.60993e-010
5.95 -2.85531e-005 3.99632e-009 -6.4418e-008 -1.70452e-010 -1.70452e-010
5.96 -2.9013e-005 4.00629e-009 -6.43822e-008 -1.78357e-010 -1.78357e-010
5.97 -2.94946e-005 4.00259e-009 -6.43908e-008 -1.81899e-010 -1.81899e-010
5.98 -2.99861e-005 3.95125e-009 -6.44374e-008 -1.80947e-010 -1.80947e-010
5.99 -3.0474e-005 4.00893e-009 -6.43839e-008 -1.78321e-010 -1.78321e-010
6 -3.09403e-005 3.98149e-009 -6.44255e-008 -1.78309e-010 -1.78309e-010
6.01 -3.13603e-005 3.98674e-009 -6.4419e-008 -1.8348e-010 -1.8348e-010
6.02 -3.17083e-005 3.97546e-009 -6.44284e-008 -1.94276e-010 -1.94276e-010
6.03 -3.19663e-005 3.97748e-009 -6.44254e-008 -2.11584e-010 -2.11584e-010
6.04 -3.21187e-005 3.97286e-009 -6.44369e-008 -2.35618e-010 -2.35618e-010
6.05 -3.21547e-005 3.97073e-009 -6.44389e-008 -2.61945e-010 -2.61945e-010
6.06 -3.20705e-005 3.97975e-009 -6.43979e-008 -2.82492e-010 -2.82492e-010
6.07 -3.18674e-005 3.96441e-009 -6.44033e-008 -2.90963e-010 -2.90963e-010
6.08 -3.15545e-005 3.97923e-009 -6.43855e-008 -2.84579e-010 -2.84579e-010
6.09 -3.11464e-005 3.97548e-009 -6.44205e-008 -2.6242e-010 -2.6242e-010
6.1 -3.0665e-005 3.96934e-009 -6.43729e-008 -2.2783e-010 -2.2783e-010
6.11 -3.01385e-005 3.92899e-009 -6.43413e-008 -1.9114e-010 -1.9114e-010
6.12 -2.96024e-005 3.99356e-009 -6.44327e-008 -1.64598e-010 -1.64598e-010
6.13 -2.90952e-005 3.95873e-009 -6.44499e-008 -1.53616e-010 -1.53616e-010
6.14 -2.86543e-005 3.91377e-009 -6.43718e-008 -1.54847e-010 -1.54847e-010
6.15 -2.83139e-005 3.96762e-009 -6.44145e-008 -1.62533e-010 -1.62533e-010
6.16 -2.81027e-005 3.9772e-009 -6.44422e-008 -1.72306e-010 -1.72306e-010
6.17 -2.80378e-005 3.98872e-009 -6.44389e-008 -1.79373e-010 -1.79373e-010
6.18 -2.81242e-005 3.97449e-009 -6.44315e-008 -1.78648e-010 -1.78648e-010
6.19 -2.83567e-005 3.97867e-009 -6.4429e-008 -1.67795e-010 -1.67795e-010
6.2 -2.87204e-005 3.97902e-009 -6.44291e-008 -1.49039e-010 -1.49039e-010
6.21 -2.91961e-005 3.98018e-009 -6.44266e-008 -1.28886e-010 -1.28886e-010
6.22 -2.97662e-005 3.97627e-009 -6.44316e-008 -1.16205e-010 -1.16205e-010
6.23 -3.04123e-005 3.97995e-009 -6.44266e-008 -1.18495e-010 -1.18495e-010
6.24 -3.11108e-005 3.98114e-009 -6.44299e-008 -1.37746e-010 -1.37746e-010
6.25 -3.18288e-005 3.97846e-009 -6.4431e-008 -1.68581e-010 -1.68581e-010
6.26 -3.25258e-005 3.9732e-009 -6.44402e-008 -2.00325e-010 -2.00325e-010
6.27 -3.31582e-005 3.88849e-009 -6.44983e-008 -2.22807e-010 -2.22807e-010
6.28 -3.36899e-005 3.88489e-009 -6.44785e-008 -2.31592e-010 -2.31592e-010
6.29 -3.41028e-005 3.92064e-009 -6.44501e-008 -2.28695e-010 -2.28695e-010
6.3 -3.44014e-005 3.91372e-009 -6.4449e-008 -2.20571e-010 -2.20571e-010
6.31 -3.45993e-005 3.91108e-009 -6.44582e-008 -2.14299e-010 -2.14299e-010
6.32 -3.46996e-005 3.94174e-009 -6.44555e-008 -2.13011e-010 -2.13011e-010
6.33 -3.46905e-005 3.92818e-009 -6.44699e-008 -2.14257e-010 -2.14257e-010
6.34 -3.45525e-005 3.91821e-009 -6.4478e-008 -2.12754e-010 -2.12754e-010
6.35 -3.42705e-005 3.85316e-009 -6.44859e-008 -2.0494e-010 -2.0494e-010
6.36 -3.38477e-005 3.90018e-009 -6.44646e-008 -1.92249e-010 -1.92249e-010
6.37 -3.33047e-005 3.90992e-009 -6.4449e-008 -1.81356e-010 -1.81356e-010
6.38 -3.26771e-005 3.9159e-009 -6.44691e-008 -1.8031e-010 -1.8031e-010
6.39 -3.19949e-005 3.86306e-009 -6.43866e-008 -1.91934e-010 -1.91934e-010
6.4 -3.12656e-005 3.92553e-009 -6.44719e-008 -2.09631e-010 -2.09631e-010
6.41 -3.04877e-005 3.93809e-009 -6.44954e-008 -2.20034e-010 -2.20034e-010
6.42 -2.96712e-005 3.92161e-009 -6.4444e-008 -2.11692e-010 -2.11692e-010
6.43 -2.88358e-005 3.91538e-009 -6.44137e-008 -1.83046e-010 -1.83046e-010
6.44 -2.80127e-005 3.97328e-009 -6.44119e-008 -1.42064e-010 -1.42064e-010
6.45 -2.72367e-005 3.88628e-009 -6.44253e-008 -1.00009e-010 -1.00009e-010
6.46 -2.65381e-005 3.87452e-009 -6.45264e-008 -6.58426e-011 -6.58426e-011
6.47 -2.59414e-005 3.87101e-009 -6.44002e-008 -4.37565e-011 -4.37565e-011
6.48 -2.54575e-005 3.98026e-009 -6.42711e-008 -3.41394e-011 -3.41394e-011
6.49 -2.50846e-005 3.96666e-009 -6.43334e-008 -3.53997e-011 -3.53997e-011
6.5 -2.48182e-005 3.93509e-009 -6.43594e-008 -4.62855e-011 -4.62855e-011
6.51 -2.46489e-005 4.04895e-009 -6.43347e-008 -6.66625e-011 -6.66625e-011
6.52 -2.45611e-005 3.97878e-009 -6.43691e-008 -9.39444e-011 -9.39444e-011
6.53 -2.45269e-005 3.87821e-009 -6.44658e-008 -1.20427e-010 -1.20427e-010
6.54 -2.45074e-005 3.9797e-009 -6.43669e-008 -1.38311e-010 -1.38311e-010
6.55 -2.44701e-005 3.8711e-009 -6.44754e-008 -1.48808e-010 -1.48808e-010
6.56 -2.4389e-005 3.88596e-009 -6.45141e-008 -1.59558e-010 -1.59558e-010
6.57 -2.42481e-005 3.84245e-009 -6.45191e-008 -1.7245e-010 -1.7245e-010
6.58 -2.40388e-005 3.929e-009 -6.44792e-008 -1.83542e-010 -1.83542e-010
6.59 -2.37613e-005 3.87955e-009 -6.44725e-008 -1.91381e-010 -1.91381e-010
6.6 -2.3418e-005 3.92036e-009 -6.44386e-008 -1.97187e-010 -1.97187e-010
6.61 -2.30188e-005 3.88407e-009 -6.44688e-008 -2.00462e-010 -2.00462e-010
6.62 -2.25822e-005 3.88561e-009 -6.44769e-008 -1.98225e-010 -1.98225e-010
6.63 -2.21363e-005 3.89982e-009 -6.44628e-008 -1.88072e-010 -1.88072e-010
6.64 -2.17158e-005 3.90256e-009 -6.44599e-008 -1.70926e-010 -1.70926e-010
6.65 -2.13603e-005 3.90943e-009 -6.44504e-008 -1.50038e-010 -1.50038e-010
6.66 -2.11047e-005 3.90473e-009 -6.44529e-008 -1.2929e-010 -1.2929e-010
6.67 -2.09723e-005 3.90664e-009 -6.44519e-008 -1.12603e-010 -1.12603e-010
6.68 -2.09783e-005 3.90587e-009 -6.44523e-008 -1.02661e-010 -1.02661e-010
6.69 -2.11315e-005 3.90684e-009 -6.44525e-008 -1.00115e-010 -1.00115e-010
6.7 -2.14334e-005 3.90672e-009 -6.44526e-008 -1.04631e-010 -1.04631e-010
6.71 -2.1878e-005 3.90673e-009 -6.44525e-008 -1.16114e-010 -1.16114e-010
6.72 -2.24497e-005 3.90824e-009 -6.44545e-008 -1.33534e-010 -1.33534e-010
6.73 -2.31268e-005 3.90767e-009 -6.44538e-008 -1.52331e-010 -1.52331e-010
6.74 -2.38873e-005 3.90663e-009 -6.44513e-008 -1.64558e-010 -1.64558e-010
6.75 -2.47092e-005 3.90875e-009 -6.44523e-008 -1.63927e-010 -1.63927e-010
6.76 -2.5571e-005 3.90993e-009 -6.44498e-008 -1.5107e-010 -1.5107e-010
6.77 -2.64598e-005 3.91717e-009 -6.44494e-008 -1.3324e-010 -1.3324e-010
6.78 -2.73657e-005 3.92689e-009 -6.44167e-008 -1.19809e-010 -1.19809e-010
6.79 -2.82738e-005 3.84912e-009 -6.42781e-008 -1.18499e-010 -1.18499e-010
6.8 -2.91671e-005 4.144e-009 -6.44812e-008 -1.3225e-010 -1.3225e-010
6.81 -3.00299e-005 4.17241e-009 -6.4602e-008 -1.56012e-010 -1.56012e-010
6.82 -3.08457e-005 3.96374e-009 -6.44803e-008 -1.8191e-010 -1.8191e-010
6.83 -3.16015e-005 3.8703e-009 -6.45645e-008 -2.07353e-010 -2.07353e-010
6.84 -3.22834e-005 3.96999e-009 -6.43506e-008 -2.32315e-010 -2.32315e-010
6.85 -3.28706e-005 3.92256e-009 -6.44374e-008 -2.54044e-010 -2.54044e-010
6.86 -3.33529e-005 3.93062e-009 -6.44667e-008 -2.68608e-010 -2.68608e-010
6.87 -3.37274e-005 3.94693e-009 -6.44894e-008 -2.73715e-010 -2.73715e-010
6.88 -3.39915e-005 3.91613e-009 -6.4449e-008 -2.68117e-010 -2.68117e-010
6.89 -3.41373e-005 3.90964e-009 -6.44513e-008 -2.50907e-010 -2.50907e-010
6.9 -3.41594e-005 3.9099e-009 -6.44388e-008 -2.22328e-010 -2.22328e-010
6.91 -3.40607e-005 3.91841e-009 -6.4413e-008 -1.84468e-010 -1.84468e-010
6.92 -3.38553e-005 3.86909e-009 -6.4567e-008 -1.42577e-010 -1.42577e-010
6.93 -3.35597e-005 3.88614e-009 -6.4512e-008 -1.05261e-010 -1.05261e-010
6.94 -3.31834e-005 3.91594e-009 -6.44255e-008 -8.08179e-011 -8.08179e-011
6.95 -3.27341e-005 3.90632e-009 -6.44541e-008 -7.37364e-011 -7.37364e-011
6.96 -3.22276e-005 3.90899e-009 -6.44418e-008 -8.47403e-011 -8.47403e-011
6.97 -3.16874e-005 3.90517e-009 -6.44535e-008 -1.12332e-010 -1.12332e-010
6.98 -3.11356e-005 3.9066e-009 -6.44518e-008 -1.5344e-010 -1.5344e-010
6.99 -3.05841e-005 3.90667e-009 -6.44506e-008 -2.01568e-010 -2.01568e-010
7 -3.00351e-005 3.9113e-009 -6.44379e-008 -2.45203e-010 -2.45203e-010
7.01 -2.94968e-005 3.90772e-009 -6.44537e-008 -2.72676e-010 -2.72676e-010
7.02 -2.89841e-005 3.91613e-009 -6.44312e-008 -2.79347e-010 -2.79347e-010
7.03 -2.85061e-005 3.93052e-009 -6.44281e-008 -2.67557e-010 -2.67557e-010
7.04 -2.80612e-005 3.91419e-009 -6.44361e-008 -2.42073e-010 -2.42073e-010
7.05 -2.76386e-005 3.89997e-009 -6.44559e-008 -2.07761e-010 -2.07761e-010
7.06 -2.72312e-005 3.89417e-009 -6.44304e-008 -1.70088e-010 -1.70088e-010
7.07 -2.68458e-005 3.88631e-009 -6.4428e-008 -1.36135e-010 -1.36135e-010
7.08 -2.64997e-005 3.90495e-009 -6.44502e-008 -1.13317e-010 -1.13317e-010
7.09 -2.62142e-005 2.82391e-009 -6.37018e-008 -1.07039e-010 -1.07039e-010
7.1 -2.59837e-005 4.55034e-009 -6.47503e-008 -1.14426e-010 -1.14426e-010
7.11 -2.58121e-005 3.8906e-009 -6.4347e-008 -1.2116e-010 -1.2116e-010
7.12 -2.56878e-005 3.9819e-009 -6.45156e-008 -1.15069e-010 -1.15069e-010
7.13 -2.56031e-005 3.91119e-009 -6.44349e-008 -9.63462e-011 -9.63462e-011
7.14 -2.55475e-005 3.90855e-009 -6.44905e-008 -7.07164e-011 -7.07164e-011
7.15 -2.55103e-005 3.81528e-009 -6.45238e-008 -4.35078e-011 -4.35078e-011
7.16 -2.54868e-005 4.00898e-009 -6.43391e-008 -2.22214e-011 -2.22214e-011
7.17 -2.54753e-005 4.07481e-009 -6.4283e-008 -1.83069e-011 -1.83069e-011
7.18 -2.54708e-005 3.9222e-009 -6.4442e-008 -3.9583e-011 -3.9583e-011
7.19 -2.54698e-005 3.97512e-009 -6.43575e-008 -8.08567e-011 -8.08567e-011
7.2 -2.54773e-005 3.89148e-009 -6.44736e-008 -1.31726e-010 -1.31726e-010
7.21 -2.54885e-005 3.90543e-009 -6.44442e-008 -1.89245e-010 -1.89245e-010
7.22 -2.55023e-005 3.89855e-009 -6.44585e-008 -2.48939e-010 -2.48939e-010
7.23 -2.55349e-005 3.90366e-009 -6.44563e-008 -2.95458e-010 -2.95458e-010
7.24 -2.56038e-005 3.90698e-009 -6.44502e-008 -3.14957e-010 -3.14957e-010
7.25 -2.57262e-005 3.91144e-009 -6.44413e-008 -3.06799e-010 -3.06799e-010
7.26 -2.59168e-005 3.9237e-009 -6.44271e-008 -2.76194e-010 -2.76194e-010
7.27 -2.61947e-005 3.91966e-009 -6.4433e-008 -2.19356e-010 -2.19356e-010
7.28 -2.65729e-005 3.94963e-009 -6.43739e-008 -1.3106e-010 -1.3106e-010
7.29 -2.7047e-005 4.00488e-009 -6.43277e-008 -3.16789e-011 -3.16789e-011
7.3 -2.76089e-005 3.91001e-009 -6.4472e-008 4.36541e-011 4.36541e-011
7.31 -2.82551e-005 3.92568e-009 -6.44555e-008 8.31579e-011 8.31579e-011
7.32 -2.89696e-005 3.94694e-009 -6.44851e-008 9.38458e-011 9.38458e-011
7.33 -2.9723e-005 3.93978e-009 -6.4476e-008 7.58007e-011 7.58007e-011
7.34 -3.04667e-005 4.05053e-009 -6.46426e-008 2.74832e-011 2.74832e-011
7.35 -3.11384e-005 3.56676e-009 -6.41751e-008 -3.98357e-011 -3.98357e-011
7.36 -3.16959e-005 3.75057e-009 -6.42759e-008 -1.11554e-010 -1.11554e-010
7.37 -3.21124e-005 4.03787e-009 -6.44129e-008 -1.81475e-010 -1.81475e-010
7.38 -3.23778e-005 3.90177e-009 -6.43787e-008 -2.45449e-010 -2.45449e-010
7.39 -3.24782e-005 3.91409e-009 -6.44997e-008 -2.97055e-010 -2.97055e-010
7.4 -3.2396e-005 3.90163e-009 -6.44241e-008 -3.29905e-010 -3.29905e-010
7.41 -3.21293e-005 3.90196e-009 -6.44281e-008 -3.34103e-010 -3.34103e-010
7.42 -3.16933e-005 3.89461e-009 -6.44659e-008 -2.99869e-010 -2.99869e-010
7.43 -3.11202e-005 3.95826e-009 -6.43895e-008 -2.31133e-010 -2.31133e-010
7.44 -3.04444e-005 3.95475e-009 -6.44641e-008 -1.45811e-010 -1.45811e-010
7.45 -2.96901e-005 3.90449e-009 -6.4473e-008 -6.32133e-011 -6.32133e-011
7.46 -2.88843e-005 3.98855e-009 -6.4541e-008 3.96233e-012 3.96233e-012
7.47 -2.80711e-005 3.92145e-009 -6.45475e-008 4.79985e-011 4.79985e-011
7.48 -2.73037e-005 3.8807e-009 -6.44493e-008 6.05751e-011 6.05751e-011
7.49 -2.663e-005 3.92569e-009 -6.444e-008 3.60256e-011 3.60256e-011
7.5 -2.60758e-005 3.85787e-009 -6.45098e-008 -1.72893e-011 -1.72893e-011
7.51 -2.56463e-005 3.89133e-009 -6.44761e-008 -7.72871e-011 -7.72871e-011
7.52 -2.53366e-005 3.92203e-009 -6.44246e-008 -1.222e-010 -1.222e-010
7.53 -2.51417e-005 3.86101e-009 -6.44894e-008 -1.42887e-010 -1.42887e-010
7.54 -2.50576e-005 3.86357e-009 -6.44736e-008 -1.43628e-010 -1.43628e-010
7.55 -2.5072e-005 3.91441e-009 -6.45064e-008 -1.31884e-010 -1.31884e-010
7.56 -2.5161e-005 3.94509e-009 -6.45747e-008 -1.10214e-010 -1.10214e-010
7.57 -2.5291e-005 3.93303e-009 -6.45233e-008 -7.97717e-011 -7.97717e-011
7.58 -2.54352e-005 3.82426e-009 -6.45931e-008 -4.87836e-011 -4.87836e-011
7.59 -2.55906e-005 3.81752e-009 -6.45523e-008 -3.30822e-011 -3.30822e-011
7.6 -2.57622e-005 3.96689e-009 -6.44743e-008 -4.43914e-011 -4.43914e-011
7.61 -2.5944e-005 3.88052e-009 -6.44511e-008 -7.93688e-011 -7.93688e-011
7.62 -2.61143e-005 3.9101e-009 -6.44998e-008 -1.2199e-010 -1.2199e-010
7.63 -2.62495e-005 3.94218e-009 -6.45512e-008 -1.5458e-010 -1.5458e-010
7.64 -2.63435e-005 3.94845e-009 -6.45059e-008 -1.67138e-010 -1.67138e-010
7.65 -2.64114e-005 3.88877e-009 -6.44304e-008 -1.59622e-010 -1.59622e-010
7.66 -2.64847e-005 3.91428e-009 -6.44608e-008 -1.3776e-010 -1.3776e-010
7.67 -2.66019e-005 3.9109e-009 -6.44422e-008 -1.08071e-010 -1.08071e-010
7.68 -2.67903e-005 3.91279e-009 -6.44477e-008 -7.67945e-011 -7.67945e-011
7.69 -2.70597e-005 3.92961e-009 -6.44267e-008 -4.91518e-011 -4.91518e-011
7.7 -2.74109e-005 3.93846e-009 -6.44099e-008 -2.72874e-011 -2.72874e-011
7.71 -2.78485e-005 3.72935e-009 -6.46129e-008 -1.1008e-011 -1.1008e-011
7.72 -2.83829e-005 3.80283e-009 -6.45352e-008 7.21325e-013 7.21325e-013
7.73 -2.90169e-005 3.93428e-009 -6.44233e-008 8.17558e-012 8.17558e-012
7.74 -2.97385e-005 3.86098e-009 -6.45043e-008 1.0129e-011 1.0129e-011
7.75 -3.05246e-005 3.94564e-009 -6.43528e-008 5.31774e-012 5.31774e-012
7.76 -3.13588e-005 3.88993e-009 -6.44499e-008 -1.05481e-011 -1.05481e-011
7.77 -3.22252e-005 3.90769e-009 -6.44459e-008 -4.48195e-011 -4.48195e-011
7.78 -3.30802e-005 3.89213e-009 -6.45133e-008 -9.81182e-011 -9.81182e-011
7.79 -3.38759e-005 3.90198e-009 -6.43628e-008 -1.61791e-010 -1.61791e-010
7.8 -3.45579e-005 3.89438e-009 -6.44476e-008 -2.25636e-010 -2.25636e-010
7.81 -3.50775e-005 3.88041e-009 -6.44306e-008 -2.80568e-010 -2.80568e-010
7.82 -3.54152e-005 3.85261e-009 -6.43249e-008 -3.18337e-010 -3.18337e-010
7.83 -3.55743e-005 3.84889e-009 -6.44416e-008 -3.35855e-010 -3.35855e-010
7.84 -3.55727e-005 3.83739e-009 -6.44162e-008 -3.36045e-010 -3.36045e-010
7.85 -3.54352e-005 3.92623e-009 -6.45971e-008 -3.21179e-010 -3.21179e-010
7.86 -3.51879e-005 3.88909e-009 -6.45503e-008 -2.88535e-010 -2.88535e-010
7.87 -3.48652e-005 3.8466e-009 -6.45004e-008 -2.33902e-010 -2.33902e-010
7.88 -3.45026e-005 3.85784e-009 -6.44408e-008 -1.59323e-010 -1.59323e-010
7.89 -3.41345e-005 3.90113e-009 -6.44391e-008 -7.44039e-011 -7.44039e-011
7.9 -3.37911e-005 3.91926e-009 -6.44599e-008 8.01762e-012 8.01762e-012
7.91 -3.34976e-005 3.86914e-009 -6.45011e-008 7.26572e-011 7.26572e-011
7.92 -3.32661e-005 3.9157e-009 -6.44669e-008 1.04909e-010 1.04909e-010
7.93 -3.31041e-005 3.92165e-009 -6.44336e-008 9.69163e-011 9.69163e-011
7.94 -3.30101e-005 3.8883e-009 -6.44705e-008 4.96756e-011 4.96756e-011
7.95 -3.29632e-005 3.90227e-009 -6.44553e-008 -2.70707e-011 -2.70707e-011
7.96 -3.29201e-005 3.89692e-009 -6.4462e-008 -1.15562e-010 -1.15562e-010
7.97 -3.28252e-005 3.899e-009 -6.44583e-008 -1.9378e-010 -1.9378e-010
7.98 -3.26238e-005 3.8996e-009 -6.44611e-008 -2.43518e-010 -2.43518e-010
7.99 -3.22747e-005 3.90151e-009 -6.44604e-008 -2.58349e-010 -2.58349e-010
8 -3.17588e-005 3.90266e-009 -6.44654e-008 -2.44721e-010 -2.44721e-010
8.01 -3.10756e-005 3.88967e-009 -6.44551e-008 -2.16072e-010 -2.16072e-010
8.02 -3.02325e-005 4.00333e-009 -6.42649e-008 -1.84852e-010 -1.84852e-010
8.03 -2.92439e-005 3.91198e-009 -6.44542e-008 -1.5734e-010 -1.5734e-010
8.04 -2.81409e-005 3.89355e-009 -6.44634e-008 -1.33641e-010 -1.33641e-010
8.05 -2.69725e-005 3.60184e-009 -6.4868e-008 -1.11329e-010 -1.11329e-010
8.06 -2.5797e-005 3.72083e-009 -6.46521e-008 -8.77711e-011 -8.77711e-011
8.07 -2.46655e-005 4.05012e-009 -6.41629e-008 -5.83821e-011 -5.83821e-011
8.08 -2.36238e-005 3.81616e-009 -6.41311e-008 -1.5354e-011 -1.5354e-011
8.09 -2.27008e-005 4.06597e-009 -6.45146e-008 4.1328e-011 4.1328e-011
8.1 -2.1937e-005 4.06645e-009 -6.48502e-008 9.37656e-011 9.37656e-011
8.11 -2.13689e-005 3.81348e-009 -6.43595e-008 1.19142e-010 1.19142e-010
8.12 -2.10073e-005 3.84868e-009 -6.4399e-008 1.06202e-010 1.06202e-010
8.13 -2.08474e-005 3.94367e-009 -6.45242e-008 5.94201e-011 5.94201e-011
8.14 -2.08691e-005 3.93876e-009 -6.45309e-008 -5.25365e-012 -5.25365e-012
8.15 -2.10459e-005 3.88945e-009 -6.4405e-008 -6.99943e-011 -6.99943e-011
8.16 -2.13484e-005 3.96169e-009 -6.47022e-008 -1.2191e-010 -1.2191e-010
8.17 -2.17432e-005 3.95564e-009 -6.45833e-008 -1.53901e-010 -1.53901e-010
8.18 -2.21973e-005 3.89811e-009 -6.44378e-008 -1.63519e-010 -1.63519e-010
8.19 -2.26802e-005 3.9043e-009 -6.44812e-008 -1.51817e-010 -1.51817e-010
8.2 -2.31677e-005 3.90895e-009 -6.44582e-008 -1.20929e-010 -1.20929e-010
8.21 -2.36379e-005 3.90337e-009 -6.44683e-008 -7.53872e-011 -7.53872e-011
8.22 -2.40752e-005 3.90143e-009 -6.44579e-008 -2.81984e-011 -2.81984e-011
8.23 -2.44688e-005 3.91302e-009 -6.44674e-008 2.90269e-012 2.90269e-012
8.24 -2.48118e-005 3.89211e-009 -6.44582e-008 1.00091e-011 1.00091e-011
8.25 -2.51054e-005 3.90909e-009 -6.44663e-008 -1.29739e-012 -1.29739e-012
8.26 -2.5361e-005 3.88878e-009 -6.44643e-008 -2.19793e-011 -2.19793e-011
8.27 -2.55928e-005 3.8924e-009 -6.44602e-008 -4.53886e-011 -4.53886e-011
8.28 -2.58118e-005 3.90302e-009 -6.44605e-008 -6.55627e-011 -6.55627e-011
8.29 -2.6029e-005 3.89893e-009 -6.44616e-008 -7.66839e-011 -7.66839e-011
8.3 -2.6257e-005 3.90928e-009 -6.4451e-008 -7.52077e-011 -7.52077e-011
8.31 -2.65064e-005 3.91236e-009 -6.44356e-008 -6.07109e-011 -6.07109e-011
8.32 -2.6782e-005 3.89971e-009 -6.44319e-008 -3.57408e-011 -3.57408e-011
8.33 -2.70866e-005 3.8848e-009 -6.44335e-008 -6.87975e-012 -6.87975e-012
8.34 -2.74198e-005 3.88802e-009 -6.44453e-008 1.71856e-011 1.71856e-011
8.35 -2.77755e-005 3.89907e-009 -6.44607e-008 3.08027e-011 3.08027e-011
8.36 -2.81403e-005 3.93573e-009 -6.44124e-008 3.30273e-011 3.30273e-011
8.37 -2.84981e-005 3.9143e-009 -6.44122e-008 2.39477e-011 2.39477e-011
8.38 -2.88249e-005 3.7606e-009 -6.42193e-008 7.41405e-013 7.41405e-013
8.39 -2.90958e-005 3.97264e-009 -6.4483e-008 -4.05934e-011 -4.05934e-011
8.4 -2.93046e-005 4.19009e-009 -6.50515e-008 -9.96741e-011 -9.96741e-011
8.41 -2.9445e-005 3.98402e-009 -6.47807e-008 -1.68006e-010 -1.68006e-010
8.42 -2.9495e-005 3.89125e-009 -6.4485e-008 -2.31416e-010 -2.31416e-010
8.43 -2.9452e-005 3.91981e-009 -6.44589e-008 -2.75668e-010 -2.75668e-010
8.44 -2.93149e-005 4.03101e-009 -6.45992e-008 -2.91434e-010 -2.91434e-010
8.45 -2.90953e-005 4.04155e-009 -6.4525e-008 -2.74034e-010 -2.74034e-010
8.46 -2.88066e-005 3.74428e-009 -6.44724e-008 -2.16746e-010 -2.16746e-010
8.47 -2.84668e-005 3.77746e-009 -6.43806e-008 -1.12131e-010 -1.12131e-010
8.48 -2.81008e-005 3.50383e-009 -6.4155e-008 4.62798e-011 4.62798e-011
8.49 -2.77272e-005 3.38334e-009 -6.39212e-008 2.55452e-010 2.55452e-010
8.5 -2.73552e-005 3.25988e-009 -6.36527e-008 4.93414e-010 4.93414e-010
8.51 -2.69945e-005 3.79535e-009 -6.41499e-008 7.31704e-010 7.31704e-010
8.52 -2.66683e-005 3.08428e-009 -6.36084e-008 9.37223e-010 9.37223e-010
8.53 -2.63883e-005 3.34189e-009 -6.38433e-008 1.07426e-009 1.07426e-009
8.54 -2.61675e-005 3.93063e-009 -6.45449e-008 1.12461e-009 1.12461e-009
8.55 -2.60179e-005 2.89022e-009 -6.31623e-008 1.09535e-009 1.09535e-009
8.56 -2.5923e-005 3.50027e-009 -6.39794e-008 1.00643e-009 1.00643e-009
8.57 -2.58708e-005 4.05545e-009 -6.46579e-008 8.76206e-010 8.76206e-010
8.58 -2.58491e-005 3.84404e-009 -6.43598e-008 7.21085e-010 7.21085e-010
8.59 -2.58463e-005 3.89741e-009 -6.45193e-008 5.64855e-010 5.64855e-010
8.6 -2.58557e-005 3.88461e-009 -6.44499e-008 4.39612e-010 4.39612e-010
8.61 -2.58613e-005 3.9436e-009 -6.44223e-008 3.73135e-010 3.73135e-010
8.62 -2.58428e-005 3.91949e-009 -6.44331e-008 3.76654e-010 3.76654e-010
8.63 -2.57836e-005 3.88868e-009 -6.44719e-008 4.43326e-010 4.43326e-010
8.64 -2.56749e-005 3.89924e-009 -6.44402e-008 5.56452e-010 5.56452e-010
8.65 -2.55087e-005 3.881e-009 -6.44794e-008 6.96472e-010 6.96472e-010
8.66 -2.52788e-005 3.91978e-009 -6.44165e-008 8.41734e-010 8.41734e-010
8.67 -2.49871e-005 3.8663e-009 -6.44643e-008 9.69742e-010 9.69742e-010
8.68 -2.46481e-005 3.9036e-009 -6.43684e-008 1.05933e-009 1.05933e-009
8.69 -2.42813e-005 3.89676e-009 -6.441e-008 1.09383e-009 1.09383e-009
8.7 -2.39025e-005 3.82346e-009 -6.44471e-008 1.06847e-009 1.06847e-009
8.71 -2.35299e-005 3.90866e-009 -6.44703e-008 9.92765e-010 9.92765e-010
8.72 -2.31866e-005 3.89319e-009 -6.44559e-008 8.82246e-010 8.82246e-010
8.73 -2.29031e-005 3.90023e-009 -6.44604e-008 7.51019e-010 7.51019e-010
8.74 -2.27134e-005 3.91167e-009 -6.44394e-008 6.12068e-010 6.12068e-010
8.75 -2.26419e-005 3.88522e-009 -6.448e-008 4.79642e-010 4.79642e-010
8.76 -2.26986e-005 3.91686e-009 -6.44077e-008 3.68453e-010 3.68453e-010
8.77 -2.28803e-005 3.89097e-009 -6.44613e-008 2.89816e-010 2.89816e-010
8.78 -2.31792e-005 3.89663e-009 -6.44501e-008 2.47809e-010 2.47809e-010
8.79 -2.35873e-005 3.87821e-009 -6.45176e-008 2.38272e-010 2.38272e-010
8.8 -2.40912e-005 3.87597e-009 -6.45218e-008 2.53196e-010 2.53196e-010
8.81 -2.46757e-005 3.84229e-009 -6.45028e-008 2.86012e-010 2.86012e-010
8.82 -2.53287e-005 3.84267e-009 -6.47024e-008 3.17984e-010 3.17984e-010
8.83 -2.6014e-005 3.51216e-009 -6.27738e-008 3.18945e-010 3.18945e-010
8.84 -2.67017e-005 3.13842e-009 -6.31579e-008 2.82264e-010 2.82264e-010
8.85 -2.73718e-005 4.6244e-009 -6.57664e-008 2.27169e-010 2.27169e-010
8.86 -2.7963e-005 3.63808e-009 -6.39276e-008 1.62131e-010 1.62131e-010
8.87 -2.84513e-005 4.1393e-009 -6.46359e-008 8.21399e-011 8.21399e-011
8.88 -2.88286e-005 3.75906e-009 -6.43153e-008 1.56568e-012 1.56568e-012
8.89 -2.90886e-005 4.32699e-009 -6.48582e-008 -5.59421e-011 -5.59421e-011
8.9 -2.92497e-005 6.10098e-009 -6.71658e-008 -8.32199e-011 -8.32199e-011
8.91 -2.93194e-005 6.64224e-009 -6.78647e-008 -6.87744e-011 -6.87744e-011
8.92 -2.93065e-005 8.19982e-009 -6.98949e-008 3.09443e-011 3.09443e-011
8.93 -2.92317e-005 9.68137e-009 -7.14567e-008 2.6577e-010 2.6577e-010
8.94 -2.91065e-005 8.55161e-009 -7.0244e-008 6.30045e-010 6.30045e-010
8.95 -2.89974e-005 9.51476e-009 -7.15855e-008 1.06458e-009 1.06458e-009
8.96 -2.89048e-005 6.06367e-009 -6.70922e-008 1.49877e-009 1.49877e-009
8.97 -2.89294e-005 8.00974e-009 -6.77235e-008 1.88029e-009 1.88029e-009
8.98 -2.9062e-005 5.38617e-009 -6.64802e-008 2.19316e-009 2.19316e-009
8.99 -2.93515e-005 3.75505e-009 -6.32746e-008 2.42713e-009 2.42713e-009
9 -2.97876e-005 5.34314e-009 -6.45177e-008 2.5617e-009 2.5617e-009
9.01 -3.03664e-005 4.74647e-009 -6.45289e-008 2.57979e-009 2.57979e-009
9.02 -3.1054e-005 3.66216e-009 -6.45596e-008 2.47144e-009 2.47144e-009
9.03 -3.18376e-005 5.06716e-009 -6.65666e-008 2.26222e-009 2.26222e-009
9.04 -3.26504e-005 6.64797e-009 -6.65343e-008 2.02427e-009 2.02427e-009
9.05 -3.34411e-005 3.94746e-009 -6.3905e-008 1.81885e-009 1.81885e-009
9.06 -3.41795e-005 3.84926e-009 -6.46443e-008 1.65792e-009 1.65792e-009
9.07 -3.47941e-005 3.9068e-009 -6.43805e-008 1.54216e-009 1.54216e-009
9.08 -3.52532e-005 3.89861e-009 -6.44819e-008 1.48818e-009 1.48818e-009
9.09 -3.55353e-005 3.89801e-009 -6.44498e-008 1.50599e-009 1.50599e-009
9.1 -3.56358e-005 3.90143e-009 -6.44589e-008 1.57614e-009 1.57614e-009
9.11 -3.55554e-005 3.90227e-009 -6.44552e-008 1.65899e-009 1.65899e-009
9.12 -3.53093e-005 3.9013e-009 -6.44595e-008 1.71932e-009 1.71932e-009
9.13 -3.49221e-005 3.89457e-009 -6.44645e-008 1.73583e-009 1.73583e-009
9.14 -3.44288e-005 3.91376e-009 -6.44314e-008 1.69823e-009 1.69823e-009
9.15 -3.38765e-005 3.93085e-009 -6.44026e-008 1.60409e-009 1.60409e-009
9.16 -3.33165e-005 3.89511e-009 -6.44665e-008 1.45748e-009 1.45748e-009
9.17 -3.27892e-005 3.90445e-009 -6.4452e-008 1.27079e-009 1.27079e-009
9.18 -3.23094e-005 3.9007e-009 -6.44632e-008 1.06545e-009 1.06545e-009
9.19 -3.18701e-005 3.90502e-009 -6.44536e-008 8.67284e-010 8.67284e-010
9.2 -3.14581e-005 3.86912e-009 -6.45819e-008 6.98967e-010 6.98967e-010
9.21 -3.10591e-005 3.9334e-009 -6.48594e-008 5.594e-010 5.594e-010
9.22 -3.06581e-005 4.86281e-009 -6.72017e-008 4.29213e-010 4.29213e-010
9.23 -3.03034e-005 1.36513e-008 -7.1099e-008 3.20645e-010 3.20645e-010
9.24 -2.97272e-005 1.47024e-008 -7.85767e-008 2.84555e-010 2.84555e-010
9.25 -2.91127e-005 4.7723e-009 -6.60976e-008 3.50097e-010 3.50097e-010
9.26 -2.84136e-005 4.81825e-009 -6.35855e-008 4.85804e-010 4.85804e-010
9.27 -2.75354e-005 4.57609e-009 -6.47917e-008 6.3721e-010 6.3721e-010
9.28 -2.65474e-005 3.98302e-009 -6.42877e-008 7.72231e-010 7.72231e-010
9.29 -2.54781e-005 1.44324e-009 -6.23089e-008 8.90918e-010 8.90918e-010
9.3 -2.43968e-005 -3.26279e-009 -5.6864e-008 1.02424e-009 1.02424e-009
9.31 -2.3329e-005 1.97494e-009 -6.20552e-008 1.19181e-009 1.19181e-009
9.32 -2.23432e-005 1.47694e-009 -6.14389e-008 1.34924e-009 1.34924e-009
9.33 -2.1485e-005 3.51894e-009 -6.45738e-008 1.43791e-009 1.43791e-009
9.34 -2.08216e-005 3.30021e-009 -6.36365e-008 1.46759e-009 1.46759e-009
9.35 -2.03783e-005 3.73074e-009 -6.41877e-008 1.48819e-009 1.48819e-009
9.36 -2.01791e-005 3.7382e-009 -6.42258e-008 1.51917e-009 1.51917e-009
9.37 -2.02268e-005 3.93198e-009 -6.45412e-008 1.54063e-009 1.54063e-009
9.38 -2.05087e-005 2.84703e-009 -6.29066e-008 1.52726e-009 1.52726e-009
9.39 -2.09837e-005 3.0781e-009 -6.35687e-008 1.47224e-009 1.47224e-009
9.4 -2.16072e-005 4.06486e-009 -6.47687e-008 1.38793e-009 1.38793e-009
9.41 -2.23178e-005 3.74384e-009 -6.44414e-008 1.29605e-009 1.29605e-009
9.42 -2.305e-005 3.87857e-009 -6.45444e-008 1.21325e-009 1.21325e-009
9.43 -2.37441e-005 3.89216e-009 -6.44152e-008 1.14192e-009 1.14192e-009
9.44 -2.43407e-005 3.8776e-009 -6.4496e-008 1.07942e-009 1.07942e-009
9.45 -2.47966e-005 3.87864e-009 -6.44917e-008 1.03253e-009 1.03253e-009
9.46 -2.50907e-005 3.89462e-009 -6.44683e-008 1.00972e-009 1.00972e-009
9.47 -2.52363e-005 3.88728e-009 -6.44592e-008 1.00281e-009 1.00281e-009
9.48 -2.52715e-005 3.86691e-009 -6.44878e-008 9.90027e-010 9.90027e-010
9.49 -2.52557e-005 3.86041e-009 -6.44912e-008 9.60986e-010 9.60986e-010
9.5 -2.52469e-005 3.89027e-009 -6.44102e-008 9.22651e-010 9.22651e-010
9.51 -2.52883e-005 3.23356e-009 -6.35049e-008 8.62801e-010 8.62801e-010
9.52 -2.55101e-005 1.58414e-008 -7.72711e-008 7.80101e-010 7.80101e-010
9.53 -2.57156e-005 1.08016e-008 -7.14414e-008 7.61855e-010 7.61855e-010
9.54 -2.61155e-005 1.51525e-009 -6.28181e-008 8.70798e-010 8.70798e-010
9.55 -2.6762e-005 4.5844e-009 -6.52645e-008 1.00976e-009 1.00976e-009
9.56 -2.75873e-005 3.54582e-009 -6.40384e-008 1.08518e-009 1.08518e-009
9.57 -2.86107e-005 3.96666e-009 -6.46506e-008 1.16442e-009 1.16442e-009
9.58 -2.97798e-005 3.80779e-009 -6.4443e-008 1.33237e-009 1.33237e-009
9.59 -3.10443e-005 3.93505e-009 -6.44439e-008 1.56036e-009 1.56036e-009
9.6 -3.23575e-005 3.8719e-009 -6.44585e-008 1.77858e-009 1.77858e-009
9.61 -3.36677e-005 4.06597e-009 -6.43805e-008 1.95021e-009 1.95021e-009
9.62 -3.49153e-005 4.02088e-009 -6.43726e-008 2.06807e-009 2.06807e-009
9.63 -3.60181e-005 7.55755e-009 -6.38132e-008 2.13005e-009 2.13005e-009
9.64 -3.70065e-005 2.98147e-008 -8.60276e-008 2.09403e-009 2.09403e-009
9.65 -3.7717e-005 1.10223e-008 -7.72308e-008 1.9388e-009 1.9388e-009
9.66 -3.82206e-005 3.2899e-009 -6.27438e-008 1.75692e-009 1.75692e-009
9.67 -3.85913e-005 4.45072e-009 -6.46308e-008 1.63959e-009 1.63959e-009
9.68 -3.87797e-005 3.7145e-009 -6.33614e-008 1.58527e-009 1.58527e-009
9.69 -3.88069e-005 4.92169e-009 -6.57428e-008 1.57696e-009 1.57696e-009
9.7 -3.86936e-005 4.71163e-009 -6.43678e-008 1.63058e-009 1.63058e-009
9.71 -3.84745e-005 3.39309e-009 -6.35734e-008 1.76543e-009 1.76543e-009
9.72 -3.81893e-005 3.66781e-009 -6.43704e-008 1.9721e-009 1.9721e-009
9.73 -3.78588e-005 3.99611e-009 -6.44979e-008 2.20946e-009 2.20946e-009
9.74 -3.75148e-005 5.61056e-009 -6.45755e-008 2.415e-009 2.415e-009
9.75 -3.71707e-005 5.34232e-009 -6.52254e-008 2.53781e-009 2.53781e-009
9.76 -3.68197e-005 3.39264e-009 -6.44595e-008 2.57047e-009 2.57047e-009
9.77 -3.64866e-005 4.169e-009 -6.44977e-008 2.52779e-009 2.52779e-009
9.78 -3.61246e-005 3.84707e-009 -6.44739e-008 2.41712e-009 2.41712e-009
9.79 -3.57073e-005 3.94307e-009 -6.46453e-008 2.2492e-009 2.2492e-009
9.8 -3.52059e-005 3.91121e-009 -6.45493e-008 2.05128e-009 2.05128e-009
9.81 -3.46057e-005 3.92179e-009 -6.45137e-008 1.86222e-009 1.86222e-009
9.82 -3.39002e-005 3.90116e-009 -6.45409e-008 1.71964e-009 1.71964e-009
9.83 -3.3092e-005 3.98391e-009 -6.44453e-008 1.64557e-009 1.64557e-009
9.84 -3.21866e-005 3.91419e-009 -6.45377e-008 1.6404e-009 1.6404e-009
9.85 -3.11957e-005 3.95016e-009 -6.44606e-008 1.69148e-009 1.69148e-009
9.86 -3.01412e-005 3.94021e-009 -6.44785e-008 1.78462e-009 1.78462e-009
9.87 -2.90602e-005 3.94316e-009 -6.44685e-008 1.90333e-009 1.90333e-009
9.88 -2.80028e-005 3.94354e-009 -6.44712e-008 2.02262e-009 2.02262e-009
9.89 -2.70234e-005 3.94431e-009 -6.44693e-008 2.11152e-009 2.11152e-009
9.9 -2.61754e-005 3.94495e-009 -6.44698e-008 2.14502e-009 2.14502e-009
9.91 -2.55079e-005 3.94738e-009 -6.44683e-008 2.11264e-009 2.11264e-009
9.92 -2.50537e-005 3.95234e-009 -6.44653e-008 2.01863e-009 2.01863e-009
9.93 -2.4845e-005 3.95512e-009 -6.44708e-008 1.8747e-009 1.8747e-009
9.94 -2.48947e-005 1.8503e-009 -6.2074e-008 1.66927e-009 1.66927e-009
9.95 -2.52265e-005 -4.79553e-009 -5.50644e-008 1.33395e-009 1.33395e-009
9.96 -2.58619e-005 2.52409e-008 -8.72774e-008 8.78407e-010 8.78407e-010
9.97 -2.64024e-005 2.00261e-008 -8.19081e-008 5.4836e-010 5.4836e-010
9.98 -2.72167e-005 -2.37341e-009 -5.76174e-008 5.42963e-010 5.42963e-010
9.99 -2.8148e-005 6.51389e-009 -6.7161e-008 7.2341e-010 7.2341e-010
10 -2.9026e-005 2.97862e-009 -6.35519e-008 8.67554e-010 8.67554e-010
