0.1 -2.80557e-006 -4.50973e-020 4.85412e-020 -4.97765e-022 -4.97765e-022
0.2 -5.6128e-006 -1.69899e-019 1.82464e-019 -3.96791e-022 -3.96791e-022
0.3 -8.42169e-006 -2.64484e-019 2.72283e-019 4.07307e-020 4.07307e-020
0.4 -1.12322e-005 -3.03251e-019 3.01468e-019 4.23343e-020 4.23343e-020
0.5 -1.40445e-005 -3.21232e-019 3.13952e-019 3.94647e-020 3.94647e-020
0.6 -1.68583e-005 -3.32729e-019 3.18065e-019 4.39468e-020 4.39468e-020
0.7 -1.96739e-005 -3.40936e-019 3.21795e-019 5.29372e-020 5.29372e-020
0.8 -2.24911e-005 -3.45552e-019 3.24394e-019 3.38506e-020 3.38506e-020
0.9 -2.531e-005 -3.51022e-019 3.27071e-019 2.37577e-020 2.37577e-020
1 -2.81306e-005 -3.5615e-019 3.29595e-019 2.6374e-020 2.6374e-020
0.01 -2.88249e-005 -1.07214e-011 -1.53112e-011 2.70418e-009 2.70418e-009
0.02 -2.9433e-005 -6.95739e-012 -7.0899e-012 8.93717e-009 8.93717e-009
0.03 -2.87266e-005 -3.93689e-011 -3.23688e-011 8.10113e-009 8.10113e-009
0.04 -2.8298e-005 -4.5759e-011 -4.3875e-011 -5.01504e-009 -5.01504e-009
0.05 -2.83874e-005 1.17737e-011 1.43296e-011 -1.60875e-008 -1.60875e-008
0.06 -2.83062e-005 -6.80092e-012 1.65669e-012 -1.41487e-008 -1.41487e-008
0.07 -2.83024e-005 3.70116e-013 3.72711e-012 -5.10665e-009 -5.10665e-009
0.08 -2.8273e-005 -2.02158e-013 -1.59608e-012 1.72149e-009 1.72149e-009
0.09 -2.82618e-005 3.36392e-014 5.96258e-013 3.83391e-009 3.83391e-009
0.1 -2.82548e-005 -6.3544e-014 -3.07062e-013 3.81062e-009 3.81062e-009
0.11 -2.82583e-005 -2.34833e-014 6.51192e-014 4.57697e-009 4.57697e-009
0.12 -2.82677e-005 -4.02321e-014 -8.86672e-014 6.75527e-009 6.75527e-009
0.13 -2.82806e-005 -3.31976e-014 -2.51079e-014 8.061e-009 8.061e-009
0.14 -2.82927e-005 -3.60278e-014 -5.1106e-014 5.72428e-009 5.72428e-009
0.15 -2.83017e-005 -3.48677e-014 -4.03762e-014 2.15754e-010 2.15754e-010
0.16 -2.83064e-005 -2.32598e-013 1.55856e-013 -4.80296e-009 -4.80296e-009
0.17 -2.83076e-005 -2.92193e-013 3.12166e-013 -6.66737e-009 -6.66737e-009
0.18 -2.83073e-005 -2.86061e-013 2.56342e-013 -6.20608e-009 -6.20608e-009
0.19 -2.83074e-005 4.45298e-014 -1.55906e-013 -5.50794e-009 -5.50794e-009
0.2 -2.83092e-005 -6.80182e-014 2.79613e-015 -4.87228e-009 -4.87228e-009
0.21 -2.83131e-005 -2.16576e-014 -6.2462e-014 -3.09697e-009 -3.09697e-009
0.22 -2.8318e-005 -4.07318e-014 -3.56574e-014 1.82549e-010 1.82549e-010
0.23 -2.83223e-005 -3.31451e-014 -4.69792e-014 3.67244e-009 3.67244e-009
0.24 -2.83241e-005 -3.61795e-014 -4.21635e-014 5.75478e-009 5.75478e-009
0.25 -2.8322e-005 -3.48055e-014 -4.40601e-014 5.88319e-009 5.88319e-009
0.26 -2.83162e-005 -3.53715e-014 -4.32789e-014 4.60149e-009 4.60149e-009
0.27 -2.83076e-005 -3.51384e-014 -4.36005e-014 2.68223e-009 2.68223e-009
0.28 -2.82983e-005 -3.52273e-014 -4.34852e-014 5.21791e-010 5.21791e-010
0.29 -2.82906e-005 -3.51621e-014 -4.34959e-014 -1.75273e-009 -1.75273e-009
0.3 -2.82863e-005 -3.52247e-014 -4.35112e-014 -3.84799e-009 -3.84799e-009
0.31 -2.82864e-005 -8.08176e-014 -2.62799e-014 -5.17177e-009 -5.17177e-009
0.32 -2.82905e-005 -2.34783e-013 8.23503e-014 -5.20157e-009 -5.20157e-009
0.33 -2.82972e-005 -1.27042e-012 1.82923e-012 -3.93022e-009 -3.93022e-009
0.34 -2.83048e-005 6.8101e-014 -3.43052e-015 -1.87725e-009 -1.87725e-009
0.35 -2.83112e-005 -5.44379e-013 7.49172e-013 3.07303e-010 3.07303e-010
0.36 -2.83153e-005 1.38771e-013 -4.24554e-013 2.17793e-009 2.17793e-009
0.37 -2.83166e-005 -1.57738e-013 -1.23093e-012 3.48859e-009 3.48859e-009
0.38 -2.83156e-005 -9.2749e-013 3.31063e-012 4.03844e-009 4.03844e-009
0.39 -2.83131e-005 3.22375e-013 -1.42391e-012 3.6685e-009 3.6685e-009
0.4 -2.83105e-005 -1.82525e-013 5.25218e-013 2.41555e-009 2.41555e-009
0.41 -2.83087e-005 2.61664e-014 -2.77702e-013 5.98922e-010 5.98922e-010
0.42 -2.83081e-005 -5.98093e-014 5.3106e-014 -1.28893e-009 -1.28893e-009
0.43 -2.83087e-005 -2.44966e-014 -8.32213e-014 -2.79047e-009 -2.79047e-009
0.44 -2.83098e-005 -3.96189e-014 -2.71444e-014 -3.62052e-009 -3.62052e-009
0.45 -2.83106e-005 -3.33885e-014 -5.02479e-014 -3.67757e-009 -3.67757e-009
0.46 -2.83103e-005 -3.59554e-014 -4.07293e-014 -2.99955e-009 -2.99955e-009
0.47 -2.83088e-005 -3.48979e-014 -4.4651e-014 -1.7427e-009 -1.7427e-009
0.48 -2.83063e-005 -3.53336e-014 -4.30353e-014 -1.81719e-010 -1.81719e-010
0.49 -2.83034e-005 -3.51541e-014 -4.37009e-014 1.3247e-009 1.3247e-009
0.5 -2.83007e-005 -3.5228e-014 -4.34267e-014 2.42707e-009 2.42707e-009
0.51 -2.82989e-005 -3.51975e-014 -4.35397e-014 2.89212e-009 2.89212e-009
0.52 -2.82981e-005 -3.52101e-014 -4.34931e-014 2.65945e-009 2.65945e-009
0.53 -2.8298e-005 -3.51928e-014 -4.34987e-014 1.82905e-009 1.82905e-009
0.54 -2.82979e-005 -3.51932e-014 -4.34889e-014 6.12198e-010 6.12198e-010
0.55 -2.8297e-005 -3.52207e-014 -4.35235e-014 -7.18578e-010 -7.18578e-010
0.56 -2.82947e-005 -3.52025e-014 -4.35025e-014 -1.87606e-009 -1.87606e-009
0.57 -2.82906e-005 -3.5208e-014 -4.35083e-014 -2.61269e-009 -2.61269e-009
0.58 -2.82848e-005 -3.52058e-014 -4.35062e-014 -2.77901e-009 -2.77901e-009
0.59 -2.8278e-005 -3.52066e-014 -4.35068e-014 -2.36227e-009 -2.36227e-009
0.6 -2.82707e-005 -3.51983e-014 -4.34376e-014 -1.48487e-009 -1.48487e-009
0.61 -2.82639e-005 -3.52155e-014 -4.35266e-014 -3.64673e-010 -3.64673e-010
0.62 -2.82585e-005 -3.52109e-014 -4.34903e-014 7.42547e-010 7.42547e-010
0.63 -2.82548e-005 -3.52052e-014 -4.35091e-014 1.59922e-009 1.59922e-009
0.64 -2.82526e-005 -3.52027e-014 -4.35015e-014 2.03175e-009 2.03175e-009
0.65 -2.82515e-005 -3.52074e-014 -4.35072e-014 1.96337e-009 1.96337e-009
0.66 -2.82513e-005 -3.52062e-014 -4.35073e-014 1.4292e-009 1.4292e-009
0.67 -2.82514e-005 -3.52064e-014 -4.35056e-014 5.66939e-010 5.66939e-010
0.68 -2.82514e-005 -3.52066e-014 -4.3508e-014 -4.17742e-010 -4.17742e-010
0.69 -2.82508e-005 -3.52063e-014 -4.35053e-014 -1.30192e-009 -1.30192e-009
0.7 -2.82496e-005 -3.51834e-014 -4.34824e-014 -1.89673e-009 -1.89673e-009
0.71 -2.82479e-005 -3.51983e-014 -4.35e-014 -2.08641e-009 -2.08641e-009
0.72 -2.82459e-005 -3.52071e-014 -4.35083e-014 -1.84859e-009 -1.84859e-009
0.73 -2.82441e-005 -3.52997e-014 -4.32083e-014 -1.25449e-009 -1.25449e-009
0.74 -2.82427e-005 -3.51661e-014 -4.3628e-014 -4.50136e-010 -4.50136e-010
0.75 -2.82416e-005 -3.52053e-014 -4.34092e-014 3.78121e-010 3.78121e-010
0.76 -2.82407e-005 -3.52061e-014 -4.35452e-014 1.04661e-009 1.04661e-009
0.77 -2.824e-005 -3.52106e-014 -4.34896e-014 1.41551e-009 1.41551e-009
0.78 -2.82395e-005 -3.52061e-014 -4.35126e-014 1.41806e-009 1.41806e-009
0.79 -2.82392e-005 -3.52272e-014 -4.35073e-014 1.07143e-009 1.07143e-009
0.8 -2.82393e-005 -3.51927e-014 -4.35053e-014 4.6839e-010 4.6839e-010
0.81 -2.82401e-005 -3.52137e-014 -4.35079e-014 -2.46707e-010 -2.46707e-010
0.82 -2.8242e-005 -3.52022e-014 -4.35056e-014 -9.11734e-010 -9.11734e-010
0.83 -2.8245e-005 -3.52092e-014 -4.35078e-014 -1.38301e-009 -1.38301e-009
0.84 -2.82487e-005 -3.52046e-014 -4.35056e-014 -1.56614e-009 -1.56614e-009
0.85 -2.82526e-005 -3.52078e-014 -4.35078e-014 -1.43468e-009 -1.43468e-009
0.86 -2.82558e-005 -3.52055e-014 -4.35056e-014 -1.03271e-009 -1.03271e-009
0.87 -2.82575e-005 -3.5204e-014 -4.35072e-014 -4.61622e-010 -4.61622e-010
0.88 -2.82573e-005 -3.52078e-014 -4.35061e-014 1.45227e-010 1.45227e-010
0.89 -2.82552e-005 -3.52056e-014 -4.35074e-014 6.53258e-010 6.53258e-010
0.9 -2.82507e-005 -3.5207e-014 -4.3506e-014 9.56068e-010 9.56068e-010
0.91 -2.82441e-005 -3.52061e-014 -4.35074e-014 9.97243e-010 9.97243e-010
0.92 -2.82357e-005 -3.51767e-014 -4.34757e-014 7.80335e-010 7.80335e-010
0.93 -2.8226e-005 -3.52368e-014 -4.35403e-014 3.65258e-010 3.65258e-010
0.94 -2.82154e-005 -3.51688e-014 -4.34685e-014 -1.47562e-010 -1.47562e-010
0.95 -2.82045e-005 -3.52193e-014 -4.35212e-014 -6.41183e-010 -6.41183e-010
0.96 -2.8194e-005 -3.52017e-014 -4.3501e-014 -1.00856e-009 -1.00856e-009
0.97 -2.81846e-005 -3.5208e-014 -4.35088e-014 -1.17549e-009 -1.17549e-009
0.98 -2.81765e-005 -3.52061e-014 -4.35061e-014 -1.1152e-009 -1.1152e-009
0.99 -2.81701e-005 -3.52038e-014 -4.35035e-014 -8.51893e-010 -8.51893e-010
1 -2.81656e-005 -3.52075e-014 -4.35083e-014 -4.52938e-010 -4.52938e-010
1.01 -2.81631e-005 -3.51947e-014 -4.34928e-014 -1.20011e-011 -1.20011e-011
1.02 -2.81633e-005 -3.52089e-014 -4.35097e-014 3.7264e-010 3.7264e-010
1.03 -2.81659e-005 -3.52052e-014 -4.35046e-014 6.19692e-010 6.19692e-010
1.04 -2.81699e-005 -3.52051e-014 -4.35113e-014 6.81692e-010 6.81692e-010
1.05 -2.81743e-005 -3.52073e-014 -4.35028e-014 5.53805e-010 5.53805e-010
1.06 -2.81788e-005 -3.52036e-014 -4.35178e-014 2.73012e-010 2.73012e-010
1.07 -2.81831e-005 -3.14242e-014 -4.29405e-014 -9.1917e-011 -9.1917e-011
1.08 -2.81867e-005 -2.97516e-014 -4.29672e-014 -4.57109e-010 -4.57109e-010
1.09 -2.81888e-005 -4.24304e-014 -4.43204e-014 -7.42738e-010 -7.42738e-010
1.1 -2.81891e-005 -2.59262e-014 -4.23959e-014 -8.90216e-010 -8.90216e-010
1.11 -2.81876e-005 -3.57199e-014 -4.38837e-014 -8.73876e-010 -8.73876e-010
1.12 -2.81841e-005 -3.4996e-014 -4.33515e-014 -7.05012e-010 -7.05012e-010
1.13 -2.81786e-005 -2.47368e-014 -4.28303e-014 -4.27703e-010 -4.27703e-010
1.14 -2.81718e-005 -3.95162e-014 -4.3781e-014 -1.0761e-010 -1.0761e-010
1.15 -2.81648e-005 -3.34306e-014 -4.33937e-014 1.8339e-010 1.8339e-010
1.16 -2.81583e-005 -3.59272e-014 -4.35403e-014 3.83075e-010 3.83075e-010
1.17 -2.81523e-005 -3.49073e-014 -4.34908e-014 4.51922e-010 4.51922e-010
1.18 -2.81468e-005 -2.83352e-014 -4.33701e-014 3.80752e-010 3.80752e-010
1.19 -2.81418e-005 -1.38326e-013 -3.99847e-014 1.91496e-010 1.91496e-010
1.2 -2.81375e-005 1.25338e-013 -4.83701e-014 -6.89346e-011 -6.89346e-011
1.21 -2.81346e-005 -2.03179e-013 -3.84879e-014 -3.40085e-010 -3.40085e-010
1.22 -2.81335e-005 9.92888e-014 -4.35085e-014 -5.61935e-010 -5.61935e-010
1.23 -2.81345e-005 -1.15819e-013 -4.18427e-014 -6.88133e-010 -6.88133e-010
1.24 -2.81375e-005 -9.2385e-015 -4.31964e-014 -6.95543e-010 -6.95543e-010
1.25 -2.81421e-005 -4.59043e-014 -4.36378e-014 -5.88188e-010 -5.88188e-010
1.26 -2.81474e-005 -3.07987e-014 -4.34534e-014 -3.95035e-010 -3.95035e-010
1.27 -2.8153e-005 -3.7022e-014 -4.35297e-014 -1.62419e-010 -1.62419e-010
1.28 -2.81584e-005 -3.44585e-014 -4.34965e-014 5.69236e-011 5.69236e-011
1.29 -2.81634e-005 -7.41436e-014 -3.6514e-014 2.15663e-010 2.15663e-010
1.3 -2.81676e-005 -2.15274e-014 -5.29156e-014 2.81942e-010 2.81942e-010
1.31 -2.81706e-005 -4.26598e-015 -3.46191e-014 2.4562e-010 2.4562e-010
1.32 -2.81716e-005 -1.00966e-013 -5.09418e-014 1.19482e-010 1.19482e-010
1.33 -2.81708e-005 4.85824e-014 -3.88518e-014 -6.45818e-011 -6.45818e-011
1.34 -2.81683e-005 -1.32626e-013 -4.22143e-014 -2.6345e-010 -2.6345e-010
1.35 -2.81637e-005 1.50747e-013 -6.57821e-014 -4.32858e-010 -4.32858e-010
1.36 -2.81561e-005 -3.22949e-013 -1.416e-014 -5.37231e-010 -5.37231e-010
1.37 -2.81459e-005 3.31629e-013 -7.81222e-014 -5.56923e-010 -5.56923e-010
1.38 -2.81345e-005 -3.95278e-013 -5.55793e-015 -4.9158e-010 -4.9158e-010
1.39 -2.81237e-005 -9.91381e-016 -2.39377e-014 -3.59336e-010 -3.59336e-010
1.4 -2.81151e-005 -3.80162e-014 -3.11278e-014 -1.92206e-010 -1.92206e-010
1.41 -2.81097e-005 -3.40301e-014 -4.8587e-014 -2.85929e-011 -2.85929e-011
1.42 -2.81072e-005 -3.56927e-014 -4.14114e-014 9.546e-011 9.546e-011
1.43 -2.81071e-005 -3.50057e-014 -4.4371e-014 1.54254e-010 1.54254e-010
1.44 -2.81091e-005 -3.52895e-014 -4.31496e-014 1.37884e-010 1.37884e-010
1.45 -2.81146e-005 -3.5172e-014 -4.36549e-014 5.38317e-011 5.38317e-011
1.46 -2.81251e-005 -3.5223e-014 -4.34405e-014 -7.57109e-011 -7.57109e-011
1.47 -2.8141e-005 -3.52002e-014 -4.35343e-014 -2.19881e-010 -2.19881e-010
1.48 -2.8161e-005 -3.5215e-014 -4.34906e-014 -3.46589e-010 -3.46589e-010
1.49 -2.81839e-005 -3.52624e-014 -4.35362e-014 -4.29366e-010 -4.29366e-010
1.5 -2.82092e-005 -3.52376e-014 -4.3348e-014 -4.52425e-010 -4.52425e-010
1.51 -2.82357e-005 -3.53958e-014 -4.36027e-014 -4.13497e-010 -4.13497e-010
1.52 -2.82605e-005 -3.50848e-014 -4.19149e-014 -3.23943e-010 -3.23943e-010
1.53 -2.82808e-005 -3.52566e-014 -4.41625e-014 -2.0574e-010 -2.0574e-010
1.54 -2.82954e-005 -3.52117e-014 -4.31673e-014 -8.59391e-011 -8.59391e-011
1.55 -2.83046e-005 -3.5251e-014 -4.36024e-014 9.62785e-012 9.62785e-012
1.56 -2.8308e-005 -3.51881e-014 -4.34673e-014 6.16743e-011 6.16743e-011
1.57 -2.83056e-005 -3.28805e-014 -4.67066e-014 6.09984e-011 6.09984e-011
1.58 -2.82977e-005 -3.61647e-014 -4.21884e-014 9.96167e-012 9.96167e-012
1.59 -2.82856e-005 -1.26045e-013 -5.78793e-014 -7.83785e-011 -7.83785e-011
1.6 -2.82714e-005 -1.17912e-013 -5.5795e-014 -1.83434e-010 -1.83434e-010
1.61 -2.82567e-005 -6.5036e-012 2.21902e-012 -2.81858e-010 -2.81858e-010
1.62 -2.82423e-005 -9.85899e-012 6.8103e-012 -3.52771e-010 -3.52771e-010
1.63 -2.82285e-005 -4.40172e-012 3.05598e-012 -3.82138e-010 -3.82138e-010
1.64 -2.82157e-005 -5.48259e-012 5.17613e-012 -3.65321e-010 -3.65321e-010
1.65 -2.82053e-005 -1.47503e-011 9.32133e-012 -3.07602e-010 -3.07602e-010
1.66 -2.81984e-005 -1.81933e-012 9.85839e-013 -2.22848e-010 -2.22848e-010
1.67 -2.81951e-005 6.99722e-013 -4.67451e-013 -1.30562e-010 -1.30562e-010
1.68 -2.81944e-005 -3.38107e-013 1.31245e-013 -5.15514e-011 -5.15514e-011
1.69 -2.81948e-005 8.95887e-014 -1.15504e-013 -3.01049e-012 -3.01049e-012
1.7 -2.81953e-005 -8.66217e-014 -1.38442e-014 5.45926e-012 5.45926e-012
1.71 -2.81937e-005 -1.40582e-014 -5.56795e-014 -2.62842e-011 -2.62842e-011
1.72 -2.81878e-005 -4.39301e-014 -3.8458e-014 -8.94144e-011 -8.94144e-011
1.73 -2.81758e-005 -3.1597e-014 -4.5589e-014 -1.6845e-010 -1.6845e-010
1.74 -2.81584e-005 -3.66763e-014 -4.26421e-014 -2.44811e-010 -2.44811e-010
1.75 -2.81371e-005 -3.45917e-014 -4.38603e-014 -3.01132e-010 -3.01132e-010
1.76 -2.81139e-005 -9.9227e-016 -1.59426e-014 -3.25414e-010 -3.25414e-010
1.77 -2.80909e-005 -2.8966e-014 -3.74995e-014 -3.13786e-010 -3.13786e-010
1.78 -2.80706e-005 -3.04446e-014 -3.86514e-014 -2.71007e-010 -2.71007e-010
1.79 -2.80549e-005 2.60368e-014 1.57678e-015 -2.08779e-010 -2.08779e-010
1.8 -2.8044e-005 -6.04262e-014 -6.21064e-014 -1.42594e-010 -1.42594e-010
1.81 -2.80381e-005 -2.48158e-014 -3.58439e-014 -8.78107e-011 -8.78107e-011
1.82 -2.8038e-005 -3.94874e-014 -4.66637e-014 -5.59274e-011 -5.59274e-011
1.83 -2.80446e-005 -3.88441e-013 1.75383e-013 -5.22668e-011 -5.22668e-011
1.84 -2.80575e-005 -1.40659e-012 1.0901e-012 -7.55482e-011 -7.55482e-011
1.85 -2.80756e-005 -5.63938e-013 6.13068e-013 -1.18864e-010 -1.18864e-010
1.86 -2.80973e-005 -2.29483e-012 2.23941e-012 -1.71463e-010 -1.71463e-010
1.87 -2.81208e-005 6.54711e-013 -7.74306e-013 -2.21198e-010 -2.21198e-010
1.88 -2.81421e-005 1.17973e-012 -3.04003e-013 -2.57351e-010 -2.57351e-010
1.89 -2.8156e-005 -4.97716e-012 5.69416e-012 -2.72992e-010 -2.72992e-010
1.9 -2.81604e-005 -6.5172e-013 2.11993e-012 -2.66016e-010 -2.66016e-010
1.91 -2.81567e-005 -3.9239e-012 6.82658e-012 -2.38904e-010 -2.38904e-010
1.92 -2.81473e-005 -2.3366e-012 4.66827e-012 -1.98025e-010 -1.98025e-010
1.93 -2.81342e-005 -1.62883e-012 7.23822e-013 -1.52606e-010 -1.52606e-010
1.94 -2.81207e-005 -2.15835e-012 2.4969e-012 -1.12842e-010 -1.12842e-010
1.95 -2.81111e-005 4.6119e-013 -4.74619e-013 -8.74356e-011 -8.74356e-011
1.96 -2.81087e-005 -2.56829e-013 -1.07623e-013 -8.16304e-011 -8.16304e-011
1.97 -2.81159e-005 -2.2291e-013 -7.08742e-013 -9.62625e-011 -9.62625e-011
1.98 -2.81339e-005 -5.76409e-013 -8.66736e-013 -1.27672e-010 -1.27672e-010
1.99 -2.8165e-005 -1.27008e-012 -1.05573e-012 -1.68421e-010 -1.68421e-010
2 -2.82108e-005 -1.17209e-012 -7.00047e-013 -2.09017e-010 -2.09017e-010
2.01 -2.82714e-005 -4.25141e-013 -1.98967e-014 -2.40323e-010 -2.40323e-010
2.02 -2.83439e-005 8.26048e-014 1.76849e-013 -2.55783e-010 -2.55783e-010
2.03 -2.84236e-005 -1.39571e-013 -1.67362e-013 -2.5274e-010 -2.5274e-010
2.04 -2.85055e-005 -1.48689e-013 3.73841e-015 -2.32669e-010 -2.32669e-010
2.05 -2.85841e-005 -4.99202e-013 4.1803e-014 -2.00529e-010 -2.00529e-010
2.06 -2.86534e-005 -1.35994e-014 -3.78416e-014 -1.63532e-010 -1.63532e-010
2.07 -2.87087e-005 -2.44308e-013 -6.85921e-014 -1.29527e-010 -1.29527e-010
2.08 -2.87485e-005 8.89753e-013 2.21603e-013 -1.05277e-010 -1.05277e-010
2.09 -2.87729e-005 -1.29432e-012 -9.45799e-014 -9.52034e-011 -9.52034e-011
2.1 -2.87827e-005 -2.1686e-012 -3.87506e-013 -1.0085e-010 -1.0085e-010
2.11 -2.87794e-005 -3.46427e-012 4.39205e-013 -1.20702e-010 -1.20702e-010
2.12 -2.87661e-005 -6.51839e-012 4.15955e-012 -1.50314e-010 -1.50314e-010
2.13 -2.87481e-005 -3.67171e-012 4.67906e-012 -1.83181e-010 -1.83181e-010
2.14 -2.8731e-005 -7.85753e-013 4.56568e-013 -2.1234e-010 -2.1234e-010
2.15 -2.87194e-005 -3.85467e-013 1.0955e-012 -2.32077e-010 -2.32077e-010
2.16 -2.87156e-005 1.30713e-012 -2.93706e-012 -2.39032e-010 -2.39032e-010
2.17 -2.87215e-005 -7.10506e-013 1.34299e-012 -2.32535e-010 -2.32535e-010
2.18 -2.87395e-005 3.5059e-013 -6.25583e-013 -2.14423e-010 -2.14423e-010
2.19 -2.87718e-005 -1.54586e-015 1.53329e-013 -1.88675e-010 -1.88675e-010
2.2 -2.88163e-005 2.22765e-011 -8.42457e-012 -1.60992e-010 -1.60992e-010
2.21 -2.8867e-005 1.06015e-011 -5.83541e-012 -1.37825e-010 -1.37825e-010
2.22 -2.89169e-005 -2.67969e-012 8.35175e-012 -1.24583e-010 -1.24583e-010
2.23 -2.89604e-005 5.40761e-012 2.04285e-012 -1.23781e-010 -1.23781e-010
2.24 -2.8993e-005 -2.08246e-012 -8.35079e-013 -1.34334e-010 -1.34334e-010
2.25 -2.90109e-005 6.37952e-013 7.14376e-013 -1.52398e-010 -1.52398e-010
2.26 -2.90118e-005 2.64984e-013 -1.52662e-012 -1.72949e-010 -1.72949e-010
2.27 -2.8995e-005 -6.24433e-014 7.7983e-013 -1.91081e-010 -1.91081e-010
2.28 -2.89602e-005 -4.55436e-013 6.02536e-013 -2.0289e-010 -2.0289e-010
2.29 -2.89076e-005 8.24802e-014 -5.90846e-014 -2.06264e-010 -2.06264e-010
2.3 -2.884e-005 -8.44153e-014 -3.61977e-014 -2.01284e-010 -2.01284e-010
2.31 -2.87617e-005 -1.56738e-014 -4.60098e-014 -1.89891e-010 -1.89891e-010
2.32 -2.86772e-005 -4.36745e-014 -4.22841e-014 -1.75275e-010 -1.75275e-010
2.33 -2.85906e-005 -3.11343e-014 -4.3511e-014 -1.61204e-010 -1.61204e-010
2.34 -2.85064e-005 -3.62143e-014 -4.30522e-014 -1.51059e-010 -1.51059e-010
2.35 -2.84288e-005 -3.498e-014 -4.15535e-014 -1.46919e-010 -1.46919e-010
2.36 -2.83607e-005 -3.49781e-014 -4.2149e-014 -1.49279e-010 -1.49279e-010
2.37 -2.83037e-005 -3.47039e-014 -4.35928e-014 -1.57287e-010 -1.57287e-010
2.38 -2.82578e-005 -3.52319e-014 -4.27137e-014 -1.69058e-010 -1.69058e-010
2.39 -2.82204e-005 -3.4012e-014 -4.30347e-014 -1.82042e-010 -1.82042e-010
2.4 -2.81865e-005 -3.43836e-014 -4.29228e-014 -1.93533e-010 -1.93533e-010
2.41 -2.8151e-005 -3.45341e-014 -4.32883e-014 -2.01144e-010 -2.01144e-010
2.42 -2.81093e-005 -3.48776e-014 -4.33877e-014 -2.0313e-010 -2.0313e-010
2.43 -2.80581e-005 2.06414e-012 2.47233e-012 -1.98686e-010 -1.98686e-010
2.44 -2.79977e-005 4.07406e-013 1.57035e-012 -1.88197e-010 -1.88197e-010
2.45 -2.79302e-005 -8.65368e-013 7.06077e-014 -1.73465e-010 -1.73465e-010
2.46 -2.78559e-005 -2.48352e-013 -4.91731e-013 -1.57825e-010 -1.57825e-010
2.47 -2.77739e-005 -9.73548e-014 2.86653e-013 -1.45588e-010 -1.45588e-010
2.48 -2.76852e-005 -7.10277e-014 -1.59745e-013 -1.40504e-010 -1.40504e-010
2.49 -2.75936e-005 -3.58737e-013 -1.79458e-013 -1.44142e-010 -1.44142e-010
2.5 -2.7505e-005 2.76799e-014 -4.62815e-014 -1.5537e-010 -1.5537e-010
2.51 -2.74265e-005 -1.08452e-013 -2.44665e-014 -1.7109e-010 -1.7109e-010
2.52 -2.73641e-005 1.70721e-013 1.5738e-013 -1.87491e-010 -1.87491e-010
2.53 -2.7323e-005 -9.88768e-014 -9.69302e-014 -2.01092e-010 -2.01092e-010
2.54 -2.7306e-005 -8.97441e-015 -2.14964e-014 -2.09432e-010 -2.09432e-010
2.55 -2.73134e-005 -4.60271e-014 -5.2575e-014 -2.11477e-010 -2.11477e-010
2.56 -2.73433e-005 -3.07568e-014 -3.97656e-014 -2.07602e-010 -2.07602e-010
2.57 -2.73929e-005 -3.70397e-014 -4.5048e-014 -1.9916e-010 -1.9916e-010
2.58 -2.74588e-005 -3.44512e-014 -4.28717e-014 -1.88e-010 -1.88e-010
2.59 -2.75372e-005 -3.55176e-014 -4.37683e-014 -1.7616e-010 -1.7616e-010
2.6 -2.76235e-005 8.19522e-014 3.26997e-013 -1.65655e-010 -1.65655e-010
2.61 -2.77126e-005 3.52619e-015 6.54289e-014 -1.58189e-010 -1.58189e-010
2.62 -2.77995e-005 -5.43065e-014 -7.45127e-014 -1.54817e-010 -1.54817e-010
2.63 -2.788e-005 6.93148e-014 2.91448e-013 -1.55766e-010 -1.55766e-010
2.64 -2.79511e-005 1.73696e-014 1.16341e-013 -1.60459e-010 -1.60459e-010
2.65 -2.80124e-005 -5.83888e-014 -1.09716e-013 -1.67607e-010 -1.67607e-010
2.66 -2.8066e-005 -2.56554e-014 -1.62285e-014 -1.75439e-010 -1.75439e-010
2.67 -2.81147e-005 -4.59922e-014 -5.02471e-014 -1.82162e-010 -1.82162e-010
2.68 -2.81618e-005 -4.71953e-014 -5.90801e-014 -1.86423e-010 -1.86423e-010
2.69 -2.82108e-005 -3.07031e-014 -4.94144e-014 -1.87576e-010 -1.87576e-010
2.7 -2.82656e-005 -3.70618e-014 -4.10727e-014 -1.85765e-010 -1.85765e-010
2.71 -2.83295e-005 -9.96723e-014 -9.78683e-014 -1.8183e-010 -1.8183e-010
2.72 -2.84036e-005 -1.67954e-014 -4.03512e-014 -1.77075e-010 -1.77075e-010
2.73 -2.84865e-005 -1.41687e-013 -1.4717e-013 -1.72878e-010 -1.72878e-010
2.74 -2.85765e-005 -3.33167e-014 -3.26307e-014 -1.70111e-010 -1.70111e-010
2.75 -2.8673e-005 -5.45731e-014 -1.19414e-013 -1.68775e-010 -1.68775e-010
2.76 -2.87748e-005 -2.945e-014 -1.29683e-014 -1.6836e-010 -1.6836e-010
2.77 -2.88778e-005 -3.9352e-014 -5.78487e-014 -1.6858e-010 -1.6858e-010
2.78 -2.89773e-005 4.62898e-012 1.25006e-011 -1.69532e-010 -1.69532e-010
2.79 -2.90694e-005 5.58458e-012 9.0922e-012 -1.71241e-010 -1.71241e-010
2.8 -2.91493e-005 -3.80489e-013 -4.1207e-012 -1.7346e-010 -1.7346e-010
2.81 -2.9213e-005 -1.97421e-012 -1.442e-012 -1.7582e-010 -1.7582e-010
2.82 -2.92587e-005 -1.81704e-012 -4.2523e-013 -1.77739e-010 -1.77739e-010
2.83 -2.92875e-005 -1.05907e-012 -1.02003e-012 -1.7838e-010 -1.7838e-010
2.84 -2.93019e-005 -6.29886e-013 -7.43648e-013 -1.77089e-010 -1.77089e-010
2.85 -2.93049e-005 -6.16872e-013 -5.95022e-013 -1.73837e-010 -1.73837e-010
2.86 -2.92994e-005 -2.12938e-012 2.95379e-013 -1.69293e-010 -1.69293e-010
2.87 -2.92893e-005 -8.49837e-013 2.48785e-013 -1.64626e-010 -1.64626e-010
2.88 -2.92775e-005 -1.39785e-013 -6.51917e-014 -1.61246e-010 -1.61246e-010
2.89 -2.92647e-005 -2.34322e-012 1.00274e-012 -1.60525e-010 -1.60525e-010
2.9 -2.92506e-005 -2.89364e-012 8.5296e-013 -1.63196e-010 -1.63196e-010
2.91 -2.92351e-005 -8.37721e-013 -2.03517e-012 -1.68788e-010 -1.68788e-010
2.92 -2.9218e-005 -5.57943e-013 3.76942e-013 -1.75681e-010 -1.75681e-010
2.93 -2.91989e-005 -4.99147e-014 3.4951e-013 -1.81747e-010 -1.81747e-010
2.94 -2.91758e-005 -1.04917e-013 -1.87173e-013 -1.85189e-010 -1.85189e-010
2.95 -2.91454e-005 -2.16399e-013 4.9509e-013 -1.8525e-010 -1.8525e-010
2.96 -2.91049e-005 -9.04588e-014 1.87449e-014 -1.82332e-010 -1.82332e-010
2.97 -2.90522e-005 1.47047e-013 -1.599e-014 -1.77452e-010 -1.77452e-010
2.98 -2.89865e-005 -8.05654e-013 1.06455e-012 -1.71908e-010 -1.71908e-010
2.99 -2.89072e-005 2.20751e-013 -3.18886e-013 -1.67144e-010 -1.67144e-010
3 -2.8814e-005 -9.04632e-013 1.63226e-012 -1.64388e-010 -1.64388e-010
3.01 -2.8707e-005 3.22866e-013 -7.33715e-013 -1.64298e-010 -1.64298e-010
3.02 -2.85877e-005 -1.71704e-013 2.52473e-013 -1.66768e-010 -1.66768e-010
3.03 -2.84587e-005 2.79121e-014 -1.58576e-013 -1.70887e-010 -1.70887e-010
3.04 -2.83233e-005 -5.78944e-014 6.21411e-015 -1.75266e-010 -1.75266e-010
3.05 -2.81862e-005 -2.34202e-014 -6.05601e-014 -1.78624e-010 -1.78624e-010
3.06 -2.80525e-005 -3.89166e-014 -3.58854e-014 -1.8027e-010 -1.8027e-010
3.07 -2.79245e-005 -3.35449e-014 -4.44482e-014 -1.80353e-010 -1.80353e-010
3.08 -2.78014e-005 -3.87762e-014 -3.33412e-014 -1.7983e-010 -1.7983e-010
3.09 -2.76825e-005 7.46317e-014 3.00666e-013 -1.79872e-010 -1.79872e-010
3.1 -2.75692e-005 1.22591e-012 3.26995e-012 -1.80911e-010 -1.80911e-010
3.11 -2.74639e-005 1.78154e-012 3.67886e-012 -1.82419e-010 -1.82419e-010
3.12 -2.73667e-005 3.62688e-013 5.12734e-013 -1.83694e-010 -1.83694e-010
3.13 -2.72751e-005 -3.44022e-013 -6.52114e-013 -1.84527e-010 -1.84527e-010
3.14 -2.7187e-005 -3.12444e-013 -8.58973e-014 -1.85092e-010 -1.85092e-010
3.15 -2.71037e-005 -4.58894e-013 1.0947e-013 -1.85456e-010 -1.85456e-010
3.16 -2.70279e-005 2.09193e-013 7.85002e-013 -1.85463e-010 -1.85463e-010
3.17 -2.69624e-005 -1.36137e-013 1.42606e-013 -1.85172e-010 -1.85172e-010
3.18 -2.69096e-005 -1.10848e-012 1.41593e-013 -1.85166e-010 -1.85166e-010
3.19 -2.68695e-005 1.08817e-014 -1.74244e-013 -1.86295e-010 -1.86295e-010
3.2 -2.68403e-005 3.58684e-013 -3.10236e-014 -1.89076e-010 -1.89076e-010
3.21 -2.68216e-005 -1.9295e-013 -2.79742e-013 -1.93004e-010 -1.93004e-010
3.22 -2.68159e-005 6.34469e-015 8.04845e-013 -1.96339e-010 -1.96339e-010
3.23 -2.68269e-005 -4.32201e-012 1.03132e-011 -1.96866e-010 -1.96866e-010
3.24 -2.68573e-005 -1.6974e-012 4.72092e-012 -1.93253e-010 -1.93253e-010
3.25 -2.69078e-005 2.22159e-012 -1.47023e-012 -1.85978e-010 -1.85978e-010
3.26 -2.69778e-005 1.46054e-013 1.53246e-012 -1.77152e-010 -1.77152e-010
3.27 -2.70648e-005 -6.05142e-013 4.00138e-012 -1.69516e-010 -1.69516e-010
3.28 -2.71644e-005 -2.38449e-012 7.82423e-012 -1.65468e-010 -1.65468e-010
3.29 -2.72723e-005 -1.34665e-012 1.15861e-012 -1.66365e-010 -1.66365e-010
3.3 -2.7385e-005 5.0536e-013 -5.43354e-013 -1.72035e-010 -1.72035e-010
3.31 -2.74993e-005 -2.61753e-013 1.56772e-013 -1.8079e-010 -1.8079e-010
3.32 -2.76115e-005 5.8708e-014 -1.31226e-013 -1.89956e-010 -1.89956e-010
3.33 -2.77187e-005 -7.35748e-014 -1.04703e-014 -1.9666e-010 -1.9666e-010
3.34 -2.78208e-005 -4.932e-014 -6.70704e-014 -1.98647e-010 -1.98647e-010
3.35 -2.79203e-005 -2.93765e-014 -3.38154e-014 -1.94977e-010 -1.94977e-010
3.36 -2.80186e-005 -5.40135e-014 -5.27088e-014 -1.86564e-010 -1.86564e-010
3.37 -2.81155e-005 -1.48224e-013 -1.15933e-013 -1.76118e-010 -1.76118e-010
3.38 -2.82102e-005 8.08306e-015 -1.35452e-014 -1.67137e-010 -1.67137e-010
3.39 -2.83015e-005 -3.62869e-013 -3.25949e-013 -1.6245e-010 -1.6245e-010
3.4 -2.83896e-005 3.83138e-014 4.38445e-014 -1.63062e-010 -1.63062e-010
3.41 -2.84776e-005 -1.51283e-013 -1.6866e-013 -1.67817e-010 -1.67817e-010
3.42 -2.85691e-005 -2.79892e-013 -3.40409e-013 -1.74039e-010 -1.74039e-010
3.43 -2.86658e-005 -4.38622e-014 -2.99599e-014 -1.78919e-010 -1.78919e-010
3.44 -2.87664e-005 -2.53688e-013 -3.47634e-013 -1.80853e-010 -1.80853e-010
3.45 -2.8868e-005 5.48098e-014 8.1788e-014 -1.79715e-010 -1.79715e-010
3.46 -2.89679e-005 -4.48527e-013 -5.3493e-013 -1.76231e-010 -1.76231e-010
3.47 -2.90643e-005 -1.39003e-013 -2.1802e-013 -1.71431e-010 -1.71431e-010
3.48 -2.91551e-005 2.2104e-011 3.0654e-011 -1.66484e-010 -1.66484e-010
3.49 -2.92384e-005 1.31728e-011 1.82537e-011 -1.62743e-010 -1.62743e-010
3.5 -2.93119e-005 -5.48381e-012 -7.51348e-012 -1.61385e-010 -1.61385e-010
3.51 -2.93749e-005 5.72881e-012 1.77845e-011 -1.62666e-010 -1.62666e-010
3.52 -2.94266e-005 1.73557e-012 5.81953e-012 -1.6596e-010 -1.6596e-010
3.53 -2.94652e-005 -2.40965e-013 -4.61012e-012 -1.70382e-010 -1.70382e-010
3.54 -2.94893e-005 -1.28695e-012 -1.40139e-012 -1.74827e-010 -1.74827e-010
3.55 -2.95003e-005 -1.58757e-014 1.4555e-014 -1.77948e-010 -1.77948e-010
3.56 -2.95022e-005 -2.73592e-013 -1.07663e-013 -1.78797e-010 -1.78797e-010
3.57 -2.94998e-005 2.04493e-014 -2.40492e-013 -1.77206e-010 -1.77206e-010
3.58 -2.94954e-005 -5.47988e-014 5.10217e-014 -1.73858e-010 -1.73858e-010
3.59 -2.94884e-005 -6.83906e-013 -2.21534e-013 -1.70287e-010 -1.70287e-010
3.6 -2.94761e-005 5.68802e-013 6.59048e-013 -1.68203e-010 -1.68203e-010
3.61 -2.94554e-005 -1.60259e-011 -2.1089e-011 -1.68413e-010 -1.68413e-010
3.62 -2.94271e-005 -8.91301e-012 -1.18988e-011 -1.70403e-010 -1.70403e-010
3.63 -2.93932e-005 3.6694e-012 4.90256e-012 -1.72613e-010 -1.72613e-010
3.64 -2.93555e-005 -1.50982e-012 -2.01024e-012 -1.73222e-010 -1.73222e-010
3.65 -2.93135e-005 6.25492e-013 8.36373e-013 -1.7149e-010 -1.7149e-010
3.66 -2.92632e-005 -2.59587e-013 -3.44326e-013 -1.68406e-010 -1.68406e-010
3.67 -2.92014e-005 1.05415e-013 1.41184e-013 -1.65788e-010 -1.65788e-010
3.68 -2.9126e-005 -4.54582e-014 -5.86092e-014 -1.64982e-010 -1.64982e-010
3.69 -2.90369e-005 2.84335e-014 3.95879e-014 -1.66303e-010 -1.66303e-010
3.7 -2.89363e-005 9.41453e-015 1.19266e-014 -1.69141e-010 -1.69141e-010
3.71 -2.88289e-005 3.56004e-015 4.65614e-015 -1.72444e-010 -1.72444e-010
3.72 -2.87189e-005 -6.51733e-016 -7.66704e-016 -1.75425e-010 -1.75425e-010
3.73 -2.86093e-005 -1.57896e-015 -6.40848e-016 -1.77908e-010 -1.77908e-010
3.74 -2.85023e-005 2.38547e-015 2.45971e-015 -1.80167e-010 -1.80167e-010
3.75 -2.83996e-005 9.67381e-015 1.03616e-014 -1.8254e-010 -1.8254e-010
3.76 -2.83035e-005 -9.02151e-016 -1.46778e-016 -1.84999e-010 -1.84999e-010
3.77 -2.82162e-005 -5.00171e-014 -6.59417e-014 -1.87059e-010 -1.87059e-010
3.78 -2.81388e-005 5.71634e-014 5.72102e-014 -1.88054e-010 -1.88054e-010
3.79 -2.80718e-005 -8.37774e-014 -7.41377e-014 -1.8744e-010 -1.8744e-010
3.8 -2.8015e-005 1.34055e-013 1.3775e-013 -1.84981e-010 -1.84981e-010
3.81 -2.79668e-005 -5.64959e-014 -5.73734e-014 -1.8092e-010 -1.8092e-010
3.82 -2.79239e-005 3.06581e-014 2.76594e-014 -1.76103e-010 -1.76103e-010
3.83 -2.78817e-005 -1.23941e-014 -1.24484e-014 -1.7179e-010 -1.7179e-010
3.84 -2.78357e-005 2.05392e-014 -5.0977e-015 -1.69057e-010 -1.69057e-010
3.85 -2.77849e-005 -8.46628e-013 3.02021e-013 -1.68162e-010 -1.68162e-010
3.86 -2.77305e-005 4.11739e-014 -4.14515e-014 -1.68505e-010 -1.68505e-010
3.87 -2.7673e-005 -3.77774e-013 1.47363e-013 -1.69409e-010 -1.69409e-010
3.88 -2.76124e-005 -2.08091e-013 6.27936e-015 -1.7088e-010 -1.7088e-010
3.89 -2.75501e-005 -7.47266e-014 1.17232e-013 -1.73373e-010 -1.73373e-010
3.9 -2.74899e-005 -3.76973e-013 7.92477e-014 -1.76979e-010 -1.76979e-010
3.91 -2.74378e-005 -3.53023e-013 1.94266e-013 -1.81131e-010 -1.81131e-010
3.92 -2.74002e-005 -1.19091e-013 1.68224e-013 -1.85069e-010 -1.85069e-010
3.93 -2.73814e-005 -1.38901e-014 1.2589e-014 -1.88472e-010 -1.88472e-010
3.94 -2.73825e-005 2.75166e-015 -6.14972e-015 -1.91533e-010 -1.91533e-010
3.95 -2.74028e-005 -4.97265e-015 1.90648e-015 -1.94405e-010 -1.94405e-010
3.96 -2.74405e-005 8.92728e-017 -1.72052e-015 -1.96565e-010 -1.96565e-010
3.97 -2.74935e-005 -3.55805e-015 5.47896e-016 -1.96803e-010 -1.96803e-010
3.98 -2.75581e-005 -1.73621e-015 1.6652e-015 -1.93978e-010 -1.93978e-010
3.99 -2.76286e-005 -4.59796e-015 3.76136e-014 -1.87891e-010 -1.87891e-010
4 -2.76987e-005 5.42328e-015 -5.78286e-015 -1.7952e-010 -1.7952e-010
4.01 -2.77639e-005 5.19344e-014 4.40416e-014 -1.70564e-010 -1.70564e-010
4.02 -2.78202e-005 -1.72801e-014 3.52158e-014 -1.6289e-010 -1.6289e-010
4.03 -2.78642e-005 -2.09399e-014 9.6076e-014 -1.58183e-010 -1.58183e-010
4.04 -2.78948e-005 -1.71488e-012 2.62117e-012 -1.57626e-010 -1.57626e-010
4.05 -2.79141e-005 -1.25793e-012 3.07252e-012 -1.61482e-010 -1.61482e-010
4.06 -2.79248e-005 -1.69315e-011 2.31732e-011 -1.69016e-010 -1.69016e-010
4.07 -2.79299e-005 -8.01517e-012 1.0481e-011 -1.78797e-010 -1.78797e-010
4.08 -2.79342e-005 5.69607e-013 -1.61815e-012 -1.88898e-010 -1.88898e-010
4.09 -2.7944e-005 -1.60105e-012 1.99668e-012 -1.97159e-010 -1.97159e-010
4.1 -2.79649e-005 5.42999e-014 -1.22088e-012 -2.01754e-010 -2.01754e-010
4.11 -2.80005e-005 -2.22081e-012 9.15182e-013 -2.01857e-010 -2.01857e-010
4.12 -2.80528e-005 2.88225e-012 -5.09511e-012 -1.97831e-010 -1.97831e-010
4.13 -2.81207e-005 -2.68502e-012 2.12829e-012 -1.90857e-010 -1.90857e-010
4.14 -2.8201e-005 3.25099e-012 -3.37128e-013 -1.82514e-010 -1.82514e-010
4.15 -2.82904e-005 -1.09301e-012 -9.69885e-013 -1.74375e-010 -1.74375e-010
4.16 -2.83859e-005 1.18766e-012 -6.87796e-013 -1.67593e-010 -1.67593e-010
4.17 -2.84839e-005 -5.27443e-013 -3.36686e-013 -1.62801e-010 -1.62801e-010
4.18 -2.85792e-005 -2.37673e-013 6.98437e-013 -1.60355e-010 -1.60355e-010
4.19 -2.86655e-005 -1.69957e-012 2.88448e-012 -1.60473e-010 -1.60473e-010
4.2 -2.87364e-005 -8.27414e-013 5.33623e-013 -1.63032e-010 -1.63032e-010
4.21 -2.87877e-005 4.41991e-013 -1.86897e-012 -1.67248e-010 -1.67248e-010
4.22 -2.8818e-005 9.6238e-013 -9.61585e-013 -1.71593e-010 -1.71593e-010
4.23 -2.88282e-005 1.76133e-013 -2.58092e-013 -1.74365e-010 -1.74365e-010
4.24 -2.88217e-005 1.50379e-013 -3.11745e-013 -1.745e-010 -1.745e-010
4.25 -2.88013e-005 -6.39743e-014 1.27538e-013 -1.7207e-010 -1.7207e-010
4.26 -2.87684e-005 2.5162e-014 -6.34499e-014 -1.68392e-010 -1.68392e-010
4.27 -2.87253e-005 -1.56933e-014 4.14304e-014 -1.65337e-010 -1.65337e-010
4.28 -2.8675e-005 3.66654e-015 -3.05209e-014 -1.64248e-010 -1.64248e-010
4.29 -2.86202e-005 -8.21189e-015 1.41528e-014 -1.65472e-010 -1.65472e-010
4.3 -2.85642e-005 -5.02376e-016 -5.61916e-015 -1.68585e-010 -1.68585e-010
4.31 -2.8512e-005 1.81336e-015 6.82532e-015 -1.72552e-010 -1.72552e-010
4.32 -2.8468e-005 -1.45692e-015 1.41137e-015 -1.75946e-010 -1.75946e-010
4.33 -2.84331e-005 -1.70542e-015 -1.16585e-015 -1.7767e-010 -1.7767e-010
4.34 -2.84062e-005 -2.66333e-015 2.56542e-017 -1.77526e-010 -1.77526e-010
4.35 -2.83843e-005 2.53585e-015 1.69463e-015 -1.76047e-010 -1.76047e-010
4.36 -2.8364e-005 -1.02036e-015 7.96207e-016 -1.7386e-010 -1.7386e-010
4.37 -2.83435e-005 1.03777e-014 5.66553e-015 -1.71136e-010 -1.71136e-010
4.38 -2.83226e-005 1.83585e-014 -3.07355e-014 -1.67687e-010 -1.67687e-010
4.39 -2.83016e-005 -4.24182e-012 5.27267e-012 -1.63586e-010 -1.63586e-010
4.4 -2.828e-005 -3.92243e-012 4.24783e-012 -1.59581e-010 -1.59581e-010
4.41 -2.82554e-005 -3.02256e-013 -1.48549e-013 -1.56945e-010 -1.56945e-010
4.42 -2.82245e-005 -5.33661e-013 2.66769e-013 -1.5685e-010 -1.5685e-010
4.43 -2.8184e-005 -1.03359e-013 -8.01798e-014 -1.59675e-010 -1.59675e-010
4.44 -2.81313e-005 -2.06588e-013 -1.27852e-014 -1.64677e-010 -1.64677e-010
4.45 -2.80648e-005 -2.21656e-013 -2.49396e-013 -1.70215e-010 -1.70215e-010
4.46 -2.79869e-005 -2.80556e-013 -3.55621e-013 -1.74314e-010 -1.74314e-010
4.47 -2.79038e-005 1.42488e-013 -2.88281e-013 -1.75333e-010 -1.75333e-010
4.48 -2.78216e-005 1.10267e-013 -2.49955e-014 -1.72768e-010 -1.72768e-010
4.49 -2.77432e-005 -7.96913e-013 5.82066e-013 -1.67863e-010 -1.67863e-010
4.5 -2.76694e-005 -1.95093e-012 1.1538e-012 -1.63319e-010 -1.63319e-010
4.51 -2.76004e-005 -1.86202e-013 -1.33722e-014 -1.62018e-010 -1.62018e-010
4.52 -2.75356e-005 7.47555e-014 4.57428e-015 -1.65445e-010 -1.65445e-010
4.53 -2.74756e-005 -2.41454e-014 6.35832e-015 -1.72737e-010 -1.72737e-010
4.54 -2.74226e-005 7.41165e-014 1.66195e-014 -1.81024e-010 -1.81024e-010
4.55 -2.73783e-005 7.33163e-014 6.59413e-015 -1.86899e-010 -1.86899e-010
4.56 -2.73445e-005 -6.73463e-014 -9.13933e-015 -1.87978e-010 -1.87978e-010
4.57 -2.73228e-005 -2.9348e-014 -2.64781e-014 -1.83686e-010 -1.83686e-010
4.58 -2.73128e-005 -1.61821e-013 -3.1895e-014 -1.75386e-010 -1.75386e-010
4.59 -2.73102e-005 -4.45974e-014 1.00331e-014 -1.66147e-010 -1.66147e-010
4.6 -2.73085e-005 4.09139e-015 3.82181e-014 -1.59721e-010 -1.59721e-010
4.61 -2.73033e-005 -4.70942e-015 -1.6016e-014 -1.58775e-010 -1.58775e-010
4.62 -2.72944e-005 -2.23172e-015 7.6521e-015 -1.63504e-010 -1.63504e-010
4.63 -2.72837e-005 -3.26543e-014 5.95809e-014 -1.71671e-010 -1.71671e-010
4.64 -2.72717e-005 -9.07893e-015 7.80041e-014 -1.80039e-010 -1.80039e-010
4.65 -2.72576e-005 1.8274e-015 -3.30463e-014 -1.85939e-010 -1.85939e-010
4.66 -2.72435e-005 8.67046e-017 2.60163e-014 -1.87886e-010 -1.87886e-010
4.67 -2.72344e-005 1.72147e-014 1.47728e-014 -1.85603e-010 -1.85603e-010
4.68 -2.72348e-005 2.63841e-015 1.03034e-014 -1.80206e-010 -1.80206e-010
4.69 -2.72469e-005 -5.20717e-015 -4.85264e-015 -1.74257e-010 -1.74257e-010
4.7 -2.72699e-005 -2.56878e-014 9.92647e-015 -1.70919e-010 -1.70919e-010
4.71 -2.73018e-005 3.76408e-015 -2.98383e-015 -1.72397e-010 -1.72397e-010
4.72 -2.7342e-005 -4.01842e-015 6.3663e-016 -1.78512e-010 -1.78512e-010
4.73 -2.73928e-005 -2.3336e-015 2.67067e-015 -1.86475e-010 -1.86475e-010
4.74 -2.74574e-005 -1.6014e-015 -1.30345e-015 -1.92264e-010 -1.92264e-010
4.75 -2.75359e-005 5.88779e-014 -7.0055e-014 -1.92807e-010 -1.92807e-010
4.76 -2.76248e-005 -2.6217e-014 2.79275e-014 -1.87582e-010 -1.87582e-010
4.77 -2.77179e-005 7.775e-015 -1.13342e-014 -1.78593e-010 -1.78593e-010
4.78 -2.78083e-005 -1.78218e-014 -5.5929e-016 -1.6889e-010 -1.6889e-010
4.79 -2.78923e-005 5.76284e-015 -3.70009e-015 -1.61052e-010 -1.61052e-010
4.8 -2.79689e-005 -3.68167e-015 -2.32867e-015 -1.56545e-010 -1.56545e-010
4.81 -2.80375e-005 5.09964e-016 -2.85955e-015 -1.5582e-010 -1.5582e-010
4.82 -2.80986e-005 -1.71542e-015 -8.07238e-016 -1.58551e-010 -1.58551e-010
4.83 -2.81529e-005 -7.69355e-016 -1.54029e-015 -1.63733e-010 -1.63733e-010
4.84 -2.81984e-005 -2.41556e-014 -3.75701e-015 -1.69992e-010 -1.69992e-010
4.85 -2.82312e-005 -3.1411e-014 -2.97726e-014 -1.75964e-010 -1.75964e-010
4.86 -2.82544e-005 -1.996e-015 4.72837e-015 -1.80236e-010 -1.80236e-010
4.87 -2.82788e-005 -1.11323e-015 -2.90682e-015 -1.81089e-010 -1.81089e-010
4.88 -2.83139e-005 -1.00825e-013 -9.9925e-014 -1.77397e-010 -1.77397e-010
4.89 -2.83615e-005 -2.03508e-013 -1.14495e-013 -1.70418e-010 -1.70418e-010
4.9 -2.8418e-005 -4.70496e-013 -5.709e-013 -1.63869e-010 -1.63869e-010
4.91 -2.84802e-005 1.91241e-013 2.34065e-013 -1.61375e-010 -1.61375e-010
4.92 -2.85482e-005 9.39271e-012 5.5204e-012 -1.63789e-010 -1.63789e-010
4.93 -2.86234e-005 5.69593e-012 2.64645e-012 -1.6904e-010 -1.6904e-010
4.94 -2.87064e-005 -2.9656e-012 9.08443e-014 -1.73997e-010 -1.73997e-010
4.95 -2.87977e-005 -1.39399e-014 2.11198e-013 -1.76207e-010 -1.76207e-010
4.96 -2.88963e-005 -1.46574e-012 2.0009e-012 -1.74872e-010 -1.74872e-010
4.97 -2.89966e-005 -6.45544e-015 1.4205e-012 -1.7101e-010 -1.7101e-010
4.98 -2.90911e-005 -6.33743e-013 -1.16229e-012 -1.66565e-010 -1.66565e-010
4.99 -2.91767e-005 -3.20686e-014 -3.2431e-013 -1.63041e-010 -1.63041e-010
5 -2.92546e-005 -7.64977e-014 9.60922e-013 -1.60789e-010 -1.60789e-010
5.01 -2.93251e-005 8.57843e-014 2.20445e-013 -1.59524e-010 -1.59524e-010
5.02 -2.93863e-005 -8.68691e-013 -1.42324e-012 -1.59249e-010 -1.59249e-010
5.03 -2.94365e-005 -1.40248e-015 6.0415e-013 -1.60236e-010 -1.60236e-010
5.04 -2.94749e-005 -1.99871e-013 -4.06688e-013 -1.62288e-010 -1.62288e-010
5.05 -2.95027e-005 -3.1903e-013 -3.94179e-013 -1.64507e-010 -1.64507e-010
5.06 -2.95249e-005 -1.51244e-013 1.90153e-013 -1.65858e-010 -1.65858e-010
5.07 -2.95475e-005 -6.82073e-013 -1.07318e-012 -1.65822e-010 -1.65822e-010
5.08 -2.95733e-005 -1.05975e-012 -9.25474e-013 -1.64877e-010 -1.64877e-010
5.09 -2.96009e-005 -9.82008e-013 -7.81981e-013 -1.64482e-010 -1.64482e-010
5.1 -2.96295e-005 -1.35028e-012 -4.23745e-013 -1.66177e-010 -1.66177e-010
5.11 -2.96584e-005 4.47719e-014 6.234e-013 -1.70371e-010 -1.70371e-010
5.12 -2.96853e-005 -8.63784e-013 -2.02478e-013 -1.75933e-010 -1.75933e-010
5.13 -2.97081e-005 -2.08461e-012 3.86771e-012 -1.80926e-010 -1.80926e-010
5.14 -2.97292e-005 -1.41281e-013 1.11916e-012 -1.83558e-010 -1.83558e-010
5.15 -2.97514e-005 -3.1653e-013 -4.49286e-015 -1.82721e-010 -1.82721e-010
5.16 -2.97738e-005 -5.77146e-014 2.65875e-013 -1.78518e-010 -1.78518e-010
5.17 -2.97931e-005 9.88381e-014 3.71016e-014 -1.72458e-010 -1.72458e-010
5.18 -2.98075e-005 1.53272e-012 4.98014e-012 -1.66655e-010 -1.66655e-010
5.19 -2.9816e-005 8.86321e-013 2.16922e-012 -1.62858e-010 -1.62858e-010
5.2 -2.98151e-005 -1.56546e-012 4.98559e-013 -1.62018e-010 -1.62018e-010
5.21 -2.97989e-005 -4.71765e-012 -3.60395e-012 -1.6415e-010 -1.6415e-010
5.22 -2.97631e-005 -3.72598e-012 -3.28307e-012 -1.68232e-010 -1.68232e-010
5.23 -2.97044e-005 -8.59138e-013 -4.71013e-014 -1.72261e-010 -1.72261e-010
5.24 -2.96204e-005 -2.33287e-012 -1.65174e-012 -1.74035e-010 -1.74035e-010
5.25 -2.951e-005 -8.31989e-013 1.59532e-012 -1.7237e-010 -1.7237e-010
5.26 -2.93729e-005 -1.93297e-012 1.58592e-012 -1.67506e-010 -1.67506e-010
5.27 -2.92074e-005 -1.64665e-013 2.00636e-013 -1.60755e-010 -1.60755e-010
5.28 -2.90116e-005 1.13128e-013 4.50378e-014 -1.5434e-010 -1.5434e-010
5.29 -2.87869e-005 6.69543e-014 1.13681e-013 -1.50705e-010 -1.50705e-010
5.3 -2.85374e-005 3.7351e-014 3.35852e-014 -1.51165e-010 -1.51165e-010
5.31 -2.82671e-005 9.16077e-015 2.10123e-014 -1.55486e-010 -1.55486e-010
5.32 -2.7981e-005 6.97681e-015 1.69658e-014 -1.62675e-010 -1.62675e-010
5.33 -2.76856e-005 -1.80986e-014 4.94107e-014 -1.71559e-010 -1.71559e-010
5.34 -2.73868e-005 1.38025e-014 -1.13424e-015 -1.80949e-010 -1.80949e-010
5.35 -2.70876e-005 -2.23093e-014 6.89632e-014 -1.89864e-010 -1.89864e-010
5.36 -2.67883e-005 3.64695e-012 2.82262e-012 -1.97544e-010 -1.97544e-010
5.37 -2.64914e-005 1.06329e-011 1.40034e-011 -2.03085e-010 -2.03085e-010
5.38 -2.62055e-005 8.34932e-012 2.18076e-011 -2.04921e-010 -2.04921e-010
5.39 -2.5939e-005 1.04912e-011 2.87952e-011 -2.01671e-010 -2.01671e-010
5.4 -2.56927e-005 1.28937e-011 2.17105e-011 -1.94157e-010 -1.94157e-010
5.41 -2.54613e-005 1.04386e-011 1.64474e-011 -1.8602e-010 -1.8602e-010
5.42 -2.52419e-005 7.54233e-012 8.9357e-013 -1.81534e-010 -1.81534e-010
5.43 -2.5038e-005 -5.58842e-012 4.85306e-012 -1.82121e-010 -1.82121e-010
5.44 -2.48579e-005 9.54958e-012 1.21725e-011 -1.85665e-010 -1.85665e-010
5.45 -2.47069e-005 -9.59076e-012 -1.36221e-011 -1.89503e-010 -1.89503e-010
5.46 -2.45841e-005 7.38445e-012 1.12665e-011 -1.92991e-010 -1.92991e-010
5.47 -2.44865e-005 -9.18117e-012 8.85683e-012 -1.96687e-010 -1.96687e-010
5.48 -2.44134e-005 6.88697e-013 3.7007e-012 -2.00165e-010 -2.00165e-010
5.49 -2.43656e-005 7.96249e-013 -2.85987e-012 -2.01772e-010 -2.01772e-010
5.5 -2.43462e-005 1.24373e-013 9.24953e-013 -1.99993e-010 -1.99993e-010
5.51 -2.43616e-005 2.09903e-012 1.53963e-012 -1.9465e-010 -1.9465e-010
5.52 -2.44169e-005 2.83771e-012 1.08506e-011 -1.87299e-010 -1.87299e-010
5.53 -2.45122e-005 -1.91252e-012 2.69554e-012 -1.80921e-010 -1.80921e-010
5.54 -2.46459e-005 3.48747e-013 -1.31785e-013 -1.78883e-010 -1.78883e-010
5.55 -2.48176e-005 -3.30819e-013 -2.04774e-014 -1.83106e-010 -1.83106e-010
5.56 -2.5029e-005 -1.49406e-013 -1.03471e-013 -1.92596e-010 -1.92596e-010
5.57 -2.52827e-005 -4.79657e-014 6.59179e-014 -2.03823e-010 -2.03823e-010
5.58 -2.55803e-005 -5.98351e-013 -5.0803e-013 -2.12573e-010 -2.12573e-010
5.59 -2.59208e-005 -8.9596e-013 -1.09921e-012 -2.15665e-010 -2.15665e-010
5.6 -2.63024e-005 -6.65527e-013 -8.61235e-013 -2.11442e-010 -2.11442e-010
5.61 -2.67247e-005 -3.8557e-013 -4.48419e-013 -1.99889e-010 -1.99889e-010
5.62 -2.71855e-005 -8.23831e-013 -7.10882e-013 -1.828e-010 -1.828e-010
5.63 -2.76764e-005 -2.03777e-012 -1.6157e-012 -1.63275e-010 -1.63275e-010
5.64 -2.81843e-005 -4.69145e-012 -4.40473e-012 -1.45405e-010 -1.45405e-010
5.65 -2.86973e-005 -1.51008e-011 -3.37267e-012 -1.33253e-010 -1.33253e-010
5.66 -2.92078e-005 -7.44729e-012 -2.42863e-011 -1.28573e-010 -1.28573e-010
5.67 -2.97108e-005 3.16359e-012 -4.14921e-012 -1.29831e-010 -1.29831e-010
5.68 -3.02007e-005 -5.90056e-012 -4.81754e-012 -1.34142e-010 -1.34142e-010
5.69 -3.06645e-005 4.82973e-012 2.49296e-011 -1.39786e-010 -1.39786e-010
5.7 -3.10899e-005 2.71489e-012 1.34432e-011 -1.46416e-010 -1.46416e-010
5.71 -3.14678e-005 -2.15769e-012 2.58516e-011 -1.53859e-010 -1.53859e-010
5.72 -3.17949e-005 1.63575e-012 2.43748e-011 -1.61343e-010 -1.61343e-010
5.73 -3.20684e-005 -9.63851e-012 -1.47552e-011 -1.67219e-010 -1.67219e-010
5.74 -3.22833e-005 -2.93777e-012 -3.69962e-012 -1.69868e-010 -1.69868e-010
5.75 -3.24339e-005 2.58639e-013 3.10675e-011 -1.6941e-010 -1.6941e-010
5.76 -3.25172e-005 -1.77996e-012 1.44659e-011 -1.67514e-010 -1.67514e-010
5.77 -3.25349e-005 -6.77221e-012 -2.35639e-011 -1.66026e-010 -1.66026e-010
5.78 -3.24924e-005 -7.63712e-012 8.69005e-012 -1.65356e-010 -1.65356e-010
5.79 -3.2399e-005 -3.23865e-013 -4.79356e-012 -1.63864e-010 -1.63864e-010
5.8 -3.22676e-005 -1.96524e-012 -2.84905e-012 -1.60425e-010 -1.60425e-010
5.81 -3.21123e-005 2.51726e-012 5.2147e-012 -1.56455e-010 -1.56455e-010
5.82 -3.19405e-005 -2.60779e-013 -9.9199e-012 -1.54917e-010 -1.54917e-010
5.83 -3.17497e-005 2.62263e-013 2.3968e-012 -1.58629e-010 -1.58629e-010
5.84 -3.15364e-005 2.16312e-015 -1.12291e-011 -1.68338e-010 -1.68338e-010
5.85 -3.13045e-005 -3.01216e-012 -1.50724e-011 -1.81333e-010 -1.81333e-010
5.86 -3.10626e-005 2.56037e-012 -2.098e-012 -1.92655e-010 -1.92655e-010
5.87 -3.08176e-005 -5.04134e-013 -4.91747e-012 -1.97958e-010 -1.97958e-010
5.88 -3.05718e-005 2.92391e-012 -7.5323e-012 -1.95392e-010 -1.95392e-010
5.89 -3.03227e-005 4.98214e-013 1.77217e-012 -1.86019e-010 -1.86019e-010
5.9 -3.00622e-005 -1.2702e-012 -2.27994e-012 -1.73201e-010 -1.73201e-010
5.91 -2.97804e-005 9.40139e-013 -8.52216e-013 -1.61245e-010 -1.61245e-010
5.92 -2.94683e-005 2.37511e-012 -1.54629e-012 -1.54175e-010 -1.54175e-010
5.93 -2.91182e-005 1.55508e-012 -8.70169e-016 -1.54345e-010 -1.54345e-010
5.94 -2.87242e-005 3.96228e-012 5.44758e-013 -1.60993e-010 -1.60993e-010
5.95 -2.82866e-005 5.31705e-012 2.57093e-012 -1.70452e-010 -1.70452e-010
5.96 -2.78137e-005 6.14386e-013 -2.08969e-012 -1.78357e-010 -1.78357e-010
5.97 -2.73182e-005 6.44643e-014 -1.5791e-012 -1.81899e-010 -1.81899e-010
5.98 -2.68132e-005 1.4011e-012 -7.67277e-013 -1.80947e-010 -1.80947e-010
5.99 -2.63112e-005 1.20699e-012 -1.57003e-012 -1.78321e-010 -1.78321e-010
6 -2.58307e-005 2.04321e-011 2.10072e-011 -1.78309e-010 -1.78309e-010
6.01 -2.53974e-005 -3.48199e-011 -3.93814e-011 -1.8348e-010 -1.8348e-010
6.02 -2.50383e-005 -4.99484e-013 6.34402e-012 -1.94276e-010 -1.94276e-010
6.03 -2.47748e-005 1.24167e-012 5.05072e-011 -2.11584e-010 -2.11584e-010
6.04 -2.46215e-005 -6.57865e-012 -5.1217e-012 -2.35618e-010 -2.35618e-010
6.05 -2.45889e-005 5.55427e-012 6.29148e-012 -2.61945e-010 -2.61945e-010
6.06 -2.46823e-005 5.23184e-012 -3.19585e-012 -2.82492e-010 -2.82492e-010
6.07 -2.49008e-005 -1.6639e-012 -6.33966e-012 -2.90963e-010 -2.90963e-010
6.08 -2.52331e-005 -1.16331e-010 1.62681e-010 -2.84579e-010 -2.84579e-010
6.09 -2.56632e-005 -5.77959e-011 4.48438e-011 -2.6242e-010 -2.6242e-010
6.1 -2.61677e-005 1.70697e-011 -1.10026e-011 -2.2783e-010 -2.2783e-010
6.11 -2.67158e-005 -2.14752e-011 1.55335e-011 -1.9114e-010 -1.9114e-010
6.12 -2.72706e-005 3.64491e-013 -8.33832e-012 -1.64598e-010 -1.64598e-010
6.13 -2.77928e-005 3.633e-012 8.1088e-013 -1.53616e-010 -1.53616e-010
6.14 -2.82442e-005 -4.13587e-012 4.87458e-012 -1.54847e-010 -1.54847e-010
6.15 -2.85893e-005 4.21982e-012 -4.50602e-012 -1.62533e-010 -1.62533e-010
6.16 -2.87995e-005 -1.70341e-012 -7.34558e-014 -1.72306e-010 -1.72306e-010
6.17 -2.88575e-005 -3.24895e-012 -6.24718e-012 -1.79373e-010 -1.79373e-010
6.18 -2.87582e-005 5.22983e-013 1.83427e-012 -1.78648e-010 -1.78648e-010
6.19 -2.85075e-005 -1.43324e-012 3.50196e-012 -1.67795e-010 -1.67795e-010
6.2 -2.81205e-005 2.26795e-013 4.39117e-012 -1.49039e-010 -1.49039e-010
6.21 -2.76169e-005 -3.99555e-012 -1.73209e-011 -1.28886e-010 -1.28886e-010
6.22 -2.70152e-005 -6.39227e-012 -1.09697e-011 -1.16205e-010 -1.16205e-010
6.23 -2.63343e-005 3.06258e-011 3.33316e-011 -1.18495e-010 -1.18495e-010
6.24 -2.5598e-005 -5.2934e-012 7.7591e-013 -1.37746e-010 -1.37746e-010
6.25 -2.48407e-005 7.10272e-012 1.78029e-011 -1.68581e-010 -1.68581e-010
6.26 -2.41043e-005 -4.6758e-011 -2.97957e-011 -2.00325e-010 -2.00325e-010
6.27 -2.34338e-005 -1.26983e-010 -9.14977e-011 -2.22807e-010 -2.22807e-010
6.28 -2.28692e-005 -2.90036e-011 -2.43646e-011 -2.31592e-010 -2.31592e-010
6.29 -2.24285e-005 4.25769e-011 2.58611e-011 -2.28695e-010 -2.28695e-010
6.3 -2.21076e-005 -2.32675e-011 -1.54063e-011 -2.20571e-010 -2.20571e-010
6.31 -2.1894e-005 2.0854e-011 1.24041e-011 -2.14299e-010 -2.14299e-010
6.32 -2.17841e-005 -6.55777e-012 -4.8531e-012 -2.13011e-010 -2.13011e-010
6.33 -2.17906e-005 -2.56769e-012 -2.55196e-012 -2.14257e-010 -2.14257e-010
6.34 -2.19323e-005 8.91828e-012 1.18177e-011 -2.12754e-010 -2.12754e-010
6.35 -2.22233e-005 4.28116e-011 5.43754e-011 -2.0494e-010 -2.0494e-010
6.36 -2.26634e-005 2.43843e-011 1.66624e-011 -1.92249e-010 -1.92249e-010
6.37 -2.32294e-005 -1.05338e-011 -7.04631e-012 -1.81356e-010 -1.81356e-010
6.38 -2.38838e-005 2.80442e-012 2.43991e-012 -1.8031e-010 -1.8031e-010
6.39 -2.45964e-005 -2.29804e-012 -5.72814e-013 -1.91934e-010 -1.91934e-010
6.4 -2.53587e-005 -1.49517e-012 -4.21531e-013 -2.09631e-010 -2.09631e-010
6.41 -2.61734e-005 -6.52948e-012 -7.96985e-012 -2.20034e-010 -2.20034e-010
6.42 -2.70316e-005 -2.05655e-012 -4.91174e-012 -2.11692e-010 -2.11692e-010
6.43 -2.79097e-005 -1.78026e-012 -2.13429e-012 -1.83046e-010 -1.83046e-010
6.44 -2.8778e-005 -3.65676e-011 -3.56426e-011 -1.42064e-010 -1.42064e-010
6.45 -2.96021e-005 4.04378e-011 5.7065e-011 -1.00009e-010 -1.00009e-010
6.46 -3.0347e-005 3.84063e-011 4.58626e-011 -6.58426e-011 -6.58426e-011
6.47 -3.09865e-005 -2.40325e-011 -4.01259e-011 -4.37565e-011 -4.37565e-011
6.48 -3.15098e-005 -3.75004e-011 -3.58642e-011 -3.41394e-011 -3.41394e-011
6.49 -3.19184e-005 -3.31572e-011 -3.49746e-011 -3.53997e-011 -3.53997e-011
6.5 -3.22165e-005 2.53493e-011 4.10557e-011 -4.62855e-011 -4.62855e-011
6.51 -3.24115e-005 -8.74659e-012 -3.20511e-011 -6.66625e-011 -6.66625e-011
6.52 -3.25185e-005 6.02907e-012 -4.37087e-012 -9.39444e-011 -9.39444e-011
6.53 -3.2566e-005 7.99539e-013 8.52948e-012 -1.20427e-010 -1.20427e-010
6.54 -3.25908e-005 -8.45975e-011 -1.15485e-010 -1.38311e-010 -1.38311e-010
6.55 -3.2634e-005 -9.98986e-011 -1.02553e-010 -1.48808e-010 -1.48808e-010
6.56 -3.27227e-005 -2.27865e-011 -4.33764e-011 -1.59558e-010 -1.59558e-010
6.57 -3.28709e-005 -2.16589e-011 -5.11794e-011 -1.7245e-010 -1.7245e-010
6.58 -3.30889e-005 -8.15291e-012 -1.07757e-011 -1.83542e-010 -1.83542e-010
6.59 -3.33784e-005 -1.11529e-012 -3.69017e-011 -1.91381e-010 -1.91381e-010
6.6 -3.37366e-005 2.15253e-012 -3.08395e-011 -1.97187e-010 -1.97187e-010
6.61 -3.41536e-005 -2.53973e-011 2.73644e-011 -2.00462e-010 -2.00462e-010
6.62 -3.46103e-005 -1.41772e-011 -3.52127e-011 -1.98225e-010 -1.98225e-010
6.63 -3.50771e-005 -1.08185e-011 -1.32243e-011 -1.88072e-010 -1.88072e-010
6.64 -3.55172e-005 7.18595e-013 -6.96015e-012 -1.70926e-010 -1.70926e-010
6.65 -3.58906e-005 4.87782e-013 -1.25836e-012 -1.50038e-010 -1.50038e-010
6.66 -3.61611e-005 2.64342e-012 3.85532e-012 -1.2929e-010 -1.2929e-010
6.67 -3.63014e-005 5.55233e-012 8.51871e-012 -1.12603e-010 -1.12603e-010
6.68 -3.62945e-005 2.34564e-012 7.19942e-012 -1.02661e-010 -1.02661e-010
6.69 -3.61323e-005 -2.45527e-012 2.35197e-012 -1.00115e-010 -1.00115e-010
6.7 -3.58126e-005 -3.5814e-013 -1.05686e-013 -1.04631e-010 -1.04631e-010
6.71 -3.5341e-005 1.01499e-013 6.49828e-014 -1.16114e-010 -1.16114e-010
6.72 -3.47332e-005 1.69111e-014 5.52813e-014 -1.33534e-010 -1.33534e-010
6.73 -3.40117e-005 5.29745e-014 6.64825e-014 -1.52331e-010 -1.52331e-010
6.74 -3.31997e-005 -4.53022e-014 5.11857e-014 -1.64558e-010 -1.64558e-010
6.75 -3.23205e-005 6.94023e-015 7.25043e-015 -1.63927e-010 -1.63927e-010
6.76 -3.13973e-005 2.08826e-014 2.17686e-013 -1.5107e-010 -1.5107e-010
6.77 -3.0448e-005 -8.5567e-014 -3.15183e-013 -1.3324e-010 -1.3324e-010
6.78 -2.94842e-005 1.94214e-011 -3.92442e-011 -1.19809e-010 -1.19809e-010
6.79 -2.85186e-005 2.07146e-010 -2.91531e-010 -1.18499e-010 -1.18499e-010
6.8 -2.75676e-005 -2.23856e-010 3.71077e-010 -1.3225e-010 -1.3225e-010
6.81 -2.66551e-005 -3.07072e-010 4.41252e-010 -1.56012e-010 -1.56012e-010
6.82 -2.57969e-005 1.41828e-010 4.03015e-011 -1.8191e-010 -1.8191e-010
6.83 -2.50024e-005 2.71016e-010 3.18421e-010 -2.07353e-010 -2.07353e-010
6.84 -2.42873e-005 -1.26762e-010 -8.93454e-011 -2.32315e-010 -2.32315e-010
6.85 -2.3673e-005 -1.06013e-010 -6.83332e-011 -2.54044e-010 -2.54044e-010
6.86 -2.31715e-005 2.97923e-011 3.47781e-011 -2.68608e-010 -2.68608e-010
6.87 -2.27858e-005 -5.85935e-011 -1.45004e-010 -2.73715e-010 -2.73715e-010
6.88 -2.25213e-005 3.63201e-012 8.17971e-012 -2.68117e-010 -2.68117e-010
6.89 -2.23829e-005 2.05417e-012 2.21345e-011 -2.50907e-010 -2.50907e-010
6.9 -2.23762e-005 1.2206e-011 1.90213e-011 -2.22328e-010 -2.22328e-010
6.91 -2.2498e-005 -4.25742e-012 2.79707e-011 -1.84468e-010 -1.84468e-010
6.92 -2.27305e-005 -3.56745e-012 -1.28033e-011 -1.42577e-010 -1.42577e-010
6.93 -2.30561e-005 -8.01932e-012 4.11766e-011 -1.05261e-010 -1.05261e-010
6.94 -2.3463e-005 -3.44814e-012 -9.14794e-012 -8.08179e-011 -8.08179e-011
6.95 -2.39423e-005 -3.265e-012 1.75854e-011 -7.37364e-011 -7.37364e-011
6.96 -2.44774e-005 -9.05627e-013 -3.42387e-012 -8.47403e-011 -8.47403e-011
6.97 -2.50448e-005 -2.75349e-012 9.17717e-012 -1.12332e-010 -1.12332e-010
6.98 -2.56238e-005 -6.46449e-012 6.34763e-012 -1.5344e-010 -1.5344e-010
6.99 -2.62049e-005 -3.62226e-011 1.48427e-011 -2.01568e-010 -2.01568e-010
7 -2.67846e-005 -3.45484e-013 -4.5186e-011 -2.45203e-010 -2.45203e-010
7.01 -2.73543e-005 6.70919e-011 -8.43557e-011 -2.72676e-010 -2.72676e-010
7.02 -2.78996e-005 1.28331e-011 -4.05085e-011 -2.79347e-010 -2.79347e-010
7.03 -2.84099e-005 -3.8111e-011 -1.07293e-011 -2.67557e-010 -2.67557e-010
7.04 -2.8886e-005 2.58057e-011 -2.63781e-012 -2.42073e-010 -2.42073e-010
7.05 -2.93385e-005 4.89426e-011 5.46663e-011 -2.07761e-010 -2.07761e-010
7.06 -2.97742e-005 1.37856e-011 -5.44239e-013 -1.70088e-010 -1.70088e-010
7.07 -3.01858e-005 4.67633e-012 2.41294e-012 -1.36135e-010 -1.36135e-010
7.08 -3.05547e-005 -1.95332e-011 7.38862e-012 -1.13317e-010 -1.13317e-010
7.09 -3.08652e-005 -1.15872e-010 2.71252e-011 -1.07039e-010 -1.07039e-010
7.1 -3.11134e-005 -1.49924e-010 1.62078e-010 -1.14426e-010 -1.14426e-010
7.11 -3.13026e-005 -8.23215e-011 1.16711e-010 -1.2116e-010 -1.2116e-010
7.12 -3.14378e-005 -4.61824e-011 4.39436e-011 -1.15069e-010 -1.15069e-010
7.13 -3.15282e-005 -5.80716e-012 4.65945e-011 -9.63462e-011 -9.63462e-011
7.14 -3.15827e-005 -1.71038e-011 5.00923e-011 -7.07164e-011 -7.07164e-011
7.15 -3.16099e-005 2.42825e-012 -1.44398e-011 -4.35078e-011 -4.35078e-011
7.16 -3.16172e-005 -6.64242e-012 6.76876e-012 -2.22214e-011 -2.22214e-011
7.17 -3.16104e-005 -1.96954e-011 3.0695e-011 -1.83069e-011 -1.83069e-011
7.18 -3.15932e-005 -2.89879e-011 4.89631e-011 -3.9583e-011 -3.9583e-011
7.19 -3.15682e-005 -2.25962e-011 -3.24321e-012 -8.08567e-011 -8.08567e-011
7.2 -3.15399e-005 -1.07065e-011 -2.36742e-012 -1.31726e-010 -1.31726e-010
7.21 -3.15102e-005 1.66678e-012 1.47907e-011 -1.89245e-010 -1.89245e-010
7.22 -3.14742e-005 5.33564e-012 1.32572e-011 -2.48939e-010 -2.48939e-010
7.23 -3.14181e-005 -4.65431e-012 -8.58065e-012 -2.95458e-010 -2.95458e-010
7.24 -3.13237e-005 2.00113e-012 3.95116e-012 -3.14957e-010 -3.14957e-010
7.25 -3.1174e-005 -6.99088e-013 -8.01797e-013 -3.06799e-010 -3.06799e-010
7.26 -3.09536e-005 1.1699e-013 4.42235e-013 -2.76194e-010 -2.76194e-010
7.27 -3.06486e-005 8.81062e-013 1.37143e-012 -2.19356e-010 -2.19356e-010
7.28 -3.02474e-005 7.2069e-012 2.0568e-011 -1.3106e-010 -1.3106e-010
7.29 -2.97453e-005 1.00633e-012 -1.42233e-012 -3.16789e-011 -3.16789e-011
7.3 -2.91487e-005 8.87249e-012 1.77069e-011 4.36541e-011 4.36541e-011
7.31 -2.84686e-005 1.34027e-011 1.9004e-011 8.31579e-011 8.31579e-011
7.32 -2.77177e-005 2.24182e-011 3.46516e-011 9.38458e-011 9.38458e-011
7.33 -2.69251e-005 3.80562e-011 5.15655e-011 7.58007e-011 7.58007e-011
7.34 -2.61422e-005 6.71588e-011 7.3737e-011 2.74832e-011 2.74832e-011
7.35 -2.543e-005 1.09622e-011 1.28759e-011 -3.98357e-011 -3.98357e-011
7.36 -2.48377e-005 2.02865e-015 -3.02912e-012 -1.11554e-010 -1.11554e-010
7.37 -2.43924e-005 3.39685e-012 -3.09101e-011 -1.81475e-010 -1.81475e-010
7.38 -2.41088e-005 -4.09224e-012 -9.64972e-012 -2.45449e-010 -2.45449e-010
7.39 -2.40069e-005 1.04652e-009 -1.09901e-009 -2.97055e-010 -2.97055e-010
7.4 -2.40911e-005 -9.4669e-010 1.19257e-009 -3.29905e-010 -3.29905e-010
7.41 -2.43796e-005 -5.73734e-010 7.15885e-010 -3.34103e-010 -3.34103e-010
7.42 -2.48514e-005 1.64813e-010 -3.01829e-010 -2.99869e-010 -2.99869e-010
7.43 -2.54667e-005 -9.94688e-011 2.97874e-011 -2.31133e-010 -2.31133e-010
7.44 -2.62e-005 6.10268e-011 -4.66373e-011 -1.45811e-010 -1.45811e-010
7.45 -2.70185e-005 2.27833e-011 7.56894e-012 -6.32133e-011 -6.32133e-011
7.46 -2.78917e-005 5.01628e-011 -2.43758e-011 3.96233e-012 3.96233e-012
7.47 -2.87758e-005 -1.18292e-011 -4.89022e-011 4.79985e-011 4.79985e-011
7.48 -2.96174e-005 -2.25181e-011 9.27311e-013 6.05751e-011 6.05751e-011
7.49 -3.03643e-005 -3.12077e-012 -3.90545e-012 3.60256e-011 3.60256e-011
7.5 -3.09848e-005 -6.1126e-012 -1.46471e-012 -1.72893e-011 -1.72893e-011
7.51 -3.1471e-005 7.74356e-012 2.8397e-011 -7.72871e-011 -7.72871e-011
7.52 -3.18265e-005 -3.7495e-012 -7.14749e-012 -1.222e-010 -1.222e-010
7.53 -3.20557e-005 5.99167e-012 7.07803e-012 -1.42887e-010 -1.42887e-010
7.54 -3.21626e-005 -1.09889e-011 -1.17831e-011 -1.43628e-010 -1.43628e-010
7.55 -3.2159e-005 2.07271e-011 -5.01145e-011 -1.31884e-010 -1.31884e-010
7.56 -3.20709e-005 2.55155e-011 -3.44649e-011 -1.10214e-010 -1.10214e-010
7.57 -3.19344e-005 1.54107e-011 -7.88454e-011 -7.97717e-011 -7.97717e-011
7.58 -3.17794e-005 1.7422e-011 -1.5438e-011 -4.87836e-011 -4.87836e-011
7.59 -3.16123e-005 -6.80004e-012 -2.36281e-012 -3.30822e-011 -3.30822e-011
7.6 -3.14302e-005 -1.6878e-012 -1.63967e-011 -4.43914e-011 -4.43914e-011
7.61 -3.12406e-005 1.50223e-011 -2.33895e-011 -7.93688e-011 -7.93688e-011
7.62 -3.10661e-005 -5.10129e-012 -3.22911e-011 -1.2199e-010 -1.2199e-010
7.63 -3.09312e-005 2.11181e-011 -5.59103e-011 -1.5458e-010 -1.5458e-010
7.64 -3.08421e-005 3.07616e-011 -4.21268e-011 -1.67138e-010 -1.67138e-010
7.65 -3.0781e-005 -1.87803e-012 7.85151e-012 -1.59622e-010 -1.59622e-010
7.66 -3.0712e-005 6.30282e-013 -3.71617e-012 -1.3776e-010 -1.3776e-010
7.67 -3.05945e-005 -1.09705e-012 8.83023e-013 -1.08071e-010 -1.08071e-010
7.68 -3.03978e-005 3.62215e-012 -1.03073e-011 -7.67945e-011 -7.67945e-011
7.69 -3.01106e-005 -3.66834e-012 -2.42993e-012 -4.91518e-011 -4.91518e-011
7.7 -2.97308e-005 -1.4738e-011 5.21859e-011 -2.72874e-011 -2.72874e-011
7.71 -2.92521e-005 -7.88586e-012 3.00098e-011 -1.1008e-011 -1.1008e-011
7.72 -2.86656e-005 1.9475e-012 -9.17414e-012 7.21325e-013 7.21325e-013
7.73 -2.79729e-005 -7.57861e-013 3.86733e-012 8.17558e-012 8.17558e-012
7.74 -2.71914e-005 1.7331e-010 4.37319e-010 1.0129e-011 1.0129e-011
7.75 -2.63387e-005 -4.0699e-010 -3.7425e-011 5.31774e-012 5.31774e-012
7.76 -2.54364e-005 -3.98607e-010 -7.06203e-010 -1.05481e-011 -1.05481e-011
7.77 -2.45165e-005 -4.92529e-011 9.71489e-011 -4.48195e-011 -4.48195e-011
7.78 -2.36089e-005 1.28426e-010 3.05319e-011 -9.81182e-011 -9.81182e-011
7.79 -2.27695e-005 -1.95036e-012 -7.93739e-011 -1.61791e-010 -1.61791e-010
7.8 -2.20524e-005 5.68298e-013 2.90437e-011 -2.25636e-010 -2.25636e-010
7.81 -2.15019e-005 -6.17629e-013 -1.28517e-011 -2.80568e-010 -2.80568e-010
7.82 -2.11401e-005 -7.52311e-012 4.10803e-012 -3.18337e-010 -3.18337e-010
7.83 -2.09627e-005 1.47303e-010 3.97158e-011 -3.35855e-010 -3.35855e-010
7.84 -2.09522e-005 9.89801e-011 -5.38029e-012 -3.36045e-010 -3.36045e-010
7.85 -2.10826e-005 -2.90262e-011 6.11926e-011 -3.21179e-010 -3.21179e-010
7.86 -2.13254e-005 3.78585e-011 1.13293e-011 -2.88535e-010 -2.88535e-010
7.87 -2.16467e-005 -6.67194e-012 -1.77814e-011 -2.33902e-010 -2.33902e-010
7.88 -2.20081e-005 -2.79342e-011 -8.10441e-012 -1.59323e-010 -1.59323e-010
7.89 -2.23743e-005 -3.1721e-012 5.35632e-012 -7.44039e-011 -7.44039e-011
7.9 -2.27157e-005 1.6495e-011 6.93498e-012 8.01762e-012 8.01762e-012
7.91 -2.30109e-005 -5.71987e-012 -7.05918e-013 7.26572e-011 7.26572e-011
7.92 -2.32433e-005 9.17042e-011 1.42845e-010 1.04909e-010 1.04909e-010
7.93 -2.34079e-005 2.75883e-011 4.13681e-011 9.69163e-011 9.69163e-011
7.94 -2.3506e-005 -1.03531e-011 -1.62456e-011 4.96756e-011 4.96756e-011
7.95 -2.3559e-005 2.93467e-013 8.67881e-012 -2.70707e-011 -2.70707e-011
7.96 -2.36118e-005 -1.01697e-011 -2.20722e-012 -1.15562e-010 -1.15562e-010
7.97 -2.37204e-005 3.76342e-012 1.26622e-012 -1.9378e-010 -1.9378e-010
7.98 -2.39405e-005 -1.20851e-011 -3.67857e-012 -2.43518e-010 -2.43518e-010
7.99 -2.43142e-005 -1.17113e-011 -6.21216e-012 -2.58349e-010 -2.58349e-010
8 -2.48602e-005 -2.36449e-011 -2.06265e-011 -2.44721e-010 -2.44721e-010
8.01 -2.55785e-005 -5.45811e-011 -5.88694e-011 -2.16072e-010 -2.16072e-010
8.02 -2.6461e-005 -6.51526e-011 -8.435e-011 -1.84852e-010 -1.84852e-010
8.03 -2.74938e-005 -9.49875e-011 -6.34023e-011 -1.5734e-010 -1.5734e-010
8.04 -2.86485e-005 -6.86364e-011 -6.30226e-011 -1.33641e-010 -1.33641e-010
8.05 -2.98736e-005 8.24327e-011 1.22052e-010 -1.11329e-010 -1.11329e-010
8.06 -3.11083e-005 8.44169e-012 2.87845e-011 -8.77711e-011 -8.77711e-011
8.07 -3.23025e-005 3.27887e-012 1.7734e-012 -5.83821e-011 -5.83821e-011
8.08 -3.34152e-005 -5.46867e-012 1.46363e-012 -1.5354e-011 -1.5354e-011
8.09 -3.44059e-005 1.05846e-012 -4.25033e-012 4.1328e-011 4.1328e-011
8.1 -3.52297e-005 1.15152e-011 2.71124e-011 9.37656e-011 9.37656e-011
8.11 -3.58513e-005 3.17843e-011 5.34982e-012 1.19142e-010 1.19142e-010
8.12 -3.62532e-005 -1.89934e-011 -2.60382e-011 1.06202e-010 1.06202e-010
8.13 -3.64412e-005 -1.36703e-011 2.27379e-012 5.94201e-011 5.94201e-011
8.14 -3.64308e-005 1.48974e-011 6.60972e-012 -5.25365e-012 -5.25365e-012
8.15 -3.62512e-005 -1.42882e-011 -6.30219e-011 -6.99943e-011 -6.99943e-011
8.16 -3.59352e-005 3.82191e-011 2.08673e-010 -1.2191e-010 -1.2191e-010
8.17 -3.55204e-005 8.26366e-012 1.39132e-010 -1.53901e-010 -1.53901e-010
8.18 -3.50427e-005 -1.46201e-011 -1.0287e-010 -1.63519e-010 -1.63519e-010
8.19 -3.45338e-005 -2.18891e-012 -1.76959e-011 -1.51817e-010 -1.51817e-010
8.2 -3.40225e-005 1.85141e-012 -2.14558e-011 -1.20929e-010 -1.20929e-010
8.21 -3.35323e-005 2.15204e-012 1.45353e-011 -7.53872e-011 -7.53872e-011
8.22 -3.30793e-005 1.082e-011 -4.17725e-011 -2.81984e-011 -2.81984e-011
8.23 -3.26742e-005 1.45329e-011 -4.20676e-011 2.90269e-012 2.90269e-012
8.24 -3.23208e-005 6.73491e-012 -2.32714e-011 1.00091e-011 1.00091e-011
8.25 -3.20161e-005 3.75948e-011 -1.20149e-010 -1.29739e-012 -1.29739e-012
8.26 -3.17485e-005 1.66169e-011 -5.1796e-011 -2.19793e-011 -2.19793e-011
8.27 -3.15056e-005 -7.44271e-012 2.30297e-011 -4.53886e-011 -4.53886e-011
8.28 -3.12756e-005 -4.06179e-012 8.26008e-013 -6.55627e-011 -6.55627e-011
8.29 -3.10442e-005 -1.20435e-011 2.10986e-011 -7.66839e-011 -7.66839e-011
8.3 -3.07963e-005 -2.96806e-012 8.89654e-012 -7.52077e-011 -7.52077e-011
8.31 -3.05215e-005 -6.39131e-012 2.07743e-011 -6.07109e-011 -6.07109e-011
8.32 -3.02159e-005 7.26389e-013 2.04899e-011 -3.57408e-011 -3.57408e-011
8.33 -2.98792e-005 4.63354e-012 7.06643e-012 -6.87975e-012 -6.87975e-012
8.34 -2.95121e-005 -1.66738e-012 4.05e-011 1.71856e-011 1.71856e-011
8.35 -2.91211e-005 8.94013e-012 2.30881e-012 3.08027e-011 3.08027e-011
8.36 -2.87222e-005 5.31462e-012 2.90878e-011 3.30273e-011 3.30273e-011
8.37 -2.83386e-005 5.19784e-012 1.14172e-011 2.39477e-011 2.39477e-011
8.38 -2.79954e-005 1.71102e-012 -3.16083e-012 7.41405e-013 7.41405e-013
8.39 -2.77091e-005 3.79906e-012 6.42793e-012 -4.05934e-011 -4.05934e-011
8.4 -2.74921e-005 -1.47342e-011 1.24627e-011 -9.96741e-011 -9.96741e-011
8.41 -2.73551e-005 -1.86621e-012 -4.9595e-012 -1.68006e-010 -1.68006e-010
8.42 -2.73074e-005 -9.90102e-012 1.59181e-011 -2.31416e-010 -2.31416e-010
8.43 -2.73562e-005 1.54369e-011 3.19755e-012 -2.75668e-010 -2.75668e-010
8.44 -2.75002e-005 -2.25796e-011 2.26607e-010 -2.91434e-010 -2.91434e-010
8.45 -2.77305e-005 -1.04312e-009 1.41612e-009 -2.74034e-010 -2.74034e-010
8.46 -2.8039e-005 -7.86731e-010 9.11774e-010 -2.16746e-010 -2.16746e-010
8.47 -2.84094e-005 -2.66304e-009 3.0485e-009 -1.12131e-010 -1.12131e-010
8.48 -2.88018e-005 -2.46872e-009 3.049e-009 4.62798e-011 4.62798e-011
8.49 -2.91969e-005 -1.4492e-009 1.94821e-009 2.55452e-010 2.55452e-010
8.5 -2.95982e-005 -2.79779e-009 3.65926e-009 4.93414e-010 4.93414e-010
8.51 -2.99605e-005 -4.50509e-010 4.20342e-010 7.31704e-010 7.31704e-010
8.52 -3.03032e-005 -8.00622e-010 7.25809e-010 9.37223e-010 9.37223e-010
8.53 -3.05908e-005 -1.24064e-010 -1.00495e-010 1.07426e-009 1.07426e-009
8.54 -3.08153e-005 -3.30199e-010 4.21051e-010 1.12461e-009 1.12461e-009
8.55 -3.09703e-005 -1.82847e-009 2.15517e-009 1.09535e-009 1.09535e-009
8.56 -3.10574e-005 -8.36091e-010 7.00814e-010 1.00643e-009 1.00643e-009
8.57 -3.10986e-005 2.92035e-010 -2.88865e-010 8.76206e-010 8.76206e-010
8.58 -3.11126e-005 -1.27366e-010 1.16726e-010 7.21085e-010 7.21085e-010
8.59 -3.11039e-005 4.12392e-011 -6.14386e-011 5.64855e-010 5.64855e-010
8.6 -3.10838e-005 -2.62972e-011 1.08447e-011 4.39612e-010 4.39612e-010
8.61 -3.10676e-005 1.11373e-011 -4.56933e-012 3.73135e-010 3.73135e-010
8.62 -3.10772e-005 -1.10692e-011 -6.57651e-012 3.76654e-010 3.76654e-010
8.63 -3.11298e-005 4.23514e-012 2.66999e-012 4.43326e-010 4.43326e-010
8.64 -3.12369e-005 -4.38696e-011 2.35001e-012 5.56452e-010 5.56452e-010
8.65 -3.14069e-005 -8.86698e-011 1.41702e-011 6.96472e-010 6.96472e-010
8.66 -3.16442e-005 -1.11491e-010 6.78828e-011 8.41734e-010 8.41734e-010
8.67 -3.1947e-005 -3.38206e-010 1.53091e-010 9.69742e-010 9.69742e-010
8.68 -3.23005e-005 8.20305e-011 -7.60773e-011 1.05933e-009 1.05933e-009
8.69 -3.26892e-005 -1.85504e-010 4.81249e-011 1.09383e-009 1.09383e-009
8.7 -3.30865e-005 -2.24992e-010 8.77677e-011 1.06847e-009 1.06847e-009
8.71 -3.34743e-005 4.92737e-011 -4.30255e-011 9.92765e-010 9.92765e-010
8.72 -3.38301e-005 -8.08851e-012 1.82879e-011 8.82246e-010 8.82246e-010
8.73 -3.412e-005 4.70013e-012 -7.85881e-012 7.51019e-010 7.51019e-010
8.74 -3.43115e-005 4.72054e-013 5.69877e-012 6.12068e-010 6.12068e-010
8.75 -3.43796e-005 -1.07585e-011 -2.1592e-011 4.79642e-010 4.79642e-010
8.76 -3.43155e-005 2.09762e-012 6.78905e-012 3.68453e-010 3.68453e-010
8.77 -3.41236e-005 -2.88654e-012 -3.53464e-012 2.89816e-010 2.89816e-010
8.78 -3.3812e-005 9.20168e-012 1.77356e-011 2.47809e-010 2.47809e-010
8.79 -3.33891e-005 -5.16351e-012 -8.63416e-012 2.38272e-010 2.38272e-010
8.8 -3.28663e-005 1.0812e-012 2.11385e-012 2.53196e-010 2.53196e-010
8.81 -3.22601e-005 -5.16995e-012 -1.8181e-011 2.86012e-010 2.86012e-010
8.82 -3.15889e-005 3.29537e-013 -1.44071e-012 3.17984e-010 3.17984e-010
8.83 -3.0877e-005 2.58707e-011 3.21342e-010 3.18945e-010 3.18945e-010
8.84 -3.01652e-005 -1.33843e-009 1.9565e-009 2.82264e-010 2.82264e-010
8.85 -2.94953e-005 -1.3668e-009 4.81757e-010 2.27169e-010 2.27169e-010
8.86 -2.88812e-005 1.18375e-010 1.25062e-009 1.62131e-010 1.62131e-010
8.87 -2.83797e-005 -1.75682e-009 1.55936e-009 8.21399e-011 8.21399e-011
8.88 -2.80173e-005 9.6486e-010 -1.98106e-009 1.56568e-012 1.56568e-012
8.89 -2.77669e-005 -3.59331e-010 7.57941e-010 -5.59421e-011 -5.59421e-011
8.9 -2.76151e-005 4.48326e-010 -7.40126e-010 -8.32199e-011 -8.32199e-011
8.91 -2.75714e-005 -2.19472e-010 3.92468e-011 -6.87744e-011 -6.87744e-011
8.92 -2.76166e-005 4.96121e-010 -4.48303e-010 3.09443e-011 3.09443e-011
8.93 -2.77312e-005 2.0666e-009 -3.02645e-009 2.6577e-010 2.6577e-010
8.94 -2.78885e-005 3.74117e-009 -4.70862e-009 6.30045e-010 6.30045e-010
8.95 -2.80384e-005 4.12023e-009 -5.36883e-009 1.06458e-009 1.06458e-009
8.96 -2.81419e-005 4.57049e-009 -5.31884e-009 1.49877e-009 1.49877e-009
8.97 -2.81411e-005 2.94087e-009 -4.10767e-009 1.88029e-009 1.88029e-009
8.98 -2.80196e-005 3.83146e-009 -3.78623e-009 2.19316e-009 2.19316e-009
8.99 -2.77253e-005 1.60925e-009 -6.4513e-010 2.42713e-009 2.42713e-009
9 -2.72826e-005 8.92537e-010 -1.0388e-009 2.5617e-009 2.5617e-009
9.01 -2.67006e-005 1.44988e-009 -8.14103e-010 2.57979e-009 2.57979e-009
9.02 -2.59979e-005 5.29148e-010 -8.25799e-011 2.47144e-009 2.47144e-009
9.03 -2.52107e-005 1.97451e-011 -2.08847e-010 2.26222e-009 2.26222e-009
9.04 -2.44019e-005 3.66715e-009 -4.03222e-009 2.02427e-009 2.02427e-009
9.05 -2.35869e-005 1.3787e-009 -1.11886e-009 1.81885e-009 1.81885e-009
9.06 -2.284e-005 -5.53399e-010 4.76437e-010 1.65792e-009 1.65792e-009
9.07 -2.22199e-005 2.30427e-010 -1.93234e-010 1.54216e-009 1.54216e-009
9.08 -2.17518e-005 -1.11637e-010 5.98666e-011 1.48818e-009 1.48818e-009
9.09 -2.14623e-005 2.85432e-011 -4.53111e-011 1.50599e-009 1.50599e-009
9.1 -2.13552e-005 3.15085e-011 7.54794e-011 1.57614e-009 1.57614e-009
9.11 -2.14294e-005 3.85903e-011 3.99554e-011 1.65899e-009 1.65899e-009
9.12 -2.1669e-005 -1.47682e-010 -1.92996e-010 1.71932e-009 1.71932e-009
9.13 -2.20521e-005 -6.0113e-011 -8.4344e-011 1.73583e-009 1.73583e-009
9.14 -2.25413e-005 1.08204e-011 1.35288e-011 1.69823e-009 1.69823e-009
9.15 -2.3089e-005 1.12626e-011 2.23743e-011 1.60409e-009 1.60409e-009
9.16 -2.36442e-005 2.20957e-011 3.8276e-011 1.45748e-009 1.45748e-009
9.17 -2.41671e-005 2.10654e-012 -1.04602e-011 1.27079e-009 1.27079e-009
9.18 -2.4642e-005 1.03181e-011 2.46899e-012 1.06545e-009 1.06545e-009
9.19 -2.50738e-005 1.6434e-011 -2.24945e-012 8.67284e-010 8.67284e-010
9.2 -2.54798e-005 4.6147e-010 -1.18179e-009 6.98967e-010 6.98967e-010
9.21 -2.59274e-005 3.35165e-009 -1.52221e-009 5.594e-010 5.594e-010
9.22 -2.62862e-005 2.44654e-009 -4.3339e-009 4.29213e-010 4.29213e-010
9.23 -2.66764e-005 -4.03138e-010 -8.9357e-011 3.20645e-010 3.20645e-010
9.24 -2.71914e-005 -5.56301e-010 9.7807e-010 2.84555e-010 2.84555e-010
9.25 -2.77834e-005 1.01471e-009 -3.22702e-011 3.50097e-010 3.50097e-010
9.26 -2.85206e-005 -2.36544e-011 2.83126e-010 4.85804e-010 4.85804e-010
9.27 -2.94069e-005 2.65977e-011 -1.34983e-010 6.3721e-010 6.3721e-010
9.28 -3.04184e-005 1.16892e-011 5.18028e-011 7.72231e-010 7.72231e-010
9.29 -3.15285e-005 -5.00835e-009 3.158e-009 8.90918e-010 8.90918e-010
9.3 -3.26505e-005 -1.28684e-008 1.21454e-008 1.02424e-009 1.02424e-009
9.31 -3.37119e-005 -1.70014e-009 3.67203e-009 1.19181e-009 1.19181e-009
9.32 -3.47189e-005 -1.2964e-009 2.01773e-009 1.34924e-009 1.34924e-009
9.33 -3.55726e-005 -1.13521e-010 4.49683e-010 1.43791e-009 1.43791e-009
9.34 -3.62371e-005 -1.36987e-010 1.06073e-010 1.46759e-009 1.46759e-009
9.35 -3.66691e-005 -1.30939e-010 2.48595e-010 1.48819e-009 1.48819e-009
9.36 -3.68463e-005 3.62782e-011 -5.37363e-011 1.51917e-009 1.51917e-009
9.37 -3.67647e-005 -2.16296e-011 2.75046e-011 1.54063e-009 1.54063e-009
9.38 -3.64388e-005 -5.64315e-010 9.78909e-010 1.52726e-009 1.52726e-009
9.39 -3.59058e-005 -7.46683e-010 8.79702e-010 1.47224e-009 1.47224e-009
9.4 -3.5222e-005 -3.11191e-011 -1.57508e-010 1.38793e-009 1.38793e-009
9.41 -3.44575e-005 -2.75447e-010 1.28722e-010 1.29605e-009 1.29605e-009
9.42 -3.36717e-005 -2.42732e-010 -4.1527e-011 1.21325e-009 1.21325e-009
9.43 -3.29287e-005 -1.65367e-010 -5.00535e-011 1.14192e-009 1.14192e-009
9.44 -3.22857e-005 -5.50336e-011 -4.50133e-011 1.07942e-009 1.07942e-009
9.45 -3.17853e-005 1.03798e-011 -5.57416e-012 1.03253e-009 1.03253e-009
9.46 -3.14461e-005 -5.83233e-012 -9.56542e-013 1.00972e-009 1.00972e-009
9.47 -3.12589e-005 -4.7063e-012 -1.08885e-011 1.00281e-009 1.00281e-009
9.48 -3.11886e-005 -2.06459e-013 7.30971e-012 9.90027e-010 9.90027e-010
9.49 -3.11853e-005 -6.94478e-012 2.46647e-012 9.60986e-010 9.60986e-010
9.5 -3.11936e-005 -1.13609e-011 9.0367e-012 9.22651e-010 9.22651e-010
9.51 -3.1168e-005 -4.94867e-012 -2.35053e-012 8.62801e-010 8.62801e-010
9.52 -3.10629e-005 -3.75191e-011 4.18085e-011 7.80101e-010 7.80101e-010
9.53 -3.08559e-005 -4.12505e-009 4.91365e-009 7.61855e-010 7.61855e-010
9.54 -3.05017e-005 2.88262e-009 -5.08456e-009 8.70798e-010 8.70798e-010
9.55 -2.98561e-005 3.42003e-009 -1.24433e-009 1.00976e-009 1.00976e-009
9.56 -2.9063e-005 -1.32254e-009 1.04204e-009 1.08518e-009 1.08518e-009
9.57 -2.80874e-005 6.47657e-011 -6.63352e-011 1.16442e-009 1.16442e-009
9.58 -2.69419e-005 -2.07553e-010 4.08952e-010 1.33237e-009 1.33237e-009
9.59 -2.57018e-005 -3.62546e-011 -1.59518e-010 1.56036e-009 1.56036e-009
9.6 -2.44074e-005 -2.24018e-010 -1.62182e-010 1.77858e-009 1.77858e-009
9.61 -2.31131e-005 6.73988e-011 1.23518e-010 1.95021e-009 1.95021e-009
9.62 -2.18781e-005 4.94278e-011 -2.30786e-010 2.06807e-009 2.06807e-009
9.63 -2.08254e-005 9.64157e-009 -4.65227e-009 2.13005e-009 2.13005e-009
9.64 -2.00273e-005 2.7159e-008 -3.20937e-008 2.09403e-009 2.09403e-009
9.65 -1.92473e-005 -1.00026e-010 -4.62921e-009 1.9388e-009 1.9388e-009
9.66 -1.8739e-005 2.70706e-009 -1.74688e-009 1.75692e-009 1.75692e-009
9.67 -1.84395e-005 3.20386e-010 1.09951e-009 1.63959e-009 1.63959e-009
9.68 -1.82902e-005 1.45274e-009 1.15525e-009 1.58527e-009 1.58527e-009
9.69 -1.8321e-005 -1.61828e-010 -1.38404e-010 1.57696e-009 1.57696e-009
9.7 -1.84929e-005 8.66687e-010 -6.67802e-010 1.63058e-009 1.63058e-009
9.71 -1.87647e-005 -7.31127e-011 -1.84407e-010 1.76543e-009 1.76543e-009
9.72 -1.91063e-005 -1.43918e-011 1.26942e-010 1.9721e-009 1.9721e-009
9.73 -1.94818e-005 6.51092e-011 -4.77827e-011 2.20946e-009 2.20946e-009
9.74 -1.98824e-005 2.55459e-009 -6.83875e-010 2.415e-009 2.415e-009
9.75 -2.02548e-005 1.44688e-009 -9.31583e-010 2.53781e-009 2.53781e-009
9.76 -2.0605e-005 -6.58276e-010 3.18185e-010 2.57047e-009 2.57047e-009
9.77 -2.09581e-005 2.69698e-010 -1.26518e-010 2.52779e-009 2.52779e-009
9.78 -2.13216e-005 -1.07793e-010 5.93143e-011 2.41712e-009 2.41712e-009
9.79 -2.17381e-005 3.68619e-011 -4.26555e-011 2.2492e-009 2.2492e-009
9.8 -2.22315e-005 -4.82121e-011 -7.01381e-011 2.05128e-009 2.05128e-009
9.81 -2.28203e-005 2.62239e-010 2.98781e-010 1.86222e-009 1.86222e-009
9.82 -2.35149e-005 1.85518e-010 3.06695e-010 1.71964e-009 1.71964e-009
9.83 -2.43139e-005 -9.16323e-011 -2.40925e-010 1.64557e-009 1.64557e-009
9.84 -2.52084e-005 -1.58567e-011 -5.29357e-011 1.6404e-009 1.6404e-009
9.85 -2.61896e-005 -5.60931e-011 -5.94831e-011 1.69148e-009 1.69148e-009
9.86 -2.7233e-005 2.06114e-011 8.18831e-012 1.78462e-009 1.78462e-009
9.87 -2.83007e-005 -9.08258e-012 -9.37381e-012 1.90333e-009 1.90333e-009
9.88 -2.93398e-005 7.68545e-012 -1.39226e-012 2.02262e-009 2.02262e-009
9.89 -3.02947e-005 1.41447e-010 8.12897e-011 2.11152e-009 2.11152e-009
9.9 -3.11093e-005 4.65492e-011 4.17021e-012 2.14502e-009 2.14502e-009
9.91 -3.17352e-005 5.45685e-010 1.78568e-010 2.11264e-009 2.11264e-009
9.92 -3.21377e-005 1.29254e-009 1.4598e-010 2.01863e-009 2.01863e-009
9.93 -3.23091e-005 1.04855e-009 2.46517e-009 1.8747e-009 1.8747e-009
9.94 -3.23003e-005 7.75065e-009 -1.47594e-008 1.66927e-009 1.66927e-009
9.95 -3.18009e-005 1.07223e-008 -1.14558e-008 1.33395e-009 1.33395e-009
9.96 -3.11074e-005 -2.42081e-009 4.68544e-009 8.78407e-010 8.78407e-010
9.97 -3.0327e-005 -3.54058e-010 -8.76332e-010 5.4836e-010 5.4836e-010
9.98 -2.93922e-005 3.68352e-010 4.86941e-010 5.42963e-010 5.42963e-010
9.99 -2.84182e-005 -1.13499e-011 -3.40754e-010 7.2341e-010 7.2341e-010
10 -2.74587e-005 1.29021e-010 9.21206e-011 8.67554e-010 8.67554e-010
