0.1 -1.58593e-006 3.70633e-007 1.46121e-007 1.1022e-020 1.1022e-020
0.2 -3.17313e-006 7.41475e-007 2.92354e-007 3.79311e-021 3.79311e-021
0.3 -4.76161e-006 1.11253e-006 4.38699e-007 -2.82821e-018 -2.82821e-018
0.4 -6.35138e-006 1.48379e-006 5.85156e-007 -3.06879e-018 -3.06879e-018
0.5 -7.94242e-006 1.85527e-006 7.31725e-007 -1.35305e-018 -1.35305e-018
0.6 -9.53475e-006 2.22696e-006 8.78407e-007 -1.24815e-018 -1.24815e-018
0.7 -1.11284e-005 2.59886e-006 1.0252e-006 -1.9857e-018 -1.9857e-018
0.8 -1.27233e-005 2.97098e-006 1.17211e-006 -2.24604e-018 -2.24604e-018
0.9 -1.43195e-005 3.34331e-006 1.31913e-006 -2.52598e-018 -2.52598e-018
1 -1.5917e-005 3.71585e-006 1.46627e-006 -2.38124e-018 -2.38124e-018
0.01 -1.61827e-005 3.72536e-006 1.58855e-006 -7.92855e-010 -7.92855e-010
0.02 -1.65139e-005 3.75276e-006 1.69196e-006 -2.64382e-009 -2.64382e-009
0.03 -1.61562e-005 3.76704e-006 1.52586e-006 -1.61954e-009 -1.61954e-009
0.04 -1.58671e-005 3.75618e-006 1.3861e-006 3.67899e-009 3.67899e-009
0.05 -1.59324e-005 3.75407e-006 1.37854e-006 6.10147e-009 6.10147e-009
0.06 -1.58928e-005 3.76938e-006 1.39868e-006 2.15824e-009 2.15824e-009
0.07 -1.59247e-005 3.77289e-006 1.45973e-006 -2.2875e-009 -2.2875e-009
0.08 -1.59489e-005 3.74549e-006 1.50961e-006 -2.82455e-009 -2.82455e-009
0.09 -1.59862e-005 3.70681e-006 1.55696e-006 -1.6562e-009 -1.6562e-009
0.1 -1.60168e-005 3.67965e-006 1.60154e-006 -1.58388e-009 -1.58388e-009
0.11 -1.60387e-005 3.66411e-006 1.62857e-006 -1.52964e-009 -1.52964e-009
0.12 -1.60456e-005 3.65387e-006 1.62195e-006 1.91282e-010 1.91282e-010
0.13 -1.60381e-005 3.65465e-006 1.58726e-006 2.38945e-009 2.38945e-009
0.14 -1.60189e-005 3.67424e-006 1.54031e-006 2.91652e-009 2.91652e-009
0.15 -1.59937e-005 3.70703e-006 1.48996e-006 1.72389e-009 1.72389e-009
0.16 -1.59693e-005 3.73879e-006 1.43917e-006 2.83984e-010 2.83984e-010
0.17 -1.5952e-005 3.76043e-006 1.39484e-006 -6.63793e-010 -6.63793e-010
0.18 -1.59464e-005 3.77039e-006 1.3665e-006 -1.34819e-009 -1.34819e-009
0.19 -1.59536e-005 3.76836e-006 1.35782e-006 -1.73262e-009 -1.73262e-009
0.2 -1.59724e-005 3.75427e-006 1.36502e-006 -1.34531e-009 -1.34531e-009
0.21 -1.59988e-005 3.73245e-006 1.38255e-006 -1.92614e-010 -1.92614e-010
0.22 -1.60274e-005 3.71184e-006 1.40593e-006 1.00976e-009 1.00976e-009
0.23 -1.60525e-005 3.70053e-006 1.42962e-006 1.60086e-009 1.60086e-009
0.24 -1.60696e-005 3.70179e-006 1.44609e-006 1.49928e-009 1.49928e-009
0.25 -1.60763e-005 3.71478e-006 1.44898e-006 9.47501e-010 9.47501e-010
0.26 -1.60725e-005 3.73658e-006 1.43598e-006 1.58765e-010 1.58765e-010
0.27 -1.60608e-005 3.76278e-006 1.40854e-006 -6.43921e-010 -6.43921e-010
0.28 -1.60453e-005 3.78786e-006 1.37051e-006 -1.13487e-009 -1.13487e-009
0.29 -1.60309e-005 3.8068e-006 1.32776e-006 -1.07085e-009 -1.07085e-009
0.3 -1.60215e-005 3.81688e-006 1.28786e-006 -5.14065e-010 -5.14065e-010
0.31 -1.60198e-005 3.81849e-006 1.25829e-006 2.253e-010 2.253e-010
0.32 -1.60269e-005 3.81424e-006 1.24421e-006 8.2538e-010 8.2538e-010
0.33 -1.60415e-005 3.80753e-006 1.24722e-006 1.09301e-009 1.09301e-009
0.34 -1.60608e-005 3.8019e-006 1.26512e-006 9.67187e-010 9.67187e-010
0.35 -1.60809e-005 3.8003e-006 1.29232e-006 5.11513e-010 5.11513e-010
0.36 -1.6098e-005 3.80413e-006 1.32107e-006 -8.25485e-011 -8.25485e-011
0.37 -1.61091e-005 3.81301e-006 1.3437e-006 -5.60127e-010 -5.60127e-010
0.38 -1.61126e-005 3.82536e-006 1.35501e-006 -7.30928e-010 -7.30928e-010
0.39 -1.61084e-005 3.839e-006 1.35347e-006 -5.578e-010 -5.578e-010
0.4 -1.60981e-005 3.85139e-006 1.34087e-006 -1.46784e-010 -1.46784e-010
0.41 -1.60844e-005 3.86022e-006 1.32132e-006 3.21933e-010 3.21933e-010
0.42 -1.60703e-005 3.8639e-006 1.30042e-006 6.65931e-010 6.65931e-010
0.43 -1.60587e-005 3.86199e-006 1.28423e-006 7.6094e-010 7.6094e-010
0.44 -1.60512e-005 3.8552e-006 1.27797e-006 5.86178e-010 5.86178e-010
0.45 -1.60487e-005 3.84495e-006 1.28449e-006 2.32014e-010 2.32014e-010
0.46 -1.60506e-005 3.83304e-006 1.30344e-006 -1.44273e-010 -1.44273e-010
0.47 -1.60551e-005 3.82155e-006 1.33178e-006 -3.91516e-010 -3.91516e-010
0.48 -1.60603e-005 3.81225e-006 1.3651e-006 -4.25123e-010 -4.25123e-010
0.49 -1.60638e-005 3.80611e-006 1.39871e-006 -2.51242e-010 -2.51242e-010
0.5 -1.60639e-005 3.80351e-006 1.42841e-006 4.50151e-011 4.50151e-011
0.51 -1.60597e-005 3.80424e-006 1.45118e-006 3.37639e-010 3.37639e-010
0.52 -1.60514e-005 3.80706e-006 1.46586e-006 5.11213e-010 5.11213e-010
0.53 -1.604e-005 3.81016e-006 1.47334e-006 5.06622e-010 5.06622e-010
0.54 -1.60269e-005 3.8122e-006 1.47568e-006 3.40892e-010 3.40892e-010
0.55 -1.60144e-005 3.81253e-006 1.47508e-006 9.35367e-011 9.35367e-011
0.56 -1.60042e-005 3.81048e-006 1.47412e-006 -1.31015e-010 -1.31015e-010
0.57 -1.59972e-005 3.80493e-006 1.47619e-006 -2.46468e-010 -2.46468e-010
0.58 -1.59935e-005 3.79529e-006 1.48456e-006 -2.16436e-010 -2.16436e-010
0.59 -1.59927e-005 3.78294e-006 1.50051e-006 -6.46242e-011 -6.46242e-011
0.6 -1.59937e-005 3.77099e-006 1.5227e-006 1.39015e-010 1.39015e-010
0.61 -1.59954e-005 3.76211e-006 1.54793e-006 3.09628e-010 3.09628e-010
0.62 -1.59962e-005 3.7571e-006 1.57246e-006 3.825e-010 3.825e-010
0.63 -1.59953e-005 3.75616e-006 1.59297e-006 3.37044e-010 3.37044e-010
0.64 -1.59925e-005 3.7596e-006 1.60695e-006 2.01026e-010 2.01026e-010
0.65 -1.5988e-005 3.76561e-006 1.61301e-006 3.5486e-011 3.5486e-011
0.66 -1.59823e-005 3.77036e-006 1.61098e-006 -9.19542e-011 -9.19542e-011
0.67 -1.59767e-005 3.77121e-006 1.60156e-006 -1.34167e-010 -1.34167e-010
0.68 -1.59723e-005 3.76796e-006 1.58681e-006 -8.14625e-011 -8.14625e-011
0.69 -1.59699e-005 3.76166e-006 1.57031e-006 3.76026e-011 3.76026e-011
0.7 -1.59701e-005 3.75397e-006 1.55563e-006 1.70678e-010 1.70678e-010
0.71 -1.59728e-005 3.74703e-006 1.54458e-006 2.64259e-010 2.64259e-010
0.72 -1.59777e-005 3.74236e-006 1.53689e-006 2.84823e-010 2.84823e-010
0.73 -1.59841e-005 3.74012e-006 1.53116e-006 2.30318e-010 2.30318e-010
0.74 -1.5991e-005 3.73952e-006 1.52662e-006 1.28375e-010 1.28375e-010
0.75 -1.59972e-005 3.73953e-006 1.52328e-006 2.30012e-011 2.30012e-011
0.76 -1.60019e-005 3.7394e-006 1.52025e-006 -4.41105e-011 -4.41105e-011
0.77 -1.60048e-005 3.73918e-006 1.51521e-006 -4.98266e-011 -4.98266e-011
0.78 -1.60061e-005 3.73986e-006 1.50589e-006 2.88625e-012 2.88625e-012
0.79 -1.60064e-005 3.74233e-006 1.49153e-006 8.83642e-011 8.83642e-011
0.8 -1.60064e-005 3.7461e-006 1.47309e-006 1.70274e-010 1.70274e-010
0.81 -1.60069e-005 3.75e-006 1.45214e-006 2.16776e-010 2.16776e-010
0.82 -1.60087e-005 3.7535e-006 1.42974e-006 2.12632e-010 2.12632e-010
0.83 -1.60125e-005 3.75668e-006 1.40702e-006 1.63791e-010 1.63791e-010
0.84 -1.60184e-005 3.76003e-006 1.38616e-006 9.32921e-011 9.32921e-011
0.85 -1.60264e-005 3.765e-006 1.36956e-006 3.07534e-011 3.07534e-011
0.86 -1.60359e-005 3.77368e-006 1.3588e-006 1.30945e-013 1.30945e-013
0.87 -1.6046e-005 3.78575e-006 1.35513e-006 1.07543e-011 1.07543e-011
0.88 -1.60553e-005 3.79822e-006 1.35896e-006 5.49075e-011 5.49075e-011
0.89 -1.60627e-005 3.8099e-006 1.36843e-006 1.12304e-010 1.12304e-010
0.9 -1.60681e-005 3.82295e-006 1.37944e-006 1.59109e-010 1.59109e-010
0.91 -1.60713e-005 3.83936e-006 1.38853e-006 1.77651e-010 1.77651e-010
0.92 -1.60722e-005 3.85705e-006 1.39596e-006 1.62951e-010 1.62951e-010
0.93 -1.60705e-005 3.87125e-006 1.40524e-006 1.2366e-010 1.2366e-010
0.94 -1.60663e-005 3.87978e-006 1.4188e-006 7.74264e-011 7.74264e-011
0.95 -1.60606e-005 3.88443e-006 1.43464e-006 4.30946e-011 4.30946e-011
0.96 -1.60547e-005 3.88821e-006 1.4484e-006 3.3186e-011 3.3186e-011
0.97 -1.60493e-005 3.89214e-006 1.45895e-006 4.95993e-011 4.95993e-011
0.98 -1.60445e-005 3.89408e-006 1.4698e-006 8.37981e-011 8.37981e-011
0.99 -1.60401e-005 3.89259e-006 1.48475e-006 1.2096e-010 1.2096e-010
1 -1.60361e-005 3.88947e-006 1.50414e-006 1.46225e-010 1.46225e-010
1.01 -1.60327e-005 3.88604e-006 1.52479e-006 1.50546e-010 1.50546e-010
1.02 -1.60296e-005 3.88144e-006 1.54289e-006 1.33866e-010 1.33866e-010
1.03 -1.60266e-005 3.87645e-006 1.55766e-006 1.0445e-010 1.0445e-010
1.04 -1.60234e-005 3.87393e-006 1.5719e-006 7.49143e-011 7.49143e-011
1.05 -1.60197e-005 3.87414e-006 1.58808e-006 5.68622e-011 5.68622e-011
1.06 -1.60151e-005 3.87327e-006 1.60533e-006 5.6406e-011 5.6406e-011
1.07 -1.60096e-005 3.86783e-006 1.6207e-006 7.22337e-011 7.22337e-011
1.08 -1.60036e-005 3.85905e-006 1.63128e-006 9.67417e-011 9.67417e-011
1.09 -1.59976e-005 3.85008e-006 1.63621e-006 1.19559e-010 1.19559e-010
1.1 -1.59917e-005 3.84005e-006 1.63817e-006 1.31896e-010 1.31896e-010
1.11 -1.59852e-005 3.82615e-006 1.6419e-006 1.29888e-010 1.29888e-010
1.12 -1.59783e-005 3.8107e-006 1.65082e-006 1.15623e-010 1.15623e-010
1.13 -1.59716e-005 3.80028e-006 1.66431e-006 9.57424e-011 9.57424e-011
1.14 -1.59661e-005 3.79784e-006 1.6774e-006 7.84634e-011 7.84634e-011
1.15 -1.59627e-005 3.8029e-006 1.68366e-006 7.03164e-011 7.03164e-011
1.16 -1.59626e-005 3.81598e-006 1.67968e-006 7.37568e-011 7.37568e-011
1.17 -1.59663e-005 3.83528e-006 1.66832e-006 8.65175e-011 8.65175e-011
1.18 -1.59733e-005 3.85564e-006 1.65709e-006 1.02875e-010 1.02875e-010
1.19 -1.59829e-005 3.87195e-006 1.65166e-006 1.16153e-010 1.16153e-010
1.2 -1.59938e-005 3.88039e-006 1.65124e-006 1.21353e-010 1.21353e-010
1.21 -1.60047e-005 3.87975e-006 1.65076e-006 1.1696e-010 1.1696e-010
1.22 -1.60142e-005 3.8713e-006 1.64534e-006 1.0533e-010 1.0533e-010
1.23 -1.60211e-005 3.85793e-006 1.63245e-006 9.15339e-011 9.15339e-011
1.24 -1.60244e-005 3.84404e-006 1.6123e-006 8.1151e-011 8.1151e-011
1.25 -1.60244e-005 3.83597e-006 1.58737e-006 7.80106e-011 7.80106e-011
1.26 -1.60223e-005 3.8392e-006 1.56066e-006 8.28139e-011 8.28139e-011
1.27 -1.60198e-005 3.85453e-006 1.53492e-006 9.31275e-011 9.31275e-011
1.28 -1.6019e-005 3.87831e-006 1.51252e-006 1.04594e-010 1.04594e-010
1.29 -1.60215e-005 3.90368e-006 1.49504e-006 1.12757e-010 1.12757e-010
1.3 -1.60279e-005 3.92307e-006 1.4835e-006 1.14762e-010 1.14762e-010
1.31 -1.6038e-005 3.93371e-006 1.47789e-006 1.10319e-010 1.10319e-010
1.32 -1.60514e-005 3.93771e-006 1.47548e-006 1.01595e-010 1.01595e-010
1.33 -1.60665e-005 3.9371e-006 1.47052e-006 9.2192e-011 9.2192e-011
1.34 -1.60818e-005 3.93617e-006 1.45749e-006 8.56742e-011 8.56742e-011
1.35 -1.60961e-005 3.94398e-006 1.43649e-006 8.42401e-011 8.42401e-011
1.36 -1.61086e-005 3.96561e-006 1.41488e-006 8.80203e-011 8.80203e-011
1.37 -1.61176e-005 3.99587e-006 1.40096e-006 9.52182e-011 9.52182e-011
1.38 -1.61226e-005 4.02411e-006 1.3966e-006 1.02901e-010 1.02901e-010
1.39 -1.61241e-005 4.04238e-006 1.39599e-006 1.0809e-010 1.0809e-010
1.4 -1.61234e-005 4.04884e-006 1.39073e-006 1.08912e-010 1.08912e-010
1.41 -1.61214e-005 4.04326e-006 1.37992e-006 1.05409e-010 1.05409e-010
1.42 -1.61177e-005 4.02649e-006 1.3733e-006 9.94264e-011 9.94264e-011
1.43 -1.61121e-005 4.00449e-006 1.38065e-006 9.36359e-011 9.36359e-011
1.44 -1.61044e-005 3.98319e-006 1.40156e-006 9.02589e-011 9.02589e-011
1.45 -1.60951e-005 3.96114e-006 1.42622e-006 9.0225e-011 9.0225e-011
1.46 -1.60837e-005 3.93201e-006 1.44372e-006 9.30979e-011 9.30979e-011
1.47 -1.60698e-005 3.89152e-006 1.45213e-006 9.74932e-011 9.74932e-011
1.48 -1.60521e-005 3.83828e-006 1.46071e-006 1.01653e-010 1.01653e-010
1.49 -1.60288e-005 3.76875e-006 1.4801e-006 1.04055e-010 1.04055e-010
1.5 -1.59987e-005 3.68039e-006 1.51298e-006 1.03917e-010 1.03917e-010
1.51 -1.59624e-005 3.58446e-006 1.55493e-006 1.01412e-010 1.01412e-010
1.52 -1.59228e-005 3.50596e-006 1.60089e-006 9.75538e-011 9.75538e-011
1.53 -1.58833e-005 3.46204e-006 1.6498e-006 9.3885e-011 9.3885e-011
1.54 -1.58459e-005 3.44776e-006 1.70304e-006 9.196e-011 9.196e-011
1.55 -1.58126e-005 3.44762e-006 1.75954e-006 9.26673e-011 9.26673e-011
1.56 -1.5786e-005 3.44973e-006 1.81554e-006 9.57133e-011 9.57133e-011
1.57 -1.57678e-005 3.44722e-006 1.86712e-006 9.97486e-011 9.97486e-011
1.58 -1.57584e-005 3.43585e-006 1.90945e-006 1.03082e-010 1.03082e-010
1.59 -1.57568e-005 3.4136e-006 1.937e-006 1.04431e-010 1.04431e-010
1.6 -1.57603e-005 3.37947e-006 1.94816e-006 1.03368e-010 1.03368e-010
1.61 -1.5765e-005 3.33565e-006 1.95114e-006 1.00429e-010 1.00429e-010
1.62 -1.57671e-005 3.29427e-006 1.96036e-006 9.6855e-011 9.6855e-011
1.63 -1.57662e-005 3.2793e-006 1.97943e-006 9.39805e-011 9.39805e-011
1.64 -1.57656e-005 3.31698e-006 1.99359e-006 9.26241e-011 9.26241e-011
1.65 -1.5771e-005 3.41634e-006 1.98583e-006 9.29675e-011 9.29675e-011
1.66 -1.57859e-005 3.55857e-006 1.95459e-006 9.48794e-011 9.48794e-011
1.67 -1.58122e-005 3.70844e-006 1.91297e-006 9.80391e-011 9.80391e-011
1.68 -1.58501e-005 3.83465e-006 1.87439e-006 1.01637e-010 1.01637e-010
1.69 -1.58983e-005 3.92108e-006 1.84107e-006 1.04314e-010 1.04314e-010
1.7 -1.59541e-005 3.96617e-006 1.8075e-006 1.04778e-010 1.04778e-010
1.71 -1.60121e-005 3.98232e-006 1.77133e-006 1.02584e-010 1.02584e-010
1.72 -1.60669e-005 3.99428e-006 1.73405e-006 9.84106e-011 9.84106e-011
1.73 -1.6114e-005 4.02672e-006 1.69469e-006 9.37018e-011 9.37018e-011
1.74 -1.6151e-005 4.09136e-006 1.6486e-006 9.0071e-011 9.0071e-011
1.75 -1.61786e-005 4.18721e-006 1.59068e-006 8.88251e-011 8.88251e-011
1.76 -1.62003e-005 4.30522e-006 1.518e-006 9.05642e-011 9.05642e-011
1.77 -1.62205e-005 4.42677e-006 1.43161e-006 9.48807e-011 9.48807e-011
1.78 -1.62421e-005 4.52392e-006 1.33875e-006 1.00447e-010 1.00447e-010
1.79 -1.62666e-005 4.57476e-006 1.25224e-006 1.05515e-010 1.05515e-010
1.8 -1.62949e-005 4.57893e-006 1.18155e-006 1.08459e-010 1.08459e-010
1.81 -1.63271e-005 4.55212e-006 1.12442e-006 1.08181e-010 1.08181e-010
1.82 -1.63613e-005 4.51227e-006 1.07132e-006 1.04588e-010 1.04588e-010
1.83 -1.63938e-005 4.47318e-006 1.01629e-006 9.8937e-011 9.8937e-011
1.84 -1.642e-005 4.44407e-006 9.61856e-007 9.34547e-011 9.34547e-011
1.85 -1.64358e-005 4.42754e-006 9.16683e-007 9.03066e-011 9.03066e-011
1.86 -1.64382e-005 4.41601e-006 8.88569e-007 9.05369e-011 9.05369e-011
1.87 -1.6427e-005 4.40204e-006 8.77686e-007 9.3729e-011 9.3729e-011
1.88 -1.64065e-005 4.39607e-006 8.76999e-007 9.84166e-011 9.84166e-011
1.89 -1.63833e-005 4.4151e-006 8.78972e-007 1.02731e-010 1.02731e-010
1.9 -1.6362e-005 4.44817e-006 8.80988e-007 1.05253e-010 1.05253e-010
1.91 -1.63432e-005 4.45627e-006 8.85758e-007 1.05601e-010 1.05601e-010
1.92 -1.63257e-005 4.40816e-006 8.98526e-007 1.04265e-010 1.04265e-010
1.93 -1.63073e-005 4.2971e-006 9.2251e-007 1.02043e-010 1.02043e-010
1.94 -1.62843e-005 4.13166e-006 9.55995e-007 9.9628e-011 9.9628e-011
1.95 -1.62516e-005 3.92862e-006 9.94959e-007 9.75307e-011 9.75307e-011
1.96 -1.62057e-005 3.71525e-006 1.03639e-006 9.61182e-011 9.61182e-011
1.97 -1.61455e-005 3.52604e-006 1.07887e-006 9.55581e-011 9.55581e-011
1.98 -1.60732e-005 3.38406e-006 1.12242e-006 9.58028e-011 9.58028e-011
1.99 -1.59929e-005 3.2868e-006 1.1671e-006 9.67538e-011 9.67538e-011
2 -1.591e-005 3.2117e-006 1.21309e-006 9.8358e-011 9.8358e-011
2.01 -1.58303e-005 3.13153e-006 1.26337e-006 1.00458e-010 1.00458e-010
2.02 -1.57583e-005 3.02836e-006 1.3249e-006 1.02607e-010 1.02607e-010
2.03 -1.56964e-005 2.89545e-006 1.40541e-006 1.04152e-010 1.04152e-010
2.04 -1.56438e-005 2.73409e-006 1.50646e-006 1.045e-010 1.045e-010
2.05 -1.55982e-005 2.56165e-006 1.62015e-006 1.03336e-010 1.03336e-010
2.06 -1.55578e-005 2.41031e-006 1.7344e-006 1.00757e-010 1.00757e-010
2.07 -1.55193e-005 2.30176e-006 1.8407e-006 9.74369e-011 9.74369e-011
2.08 -1.54791e-005 2.23369e-006 1.93664e-006 9.45943e-011 9.45943e-011
2.09 -1.54351e-005 2.19415e-006 2.02285e-006 9.34906e-011 9.34906e-011
2.1 -1.53894e-005 2.17862e-006 2.0979e-006 9.46751e-011 9.46751e-011
2.11 -1.53469e-005 2.18936e-006 2.158e-006 9.76697e-011 9.76697e-011
2.12 -1.53131e-005 2.22109e-006 2.20169e-006 1.01352e-010 1.01352e-010
2.13 -1.52919e-005 2.25772e-006 2.23101e-006 1.04563e-010 1.04563e-010
2.14 -1.52855e-005 2.28507e-006 2.25001e-006 1.06432e-010 1.06432e-010
2.15 -1.52946e-005 2.30259e-006 2.26365e-006 1.06428e-010 1.06428e-010
2.16 -1.5319e-005 2.32626e-006 2.27478e-006 1.0447e-010 1.0447e-010
2.17 -1.53573e-005 2.3754e-006 2.28008e-006 1.01081e-010 1.01081e-010
2.18 -1.54064e-005 2.45159e-006 2.26923e-006 9.73405e-011 9.73405e-011
2.19 -1.54619e-005 2.5434e-006 2.23176e-006 9.45065e-011 9.45065e-011
2.2 -1.55211e-005 2.65237e-006 2.16666e-006 9.34906e-011 9.34906e-011
2.21 -1.55834e-005 2.79315e-006 2.08285e-006 9.45077e-011 9.45077e-011
2.22 -1.5649e-005 2.97089e-006 1.9923e-006 9.7101e-011 9.7101e-011
2.23 -1.5718e-005 3.17397e-006 1.90344e-006 1.004e-010 1.004e-010
2.24 -1.57914e-005 3.38604e-006 1.81783e-006 1.03363e-010 1.03363e-010
2.25 -1.58707e-005 3.59611e-006 1.73094e-006 1.05019e-010 1.05019e-010
2.26 -1.59567e-005 3.79513e-006 1.63594e-006 1.04817e-010 1.04817e-010
2.27 -1.6049e-005 3.97762e-006 1.52738e-006 1.0292e-010 1.0292e-010
2.28 -1.61466e-005 4.15112e-006 1.40472e-006 1.00144e-010 1.00144e-010
2.29 -1.62482e-005 4.32856e-006 1.27246e-006 9.75671e-011 9.75671e-011
2.3 -1.6351e-005 4.51297e-006 1.13629e-006 9.60614e-011 9.60614e-011
2.31 -1.64535e-005 4.70036e-006 1.00164e-006 9.61067e-011 9.61067e-011
2.32 -1.65537e-005 4.88765e-006 8.75108e-007 9.77273e-011 9.77273e-011
2.33 -1.66475e-005 5.06991e-006 7.6332e-007 1.0033e-010 1.0033e-010
2.34 -1.6732e-005 5.23742e-006 6.68992e-007 1.02939e-010 1.02939e-010
2.35 -1.68052e-005 5.37916e-006 5.90318e-007 1.048e-010 1.048e-010
2.36 -1.68651e-005 5.48787e-006 5.24179e-007 1.05508e-010 1.05508e-010
2.37 -1.691e-005 5.55881e-006 4.68881e-007 1.04917e-010 1.04917e-010
2.38 -1.69383e-005 5.5909e-006 4.25066e-007 1.03357e-010 1.03357e-010
2.39 -1.69503e-005 5.597e-006 3.95899e-007 1.01644e-010 1.01644e-010
2.4 -1.69475e-005 5.59635e-006 3.88181e-007 1.00598e-010 1.00598e-010
2.41 -1.69308e-005 5.59619e-006 4.12967e-007 1.00617e-010 1.00617e-010
2.42 -1.69014e-005 5.59372e-006 4.79464e-007 1.01692e-010 1.01692e-010
2.43 -1.68608e-005 5.57902e-006 5.83692e-007 1.03476e-010 1.03476e-010
2.44 -1.68096e-005 5.52923e-006 7.06389e-007 1.05234e-010 1.05234e-010
2.45 -1.67482e-005 5.42157e-006 8.26931e-007 1.06142e-010 1.06142e-010
2.46 -1.66766e-005 5.25633e-006 9.3796e-007 1.05791e-010 1.05791e-010
2.47 -1.65953e-005 5.05491e-006 1.04532e-006 1.04384e-010 1.04384e-010
2.48 -1.65041e-005 4.8392e-006 1.15827e-006 1.02569e-010 1.02569e-010
2.49 -1.6403e-005 4.61932e-006 1.28215e-006 1.0113e-010 1.0113e-010
2.5 -1.62922e-005 4.39335e-006 1.41794e-006 1.00678e-010 1.00678e-010
2.51 -1.61724e-005 4.15496e-006 1.56326e-006 1.01391e-010 1.01391e-010
2.52 -1.60459e-005 3.90081e-006 1.71108e-006 1.02937e-010 1.02937e-010
2.53 -1.59157e-005 3.63087e-006 1.85228e-006 1.0464e-010 1.0464e-010
2.54 -1.57851e-005 3.35021e-006 1.98095e-006 1.05788e-010 1.05788e-010
2.55 -1.56579e-005 3.07021e-006 2.09557e-006 1.0597e-010 1.0597e-010
2.56 -1.55376e-005 2.80273e-006 2.19702e-006 1.05276e-010 1.05276e-010
2.57 -1.54272e-005 2.55473e-006 2.28545e-006 1.04162e-010 1.04162e-010
2.58 -1.53293e-005 2.3272e-006 2.35874e-006 1.03167e-010 1.03167e-010
2.59 -1.52454e-005 2.11625e-006 2.41617e-006 1.02722e-010 1.02722e-010
2.6 -1.51749e-005 1.91726e-006 2.46107e-006 1.03021e-010 1.03021e-010
2.61 -1.51167e-005 1.73172e-006 2.49631e-006 1.03923e-010 1.03923e-010
2.62 -1.50709e-005 1.56957e-006 2.51937e-006 1.04918e-010 1.04918e-010
2.63 -1.50376e-005 1.44456e-006 2.52632e-006 1.05379e-010 1.05379e-010
2.64 -1.50159e-005 1.36122e-006 2.52007e-006 1.0502e-010 1.0502e-010
2.65 -1.50029e-005 1.30499e-006 2.51062e-006 1.04123e-010 1.04123e-010
2.66 -1.49953e-005 1.25691e-006 2.50531e-006 1.03239e-010 1.03239e-010
2.67 -1.49926e-005 1.21514e-006 2.49854e-006 1.02654e-010 1.02654e-010
2.68 -1.49966e-005 1.19538e-006 2.47338e-006 1.02233e-010 1.02233e-010
2.69 -1.50108e-005 1.21481e-006 2.41608e-006 1.01803e-010 1.01803e-010
2.7 -1.50367e-005 1.27533e-006 2.32799e-006 1.01576e-010 1.01576e-010
2.71 -1.50743e-005 1.36555e-006 2.22502e-006 1.0205e-010 1.0205e-010
2.72 -1.51236e-005 1.47992e-006 2.12794e-006 1.03445e-010 1.03445e-010
2.73 -1.51862e-005 1.62871e-006 2.04808e-006 1.05305e-010 1.05305e-010
2.74 -1.52649e-005 1.82349e-006 1.97715e-006 1.06711e-010 1.06711e-010
2.75 -1.5361e-005 2.05793e-006 1.89442e-006 1.06921e-010 1.06921e-010
2.76 -1.54731e-005 2.31482e-006 1.78777e-006 1.05871e-010 1.05871e-010
2.77 -1.55982e-005 2.58207e-006 1.66083e-006 1.04149e-010 1.04149e-010
2.78 -1.5733e-005 2.85421e-006 1.51808e-006 1.02531e-010 1.02531e-010
2.79 -1.58753e-005 3.13362e-006 1.3563e-006 1.01501e-010 1.01501e-010
2.8 -1.60235e-005 3.43256e-006 1.17659e-006 1.01203e-010 1.01203e-010
2.81 -1.6175e-005 3.75636e-006 9.941e-007 1.01697e-010 1.01697e-010
2.82 -1.63248e-005 4.09038e-006 8.2988e-007 1.02958e-010 1.02958e-010
2.83 -1.64681e-005 4.41239e-006 6.9691e-007 1.04599e-010 1.04599e-010
2.84 -1.66013e-005 4.70715e-006 5.93054e-007 1.0579e-010 1.0579e-010
2.85 -1.67226e-005 4.97194e-006 5.06752e-007 1.05701e-010 1.05701e-010
2.86 -1.68305e-005 5.21037e-006 4.25991e-007 1.04101e-010 1.04101e-010
2.87 -1.69243e-005 5.42371e-006 3.3984e-007 1.01514e-010 1.01514e-010
2.88 -1.70054e-005 5.61596e-006 2.42859e-007 9.90038e-011 9.90038e-011
2.89 -1.7076e-005 5.7962e-006 1.43382e-007 9.79467e-011 9.79467e-011
2.9 -1.71353e-005 5.96751e-006 5.97412e-008 9.93778e-011 9.93778e-011
2.91 -1.71836e-005 6.12299e-006 5.25582e-009 1.03144e-010 1.03144e-010
2.92 -1.7223e-005 6.25329e-006 -1.98777e-008 1.07948e-010 1.07948e-010
2.93 -1.7254e-005 6.34988e-006 -2.14338e-008 1.12054e-010 1.12054e-010
2.94 -1.72756e-005 6.40582e-006 -5.99541e-010 1.13973e-010 1.13973e-010
2.95 -1.72858e-005 6.41887e-006 4.51456e-008 1.13023e-010 1.13023e-010
2.96 -1.72815e-005 6.39041e-006 1.15608e-007 1.09596e-010 1.09596e-010
2.97 -1.7259e-005 6.31902e-006 2.09577e-007 1.04982e-010 1.04982e-010
2.98 -1.72133e-005 6.19954e-006 3.29879e-007 1.00817e-010 1.00817e-010
2.99 -1.714e-005 6.03281e-006 4.80688e-007 9.84614e-011 9.84614e-011
3 -1.70385e-005 5.83385e-006 6.61197e-007 9.85081e-011 9.85081e-011
3.01 -1.69118e-005 5.62486e-006 8.64487e-007 1.00545e-010 1.00545e-010
3.02 -1.67649e-005 5.41969e-006 1.08265e-006 1.03497e-010 1.03497e-010
3.03 -1.6604e-005 5.21767e-006 1.31282e-006 1.06346e-010 1.06346e-010
3.04 -1.64351e-005 5.00481e-006 1.55615e-006 1.08499e-010 1.08499e-010
3.05 -1.62631e-005 4.75917e-006 1.80922e-006 1.097e-010 1.097e-010
3.06 -1.60926e-005 4.46519e-006 2.06185e-006 1.09872e-010 1.09872e-010
3.07 -1.59272e-005 4.1293e-006 2.30913e-006 1.09077e-010 1.09077e-010
3.08 -1.57683e-005 3.77881e-006 2.55603e-006 1.07625e-010 1.07625e-010
3.09 -1.56161e-005 3.4389e-006 2.80679e-006 1.06069e-010 1.06069e-010
3.1 -1.54687e-005 3.11653e-006 3.05739e-006 1.04856e-010 1.04856e-010
3.11 -1.53251e-005 2.81324e-006 3.29425e-006 1.04093e-010 1.04093e-010
3.12 -1.51876e-005 2.54482e-006 3.50019e-006 1.03639e-010 1.03639e-010
3.13 -1.50615e-005 2.33591e-006 3.66531e-006 1.03326e-010 1.03326e-010
3.14 -1.49516e-005 2.19068e-006 3.7883e-006 1.03227e-010 1.03227e-010
3.15 -1.48612e-005 2.07954e-006 3.87088e-006 1.03691e-010 1.03691e-010
3.16 -1.47915e-005 1.9607e-006 3.91685e-006 1.04999e-010 1.04999e-010
3.17 -1.47418e-005 1.80404e-006 3.93048e-006 1.06904e-010 1.06904e-010
3.18 -1.47098e-005 1.60426e-006 3.915e-006 1.08569e-010 1.08569e-010
3.19 -1.4693e-005 1.39159e-006 3.87494e-006 1.09014e-010 1.09014e-010
3.2 -1.46895e-005 1.21831e-006 3.81717e-006 1.07693e-010 1.07693e-010
3.21 -1.46961e-005 1.12001e-006 3.74926e-006 1.04866e-010 1.04866e-010
3.22 -1.47095e-005 1.095e-006 3.67623e-006 1.01577e-010 1.01577e-010
3.23 -1.47274e-005 1.11927e-006 3.59594e-006 9.91492e-011 9.91492e-011
3.24 -1.47509e-005 1.16945e-006 3.498e-006 9.85046e-011 9.85046e-011
3.25 -1.47831e-005 1.23006e-006 3.36851e-006 9.97613e-011 9.97613e-011
3.26 -1.48288e-005 1.29547e-006 3.19189e-006 1.02288e-010 1.02288e-010
3.27 -1.48943e-005 1.37647e-006 2.95433e-006 1.0508e-010 1.0508e-010
3.28 -1.49859e-005 1.49407e-006 2.65391e-006 1.07221e-010 1.07221e-010
3.29 -1.51066e-005 1.6584e-006 2.30777e-006 1.08282e-010 1.08282e-010
3.3 -1.52545e-005 1.86073e-006 1.94862e-006 1.08482e-010 1.08482e-010
3.31 -1.54244e-005 2.08735e-006 1.61281e-006 1.08325e-010 1.08325e-010
3.32 -1.56099e-005 2.33542e-006 1.32686e-006 1.0798e-010 1.0798e-010
3.33 -1.58031e-005 2.60745e-006 1.09839e-006 1.07106e-010 1.07106e-010
3.34 -1.59945e-005 2.89144e-006 9.15958e-007 1.05159e-010 1.05159e-010
3.35 -1.61738e-005 3.16571e-006 7.56412e-007 1.01967e-010 1.01967e-010
3.36 -1.63342e-005 3.42592e-006 5.92772e-007 9.82367e-011 9.82367e-011
3.37 -1.64743e-005 3.69036e-006 4.01881e-007 9.5052e-011 9.5052e-011
3.38 -1.65973e-005 3.98309e-006 1.749e-007 9.32699e-011 9.32699e-011
3.39 -1.67093e-005 4.31706e-006 -7.54884e-008 9.37539e-011 9.37539e-011
3.4 -1.68161e-005 4.67919e-006 -3.20378e-007 9.72209e-011 9.72209e-011
3.41 -1.69218e-005 5.02771e-006 -5.28071e-007 1.03425e-010 1.03425e-010
3.42 -1.70275e-005 5.31721e-006 -6.75821e-007 1.1075e-010 1.1075e-010
3.43 -1.71328e-005 5.53032e-006 -7.55797e-007 1.16658e-010 1.16658e-010
3.44 -1.72348e-005 5.68187e-006 -7.742e-007 1.18691e-010 1.18691e-010
3.45 -1.7328e-005 5.7989e-006 -7.44519e-007 1.15584e-010 1.15584e-010
3.46 -1.74046e-005 5.90102e-006 -6.8271e-007 1.07955e-010 1.07955e-010
3.47 -1.74564e-005 5.994e-006 -6.04939e-007 9.83572e-011 9.83572e-011
3.48 -1.74779e-005 6.07466e-006 -5.224e-007 9.05094e-011 9.05094e-011
3.49 -1.74664e-005 6.13701e-006 -4.37138e-007 8.74618e-011 8.74618e-011
3.5 -1.74226e-005 6.16824e-006 -3.42953e-007 8.99397e-011 8.99397e-011
3.51 -1.73491e-005 6.1479e-006 -2.29525e-007 9.65329e-011 9.65329e-011
3.52 -1.72512e-005 6.06852e-006 -8.85976e-008 1.04937e-010 1.04937e-010
3.53 -1.71374e-005 5.94744e-006 8.10341e-008 1.1247e-010 1.1247e-010
3.54 -1.70165e-005 5.80577e-006 2.74994e-007 1.16511e-010 1.16511e-010
3.55 -1.68938e-005 5.64497e-006 4.87806e-007 1.15789e-010 1.15789e-010
3.56 -1.67701e-005 5.44514e-006 7.15414e-007 1.11276e-010 1.11276e-010
3.57 -1.66433e-005 5.1859e-006 9.56062e-007 1.05448e-010 1.05448e-010
3.58 -1.65101e-005 4.86945e-006 1.21012e-006 1.00681e-010 1.00681e-010
3.59 -1.63678e-005 4.52365e-006 1.47985e-006 9.82338e-011 9.82338e-011
3.6 -1.62154e-005 4.19042e-006 1.76616e-006 9.82436e-011 9.82436e-011
3.61 -1.60545e-005 3.90513e-006 2.06152e-006 1.00114e-010 1.00114e-010
3.62 -1.58881e-005 3.67247e-006 2.34877e-006 1.02782e-010 1.02782e-010
3.63 -1.57197e-005 3.46204e-006 2.60894e-006 1.05134e-010 1.05134e-010
3.64 -1.55531e-005 3.23479e-006 2.83231e-006 1.06587e-010 1.06587e-010
3.65 -1.5393e-005 2.97328e-006 3.0233e-006 1.0725e-010 1.0725e-010
3.66 -1.52442e-005 2.68556e-006 3.19369e-006 1.07501e-010 1.07501e-010
3.67 -1.51093e-005 2.38873e-006 3.35602e-006 1.07533e-010 1.07533e-010
3.68 -1.49888e-005 2.09914e-006 3.52046e-006 1.0739e-010 1.0739e-010
3.69 -1.4882e-005 1.83369e-006 3.68494e-006 1.07138e-010 1.07138e-010
3.7 -1.47897e-005 1.60729e-006 3.82855e-006 1.06764e-010 1.06764e-010
3.71 -1.47132e-005 1.42729e-006 3.92388e-006 1.06076e-010 1.06076e-010
3.72 -1.46553e-005 1.29835e-006 3.95111e-006 1.05039e-010 1.05039e-010
3.73 -1.4619e-005 1.22452e-006 3.90612e-006 1.04134e-010 1.04134e-010
3.74 -1.46076e-005 1.202e-006 3.80386e-006 1.04135e-010 1.04135e-010
3.75 -1.4623e-005 1.21851e-006 3.66778e-006 1.05461e-010 1.05461e-010
3.76 -1.46662e-005 1.26141e-006 3.51191e-006 1.07771e-010 1.07771e-010
3.77 -1.47377e-005 1.32429e-006 3.3395e-006 1.10072e-010 1.10072e-010
3.78 -1.48353e-005 1.40687e-006 3.15067e-006 1.11207e-010 1.11207e-010
3.79 -1.49547e-005 1.5104e-006 2.9429e-006 1.10445e-010 1.10445e-010
3.8 -1.50901e-005 1.63773e-006 2.71109e-006 1.07819e-010 1.07819e-010
3.81 -1.52355e-005 1.79467e-006 2.45497e-006 1.04145e-010 1.04145e-010
3.82 -1.53843e-005 1.98444e-006 2.18743e-006 1.00755e-010 1.00755e-010
3.83 -1.55303e-005 2.20726e-006 1.9311e-006 9.88978e-011 9.88978e-011
3.84 -1.5671e-005 2.46492e-006 1.69639e-006 9.9206e-011 9.9206e-011
3.85 -1.58081e-005 2.75485e-006 1.46443e-006 1.01371e-010 1.01371e-010
3.86 -1.59456e-005 3.0646e-006 1.20947e-006 1.04285e-010 1.04285e-010
3.87 -1.60859e-005 3.37649e-006 9.30766e-007 1.06892e-010 1.06892e-010
3.88 -1.62299e-005 3.67404e-006 6.48701e-007 1.0879e-010 1.0879e-010
3.89 -1.63773e-005 3.94575e-006 3.81961e-007 1.09864e-010 1.09864e-010
3.9 -1.65265e-005 4.18332e-006 1.3675e-007 1.09824e-010 1.09824e-010
3.91 -1.6673e-005 4.37606e-006 -8.63492e-008 1.0849e-010 1.0849e-010
3.92 -1.68084e-005 4.51184e-006 -2.8006e-007 1.06187e-010 1.06187e-010
3.93 -1.69233e-005 4.59373e-006 -4.31502e-007 1.0358e-010 1.0358e-010
3.94 -1.7011e-005 4.65056e-006 -5.33325e-007 1.01194e-010 1.01194e-010
3.95 -1.70681e-005 4.71768e-006 -5.84503e-007 9.92079e-011 9.92079e-011
3.96 -1.70939e-005 4.81322e-006 -5.85797e-007 9.7815e-011 9.7815e-011
3.97 -1.70911e-005 4.93609e-006 -5.43577e-007 9.74903e-011 9.74903e-011
3.98 -1.70666e-005 5.07601e-006 -4.7019e-007 9.85979e-011 9.85979e-011
3.99 -1.70293e-005 5.21914e-006 -3.7485e-007 1.00965e-010 1.00965e-010
4 -1.69871e-005 5.3399e-006 -2.58402e-007 1.04061e-010 1.04061e-010
4.01 -1.69429e-005 5.39861e-006 -1.15047e-007 1.07338e-010 1.07338e-010
4.02 -1.68966e-005 5.36942e-006 5.89546e-008 1.10119e-010 1.10119e-010
4.03 -1.6847e-005 5.26137e-006 2.55113e-007 1.11449e-010 1.11449e-010
4.04 -1.67913e-005 5.10032e-006 4.57595e-007 1.1054e-010 1.1054e-010
4.05 -1.67246e-005 4.91214e-006 6.55172e-007 1.07483e-010 1.07483e-010
4.06 -1.66435e-005 4.73028e-006 8.44888e-007 1.03376e-010 1.03376e-010
4.07 -1.65479e-005 4.58887e-006 1.03212e-006 9.97624e-011 9.97624e-011
4.08 -1.64392e-005 4.49332e-006 1.22984e-006 9.80046e-011 9.80046e-011
4.09 -1.63188e-005 4.41637e-006 1.45491e-006 9.88922e-011 9.88922e-011
4.1 -1.61896e-005 4.32467e-006 1.71951e-006 1.02258e-010 1.02258e-010
4.11 -1.60555e-005 4.19424e-006 2.02115e-006 1.06752e-010 1.06752e-010
4.12 -1.59205e-005 4.0156e-006 2.34045e-006 1.10248e-010 1.10248e-010
4.13 -1.57887e-005 3.80225e-006 2.64917e-006 1.10916e-010 1.10916e-010
4.14 -1.56632e-005 3.5781e-006 2.92138e-006 1.08267e-010 1.08267e-010
4.15 -1.55444e-005 3.35502e-006 3.14002e-006 1.03514e-010 1.03514e-010
4.16 -1.54319e-005 3.13553e-006 3.29857e-006 9.90003e-011 9.90003e-011
4.17 -1.53262e-005 2.92443e-006 3.40042e-006 9.6995e-011 9.6995e-011
4.18 -1.52295e-005 2.73342e-006 3.45846e-006 9.86572e-011 9.86572e-011
4.19 -1.51454e-005 2.58076e-006 3.49552e-006 1.03698e-010 1.03698e-010
4.2 -1.50775e-005 2.47996e-006 3.53794e-006 1.10524e-010 1.10524e-010
4.21 -1.5029e-005 2.43137e-006 3.60055e-006 1.16682e-010 1.16682e-010
4.22 -1.50032e-005 2.4293e-006 3.67666e-006 1.1966e-010 1.1966e-010
4.23 -1.50024e-005 2.46059e-006 3.7448e-006 1.17956e-010 1.17956e-010
4.24 -1.50254e-005 2.50168e-006 3.78258e-006 1.11897e-010 1.11897e-010
4.25 -1.5069e-005 2.54091e-006 3.77463e-006 1.03593e-010 1.03593e-010
4.26 -1.51296e-005 2.58764e-006 3.71473e-006 9.60066e-011 9.60066e-011
4.27 -1.52031e-005 2.65196e-006 3.60316e-006 9.16771e-011 9.16771e-011
4.28 -1.52849e-005 2.74006e-006 3.44563e-006 9.18819e-011 9.18819e-011
4.29 -1.53719e-005 2.85986e-006 3.25481e-006 9.6363e-011 9.6363e-011
4.3 -1.54612e-005 3.00686e-006 3.04649e-006 1.03477e-010 1.03477e-010
4.31 -1.55509e-005 3.16047e-006 2.83044e-006 1.10772e-010 1.10772e-010
4.32 -1.5641e-005 3.3082e-006 2.60835e-006 1.15864e-010 1.15864e-010
4.33 -1.57341e-005 3.4573e-006 2.38049e-006 1.1729e-010 1.1729e-010
4.34 -1.58331e-005 3.621e-006 2.15321e-006 1.14911e-010 1.14911e-010
4.35 -1.59394e-005 3.80764e-006 1.93939e-006 1.09923e-010 1.09923e-010
4.36 -1.60538e-005 4.01809e-006 1.74697e-006 1.04358e-010 1.04358e-010
4.37 -1.61761e-005 4.24079e-006 1.56773e-006 1.00116e-010 1.00116e-010
4.38 -1.63042e-005 4.45137e-006 1.38381e-006 9.82557e-011 9.82557e-011
4.39 -1.64328e-005 4.61768e-006 1.18556e-006 9.88694e-011 9.88694e-011
4.4 -1.65527e-005 4.71253e-006 9.79446e-007 1.01218e-010 1.01218e-010
4.41 -1.66552e-005 4.73622e-006 7.79669e-007 1.04017e-010 1.04017e-010
4.42 -1.67345e-005 4.72086e-006 5.96186e-007 1.05831e-010 1.05831e-010
4.43 -1.6789e-005 4.71276e-006 4.32423e-007 1.05657e-010 1.05657e-010
4.44 -1.68214e-005 4.75644e-006 2.91521e-007 1.03619e-010 1.03619e-010
4.45 -1.68374e-005 4.87392e-006 1.81233e-007 1.01052e-010 1.01052e-010
4.46 -1.68433e-005 5.04129e-006 1.08518e-007 9.97654e-011 9.97654e-011
4.47 -1.68445e-005 5.20015e-006 7.02379e-008 1.01024e-010 1.01024e-010
4.48 -1.68461e-005 5.29916e-006 5.69421e-008 1.04772e-010 1.04772e-010
4.49 -1.68507e-005 5.31598e-006 6.69761e-008 1.09537e-010 1.09537e-010
4.5 -1.68558e-005 5.25114e-006 1.09183e-007 1.13167e-010 1.13167e-010
4.51 -1.68558e-005 5.12665e-006 1.90576e-007 1.13854e-010 1.13854e-010
4.52 -1.68446e-005 4.9848e-006 3.07319e-007 1.10808e-010 1.10808e-010
4.53 -1.68163e-005 4.86119e-006 4.50689e-007 1.04614e-010 1.04614e-010
4.54 -1.67646e-005 4.7638e-006 6.17415e-007 9.73e-011 9.73e-011
4.55 -1.66859e-005 4.6851e-006 8.06773e-007 9.17127e-011 9.17127e-011
4.56 -1.65817e-005 4.61013e-006 1.00954e-006 9.01464e-011 9.01464e-011
4.57 -1.64572e-005 4.51679e-006 1.20948e-006 9.3202e-011 9.3202e-011
4.58 -1.63205e-005 4.39257e-006 1.39589e-006 9.97053e-011 9.97053e-011
4.59 -1.61825e-005 4.25063e-006 1.5685e-006 1.07422e-010 1.07422e-010
4.6 -1.60548e-005 4.12051e-006 1.73242e-006 1.13903e-010 1.13903e-010
4.61 -1.59464e-005 4.01706e-006 1.8946e-006 1.17263e-010 1.17263e-010
4.62 -1.58595e-005 3.92176e-006 2.06446e-006 1.16906e-010 1.16906e-010
4.63 -1.57919e-005 3.80814e-006 2.25008e-006 1.13649e-010 1.13649e-010
4.64 -1.57407e-005 3.6816e-006 2.44835e-006 1.08941e-010 1.08941e-010
4.65 -1.57046e-005 3.57581e-006 2.63933e-006 1.04014e-010 1.04014e-010
4.66 -1.56814e-005 3.51306e-006 2.79162e-006 9.97352e-011 9.97352e-011
4.67 -1.56673e-005 3.48532e-006 2.87876e-006 9.69997e-011 9.69997e-011
4.68 -1.56581e-005 3.47063e-006 2.89548e-006 9.67218e-011 9.67218e-011
4.69 -1.56511e-005 3.45655e-006 2.85747e-006 9.9171e-011 9.9171e-011
4.7 -1.56476e-005 3.45147e-006 2.78751e-006 1.03502e-010 1.03502e-010
4.71 -1.56517e-005 3.47733e-006 2.70502e-006 1.081e-010 1.081e-010
4.72 -1.5668e-005 3.54352e-006 2.62114e-006 1.11425e-010 1.11425e-010
4.73 -1.56992e-005 3.63303e-006 2.53332e-006 1.12646e-010 1.12646e-010
4.74 -1.57472e-005 3.72319e-006 2.42894e-006 1.11717e-010 1.11717e-010
4.75 -1.58127e-005 3.80642e-006 2.29836e-006 1.09156e-010 1.09156e-010
4.76 -1.58953e-005 3.89184e-006 2.14024e-006 1.05876e-010 1.05876e-010
4.77 -1.59942e-005 4.0026e-006 1.95869e-006 1.02982e-010 1.02982e-010
4.78 -1.61074e-005 4.15692e-006 1.76051e-006 1.01388e-010 1.01388e-010
4.79 -1.62301e-005 4.34148e-006 1.55257e-006 1.01472e-010 1.01472e-010
4.8 -1.63553e-005 4.52251e-006 1.34167e-006 1.03028e-010 1.03028e-010
4.81 -1.64767e-005 4.67584e-006 1.13271e-006 1.05324e-010 1.05324e-010
4.82 -1.65893e-005 4.79141e-006 9.23694e-007 1.0722e-010 1.0722e-010
4.83 -1.66897e-005 4.87416e-006 7.12681e-007 1.07649e-010 1.07649e-010
4.84 -1.67765e-005 4.95599e-006 5.13361e-007 1.06276e-010 1.06276e-010
4.85 -1.68504e-005 5.07548e-006 3.48025e-007 1.03736e-010 1.03736e-010
4.86 -1.69111e-005 5.22146e-006 2.22349e-007 1.01256e-010 1.01256e-010
4.87 -1.69562e-005 5.32917e-006 1.18636e-007 1.00004e-010 1.00004e-010
4.88 -1.69852e-005 5.3517e-006 1.32567e-008 1.0052e-010 1.0052e-010
4.89 -1.7001e-005 5.30276e-006 -1.00911e-007 1.02459e-010 1.02459e-010
4.9 -1.70064e-005 5.22662e-006 -2.07464e-007 1.04843e-010 1.04843e-010
4.91 -1.70025e-005 5.15332e-006 -2.8574e-007 1.06711e-010 1.06711e-010
4.92 -1.69902e-005 5.09053e-006 -3.35252e-007 1.07529e-010 1.07529e-010
4.93 -1.69731e-005 5.04019e-006 -3.74972e-007 1.07114e-010 1.07114e-010
4.94 -1.69545e-005 4.99475e-006 -4.21583e-007 1.0563e-010 1.0563e-010
4.95 -1.69338e-005 4.92402e-006 -4.75002e-007 1.03824e-010 1.03824e-010
4.96 -1.69078e-005 4.79682e-006 -5.18886e-007 1.02818e-010 1.02818e-010
4.97 -1.68729e-005 4.6143e-006 -5.27446e-007 1.0323e-010 1.0323e-010
4.98 -1.68254e-005 4.39869e-006 -4.79078e-007 1.04551e-010 1.04551e-010
4.99 -1.67605e-005 4.15866e-006 -3.75206e-007 1.05583e-010 1.05583e-010
5 -1.66756e-005 3.89659e-006 -2.4702e-007 1.05337e-010 1.05337e-010
5.01 -1.65731e-005 3.63729e-006 -1.34197e-007 1.03493e-010 1.03493e-010
5.02 -1.64584e-005 3.41257e-006 -5.17777e-008 1.00564e-010 1.00564e-010
5.03 -1.6336e-005 3.22998e-006 1.79683e-008 9.80134e-011 9.80134e-011
5.04 -1.62112e-005 3.07841e-006 1.02117e-007 9.77042e-011 9.77042e-011
5.05 -1.6091e-005 2.94016e-006 2.12664e-007 1.00555e-010 1.00555e-010
5.06 -1.59808e-005 2.78319e-006 3.42599e-007 1.05695e-010 1.05695e-010
5.07 -1.58834e-005 2.5781e-006 4.73485e-007 1.11028e-010 1.11028e-010
5.08 -1.58011e-005 2.33667e-006 5.86479e-007 1.14387e-010 1.14387e-010
5.09 -1.57357e-005 2.10514e-006 6.71686e-007 1.14342e-010 1.14342e-010
5.1 -1.56866e-005 1.92267e-006 7.28349e-007 1.10767e-010 1.10767e-010
5.11 -1.56522e-005 1.81241e-006 7.62089e-007 1.05089e-010 1.05089e-010
5.12 -1.56333e-005 1.79599e-006 7.81263e-007 9.97124e-011 9.97124e-011
5.13 -1.56321e-005 1.87454e-006 7.90158e-007 9.68324e-011 9.68324e-011
5.14 -1.56477e-005 2.00036e-006 7.89626e-007 9.75369e-011 9.75369e-011
5.15 -1.56759e-005 2.10636e-006 7.84557e-007 1.01535e-010 1.01535e-010
5.16 -1.57136e-005 2.1641e-006 7.78778e-007 1.07184e-010 1.07184e-010
5.17 -1.57591e-005 2.18725e-006 7.63543e-007 1.11869e-010 1.11869e-010
5.18 -1.58104e-005 2.20052e-006 7.21461e-007 1.13151e-010 1.13151e-010
5.19 -1.5866e-005 2.2359e-006 6.3784e-007 1.10223e-010 1.10223e-010
5.2 -1.59283e-005 2.34388e-006 5.09571e-007 1.04437e-010 1.04437e-010
5.21 -1.60024e-005 2.57212e-006 3.55891e-007 9.85495e-011 9.85495e-011
5.22 -1.60909e-005 2.92036e-006 2.22761e-007 9.55078e-011 9.55078e-011
5.23 -1.61921e-005 3.34099e-006 1.663e-007 9.72665e-011 9.72665e-011
5.24 -1.63032e-005 3.77692e-006 2.22189e-007 1.03589e-010 1.03589e-010
5.25 -1.64192e-005 4.17867e-006 3.88827e-007 1.11607e-010 1.11607e-010
5.26 -1.65325e-005 4.51628e-006 6.36027e-007 1.17075e-010 1.17075e-010
5.27 -1.66338e-005 4.79522e-006 9.25302e-007 1.16692e-010 1.16692e-010
5.28 -1.67131e-005 5.0411e-006 1.2242e-006 1.09845e-010 1.09845e-010
5.29 -1.67613e-005 5.27128e-006 1.50971e-006 9.88618e-011 9.88618e-011
5.3 -1.6775e-005 5.50276e-006 1.76726e-006 8.78935e-011 8.78935e-011
5.31 -1.67578e-005 5.7636e-006 1.99309e-006 8.11983e-011 8.11983e-011
5.32 -1.67183e-005 6.06676e-006 2.19993e-006 8.16008e-011 8.16008e-011
5.33 -1.66678e-005 6.39362e-006 2.41746e-006 8.9316e-011 8.9316e-011
5.34 -1.66169e-005 6.71255e-006 2.68174e-006 1.01625e-010 1.01625e-010
5.35 -1.65757e-005 7.00421e-006 3.02146e-006 1.13771e-010 1.13771e-010
5.36 -1.65518e-005 7.2658e-006 3.44896e-006 1.20597e-010 1.20597e-010
5.37 -1.65441e-005 7.48092e-006 3.94723e-006 1.18407e-010 1.18407e-010
5.38 -1.65418e-005 7.60141e-006 4.46351e-006 1.06621e-010 1.06621e-010
5.39 -1.65303e-005 7.59182e-006 4.93714e-006 8.83903e-011 8.83903e-011
5.4 -1.64962e-005 7.47808e-006 5.33618e-006 6.94725e-011 6.94725e-011
5.41 -1.64315e-005 7.32803e-006 5.65757e-006 5.5724e-011 5.5724e-011
5.42 -1.6334e-005 7.19716e-006 5.90012e-006 5.11168e-011 5.11168e-011
5.43 -1.62068e-005 7.09065e-006 6.05019e-006 5.68836e-011 5.68836e-011
5.44 -1.60581e-005 6.96714e-006 6.09744e-006 7.09954e-011 7.09954e-011
5.45 -1.59009e-005 6.78758e-006 6.06026e-006 8.88035e-011 8.88035e-011
5.46 -1.57505e-005 6.55091e-006 5.98042e-006 1.0474e-010 1.0474e-010
5.47 -1.56229e-005 6.27806e-006 5.89072e-006 1.1411e-010 1.1411e-010
5.48 -1.55303e-005 5.98619e-006 5.79883e-006 1.14474e-010 1.14474e-010
5.49 -1.54783e-005 5.68342e-006 5.69296e-006 1.06179e-010 1.06179e-010
5.5 -1.5465e-005 5.35782e-006 5.54909e-006 9.21977e-011 9.21977e-011
5.51 -1.54799e-005 4.97503e-006 5.33505e-006 7.72047e-011 7.72047e-011
5.52 -1.551e-005 4.52035e-006 5.01922e-006 6.59171e-011 6.59171e-011
5.53 -1.55444e-005 4.02262e-006 4.58394e-006 6.12985e-011 6.12985e-011
5.54 -1.55737e-005 3.51875e-006 4.03291e-006 6.35445e-011 6.35445e-011
5.55 -1.55916e-005 3.03021e-006 3.38253e-006 7.06563e-011 7.06563e-011
5.56 -1.55986e-005 2.56857e-006 2.64748e-006 7.97825e-011 7.97825e-011
5.57 -1.56005e-005 2.13192e-006 1.84558e-006 8.78799e-011 8.78799e-011
5.58 -1.56042e-005 1.70456e-006 1.01532e-006 9.27077e-011 9.27077e-011
5.59 -1.56162e-005 1.26939e-006 2.11849e-007 9.39277e-011 9.39277e-011
5.6 -1.5642e-005 8.11928e-007 -5.23153e-007 9.2295e-011 9.2295e-011
5.61 -1.56827e-005 3.20195e-007 -1.18184e-006 8.87444e-011 8.87444e-011
5.62 -1.5731e-005 -2.00211e-007 -1.7822e-006 8.43956e-011 8.43956e-011
5.63 -1.57897e-005 -7.03182e-007 -2.34051e-006 8.0553e-011 8.0553e-011
5.64 -1.58564e-005 -1.12484e-006 -2.87001e-006 7.81522e-011 7.81522e-011
5.65 -1.5927e-005 -1.42754e-006 -3.37974e-006 7.71546e-011 7.71546e-011
5.66 -1.5995e-005 -1.62835e-006 -3.87553e-006 7.74737e-011 7.74737e-011
5.67 -1.60557e-005 -1.77733e-006 -4.34832e-006 7.94791e-011 7.94791e-011
5.68 -1.61066e-005 -1.90716e-006 -4.76986e-006 8.304e-011 8.304e-011
5.69 -1.61481e-005 -2.00076e-006 -5.10503e-006 8.70148e-011 8.70148e-011
5.7 -1.61861e-005 -2.00825e-006 -5.32929e-006 8.99299e-011 8.99299e-011
5.71 -1.6227e-005 -1.89056e-006 -5.43318e-006 9.10575e-011 9.10575e-011
5.72 -1.62774e-005 -1.64071e-006 -5.41409e-006 9.05723e-011 9.05723e-011
5.73 -1.63409e-005 -1.26388e-006 -5.26702e-006 8.90464e-011 8.90464e-011
5.74 -1.64208e-005 -7.50872e-007 -4.98716e-006 8.71668e-011 8.71668e-011
5.75 -1.65223e-005 -7.92609e-008 -4.58289e-006 8.54843e-011 8.54843e-011
5.76 -1.66503e-005 7.57299e-007 -4.08281e-006 8.41843e-011 8.41843e-011
5.77 -1.68066e-005 1.72839e-006 -3.52662e-006 8.32543e-011 8.32543e-011
5.78 -1.69886e-005 2.77506e-006 -2.94991e-006 8.27993e-011 8.27993e-011
5.79 -1.71879e-005 3.82067e-006 -2.37789e-006 8.30571e-011 8.30571e-011
5.8 -1.73894e-005 4.77951e-006 -1.82336e-006 8.40226e-011 8.40226e-011
5.81 -1.75775e-005 5.59421e-006 -1.28555e-006 8.53002e-011 8.53002e-011
5.82 -1.77401e-005 6.30231e-006 -7.53535e-007 8.62758e-011 8.62758e-011
5.83 -1.78765e-005 7.04029e-006 -2.14159e-007 8.6186e-011 8.6186e-011
5.84 -1.79952e-005 7.93116e-006 3.46588e-007 8.52745e-011 8.52745e-011
5.85 -1.81008e-005 8.97374e-006 9.51207e-007 8.56055e-011 8.56055e-011
5.86 -1.81941e-005 1.00549e-005 1.62475e-006 8.89001e-011 8.89001e-011
5.87 -1.82762e-005 1.10407e-005 2.37225e-006 9.46519e-011 9.46519e-011
5.88 -1.83478e-005 1.18351e-005 3.16252e-006 9.97481e-011 9.97481e-011
5.89 -1.8402e-005 1.23996e-005 3.94076e-006 9.96952e-011 9.96952e-011
5.9 -1.84335e-005 1.27547e-005 4.66062e-006 9.22058e-011 9.22058e-011
5.91 -1.84337e-005 1.29466e-005 5.30139e-006 7.84611e-011 7.84611e-011
5.92 -1.83931e-005 1.30246e-005 5.86567e-006 6.19184e-011 6.19184e-011
5.93 -1.83056e-005 1.30417e-005 6.37572e-006 4.74403e-011 4.74403e-011
5.94 -1.8169e-005 1.30319e-005 6.87097e-006 3.95934e-011 3.95934e-011
5.95 -1.79822e-005 1.29818e-005 7.39071e-006 4.03327e-011 4.03327e-011
5.96 -1.77458e-005 1.28321e-005 7.9466e-006 4.83044e-011 4.83044e-011
5.97 -1.74638e-005 1.25167e-005 8.51605e-006 5.98157e-011 5.98157e-011
5.98 -1.7145e-005 1.20032e-005 9.05906e-006 6.99341e-011 6.99341e-011
5.99 -1.67983e-005 1.12853e-005 9.53513e-006 7.39517e-011 7.39517e-011
6 -1.64276e-005 1.03402e-005 9.90794e-006 6.94964e-011 6.94964e-011
6.01 -1.6027e-005 9.11815e-006 1.01493e-005 5.80628e-011 5.80628e-011
6.02 -1.55889e-005 7.59007e-006 1.02499e-005 4.42681e-011 4.42681e-011
6.03 -1.51028e-005 5.7784e-006 1.02356e-005 3.29876e-011 3.29876e-011
6.04 -1.45622e-005 3.74852e-006 1.01508e-005 2.6871e-011 2.6871e-011
6.05 -1.39678e-005 1.59825e-006 1.00193e-005 2.55096e-011 2.55096e-011
6.06 -1.33318e-005 -5.6129e-007 9.82112e-006 2.70606e-011 2.70606e-011
6.07 -1.26802e-005 -2.63378e-006 9.51041e-006 2.99815e-011 2.99815e-011
6.08 -1.20473e-005 -4.54848e-006 9.04431e-006 3.24273e-011 3.24273e-011
6.09 -1.14728e-005 -6.28319e-006 8.39791e-006 3.36916e-011 3.36916e-011
6.1 -1.09939e-005 -7.86491e-006 7.57115e-006 3.6256e-011 3.6256e-011
6.11 -1.06499e-005 -9.31848e-006 6.59335e-006 4.30079e-011 4.30079e-011
6.12 -1.04642e-005 -1.06284e-005 5.51778e-006 5.28528e-011 5.28528e-011
6.13 -1.04487e-005 -1.17424e-005 4.40857e-006 6.12184e-011 6.12184e-011
6.14 -1.05934e-005 -1.2575e-005 3.31526e-006 6.32375e-011 6.32375e-011
6.15 -1.0889e-005 -1.30033e-005 2.27353e-006 5.59438e-011 5.59438e-011
6.16 -1.13112e-005 -1.29191e-005 1.30086e-006 4.04178e-011 4.04178e-011
6.17 -1.18446e-005 -1.22777e-005 3.97585e-007 2.09458e-011 2.09458e-011
6.18 -1.24736e-005 -1.11058e-005 -4.49973e-007 2.87032e-012 2.87032e-012
6.19 -1.31857e-005 -9.49621e-006 -1.24579e-006 -8.01989e-012 -8.01989e-012
6.2 -1.39595e-005 -7.59309e-006 -1.968e-006 -7.20895e-012 -7.20895e-012
6.21 -1.47744e-005 -5.52347e-006 -2.57592e-006 5.44446e-012 5.44446e-012
6.22 -1.56184e-005 -3.32163e-006 -3.04001e-006 2.45286e-011 2.45286e-011
6.23 -1.64815e-005 -9.34534e-007 -3.36431e-006 4.1715e-011 4.1715e-011
6.24 -1.73698e-005 1.68567e-006 -3.57186e-006 4.99685e-011 4.99685e-011
6.25 -1.82809e-005 4.49574e-006 -3.68049e-006 4.69055e-011 4.69055e-011
6.26 -1.91995e-005 7.33454e-006 -3.68278e-006 3.49745e-011 3.49745e-011
6.27 -2.00888e-005 9.97242e-006 -3.55608e-006 1.98753e-011 1.98753e-011
6.28 -2.08997e-005 1.22257e-005 -3.28399e-006 9.57672e-012 9.57672e-012
6.29 -2.15907e-005 1.40707e-005 -2.86921e-006 1.0557e-011 1.0557e-011
6.3 -2.21462e-005 1.56572e-005 -2.32651e-006 2.2671e-011 2.2671e-011
6.31 -2.25674e-005 1.71607e-005 -1.68256e-006 3.9672e-011 3.9672e-011
6.32 -2.28534e-005 1.85993e-005 -9.85158e-007 5.50337e-011 5.50337e-011
6.33 -2.29967e-005 1.98117e-005 -3.10726e-007 6.44375e-011 6.44375e-011
6.34 -2.29873e-005 2.05582e-005 2.52826e-007 6.49716e-011 6.49716e-011
6.35 -2.28194e-005 2.06497e-005 6.43505e-007 5.75186e-011 5.75186e-011
6.36 -2.25275e-005 2.00588e-005 8.51856e-007 4.76595e-011 4.76595e-011
6.37 -2.21485e-005 1.89698e-005 9.1029e-007 4.11687e-011 4.11687e-011
6.38 -2.17163e-005 1.77114e-005 8.65851e-007 4.00989e-011 4.00989e-011
6.39 -2.1266e-005 1.65318e-005 7.62721e-007 4.38954e-011 4.38954e-011
6.4 -2.08178e-005 1.54285e-005 6.33582e-007 5.2081e-011 5.2081e-011
6.41 -2.03779e-005 1.42518e-005 5.01695e-007 6.35306e-011 6.35306e-011
6.42 -1.99519e-005 1.28986e-005 3.94966e-007 7.4323e-011 7.4323e-011
6.43 -1.95379e-005 1.13462e-005 3.56196e-007 7.89098e-011 7.89098e-011
6.44 -1.9123e-005 9.61997e-006 4.32952e-007 7.37246e-011 7.37246e-011
6.45 -1.86892e-005 7.80489e-006 6.48964e-007 5.92746e-011 5.92746e-011
6.46 -1.82215e-005 6.03071e-006 9.8872e-007 3.93199e-011 3.93199e-011
6.47 -1.77076e-005 4.38903e-006 1.41007e-006 1.98206e-011 1.98206e-011
6.48 -1.7137e-005 2.87073e-006 1.86475e-006 7.09774e-012 7.09774e-012
6.49 -1.65061e-005 1.40805e-006 2.31866e-006 5.47306e-012 5.47306e-012
6.5 -1.57979e-005 -4.6901e-008 2.76358e-006 1.67456e-011 1.67456e-011
6.51 -1.5068e-005 -1.48825e-006 3.19127e-006 3.742e-011 3.742e-011
6.52 -1.43454e-005 -2.90616e-006 3.60164e-006 5.78399e-011 5.78399e-011
6.53 -1.36501e-005 -4.33513e-006 3.99663e-006 7.15583e-011 7.15583e-011
6.54 -1.30018e-005 -5.83936e-006 4.37958e-006 8.00808e-011 8.00808e-011
6.55 -1.24062e-005 -7.42289e-006 4.74089e-006 8.34135e-011 8.34135e-011
6.56 -1.18844e-005 -8.97398e-006 5.06312e-006 7.79583e-011 7.79583e-011
6.57 -1.14425e-005 -1.03258e-005 5.32188e-006 6.47378e-011 6.47378e-011
6.58 -1.11035e-005 -1.13295e-005 5.49777e-006 5.01356e-011 5.01356e-011
6.59 -1.08767e-005 -1.19202e-005 5.57791e-006 3.96034e-011 3.96034e-011
6.6 -1.07566e-005 -1.21452e-005 5.55772e-006 3.51021e-011 3.51021e-011
6.61 -1.07453e-005 -1.21278e-005 5.42704e-006 3.71687e-011 3.71687e-011
6.62 -1.08467e-005 -1.19831e-005 5.16117e-006 4.56066e-011 4.56066e-011
6.63 -1.10579e-005 -1.17683e-005 4.72623e-006 5.77336e-011 5.77336e-011
6.64 -1.13734e-005 -1.14713e-005 4.10184e-006 6.79001e-011 6.79001e-011
6.65 -1.17846e-005 -1.10243e-005 3.3074e-006 7.12075e-011 7.12075e-011
6.66 -1.22765e-005 -1.03509e-005 2.405e-006 6.75094e-011 6.75094e-011
6.67 -1.28375e-005 -9.3996e-006 1.48179e-006 6.07194e-011 6.07194e-011
6.68 -1.34546e-005 -8.13478e-006 6.19107e-007 5.50506e-011 5.50506e-011
6.69 -1.41251e-005 -6.52297e-006 -1.24952e-007 5.26847e-011 5.26847e-011
6.7 -1.48502e-005 -4.55527e-006 -7.13375e-007 5.40597e-011 5.40597e-011
6.71 -1.56289e-005 -2.29035e-006 -1.11668e-006 5.84925e-011 5.84925e-011
6.72 -1.64552e-005 1.35953e-007 -1.32228e-006 6.43183e-011 6.43183e-011
6.73 -1.72893e-005 2.5796e-006 -1.36278e-006 6.83342e-011 6.83342e-011
6.74 -1.81485e-005 4.96285e-006 -1.32369e-006 6.63979e-011 6.63979e-011
6.75 -1.90129e-005 7.28916e-006 -1.33421e-006 5.71907e-011 5.71907e-011
6.76 -1.98707e-005 9.59911e-006 -1.50331e-006 4.12923e-011 4.12923e-011
6.77 -2.07126e-005 1.19565e-005 -1.86272e-006 2.18602e-011 2.18602e-011
6.78 -2.15382e-005 1.44137e-005 -2.36658e-006 9.72077e-012 9.72077e-012
6.79 -2.23553e-005 1.69581e-005 -2.93293e-006 1.39512e-011 1.39512e-011
6.8 -2.32022e-005 1.94955e-005 -3.48578e-006 3.44172e-011 3.44172e-011
6.81 -2.4084e-005 2.1886e-005 -3.97292e-006 6.9427e-011 6.9427e-011
6.82 -2.49548e-005 2.40014e-005 -4.37156e-006 1.1582e-010 1.1582e-010
6.83 -2.56833e-005 2.57717e-005 -4.71007e-006 1.62548e-010 1.62548e-010
6.84 -2.62459e-005 2.70869e-005 -5.00621e-006 1.95385e-010 1.95385e-010
6.85 -2.66972e-005 2.78312e-005 -5.26977e-006 2.08317e-010 2.08317e-010
6.86 -2.70546e-005 2.79872e-005 -5.51945e-006 2.03341e-010 2.03341e-010
6.87 -2.72525e-005 2.76479e-005 -5.76793e-006 1.83934e-010 1.83934e-010
6.88 -2.72329e-005 2.69096e-005 -6.00892e-006 1.56992e-010 1.56992e-010
6.89 -2.69758e-005 2.57919e-005 -6.21162e-006 1.3311e-010 1.3311e-010
6.9 -2.64755e-005 2.42694e-005 -6.33548e-006 1.21209e-010 1.21209e-010
6.91 -2.57511e-005 2.2349e-005 -6.34536e-006 1.23305e-010 1.23305e-010
6.92 -2.48442e-005 2.01067e-005 -6.23548e-006 1.34002e-010 1.34002e-010
6.93 -2.38075e-005 1.7607e-005 -6.03925e-006 1.48072e-010 1.48072e-010
6.94 -2.26917e-005 1.48242e-005 -5.79817e-006 1.62376e-010 1.62376e-010
6.95 -2.15345e-005 1.16859e-005 -5.51906e-006 1.70825e-010 1.70825e-010
6.96 -2.03618e-005 8.18865e-006 -5.16842e-006 1.65841e-010 1.65841e-010
6.97 -1.91897e-005 4.45073e-006 -4.71185e-006 1.45456e-010 1.45456e-010
6.98 -1.80001e-005 6.49036e-007 -4.15719e-006 1.17659e-010 1.17659e-010
6.99 -1.67393e-005 -3.04913e-006 -3.54735e-006 9.38796e-011 9.38796e-011
7 -1.5503e-005 -6.50157e-006 -2.95215e-006 7.49621e-011 7.49621e-011
7.01 -1.43799e-005 -9.56778e-006 -2.4109e-006 5.66979e-011 5.66979e-011
7.02 -1.33645e-005 -1.21116e-005 -1.9375e-006 4.51083e-011 4.51083e-011
7.03 -1.24795e-005 -1.40809e-005 -1.53264e-006 4.64805e-011 4.64805e-011
7.04 -1.17473e-005 -1.55872e-005 -1.16583e-006 5.59131e-011 5.59131e-011
7.05 -1.1158e-005 -1.68956e-005 -7.57049e-007 6.59954e-011 6.59954e-011
7.06 -1.07045e-005 -1.8223e-005 -2.04109e-007 7.54762e-011 7.54762e-011
7.07 -1.03645e-005 -1.95839e-005 5.77312e-007 8.46189e-011 8.46189e-011
7.08 -1.0099e-005 -2.08063e-005 1.62138e-006 9.057e-011 9.057e-011
7.09 -9.8642e-006 -2.16772e-005 2.91135e-006 9.15536e-011 9.15536e-011
7.1 -9.58415e-006 -2.20724e-005 4.40615e-006 9.09819e-011 9.09819e-011
7.11 -9.22787e-006 -2.19556e-005 6.01652e-006 9.87005e-011 9.87005e-011
7.12 -8.85321e-006 -2.13385e-005 7.61649e-006 1.22637e-010 1.22637e-010
7.13 -8.54811e-006 -2.02927e-005 9.08378e-006 1.58008e-010 1.58008e-010
7.14 -8.32854e-006 -1.89627e-005 1.03539e-005 1.93758e-010 1.93758e-010
7.15 -8.21992e-006 -1.74991e-005 1.14068e-005 2.2379e-010 2.2379e-010
7.16 -8.25805e-006 -1.59977e-005 1.22468e-005 2.44259e-010 2.44259e-010
7.17 -8.47553e-006 -1.44789e-005 1.28991e-005 2.4912e-010 2.4912e-010
7.18 -8.88064e-006 -1.28928e-005 1.34082e-005 2.35222e-010 2.35222e-010
7.19 -9.47015e-006 -1.11374e-005 1.38168e-005 2.07435e-010 2.07435e-010
7.2 -1.02334e-005 -9.10115e-006 1.41374e-005 1.75096e-010 1.75096e-010
7.21 -1.11364e-005 -6.69587e-006 1.43528e-005 1.46018e-010 1.46018e-010
7.22 -1.21608e-005 -3.85511e-006 1.4425e-005 1.24495e-010 1.24495e-010
7.23 -1.32932e-005 -5.40558e-007 1.43147e-005 1.11448e-010 1.11448e-010
7.24 -1.45291e-005 3.19723e-006 1.39912e-005 1.06761e-010 1.06761e-010
7.25 -1.586e-005 7.20082e-006 1.34428e-005 1.07897e-010 1.07897e-010
7.26 -1.72612e-005 1.12585e-005 1.26784e-005 1.09157e-010 1.09157e-010
7.27 -1.86695e-005 1.5183e-005 1.17161e-005 1.07825e-010 1.07825e-010
7.28 -2.0085e-005 1.88634e-005 1.05973e-005 1.02054e-010 1.02054e-010
7.29 -2.14026e-005 2.22735e-005 9.35607e-006 8.8083e-011 8.8083e-011
7.3 -2.26608e-005 2.53949e-005 7.97831e-006 6.67373e-011 6.67373e-011
7.31 -2.37631e-005 2.83048e-005 6.48719e-006 4.19703e-011 4.19703e-011
7.32 -2.46517e-005 3.10452e-005 4.91583e-006 1.29347e-011 1.29347e-011
7.33 -2.52235e-005 3.36246e-005 3.29445e-006 -2.25649e-011 -2.25649e-011
7.34 -2.53183e-005 3.58674e-005 1.59599e-006 -4.53608e-011 -4.53608e-011
7.35 -2.54111e-005 3.73386e-005 -1.05139e-007 -8.10648e-012 -8.10648e-012
7.36 -2.54877e-005 3.79211e-005 -1.79473e-006 1.04997e-010 1.04997e-010
7.37 -2.57694e-005 3.76071e-005 -3.4058e-006 2.43825e-010 2.43825e-010
7.38 -2.60044e-005 3.66074e-005 -4.98708e-006 3.6555e-010 3.6555e-010
7.39 -2.61163e-005 3.50367e-005 -6.53853e-006 4.70176e-010 4.70176e-010
7.4 -2.60773e-005 3.29271e-005 -8.04008e-006 5.42654e-010 5.42654e-010
7.41 -2.59001e-005 3.03121e-005 -9.46798e-006 5.41311e-010 5.41311e-010
7.42 -2.55969e-005 2.73014e-005 -1.08013e-005 4.56254e-010 4.56254e-010
7.43 -2.51953e-005 2.40071e-005 -1.20085e-005 3.33993e-010 3.33993e-010
7.44 -2.4741e-005 2.04317e-005 -1.30553e-005 2.36005e-010 2.36005e-010
7.45 -2.42478e-005 1.64631e-005 -1.39179e-005 1.95871e-010 1.95871e-010
7.46 -2.36666e-005 1.20273e-005 -1.45739e-005 2.14685e-010 2.14685e-010
7.47 -2.29564e-005 7.22616e-006 -1.49918e-005 2.70572e-010 2.70572e-010
7.48 -2.21386e-005 2.32468e-006 -1.51602e-005 3.25105e-010 3.25105e-010
7.49 -2.117e-005 -2.36058e-006 -1.50818e-005 3.35393e-010 3.35393e-010
7.5 -2.00709e-005 -6.58198e-006 -1.4803e-005 2.75494e-010 2.75494e-010
7.51 -1.8882e-005 -1.02589e-005 -1.44131e-005 1.46297e-010 1.46297e-010
7.52 -1.76347e-005 -1.34032e-005 -1.39928e-005 -3.65422e-011 -3.65422e-011
7.53 -1.6269e-005 -1.60556e-005 -1.36189e-005 -2.40473e-010 -2.40473e-010
7.54 -1.50477e-005 -1.82315e-005 -1.32287e-005 -4.13581e-010 -4.13581e-010
7.55 -1.40038e-005 -2.00267e-005 -1.27692e-005 -5.17047e-010 -5.17047e-010
7.56 -1.31328e-005 -2.1569e-005 -1.22008e-005 -5.43202e-010 -5.43202e-010
7.57 -1.24614e-005 -2.30083e-005 -1.15125e-005 -5.09501e-010 -5.09501e-010
7.58 -1.19465e-005 -2.43294e-005 -1.06703e-005 -4.49482e-010 -4.49482e-010
7.59 -1.16731e-005 -2.52444e-005 -9.62138e-006 -3.93317e-010 -3.93317e-010
7.6 -1.15738e-005 -2.54218e-005 -8.35143e-006 -3.60919e-010 -3.60919e-010
7.61 -1.15921e-005 -2.4712e-005 -6.88145e-006 -3.63432e-010 -3.63432e-010
7.62 -1.16979e-005 -2.32307e-005 -5.24039e-006 -3.92262e-010 -3.92262e-010
7.63 -1.18601e-005 -2.12642e-005 -3.46602e-006 -4.17004e-010 -4.17004e-010
7.64 -1.20639e-005 -1.90743e-005 -1.57942e-006 -4.07017e-010 -4.07017e-010
7.65 -1.23113e-005 -1.6792e-005 4.18563e-007 -3.51598e-010 -3.51598e-010
7.66 -1.26296e-005 -1.44106e-005 2.51824e-006 -2.60028e-010 -2.60028e-010
7.67 -1.30344e-005 -1.18466e-005 4.69665e-006 -1.51673e-010 -1.51673e-010
7.68 -1.35205e-005 -9.06445e-006 6.91985e-006 -4.8987e-011 -4.8987e-011
7.69 -1.39481e-005 -6.14606e-006 9.13889e-006 2.6513e-011 2.6513e-011
7.7 -1.42329e-005 -3.18166e-006 1.13241e-005 6.24967e-011 6.24967e-011
7.71 -1.44806e-005 -1.39597e-007 1.34535e-005 6.07238e-011 6.07238e-011
7.72 -1.47307e-005 3.06967e-006 1.55173e-005 3.05924e-011 3.05924e-011
7.73 -1.49782e-005 6.46042e-006 1.75045e-005 -1.90236e-011 -1.90236e-011
7.74 -1.52233e-005 9.95857e-006 1.93896e-005 -7.61483e-011 -7.61483e-011
7.75 -1.52333e-005 1.35021e-005 2.12092e-005 -1.27963e-010 -1.27963e-010
7.76 -1.46426e-005 1.7065e-005 2.29632e-005 -1.94251e-010 -1.94251e-010
7.77 -1.36406e-005 2.05633e-005 2.45399e-005 -3.31716e-010 -3.31716e-010
7.78 -1.23394e-005 2.38697e-005 2.58378e-005 -5.64173e-010 -5.64173e-010
7.79 -1.11928e-005 2.67488e-005 2.66813e-005 -8.4342e-010 -8.4342e-010
7.8 -1.04674e-005 2.90297e-005 2.69914e-005 -1.09364e-009 -1.09364e-009
7.81 -1.0383e-005 3.06269e-005 2.67086e-005 -1.2625e-009 -1.2625e-009
7.82 -1.07753e-005 3.16739e-005 2.58591e-005 -1.32625e-009 -1.32625e-009
7.83 -1.13471e-005 3.24515e-005 2.45286e-005 -1.26863e-009 -1.26863e-009
7.84 -1.19281e-005 3.32429e-005 2.27906e-005 -1.09757e-009 -1.09757e-009
7.85 -1.25133e-005 3.4149e-005 2.07139e-005 -8.68224e-010 -8.68224e-010
7.86 -1.31426e-005 3.50866e-005 1.83811e-005 -6.5719e-010 -6.5719e-010
7.87 -1.38982e-005 3.58787e-005 1.58709e-005 -5.24567e-010 -5.24567e-010
7.88 -1.48571e-005 3.63086e-005 1.32252e-005 -4.8883e-010 -4.8883e-010
7.89 -1.60362e-005 3.61586e-005 1.04593e-005 -5.26475e-010 -5.26475e-010
7.9 -1.74469e-005 3.52465e-005 7.59028e-006 -5.89147e-010 -5.89147e-010
7.91 -1.90348e-005 3.34835e-005 4.65076e-006 -6.17017e-010 -6.17017e-010
7.92 -2.0683e-005 3.09321e-005 1.6831e-006 -5.64021e-010 -5.64021e-010
7.93 -2.2259e-005 2.78166e-005 -1.2661e-006 -4.24425e-010 -4.24425e-010
7.94 -2.35928e-005 2.44493e-005 -4.16973e-006 -2.30194e-010 -2.30194e-010
7.95 -2.45714e-005 2.10787e-005 -7.01786e-006 -2.97395e-011 -2.97395e-011
7.96 -2.51353e-005 1.77818e-005 -9.78827e-006 1.28529e-010 1.28529e-010
7.97 -2.51706e-005 1.44786e-005 -1.24571e-005 2.14026e-010 2.14026e-010
7.98 -2.46438e-005 1.10466e-005 -1.49589e-005 2.20526e-010 2.20526e-010
7.99 -2.38092e-005 7.36093e-006 -1.72538e-005 1.45765e-010 1.45765e-010
8 -2.29337e-005 3.38849e-006 -1.92758e-005 -8.38726e-013 -8.38726e-013
8.01 -2.20972e-005 -8.17057e-007 -2.09398e-005 -1.78908e-010 -1.78908e-010
8.02 -2.13211e-005 -5.19735e-006 -2.21736e-005 -3.50422e-010 -3.50422e-010
8.03 -2.04157e-005 -9.75184e-006 -2.29955e-005 -5.19949e-010 -5.19949e-010
8.04 -1.8977e-005 -1.44158e-005 -2.34979e-005 -7.20026e-010 -7.20026e-010
8.05 -1.69351e-005 -1.88955e-005 -2.36851e-005 -9.52664e-010 -9.52664e-010
8.06 -1.4371e-005 -2.29082e-005 -2.36204e-005 -1.18065e-009 -1.18065e-009
8.07 -1.17051e-005 -2.62995e-005 -2.32866e-005 -1.37303e-009 -1.37303e-009
8.08 -9.00307e-006 -2.91269e-005 -2.2759e-005 -1.50853e-009 -1.50853e-009
8.09 -6.6073e-006 -3.13957e-005 -2.20038e-005 -1.56017e-009 -1.56017e-009
8.1 -4.47656e-006 -3.31609e-005 -2.0982e-005 -1.50154e-009 -1.50154e-009
8.11 -2.93967e-006 -3.43359e-005 -1.96532e-005 -1.3398e-009 -1.3398e-009
8.12 -1.98323e-006 -3.48917e-005 -1.80048e-005 -1.13309e-009 -1.13309e-009
8.13 -1.52932e-006 -3.4844e-005 -1.60616e-005 -9.45721e-010 -9.45721e-010
8.14 -1.58546e-006 -3.41854e-005 -1.38481e-005 -8.16574e-010 -8.16574e-010
8.15 -2.15876e-006 -3.29127e-005 -1.13825e-005 -7.66996e-010 -7.66996e-010
8.16 -3.20188e-006 -3.10593e-005 -8.66781e-006 -7.94614e-010 -7.94614e-010
8.17 -4.62646e-006 -2.86638e-005 -5.7269e-006 -8.60795e-010 -8.60795e-010
8.18 -6.33937e-006 -2.57525e-005 -2.6347e-006 -9.05745e-010 -9.05745e-010
8.19 -8.26856e-006 -2.23468e-005 4.89828e-007 -8.83624e-010 -8.83624e-010
8.2 -1.03053e-005 -1.849e-005 3.53227e-006 -7.83686e-010 -7.83686e-010
8.21 -1.23381e-005 -1.42739e-005 6.41356e-006 -6.23789e-010 -6.23789e-010
8.22 -1.39102e-005 -9.80262e-006 9.14071e-006 -4.40587e-010 -4.40587e-010
8.23 -1.41929e-005 -5.27198e-006 1.16951e-005 -2.86529e-010 -2.86529e-010
8.24 -1.36474e-005 -8.80207e-007 1.41185e-005 -2.0653e-010 -2.0653e-010
8.25 -1.29487e-005 3.29805e-006 1.65126e-005 -2.29431e-010 -2.29431e-010
8.26 -1.22407e-005 7.21374e-006 1.89443e-005 -3.68984e-010 -3.68984e-010
8.27 -1.15177e-005 1.08373e-005 2.14223e-005 -5.92382e-010 -5.92382e-010
8.28 -1.08564e-005 1.41384e-005 2.39147e-005 -8.33143e-010 -8.33143e-010
8.29 -1.02418e-005 1.71068e-005 2.63476e-005 -1.03974e-009 -1.03974e-009
8.3 -9.57542e-006 1.97634e-005 2.86586e-005 -1.18433e-009 -1.18433e-009
8.31 -8.65447e-006 2.20894e-005 3.08053e-005 -1.25113e-009 -1.25113e-009
8.32 -7.38248e-006 2.40362e-005 3.26792e-005 -1.25361e-009 -1.25361e-009
8.33 -5.78481e-006 2.55817e-005 3.42567e-005 -1.23988e-009 -1.23988e-009
8.34 -4.36618e-006 2.66774e-005 3.541e-005 -1.24824e-009 -1.24824e-009
8.35 -3.37195e-006 2.7324e-005 3.60736e-005 -1.28788e-009 -1.28788e-009
8.36 -2.96136e-006 2.75045e-005 3.62049e-005 -1.35338e-009 -1.35338e-009
8.37 -2.93954e-006 2.72119e-005 3.58446e-005 -1.42636e-009 -1.42636e-009
8.38 -3.14667e-006 2.6437e-005 3.50623e-005 -1.47244e-009 -1.47244e-009
8.39 -3.60632e-006 2.51894e-005 3.39181e-005 -1.45675e-009 -1.45675e-009
8.4 -4.318e-006 2.35272e-005 3.24879e-005 -1.36861e-009 -1.36861e-009
8.41 -5.21857e-006 2.15125e-005 3.08458e-005 -1.23042e-009 -1.23042e-009
8.42 -6.28652e-006 1.91648e-005 2.90219e-005 -1.08092e-009 -1.08092e-009
8.43 -7.47449e-006 1.6505e-005 2.70183e-005 -9.51331e-010 -9.51331e-010
8.44 -8.74777e-006 1.35687e-005 2.48143e-005 -8.58806e-010 -8.58806e-010
8.45 -1.00898e-005 1.03804e-005 2.23986e-005 -8.0671e-010 -8.0671e-010
8.46 -1.14312e-005 6.97373e-006 1.97682e-005 -7.77825e-010 -7.77825e-010
8.47 -1.27543e-005 3.41917e-006 1.69259e-005 -7.3732e-010 -7.3732e-010
8.48 -1.39865e-005 -2.17703e-007 1.38908e-005 -6.56442e-010 -6.56442e-010
8.49 -1.50284e-005 -3.89755e-006 1.06783e-005 -5.41992e-010 -5.41992e-010
8.5 -1.50713e-005 -7.66898e-006 7.25087e-006 -4.29703e-010 -4.29703e-010
8.51 -1.35604e-005 -1.14344e-005 3.7674e-006 -3.53815e-010 -3.53815e-010
8.52 -1.16856e-005 -1.51148e-005 2.9854e-007 -3.53141e-010 -3.53141e-010
8.53 -1.00156e-005 -1.85548e-005 -3.1164e-006 -4.57935e-010 -4.57935e-010
8.54 -8.6051e-006 -2.16007e-005 -6.38163e-006 -6.48662e-010 -6.48662e-010
8.55 -7.48912e-006 -2.41807e-005 -9.42375e-006 -8.71533e-010 -8.71533e-010
8.56 -6.68294e-006 -2.63257e-005 -1.21784e-005 -1.07955e-009 -1.07955e-009
8.57 -6.12925e-006 -2.81196e-005 -1.46303e-005 -1.23275e-009 -1.23275e-009
8.58 -5.78037e-006 -2.9621e-005 -1.67847e-005 -1.29256e-009 -1.29256e-009
8.59 -5.59416e-006 -3.08135e-005 -1.86667e-005 -1.25967e-009 -1.25967e-009
8.6 -5.53066e-006 -3.16573e-005 -2.0306e-005 -1.19026e-009 -1.19026e-009
8.61 -5.44863e-006 -3.21802e-005 -2.17334e-005 -1.14574e-009 -1.14574e-009
8.62 -5.12832e-006 -3.24608e-005 -2.29673e-005 -1.15845e-009 -1.15845e-009
8.63 -4.85678e-006 -3.25122e-005 -2.39162e-005 -1.23295e-009 -1.23295e-009
8.64 -4.80345e-006 -3.23109e-005 -2.44842e-005 -1.34127e-009 -1.34127e-009
8.65 -4.94208e-006 -3.18668e-005 -2.46074e-005 -1.43863e-009 -1.43863e-009
8.66 -5.1552e-006 -3.11983e-005 -2.4258e-005 -1.49025e-009 -1.49025e-009
8.67 -5.4784e-006 -3.02807e-005 -2.34157e-005 -1.4747e-009 -1.4747e-009
8.68 -5.96749e-006 -2.90584e-005 -2.20877e-005 -1.38594e-009 -1.38594e-009
8.69 -6.64361e-006 -2.749e-005 -2.03179e-005 -1.24496e-009 -1.24496e-009
8.7 -7.51702e-006 -2.55888e-005 -1.81692e-005 -1.09455e-009 -1.09455e-009
8.71 -8.56061e-006 -2.3428e-005 -1.57346e-005 -9.73996e-010 -9.73996e-010
8.72 -9.74847e-006 -2.10553e-005 -1.31249e-005 -9.00618e-010 -9.00618e-010
8.73 -1.10801e-005 -1.84318e-005 -1.0441e-005 -8.68428e-010 -8.68428e-010
8.74 -1.25763e-005 -1.54851e-005 -7.74364e-006 -8.57026e-010 -8.57026e-010
8.75 -1.42329e-005 -1.22113e-005 -5.04458e-006 -8.40181e-010 -8.40181e-010
8.76 -1.60189e-005 -8.69706e-006 -2.32913e-006 -7.91918e-010 -7.91918e-010
8.77 -1.7877e-005 -5.06941e-006 4.12065e-007 -6.96416e-010 -6.96416e-010
8.78 -1.87537e-005 -1.29182e-006 3.23916e-006 -5.65327e-010 -5.65327e-010
8.79 -1.76302e-005 2.62721e-006 5.98349e-006 -4.42307e-010 -4.42307e-010
8.8 -1.63003e-005 6.87236e-006 8.60025e-006 -3.69635e-010 -3.69635e-010
8.81 -1.50422e-005 1.15226e-005 1.09888e-005 -3.82152e-010 -3.82152e-010
8.82 -1.37685e-005 1.65405e-005 1.3101e-005 -5.07035e-010 -5.07035e-010
8.83 -1.26467e-005 2.17569e-005 1.49184e-005 -7.15762e-010 -7.15762e-010
8.84 -1.17691e-005 2.68693e-005 1.64383e-005 -9.39093e-010 -9.39093e-010
8.85 -1.12211e-005 3.14842e-005 1.7657e-005 -1.12422e-009 -1.12422e-009
8.86 -1.09725e-005 3.52876e-005 1.85631e-005 -1.24046e-009 -1.24046e-009
8.87 -1.0694e-005 3.81808e-005 1.91459e-005 -1.26255e-009 -1.26255e-009
8.88 -1.05629e-005 4.02109e-005 1.93718e-005 -1.1817e-009 -1.1817e-009
8.89 -1.06595e-005 4.15509e-005 1.92252e-005 -1.03871e-009 -1.03871e-009
8.9 -1.07864e-005 4.25442e-005 1.8742e-005 -9.15344e-010 -9.15344e-010
8.91 -1.08494e-005 4.33708e-005 1.79802e-005 -8.71125e-010 -8.71125e-010
8.92 -1.07848e-005 4.4026e-005 1.69981e-005 -8.97689e-010 -8.97689e-010
8.93 -1.07195e-005 4.44057e-005 1.58523e-005 -9.44024e-010 -9.44024e-010
8.94 -1.07784e-005 4.43969e-005 1.45929e-005 -9.7396e-010 -9.7396e-010
8.95 -1.105e-005 4.39057e-005 1.32684e-005 -9.78233e-010 -9.78233e-010
8.96 -1.15737e-005 4.28463e-005 1.19281e-005 -9.46166e-010 -9.46166e-010
8.97 -1.23746e-005 4.12015e-005 1.06067e-005 -8.65802e-010 -8.65802e-010
8.98 -1.34388e-005 3.90118e-005 9.30066e-006 -7.49773e-010 -7.49773e-010
8.99 -1.47057e-005 3.63487e-005 7.97921e-006 -6.36253e-010 -6.36253e-010
9 -1.60896e-005 3.32993e-005 6.60354e-006 -5.59359e-010 -5.59359e-010
9.01 -1.74878e-005 2.99713e-005 5.14256e-006 -5.25377e-010 -5.25377e-010
9.02 -1.8785e-005 2.64905e-005 3.59243e-006 -5.19029e-010 -5.19029e-010
9.03 -1.99146e-005 2.29887e-005 1.9661e-006 -5.1994e-010 -5.1994e-010
9.04 -2.08336e-005 1.95539e-005 2.9497e-007 -5.08167e-010 -5.08167e-010
9.05 -2.15569e-005 1.61813e-005 -1.36248e-006 -4.66278e-010 -4.66278e-010
9.06 -2.21356e-005 1.27982e-005 -2.95919e-006 -3.9774e-010 -3.9774e-010
9.07 -2.25528e-005 9.30008e-006 -4.4343e-006 -3.38458e-010 -3.38458e-010
9.08 -2.24083e-005 5.57075e-006 -5.76668e-006 -3.24897e-010 -3.24897e-010
9.09 -2.11813e-005 1.66263e-006 -6.83199e-006 -3.70273e-010 -3.70273e-010
9.1 -1.93847e-005 -2.39227e-006 -7.65267e-006 -4.78522e-010 -4.78522e-010
9.11 -1.74595e-005 -6.54413e-006 -8.25788e-006 -6.45019e-010 -6.45019e-010
9.12 -1.545e-005 -1.07378e-005 -8.70209e-006 -8.4141e-010 -8.4141e-010
9.13 -1.34414e-005 -1.49093e-005 -9.04734e-006 -1.01655e-009 -1.01655e-009
9.14 -1.14177e-005 -1.89181e-005 -9.33035e-006 -1.12357e-009 -1.12357e-009
9.15 -9.41347e-006 -2.25891e-005 -9.57779e-006 -1.15143e-009 -1.15143e-009
9.16 -7.48811e-006 -2.57416e-005 -9.79413e-006 -1.11847e-009 -1.11847e-009
9.17 -5.71371e-006 -2.82777e-005 -9.98169e-006 -1.05063e-009 -1.05063e-009
9.18 -4.14107e-006 -3.02684e-005 -1.01426e-005 -9.77139e-010 -9.77139e-010
9.19 -2.78994e-006 -3.18935e-005 -1.02591e-005 -9.22456e-010 -9.22456e-010
9.2 -1.61087e-006 -3.33369e-005 -1.0266e-005 -8.9957e-010 -8.9957e-010
9.21 -5.73127e-007 -3.46643e-005 -1.00787e-005 -9.12516e-010 -9.12516e-010
9.22 2.76453e-007 -3.57953e-005 -9.64608e-006 -9.52867e-010 -9.52867e-010
9.23 8.21405e-007 -3.65997e-005 -8.97507e-006 -9.97965e-010 -9.97965e-010
9.24 9.02257e-007 -3.69423e-005 -8.15597e-006 -1.02164e-009 -1.02164e-009
9.25 5.51656e-007 -3.67575e-005 -7.29452e-006 -1.00963e-009 -1.00963e-009
9.26 -7.69364e-008 -3.60384e-005 -6.4854e-006 -9.67021e-010 -9.67021e-010
9.27 -8.89968e-007 -3.4766e-005 -5.77495e-006 -9.09666e-010 -9.09666e-010
9.28 -1.92725e-006 -3.28353e-005 -5.17754e-006 -8.50186e-010 -8.50186e-010
9.29 -3.25886e-006 -3.01268e-005 -4.66775e-006 -7.9586e-010 -7.9586e-010
9.3 -4.9521e-006 -2.66167e-005 -4.17691e-006 -7.51931e-010 -7.51931e-010
9.31 -7.03728e-006 -2.24265e-005 -3.6083e-006 -7.17134e-010 -7.17134e-010
9.32 -9.51201e-006 -1.77477e-005 -2.87522e-006 -6.80393e-010 -6.80393e-010
9.33 -1.23575e-005 -1.27488e-005 -1.94283e-006 -6.30374e-010 -6.30374e-010
9.34 -1.55264e-005 -7.56701e-006 -8.38414e-007 -5.66584e-010 -5.66584e-010
9.35 -1.88824e-005 -2.35012e-006 3.72458e-007 -4.97491e-010 -4.97491e-010
9.36 -1.9983e-005 2.85023e-006 1.64467e-006 -4.35996e-010 -4.35996e-010
9.37 -1.94466e-005 8.06405e-006 2.8029e-006 -3.94888e-010 -3.94888e-010
9.38 -1.89413e-005 1.32912e-005 3.804e-006 -3.87596e-010 -3.87596e-010
9.39 -1.84847e-005 1.85221e-005 4.57065e-006 -4.3287e-010 -4.3287e-010
9.4 -1.7914e-005 2.37501e-005 5.06591e-006 -5.2384e-010 -5.2384e-010
9.41 -1.72869e-005 2.8956e-005 5.27333e-006 -6.16667e-010 -6.16667e-010
9.42 -1.65919e-005 3.41219e-005 5.20224e-006 -6.80771e-010 -6.80771e-010
9.43 -1.59232e-005 3.9161e-005 4.88653e-006 -7.12959e-010 -7.12959e-010
9.44 -1.48554e-005 4.39732e-005 4.32718e-006 -7.04681e-010 -7.04681e-010
9.45 -1.2563e-005 4.84295e-005 3.52815e-006 -6.38093e-010 -6.38093e-010
9.46 -1.00416e-005 5.21692e-005 2.63612e-006 -5.13516e-010 -5.13516e-010
9.47 -8.02017e-006 5.51071e-005 1.7993e-006 -3.80697e-010 -3.80697e-010
9.48 -6.48975e-006 5.73332e-005 1.01908e-006 -3.03588e-010 -3.03588e-010
9.49 -5.59175e-006 5.88896e-005 2.97322e-007 -2.72966e-010 -2.72966e-010
9.5 -5.20063e-006 5.98759e-005 -4.13764e-007 -2.37471e-010 -2.37471e-010
9.51 -5.28382e-006 6.0269e-005 -1.16103e-006 -1.89414e-010 -1.89414e-010
9.52 -5.76467e-006 5.9968e-005 -1.95673e-006 -1.48623e-010 -1.48623e-010
9.53 -6.44581e-006 5.89058e-005 -2.79889e-006 -1.16271e-010 -1.16271e-010
9.54 -7.19494e-006 5.71931e-005 -3.66945e-006 -8.13692e-011 -8.13692e-011
9.55 -7.95485e-006 5.50076e-005 -4.51128e-006 -4.88584e-011 -4.88584e-011
9.56 -8.69952e-006 5.24629e-005 -5.25411e-006 -3.01637e-011 -3.01637e-011
9.57 -9.47168e-006 4.95893e-005 -5.85558e-006 -2.00982e-011 -2.00982e-011
9.58 -1.03501e-005 4.63581e-005 -6.30494e-006 -5.05041e-012 -5.05041e-012
9.59 -1.14244e-005 4.27797e-005 -6.64064e-006 1.70306e-011 1.70306e-011
9.6 -1.27166e-005 3.89059e-005 -6.90857e-006 3.71776e-011 3.71776e-011
9.61 -1.42376e-005 3.47544e-005 -7.14855e-006 5.40446e-011 5.40446e-011
9.62 -1.60109e-005 3.02648e-005 -7.38779e-006 7.8726e-011 7.8726e-011
9.63 -1.80363e-005 2.53673e-005 -7.64908e-006 1.14964e-010 1.14964e-010
9.64 -2.01596e-005 2.01181e-005 -7.94421e-006 1.41578e-010 1.41578e-010
9.65 -2.21793e-005 1.47343e-005 -8.28923e-006 1.2278e-010 1.2278e-010
9.66 -2.3512e-005 9.47198e-006 -8.70643e-006 4.58049e-011 4.58049e-011
9.67 -2.33533e-005 4.53875e-006 -9.14406e-006 -6.62972e-011 -6.62972e-011
9.68 -2.18846e-005 -3.66178e-008 -9.56776e-006 -2.00015e-010 -2.00015e-010
9.69 -1.97222e-005 -4.39214e-006 -9.96337e-006 -3.69329e-010 -3.69329e-010
9.7 -1.72068e-005 -8.58086e-006 -1.03041e-005 -5.67816e-010 -5.67816e-010
9.71 -1.45536e-005 -1.26783e-005 -1.05738e-005 -7.54125e-010 -7.54125e-010
9.72 -1.20109e-005 -1.66819e-005 -1.07333e-005 -8.90194e-010 -8.90194e-010
9.73 -9.67447e-006 -2.05311e-005 -1.07847e-005 -9.62874e-010 -9.62874e-010
9.74 -7.56121e-006 -2.42046e-005 -1.07327e-005 -9.85351e-010 -9.85351e-010
9.75 -5.71554e-006 -2.75332e-005 -1.06117e-005 -9.72043e-010 -9.72043e-010
9.76 -4.15773e-006 -3.03576e-005 -1.04597e-005 -9.2018e-010 -9.2018e-010
9.77 -2.89268e-006 -3.26406e-005 -1.03167e-005 -8.50644e-010 -8.50644e-010
9.78 -1.86025e-006 -3.44576e-005 -1.01991e-005 -8.16183e-010 -8.16183e-010
9.79 -1.0133e-006 -3.58788e-005 -1.00937e-005 -8.42445e-010 -8.42445e-010
9.8 -1.19236e-007 -3.6928e-005 -9.95678e-006 -9.05334e-010 -9.05334e-010
9.81 5.19181e-007 -3.74687e-005 -9.71675e-006 -9.67543e-010 -9.67543e-010
9.82 6.06009e-007 -3.73302e-005 -9.32504e-006 -1.0072e-009 -1.0072e-009
9.83 2.46235e-007 -3.64197e-005 -8.73797e-006 -1.01247e-009 -1.01247e-009
9.84 -5.6127e-007 -3.47202e-005 -7.92429e-006 -9.71763e-010 -9.71763e-010
9.85 -1.83712e-006 -3.23027e-005 -6.884e-006 -8.84676e-010 -8.84676e-010
9.86 -3.54508e-006 -2.92837e-005 -5.64036e-006 -7.73497e-010 -7.73497e-010
9.87 -5.6564e-006 -2.57459e-005 -4.22224e-006 -6.69511e-010 -6.69511e-010
9.88 -8.1368e-006 -2.17373e-005 -2.65847e-006 -5.91575e-010 -5.91575e-010
9.89 -1.09286e-005 -1.73002e-005 -9.72872e-007 -5.4178e-010 -5.4178e-010
9.9 -1.39747e-005 -1.24917e-005 8.02491e-007 -5.13739e-010 -5.13739e-010
9.91 -1.71722e-005 -7.36261e-006 2.64005e-006 -4.94919e-010 -4.94919e-010
9.92 -1.92927e-005 -1.90167e-006 4.59669e-006 -4.7267e-010 -4.7267e-010
9.93 -1.86732e-005 3.93385e-006 6.58564e-006 -4.54423e-010 -4.54423e-010
9.94 -1.64702e-005 1.02809e-005 8.62375e-006 -4.51022e-010 -4.51022e-010
9.95 -1.35818e-005 1.70229e-005 1.06496e-005 -4.40033e-010 -4.40033e-010
9.96 -1.04927e-005 2.39561e-005 1.26323e-005 -4.1897e-010 -4.1897e-010
9.97 -7.45919e-006 3.08761e-005 1.45049e-005 -4.41004e-010 -4.41004e-010
9.98 -4.61372e-006 3.75834e-005 1.6178e-005 -5.31852e-010 -5.31852e-010
9.99 -2.09905e-006 4.38503e-005 1.75823e-005 -6.5414e-010 -6.5414e-010
10 6.32601e-007 4.95014e-005 1.87624e-005 -7.63243e-010 -7.63243e-010
