0.1 -1.76985e-006 -3.70645e-007 1.46121e-007 2.93075e-021 2.93075e-021
0.2 -3.5412e-006 -7.41521e-007 2.92353e-007 -6.73851e-021 -6.73851e-021
0.3 -5.31406e-006 -1.11263e-006 4.38696e-007 8.80091e-019 8.80091e-019
0.4 -7.08843e-006 -1.48397e-006 5.8515e-007 9.70323e-019 9.70323e-019
0.5 -8.8643e-006 -1.85555e-006 7.31716e-007 4.46866e-019 4.46866e-019
0.6 -1.06417e-005 -2.22735e-006 8.78394e-007 1.09971e-020 1.09971e-020
0.7 -1.24206e-005 -2.5994e-006 1.02518e-006 2.28736e-019 2.28736e-019
0.8 -1.4201e-005 -2.97168e-006 1.17209e-006 1.00227e-018 1.00227e-018
0.9 -1.5983e-005 -3.34419e-006 1.3191e-006 6.22679e-019 6.22679e-019
1 -1.77665e-005 -3.71694e-006 1.46623e-006 7.61645e-019 7.61645e-019
0.01 -1.18474e-005 -2.33535e-006 2.36503e-005 -7.92855e-010 -7.92855e-010
0.02 -1.8613e-005 -4.4055e-006 -7.23115e-006 -2.64382e-009 -2.64382e-009
0.03 -1.60543e-005 -3.51186e-006 5.34745e-006 -1.61954e-009 -1.61954e-009
0.04 -1.73399e-005 -3.84462e-006 -4.58012e-008 3.67899e-009 3.67899e-009
0.05 -1.68396e-005 -3.69899e-006 2.16328e-006 6.10147e-009 6.10147e-009
0.06 -1.70491e-005 -3.74585e-006 1.23934e-006 2.15824e-009 2.15824e-009
0.07 -1.69799e-005 -3.71666e-006 1.62627e-006 -2.2875e-009 -2.2875e-009
0.08 -1.70214e-005 -3.75423e-006 1.51852e-006 -2.82455e-009 -2.82455e-009
0.09 -1.70205e-005 -3.78807e-006 1.64211e-006 -1.6562e-009 -1.6562e-009
0.1 -1.70358e-005 -3.81679e-006 1.66093e-006 -1.58388e-009 -1.58388e-009
0.11 -1.70419e-005 -3.8315e-006 1.69803e-006 -1.52964e-009 -1.52964e-009
0.12 -1.70471e-005 -3.84203e-006 1.70403e-006 1.91282e-010 1.91282e-010
0.13 -1.7047e-005 -3.84119e-006 1.69372e-006 2.38945e-009 2.38945e-009
0.14 -1.70436e-005 -3.82185e-006 1.65139e-006 2.91652e-009 2.91652e-009
0.15 -1.70374e-005 -3.78933e-006 1.58909e-006 1.72389e-009 1.72389e-009
0.16 -1.703e-005 -3.75783e-006 1.52381e-006 2.83984e-010 2.83984e-010
0.17 -1.70231e-005 -3.73634e-006 1.47053e-006 -6.63793e-010 -6.63793e-010
0.18 -1.70184e-005 -3.72645e-006 1.43562e-006 -1.34819e-009 -1.34819e-009
0.19 -1.70174e-005 -3.72846e-006 1.42295e-006 -1.73262e-009 -1.73262e-009
0.2 -1.70206e-005 -3.74242e-006 1.43378e-006 -1.34531e-009 -1.34531e-009
0.21 -1.70279e-005 -3.76404e-006 1.46275e-006 -1.92614e-010 -1.92614e-010
0.22 -1.70382e-005 -3.78443e-006 1.49811e-006 1.00976e-009 1.00976e-009
0.23 -1.70497e-005 -3.79554e-006 1.52756e-006 1.60086e-009 1.60086e-009
0.24 -1.70603e-005 -3.79416e-006 1.54289e-006 1.49928e-009 1.49928e-009
0.25 -1.70682e-005 -3.78113e-006 1.54033e-006 9.47501e-010 9.47501e-010
0.26 -1.70719e-005 -3.75937e-006 1.51961e-006 1.58765e-010 1.58765e-010
0.27 -1.70709e-005 -3.7333e-006 1.48426e-006 -6.43921e-010 -6.43921e-010
0.28 -1.70654e-005 -3.70839e-006 1.44137e-006 -1.13487e-009 -1.13487e-009
0.29 -1.70567e-005 -3.68966e-006 1.39929e-006 -1.07085e-009 -1.07085e-009
0.3 -1.70467e-005 -3.67975e-006 1.36496e-006 -5.14065e-010 -5.14065e-010
0.31 -1.70375e-005 -3.67822e-006 1.34273e-006 2.253e-010 2.253e-010
0.32 -1.70312e-005 -3.68247e-006 1.33456e-006 8.2538e-010 8.2538e-010
0.33 -1.70288e-005 -3.68908e-006 1.34018e-006 1.09301e-009 1.09301e-009
0.34 -1.70306e-005 -3.69456e-006 1.35682e-006 9.67187e-010 9.67187e-010
0.35 -1.70362e-005 -3.696e-006 1.37949e-006 5.11513e-010 5.11513e-010
0.36 -1.70439e-005 -3.69202e-006 1.40232e-006 -8.25485e-011 -8.25485e-011
0.37 -1.7052e-005 -3.68304e-006 1.4202e-006 -5.60127e-010 -5.60127e-010
0.38 -1.70583e-005 -3.67066e-006 1.42981e-006 -7.30928e-010 -7.30928e-010
0.39 -1.70613e-005 -3.65707e-006 1.43e-006 -5.578e-010 -5.578e-010
0.4 -1.70599e-005 -3.64478e-006 1.42149e-006 -1.46784e-010 -1.46784e-010
0.41 -1.70544e-005 -3.63609e-006 1.4066e-006 3.21933e-010 3.21933e-010
0.42 -1.70458e-005 -3.63254e-006 1.38912e-006 6.65931e-010 6.65931e-010
0.43 -1.70357e-005 -3.63455e-006 1.3739e-006 7.6094e-010 7.6094e-010
0.44 -1.70262e-005 -3.64139e-006 1.36593e-006 5.86178e-010 5.86178e-010
0.45 -1.7019e-005 -3.65164e-006 1.36895e-006 2.32014e-010 2.32014e-010
0.46 -1.70153e-005 -3.66349e-006 1.38417e-006 -1.44273e-010 -1.44273e-010
0.47 -1.70156e-005 -3.6749e-006 1.41005e-006 -3.91516e-010 -3.91516e-010
0.48 -1.70194e-005 -3.68411e-006 1.44301e-006 -4.25123e-010 -4.25123e-010
0.49 -1.70252e-005 -3.69018e-006 1.47832e-006 -2.51242e-010 -2.51242e-010
0.5 -1.70313e-005 -3.69274e-006 1.51094e-006 4.50151e-011 4.50151e-011
0.51 -1.70357e-005 -3.692e-006 1.5366e-006 3.37639e-010 3.37639e-010
0.52 -1.7037e-005 -3.68921e-006 1.553e-006 5.11213e-010 5.11213e-010
0.53 -1.70342e-005 -3.68618e-006 1.56045e-006 5.06622e-010 5.06622e-010
0.54 -1.70275e-005 -3.68422e-006 1.56117e-006 3.40892e-010 3.40892e-010
0.55 -1.70176e-005 -3.68397e-006 1.55815e-006 9.35367e-011 9.35367e-011
0.56 -1.70062e-005 -3.68609e-006 1.55498e-006 -1.31015e-010 -1.31015e-010
0.57 -1.69953e-005 -3.69168e-006 1.55593e-006 -2.46468e-010 -2.46468e-010
0.58 -1.69866e-005 -3.70132e-006 1.5646e-006 -2.16436e-010 -2.16436e-010
0.59 -1.69815e-005 -3.71364e-006 1.58204e-006 -6.46242e-011 -6.46242e-011
0.6 -1.69805e-005 -3.72556e-006 1.60624e-006 1.39015e-010 1.39015e-010
0.61 -1.69833e-005 -3.73438e-006 1.63314e-006 3.09628e-010 3.09628e-010
0.62 -1.69889e-005 -3.73934e-006 1.65837e-006 3.825e-010 3.825e-010
0.63 -1.69958e-005 -3.74025e-006 1.67843e-006 3.37044e-010 3.37044e-010
0.64 -1.7002e-005 -3.73681e-006 1.69106e-006 2.01026e-010 2.01026e-010
0.65 -1.7006e-005 -3.73083e-006 1.69549e-006 3.5486e-011 3.5486e-011
0.66 -1.70071e-005 -3.72612e-006 1.6922e-006 -9.19542e-011 -9.19542e-011
0.67 -1.70051e-005 -3.72531e-006 1.68237e-006 -1.34167e-010 -1.34167e-010
0.68 -1.70008e-005 -3.72861e-006 1.66815e-006 -8.14625e-011 -8.14625e-011
0.69 -1.69952e-005 -3.73494e-006 1.65284e-006 3.76026e-011 3.76026e-011
0.7 -1.69899e-005 -3.74264e-006 1.63948e-006 1.70678e-010 1.70678e-010
0.71 -1.69864e-005 -3.74958e-006 1.62936e-006 2.64259e-010 2.64259e-010
0.72 -1.69858e-005 -3.75423e-006 1.62187e-006 2.84823e-010 2.84823e-010
0.73 -1.69888e-005 -3.75643e-006 1.61559e-006 2.30318e-010 2.30318e-010
0.74 -1.69952e-005 -3.75699e-006 1.61004e-006 1.28375e-010 1.28375e-010
0.75 -1.70042e-005 -3.75694e-006 1.60564e-006 2.30012e-011 2.30012e-011
0.76 -1.70143e-005 -3.75703e-006 1.60193e-006 -4.41105e-011 -4.41105e-011
0.77 -1.70242e-005 -3.75723e-006 1.59683e-006 -4.98266e-011 -4.98266e-011
0.78 -1.70323e-005 -3.75655e-006 1.58803e-006 2.88625e-012 2.88625e-012
0.79 -1.70378e-005 -3.75409e-006 1.57452e-006 8.83642e-011 8.83642e-011
0.8 -1.70401e-005 -3.75036e-006 1.55689e-006 1.70274e-010 1.70274e-010
0.81 -1.70396e-005 -3.74649e-006 1.53641e-006 2.16776e-010 2.16776e-010
0.82 -1.70371e-005 -3.74301e-006 1.51397e-006 2.12632e-010 2.12632e-010
0.83 -1.70337e-005 -3.73984e-006 1.49077e-006 1.63791e-010 1.63791e-010
0.84 -1.70306e-005 -3.73649e-006 1.46922e-006 9.32921e-011 9.32921e-011
0.85 -1.70287e-005 -3.7315e-006 1.452e-006 3.07534e-011 3.07534e-011
0.86 -1.70283e-005 -3.72278e-006 1.44094e-006 1.30945e-013 1.30945e-013
0.87 -1.70292e-005 -3.71068e-006 1.43735e-006 1.07543e-011 1.07543e-011
0.88 -1.7031e-005 -3.69816e-006 1.44161e-006 5.49075e-011 5.49075e-011
0.89 -1.70329e-005 -3.68644e-006 1.45164e-006 1.12304e-010 1.12304e-010
0.9 -1.70335e-005 -3.67336e-006 1.4631e-006 1.59109e-010 1.59109e-010
0.91 -1.70319e-005 -3.65693e-006 1.47237e-006 1.77651e-010 1.77651e-010
0.92 -1.70274e-005 -3.63926e-006 1.47966e-006 1.62951e-010 1.62951e-010
0.93 -1.70197e-005 -3.62509e-006 1.48855e-006 1.2366e-010 1.2366e-010
0.94 -1.70091e-005 -3.61658e-006 1.50167e-006 7.74264e-011 7.74264e-011
0.95 -1.69968e-005 -3.61196e-006 1.51718e-006 4.30946e-011 4.30946e-011
0.96 -1.6984e-005 -3.60821e-006 1.53085e-006 3.3186e-011 3.3186e-011
0.97 -1.69724e-005 -3.60432e-006 1.54157e-006 4.95993e-011 4.95993e-011
0.98 -1.69631e-005 -3.60241e-006 1.55277e-006 8.37981e-011 8.37981e-011
0.99 -1.6957e-005 -3.60391e-006 1.56809e-006 1.2096e-010 1.2096e-010
1 -1.69542e-005 -3.60703e-006 1.58772e-006 1.46225e-010 1.46225e-010
1.01 -1.69546e-005 -3.61046e-006 1.60841e-006 1.50546e-010 1.50546e-010
1.02 -1.69578e-005 -3.61505e-006 1.62635e-006 1.33866e-010 1.33866e-010
1.03 -1.69626e-005 -3.62002e-006 1.64082e-006 1.0445e-010 1.0445e-010
1.04 -1.69673e-005 -3.62254e-006 1.65476e-006 7.49143e-011 7.49143e-011
1.05 -1.69702e-005 -3.62233e-006 1.67076e-006 5.68622e-011 5.68622e-011
1.06 -1.69706e-005 -3.62321e-006 1.68801e-006 5.6406e-011 5.6406e-011
1.07 -1.69686e-005 -3.62866e-006 1.70353e-006 7.22337e-011 7.22337e-011
1.08 -1.69645e-005 -3.63746e-006 1.71436e-006 9.67417e-011 9.67417e-011
1.09 -1.69589e-005 -3.64645e-006 1.71953e-006 1.19559e-010 1.19559e-010
1.1 -1.69531e-005 -3.6565e-006 1.72162e-006 1.31896e-010 1.31896e-010
1.11 -1.69484e-005 -3.67043e-006 1.72533e-006 1.29888e-010 1.29888e-010
1.12 -1.69455e-005 -3.68589e-006 1.73411e-006 1.15623e-010 1.15623e-010
1.13 -1.69447e-005 -3.69632e-006 1.74742e-006 9.57424e-011 9.57424e-011
1.14 -1.6946e-005 -3.69878e-006 1.76034e-006 7.84634e-011 7.84634e-011
1.15 -1.69495e-005 -3.69373e-006 1.76651e-006 7.03164e-011 7.03164e-011
1.16 -1.6954e-005 -3.68067e-006 1.76258e-006 7.37568e-011 7.37568e-011
1.17 -1.69581e-005 -3.66138e-006 1.75134e-006 8.65175e-011 8.65175e-011
1.18 -1.69605e-005 -3.64101e-006 1.74027e-006 1.02875e-010 1.02875e-010
1.19 -1.696e-005 -3.62469e-006 1.73495e-006 1.16153e-010 1.16153e-010
1.2 -1.69569e-005 -3.61621e-006 1.73457e-006 1.21353e-010 1.21353e-010
1.21 -1.69523e-005 -3.61679e-006 1.73404e-006 1.1696e-010 1.1696e-010
1.22 -1.69476e-005 -3.62517e-006 1.7285e-006 1.0533e-010 1.0533e-010
1.23 -1.69446e-005 -3.63851e-006 1.71546e-006 9.15339e-011 9.15339e-011
1.24 -1.69446e-005 -3.65239e-006 1.69521e-006 8.1151e-011 8.1151e-011
1.25 -1.69484e-005 -3.66048e-006 1.67025e-006 7.80106e-011 7.80106e-011
1.26 -1.69555e-005 -3.65729e-006 1.6436e-006 8.28139e-011 8.28139e-011
1.27 -1.6965e-005 -3.64202e-006 1.61797e-006 9.31275e-011 9.31275e-011
1.28 -1.69753e-005 -3.61831e-006 1.59569e-006 1.04594e-010 1.04594e-010
1.29 -1.69847e-005 -3.59297e-006 1.57829e-006 1.12757e-010 1.12757e-010
1.3 -1.69915e-005 -3.57358e-006 1.56676e-006 1.14762e-010 1.14762e-010
1.31 -1.69946e-005 -3.5629e-006 1.5611e-006 1.10319e-010 1.10319e-010
1.32 -1.69932e-005 -3.55883e-006 1.55859e-006 1.01595e-010 1.01595e-010
1.33 -1.69883e-005 -3.55936e-006 1.55353e-006 9.2192e-011 9.2192e-011
1.34 -1.69814e-005 -3.56022e-006 1.54042e-006 8.56742e-011 8.56742e-011
1.35 -1.69735e-005 -3.55237e-006 1.51939e-006 8.42401e-011 8.42401e-011
1.36 -1.69652e-005 -3.53074e-006 1.49782e-006 8.80203e-011 8.80203e-011
1.37 -1.69575e-005 -3.50052e-006 1.48398e-006 9.52182e-011 9.52182e-011
1.38 -1.69514e-005 -3.47234e-006 1.47971e-006 1.02901e-010 1.02901e-010
1.39 -1.69482e-005 -3.4541e-006 1.47915e-006 1.0809e-010 1.0809e-010
1.4 -1.69484e-005 -3.44768e-006 1.4739e-006 1.08912e-010 1.08912e-010
1.41 -1.69522e-005 -3.45327e-006 1.46305e-006 1.05409e-010 1.05409e-010
1.42 -1.69583e-005 -3.47004e-006 1.45638e-006 9.94264e-011 9.94264e-011
1.43 -1.69653e-005 -3.49204e-006 1.46367e-006 9.36359e-011 9.36359e-011
1.44 -1.6972e-005 -3.51333e-006 1.48454e-006 9.02589e-011 9.02589e-011
1.45 -1.69784e-005 -3.53537e-006 1.5092e-006 9.0225e-011 9.0225e-011
1.46 -1.69853e-005 -3.5645e-006 1.52673e-006 9.30979e-011 9.30979e-011
1.47 -1.69932e-005 -3.60501e-006 1.53519e-006 9.74932e-011 9.74932e-011
1.48 -1.70017e-005 -3.65827e-006 1.54381e-006 1.01653e-010 1.01653e-010
1.49 -1.7011e-005 -3.72782e-006 1.56323e-006 1.04055e-010 1.04055e-010
1.5 -1.70224e-005 -3.8162e-006 1.59611e-006 1.03917e-010 1.03917e-010
1.51 -1.70362e-005 -3.91217e-006 1.63805e-006 1.01412e-010 1.01412e-010
1.52 -1.70506e-005 -3.99073e-006 1.68399e-006 9.75538e-011 9.75538e-011
1.53 -1.70629e-005 -4.03477e-006 1.73287e-006 9.3885e-011 9.3885e-011
1.54 -1.70709e-005 -4.04919e-006 1.78612e-006 9.196e-011 9.196e-011
1.55 -1.70728e-005 -4.04945e-006 1.84264e-006 9.26673e-011 9.26673e-011
1.56 -1.70676e-005 -4.04743e-006 1.89869e-006 9.57133e-011 9.57133e-011
1.57 -1.70547e-005 -4.04999e-006 1.95031e-006 9.97486e-011 9.97486e-011
1.58 -1.70356e-005 -4.06137e-006 1.99267e-006 1.03082e-010 1.03082e-010
1.59 -1.70136e-005 -4.08358e-006 2.02023e-006 1.04431e-010 1.04431e-010
1.6 -1.69934e-005 -4.11764e-006 2.03137e-006 1.03368e-010 1.03368e-010
1.61 -1.6979e-005 -4.16139e-006 2.03433e-006 1.00429e-010 1.00429e-010
1.62 -1.69723e-005 -4.2027e-006 2.0435e-006 9.6855e-011 9.6855e-011
1.63 -1.69729e-005 -4.21762e-006 2.06253e-006 9.39805e-011 9.39805e-011
1.64 -1.69783e-005 -4.17997e-006 2.07668e-006 9.26241e-011 9.26241e-011
1.65 -1.69849e-005 -4.08071e-006 2.06892e-006 9.29675e-011 9.29675e-011
1.66 -1.69882e-005 -3.93861e-006 2.03771e-006 9.48794e-011 9.48794e-011
1.67 -1.69835e-005 -3.78887e-006 1.99609e-006 9.80391e-011 9.80391e-011
1.68 -1.6968e-005 -3.66269e-006 1.95752e-006 1.01637e-010 1.01637e-010
1.69 -1.69417e-005 -3.57618e-006 1.92418e-006 1.04314e-010 1.04314e-010
1.7 -1.6908e-005 -3.53091e-006 1.89058e-006 1.04778e-010 1.04778e-010
1.71 -1.6872e-005 -3.5145e-006 1.85436e-006 1.02584e-010 1.02584e-010
1.72 -1.68388e-005 -3.50231e-006 1.817e-006 9.84106e-011 9.84106e-011
1.73 -1.68128e-005 -3.46971e-006 1.77757e-006 9.37018e-011 9.37018e-011
1.74 -1.67978e-005 -3.40501e-006 1.73144e-006 9.0071e-011 9.0071e-011
1.75 -1.67949e-005 -3.30925e-006 1.6735e-006 8.88251e-011 8.88251e-011
1.76 -1.68027e-005 -3.1915e-006 1.60086e-006 9.05642e-011 9.05642e-011
1.77 -1.68181e-005 -3.07028e-006 1.51454e-006 9.48807e-011 9.48807e-011
1.78 -1.68378e-005 -2.97339e-006 1.42177e-006 1.00447e-010 1.00447e-010
1.79 -1.68585e-005 -2.92266e-006 1.33532e-006 1.05515e-010 1.05515e-010
1.8 -1.6877e-005 -2.91845e-006 1.26465e-006 1.08459e-010 1.08459e-010
1.81 -1.68923e-005 -2.94511e-006 1.20749e-006 1.08181e-010 1.08181e-010
1.82 -1.69051e-005 -2.98477e-006 1.15431e-006 1.04588e-010 1.04588e-010
1.83 -1.69173e-005 -3.02371e-006 1.09917e-006 9.8937e-011 9.8937e-011
1.84 -1.69304e-005 -3.0527e-006 1.04466e-006 9.34547e-011 9.34547e-011
1.85 -1.69449e-005 -3.06918e-006 9.9944e-007 9.03066e-011 9.03066e-011
1.86 -1.6961e-005 -3.08071e-006 9.71325e-007 9.05369e-011 9.05369e-011
1.87 -1.69784e-005 -3.09473e-006 9.60479e-007 9.3729e-011 9.3729e-011
1.88 -1.69945e-005 -3.10081e-006 9.59856e-007 9.84166e-011 9.84166e-011
1.89 -1.70056e-005 -3.08194e-006 9.61898e-007 1.02731e-010 1.02731e-010
1.9 -1.70099e-005 -3.04905e-006 9.63975e-007 1.05253e-010 1.05253e-010
1.91 -1.70091e-005 -3.04107e-006 9.68776e-007 1.05601e-010 1.05601e-010
1.92 -1.70062e-005 -3.08921e-006 9.81542e-007 1.04265e-010 1.04265e-010
1.93 -1.70049e-005 -3.20022e-006 1.0055e-006 1.02043e-010 1.02043e-010
1.94 -1.70105e-005 -3.36554e-006 1.03896e-006 9.9628e-011 9.9628e-011
1.95 -1.70283e-005 -3.56846e-006 1.07789e-006 9.75307e-011 9.75307e-011
1.96 -1.70618e-005 -3.78177e-006 1.11929e-006 9.61182e-011 9.61182e-011
1.97 -1.71104e-005 -3.97101e-006 1.16177e-006 9.55581e-011 9.55581e-011
1.98 -1.717e-005 -4.11315e-006 1.20534e-006 9.58028e-011 9.58028e-011
1.99 -1.72348e-005 -4.21066e-006 1.25006e-006 9.67538e-011 9.67538e-011
2 -1.72978e-005 -4.28606e-006 1.29611e-006 9.8358e-011 9.8358e-011
2.01 -1.73519e-005 -4.36651e-006 1.34644e-006 1.00458e-010 1.00458e-010
2.02 -1.73909e-005 -4.46989e-006 1.40802e-006 1.02607e-010 1.02607e-010
2.03 -1.74109e-005 -4.60293e-006 1.48857e-006 1.04152e-010 1.04152e-010
2.04 -1.74124e-005 -4.76431e-006 1.58965e-006 1.045e-010 1.045e-010
2.05 -1.7399e-005 -4.93673e-006 1.70333e-006 1.03336e-010 1.03336e-010
2.06 -1.73753e-005 -5.08803e-006 1.81758e-006 1.00757e-010 1.00757e-010
2.07 -1.73473e-005 -5.19657e-006 1.92385e-006 9.74369e-011 9.74369e-011
2.08 -1.73213e-005 -5.2647e-006 2.01978e-006 9.45943e-011 9.45943e-011
2.09 -1.7302e-005 -5.30436e-006 2.10601e-006 9.34906e-011 9.34906e-011
2.1 -1.72909e-005 -5.32006e-006 2.18109e-006 9.46751e-011 9.46751e-011
2.11 -1.72868e-005 -5.30949e-006 2.24126e-006 9.76697e-011 9.76697e-011
2.12 -1.7287e-005 -5.27794e-006 2.285e-006 1.01352e-010 1.01352e-010
2.13 -1.72889e-005 -5.24145e-006 2.31436e-006 1.04563e-010 1.04563e-010
2.14 -1.72895e-005 -5.21414e-006 2.33338e-006 1.06432e-010 1.06432e-010
2.15 -1.72861e-005 -5.19656e-006 2.347e-006 1.06428e-010 1.06428e-010
2.16 -1.72756e-005 -5.17276e-006 2.35809e-006 1.0447e-010 1.0447e-010
2.17 -1.72564e-005 -5.12346e-006 2.36333e-006 1.01081e-010 1.01081e-010
2.18 -1.723e-005 -5.0471e-006 2.3524e-006 9.73405e-011 9.73405e-011
2.19 -1.72001e-005 -4.95514e-006 2.31488e-006 9.45065e-011 9.45065e-011
2.2 -1.71689e-005 -4.84605e-006 2.24974e-006 9.34906e-011 9.34906e-011
2.21 -1.71361e-005 -4.7052e-006 2.16594e-006 9.45077e-011 9.45077e-011
2.22 -1.71017e-005 -4.52743e-006 2.0754e-006 9.7101e-011 9.7101e-011
2.23 -1.70662e-005 -4.32432e-006 1.98657e-006 1.004e-010 1.004e-010
2.24 -1.70302e-005 -4.11222e-006 1.90097e-006 1.03363e-010 1.03363e-010
2.25 -1.69942e-005 -3.90207e-006 1.81409e-006 1.05019e-010 1.05019e-010
2.26 -1.69589e-005 -3.70293e-006 1.71905e-006 1.04817e-010 1.04817e-010
2.27 -1.69256e-005 -3.52028e-006 1.61045e-006 1.0292e-010 1.0292e-010
2.28 -1.68949e-005 -3.34658e-006 1.48772e-006 1.00144e-010 1.00144e-010
2.29 -1.68668e-005 -3.16895e-006 1.3554e-006 9.75671e-011 9.75671e-011
2.3 -1.68419e-005 -2.98434e-006 1.21918e-006 9.60614e-011 9.60614e-011
2.31 -1.68209e-005 -2.79685e-006 1.08451e-006 9.61067e-011 9.61067e-011
2.32 -1.68033e-005 -2.60967e-006 9.58018e-007 9.77273e-011 9.77273e-011
2.33 -1.67877e-005 -2.42759e-006 8.46266e-007 1.0033e-010 1.0033e-010
2.34 -1.67731e-005 -2.26021e-006 7.5197e-007 1.02939e-010 1.02939e-010
2.35 -1.67592e-005 -2.1186e-006 6.73321e-007 1.048e-010 1.048e-010
2.36 -1.6746e-005 -2.01e-006 6.07197e-007 1.05508e-010 1.05508e-010
2.37 -1.67342e-005 -1.93912e-006 5.519e-007 1.04917e-010 1.04917e-010
2.38 -1.67252e-005 -1.90703e-006 5.08078e-007 1.03357e-010 1.03357e-010
2.39 -1.67197e-005 -1.90095e-006 4.78901e-007 1.01644e-010 1.01644e-010
2.4 -1.67168e-005 -1.90165e-006 4.71181e-007 1.00598e-010 1.00598e-010
2.41 -1.67154e-005 -1.90187e-006 4.95981e-007 1.00617e-010 1.00617e-010
2.42 -1.67139e-005 -1.90447e-006 5.62498e-007 1.01692e-010 1.01692e-010
2.43 -1.67111e-005 -1.91931e-006 6.66749e-007 1.03476e-010 1.03476e-010
2.44 -1.67083e-005 -1.96921e-006 7.89478e-007 1.05234e-010 1.05234e-010
2.45 -1.67088e-005 -2.07695e-006 9.10049e-007 1.06142e-010 1.06142e-010
2.46 -1.67143e-005 -2.24227e-006 1.0211e-006 1.05791e-010 1.05791e-010
2.47 -1.67256e-005 -2.4438e-006 1.12848e-006 1.04384e-010 1.04384e-010
2.48 -1.67437e-005 -2.65964e-006 1.24144e-006 1.02569e-010 1.02569e-010
2.49 -1.67702e-005 -2.87969e-006 1.36532e-006 1.0113e-010 1.0113e-010
2.5 -1.68065e-005 -3.10588e-006 1.50114e-006 1.00678e-010 1.00678e-010
2.51 -1.6853e-005 -3.34446e-006 1.64651e-006 1.01391e-010 1.01391e-010
2.52 -1.69084e-005 -3.59882e-006 1.79437e-006 1.02937e-010 1.02937e-010
2.53 -1.69705e-005 -3.869e-006 1.93561e-006 1.0464e-010 1.0464e-010
2.54 -1.70367e-005 -4.14988e-006 2.06433e-006 1.05788e-010 1.05788e-010
2.55 -1.71031e-005 -4.4301e-006 2.17899e-006 1.0597e-010 1.0597e-010
2.56 -1.71663e-005 -4.69779e-006 2.28048e-006 1.05276e-010 1.05276e-010
2.57 -1.7224e-005 -4.946e-006 2.36893e-006 1.04162e-010 1.04162e-010
2.58 -1.72752e-005 -5.1737e-006 2.44223e-006 1.03167e-010 1.03167e-010
2.59 -1.73205e-005 -5.38477e-006 2.49967e-006 1.02722e-010 1.02722e-010
2.6 -1.73608e-005 -5.5838e-006 2.54458e-006 1.03021e-010 1.03021e-010
2.61 -1.73971e-005 -5.76933e-006 2.57982e-006 1.03923e-010 1.03923e-010
2.62 -1.74307e-005 -5.9315e-006 2.60291e-006 1.04918e-010 1.04918e-010
2.63 -1.74617e-005 -6.05653e-006 2.60987e-006 1.05379e-010 1.05379e-010
2.64 -1.749e-005 -6.13988e-006 2.60361e-006 1.0502e-010 1.0502e-010
2.65 -1.75156e-005 -6.19611e-006 2.59414e-006 1.04123e-010 1.04123e-010
2.66 -1.75388e-005 -6.24416e-006 2.58881e-006 1.03239e-010 1.03239e-010
2.67 -1.75588e-005 -6.28589e-006 2.58202e-006 1.02654e-010 1.02654e-010
2.68 -1.75744e-005 -6.30563e-006 2.55684e-006 1.02233e-010 1.02233e-010
2.69 -1.75845e-005 -6.28619e-006 2.49954e-006 1.01803e-010 1.01803e-010
2.7 -1.75881e-005 -6.2257e-006 2.41145e-006 1.01576e-010 1.01576e-010
2.71 -1.75843e-005 -6.13554e-006 2.3084e-006 1.0205e-010 1.0205e-010
2.72 -1.7572e-005 -6.02115e-006 2.21133e-006 1.03445e-010 1.03445e-010
2.73 -1.75484e-005 -5.87227e-006 2.13147e-006 1.05305e-010 1.05305e-010
2.74 -1.75123e-005 -5.67738e-006 2.06053e-006 1.06711e-010 1.06711e-010
2.75 -1.74653e-005 -5.44279e-006 1.97778e-006 1.06921e-010 1.06921e-010
2.76 -1.74101e-005 -5.18571e-006 1.87109e-006 1.05871e-010 1.05871e-010
2.77 -1.73484e-005 -4.91824e-006 1.74409e-006 1.04149e-010 1.04149e-010
2.78 -1.72828e-005 -4.64586e-006 1.60129e-006 1.02531e-010 1.02531e-010
2.79 -1.72169e-005 -4.36619e-006 1.43946e-006 1.01501e-010 1.01501e-010
2.8 -1.71532e-005 -4.06701e-006 1.25971e-006 1.01203e-010 1.01203e-010
2.81 -1.70926e-005 -3.74298e-006 1.07718e-006 1.01697e-010 1.01697e-010
2.82 -1.70356e-005 -3.40872e-006 9.12928e-007 1.02958e-010 1.02958e-010
2.83 -1.69827e-005 -3.08646e-006 7.79926e-007 1.04599e-010 1.04599e-010
2.84 -1.69338e-005 -2.79144e-006 6.76028e-007 1.0579e-010 1.0579e-010
2.85 -1.6888e-005 -2.52639e-006 5.89667e-007 1.05701e-010 1.05701e-010
2.86 -1.68444e-005 -2.28774e-006 5.08848e-007 1.04101e-010 1.04101e-010
2.87 -1.6803e-005 -2.07423e-006 4.22635e-007 1.01514e-010 1.01514e-010
2.88 -1.67641e-005 -1.88197e-006 3.25654e-007 9.90038e-011 9.90038e-011
2.89 -1.6727e-005 -1.70199e-006 2.26258e-007 9.79467e-011 9.79467e-011
2.9 -1.6691e-005 -1.531e-006 1.42724e-007 9.93778e-011 9.93778e-011
2.91 -1.66561e-005 -1.37579e-006 8.83476e-008 1.03144e-010 1.03144e-010
2.92 -1.66236e-005 -1.24571e-006 6.33146e-008 1.07948e-010 1.07948e-010
2.93 -1.65951e-005 -1.14925e-006 6.18395e-008 1.12054e-010 1.12054e-010
2.94 -1.65716e-005 -1.09336e-006 8.26892e-008 1.13973e-010 1.13973e-010
2.95 -1.65538e-005 -1.08026e-006 1.28401e-007 1.13023e-010 1.13023e-010
2.96 -1.65422e-005 -1.10865e-006 1.98815e-007 1.09596e-010 1.09596e-010
2.97 -1.65383e-005 -1.18002e-006 2.92728e-007 1.04982e-010 1.04982e-010
2.98 -1.6543e-005 -1.29949e-006 4.12989e-007 1.00817e-010 1.00817e-010
2.99 -1.65564e-005 -1.46627e-006 5.63781e-007 9.84614e-011 9.84614e-011
3 -1.6577e-005 -1.66535e-006 7.44321e-007 9.85081e-011 9.85081e-011
3.01 -1.66022e-005 -1.87458e-006 9.47675e-007 1.00545e-010 1.00545e-010
3.02 -1.66286e-005 -2.08011e-006 1.16595e-006 1.03497e-010 1.03497e-010
3.03 -1.66532e-005 -2.28256e-006 1.39621e-006 1.06346e-010 1.06346e-010
3.04 -1.66735e-005 -2.49587e-006 1.63964e-006 1.08499e-010 1.08499e-010
3.05 -1.66897e-005 -2.74193e-006 1.89278e-006 1.097e-010 1.097e-010
3.06 -1.67041e-005 -3.03626e-006 2.14549e-006 1.09872e-010 1.09872e-010
3.07 -1.67189e-005 -3.37244e-006 2.39283e-006 1.09077e-010 1.09077e-010
3.08 -1.6736e-005 -3.72314e-006 2.63974e-006 1.07625e-010 1.07625e-010
3.09 -1.67567e-005 -4.06321e-006 2.89051e-006 1.06069e-010 1.06069e-010
3.1 -1.6784e-005 -4.38578e-006 3.14107e-006 1.04856e-010 1.04856e-010
3.11 -1.68203e-005 -4.68923e-006 3.37791e-006 1.04093e-010 1.04093e-010
3.12 -1.68641e-005 -4.95783e-006 3.58381e-006 1.03639e-010 1.03639e-010
3.13 -1.69108e-005 -5.16698e-006 3.74892e-006 1.03326e-010 1.03326e-010
3.14 -1.69547e-005 -5.31243e-006 3.87191e-006 1.03227e-010 1.03227e-010
3.15 -1.69934e-005 -5.42382e-006 3.95451e-006 1.03691e-010 1.03691e-010
3.16 -1.70264e-005 -5.5429e-006 4.00054e-006 1.04999e-010 1.04999e-010
3.17 -1.7056e-005 -5.6996e-006 4.01424e-006 1.06904e-010 1.06904e-010
3.18 -1.70859e-005 -5.89926e-006 3.99873e-006 1.08569e-010 1.08569e-010
3.19 -1.7119e-005 -6.11172e-006 3.95863e-006 1.09014e-010 1.09014e-010
3.2 -1.71565e-005 -6.28494e-006 3.90081e-006 1.07693e-010 1.07693e-010
3.21 -1.71985e-005 -6.38314e-006 3.83285e-006 1.04866e-010 1.04866e-010
3.22 -1.72445e-005 -6.40811e-006 3.75976e-006 1.01577e-010 1.01577e-010
3.23 -1.72927e-005 -6.38385e-006 3.67939e-006 9.91492e-011 9.91492e-011
3.24 -1.73404e-005 -6.33368e-006 3.58143e-006 9.85046e-011 9.85046e-011
3.25 -1.73833e-005 -6.27309e-006 3.45193e-006 9.97613e-011 9.97613e-011
3.26 -1.74186e-005 -6.20767e-006 3.27537e-006 1.02288e-010 1.02288e-010
3.27 -1.74448e-005 -6.12666e-006 3.03782e-006 1.0508e-010 1.0508e-010
3.28 -1.74615e-005 -6.00904e-006 2.73742e-006 1.07221e-010 1.07221e-010
3.29 -1.74696e-005 -5.84462e-006 2.39131e-006 1.08282e-010 1.08282e-010
3.3 -1.74711e-005 -5.64219e-006 2.03199e-006 1.08482e-010 1.08482e-010
3.31 -1.74688e-005 -5.41528e-006 1.69612e-006 1.08325e-010 1.08325e-010
3.32 -1.74625e-005 -5.16678e-006 1.41007e-006 1.0798e-010 1.0798e-010
3.33 -1.74508e-005 -4.89423e-006 1.18148e-006 1.07106e-010 1.07106e-010
3.34 -1.74335e-005 -4.60975e-006 9.98848e-007 1.05159e-010 1.05159e-010
3.35 -1.74118e-005 -4.33496e-006 8.39161e-007 1.01967e-010 1.01967e-010
3.36 -1.73856e-005 -4.07435e-006 6.75405e-007 9.82367e-011 9.82367e-011
3.37 -1.73536e-005 -3.80968e-006 4.84437e-007 9.5052e-011 9.5052e-011
3.38 -1.73142e-005 -3.5169e-006 2.57445e-007 9.32699e-011 9.32699e-011
3.39 -1.7266e-005 -3.18303e-006 7.06935e-009 9.37539e-011 9.37539e-011
3.4 -1.72087e-005 -2.82104e-006 -2.37694e-007 9.72209e-011 9.72209e-011
3.41 -1.71444e-005 -2.47265e-006 -4.45435e-007 1.03425e-010 1.03425e-010
3.42 -1.70781e-005 -2.18314e-006 -5.93206e-007 1.1075e-010 1.1075e-010
3.43 -1.70141e-005 -1.96982e-006 -6.73141e-007 1.16658e-010 1.16658e-010
3.44 -1.69548e-005 -1.81792e-006 -6.91563e-007 1.18691e-010 1.18691e-010
3.45 -1.69022e-005 -1.70051e-006 -6.61972e-007 1.15584e-010 1.15584e-010
3.46 -1.68578e-005 -1.59803e-006 -6.00294e-007 1.07955e-010 1.07955e-010
3.47 -1.68222e-005 -1.50485e-006 -5.22664e-007 9.83572e-011 9.83572e-011
3.48 -1.6795e-005 -1.4241e-006 -4.40211e-007 9.05094e-011 9.05094e-011
3.49 -1.67736e-005 -1.36178e-006 -3.5495e-007 8.74618e-011 8.74618e-011
3.5 -1.67553e-005 -1.33073e-006 -2.60685e-007 8.99397e-011 8.99397e-011
3.51 -1.67387e-005 -1.35135e-006 -1.47117e-007 9.65329e-011 9.65329e-011
3.52 -1.67229e-005 -1.43103e-006 -6.00867e-009 1.04937e-010 1.04937e-010
3.53 -1.67065e-005 -1.55243e-006 1.63793e-007 1.1247e-010 1.1247e-010
3.54 -1.66896e-005 -1.6944e-006 3.57891e-007 1.16511e-010 1.16511e-010
3.55 -1.66744e-005 -1.85548e-006 5.70791e-007 1.15789e-010 1.15789e-010
3.56 -1.66658e-005 -2.05551e-006 7.98428e-007 1.11276e-010 1.11276e-010
3.57 -1.66685e-005 -2.31489e-006 1.03909e-006 1.05448e-010 1.05448e-010
3.58 -1.66856e-005 -2.63143e-006 1.29316e-006 1.00681e-010 1.00681e-010
3.59 -1.67168e-005 -2.97729e-006 1.56289e-006 9.82338e-011 9.82338e-011
3.6 -1.67582e-005 -3.31063e-006 1.84922e-006 9.82436e-011 9.82436e-011
3.61 -1.68039e-005 -3.59613e-006 2.14467e-006 1.00114e-010 1.00114e-010
3.62 -1.68488e-005 -3.82909e-006 2.43203e-006 1.02782e-010 1.02782e-010
3.63 -1.68897e-005 -4.0399e-006 2.69232e-006 1.05134e-010 1.05134e-010
3.64 -1.69247e-005 -4.26755e-006 2.91582e-006 1.06587e-010 1.06587e-010
3.65 -1.69521e-005 -4.52944e-006 3.10686e-006 1.0725e-010 1.0725e-010
3.66 -1.69713e-005 -4.81747e-006 3.27732e-006 1.07501e-010 1.07501e-010
3.67 -1.69841e-005 -5.11452e-006 3.43967e-006 1.07533e-010 1.07533e-010
3.68 -1.69947e-005 -5.40425e-006 3.60415e-006 1.0739e-010 1.0739e-010
3.69 -1.70078e-005 -5.66972e-006 3.76856e-006 1.07138e-010 1.07138e-010
3.7 -1.70283e-005 -5.89615e-006 3.91216e-006 1.06764e-010 1.06764e-010
3.71 -1.70601e-005 -6.07621e-006 4.00747e-006 1.06076e-010 1.06076e-010
3.72 -1.71042e-005 -6.2053e-006 4.03475e-006 1.05039e-010 1.05039e-010
3.73 -1.71578e-005 -6.27931e-006 3.98973e-006 1.04134e-010 1.04134e-010
3.74 -1.72159e-005 -6.30197e-006 3.88748e-006 1.04135e-010 1.04135e-010
3.75 -1.72726e-005 -6.28552e-006 3.7514e-006 1.05461e-010 1.05461e-010
3.76 -1.73229e-005 -6.24258e-006 3.59554e-006 1.07771e-010 1.07771e-010
3.77 -1.73631e-005 -6.17955e-006 3.42311e-006 1.10072e-010 1.10072e-010
3.78 -1.7391e-005 -6.0967e-006 3.23424e-006 1.11207e-010 1.11207e-010
3.79 -1.74067e-005 -5.99286e-006 3.02639e-006 1.10445e-010 1.10445e-010
3.8 -1.74122e-005 -5.86518e-006 2.79448e-006 1.07819e-010 1.07819e-010
3.81 -1.74102e-005 -5.7079e-006 2.53827e-006 1.04145e-010 1.04145e-010
3.82 -1.74029e-005 -5.51781e-006 2.27066e-006 1.00755e-010 1.00755e-010
3.83 -1.73911e-005 -5.29475e-006 2.01427e-006 9.88978e-011 9.88978e-011
3.84 -1.7375e-005 -5.03689e-006 1.77952e-006 9.9206e-011 9.9206e-011
3.85 -1.73559e-005 -4.74682e-006 1.54755e-006 1.01371e-010 1.01371e-010
3.86 -1.73355e-005 -4.43705e-006 1.29251e-006 1.04285e-010 1.04285e-010
3.87 -1.73148e-005 -4.12511e-006 1.01382e-006 1.06892e-010 1.06892e-010
3.88 -1.72924e-005 -3.82745e-006 7.31756e-007 1.0879e-010 1.0879e-010
3.89 -1.72684e-005 -3.55557e-006 4.65006e-007 1.09864e-010 1.09864e-010
3.9 -1.72444e-005 -3.31777e-006 2.19685e-007 1.09824e-010 1.09824e-010
3.91 -1.72245e-005 -3.1247e-006 -3.5031e-009 1.0849e-010 1.0849e-010
3.92 -1.72127e-005 -2.98849e-006 -1.97235e-007 1.06187e-010 1.06187e-010
3.93 -1.72099e-005 -2.90627e-006 -3.49008e-007 1.0358e-010 1.0358e-010
3.94 -1.72164e-005 -2.84911e-006 -4.50936e-007 1.01194e-010 1.01194e-010
3.95 -1.72268e-005 -2.78178e-006 -5.02179e-007 9.92079e-011 9.92079e-011
3.96 -1.72351e-005 -2.68618e-006 -5.03496e-007 9.7815e-011 9.7815e-011
3.97 -1.72344e-005 -2.56341e-006 -4.61272e-007 9.74903e-011 9.74903e-011
3.98 -1.72178e-005 -2.42372e-006 -3.87849e-007 9.85979e-011 9.85979e-011
3.99 -1.71795e-005 -2.2809e-006 -2.9242e-007 1.00965e-010 1.00965e-010
4 -1.71173e-005 -2.16044e-006 -1.75875e-007 1.04061e-010 1.04061e-010
4.01 -1.70348e-005 -2.10193e-006 -3.24253e-008 1.07338e-010 1.07338e-010
4.02 -1.69406e-005 -2.1312e-006 1.41663e-007 1.10119e-010 1.10119e-010
4.03 -1.68461e-005 -2.23921e-006 3.37878e-007 1.11449e-010 1.11449e-010
4.04 -1.67645e-005 -2.40019e-006 5.40388e-007 1.1054e-010 1.1054e-010
4.05 -1.67082e-005 -2.58833e-006 7.37963e-007 1.07483e-010 1.07483e-010
4.06 -1.66843e-005 -2.77022e-006 9.27671e-007 1.03376e-010 1.03376e-010
4.07 -1.66924e-005 -2.91177e-006 1.11492e-006 9.97624e-011 9.97624e-011
4.08 -1.67262e-005 -3.00756e-006 1.31268e-006 9.80046e-011 9.80046e-011
4.09 -1.67751e-005 -3.0848e-006 1.53784e-006 9.88922e-011 9.88922e-011
4.1 -1.68257e-005 -3.17675e-006 1.80253e-006 1.02258e-010 1.02258e-010
4.11 -1.68643e-005 -3.30738e-006 2.10429e-006 1.06752e-010 1.06752e-010
4.12 -1.68808e-005 -3.48615e-006 2.42372e-006 1.10248e-010 1.10248e-010
4.13 -1.68706e-005 -3.69961e-006 2.73253e-006 1.10916e-010 1.10916e-010
4.14 -1.68345e-005 -3.92391e-006 3.00476e-006 1.08267e-010 1.08267e-010
4.15 -1.67807e-005 -4.14718e-006 3.22342e-006 1.03514e-010 1.03514e-010
4.16 -1.67226e-005 -4.36692e-006 3.382e-006 9.90003e-011 9.90003e-011
4.17 -1.66747e-005 -4.57828e-006 3.48392e-006 9.6995e-011 9.6995e-011
4.18 -1.66495e-005 -4.76959e-006 3.54205e-006 9.86572e-011 9.86572e-011
4.19 -1.66536e-005 -4.92248e-006 3.5792e-006 1.03698e-010 1.03698e-010
4.2 -1.66867e-005 -5.02349e-006 3.62173e-006 1.10524e-010 1.10524e-010
4.21 -1.6743e-005 -5.0722e-006 3.6844e-006 1.16682e-010 1.16682e-010
4.22 -1.68118e-005 -5.07426e-006 3.76056e-006 1.1966e-010 1.1966e-010
4.23 -1.68807e-005 -5.0429e-006 3.82865e-006 1.17956e-010 1.17956e-010
4.24 -1.69378e-005 -5.00164e-006 3.8663e-006 1.11897e-010 1.11897e-010
4.25 -1.69731e-005 -4.96218e-006 3.85821e-006 1.03593e-010 1.03593e-010
4.26 -1.698e-005 -4.91522e-006 3.79816e-006 9.60066e-011 9.60066e-011
4.27 -1.69584e-005 -4.8507e-006 3.68654e-006 9.16771e-011 9.16771e-011
4.28 -1.69143e-005 -4.76245e-006 3.52901e-006 9.18819e-011 9.18819e-011
4.29 -1.6857e-005 -4.64258e-006 3.33824e-006 9.6363e-011 9.6363e-011
4.3 -1.67986e-005 -4.49554e-006 3.13001e-006 1.03477e-010 1.03477e-010
4.31 -1.67524e-005 -4.34189e-006 2.91405e-006 1.10772e-010 1.10772e-010
4.32 -1.67293e-005 -4.19411e-006 2.69201e-006 1.15864e-010 1.15864e-010
4.33 -1.67341e-005 -4.04493e-006 2.46415e-006 1.1729e-010 1.1729e-010
4.34 -1.6765e-005 -3.88113e-006 2.23682e-006 1.14911e-010 1.14911e-010
4.35 -1.68148e-005 -3.69434e-006 2.02289e-006 1.09923e-010 1.09923e-010
4.36 -1.68725e-005 -3.48368e-006 1.83034e-006 1.04358e-010 1.04358e-010
4.37 -1.6927e-005 -3.26072e-006 1.65098e-006 1.00116e-010 1.00116e-010
4.38 -1.69697e-005 -3.04985e-006 1.46696e-006 9.82557e-011 9.82557e-011
4.39 -1.6996e-005 -2.88322e-006 1.26864e-006 9.88694e-011 9.88694e-011
4.4 -1.70056e-005 -2.78804e-006 1.0625e-006 1.01218e-010 1.01218e-010
4.41 -1.70013e-005 -2.76409e-006 8.62614e-007 1.04017e-010 1.04017e-010
4.42 -1.69891e-005 -2.77919e-006 6.79133e-007 1.05831e-010 1.05831e-010
4.43 -1.69751e-005 -2.78721e-006 5.15306e-007 1.05657e-010 1.05657e-010
4.44 -1.69645e-005 -2.74356e-006 3.74439e-007 1.03619e-010 1.03619e-010
4.45 -1.69584e-005 -2.6263e-006 2.64109e-007 1.01052e-010 1.01052e-010
4.46 -1.69573e-005 -2.45919e-006 1.9142e-007 9.97654e-011 9.97654e-011
4.47 -1.69612e-005 -2.30057e-006 1.53178e-007 1.01024e-010 1.01024e-010
4.48 -1.69689e-005 -2.20169e-006 1.39927e-007 1.04772e-010 1.04772e-010
4.49 -1.69773e-005 -2.18485e-006 1.49999e-007 1.09537e-010 1.09537e-010
4.5 -1.69836e-005 -2.24952e-006 1.92207e-007 1.13167e-010 1.13167e-010
4.51 -1.6986e-005 -2.37375e-006 2.73558e-007 1.13854e-010 1.13854e-010
4.52 -1.69837e-005 -2.51534e-006 3.90225e-007 1.10808e-010 1.10808e-010
4.53 -1.69769e-005 -2.63878e-006 5.33504e-007 1.04614e-010 1.04614e-010
4.54 -1.69665e-005 -2.73615e-006 7.0016e-007 9.73e-011 9.73e-011
4.55 -1.69527e-005 -2.815e-006 8.89496e-007 9.17127e-011 9.17127e-011
4.56 -1.69361e-005 -2.89025e-006 1.0923e-006 9.01464e-011 9.01464e-011
4.57 -1.69183e-005 -2.98397e-006 1.29235e-006 9.3202e-011 9.3202e-011
4.58 -1.69009e-005 -3.10862e-006 1.47892e-006 9.97053e-011 9.97053e-011
4.59 -1.68836e-005 -3.251e-006 1.65172e-006 1.07422e-010 1.07422e-010
4.6 -1.68652e-005 -3.38153e-006 1.81578e-006 1.13903e-010 1.13903e-010
4.61 -1.68452e-005 -3.48531e-006 1.97808e-006 1.17263e-010 1.17263e-010
4.62 -1.6826e-005 -3.5808e-006 2.14801e-006 1.16906e-010 1.16906e-010
4.63 -1.68104e-005 -3.69445e-006 2.3336e-006 1.13649e-010 1.13649e-010
4.64 -1.67983e-005 -3.82087e-006 2.53183e-006 1.08941e-010 1.08941e-010
4.65 -1.67879e-005 -3.9265e-006 2.72274e-006 1.04014e-010 1.04014e-010
4.66 -1.67789e-005 -3.9891e-006 2.87499e-006 9.97352e-011 9.97352e-011
4.67 -1.67732e-005 -4.01677e-006 2.96208e-006 9.69997e-011 9.69997e-011
4.68 -1.67724e-005 -4.03147e-006 2.9788e-006 9.67218e-011 9.67218e-011
4.69 -1.67766e-005 -4.04563e-006 2.94083e-006 9.9171e-011 9.9171e-011
4.7 -1.67842e-005 -4.05081e-006 2.87094e-006 1.03502e-010 1.03502e-010
4.71 -1.67923e-005 -4.02505e-006 2.78851e-006 1.081e-010 1.081e-010
4.72 -1.67987e-005 -3.95895e-006 2.70468e-006 1.11425e-010 1.11425e-010
4.73 -1.68042e-005 -3.86947e-006 2.61687e-006 1.12646e-010 1.12646e-010
4.74 -1.68103e-005 -3.77927e-006 2.51247e-006 1.11717e-010 1.11717e-010
4.75 -1.68179e-005 -3.6959e-006 2.38184e-006 1.09156e-010 1.09156e-010
4.76 -1.68261e-005 -3.61029e-006 2.22364e-006 1.05876e-010 1.05876e-010
4.77 -1.68333e-005 -3.49931e-006 2.04203e-006 1.02982e-010 1.02982e-010
4.78 -1.68375e-005 -3.34475e-006 1.84378e-006 1.01388e-010 1.01388e-010
4.79 -1.68394e-005 -3.15995e-006 1.63579e-006 1.01472e-010 1.01472e-010
4.8 -1.68412e-005 -2.97867e-006 1.42484e-006 1.03028e-010 1.03028e-010
4.81 -1.68448e-005 -2.82507e-006 1.21585e-006 1.05324e-010 1.05324e-010
4.82 -1.68526e-005 -2.70923e-006 1.00681e-006 1.0722e-010 1.0722e-010
4.83 -1.68665e-005 -2.62624e-006 7.9575e-007 1.07649e-010 1.07649e-010
4.84 -1.68839e-005 -2.54428e-006 5.96309e-007 1.06276e-010 1.06276e-010
4.85 -1.68995e-005 -2.4247e-006 4.3092e-007 1.03736e-010 1.03736e-010
4.86 -1.69115e-005 -2.27868e-006 3.05197e-007 1.01256e-010 1.01256e-010
4.87 -1.69244e-005 -2.17094e-006 2.0146e-007 1.00004e-010 1.00004e-010
4.88 -1.69428e-005 -2.14839e-006 9.608e-008 1.0052e-010 1.0052e-010
4.89 -1.69664e-005 -2.19738e-006 -1.81808e-008 1.02459e-010 1.02459e-010
4.9 -1.69933e-005 -2.27351e-006 -1.24711e-007 1.04843e-010 1.04843e-010
4.91 -1.70217e-005 -2.34682e-006 -2.02966e-007 1.06711e-010 1.06711e-010
4.92 -1.70526e-005 -2.40964e-006 -2.52457e-007 1.07529e-010 1.07529e-010
4.93 -1.70869e-005 -2.46008e-006 -2.92238e-007 1.07114e-010 1.07114e-010
4.94 -1.71257e-005 -2.5056e-006 -3.38843e-007 1.0563e-010 1.0563e-010
4.95 -1.71695e-005 -2.57639e-006 -3.92256e-007 1.03824e-010 1.03824e-010
4.96 -1.72182e-005 -2.70367e-006 -4.36332e-007 1.02818e-010 1.02818e-010
4.97 -1.72705e-005 -2.88614e-006 -4.44896e-007 1.0323e-010 1.0323e-010
4.98 -1.73221e-005 -3.10167e-006 -3.96534e-007 1.04551e-010 1.04551e-010
4.99 -1.73725e-005 -3.34162e-006 -2.92671e-007 1.05583e-010 1.05583e-010
5 -1.74242e-005 -3.60367e-006 -1.64488e-007 1.05337e-010 1.05337e-010
5.01 -1.74779e-005 -3.86309e-006 -5.16653e-008 1.03493e-010 1.03493e-010
5.02 -1.75308e-005 -4.08807e-006 3.07846e-008 1.00564e-010 1.00564e-010
5.03 -1.75787e-005 -4.27103e-006 1.00618e-007 9.80134e-011 9.80134e-011
5.04 -1.76176e-005 -4.42302e-006 1.8484e-007 9.77042e-011 9.77042e-011
5.05 -1.76452e-005 -4.56166e-006 2.9549e-007 1.00555e-010 1.00555e-010
5.06 -1.7663e-005 -4.71893e-006 4.25544e-007 1.05695e-010 1.05695e-010
5.07 -1.76763e-005 -4.92417e-006 5.56528e-007 1.11028e-010 1.11028e-010
5.08 -1.76891e-005 -5.16564e-006 6.69563e-007 1.14387e-010 1.14387e-010
5.09 -1.77036e-005 -5.39716e-006 7.54765e-007 1.14342e-010 1.14342e-010
5.1 -1.77216e-005 -5.57961e-006 8.11383e-007 1.10767e-010 1.10767e-010
5.11 -1.77435e-005 -5.68988e-006 8.45061e-007 1.05089e-010 1.05089e-010
5.12 -1.77655e-005 -5.70635e-006 8.64186e-007 9.97124e-011 9.97124e-011
5.13 -1.77823e-005 -5.62789e-006 8.73058e-007 9.68324e-011 9.68324e-011
5.14 -1.77909e-005 -5.50212e-006 8.72533e-007 9.75369e-011 9.75369e-011
5.15 -1.779e-005 -5.39609e-006 8.67492e-007 1.01535e-010 1.01535e-010
5.16 -1.77781e-005 -5.33822e-006 8.61742e-007 1.07184e-010 1.07184e-010
5.17 -1.77553e-005 -5.31486e-006 8.46521e-007 1.11869e-010 1.11869e-010
5.18 -1.77254e-005 -5.30137e-006 8.04423e-007 1.13151e-010 1.13151e-010
5.19 -1.7694e-005 -5.26583e-006 7.20757e-007 1.10223e-010 1.10223e-010
5.2 -1.76635e-005 -5.15781e-006 5.92436e-007 1.04437e-010 1.04437e-010
5.21 -1.76312e-005 -4.92963e-006 4.38714e-007 9.85495e-011 9.85495e-011
5.22 -1.75916e-005 -4.58149e-006 3.05571e-007 9.55078e-011 9.55078e-011
5.23 -1.7537e-005 -4.1609e-006 2.49117e-007 9.72665e-011 9.72665e-011
5.24 -1.7459e-005 -3.72483e-006 3.05014e-007 1.03589e-010 1.03589e-010
5.25 -1.73518e-005 -3.32275e-006 4.71667e-007 1.11607e-010 1.11607e-010
5.26 -1.72134e-005 -2.98465e-006 7.18853e-007 1.17075e-010 1.17075e-010
5.27 -1.70451e-005 -2.70517e-006 1.00809e-006 1.16692e-010 1.16692e-010
5.28 -1.6852e-005 -2.4588e-006 1.30695e-006 1.09845e-010 1.09845e-010
5.29 -1.66446e-005 -2.22835e-006 1.59243e-006 9.88618e-011 9.88618e-011
5.3 -1.64354e-005 -1.99704e-006 1.84993e-006 8.78935e-011 8.78935e-011
5.31 -1.62352e-005 -1.7368e-006 2.07574e-006 8.11983e-011 8.11983e-011
5.32 -1.60523e-005 -1.43455e-006 2.28259e-006 8.16008e-011 8.16008e-011
5.33 -1.58899e-005 -1.1087e-006 2.50035e-006 8.9316e-011 8.9316e-011
5.34 -1.57479e-005 -7.90629e-007 2.76489e-006 1.01625e-010 1.01625e-010
5.35 -1.56198e-005 -4.99832e-007 3.10456e-006 1.13771e-010 1.13771e-010
5.36 -1.54962e-005 -2.38936e-007 3.5319e-006 1.20597e-010 1.20597e-010
5.37 -1.5369e-005 -2.44859e-008 4.02963e-006 1.18407e-010 1.18407e-010
5.38 -1.52381e-005 9.57039e-008 4.54536e-006 1.06621e-010 1.06621e-010
5.39 -1.51103e-005 8.60408e-008 5.01835e-006 8.83903e-011 8.83903e-011
5.4 -1.49904e-005 -2.75609e-008 5.41695e-006 6.94725e-011 6.94725e-011
5.41 -1.48827e-005 -1.77716e-007 5.73805e-006 5.5724e-011 5.5724e-011
5.42 -1.47945e-005 -3.08946e-007 5.98053e-006 5.11168e-011 5.11168e-011
5.43 -1.4738e-005 -4.16005e-007 6.13072e-006 5.68836e-011 5.68836e-011
5.44 -1.47264e-005 -5.40207e-007 6.17827e-006 7.09954e-011 7.09954e-011
5.45 -1.47674e-005 -7.20526e-007 6.14143e-006 8.88035e-011 8.88035e-011
5.46 -1.48585e-005 -9.57859e-007 6.06183e-006 1.0474e-010 1.0474e-010
5.47 -1.49916e-005 -1.23117e-006 5.97228e-006 1.1411e-010 1.1411e-010
5.48 -1.51567e-005 -1.52327e-006 5.88038e-006 1.14474e-010 1.14474e-010
5.49 -1.53428e-005 -1.82599e-006 5.77434e-006 1.06179e-010 1.06179e-010
5.5 -1.55408e-005 -2.15134e-006 5.63021e-006 9.21977e-011 9.21977e-011
5.51 -1.57471e-005 -2.53371e-006 5.41588e-006 7.72047e-011 7.72047e-011
5.52 -1.59613e-005 -2.98794e-006 5.0998e-006 6.59171e-011 6.59171e-011
5.53 -1.61841e-005 -3.48531e-006 4.66436e-006 6.12985e-011 6.12985e-011
5.54 -1.64186e-005 -3.98906e-006 4.11325e-006 6.35445e-011 6.35445e-011
5.55 -1.66705e-005 -4.47777e-006 3.46278e-006 7.06563e-011 7.06563e-011
5.56 -1.69448e-005 -4.94023e-006 2.72708e-006 7.97825e-011 7.97825e-011
5.57 -1.72494e-005 -5.37764e-006 1.92473e-006 8.78799e-011 8.78799e-011
5.58 -1.75869e-005 -5.80537e-006 1.09449e-006 9.27077e-011 9.27077e-011
5.59 -1.79473e-005 -6.24092e-006 2.90249e-007 9.39277e-011 9.39277e-011
5.6 -1.83254e-005 -6.69811e-006 -4.44656e-007 9.2295e-011 9.2295e-011
5.61 -1.87075e-005 -7.18912e-006 -1.10384e-006 8.87444e-011 8.87444e-011
5.62 -1.90861e-005 -7.70772e-006 -1.70218e-006 8.43956e-011 8.43956e-011
5.63 -1.9444e-005 -8.20978e-006 -2.25991e-006 8.0553e-011 8.0553e-011
5.64 -1.97627e-005 -8.63046e-006 -2.78923e-006 7.81522e-011 7.81522e-011
5.65 -2.0032e-005 -8.93297e-006 -3.29898e-006 7.71546e-011 7.71546e-011
5.66 -2.02469e-005 -9.13396e-006 -3.79432e-006 7.74737e-011 7.74737e-011
5.67 -2.04076e-005 -9.2833e-006 -4.26674e-006 7.94791e-011 7.94791e-011
5.68 -2.0518e-005 -9.41355e-006 -4.68799e-006 8.304e-011 8.304e-011
5.69 -2.05791e-005 -9.50753e-006 -5.02295e-006 8.70148e-011 8.70148e-011
5.7 -2.059e-005 -9.51511e-006 -5.24755e-006 8.99299e-011 8.99299e-011
5.71 -2.05553e-005 -9.39741e-006 -5.35155e-006 9.10575e-011 9.10575e-011
5.72 -2.04807e-005 -9.14759e-006 -5.33243e-006 9.05723e-011 9.05723e-011
5.73 -2.03639e-005 -8.77077e-006 -5.18537e-006 8.90464e-011 8.90464e-011
5.74 -2.01959e-005 -8.25767e-006 -4.90554e-006 8.71668e-011 8.71668e-011
5.75 -1.99646e-005 -7.58594e-006 -4.50131e-006 8.54843e-011 8.54843e-011
5.76 -1.96595e-005 -6.74925e-006 -4.00124e-006 8.41843e-011 8.41843e-011
5.77 -1.92765e-005 -5.77804e-006 -3.44505e-006 8.32543e-011 8.32543e-011
5.78 -1.88196e-005 -4.73131e-006 -2.86842e-006 8.27993e-011 8.27993e-011
5.79 -1.8303e-005 -3.68567e-006 -2.29654e-006 8.30571e-011 8.30571e-011
5.8 -1.77526e-005 -2.72684e-006 -1.74228e-006 8.40226e-011 8.40226e-011
5.81 -1.72011e-005 -1.91195e-006 -1.20447e-006 8.53002e-011 8.53002e-011
5.82 -1.66779e-005 -1.20378e-006 -6.72316e-007 8.62758e-011 8.62758e-011
5.83 -1.62004e-005 -4.66093e-007 -1.32702e-007 8.6186e-011 8.6186e-011
5.84 -1.57737e-005 4.24338e-007 4.28626e-007 8.52745e-011 8.52745e-011
5.85 -1.53856e-005 1.46799e-006 1.03564e-006 8.56055e-011 8.56055e-011
5.86 -1.50398e-005 2.54946e-006 1.70845e-006 8.89001e-011 8.89001e-011
5.87 -1.4729e-005 3.53376e-006 2.45543e-006 9.46519e-011 9.46519e-011
5.88 -1.44331e-005 4.32548e-006 3.24526e-006 9.97481e-011 9.97481e-011
5.89 -1.41373e-005 4.88793e-006 4.02256e-006 9.96952e-011 9.96952e-011
5.9 -1.38386e-005 5.24147e-006 4.74144e-006 9.22058e-011 9.22058e-011
5.91 -1.35403e-005 5.43211e-006 5.38132e-006 7.84611e-011 7.84611e-011
5.92 -1.32568e-005 5.50896e-006 5.94478e-006 6.19184e-011 6.19184e-011
5.93 -1.30037e-005 5.52476e-006 6.45426e-006 4.74403e-011 4.74403e-011
5.94 -1.2796e-005 5.51347e-006 6.94906e-006 3.95934e-011 3.95934e-011
5.95 -1.26463e-005 5.46178e-006 7.46834e-006 4.03327e-011 4.03327e-011
5.96 -1.25645e-005 5.31053e-006 8.02394e-006 4.83044e-011 4.83044e-011
5.97 -1.25571e-005 4.99391e-006 8.59329e-006 5.98157e-011 5.98157e-011
5.98 -1.26242e-005 4.47955e-006 9.1364e-006 6.99341e-011 6.99341e-011
5.99 -1.27619e-005 3.76093e-006 9.61256e-006 7.39517e-011 7.39517e-011
6 -1.29701e-005 2.81526e-006 9.98547e-006 6.94964e-011 6.94964e-011
6.01 -1.32558e-005 1.59273e-006 1.02266e-005 5.80628e-011 5.80628e-011
6.02 -1.36286e-005 6.40758e-008 1.03274e-005 4.42681e-011 4.42681e-011
6.03 -1.40957e-005 -1.74793e-006 1.03129e-005 3.29876e-011 3.29876e-011
6.04 -1.46589e-005 -3.77795e-006 1.0228e-005 2.6871e-011 2.6871e-011
6.05 -1.53142e-005 -5.92743e-006 1.00954e-005 2.55096e-011 2.55096e-011
6.06 -1.60561e-005 -8.08633e-006 9.89523e-006 2.70606e-011 2.70606e-011
6.07 -1.68706e-005 -1.01594e-005 9.58199e-006 2.99815e-011 2.99815e-011
6.08 -1.77288e-005 -1.20749e-005 9.11416e-006 3.24273e-011 3.24273e-011
6.09 -1.85956e-005 -1.38103e-005 8.46654e-006 3.36916e-011 3.36916e-011
6.1 -1.94415e-005 -1.53935e-005 7.63861e-006 3.6256e-011 3.6256e-011
6.11 -2.02413e-005 -1.68489e-005 6.66113e-006 4.30079e-011 4.30079e-011
6.12 -2.09675e-005 -1.81604e-005 5.58612e-006 5.28528e-011 5.28528e-011
6.13 -2.15964e-005 -1.92766e-005 4.47531e-006 6.12184e-011 6.12184e-011
6.14 -2.212e-005 -2.01103e-005 3.38177e-006 6.32375e-011 6.32375e-011
6.15 -2.25148e-005 -2.05389e-005 2.33896e-006 5.59438e-011 5.59438e-011
6.16 -2.27647e-005 -2.04539e-005 1.36559e-006 4.04178e-011 4.04178e-011
6.17 -2.28613e-005 -1.98114e-005 4.6101e-007 2.09458e-011 2.09458e-011
6.18 -2.28068e-005 -1.86383e-005 -3.87022e-007 2.87032e-012 2.87032e-012
6.19 -2.26014e-005 -1.70276e-005 -1.18309e-006 -8.01989e-012 -8.01989e-012
6.2 -2.22443e-005 -1.51234e-005 -1.90546e-006 -7.20895e-012 -7.20895e-012
6.21 -2.17427e-005 -1.30526e-005 -2.51321e-006 5.44446e-012 5.44446e-012
6.22 -2.11066e-005 -1.08496e-005 -2.97712e-006 2.45286e-011 2.45286e-011
6.23 -2.03449e-005 -8.46244e-006 -3.30133e-006 4.1715e-011 4.1715e-011
6.24 -1.94893e-005 -5.84225e-006 -3.50823e-006 4.99685e-011 4.99685e-011
6.25 -1.8552e-005 -3.03103e-006 -3.6205e-006 4.69055e-011 4.69055e-011
6.26 -1.75638e-005 -1.88859e-007 -3.62611e-006 3.49745e-011 3.49745e-011
6.27 -1.66086e-005 2.45094e-006 -3.49811e-006 1.98753e-011 1.98753e-011
6.28 -1.57217e-005 4.70601e-006 -3.22314e-006 9.57672e-012 9.57672e-012
6.29 -1.4941e-005 6.54996e-006 -2.80761e-006 1.0557e-011 1.0557e-011
6.3 -1.42651e-005 8.13571e-006 -2.26446e-006 2.2671e-011 2.2671e-011
6.31 -1.36887e-005 9.6386e-006 -1.61981e-006 3.9672e-011 3.9672e-011
6.32 -1.3211e-005 1.10754e-005 -9.21979e-007 5.50337e-011 5.50337e-011
6.33 -1.28317e-005 1.2285e-005 -2.47723e-007 6.44375e-011 6.44375e-011
6.34 -1.2558e-005 1.30289e-005 3.15644e-007 6.49716e-011 6.49716e-011
6.35 -1.24007e-005 1.31194e-005 7.06273e-007 5.75186e-011 5.75186e-011
6.36 -1.2384e-005 1.2528e-005 9.14846e-007 4.76595e-011 4.76595e-011
6.37 -1.25174e-005 1.14381e-005 9.73471e-007 4.11687e-011 4.11687e-011
6.38 -1.27884e-005 1.01787e-005 9.29225e-007 4.00989e-011 4.00989e-011
6.39 -1.31812e-005 8.99807e-006 8.26329e-007 4.38954e-011 4.38954e-011
6.4 -1.36859e-005 7.89348e-006 6.97422e-007 5.2081e-011 5.2081e-011
6.41 -1.42867e-005 6.71582e-006 5.65721e-007 6.35306e-011 6.35306e-011
6.42 -1.49515e-005 5.36217e-006 4.59085e-007 7.4323e-011 7.4323e-011
6.43 -1.56376e-005 3.80966e-006 4.20292e-007 7.89098e-011 7.89098e-011
6.44 -1.63027e-005 2.08376e-006 4.96932e-007 7.37246e-011 7.37246e-011
6.45 -1.69141e-005 2.68465e-007 7.13106e-007 5.92746e-011 5.92746e-011
6.46 -1.74335e-005 -1.50809e-006 1.05412e-006 3.93199e-011 3.93199e-011
6.47 -1.78421e-005 -3.15367e-006 1.47453e-006 1.98206e-011 1.98206e-011
6.48 -1.81606e-005 -4.67429e-006 1.9288e-006 7.09774e-012 7.09774e-012
6.49 -1.84084e-005 -6.13838e-006 2.38285e-006 5.47306e-012 5.47306e-012
6.5 -1.86008e-005 -7.59226e-006 2.82489e-006 1.67456e-011 1.67456e-011
6.51 -1.87675e-005 -9.0327e-006 3.25358e-006 3.742e-011 3.742e-011
6.52 -1.89367e-005 -1.04502e-005 3.66607e-006 5.78399e-011 5.78399e-011
6.53 -1.91392e-005 -1.18794e-005 4.06323e-006 7.15583e-011 7.15583e-011
6.54 -1.94049e-005 -1.33856e-005 4.44704e-006 8.00808e-011 8.00808e-011
6.55 -1.97495e-005 -1.49707e-005 4.80947e-006 8.34135e-011 8.34135e-011
6.56 -2.0168e-005 -1.65236e-005 5.13189e-006 7.79583e-011 7.79583e-011
6.57 -2.06355e-005 -1.78757e-005 5.39135e-006 6.47378e-011 6.47378e-011
6.58 -2.11129e-005 -1.88797e-005 5.56661e-006 5.01356e-011 5.01356e-011
6.59 -2.15559e-005 -1.94705e-005 5.64595e-006 3.96034e-011 3.96034e-011
6.6 -2.19084e-005 -1.9696e-005 5.62534e-006 3.51021e-011 3.51021e-011
6.61 -2.21347e-005 -1.96786e-005 5.49464e-006 3.71687e-011 3.71687e-011
6.62 -2.22231e-005 -1.95339e-005 5.22834e-006 4.56066e-011 4.56066e-011
6.63 -2.21803e-005 -1.93188e-005 4.79336e-006 5.77336e-011 5.77336e-011
6.64 -2.20258e-005 -1.90213e-005 4.16894e-006 6.79001e-011 6.79001e-011
6.65 -2.17967e-005 -1.85735e-005 3.37451e-006 7.12075e-011 7.12075e-011
6.66 -2.15324e-005 -1.78992e-005 2.47249e-006 6.75094e-011 6.75094e-011
6.67 -2.12692e-005 -1.69472e-005 1.54892e-006 6.07194e-011 6.07194e-011
6.68 -2.10292e-005 -1.56815e-005 6.86048e-007 5.50506e-011 5.50506e-011
6.69 -2.08098e-005 -1.40688e-005 -5.86411e-008 5.26847e-011 5.26847e-011
6.7 -2.05886e-005 -1.21e-005 -6.47316e-007 5.40597e-011 5.40597e-011
6.71 -2.03226e-005 -9.83384e-006 -1.05112e-006 5.84925e-011 5.84925e-011
6.72 -1.99691e-005 -7.40684e-006 -1.25666e-006 6.43183e-011 6.43183e-011
6.73 -1.94908e-005 -4.96583e-006 -1.29563e-006 6.83342e-011 6.83342e-011
6.74 -1.88668e-005 -2.58291e-006 -1.25748e-006 6.63979e-011 6.63979e-011
6.75 -1.80987e-005 -2.54416e-007 -1.26946e-006 5.71907e-011 5.71907e-011
6.76 -1.714e-005 2.06752e-006 -1.44581e-006 4.12923e-011 4.12923e-011
6.77 -1.61618e-005 4.42794e-006 -1.80282e-006 2.18602e-011 2.18602e-011
6.78 -1.5189e-005 6.88388e-006 -2.30596e-006 9.72077e-012 9.72077e-012
6.79 -1.42647e-005 9.42555e-006 -2.8718e-006 1.39512e-011 1.39512e-011
6.8 -1.34596e-005 1.1962e-005 -3.42308e-006 3.44172e-011 3.44172e-011
6.81 -1.28249e-005 1.435e-005 -3.90847e-006 6.9427e-011 6.9427e-011
6.82 -1.23748e-005 1.64637e-005 -4.30354e-006 1.1582e-010 1.1582e-010
6.83 -1.20999e-005 1.82103e-005 -4.61497e-006 1.62548e-010 1.62548e-010
6.84 -1.19818e-005 1.94847e-005 -4.87054e-006 1.95385e-010 1.95385e-010
6.85 -1.20034e-005 2.01968e-005 -5.10494e-006 2.08317e-010 2.08317e-010
6.86 -1.21438e-005 2.03426e-005 -5.3446e-006 2.03341e-010 2.03341e-010
6.87 -1.23934e-005 2.00049e-005 -5.59435e-006 1.83934e-010 1.83934e-010
6.88 -1.27452e-005 1.92687e-005 -5.83771e-006 1.56992e-010 1.56992e-010
6.89 -1.31833e-005 1.81542e-005 -6.0438e-006 1.3311e-010 1.3311e-010
6.9 -1.36969e-005 1.66356e-005 -6.17252e-006 1.21209e-010 1.21209e-010
6.91 -1.42789e-005 1.47203e-005 -6.1886e-006 1.23305e-010 1.23305e-010
6.92 -1.49169e-005 1.24839e-005 -6.08654e-006 1.34002e-010 1.34002e-010
6.93 -1.56075e-005 9.99073e-006 -5.89886e-006 1.48072e-010 1.48072e-010
6.94 -1.63561e-005 7.21555e-006 -5.66753e-006 1.62376e-010 1.62376e-010
6.95 -1.71681e-005 4.08512e-006 -5.4013e-006 1.70825e-010 1.70825e-010
6.96 -1.80531e-005 5.97194e-007 -5.06457e-006 1.65841e-010 1.65841e-010
6.97 -1.89967e-005 -3.13226e-006 -4.62175e-006 1.45456e-010 1.45456e-010
6.98 -1.99805e-005 -6.92112e-006 -4.07314e-006 1.17659e-010 1.17659e-010
6.99 -2.10207e-005 -1.06026e-005 -3.4769e-006 9.38796e-011 9.38796e-011
7 -2.20736e-005 -1.40535e-005 -2.88671e-006 7.49621e-011 7.49621e-011
7.01 -2.30914e-005 -1.71269e-005 -2.34439e-006 5.66979e-011 5.66979e-011
7.02 -2.40374e-005 -1.96753e-005 -1.87076e-006 4.51083e-011 4.51083e-011
7.03 -2.48486e-005 -2.16466e-005 -1.46626e-006 4.64805e-011 4.64805e-011
7.04 -2.54613e-005 -2.31518e-005 -1.09906e-006 5.59131e-011 5.59131e-011
7.05 -2.58695e-005 -2.44555e-005 -6.90405e-007 6.59954e-011 6.59954e-011
7.06 -2.60952e-005 -2.57788e-005 -1.36914e-007 7.54762e-011 7.54762e-011
7.07 -2.61377e-005 -2.71373e-005 6.47205e-007 8.46189e-011 8.46189e-011
7.08 -2.57525e-005 -2.84321e-005 1.73507e-006 9.057e-011 9.057e-011
7.09 -2.51594e-005 -2.93956e-005 3.08112e-006 9.15536e-011 9.15536e-011
7.1 -2.44758e-005 -2.98672e-005 4.63417e-006 9.09819e-011 9.09819e-011
7.11 -2.38187e-005 -2.97844e-005 6.27246e-006 9.87005e-011 9.87005e-011
7.12 -2.3183e-005 -2.91797e-005 7.88405e-006 1.22637e-010 1.22637e-010
7.13 -2.25903e-005 -2.81382e-005 9.35679e-006 1.58008e-010 1.58008e-010
7.14 -2.19945e-005 -2.68074e-005 1.06283e-005 1.93758e-010 1.93758e-010
7.15 -2.13544e-005 -2.53408e-005 1.16814e-005 2.2379e-010 2.2379e-010
7.16 -2.06682e-005 -2.38335e-005 1.25181e-005 2.44259e-010 2.44259e-010
7.17 -1.99398e-005 -2.23071e-005 1.31657e-005 2.4912e-010 2.4912e-010
7.18 -1.91868e-005 -2.0712e-005 1.36684e-005 2.35222e-010 2.35222e-010
7.19 -1.84285e-005 -1.89451e-005 1.40694e-005 2.07435e-010 2.07435e-010
7.2 -1.76993e-005 -1.68942e-005 1.43791e-005 1.75096e-010 1.75096e-010
7.21 -1.69983e-005 -1.44684e-005 1.4583e-005 1.46018e-010 1.46018e-010
7.22 -1.63363e-005 -1.15995e-005 1.46409e-005 1.24495e-010 1.24495e-010
7.23 -1.56987e-005 -8.25304e-006 1.4511e-005 1.11448e-010 1.11448e-010
7.24 -1.50495e-005 -4.47971e-006 1.41645e-005 1.06761e-010 1.06761e-010
7.25 -1.43604e-005 -4.41142e-007 1.35892e-005 1.07897e-010 1.07897e-010
7.26 -1.3606e-005 3.64526e-006 1.27965e-005 1.09157e-010 1.09157e-010
7.27 -1.27394e-005 7.58311e-006 1.18094e-005 1.07825e-010 1.07825e-010
7.28 -1.17938e-005 1.12486e-005 1.06676e-005 1.02054e-010 1.02054e-010
7.29 -1.08312e-005 1.46016e-005 9.39101e-006 8.8083e-011 8.8083e-011
7.3 -9.97468e-006 1.76487e-005 7.97229e-006 6.67373e-011 6.67373e-011
7.31 -9.23949e-006 2.04642e-005 6.44391e-006 4.19703e-011 4.19703e-011
7.32 -8.66855e-006 2.31275e-005 4.85601e-006 1.29347e-011 1.29347e-011
7.33 -8.17286e-006 2.56369e-005 3.25721e-006 -2.25649e-011 -2.25649e-011
7.34 -7.57606e-006 2.78193e-005 1.60834e-006 -4.53608e-011 -4.53608e-011
7.35 -7.30194e-006 2.92699e-005 -6.6465e-008 -8.10648e-012 -8.10648e-012
7.36 -7.29529e-006 2.98348e-005 -1.72974e-006 1.04997e-010 1.04997e-010
7.37 -7.79397e-006 2.95173e-005 -3.32191e-006 2.43825e-010 2.43825e-010
7.38 -8.60225e-006 2.8525e-005 -4.88646e-006 3.6555e-010 3.6555e-010
7.39 -9.65407e-006 2.6969e-005 -6.41608e-006 4.70176e-010 4.70176e-010
7.4 -1.08742e-005 2.48803e-005 -7.89992e-006 5.42654e-010 5.42654e-010
7.41 -1.22364e-005 2.22937e-005 -9.3158e-006 5.41311e-010 5.41311e-010
7.42 -1.37102e-005 1.93152e-005 -1.06362e-005 4.56254e-010 4.56254e-010
7.43 -1.5258e-005 1.60554e-005 -1.1833e-005 3.33993e-010 3.33993e-010
7.44 -1.68562e-005 1.25167e-005 -1.28718e-005 2.36005e-010 2.36005e-010
7.45 -1.84873e-005 8.59718e-006 -1.37204e-005 1.95871e-010 1.95871e-010
7.46 -2.0155e-005 4.2232e-006 -1.43666e-005 2.14685e-010 2.14685e-010
7.47 -2.18378e-005 -5.25577e-007 -1.47952e-005 2.70572e-010 2.70572e-010
7.48 -2.34956e-005 -5.38693e-006 -1.49874e-005 3.25105e-010 3.25105e-010
7.49 -2.50604e-005 -1.00423e-005 -1.49394e-005 3.35393e-010 3.35393e-010
7.5 -2.64705e-005 -1.42581e-005 -1.46906e-005 2.75494e-010 2.75494e-010
7.51 -2.74863e-005 -1.79986e-005 -1.43791e-005 1.46297e-010 1.46297e-010
7.52 -2.82341e-005 -2.12402e-005 -1.40377e-005 -3.65422e-011 -3.65422e-011
7.53 -2.86803e-005 -2.39694e-005 -1.37024e-005 -2.40473e-010 -2.40473e-010
7.54 -2.88026e-005 -2.62307e-005 -1.33377e-005 -4.13581e-010 -4.13581e-010
7.55 -2.8738e-005 -2.80737e-005 -1.2882e-005 -5.17047e-010 -5.17047e-010
7.56 -2.84121e-005 -2.96513e-005 -1.23183e-005 -5.43202e-010 -5.43202e-010
7.57 -2.79166e-005 -3.11158e-005 -1.16232e-005 -5.09501e-010 -5.09501e-010
7.58 -2.72819e-005 -3.24715e-005 -1.0769e-005 -4.49482e-010 -4.49482e-010
7.59 -2.66949e-005 -3.34213e-005 -9.70879e-006 -3.93317e-010 -3.93317e-010
7.6 -2.62489e-005 -3.36093e-005 -8.42604e-006 -3.60919e-010 -3.60919e-010
7.61 -2.58642e-005 -3.28879e-005 -6.94128e-006 -3.63432e-010 -3.63432e-010
7.62 -2.55093e-005 -3.13828e-005 -5.28443e-006 -3.92262e-010 -3.92262e-010
7.63 -2.5137e-005 -2.93838e-005 -3.49266e-006 -4.17004e-010 -4.17004e-010
7.64 -2.46748e-005 -2.71582e-005 -1.58759e-006 -4.07017e-010 -4.07017e-010
7.65 -2.40675e-005 -2.48394e-005 4.30797e-007 -3.51598e-010 -3.51598e-010
7.66 -2.32933e-005 -2.24208e-005 2.55187e-006 -2.60028e-010 -2.60028e-010
7.67 -2.23459e-005 -1.98175e-005 4.75295e-006 -1.51673e-010 -1.51673e-010
7.68 -2.12521e-005 -1.6995e-005 6.99527e-006 -4.8987e-011 -4.8987e-011
7.69 -2.00251e-005 -1.40301e-005 9.23681e-006 2.6513e-011 2.6513e-011
7.7 -1.86035e-005 -1.10177e-005 1.14327e-005 6.24967e-011 6.24967e-011
7.71 -1.69757e-005 -7.95501e-006 1.35433e-005 6.07238e-011 6.07238e-011
7.72 -1.53162e-005 -4.75333e-006 1.55738e-005 3.05924e-011 3.05924e-011
7.73 -1.36989e-005 -1.38194e-006 1.75243e-005 -1.90236e-011 -1.90236e-011
7.74 -1.21773e-005 2.08304e-006 1.93711e-005 -7.61483e-011 -7.61483e-011
7.75 -1.07288e-005 5.54944e-006 2.10875e-005 -1.27963e-010 -1.27963e-010
7.76 -9.04795e-006 9.02417e-006 2.27431e-005 -1.94251e-010 -1.94251e-010
7.77 -6.85268e-006 1.24652e-005 2.42895e-005 -3.31716e-010 -3.31716e-010
7.78 -4.2463e-006 1.57474e-005 2.55975e-005 -5.64173e-010 -5.64173e-010
7.79 -1.83144e-006 1.8595e-005 2.64505e-005 -8.4342e-010 -8.4342e-010
7.8 2.52159e-007 2.08817e-005 2.67867e-005 -1.09364e-009 -1.09364e-009
7.81 1.53201e-006 2.24825e-005 2.65072e-005 -1.2625e-009 -1.2625e-009
7.82 2.0516e-006 2.35339e-005 2.56648e-005 -1.32625e-009 -1.32625e-009
7.83 2.10485e-006 2.43085e-005 2.43437e-005 -1.26863e-009 -1.26863e-009
7.84 1.88431e-006 2.5091e-005 2.26141e-005 -1.09757e-009 -1.09757e-009
7.85 1.43184e-006 2.59842e-005 2.05496e-005 -8.68224e-010 -8.68224e-010
7.86 7.81123e-007 2.69052e-005 1.82386e-005 -6.5719e-010 -6.5719e-010
7.87 -6.90604e-008 2.7683e-005 1.57486e-005 -5.24567e-010 -5.24567e-010
7.88 -1.14126e-006 2.81029e-005 1.31231e-005 -4.8883e-010 -4.8883e-010
7.89 -2.40558e-006 2.79529e-005 1.03761e-005 -5.26475e-010 -5.26475e-010
7.9 -3.90281e-006 2.70529e-005 7.52555e-006 -5.89147e-010 -5.89147e-010
7.91 -5.65389e-006 2.53147e-005 4.60344e-006 -6.17017e-010 -6.17017e-010
7.92 -7.66189e-006 2.27974e-005 1.65312e-006 -5.64021e-010 -5.64021e-010
7.93 -9.93062e-006 1.97203e-005 -1.28175e-006 -4.24425e-010 -4.24425e-010
7.94 -1.23723e-005 1.63889e-005 -4.17364e-006 -2.30194e-010 -2.30194e-010
7.95 -1.49078e-005 1.30493e-005 -7.00352e-006 -2.97395e-011 -2.97395e-011
7.96 -1.72512e-005 9.77694e-006 -9.75312e-006 1.28529e-010 1.28529e-010
7.97 -1.91251e-005 6.51527e-006 -1.23875e-005 2.14026e-010 2.14026e-010
7.98 -2.0808e-005 3.11211e-006 -1.48909e-005 2.20526e-010 2.20526e-010
7.99 -2.24436e-005 -5.82212e-007 -1.72179e-005 1.45765e-010 1.45765e-010
8 -2.40021e-005 -4.57878e-006 -1.92822e-005 -8.38726e-013 -8.38726e-013
8.01 -2.54348e-005 -8.80746e-006 -2.09942e-005 -1.78908e-010 -1.78908e-010
8.02 -2.66757e-005 -1.32298e-005 -2.22875e-005 -3.50422e-010 -3.50422e-010
8.03 -2.74204e-005 -1.78455e-005 -2.32079e-005 -5.19949e-010 -5.19949e-010
8.04 -2.75482e-005 -2.25343e-005 -2.37404e-005 -7.20026e-010 -7.20026e-010
8.05 -2.70221e-005 -2.70514e-005 -2.39523e-005 -9.52664e-010 -9.52664e-010
8.06 -2.61187e-005 -3.10829e-005 -2.38613e-005 -1.18065e-009 -1.18065e-009
8.07 -2.51163e-005 -3.45041e-005 -2.35049e-005 -1.37303e-009 -1.37303e-009
8.08 -2.41206e-005 -3.73287e-005 -2.29328e-005 -1.50853e-009 -1.50853e-009
8.09 -2.33118e-005 -3.95659e-005 -2.21452e-005 -1.56017e-009 -1.56017e-009
8.1 -2.26264e-005 -4.12813e-005 -2.10941e-005 -1.50154e-009 -1.50154e-009
8.11 -2.21809e-005 -4.24327e-005 -1.97356e-005 -1.3398e-009 -1.3398e-009
8.12 -2.1913e-005 -4.29726e-005 -1.80675e-005 -1.13309e-009 -1.13309e-009
8.13 -2.17221e-005 -4.29193e-005 -1.611e-005 -9.45721e-010 -9.45721e-010
8.14 -2.15769e-005 -4.22595e-005 -1.38864e-005 -8.16574e-010 -8.16574e-010
8.15 -2.14205e-005 -4.09889e-005 -1.14092e-005 -7.66996e-010 -7.66996e-010
8.16 -2.12774e-005 -3.91347e-005 -8.68751e-006 -7.94614e-010 -7.94614e-010
8.17 -2.11256e-005 -3.674e-005 -5.74201e-006 -8.60795e-010 -8.60795e-010
8.18 -2.09608e-005 -3.38264e-005 -2.6477e-006 -9.05745e-010 -9.05745e-010
8.19 -2.07787e-005 -3.04171e-005 4.793e-007 -8.83624e-010 -8.83624e-010
8.2 -2.05937e-005 -2.65538e-005 3.51793e-006 -7.83686e-010 -7.83686e-010
8.21 -2.03658e-005 -2.23288e-005 6.39607e-006 -6.23789e-010 -6.23789e-010
8.22 -2.00077e-005 -1.78766e-005 9.077e-006 -4.40587e-010 -4.40587e-010
8.23 -1.91308e-005 -1.3328e-005 1.16307e-005 -2.86529e-010 -2.86529e-010
8.24 -1.72378e-005 -8.88536e-006 1.4057e-005 -2.0653e-010 -2.0653e-010
8.25 -1.47385e-005 -4.69407e-006 1.64317e-005 -2.29431e-010 -2.29431e-010
8.26 -1.21641e-005 -7.9151e-007 1.8837e-005 -3.68984e-010 -3.68984e-010
8.27 -9.66812e-006 2.81096e-006 2.1293e-005 -5.92382e-010 -5.92382e-010
8.28 -7.3218e-006 6.06975e-006 2.37669e-005 -8.33143e-010 -8.33143e-010
8.29 -5.15131e-006 9.00448e-006 2.61816e-005 -1.03974e-009 -1.03974e-009
8.3 -3.09536e-006 1.16356e-005 2.84907e-005 -1.18433e-009 -1.18433e-009
8.31 -9.99953e-007 1.39391e-005 3.06305e-005 -1.25113e-009 -1.25113e-009
8.32 1.34305e-006 1.58637e-005 3.25587e-005 -1.25361e-009 -1.25361e-009
8.33 3.73581e-006 1.73947e-005 3.41689e-005 -1.23988e-009 -1.23988e-009
8.34 5.69749e-006 1.84803e-005 3.5334e-005 -1.24824e-009 -1.24824e-009
8.35 6.96946e-006 1.91185e-005 3.60048e-005 -1.28788e-009 -1.28788e-009
8.36 7.3807e-006 1.9298e-005 3.61402e-005 -1.35338e-009 -1.35338e-009
8.37 7.16906e-006 1.90053e-005 3.57772e-005 -1.42636e-009 -1.42636e-009
8.38 6.5363e-006 1.82354e-005 3.49932e-005 -1.47244e-009 -1.47244e-009
8.39 5.4658e-006 1.69966e-005 3.38472e-005 -1.45675e-009 -1.45675e-009
8.4 3.97808e-006 1.53472e-005 3.2415e-005 -1.36861e-009 -1.36861e-009
8.41 2.13962e-006 1.33479e-005 3.07712e-005 -1.23042e-009 -1.23042e-009
8.42 -1.0809e-008 1.10152e-005 2.89463e-005 -1.08092e-009 -1.08092e-009
8.43 -2.43763e-006 8.37212e-006 2.69425e-005 -9.51331e-010 -9.51331e-010
8.44 -5.09326e-006 5.46496e-006 2.47404e-005 -8.58806e-010 -8.58806e-010
8.45 -7.94272e-006 2.30817e-006 2.23268e-005 -8.0671e-010 -8.0671e-010
8.46 -1.09025e-005 -1.07146e-006 1.96982e-005 -7.77825e-010 -7.77825e-010
8.47 -1.39016e-005 -4.61097e-006 1.68595e-005 -7.3732e-010 -7.3732e-010
8.48 -1.67642e-005 -8.24804e-006 1.38231e-005 -6.56442e-010 -6.56442e-010
8.49 -1.88276e-005 -1.19728e-005 1.057e-005 -5.41992e-010 -5.41992e-010
8.5 -1.95969e-005 -1.57069e-005 7.19951e-006 -4.29703e-010 -4.29703e-010
8.51 -1.9812e-005 -1.94594e-005 3.74713e-006 -3.53815e-010 -3.53815e-010
8.52 -1.99556e-005 -2.31487e-005 2.7074e-007 -3.53141e-010 -3.53141e-010
8.53 -2.01525e-005 -2.65963e-005 -3.15192e-006 -4.57935e-010 -4.57935e-010
8.54 -2.04041e-005 -2.9646e-005 -6.43712e-006 -6.48662e-010 -6.48662e-010
8.55 -2.07708e-005 -3.22281e-005 -9.48779e-006 -8.71533e-010 -8.71533e-010
8.56 -2.11847e-005 -3.43727e-005 -1.2256e-005 -1.07955e-009 -1.07955e-009
8.57 -2.15914e-005 -3.61666e-005 -1.47168e-005 -1.23275e-009 -1.23275e-009
8.58 -2.19227e-005 -3.76676e-005 -1.68842e-005 -1.29256e-009 -1.29256e-009
8.59 -2.21812e-005 -3.88615e-005 -1.87728e-005 -1.25967e-009 -1.25967e-009
8.6 -2.23383e-005 -3.97072e-005 -2.04172e-005 -1.19026e-009 -1.19026e-009
8.61 -2.22837e-005 -4.02306e-005 -2.18473e-005 -1.14574e-009 -1.14574e-009
8.62 -2.17959e-005 -4.05158e-005 -2.30885e-005 -1.15845e-009 -1.15845e-009
8.63 -2.12979e-005 -4.05698e-005 -2.40438e-005 -1.23295e-009 -1.23295e-009
8.64 -2.09758e-005 -4.03698e-005 -2.46167e-005 -1.34127e-009 -1.34127e-009
8.65 -2.08168e-005 -3.9926e-005 -2.47445e-005 -1.43863e-009 -1.43863e-009
8.66 -2.07201e-005 -3.9256e-005 -2.43966e-005 -1.49025e-009 -1.49025e-009
8.67 -2.07027e-005 -3.83361e-005 -2.35536e-005 -1.4747e-009 -1.4747e-009
8.68 -2.07933e-005 -3.71096e-005 -2.22227e-005 -1.38594e-009 -1.38594e-009
8.69 -2.09669e-005 -3.55353e-005 -2.04484e-005 -1.24496e-009 -1.24496e-009
8.7 -2.11826e-005 -3.36277e-005 -1.82943e-005 -1.09455e-009 -1.09455e-009
8.71 -2.1376e-005 -3.14604e-005 -1.58548e-005 -9.73996e-010 -9.73996e-010
8.72 -2.14925e-005 -2.90823e-005 -1.32413e-005 -9.00618e-010 -9.00618e-010
8.73 -2.15158e-005 -2.64544e-005 -1.0555e-005 -8.68428e-010 -8.68428e-010
8.74 -2.14591e-005 -2.35033e-005 -7.85718e-006 -8.57026e-010 -8.57026e-010
8.75 -2.13348e-005 -2.0225e-005 -5.15839e-006 -8.40181e-010 -8.40181e-010
8.76 -2.1156e-005 -1.67066e-005 -2.44279e-006 -7.91918e-010 -7.91918e-010
8.77 -2.09481e-005 -1.30627e-005 3.00156e-007 -6.96416e-010 -6.96416e-010
8.78 -2.06665e-005 -9.31748e-006 3.05836e-006 -5.65327e-010 -5.65327e-010
8.79 -1.93705e-005 -5.3088e-006 5.8665e-006 -4.42307e-010 -4.42307e-010
8.8 -1.63792e-005 -1.04579e-006 8.47764e-006 -3.69635e-010 -3.69635e-010
8.81 -1.30759e-005 3.55638e-006 1.086e-005 -3.82152e-010 -3.82152e-010
8.82 -9.81928e-006 8.49492e-006 1.29766e-005 -5.07035e-010 -5.07035e-010
8.83 -6.54573e-006 1.3655e-005 1.47989e-005 -7.15762e-010 -7.15762e-010
8.84 -3.3475e-006 1.87336e-005 1.63264e-005 -9.39093e-010 -9.39093e-010
8.85 -4.07987e-007 2.33148e-005 1.75588e-005 -1.12422e-009 -1.12422e-009
8.86 2.23164e-006 2.70997e-005 1.84801e-005 -1.24046e-009 -1.24046e-009
8.87 4.76069e-006 2.9998e-005 1.90869e-005 -1.26255e-009 -1.26255e-009
8.88 6.90497e-006 3.20538e-005 1.9332e-005 -1.1817e-009 -1.1817e-009
8.89 8.33308e-006 3.34582e-005 1.92076e-005 -1.03871e-009 -1.03871e-009
8.9 9.09555e-006 3.44958e-005 1.87395e-005 -9.15344e-010 -9.15344e-010
8.91 9.31031e-006 3.53375e-005 1.79854e-005 -8.71125e-010 -8.71125e-010
8.92 9.05317e-006 3.59823e-005 1.70049e-005 -8.97689e-010 -8.97689e-010
8.93 8.32401e-006 3.63382e-005 1.58603e-005 -9.44024e-010 -9.44024e-010
8.94 7.2074e-006 3.63068e-005 1.45998e-005 -9.7396e-010 -9.7396e-010
8.95 5.80993e-006 3.57984e-005 1.32713e-005 -9.78233e-010 -9.78233e-010
8.96 4.21245e-006 3.47311e-005 1.19267e-005 -9.46166e-010 -9.46166e-010
8.97 2.4744e-006 3.30858e-005 1.06021e-005 -8.65802e-010 -8.65802e-010
8.98 6.15996e-007 3.09049e-005 9.29193e-006 -7.49773e-010 -7.49773e-010
8.99 -1.3669e-006 2.82575e-005 7.965e-006 -6.36253e-010 -6.36253e-010
9 -3.50517e-006 2.52272e-005 6.58224e-006 -5.59359e-010 -5.59359e-010
9.01 -5.8336e-006 2.19181e-005 5.11195e-006 -5.25377e-010 -5.25377e-010
9.02 -8.3704e-006 1.84526e-005 3.54646e-006 -5.19029e-010 -5.19029e-010
9.03 -1.10902e-005 1.49595e-005 1.9056e-006 -5.1994e-010 -5.1994e-010
9.04 -1.39553e-005 1.15258e-005 2.25287e-007 -5.08167e-010 -5.08167e-010
9.05 -1.69126e-005 8.14807e-006 -1.44445e-006 -4.66278e-010 -4.66278e-010
9.06 -1.97356e-005 4.76033e-006 -3.06138e-006 -3.9774e-010 -3.9774e-010
9.07 -2.15456e-005 1.26078e-006 -4.5635e-006 -3.38458e-010 -3.38458e-010
9.08 -2.21842e-005 -2.3842e-006 -5.85979e-006 -3.24897e-010 -3.24897e-010
9.09 -2.24399e-005 -6.25742e-006 -6.9487e-006 -3.70273e-010 -3.70273e-010
9.1 -2.24889e-005 -1.03154e-005 -7.79848e-006 -4.78522e-010 -4.78522e-010
9.11 -2.23265e-005 -1.44919e-005 -8.41085e-006 -6.45019e-010 -6.45019e-010
9.12 -2.20362e-005 -1.87182e-005 -8.84607e-006 -8.4141e-010 -8.4141e-010
9.13 -2.16573e-005 -2.29139e-005 -9.17114e-006 -1.01655e-009 -1.01655e-009
9.14 -2.12412e-005 -2.69467e-005 -9.43554e-006 -1.12357e-009 -1.12357e-009
9.15 -2.08686e-005 -3.06415e-005 -9.66333e-006 -1.15143e-009 -1.15143e-009
9.16 -2.06055e-005 -3.38116e-005 -9.85923e-006 -1.11847e-009 -1.11847e-009
9.17 -2.04927e-005 -3.63587e-005 -1.003e-005 -1.05063e-009 -1.05063e-009
9.18 -2.05013e-005 -3.83546e-005 -1.01755e-005 -9.77139e-010 -9.77139e-010
9.19 -2.05636e-005 -3.99833e-005 -1.0279e-005 -9.22456e-010 -9.22456e-010
9.2 -2.04894e-005 -4.14383e-005 -1.02707e-005 -8.9957e-010 -8.9957e-010
9.21 -2.02287e-005 -4.27709e-005 -1.00772e-005 -9.12516e-010 -9.12516e-010
9.22 -1.98383e-005 -4.38897e-005 -9.64492e-006 -9.52867e-010 -9.52867e-010
9.23 -1.93417e-005 -4.46864e-005 -8.96762e-006 -9.97965e-010 -9.97965e-010
9.24 -1.89678e-005 -4.50408e-005 -8.14078e-006 -1.02164e-009 -1.02164e-009
9.25 -1.87622e-005 -4.48673e-005 -7.27438e-006 -1.00963e-009 -1.00963e-009
9.26 -1.86701e-005 -4.41507e-005 -6.46345e-006 -9.67021e-010 -9.67021e-010
9.27 -1.86263e-005 -4.28786e-005 -5.75512e-006 -9.09666e-010 -9.09666e-010
9.28 -1.86685e-005 -4.09447e-005 -5.16284e-006 -8.50186e-010 -8.50186e-010
9.29 -1.88428e-005 -3.82282e-005 -4.6624e-006 -7.9586e-010 -7.9586e-010
9.3 -1.91553e-005 -3.47048e-005 -4.18522e-006 -7.51931e-010 -7.51931e-010
9.31 -1.95624e-005 -3.04992e-005 -3.63327e-006 -7.17134e-010 -7.17134e-010
9.32 -2.00001e-005 -2.58048e-005 -2.91882e-006 -6.80393e-010 -6.80393e-010
9.33 -2.04099e-005 -2.07925e-005 -2.0061e-006 -6.30374e-010 -6.30374e-010
9.34 -2.0751e-005 -1.56004e-005 -9.22209e-007 -5.66584e-010 -5.66584e-010
9.35 -2.10087e-005 -1.0358e-005 2.62341e-007 -4.97491e-010 -4.97491e-010
9.36 -2.11295e-005 -5.12874e-006 1.47006e-006 -4.35996e-010 -4.35996e-010
9.37 -1.9277e-005 1.1871e-007 2.66797e-006 -3.94888e-010 -3.94888e-010
9.38 -1.53612e-005 5.31683e-006 3.68861e-006 -3.87596e-010 -3.87596e-010
9.39 -1.15825e-005 1.05212e-005 4.48403e-006 -4.3287e-010 -4.3287e-010
9.4 -8.137e-006 1.57315e-005 5.00863e-006 -5.2384e-010 -5.2384e-010
9.41 -4.88807e-006 2.09297e-005 5.24546e-006 -6.16667e-010 -6.16667e-010
9.42 -1.93615e-006 2.60687e-005 5.20201e-006 -6.80771e-010 -6.80771e-010
9.43 7.51778e-007 3.1083e-005 4.91155e-006 -7.12959e-010 -7.12959e-010
9.44 3.68656e-006 3.588e-005 4.37127e-006 -7.04681e-010 -7.04681e-010
9.45 7.8709e-006 4.03996e-005 3.54318e-006 -6.38093e-010 -6.38093e-010
9.46 1.23803e-005 4.42675e-005 2.64102e-006 -5.13516e-010 -5.13516e-010
9.47 1.63542e-005 4.7316e-005 1.81583e-006 -3.80697e-010 -3.80697e-010
9.48 1.96949e-005 4.96287e-005 1.04225e-006 -3.03588e-010 -3.03588e-010
9.49 2.20558e-005 5.12282e-005 3.207e-007 -2.72966e-010 -2.72966e-010
9.5 2.35501e-005 5.22627e-005 -3.90476e-007 -2.37471e-010 -2.37471e-010
9.51 2.40356e-005 5.26856e-005 -1.13738e-006 -1.89414e-010 -1.89414e-010
9.52 2.35699e-005 5.23833e-005 -1.93451e-006 -1.48623e-010 -1.48623e-010
9.53 2.23555e-005 5.13124e-005 -2.77988e-006 -1.16271e-010 -1.16271e-010
9.54 2.05134e-005 4.95802e-005 -3.65113e-006 -8.13692e-011 -8.13692e-011
9.55 1.81677e-005 4.73619e-005 -4.49289e-006 -4.88584e-011 -4.88584e-011
9.56 1.54379e-005 4.47765e-005 -5.23762e-006 -3.01637e-011 -3.01637e-011
9.57 1.23875e-005 4.1856e-005 -5.83996e-006 -2.00982e-011 -2.00982e-011
9.58 9.03921e-006 3.85734e-005 -6.29723e-006 -5.05041e-012 -5.05041e-012
9.59 5.45796e-006 3.49433e-005 -6.6384e-006 1.70306e-011 1.70306e-011
9.6 1.71148e-006 3.10196e-005 -6.90815e-006 3.71776e-011 3.71776e-011
9.61 -2.18666e-006 2.68207e-005 -7.14928e-006 5.40446e-011 5.40446e-011
9.62 -6.25947e-006 2.22855e-005 -7.393e-006 7.8726e-011 7.8726e-011
9.63 -1.05374e-005 1.73439e-005 -7.6583e-006 1.14964e-010 1.14964e-010
9.64 -1.49115e-005 1.20427e-005 -7.96266e-006 1.41578e-010 1.41578e-010
9.65 -1.87724e-005 6.59089e-006 -8.34274e-006 1.2278e-010 1.2278e-010
9.66 -2.10784e-005 1.3328e-006 -8.73096e-006 4.58049e-011 4.58049e-011
9.67 -2.20838e-005 -3.55773e-006 -9.14213e-006 -6.62972e-011 -6.62972e-011
9.68 -2.24016e-005 -8.10669e-006 -9.57943e-006 -2.00015e-010 -2.00015e-010
9.69 -2.23916e-005 -1.24318e-005 -1.00217e-005 -3.69329e-010 -3.69329e-010
9.7 -2.23448e-005 -1.66272e-005 -1.04123e-005 -5.67816e-010 -5.67816e-010
9.71 -2.2291e-005 -2.07231e-005 -1.06859e-005 -7.54125e-010 -7.54125e-010
9.72 -2.22004e-005 -2.47093e-005 -1.08409e-005 -8.90194e-010 -8.90194e-010
9.73 -2.19978e-005 -2.85731e-005 -1.08699e-005 -9.62874e-010 -9.62874e-010
9.74 -2.16955e-005 -3.22592e-005 -1.07999e-005 -9.85351e-010 -9.85351e-010
9.75 -2.13245e-005 -3.56035e-005 -1.06598e-005 -9.72043e-010 -9.72043e-010
9.76 -2.09558e-005 -3.84422e-005 -1.04923e-005 -9.2018e-010 -9.2018e-010
9.77 -2.06195e-005 -4.07374e-005 -1.03353e-005 -8.50644e-010 -8.50644e-010
9.78 -2.03198e-005 -4.25643e-005 -1.02068e-005 -8.16183e-010 -8.16183e-010
9.79 -2.00615e-005 -4.39919e-005 -1.00931e-005 -8.42445e-010 -8.42445e-010
9.8 -1.96966e-005 -4.50314e-005 -9.95088e-006 -9.05334e-010 -9.05334e-010
9.81 -1.94258e-005 -4.55611e-005 -9.71071e-006 -9.67543e-010 -9.67543e-010
9.82 -1.94793e-005 -4.5416e-005 -9.31894e-006 -1.0072e-009 -1.0072e-009
9.83 -1.97198e-005 -4.45028e-005 -8.73101e-006 -1.01247e-009 -1.01247e-009
9.84 -2.00796e-005 -4.27954e-005 -7.91839e-006 -9.71763e-010 -9.71763e-010
9.85 -2.05071e-005 -4.03684e-005 -6.88104e-006 -8.84676e-010 -8.84676e-010
9.86 -2.0909e-005 -3.73445e-005 -5.64206e-006 -7.73497e-010 -7.73497e-010
9.87 -2.12247e-005 -3.38031e-005 -4.23082e-006 -6.69511e-010 -6.69511e-010
9.88 -2.14293e-005 -2.97945e-005 -2.67634e-006 -5.91575e-010 -5.91575e-010
9.89 -2.15219e-005 -2.53599e-005 -1.0035e-006 -5.4178e-010 -5.4178e-010
9.9 -2.15211e-005 -2.05563e-005 7.60103e-007 -5.13739e-010 -5.13739e-010
9.91 -2.14844e-005 -1.54237e-005 2.5822e-006 -4.94919e-010 -4.94919e-010
9.92 -2.13964e-005 -9.95986e-006 4.46139e-006 -4.7267e-010 -4.7267e-010
9.93 -1.99076e-005 -4.04079e-006 6.48306e-006 -4.54423e-010 -4.54423e-010
9.94 -1.58074e-005 2.26501e-006 8.52912e-006 -4.51022e-010 -4.51022e-010
9.95 -1.01208e-005 8.95446e-006 1.05958e-005 -4.40033e-010 -4.40033e-010
9.96 -3.61935e-006 1.5917e-005 1.26033e-005 -4.1897e-010 -4.1897e-010
9.97 3.08294e-006 2.29118e-005 1.44879e-005 -4.41004e-010 -4.41004e-010
9.98 9.56614e-006 2.96856e-005 1.61652e-005 -5.31852e-010 -5.31852e-010
9.99 1.56631e-005 3.60174e-005 1.75726e-005 -6.5414e-010 -6.5414e-010
10 2.1947e-005 4.17303e-005 1.87561e-005 -7.63243e-010 -7.63243e-010
