0.1 -1.58593e-006 3.70636e-007 -1.4612e-007 7.81035e-022 7.81035e-022
0.2 -3.17313e-006 7.41487e-007 -2.92349e-007 1.1227e-021 1.1227e-021
0.3 -4.76162e-006 1.11256e-006 -4.38687e-007 -8.79665e-022 -8.79665e-022
0.4 -6.35138e-006 1.48384e-006 -5.85135e-007 1.60879e-020 1.60879e-020
0.5 -7.94243e-006 1.85534e-006 -7.31693e-007 8.62065e-021 8.62065e-021
0.6 -9.53476e-006 2.22706e-006 -8.78361e-007 -1.9551e-021 -1.9551e-021
0.7 -1.11284e-005 2.599e-006 -1.02514e-006 -8.25148e-021 -8.25148e-021
0.8 -1.27233e-005 2.97115e-006 -1.17203e-006 -3.35702e-021 -3.35702e-021
0.9 -1.43195e-005 3.34353e-006 -1.31903e-006 -3.99374e-021 -3.99374e-021
1 -1.5917e-005 3.71612e-006 -1.46614e-006 -2.5142e-020 -2.5142e-020
0.01 -1.5917e-005 3.71425e-006 -1.46382e-006 7.17208e-016 7.17208e-016
0.02 -1.59171e-005 3.70895e-006 -1.45714e-006 6.38089e-015 6.38089e-015
0.03 -1.59172e-005 3.70279e-006 -1.44919e-006 2.41967e-014 2.41967e-014
0.04 -1.59172e-005 3.69793e-006 -1.44321e-006 5.54357e-014 5.54357e-014
0.05 -1.5917e-005 3.69427e-006 -1.43981e-006 9.03114e-014 9.03114e-014
0.06 -1.59167e-005 3.69169e-006 -1.43924e-006 1.15313e-013 1.15313e-013
0.07 -1.59161e-005 3.69015e-006 -1.44141e-006 1.20965e-013 1.20965e-013
0.08 -1.59152e-005 3.68961e-006 -1.44583e-006 1.08265e-013 1.08265e-013
0.09 -1.59142e-005 3.68998e-006 -1.45178e-006 8.94965e-014 8.94965e-014
0.1 -1.59129e-005 3.6911e-006 -1.4585e-006 7.3623e-014 7.3623e-014
0.11 -1.59115e-005 3.69278e-006 -1.46541e-006 5.79537e-014 5.79537e-014
0.12 -1.591e-005 3.69489e-006 -1.47226e-006 3.54904e-014 3.54904e-014
0.13 -1.59084e-005 3.69731e-006 -1.47921e-006 8.93519e-015 8.93519e-015
0.14 -1.59068e-005 3.70002e-006 -1.4867e-006 -5.43619e-015 -5.43619e-015
0.15 -1.59053e-005 3.70304e-006 -1.49518e-006 9.78295e-016 9.78295e-016
0.16 -1.59038e-005 3.70648e-006 -1.5049e-006 9.94084e-015 9.94084e-015
0.17 -1.59024e-005 3.71054e-006 -1.51583e-006 1.46842e-014 1.46842e-014
0.18 -1.59011e-005 3.71531e-006 -1.52781e-006 5.3262e-014 5.3262e-014
0.19 -1.58999e-005 3.72076e-006 -1.54068e-006 1.39916e-013 1.39916e-013
0.2 -1.58987e-005 3.72669e-006 -1.5543e-006 2.23439e-013 2.23439e-013
0.21 -1.58976e-005 3.73282e-006 -1.56833e-006 2.58098e-013 2.58098e-013
0.22 -1.58964e-005 3.73888e-006 -1.58226e-006 2.55354e-013 2.55354e-013
0.23 -1.58953e-005 3.7447e-006 -1.59546e-006 2.47229e-013 2.47229e-013
0.24 -1.58941e-005 3.75013e-006 -1.6074e-006 2.42498e-013 2.42498e-013
0.25 -1.5893e-005 3.75501e-006 -1.61774e-006 2.3938e-013 2.3938e-013
0.26 -1.5892e-005 3.7593e-006 -1.62638e-006 2.50434e-013 2.50434e-013
0.27 -1.5891e-005 3.76338e-006 -1.63352e-006 2.84999e-013 2.84999e-013
0.28 -1.58903e-005 3.76798e-006 -1.63977e-006 3.3881e-013 3.3881e-013
0.29 -1.589e-005 3.77356e-006 -1.64589e-006 3.96001e-013 3.96001e-013
0.3 -1.589e-005 3.78003e-006 -1.65259e-006 4.35526e-013 4.35526e-013
0.31 -1.58903e-005 3.78713e-006 -1.66025e-006 4.61531e-013 4.61531e-013
0.32 -1.5891e-005 3.79461e-006 -1.66869e-006 4.94665e-013 4.94665e-013
0.33 -1.5892e-005 3.80203e-006 -1.67703e-006 5.30979e-013 5.30979e-013
0.34 -1.58932e-005 3.80881e-006 -1.68426e-006 5.43674e-013 5.43674e-013
0.35 -1.58944e-005 3.81455e-006 -1.68973e-006 5.39644e-013 5.39644e-013
0.36 -1.58957e-005 3.81896e-006 -1.69332e-006 5.52584e-013 5.52584e-013
0.37 -1.58967e-005 3.82194e-006 -1.69503e-006 5.82562e-013 5.82562e-013
0.38 -1.58975e-005 3.82364e-006 -1.69458e-006 6.06761e-013 6.06761e-013
0.39 -1.58981e-005 3.8244e-006 -1.6916e-006 6.14819e-013 6.14819e-013
0.4 -1.58987e-005 3.82431e-006 -1.68616e-006 6.10367e-013 6.10367e-013
0.41 -1.58992e-005 3.82336e-006 -1.67894e-006 6.0395e-013 6.0395e-013
0.42 -1.58999e-005 3.8215e-006 -1.67082e-006 6.00391e-013 6.00391e-013
0.43 -1.59007e-005 3.81877e-006 -1.66226e-006 5.93734e-013 5.93734e-013
0.44 -1.59017e-005 3.81538e-006 -1.65315e-006 5.82676e-013 5.82676e-013
0.45 -1.59032e-005 3.81146e-006 -1.64321e-006 5.75859e-013 5.75859e-013
0.46 -1.5905e-005 3.80705e-006 -1.6325e-006 5.78967e-013 5.78967e-013
0.47 -1.59071e-005 3.80229e-006 -1.62125e-006 5.8707e-013 5.8707e-013
0.48 -1.59093e-005 3.79724e-006 -1.60947e-006 5.93333e-013 5.93333e-013
0.49 -1.59115e-005 3.79177e-006 -1.59686e-006 5.96857e-013 5.96857e-013
0.5 -1.59138e-005 3.78602e-006 -1.58316e-006 5.98939e-013 5.98939e-013
0.51 -1.5916e-005 3.78048e-006 -1.56834e-006 5.97757e-013 5.97757e-013
0.52 -1.59181e-005 3.77541e-006 -1.55236e-006 5.91283e-013 5.91283e-013
0.53 -1.59203e-005 3.77098e-006 -1.53511e-006 5.81956e-013 5.81956e-013
0.54 -1.59228e-005 3.76782e-006 -1.51694e-006 5.74349e-013 5.74349e-013
0.55 -1.59257e-005 3.7667e-006 -1.49914e-006 5.68155e-013 5.68155e-013
0.56 -1.59292e-005 3.76751e-006 -1.48297e-006 5.57508e-013 5.57508e-013
0.57 -1.59331e-005 3.7685e-006 -1.46852e-006 5.36982e-013 5.36982e-013
0.58 -1.59373e-005 3.76765e-006 -1.45483e-006 5.08017e-013 5.08017e-013
0.59 -1.59415e-005 3.76423e-006 -1.4416e-006 4.75663e-013 4.75663e-013
0.6 -1.59455e-005 3.75938e-006 -1.42928e-006 4.43801e-013 4.43801e-013
0.61 -1.59488e-005 3.75432e-006 -1.4189e-006 4.15321e-013 4.15321e-013
0.62 -1.59512e-005 3.74938e-006 -1.41087e-006 3.90065e-013 3.90065e-013
0.63 -1.59523e-005 3.74532e-006 -1.40501e-006 3.69621e-013 3.69621e-013
0.64 -1.59524e-005 3.74391e-006 -1.40071e-006 3.57104e-013 3.57104e-013
0.65 -1.59516e-005 3.74519e-006 -1.39747e-006 3.57682e-013 3.57682e-013
0.66 -1.59503e-005 3.74709e-006 -1.39508e-006 3.76753e-013 3.76753e-013
0.67 -1.59486e-005 3.74808e-006 -1.39418e-006 4.0613e-013 4.0613e-013
0.68 -1.59468e-005 3.74822e-006 -1.39529e-006 4.26559e-013 4.26559e-013
0.69 -1.59454e-005 3.74789e-006 -1.39813e-006 4.273e-013 4.273e-013
0.7 -1.59443e-005 3.74742e-006 -1.40236e-006 4.13165e-013 4.13165e-013
0.71 -1.59436e-005 3.74733e-006 -1.40852e-006 3.9331e-013 3.9331e-013
0.72 -1.59429e-005 3.74774e-006 -1.41791e-006 3.73743e-013 3.73743e-013
0.73 -1.59417e-005 3.74793e-006 -1.43137e-006 3.60029e-013 3.60029e-013
0.74 -1.59397e-005 3.74696e-006 -1.4478e-006 3.58245e-013 3.58245e-013
0.75 -1.59366e-005 3.74434e-006 -1.46443e-006 3.69775e-013 3.69775e-013
0.76 -1.59323e-005 3.74036e-006 -1.47923e-006 3.8848e-013 3.8848e-013
0.77 -1.5927e-005 3.73625e-006 -1.4921e-006 4.05058e-013 4.05058e-013
0.78 -1.5921e-005 3.73405e-006 -1.50391e-006 4.13338e-013 4.13338e-013
0.79 -1.59148e-005 3.73528e-006 -1.51528e-006 4.11887e-013 4.11887e-013
0.8 -1.59092e-005 3.73957e-006 -1.52634e-006 4.01975e-013 4.01975e-013
0.81 -1.59047e-005 3.74539e-006 -1.53746e-006 3.89208e-013 3.89208e-013
0.82 -1.59015e-005 3.75149e-006 -1.54995e-006 3.82386e-013 3.82386e-013
0.83 -1.58998e-005 3.75708e-006 -1.56485e-006 3.79982e-013 3.79982e-013
0.84 -1.58995e-005 3.76187e-006 -1.58159e-006 3.72787e-013 3.72787e-013
0.85 -1.59003e-005 3.76682e-006 -1.59845e-006 3.67759e-013 3.67759e-013
0.86 -1.59019e-005 3.77383e-006 -1.61353e-006 3.7834e-013 3.7834e-013
0.87 -1.5904e-005 3.78278e-006 -1.62446e-006 3.96695e-013 3.96695e-013
0.88 -1.59062e-005 3.79118e-006 -1.62908e-006 4.05945e-013 4.05945e-013
0.89 -1.59084e-005 3.79849e-006 -1.62741e-006 4.04151e-013 4.04151e-013
0.9 -1.59106e-005 3.80754e-006 -1.62187e-006 3.99128e-013 3.99128e-013
0.91 -1.59133e-005 3.82088e-006 -1.61485e-006 3.93457e-013 3.93457e-013
0.92 -1.59171e-005 3.83668e-006 -1.60572e-006 3.83957e-013 3.83957e-013
0.93 -1.59224e-005 3.8502e-006 -1.59142e-006 3.71959e-013 3.71959e-013
0.94 -1.59292e-005 3.85895e-006 -1.57061e-006 3.62767e-013 3.62767e-013
0.95 -1.59378e-005 3.86428e-006 -1.54683e-006 3.57339e-013 3.57339e-013
0.96 -1.59473e-005 3.86857e-006 -1.52606e-006 3.5132e-013 3.5132e-013
0.97 -1.59573e-005 3.8724e-006 -1.51075e-006 3.4143e-013 3.4143e-013
0.98 -1.59664e-005 3.87327e-006 -1.49824e-006 3.26101e-013 3.26101e-013
0.99 -1.59742e-005 3.86977e-006 -1.48478e-006 3.08625e-013 3.08625e-013
1 -1.59799e-005 3.86391e-006 -1.46951e-006 3.09618e-013 3.09618e-013
1.01 -1.5983e-005 3.85749e-006 -1.45443e-006 3.10998e-013 3.10998e-013
1.02 -1.5983e-005 3.85021e-006 -1.44198e-006 2.49655e-013 2.49655e-013
1.03 -1.59805e-005 3.84338e-006 -1.43155e-006 1.51165e-013 1.51165e-013
1.04 -1.59768e-005 3.84017e-006 -1.41933e-006 1.14032e-013 1.14032e-013
1.05 -1.59736e-005 3.84095e-006 -1.40235e-006 1.51506e-013 1.51506e-013
1.06 -1.59715e-005 3.84165e-006 -1.38174e-006 1.82959e-013 1.82959e-013
1.07 -1.59713e-005 3.83845e-006 -1.36113e-006 1.58458e-013 1.58458e-013
1.08 -1.59729e-005 3.83194e-006 -1.34469e-006 1.16028e-013 1.16028e-013
1.09 -1.59767e-005 3.82492e-006 -1.33443e-006 8.99534e-014 8.99534e-014
1.1 -1.59818e-005 3.81613e-006 -1.32883e-006 5.85797e-014 5.85797e-014
1.11 -1.59871e-005 3.80272e-006 -1.32378e-006 1.68115e-014 1.68115e-014
1.12 -1.59917e-005 3.78719e-006 -1.31597e-006 5.50001e-015 5.50001e-015
1.13 -1.59952e-005 3.77645e-006 -1.30562e-006 5.6097e-014 5.6097e-014
1.14 -1.59969e-005 3.77388e-006 -1.29692e-006 1.38093e-013 1.38093e-013
1.15 -1.59963e-005 3.77938e-006 -1.29525e-006 1.90251e-013 1.90251e-013
1.16 -1.5994e-005 3.7937e-006 -1.30301e-006 1.94016e-013 1.94016e-013
1.17 -1.59911e-005 3.81505e-006 -1.31662e-006 1.84564e-013 1.84564e-013
1.18 -1.5989e-005 3.83812e-006 -1.32818e-006 1.96737e-013 1.96737e-013
1.19 -1.59888e-005 3.85745e-006 -1.33214e-006 2.07204e-013 2.07204e-013
1.2 -1.59908e-005 3.8689e-006 -1.32976e-006 1.54343e-013 1.54343e-013
1.21 -1.5994e-005 3.87084e-006 -1.32691e-006 4.4462e-014 4.4462e-014
1.22 -1.59976e-005 3.86439e-006 -1.32933e-006 -3.48235e-014 -3.48235e-014
1.23 -1.60003e-005 3.85232e-006 -1.3403e-006 -5.26799e-014 -5.26799e-014
1.24 -1.60005e-005 3.83913e-006 -1.36007e-006 -5.56931e-014 -5.56931e-014
1.25 -1.59978e-005 3.83131e-006 -1.38628e-006 -3.01001e-014 -3.01001e-014
1.26 -1.59922e-005 3.83462e-006 -1.41567e-006 5.41513e-014 5.41513e-014
1.27 -1.59843e-005 3.85009e-006 -1.44495e-006 1.24042e-013 1.24042e-013
1.28 -1.59753e-005 3.87422e-006 -1.47105e-006 1.24445e-013 1.24445e-013
1.29 -1.59668e-005 3.90024e-006 -1.49168e-006 9.39023e-014 9.39023e-014
1.3 -1.59602e-005 3.92052e-006 -1.5053e-006 6.27031e-014 6.27031e-014
1.31 -1.59567e-005 3.93215e-006 -1.51163e-006 3.15089e-014 3.15089e-014
1.32 -1.59571e-005 3.93707e-006 -1.51344e-006 2.90029e-015 2.90029e-015
1.33 -1.59606e-005 3.93708e-006 -1.51679e-006 -1.69452e-014 -1.69452e-014
1.34 -1.59662e-005 3.93633e-006 -1.52773e-006 -4.34627e-015 -4.34627e-015
1.35 -1.59731e-005 3.9438e-006 -1.54674e-006 2.44086e-014 2.44086e-014
1.36 -1.5981e-005 3.96454e-006 -1.56697e-006 3.13164e-014 3.13164e-014
1.37 -1.5989e-005 3.99346e-006 -1.58046e-006 8.16787e-014 8.16787e-014
1.38 -1.59959e-005 4.02003e-006 -1.58543e-006 2.41288e-013 2.41288e-013
1.39 -1.6e-005 4.03652e-006 -1.58757e-006 4.11791e-013 4.11791e-013
1.4 -1.60005e-005 4.04122e-006 -1.59492e-006 4.62827e-013 4.62827e-013
1.41 -1.59972e-005 4.03405e-006 -1.60792e-006 4.23987e-013 4.23987e-013
1.42 -1.59911e-005 4.01591e-006 -1.61631e-006 3.83238e-013 3.83238e-013
1.43 -1.59837e-005 3.99275e-006 -1.60996e-006 3.47141e-013 3.47141e-013
1.44 -1.59761e-005 3.97043e-006 -1.58906e-006 2.94797e-013 2.94797e-013
1.45 -1.59682e-005 3.94736e-006 -1.56344e-006 2.46171e-013 2.46171e-013
1.46 -1.59595e-005 3.9171e-006 -1.54424e-006 2.43524e-013 2.43524e-013
1.47 -1.59498e-005 3.87527e-006 -1.53373e-006 2.93455e-013 2.93455e-013
1.48 -1.59395e-005 3.82045e-006 -1.52306e-006 3.58302e-013 3.58302e-013
1.49 -1.59286e-005 3.74914e-006 -1.50194e-006 4.02235e-013 4.02235e-013
1.5 -1.59158e-005 3.65892e-006 -1.46796e-006 4.18513e-013 4.18513e-013
1.51 -1.59008e-005 3.56119e-006 -1.42565e-006 4.36718e-013 4.36718e-013
1.52 -1.58855e-005 3.48109e-006 -1.37999e-006 5.16527e-013 5.16527e-013
1.53 -1.58725e-005 3.43584e-006 -1.33183e-006 6.70299e-013 6.70299e-013
1.54 -1.58639e-005 3.42057e-006 -1.27943e-006 8.55976e-013 8.55976e-013
1.55 -1.58613e-005 3.41981e-006 -1.22355e-006 1.08062e-012 1.08062e-012
1.56 -1.58658e-005 3.42163e-006 -1.16764e-006 1.37197e-012 1.37197e-012
1.57 -1.58781e-005 3.41904e-006 -1.11551e-006 1.69299e-012 1.69299e-012
1.58 -1.58966e-005 3.40775e-006 -1.07202e-006 1.98145e-012 1.98145e-012
1.59 -1.59182e-005 3.38565e-006 -1.04287e-006 2.16539e-012 2.16539e-012
1.6 -1.59381e-005 3.3517e-006 -1.02994e-006 2.16473e-012 2.16473e-012
1.61 -1.59524e-005 3.3081e-006 -1.02531e-006 2.03271e-012 2.03271e-012
1.62 -1.59591e-005 3.26703e-006 -1.01487e-006 1.93092e-012 1.93092e-012
1.63 -1.59587e-005 3.25249e-006 -9.95195e-007 1.87701e-012 1.87701e-012
1.64 -1.59537e-005 3.29074e-006 -9.81102e-007 1.80653e-012 1.80653e-012
1.65 -1.59478e-005 3.3909e-006 -9.89543e-007 1.81887e-012 1.81887e-012
1.66 -1.59456e-005 3.53414e-006 -1.02184e-006 2.00868e-012 2.00868e-012
1.67 -1.59517e-005 3.68515e-006 -1.06461e-006 2.21502e-012 2.21502e-012
1.68 -1.5969e-005 3.81268e-006 -1.10411e-006 2.23189e-012 2.23189e-012
1.69 -1.59971e-005 3.90055e-006 -1.13796e-006 2.06738e-012 2.06738e-012
1.7 -1.60326e-005 3.9472e-006 -1.17161e-006 1.84429e-012 1.84429e-012
1.71 -1.60704e-005 3.96502e-006 -1.20751e-006 1.64196e-012 1.64196e-012
1.72 -1.61054e-005 3.97872e-006 -1.24435e-006 1.50652e-012 1.50652e-012
1.73 -1.61331e-005 4.01294e-006 -1.28332e-006 1.42154e-012 1.42154e-012
1.74 -1.615e-005 4.07928e-006 -1.32923e-006 1.30302e-012 1.30302e-012
1.75 -1.61551e-005 4.17666e-006 -1.38727e-006 1.20853e-012 1.20853e-012
1.76 -1.61504e-005 4.29603e-006 -1.46043e-006 1.35037e-012 1.35037e-012
1.77 -1.61386e-005 4.41874e-006 -1.54759e-006 1.80111e-012 1.80111e-012
1.78 -1.61221e-005 4.51683e-006 -1.64133e-006 2.38065e-012 2.38065e-012
1.79 -1.61038e-005 4.56842e-006 -1.72871e-006 2.89157e-012 2.89157e-012
1.8 -1.60867e-005 4.57322e-006 -1.80015e-006 3.28886e-012 3.28886e-012
1.81 -1.60723e-005 4.547e-006 -1.85789e-006 3.54418e-012 3.54418e-012
1.82 -1.60603e-005 4.50778e-006 -1.91152e-006 3.58568e-012 3.58568e-012
1.83 -1.60488e-005 4.46938e-006 -1.96703e-006 3.44333e-012 3.44333e-012
1.84 -1.60364e-005 4.44099e-006 -2.02194e-006 3.27171e-012 3.27171e-012
1.85 -1.60226e-005 4.42514e-006 -2.06755e-006 3.21449e-012 3.21449e-012
1.86 -1.60068e-005 4.4141e-006 -2.09606e-006 3.31074e-012 3.31074e-012
1.87 -1.59895e-005 4.40031e-006 -2.10727e-006 3.47979e-012 3.47979e-012
1.88 -1.59735e-005 4.39412e-006 -2.10821e-006 3.56809e-012 3.56809e-012
1.89 -1.59627e-005 4.41249e-006 -2.10637e-006 3.51527e-012 3.51527e-012
1.9 -1.59593e-005 4.44449e-006 -2.10435e-006 3.43443e-012 3.43443e-012
1.91 -1.5961e-005 4.45119e-006 -2.0994e-006 3.41009e-012 3.41009e-012
1.92 -1.59648e-005 4.40154e-006 -2.08627e-006 3.3905e-012 3.3905e-012
1.93 -1.59667e-005 4.28894e-006 -2.06183e-006 3.34558e-012 3.34558e-012
1.94 -1.59614e-005 4.12211e-006 -2.0279e-006 3.32601e-012 3.32601e-012
1.95 -1.59433e-005 3.91792e-006 -1.98861e-006 3.32043e-012 3.32043e-012
1.96 -1.59088e-005 3.70364e-006 -1.94708e-006 3.21343e-012 3.21343e-012
1.97 -1.58586e-005 3.51365e-006 -1.90471e-006 2.9282e-012 2.9282e-012
1.98 -1.57966e-005 3.37087e-006 -1.86143e-006 2.51954e-012 2.51954e-012
1.99 -1.57291e-005 3.27262e-006 -1.81705e-006 2.14903e-012 2.14903e-012
2 -1.56632e-005 3.19624e-006 -1.77123e-006 1.95912e-012 1.95912e-012
2.01 -1.56062e-005 3.11447e-006 -1.72086e-006 1.89455e-012 1.89455e-012
2.02 -1.55646e-005 3.00945e-006 -1.65885e-006 1.69122e-012 1.69122e-012
2.03 -1.55423e-005 2.87458e-006 -1.5775e-006 1.2142e-012 1.2142e-012
2.04 -1.5539e-005 2.71137e-006 -1.47538e-006 8.39778e-013 8.39778e-013
2.05 -1.55511e-005 2.53738e-006 -1.3606e-006 1.15448e-012 1.15448e-012
2.06 -1.55737e-005 2.38491e-006 -1.24546e-006 2.17919e-012 2.17919e-012
2.07 -1.56009e-005 2.2757e-006 -1.1386e-006 3.33175e-012 3.33175e-012
2.08 -1.56263e-005 2.20735e-006 -1.04245e-006 4.19401e-012 4.19401e-012
2.09 -1.56449e-005 2.16781e-006 -9.56312e-007 4.79536e-012 4.79536e-012
2.1 -1.56551e-005 2.15236e-006 -8.81511e-007 5.1744e-012 5.1744e-012
2.11 -1.56583e-005 2.16312e-006 -8.21667e-007 5.19109e-012 5.19109e-012
2.12 -1.5657e-005 2.19468e-006 -7.78128e-007 4.82894e-012 4.82894e-012
2.13 -1.56541e-005 2.23097e-006 -7.48771e-007 4.3812e-012 4.3812e-012
2.14 -1.56524e-005 2.25787e-006 -7.29523e-007 4.20765e-012 4.20765e-012
2.15 -1.56547e-005 2.275e-006 -7.15499e-007 4.3968e-012 4.3968e-012
2.16 -1.5664e-005 2.29849e-006 -7.03983e-007 4.65372e-012 4.65372e-012
2.17 -1.56821e-005 2.34784e-006 -6.98447e-007 4.6898e-012 4.6898e-012
2.18 -1.57075e-005 2.42474e-006 -7.09371e-007 4.66089e-012 4.66089e-012
2.19 -1.57366e-005 2.51774e-006 -7.4727e-007 4.77101e-012 4.77101e-012
2.2 -1.57672e-005 2.62831e-006 -8.13147e-007 4.86139e-012 4.86139e-012
2.21 -1.57995e-005 2.77091e-006 -8.97946e-007 4.74775e-012 4.74775e-012
2.22 -1.58339e-005 2.95048e-006 -9.89556e-007 4.5364e-012 4.5364e-012
2.23 -1.58698e-005 3.15523e-006 -1.07935e-006 4.43059e-012 4.43059e-012
2.24 -1.59066e-005 3.36866e-006 -1.16565e-006 4.45279e-012 4.45279e-012
2.25 -1.5944e-005 3.57978e-006 -1.25291e-006 4.50473e-012 4.50473e-012
2.26 -1.5981e-005 3.77958e-006 -1.348e-006 4.55559e-012 4.55559e-012
2.27 -1.60164e-005 3.96273e-006 -1.45645e-006 4.63808e-012 4.63808e-012
2.28 -1.60494e-005 4.13693e-006 -1.57894e-006 4.73247e-012 4.73247e-012
2.29 -1.608e-005 4.31526e-006 -1.71113e-006 4.76735e-012 4.76735e-012
2.3 -1.61074e-005 4.50082e-006 -1.84744e-006 4.71712e-012 4.71712e-012
2.31 -1.61326e-005 4.68963e-006 -1.9825e-006 4.69187e-012 4.69187e-012
2.32 -1.6157e-005 4.87855e-006 -2.10979e-006 4.90617e-012 4.90617e-012
2.33 -1.61795e-005 5.06243e-006 -2.22254e-006 5.42721e-012 5.42721e-012
2.34 -1.62005e-005 5.23141e-006 -2.31785e-006 6.16765e-012 6.16765e-012
2.35 -1.62204e-005 5.37427e-006 -2.39741e-006 7.134e-012 7.134e-012
2.36 -1.62388e-005 5.48367e-006 -2.46419e-006 8.26114e-012 8.26114e-012
2.37 -1.62547e-005 5.55485e-006 -2.51976e-006 9.21194e-012 9.21194e-012
2.38 -1.62668e-005 5.58678e-006 -2.56344e-006 9.64162e-012 9.64162e-012
2.39 -1.62746e-005 5.5924e-006 -2.59207e-006 9.50486e-012 9.50486e-012
2.4 -1.62792e-005 5.59109e-006 -2.59891e-006 9.00376e-012 9.00376e-012
2.41 -1.62819e-005 5.59025e-006 -2.57303e-006 8.34397e-012 8.34397e-012
2.42 -1.6285e-005 5.58712e-006 -2.50535e-006 7.71381e-012 7.71381e-012
2.43 -1.62895e-005 5.57184e-006 -2.39999e-006 7.34588e-012 7.34588e-012
2.44 -1.62937e-005 5.52152e-006 -2.27631e-006 7.37743e-012 7.37743e-012
2.45 -1.62946e-005 5.41334e-006 -2.15499e-006 7.74567e-012 7.74567e-012
2.46 -1.62903e-005 5.24748e-006 -2.04342e-006 8.24536e-012 8.24536e-012
2.47 -1.62802e-005 5.04527e-006 -1.9357e-006 8.64027e-012 8.64027e-012
2.48 -1.62632e-005 4.82855e-006 -1.82247e-006 8.78033e-012 8.78033e-012
2.49 -1.62374e-005 4.60743e-006 -1.69826e-006 8.65066e-012 8.65066e-012
2.5 -1.62013e-005 4.38e-006 -1.56198e-006 8.32747e-012 8.32747e-012
2.51 -1.61544e-005 4.14001e-006 -1.41598e-006 7.93697e-012 7.93697e-012
2.52 -1.60979e-005 3.88419e-006 -1.2673e-006 7.63361e-012 7.63361e-012
2.53 -1.60339e-005 3.61263e-006 -1.12512e-006 7.54038e-012 7.54038e-012
2.54 -1.59653e-005 3.33047e-006 -9.95443e-007 7.68255e-012 7.68255e-012
2.55 -1.58962e-005 3.04915e-006 -8.79911e-007 7.97832e-012 7.97832e-012
2.56 -1.583e-005 2.78056e-006 -7.77738e-007 8.2932e-012 8.2932e-012
2.57 -1.57693e-005 2.53165e-006 -6.88875e-007 8.50452e-012 8.50452e-012
2.58 -1.57153e-005 2.30339e-006 -6.15465e-007 8.56771e-012 8.56771e-012
2.59 -1.56677e-005 2.09187e-006 -5.58223e-007 8.62937e-012 8.62937e-012
2.6 -1.56257e-005 1.89243e-006 -5.13763e-007 8.88747e-012 8.88747e-012
2.61 -1.55881e-005 1.70648e-006 -4.79148e-007 9.36717e-012 9.36717e-012
2.62 -1.55537e-005 1.54398e-006 -4.56828e-007 1.00619e-011 1.00619e-011
2.63 -1.5522e-005 1.41866e-006 -4.50672e-007 1.09018e-011 1.09018e-011
2.64 -1.5493e-005 1.3351e-006 -4.57732e-007 1.15802e-011 1.15802e-011
2.65 -1.54665e-005 1.27877e-006 -4.67963e-007 1.17832e-011 1.17832e-011
2.66 -1.54425e-005 1.23078e-006 -4.74013e-007 1.14969e-011 1.14969e-011
2.67 -1.54216e-005 1.1893e-006 -4.81503e-007 1.09193e-011 1.09193e-011
2.68 -1.54047e-005 1.17002e-006 -5.07431e-007 1.02328e-011 1.02328e-011
2.69 -1.53933e-005 1.1901e-006 -5.65584e-007 9.64394e-012 9.64394e-012
2.7 -1.53882e-005 1.2514e-006 -6.54605e-007 9.39224e-012 9.39224e-012
2.71 -1.539e-005 1.34247e-006 -7.58529e-007 9.5583e-012 9.5583e-012
2.72 -1.54005e-005 1.45772e-006 -8.56569e-007 1.00088e-011 1.00088e-011
2.73 -1.54221e-005 1.60742e-006 -9.37357e-007 1.05283e-011 1.05283e-011
2.74 -1.54562e-005 1.8031e-006 -1.00919e-006 1.09153e-011 1.09153e-011
2.75 -1.55014e-005 2.03847e-006 -1.09284e-006 1.10298e-011 1.10298e-011
2.76 -1.55553e-005 2.29636e-006 -1.20043e-006 1.08454e-011 1.08454e-011
2.77 -1.56162e-005 2.56469e-006 -1.32833e-006 1.04563e-011 1.04563e-011
2.78 -1.56814e-005 2.83802e-006 -1.47201e-006 1.00325e-011 1.00325e-011
2.79 -1.57474e-005 3.11872e-006 -1.63468e-006 9.74623e-012 9.74623e-012
2.8 -1.58119e-005 3.419e-006 -1.81523e-006 9.69963e-012 9.69963e-012
2.81 -1.5874e-005 3.74414e-006 -1.99846e-006 9.88931e-012 9.88931e-012
2.82 -1.59329e-005 4.07943e-006 -2.16324e-006 1.02198e-011 1.02198e-011
2.83 -1.59882e-005 4.40256e-006 -2.29658e-006 1.05504e-011 1.05504e-011
2.84 -1.60398e-005 4.69825e-006 -2.40061e-006 1.0752e-011 1.0752e-011
2.85 -1.60885e-005 4.96378e-006 -2.48696e-006 1.07555e-011 1.07555e-011
2.86 -1.61352e-005 5.20273e-006 -2.56763e-006 1.05745e-011 1.05745e-011
2.87 -1.61798e-005 5.41641e-006 -2.6536e-006 1.02778e-011 1.02778e-011
2.88 -1.62235e-005 5.60886e-006 -2.75032e-006 1.00152e-011 1.00152e-011
2.89 -1.62677e-005 5.78919e-006 -2.84938e-006 1.01286e-011 1.01286e-011
2.9 -1.63105e-005 5.96047e-006 -2.93233e-006 1.09244e-011 1.09244e-011
2.91 -1.6351e-005 6.11581e-006 -2.9858e-006 1.22435e-011 1.22435e-011
2.92 -1.63878e-005 6.24585e-006 -3.00962e-006 1.35714e-011 1.35714e-011
2.93 -1.64194e-005 6.34207e-006 -3.00961e-006 1.44673e-011 1.44673e-011
2.94 -1.64445e-005 6.39753e-006 -2.9871e-006 1.472e-011 1.472e-011
2.95 -1.64632e-005 6.40999e-006 -2.93969e-006 1.42818e-011 1.42818e-011
2.96 -1.64754e-005 6.38089e-006 -2.86768e-006 1.33151e-011 1.33151e-011
2.97 -1.64804e-005 6.30877e-006 -2.77237e-006 1.22253e-011 1.22253e-011
2.98 -1.64772e-005 6.18849e-006 -2.65093e-006 1.14607e-011 1.14607e-011
2.99 -1.64654e-005 6.02088e-006 -2.49912e-006 1.1305e-011 1.1305e-011
3 -1.64468e-005 5.82094e-006 -2.31766e-006 1.17656e-011 1.17656e-011
3.01 -1.64239e-005 5.61084e-006 -2.11336e-006 1.25676e-011 1.25676e-011
3.02 -1.63999e-005 5.40439e-006 -1.89401e-006 1.33196e-011 1.33196e-011
3.03 -1.63777e-005 5.20093e-006 -1.6624e-006 1.37247e-011 1.37247e-011
3.04 -1.63596e-005 4.98649e-006 -1.41728e-006 1.36482e-011 1.36482e-011
3.05 -1.63453e-005 4.73921e-006 -1.16216e-006 1.31252e-011 1.31252e-011
3.06 -1.63322e-005 4.4436e-006 -9.07375e-007 1.23658e-011 1.23658e-011
3.07 -1.63176e-005 4.10623e-006 -6.58035e-007 1.16558e-011 1.16558e-011
3.08 -1.63004e-005 3.75449e-006 -4.09427e-007 1.12358e-011 1.12358e-011
3.09 -1.62789e-005 3.41365e-006 -1.57523e-007 1.12129e-011 1.12129e-011
3.1 -1.62503e-005 3.09066e-006 9.34997e-008 1.15063e-011 1.15063e-011
3.11 -1.62125e-005 2.78705e-006 3.30047e-007 1.19395e-011 1.19395e-011
3.12 -1.61668e-005 2.51854e-006 5.34977e-007 1.23812e-011 1.23812e-011
3.13 -1.61183e-005 2.30964e-006 6.98608e-007 1.27388e-011 1.27388e-011
3.14 -1.60726e-005 2.16447e-006 8.1981e-007 1.29091e-011 1.29091e-011
3.15 -1.60327e-005 2.05332e-006 9.00684e-007 1.28982e-011 1.28982e-011
3.16 -1.59987e-005 1.93437e-006 9.45248e-007 1.30127e-011 1.30127e-011
3.17 -1.59686e-005 1.77764e-006 9.5774e-007 1.36606e-011 1.36606e-011
3.18 -1.59387e-005 1.57796e-006 9.41313e-007 1.47997e-011 1.47997e-011
3.19 -1.59057e-005 1.36562e-006 9.00388e-007 1.58659e-011 1.58659e-011
3.2 -1.58683e-005 1.19288e-006 8.41672e-007 1.63827e-011 1.63827e-011
3.21 -1.58262e-005 1.09548e-006 7.72379e-007 1.63829e-011 1.63829e-011
3.22 -1.57797e-005 1.07168e-006 6.97445e-007 1.61358e-011 1.61358e-011
3.23 -1.57303e-005 1.09738e-006 6.14694e-007 1.57679e-011 1.57679e-011
3.24 -1.56813e-005 1.14909e-006 5.13847e-007 1.53242e-011 1.53242e-011
3.25 -1.56365e-005 1.21116e-006 3.81181e-007 1.49691e-011 1.49691e-011
3.26 -1.5599e-005 1.27787e-006 2.01394e-007 1.49164e-011 1.49164e-011
3.27 -1.55702e-005 1.35995e-006 -3.90921e-008 1.51952e-011 1.51952e-011
3.28 -1.55507e-005 1.47841e-006 -3.41971e-007 1.56119e-011 1.56119e-011
3.29 -1.55395e-005 1.64347e-006 -6.8995e-007 1.59585e-011 1.59585e-011
3.3 -1.55342e-005 1.84651e-006 -1.05033e-006 1.61408e-011 1.61408e-011
3.31 -1.55331e-005 2.07395e-006 -1.38686e-006 1.61121e-011 1.61121e-011
3.32 -1.55363e-005 2.32307e-006 -1.67328e-006 1.58385e-011 1.58385e-011
3.33 -1.5545e-005 2.59641e-006 -1.90226e-006 1.54014e-011 1.54014e-011
3.34 -1.55599e-005 2.88194e-006 -2.08552e-006 1.50217e-011 1.50217e-011
3.35 -1.55805e-005 3.15788e-006 -2.2464e-006 1.48731e-011 1.48731e-011
3.36 -1.56069e-005 3.41969e-006 -2.4118e-006 1.495e-011 1.495e-011
3.37 -1.56404e-005 3.68547e-006 -2.60465e-006 1.51228e-011 1.51228e-011
3.38 -1.56825e-005 3.97906e-006 -2.83335e-006 1.52621e-011 1.52621e-011
3.39 -1.57344e-005 4.31329e-006 -3.08479e-006 1.53572e-011 1.53572e-011
3.4 -1.57959e-005 4.67505e-006 -3.32957e-006 1.54247e-011 1.54247e-011
3.41 -1.58638e-005 5.02265e-006 -3.5358e-006 1.53854e-011 1.53854e-011
3.42 -1.59335e-005 5.31088e-006 -3.68077e-006 1.52068e-011 1.52068e-011
3.43 -1.60002e-005 5.52264e-006 -3.75694e-006 1.50204e-011 1.50204e-011
3.44 -1.60611e-005 5.67302e-006 -3.77112e-006 1.49905e-011 1.49905e-011
3.45 -1.61142e-005 5.78925e-006 -3.73742e-006 1.51079e-011 1.51079e-011
3.46 -1.61586e-005 5.89102e-006 -3.67238e-006 1.51754e-011 1.51754e-011
3.47 -1.61939e-005 5.98402e-006 -3.59247e-006 1.51668e-011 1.51668e-011
3.48 -1.62211e-005 6.06487e-006 -3.50883e-006 1.54638e-011 1.54638e-011
3.49 -1.62427e-005 6.12728e-006 -3.42316e-006 1.62424e-011 1.62424e-011
3.5 -1.62616e-005 6.15816e-006 -3.32873e-006 1.68831e-011 1.68831e-011
3.51 -1.62792e-005 6.1368e-006 -3.2146e-006 1.67156e-011 1.67156e-011
3.52 -1.62963e-005 6.05569e-006 -3.07199e-006 1.59749e-011 1.59749e-011
3.53 -1.63141e-005 5.93223e-006 -2.89943e-006 1.53329e-011 1.53329e-011
3.54 -1.63327e-005 5.78779e-006 -2.70131e-006 1.50129e-011 1.50129e-011
3.55 -1.63495e-005 5.62415e-006 -2.48342e-006 1.48815e-011 1.48815e-011
3.56 -1.63597e-005 5.42178e-006 -2.25034e-006 1.49453e-011 1.49453e-011
3.57 -1.63582e-005 5.1606e-006 -2.00449e-006 1.53184e-011 1.53184e-011
3.58 -1.6342e-005 4.84296e-006 -1.74614e-006 1.58809e-011 1.58809e-011
3.59 -1.63116e-005 4.49671e-006 -1.47346e-006 1.62997e-011 1.62997e-011
3.6 -1.62709e-005 4.16359e-006 -1.18585e-006 1.63641e-011 1.63641e-011
3.61 -1.62259e-005 3.87867e-006 -8.90831e-007 1.6136e-011 1.6136e-011
3.62 -1.61818e-005 3.64632e-006 -6.05109e-007 1.57869e-011 1.57869e-011
3.63 -1.61419e-005 3.43588e-006 -3.47077e-007 1.5433e-011 1.5433e-011
3.64 -1.61078e-005 3.20813e-006 -1.25798e-007 1.5168e-011 1.5168e-011
3.65 -1.60812e-005 2.94565e-006 6.37098e-008 1.51041e-011 1.51041e-011
3.66 -1.60624e-005 2.65667e-006 2.33601e-007 1.52921e-011 1.52921e-011
3.67 -1.60495e-005 2.35861e-006 3.9637e-007 1.56337e-011 1.56337e-011
3.68 -1.60383e-005 2.0681e-006 5.61938e-007 1.59412e-011 1.59412e-011
3.69 -1.60241e-005 1.80243e-006 7.27613e-007 1.6098e-011 1.6098e-011
3.7 -1.60021e-005 1.57656e-006 8.71994e-007 1.60846e-011 1.60846e-011
3.71 -1.59687e-005 1.39787e-006 9.66976e-007 1.59071e-011 1.59071e-011
3.72 -1.59234e-005 1.27077e-006 9.92452e-007 1.56254e-011 1.56254e-011
3.73 -1.58686e-005 1.19916e-006 9.44102e-007 1.5352e-011 1.5352e-011
3.74 -1.58099e-005 1.17886e-006 8.37131e-007 1.52059e-011 1.52059e-011
3.75 -1.57533e-005 1.19735e-006 6.95458e-007 1.53314e-011 1.53314e-011
3.76 -1.57037e-005 1.24183e-006 5.33672e-007 1.57723e-011 1.57723e-011
3.77 -1.56646e-005 1.30586e-006 3.55553e-007 1.62638e-011 1.62638e-011
3.78 -1.56381e-005 1.38932e-006 1.61639e-007 1.64423e-011 1.64423e-011
3.79 -1.56239e-005 1.49363e-006 -5.03549e-008 1.63016e-011 1.63016e-011
3.8 -1.56199e-005 1.62192e-006 -2.85514e-007 1.60716e-011 1.60716e-011
3.81 -1.5623e-005 1.78015e-006 -5.44235e-007 1.58263e-011 1.58263e-011
3.82 -1.56311e-005 1.97165e-006 -8.13913e-007 1.55537e-011 1.55537e-011
3.83 -1.56434e-005 2.19656e-006 -1.07217e-006 1.53641e-011 1.53641e-011
3.84 -1.56597e-005 2.4565e-006 -1.30889e-006 1.54021e-011 1.54021e-011
3.85 -1.56789e-005 2.74864e-006 -1.54311e-006 1.56497e-011 1.56497e-011
3.86 -1.56991e-005 3.06025e-006 -1.80061e-006 1.59443e-011 1.59443e-011
3.87 -1.572e-005 3.37346e-006 -2.08203e-006 1.61478e-011 1.61478e-011
3.88 -1.57427e-005 3.67169e-006 -2.36673e-006 1.62183e-011 1.62183e-011
3.89 -1.57671e-005 3.94348e-006 -2.63569e-006 1.61592e-011 1.61592e-011
3.9 -1.5791e-005 4.18068e-006 -2.88251e-006 1.59889e-011 1.59889e-011
3.91 -1.58106e-005 4.37285e-006 -3.10643e-006 1.5767e-011 1.5767e-011
3.92 -1.58217e-005 4.5081e-006 -3.30012e-006 1.55901e-011 1.55901e-011
3.93 -1.58223e-005 4.58966e-006 -3.45079e-006 1.5524e-011 1.5524e-011
3.94 -1.58139e-005 4.64644e-006 -3.55122e-006 1.55647e-011 1.55647e-011
3.95 -1.58012e-005 4.71372e-006 -3.60055e-006 1.56814e-011 1.56814e-011
3.96 -1.57904e-005 4.80943e-006 -3.59965e-006 1.58334e-011 1.58334e-011
3.97 -1.5789e-005 4.93225e-006 -3.55503e-006 1.59422e-011 1.59422e-011
3.98 -1.5804e-005 5.07162e-006 -3.47898e-006 1.59471e-011 1.59471e-011
3.99 -1.58415e-005 5.21355e-006 -3.38062e-006 1.58785e-011 1.58785e-011
4 -1.59038e-005 5.33242e-006 -3.26072e-006 1.57724e-011 1.57724e-011
4.01 -1.5987e-005 5.38868e-006 -3.1134e-006 1.56399e-011 1.56399e-011
4.02 -1.60821e-005 5.35672e-006 -2.93495e-006 1.55505e-011 1.55505e-011
4.03 -1.61774e-005 5.2459e-006 -2.73399e-006 1.55554e-011 1.55554e-011
4.04 -1.62594e-005 5.0824e-006 -2.52655e-006 1.56447e-011 1.56447e-011
4.05 -1.63153e-005 4.89232e-006 -2.32411e-006 1.58426e-011 1.58426e-011
4.06 -1.63378e-005 4.70914e-006 -2.12983e-006 1.60768e-011 1.60768e-011
4.07 -1.63276e-005 4.56688e-006 -1.9385e-006 1.60711e-011 1.60711e-011
4.08 -1.6291e-005 4.47076e-006 -1.73717e-006 1.57739e-011 1.57739e-011
4.09 -1.6239e-005 4.39325e-006 -1.50887e-006 1.55166e-011 1.55166e-011
4.1 -1.61856e-005 4.30074e-006 -1.24136e-006 1.54909e-011 1.54909e-011
4.11 -1.61447e-005 4.16912e-006 -9.37118e-007 1.55704e-011 1.55704e-011
4.12 -1.61264e-005 3.9889e-006 -6.15403e-007 1.56417e-011 1.56417e-011
4.13 -1.61362e-005 3.77372e-006 -3.04417e-007 1.57419e-011 1.57419e-011
4.14 -1.61729e-005 3.54772e-006 -3.01197e-008 1.58726e-011 1.58726e-011
4.15 -1.62281e-005 3.32303e-006 1.90457e-007 1.59413e-011 1.59413e-011
4.16 -1.62878e-005 3.10243e-006 3.50768e-007 1.589e-011 1.589e-011
4.17 -1.63368e-005 2.89085e-006 4.54179e-007 1.57849e-011 1.57849e-011
4.18 -1.63623e-005 2.70002e-006 5.13535e-007 1.57774e-011 1.57774e-011
4.19 -1.63577e-005 2.54812e-006 5.51487e-007 1.58043e-011 1.58043e-011
4.2 -1.63232e-005 2.4484e-006 5.94267e-007 1.55484e-011 1.55484e-011
4.21 -1.62649e-005 2.40106e-006 6.56447e-007 1.51162e-011 1.51162e-011
4.22 -1.6194e-005 2.40025e-006 7.31116e-007 1.50697e-011 1.50697e-011
4.23 -1.61237e-005 2.43266e-006 7.96712e-007 1.5451e-011 1.5451e-011
4.24 -1.60663e-005 2.47479e-006 8.30739e-007 1.57699e-011 1.57699e-011
4.25 -1.60319e-005 2.51503e-006 8.18074e-007 1.5836e-011 1.5836e-011
4.26 -1.60272e-005 2.56286e-006 7.5282e-007 1.58484e-011 1.58484e-011
4.27 -1.60523e-005 2.6285e-006 6.35689e-007 1.58767e-011 1.58767e-011
4.28 -1.61006e-005 2.71821e-006 4.72805e-007 1.57741e-011 1.57741e-011
4.29 -1.61623e-005 2.83991e-006 2.77209e-007 1.55356e-011 1.55356e-011
4.3 -1.6225e-005 2.98902e-006 6.48988e-008 1.53324e-011 1.53324e-011
4.31 -1.62747e-005 3.14483e-006 -1.54312e-007 1.52835e-011 1.52835e-011
4.32 -1.63005e-005 3.29471e-006 -3.7892e-007 1.53685e-011 1.53685e-011
4.33 -1.62976e-005 3.44577e-006 -6.08999e-007 1.55093e-011 1.55093e-011
4.34 -1.62677e-005 3.61116e-006 -8.38626e-007 1.56587e-011 1.56587e-011
4.35 -1.62186e-005 3.79922e-006 -1.05531e-006 1.57837e-011 1.57837e-011
4.36 -1.61615e-005 4.01085e-006 -1.25137e-006 1.58343e-011 1.58343e-011
4.37 -1.6108e-005 4.23458e-006 -1.43509e-006 1.57784e-011 1.57784e-011
4.38 -1.60667e-005 4.44612e-006 -1.62418e-006 1.5647e-011 1.5647e-011
4.39 -1.60424e-005 4.61341e-006 -1.8279e-006 1.55117e-011 1.55117e-011
4.4 -1.60352e-005 4.70927e-006 -2.03926e-006 1.54294e-011 1.54294e-011
4.41 -1.6042e-005 4.73398e-006 -2.24351e-006 1.54199e-011 1.54199e-011
4.42 -1.60567e-005 4.71958e-006 -2.43022e-006 1.5478e-011 1.5478e-011
4.43 -1.60727e-005 4.71222e-006 -2.59568e-006 1.55798e-011 1.55798e-011
4.44 -1.60851e-005 4.75629e-006 -2.73661e-006 1.56835e-011 1.56835e-011
4.45 -1.60923e-005 4.87367e-006 -2.8454e-006 1.57464e-011 1.57464e-011
4.46 -1.60942e-005 5.04039e-006 -2.9154e-006 1.57448e-011 1.57448e-011
4.47 -1.60907e-005 5.19806e-006 -2.95017e-006 1.56841e-011 1.56841e-011
4.48 -1.60832e-005 5.29547e-006 -2.95968e-006 1.55945e-011 1.55945e-011
4.49 -1.6075e-005 5.31045e-006 -2.94613e-006 1.55148e-011 1.55148e-011
4.5 -1.60691e-005 5.24377e-006 -2.90104e-006 1.54745e-011 1.54745e-011
4.51 -1.60672e-005 5.11762e-006 -2.8176e-006 1.54849e-011 1.54849e-011
4.52 -1.60703e-005 4.97444e-006 -2.69957e-006 1.55382e-011 1.55382e-011
4.53 -1.60782e-005 4.84982e-006 -2.55538e-006 1.56113e-011 1.56113e-011
4.54 -1.60896e-005 4.75162e-006 -2.38778e-006 1.56736e-011 1.56736e-011
4.55 -1.6104e-005 4.67212e-006 -2.19691e-006 1.57009e-011 1.57009e-011
4.56 -1.6121e-005 4.59615e-006 -1.99148e-006 1.56852e-011 1.56852e-011
4.57 -1.61385e-005 4.50136e-006 -1.78739e-006 1.5637e-011 1.5637e-011
4.58 -1.6155e-005 4.37517e-006 -1.59533e-006 1.55785e-011 1.55785e-011
4.59 -1.61708e-005 4.23076e-006 -1.41577e-006 1.55337e-011 1.55337e-011
4.6 -1.61876e-005 4.09783e-006 -1.24414e-006 1.55189e-011 1.55189e-011
4.61 -1.62057e-005 3.99149e-006 -1.07432e-006 1.55373e-011 1.55373e-011
4.62 -1.62229e-005 3.89357e-006 -8.97519e-007 1.55795e-011 1.55795e-011
4.63 -1.62367e-005 3.77789e-006 -7.0617e-007 1.56274e-011 1.56274e-011
4.64 -1.62471e-005 3.65006e-006 -5.03882e-007 1.56611e-011 1.56611e-011
4.65 -1.62561e-005 3.54381e-006 -3.10763e-007 1.56681e-011 1.56681e-011
4.66 -1.62642e-005 3.48132e-006 -1.58025e-007 1.56479e-011 1.56479e-011
4.67 -1.62695e-005 3.45433e-006 -7.16774e-008 1.56112e-011 1.56112e-011
4.68 -1.62701e-005 3.44056e-006 -5.62827e-008 1.55743e-011 1.55743e-011
4.69 -1.62658e-005 3.42729e-006 -9.54382e-008 1.55513e-011 1.55513e-011
4.7 -1.62581e-005 3.42267e-006 -1.65788e-007 1.55497e-011 1.55497e-011
4.71 -1.62499e-005 3.44857e-006 -2.47626e-007 1.55691e-011 1.55691e-011
4.72 -1.62431e-005 3.51445e-006 -3.29864e-007 1.56004e-011 1.56004e-011
4.73 -1.62372e-005 3.6035e-006 -4.15437e-007 1.56299e-011 1.56299e-011
4.74 -1.62303e-005 3.69335e-006 -5.17586e-007 1.56458e-011 1.56458e-011
4.75 -1.6222e-005 3.77672e-006 -6.46652e-007 1.56431e-011 1.56431e-011
4.76 -1.62129e-005 3.86295e-006 -8.04625e-007 1.56248e-011 1.56248e-011
4.77 -1.62052e-005 3.97528e-006 -9.87787e-007 1.55994e-011 1.55994e-011
4.78 -1.62008e-005 4.13186e-006 -1.18946e-006 1.55774e-011 1.55774e-011
4.79 -1.61992e-005 4.31915e-006 -1.40251e-006 1.55671e-011 1.55671e-011
4.8 -1.6198e-005 4.50311e-006 -1.61962e-006 1.5572e-011 1.5572e-011
4.81 -1.61951e-005 4.65924e-006 -1.83521e-006 1.55891e-011 1.55891e-011
4.82 -1.61881e-005 4.77722e-006 -2.05059e-006 1.56105e-011 1.56105e-011
4.83 -1.61748e-005 4.86186e-006 -2.26715e-006 1.56271e-011 1.56271e-011
4.84 -1.61575e-005 4.94502e-006 -2.47087e-006 1.56329e-011 1.56329e-011
4.85 -1.61419e-005 5.06537e-006 -2.63936e-006 1.56263e-011 1.56263e-011
4.86 -1.61298e-005 5.21194e-006 -2.76713e-006 1.56099e-011 1.56099e-011
4.87 -1.61166e-005 5.32017e-006 -2.87224e-006 1.55905e-011 1.55905e-011
4.88 -1.60974e-005 5.34334e-006 -2.97882e-006 1.55761e-011 1.55761e-011
4.89 -1.60722e-005 5.29527e-006 -3.09446e-006 1.55705e-011 1.55705e-011
4.9 -1.60441e-005 5.22025e-006 -3.20317e-006 1.55735e-011 1.55735e-011
4.91 -1.60146e-005 5.14823e-006 -3.28442e-006 1.55834e-011 1.55834e-011
4.92 -1.59827e-005 5.08673e-006 -3.33762e-006 1.55962e-011 1.55962e-011
4.93 -1.5947e-005 5.03748e-006 -3.38147e-006 1.56057e-011 1.56057e-011
4.94 -1.59072e-005 4.99274e-006 -3.4322e-006 1.56085e-011 1.56085e-011
4.95 -1.58621e-005 4.92221e-006 -3.48923e-006 1.56052e-011 1.56052e-011
4.96 -1.58114e-005 4.79471e-006 -3.53577e-006 1.55977e-011 1.55977e-011
4.97 -1.57576e-005 4.61144e-006 -3.54577e-006 1.55831e-011 1.55831e-011
4.98 -1.57044e-005 4.39478e-006 -3.49758e-006 1.55473e-011 1.55473e-011
4.99 -1.56523e-005 4.15357e-006 -3.39279e-006 1.54889e-011 1.54889e-011
5 -1.55989e-005 3.89034e-006 -3.26294e-006 1.54278e-011 1.54278e-011
5.01 -1.55437e-005 3.62996e-006 -3.14808e-006 1.53585e-011 1.53585e-011
5.02 -1.54898e-005 3.40426e-006 -3.06358e-006 1.52618e-011 1.52618e-011
5.03 -1.54411e-005 3.2207e-006 -2.99183e-006 1.51327e-011 1.51327e-011
5.04 -1.54017e-005 3.06805e-006 -2.90576e-006 1.49687e-011 1.49687e-011
5.05 -1.53739e-005 2.92851e-006 -2.79328e-006 1.48038e-011 1.48038e-011
5.06 -1.53559e-005 2.76996e-006 -2.66128e-006 1.46873e-011 1.46873e-011
5.07 -1.53426e-005 2.56304e-006 -2.52811e-006 1.46055e-011 1.46055e-011
5.08 -1.53296e-005 2.31961e-006 -2.41256e-006 1.45063e-011 1.45063e-011
5.09 -1.5315e-005 2.08605e-006 -2.32453e-006 1.43557e-011 1.43557e-011
5.1 -1.52967e-005 1.90171e-006 -2.26481e-006 1.41265e-011 1.41265e-011
5.11 -1.52743e-005 1.78985e-006 -2.22784e-006 1.38165e-011 1.38165e-011
5.12 -1.52515e-005 1.77217e-006 -2.20533e-006 1.35208e-011 1.35208e-011
5.13 -1.52342e-005 1.84979e-006 -2.19309e-006 1.33793e-011 1.33793e-011
5.14 -1.52257e-005 1.97497e-006 -2.19035e-006 1.34105e-011 1.34105e-011
5.15 -1.52272e-005 2.0805e-006 -2.19227e-006 1.35042e-011 1.35042e-011
5.16 -1.52403e-005 2.13785e-006 -2.1951e-006 1.35641e-011 1.35641e-011
5.17 -1.52654e-005 2.1606e-006 -2.20767e-006 1.35962e-011 1.35962e-011
5.18 -1.52984e-005 2.17346e-006 -2.24747e-006 1.3682e-011 1.3682e-011
5.19 -1.53337e-005 2.20841e-006 -2.32918e-006 1.38146e-011 1.38146e-011
5.2 -1.53685e-005 2.31597e-006 -2.45584e-006 1.38569e-011 1.38569e-011
5.21 -1.54053e-005 2.54388e-006 -2.60809e-006 1.37575e-011 1.37575e-011
5.22 -1.54493e-005 2.89194e-006 -2.7398e-006 1.36245e-011 1.36245e-011
5.23 -1.5508e-005 3.3126e-006 -2.79473e-006 1.35528e-011 1.35528e-011
5.24 -1.55897e-005 3.74882e-006 -2.73723e-006 1.35341e-011 1.35341e-011
5.25 -1.57008e-005 4.15117e-006 -2.56909e-006 1.3542e-011 1.3542e-011
5.26 -1.58433e-005 4.48971e-006 -2.32079e-006 1.35953e-011 1.35953e-011
5.27 -1.60163e-005 4.76988e-006 -2.03107e-006 1.36831e-011 1.36831e-011
5.28 -1.6215e-005 5.01724e-006 -1.73255e-006 1.37417e-011 1.37417e-011
5.29 -1.64287e-005 5.24903e-006 -1.44819e-006 1.3716e-011 1.3716e-011
5.3 -1.66456e-005 5.48204e-006 -1.19228e-006 1.34761e-011 1.34761e-011
5.31 -1.68543e-005 5.74418e-006 -9.68264e-007 1.29002e-011 1.29002e-011
5.32 -1.7046e-005 6.04826e-006 -7.62976e-007 1.19589e-011 1.19589e-011
5.33 -1.72165e-005 6.37561e-006 -5.46379e-007 1.04023e-011 1.04023e-011
5.34 -1.73659e-005 6.69461e-006 -2.8228e-007 7.94469e-012 7.94469e-012
5.35 -1.7501e-005 6.9861e-006 5.78451e-008 4.9104e-012 4.9104e-012
5.36 -1.76328e-005 7.24752e-006 4.85878e-007 2.05732e-012 2.05732e-012
5.37 -1.77693e-005 7.46275e-006 9.84188e-007 -1.72849e-013 -1.72849e-013
5.38 -1.79087e-005 7.5839e-006 1.49941e-006 -1.77719e-012 -1.77719e-012
5.39 -1.80439e-005 7.57564e-006 1.97041e-006 -2.84683e-012 -2.84683e-012
5.4 -1.81693e-005 7.46387e-006 2.36536e-006 -3.40745e-012 -3.40745e-012
5.41 -1.82815e-005 7.31615e-006 2.6813e-006 -3.5472e-012 -3.5472e-012
5.42 -1.83731e-005 7.1876e-006 2.91768e-006 -3.50476e-012 -3.50476e-012
5.43 -1.84312e-005 7.08296e-006 3.06186e-006 -3.52443e-012 -3.52443e-012
5.44 -1.84416e-005 6.96052e-006 3.10421e-006 -3.75428e-012 -3.75428e-012
5.45 -1.83976e-005 6.78099e-006 3.06384e-006 -4.14494e-012 -4.14494e-012
5.46 -1.83014e-005 6.54338e-006 2.9827e-006 -4.46974e-012 -4.46974e-012
5.47 -1.81612e-005 6.26888e-006 2.89342e-006 -4.48701e-012 -4.48701e-012
5.48 -1.79874e-005 5.9751e-006 2.80283e-006 -4.06498e-012 -4.06498e-012
5.49 -1.77916e-005 5.67069e-006 2.69812e-006 -3.37651e-012 -3.37651e-012
5.5 -1.75836e-005 5.34416e-006 2.55425e-006 -2.87545e-012 -2.87545e-012
5.51 -1.73677e-005 4.96143e-006 2.33831e-006 -2.84857e-012 -2.84857e-012
5.52 -1.71447e-005 4.5078e-006 2.01843e-006 -3.17225e-012 -3.17225e-012
5.53 -1.69141e-005 4.01187e-006 1.57718e-006 -3.61465e-012 -3.61465e-012
5.54 -1.66728e-005 3.51006e-006 1.01905e-006 -4.07842e-012 -4.07842e-012
5.55 -1.64143e-005 3.02327e-006 3.61525e-007 -4.68388e-012 -4.68388e-012
5.56 -1.61312e-005 2.56252e-006 -3.79306e-007 -5.23239e-012 -5.23239e-012
5.57 -1.58176e-005 2.12554e-006 -1.18466e-006 -5.13341e-012 -5.13341e-012
5.58 -1.54727e-005 1.69664e-006 -2.01566e-006 -4.5734e-012 -4.5734e-012
5.59 -1.51041e-005 1.25859e-006 -2.81774e-006 -4.69037e-012 -4.69037e-012
5.6 -1.47236e-005 7.97818e-007 -3.54914e-006 -6.33032e-012 -6.33032e-012
5.61 -1.43407e-005 3.02763e-007 -4.20316e-006 -9.19276e-012 -9.19276e-012
5.62 -1.3967e-005 -2.19423e-007 -4.79741e-006 -1.30795e-011 -1.30795e-011
5.63 -1.36182e-005 -7.23939e-007 -5.35215e-006 -1.80898e-011 -1.80898e-011
5.64 -1.33089e-005 -1.14585e-006 -5.88016e-006 -2.35447e-011 -2.35447e-011
5.65 -1.3052e-005 -1.44783e-006 -6.39072e-006 -2.82903e-011 -2.82903e-011
5.66 -1.28522e-005 -1.64744e-006 -6.88872e-006 -3.09177e-011 -3.09177e-011
5.67 -1.27081e-005 -1.79521e-006 -7.3642e-006 -3.09897e-011 -3.09897e-011
5.68 -1.26147e-005 -1.92443e-006 -7.78768e-006 -2.97082e-011 -2.97082e-011
5.69 -1.25682e-005 -2.01848e-006 -8.12297e-006 -2.83445e-011 -2.83445e-011
5.7 -1.25647e-005 -2.02763e-006 -8.34474e-006 -2.7384e-011 -2.7384e-011
5.71 -1.2601e-005 -1.91265e-006 -8.44337e-006 -2.7043e-011 -2.7043e-011
5.72 -1.26774e-005 -1.66614e-006 -8.4167e-006 -2.76806e-011 -2.76806e-011
5.73 -1.27975e-005 -1.2927e-006 -8.26062e-006 -2.93346e-011 -2.93346e-011
5.74 -1.297e-005 -7.82509e-007 -7.97148e-006 -3.11968e-011 -3.11968e-011
5.75 -1.32078e-005 -1.12692e-007 -7.55886e-006 -3.22291e-011 -3.22291e-011
5.76 -1.35224e-005 7.23302e-007 -7.05234e-006 -3.2119e-011 -3.2119e-011
5.77 -1.39184e-005 1.69495e-006 -6.49213e-006 -3.12517e-011 -3.12517e-011
5.78 -1.4392e-005 2.74296e-006 -5.91385e-006 -3.01423e-011 -3.01423e-011
5.79 -1.49289e-005 3.79021e-006 -5.34219e-006 -2.92052e-011 -2.92052e-011
5.8 -1.55021e-005 4.75049e-006 -4.78906e-006 -2.88545e-011 -2.88545e-011
5.81 -1.60778e-005 5.5664e-006 -4.25224e-006 -2.93923e-011 -2.93923e-011
5.82 -1.66276e-005 6.27485e-006 -3.72043e-006 -3.05697e-011 -3.05697e-011
5.83 -1.71329e-005 7.01247e-006 -3.1799e-006 -3.1692e-011 -3.1692e-011
5.84 -1.75902e-005 7.90269e-006 -2.61618e-006 -3.19445e-011 -3.19445e-011
5.85 -1.80026e-005 8.94407e-006 -2.00803e-006 -3.06021e-011 -3.06021e-011
5.86 -1.83761e-005 1.00243e-005 -1.32985e-006 -2.78554e-011 -2.78554e-011
5.87 -1.87266e-005 1.10094e-005 -5.77604e-007 -2.49264e-011 -2.49264e-011
5.88 -1.90676e-005 1.18038e-005 2.16089e-007 -2.33097e-011 -2.33097e-011
5.89 -1.94052e-005 1.23691e-005 9.95541e-007 -2.40378e-011 -2.40378e-011
5.9 -1.97421e-005 1.27258e-005 1.71401e-006 -2.72856e-011 -2.72856e-011
5.91 -2.00731e-005 1.29198e-005 2.35095e-006 -3.25502e-011 -3.25502e-011
5.92 -2.03857e-005 1.30003e-005 2.90956e-006 -3.86228e-011 -3.86228e-011
5.93 -2.0664e-005 1.30198e-005 3.41285e-006 -4.38314e-011 -4.38314e-011
5.94 -2.08945e-005 1.30119e-005 3.90137e-006 -4.69915e-011 -4.69915e-011
5.95 -2.10641e-005 1.29629e-005 4.41571e-006 -4.81036e-011 -4.81036e-011
5.96 -2.11611e-005 1.28135e-005 4.96811e-006 -4.77442e-011 -4.77442e-011
5.97 -2.11778e-005 1.24978e-005 5.53598e-006 -4.61317e-011 -4.61317e-011
5.98 -2.11138e-005 1.19835e-005 6.07891e-006 -4.34841e-011 -4.34841e-011
5.99 -2.09743e-005 1.12647e-005 6.55537e-006 -4.07487e-011 -4.07487e-011
6 -2.07608e-005 1.0319e-005 6.92826e-006 -3.93294e-011 -3.93294e-011
6.01 -2.04679e-005 9.09705e-006 7.16795e-006 -3.97993e-011 -3.97993e-011
6.02 -2.00858e-005 7.5696e-006 7.26548e-006 -4.1295e-011 -4.1295e-011
6.03 -1.96079e-005 5.75942e-006 7.24578e-006 -4.24099e-011 -4.24099e-011
6.04 -1.90323e-005 3.73146e-006 7.15431e-006 -4.1921e-011 -4.1921e-011
6.05 -1.83634e-005 1.58338e-006 7.01521e-006 -3.94309e-011 -3.94309e-011
6.06 -1.7613e-005 -5.74349e-007 6.80911e-006 -3.4733e-011 -3.4733e-011
6.07 -1.67953e-005 -2.64629e-006 6.4914e-006 -2.72983e-011 -2.72983e-011
6.08 -1.59381e-005 -4.56153e-006 6.02048e-006 -1.84054e-011 -1.84054e-011
6.09 -1.50704e-005 -6.29856e-006 5.37054e-006 -1.02878e-011 -1.02878e-011
6.1 -1.42294e-005 -7.88192e-006 4.54381e-006 -3.22344e-012 -3.22344e-012
6.11 -1.34443e-005 -9.3376e-006 3.56758e-006 3.32885e-012 3.32885e-012
6.12 -1.27444e-005 -1.06489e-005 2.49499e-006 7.52863e-012 7.52863e-012
6.13 -1.21453e-005 -1.1764e-005 1.38744e-006 6.15035e-012 6.15035e-012
6.14 -1.16573e-005 -1.25963e-005 2.95025e-007 -1.46747e-012 -1.46747e-012
6.15 -1.12898e-005 -1.30232e-005 -7.48296e-007 -1.28801e-011 -1.28801e-011
6.16 -1.10502e-005 -1.29363e-005 -1.72449e-006 -2.41699e-011 -2.41699e-011
6.17 -1.09521e-005 -1.22919e-005 -2.63346e-006 -3.15274e-011 -3.15274e-011
6.18 -1.10072e-005 -1.1117e-005 -3.48756e-006 -3.28404e-011 -3.28404e-011
6.19 -1.12238e-005 -9.50529e-006 -4.29014e-006 -2.84828e-011 -2.84828e-011
6.2 -1.15988e-005 -7.60126e-006 -5.0176e-006 -2.07158e-011 -2.07158e-011
6.21 -1.21245e-005 -5.53207e-006 -5.6278e-006 -1.22977e-011 -1.22977e-011
6.22 -1.2787e-005 -3.3316e-006 -6.0906e-006 -5.70071e-012 -5.70071e-012
6.23 -1.35732e-005 -9.47456e-007 -6.40851e-006 -2.77537e-012 -2.77537e-012
6.24 -1.44638e-005 1.66937e-006 -6.60716e-006 -4.71728e-012 -4.71728e-012
6.25 -1.54278e-005 4.47678e-006 -6.70603e-006 -1.0989e-011 -1.0989e-011
6.26 -1.64407e-005 7.31373e-006 -6.69831e-006 -1.93486e-011 -1.93486e-011
6.27 -1.74529e-005 9.95172e-006 -6.56015e-006 -2.7445e-011 -2.7445e-011
6.28 -1.8413e-005 1.22056e-005 -6.27955e-006 -3.09444e-011 -3.09444e-011
6.29 -1.92776e-005 1.40518e-005 -5.85814e-006 -2.48426e-011 -2.48426e-011
6.3 -2.0038e-005 1.56396e-005 -5.31097e-006 -9.22793e-012 -9.22793e-012
6.31 -2.07013e-005 1.71441e-005 -4.66447e-006 1.04042e-011 1.04042e-011
6.32 -2.12704e-005 1.85825e-005 -3.96545e-006 2.74089e-011 2.74089e-011
6.33 -2.1737e-005 1.97932e-005 -3.28901e-006 3.66118e-011 3.66118e-011
6.34 -2.20714e-005 2.05362e-005 -2.72203e-006 3.44695e-011 3.44695e-011
6.35 -2.22458e-005 2.06233e-005 -2.32498e-006 2.12231e-011 2.12231e-011
6.36 -2.22628e-005 2.00275e-005 -2.1074e-006 3.10289e-012 3.10289e-012
6.37 -2.21296e-005 1.89339e-005 -2.03755e-006 -1.14102e-011 -1.14102e-011
6.38 -2.18542e-005 1.76717e-005 -2.0692e-006 -1.72662e-011 -1.72662e-011
6.39 -2.14522e-005 1.64896e-005 -2.15981e-006 -1.38901e-011 -1.38901e-011
6.4 -2.09368e-005 1.5385e-005 -2.27831e-006 -3.28907e-012 -3.28907e-012
6.41 -2.0324e-005 1.42083e-005 -2.40262e-006 1.05948e-011 1.05948e-011
6.42 -1.96471e-005 1.28558e-005 -2.5057e-006 2.20961e-011 2.20961e-011
6.43 -1.89503e-005 1.13044e-005 -2.54514e-006 2.62514e-011 2.62514e-011
6.44 -1.82775e-005 9.57919e-006 -2.47305e-006 2.17885e-011 2.17885e-011
6.45 -1.7667e-005 7.76496e-006 -2.26473e-006 1.15075e-011 1.15075e-011
6.46 -1.71479e-005 5.99145e-006 -1.9343e-006 1.63983e-013 1.63983e-013
6.47 -1.67339e-005 4.35029e-006 -1.52225e-006 -7.68941e-012 -7.68941e-012
6.48 -1.6419e-005 2.83243e-006 -1.07472e-006 -9.09452e-012 -9.09452e-012
6.49 -1.61831e-005 1.37028e-006 -6.25328e-007 -3.89538e-012 -3.89538e-012
6.5 -1.60008e-005 -8.12293e-008 -1.85141e-007 5.52872e-012 5.52872e-012
6.51 -1.57829e-005 -1.53189e-006 2.48211e-007 1.46765e-011 1.46765e-011
6.52 -1.55914e-005 -2.94771e-006 6.64248e-007 1.71107e-011 1.71107e-011
6.53 -1.53872e-005 -4.37418e-006 1.06539e-006 1.13618e-011 1.13618e-011
6.54 -1.5123e-005 -5.87691e-006 1.45353e-006 3.67889e-012 3.67889e-012
6.55 -1.47737e-005 -7.45973e-006 1.81791e-006 -2.28128e-012 -2.28128e-012
6.56 -1.43486e-005 -9.00934e-006 2.13729e-006 -6.96722e-012 -6.96722e-012
6.57 -1.38697e-005 -1.03587e-005 2.38844e-006 -7.89484e-012 -7.89484e-012
6.58 -1.3388e-005 -1.13593e-005 2.55077e-006 -1.86857e-012 -1.86857e-012
6.59 -1.29487e-005 -1.19461e-005 2.61345e-006 9.22423e-012 9.22423e-012
6.6 -1.25906e-005 -1.21669e-005 2.57341e-006 1.94374e-011 1.94374e-011
6.61 -1.23526e-005 -1.21453e-005 2.42324e-006 2.43329e-011 2.43329e-011
6.62 -1.22563e-005 -1.19968e-005 2.14037e-006 2.36529e-011 2.36529e-011
6.63 -1.22978e-005 -1.17787e-005 1.69243e-006 1.91416e-011 1.91416e-011
6.64 -1.24544e-005 -1.14789e-005 1.0598e-006 1.23253e-011 1.23253e-011
6.65 -1.26905e-005 -1.10295e-005 2.61513e-007 5.32207e-012 5.32207e-012
6.66 -1.29643e-005 -1.03539e-005 -6.41006e-007 1.22148e-012 1.22148e-012
6.67 -1.32385e-005 -9.40077e-006 -1.56328e-006 2.02248e-012 2.02248e-012
6.68 -1.34904e-005 -8.13397e-006 -2.42511e-006 6.92624e-012 6.92624e-012
6.69 -1.37205e-005 -6.5201e-006 -3.17028e-006 1.32858e-011 1.32858e-011
6.7 -1.39543e-005 -4.55025e-006 -3.76288e-006 1.86412e-011 1.86412e-011
6.71 -1.42314e-005 -2.28231e-006 -4.17485e-006 2.17348e-011 2.17348e-011
6.72 -1.45993e-005 1.46602e-007 -4.39111e-006 2.25395e-011 2.25395e-011
6.73 -1.50972e-005 2.5892e-006 -4.44135e-006 2.12527e-011 2.12527e-011
6.74 -1.57461e-005 4.97322e-006 -4.41364e-006 1.78616e-011 1.78616e-011
6.75 -1.65417e-005 7.30041e-006 -4.43323e-006 1.37456e-011 1.37456e-011
6.76 -1.74572e-005 9.61002e-006 -4.60646e-006 9.29532e-012 9.29532e-012
6.77 -1.84452e-005 1.19665e-005 -4.96453e-006 3.30078e-012 3.30078e-012
6.78 -1.94515e-005 1.44219e-005 -5.46202e-006 -9.91522e-013 -9.91522e-013
6.79 -2.04263e-005 1.69635e-005 -6.0164e-006 3.11901e-013 3.11901e-013
6.8 -2.13529e-005 1.94982e-005 -6.55394e-006 6.26467e-012 6.26467e-012
6.81 -2.21609e-005 2.1892e-005 -7.03011e-006 1.73178e-011 1.73178e-011
6.82 -2.26585e-005 2.40448e-005 -7.45454e-006 3.69128e-011 3.69128e-011
6.83 -2.28617e-005 2.58533e-005 -7.81759e-006 6.48741e-011 6.48741e-011
6.84 -2.28563e-005 2.71883e-005 -8.12068e-006 9.66254e-011 9.66254e-011
6.85 -2.27063e-005 2.79437e-005 -8.39057e-006 1.28457e-010 1.28457e-010
6.86 -2.25127e-005 2.81056e-005 -8.6475e-006 1.55909e-010 1.55909e-010
6.87 -2.22845e-005 2.77638e-005 -8.89765e-006 1.71767e-010 1.71767e-010
6.88 -2.19676e-005 2.70214e-005 -9.14031e-006 1.74145e-010 1.74145e-010
6.89 -2.15737e-005 2.58978e-005 -9.34167e-006 1.66443e-010 1.66443e-010
6.9 -2.1113e-005 2.43666e-005 -9.45772e-006 1.48648e-010 1.48648e-010
6.91 -2.05929e-005 2.24349e-005 -9.452e-006 1.21963e-010 1.21963e-010
6.92 -2.00214e-005 2.01788e-005 -9.31846e-006 9.66795e-011 9.66795e-011
6.93 -1.93998e-005 1.76631e-005 -9.09188e-006 8.37335e-011 8.37335e-011
6.94 -1.87236e-005 1.4863e-005 -8.81586e-006 8.34605e-011 8.34605e-011
6.95 -1.79853e-005 1.17061e-005 -8.49986e-006 8.81002e-011 8.81002e-011
6.96 -1.71822e-005 8.18918e-006 -8.11337e-006 9.03113e-011 9.03113e-011
6.97 -1.63122e-005 4.43078e-006 -7.62576e-006 8.66447e-011 8.66447e-011
6.98 -1.53835e-005 6.12579e-007 -7.04343e-006 7.82832e-011 7.82832e-011
6.99 -1.43653e-005 -3.10116e-006 -6.41573e-006 6.92187e-011 6.92187e-011
7 -1.32388e-005 -6.56438e-006 -5.81301e-006 5.68352e-011 5.68352e-011
7.01 -1.21756e-005 -9.63146e-006 -5.27724e-006 3.72804e-011 3.72804e-011
7.02 -1.12668e-005 -1.21728e-005 -4.81544e-006 2.02027e-011 2.02027e-011
7.03 -1.05335e-005 -1.414e-005 -4.42101e-006 1.55872e-011 1.55872e-011
7.04 -1.0013e-005 -1.56443e-005 -4.06237e-006 1.69932e-011 1.69932e-011
7.05 -9.70471e-006 -1.69509e-005 -3.65714e-006 1.2749e-011 1.2749e-011
7.06 -9.60709e-006 -1.82768e-005 -3.10291e-006 4.4246e-012 4.4246e-012
7.07 -9.7025e-006 -1.96356e-005 -2.31745e-006 3.49107e-012 3.49107e-012
7.08 -9.95182e-006 -2.08549e-005 -1.26923e-006 1.62502e-011 1.62502e-011
7.09 -1.03151e-005 -2.17213e-005 2.33061e-008 3.99128e-011 3.99128e-011
7.1 -1.07541e-005 -2.21007e-005 1.50325e-006 6.93131e-011 6.93131e-011
7.11 -1.12426e-005 -2.19548e-005 3.07926e-006 1.05157e-010 1.05157e-010
7.12 -1.17513e-005 -2.13133e-005 4.64254e-006 1.47868e-010 1.47868e-010
7.13 -1.23117e-005 -2.02543e-005 6.08044e-006 1.8645e-010 1.8645e-010
7.14 -1.29274e-005 -1.89177e-005 7.32712e-006 2.0741e-010 2.0741e-010
7.15 -1.35974e-005 -1.74507e-005 8.35979e-006 2.07962e-010 2.07962e-010
7.16 -1.43226e-005 -1.59481e-005 9.18266e-006 1.93887e-010 1.93887e-010
7.17 -1.50937e-005 -1.44295e-005 9.82292e-006 1.72687e-010 1.72687e-010
7.18 -1.58917e-005 -1.28446e-005 1.03255e-005 1.50088e-010 1.50088e-010
7.19 -1.67055e-005 -1.10913e-005 1.07305e-005 1.30757e-010 1.30757e-010
7.2 -1.75115e-005 -9.05499e-006 1.10515e-005 1.19564e-010 1.19564e-010
7.21 -1.83033e-005 -6.64922e-006 1.12673e-005 1.18886e-010 1.18886e-010
7.22 -1.90905e-005 -3.80768e-006 1.13379e-005 1.25341e-010 1.25341e-010
7.23 -1.98958e-005 -4.93121e-007 1.1223e-005 1.30875e-010 1.30875e-010
7.24 -2.07449e-005 3.2446e-006 1.08931e-005 1.29705e-010 1.29705e-010
7.25 -2.16526e-005 7.24762e-006 1.03354e-005 1.20102e-010 1.20102e-010
7.26 -2.25824e-005 1.13145e-005 9.55002e-006 1.02714e-010 1.02714e-010
7.27 -2.35194e-005 1.52551e-005 8.55605e-006 8.28498e-011 8.28498e-011
7.28 -2.44856e-005 1.89412e-005 7.39179e-006 6.50518e-011 6.50518e-011
7.29 -2.54435e-005 2.23222e-005 6.08079e-006 5.0345e-011 5.0345e-011
7.3 -2.62315e-005 2.54199e-005 4.65258e-006 4.11733e-011 4.11733e-011
7.31 -2.67237e-005 2.83167e-005 3.13051e-006 3.73941e-011 3.73941e-011
7.32 -2.68888e-005 3.10492e-005 1.54397e-006 2.98153e-011 2.98153e-011
7.33 -2.6562e-005 3.36431e-005 -7.14167e-008 7.98933e-012 7.98933e-012
7.34 -2.56406e-005 3.5886e-005 -1.72993e-006 -1.41641e-011 -1.41641e-011
7.35 -2.43115e-005 3.74203e-005 -3.46632e-006 9.18895e-012 9.18895e-012
7.36 -2.31548e-005 3.80149e-005 -5.15983e-006 1.04235e-010 1.04235e-010
7.37 -2.22343e-005 3.77192e-005 -6.79286e-006 2.39991e-010 2.39991e-010
7.38 -2.1383e-005 3.67317e-005 -8.38377e-006 3.7544e-010 3.7544e-010
7.39 -2.05575e-005 3.51653e-005 -9.93293e-006 4.92358e-010 4.92358e-010
7.4 -1.97173e-005 3.30556e-005 -1.14236e-005 5.64671e-010 5.64671e-010
7.41 -1.88744e-005 3.04358e-005 -1.28319e-005 5.57087e-010 5.57087e-010
7.42 -1.80186e-005 2.74174e-005 -1.41376e-005 4.6973e-010 4.6973e-010
7.43 -1.71673e-005 2.41151e-005 -1.53074e-005 3.5001e-010 3.5001e-010
7.44 -1.63281e-005 2.0531e-005 -1.63113e-005 2.52763e-010 2.52763e-010
7.45 -1.55101e-005 1.65533e-005 -1.71243e-005 2.05825e-010 2.05825e-010
7.46 -1.46893e-005 1.21134e-005 -1.77216e-005 2.09784e-010 2.09784e-010
7.47 -1.38273e-005 7.29683e-006 -1.80893e-005 2.4989e-010 2.4989e-010
7.48 -1.29136e-005 2.37167e-006 -1.82126e-005 2.98057e-010 2.98057e-010
7.49 -1.19484e-005 -2.3333e-006 -1.80935e-005 3.15568e-010 3.15568e-010
7.5 -1.09468e-005 -6.5773e-006 -1.778e-005 2.73954e-010 2.73954e-010
7.51 -9.87608e-006 -1.02966e-005 -1.73827e-005 1.68749e-010 1.68749e-010
7.52 -8.7012e-006 -1.35115e-005 -1.70044e-005 8.14762e-012 8.14762e-012
7.53 -7.48945e-006 -1.62206e-005 -1.668e-005 -1.84114e-010 -1.84114e-010
7.54 -6.47737e-006 -1.84319e-005 -1.62998e-005 -3.6629e-010 -3.6629e-010
7.55 -5.71346e-006 -2.02549e-005 -1.58614e-005 -5.05272e-010 -5.05272e-010
7.56 -5.31723e-006 -2.18012e-005 -1.52952e-005 -5.81514e-010 -5.81514e-010
7.57 -5.13438e-006 -2.3245e-005 -1.45911e-005 -5.84199e-010 -5.84199e-010
7.58 -5.15477e-006 -2.45594e-005 -1.37359e-005 -5.2551e-010 -5.2551e-010
7.59 -5.45428e-006 -2.54612e-005 -1.26758e-005 -4.39716e-010 -4.39716e-010
7.6 -5.95819e-006 -2.56229e-005 -1.13969e-005 -3.64052e-010 -3.64052e-010
7.61 -6.62387e-006 -2.4893e-005 -9.91635e-006 -3.21642e-010 -3.21642e-010
7.62 -7.43304e-006 -2.33894e-005 -8.26405e-006 -3.1494e-010 -3.1494e-010
7.63 -8.39306e-006 -2.13994e-005 -6.48392e-006 -3.29295e-010 -3.29295e-010
7.64 -9.50359e-006 -1.91863e-005 -4.5939e-006 -3.41993e-010 -3.41993e-010
7.65 -1.07883e-005 -1.68814e-005 -2.59475e-006 -3.31715e-010 -3.31715e-010
7.66 -1.22693e-005 -1.44778e-005 -4.90345e-007 -2.86011e-010 -2.86011e-010
7.67 -1.39722e-005 -1.1891e-005 1.69609e-006 -2.05701e-010 -2.05701e-010
7.68 -1.58675e-005 -9.08625e-006 3.92974e-006 -1.05303e-010 -1.05303e-010
7.69 -1.78045e-005 -6.14617e-006 6.16163e-006 -8.93938e-012 -8.93938e-012
7.7 -1.95195e-005 -3.18754e-006 8.32968e-006 6.14557e-011 6.14557e-011
7.71 -2.11316e-005 -1.57112e-007 1.04403e-005 9.38271e-011 9.38271e-011
7.72 -2.2657e-005 3.04421e-006 1.24852e-005 8.25302e-011 8.25302e-011
7.73 -2.40578e-005 6.42981e-006 1.44504e-005 2.93606e-011 2.93606e-011
7.74 -2.53234e-005 9.92222e-006 1.63113e-005 -4.76073e-011 -4.76073e-011
7.75 -2.64363e-005 1.34229e-005 1.80388e-005 -1.23567e-010 -1.23567e-010
7.76 -2.70875e-005 1.6932e-005 1.96576e-005 -2.08386e-010 -2.08386e-010
7.77 -2.71425e-005 2.03938e-005 2.11156e-005 -3.5082e-010 -3.5082e-010
7.78 -2.67438e-005 2.36699e-005 2.22911e-005 -5.69649e-010 -5.69649e-010
7.79 -2.62326e-005 2.65292e-005 2.30562e-005 -8.2054e-010 -8.2054e-010
7.8 -2.57924e-005 2.88002e-005 2.33171e-005 -1.04138e-009 -1.04138e-009
7.81 -2.5611e-005 3.04022e-005 2.30014e-005 -1.19287e-009 -1.19287e-009
7.82 -2.56391e-005 3.14547e-005 2.21386e-005 -1.25293e-009 -1.25293e-009
7.83 -2.55877e-005 3.22433e-005 2.08016e-005 -1.20149e-009 -1.20149e-009
7.84 -2.53035e-005 3.30455e-005 1.90625e-005 -1.04535e-009 -1.04535e-009
7.85 -2.47617e-005 3.39647e-005 1.69847e-005 -8.37015e-010 -8.37015e-010
7.86 -2.40257e-005 3.49199e-005 1.46546e-005 -6.46018e-010 -6.46018e-010
7.87 -2.31987e-005 3.57318e-005 1.21487e-005 -5.25651e-010 -5.25651e-010
7.88 -2.23716e-005 3.61853e-005 9.51071e-006 -4.91487e-010 -4.91487e-010
7.89 -2.16629e-005 3.60547e-005 6.75829e-006 -5.18026e-010 -5.18026e-010
7.9 -2.11181e-005 3.51618e-005 3.90914e-006 -5.57941e-010 -5.57941e-010
7.91 -2.07354e-005 3.34189e-005 9.95572e-007 -5.6229e-010 -5.6229e-010
7.92 -2.04775e-005 3.08877e-005 -1.93284e-006 -4.95924e-010 -4.95924e-010
7.93 -2.02293e-005 2.7794e-005 -4.84038e-006 -3.51717e-010 -3.51717e-010
7.94 -1.98811e-005 2.44487e-005 -7.69876e-006 -1.55417e-010 -1.55417e-010
7.95 -1.92897e-005 2.11004e-005 -1.04949e-005 4.60468e-011 4.60468e-011
7.96 -1.83765e-005 1.78221e-005 -1.32194e-005 2.0245e-010 2.0245e-010
7.97 -1.69815e-005 1.45224e-005 -1.58599e-005 2.79186e-010 2.79186e-010
7.98 -1.51339e-005 1.10849e-005 -1.83437e-005 2.63909e-010 2.63909e-010
7.99 -1.3151e-005 7.36802e-006 -2.06342e-005 1.55841e-010 1.55841e-010
8 -1.12056e-005 3.35266e-006 -2.26467e-005 -2.16937e-011 -2.16937e-011
8.01 -9.36716e-006 -8.91785e-007 -2.4297e-005 -2.1568e-010 -2.1568e-010
8.02 -7.47824e-006 -5.33702e-006 -2.5581e-005 -3.86173e-010 -3.86173e-010
8.03 -5.39996e-006 -9.98055e-006 -2.64983e-005 -5.3988e-010 -5.3988e-010
8.04 -2.89928e-006 -1.47086e-005 -2.7061e-005 -7.09366e-010 -7.09366e-010
8.05 -1.04002e-007 -1.92427e-005 -2.7292e-005 -9.00341e-010 -9.00341e-010
8.06 2.72506e-006 -2.328e-005 -2.72137e-005 -1.09018e-009 -1.09018e-009
8.07 5.30844e-006 -2.67098e-005 -2.6876e-005 -1.26747e-009 -1.26747e-009
8.08 7.38944e-006 -2.95212e-005 -2.6298e-005 -1.4196e-009 -1.4196e-009
8.09 8.91285e-006 -3.17996e-005 -2.5503e-005 -1.50657e-009 -1.50657e-009
8.1 9.87284e-006 -3.35425e-005 -2.44436e-005 -1.48087e-009 -1.48087e-009
8.11 1.01172e-005 -3.46907e-005 -2.30632e-005 -1.34026e-009 -1.34026e-009
8.12 9.73144e-006 -3.52332e-005 -2.13613e-005 -1.14376e-009 -1.14376e-009
8.13 8.85595e-006 -3.51768e-005 -1.93564e-005 -9.59157e-010 -9.59157e-010
8.14 7.46853e-006 -3.44986e-005 -1.70854e-005 -8.27265e-010 -8.27265e-010
8.15 5.59031e-006 -3.32044e-005 -1.4566e-005 -7.68757e-010 -7.68757e-010
8.16 3.26377e-006 -3.13266e-005 -1.1799e-005 -7.82116e-010 -7.82116e-010
8.17 5.00145e-007 -2.88999e-005 -8.81394e-006 -8.33328e-010 -8.33328e-010
8.18 -2.65181e-006 -2.59506e-005 -5.68659e-006 -8.65353e-010 -8.65353e-010
8.19 -6.12012e-006 -2.25019e-005 -2.53032e-006 -8.30798e-010 -8.30798e-010
8.2 -9.85344e-006 -1.8599e-005 5.36849e-007 -7.18677e-010 -7.18677e-010
8.21 -1.37142e-005 -1.4339e-005 3.43334e-006 -5.51027e-010 -5.51027e-010
8.22 -1.74653e-005 -9.85077e-006 6.13352e-006 -3.69494e-010 -3.69494e-010
8.23 -2.00881e-005 -5.30516e-006 8.65788e-006 -2.26622e-010 -2.26622e-010
8.24 -2.14593e-005 -9.46429e-007 1.10187e-005 -1.6519e-010 -1.6519e-010
8.25 -2.24851e-005 3.19414e-006 1.33601e-005 -2.12705e-010 -2.12705e-010
8.26 -2.3384e-005 7.07354e-006 1.57462e-005 -3.77087e-010 -3.77087e-010
8.27 -2.4121e-005 1.06649e-005 1.8178e-005 -6.16599e-010 -6.16599e-010
8.28 -2.47547e-005 1.39381e-005 2.06207e-005 -8.58419e-010 -8.58419e-010
8.29 -2.52843e-005 1.68853e-005 2.29975e-005 -1.0485e-009 -1.0485e-009
8.3 -2.57059e-005 1.95284e-005 2.52207e-005 -1.16173e-009 -1.16173e-009
8.31 -2.58987e-005 2.18452e-005 2.7247e-005 -1.19165e-009 -1.19165e-009
8.32 -2.57104e-005 2.37894e-005 2.90031e-005 -1.16622e-009 -1.16622e-009
8.33 -2.52104e-005 2.53261e-005 3.04505e-005 -1.14304e-009 -1.14304e-009
8.34 -2.46625e-005 2.64228e-005 3.15145e-005 -1.15864e-009 -1.15864e-009
8.35 -2.43789e-005 2.70592e-005 3.20996e-005 -1.21874e-009 -1.21874e-009
8.36 -2.44013e-005 2.72287e-005 3.21856e-005 -1.31377e-009 -1.31377e-009
8.37 -2.44933e-005 2.69247e-005 3.181e-005 -1.41508e-009 -1.41508e-009
8.38 -2.452e-005 2.61393e-005 3.10328e-005 -1.47809e-009 -1.47809e-009
8.39 -2.44841e-005 2.4884e-005 2.99097e-005 -1.46551e-009 -1.46551e-009
8.4 -2.43722e-005 2.32201e-005 2.85143e-005 -1.37113e-009 -1.37113e-009
8.41 -2.41541e-005 2.12105e-005 2.69118e-005 -1.22189e-009 -1.22189e-009
8.42 -2.38474e-005 1.88753e-005 2.51278e-005 -1.05849e-009 -1.05849e-009
8.43 -2.34619e-005 1.62347e-005 2.31607e-005 -9.13591e-010 -9.13591e-010
8.44 -2.30276e-005 1.3322e-005 2.09897e-005 -8.05752e-010 -8.05752e-010
8.45 -2.25802e-005 1.01573e-005 1.86068e-005 -7.40377e-010 -7.40377e-010
8.46 -2.21361e-005 6.78081e-006 1.60068e-005 -7.03128e-010 -7.03128e-010
8.47 -2.16774e-005 3.24868e-006 1.3204e-005 -6.6195e-010 -6.6195e-010
8.48 -2.11665e-005 -3.62792e-007 1.02183e-005 -5.89998e-010 -5.89998e-010
8.49 -2.03144e-005 -4.04006e-006 7.05186e-006 -4.92806e-010 -4.92806e-010
8.5 -1.77992e-005 -7.79678e-006 3.70055e-006 -4.01122e-010 -4.01122e-010
8.51 -1.41837e-005 -1.15832e-005 2.66647e-007 -3.4645e-010 -3.4645e-010
8.52 -1.05552e-005 -1.5309e-005 -3.20998e-006 -3.65334e-010 -3.65334e-010
8.53 -7.08513e-006 -1.87931e-005 -6.62909e-006 -4.80681e-010 -4.80681e-010
8.54 -3.7853e-006 -2.18748e-005 -9.9071e-006 -6.69913e-010 -6.69913e-010
8.55 -7.5743e-007 -2.44868e-005 -1.29597e-005 -8.83651e-010 -8.83651e-010
8.56 1.9618e-006 -2.66553e-005 -1.57283e-005 -1.07786e-009 -1.07786e-009
8.57 4.36854e-006 -2.84657e-005 -1.82031e-005 -1.21192e-009 -1.21192e-009
8.58 6.42167e-006 -2.99789e-005 -2.03832e-005 -1.25146e-009 -1.25146e-009
8.59 8.08861e-006 -3.11802e-005 -2.22917e-005 -1.20727e-009 -1.20727e-009
8.6 9.34647e-006 -3.20317e-005 -2.39519e-005 -1.13564e-009 -1.13564e-009
8.61 1.04371e-005 -3.25673e-005 -2.54076e-005 -1.09036e-009 -1.09036e-009
8.62 1.15018e-005 -3.28574e-005 -2.66602e-005 -1.10634e-009 -1.10634e-009
8.63 1.21529e-005 -3.29091e-005 -2.76091e-005 -1.19339e-009 -1.19339e-009
8.64 1.22066e-005 -3.27063e-005 -2.81524e-005 -1.31692e-009 -1.31692e-009
8.65 1.17738e-005 -3.22609e-005 -2.8229e-005 -1.42249e-009 -1.42249e-009
8.66 1.10517e-005 -3.15868e-005 -2.78185e-005 -1.47484e-009 -1.47484e-009
8.67 1.00383e-005 -3.06577e-005 -2.69055e-005 -1.45772e-009 -1.45772e-009
8.68 8.69951e-006 -2.94175e-005 -2.55013e-005 -1.36715e-009 -1.36715e-009
8.69 7.03424e-006 -2.78261e-005 -2.36566e-005 -1.22244e-009 -1.22244e-009
8.7 5.02987e-006 -2.58981e-005 -2.14377e-005 -1.06698e-009 -1.06698e-009
8.71 2.72798e-006 -2.37056e-005 -1.89452e-005 -9.4355e-010 -9.4355e-010
8.72 1.39786e-007 -2.13005e-005 -1.62864e-005 -8.70442e-010 -8.70442e-010
8.73 -2.73521e-006 -1.86453e-005 -1.3559e-005 -8.38803e-010 -8.38803e-010
8.74 -5.9053e-006 -1.56681e-005 -1.0819e-005 -8.25302e-010 -8.25302e-010
8.75 -9.34823e-006 -1.23642e-005 -8.07469e-006 -8.04489e-010 -8.04489e-010
8.76 -1.29984e-005 -8.81946e-006 -5.30926e-006 -7.53835e-010 -7.53835e-010
8.77 -1.67654e-005 -5.16074e-006 -2.51268e-006 -6.59395e-010 -6.59395e-010
8.78 -2.03871e-005 -1.37783e-006 3.19849e-007 -5.33321e-010 -5.33321e-010
8.79 -2.14203e-005 2.53695e-006 3.04848e-006 -4.17873e-010 -4.17873e-010
8.8 -2.17247e-005 6.76162e-006 5.60284e-006 -3.52775e-010 -3.52775e-010
8.81 -2.19261e-005 1.13994e-005 7.92263e-006 -3.71834e-010 -3.71834e-010
8.82 -2.19533e-005 1.64077e-005 9.95612e-006 -5.01092e-010 -5.01092e-010
8.83 -2.19139e-005 2.16131e-005 1.16917e-005 -7.12697e-010 -7.12697e-010
8.84 -2.18852e-005 2.67172e-005 1.312e-005 -9.3919e-010 -9.3919e-010
8.85 -2.19639e-005 3.13259e-005 1.42449e-005 -1.12606e-009 -1.12606e-009
8.86 -2.2101e-005 3.5131e-005 1.50647e-005 -1.23758e-009 -1.23758e-009
8.87 -2.19806e-005 3.80398e-005 1.55754e-005 -1.24545e-009 -1.24545e-009
8.88 -2.19281e-005 4.00589e-005 1.57372e-005 -1.14515e-009 -1.14515e-009
8.89 -2.183e-005 4.14179e-005 1.55405e-005 -9.83657e-010 -9.83657e-010
8.9 -2.16361e-005 4.24207e-005 1.50186e-005 -8.44572e-010 -8.44572e-010
8.91 -2.12404e-005 4.32577e-005 1.42255e-005 -7.90246e-010 -7.90246e-010
8.92 -2.06429e-005 4.39133e-005 1.32259e-005 -8.18137e-010 -8.18137e-010
8.93 -1.99564e-005 4.42877e-005 1.20739e-005 -8.80008e-010 -8.80008e-010
8.94 -1.92571e-005 4.42828e-005 1.08111e-005 -9.35592e-010 -9.35592e-010
8.95 -1.86871e-005 4.37935e-005 9.48778e-006 -9.65983e-010 -9.65983e-010
8.96 -1.83155e-005 4.27346e-005 8.15194e-006 -9.51667e-010 -9.51667e-010
8.97 -1.81994e-005 4.109e-005 6.83563e-006 -8.75821e-010 -8.75821e-010
8.98 -1.83415e-005 3.89019e-005 5.53511e-006 -7.50498e-010 -7.50498e-010
8.99 -1.87001e-005 3.6242e-005 4.22008e-006 -6.17477e-010 -6.17477e-010
9 -1.91943e-005 3.31981e-005 2.85128e-006 -5.15495e-010 -5.15495e-010
9.01 -1.97288e-005 2.98773e-005 1.40146e-006 -4.56436e-010 -4.56436e-010
9.02 -2.02015e-005 2.64048e-005 -1.33204e-007 -4.31959e-010 -4.31959e-010
9.03 -2.05116e-005 2.29119e-005 -1.73422e-006 -4.27663e-010 -4.27663e-010
9.04 -2.05842e-005 1.94854e-005 -3.36401e-006 -4.25726e-010 -4.25726e-010
9.05 -2.04352e-005 1.61179e-005 -4.98693e-006 -4.06607e-010 -4.06607e-010
9.06 -2.00219e-005 1.27365e-005 -6.55143e-006 -3.69433e-010 -3.69433e-010
9.07 -1.91743e-005 9.20889e-006 -8.03817e-006 -3.42092e-010 -3.42092e-010
9.08 -1.75287e-005 5.46921e-006 -9.34904e-006 -3.51391e-010 -3.51391e-010
9.09 -1.52178e-005 1.52861e-006 -1.04122e-005 -4.06111e-010 -4.06111e-010
9.1 -1.27274e-005 -2.5733e-006 -1.12278e-005 -5.10283e-010 -5.10283e-010
9.11 -1.02408e-005 -6.77837e-006 -1.18158e-005 -6.58871e-010 -6.58871e-010
9.12 -7.83503e-006 -1.1011e-005 -1.22444e-005 -8.25961e-010 -8.25961e-010
9.13 -5.48708e-006 -1.52076e-005 -1.25842e-005 -9.70219e-010 -9.70219e-010
9.14 -3.27174e-006 -1.92223e-005 -1.28786e-005 -1.05538e-009 -1.05538e-009
9.15 -1.23605e-006 -2.28939e-005 -1.31364e-005 -1.07504e-009 -1.07504e-009
9.16 5.86619e-007 -2.60449e-005 -1.33549e-005 -1.0476e-009 -1.0476e-009
9.17 2.16661e-006 -2.8579e-005 -1.35339e-005 -9.97627e-010 -9.97627e-010
9.18 3.51784e-006 -3.05702e-005 -1.3672e-005 -9.5056e-010 -9.5056e-010
9.19 4.67597e-006 -3.21984e-005 -1.37554e-005 -9.23115e-010 -9.23115e-010
9.2 5.70202e-006 -3.36407e-005 -1.37246e-005 -9.22714e-010 -9.22714e-010
9.21 6.66102e-006 -3.49722e-005 -1.34927e-005 -9.52185e-010 -9.52185e-010
9.22 7.48722e-006 -3.61121e-005 -1.30072e-005 -9.98374e-010 -9.98374e-010
9.23 7.96047e-006 -3.69096e-005 -1.23002e-005 -1.02898e-009 -1.02898e-009
9.24 7.95056e-006 -3.72417e-005 -1.14479e-005 -1.01725e-009 -1.01725e-009
9.25 7.42393e-006 -3.70374e-005 -1.05616e-005 -9.64154e-010 -9.64154e-010
9.26 6.50944e-006 -3.62943e-005 -9.73323e-006 -8.9022e-010 -8.9022e-010
9.27 5.28324e-006 -3.49946e-005 -9.00718e-006 -8.16882e-010 -8.16882e-010
9.28 3.70794e-006 -3.30358e-005 -8.39349e-006 -7.58405e-010 -7.58405e-010
9.29 1.73243e-006 -3.0301e-005 -7.86104e-006 -7.22688e-010 -7.22688e-010
9.3 -6.77536e-007 -2.67679e-005 -7.33687e-006 -7.10396e-010 -7.10396e-010
9.31 -3.51403e-006 -2.25585e-005 -6.72272e-006 -7.10482e-010 -7.10482e-010
9.32 -6.73895e-006 -1.78632e-005 -5.93283e-006 -7.03356e-010 -7.03356e-010
9.33 -1.03041e-005 -1.28489e-005 -4.93623e-006 -6.71828e-010 -6.71828e-010
9.34 -1.41425e-005 -7.65054e-006 -3.76637e-006 -6.10033e-010 -6.10033e-010
9.35 -1.81402e-005 -2.42124e-006 -2.50123e-006 -5.24514e-010 -5.24514e-010
9.36 -2.05783e-005 2.81574e-006 -1.20982e-006 -4.34193e-010 -4.34193e-010
9.37 -2.05943e-005 8.03659e-006 -1.23854e-007 -3.59928e-010 -3.59928e-010
9.38 -2.04769e-005 1.32709e-005 7.92198e-007 -3.21585e-010 -3.21585e-010
9.39 -2.04337e-005 1.85142e-005 1.46982e-006 -3.46368e-010 -3.46368e-010
9.4 -2.02462e-005 2.37543e-005 1.86793e-006 -4.3326e-010 -4.3326e-010
9.41 -1.99528e-005 2.89694e-005 1.97853e-006 -5.4009e-010 -5.4009e-010
9.42 -1.95066e-005 3.41403e-005 1.81702e-006 -6.32743e-010 -6.32743e-010
9.43 -1.89611e-005 3.9179e-005 1.42168e-006 -6.97914e-010 -6.97914e-010
9.44 -1.792e-005 4.39712e-005 8.16109e-007 -7.16249e-010 -7.16249e-010
9.45 -1.53427e-005 4.84387e-005 -2.63868e-008 -6.6581e-010 -6.6581e-010
9.46 -1.23577e-005 5.21552e-005 -9.27343e-007 -5.45171e-010 -5.45171e-010
9.47 -9.62256e-006 5.50959e-005 -1.79942e-006 -3.96e-010 -3.96e-010
9.48 -7.26901e-006 5.73222e-005 -2.58023e-006 -2.80748e-010 -2.80748e-010
9.49 -5.49525e-006 5.88825e-005 -3.32291e-006 -2.07774e-010 -2.07774e-010
9.5 -4.22044e-006 5.98927e-005 -4.07959e-006 -1.48282e-010 -1.48282e-010
9.51 -3.54307e-006 6.03038e-005 -4.88042e-006 -1.01951e-010 -1.01951e-010
9.52 -3.38695e-006 6.00195e-005 -5.73024e-006 -8.16673e-011 -8.16673e-011
9.53 -3.58084e-006 5.8967e-005 -6.61977e-006 -7.80695e-011 -7.80695e-011
9.54 -3.95969e-006 5.72582e-005 -7.52809e-006 -7.09975e-011 -7.09975e-011
9.55 -4.4366e-006 5.50707e-005 -8.3886e-006 -5.74981e-011 -5.74981e-011
9.56 -4.9716e-006 5.25173e-005 -9.13399e-006 -4.12736e-011 -4.12736e-011
9.57 -5.58248e-006 4.96305e-005 -9.72079e-006 -1.60489e-011 -1.60489e-011
9.58 -6.32595e-006 4.6383e-005 -1.01453e-005 2.24009e-011 2.24009e-011
9.59 -7.2332e-006 4.27892e-005 -1.04466e-005 6.50212e-011 6.50212e-011
9.6 -8.30868e-006 3.89032e-005 -1.06747e-005 9.77339e-011 9.77339e-011
9.61 -9.56248e-006 3.47446e-005 -1.08722e-005 1.15626e-010 1.15626e-010
9.62 -1.10087e-005 3.02502e-005 -1.10806e-005 1.24953e-010 1.24953e-010
9.63 -1.26226e-005 2.53577e-005 -1.13046e-005 1.32014e-010 1.32014e-010
9.64 -1.43398e-005 2.01102e-005 -1.15854e-005 1.30094e-010 1.30094e-010
9.65 -1.57693e-005 1.47181e-005 -1.19485e-005 9.89313e-011 9.89313e-011
9.66 -1.62766e-005 9.43466e-006 -1.23983e-005 3.14139e-011 3.14139e-011
9.67 -1.54868e-005 4.49354e-006 -1.28485e-005 -5.40606e-011 -5.40606e-011
9.68 -1.37923e-005 -1.13022e-007 -1.32841e-005 -1.57067e-010 -1.57067e-010
9.69 -1.16081e-005 -4.51263e-006 -1.36726e-005 -3.06609e-010 -3.06609e-010
9.7 -9.12585e-006 -8.75778e-006 -1.39754e-005 -5.04039e-010 -5.04039e-010
9.71 -6.50353e-006 -1.29172e-005 -1.4177e-005 -7.07775e-010 -7.07775e-010
9.72 -3.93626e-006 -1.69522e-005 -1.42882e-005 -8.7466e-010 -8.7466e-010
9.73 -1.47415e-006 -2.08247e-005 -1.42897e-005 -9.80425e-010 -9.80425e-010
9.74 6.94389e-007 -2.45081e-005 -1.42032e-005 -1.02389e-009 -1.02389e-009
9.75 2.58882e-006 -2.78364e-005 -1.406e-005 -1.0084e-009 -1.0084e-009
9.76 4.1191e-006 -3.06536e-005 -1.3894e-005 -9.29996e-010 -9.29996e-010
9.77 5.32679e-006 -3.29269e-005 -1.37367e-005 -8.22234e-010 -8.22234e-010
9.78 6.24025e-006 -3.47306e-005 -1.36166e-005 -7.54622e-010 -7.54622e-010
9.79 6.9318e-006 -3.61391e-005 -1.35094e-005 -7.63482e-010 -7.63482e-010
9.8 7.60327e-006 -3.71675e-005 -1.33667e-005 -8.28197e-010 -8.28197e-010
9.81 7.99489e-006 -3.76949e-005 -1.31161e-005 -9.08727e-010 -9.08727e-010
9.82 7.8244e-006 -3.75489e-005 -1.27051e-005 -9.75935e-010 -9.75935e-010
9.83 7.15912e-006 -3.6632e-005 -1.20856e-005 -1.00707e-009 -1.00707e-009
9.84 5.96501e-006 -3.49229e-005 -1.12272e-005 -9.79708e-010 -9.79708e-010
9.85 4.20469e-006 -3.24923e-005 -1.01329e-005 -8.89516e-010 -8.89516e-010
9.86 1.89246e-006 -2.94554e-005 -8.82915e-006 -7.6341e-010 -7.6341e-010
9.87 -9.62516e-007 -2.58943e-005 -7.34994e-006 -6.40718e-010 -6.40718e-010
9.88 -4.33873e-006 -2.18576e-005 -5.72779e-006 -5.46522e-010 -5.46522e-010
9.89 -8.19076e-006 -1.73883e-005 -3.99237e-006 -4.86488e-010 -4.86488e-010
9.9 -1.24387e-005 -1.25453e-005 -2.17439e-006 -4.56497e-010 -4.56497e-010
9.91 -1.69798e-005 -7.38206e-006 -3.00924e-007 -4.44235e-010 -4.44235e-010
9.92 -2.13583e-005 -1.91382e-006 1.63452e-006 -4.33668e-010 -4.33668e-010
9.93 -2.23966e-005 3.90285e-006 3.56603e-006 -4.26195e-010 -4.26195e-010
9.94 -2.12704e-005 1.0247e-005 5.49609e-006 -4.2949e-010 -4.2949e-010
9.95 -1.9589e-005 1.6981e-005 7.42216e-006 -4.21874e-010 -4.21874e-010
9.96 -1.77437e-005 2.3895e-005 9.31895e-006 -4.02095e-010 -4.02095e-010
9.97 -1.58627e-005 3.07927e-005 1.11187e-005 -4.25857e-010 -4.25857e-010
9.98 -1.40233e-005 3.74801e-005 1.27248e-005 -5.17704e-010 -5.17704e-010
9.99 -1.23432e-005 4.37329e-005 1.40674e-005 -6.32338e-010 -6.32338e-010
10 -1.02768e-005 4.93715e-005 1.51874e-005 -7.26764e-010 -7.26764e-010
