0.1 -1.8702e-006 -4.15683e-020 4.15127e-020 -3.26754e-022 -3.26754e-022
0.2 -3.74113e-006 -1.29025e-019 1.25189e-019 -4.67445e-022 -4.67445e-022
0.3 -5.6128e-006 -1.51476e-019 1.35969e-019 -6.70741e-022 -6.70741e-022
0.4 -7.48521e-006 -1.55967e-019 1.34394e-019 -3.44077e-021 -3.44077e-021
0.5 -9.35836e-006 -1.56006e-019 1.3103e-019 -4.80402e-021 -4.80402e-021
0.6 -1.12322e-005 -1.55455e-019 1.27989e-019 -1.69027e-021 -1.69027e-021
0.7 -1.31069e-005 -1.55068e-019 1.25813e-019 3.55432e-022 3.55432e-022
0.8 -1.49822e-005 -1.54455e-019 1.2405e-019 -1.20184e-021 -1.20184e-021
0.9 -1.68583e-005 -1.54728e-019 1.23826e-019 -1.00781e-021 -1.00781e-021
1 -1.87352e-005 -1.55256e-019 1.24076e-019 7.92259e-021 7.92259e-021
0.01 -1.87352e-005 -1.23734e-013 1.35334e-013 7.17208e-016 7.17208e-016
0.02 -1.87351e-005 -7.35875e-014 8.07525e-014 6.38089e-015 6.38089e-015
0.03 -1.8735e-005 2.83968e-014 -3.03803e-014 2.41967e-014 2.41967e-014
0.04 -1.87351e-005 -1.31934e-014 1.4713e-014 5.54357e-014 5.54357e-014
0.05 -1.87352e-005 6.93653e-016 -9.20275e-015 9.03114e-014 9.03114e-014
0.06 -1.87356e-005 -1.57333e-014 -1.3803e-014 1.15313e-013 1.15313e-013
0.07 -1.87362e-005 -3.88197e-014 6.90623e-014 1.20965e-013 1.20965e-013
0.08 -1.87371e-005 -6.48547e-014 6.78497e-014 1.08265e-013 1.08265e-013
0.09 -1.87381e-005 -6.68751e-015 -1.50235e-014 8.94965e-014 8.94965e-014
0.1 -1.87394e-005 -2.28091e-015 3.18586e-014 7.3623e-014 7.3623e-014
0.11 -1.87408e-005 3.40163e-015 3.68612e-014 5.79537e-014 5.79537e-014
0.12 -1.87424e-005 -1.32005e-014 7.03374e-014 3.54904e-014 3.54904e-014
0.13 -1.8744e-005 -5.76664e-014 9.93743e-014 8.93519e-015 8.93519e-015
0.14 -1.87456e-005 -8.07347e-014 8.26406e-014 -5.43619e-015 -5.43619e-015
0.15 -1.87472e-005 -1.15738e-014 2.10773e-015 9.78295e-016 9.78295e-016
0.16 -1.87489e-005 -5.10923e-014 1.44247e-014 9.94084e-015 9.94084e-015
0.17 -1.87504e-005 4.78544e-015 -6.99222e-015 1.46842e-014 1.46842e-014
0.18 -1.87519e-005 -1.4521e-014 1.15136e-015 5.3262e-014 5.3262e-014
0.19 -1.87533e-005 -6.03467e-015 -2.98284e-015 1.39916e-013 1.39916e-013
0.2 -1.87547e-005 -2.37414e-015 4.15212e-016 2.23439e-013 2.23439e-013
0.21 -1.87561e-005 -2.20548e-015 5.15174e-015 2.58098e-013 2.58098e-013
0.22 -1.87574e-005 -1.7733e-016 3.54399e-015 2.55354e-013 2.55354e-013
0.23 -1.87588e-005 -2.33997e-015 -2.31495e-015 2.47229e-013 2.47229e-013
0.24 -1.87601e-005 -2.76455e-015 -4.06336e-016 2.42498e-013 2.42498e-013
0.25 -1.87614e-005 -7.51787e-016 -5.15496e-016 2.3938e-013 2.3938e-013
0.26 -1.87626e-005 1.13692e-013 -7.08142e-013 2.50434e-013 2.50434e-013
0.27 -1.87636e-005 -5.08836e-014 1.42529e-012 2.84999e-013 2.84999e-013
0.28 -1.87645e-005 4.02943e-014 -9.69648e-013 3.3881e-013 3.3881e-013
0.29 -1.8765e-005 -2.43586e-013 8.45361e-013 3.96001e-013 3.96001e-013
0.3 -1.87651e-005 9.68692e-014 -3.51177e-013 4.35526e-013 4.35526e-013
0.31 -1.87649e-005 2.22247e-013 -1.61377e-013 4.61531e-013 4.61531e-013
0.32 -1.87644e-005 -1.85421e-013 3.21634e-013 4.94665e-013 4.94665e-013
0.33 -1.87636e-005 -9.78483e-014 -8.40267e-014 5.30979e-013 5.30979e-013
0.34 -1.87626e-005 3.98176e-014 3.40332e-014 5.43674e-013 5.43674e-013
0.35 -1.87615e-005 -1.74407e-014 -1.33968e-014 5.39644e-013 5.39644e-013
0.36 -1.87603e-005 8.07852e-015 6.0671e-015 5.52584e-013 5.52584e-013
0.37 -1.87594e-005 9.72848e-014 -8.59125e-014 5.82562e-013 5.82562e-013
0.38 -1.87586e-005 -1.33551e-013 1.05346e-013 6.06761e-013 6.06761e-013
0.39 -1.8758e-005 -1.03757e-014 4.27921e-014 6.14819e-013 6.14819e-013
0.4 -1.87574e-005 -3.48748e-014 2.63904e-014 6.10367e-013 6.10367e-013
0.41 -1.87569e-005 1.78388e-014 -9.46455e-015 6.0395e-013 6.0395e-013
0.42 -1.87562e-005 -1.33325e-014 -5.2665e-016 6.00391e-013 6.00391e-013
0.43 -1.87554e-005 1.33401e-015 -3.92535e-015 5.93734e-013 5.93734e-013
0.44 -1.87544e-005 -1.68109e-015 -1.03107e-015 5.82676e-013 5.82676e-013
0.45 -1.87529e-005 -1.82986e-016 -2.21212e-015 5.75859e-013 5.75859e-013
0.46 -1.87511e-005 1.24243e-015 -5.19292e-016 5.78967e-013 5.78967e-013
0.47 -1.8749e-005 -9.10434e-016 -2.30779e-015 5.8707e-013 5.8707e-013
0.48 -1.87468e-005 5.69089e-017 -1.60704e-015 5.93333e-013 5.93333e-013
0.49 -1.87445e-005 8.63513e-016 -8.99926e-016 5.96857e-013 5.96857e-013
0.5 -1.87423e-005 -2.13114e-015 -3.27972e-015 5.98939e-013 5.98939e-013
0.51 -1.87401e-005 1.31927e-015 -5.88764e-016 5.97757e-013 5.97757e-013
0.52 -1.8738e-005 2.65514e-015 4.99159e-016 5.91283e-013 5.91283e-013
0.53 -1.87358e-005 3.56804e-015 5.51966e-016 5.81956e-013 5.81956e-013
0.54 -1.87333e-005 -1.74333e-015 -2.5543e-015 5.74349e-013 5.74349e-013
0.55 -1.87304e-005 -1.71478e-014 -2.35599e-014 5.68155e-013 5.68155e-013
0.56 -1.8727e-005 -4.69016e-014 -5.06203e-014 5.57508e-013 5.57508e-013
0.57 -1.87232e-005 1.15276e-013 1.59917e-013 5.36982e-013 5.36982e-013
0.58 -1.8719e-005 -2.20495e-013 -3.24964e-013 5.08017e-013 5.08017e-013
0.59 -1.87149e-005 1.83131e-013 3.56319e-013 4.75663e-013 4.75663e-013
0.6 -1.87109e-005 -2.21273e-013 -4.48241e-013 4.43801e-013 4.43801e-013
0.61 -1.87076e-005 1.83277e-013 4.85482e-013 4.15321e-013 4.15321e-013
0.62 -1.87053e-005 -1.76341e-013 -4.07621e-013 3.90065e-013 3.90065e-013
0.63 -1.87043e-005 7.6133e-014 6.52142e-013 3.69621e-013 3.69621e-013
0.64 -1.87042e-005 -2.47761e-014 -5.98724e-013 3.57104e-013 3.57104e-013
0.65 -1.87049e-005 -5.73241e-015 6.33696e-013 3.57682e-013 3.57682e-013
0.66 -1.87063e-005 -1.53235e-014 -4.67925e-013 3.76753e-013 3.76753e-013
0.67 -1.8708e-005 -4.00831e-014 2.98444e-013 4.0613e-013 4.0613e-013
0.68 -1.87098e-005 -4.97765e-015 -9.78547e-014 4.26559e-013 4.26559e-013
0.69 -1.87112e-005 -5.39265e-014 -2.20194e-015 4.273e-013 4.273e-013
0.7 -1.87123e-005 -7.72942e-015 -7.38678e-014 4.13165e-013 4.13165e-013
0.71 -1.87131e-005 3.08277e-015 2.74533e-014 3.9331e-013 3.9331e-013
0.72 -1.87138e-005 -8.28817e-016 -1.32507e-014 3.73743e-013 3.73743e-013
0.73 -1.87149e-005 7.82556e-016 3.51904e-015 3.60029e-013 3.60029e-013
0.74 -1.87169e-005 1.18916e-016 -3.38968e-015 3.58245e-013 3.58245e-013
0.75 -1.872e-005 3.92246e-016 -5.4353e-016 3.69775e-013 3.69775e-013
0.76 -1.87243e-005 2.79702e-016 -1.71591e-015 3.8848e-013 3.8848e-013
0.77 -1.87296e-005 3.24898e-016 -1.23415e-015 4.05058e-013 4.05058e-013
0.78 -1.87356e-005 3.07725e-016 -1.43091e-015 4.13338e-013 4.13338e-013
0.79 -1.87418e-005 3.14723e-016 -1.35706e-015 4.11887e-013 4.11887e-013
0.8 -1.87474e-005 3.12052e-016 -1.38109e-015 4.01975e-013 4.01975e-013
0.81 -1.87519e-005 3.12555e-016 -1.37239e-015 3.89208e-013 3.89208e-013
0.82 -1.87551e-005 6.0954e-017 -1.67534e-015 3.82386e-013 3.82386e-013
0.83 -1.87568e-005 1.24045e-016 -1.60285e-015 3.79982e-013 3.79982e-013
0.84 -1.87571e-005 -3.68781e-017 -1.79686e-015 3.72787e-013 3.72787e-013
0.85 -1.87563e-005 4.58158e-016 -1.21327e-015 3.67759e-013 3.67759e-013
0.86 -1.87547e-005 2.52615e-016 -1.44217e-015 3.7834e-013 3.7834e-013
0.87 -1.87526e-005 3.37325e-016 -1.34775e-015 3.96695e-013 3.96695e-013
0.88 -1.87504e-005 3.02203e-016 -1.38272e-015 4.05945e-013 4.05945e-013
0.89 -1.87483e-005 3.16777e-016 -1.3722e-015 4.04151e-013 4.04151e-013
0.9 -1.8746e-005 3.10855e-016 -1.37416e-015 3.99128e-013 3.99128e-013
0.91 -1.87433e-005 3.13625e-016 -1.37683e-015 3.93457e-013 3.93457e-013
0.92 -1.87395e-005 -1.05804e-013 -4.48468e-014 3.83957e-013 3.83957e-013
0.93 -1.87344e-005 3.63118e-014 2.27032e-014 3.71959e-013 3.71959e-013
0.94 -1.87275e-005 -7.54525e-014 -3.07002e-014 3.62767e-013 3.62767e-013
0.95 -1.8719e-005 -6.48184e-014 -4.21686e-014 3.57339e-013 3.57339e-013
0.96 -1.87095e-005 1.36786e-014 4.44192e-015 3.5132e-013 3.5132e-013
0.97 -1.86997e-005 -1.25033e-013 -9.42022e-014 3.4143e-013 3.4143e-013
0.98 -1.86906e-005 7.75718e-014 6.3592e-014 3.26101e-013 3.26101e-013
0.99 -1.86829e-005 -1.43411e-013 -1.34936e-013 3.08625e-013 3.08625e-013
1 -1.86772e-005 1.37308e-013 1.58062e-013 3.09618e-013 3.09618e-013
1.01 -1.86742e-005 -1.25493e-013 -1.53586e-013 3.10998e-013 3.10998e-013
1.02 -1.86742e-005 1.14084e-013 1.62539e-013 2.49655e-013 2.49655e-013
1.03 -1.86767e-005 -9.28735e-014 -1.56256e-013 1.51165e-013 1.51165e-013
1.04 -1.86804e-005 1.25016e-013 1.92393e-013 1.14032e-013 1.14032e-013
1.05 -1.86837e-005 -8.50824e-014 -2.22332e-013 1.51506e-013 1.51506e-013
1.06 -1.86858e-005 1.55137e-013 3.50224e-013 1.82959e-013 1.82959e-013
1.07 -1.86862e-005 -3.02075e-013 -5.7351e-013 1.58458e-013 1.58458e-013
1.08 -1.86846e-005 1.12825e-013 9.41974e-013 1.16028e-013 1.16028e-013
1.09 -1.86809e-005 -2.75026e-013 -9.09161e-013 8.99534e-014 8.99534e-014
1.1 -1.86758e-005 -2.20057e-013 1.08601e-012 5.85797e-014 5.85797e-014
1.11 -1.86705e-005 2.92273e-013 -1.14273e-012 1.68115e-014 1.68115e-014
1.12 -1.86659e-005 -8.11125e-013 1.86653e-012 5.50001e-015 5.50001e-015
1.13 -1.86624e-005 -1.96358e-012 2.8877e-012 5.6097e-014 5.6097e-014
1.14 -1.86608e-005 -1.14321e-012 2.30238e-012 1.38093e-013 1.38093e-013
1.15 -1.86613e-005 6.32607e-013 -1.01133e-012 1.90251e-013 1.90251e-013
1.16 -1.86636e-005 -8.00449e-013 6.58412e-013 1.94016e-013 1.94016e-013
1.17 -1.86666e-005 3.52845e-013 2.44403e-013 1.84564e-013 1.84564e-013
1.18 -1.86687e-005 -2.51715e-013 -2.46658e-013 1.96737e-013 1.96737e-013
1.19 -1.8669e-005 3.46343e-013 4.06345e-013 2.07204e-013 2.07204e-013
1.2 -1.86672e-005 -6.16378e-013 -6.66944e-013 1.54343e-013 1.54343e-013
1.21 -1.86639e-005 1.55725e-013 2.23901e-013 4.4462e-014 4.4462e-014
1.22 -1.86603e-005 -2.42807e-013 -2.56627e-013 -3.48235e-014 -3.48235e-014
1.23 -1.86577e-005 -2.85798e-013 -2.86911e-013 -5.26799e-014 -5.26799e-014
1.24 -1.86574e-005 1.18189e-013 1.16267e-013 -5.56931e-014 -5.56931e-014
1.25 -1.86602e-005 -4.82557e-014 -4.98405e-014 -3.01001e-014 -3.01001e-014
1.26 -1.86658e-005 2.03228e-014 1.85932e-014 5.41513e-014 5.41513e-014
1.27 -1.86737e-005 -7.93202e-015 -9.60005e-015 1.24042e-013 1.24042e-013
1.28 -1.86827e-005 3.70953e-015 2.01497e-015 1.24445e-013 1.24445e-013
1.29 -1.86912e-005 -1.08762e-015 -2.76966e-015 9.39023e-014 9.39023e-014
1.3 -1.86979e-005 -1.47521e-013 -1.07656e-014 6.27031e-014 6.27031e-014
1.31 -1.87015e-005 -2.06973e-013 -3.58946e-014 3.15089e-014 3.15089e-014
1.32 -1.87012e-005 6.1194e-014 2.15166e-014 2.90029e-015 2.90029e-015
1.33 -1.86976e-005 -1.02864e-013 -1.92956e-014 -1.69452e-014 -1.69452e-014
1.34 -1.8692e-005 -8.2922e-014 -2.16549e-014 -4.34627e-015 -4.34627e-015
1.35 -1.86852e-005 3.03708e-014 8.98437e-015 2.44086e-014 2.44086e-014
1.36 -1.86776e-005 -2.394e-014 -3.26994e-015 3.13164e-014 3.13164e-014
1.37 -1.86699e-005 -7.78183e-014 2.76357e-014 8.16787e-014 8.16787e-014
1.38 -1.86635e-005 -4.06679e-014 -1.55421e-014 2.41288e-013 2.41288e-013
1.39 -1.86597e-005 -3.25017e-013 1.45893e-013 4.11791e-013 4.11791e-013
1.4 -1.86593e-005 5.40551e-014 -8.66334e-014 4.62827e-013 4.62827e-013
1.41 -1.86626e-005 -2.67351e-013 1.01231e-013 4.23987e-013 4.23987e-013
1.42 -1.86687e-005 -1.69398e-013 -8.04837e-015 3.83238e-013 3.83238e-013
1.43 -1.86761e-005 -1.13758e-013 1.64431e-013 3.47141e-013 3.47141e-013
1.44 -1.86838e-005 4.731e-014 -6.96884e-014 2.94797e-013 2.94797e-013
1.45 -1.86916e-005 -1.90503e-014 2.67715e-014 2.46171e-013 2.46171e-013
1.46 -1.87003e-005 8.28987e-015 -1.29696e-014 2.43524e-013 2.43524e-013
1.47 -1.871e-005 -2.9741e-015 3.40342e-015 2.93455e-013 2.93455e-013
1.48 -1.87203e-005 1.66603e-015 -3.34261e-015 3.58302e-013 3.58302e-013
1.49 -1.87313e-005 -2.57566e-016 -6.41144e-016 4.02235e-013 4.02235e-013
1.5 -1.87441e-005 -1.04316e-012 -1.62996e-013 4.18513e-013 4.18513e-013
1.51 -1.87589e-005 -4.5933e-012 1.88076e-012 4.36718e-013 4.36718e-013
1.52 -1.87744e-005 -1.42657e-012 2.50499e-012 5.16527e-013 5.16527e-013
1.53 -1.87875e-005 1.99619e-013 -3.23972e-013 6.70299e-013 6.70299e-013
1.54 -1.87961e-005 -6.64898e-013 -1.66249e-013 8.55976e-013 8.55976e-013
1.55 -1.87988e-005 -1.06404e-013 1.98314e-013 1.08062e-012 1.08062e-012
1.56 -1.87942e-005 3.03117e-014 2.02395e-013 1.37197e-012 1.37197e-012
1.57 -1.87821e-005 -3.83805e-014 1.15498e-013 1.69299e-012 1.69299e-012
1.58 -1.87636e-005 -3.65193e-014 -1.09492e-013 1.98145e-012 1.98145e-012
1.59 -1.87421e-005 -2.03074e-014 6.39896e-014 2.16539e-012 2.16539e-012
1.6 -1.87221e-005 -5.11242e-014 -1.05324e-013 2.16473e-012 2.16473e-012
1.61 -1.87079e-005 -8.21188e-013 -4.96334e-013 2.03271e-012 2.03271e-012
1.62 -1.87012e-005 -4.4119e-014 -5.26583e-015 1.93092e-012 1.93092e-012
1.63 -1.87016e-005 -8.97804e-012 6.91979e-012 1.87701e-012 1.87701e-012
1.64 -1.87065e-005 -1.66002e-011 8.16474e-012 1.80653e-012 1.80653e-012
1.65 -1.87125e-005 -4.47939e-012 1.71149e-012 1.81887e-012 1.81887e-012
1.66 -1.87149e-005 1.66754e-012 -5.06636e-013 2.00868e-012 2.00868e-012
1.67 -1.8709e-005 -1.73293e-012 -9.44905e-013 2.21502e-012 2.21502e-012
1.68 -1.86921e-005 -4.89797e-014 -2.78144e-013 2.23189e-012 2.23189e-012
1.69 -1.86642e-005 -1.2779e-013 -7.34557e-015 2.06738e-012 2.06738e-012
1.7 -1.86288e-005 -4.73709e-013 -4.31773e-013 1.84429e-012 1.84429e-012
1.71 -1.85911e-005 -2.77854e-013 -2.73115e-013 1.64196e-012 1.64196e-012
1.72 -1.85561e-005 1.63255e-014 9.50655e-014 1.50652e-012 1.50652e-012
1.73 -1.85285e-005 -5.53751e-015 -3.74409e-014 1.42154e-012 1.42154e-012
1.74 -1.85119e-005 -1.0616e-013 -1.95109e-014 1.30302e-012 1.30302e-012
1.75 -1.85075e-005 -6.62761e-013 -1.73037e-013 1.20853e-012 1.20853e-012
1.76 -1.85141e-005 -1.85727e-012 4.07234e-013 1.35037e-012 1.35037e-012
1.77 -1.85284e-005 -2.41557e-012 2.44462e-012 1.80111e-012 1.80111e-012
1.78 -1.85471e-005 -2.42226e-013 5.4739e-013 2.38065e-012 2.38065e-012
1.79 -1.8567e-005 -5.50657e-013 9.30313e-013 2.89157e-012 2.89157e-012
1.8 -1.85849e-005 -2.50193e-013 -7.94557e-014 3.28886e-012 3.28886e-012
1.81 -1.85996e-005 -4.6948e-013 -1.6214e-013 3.54418e-012 3.54418e-012
1.82 -1.86119e-005 -4.70116e-014 2.47876e-014 3.58568e-012 3.58568e-012
1.83 -1.86238e-005 -8.544e-014 2.12689e-013 3.44333e-012 3.44333e-012
1.84 -1.86365e-005 2.55229e-014 -1.49595e-014 3.27171e-012 3.27171e-012
1.85 -1.86507e-005 4.79169e-014 2.86095e-013 3.21449e-012 3.21449e-012
1.86 -1.86667e-005 -9.30442e-014 -7.71097e-014 3.31074e-012 3.31074e-012
1.87 -1.8684e-005 -3.33104e-014 -5.89307e-014 3.47979e-012 3.47979e-012
1.88 -1.87001e-005 3.28687e-013 -2.37793e-013 3.56809e-012 3.56809e-012
1.89 -1.87108e-005 -2.0893e-013 4.71167e-013 3.51527e-012 3.51527e-012
1.9 -1.87145e-005 4.24131e-013 -1.00889e-012 3.43443e-012 3.43443e-012
1.91 -1.87128e-005 -9.90107e-013 1.24926e-012 3.41009e-012 3.41009e-012
1.92 -1.8709e-005 -1.26537e-012 8.53221e-013 3.3905e-012 3.3905e-012
1.93 -1.87071e-005 -6.91711e-013 4.45533e-013 3.34558e-012 3.34558e-012
1.94 -1.87124e-005 4.94291e-013 1.18502e-012 3.32601e-012 3.32601e-012
1.95 -1.87307e-005 -7.9376e-013 9.45812e-014 3.32043e-012 3.32043e-012
1.96 -1.87653e-005 -1.2293e-012 -1.43657e-012 3.21343e-012 3.21343e-012
1.97 -1.88157e-005 -4.50688e-013 -1.13746e-013 2.9282e-012 2.9282e-012
1.98 -1.8878e-005 3.03978e-013 -2.23672e-013 2.51954e-012 2.51954e-012
1.99 -1.89458e-005 -1.33939e-013 -8.94763e-014 2.14903e-012 2.14903e-012
2 -1.9012e-005 9.34493e-013 -3.8045e-013 1.95912e-012 1.95912e-012
2.01 -1.90692e-005 -2.91704e-013 -4.19998e-013 1.89455e-012 1.89455e-012
2.02 -1.9111e-005 6.81293e-013 -8.24708e-013 1.69122e-012 1.69122e-012
2.03 -1.91334e-005 -3.01657e-013 -1.28481e-012 1.2142e-012 1.2142e-012
2.04 -1.91368e-005 -5.20182e-012 4.21228e-012 8.39778e-013 8.39778e-013
2.05 -1.91248e-005 -5.87204e-012 7.5977e-012 1.15448e-012 1.15448e-012
2.06 -1.91023e-005 -7.8832e-013 2.84338e-012 2.17919e-012 2.17919e-012
2.07 -1.90752e-005 -9.40114e-013 1.835e-012 3.33175e-012 3.33175e-012
2.08 -1.90499e-005 -1.87558e-013 2.45401e-013 4.19401e-012 4.19401e-012
2.09 -1.90314e-005 -5.0764e-013 -3.69216e-013 4.79536e-012 4.79536e-012
2.1 -1.90212e-005 -3.20356e-013 -1.57287e-014 5.1744e-012 5.1744e-012
2.11 -1.90181e-005 -4.42837e-013 4.96715e-013 5.19109e-012 5.19109e-012
2.12 -1.90194e-005 -6.25168e-013 8.38225e-014 4.82894e-012 4.82894e-012
2.13 -1.90223e-005 -4.29686e-013 4.36651e-013 4.3812e-012 4.3812e-012
2.14 -1.90241e-005 -7.51131e-014 -1.90176e-014 4.20765e-012 4.20765e-012
2.15 -1.90218e-005 2.17372e-015 2.131e-014 4.3968e-012 4.3968e-012
2.16 -1.90125e-005 -1.76739e-014 -8.21582e-014 4.65372e-012 4.65372e-012
2.17 -1.89944e-005 -2.32165e-014 3.23972e-014 4.6898e-012 4.6898e-012
2.18 -1.8969e-005 -1.82504e-013 4.08226e-013 4.66089e-012 4.66089e-012
2.19 -1.89399e-005 4.78488e-014 -1.05453e-013 4.77101e-012 4.77101e-012
2.2 -1.89093e-005 -7.70009e-014 -3.18745e-014 4.86139e-012 4.86139e-012
2.21 -1.8877e-005 7.58753e-015 3.69289e-014 4.74775e-012 4.74775e-012
2.22 -1.88426e-005 -2.73051e-014 8.51761e-015 4.5364e-012 4.5364e-012
2.23 -1.88067e-005 -1.43541e-014 2.16689e-014 4.43059e-012 4.43059e-012
2.24 -1.87699e-005 -1.85345e-014 1.48608e-014 4.45279e-012 4.45279e-012
2.25 -1.87325e-005 -1.65578e-014 1.36505e-014 4.50473e-012 4.50473e-012
2.26 -1.86955e-005 -1.90083e-014 2.32514e-014 4.55559e-012 4.55559e-012
2.27 -1.86601e-005 -1.09164e-014 1.02505e-014 4.63808e-012 4.63808e-012
2.28 -1.86271e-005 -2.6429e-014 2.53629e-014 4.73247e-012 4.73247e-012
2.29 -1.85965e-005 -5.72871e-015 6.71776e-015 4.76735e-012 4.76735e-012
2.3 -1.8569e-005 -2.8179e-014 2.43393e-014 4.71712e-012 4.71712e-012
2.31 -1.85456e-005 -2.26959e-012 7.33441e-013 4.69187e-012 4.69187e-012
2.32 -1.85255e-005 -5.76086e-012 4.48617e-012 4.90617e-012 4.90617e-012
2.33 -1.85075e-005 -5.2548e-014 9.16623e-013 5.42721e-012 5.42721e-012
2.34 -1.84906e-005 -2.83791e-013 -6.01008e-014 6.16765e-012 6.16765e-012
2.35 -1.84744e-005 2.65805e-013 2.05853e-013 7.134e-012 7.134e-012
2.36 -1.8459e-005 7.53279e-014 -1.18407e-013 8.26114e-012 8.26114e-012
2.37 -1.8445e-005 1.23362e-013 -9.46677e-015 9.21194e-012 9.21194e-012
2.38 -1.84341e-005 -1.53817e-014 -2.28864e-014 9.64162e-012 9.64162e-012
2.39 -1.84268e-005 -3.12493e-013 -2.6582e-013 9.50486e-012 9.50486e-012
2.4 -1.84223e-005 -1.42934e-014 1.26445e-013 9.00376e-012 9.00376e-012
2.41 -1.84196e-005 -5.55483e-013 7.50147e-013 8.34397e-012 8.34397e-012
2.42 -1.84167e-005 -3.70378e-013 1.79316e-013 7.71381e-012 7.71381e-012
2.43 -1.84126e-005 -2.55606e-013 -3.73634e-013 7.34588e-012 7.34588e-012
2.44 -1.84086e-005 -9.26948e-014 -9.18187e-015 7.37743e-012 7.37743e-012
2.45 -1.84078e-005 -3.06026e-013 -1.96879e-013 7.74567e-012 7.74567e-012
2.46 -1.8412e-005 -1.74512e-013 -1.23482e-013 8.24536e-012 8.24536e-012
2.47 -1.84221e-005 -1.38343e-013 -1.43795e-013 8.64027e-012 8.64027e-012
2.48 -1.84392e-005 3.28311e-014 8.29735e-014 8.78033e-012 8.78033e-012
2.49 -1.84649e-005 -4.89282e-014 6.22937e-016 8.65066e-012 8.65066e-012
2.5 -1.85011e-005 -2.61192e-017 2.6847e-014 8.32747e-012 8.32747e-012
2.51 -1.85479e-005 -5.24377e-015 5.84475e-015 7.93697e-012 7.93697e-012
2.52 -1.86044e-005 5.52184e-015 -3.49341e-015 7.63361e-012 7.63361e-012
2.53 -1.86685e-005 2.40408e-014 -3.96657e-014 7.54038e-012 7.54038e-012
2.54 -1.8737e-005 -3.40704e-014 4.00724e-014 7.68255e-012 7.68255e-012
2.55 -1.88062e-005 -6.71906e-015 3.62132e-014 7.97832e-012 7.97832e-012
2.56 -1.88724e-005 7.21861e-014 1.48226e-014 8.2932e-012 8.2932e-012
2.57 -1.89331e-005 -4.25733e-014 6.72739e-014 8.50452e-012 8.50452e-012
2.58 -1.89871e-005 -3.66934e-012 6.31368e-012 8.56771e-012 8.56771e-012
2.59 -1.90347e-005 -1.2139e-011 9.18961e-012 8.62937e-012 8.62937e-012
2.6 -1.90771e-005 -2.53017e-012 -1.92028e-012 8.88747e-012 8.88747e-012
2.61 -1.9115e-005 -1.93686e-012 9.34946e-014 9.36717e-012 9.36717e-012
2.62 -1.91498e-005 -1.12445e-012 -7.21459e-013 1.00619e-011 1.00619e-011
2.63 -1.91819e-005 -7.5725e-014 4.76818e-013 1.09018e-011 1.09018e-011
2.64 -1.92113e-005 -2.7799e-013 -2.9867e-013 1.15802e-011 1.15802e-011
2.65 -1.9238e-005 -6.37354e-015 4.95591e-014 1.17832e-011 1.17832e-011
2.66 -1.92622e-005 9.60451e-014 -5.37467e-014 1.14969e-011 1.14969e-011
2.67 -1.92834e-005 7.00476e-014 2.81217e-013 1.09193e-011 1.09193e-011
2.68 -1.93003e-005 -7.14056e-013 9.59925e-013 1.02328e-011 1.02328e-011
2.69 -1.93118e-005 -2.24487e-012 4.72854e-013 9.64394e-012 9.64394e-012
2.7 -1.9317e-005 -2.41597e-012 -5.57913e-012 9.39224e-012 9.39224e-012
2.71 -1.93152e-005 -1.47848e-012 -2.07857e-012 9.5583e-012 9.5583e-012
2.72 -1.93048e-005 6.20632e-013 7.91562e-013 1.00088e-011 1.00088e-011
2.73 -1.92832e-005 -1.53488e-013 -2.43191e-014 1.05283e-011 1.05283e-011
2.74 -1.9249e-005 -1.83579e-013 -3.91903e-013 1.09153e-011 1.09153e-011
2.75 -1.92038e-005 6.23152e-014 1.31134e-013 1.10298e-011 1.10298e-011
2.76 -1.91499e-005 -3.28298e-014 -9.15383e-014 1.08454e-011 1.08454e-011
2.77 -1.90891e-005 -7.55939e-015 1.31361e-014 1.04563e-011 1.04563e-011
2.78 -1.90239e-005 4.02826e-015 -4.90605e-014 1.00325e-011 1.00325e-011
2.79 -1.89578e-005 -3.0234e-014 -4.43746e-015 9.74623e-012 9.74623e-012
2.8 -1.88933e-005 -4.49073e-015 -2.66694e-014 9.69963e-012 9.69963e-012
2.81 -1.88313e-005 -1.15677e-014 -6.36382e-016 9.88931e-012 9.88931e-012
2.82 -1.87724e-005 -1.01616e-013 -2.48695e-013 1.02198e-011 1.02198e-011
2.83 -1.87171e-005 2.01686e-014 2.21688e-013 1.05504e-011 1.05504e-011
2.84 -1.86655e-005 -5.4393e-014 -1.74042e-013 1.0752e-011 1.0752e-011
2.85 -1.86168e-005 -1.77321e-014 8.60475e-014 1.07555e-011 1.07555e-011
2.86 -1.85701e-005 -7.06728e-014 -1.14434e-013 1.05745e-011 1.05745e-011
2.87 -1.85256e-005 -3.74215e-013 7.37815e-013 1.02778e-011 1.02778e-011
2.88 -1.84837e-005 -4.96797e-012 3.82887e-012 1.00152e-011 1.00152e-011
2.89 -1.8444e-005 -1.09819e-012 -4.1723e-013 1.01286e-011 1.01286e-011
2.9 -1.84057e-005 8.95498e-013 -9.6117e-013 1.09244e-011 1.09244e-011
2.91 -1.83691e-005 1.33149e-013 -4.21678e-013 1.22435e-011 1.22435e-011
2.92 -1.83354e-005 2.80269e-013 -2.95085e-013 1.35714e-011 1.35714e-011
2.93 -1.83061e-005 3.16946e-014 -1.40828e-013 1.44673e-011 1.44673e-011
2.94 -1.82821e-005 6.70721e-014 5.10827e-015 1.472e-011 1.472e-011
2.95 -1.82638e-005 -6.80729e-013 4.85483e-013 1.42818e-011 1.42818e-011
2.96 -1.82517e-005 -2.26389e-013 5.77455e-014 1.33151e-011 1.33151e-011
2.97 -1.82468e-005 -1.42148e-013 -2.1531e-013 1.22253e-011 1.22253e-011
2.98 -1.82501e-005 -1.01661e-013 -1.59797e-013 1.14607e-011 1.14607e-011
2.99 -1.82619e-005 2.10765e-014 2.69788e-014 1.1305e-011 1.1305e-011
3 -1.82806e-005 -2.79582e-014 -3.1517e-014 1.17656e-011 1.17656e-011
3.01 -1.83035e-005 -1.56074e-014 -4.13416e-014 1.25676e-011 1.25676e-011
3.02 -1.83277e-005 2.34228e-014 4.98802e-013 1.33196e-011 1.33196e-011
3.03 -1.83501e-005 -2.58872e-013 -5.4495e-013 1.37247e-011 1.37247e-011
3.04 -1.83684e-005 1.14934e-013 7.28788e-013 1.36482e-011 1.36482e-011
3.05 -1.8383e-005 1.41498e-013 1.81588e-013 1.31252e-011 1.31252e-011
3.06 -1.83964e-005 -4.0869e-014 -9.09081e-014 1.23658e-011 1.23658e-011
3.07 -1.84111e-005 -3.18781e-014 -2.68945e-013 1.16558e-011 1.16558e-011
3.08 -1.84286e-005 2.00432e-013 1.93252e-012 1.12358e-011 1.12358e-011
3.09 -1.84504e-005 -1.51433e-014 -1.26528e-012 1.12129e-011 1.12129e-011
3.1 -1.84795e-005 -6.3023e-013 4.90678e-012 1.15063e-011 1.15063e-011
3.11 -1.85178e-005 -1.08479e-012 4.12791e-012 1.19395e-011 1.19395e-011
3.12 -1.85642e-005 -2.92962e-012 5.53976e-012 1.23812e-011 1.23812e-011
3.13 -1.86134e-005 -4.77092e-012 6.46512e-012 1.27388e-011 1.27388e-011
3.14 -1.86596e-005 -5.04911e-012 4.97512e-012 1.29091e-011 1.29091e-011
3.15 -1.87e-005 -9.18848e-013 7.60622e-013 1.28982e-011 1.28982e-011
3.16 -1.87344e-005 -1.23548e-012 6.94154e-013 1.30127e-011 1.30127e-011
3.17 -1.87646e-005 2.04427e-012 -5.40127e-013 1.36606e-011 1.36606e-011
3.18 -1.87949e-005 5.05771e-015 -6.11762e-013 1.47997e-011 1.47997e-011
3.19 -1.88283e-005 -2.17948e-012 8.89642e-013 1.58659e-011 1.58659e-011
3.2 -1.8866e-005 -9.86771e-013 -1.73776e-013 1.63827e-011 1.63827e-011
3.21 -1.89082e-005 -1.44378e-012 2.70236e-013 1.63829e-011 1.63829e-011
3.22 -1.89547e-005 -2.46244e-012 4.67434e-012 1.61358e-011 1.61358e-011
3.23 -1.90041e-005 -6.56221e-012 1.09921e-012 1.57679e-011 1.57679e-011
3.24 -1.90532e-005 -1.63679e-012 -1.16906e-013 1.53242e-011 1.53242e-011
3.25 -1.90979e-005 6.91824e-013 -3.28348e-015 1.49691e-011 1.49691e-011
3.26 -1.91355e-005 -2.96013e-013 -5.35875e-014 1.49164e-011 1.49164e-011
3.27 -1.91643e-005 1.10465e-013 -2.12034e-014 1.51952e-011 1.51952e-011
3.28 -1.91838e-005 -1.58727e-014 1.78065e-014 1.56119e-011 1.56119e-011
3.29 -1.9195e-005 -4.19705e-014 -1.04574e-013 1.59585e-011 1.59585e-011
3.3 -1.92002e-005 -2.08327e-014 -2.0791e-014 1.61408e-011 1.61408e-011
3.31 -1.92014e-005 -3.54831e-013 -1.60417e-013 1.61121e-011 1.61121e-011
3.32 -1.91984e-005 -6.98313e-013 -1.10002e-012 1.58385e-011 1.58385e-011
3.33 -1.91897e-005 1.77277e-013 3.6738e-013 1.54014e-011 1.54014e-011
3.34 -1.91749e-005 -5.23887e-013 -5.12147e-013 1.50217e-011 1.50217e-011
3.35 -1.91544e-005 2.02659e-013 3.58898e-013 1.48731e-011 1.48731e-011
3.36 -1.91281e-005 -2.06241e-013 -2.13384e-013 1.495e-011 1.495e-011
3.37 -1.90946e-005 3.15959e-014 5.02505e-013 1.51228e-011 1.51228e-011
3.38 -1.90527e-005 -2.39398e-013 -7.60345e-013 1.52621e-011 1.52621e-011
3.39 -1.90011e-005 -1.2876e-013 1.4185e-012 1.53572e-011 1.53572e-011
3.4 -1.89401e-005 -3.13971e-013 -4.32774e-013 1.54247e-011 1.54247e-011
3.41 -1.88728e-005 -7.43675e-013 4.18216e-013 1.53854e-011 1.53854e-011
3.42 -1.88041e-005 -9.42585e-013 6.23209e-013 1.52068e-011 1.52068e-011
3.43 -1.87383e-005 -8.90273e-013 7.51403e-013 1.50204e-011 1.50204e-011
3.44 -1.86782e-005 -2.50417e-013 -6.68702e-014 1.49905e-011 1.49905e-011
3.45 -1.86255e-005 -1.54004e-014 4.73767e-014 1.51079e-011 1.51079e-011
3.46 -1.85813e-005 -5.89716e-014 -1.67494e-013 1.51754e-011 1.51754e-011
3.47 -1.85461e-005 -1.22271e-013 -1.75986e-014 1.51668e-011 1.51668e-011
3.48 -1.8519e-005 4.45098e-015 -3.95195e-014 1.54638e-011 1.54638e-011
3.49 -1.84973e-005 -6.04378e-014 -1.96483e-015 1.62424e-011 1.62424e-011
3.5 -1.84784e-005 -1.20928e-013 2.18128e-014 1.68831e-011 1.68831e-011
3.51 -1.84609e-005 -7.11707e-014 -3.16307e-015 1.67156e-011 1.67156e-011
3.52 -1.84437e-005 -1.14861e-014 -3.62154e-014 1.59749e-011 1.59749e-011
3.53 -1.84259e-005 -6.67461e-015 -1.6842e-014 1.53329e-011 1.53329e-011
3.54 -1.84074e-005 -8.38656e-015 -2.46411e-014 1.50129e-011 1.50129e-011
3.55 -1.83906e-005 -3.1072e-014 1.6656e-015 1.48815e-011 1.48815e-011
3.56 -1.83804e-005 1.47221e-015 -3.24127e-014 1.49453e-011 1.49453e-011
3.57 -1.83819e-005 -2.3727e-013 2.5885e-013 1.53184e-011 1.53184e-011
3.58 -1.83981e-005 -3.68355e-015 -1.66276e-014 1.58809e-011 1.58809e-011
3.59 -1.84285e-005 -2.96351e-014 7.11876e-014 1.62997e-011 1.62997e-011
3.6 -1.84692e-005 1.34898e-013 -7.64195e-014 1.63641e-011 1.63641e-011
3.61 -1.85142e-005 -6.68992e-014 -2.30289e-016 1.6136e-011 1.6136e-011
3.62 -1.85582e-005 1.75229e-013 1.07918e-013 1.57869e-011 1.57869e-011
3.63 -1.85982e-005 7.06773e-014 -8.34925e-014 1.5433e-011 1.5433e-011
3.64 -1.86323e-005 2.32624e-014 -9.12031e-014 1.5168e-011 1.5168e-011
3.65 -1.86589e-005 1.09398e-013 3.12555e-013 1.51041e-011 1.51041e-011
3.66 -1.86777e-005 -2.71462e-014 -2.91429e-013 1.52921e-011 1.52921e-011
3.67 -1.86907e-005 7.85341e-015 8.12013e-014 1.56337e-011 1.56337e-011
3.68 -1.87019e-005 7.16353e-014 -1.13332e-013 1.59412e-011 1.59412e-011
3.69 -1.87161e-005 2.14923e-015 2.0263e-014 1.6098e-011 1.6098e-011
3.7 -1.87381e-005 -1.17761e-014 -4.3151e-014 1.60846e-011 1.60846e-011
3.71 -1.87715e-005 -4.88831e-013 2.2319e-012 1.59071e-011 1.59071e-011
3.72 -1.8817e-005 -3.98527e-012 6.46976e-012 1.56254e-011 1.56254e-011
3.73 -1.88718e-005 -1.2244e-012 1.40288e-012 1.5352e-011 1.5352e-011
3.74 -1.89304e-005 -5.94668e-012 8.52875e-012 1.52059e-011 1.52059e-011
3.75 -1.89871e-005 -2.05845e-012 1.80184e-012 1.53314e-011 1.53314e-011
3.76 -1.90368e-005 8.40379e-013 -7.88986e-013 1.57723e-011 1.57723e-011
3.77 -1.90758e-005 -3.64717e-013 2.73911e-013 1.62638e-011 1.62638e-011
3.78 -1.91024e-005 1.36905e-013 -1.23134e-013 1.64423e-011 1.64423e-011
3.79 -1.91165e-005 -6.86656e-014 -1.86856e-014 1.63016e-011 1.63016e-011
3.8 -1.91206e-005 -1.65772e-014 -5.77499e-014 1.60716e-011 1.60716e-011
3.81 -1.91174e-005 -6.24186e-015 -9.64028e-015 1.58263e-011 1.58263e-011
3.82 -1.91093e-005 -9.77973e-015 -2.68956e-014 1.55537e-011 1.55537e-011
3.83 -1.90971e-005 -9.66173e-015 -1.97756e-014 1.53641e-011 1.53641e-011
3.84 -1.90807e-005 -7.49334e-015 -2.37952e-014 1.54021e-011 1.54021e-011
3.85 -1.90615e-005 -1.60076e-014 -3.58459e-014 1.56497e-011 1.56497e-011
3.86 -1.90414e-005 -1.48388e-014 -1.50408e-014 1.59443e-011 1.59443e-011
3.87 -1.90204e-005 -2.55596e-014 -1.53894e-014 1.61478e-011 1.61478e-011
3.88 -1.89977e-005 -2.23637e-014 -1.74771e-014 1.62183e-011 1.62183e-011
3.89 -1.89733e-005 -1.51607e-014 -2.19587e-014 1.61592e-011 1.61592e-011
3.9 -1.89494e-005 -2.98024e-014 -9.97724e-014 1.59889e-011 1.59889e-011
3.91 -1.89298e-005 -1.0281e-014 -3.62397e-014 1.5767e-011 1.5767e-011
3.92 -1.89187e-005 -4.5182e-013 -9.0516e-013 1.55901e-011 1.55901e-011
3.93 -1.89182e-005 3.3899e-014 2.18805e-013 1.5524e-011 1.5524e-011
3.94 -1.89267e-005 -2.05834e-014 7.40373e-014 1.55647e-011 1.55647e-011
3.95 -1.89395e-005 -2.91992e-015 1.52649e-013 1.56814e-011 1.56814e-011
3.96 -1.89502e-005 -1.12143e-012 -2.35434e-012 1.58334e-011 1.58334e-011
3.97 -1.89516e-005 -5.60548e-013 -1.07924e-012 1.59422e-011 1.59422e-011
3.98 -1.89366e-005 2.37629e-013 7.10015e-013 1.59471e-011 1.59471e-011
3.99 -1.88991e-005 -1.1079e-013 -3.0038e-013 1.58785e-011 1.58785e-011
4 -1.88368e-005 3.5019e-014 9.73104e-014 1.57724e-011 1.57724e-011
4.01 -1.87537e-005 -1.87319e-014 -6.33153e-014 1.56399e-011 1.56399e-011
4.02 -1.86586e-005 -1.96244e-015 -5.47828e-015 1.55505e-011 1.55505e-011
4.03 -1.85632e-005 -2.45389e-014 -1.47309e-014 1.55554e-011 1.55554e-011
4.04 -1.84813e-005 -3.98132e-014 2.07756e-014 1.56447e-011 1.56447e-011
4.05 -1.84254e-005 -4.31019e-014 1.28787e-014 1.58426e-011 1.58426e-011
4.06 -1.84029e-005 6.75536e-015 -3.66857e-014 1.60768e-011 1.60768e-011
4.07 -1.84131e-005 -9.58313e-014 1.18825e-013 1.60711e-011 1.60711e-011
4.08 -1.84496e-005 1.87071e-014 -5.04404e-014 1.57739e-011 1.57739e-011
4.09 -1.85017e-005 4.69771e-014 -2.35414e-014 1.55166e-011 1.55166e-011
4.1 -1.85551e-005 -2.42597e-014 1.00212e-013 1.54909e-011 1.54909e-011
4.11 -1.8596e-005 4.68543e-014 5.73683e-014 1.55704e-011 1.55704e-011
4.12 -1.86142e-005 -1.89672e-013 -4.70367e-013 1.56417e-011 1.56417e-011
4.13 -1.86045e-005 -2.78123e-013 -2.96294e-013 1.57419e-011 1.57419e-011
4.14 -1.85679e-005 3.36363e-013 4.10154e-013 1.58726e-011 1.58726e-011
4.15 -1.85129e-005 -6.37622e-014 8.25443e-014 1.59413e-011 1.59413e-011
4.16 -1.84532e-005 6.5539e-015 -2.41889e-014 1.589e-011 1.589e-011
4.17 -1.84042e-005 2.45416e-013 3.08249e-013 1.57849e-011 1.57849e-011
4.18 -1.83787e-005 2.30465e-014 -1.83027e-013 1.57774e-011 1.57774e-011
4.19 -1.83833e-005 -1.58664e-014 4.04062e-014 1.58043e-011 1.58043e-011
4.2 -1.84178e-005 -4.79246e-015 -4.83737e-014 1.55484e-011 1.55484e-011
4.21 -1.84761e-005 -1.72265e-014 -1.82773e-014 1.51162e-011 1.51162e-011
4.22 -1.8547e-005 -7.36601e-016 -2.62469e-014 1.50697e-011 1.50697e-011
4.23 -1.86173e-005 -1.05426e-014 -2.05e-014 1.5451e-011 1.5451e-011
4.24 -1.86748e-005 -2.37653e-014 3.85964e-013 1.57699e-011 1.57699e-011
4.25 -1.87093e-005 -1.91146e-013 -5.69685e-013 1.5836e-011 1.5836e-011
4.26 -1.87139e-005 -3.641e-013 -7.50303e-013 1.58484e-011 1.58484e-011
4.27 -1.86889e-005 3.99951e-013 1.25795e-012 1.58767e-011 1.58767e-011
4.28 -1.86406e-005 -1.76646e-013 -5.44609e-013 1.57741e-011 1.57741e-011
4.29 -1.85788e-005 6.03279e-014 1.92025e-013 1.55356e-011 1.55356e-011
4.3 -1.85162e-005 -3.67051e-014 -1.15237e-013 1.53324e-011 1.53324e-011
4.31 -1.84664e-005 -1.83595e-015 1.52819e-014 1.52835e-011 1.52835e-011
4.32 -1.84407e-005 -1.39565e-014 -5.12682e-014 1.53685e-011 1.53685e-011
4.33 -1.84436e-005 -9.33909e-015 -4.62018e-015 1.55093e-011 1.55093e-011
4.34 -1.84734e-005 -1.4477e-014 -2.7539e-014 1.56587e-011 1.56587e-011
4.35 -1.85226e-005 -1.16362e-014 -2.06639e-014 1.57837e-011 1.57837e-011
4.36 -1.85797e-005 -1.75323e-014 -2.5506e-014 1.58343e-011 1.58343e-011
4.37 -1.86332e-005 -1.46613e-014 -1.53678e-014 1.57784e-011 1.57784e-011
4.38 -1.86745e-005 -1.3034e-014 -2.35549e-014 1.5647e-011 1.5647e-011
4.39 -1.86988e-005 -1.41088e-014 -2.2051e-014 1.55117e-011 1.55117e-011
4.4 -1.87059e-005 -2.46214e-015 -3.14828e-014 1.54294e-011 1.54294e-011
4.41 -1.86992e-005 -6.21025e-015 -2.53305e-014 1.54199e-011 1.54199e-011
4.42 -1.86844e-005 -9.61424e-015 -3.3108e-014 1.5478e-011 1.5478e-011
4.43 -1.86684e-005 -2.63141e-014 -4.83853e-014 1.55798e-011 1.55798e-011
4.44 -1.8656e-005 1.06422e-015 -1.33451e-014 1.56835e-011 1.56835e-011
4.45 -1.86488e-005 -7.82465e-015 -3.03989e-014 1.57464e-011 1.57464e-011
4.46 -1.86469e-005 -4.05688e-015 -2.44746e-014 1.57448e-011 1.57448e-011
4.47 -1.86504e-005 1.51517e-015 -2.41348e-014 1.56841e-011 1.56841e-011
4.48 -1.86579e-005 -5.60778e-015 -2.31494e-014 1.55945e-011 1.55945e-011
4.49 -1.86661e-005 -5.945e-015 -2.56285e-014 1.55148e-011 1.55148e-011
4.5 -1.86721e-005 -7.66074e-015 -2.19356e-014 1.54745e-011 1.54745e-011
4.51 -1.86739e-005 -7.27223e-015 -2.10507e-014 1.54849e-011 1.54849e-011
4.52 -1.86708e-005 -1.82118e-014 -1.67444e-014 1.55382e-011 1.55382e-011
4.53 -1.8663e-005 -2.11872e-014 -1.21817e-014 1.56113e-011 1.56113e-011
4.54 -1.86516e-005 -3.93157e-014 1.88664e-014 1.56736e-011 1.56736e-011
4.55 -1.86371e-005 -2.1118e-014 2.01667e-016 1.57009e-011 1.57009e-011
4.56 -1.86201e-005 -2.0683e-015 -3.12148e-014 1.56852e-011 1.56852e-011
4.57 -1.86026e-005 -2.04595e-014 6.40158e-015 1.5637e-011 1.5637e-011
4.58 -1.85862e-005 -2.10802e-014 6.06854e-014 1.55785e-011 1.55785e-011
4.59 -1.85703e-005 6.91758e-014 -8.88793e-014 1.55337e-011 1.55337e-011
4.6 -1.85535e-005 -2.39388e-014 2.85366e-014 1.55189e-011 1.55189e-011
4.61 -1.85355e-005 5.7796e-014 -6.9661e-014 1.55373e-011 1.55373e-011
4.62 -1.85183e-005 3.24667e-014 1.7677e-014 1.55795e-011 1.55795e-011
4.63 -1.85044e-005 -2.46831e-014 -3.72071e-014 1.56274e-011 1.56274e-011
4.64 -1.8494e-005 7.30555e-014 1.05033e-013 1.56611e-011 1.56611e-011
4.65 -1.8485e-005 -4.14281e-014 -7.49998e-014 1.56681e-011 1.56681e-011
4.66 -1.8477e-005 8.78105e-014 -8.90828e-014 1.56479e-011 1.56479e-011
4.67 -1.84717e-005 -2.08692e-014 2.40444e-013 1.56112e-011 1.56112e-011
4.68 -1.84711e-005 -2.71196e-015 -1.30774e-013 1.55743e-011 1.55743e-011
4.69 -1.84754e-005 -9.93547e-015 2.24366e-014 1.55513e-011 1.55513e-011
4.7 -1.8483e-005 -6.59495e-015 -4.00822e-014 1.55497e-011 1.55497e-011
4.71 -1.84912e-005 -9.48179e-015 -2.36482e-014 1.55691e-011 1.55691e-011
4.72 -1.8498e-005 -6.915e-015 -1.63004e-014 1.56004e-011 1.56004e-011
4.73 -1.8504e-005 -8.76608e-015 -3.01195e-014 1.56299e-011 1.56299e-011
4.74 -1.85108e-005 -1.05339e-014 -4.70959e-015 1.56458e-011 1.56458e-011
4.75 -1.85192e-005 -1.04862e-014 -3.73412e-014 1.56431e-011 1.56431e-011
4.76 -1.85282e-005 -6.57725e-015 -2.61491e-014 1.56248e-011 1.56248e-011
4.77 -1.85359e-005 -9.4541e-015 -2.38418e-014 1.55994e-011 1.55994e-011
4.78 -1.85403e-005 -1.60802e-014 -2.03631e-014 1.55774e-011 1.55774e-011
4.79 -1.8542e-005 -1.47912e-014 -2.04977e-014 1.55671e-011 1.55671e-011
4.8 -1.85432e-005 -1.2098e-014 -2.38964e-014 1.5572e-011 1.5572e-011
4.81 -1.8546e-005 -1.13811e-014 -2.41776e-014 1.55891e-011 1.55891e-011
4.82 -1.85531e-005 -4.66145e-015 -3.28298e-014 1.56105e-011 1.56105e-011
4.83 -1.85664e-005 -7.01298e-015 -2.13611e-014 1.56271e-011 1.56271e-011
4.84 -1.85836e-005 1.92267e-015 -4.20666e-014 1.56329e-011 1.56329e-011
4.85 -1.85992e-005 -5.34915e-015 -2.21905e-014 1.56263e-011 1.56263e-011
4.86 -1.86113e-005 1.17874e-015 -3.29149e-014 1.56099e-011 1.56099e-011
4.87 -1.86246e-005 -5.90507e-015 -2.31126e-014 1.55905e-011 1.55905e-011
4.88 -1.86437e-005 1.12683e-014 -2.97555e-014 1.55761e-011 1.55761e-011
4.89 -1.86689e-005 -4.28067e-014 -3.35706e-014 1.55705e-011 1.55705e-011
4.9 -1.8697e-005 -8.40295e-015 -3.4945e-014 1.55735e-011 1.55735e-011
4.91 -1.87265e-005 -2.01364e-014 -3.02819e-014 1.55834e-011 1.55834e-011
4.92 -1.87585e-005 -3.14482e-015 -1.91671e-014 1.55962e-011 1.55962e-011
4.93 -1.87941e-005 -1.06572e-013 -1.75798e-013 1.56057e-011 1.56057e-011
4.94 -1.8834e-005 2.93325e-014 4.12167e-014 1.56085e-011 1.56085e-011
4.95 -1.8879e-005 -2.9296e-014 -5.2759e-014 1.56052e-011 1.56052e-011
4.96 -1.89297e-005 -3.74922e-014 -5.41788e-014 1.55977e-011 1.55977e-011
4.97 -1.89835e-005 7.63081e-014 2.67022e-013 1.55831e-011 1.55831e-011
4.98 -1.90368e-005 -3.8049e-013 -4.67617e-013 1.55473e-011 1.55473e-011
4.99 -1.90889e-005 -3.2362e-012 -3.94458e-012 1.54889e-011 1.54889e-011
5 -1.91424e-005 -1.13824e-012 -1.29355e-012 1.54278e-011 1.54278e-011
5.01 -1.91977e-005 5.77808e-013 6.83573e-013 1.53585e-011 1.53585e-011
5.02 -1.92518e-005 -7.05945e-013 -7.89711e-013 1.52618e-011 1.52618e-011
5.03 -1.93006e-005 -1.9736e-013 -8.43099e-014 1.51327e-011 1.51327e-011
5.04 -1.93401e-005 -4.00245e-014 -3.77763e-013 1.49687e-011 1.49687e-011
5.05 -1.9368e-005 -1.10685e-013 8.57935e-014 1.48038e-011 1.48038e-011
5.06 -1.93861e-005 1.20365e-014 -1.56025e-013 1.46873e-011 1.46873e-011
5.07 -1.93996e-005 2.38084e-014 -4.19362e-014 1.46055e-011 1.46055e-011
5.08 -1.94127e-005 1.03725e-013 1.37532e-013 1.45063e-011 1.45063e-011
5.09 -1.94277e-005 -1.3457e-012 -1.31371e-012 1.43557e-011 1.43557e-011
5.1 -1.94463e-005 1.29704e-013 -1.94305e-013 1.41265e-011 1.41265e-011
5.11 -1.94689e-005 -2.11816e-012 -9.40499e-013 1.38165e-011 1.38165e-011
5.12 -1.94918e-005 -1.3797e-012 -8.40711e-013 1.35208e-011 1.35208e-011
5.13 -1.95091e-005 -2.61622e-012 -1.90163e-012 1.33793e-011 1.33793e-011
5.14 -1.95177e-005 -6.55705e-013 -1.99194e-014 1.34105e-011 1.34105e-011
5.15 -1.95163e-005 2.66459e-013 9.70544e-015 1.35042e-011 1.35042e-011
5.16 -1.95031e-005 -1.14599e-013 -4.3471e-015 1.35641e-011 1.35641e-011
5.17 -1.9478e-005 4.27849e-014 1.59016e-015 1.35962e-011 1.35962e-011
5.18 -1.9445e-005 -2.07216e-014 -7.45879e-016 1.3682e-011 1.3682e-011
5.19 -1.94097e-005 4.74021e-015 -2.26216e-016 1.38146e-011 1.38146e-011
5.2 -1.93749e-005 -5.41603e-015 -1.73539e-015 1.38569e-011 1.38569e-011
5.21 -1.93382e-005 -1.63081e-015 -2.21165e-015 1.37575e-011 1.37575e-011
5.22 -1.92942e-005 -2.02595e-014 3.14514e-015 1.36245e-011 1.36245e-011
5.23 -1.92355e-005 -4.20977e-015 7.62265e-015 1.35528e-011 1.35528e-011
5.24 -1.91537e-005 -3.20674e-014 1.28781e-014 1.35341e-011 1.35341e-011
5.25 -1.90427e-005 2.72927e-014 2.71814e-014 1.3542e-011 1.3542e-011
5.26 -1.89001e-005 1.25424e-014 1.51539e-014 1.35953e-011 1.35953e-011
5.27 -1.87271e-005 1.39852e-014 3.27247e-014 1.36831e-011 1.36831e-011
5.28 -1.85285e-005 3.06412e-015 1.0575e-015 1.37417e-011 1.37417e-011
5.29 -1.83149e-005 -2.33859e-013 -9.02183e-014 1.3716e-011 1.3716e-011
5.3 -1.80997e-005 2.23011e-013 1.80521e-013 1.34761e-011 1.34761e-011
5.31 -1.78943e-005 1.20309e-012 1.75072e-012 1.29002e-011 1.29002e-011
5.32 -1.77067e-005 1.68279e-012 2.941e-012 1.19589e-011 1.19589e-011
5.33 -1.75418e-005 9.40716e-013 9.02577e-013 1.04023e-011 1.04023e-011
5.34 -1.73991e-005 5.37726e-012 9.80375e-012 7.94469e-012 7.94469e-012
5.35 -1.72719e-005 9.77359e-012 1.26828e-011 4.9104e-012 4.9104e-012
5.36 -1.71493e-005 2.77271e-012 1.10244e-012 2.05732e-012 2.05732e-012
5.37 -1.70226e-005 7.49886e-012 1.37237e-011 -1.72849e-013 -1.72849e-013
5.38 -1.68923e-005 7.92897e-013 2.09348e-013 -1.77719e-012 -1.77719e-012
5.39 -1.67643e-005 1.96332e-012 1.26689e-012 -2.84683e-012 -2.84683e-012
5.4 -1.66435e-005 1.29453e-012 1.13733e-011 -3.40745e-012 -3.40745e-012
5.41 -1.65347e-005 4.41111e-012 2.26701e-012 -3.5472e-012 -3.5472e-012
5.42 -1.64455e-005 2.94867e-012 1.26869e-012 -3.50476e-012 -3.50476e-012
5.43 -1.63885e-005 -8.55068e-013 1.77855e-013 -3.52443e-012 -3.52443e-012
5.44 -1.63782e-005 3.67583e-012 4.32136e-012 -3.75428e-012 -3.75428e-012
5.45 -1.64222e-005 1.87137e-012 4.89163e-012 -4.14494e-012 -4.14494e-012
5.46 -1.65185e-005 -7.44614e-013 -2.25584e-013 -4.46974e-012 -4.46974e-012
5.47 -1.66587e-005 2.88383e-013 1.18571e-013 -4.48701e-012 -4.48701e-012
5.48 -1.68326e-005 -1.95669e-013 -9.52993e-014 -4.06498e-012 -4.06498e-012
5.49 -1.70284e-005 -2.36641e-014 -1.38018e-013 -3.37651e-012 -3.37651e-012
5.5 -1.72363e-005 -1.92164e-013 -1.98093e-014 -2.87545e-012 -2.87545e-012
5.51 -1.74522e-005 -1.66314e-013 -8.98107e-014 -2.84857e-012 -2.84857e-012
5.52 -1.76753e-005 -5.30607e-013 -5.07948e-013 -3.17225e-012 -3.17225e-012
5.53 -1.79058e-005 -2.63457e-013 -3.8239e-013 -3.61465e-012 -3.61465e-012
5.54 -1.81472e-005 -1.02118e-012 -7.49737e-013 -4.07842e-012 -4.07842e-012
5.55 -1.84057e-005 -1.74694e-012 -1.48436e-012 -4.68388e-012 -4.68388e-012
5.56 -1.86889e-005 -3.48973e-012 -3.92844e-012 -5.23239e-012 -5.23239e-012
5.57 -1.90025e-005 -4.56632e-012 -7.1861e-012 -5.13341e-012 -5.13341e-012
5.58 -1.93473e-005 5.42849e-015 -2.35146e-012 -4.5734e-012 -4.5734e-012
5.59 -1.97169e-005 -4.65344e-011 -4.41508e-011 -4.69037e-012 -4.69037e-012
5.6 -2.01044e-005 -1.26879e-011 -2.19452e-011 -6.33032e-012 -6.33032e-012
5.61 -2.04957e-005 -1.71603e-011 -5.3771e-012 -9.19276e-012 -9.19276e-012
5.62 -2.08789e-005 -1.24313e-011 -1.61967e-011 -1.30795e-011 -1.30795e-011
5.63 -2.12392e-005 -7.0574e-012 -1.00165e-011 -1.80898e-011 -1.80898e-011
5.64 -2.15594e-005 -1.01701e-011 -5.70854e-012 -2.35447e-011 -2.35447e-011
5.65 -2.18271e-005 -6.47868e-012 -9.77801e-012 -2.82903e-011 -2.82903e-011
5.66 -2.20372e-005 -1.89755e-012 -8.4248e-012 -3.09177e-011 -3.09177e-011
5.67 -2.21917e-005 -3.28552e-012 -3.68931e-012 -3.09897e-011 -3.09897e-011
5.68 -2.22946e-005 -2.43273e-012 -3.88466e-012 -2.97082e-011 -2.97082e-011
5.69 -2.23489e-005 -1.66159e-012 -1.91012e-012 -2.83445e-011 -2.83445e-011
5.7 -2.2357e-005 3.56742e-013 -2.42277e-012 -2.7384e-011 -2.7384e-011
5.71 -2.23217e-005 -7.3501e-012 -3.04364e-012 -2.7043e-011 -2.7043e-011
5.72 -2.22452e-005 -1.44785e-011 -1.92945e-011 -2.76806e-011 -2.76806e-011
5.73 -2.21254e-005 7.30969e-013 -2.38806e-012 -2.93346e-011 -2.93346e-011
5.74 -2.19531e-005 -6.57346e-013 1.5634e-012 -3.11968e-011 -3.11968e-011
5.75 -2.17153e-005 2.89538e-013 -7.76148e-013 -3.22291e-011 -3.22291e-011
5.76 -2.14008e-005 -1.8731e-013 2.07644e-013 -3.2119e-011 -3.2119e-011
5.77 -2.1005e-005 -1.11843e-013 4.55151e-015 -3.12517e-011 -3.12517e-011
5.78 -2.05316e-005 -5.69456e-013 4.96879e-013 -3.01423e-011 -3.01423e-011
5.79 -1.99953e-005 -8.12368e-013 5.94065e-013 -2.92052e-011 -2.92052e-011
5.8 -1.94228e-005 -3.17752e-013 -6.38006e-013 -2.88545e-011 -2.88545e-011
5.81 -1.8848e-005 2.15714e-013 -1.27326e-013 -2.93923e-011 -2.93923e-011
5.82 -1.83013e-005 1.98344e-012 1.36745e-012 -3.05697e-011 -3.05697e-011
5.83 -1.78001e-005 4.54194e-013 9.14475e-013 -3.1692e-011 -3.1692e-011
5.84 -1.73506e-005 1.71443e-012 -1.30273e-012 -3.19445e-011 -3.19445e-011
5.85 -1.69527e-005 1.9976e-010 1.98395e-010 -3.06021e-011 -3.06021e-011
5.86 -1.65967e-005 -1.00768e-010 -2.2462e-010 -2.78554e-011 -2.78554e-011
5.87 -1.62702e-005 -1.88207e-010 -8.78024e-011 -2.49264e-011 -2.49264e-011
5.88 -1.59582e-005 1.81502e-011 1.26437e-010 -2.33097e-011 -2.33097e-011
5.89 -1.56475e-005 1.88187e-011 -1.14588e-011 -2.40378e-011 -2.40378e-011
5.9 -1.53334e-005 9.82698e-012 2.911e-011 -2.72856e-011 -2.72856e-011
5.91 -1.50209e-005 -1.24196e-012 -7.11499e-012 -3.25502e-011 -3.25502e-011
5.92 -1.47234e-005 6.04802e-012 1.78762e-011 -3.86228e-011 -3.86228e-011
5.93 -1.44578e-005 -7.0969e-012 -6.15803e-012 -4.38314e-011 -4.38314e-011
5.94 -1.42395e-005 2.03816e-012 2.31169e-012 -4.69915e-011 -4.69915e-011
5.95 -1.40815e-005 -9.5746e-013 9.68154e-012 -4.81036e-011 -4.81036e-011
5.96 -1.3995e-005 2.50523e-013 3.77627e-012 -4.77442e-011 -4.77442e-011
5.97 -1.39866e-005 2.73195e-012 4.94424e-012 -4.61317e-011 -4.61317e-011
5.98 -1.40559e-005 2.24093e-012 2.08257e-011 -4.34841e-011 -4.34841e-011
5.99 -1.41991e-005 7.33886e-012 1.1811e-011 -4.07487e-011 -4.07487e-011
6 -1.44154e-005 6.58538e-012 8.89994e-012 -3.93294e-011 -3.93294e-011
6.01 -1.47113e-005 -1.74243e-011 4.39323e-011 -3.97993e-011 -3.97993e-011
6.02 -1.50967e-005 -1.37637e-011 2.3543e-011 -4.1295e-011 -4.1295e-011
6.03 -1.55788e-005 -4.12885e-011 4.08305e-011 -4.24099e-011 -4.24099e-011
6.04 -1.61606e-005 -5.56533e-011 2.75754e-011 -4.1921e-011 -4.1921e-011
6.05 -1.68395e-005 -7.47403e-011 3.1449e-011 -3.94309e-011 -3.94309e-011
6.06 -1.76054e-005 -4.31992e-011 1.63916e-011 -3.4733e-011 -3.4733e-011
6.07 -1.84392e-005 -1.14988e-010 2.88292e-012 -2.72983e-011 -2.72983e-011
6.08 -1.93123e-005 -5.19274e-011 6.11379e-016 -1.84054e-011 -1.84054e-011
6.09 -2.01913e-005 -5.90972e-011 -3.69919e-011 -1.02878e-011 -1.02878e-011
6.1 -2.10451e-005 -1.63696e-011 1.82881e-011 -3.22344e-012 -3.22344e-012
6.11 -2.18451e-005 -5.91389e-011 -4.48361e-011 3.32885e-012 3.32885e-012
6.12 -2.25662e-005 -5.66998e-011 -5.29744e-012 7.52863e-012 7.52863e-012
6.13 -2.31911e-005 -8.42358e-011 -7.28353e-011 6.15035e-012 6.15035e-012
6.14 -2.37038e-005 -5.04442e-011 -5.85255e-011 -1.46747e-012 -1.46747e-012
6.15 -2.40915e-005 -1.94302e-011 -1.21117e-011 -1.28801e-011 -1.28801e-011
6.16 -2.43414e-005 -3.94276e-011 -5.37899e-012 -2.41699e-011 -2.41699e-011
6.17 -2.44428e-005 -7.275e-011 -2.83571e-011 -3.15274e-011 -3.15274e-011
6.18 -2.43878e-005 -4.5432e-011 -4.6285e-011 -3.28404e-011 -3.28404e-011
6.19 -2.41721e-005 -1.06329e-011 -3.13823e-011 -2.84828e-011 -2.84828e-011
6.2 -2.3797e-005 1.14965e-012 4.44449e-012 -2.07158e-011 -2.07158e-011
6.21 -2.3271e-005 -4.99662e-013 -4.93524e-013 -1.22977e-011 -1.22977e-011
6.22 -2.26058e-005 -3.68908e-013 -5.91264e-013 -5.70071e-012 -5.70071e-012
6.23 -2.1817e-005 6.29781e-013 -9.27717e-012 -2.77537e-012 -2.77537e-012
6.24 -2.09274e-005 1.38409e-012 -1.73573e-011 -4.71728e-012 -4.71728e-012
6.25 -1.99682e-005 2.35197e-011 -8.53258e-011 -1.0989e-011 -1.0989e-011
6.26 -1.8981e-005 6.43489e-010 -7.21006e-010 -1.93486e-011 -1.93486e-011
6.27 -1.80066e-005 -2.86487e-010 6.05625e-010 -2.7445e-011 -2.7445e-011
6.28 -1.70945e-005 -6.1581e-011 2.18746e-010 -3.09444e-011 -3.09444e-011
6.29 -1.6276e-005 -9.97201e-011 -1.49258e-010 -2.48426e-011 -2.48426e-011
6.3 -1.55604e-005 2.81658e-011 3.69352e-011 -9.22793e-012 -9.22793e-012
6.31 -1.49443e-005 -4.74376e-012 8.77504e-012 1.04042e-011 1.04042e-011
6.32 -1.44248e-005 4.88736e-011 8.23746e-011 2.74089e-011 2.74089e-011
6.33 -1.40091e-005 4.76667e-011 5.48341e-011 3.66118e-011 3.66118e-011
6.34 -1.37098e-005 2.0158e-011 9.48294e-012 3.44695e-011 3.44695e-011
6.35 -1.35429e-005 3.86181e-011 -1.98507e-011 2.12231e-011 2.12231e-011
6.36 -1.35238e-005 1.28199e-010 1.47385e-011 3.10289e-012 3.10289e-012
6.37 -1.36592e-005 4.35254e-011 3.20579e-011 -1.14102e-011 -1.14102e-011
6.38 -1.39359e-005 -1.74943e-011 -1.38248e-011 -1.72662e-011 -1.72662e-011
6.39 -1.43374e-005 8.74748e-012 4.84019e-012 -1.38901e-011 -1.38901e-011
6.4 -1.48529e-005 -1.96428e-012 -1.86776e-012 -3.28907e-012 -3.28907e-012
6.41 -1.54657e-005 9.70747e-013 9.66366e-013 1.05948e-011 1.05948e-011
6.42 -1.61427e-005 -5.81088e-013 -2.32547e-013 2.20961e-011 2.20961e-011
6.43 -1.68395e-005 2.19714e-012 -5.88948e-013 2.62514e-011 2.62514e-011
6.44 -1.75122e-005 9.91207e-012 8.08007e-012 2.17885e-011 2.17885e-011
6.45 -1.81226e-005 -9.25293e-011 1.74188e-011 1.15075e-011 1.15075e-011
6.46 -1.86422e-005 -9.96379e-011 7.85429e-011 1.63983e-013 1.63983e-013
6.47 -1.90569e-005 -2.03155e-010 -2.72943e-011 -7.68941e-012 -7.68941e-012
6.48 -1.93706e-005 2.26518e-010 5.55263e-011 -9.09452e-012 -9.09452e-012
6.49 -1.96077e-005 1.20594e-010 1.33771e-010 -3.89538e-012 -3.89538e-012
6.5 -1.97928e-005 -6.44412e-012 -5.46762e-012 5.52872e-012 5.52872e-012
6.51 -1.99525e-005 2.44383e-012 -1.041e-012 1.46765e-011 1.46765e-011
6.52 -2.01169e-005 4.42492e-011 7.9454e-011 1.71107e-011 1.71107e-011
6.53 -2.03186e-005 2.52446e-011 4.15587e-011 1.13618e-011 1.13618e-011
6.54 -2.0587e-005 -6.00248e-012 -1.8679e-011 3.67889e-012 3.67889e-012
6.55 -2.09377e-005 7.25681e-012 6.36349e-012 -2.28128e-012 -2.28128e-012
6.56 -2.1366e-005 -4.00123e-011 -8.18804e-011 -6.96722e-012 -6.96722e-012
6.57 -2.18462e-005 -2.51354e-011 -4.66853e-011 -7.89484e-012 -7.89484e-012
6.58 -2.23349e-005 -8.71536e-011 1.47671e-010 -1.86857e-012 -1.86857e-012
6.59 -2.27837e-005 -5.43928e-011 2.6933e-011 9.22423e-012 9.22423e-012
6.6 -2.31454e-005 2.13766e-011 -2.27201e-011 1.94374e-011 1.94374e-011
6.61 -2.33826e-005 -4.50477e-011 5.02228e-011 2.43329e-011 2.43329e-011
6.62 -2.34793e-005 -6.87732e-012 -2.31696e-012 2.36529e-011 2.36529e-011
6.63 -2.34384e-005 1.38034e-011 -2.4222e-011 1.91416e-011 1.91416e-011
6.64 -2.32818e-005 -9.49484e-012 -1.24312e-012 1.23253e-011 1.23253e-011
6.65 -2.30461e-005 4.21353e-012 -1.66896e-012 5.32207e-012 5.32207e-012
6.66 -2.27723e-005 -3.18813e-012 -1.59672e-013 1.22148e-012 1.22148e-012
6.67 -2.24982e-005 -1.02861e-012 -1.71858e-012 2.02248e-012 2.02248e-012
6.68 -2.22466e-005 -9.33021e-013 1.5085e-012 6.92624e-012 6.92624e-012
6.69 -2.20165e-005 -2.07301e-012 -3.38995e-012 1.32858e-011 1.32858e-011
6.7 -2.17832e-005 -1.09381e-012 -3.22434e-012 1.86412e-011 1.86412e-011
6.71 -2.15049e-005 -6.65865e-014 6.91612e-013 2.17348e-011 2.17348e-011
6.72 -2.11367e-005 -7.11264e-013 -9.27806e-013 2.25395e-011 2.25395e-011
6.73 -2.06417e-005 -2.18165e-012 4.16453e-013 2.12527e-011 2.12527e-011
6.74 -1.99984e-005 3.97218e-012 -1.22466e-011 1.78616e-011 1.78616e-011
6.75 -1.92093e-005 1.01561e-010 -8.16995e-011 1.37456e-011 1.37456e-011
6.76 -1.83064e-005 7.95227e-010 -3.85763e-010 9.29532e-012 9.29532e-012
6.77 -1.73228e-005 -4.42246e-010 7.06277e-010 3.30078e-012 3.30078e-012
6.78 -1.6327e-005 1.69435e-010 -7.22932e-010 -9.91522e-013 -9.91522e-013
6.79 -1.53728e-005 -9.28364e-011 3.05448e-010 3.11901e-013 3.11901e-013
6.8 -1.45105e-005 1.94881e-010 -3.99418e-010 6.26467e-012 6.26467e-012
6.81 -1.37947e-005 2.11559e-010 -5.19406e-011 1.73178e-011 1.73178e-011
6.82 -1.32521e-005 1.48886e-010 -3.05183e-011 3.69128e-011 3.69128e-011
6.83 -1.28861e-005 9.98087e-011 1.36621e-011 6.48741e-011 6.48741e-011
6.84 -1.26923e-005 3.77822e-011 -5.9908e-012 9.66254e-011 9.66254e-011
6.85 -1.26604e-005 1.10955e-011 -2.49538e-012 1.28457e-010 1.28457e-010
6.86 -1.27718e-005 3.85169e-012 1.27983e-012 1.55909e-010 1.55909e-010
6.87 -1.30043e-005 1.28245e-010 6.34985e-012 1.71767e-010 1.71767e-010
6.88 -1.33417e-005 5.26939e-011 -2.44997e-011 1.74145e-010 1.74145e-010
6.89 -1.37701e-005 -2.61266e-011 4.93284e-012 1.66443e-010 1.66443e-010
6.9 -1.42809e-005 1.06453e-011 -4.66611e-012 1.48648e-010 1.48648e-010
6.91 -1.48689e-005 -4.0374e-012 -1.94921e-013 1.21963e-010 1.21963e-010
6.92 -1.55232e-005 2.5035e-012 -3.06148e-012 9.66795e-011 9.66795e-011
6.93 -1.62387e-005 1.52719e-011 4.99103e-011 8.37335e-011 8.37335e-011
6.94 -1.70207e-005 1.12409e-011 2.84727e-011 8.34605e-011 8.34605e-011
6.95 -1.78787e-005 -4.68116e-011 -8.23527e-011 8.81002e-011 8.81002e-011
6.96 -1.8815e-005 -1.89034e-010 -1.52027e-010 9.03113e-011 9.03113e-011
6.97 -1.98186e-005 -2.51073e-011 3.21963e-010 8.66447e-011 8.66447e-011
6.98 -2.0874e-005 3.31916e-010 5.65017e-010 7.82832e-011 7.82832e-011
6.99 -2.19575e-005 1.07555e-009 -1.14244e-009 6.92187e-011 6.92187e-011
7 -2.30451e-005 2.06619e-010 -4.16418e-010 5.68352e-011 5.68352e-011
7.01 -2.40842e-005 -1.12872e-010 1.60557e-010 3.72804e-011 3.72804e-011
7.02 -2.50161e-005 -1.40019e-010 -2.85142e-010 2.02027e-011 2.02027e-011
7.03 -2.57872e-005 -1.66634e-010 -3.52691e-011 1.55872e-011 1.55872e-011
7.04 -2.635e-005 -1.08316e-010 -1.47688e-012 1.69932e-011 1.69932e-011
7.05 -2.66986e-005 -1.18265e-010 5.20434e-011 1.2749e-011 1.2749e-011
7.06 -2.68445e-005 -1.75157e-010 1.49078e-010 4.4246e-012 4.4246e-012
7.07 -2.68098e-005 -2.78485e-010 2.95572e-010 3.49107e-012 3.49107e-012
7.08 -2.66272e-005 -1.85097e-009 8.57177e-010 1.62502e-011 1.62502e-011
7.09 -2.63201e-005 -6.47126e-010 4.46783e-010 3.99128e-011 3.99128e-011
7.1 -2.59317e-005 -1.02477e-009 1.04191e-009 6.93131e-011 6.93131e-011
7.11 -2.5482e-005 -7.85178e-010 5.05788e-010 1.05157e-010 1.05157e-010
7.12 -2.49812e-005 -4.4554e-010 3.53909e-010 1.47868e-010 1.47868e-010
7.13 -2.44316e-005 -5.86489e-010 2.47643e-010 1.8645e-010 1.8645e-010
7.14 -2.38269e-005 -5.15938e-010 3.92855e-010 2.0741e-010 2.0741e-010
7.15 -2.31635e-005 -2.5385e-010 4.27765e-010 2.07962e-010 2.07962e-010
7.16 -2.24429e-005 -9.16992e-011 1.57102e-010 1.93887e-010 1.93887e-010
7.17 -2.16757e-005 1.65134e-011 1.31129e-011 1.72687e-010 1.72687e-010
7.18 -2.08789e-005 -1.28784e-011 -1.18325e-011 1.50088e-010 1.50088e-010
7.19 -2.00696e-005 2.69606e-011 5.12192e-011 1.30757e-010 1.30757e-010
7.2 -1.9264e-005 -1.50877e-011 -2.56515e-011 1.19564e-010 1.19564e-010
7.21 -1.84711e-005 9.87877e-011 1.09908e-010 1.18886e-010 1.18886e-010
7.22 -1.76834e-005 -2.91594e-010 -4.30641e-010 1.25341e-010 1.25341e-010
7.23 -1.68805e-005 -7.47406e-010 -8.70095e-010 1.30875e-010 1.30875e-010
7.24 -1.60388e-005 -3.13938e-010 -3.61956e-010 1.29705e-010 1.29705e-010
7.25 -1.51312e-005 -4.83499e-010 -2.71823e-010 1.20102e-010 1.20102e-010
7.26 -1.41538e-005 -7.23452e-010 -2.60725e-010 1.02714e-010 1.02714e-010
7.27 -1.31224e-005 7.53534e-010 -1.88715e-010 8.28498e-011 8.28498e-011
7.28 -1.20598e-005 -1.31915e-009 1.22596e-009 6.50518e-011 6.50518e-011
7.29 -1.10196e-005 -2.96728e-010 4.66831e-010 5.0345e-011 5.0345e-011
7.3 -1.00741e-005 8.37945e-010 -2.92295e-010 4.11733e-011 4.11733e-011
7.31 -9.28098e-006 -6.05799e-012 5.74299e-010 3.73941e-011 3.73941e-011
7.32 -8.69677e-006 8.74654e-010 -8.14094e-011 2.98153e-011 2.98153e-011
7.33 -8.34757e-006 1.59777e-009 2.61651e-010 7.98933e-012 7.98933e-012
7.34 -8.2409e-006 3.55341e-009 -1.90713e-009 -1.41641e-011 -1.41641e-011
7.35 -8.38174e-006 1.36267e-009 -1.33807e-009 9.18895e-012 9.18895e-012
7.36 -8.77356e-006 2.24979e-009 -8.11763e-010 1.04235e-010 1.04235e-010
7.37 -9.37982e-006 8.55347e-010 -1.50758e-010 2.39991e-010 2.39991e-010
7.38 -1.01806e-005 6.6921e-010 -4.25945e-010 3.7544e-010 3.7544e-010
7.39 -1.11426e-005 7.04661e-010 -4.73182e-010 4.92358e-010 4.92358e-010
7.4 -1.22376e-005 3.7653e-010 -3.96513e-010 5.64671e-010 5.64671e-010
7.41 -1.34462e-005 5.82695e-012 -9.48271e-011 5.57087e-010 5.57087e-010
7.42 -1.47377e-005 -1.63425e-011 -4.47132e-011 4.6973e-010 4.6973e-010
7.43 -1.60844e-005 -5.06369e-011 -1.06746e-010 3.5001e-010 3.5001e-010
7.44 -1.74692e-005 -1.44779e-010 -1.89089e-010 2.52763e-010 2.52763e-010
7.45 -1.88885e-005 3.26249e-010 4.55556e-010 2.05825e-010 2.05825e-010
7.46 -2.03464e-005 2.00003e-010 2.52455e-010 2.09784e-010 2.09784e-010
7.47 -2.18391e-005 -2.45759e-010 -2.96895e-010 2.4989e-010 2.4989e-010
7.48 -2.33453e-005 -1.32906e-011 -6.92868e-011 2.98057e-010 2.98057e-010
7.49 -2.48312e-005 -2.19754e-010 -1.35423e-010 3.15568e-010 3.15568e-010
7.5 -2.62489e-005 -1.66612e-010 -1.43171e-010 2.73954e-010 2.73954e-010
7.51 -2.75671e-005 -2.16662e-009 -1.98329e-009 1.68749e-010 1.68749e-010
7.52 -2.87304e-005 -1.66756e-009 -7.71922e-010 8.14762e-012 8.14762e-012
7.53 -2.96845e-005 -2.42268e-009 -2.70091e-009 -1.84114e-010 -1.84114e-010
7.54 -3.03704e-005 -1.3875e-009 -1.34982e-009 -3.6629e-010 -3.6629e-010
7.55 -3.07738e-005 -4.72808e-010 -6.36702e-011 -5.05272e-010 -5.05272e-010
7.56 -3.09069e-005 -3.27669e-010 -3.02103e-010 -5.81514e-010 -5.81514e-010
7.57 -3.0829e-005 -4.82237e-010 -2.69736e-010 -5.84199e-010 -5.84199e-010
7.58 -3.05953e-005 -8.12191e-010 -3.11714e-010 -5.2551e-010 -5.2551e-010
7.59 -3.02468e-005 -3.2071e-010 -3.17396e-010 -4.39716e-010 -4.39716e-010
7.6 -2.98125e-005 -2.73496e-009 -2.43056e-009 -3.64052e-010 -3.64052e-010
7.61 -2.92766e-005 -1.77574e-009 -8.11401e-010 -3.21642e-010 -3.21642e-010
7.62 -2.8652e-005 1.48698e-010 3.07315e-010 -3.1494e-010 -3.1494e-010
7.63 -2.79333e-005 -6.86353e-011 -1.31506e-010 -3.29295e-010 -3.29295e-010
7.64 -2.7086e-005 2.83077e-011 4.73511e-011 -3.41993e-010 -3.41993e-010
7.65 -2.6079e-005 -2.17249e-011 5.15696e-011 -3.31715e-010 -3.31715e-010
7.66 -2.48837e-005 5.41224e-012 -1.15165e-012 -2.86011e-010 -2.86011e-010
7.67 -2.34916e-005 4.25559e-012 4.49941e-012 -2.05701e-010 -2.05701e-010
7.68 -2.19223e-005 3.96532e-012 7.98172e-011 -1.05303e-010 -1.05303e-010
7.69 -2.0229e-005 5.6936e-011 1.79177e-010 -8.93938e-012 -8.93938e-012
7.7 -1.84836e-005 2.6736e-011 3.34241e-010 6.14557e-011 6.14557e-011
7.71 -1.6734e-005 -6.4997e-010 -8.49937e-010 9.38271e-011 9.38271e-011
7.72 -1.50182e-005 -1.49618e-009 -1.19451e-009 8.25302e-011 8.25302e-011
7.73 -1.33956e-005 -1.25537e-009 -8.02279e-010 2.93606e-011 2.93606e-011
7.74 -1.1887e-005 -3.22599e-010 2.67032e-010 -4.76073e-011 -4.76073e-011
7.75 -1.05027e-005 6.90709e-011 3.55497e-010 -1.23567e-010 -1.23567e-010
7.76 -9.24292e-006 2.45395e-009 3.38579e-009 -2.08386e-010 -2.08386e-010
7.77 -8.10816e-006 6.4111e-009 8.95529e-009 -3.5082e-010 -3.5082e-010
7.78 -7.07093e-006 6.40124e-009 6.53323e-009 -5.69649e-010 -5.69649e-010
7.79 -6.16043e-006 3.84317e-009 5.84278e-009 -8.2054e-010 -8.2054e-010
7.8 -5.39801e-006 1.61358e-009 1.8472e-009 -1.04138e-009 -1.04138e-009
7.81 -4.83881e-006 1.66021e-009 1.58465e-010 -1.19287e-009 -1.19287e-009
7.82 -4.49865e-006 -3.91849e-010 1.47339e-009 -1.25293e-009 -1.25293e-009
7.83 -4.41754e-006 2.13997e-009 3.19394e-009 -1.20149e-009 -1.20149e-009
7.84 -4.56555e-006 8.10331e-010 -6.94909e-011 -1.04535e-009 -1.04535e-009
7.85 -4.93871e-006 9.86127e-011 -2.4992e-010 -8.37015e-010 -8.37015e-010
7.86 -5.50788e-006 3.94438e-010 -2.23929e-010 -6.46018e-010 -6.46018e-010
7.87 -6.21964e-006 -2.74371e-010 4.09906e-010 -5.25651e-010 -5.25651e-010
7.88 -7.02796e-006 -9.51849e-011 2.61448e-010 -4.91487e-010 -4.91487e-010
7.89 -7.90463e-006 1.58443e-010 -2.85341e-010 -5.18026e-010 -5.18026e-010
7.9 -8.83549e-006 -7.90389e-011 1.45149e-010 -5.57941e-010 -5.57941e-010
7.91 -9.84008e-006 3.76655e-011 -6.40835e-011 -5.6229e-010 -5.6229e-010
7.92 -1.0948e-005 1.20988e-011 -1.9057e-010 -4.95924e-010 -4.95924e-010
7.93 -1.21919e-005 2.81234e-011 -2.03015e-010 -3.51717e-010 -3.51717e-010
7.94 -1.36019e-005 2.21136e-011 -3.09853e-010 -1.55417e-010 -1.55417e-010
7.95 -1.51836e-005 1.99352e-010 8.025e-010 4.60468e-011 4.60468e-011
7.96 -1.6936e-005 1.01132e-009 1.89629e-009 2.0245e-010 2.0245e-010
7.97 -1.88173e-005 2.95993e-009 3.31641e-009 2.79186e-010 2.79186e-010
7.98 -2.07546e-005 7.08763e-010 2.5162e-010 2.63909e-010 2.63909e-010
7.99 -2.2724e-005 6.38878e-010 5.11115e-010 1.55841e-010 1.55841e-010
8 -2.46514e-005 1.81949e-010 -1.7855e-010 -2.16937e-011 -2.16937e-011
8.01 -2.64691e-005 9.40254e-011 -1.0729e-010 -2.1568e-010 -2.1568e-010
8.02 -2.81379e-005 -2.74567e-010 -4.89211e-010 -3.86173e-010 -3.86173e-010
8.03 -2.96485e-005 -1.97347e-009 -3.26236e-009 -5.3988e-010 -5.3988e-010
8.04 -3.09996e-005 -6.6438e-009 -1.02549e-008 -7.09366e-010 -7.09366e-010
8.05 -3.21492e-005 -6.57825e-009 -6.07495e-009 -9.00341e-010 -9.00341e-010
8.06 -3.31142e-005 -6.53594e-009 -4.99409e-009 -1.09018e-009 -1.09018e-009
8.07 -3.3875e-005 -4.77579e-009 -2.40824e-009 -1.26747e-009 -1.26747e-009
8.08 -3.44417e-005 -2.46708e-009 -1.03679e-009 -1.4196e-009 -1.4196e-009
8.09 -3.48122e-005 -1.7182e-009 6.13581e-011 -1.50657e-009 -1.50657e-009
8.1 -3.49876e-005 -2.02876e-009 -1.11858e-010 -1.48087e-009 -1.48087e-009
8.11 -3.49588e-005 -9.62575e-010 -1.40708e-009 -1.34026e-009 -1.34026e-009
8.12 -3.47222e-005 -2.48216e-009 -1.38186e-009 -1.14376e-009 -1.14376e-009
8.13 -3.42538e-005 -9.12798e-010 8.04914e-011 -9.59157e-010 -9.59157e-010
8.14 -3.35676e-005 -6.85956e-010 1.9102e-010 -8.27265e-010 -8.27265e-010
8.15 -3.26492e-005 -5.51193e-010 2.48975e-010 -7.68757e-010 -7.68757e-010
8.16 -3.15014e-005 -6.35615e-011 -1.59528e-010 -7.82116e-010 -7.82116e-010
8.17 -3.01411e-005 2.95192e-011 -1.66723e-010 -8.33328e-010 -8.33328e-010
8.18 -2.85816e-005 -4.27312e-011 1.34785e-010 -8.65353e-010 -8.65353e-010
8.19 -2.68487e-005 -1.96391e-011 1.11876e-010 -8.30798e-010 -8.30798e-010
8.2 -2.49742e-005 -4.77706e-012 -1.06151e-010 -7.18677e-010 -7.18677e-010
8.21 -2.30008e-005 2.82162e-011 6.1096e-010 -5.51027e-010 -5.51027e-010
8.22 -2.09726e-005 6.65986e-011 2.26898e-010 -3.69494e-010 -3.69494e-010
8.23 -1.89578e-005 1.3473e-009 1.92128e-009 -2.26622e-010 -2.26622e-010
8.24 -1.69802e-005 -2.25103e-009 -2.82934e-009 -1.6519e-010 -1.6519e-010
8.25 -1.50351e-005 -2.91242e-009 -2.6468e-009 -2.12705e-010 -2.12705e-010
8.26 -1.32267e-005 5.45205e-010 5.45912e-010 -3.77087e-010 -3.77087e-010
8.27 -1.15543e-005 7.36346e-010 -1.00178e-010 -6.16599e-010 -6.16599e-010
8.28 -1.00404e-005 -1.01284e-009 2.8857e-010 -8.58419e-010 -8.58419e-010
8.29 -8.69412e-006 -3.92739e-011 8.25744e-011 -1.0485e-009 -1.0485e-009
8.3 -7.50607e-006 2.42734e-011 1.15465e-009 -1.16173e-009 -1.16173e-009
8.31 -6.4787e-006 4.0635e-010 4.07123e-009 -1.19165e-009 -1.19165e-009
8.32 -5.64241e-006 5.45009e-009 1.10428e-008 -1.16622e-009 -1.16622e-009
8.33 -4.95265e-006 6.4302e-009 7.92248e-009 -1.14304e-009 -1.14304e-009
8.34 -4.43084e-006 2.26052e-009 2.68797e-009 -1.15864e-009 -1.15864e-009
8.35 -4.08559e-006 4.8502e-010 4.48859e-010 -1.21874e-009 -1.21874e-009
8.36 -3.93864e-006 -1.09681e-011 1.92281e-012 -1.31377e-009 -1.31377e-009
8.37 -4.02604e-006 4.38355e-009 7.78149e-009 -1.41508e-009 -1.41508e-009
8.38 -4.32016e-006 1.91311e-009 3.25271e-009 -1.47809e-009 -1.47809e-009
8.39 -4.85562e-006 -8.05513e-010 -1.34121e-009 -1.46551e-009 -1.46551e-009
8.4 -5.64324e-006 3.15086e-010 5.51226e-010 -1.37113e-009 -1.37113e-009
8.41 -6.64748e-006 -1.46497e-010 -2.28465e-010 -1.22189e-009 -1.22189e-009
8.42 -7.85653e-006 -7.16606e-011 1.50029e-010 -1.05849e-009 -1.05849e-009
8.43 -9.23543e-006 1.0108e-010 -9.96062e-011 -9.13591e-010 -9.13591e-010
8.44 -1.07471e-005 2.29517e-010 -8.91397e-011 -8.05752e-010 -8.05752e-010
8.45 -1.23584e-005 -2.44763e-010 6.16729e-011 -7.40377e-010 -7.40377e-010
8.46 -1.40374e-005 1.22522e-010 -1.04689e-011 -7.03128e-010 -7.03128e-010
8.47 -1.57528e-005 -4.2183e-010 -1.24963e-010 -6.6195e-010 -6.6195e-010
8.48 -1.74874e-005 -1.27741e-009 -3.42934e-010 -5.89998e-010 -5.89998e-010
8.49 -1.9244e-005 -2.91396e-009 -2.36542e-009 -4.92806e-010 -4.92806e-010
8.5 -2.09716e-005 3.80532e-010 1.73413e-009 -4.01122e-010 -4.01122e-010
8.51 -2.26655e-005 -8.54406e-011 6.05414e-010 -3.4645e-010 -3.4645e-010
8.52 -2.44049e-005 9.39663e-011 1.60239e-010 -3.65334e-010 -3.65334e-010
8.53 -2.61168e-005 -5.85806e-011 6.97827e-010 -4.80681e-010 -4.80681e-010
8.54 -2.77894e-005 -7.96648e-012 -2.07354e-010 -6.69913e-010 -6.69913e-010
8.55 -2.93787e-005 -8.70171e-011 -1.38997e-010 -8.83651e-010 -8.83651e-010
8.56 -3.08475e-005 -5.35698e-011 6.10649e-010 -1.07786e-009 -1.07786e-009
8.57 -3.21569e-005 -2.30588e-011 -1.04128e-010 -1.21192e-009 -1.21192e-009
8.58 -3.32681e-005 2.81337e-011 -8.23092e-011 -1.25146e-009 -1.25146e-009
8.59 -3.41503e-005 6.50275e-012 -8.90226e-011 -1.20727e-009 -1.20727e-009
8.6 -3.47833e-005 -4.11819e-012 -2.17269e-011 -1.13564e-009 -1.13564e-009
8.61 -3.51768e-005 -1.41037e-009 -2.65285e-009 -1.09036e-009 -1.09036e-009
8.62 -3.53384e-005 -4.1999e-009 -6.22184e-009 -1.10634e-009 -1.10634e-009
8.63 -3.52854e-005 1.59726e-010 6.46563e-010 -1.19339e-009 -1.19339e-009
8.64 -3.50991e-005 -1.8532e-010 -3.96502e-010 -1.31692e-009 -1.31692e-009
8.65 -3.47951e-005 -1.74721e-009 -1.82147e-009 -1.42249e-009 -1.42249e-009
8.66 -3.43925e-005 -1.22247e-009 -1.81427e-009 -1.47484e-009 -1.47484e-009
8.67 -3.39049e-005 4.50487e-010 5.28331e-010 -1.45772e-009 -1.45772e-009
8.68 -3.33417e-005 -2.17675e-010 -2.78791e-010 -1.36715e-009 -1.36715e-009
8.69 -3.26707e-005 5.43079e-011 5.98234e-011 -1.22244e-009 -1.22244e-009
8.7 -3.18695e-005 -5.797e-011 -7.94251e-011 -1.06698e-009 -1.06698e-009
8.71 -3.09122e-005 -1.60242e-011 -1.26669e-011 -9.4355e-010 -9.4355e-010
8.72 -2.97809e-005 -3.30713e-011 -3.77848e-011 -8.70442e-010 -8.70442e-010
8.73 -2.84633e-005 -1.67916e-011 -4.67187e-011 -8.38803e-010 -8.38803e-010
8.74 -2.69586e-005 -2.50403e-011 -4.34638e-011 -8.25302e-010 -8.25302e-010
8.75 -2.5285e-005 -9.46289e-011 1.26439e-010 -8.04489e-010 -8.04489e-010
8.76 -2.34824e-005 -8.17995e-011 1.00675e-010 -7.53835e-010 -7.53835e-010
8.77 -2.16079e-005 -1.03052e-011 -6.93736e-012 -6.59395e-010 -6.59395e-010
8.78 -1.97137e-005 -6.67697e-011 5.84823e-010 -5.33321e-010 -5.33321e-010
8.79 -1.78857e-005 4.22865e-009 6.43714e-009 -4.17873e-010 -4.17873e-010
8.8 -1.60433e-005 -3.32681e-009 -2.10281e-009 -3.52775e-010 -3.52775e-010
8.81 -1.41786e-005 -1.39409e-009 1.0207e-009 -3.71834e-010 -3.71834e-010
8.82 -1.24567e-005 -1.34582e-010 -6.95673e-010 -5.01092e-010 -5.01092e-010
8.83 -1.07498e-005 -7.41962e-011 3.5113e-010 -7.12697e-010 -7.12697e-010
8.84 -9.09433e-006 -7.91664e-010 1.44494e-010 -9.3919e-010 -9.3919e-010
8.85 -7.5166e-006 1.31766e-010 1.07078e-010 -1.12606e-009 -1.12606e-009
8.86 -6.0712e-006 1.32954e-009 5.91443e-010 -1.23758e-009 -1.23758e-009
8.87 -4.83033e-006 5.57535e-009 1.88613e-009 -1.24545e-009 -1.24545e-009
8.88 -3.84125e-006 3.28727e-009 1.92467e-009 -1.14515e-009 -1.14515e-009
8.89 -3.18348e-006 1.25372e-009 -3.96413e-010 -9.83657e-010 -9.83657e-010
8.9 -2.87232e-006 9.10117e-010 5.4489e-010 -8.44572e-010 -8.44572e-010
8.91 -2.89082e-006 1.31807e-010 -1.38536e-010 -7.90246e-010 -7.90246e-010
8.92 -3.23002e-006 7.47605e-010 3.23239e-010 -8.18137e-010 -8.18137e-010
8.93 -3.83214e-006 8.06707e-010 3.38152e-010 -8.80008e-010 -8.80008e-010
8.94 -4.61979e-006 7.35067e-010 7.69055e-011 -9.35592e-010 -9.35592e-010
8.95 -5.50359e-006 4.87952e-010 -8.09629e-011 -9.65983e-010 -9.65983e-010
8.96 -6.41042e-006 7.76558e-011 -2.07012e-010 -9.51667e-010 -9.51667e-010
8.97 -7.28701e-006 -7.29592e-011 5.61545e-011 -8.75821e-010 -8.75821e-010
8.98 -8.11436e-006 2.27948e-012 -9.01607e-011 -7.50498e-010 -7.50498e-010
8.99 -8.90987e-006 -3.10176e-011 -2.66895e-011 -6.17477e-010 -6.17477e-010
9 -9.71897e-006 -1.91542e-011 -5.0346e-011 -5.15495e-010 -5.15495e-010
9.01 -1.06005e-005 -2.46619e-011 -3.70365e-011 -4.56436e-010 -4.56436e-010
9.02 -1.16094e-005 -2.40891e-011 -2.45455e-011 -4.31959e-010 -4.31959e-010
9.03 -1.27815e-005 -2.40561e-011 7.28998e-011 -4.27663e-010 -4.27663e-010
9.04 -1.41256e-005 -9.68981e-012 3.78451e-012 -4.25726e-010 -4.25726e-010
9.05 -1.56255e-005 8.22099e-011 4.61377e-010 -4.06607e-010 -4.06607e-010
9.06 -1.72363e-005 -7.0582e-011 4.62608e-010 -3.69433e-010 -3.69433e-010
9.07 -1.89238e-005 1.74531e-009 2.33891e-009 -3.42092e-010 -3.42092e-010
9.08 -2.05365e-005 3.02476e-010 2.71926e-010 -3.51391e-010 -3.51391e-010
9.09 -2.20652e-005 -2.13089e-009 -1.01003e-009 -4.06111e-010 -4.06111e-010
9.1 -2.35008e-005 2.3102e-010 8.63093e-010 -5.10283e-010 -5.10283e-010
9.11 -2.47738e-005 -9.48421e-010 5.25683e-010 -6.58871e-010 -6.58871e-010
9.12 -2.59125e-005 -1.68628e-010 2.62182e-010 -8.25961e-010 -8.25961e-010
9.13 -2.69392e-005 1.65481e-011 -9.03553e-011 -9.70219e-010 -9.70219e-010
9.14 -2.78728e-005 -3.52784e-012 -4.7483e-011 -1.05538e-009 -1.05538e-009
9.15 -2.87404e-005 -1.63817e-011 -5.17319e-011 -1.07504e-009 -1.07504e-009
9.16 -2.95562e-005 -4.64785e-011 3.25656e-011 -1.0476e-009 -1.0476e-009
9.17 -3.03192e-005 -2.35088e-011 -1.29788e-011 -9.97627e-010 -9.97627e-010
9.18 -3.10234e-005 -2.64565e-011 -4.29531e-011 -9.5056e-010 -9.5056e-010
9.19 -3.1657e-005 -2.15691e-011 -4.22162e-011 -9.23115e-010 -9.23115e-010
9.2 -3.21986e-005 -1.42179e-009 7.05841e-010 -9.22714e-010 -9.22714e-010
9.21 -3.26143e-005 -2.71724e-009 1.07825e-009 -9.52185e-010 -9.52185e-010
9.22 -3.28597e-005 -1.17935e-009 -1.15175e-010 -9.98374e-010 -9.98374e-010
9.23 -3.29256e-005 -7.62191e-010 3.49287e-010 -1.02898e-009 -1.02898e-009
9.24 -3.282e-005 -5.33926e-010 3.83064e-010 -1.01725e-009 -1.01725e-009
9.25 -3.25396e-005 -7.69231e-010 1.01547e-010 -9.64154e-010 -9.64154e-010
9.26 -3.20981e-005 -1.25889e-009 2.66828e-010 -8.9022e-010 -8.9022e-010
9.27 -3.15107e-005 -8.62942e-010 7.76167e-010 -8.16882e-010 -8.16882e-010
9.28 -3.07807e-005 -1.31522e-011 -2.29877e-011 -7.58405e-010 -7.58405e-010
9.29 -2.9905e-005 -2.76386e-011 -4.95243e-011 -7.22688e-010 -7.22688e-010
9.3 -2.88721e-005 -2.13175e-011 -3.93061e-011 -7.10396e-010 -7.10396e-010
9.31 -2.76721e-005 -2.40795e-011 -4.4123e-011 -7.10482e-010 -7.10482e-010
9.32 -2.6299e-005 -2.3353e-011 -4.28263e-011 -7.03356e-010 -7.03356e-010
9.33 -2.47521e-005 -2.47899e-011 -4.21148e-011 -6.71828e-010 -6.71828e-010
9.34 -2.30441e-005 -2.88028e-011 -4.11809e-011 -6.10033e-010 -6.10033e-010
9.35 -2.12177e-005 -3.02275e-011 -4.01349e-011 -5.24514e-010 -5.24514e-010
9.36 -1.93165e-005 1.68959e-010 1.85436e-011 -4.34193e-010 -4.34193e-010
9.37 -1.74852e-005 1.6703e-009 4.18838e-009 -3.59928e-010 -3.59928e-010
9.38 -1.55138e-005 -7.91748e-010 -4.32623e-010 -3.21585e-010 -3.21585e-010
9.39 -1.36162e-005 -1.65056e-009 2.15474e-009 -3.46368e-010 -3.46368e-010
9.4 -1.19423e-005 3.37896e-010 2.04228e-010 -4.3326e-010 -4.3326e-010
9.41 -1.03871e-005 5.49716e-010 3.86599e-013 -5.4009e-010 -5.4009e-010
9.42 -9.03081e-006 -2.77718e-010 -5.51897e-011 -6.32743e-010 -6.32743e-010
9.43 -7.8378e-006 8.00241e-011 -4.89373e-011 -6.97914e-010 -6.97914e-010
9.44 -6.83422e-006 8.34661e-009 -4.56616e-009 -7.16249e-010 -7.16249e-010
9.45 -6.02577e-006 2.30676e-008 -1.3041e-008 -6.6581e-010 -6.6581e-010
9.46 -5.34212e-006 1.32042e-008 -3.42351e-009 -5.45171e-010 -5.45171e-010
9.47 -4.79578e-006 6.2769e-009 5.17813e-011 -3.96e-010 -3.96e-010
9.48 -4.39363e-006 1.58639e-009 9.06372e-010 -2.80748e-010 -2.80748e-010
9.49 -4.16744e-006 3.51357e-009 -1.801e-009 -2.07774e-010 -2.07774e-010
9.5 -4.03967e-006 2.84528e-010 -3.74892e-010 -1.48282e-010 -1.48282e-010
9.51 -4.07736e-006 1.98472e-010 3.85648e-010 -1.01951e-010 -1.01951e-010
9.52 -4.29988e-006 3.60657e-009 8.99833e-010 -8.16673e-011 -8.16673e-011
9.53 -4.71832e-006 3.85026e-009 -1.98403e-009 -7.80695e-011 -7.80695e-011
9.54 -5.33343e-006 8.11735e-010 -1.73358e-009 -7.09975e-011 -7.09975e-011
9.55 -6.13694e-006 -8.87815e-011 1.29576e-010 -5.74981e-011 -5.74981e-011
9.56 -7.10134e-006 4.21361e-011 -2.08106e-010 -4.12736e-011 -4.12736e-011
9.57 -8.18659e-006 -4.48828e-011 6.4674e-011 -1.60489e-011 -1.60489e-011
9.58 -9.35921e-006 -2.31053e-013 2.26675e-011 2.24009e-011 2.24009e-011
9.59 -1.05796e-005 -2.99451e-012 1.08779e-010 6.50212e-011 6.50212e-011
9.6 -1.18125e-005 -8.74373e-012 3.13452e-011 9.77339e-011 9.77339e-011
9.61 -1.30351e-005 -2.69876e-011 -6.78792e-011 1.15626e-010 1.15626e-010
9.62 -1.42485e-005 -6.97922e-011 -2.25514e-010 1.24953e-010 1.24953e-010
9.63 -1.54739e-005 1.60137e-010 4.12537e-010 1.32014e-010 1.32014e-010
9.64 -1.67328e-005 -5.24322e-011 -3.4645e-011 1.30094e-010 1.30094e-010
9.65 -1.80607e-005 -4.53007e-010 -4.8796e-010 9.89313e-011 9.89313e-011
9.66 -1.94549e-005 3.8599e-009 2.26405e-009 3.14139e-011 3.14139e-011
9.67 -2.08534e-005 3.68234e-009 -1.27349e-009 -5.40606e-011 -5.40606e-011
9.68 -2.23134e-005 3.24963e-009 -2.67911e-009 -1.57067e-010 -1.57067e-010
9.69 -2.37959e-005 1.62621e-009 -2.35024e-009 -3.06609e-010 -3.06609e-010
9.7 -2.52572e-005 5.96294e-011 -7.08427e-010 -5.04039e-010 -5.04039e-010
9.71 -2.66815e-005 5.13451e-010 -6.37563e-010 -7.07775e-010 -7.07775e-010
9.72 -2.79993e-005 -3.56799e-010 5.0034e-010 -8.7466e-010 -8.7466e-010
9.73 -2.91491e-005 1.78943e-010 -3.53835e-010 -9.80425e-010 -9.80425e-010
9.74 -3.01276e-005 -5.29456e-011 2.381e-011 -1.02389e-009 -1.02389e-009
9.75 -3.09219e-005 -1.84215e-010 1.49053e-010 -1.0084e-009 -1.0084e-009
9.76 -3.15394e-005 -1.30766e-010 8.7023e-011 -9.29996e-010 -9.29996e-010
9.77 -3.19988e-005 1.25602e-011 -6.67482e-011 -8.22234e-010 -8.22234e-010
9.78 -3.23335e-005 -3.01419e-011 -4.20083e-011 -7.54622e-010 -7.54622e-010
9.79 -3.25723e-005 -4.63679e-011 -4.94666e-011 -7.63482e-010 -7.63482e-010
9.8 -3.27361e-005 -2.58506e-009 -1.67076e-010 -8.28197e-010 -8.28197e-010
9.81 -3.2802e-005 -1.51614e-009 2.06071e-010 -9.08727e-010 -9.08727e-010
9.82 -3.27612e-005 -7.03907e-010 -2.23301e-010 -9.75935e-010 -9.75935e-010
9.83 -3.25836e-005 -2.50967e-009 5.5071e-010 -1.00707e-009 -1.00707e-009
9.84 -3.21966e-005 -4.16657e-011 3.18695e-010 -9.79708e-010 -9.79708e-010
9.85 -3.15771e-005 -1.68566e-011 -1.87841e-010 -8.89516e-010 -8.89516e-010
9.86 -3.06833e-005 -2.58109e-011 2.07846e-011 -7.6341e-010 -7.6341e-010
9.87 -2.94884e-005 -2.27215e-011 -6.57448e-011 -6.40718e-010 -6.40718e-010
9.88 -2.79895e-005 -2.40181e-011 -3.67426e-011 -5.46522e-010 -5.46522e-010
9.89 -2.62091e-005 -3.72081e-011 6.08657e-011 -4.86488e-010 -4.86488e-010
9.9 -2.41964e-005 -4.01157e-011 1.16868e-010 -4.56497e-010 -4.56497e-010
9.91 -2.20215e-005 -3.8997e-011 -1.79683e-010 -4.44235e-010 -4.44235e-010
9.92 -1.9777e-005 -7.93849e-011 5.36038e-010 -4.33668e-010 -4.33668e-010
9.93 -1.75727e-005 3.16587e-009 4.5085e-009 -4.26195e-010 -4.26195e-010
9.94 -1.53045e-005 5.35898e-009 2.00716e-009 -4.2949e-010 -4.2949e-010
9.95 -1.30185e-005 9.52059e-009 -1.6566e-009 -4.21874e-010 -4.21874e-010
9.96 -1.0822e-005 4.89335e-009 -6.24085e-009 -4.02095e-010 -4.02095e-010
9.97 -8.6645e-006 7.55694e-010 -6.76498e-010 -4.25857e-010 -4.25857e-010
9.98 -6.60586e-006 -3.5743e-010 2.27962e-010 -5.17704e-010 -5.17704e-010
9.99 -4.63821e-006 -5.76873e-011 2.47942e-010 -6.32338e-010 -6.32338e-010
10 -2.87789e-006 1.76575e-008 1.90135e-008 -7.26764e-010 -7.26764e-010
