0.1 -1.8702e-006 -4.156e-020 -4.15284e-020 -1.3372e-021 -1.3372e-021
0.2 -3.74113e-006 -1.29056e-019 -1.25243e-019 -1.49828e-021 -1.49828e-021
0.3 -5.6128e-006 -1.51571e-019 -1.36081e-019 -1.70526e-021 -1.70526e-021
0.4 -7.48521e-006 -1.56052e-019 -1.34446e-019 -4.40968e-021 -4.40968e-021
0.5 -9.35836e-006 -1.55916e-019 -1.31073e-019 -5.77159e-021 -5.77159e-021
0.6 -1.12322e-005 -1.55602e-019 -1.28126e-019 -2.65123e-021 -2.65123e-021
0.7 -1.31069e-005 -1.55108e-019 -1.25778e-019 -6.34175e-022 -6.34175e-022
0.8 -1.49822e-005 -1.54496e-019 -1.24215e-019 -2.20207e-021 -2.20207e-021
0.9 -1.68583e-005 -1.54539e-019 -1.24109e-019 -1.99609e-021 -1.99609e-021
1 -1.87352e-005 -1.55363e-019 -1.24444e-019 4.59416e-021 4.59416e-021
0.01 -1.87357e-005 -1.36454e-013 1.83377e-014 7.17208e-016 7.17208e-016
0.02 -1.87372e-005 -8.12648e-014 1.17107e-014 6.38089e-015 6.38089e-015
0.03 -1.87394e-005 3.07004e-014 -2.80123e-015 2.41967e-014 2.41967e-014
0.04 -1.87421e-005 -1.44387e-014 3.47192e-015 5.54357e-014 5.54357e-014
0.05 -1.87452e-005 1.10468e-014 8.50909e-015 9.03114e-014 9.03114e-014
0.06 -1.87485e-005 -1.94769e-015 1.05817e-014 1.15313e-013 1.15313e-013
0.07 -1.87514e-005 -3.65364e-015 5.91138e-014 1.20965e-013 1.20965e-013
0.08 -1.87535e-005 -1.00337e-013 -8.62415e-014 1.08265e-013 1.08265e-013
0.09 -1.87543e-005 -3.6948e-014 -1.31085e-013 8.94965e-014 8.94965e-014
0.1 -1.87536e-005 -4.93264e-014 -7.53739e-014 7.3623e-014 7.3623e-014
0.11 -1.87512e-005 -7.5162e-015 -5.6675e-014 5.79537e-014 5.79537e-014
0.12 -1.87473e-005 7.63909e-015 -4.19274e-014 3.54904e-014 3.54904e-014
0.13 -1.87421e-005 1.27838e-014 -5.11432e-014 8.93519e-015 8.93519e-015
0.14 -1.87361e-005 -1.18709e-014 8.35463e-015 -5.43619e-015 -5.43619e-015
0.15 -1.873e-005 -1.18839e-014 1.27888e-014 9.78295e-016 9.78295e-016
0.16 -1.87241e-005 -1.99681e-014 1.69207e-014 9.94084e-015 9.94084e-015
0.17 -1.87189e-005 -5.76053e-016 2.73506e-015 1.46842e-014 1.46842e-014
0.18 -1.87145e-005 -1.18408e-014 1.25208e-014 5.3262e-014 5.3262e-014
0.19 -1.87109e-005 -9.60529e-016 1.58055e-016 1.39916e-013 1.39916e-013
0.2 -1.87078e-005 -5.84855e-015 5.94357e-016 2.23439e-013 2.23439e-013
0.21 -1.87049e-005 -1.03694e-014 4.17958e-015 2.58098e-013 2.58098e-013
0.22 -1.87018e-005 3.31593e-015 -2.53128e-015 2.55354e-013 2.55354e-013
0.23 -1.86982e-005 -1.80773e-015 -3.95448e-015 2.47229e-013 2.47229e-013
0.24 -1.8694e-005 5.68667e-016 -4.132e-015 2.42498e-013 2.42498e-013
0.25 -1.86891e-005 -3.08209e-016 -1.21143e-015 2.3938e-013 2.3938e-013
0.26 -1.86837e-005 2.24237e-013 -8.61313e-013 2.50434e-013 2.50434e-013
0.27 -1.86782e-005 -1.1767e-013 2.07283e-012 2.84999e-013 2.84999e-013
0.28 -1.86728e-005 3.1165e-014 -2.14161e-012 3.3881e-013 3.3881e-013
0.29 -1.86679e-005 -2.06158e-013 1.30946e-012 3.96001e-013 3.96001e-013
0.3 -1.86636e-005 6.93763e-014 -5.57332e-013 4.35526e-013 4.35526e-013
0.31 -1.866e-005 1.93355e-013 -3.58709e-013 4.61531e-013 4.61531e-013
0.32 -1.86569e-005 -1.16449e-013 1.4602e-012 4.94665e-013 4.94665e-013
0.33 -1.86544e-005 -1.37024e-013 -1.30899e-012 5.30979e-013 5.30979e-013
0.34 -1.86521e-005 5.3163e-014 5.40373e-013 5.43674e-013 5.43674e-013
0.35 -1.865e-005 -2.32284e-014 -2.23619e-013 5.39644e-013 5.39644e-013
0.36 -1.8648e-005 8.91298e-015 9.41781e-014 5.52584e-013 5.52584e-013
0.37 -1.86459e-005 1.19139e-013 -2.31005e-013 5.82562e-013 5.82562e-013
0.38 -1.86441e-005 -2.26554e-013 2.37013e-013 6.06761e-013 6.06761e-013
0.39 -1.86428e-005 6.16924e-014 -6.83043e-014 6.14819e-013 6.14819e-013
0.4 -1.86423e-005 -3.90978e-014 3.02854e-014 6.10367e-013 6.10367e-013
0.41 -1.86429e-005 1.48825e-014 -1.27905e-014 6.0395e-013 6.0395e-013
0.42 -1.86447e-005 -7.92121e-015 4.13415e-015 6.00391e-013 6.00391e-013
0.43 -1.86478e-005 2.4396e-015 -2.57873e-015 5.93734e-013 5.93734e-013
0.44 -1.86522e-005 -1.17403e-015 3.38442e-016 5.82676e-013 5.82676e-013
0.45 -1.86575e-005 -1.58992e-015 -1.11467e-015 5.75859e-013 5.75859e-013
0.46 -1.86636e-005 7.26798e-015 9.5818e-016 5.78967e-013 5.78967e-013
0.47 -1.867e-005 -1.12934e-014 -2.10136e-015 5.8707e-013 5.8707e-013
0.48 -1.86763e-005 4.83209e-015 5.93502e-016 5.93333e-013 5.93333e-013
0.49 -1.86823e-005 -1.60666e-016 -1.0954e-015 5.96857e-013 5.96857e-013
0.5 -1.86878e-005 -4.1306e-015 -5.8414e-016 5.98939e-013 5.98939e-013
0.51 -1.86927e-005 2.35361e-016 -7.14958e-016 5.97757e-013 5.97757e-013
0.52 -1.86972e-005 1.52157e-015 4.25641e-016 5.91283e-013 5.91283e-013
0.53 -1.87015e-005 2.03947e-015 -6.74582e-016 5.81956e-013 5.81956e-013
0.54 -1.87057e-005 -1.54827e-014 -5.05821e-015 5.74349e-013 5.74349e-013
0.55 -1.87098e-005 3.85752e-014 8.69625e-015 5.68155e-013 5.68155e-013
0.56 -1.87139e-005 -1.0632e-013 -5.08378e-014 5.57508e-013 5.57508e-013
0.57 -1.87179e-005 8.98335e-014 1.56147e-014 5.36982e-013 5.36982e-013
0.58 -1.87222e-005 -2.75191e-013 -2.16166e-013 5.08017e-013 5.08017e-013
0.59 -1.87268e-005 2.0325e-013 1.16772e-013 4.75663e-013 4.75663e-013
0.6 -1.87314e-005 -2.73445e-013 -2.37904e-013 4.43801e-013 4.43801e-013
0.61 -1.87359e-005 2.01023e-013 8.13857e-014 4.15321e-013 4.15321e-013
0.62 -1.87402e-005 -2.24663e-013 -1.52249e-013 3.90065e-013 3.90065e-013
0.63 -1.87439e-005 1.82191e-013 -2.11842e-014 3.69621e-013 3.69621e-013
0.64 -1.87469e-005 -2.13062e-013 9.13516e-014 3.57104e-013 3.57104e-013
0.65 -1.87488e-005 2.68474e-013 -1.70436e-013 3.57682e-013 3.57682e-013
0.66 -1.87497e-005 -2.51723e-013 5.06783e-014 3.76753e-013 3.76753e-013
0.67 -1.87495e-005 1.31306e-013 -1.00721e-013 4.0613e-013 4.0613e-013
0.68 -1.87482e-005 -8.40602e-014 -4.72961e-014 4.26559e-013 4.26559e-013
0.69 -1.87459e-005 -6.77812e-014 -1.1979e-013 4.273e-013 4.273e-013
0.7 -1.87431e-005 2.77575e-014 4.86296e-014 4.13165e-013 4.13165e-013
0.71 -1.87399e-005 -1.16042e-014 -2.0759e-014 3.9331e-013 3.9331e-013
0.72 -1.87364e-005 4.6127e-015 7.82894e-015 3.73743e-013 3.73743e-013
0.73 -1.87329e-005 -2.06864e-015 -3.94922e-015 3.60029e-013 3.60029e-013
0.74 -1.87295e-005 6.84057e-016 9.03351e-016 3.58245e-013 3.58245e-013
0.75 -1.87265e-005 -4.502e-016 -1.09782e-015 3.69775e-013 3.69775e-013
0.76 -1.87241e-005 1.79219e-017 -2.71521e-016 3.8848e-013 3.8848e-013
0.77 -1.8722e-005 -1.75693e-016 -6.1244e-016 4.05058e-013 4.05058e-013
0.78 -1.87201e-005 -9.57599e-017 -4.7081e-016 4.13338e-013 4.13338e-013
0.79 -1.87178e-005 -1.2882e-016 -5.30331e-016 4.11887e-013 4.11887e-013
0.8 -1.8715e-005 -1.15102e-016 -5.0464e-016 4.01975e-013 4.01975e-013
0.81 -1.87116e-005 -1.16053e-016 -5.22014e-016 3.89208e-013 3.89208e-013
0.82 -1.87073e-005 -1.21294e-016 -5.07078e-016 3.82386e-013 3.82386e-013
0.83 -1.8702e-005 -1.17707e-016 -5.16607e-016 3.79982e-013 3.79982e-013
0.84 -1.86958e-005 -1.2034e-016 -5.09506e-016 3.72787e-013 3.72787e-013
0.85 -1.86888e-005 -1.18254e-016 -5.15418e-016 3.67759e-013 3.67759e-013
0.86 -1.86814e-005 -1.19781e-016 -5.09767e-016 3.7834e-013 3.7834e-013
0.87 -1.8674e-005 -1.18649e-016 -5.15295e-016 3.96695e-013 3.96695e-013
0.88 -1.86676e-005 -1.19502e-016 -5.09823e-016 4.05945e-013 4.05945e-013
0.89 -1.86628e-005 -1.18626e-016 -5.15545e-016 4.04151e-013 4.04151e-013
0.9 -1.86594e-005 -1.19484e-016 -5.09628e-016 3.99128e-013 3.99128e-013
0.91 -1.86573e-005 -1.1888e-016 -5.15438e-016 3.93457e-013 3.93457e-013
0.92 -1.86565e-005 -1.75653e-014 -3.62196e-015 3.83957e-013 3.83957e-013
0.93 -1.86575e-005 -9.80798e-014 1.55922e-014 3.71959e-013 3.71959e-013
0.94 -1.86606e-005 2.64296e-014 -1.15587e-014 3.62767e-013 3.62767e-013
0.95 -1.8665e-005 -1.51697e-014 -2.06575e-015 3.57339e-013 3.57339e-013
0.96 -1.867e-005 -3.81451e-014 2.38734e-015 3.5132e-013 3.5132e-013
0.97 -1.86749e-005 4.32041e-014 -1.44932e-014 3.4143e-013 3.4143e-013
0.98 -1.868e-005 -1.04975e-013 3.59167e-015 3.26101e-013 3.26101e-013
0.99 -1.86855e-005 5.87968e-015 -2.02768e-014 3.08625e-013 3.08625e-013
1 -1.86912e-005 -8.34047e-014 -1.29414e-014 3.09618e-013 3.09618e-013
1.01 -1.86967e-005 4.76473e-014 7.09049e-015 3.10998e-013 3.10998e-013
1.02 -1.87018e-005 -9.57264e-014 -6.25977e-014 2.49655e-013 2.49655e-013
1.03 -1.87065e-005 4.87514e-014 2.2048e-014 1.51165e-013 1.51165e-013
1.04 -1.87108e-005 -6.19772e-014 -4.57422e-014 1.14032e-013 1.14032e-013
1.05 -1.87148e-005 2.39398e-013 2.01169e-013 1.51506e-013 1.51506e-013
1.06 -1.8719e-005 -3.71143e-013 -3.32245e-013 1.82959e-013 1.82959e-013
1.07 -1.87234e-005 3.61653e-013 2.51376e-013 1.58458e-013 1.58458e-013
1.08 -1.87279e-005 -4.6444e-013 -2.67352e-013 1.16028e-013 1.16028e-013
1.09 -1.87322e-005 2.68195e-013 -1.64624e-013 8.99534e-014 8.99534e-014
1.1 -1.87367e-005 -4.31282e-013 4.15598e-013 5.85797e-014 5.85797e-014
1.11 -1.87422e-005 5.53115e-013 -1.02337e-012 1.68115e-014 1.68115e-014
1.12 -1.87488e-005 -7.52978e-013 1.41151e-012 5.50001e-015 5.50001e-015
1.13 -1.87556e-005 -1.14719e-012 2.95722e-013 5.6097e-014 5.6097e-014
1.14 -1.87618e-005 -1.28834e-012 1.55273e-012 1.38093e-013 1.38093e-013
1.15 -1.87661e-005 -2.18121e-013 1.78239e-013 1.90251e-013 1.90251e-013
1.16 -1.8767e-005 -9.15443e-013 -2.24332e-013 1.94016e-013 1.94016e-013
1.17 -1.87636e-005 5.31989e-013 -4.98136e-013 1.84564e-013 1.84564e-013
1.18 -1.87564e-005 -1.50494e-013 2.33067e-013 1.96737e-013 1.96737e-013
1.19 -1.87461e-005 -1.30192e-013 -1.5633e-013 2.07204e-013 2.07204e-013
1.2 -1.87339e-005 -2.71185e-014 5.52709e-014 1.54343e-013 1.54343e-013
1.21 -1.87212e-005 -7.88253e-014 -6.47358e-014 4.4462e-014 4.4462e-014
1.22 -1.87098e-005 -2.36606e-013 -1.33429e-013 -3.48235e-014 -3.48235e-014
1.23 -1.87012e-005 8.29454e-014 3.98773e-014 -5.26799e-014 -5.26799e-014
1.24 -1.86966e-005 -3.83439e-014 -1.76687e-014 -5.56931e-014 -5.56931e-014
1.25 -1.86959e-005 1.1627e-014 6.0401e-015 -3.01001e-014 -3.01001e-014
1.26 -1.8698e-005 -8.93848e-015 -3.75886e-015 5.41513e-014 5.41513e-014
1.27 -1.87009e-005 -5.07851e-016 3.39325e-016 1.24042e-013 1.24042e-013
1.28 -1.87023e-005 -3.9308e-015 -1.42733e-015 1.24445e-013 1.24445e-013
1.29 -1.87006e-005 -2.27066e-013 7.70124e-014 9.39023e-014 9.39023e-014
1.3 -1.86948e-005 1.17142e-013 -4.53898e-014 6.27031e-014 6.27031e-014
1.31 -1.86848e-005 -3.11076e-013 1.53374e-013 3.15089e-014 3.15089e-014
1.32 -1.86712e-005 -5.86917e-014 9.95758e-015 2.90029e-015 2.90029e-015
1.33 -1.86555e-005 -6.81047e-014 2.72647e-014 -1.69452e-014 -1.69452e-014
1.34 -1.86393e-005 -1.32926e-014 7.52525e-017 -4.34627e-015 -4.34627e-015
1.35 -1.86241e-005 -1.5668e-015 8.40402e-016 2.44086e-014 2.44086e-014
1.36 -1.86112e-005 -1.2145e-013 7.69752e-014 3.13164e-014 3.13164e-014
1.37 -1.86021e-005 1.56301e-014 -4.19194e-014 8.16787e-014 8.16787e-014
1.38 -1.85976e-005 -2.25887e-013 2.14908e-013 2.41288e-013 2.41288e-013
1.39 -1.8597e-005 -1.36639e-014 -1.09042e-013 4.11791e-013 4.11791e-013
1.4 -1.85988e-005 -2.66441e-013 1.58542e-013 4.62827e-013 4.62827e-013
1.41 -1.8602e-005 5.37844e-014 -8.55043e-014 4.23987e-013 4.23987e-013
1.42 -1.86069e-005 -2.95591e-013 1.98044e-013 3.83238e-013 3.83238e-013
1.43 -1.86137e-005 -1.1777e-013 9.63816e-014 3.47141e-013 3.47141e-013
1.44 -1.86222e-005 -4.66583e-014 1.19136e-013 2.94797e-013 2.94797e-013
1.45 -1.86321e-005 1.50524e-014 -5.0323e-014 2.46171e-013 2.46171e-013
1.46 -1.86437e-005 -1.03722e-014 1.94936e-014 2.43524e-013 2.43524e-013
1.47 -1.86575e-005 1.02641e-016 -9.2707e-015 2.93455e-013 2.93455e-013
1.48 -1.86751e-005 -4.20532e-015 2.58422e-015 3.58302e-013 3.58302e-013
1.49 -1.86984e-005 -2.45591e-015 -2.28086e-015 4.02235e-013 4.02235e-013
1.5 -1.87286e-005 -1.73853e-012 -3.34922e-014 4.18513e-013 4.18513e-013
1.51 -1.87653e-005 -1.12576e-012 1.02614e-012 4.36718e-013 4.36718e-013
1.52 -1.88057e-005 9.70542e-013 -4.91137e-013 5.16527e-013 5.16527e-013
1.53 -1.88463e-005 -4.94744e-013 -4.8409e-013 6.70299e-013 6.70299e-013
1.54 -1.8885e-005 -6.56263e-013 -1.00473e-012 8.55976e-013 8.55976e-013
1.55 -1.89193e-005 -5.01749e-013 -3.10641e-013 1.08062e-012 1.08062e-012
1.56 -1.89469e-005 -5.07592e-015 -3.90478e-014 1.37197e-012 1.37197e-012
1.57 -1.89657e-005 -3.89491e-013 -5.6314e-013 1.69299e-012 1.69299e-012
1.58 -1.89754e-005 8.9611e-014 1.93458e-013 1.98145e-012 1.98145e-012
1.59 -1.89769e-005 -3.73586e-013 -1.84919e-013 2.16539e-012 2.16539e-012
1.6 -1.89729e-005 9.00171e-014 1.03504e-013 2.16473e-012 2.16473e-012
1.61 -1.89676e-005 -8.56775e-013 -7.41487e-013 2.03271e-012 2.03271e-012
1.62 -1.8965e-005 5.36915e-014 2.03895e-013 1.93092e-012 1.93092e-012
1.63 -1.89657e-005 8.32255e-012 -8.49392e-012 1.87701e-012 1.87701e-012
1.64 -1.8966e-005 1.41016e-013 -1.41169e-012 1.80653e-012 1.80653e-012
1.65 -1.89609e-005 -5.33004e-012 3.4422e-012 1.81887e-012 1.81887e-012
1.66 -1.89464e-005 1.78472e-012 -2.22844e-012 2.00868e-012 2.00868e-012
1.67 -1.89205e-005 -1.90279e-012 -6.7231e-014 2.21502e-012 2.21502e-012
1.68 -1.88831e-005 2.05493e-013 -2.23184e-013 2.23189e-012 2.23189e-012
1.69 -1.88349e-005 -3.07737e-013 2.05401e-014 2.06738e-012 2.06738e-012
1.7 -1.87788e-005 -9.49043e-014 -2.96323e-013 1.84429e-012 1.84429e-012
1.71 -1.872e-005 -9.87628e-013 -6.26351e-013 1.64196e-012 1.64196e-012
1.72 -1.86645e-005 3.27247e-013 2.28366e-013 1.50652e-012 1.50652e-012
1.73 -1.86167e-005 -1.43488e-013 -9.62146e-014 1.42154e-012 1.42154e-012
1.74 -1.85794e-005 1.69812e-014 2.98512e-014 1.30302e-012 1.30302e-012
1.75 -1.85521e-005 -7.42408e-013 6.54966e-014 1.20853e-012 1.20853e-012
1.76 -1.85316e-005 -2.16079e-012 1.20223e-012 1.35037e-012 1.35037e-012
1.77 -1.85132e-005 -1.25724e-012 1.09991e-012 1.80111e-012 1.80111e-012
1.78 -1.84932e-005 1.06832e-013 -1.50787e-013 2.38065e-012 2.38065e-012
1.79 -1.84694e-005 -1.18644e-013 -1.29123e-013 2.89157e-012 2.89157e-012
1.8 -1.84413e-005 -4.19392e-013 1.72884e-013 3.28886e-012 3.28886e-012
1.81 -1.84089e-005 -5.87563e-013 -7.20288e-013 3.54418e-012 3.54418e-012
1.82 -1.83745e-005 -9.5417e-014 1.31432e-013 3.58568e-012 3.58568e-012
1.83 -1.8342e-005 -1.35833e-013 -6.37832e-014 3.44333e-012 3.44333e-012
1.84 -1.83159e-005 -3.05442e-013 -9.90603e-013 3.27171e-012 3.27171e-012
1.85 -1.83005e-005 -2.32646e-014 1.09981e-013 3.21449e-012 3.21449e-012
1.86 -1.82984e-005 -1.0902e-013 -8.89994e-014 3.31074e-012 3.31074e-012
1.87 -1.83098e-005 4.23332e-014 7.41703e-014 3.47979e-012 3.47979e-012
1.88 -1.83307e-005 -2.54294e-014 -1.08006e-012 3.56809e-012 3.56809e-012
1.89 -1.83541e-005 -1.14778e-013 2.54852e-013 3.51527e-012 3.51527e-012
1.9 -1.83755e-005 5.71535e-013 -1.44802e-012 3.43443e-012 3.43443e-012
1.91 -1.83943e-005 -8.56513e-013 1.30216e-012 3.41009e-012 3.41009e-012
1.92 -1.84116e-005 -1.91119e-013 3.0503e-013 3.3905e-012 3.3905e-012
1.93 -1.843e-005 -2.77221e-013 4.3493e-013 3.34558e-012 3.34558e-012
1.94 -1.84531e-005 -2.64049e-012 -2.79876e-012 3.32601e-012 3.32601e-012
1.95 -1.8486e-005 -1.96231e-012 -6.13141e-013 3.32043e-012 3.32043e-012
1.96 -1.85326e-005 -1.85176e-012 -1.42649e-012 3.21343e-012 3.21343e-012
1.97 -1.85936e-005 -5.81334e-013 6.27678e-013 2.9282e-012 2.9282e-012
1.98 -1.8667e-005 -2.98898e-013 -8.10193e-014 2.51954e-012 2.51954e-012
1.99 -1.87484e-005 1.63546e-013 5.2502e-013 2.14903e-012 2.14903e-012
2 -1.88321e-005 6.44775e-014 -1.20671e-013 1.95912e-012 1.95912e-012
2.01 -1.89125e-005 1.32295e-013 2.74172e-013 1.89455e-012 1.89455e-012
2.02 -1.89846e-005 -1.0203e-013 -5.02594e-014 1.69122e-012 1.69122e-012
2.03 -1.90467e-005 -1.63967e-012 7.98478e-013 1.2142e-012 1.2142e-012
2.04 -1.90994e-005 -1.79027e-012 7.20859e-013 8.39778e-013 8.39778e-013
2.05 -1.9145e-005 -1.81128e-012 1.70617e-012 1.15448e-012 1.15448e-012
2.06 -1.9186e-005 -8.8268e-013 5.00078e-013 2.17919e-012 2.17919e-012
2.07 -1.92253e-005 -7.47651e-013 1.63015e-013 3.33175e-012 3.33175e-012
2.08 -1.92666e-005 -5.76205e-013 -2.82088e-013 4.19401e-012 4.19401e-012
2.09 -1.93117e-005 -5.6528e-013 -4.12468e-013 4.79536e-012 4.79536e-012
2.1 -1.93586e-005 -2.82945e-013 -1.01402e-013 5.1744e-012 5.1744e-012
2.11 -1.94019e-005 -4.10067e-013 2.13781e-013 5.19109e-012 5.19109e-012
2.12 -1.94362e-005 -6.72077e-013 -3.89875e-014 4.82894e-012 4.82894e-012
2.13 -1.94575e-005 -4.30268e-013 5.25557e-013 4.3812e-012 4.3812e-012
2.14 -1.94636e-005 8.80328e-014 -1.56737e-014 4.20765e-012 4.20765e-012
2.15 -1.94538e-005 2.56236e-014 -3.84198e-014 4.3968e-012 4.3968e-012
2.16 -1.94288e-005 9.65925e-014 -3.76429e-013 4.65372e-012 4.65372e-012
2.17 -1.93898e-005 -9.45472e-014 8.14431e-014 4.6898e-012 4.6898e-012
2.18 -1.93403e-005 1.11302e-014 6.56477e-014 4.66089e-012 4.66089e-012
2.19 -1.92845e-005 -3.42296e-015 -1.22841e-014 4.77101e-012 4.77101e-012
2.2 -1.92254e-005 1.92804e-015 1.53504e-014 4.86139e-012 4.86139e-012
2.21 -1.91632e-005 -4.54883e-015 -3.88788e-015 4.74775e-012 4.74775e-012
2.22 -1.90978e-005 1.21879e-015 2.32756e-015 4.5364e-012 4.5364e-012
2.23 -1.90289e-005 2.84465e-015 -8.60537e-015 4.43059e-012 4.43059e-012
2.24 -1.89552e-005 5.60492e-016 1.12417e-015 4.45279e-012 4.45279e-012
2.25 -1.88753e-005 6.95597e-015 -4.09124e-016 4.50473e-012 4.50473e-012
2.26 -1.87885e-005 -1.59014e-014 1.08882e-014 4.55559e-012 4.55559e-012
2.27 -1.86952e-005 2.72339e-014 -2.52879e-014 4.63808e-012 4.63808e-012
2.28 -1.85966e-005 -2.93893e-014 2.8985e-014 4.73247e-012 4.73247e-012
2.29 -1.84943e-005 3.43119e-014 -3.51613e-014 4.76735e-012 4.76735e-012
2.3 -1.8391e-005 -1.48552e-014 4.34344e-015 4.71712e-012 4.71712e-012
2.31 -1.82898e-005 -7.80289e-013 -3.69302e-014 4.69187e-012 4.69187e-012
2.32 -1.81933e-005 -1.04101e-012 -1.68032e-012 4.90617e-012 4.90617e-012
2.33 -1.81038e-005 5.58313e-013 -1.27769e-012 5.42721e-012 5.42721e-012
2.34 -1.80233e-005 2.32104e-013 -7.71785e-013 6.16765e-012 6.16765e-012
2.35 -1.79537e-005 4.22916e-013 -2.38691e-013 7.134e-012 7.134e-012
2.36 -1.78965e-005 1.64871e-013 -3.90068e-013 8.26114e-012 8.26114e-012
2.37 -1.78534e-005 2.17746e-013 -3.79317e-013 9.21194e-012 9.21194e-012
2.38 -1.78259e-005 -2.26212e-014 7.59164e-014 9.64162e-012 9.64162e-012
2.39 -1.78141e-005 -1.50103e-013 -1.85949e-013 9.50486e-012 9.50486e-012
2.4 -1.78167e-005 2.29037e-014 7.12926e-014 9.00376e-012 9.00376e-012
2.41 -1.78332e-005 3.54576e-013 -1.43248e-012 8.34397e-012 8.34397e-012
2.42 -1.78628e-005 -2.83813e-013 -7.76765e-013 7.71381e-012 7.71381e-012
2.43 -1.79041e-005 -2.28585e-013 1.3625e-013 7.34588e-012 7.34588e-012
2.44 -1.79559e-005 -1.68317e-013 -1.24288e-013 7.37743e-012 7.37743e-012
2.45 -1.80179e-005 -5.45363e-013 -1.46652e-013 7.74567e-012 7.74567e-012
2.46 -1.80901e-005 -1.48966e-013 -6.15412e-014 8.24536e-012 8.24536e-012
2.47 -1.81722e-005 -4.84549e-013 -4.07094e-013 8.64027e-012 8.64027e-012
2.48 -1.8264e-005 2.00097e-013 1.68098e-013 8.78033e-012 8.78033e-012
2.49 -1.83657e-005 -9.20847e-014 -6.56753e-014 8.65066e-012 8.65066e-012
2.5 -1.84771e-005 1.56542e-015 4.7485e-014 8.32747e-012 8.32747e-012
2.51 -1.85972e-005 -1.26678e-013 8.61064e-014 7.93697e-012 7.93697e-012
2.52 -1.8724e-005 -9.8891e-014 1.24436e-013 7.63361e-012 7.63361e-012
2.53 -1.88543e-005 -1.60675e-013 1.80376e-013 7.54038e-012 7.54038e-012
2.54 -1.8985e-005 6.66137e-014 -7.44044e-014 7.68255e-012 7.68255e-012
2.55 -1.91123e-005 -2.51213e-013 3.39894e-013 7.97832e-012 7.97832e-012
2.56 -1.92329e-005 -6.76193e-014 1.5167e-013 8.2932e-012 8.2932e-012
2.57 -1.93436e-005 1.47439e-014 -8.98946e-014 8.50452e-012 8.50452e-012
2.58 -1.94419e-005 -1.92292e-012 1.48525e-012 8.56771e-012 8.56771e-012
2.59 -1.95269e-005 -5.79968e-012 5.42096e-012 8.62937e-012 8.62937e-012
2.6 -1.95989e-005 -2.78109e-012 2.0125e-012 8.88747e-012 8.88747e-012
2.61 -1.96582e-005 -2.33518e-012 -5.04684e-013 9.36717e-012 9.36717e-012
2.62 -1.97049e-005 -1.21625e-012 -3.62981e-013 1.00619e-011 1.00619e-011
2.63 -1.97388e-005 -1.21616e-012 -1.28335e-012 1.09018e-011 1.09018e-011
2.64 -1.97607e-005 1.77142e-013 3.43711e-013 1.15802e-011 1.15802e-011
2.65 -1.97737e-005 -2.52523e-014 3.39573e-013 1.17832e-011 1.17832e-011
2.66 -1.9781e-005 -1.61851e-011 1.71428e-011 1.14969e-011 1.14969e-011
2.67 -1.97836e-005 -9.45694e-012 1.03553e-011 1.09193e-011 1.09193e-011
2.68 -1.97793e-005 3.64319e-012 -4.04519e-012 1.02328e-011 1.02328e-011
2.69 -1.97647e-005 -4.01106e-012 3.50718e-012 9.64394e-012 9.64394e-012
2.7 -1.97385e-005 -2.63732e-013 -4.3003e-013 9.39224e-012 9.39224e-012
2.71 -1.97006e-005 -8.17474e-013 -1.0525e-012 9.5583e-012 9.5583e-012
2.72 -1.96509e-005 3.08924e-013 1.43221e-012 1.00088e-011 1.00088e-011
2.73 -1.95877e-005 -3.13231e-013 -5.60105e-013 1.05283e-011 1.05283e-011
2.74 -1.95084e-005 -5.56684e-013 -8.32437e-013 1.09153e-011 1.09153e-011
2.75 -1.94117e-005 1.32165e-013 3.74719e-013 1.10298e-011 1.10298e-011
2.76 -1.9299e-005 -5.39686e-014 -1.61731e-013 1.08454e-011 1.08454e-011
2.77 -1.91734e-005 -8.34174e-014 2.06656e-013 1.04563e-011 1.04563e-011
2.78 -1.90382e-005 5.65245e-014 -1.12814e-013 1.00325e-011 1.00325e-011
2.79 -1.88956e-005 -8.57139e-014 9.09283e-014 9.74623e-012 9.74623e-012
2.8 -1.87471e-005 1.78559e-014 -1.9442e-014 9.69963e-012 9.69963e-012
2.81 -1.85955e-005 -4.14705e-014 -9.58894e-014 9.88931e-012 9.88931e-012
2.82 -1.84456e-005 -6.87301e-014 -1.50368e-013 1.02198e-011 1.02198e-011
2.83 -1.83022e-005 -5.50576e-014 -1.23241e-013 1.05504e-011 1.05504e-011
2.84 -1.81688e-005 -7.6655e-014 -6.42032e-014 1.0752e-011 1.0752e-011
2.85 -1.80475e-005 -2.9437e-015 1.22457e-013 1.07555e-011 1.07555e-011
2.86 -1.79396e-005 -8.11823e-014 -5.94385e-013 1.05745e-011 1.05745e-011
2.87 -1.7846e-005 7.27548e-014 -4.89447e-013 1.02778e-011 1.02778e-011
2.88 -1.77664e-005 1.87535e-012 -4.18152e-012 1.00152e-011 1.00152e-011
2.89 -1.76998e-005 6.89321e-013 -2.76368e-012 1.01286e-011 1.01286e-011
2.9 -1.76448e-005 -5.66345e-013 3.1501e-013 1.09244e-011 1.09244e-011
2.91 -1.76001e-005 1.6428e-012 -3.02602e-012 1.22435e-011 1.22435e-011
2.92 -1.75641e-005 1.91021e-013 -8.08372e-013 1.35714e-011 1.35714e-011
2.93 -1.75356e-005 5.40943e-013 -1.55311e-012 1.44673e-011 1.44673e-011
2.94 -1.75155e-005 -4.04952e-013 3.1964e-013 1.472e-011 1.472e-011
2.95 -1.75062e-005 5.15252e-013 -1.40975e-012 1.42818e-011 1.42818e-011
2.96 -1.75111e-005 1.84891e-013 -1.62036e-013 1.33151e-011 1.33151e-011
2.97 -1.75344e-005 -3.11031e-013 1.00335e-013 1.22253e-011 1.22253e-011
2.98 -1.75811e-005 -1.84811e-013 -4.9916e-014 1.14607e-011 1.14607e-011
2.99 -1.76554e-005 -3.36666e-014 1.14641e-013 1.1305e-011 1.1305e-011
3 -1.77579e-005 -8.36952e-014 4.50027e-014 1.17656e-011 1.17656e-011
3.01 -1.78857e-005 -5.22422e-014 1.83589e-014 1.25676e-011 1.25676e-011
3.02 -1.80335e-005 -2.24353e-013 -1.20201e-013 1.33196e-011 1.33196e-011
3.03 -1.81953e-005 -7.33606e-013 -8.05939e-013 1.37247e-011 1.37247e-011
3.04 -1.83651e-005 -5.32716e-013 -5.35125e-013 1.36482e-011 1.36482e-011
3.05 -1.85375e-005 -6.30979e-013 -8.83433e-013 1.31252e-011 1.31252e-011
3.06 -1.87081e-005 -5.90904e-013 2.86453e-013 1.23658e-011 1.23658e-011
3.07 -1.88737e-005 -1.28558e-012 -1.30423e-013 1.16558e-011 1.16558e-011
3.08 -1.90327e-005 -6.82395e-013 1.15977e-012 1.12358e-011 1.12358e-011
3.09 -1.91852e-005 -3.79174e-013 -1.23337e-012 1.12129e-011 1.12129e-011
3.1 -1.93334e-005 -8.37739e-014 1.66748e-012 1.15063e-011 1.15063e-011
3.11 -1.94782e-005 -8.10059e-013 1.38007e-012 1.19395e-011 1.19395e-011
3.12 -1.96171e-005 -6.8888e-013 1.37098e-012 1.23812e-011 1.23812e-011
3.13 -1.97448e-005 -2.57432e-012 3.83984e-012 1.27388e-011 1.27388e-011
3.14 -1.98562e-005 -2.349e-012 2.59898e-012 1.29091e-011 1.29091e-011
3.15 -1.99477e-005 2.65175e-013 -4.76468e-014 1.28982e-011 1.28982e-011
3.16 -2.00179e-005 -1.25005e-012 1.09518e-012 1.30127e-011 1.30127e-011
3.17 -2.00675e-005 3.10022e-012 -4.81586e-012 1.36606e-011 1.36606e-011
3.18 -2.00989e-005 -4.02254e-012 9.48864e-013 1.47997e-011 1.47997e-011
3.19 -2.0115e-005 -1.24371e-012 1.516e-012 1.58659e-011 1.58659e-011
3.2 -2.01178e-005 -1.23412e-012 3.7969e-014 1.63827e-011 1.63827e-011
3.21 -2.01103e-005 1.36106e-012 1.10326e-012 1.63829e-011 1.63829e-011
3.22 -2.00962e-005 -1.8147e-012 2.68416e-012 1.61358e-011 1.61358e-011
3.23 -2.00778e-005 -2.84586e-012 1.67518e-012 1.57679e-011 1.57679e-011
3.24 -2.00541e-005 -4.02689e-013 5.73468e-014 1.53242e-011 1.53242e-011
3.25 -2.00218e-005 1.61704e-013 -2.93468e-014 1.49691e-011 1.49691e-011
3.26 -1.99758e-005 -8.41407e-014 2.64881e-014 1.49164e-011 1.49164e-011
3.27 -1.99098e-005 3.42355e-014 -2.88643e-014 1.51952e-011 1.51952e-011
3.28 -1.98175e-005 -2.16204e-014 5.37379e-014 1.56119e-011 1.56119e-011
3.29 -1.9696e-005 -6.57809e-015 -1.06135e-013 1.59585e-011 1.59585e-011
3.3 -1.9547e-005 -1.7216e-014 1.93781e-013 1.61408e-011 1.61408e-011
3.31 -1.93758e-005 -1.6928e-012 -2.7993e-012 1.61121e-011 1.61121e-011
3.32 -1.91893e-005 -8.69075e-013 -2.04028e-012 1.58385e-011 1.58385e-011
3.33 -1.89953e-005 2.82453e-013 5.86937e-013 1.54014e-011 1.54014e-011
3.34 -1.88036e-005 -6.3205e-013 -1.17152e-012 1.50217e-011 1.50217e-011
3.35 -1.86246e-005 7.19165e-014 1.38073e-013 1.48731e-011 1.48731e-011
3.36 -1.84649e-005 1.90936e-014 -5.30403e-013 1.495e-011 1.495e-011
3.37 -1.8326e-005 1.39668e-014 3.77517e-013 1.51228e-011 1.51228e-011
3.38 -1.82042e-005 -6.40619e-014 -2.53194e-012 1.52621e-011 1.52621e-011
3.39 -1.80935e-005 9.08096e-014 7.99696e-013 1.53572e-011 1.53572e-011
3.4 -1.79875e-005 5.54284e-013 -4.31329e-012 1.54247e-011 1.54247e-011
3.41 -1.78823e-005 8.63533e-013 -3.37048e-012 1.53854e-011 1.53854e-011
3.42 -1.77768e-005 3.86878e-012 -7.14349e-012 1.52068e-011 1.52068e-011
3.43 -1.76716e-005 6.51475e-013 -1.30939e-012 1.50204e-011 1.50204e-011
3.44 -1.75696e-005 3.94052e-012 -5.45415e-012 1.49905e-011 1.49905e-011
3.45 -1.74766e-005 -1.60596e-012 1.77801e-012 1.51079e-011 1.51079e-011
3.46 -1.74009e-005 3.74371e-012 -4.53977e-012 1.51754e-011 1.51754e-011
3.47 -1.73505e-005 -1.46397e-012 1.65718e-012 1.51668e-011 1.51668e-011
3.48 -1.73313e-005 6.71235e-013 -7.86702e-013 1.54638e-011 1.54638e-011
3.49 -1.73454e-005 -1.69613e-013 2.00893e-013 1.62424e-011 1.62424e-011
3.5 -1.73919e-005 1.43638e-013 -1.66623e-013 1.68831e-011 1.68831e-011
3.51 -1.74677e-005 -9.32413e-014 9.55183e-014 1.67156e-011 1.67156e-011
3.52 -1.75673e-005 -5.53471e-014 9.91863e-014 1.59749e-011 1.59749e-011
3.53 -1.76819e-005 -4.43878e-015 -2.92641e-015 1.53329e-011 1.53329e-011
3.54 -1.78029e-005 -1.77831e-013 3.18162e-013 1.50129e-011 1.50129e-011
3.55 -1.79252e-005 2.97686e-014 -2.7812e-014 1.48815e-011 1.48815e-011
3.56 -1.80481e-005 -2.16725e-014 2.31456e-014 1.49453e-011 1.49453e-011
3.57 -1.81744e-005 -3.02951e-014 1.3891e-013 1.53184e-011 1.53184e-011
3.58 -1.83075e-005 -4.51662e-014 -1.59945e-014 1.58809e-011 1.58809e-011
3.59 -1.84502e-005 -1.6383e-013 1.16136e-013 1.62997e-011 1.62997e-011
3.6 -1.86038e-005 -4.75282e-013 4.28477e-013 1.63641e-011 1.63641e-011
3.61 -1.87664e-005 1.89794e-013 -1.76295e-013 1.6136e-011 1.6136e-011
3.62 -1.89347e-005 -1.67807e-012 2.0095e-012 1.57869e-011 1.57869e-011
3.63 -1.91048e-005 1.29834e-013 6.18241e-014 1.5433e-011 1.5433e-011
3.64 -1.92725e-005 -6.31656e-013 1.10156e-012 1.5168e-011 1.5168e-011
3.65 -1.94327e-005 7.29192e-013 -6.04778e-013 1.51041e-011 1.51041e-011
3.66 -1.95807e-005 1.94883e-011 -3.77175e-011 1.52921e-011 1.52921e-011
3.67 -1.9714e-005 1.20849e-011 -2.29811e-011 1.56337e-011 1.56337e-011
3.68 -1.98324e-005 -5.19918e-012 1.06239e-011 1.59412e-011 1.59412e-011
3.69 -1.99366e-005 2.16904e-012 -4.39816e-012 1.6098e-011 1.6098e-011
3.7 -2.00267e-005 -7.46688e-013 1.78979e-012 1.60846e-011 1.60846e-011
3.71 -2.01014e-005 8.98635e-014 5.623e-014 1.59071e-011 1.59071e-011
3.72 -2.01587e-005 -1.37604e-012 1.82922e-012 1.56254e-011 1.56254e-011
3.73 -2.01947e-005 -5.54907e-014 8.70666e-013 1.5352e-011 1.5352e-011
3.74 -2.0206e-005 -3.79544e-012 4.58541e-012 1.52059e-011 1.52059e-011
3.75 -2.01907e-005 -8.78742e-013 1.07937e-012 1.53314e-011 1.53314e-011
3.76 -2.01471e-005 5.71009e-013 -4.52882e-013 1.57723e-011 1.57723e-011
3.77 -2.00748e-005 -1.88845e-013 2.21383e-013 1.62638e-011 1.62638e-011
3.78 -1.9976e-005 3.87071e-014 -1.17146e-014 1.64423e-011 1.64423e-011
3.79 -1.98549e-005 -2.28822e-015 -6.2072e-014 1.63016e-011 1.63016e-011
3.8 -1.97176e-005 -3.17883e-014 5.84411e-014 1.60716e-011 1.60716e-011
3.81 -1.95704e-005 -5.19471e-015 -7.22451e-015 1.58263e-011 1.58263e-011
3.82 -1.94199e-005 -3.70059e-014 2.00218e-014 1.55537e-011 1.55537e-011
3.83 -1.92725e-005 3.65742e-015 -2.19939e-014 1.53641e-011 1.53641e-011
3.84 -1.91309e-005 1.23249e-015 -8.1642e-015 1.54021e-011 1.54021e-011
3.85 -1.89932e-005 -4.30491e-014 -4.39624e-014 1.56497e-011 1.56497e-011
3.86 -1.88555e-005 4.89451e-014 -7.8972e-014 1.59443e-011 1.59443e-011
3.87 -1.8715e-005 4.09648e-014 -2.36405e-013 1.61478e-011 1.61478e-011
3.88 -1.8571e-005 6.83348e-014 -3.8493e-013 1.62183e-011 1.62183e-011
3.89 -1.84235e-005 2.15432e-014 -1.44361e-015 1.61592e-011 1.61592e-011
3.9 -1.82741e-005 7.6003e-014 -5.25418e-013 1.59889e-011 1.59889e-011
3.91 -1.81274e-005 2.35365e-013 -9.28426e-013 1.5767e-011 1.5767e-011
3.92 -1.79918e-005 -9.94507e-013 -2.01063e-012 1.55901e-011 1.55901e-011
3.93 -1.7877e-005 -2.19802e-013 -3.18541e-012 1.5524e-011 1.5524e-011
3.94 -1.77898e-005 8.05407e-013 -7.03847e-013 1.55647e-011 1.55647e-011
3.95 -1.77335e-005 -3.07932e-013 3.59451e-013 1.56814e-011 1.56814e-011
3.96 -1.77089e-005 -1.15847e-012 -8.63657e-012 1.58334e-011 1.58334e-011
3.97 -1.77132e-005 -8.5712e-013 -3.65208e-012 1.59422e-011 1.59422e-011
3.98 -1.77394e-005 3.21462e-013 1.52575e-012 1.59471e-011 1.59471e-011
3.99 -1.77782e-005 -1.35201e-013 -6.13929e-013 1.58785e-011 1.58785e-011
4 -1.78217e-005 3.71986e-014 2.81692e-013 1.57724e-011 1.57724e-011
4.01 -1.78668e-005 -1.50892e-014 -1.10624e-013 1.56399e-011 1.56399e-011
4.02 -1.79139e-005 -1.7382e-014 1.02814e-013 1.55505e-011 1.55505e-011
4.03 -1.7964e-005 -4.13892e-014 7.12198e-014 1.55554e-011 1.55554e-011
4.04 -1.80204e-005 -1.46701e-014 4.0619e-014 1.56447e-011 1.56447e-011
4.05 -1.80881e-005 -2.30965e-014 5.39388e-014 1.58426e-011 1.58426e-011
4.06 -1.81706e-005 -9.44115e-015 1.2855e-014 1.60768e-011 1.60768e-011
4.07 -1.82679e-005 -3.78735e-014 4.02812e-014 1.60711e-011 1.60711e-011
4.08 -1.83787e-005 -1.15953e-013 8.13183e-014 1.57739e-011 1.57739e-011
4.09 -1.85011e-005 2.94219e-014 -3.38422e-015 1.55166e-011 1.55166e-011
4.1 -1.86322e-005 -3.11487e-013 2.87974e-013 1.54909e-011 1.54909e-011
4.11 -1.87678e-005 -4.7235e-013 5.75285e-013 1.55704e-011 1.55704e-011
4.12 -1.89038e-005 -5.9875e-013 7.5641e-013 1.56417e-011 1.56417e-011
4.13 -1.90361e-005 -3.99015e-013 2.5191e-013 1.57419e-011 1.57419e-011
4.14 -1.9162e-005 -6.89051e-013 5.36672e-013 1.58726e-011 1.58726e-011
4.15 -1.92807e-005 3.10873e-011 -6.01697e-011 1.59413e-011 1.59413e-011
4.16 -1.93932e-005 1.77747e-011 -3.41065e-011 1.589e-011 1.589e-011
4.17 -1.94988e-005 -7.16138e-012 1.3483e-011 1.57849e-011 1.57849e-011
4.18 -1.9595e-005 3.03794e-012 -5.72196e-012 1.57774e-011 1.57774e-011
4.19 -1.96787e-005 -1.25874e-012 2.60127e-012 1.58043e-011 1.58043e-011
4.2 -1.97461e-005 4.99992e-013 -1.04441e-012 1.55484e-011 1.55484e-011
4.21 -1.9794e-005 -1.57166e-013 3.9981e-013 1.51162e-011 1.51162e-011
4.22 -1.9819e-005 -3.15916e-013 3.63422e-013 1.50697e-011 1.50697e-011
4.23 -1.98191e-005 -2.5576e-013 -6.12262e-013 1.5451e-011 1.5451e-011
4.24 -1.97954e-005 -3.70576e-013 -1.73538e-013 1.57699e-011 1.57699e-011
4.25 -1.97511e-005 8.89558e-014 2.47929e-014 1.5836e-011 1.5836e-011
4.26 -1.96896e-005 -7.5112e-013 -8.35692e-013 1.58484e-011 1.58484e-011
4.27 -1.96152e-005 2.19622e-013 2.81541e-013 1.58767e-011 1.58767e-011
4.28 -1.95324e-005 -1.0293e-013 -1.14979e-013 1.57741e-011 1.57741e-011
4.29 -1.94442e-005 1.83732e-014 7.43709e-014 1.55356e-011 1.55356e-011
4.3 -1.93533e-005 -3.05332e-014 9.17583e-016 1.53324e-011 1.53324e-011
4.31 -1.92618e-005 -1.97758e-014 1.4972e-014 1.52835e-011 1.52835e-011
4.32 -1.91696e-005 -1.05755e-014 -4.46286e-015 1.53685e-011 1.53685e-011
4.33 -1.90743e-005 2.25657e-015 -1.46741e-014 1.55093e-011 1.55093e-011
4.34 -1.89731e-005 6.12231e-015 -1.49929e-014 1.56587e-011 1.56587e-011
4.35 -1.88648e-005 1.6735e-014 -5.19936e-014 1.57837e-011 1.57837e-011
4.36 -1.87488e-005 2.45083e-014 -1.38705e-014 1.58343e-011 1.58343e-011
4.37 -1.86255e-005 1.56257e-014 -1.42142e-014 1.57784e-011 1.57784e-011
4.38 -1.84968e-005 -4.97343e-015 -8.51525e-014 1.5647e-011 1.5647e-011
4.39 -1.83682e-005 6.33463e-015 4.46777e-014 1.55117e-011 1.55117e-011
4.4 -1.82485e-005 -3.53887e-014 -2.07652e-013 1.54294e-011 1.54294e-011
4.41 -1.81464e-005 2.24009e-014 -1.47828e-013 1.54199e-011 1.54199e-011
4.42 -1.80674e-005 -2.52231e-014 -5.5011e-015 1.5478e-011 1.5478e-011
4.43 -1.80131e-005 6.5119e-014 -6.94739e-013 1.55798e-011 1.55798e-011
4.44 -1.79807e-005 -4.56479e-014 3.13539e-013 1.56835e-011 1.56835e-011
4.45 -1.79643e-005 2.11687e-013 -7.95015e-013 1.57464e-011 1.57464e-011
4.46 -1.7958e-005 -1.05932e-013 3.54327e-013 1.57448e-011 1.57448e-011
4.47 -1.79562e-005 1.75577e-013 -8.36982e-013 1.56841e-011 1.56841e-011
4.48 -1.7954e-005 -9.10119e-014 3.71999e-013 1.55945e-011 1.55945e-011
4.49 -1.79492e-005 2.15091e-014 -1.31775e-013 1.55148e-011 1.55148e-011
4.5 -1.79444e-005 9.76075e-015 3.63425e-014 1.54745e-011 1.54745e-011
4.51 -1.79455e-005 -4.23411e-015 1.071e-015 1.54849e-011 1.54849e-011
4.52 -1.79585e-005 -1.63884e-014 1.60238e-014 1.55382e-011 1.55382e-011
4.53 -1.79893e-005 -5.62353e-015 3.10095e-015 1.56113e-011 1.56113e-011
4.54 -1.80439e-005 -3.86828e-014 8.80469e-014 1.56736e-011 1.56736e-011
4.55 -1.81256e-005 -1.42453e-014 4.41717e-015 1.57009e-011 1.57009e-011
4.56 -1.82325e-005 -1.29857e-014 2.82658e-014 1.56852e-011 1.56852e-011
4.57 -1.8359e-005 -1.02234e-014 -1.89609e-014 1.5637e-011 1.5637e-011
4.58 -1.84968e-005 -1.20127e-013 1.67304e-013 1.55785e-011 1.55785e-011
4.59 -1.86353e-005 -1.09063e-013 1.02068e-013 1.55337e-011 1.55337e-011
4.6 -1.87629e-005 -1.86365e-013 1.60456e-013 1.55189e-011 1.55189e-011
4.61 -1.88711e-005 -3.68432e-013 4.69462e-013 1.55373e-011 1.55373e-011
4.62 -1.89576e-005 5.20075e-014 -1.02607e-013 1.55795e-011 1.55795e-011
4.63 -1.90254e-005 -6.69194e-013 8.876e-013 1.56274e-011 1.56274e-011
4.64 -1.90774e-005 2.43645e-013 -3.28411e-013 1.56611e-011 1.56611e-011
4.65 -1.9115e-005 -1.18866e-013 1.63009e-013 1.56681e-011 1.56681e-011
4.66 -1.91404e-005 -4.93882e-013 8.33181e-013 1.56479e-011 1.56479e-011
4.67 -1.91569e-005 -1.73032e-013 3.78418e-013 1.56112e-011 1.56112e-011
4.68 -1.91687e-005 5.26713e-014 -1.28632e-013 1.55743e-011 1.55743e-011
4.69 -1.91775e-005 -4.0345e-014 8.02498e-014 1.55513e-011 1.55513e-011
4.7 -1.91821e-005 -7.01318e-015 4.16376e-014 1.55497e-011 1.55497e-011
4.71 -1.9178e-005 -6.22708e-015 -8.31734e-015 1.55691e-011 1.55691e-011
4.72 -1.91607e-005 -2.51755e-014 4.83924e-014 1.56004e-011 1.56004e-011
4.73 -1.91276e-005 -6.24663e-016 -7.45258e-015 1.56299e-011 1.56299e-011
4.74 -1.90774e-005 -2.87867e-014 5.05766e-014 1.56458e-011 1.56458e-011
4.75 -1.90097e-005 2.61537e-014 -5.51842e-014 1.56431e-011 1.56431e-011
4.76 -1.89252e-005 -2.38766e-014 4.26184e-014 1.56248e-011 1.56248e-011
4.77 -1.88252e-005 1.8574e-014 -2.96745e-014 1.55994e-011 1.55994e-011
4.78 -1.87115e-005 5.80722e-015 -1.77725e-014 1.55774e-011 1.55774e-011
4.79 -1.8589e-005 2.81197e-014 -1.39178e-014 1.55671e-011 1.55671e-011
4.8 -1.84643e-005 2.91703e-015 -3.9661e-014 1.5572e-011 1.5572e-011
4.81 -1.83432e-005 -1.68196e-015 -2.1422e-014 1.55891e-011 1.55891e-011
4.82 -1.82305e-005 -2.16525e-014 -8.45597e-014 1.56105e-011 1.56105e-011
4.83 -1.81294e-005 -9.68005e-015 6.21144e-014 1.56271e-011 1.56271e-011
4.84 -1.80412e-005 1.91781e-014 -3.58214e-013 1.56329e-011 1.56329e-011
4.85 -1.79653e-005 1.9398e-014 -2.33171e-013 1.56263e-011 1.56263e-011
4.86 -1.79022e-005 1.25705e-013 -3.72375e-013 1.56099e-011 1.56099e-011
4.87 -1.78545e-005 -7.01532e-014 1.80731e-013 1.55905e-011 1.55905e-011
4.88 -1.7823e-005 -5.49291e-014 2.93928e-014 1.55761e-011 1.55761e-011
4.89 -1.78052e-005 1.31761e-012 -3.38339e-012 1.55705e-011 1.55705e-011
4.9 -1.77982e-005 -5.33838e-013 1.50492e-012 1.55735e-011 1.55735e-011
4.91 -1.78014e-005 2.1452e-013 -5.68192e-013 1.55834e-011 1.55834e-011
4.92 -1.78135e-005 -1.06254e-013 2.60585e-013 1.55962e-011 1.55962e-011
4.93 -1.78309e-005 2.70507e-014 -1.0811e-013 1.56057e-011 1.56057e-011
4.94 -1.785e-005 -2.97315e-014 7.17795e-014 1.56085e-011 1.56085e-011
4.95 -1.78711e-005 -2.47424e-015 1.88292e-017 1.56052e-011 1.56052e-011
4.96 -1.78973e-005 3.47356e-015 1.37203e-013 1.55977e-011 1.55977e-011
4.97 -1.7932e-005 -3.09948e-013 -2.37564e-013 1.55831e-011 1.55831e-011
4.98 -1.79791e-005 -7.68455e-013 -1.73186e-012 1.55473e-011 1.55473e-011
4.99 -1.80434e-005 3.14925e-013 8.48619e-013 1.54889e-011 1.54889e-011
5 -1.8128e-005 -2.31578e-012 -3.22445e-012 1.54278e-011 1.54278e-011
5.01 -1.82304e-005 -7.70493e-013 -9.92554e-013 1.53585e-011 1.53585e-011
5.02 -1.83455e-005 1.89857e-012 3.24246e-012 1.52618e-011 1.52618e-011
5.03 -1.84688e-005 -1.19468e-012 -1.06658e-012 1.51327e-011 1.51327e-011
5.04 -1.85948e-005 -1.12787e-013 -2.46304e-013 1.49687e-011 1.49687e-011
5.05 -1.87163e-005 -1.3931e-012 -1.28974e-012 1.48038e-011 1.48038e-011
5.06 -1.88277e-005 2.07818e-013 6.26902e-013 1.46873e-011 1.46873e-011
5.07 -1.89263e-005 4.715e-013 1.24238e-012 1.46055e-011 1.46055e-011
5.08 -1.90096e-005 -1.03268e-012 -9.76165e-013 1.45063e-011 1.45063e-011
5.09 -1.9076e-005 -2.98467e-012 -2.248e-012 1.43557e-011 1.43557e-011
5.1 -1.91261e-005 -5.68494e-013 7.45902e-013 1.41265e-011 1.41265e-011
5.11 -1.91616e-005 1.56411e-013 -3.01547e-013 1.38165e-011 1.38165e-011
5.12 -1.91817e-005 -3.14484e-013 -4.61304e-013 1.35208e-011 1.35208e-011
5.13 -1.91842e-005 -3.69267e-012 -2.72476e-012 1.33793e-011 1.33793e-011
5.14 -1.917e-005 -5.07101e-013 1.71578e-013 1.34105e-011 1.34105e-011
5.15 -1.9143e-005 1.89499e-013 -3.86633e-014 1.35042e-011 1.35042e-011
5.16 -1.91065e-005 -9.67498e-014 4.29235e-014 1.35641e-011 1.35641e-011
5.17 -1.9062e-005 2.12404e-014 9.60914e-015 1.35962e-011 1.35962e-011
5.18 -1.90117e-005 -2.77947e-014 2.20441e-014 1.3682e-011 1.3682e-011
5.19 -1.89571e-005 2.14185e-015 8.43583e-015 1.38146e-011 1.38146e-011
5.2 -1.88956e-005 -1.6541e-014 1.65069e-014 1.38569e-011 1.38569e-011
5.21 -1.88222e-005 -8.10784e-015 1.41671e-014 1.37575e-011 1.37575e-011
5.22 -1.87344e-005 4.26921e-014 -8.49857e-014 1.36245e-011 1.36245e-011
5.23 -1.86333e-005 -6.78129e-015 3.11982e-014 1.35528e-011 1.35528e-011
5.24 -1.85222e-005 3.70223e-014 -7.22645e-014 1.35341e-011 1.35341e-011
5.25 -1.84058e-005 -1.96105e-014 3.10073e-014 1.3542e-011 1.3542e-011
5.26 -1.82921e-005 -4.12375e-015 1.98719e-015 1.35953e-011 1.35953e-011
5.27 -1.81904e-005 -4.30085e-015 1.87918e-014 1.36831e-011 1.36831e-011
5.28 -1.81108e-005 -1.55538e-015 2.42194e-014 1.37417e-011 1.37417e-011
5.29 -1.80631e-005 -1.92018e-013 -1.16327e-013 1.3716e-011 1.3716e-011
5.3 -1.80517e-005 -2.72134e-012 -2.05556e-012 1.34761e-011 1.34761e-011
5.31 -1.80727e-005 -2.75159e-012 -2.0258e-012 1.29002e-011 1.29002e-011
5.32 -1.81168e-005 -1.99936e-012 -1.09104e-012 1.19589e-011 1.19589e-011
5.33 -1.81727e-005 4.35733e-013 6.15092e-013 1.04023e-011 1.04023e-011
5.34 -1.82295e-005 1.01809e-012 2.29206e-012 7.94469e-012 7.94469e-012
5.35 -1.82772e-005 2.6054e-012 2.52973e-012 4.9104e-012 4.9104e-012
5.36 -1.8309e-005 2.28127e-012 2.42425e-012 2.05732e-012 2.05732e-012
5.37 -1.83257e-005 3.68997e-012 7.81492e-012 -1.72849e-013 -1.72849e-013
5.38 -1.83365e-005 2.21923e-012 3.36447e-012 -1.77719e-012 -1.77719e-012
5.39 -1.83549e-005 8.57438e-012 1.51028e-011 -2.84683e-012 -2.84683e-012
5.4 -1.83941e-005 -2.27232e-012 1.37283e-011 -3.40745e-012 -3.40745e-012
5.41 -1.84627e-005 -9.52811e-012 -1.4293e-011 -3.5472e-012 -3.5472e-012
5.42 -1.85635e-005 1.67469e-012 8.11365e-012 -3.50476e-012 -3.50476e-012
5.43 -1.86926e-005 -7.68615e-012 -1.06196e-011 -3.52443e-012 -3.52443e-012
5.44 -1.88415e-005 5.5218e-012 6.92271e-012 -3.75428e-012 -3.75428e-012
5.45 -1.89979e-005 -1.38614e-012 5.84239e-014 -4.14494e-012 -4.14494e-012
5.46 -1.91462e-005 -1.62127e-012 -7.86861e-013 -4.46974e-012 -4.46974e-012
5.47 -1.92708e-005 -1.03791e-014 -1.70083e-013 -4.48701e-012 -4.48701e-012
5.48 -1.936e-005 -2.91653e-013 -2.14536e-013 -4.06498e-012 -4.06498e-012
5.49 -1.94085e-005 1.43918e-015 -2.56408e-013 -3.37651e-012 -3.37651e-012
5.5 -1.94193e-005 4.49452e-013 -7.75211e-013 -2.87545e-012 -2.87545e-012
5.51 -1.94033e-005 -3.81694e-013 3.79078e-013 -2.84857e-012 -2.84857e-012
5.52 -1.93736e-005 -1.76952e-013 -2.32839e-013 -3.17225e-012 -3.17225e-012
5.53 -1.9341e-005 -1.13062e-012 -1.02939e-012 -3.61465e-012 -3.61465e-012
5.54 -1.93146e-005 -1.60978e-012 -2.03986e-012 -4.07842e-012 -4.07842e-012
5.55 -1.92991e-005 1.53337e-010 2.11477e-010 -4.68388e-012 -4.68388e-012
5.56 -1.92952e-005 9.15899e-011 1.25658e-010 -5.23239e-012 -5.23239e-012
5.57 -1.92957e-005 -3.74339e-011 -5.27797e-011 -5.13341e-012 -5.13341e-012
5.58 -1.92924e-005 1.58346e-011 2.03459e-011 -4.5734e-012 -4.5734e-012
5.59 -1.92789e-005 -1.01185e-010 -1.00255e-010 -4.69037e-012 -4.69037e-012
5.6 -1.92551e-005 -2.52544e-011 -3.65613e-011 -6.33032e-012 -6.33032e-012
5.61 -1.92176e-005 -3.95426e-012 -6.39961e-012 -9.19276e-012 -9.19276e-012
5.62 -1.91692e-005 -1.42079e-011 -1.9689e-011 -1.30795e-011 -1.30795e-011
5.63 -1.91143e-005 -2.4422e-012 -9.11422e-012 -1.80898e-011 -1.80898e-011
5.64 -1.90554e-005 -9.08167e-012 -1.14832e-011 -2.35447e-011 -2.35447e-011
5.65 -1.8996e-005 -3.76495e-012 -7.46619e-012 -2.82903e-011 -2.82903e-011
5.66 -1.89401e-005 -3.38346e-012 -8.62059e-012 -3.09177e-011 -3.09177e-011
5.67 -1.8892e-005 -1.26749e-012 -2.26583e-012 -3.09897e-011 -3.09897e-011
5.68 -1.88535e-005 -2.84664e-012 -4.18525e-012 -2.97082e-011 -2.97082e-011
5.69 -1.88217e-005 -1.17249e-012 -2.09179e-012 -2.83445e-011 -2.83445e-011
5.7 -1.87895e-005 1.00621e-012 -4.14733e-012 -2.7384e-011 -2.7384e-011
5.71 -1.87498e-005 -8.97493e-012 -3.0453e-012 -2.7043e-011 -2.7043e-011
5.72 -1.86987e-005 -1.68336e-011 -2.76769e-011 -2.76806e-011 -2.76806e-011
5.73 -1.86342e-005 1.64446e-012 -5.57282e-012 -2.93346e-011 -2.93346e-011
5.74 -1.8553e-005 -6.14473e-013 1.86098e-012 -3.11968e-011 -3.11968e-011
5.75 -1.84509e-005 1.86584e-013 -8.04241e-013 -3.22291e-011 -3.22291e-011
5.76 -1.83234e-005 -1.26801e-013 2.58907e-013 -3.2119e-011 -3.2119e-011
5.77 -1.81691e-005 1.68698e-013 -5.10932e-013 -3.12517e-011 -3.12517e-011
5.78 -1.79906e-005 2.13114e-012 -3.11336e-012 -3.01423e-011 -3.01423e-011
5.79 -1.77953e-005 -1.13117e-013 2.34849e-013 -2.92052e-011 -2.92052e-011
5.8 -1.75969e-005 4.77294e-012 -6.71831e-012 -2.88545e-011 -2.88545e-011
5.81 -1.74126e-005 5.5746e-012 -6.81534e-012 -2.93923e-011 -2.93923e-011
5.82 -1.72543e-005 6.68735e-012 -6.309e-012 -3.05697e-011 -3.05697e-011
5.83 -1.7122e-005 -5.14078e-011 5.45108e-011 -3.1692e-011 -3.1692e-011
5.84 -1.70105e-005 -1.34095e-011 2.16058e-011 -3.19445e-011 -3.19445e-011
5.85 -1.6916e-005 3.18818e-011 -1.49011e-011 -3.06021e-011 -3.06021e-011
5.86 -1.68395e-005 1.31757e-010 7.35114e-011 -2.78554e-011 -2.78554e-011
5.87 -1.67809e-005 1.85063e-010 2.40897e-010 -2.49264e-011 -2.49264e-011
5.88 -1.67375e-005 -1.09993e-010 -1.12689e-010 -2.33097e-011 -2.33097e-011
5.89 -1.67095e-005 6.08478e-011 -3.59121e-011 -2.40378e-011 -2.40378e-011
5.9 -1.67019e-005 5.35588e-011 5.8462e-011 -2.72856e-011 -2.72856e-011
5.91 -1.6722e-005 2.71099e-011 6.92069e-011 -3.25502e-011 -3.25502e-011
5.92 -1.67786e-005 -8.01132e-012 -1.62688e-011 -3.86228e-011 -3.86228e-011
5.93 -1.68797e-005 6.49941e-012 1.97094e-011 -4.38314e-011 -4.38314e-011
5.94 -1.7029e-005 -1.58762e-012 -7.72899e-012 -4.69915e-011 -4.69915e-011
5.95 -1.72272e-005 3.93043e-014 1.44424e-011 -4.81036e-011 -4.81036e-011
5.96 -1.74728e-005 1.14568e-012 4.43569e-012 -4.77442e-011 -4.77442e-011
5.97 -1.77605e-005 1.65432e-012 2.5208e-012 -4.61317e-011 -4.61317e-011
5.98 -1.80814e-005 3.08696e-012 1.09728e-011 -4.34841e-011 -4.34841e-011
5.99 -1.84278e-005 7.64103e-012 1.12129e-011 -4.07487e-011 -4.07487e-011
6 -1.87983e-005 -1.39146e-012 1.46072e-011 -3.93294e-011 -3.93294e-011
6.01 -1.91987e-005 -2.15891e-012 6.71083e-012 -3.97993e-011 -3.97993e-011
6.02 -1.96394e-005 -1.33234e-011 1.33812e-011 -4.1295e-011 -4.1295e-011
6.03 -2.01305e-005 -4.30983e-011 4.34546e-011 -4.24099e-011 -4.24099e-011
6.04 -2.0683e-005 -4.85872e-011 3.38766e-011 -4.1921e-011 -4.1921e-011
6.05 -2.1295e-005 -8.43422e-011 3.0712e-011 -3.94309e-011 -3.94309e-011
6.06 -2.19525e-005 -6.50285e-011 1.35034e-011 -3.4733e-011 -3.4733e-011
6.07 -2.26277e-005 -5.8524e-011 1.84913e-012 -2.72983e-011 -2.72983e-011
6.08 -2.32814e-005 -5.70338e-011 1.33547e-011 -1.84054e-011 -1.84054e-011
6.09 -2.38727e-005 -3.54159e-011 1.12906e-011 -1.02878e-011 -1.02878e-011
6.1 -2.4362e-005 -7.04495e-011 -9.03485e-012 -3.22344e-012 -3.22344e-012
6.11 -2.47172e-005 -2.88803e-011 8.43214e-012 3.32885e-012 3.32885e-012
6.12 -2.49156e-005 -3.16683e-011 -1.53198e-011 7.52863e-012 7.52863e-012
6.13 -2.49486e-005 -7.56677e-011 -4.62775e-011 6.15035e-012 6.15035e-012
6.14 -2.48207e-005 -1.05302e-010 -1.10499e-010 -1.46747e-012 -1.46747e-012
6.15 -2.45433e-005 -4.46574e-011 -3.6114e-011 -1.28801e-011 -1.28801e-011
6.16 -2.41317e-005 -4.15768e-011 -5.46985e-012 -2.41699e-011 -2.41699e-011
6.17 -2.36044e-005 -3.99218e-011 1.74772e-012 -3.15274e-011 -3.15274e-011
6.18 -2.29787e-005 -5.81475e-011 -5.90427e-011 -3.28404e-011 -3.28404e-011
6.19 -2.22721e-005 -2.87265e-011 -4.36015e-011 -2.84828e-011 -2.84828e-011
6.2 -2.15028e-005 2.77854e-012 -1.92695e-011 -2.07158e-011 -2.07158e-011
6.21 -2.069e-005 -1.2815e-012 2.62629e-012 -1.22977e-011 -1.22977e-011
6.22 -1.98465e-005 2.80999e-012 -7.80432e-012 -5.70071e-012 -5.70071e-012
6.23 -1.89764e-005 8.21684e-012 -2.79624e-011 -2.77537e-012 -2.77537e-012
6.24 -1.80823e-005 6.70497e-011 -1.07457e-010 -4.71728e-012 -4.71728e-012
6.25 -1.71752e-005 2.51636e-010 -2.69354e-010 -1.0989e-011 -1.0989e-011
6.26 -1.62771e-005 1.37016e-010 -1.59785e-010 -1.93486e-011 -1.93486e-011
6.27 -1.54281e-005 2.53768e-010 -1.05428e-010 -2.7445e-011 -2.7445e-011
6.28 -1.46661e-005 -5.41266e-011 7.93139e-011 -3.09444e-011 -3.09444e-011
6.29 -1.40239e-005 -4.48357e-011 8.81207e-011 -2.48426e-011 -2.48426e-011
6.3 -1.35163e-005 -2.191e-010 -2.11177e-010 -9.22793e-012 -9.22793e-012
6.31 -1.31475e-005 -8.06433e-011 -1.03617e-010 1.04042e-011 1.04042e-011
6.32 -1.29203e-005 5.32004e-011 3.91359e-011 2.74089e-011 2.74089e-011
6.33 -1.2833e-005 1.38362e-011 2.03682e-012 3.66118e-011 3.66118e-011
6.34 -1.28827e-005 2.61657e-011 4.37494e-012 3.44695e-011 3.44695e-011
6.35 -1.30593e-005 3.81996e-011 -5.08708e-011 2.12231e-011 2.12231e-011
6.36 -1.33493e-005 1.1487e-010 2.2688e-011 3.10289e-012 3.10289e-012
6.37 -1.37298e-005 3.08494e-011 2.90121e-011 -1.14102e-011 -1.14102e-011
6.38 -1.41619e-005 -1.2059e-011 -1.16121e-011 -1.72662e-011 -1.72662e-011
6.39 -1.46107e-005 5.89508e-012 3.43231e-012 -1.38901e-011 -1.38901e-011
6.4 -1.50589e-005 -1.55783e-012 -2.58226e-012 -3.28907e-012 -3.28907e-012
6.41 -1.54994e-005 1.03962e-012 -5.49051e-014 1.05948e-011 1.05948e-011
6.42 -1.59272e-005 -1.04592e-012 -2.28496e-012 2.20961e-011 2.20961e-011
6.43 -1.63437e-005 -3.36291e-013 -4.62147e-012 2.62514e-011 2.62514e-011
6.44 -1.67618e-005 -1.92391e-011 -2.45481e-011 2.17885e-011 2.17885e-011
6.45 -1.71991e-005 -4.40897e-011 -3.88687e-011 1.15075e-011 1.15075e-011
6.46 -1.76706e-005 -1.4093e-010 -4.06904e-011 1.63983e-013 1.63983e-013
6.47 -1.81878e-005 -1.50816e-010 1.26649e-010 -7.68941e-012 -7.68941e-012
6.48 -1.87598e-005 1.30808e-010 2.31744e-011 -9.09452e-012 -9.09452e-012
6.49 -1.93909e-005 -1.70945e-010 5.34856e-011 -3.89538e-012 -3.89538e-012
6.5 -2.00736e-005 -2.25778e-010 1.20236e-010 5.52872e-012 5.52872e-012
6.51 -2.07821e-005 9.34305e-011 -4.94244e-011 1.46765e-011 1.46765e-011
6.52 -2.14867e-005 -3.77732e-011 2.14709e-011 1.71107e-011 1.71107e-011
6.53 -2.21651e-005 1.58543e-011 -8.68107e-012 1.13618e-011 1.13618e-011
6.54 -2.28025e-005 -7.12952e-012 9.22875e-012 3.67889e-012 3.67889e-012
6.55 -2.3387e-005 6.85509e-012 -5.28249e-012 -2.28128e-012 -2.28128e-012
6.56 -2.39057e-005 4.17247e-012 -1.48992e-012 -6.96722e-012 -6.96722e-012
6.57 -2.43445e-005 1.91388e-012 -1.27143e-012 -7.89484e-012 -7.89484e-012
6.58 -2.46875e-005 -8.69618e-011 1.07416e-010 -1.86857e-012 -1.86857e-012
6.59 -2.49255e-005 -4.21139e-011 3.75197e-011 9.22423e-012 9.22423e-012
6.6 -2.50527e-005 9.30917e-012 -1.23285e-011 1.94374e-011 1.94374e-011
6.61 -2.50646e-005 -3.70358e-011 4.1555e-011 2.43329e-011 2.43329e-011
6.62 -2.49638e-005 -1.60597e-011 1.53915e-011 2.36529e-011 2.36529e-011
6.63 -2.47516e-005 6.4517e-012 -6.0875e-012 1.91416e-011 1.91416e-011
6.64 -2.44323e-005 -2.31778e-012 4.45578e-012 1.23253e-011 1.23253e-011
6.65 -2.4016e-005 1.09996e-012 -1.10045e-012 5.32207e-012 5.32207e-012
6.66 -2.35161e-005 9.42621e-014 5.32592e-013 1.22148e-012 1.22148e-012
6.67 -2.29489e-005 -1.8109e-012 -5.30972e-012 2.02248e-012 2.02248e-012
6.68 -2.23263e-005 -2.98714e-012 -1.07643e-012 6.92624e-012 6.92624e-012
6.69 -2.16524e-005 -2.64955e-013 -7.05023e-013 1.32858e-011 1.32858e-011
6.7 -2.09257e-005 -1.02898e-013 -4.78087e-012 1.86412e-011 1.86412e-011
6.71 -2.01481e-005 7.95346e-013 -7.38554e-012 2.17348e-011 2.17348e-011
6.72 -1.93305e-005 -3.335e-013 -1.76147e-012 2.25395e-011 2.25395e-011
6.73 -1.84892e-005 1.51172e-011 -3.89314e-011 2.12527e-011 2.12527e-011
6.74 -1.76383e-005 2.38437e-010 -3.31638e-010 1.78616e-011 1.78616e-011
6.75 -1.67862e-005 6.71053e-011 1.62301e-010 1.37456e-011 1.37456e-011
6.76 -1.59403e-005 -5.21775e-010 5.41561e-010 9.29532e-012 9.29532e-012
6.77 -1.51115e-005 -1.31396e-010 2.83729e-010 3.30078e-012 3.30078e-012
6.78 -1.4298e-005 1.43153e-010 9.72709e-011 -9.91522e-013 -9.91522e-013
6.79 -1.34958e-005 6.00188e-012 1.39723e-011 3.11901e-013 3.11901e-013
6.8 -1.27058e-005 2.30247e-010 -3.56135e-010 6.26467e-012 6.26467e-012
6.81 -1.19349e-005 2.5479e-010 -6.18489e-011 1.73178e-011 1.73178e-011
6.82 -1.11902e-005 1.11404e-010 -6.30974e-011 3.69128e-011 3.69128e-011
6.83 -1.04829e-005 1.19634e-010 1.83357e-011 6.48741e-011 6.48741e-011
6.84 -9.84379e-006 4.01137e-010 -3.79787e-010 9.66254e-011 9.66254e-011
6.85 -9.3136e-006 2.20485e-010 -2.9765e-010 1.28457e-010 1.28457e-010
6.86 -8.93631e-006 1.1708e-010 -9.18244e-011 1.55909e-010 1.55909e-010
6.87 -8.75157e-006 1.64479e-010 -5.91291e-011 1.71767e-010 1.71767e-010
6.88 -8.79373e-006 1.92216e-010 -1.84673e-010 1.74145e-010 1.74145e-010
6.89 -9.07947e-006 -6.95576e-011 5.67214e-011 1.66443e-010 1.66443e-010
6.9 -9.61235e-006 2.94165e-011 -2.20643e-011 1.48648e-010 1.48648e-010
6.91 -1.03749e-005 -1.37115e-011 9.11604e-013 1.21963e-010 1.21963e-010
6.92 -1.13241e-005 8.46515e-013 -1.48344e-011 9.66795e-011 9.66795e-011
6.93 -1.24054e-005 -4.64712e-012 -7.29619e-013 8.37335e-011 8.37335e-011
6.94 -1.35693e-005 -3.07169e-011 -4.43229e-011 8.34605e-011 8.34605e-011
6.95 -1.47806e-005 -4.20929e-011 -3.737e-011 8.81002e-011 8.81002e-011
6.96 -1.60151e-005 -1.34037e-010 -7.44681e-011 9.03113e-011 9.03113e-011
6.97 -1.72534e-005 -1.95951e-010 4.53454e-011 8.66447e-011 8.66447e-011
6.98 -1.84799e-005 6.89748e-011 1.59646e-010 7.82832e-011 7.82832e-011
6.99 -1.96878e-005 3.10311e-010 -1.9137e-012 6.92187e-011 6.92187e-011
7 -2.08657e-005 1.24719e-010 -1.85412e-010 5.68352e-011 5.68352e-011
7.01 -2.19942e-005 -7.47415e-011 -2.75573e-011 3.72804e-011 3.72804e-011
7.02 -2.30405e-005 -2.21218e-010 -2.41086e-010 2.02027e-011 2.02027e-011
7.03 -2.3967e-005 -1.81839e-010 8.51867e-011 1.55872e-011 1.55872e-011
7.04 -2.47405e-005 -6.85168e-011 -1.40593e-011 1.69932e-011 1.69932e-011
7.05 -2.53656e-005 -7.89685e-011 4.35211e-011 1.2749e-011 1.2749e-011
7.06 -2.58627e-005 -3.55358e-010 -2.10417e-010 4.4246e-012 4.4246e-012
7.07 -2.62564e-005 -4.10233e-010 -5.42251e-011 3.49107e-012 3.49107e-012
7.08 -2.65815e-005 -1.04399e-009 2.49174e-010 1.62502e-011 1.62502e-011
7.09 -2.68679e-005 -1.14754e-009 5.84189e-010 3.99128e-011 3.99128e-011
7.1 -2.71491e-005 -1.45709e-010 -3.23079e-010 6.93131e-011 6.93131e-011
7.11 -2.74492e-005 -7.01755e-010 4.07517e-010 1.05157e-010 1.05157e-010
7.12 -2.77553e-005 -1.6961e-010 5.6936e-011 1.47868e-010 1.47868e-010
7.13 -2.80441e-005 -2.1336e-010 1.23672e-010 1.8645e-010 1.8645e-010
7.14 -2.82714e-005 -1.50316e-010 1.93732e-010 2.0741e-010 2.0741e-010
7.15 -2.839e-005 -1.54958e-010 1.85955e-010 2.07962e-010 2.07962e-010
7.16 -2.83576e-005 -2.69308e-012 3.34392e-011 1.93887e-010 1.93887e-010
7.17 -2.81454e-005 -3.26424e-012 4.94244e-012 1.72687e-010 1.72687e-010
7.18 -2.77415e-005 -1.90316e-012 1.07362e-012 1.50088e-010 1.50088e-010
7.19 -2.71528e-005 1.45338e-011 6.06898e-011 1.30757e-010 1.30757e-010
7.2 -2.63994e-005 -1.90648e-012 -5.77993e-012 1.19564e-010 1.19564e-010
7.21 -2.55097e-005 2.20067e-011 4.78523e-011 1.18886e-010 1.18886e-010
7.22 -2.4508e-005 4.78904e-011 1.04607e-010 1.25341e-010 1.25341e-010
7.23 -2.34078e-005 1.54602e-010 1.71054e-010 1.30875e-010 1.30875e-010
7.24 -2.2214e-005 -6.61385e-010 -9.05198e-010 1.29705e-010 1.29705e-010
7.25 -2.09334e-005 -2.63052e-010 -3.0473e-010 1.20102e-010 1.20102e-010
7.26 -1.95818e-005 1.74069e-010 1.0776e-010 1.02714e-010 1.02714e-010
7.27 -1.81605e-005 1.34837e-010 -4.56163e-010 8.28498e-011 8.28498e-011
7.28 -1.66861e-005 1.80007e-010 -9.0795e-011 6.50518e-011 6.50518e-011
7.29 -1.5179e-005 -2.98639e-010 3.86119e-010 5.0345e-011 5.0345e-011
7.3 -1.36847e-005 1.82767e-010 -1.45214e-010 4.11733e-011 4.11733e-011
7.31 -1.22367e-005 7.11349e-011 1.76082e-010 3.73941e-011 3.73941e-011
7.32 -1.08866e-005 2.2657e-010 -9.91751e-011 2.98153e-011 2.98153e-011
7.33 -9.65905e-006 1.68138e-009 2.37744e-010 7.98933e-012 7.98933e-012
7.34 -8.58389e-006 3.3739e-009 -1.40613e-009 -1.41641e-011 -1.41641e-011
7.35 -7.71423e-006 3.13515e-009 -3.5302e-009 9.18895e-012 9.18895e-012
7.36 -7.06933e-006 2.9876e-009 -1.374e-009 1.04235e-010 1.04235e-010
7.37 -6.6615e-006 9.37903e-010 -3.95887e-010 2.39991e-010 2.39991e-010
7.38 -6.51436e-006 9.94372e-010 -3.55286e-010 3.7544e-010 3.7544e-010
7.39 -6.61983e-006 8.95084e-010 -8.14356e-010 4.92358e-010 4.92358e-010
7.4 -6.97035e-006 6.24334e-010 -8.56523e-010 5.64671e-010 5.64671e-010
7.41 -7.5466e-006 1.5547e-010 -2.54733e-010 5.57087e-010 5.57087e-010
7.42 -8.30884e-006 -5.2692e-011 -1.10208e-010 4.6973e-010 4.6973e-010
7.43 -9.21001e-006 -1.40092e-010 -2.16019e-010 3.5001e-010 3.5001e-010
7.44 -1.02128e-005 -1.84508e-010 -1.70985e-010 2.52763e-010 2.52763e-010
7.45 -1.1297e-005 -1.0895e-010 -8.58317e-011 2.05825e-010 2.05825e-010
7.46 -1.24522e-005 -1.60213e-010 -1.24023e-010 2.09784e-010 2.09784e-010
7.47 -1.36789e-005 -9.23255e-011 -5.43053e-012 2.4989e-010 2.4989e-010
7.48 -1.4969e-005 -5.11888e-011 -3.2191e-011 2.98057e-010 2.98057e-010
7.49 -1.63093e-005 -5.71729e-012 -3.50557e-010 3.15568e-010 3.15568e-010
7.5 -1.76802e-005 -1.00087e-009 -1.67598e-009 2.73954e-010 2.73954e-010
7.51 -1.90535e-005 -2.97161e-009 -3.1895e-009 1.68749e-010 1.68749e-010
7.52 -2.03847e-005 -2.53933e-009 -2.94108e-009 8.14762e-012 8.14762e-012
7.53 -2.16039e-005 -1.02561e-009 -1.10826e-009 -1.84114e-010 -1.84114e-010
7.54 -2.26669e-005 -1.66798e-009 -1.81895e-009 -3.6629e-010 -3.6629e-010
7.55 -2.35274e-005 -1.17444e-009 -4.69586e-011 -5.05272e-010 -5.05272e-010
7.56 -2.41688e-005 -4.3556e-010 -2.75251e-010 -5.81514e-010 -5.81514e-010
7.57 -2.46232e-005 -3.10031e-010 -2.70765e-010 -5.84199e-010 -5.84199e-010
7.58 -2.4936e-005 -4.47317e-010 -3.15911e-010 -5.2551e-010 -5.2551e-010
7.59 -2.51329e-005 -9.64929e-010 -6.06019e-010 -4.39716e-010 -4.39716e-010
7.6 -2.52465e-005 -1.99749e-009 -1.73136e-009 -3.64052e-010 -3.64052e-010
7.61 -2.52895e-005 -1.35714e-009 -2.08589e-010 -3.21642e-010 -3.21642e-010
7.62 -2.52914e-005 1.84789e-010 1.48997e-010 -3.1494e-010 -3.1494e-010
7.63 -2.52706e-005 -7.58853e-011 -7.47418e-011 -3.29295e-010 -3.29295e-010
7.64 -2.52197e-005 3.69458e-011 1.31193e-011 -3.41993e-010 -3.41993e-010
7.65 -2.5128e-005 -1.33646e-011 -1.37898e-011 -3.31715e-010 -3.31715e-010
7.66 -2.49744e-005 7.5914e-013 3.41975e-011 -2.86011e-010 -2.86011e-010
7.67 -2.47405e-005 5.79232e-012 -8.31517e-011 -2.05701e-010 -2.05701e-010
7.68 -2.442e-005 1.40545e-011 -1.45014e-010 -1.05303e-010 -1.05303e-010
7.69 -2.40286e-005 7.7327e-012 2.29092e-010 -8.93938e-012 -8.93938e-012
7.7 -2.35911e-005 -4.58677e-010 -5.56233e-010 6.14557e-011 6.14557e-011
7.71 -2.31218e-005 -1.36224e-009 -1.69783e-009 9.38271e-011 9.38271e-011
7.72 -2.25917e-005 -2.38834e-009 -2.47503e-009 8.25302e-011 8.25302e-011
7.73 -2.20569e-005 -5.00456e-010 1.32113e-010 2.93606e-011 2.93606e-011
7.74 -2.15058e-005 -9.68752e-011 -6.8457e-011 -4.76073e-011 -4.76073e-011
7.75 -2.09276e-005 4.52688e-010 1.46763e-010 -1.23567e-010 -1.23567e-010
7.76 -2.033e-005 8.2107e-010 8.73633e-010 -2.08386e-010 -2.08386e-010
7.77 -1.96943e-005 2.22778e-009 3.62504e-009 -3.5082e-010 -3.5082e-010
7.78 -1.90362e-005 6.60611e-009 7.86635e-009 -5.69649e-010 -5.69649e-010
7.79 -1.83335e-005 3.88148e-009 4.3105e-009 -8.2054e-010 -8.2054e-010
7.8 -1.76295e-005 2.26191e-009 2.44297e-009 -1.04138e-009 -1.04138e-009
7.81 -1.69442e-005 8.75064e-010 -4.24496e-010 -1.19287e-009 -1.19287e-009
7.82 -1.6301e-005 1.62045e-010 7.88656e-010 -1.25293e-009 -1.25293e-009
7.83 -1.56957e-005 1.63684e-009 1.75527e-009 -1.20149e-009 -1.20149e-009
7.84 -1.51034e-005 8.35433e-010 2.86251e-010 -1.04535e-009 -1.04535e-009
7.85 -1.45055e-005 -1.21267e-010 -2.69161e-011 -8.37015e-010 -8.37015e-010
7.86 -1.38902e-005 2.63694e-010 -2.39046e-010 -6.46018e-010 -6.46018e-010
7.87 -1.32327e-005 -6.39426e-011 1.61216e-010 -5.25651e-010 -5.25651e-010
7.88 -1.25314e-005 1.7386e-010 -1.17899e-010 -4.91487e-010 -4.91487e-010
7.89 -1.17985e-005 -1.74859e-010 5.52925e-010 -5.18026e-010 -5.18026e-010
7.9 -1.10846e-005 -2.88775e-011 2.7792e-010 -5.57941e-010 -5.57941e-010
7.91 -1.04589e-005 3.55124e-011 -2.64033e-010 -5.6229e-010 -5.6229e-010
7.92 -9.99846e-006 -2.00619e-012 1.12461e-010 -4.95924e-010 -4.95924e-010
7.93 -9.77858e-006 -1.2357e-011 -3.06087e-010 -3.51717e-010 -3.51717e-010
7.94 -9.83586e-006 -8.65128e-011 -2.02392e-010 -1.55417e-010 -1.55417e-010
7.95 -1.01824e-005 -3.78382e-010 -4.86636e-010 4.60468e-011 4.60468e-011
7.96 -1.07956e-005 4.28095e-010 9.81645e-010 2.0245e-010 2.0245e-010
7.97 -1.1593e-005 1.79712e-010 6.70792e-010 2.79186e-010 2.79186e-010
7.98 -1.25175e-005 -1.0915e-009 -1.09777e-009 2.63909e-010 2.63909e-010
7.99 -1.34966e-005 -5.51332e-010 -1.10408e-010 1.55841e-010 1.55841e-010
8 -1.44575e-005 -7.77706e-010 -6.16659e-010 -2.16937e-011 -2.16937e-011
8.01 -1.53588e-005 1.1311e-010 -8.63133e-010 -2.1568e-010 -2.1568e-010
8.02 -1.62028e-005 -1.86743e-009 -3.70792e-009 -3.86173e-010 -3.86173e-010
8.03 -1.70294e-005 -4.27858e-009 -7.24372e-009 -5.3988e-010 -5.3988e-010
8.04 -1.78967e-005 -8.25183e-009 -1.24157e-008 -7.09366e-010 -7.09366e-010
8.05 -1.88176e-005 -8.09117e-009 -7.35024e-009 -9.00341e-010 -9.00341e-010
8.06 -1.98357e-005 -5.97363e-009 -3.79331e-009 -1.09018e-009 -1.09018e-009
8.07 -2.09486e-005 -2.77517e-009 -1.04156e-009 -1.26747e-009 -1.26747e-009
8.08 -2.21515e-005 -2.06157e-009 -6.04147e-010 -1.4196e-009 -1.4196e-009
8.09 -2.33856e-005 -1.60047e-009 4.66538e-010 -1.50657e-009 -1.50657e-009
8.1 -2.45916e-005 -5.54387e-010 -6.26969e-010 -1.48087e-009 -1.48087e-009
8.11 -2.57072e-005 -1.48608e-009 -1.7794e-009 -1.34026e-009 -1.34026e-009
8.12 -2.66358e-005 -2.38388e-009 -1.80871e-009 -1.14376e-009 -1.14376e-009
8.13 -2.73169e-005 -1.43562e-009 1.07744e-010 -9.59157e-010 -9.59157e-010
8.14 -2.77196e-005 -7.79443e-010 4.54406e-011 -8.27265e-010 -8.27265e-010
8.15 -2.78287e-005 -7.03679e-010 2.72269e-010 -7.68757e-010 -7.68757e-010
8.16 -2.7679e-005 -2.68252e-010 2.85021e-010 -7.82116e-010 -7.82116e-010
8.17 -2.73304e-005 -2.32186e-011 -1.15585e-011 -8.33328e-010 -8.33328e-010
8.18 -2.68443e-005 -7.73745e-011 2.84705e-010 -8.65353e-010 -8.65353e-010
8.19 -2.62837e-005 -6.62001e-011 2.03989e-010 -8.30798e-010 -8.30798e-010
8.2 -2.5696e-005 1.81464e-011 -4.33249e-011 -7.18677e-010 -7.18677e-010
8.21 -2.51117e-005 -1.67225e-011 -4.59443e-010 -5.51027e-010 -5.51027e-010
8.22 -2.45511e-005 -2.08522e-010 -1.70244e-010 -3.69494e-010 -3.69494e-010
8.23 -2.40209e-005 -5.48688e-010 -1.02248e-009 -2.26622e-010 -2.26622e-010
8.24 -2.35345e-005 -3.00919e-009 -4.1069e-009 -1.6519e-010 -1.6519e-010
8.25 -2.29884e-005 -4.46154e-009 -3.92682e-009 -2.12705e-010 -2.12705e-010
8.26 -2.24345e-005 -4.1021e-010 1.11988e-009 -3.77087e-010 -3.77087e-010
8.27 -2.18995e-005 -1.72457e-009 -5.3448e-010 -6.16599e-010 -6.16599e-010
8.28 -2.13759e-005 3.83458e-010 1.68358e-010 -8.58419e-010 -8.58419e-010
8.29 -2.08869e-005 -5.1737e-010 1.85169e-010 -1.0485e-009 -1.0485e-009
8.3 -2.04488e-005 5.35751e-010 1.07037e-010 -1.16173e-009 -1.16173e-009
8.31 -2.00953e-005 2.12078e-011 1.43667e-009 -1.19165e-009 -1.19165e-009
8.32 -1.98703e-005 2.98552e-009 6.64848e-009 -1.16622e-009 -1.16622e-009
8.33 -1.97636e-005 5.66693e-009 8.30024e-009 -1.14304e-009 -1.14304e-009
8.34 -1.97525e-005 1.72914e-009 1.17413e-009 -1.15864e-009 -1.15864e-009
8.35 -1.98562e-005 6.87153e-010 1.09009e-009 -1.21874e-009 -1.21874e-009
8.36 -2.00204e-005 -1.03773e-010 -2.91276e-010 -1.31377e-009 -1.31377e-009
8.37 -2.02365e-005 4.12708e-009 6.38456e-009 -1.41508e-009 -1.41508e-009
8.38 -2.04291e-005 1.62208e-009 2.41285e-009 -1.47809e-009 -1.47809e-009
8.39 -2.06036e-005 -6.72113e-010 -9.9143e-010 -1.46551e-009 -1.46551e-009
8.4 -2.07573e-005 3.98364e-010 3.16766e-010 -1.37113e-009 -1.37113e-009
8.41 -2.08786e-005 -3.40151e-011 -2.2831e-010 -1.22189e-009 -1.22189e-009
8.42 -2.09906e-005 2.63678e-011 8.83215e-011 -1.05849e-009 -1.05849e-009
8.43 -2.11138e-005 1.24645e-010 -9.14816e-011 -9.13591e-010 -9.13591e-010
8.44 -2.12716e-005 -1.919e-010 1.15827e-010 -8.05752e-010 -8.05752e-010
8.45 -2.14908e-005 -6.29143e-011 3.96304e-011 -7.40377e-010 -7.40377e-010
8.46 -2.17946e-005 -4.19562e-010 7.11943e-011 -7.03128e-010 -7.03128e-010
8.47 -2.21805e-005 -6.94354e-010 1.63084e-011 -6.6195e-010 -6.6195e-010
8.48 -2.26439e-005 -1.76582e-009 -7.05783e-010 -5.89998e-010 -5.89998e-010
8.49 -2.31906e-005 -3.92761e-009 -3.09638e-009 -4.92806e-010 -4.92806e-010
8.5 -2.36665e-005 -2.66091e-009 -3.7716e-009 -4.01122e-010 -4.01122e-010
8.51 -2.41177e-005 -1.74702e-010 -3.26631e-010 -3.4645e-010 -3.4645e-010
8.52 -2.45378e-005 8.52066e-011 5.95125e-010 -3.65334e-010 -3.65334e-010
8.53 -2.48507e-005 -1.58686e-010 -3.52303e-010 -4.80681e-010 -4.80681e-010
8.54 -2.5025e-005 4.90597e-011 4.55592e-010 -6.69913e-010 -6.69913e-010
8.55 -2.50484e-005 -3.6684e-011 1.8312e-010 -8.83651e-010 -8.83651e-010
8.56 -2.49334e-005 1.48559e-011 -2.76962e-011 -1.07786e-009 -1.07786e-009
8.57 -2.47022e-005 -3.8492e-011 1.52841e-010 -1.21192e-009 -1.21192e-009
8.58 -2.43924e-005 -2.43253e-012 -2.19827e-010 -1.25146e-009 -1.25146e-009
8.59 -2.40381e-005 -2.8739e-011 -3.49388e-011 -1.20727e-009 -1.20727e-009
8.6 -2.3675e-005 5.96627e-012 4.6809e-011 -1.13564e-009 -1.13564e-009
8.61 -2.33519e-005 -2.28346e-009 -4.0634e-009 -1.09036e-009 -1.09036e-009
8.62 -2.30824e-005 -4.06511e-009 -5.89504e-009 -1.10634e-009 -1.10634e-009
8.63 -2.28634e-005 2.81039e-010 9.63566e-010 -1.19339e-009 -1.19339e-009
8.64 -2.27496e-005 -4.03108e-010 -7.55771e-010 -1.31692e-009 -1.31692e-009
8.65 -2.27123e-005 -2.19705e-009 -2.04576e-009 -1.42249e-009 -1.42249e-009
8.66 -2.27284e-005 -1.37238e-009 -2.02816e-009 -1.47484e-009 -1.47484e-009
8.67 -2.2779e-005 5.28207e-010 5.82346e-010 -1.45772e-009 -1.45772e-009
8.68 -2.28546e-005 -2.18094e-010 -2.39512e-010 -1.36715e-009 -1.36715e-009
8.69 -2.29113e-005 8.65719e-011 1.04533e-010 -1.22244e-009 -1.22244e-009
8.7 -2.29363e-005 -3.80585e-011 -3.91469e-011 -1.06698e-009 -1.06698e-009
8.71 -2.29156e-005 2.52673e-011 -8.13089e-012 -9.4355e-010 -9.4355e-010
8.72 -2.28417e-005 -1.47635e-011 6.54041e-012 -8.70442e-010 -8.70442e-010
8.73 -2.27027e-005 -6.0468e-013 7.85172e-012 -8.38803e-010 -8.38803e-010
8.74 -2.24891e-005 -2.53686e-012 2.41444e-012 -8.25302e-010 -8.25302e-010
8.75 -2.22006e-005 2.29013e-012 -4.59599e-012 -8.04489e-010 -8.04489e-010
8.76 -2.18467e-005 -4.96097e-012 2.09861e-012 -7.53835e-010 -7.53835e-010
8.77 -2.14458e-005 -1.85539e-011 3.68702e-011 -6.59395e-010 -6.59395e-010
8.78 -2.09998e-005 -1.39347e-011 -2.71363e-011 -5.33321e-010 -5.33321e-010
8.79 -2.05071e-005 1.04631e-009 1.2568e-009 -4.17873e-010 -4.17873e-010
8.8 -2.00009e-005 -9.9747e-009 -1.01221e-008 -3.52775e-010 -3.52775e-010
8.81 -1.92072e-005 -5.84636e-009 -4.22067e-009 -3.71834e-010 -3.71834e-010
8.82 -1.83874e-005 2.59156e-009 1.59334e-009 -5.01092e-010 -5.01092e-010
8.83 -1.74308e-005 2.86277e-010 -1.8056e-009 -7.12697e-010 -7.12697e-010
8.84 -1.63193e-005 6.90544e-010 -2.70398e-010 -9.3919e-010 -9.3919e-010
8.85 -1.51213e-005 -3.33001e-010 1.30079e-010 -1.12606e-009 -1.12606e-009
8.86 -1.39034e-005 1.45367e-009 5.88336e-010 -1.23758e-009 -1.23758e-009
8.87 -1.27469e-005 5.72011e-009 3.17894e-009 -1.24545e-009 -1.24545e-009
8.88 -1.17132e-005 2.17099e-009 1.26985e-009 -1.14515e-009 -1.14515e-009
8.89 -1.08982e-005 2.32606e-009 1.63493e-009 -9.83657e-010 -9.83657e-010
8.9 -1.03165e-005 7.84853e-010 2.78823e-011 -8.44572e-010 -8.44572e-010
8.91 -9.96837e-006 1.81342e-010 6.02608e-011 -7.90246e-010 -7.90246e-010
8.92 -9.8475e-006 5.17789e-010 3.19447e-010 -8.18137e-010 -8.18137e-010
8.93 -9.90533e-006 1.07429e-009 8.28821e-010 -8.80008e-010 -8.80008e-010
8.94 -1.00709e-005 7.54443e-010 1.40964e-010 -9.35592e-010 -9.35592e-010
8.95 -1.0274e-005 6.25289e-010 -1.82717e-010 -9.65983e-010 -9.65983e-010
8.96 -1.0462e-005 2.49954e-010 -1.69904e-011 -9.51667e-010 -9.51667e-010
8.97 -1.06082e-005 -1.00702e-010 4.24278e-012 -8.75821e-010 -8.75821e-010
8.98 -1.07183e-005 4.57069e-011 -4.97586e-012 -7.50498e-010 -7.50498e-010
8.99 -1.08253e-005 -1.7249e-011 -1.43175e-011 -6.17477e-010 -6.17477e-010
9 -1.09851e-005 1.09642e-011 -2.96518e-011 -5.15495e-010 -5.15495e-010
9.01 -1.1256e-005 -1.23777e-011 8.27773e-011 -4.56436e-010 -4.56436e-010
9.02 -1.1686e-005 8.65249e-013 9.44864e-012 -4.31959e-010 -4.31959e-010
9.03 -1.22949e-005 -5.05415e-012 -6.2724e-011 -4.27663e-010 -4.27663e-010
9.04 -1.30745e-005 1.26973e-011 -2.79137e-011 -4.25726e-010 -4.25726e-010
9.05 -1.39917e-005 -4.4743e-010 -1.06142e-009 -4.06607e-010 -4.06607e-010
9.06 -1.50051e-005 -3.13791e-009 -3.9722e-009 -3.69433e-010 -3.69433e-010
9.07 -1.60261e-005 -3.4843e-010 1.6194e-010 -3.42092e-010 -3.42092e-010
9.08 -1.69848e-005 -1.21922e-009 -5.44285e-010 -3.51391e-010 -3.51391e-010
9.09 -1.79104e-005 -6.53714e-010 -1.45059e-010 -4.06111e-010 -4.06111e-010
9.1 -1.87859e-005 -3.89667e-010 -1.87259e-010 -5.10283e-010 -5.10283e-010
9.11 -1.96209e-005 5.16672e-011 -6.1596e-010 -6.58871e-010 -6.58871e-010
9.12 -2.04506e-005 4.6133e-010 -2.62748e-010 -8.25961e-010 -8.25961e-010
9.13 -2.13296e-005 -5.40804e-011 -3.64004e-011 -9.70219e-010 -9.70219e-010
9.14 -2.22746e-005 2.2133e-010 -3.31267e-010 -1.05538e-009 -1.05538e-009
9.15 -2.32949e-005 1.37599e-010 -2.89948e-010 -1.07504e-009 -1.07504e-009
9.16 -2.43682e-005 -5.85841e-011 1.24722e-010 -1.0476e-009 -1.0476e-009
9.17 -2.54406e-005 2.83619e-011 -5.5633e-011 -9.97627e-010 -9.97627e-010
9.18 -2.64521e-005 -1.29336e-011 2.48791e-011 -9.5056e-010 -9.5056e-010
9.19 -2.7341e-005 -2.97504e-012 1.31081e-011 -9.23115e-010 -9.23115e-010
9.2 -2.80573e-005 -9.80567e-010 5.46904e-010 -9.22714e-010 -9.22714e-010
9.21 -2.85672e-005 -2.24128e-009 9.19592e-010 -9.52185e-010 -9.52185e-010
9.22 -2.88513e-005 -1.47968e-009 8.92163e-010 -9.98374e-010 -9.98374e-010
9.23 -2.89336e-005 -9.43968e-010 2.50041e-010 -1.02898e-009 -1.02898e-009
9.24 -2.88615e-005 -6.29344e-010 4.00981e-010 -1.01725e-009 -1.01725e-009
9.25 -2.86762e-005 -4.4932e-010 -1.11958e-010 -9.64154e-010 -9.64154e-010
9.26 -2.84295e-005 -1.5873e-009 6.14516e-010 -8.9022e-010 -8.9022e-010
9.27 -2.81391e-005 -6.14912e-010 6.19503e-010 -8.16882e-010 -8.16882e-010
9.28 -2.78091e-005 1.14755e-010 -8.48309e-011 -7.58405e-010 -7.58405e-010
9.29 -2.74067e-005 -5.42151e-011 3.80377e-011 -7.22688e-010 -7.22688e-010
9.3 -2.68787e-005 1.54094e-011 -1.38694e-011 -7.10396e-010 -7.10396e-010
9.31 -2.61775e-005 -1.35364e-011 8.50491e-012 -7.10482e-010 -7.10482e-010
9.32 -2.52634e-005 -1.91963e-012 -1.15403e-013 -7.03356e-010 -7.03356e-010
9.33 -2.41139e-005 -7.40206e-012 2.02436e-012 -6.71828e-010 -6.71828e-010
9.34 -2.27333e-005 -8.48416e-012 -3.82629e-012 -6.10033e-010 -6.10033e-010
9.35 -2.11727e-005 -1.2693e-011 -4.64139e-012 -5.24514e-010 -5.24514e-010
9.36 -1.94953e-005 -1.25436e-011 -3.76641e-013 -4.34193e-010 -4.34193e-010
9.37 -1.78207e-005 3.93738e-010 2.94868e-009 -3.59928e-010 -3.59928e-010
9.38 -1.61453e-005 -7.32942e-009 -8.10386e-009 -3.21585e-010 -3.21585e-010
9.39 -1.44241e-005 -1.64307e-009 1.34024e-009 -3.46368e-010 -3.46368e-010
9.4 -1.30038e-005 1.23598e-009 -9.01382e-010 -4.3326e-010 -4.3326e-010
9.41 -1.16392e-005 4.16865e-010 2.03694e-010 -5.4009e-010 -5.4009e-010
9.42 -1.04279e-005 -1.90316e-010 -7.80796e-011 -6.32743e-010 -6.32743e-010
9.43 -9.2639e-006 7.08407e-011 3.85057e-011 -6.97914e-010 -6.97914e-010
9.44 -8.14941e-006 8.19832e-009 -3.7042e-009 -7.16249e-010 -7.16249e-010
9.45 -7.09845e-006 2.6444e-008 -1.46044e-008 -6.6581e-010 -6.6581e-010
9.46 -6.02472e-006 1.66875e-008 -6.2648e-009 -5.45171e-010 -5.45171e-010
9.47 -4.9301e-006 3.64556e-009 5.29194e-010 -3.96e-010 -3.96e-010
9.48 -3.93796e-006 3.77353e-009 -6.64161e-010 -2.80748e-010 -2.80748e-010
9.49 -3.06032e-006 1.80447e-009 -4.75625e-012 -2.07774e-010 -2.07774e-010
9.5 -2.34008e-006 6.22176e-010 -8.11792e-010 -1.48282e-010 -1.48282e-010
9.51 -1.84438e-006 2.25951e-010 1.90148e-010 -1.01951e-010 -1.01951e-010
9.52 -1.63257e-006 3.85534e-009 1.67828e-009 -8.16673e-011 -8.16673e-011
9.53 -1.72533e-006 4.65078e-009 -1.59519e-009 -7.80695e-011 -7.80695e-011
9.54 -2.11419e-006 1.08705e-009 -2.05129e-009 -7.09975e-011 -7.09975e-011
9.55 -2.77494e-006 -1.09136e-010 1.58503e-010 -5.74981e-011 -5.74981e-011
9.56 -3.64582e-006 8.467e-011 -1.97749e-010 -4.12736e-011 -4.12736e-011
9.57 -4.65606e-006 -1.19576e-011 2.17073e-010 -1.60489e-011 -1.60489e-011
9.58 -5.74173e-006 1.57809e-011 -2.14482e-011 2.24009e-011 2.24009e-011
9.59 -6.84294e-006 -6.35831e-011 -1.83659e-010 6.50212e-011 6.50212e-011
9.6 -7.91549e-006 -1.01711e-010 -3.58264e-010 9.77339e-011 9.77339e-011
9.61 -8.9401e-006 -2.09264e-011 -4.33668e-011 1.15626e-010 1.15626e-010
9.62 -9.93546e-006 1.47357e-010 4.55947e-010 1.24953e-010 1.24953e-010
9.63 -1.09399e-005 -6.65861e-010 -1.33996e-009 1.32014e-010 1.32014e-010
9.64 -1.20031e-005 -1.89765e-009 -2.54029e-009 1.30094e-010 1.30094e-010
9.65 -1.31588e-005 -2.40284e-009 -2.12232e-009 9.89313e-011 9.89313e-011
9.66 -1.43797e-005 2.27959e-009 2.03099e-009 3.14139e-011 3.14139e-011
9.67 -1.56682e-005 2.51361e-009 -1.09904e-010 -5.40606e-011 -5.40606e-011
9.68 -1.7049e-005 2.73959e-009 -1.50911e-009 -1.57067e-010 -1.57067e-010
9.69 -1.84692e-005 2.63906e-009 -2.68091e-009 -3.06609e-010 -3.06609e-010
9.7 -1.9884e-005 1.97157e-009 -2.62088e-009 -5.04039e-010 -5.04039e-010
9.71 -2.12573e-005 9.54731e-010 -1.64004e-009 -7.07775e-010 -7.07775e-010
9.72 -2.25509e-005 2.73955e-010 -4.91996e-010 -8.7466e-010 -8.7466e-010
9.73 -2.3702e-005 7.33378e-011 -1.68486e-010 -9.80425e-010 -9.80425e-010
9.74 -2.47086e-005 2.77949e-010 -5.01532e-010 -1.02389e-009 -1.02389e-009
9.75 -2.55742e-005 -1.11501e-010 1.99248e-010 -1.0084e-009 -1.0084e-009
9.76 -2.6302e-005 6.41328e-011 -1.42629e-010 -9.29996e-010 -9.29996e-010
9.77 -2.69115e-005 -5.31182e-011 1.30944e-010 -8.22234e-010 -8.22234e-010
9.78 -2.74264e-005 -1.4049e-011 3.21177e-011 -7.54622e-010 -7.54622e-010
9.79 -2.78641e-005 -3.35284e-011 2.29017e-011 -7.63482e-010 -7.63482e-010
9.8 -2.8235e-005 -2.57521e-009 6.26203e-011 -8.28197e-010 -8.28197e-010
9.81 -2.85057e-005 -1.1309e-009 4.43701e-010 -9.08727e-010 -9.08727e-010
9.82 -2.86717e-005 -5.59433e-010 -1.06424e-010 -9.75935e-010 -9.75935e-010
9.83 -2.87045e-005 -1.77215e-009 5.54327e-010 -1.00707e-009 -1.00707e-009
9.84 -2.85557e-005 1.77673e-010 1.7409e-010 -9.79708e-010 -9.79708e-010
9.85 -2.82219e-005 -8.03698e-011 -6.8998e-011 -8.89516e-010 -8.89516e-010
9.86 -2.76876e-005 2.64625e-011 3.01636e-011 -7.6341e-010 -7.6341e-010
9.87 -2.69529e-005 -9.32726e-012 -3.69724e-011 -6.40718e-010 -6.40718e-010
9.88 -2.60327e-005 -3.95717e-012 2.45974e-011 -5.46522e-010 -5.46522e-010
9.89 -2.4957e-005 -4.08066e-012 -1.20865e-011 -4.86488e-010 -4.86488e-010
9.9 -2.37673e-005 -5.86298e-012 -4.39691e-012 -4.56497e-010 -4.56497e-010
9.91 -2.2512e-005 -1.41605e-011 -1.89752e-013 -4.44235e-010 -4.44235e-010
9.92 -2.12472e-005 -8.69293e-011 -1.34023e-010 -4.33668e-010 -4.33668e-010
9.93 -2.00087e-005 5.53419e-010 3.02328e-010 -4.26195e-010 -4.26195e-010
9.94 -1.88158e-005 -4.20466e-009 -6.24606e-009 -4.2949e-010 -4.2949e-010
9.95 -1.74557e-005 1.27877e-008 -3.6957e-009 -4.21874e-010 -4.21874e-010
9.96 -1.61444e-005 6.08795e-009 -6.91619e-009 -4.02095e-010 -4.02095e-010
9.97 -1.47903e-005 -2.66721e-011 -7.42996e-010 -4.25857e-010 -4.25857e-010
9.98 -1.3425e-005 4.01606e-010 -3.12062e-010 -5.17704e-010 -5.17704e-010
9.99 -1.2034e-005 -1.32943e-010 1.74365e-011 -6.32338e-010 -6.32338e-010
10 -1.06998e-005 1.61072e-008 1.88738e-008 -7.26764e-010 -7.26764e-010
