0.1 -2.33752e-006 4.58006e-007 1.75984e-007 -5.37227e-022 -5.37227e-022
0.2 -4.67729e-006 9.16331e-007 3.5211e-007 -2.02694e-021 -2.02694e-021
0.3 -7.01931e-006 1.37498e-006 5.28377e-007 3.93996e-020 3.93996e-020
0.4 -9.36358e-006 1.83394e-006 7.04787e-007 4.0961e-020 4.0961e-020
0.5 -1.17101e-005 2.29323e-006 8.81339e-007 3.80629e-020 3.80629e-020
0.6 -1.40589e-005 2.75284e-006 1.05804e-006 4.24804e-020 4.24804e-020
0.7 -1.641e-005 3.21278e-006 1.23487e-006 5.1466e-020 5.1466e-020
0.8 -1.87634e-005 3.67304e-006 1.41186e-006 3.2253e-020 3.2253e-020
0.9 -2.1119e-005 4.13363e-006 1.58898e-006 3.15547e-020 3.15547e-020
1 -2.3477e-005 4.59454e-006 1.76626e-006 2.53482e-020 2.53482e-020
0.01 -1.66552e-005 2.9814e-006 3.12431e-005 2.70418e-009 2.70418e-009
0.02 -2.8128e-005 5.40699e-006 -9.0776e-006 8.93717e-009 8.93717e-009
0.03 -2.44421e-005 4.32982e-006 6.98226e-006 8.10113e-009 8.10113e-009
0.04 -2.70058e-005 4.74851e-006 -3.39411e-007 -5.01504e-009 -5.01504e-009
0.05 -2.60583e-005 4.59732e-006 2.72738e-006 -1.60875e-008 -1.60875e-008
0.06 -2.64835e-005 4.6624e-006 1.61062e-006 -1.41487e-008 -1.41487e-008
0.07 -2.63198e-005 4.5781e-006 2.24045e-006 -5.10665e-009 -5.10665e-009
0.08 -2.63792e-005 4.5613e-006 2.1457e-006 1.72149e-009 1.72149e-009
0.09 -2.63446e-005 4.54839e-006 2.29875e-006 3.83391e-009 3.83391e-009
0.1 -2.63521e-005 4.5545e-006 2.24313e-006 3.81062e-009 3.81062e-009
0.11 -2.63493e-005 4.5536e-006 2.14432e-006 4.57697e-009 4.57697e-009
0.12 -2.6357e-005 4.55005e-006 1.96497e-006 6.75527e-009 6.75527e-009
0.13 -2.63617e-005 4.5559e-006 1.79753e-006 8.061e-009 8.061e-009
0.14 -2.63636e-005 4.58755e-006 1.69273e-006 5.72428e-009 5.72428e-009
0.15 -2.63598e-005 4.64157e-006 1.68294e-006 2.15754e-010 2.15754e-010
0.16 -2.6353e-005 4.6962e-006 1.75011e-006 -4.80296e-009 -4.80296e-009
0.17 -2.63468e-005 4.7331e-006 1.85837e-006 -6.66737e-009 -6.66737e-009
0.18 -2.63448e-005 4.7522e-006 1.97234e-006 -6.20608e-009 -6.20608e-009
0.19 -2.63498e-005 4.76122e-006 2.06124e-006 -5.50794e-009 -5.50794e-009
0.2 -2.63638e-005 4.76063e-006 2.09618e-006 -4.87228e-009 -4.87228e-009
0.21 -2.6387e-005 4.74543e-006 2.06106e-006 -3.09697e-009 -3.09697e-009
0.22 -2.64169e-005 4.71709e-006 1.96632e-006 1.82549e-010 1.82549e-010
0.23 -2.6449e-005 4.68671e-006 1.84715e-006 3.67244e-009 3.67244e-009
0.24 -2.64781e-005 4.66663e-006 1.74554e-006 5.75478e-009 5.75478e-009
0.25 -2.65e-005 4.66218e-006 1.69128e-006 5.88319e-009 5.88319e-009
0.26 -2.65129e-005 4.67145e-006 1.69326e-006 4.60149e-009 4.60149e-009
0.27 -2.65169e-005 4.69014e-006 1.74105e-006 2.68223e-009 2.68223e-009
0.28 -2.65141e-005 4.71522e-006 1.81141e-006 5.21791e-010 5.21791e-010
0.29 -2.65076e-005 4.74453e-006 1.876e-006 -1.75273e-009 -1.75273e-009
0.3 -2.65007e-005 4.77485e-006 1.90904e-006 -3.84799e-009 -3.84799e-009
0.31 -2.6496e-005 4.80195e-006 1.89485e-006 -5.17177e-009 -5.17177e-009
0.32 -2.6495e-005 4.82261e-006 1.83368e-006 -5.20157e-009 -5.20157e-009
0.33 -2.64975e-005 4.83651e-006 1.74225e-006 -3.93022e-009 -3.93022e-009
0.34 -2.65026e-005 4.84573e-006 1.64745e-006 -1.87725e-009 -1.87725e-009
0.35 -2.65089e-005 4.85273e-006 1.57556e-006 3.07303e-010 3.07303e-010
0.36 -2.65156e-005 4.85853e-006 1.54313e-006 2.17793e-009 2.17793e-009
0.37 -2.65225e-005 4.86294e-006 1.55331e-006 3.48859e-009 3.48859e-009
0.38 -2.65301e-005 4.86593e-006 1.59717e-006 4.03844e-009 4.03844e-009
0.39 -2.65392e-005 4.86789e-006 1.65773e-006 3.6685e-009 3.6685e-009
0.4 -2.65504e-005 4.86886e-006 1.71509e-006 2.41555e-009 2.41555e-009
0.41 -2.65637e-005 4.86822e-006 1.75218e-006 5.98922e-010 5.98922e-010
0.42 -2.65784e-005 4.86522e-006 1.76018e-006 -1.28893e-009 -1.28893e-009
0.43 -2.65927e-005 4.85979e-006 1.7411e-006 -2.79047e-009 -2.79047e-009
0.44 -2.66045e-005 4.85287e-006 1.70617e-006 -3.62052e-009 -3.62052e-009
0.45 -2.66115e-005 4.84571e-006 1.67052e-006 -3.67757e-009 -3.67757e-009
0.46 -2.66121e-005 4.83938e-006 1.6471e-006 -2.99955e-009 -2.99955e-009
0.47 -2.66059e-005 4.83477e-006 1.64254e-006 -1.7427e-009 -1.7427e-009
0.48 -2.65936e-005 4.83248e-006 1.65611e-006 -1.81719e-010 -1.81719e-010
0.49 -2.65768e-005 4.83279e-006 1.68106e-006 1.3247e-009 1.3247e-009
0.5 -2.65578e-005 4.83595e-006 1.7074e-006 2.42707e-009 2.42707e-009
0.51 -2.65389e-005 4.84197e-006 1.72571e-006 2.89212e-009 2.89212e-009
0.52 -2.6522e-005 4.84991e-006 1.7308e-006 2.65945e-009 2.65945e-009
0.53 -2.65083e-005 4.85827e-006 1.72371e-006 1.82905e-009 1.82905e-009
0.54 -2.6498e-005 4.86582e-006 1.71069e-006 6.12198e-010 6.12198e-010
0.55 -2.64911e-005 4.87156e-006 1.70029e-006 -7.18578e-010 -7.18578e-010
0.56 -2.6487e-005 4.87385e-006 1.70064e-006 -1.87606e-009 -1.87606e-009
0.57 -2.64847e-005 4.87009e-006 1.71749e-006 -2.61269e-009 -2.61269e-009
0.58 -2.64833e-005 4.85813e-006 1.75206e-006 -2.77901e-009 -2.77901e-009
0.59 -2.64821e-005 4.83818e-006 1.79973e-006 -2.36227e-009 -2.36227e-009
0.6 -2.6481e-005 4.81311e-006 1.85144e-006 -1.48487e-009 -1.48487e-009
0.61 -2.64797e-005 4.78644e-006 1.89707e-006 -3.64673e-010 -3.64673e-010
0.62 -2.64778e-005 4.76084e-006 1.92929e-006 7.42547e-010 7.42547e-010
0.63 -2.64746e-005 4.73923e-006 1.94576e-006 1.59922e-009 1.59922e-009
0.64 -2.64691e-005 4.72495e-006 1.94927e-006 2.03175e-009 2.03175e-009
0.65 -2.64607e-005 4.71892e-006 1.94625e-006 1.96337e-009 1.96337e-009
0.66 -2.64486e-005 4.71906e-006 1.94411e-006 1.4292e-009 1.4292e-009
0.67 -2.64328e-005 4.7231e-006 1.94831e-006 5.66939e-010 5.66939e-010
0.68 -2.64141e-005 4.72966e-006 1.96129e-006 -4.17742e-010 -4.17742e-010
0.69 -2.63935e-005 4.73723e-006 1.98251e-006 -1.30192e-009 -1.30192e-009
0.7 -2.63729e-005 4.74403e-006 2.00827e-006 -1.89673e-009 -1.89673e-009
0.71 -2.63539e-005 4.74855e-006 2.03246e-006 -2.08641e-009 -2.08641e-009
0.72 -2.63384e-005 4.74922e-006 2.04872e-006 -1.84859e-009 -1.84859e-009
0.73 -2.63274e-005 4.74427e-006 2.05344e-006 -1.25449e-009 -1.25449e-009
0.74 -2.63211e-005 4.73259e-006 2.04814e-006 -4.50136e-010 -4.50136e-010
0.75 -2.6319e-005 4.71442e-006 2.03887e-006 3.78121e-010 3.78121e-010
0.76 -2.63199e-005 4.69156e-006 2.03254e-006 1.04661e-009 1.04661e-009
0.77 -2.63227e-005 4.66723e-006 2.03392e-006 1.41551e-009 1.41551e-009
0.78 -2.63266e-005 4.64561e-006 2.04497e-006 1.41806e-009 1.41806e-009
0.79 -2.63305e-005 4.63006e-006 2.06507e-006 1.07143e-009 1.07143e-009
0.8 -2.63338e-005 4.62156e-006 2.09122e-006 4.6839e-010 4.6839e-010
0.81 -2.63359e-005 4.6192e-006 2.11819e-006 -2.46707e-010 -2.46707e-010
0.82 -2.63367e-005 4.62175e-006 2.13926e-006 -9.11734e-010 -9.11734e-010
0.83 -2.63366e-005 4.62787e-006 2.14897e-006 -1.38301e-009 -1.38301e-009
0.84 -2.63357e-005 4.63637e-006 2.14564e-006 -1.56614e-009 -1.56614e-009
0.85 -2.63342e-005 4.64708e-006 2.13131e-006 -1.43468e-009 -1.43468e-009
0.86 -2.63325e-005 4.66079e-006 2.11038e-006 -1.03271e-009 -1.03271e-009
0.87 -2.63308e-005 4.67632e-006 2.08894e-006 -4.61622e-010 -4.61622e-010
0.88 -2.63291e-005 4.69031e-006 2.07282e-006 1.45227e-010 1.45227e-010
0.89 -2.63278e-005 4.70163e-006 2.06468e-006 6.53258e-010 6.53258e-010
0.9 -2.6328e-005 4.71284e-006 2.06313e-006 9.56068e-010 9.56068e-010
0.91 -2.63306e-005 4.7265e-006 2.06524e-006 9.97243e-010 9.97243e-010
0.92 -2.63357e-005 4.74112e-006 2.07002e-006 7.80335e-010 7.80335e-010
0.93 -2.63425e-005 4.75252e-006 2.07861e-006 3.65258e-010 3.65258e-010
0.94 -2.63505e-005 4.759e-006 2.09082e-006 -1.47562e-010 -1.47562e-010
0.95 -2.63595e-005 4.76273e-006 2.10243e-006 -6.41183e-010 -6.41183e-010
0.96 -2.63697e-005 4.76696e-006 2.10779e-006 -1.00856e-009 -1.00856e-009
0.97 -2.63806e-005 4.7728e-006 2.10542e-006 -1.17549e-009 -1.17549e-009
0.98 -2.63909e-005 4.77823e-006 2.09924e-006 -1.1152e-009 -1.1152e-009
0.99 -2.63993e-005 4.78192e-006 2.09377e-006 -8.51893e-010 -8.51893e-010
1 -2.64055e-005 4.786e-006 2.09009e-006 -4.52938e-010 -4.52938e-010
1.01 -2.64098e-005 4.79217e-006 2.08563e-006 -1.20011e-011 -1.20011e-011
1.02 -2.64127e-005 4.80006e-006 2.07709e-006 3.7264e-010 3.7264e-010
1.03 -2.64146e-005 4.8108e-006 2.06436e-006 6.19692e-010 6.19692e-010
1.04 -2.6416e-005 4.82739e-006 2.05126e-006 6.81692e-010 6.81692e-010
1.05 -2.64168e-005 4.84983e-006 2.04146e-006 5.53805e-010 5.53805e-010
1.06 -2.64178e-005 4.87348e-006 2.03553e-006 2.73012e-010 2.73012e-010
1.07 -2.64194e-005 4.89367e-006 2.03166e-006 -9.1917e-011 -9.1917e-011
1.08 -2.64223e-005 4.91007e-006 2.02765e-006 -4.57109e-010 -4.57109e-010
1.09 -2.64272e-005 4.92422e-006 2.02262e-006 -7.42738e-010 -7.42738e-010
1.1 -2.64336e-005 4.93366e-006 2.01831e-006 -8.90216e-010 -8.90216e-010
1.11 -2.64407e-005 4.93434e-006 2.01781e-006 -8.73876e-010 -8.73876e-010
1.12 -2.64479e-005 4.92801e-006 2.02248e-006 -7.05012e-010 -7.05012e-010
1.13 -2.64552e-005 4.92136e-006 2.02982e-006 -4.27703e-010 -4.27703e-010
1.14 -2.64629e-005 4.91822e-006 2.03359e-006 -1.0761e-010 -1.0761e-010
1.15 -2.64714e-005 4.91967e-006 2.02719e-006 1.8339e-010 1.8339e-010
1.16 -2.64808e-005 4.92829e-006 2.0083e-006 3.83075e-010 3.83075e-010
1.17 -2.64905e-005 4.94445e-006 1.9818e-006 4.51922e-010 4.51922e-010
1.18 -2.64994e-005 4.96494e-006 1.95767e-006 3.80752e-010 3.80752e-010
1.19 -2.65065e-005 4.98585e-006 1.94376e-006 1.91496e-010 1.91496e-010
1.2 -2.65117e-005 5.00353e-006 1.94071e-006 -6.89346e-011 -6.89346e-011
1.21 -2.65156e-005 5.01564e-006 1.94384e-006 -3.40085e-010 -3.40085e-010
1.22 -2.65188e-005 5.02127e-006 1.94771e-006 -5.61935e-010 -5.61935e-010
1.23 -2.65217e-005 5.02034e-006 1.94852e-006 -6.88133e-010 -6.88133e-010
1.24 -2.65244e-005 5.01436e-006 1.94495e-006 -6.95543e-010 -6.95543e-010
1.25 -2.65269e-005 5.00747e-006 1.93794e-006 -5.88188e-010 -5.88188e-010
1.26 -2.65292e-005 5.00442e-006 1.92925e-006 -3.95035e-010 -3.95035e-010
1.27 -2.65313e-005 5.007e-006 1.92075e-006 -1.62419e-010 -1.62419e-010
1.28 -2.6533e-005 5.01417e-006 1.91434e-006 5.69236e-011 5.69236e-011
1.29 -2.6534e-005 5.02279e-006 1.9115e-006 2.15663e-010 2.15663e-010
1.3 -2.6534e-005 5.02902e-006 1.91339e-006 2.81942e-010 2.81942e-010
1.31 -2.65332e-005 5.03284e-006 1.92033e-006 2.4562e-010 2.4562e-010
1.32 -2.65321e-005 5.03715e-006 1.93004e-006 1.19482e-010 1.19482e-010
1.33 -2.65314e-005 5.04241e-006 1.9372e-006 -6.45818e-011 -6.45818e-011
1.34 -2.65321e-005 5.04933e-006 1.93666e-006 -2.6345e-010 -2.6345e-010
1.35 -2.65347e-005 5.06241e-006 1.92879e-006 -4.32858e-010 -4.32858e-010
1.36 -2.65387e-005 5.08246e-006 1.92099e-006 -5.37231e-010 -5.37231e-010
1.37 -2.65426e-005 5.10166e-006 1.92114e-006 -5.56923e-010 -5.56923e-010
1.38 -2.65455e-005 5.10929e-006 1.93034e-006 -4.9158e-010 -4.9158e-010
1.39 -2.65474e-005 5.09996e-006 1.94173e-006 -3.59336e-010 -3.59336e-010
1.4 -2.6549e-005 5.07628e-006 1.94605e-006 -1.92206e-010 -1.92206e-010
1.41 -2.65501e-005 5.04315e-006 1.94193e-006 -2.85929e-011 -2.85929e-011
1.42 -2.65486e-005 5.00567e-006 1.93927e-006 9.546e-011 9.546e-011
1.43 -2.65431e-005 4.97221e-006 1.94847e-006 1.54254e-010 1.54254e-010
1.44 -2.65334e-005 4.94881e-006 1.97e-006 1.37884e-010 1.37884e-010
1.45 -2.65197e-005 4.93219e-006 1.99494e-006 5.38317e-011 5.38317e-011
1.46 -2.65028e-005 4.9133e-006 2.01318e-006 -7.57109e-011 -7.57109e-011
1.47 -2.64823e-005 4.88525e-006 2.02338e-006 -2.19881e-010 -2.19881e-010
1.48 -2.64572e-005 4.84496e-006 2.03497e-006 -3.46589e-010 -3.46589e-010
1.49 -2.64262e-005 4.78815e-006 2.05819e-006 -4.29366e-010 -4.29366e-010
1.5 -2.63888e-005 4.71214e-006 2.09471e-006 -4.52425e-010 -4.52425e-010
1.51 -2.63467e-005 4.62808e-006 2.13883e-006 -4.13497e-010 -4.13497e-010
1.52 -2.63027e-005 4.5604e-006 2.1844e-006 -3.23943e-010 -3.23943e-010
1.53 -2.6259e-005 4.52495e-006 2.22968e-006 -2.0574e-010 -2.0574e-010
1.54 -2.62159e-005 4.51522e-006 2.27597e-006 -8.59391e-011 -8.59391e-011
1.55 -2.61739e-005 4.5146e-006 2.32261e-006 9.62785e-012 9.62785e-012
1.56 -2.61342e-005 4.51122e-006 2.36673e-006 6.16743e-011 6.16743e-011
1.57 -2.60979e-005 4.49936e-006 2.40554e-006 6.09984e-011 6.09984e-011
1.58 -2.6067e-005 4.47642e-006 2.43516e-006 9.96167e-012 9.96167e-012
1.59 -2.60427e-005 4.44131e-006 2.45086e-006 -7.83785e-011 -7.83785e-011
1.6 -2.60254e-005 4.39247e-006 2.45159e-006 -1.83434e-010 -1.83434e-010
1.61 -2.60135e-005 4.32968e-006 2.44607e-006 -2.81858e-010 -2.81858e-010
1.62 -2.60047e-005 4.26158e-006 2.44921e-006 -3.52771e-010 -3.52771e-010
1.63 -2.59987e-005 4.20876e-006 2.4652e-006 -3.82138e-010 -3.82138e-010
1.64 -2.59986e-005 4.19592e-006 2.48011e-006 -3.65321e-010 -3.65321e-010
1.65 -2.60067e-005 4.23394e-006 2.4779e-006 -3.07602e-010 -3.07602e-010
1.66 -2.60226e-005 4.30977e-006 2.45838e-006 -2.22848e-010 -2.22848e-010
1.67 -2.60432e-005 4.39711e-006 2.43579e-006 -1.30562e-010 -1.30562e-010
1.68 -2.6066e-005 4.47478e-006 2.42408e-006 -5.15514e-011 -5.15514e-011
1.69 -2.60908e-005 4.53452e-006 2.42482e-006 -3.01049e-012 -3.01049e-012
1.7 -2.61185e-005 4.57751e-006 2.43061e-006 5.45926e-012 5.45926e-012
1.71 -2.61495e-005 4.6119e-006 2.43635e-006 -2.62842e-011 -2.62842e-011
1.72 -2.61841e-005 4.65167e-006 2.4404e-006 -8.94144e-011 -8.94144e-011
1.73 -2.62224e-005 4.70709e-006 2.43872e-006 -1.6845e-010 -1.6845e-010
1.74 -2.6264e-005 4.77625e-006 2.42409e-006 -2.44811e-010 -2.44811e-010
1.75 -2.63084e-005 4.8501e-006 2.38963e-006 -3.01132e-010 -3.01132e-010
1.76 -2.63549e-005 4.92037e-006 2.33173e-006 -3.25414e-010 -3.25414e-010
1.77 -2.64021e-005 4.97872e-006 2.25157e-006 -3.13786e-010 -3.13786e-010
1.78 -2.6448e-005 5.01433e-006 2.15705e-006 -2.71007e-010 -2.71007e-010
1.79 -2.6491e-005 5.02398e-006 2.06247e-006 -2.08779e-010 -2.08779e-010
1.8 -2.65298e-005 5.02248e-006 1.97874e-006 -1.42594e-010 -1.42594e-010
1.81 -2.6566e-005 5.03203e-006 1.9054e-006 -8.78107e-011 -8.78107e-011
1.82 -2.66016e-005 5.06666e-006 1.83493e-006 -5.59274e-011 -5.59274e-011
1.83 -2.66376e-005 5.12742e-006 1.76353e-006 -5.22668e-011 -5.22668e-011
1.84 -2.66734e-005 5.20642e-006 1.69572e-006 -7.55482e-011 -7.55482e-011
1.85 -2.67084e-005 5.29008e-006 1.64187e-006 -1.18864e-010 -1.18864e-010
1.86 -2.67408e-005 5.36062e-006 1.61017e-006 -1.71463e-010 -1.71463e-010
1.87 -2.677e-005 5.40888e-006 1.59952e-006 -2.21198e-010 -2.21198e-010
1.88 -2.67986e-005 5.45106e-006 1.60044e-006 -2.57351e-010 -2.57351e-010
1.89 -2.683e-005 5.51454e-006 1.60166e-006 -2.72992e-010 -2.72992e-010
1.9 -2.68647e-005 5.59867e-006 1.59614e-006 -2.66016e-010 -2.66016e-010
1.91 -2.68998e-005 5.67082e-006 1.58223e-006 -2.38904e-010 -2.38904e-010
1.92 -2.69318e-005 5.70047e-006 1.56162e-006 -1.98025e-010 -1.98025e-010
1.93 -2.69581e-005 5.67588e-006 1.53552e-006 -1.52606e-010 -1.52606e-010
1.94 -2.6977e-005 5.59686e-006 1.50211e-006 -1.12842e-010 -1.12842e-010
1.95 -2.69863e-005 5.47052e-006 1.45932e-006 -8.74356e-011 -8.74356e-011
1.96 -2.69844e-005 5.3167e-006 1.408e-006 -8.16304e-011 -8.16304e-011
1.97 -2.6971e-005 5.1671e-006 1.35211e-006 -9.62625e-011 -9.62625e-011
1.98 -2.69461e-005 5.04754e-006 1.29771e-006 -1.27672e-010 -1.27672e-010
1.99 -2.69094e-005 4.96332e-006 1.25061e-006 -1.68421e-010 -1.68421e-010
2 -2.68609e-005 4.90276e-006 1.21576e-006 -2.09017e-010 -2.09017e-010
2.01 -2.68012e-005 4.84977e-006 1.19929e-006 -2.40323e-010 -2.40323e-010
2.02 -2.67321e-005 4.79448e-006 1.20941e-006 -2.55783e-010 -2.55783e-010
2.03 -2.66558e-005 4.73214e-006 1.25334e-006 -2.5274e-010 -2.5274e-010
2.04 -2.65744e-005 4.6583e-006 1.33074e-006 -2.32669e-010 -2.32669e-010
2.05 -2.64922e-005 4.57707e-006 1.43066e-006 -2.00529e-010 -2.00529e-010
2.06 -2.64141e-005 4.50219e-006 1.53767e-006 -1.63532e-010 -1.63532e-010
2.07 -2.63431e-005 4.43565e-006 1.64005e-006 -1.29527e-010 -1.29527e-010
2.08 -2.62789e-005 4.35876e-006 1.73262e-006 -1.05277e-010 -1.05277e-010
2.09 -2.622e-005 4.25085e-006 1.81376e-006 -9.52034e-011 -9.52034e-011
2.1 -2.61651e-005 4.10856e-006 1.88037e-006 -1.0085e-010 -1.0085e-010
2.11 -2.61143e-005 3.94487e-006 1.92779e-006 -1.20702e-010 -1.20702e-010
2.12 -2.60665e-005 3.77196e-006 1.95452e-006 -1.50314e-010 -1.50314e-010
2.13 -2.60192e-005 3.59374e-006 1.96379e-006 -1.83181e-010 -1.83181e-010
2.14 -2.59698e-005 3.41399e-006 1.96224e-006 -2.1234e-010 -2.1234e-010
2.15 -2.59165e-005 3.24464e-006 1.95891e-006 -2.32077e-010 -2.32077e-010
2.16 -2.58595e-005 3.10683e-006 1.962e-006 -2.39032e-010 -2.39032e-010
2.17 -2.58003e-005 3.01803e-006 1.97406e-006 -2.32535e-010 -2.32535e-010
2.18 -2.57408e-005 2.97286e-006 1.99033e-006 -2.14423e-010 -2.14423e-010
2.19 -2.56829e-005 2.95094e-006 2.00463e-006 -1.88675e-010 -1.88675e-010
2.2 -2.56293e-005 2.94595e-006 2.01812e-006 -1.60992e-010 -1.60992e-010
2.21 -2.55838e-005 2.96757e-006 2.03918e-006 -1.37825e-010 -1.37825e-010
2.22 -2.55493e-005 3.01925e-006 2.076e-006 -1.24583e-010 -1.24583e-010
2.23 -2.55275e-005 3.09017e-006 2.13042e-006 -1.23781e-010 -1.23781e-010
2.24 -2.55205e-005 3.16607e-006 2.19557e-006 -1.34334e-010 -1.34334e-010
2.25 -2.553e-005 3.23814e-006 2.25808e-006 -1.52398e-010 -1.52398e-010
2.26 -2.55569e-005 3.29878e-006 2.30335e-006 -1.72949e-010 -1.72949e-010
2.27 -2.56006e-005 3.34319e-006 2.32027e-006 -1.91081e-010 -1.91081e-010
2.28 -2.56597e-005 3.37956e-006 2.30546e-006 -2.0289e-010 -2.0289e-010
2.29 -2.57316e-005 3.42224e-006 2.26318e-006 -2.06264e-010 -2.06264e-010
2.3 -2.58127e-005 3.47738e-006 2.20079e-006 -2.01284e-010 -2.01284e-010
2.31 -2.58987e-005 3.54636e-006 2.1265e-006 -1.89891e-010 -1.89891e-010
2.32 -2.5986e-005 3.63354e-006 2.04987e-006 -1.75275e-010 -1.75275e-010
2.33 -2.60716e-005 3.74292e-006 1.98007e-006 -1.61204e-010 -1.61204e-010
2.34 -2.61531e-005 3.87354e-006 1.92177e-006 -1.51059e-010 -1.51059e-010
2.35 -2.6229e-005 4.02129e-006 1.87438e-006 -1.46919e-010 -1.46919e-010
2.36 -2.62998e-005 4.18243e-006 1.83593e-006 -1.49279e-010 -1.49279e-010
2.37 -2.63651e-005 4.35215e-006 1.80529e-006 -1.57287e-010 -1.57287e-010
2.38 -2.64246e-005 4.52554e-006 1.78327e-006 -1.69058e-010 -1.69058e-010
2.39 -2.64807e-005 4.70834e-006 1.77316e-006 -1.82042e-010 -1.82042e-010
2.4 -2.65349e-005 4.91144e-006 1.78079e-006 -1.93533e-010 -1.93533e-010
2.41 -2.65874e-005 5.1339e-006 1.81503e-006 -2.01144e-010 -2.01144e-010
2.42 -2.66378e-005 5.36601e-006 1.88193e-006 -2.0313e-010 -2.0313e-010
2.43 -2.66872e-005 5.59326e-006 1.97374e-006 -1.98686e-010 -1.98686e-010
2.44 -2.67373e-005 5.79048e-006 2.06743e-006 -1.88197e-010 -1.88197e-010
2.45 -2.6788e-005 5.93423e-006 2.13934e-006 -1.73465e-010 -1.73465e-010
2.46 -2.68384e-005 6.02465e-006 2.18074e-006 -1.57825e-010 -1.57825e-010
2.47 -2.68874e-005 6.0821e-006 2.1983e-006 -1.45588e-010 -1.45588e-010
2.48 -2.69326e-005 6.12599e-006 2.20364e-006 -1.40504e-010 -1.40504e-010
2.49 -2.69709e-005 6.16276e-006 2.20558e-006 -1.44142e-010 -1.44142e-010
2.5 -2.6999e-005 6.18684e-006 2.20926e-006 -1.5537e-010 -1.5537e-010
2.51 -2.70141e-005 6.18995e-006 2.21671e-006 -1.7109e-010 -1.7109e-010
2.52 -2.7015e-005 6.16959e-006 2.2254e-006 -1.87491e-010 -1.87491e-010
2.53 -2.70016e-005 6.12923e-006 2.23078e-006 -2.01092e-010 -2.01092e-010
2.54 -2.6975e-005 6.07872e-006 2.23148e-006 -2.09432e-010 -2.09432e-010
2.55 -2.69369e-005 6.03334e-006 2.2304e-006 -2.11477e-010 -2.11477e-010
2.56 -2.68896e-005 6.00561e-006 2.2323e-006 -2.07602e-010 -2.07602e-010
2.57 -2.68364e-005 5.99839e-006 2.24014e-006 -1.9916e-010 -1.9916e-010
2.58 -2.67805e-005 6.00367e-006 2.25321e-006 -1.88e-010 -1.88e-010
2.59 -2.67247e-005 6.00499e-006 2.27044e-006 -1.7616e-010 -1.7616e-010
2.6 -2.66712e-005 5.98378e-006 2.29307e-006 -1.65655e-010 -1.65655e-010
2.61 -2.66219e-005 5.92882e-006 2.32049e-006 -1.58189e-010 -1.58189e-010
2.62 -2.65793e-005 5.84046e-006 2.34587e-006 -1.54817e-010 -1.54817e-010
2.63 -2.65456e-005 5.72709e-006 2.36097e-006 -1.55766e-010 -1.55766e-010
2.64 -2.65199e-005 5.59233e-006 2.36515e-006 -1.60459e-010 -1.60459e-010
2.65 -2.64977e-005 5.42465e-006 2.36614e-006 -1.67607e-010 -1.67607e-010
2.66 -2.64736e-005 5.21111e-006 2.37047e-006 -1.75439e-010 -1.75439e-010
2.67 -2.6444e-005 4.9579e-006 2.37303e-006 -1.82162e-010 -1.82162e-010
2.68 -2.6408e-005 4.68961e-006 2.35843e-006 -1.86423e-010 -1.86423e-010
2.69 -2.6365e-005 4.43237e-006 2.31499e-006 -1.87576e-010 -1.87576e-010
2.7 -2.63126e-005 4.19634e-006 2.24612e-006 -1.85765e-010 -1.85765e-010
2.71 -2.62473e-005 3.97763e-006 2.16933e-006 -1.8183e-010 -1.8183e-010
2.72 -2.61671e-005 3.77737e-006 2.10612e-006 -1.77075e-010 -1.77075e-010
2.73 -2.60741e-005 3.61119e-006 2.06784e-006 -1.72878e-010 -1.72878e-010
2.74 -2.59746e-005 3.4941e-006 2.04564e-006 -1.70111e-010 -1.70111e-010
2.75 -2.58763e-005 3.42055e-006 2.01841e-006 -1.68775e-010 -1.68775e-010
2.76 -2.57854e-005 3.37159e-006 1.97411e-006 -1.6836e-010 -1.6836e-010
2.77 -2.57065e-005 3.33104e-006 1.91736e-006 -1.6858e-010 -1.6858e-010
2.78 -2.56444e-005 3.28796e-006 1.85376e-006 -1.69532e-010 -1.69532e-010
2.79 -2.5604e-005 3.23904e-006 1.78057e-006 -1.71241e-010 -1.71241e-010
2.8 -2.55894e-005 3.19222e-006 1.69824e-006 -1.7346e-010 -1.7346e-010
2.81 -2.56004e-005 3.15138e-006 1.61982e-006 -1.7582e-010 -1.7582e-010
2.82 -2.56334e-005 3.10434e-006 1.56227e-006 -1.77739e-010 -1.77739e-010
2.83 -2.56831e-005 3.03603e-006 1.53349e-006 -1.7838e-010 -1.7838e-010
2.84 -2.57444e-005 2.94275e-006 1.52597e-006 -1.77089e-010 -1.77089e-010
2.85 -2.58129e-005 2.8364e-006 1.52366e-006 -1.73837e-010 -1.73837e-010
2.86 -2.58839e-005 2.73612e-006 1.51167e-006 -1.69293e-010 -1.69293e-010
2.87 -2.59522e-005 2.65752e-006 1.47797e-006 -1.64626e-010 -1.64626e-010
2.88 -2.60135e-005 2.61582e-006 1.41746e-006 -1.61246e-010 -1.61246e-010
2.89 -2.60642e-005 2.6275e-006 1.33943e-006 -1.60525e-010 -1.60525e-010
2.9 -2.61016e-005 2.69916e-006 1.26259e-006 -1.63196e-010 -1.63196e-010
2.91 -2.61254e-005 2.82372e-006 1.19947e-006 -1.68788e-010 -1.68788e-010
2.92 -2.61386e-005 2.98911e-006 1.14868e-006 -1.75681e-010 -1.75681e-010
2.93 -2.61458e-005 3.18231e-006 1.10284e-006 -1.81747e-010 -1.81747e-010
2.94 -2.61525e-005 3.39029e-006 1.05981e-006 -1.85189e-010 -1.85189e-010
2.95 -2.61647e-005 3.6031e-006 1.02344e-006 -1.8525e-010 -1.8525e-010
2.96 -2.61877e-005 3.81294e-006 9.97552e-007 -1.82332e-010 -1.82332e-010
2.97 -2.62239e-005 4.00846e-006 9.86726e-007 -1.77452e-010 -1.77452e-010
2.98 -2.62739e-005 4.17417e-006 1.00109e-006 -1.71908e-010 -1.71908e-010
2.99 -2.63351e-005 4.30242e-006 1.05138e-006 -1.67144e-010 -1.67144e-010
3 -2.64052e-005 4.40247e-006 1.14162e-006 -1.64388e-010 -1.64388e-010
3.01 -2.64815e-005 4.495e-006 1.26653e-006 -1.64298e-010 -1.64298e-010
3.02 -2.65593e-005 4.5969e-006 1.41657e-006 -1.66768e-010 -1.66768e-010
3.03 -2.66332e-005 4.71435e-006 1.58402e-006 -1.70887e-010 -1.70887e-010
3.04 -2.66972e-005 4.84243e-006 1.76337e-006 -1.75266e-010 -1.75266e-010
3.05 -2.67453e-005 4.96817e-006 1.94447e-006 -1.78624e-010 -1.78624e-010
3.06 -2.67743e-005 5.08197e-006 2.11185e-006 -1.8027e-010 -1.8027e-010
3.07 -2.67827e-005 5.19101e-006 2.25844e-006 -1.80353e-010 -1.80353e-010
3.08 -2.67704e-005 5.3166e-006 2.39078e-006 -1.7983e-010 -1.7983e-010
3.09 -2.67386e-005 5.4713e-006 2.51805e-006 -1.79872e-010 -1.79872e-010
3.1 -2.66903e-005 5.64465e-006 2.64334e-006 -1.80911e-010 -1.80911e-010
3.11 -2.66303e-005 5.81939e-006 2.7618e-006 -1.82419e-010 -1.82419e-010
3.12 -2.65658e-005 5.99481e-006 2.86541e-006 -1.83694e-010 -1.83694e-010
3.13 -2.65061e-005 6.18395e-006 2.95264e-006 -1.84527e-010 -1.84527e-010
3.14 -2.6458e-005 6.38542e-006 3.02883e-006 -1.85092e-010 -1.85092e-010
3.15 -2.64249e-005 6.56916e-006 3.10027e-006 -1.85456e-010 -1.85456e-010
3.16 -2.64076e-005 6.6963e-006 3.17262e-006 -1.85463e-010 -1.85463e-010
3.17 -2.64054e-005 6.7407e-006 3.24938e-006 -1.85172e-010 -1.85172e-010
3.18 -2.64165e-005 6.69886e-006 3.33133e-006 -1.85166e-010 -1.85166e-010
3.19 -2.64387e-005 6.59917e-006 3.41933e-006 -1.86295e-010 -1.86295e-010
3.2 -2.64687e-005 6.48864e-006 3.51587e-006 -1.89076e-010 -1.89076e-010
3.21 -2.65005e-005 6.39632e-006 3.6235e-006 -1.93004e-010 -1.93004e-010
3.22 -2.65253e-005 6.31584e-006 3.74225e-006 -1.96339e-010 -1.96339e-010
3.23 -2.65342e-005 6.22409e-006 3.8648e-006 -1.96866e-010 -1.96866e-010
3.24 -2.6522e-005 6.106e-006 3.97565e-006 -1.93253e-010 -1.93253e-010
3.25 -2.64861e-005 5.96087e-006 4.0561e-006 -1.85978e-010 -1.85978e-010
3.26 -2.64275e-005 5.80065e-006 4.08608e-006 -1.77152e-010 -1.77152e-010
3.27 -2.6351e-005 5.6514e-006 4.04763e-006 -1.69516e-010 -1.69516e-010
3.28 -2.62638e-005 5.54224e-006 3.93527e-006 -1.65468e-010 -1.65468e-010
3.29 -2.61724e-005 5.48154e-006 3.76344e-006 -1.66365e-010 -1.66365e-010
3.3 -2.60808e-005 5.44971e-006 3.5628e-006 -1.72035e-010 -1.72035e-010
3.31 -2.59921e-005 5.41655e-006 3.36921e-006 -1.8079e-010 -1.8079e-010
3.32 -2.59126e-005 5.36245e-006 3.20982e-006 -1.89956e-010 -1.89956e-010
3.33 -2.58482e-005 5.27789e-006 3.09512e-006 -1.9666e-010 -1.9666e-010
3.34 -2.58033e-005 5.14674e-006 3.01846e-006 -1.98647e-010 -1.98647e-010
3.35 -2.57797e-005 4.95214e-006 2.96291e-006 -1.94977e-010 -1.94977e-010
3.36 -2.57779e-005 4.70206e-006 2.90798e-006 -1.86564e-010 -1.86564e-010
3.37 -2.57977e-005 4.43164e-006 2.8351e-006 -1.76118e-010 -1.76118e-010
3.38 -2.58362e-005 4.18281e-006 2.7361e-006 -1.67137e-010 -1.67137e-010
3.39 -2.58874e-005 3.985e-006 2.61871e-006 -1.6245e-010 -1.6245e-010
3.4 -2.59425e-005 3.83917e-006 2.50084e-006 -1.63062e-010 -1.63062e-010
3.41 -2.59907e-005 3.71545e-006 2.39812e-006 -1.67817e-010 -1.67817e-010
3.42 -2.60241e-005 3.57893e-006 2.31492e-006 -1.74039e-010 -1.74039e-010
3.43 -2.60394e-005 3.42147e-006 2.24261e-006 -1.78919e-010 -1.78919e-010
3.44 -2.60375e-005 3.26476e-006 2.16456e-006 -1.80853e-010 -1.80853e-010
3.45 -2.60216e-005 3.13856e-006 2.06567e-006 -1.79715e-010 -1.79715e-010
3.46 -2.59954e-005 3.05973e-006 1.93787e-006 -1.76231e-010 -1.76231e-010
3.47 -2.59625e-005 3.02607e-006 1.7808e-006 -1.71431e-010 -1.71431e-010
3.48 -2.59256e-005 3.02338e-006 1.6032e-006 -1.66484e-010 -1.66484e-010
3.49 -2.58892e-005 3.03441e-006 1.42208e-006 -1.62743e-010 -1.62743e-010
3.5 -2.58564e-005 3.03844e-006 1.25789e-006 -1.61385e-010 -1.61385e-010
3.51 -2.58293e-005 3.01266e-006 1.12756e-006 -1.62666e-010 -1.62666e-010
3.52 -2.58101e-005 2.95309e-006 1.03808e-006 -1.6596e-010 -1.6596e-010
3.53 -2.58044e-005 2.88421e-006 9.82942e-007 -1.70382e-010 -1.70382e-010
3.54 -2.58165e-005 2.835e-006 9.47571e-007 -1.74827e-010 -1.74827e-010
3.55 -2.58475e-005 2.81206e-006 9.17526e-007 -1.77948e-010 -1.77948e-010
3.56 -2.58939e-005 2.79617e-006 8.84315e-007 -1.78797e-010 -1.78797e-010
3.57 -2.59496e-005 2.76302e-006 8.47664e-007 -1.77206e-010 -1.77206e-010
3.58 -2.60086e-005 2.70766e-006 8.14896e-007 -1.73858e-010 -1.73858e-010
3.59 -2.6066e-005 2.64985e-006 7.98735e-007 -1.70287e-010 -1.70287e-010
3.6 -2.61183e-005 2.62472e-006 8.10947e-007 -1.68203e-010 -1.68203e-010
3.61 -2.61638e-005 2.6636e-006 8.52789e-007 -1.68413e-010 -1.68413e-010
3.62 -2.62013e-005 2.77059e-006 9.121e-007 -1.70403e-010 -1.70403e-010
3.63 -2.62295e-005 2.9174e-006 9.70656e-007 -1.72613e-010 -1.72613e-010
3.64 -2.6247e-005 3.06831e-006 1.01625e-006 -1.73222e-010 -1.73222e-010
3.65 -2.62542e-005 3.20797e-006 1.0492e-006 -1.7149e-010 -1.7149e-010
3.66 -2.62536e-005 3.34265e-006 1.07749e-006 -1.68406e-010 -1.68406e-010
3.67 -2.62492e-005 3.48151e-006 1.1115e-006 -1.65788e-010 -1.65788e-010
3.68 -2.62435e-005 3.62701e-006 1.16202e-006 -1.64982e-010 -1.64982e-010
3.69 -2.62396e-005 3.77827e-006 1.23011e-006 -1.66303e-010 -1.66303e-010
3.7 -2.62412e-005 3.9317e-006 1.30022e-006 -1.69141e-010 -1.69141e-010
3.71 -2.62538e-005 4.07946e-006 1.35142e-006 -1.72444e-010 -1.72444e-010
3.72 -2.62799e-005 4.21832e-006 1.37006e-006 -1.75425e-010 -1.75425e-010
3.73 -2.63216e-005 4.35286e-006 1.35717e-006 -1.77908e-010 -1.77908e-010
3.74 -2.63773e-005 4.48763e-006 1.33081e-006 -1.80167e-010 -1.80167e-010
3.75 -2.64441e-005 4.62342e-006 1.3152e-006 -1.8254e-010 -1.8254e-010
3.76 -2.65188e-005 4.76149e-006 1.32282e-006 -1.84999e-010 -1.84999e-010
3.77 -2.66002e-005 4.90583e-006 1.35401e-006 -1.87059e-010 -1.87059e-010
3.78 -2.6686e-005 5.06073e-006 1.40501e-006 -1.88054e-010 -1.88054e-010
3.79 -2.67734e-005 5.22512e-006 1.46931e-006 -1.8744e-010 -1.8744e-010
3.8 -2.68598e-005 5.39411e-006 1.53768e-006 -1.84981e-010 -1.84981e-010
3.81 -2.69423e-005 5.56322e-006 1.60545e-006 -1.8092e-010 -1.8092e-010
3.82 -2.70156e-005 5.72641e-006 1.68022e-006 -1.76103e-010 -1.76103e-010
3.83 -2.7075e-005 5.87839e-006 1.77792e-006 -1.7179e-010 -1.7179e-010
3.84 -2.71177e-005 6.02097e-006 1.90046e-006 -1.69057e-010 -1.69057e-010
3.85 -2.71459e-005 6.15671e-006 2.01904e-006 -1.68162e-010 -1.68162e-010
3.86 -2.7163e-005 6.28188e-006 2.09775e-006 -1.68505e-010 -1.68505e-010
3.87 -2.71703e-005 6.38892e-006 2.1272e-006 -1.69409e-010 -1.69409e-010
3.88 -2.7167e-005 6.47051e-006 2.12177e-006 -1.7088e-010 -1.7088e-010
3.89 -2.71533e-005 6.52149e-006 2.09731e-006 -1.73373e-010 -1.73373e-010
3.9 -2.71307e-005 6.5365e-006 2.0606e-006 -1.76979e-010 -1.76979e-010
3.91 -2.71005e-005 6.50474e-006 2.01594e-006 -1.81131e-010 -1.81131e-010
3.92 -2.70615e-005 6.4124e-006 1.97661e-006 -1.85069e-010 -1.85069e-010
3.93 -2.70121e-005 6.26094e-006 1.96278e-006 -1.88472e-010 -1.88472e-010
3.94 -2.69522e-005 6.07917e-006 1.98901e-006 -1.91533e-010 -1.91533e-010
3.95 -2.68827e-005 5.90481e-006 2.06208e-006 -1.94405e-010 -1.94405e-010
3.96 -2.68038e-005 5.76094e-006 2.18441e-006 -1.96565e-010 -1.96565e-010
3.97 -2.67151e-005 5.6538e-006 2.34963e-006 -1.96803e-010 -1.96803e-010
3.98 -2.66176e-005 5.58193e-006 2.54207e-006 -1.93978e-010 -1.93978e-010
3.99 -2.65141e-005 5.54033e-006 2.74563e-006 -1.87891e-010 -1.87891e-010
4 -2.64057e-005 5.51039e-006 2.95023e-006 -1.7952e-010 -1.7952e-010
4.01 -2.62917e-005 5.45539e-006 3.15095e-006 -1.70564e-010 -1.70564e-010
4.02 -2.61724e-005 5.34693e-006 3.34068e-006 -1.6289e-010 -1.6289e-010
4.03 -2.60511e-005 5.18549e-006 3.50173e-006 -1.58183e-010 -1.58183e-010
4.04 -2.59317e-005 4.98318e-006 3.61253e-006 -1.57626e-010 -1.57626e-010
4.05 -2.58182e-005 4.74966e-006 3.66027e-006 -1.61482e-010 -1.61482e-010
4.06 -2.57128e-005 4.50385e-006 3.64614e-006 -1.69016e-010 -1.69016e-010
4.07 -2.56165e-005 4.27155e-006 3.58502e-006 -1.78797e-010 -1.78797e-010
4.08 -2.55282e-005 4.05938e-006 3.50375e-006 -1.88898e-010 -1.88898e-010
4.09 -2.5444e-005 3.85223e-006 3.43566e-006 -1.97159e-010 -1.97159e-010
4.1 -2.53601e-005 3.63807e-006 3.40977e-006 -2.01754e-010 -2.01754e-010
4.11 -2.5275e-005 3.41845e-006 3.43876e-006 -2.01857e-010 -2.01857e-010
4.12 -2.51899e-005 3.20681e-006 3.5152e-006 -1.97831e-010 -1.97831e-010
4.13 -2.51083e-005 3.03018e-006 3.61816e-006 -1.90857e-010 -1.90857e-010
4.14 -2.50344e-005 2.91209e-006 3.72377e-006 -1.82514e-010 -1.82514e-010
4.15 -2.49705e-005 2.84948e-006 3.81157e-006 -1.74375e-010 -1.74375e-010
4.16 -2.49182e-005 2.81921e-006 3.86635e-006 -1.67593e-010 -1.67593e-010
4.17 -2.48788e-005 2.79621e-006 3.87921e-006 -1.62801e-010 -1.62801e-010
4.18 -2.48534e-005 2.76577e-006 3.84903e-006 -1.60355e-010 -1.60355e-010
4.19 -2.48429e-005 2.72932e-006 3.7853e-006 -1.60473e-010 -1.60473e-010
4.2 -2.48476e-005 2.69598e-006 3.70465e-006 -1.63032e-010 -1.63032e-010
4.21 -2.4867e-005 2.67366e-006 3.61795e-006 -1.67248e-010 -1.67248e-010
4.22 -2.49034e-005 2.67239e-006 3.52161e-006 -1.71593e-010 -1.71593e-010
4.23 -2.49584e-005 2.69749e-006 3.40489e-006 -1.74365e-010 -1.74365e-010
4.24 -2.50317e-005 2.74143e-006 3.2619e-006 -1.745e-010 -1.745e-010
4.25 -2.5122e-005 2.80229e-006 3.09688e-006 -1.7207e-010 -1.7207e-010
4.26 -2.52263e-005 2.89133e-006 2.9222e-006 -1.68392e-010 -1.68392e-010
4.27 -2.53438e-005 3.01353e-006 2.75042e-006 -1.65337e-010 -1.65337e-010
4.28 -2.54716e-005 3.16543e-006 2.59146e-006 -1.64248e-010 -1.64248e-010
4.29 -2.56074e-005 3.34447e-006 2.45275e-006 -1.65472e-010 -1.65472e-010
4.3 -2.57476e-005 3.53804e-006 2.33672e-006 -1.68585e-010 -1.68585e-010
4.31 -2.58898e-005 3.72187e-006 2.2345e-006 -1.72552e-010 -1.72552e-010
4.32 -2.60327e-005 3.88498e-006 2.12875e-006 -1.75946e-010 -1.75946e-010
4.33 -2.61763e-005 4.04035e-006 2.0047e-006 -1.7767e-010 -1.7767e-010
4.34 -2.63196e-005 4.20913e-006 1.86074e-006 -1.77526e-010 -1.77526e-010
4.35 -2.64604e-005 4.40761e-006 1.71006e-006 -1.76047e-010 -1.76047e-010
4.36 -2.65975e-005 4.64292e-006 1.56841e-006 -1.7386e-010 -1.7386e-010
4.37 -2.67293e-005 4.90812e-006 1.43874e-006 -1.71136e-010 -1.71136e-010
4.38 -2.68567e-005 5.18047e-006 1.31587e-006 -1.67687e-010 -1.67687e-010
4.39 -2.69755e-005 5.42867e-006 1.19818e-006 -1.63586e-010 -1.63586e-010
4.4 -2.70863e-005 5.62271e-006 1.09732e-006 -1.59581e-010 -1.59581e-010
4.41 -2.71848e-005 5.7588e-006 1.0244e-006 -1.56945e-010 -1.56945e-010
4.42 -2.72721e-005 5.86209e-006 9.80965e-007 -1.5685e-010 -1.5685e-010
4.43 -2.73507e-005 5.96961e-006 9.58265e-007 -1.59675e-010 -1.59675e-010
4.44 -2.74226e-005 6.11606e-006 9.46156e-007 -1.64677e-010 -1.64677e-010
4.45 -2.74902e-005 6.31549e-006 9.41349e-007 -1.70215e-010 -1.70215e-010
4.46 -2.7552e-005 6.54104e-006 9.43582e-007 -1.74314e-010 -1.74314e-010
4.47 -2.76048e-005 6.73892e-006 9.4648e-007 -1.75333e-010 -1.75333e-010
4.48 -2.76472e-005 6.8692e-006 9.42893e-007 -1.72768e-010 -1.72768e-010
4.49 -2.76784e-005 6.92535e-006 9.37042e-007 -1.67863e-010 -1.67863e-010
4.5 -2.76962e-005 6.92282e-006 9.45967e-007 -1.63319e-010 -1.63319e-010
4.51 -2.76992e-005 6.89208e-006 9.85322e-007 -1.62018e-010 -1.62018e-010
4.52 -2.76892e-005 6.87427e-006 1.05898e-006 -1.65445e-010 -1.65445e-010
4.53 -2.76671e-005 6.89382e-006 1.16408e-006 -1.72737e-010 -1.72737e-010
4.54 -2.76314e-005 6.9414e-006 1.301e-006 -1.81024e-010 -1.81024e-010
4.55 -2.75804e-005 6.99192e-006 1.47037e-006 -1.86899e-010 -1.86899e-010
4.56 -2.75134e-005 7.01882e-006 1.66211e-006 -1.87978e-010 -1.87978e-010
4.57 -2.74315e-005 6.99792e-006 1.85722e-006 -1.83686e-010 -1.83686e-010
4.58 -2.73366e-005 6.92424e-006 2.04075e-006 -1.75386e-010 -1.75386e-010
4.59 -2.72324e-005 6.82438e-006 2.20748e-006 -1.66147e-010 -1.66147e-010
4.6 -2.71227e-005 6.74121e-006 2.35778e-006 -1.59721e-010 -1.59721e-010
4.61 -2.70126e-005 6.69695e-006 2.49336e-006 -1.58775e-010 -1.58775e-010
4.62 -2.69029e-005 6.67142e-006 2.62034e-006 -1.63504e-010 -1.63504e-010
4.63 -2.67931e-005 6.62786e-006 2.74637e-006 -1.71671e-010 -1.71671e-010
4.64 -2.66859e-005 6.55632e-006 2.87104e-006 -1.80039e-010 -1.80039e-010
4.65 -2.65874e-005 6.47487e-006 2.98084e-006 -1.85939e-010 -1.85939e-010
4.66 -2.65038e-005 6.39439e-006 3.05386e-006 -1.87886e-010 -1.87886e-010
4.67 -2.64379e-005 6.30277e-006 3.07477e-006 -1.85603e-010 -1.85603e-010
4.68 -2.63885e-005 6.18206e-006 3.04921e-006 -1.80206e-010 -1.80206e-010
4.69 -2.63528e-005 6.03032e-006 3.00129e-006 -1.74257e-010 -1.74257e-010
4.7 -2.63283e-005 5.86934e-006 2.95765e-006 -1.70919e-010 -1.70919e-010
4.71 -2.63135e-005 5.73356e-006 2.93588e-006 -1.72397e-010 -1.72397e-010
4.72 -2.63075e-005 5.64071e-006 2.94034e-006 -1.78512e-010 -1.78512e-010
4.73 -2.63082e-005 5.57722e-006 2.95789e-006 -1.86475e-010 -1.86475e-010
4.74 -2.63147e-005 5.51971e-006 2.96476e-006 -1.92264e-010 -1.92264e-010
4.75 -2.63263e-005 5.4582e-006 2.94172e-006 -1.92807e-010 -1.92807e-010
4.76 -2.6343e-005 5.39933e-006 2.88157e-006 -1.87582e-010 -1.87582e-010
4.77 -2.63657e-005 5.36497e-006 2.78667e-006 -1.78593e-010 -1.78593e-010
4.78 -2.63953e-005 5.37315e-006 2.66524e-006 -1.6889e-010 -1.6889e-010
4.79 -2.64308e-005 5.41079e-006 2.52706e-006 -1.61052e-010 -1.61052e-010
4.8 -2.64702e-005 5.44409e-006 2.38162e-006 -1.56545e-010 -1.56545e-010
4.81 -2.65119e-005 5.44838e-006 2.23504e-006 -1.5582e-010 -1.5582e-010
4.82 -2.65559e-005 5.41241e-006 2.08429e-006 -1.58551e-010 -1.58551e-010
4.83 -2.66032e-005 5.3398e-006 1.92437e-006 -1.63733e-010 -1.63733e-010
4.84 -2.66538e-005 5.26201e-006 1.76543e-006 -1.69992e-010 -1.69992e-010
4.85 -2.67072e-005 5.21888e-006 1.62684e-006 -1.75964e-010 -1.75964e-010
4.86 -2.67604e-005 5.20309e-006 1.51227e-006 -1.80236e-010 -1.80236e-010
4.87 -2.68087e-005 5.15677e-006 1.40358e-006 -1.81089e-010 -1.81089e-010
4.88 -2.68492e-005 5.04301e-006 1.2784e-006 -1.77397e-010 -1.77397e-010
4.89 -2.68809e-005 4.88677e-006 1.13268e-006 -1.70418e-010 -1.70418e-010
4.9 -2.69033e-005 4.74188e-006 9.85805e-007 -1.63869e-010 -1.63869e-010
4.91 -2.69159e-005 4.6432e-006 8.59913e-007 -1.61375e-010 -1.61375e-010
4.92 -2.69192e-005 4.59734e-006 7.55214e-007 -1.63789e-010 -1.63789e-010
4.93 -2.69164e-005 4.60014e-006 6.50623e-007 -1.6904e-010 -1.6904e-010
4.94 -2.69134e-005 4.63475e-006 5.26997e-007 -1.73997e-010 -1.73997e-010
4.95 -2.69108e-005 4.66181e-006 3.81979e-007 -1.76207e-010 -1.76207e-010
4.96 -2.69077e-005 4.64304e-006 2.31106e-007 -1.74872e-010 -1.74872e-010
4.97 -2.69029e-005 4.57567e-006 1.01681e-007 -1.7101e-010 -1.7101e-010
4.98 -2.68979e-005 4.47972e-006 1.82445e-008 -1.66565e-010 -1.66565e-010
4.99 -2.68927e-005 4.36197e-006 -1.64263e-008 -1.63041e-010 -1.63041e-010
5 -2.68882e-005 4.22185e-006 -2.89278e-008 -1.60789e-010 -1.60789e-010
5.01 -2.68871e-005 4.08001e-006 -5.49261e-008 -1.59524e-010 -1.59524e-010
5.02 -2.68908e-005 3.96367e-006 -1.07109e-007 -1.59249e-010 -1.59249e-010
5.03 -2.68952e-005 3.87731e-006 -1.67709e-007 -1.60236e-010 -1.60236e-010
5.04 -2.68951e-005 3.8101e-006 -2.12247e-007 -1.62288e-010 -1.62288e-010
5.05 -2.68868e-005 3.74907e-006 -2.33307e-007 -1.64507e-010 -1.64507e-010
5.06 -2.68691e-005 3.67006e-006 -2.43486e-007 -1.65858e-010 -1.65858e-010
5.07 -2.68415e-005 3.5526e-006 -2.65376e-007 -1.65822e-010 -1.65822e-010
5.08 -2.68073e-005 3.41459e-006 -3.18928e-007 -1.64877e-010 -1.64877e-010
5.09 -2.67721e-005 3.30248e-006 -4.1087e-007 -1.64482e-010 -1.64482e-010
5.1 -2.67414e-005 3.24772e-006 -5.35181e-007 -1.66177e-010 -1.66177e-010
5.11 -2.6719e-005 3.25984e-006 -6.7631e-007 -1.70371e-010 -1.70371e-010
5.12 -2.67073e-005 3.34494e-006 -8.15434e-007 -1.75933e-010 -1.75933e-010
5.13 -2.67135e-005 3.49098e-006 -9.37389e-007 -1.80926e-010 -1.80926e-010
5.14 -2.67362e-005 3.64472e-006 -1.03457e-006 -1.83558e-010 -1.83558e-010
5.15 -2.67715e-005 3.74192e-006 -1.09879e-006 -1.82721e-010 -1.82721e-010
5.16 -2.68181e-005 3.76392e-006 -1.12676e-006 -1.78518e-010 -1.78518e-010
5.17 -2.68775e-005 3.7365e-006 -1.13098e-006 -1.72458e-010 -1.72458e-010
5.18 -2.69506e-005 3.6934e-006 -1.13461e-006 -1.66655e-010 -1.66655e-010
5.19 -2.70369e-005 3.66879e-006 -1.15893e-006 -1.62858e-010 -1.62858e-010
5.2 -2.71362e-005 3.7081e-006 -1.21366e-006 -1.62018e-010 -1.62018e-010
5.21 -2.72471e-005 3.84991e-006 -1.28594e-006 -1.6415e-010 -1.6415e-010
5.22 -2.73605e-005 4.0863e-006 -1.33611e-006 -1.68232e-010 -1.68232e-010
5.23 -2.74685e-005 4.36878e-006 -1.313e-006 -1.72261e-010 -1.72261e-010
5.24 -2.75585e-005 4.64975e-006 -1.18548e-006 -1.74035e-010 -1.74035e-010
5.25 -2.76257e-005 4.89696e-006 -9.58325e-007 -1.7237e-010 -1.7237e-010
5.26 -2.76669e-005 5.10094e-006 -6.61498e-007 -1.67506e-010 -1.67506e-010
5.27 -2.76855e-005 5.28202e-006 -3.31275e-007 -1.60755e-010 -1.60755e-010
5.28 -2.76827e-005 5.4702e-006 6.00375e-009 -1.5434e-010 -1.5434e-010
5.29 -2.76582e-005 5.67375e-006 3.34458e-007 -1.50705e-010 -1.50705e-010
5.3 -2.76136e-005 5.89005e-006 6.45144e-007 -1.51165e-010 -1.51165e-010
5.31 -2.75509e-005 6.12531e-006 9.37463e-007 -1.55486e-010 -1.55486e-010
5.32 -2.74707e-005 6.37713e-006 1.22312e-006 -1.62675e-010 -1.62675e-010
5.33 -2.73747e-005 6.62478e-006 1.52565e-006 -1.71559e-010 -1.71559e-010
5.34 -2.72635e-005 6.85083e-006 1.87334e-006 -1.80949e-010 -1.80949e-010
5.35 -2.71389e-005 7.06288e-006 2.28895e-006 -1.89864e-010 -1.89864e-010
5.36 -2.70042e-005 7.28961e-006 2.78425e-006 -1.97544e-010 -1.97544e-010
5.37 -2.68661e-005 7.54023e-006 3.34747e-006 -2.03085e-010 -2.03085e-010
5.38 -2.67287e-005 7.77786e-006 3.93985e-006 -2.04921e-010 -2.04921e-010
5.39 -2.65922e-005 7.95994e-006 4.52104e-006 -2.01671e-010 -2.01671e-010
5.4 -2.64605e-005 8.08938e-006 5.07898e-006 -1.94157e-010 -1.94157e-010
5.41 -2.63325e-005 8.20157e-006 5.62714e-006 -1.8602e-010 -1.8602e-010
5.42 -2.62056e-005 8.31985e-006 6.17073e-006 -1.81534e-010 -1.81534e-010
5.43 -2.60789e-005 8.42698e-006 6.68889e-006 -1.82121e-010 -1.82121e-010
5.44 -2.59526e-005 8.47548e-006 7.14981e-006 -1.85665e-010 -1.85665e-010
5.45 -2.58238e-005 8.43773e-006 7.54316e-006 -1.89503e-010 -1.89503e-010
5.46 -2.56904e-005 8.3376e-006 7.88051e-006 -1.92991e-010 -1.92991e-010
5.47 -2.55532e-005 8.22486e-006 8.17033e-006 -1.96687e-010 -1.96687e-010
5.48 -2.5418e-005 8.14017e-006 8.40609e-006 -2.00165e-010 -2.00165e-010
5.49 -2.52903e-005 8.10167e-006 8.57687e-006 -2.01772e-010 -2.01772e-010
5.5 -2.51738e-005 8.09106e-006 8.67367e-006 -1.99993e-010 -1.99993e-010
5.51 -2.50698e-005 8.05359e-006 8.68936e-006 -1.9465e-010 -1.9465e-010
5.52 -2.49818e-005 7.9466e-006 8.61992e-006 -1.87299e-010 -1.87299e-010
5.53 -2.49144e-005 7.77039e-006 8.47065e-006 -1.80921e-010 -1.80921e-010
5.54 -2.48709e-005 7.53882e-006 8.25693e-006 -1.78883e-010 -1.78883e-010
5.55 -2.48525e-005 7.25921e-006 7.99221e-006 -1.83106e-010 -1.83106e-010
5.56 -2.48615e-005 6.9387e-006 7.6738e-006 -1.92596e-010 -1.92596e-010
5.57 -2.48988e-005 6.57919e-006 7.29185e-006 -2.03823e-010 -2.03823e-010
5.58 -2.49606e-005 6.17435e-006 6.85358e-006 -2.12573e-010 -2.12573e-010
5.59 -2.50383e-005 5.71884e-006 6.38621e-006 -2.15665e-010 -2.15665e-010
5.6 -2.51222e-005 5.20968e-006 5.91223e-006 -2.11442e-010 -2.11442e-010
5.61 -2.52032e-005 4.64396e-006 5.4317e-006 -1.99889e-010 -1.99889e-010
5.62 -2.52767e-005 4.03403e-006 4.9306e-006 -1.828e-010 -1.828e-010
5.63 -2.53407e-005 3.42622e-006 4.40053e-006 -1.63275e-010 -1.63275e-010
5.64 -2.53942e-005 2.88321e-006 3.84345e-006 -1.45405e-010 -1.45405e-010
5.65 -2.54351e-005 2.43625e-006 3.26147e-006 -1.33253e-010 -1.33253e-010
5.66 -2.54616e-005 2.06029e-006 2.65325e-006 -1.28573e-010 -1.28573e-010
5.67 -2.54692e-005 1.69655e-006 2.02409e-006 -1.29831e-010 -1.29831e-010
5.68 -2.54487e-005 1.30637e-006 1.39191e-006 -1.34142e-010 -1.34142e-010
5.69 -2.54143e-005 8.98954e-007 7.71461e-007 -1.39786e-010 -1.39786e-010
5.7 -2.53851e-005 5.16645e-007 1.67377e-007 -1.46416e-010 -1.46416e-010
5.71 -2.53715e-005 1.94165e-007 -4.22686e-007 -1.53859e-010 -1.53859e-010
5.72 -2.53798e-005 -6.30341e-008 -9.98087e-007 -1.61343e-010 -1.61343e-010
5.73 -2.53938e-005 -2.6249e-007 -1.55011e-006 -1.67219e-010 -1.67219e-010
5.74 -2.54281e-005 -3.84394e-007 -2.05102e-006 -1.69868e-010 -1.69868e-010
5.75 -2.55078e-005 -3.91228e-007 -2.47712e-006 -1.6941e-010 -1.6941e-010
5.76 -2.56376e-005 -2.62671e-007 -2.833e-006 -1.67514e-010 -1.67514e-010
5.77 -2.58129e-005 -8.87725e-009 -3.1367e-006 -1.66026e-010 -1.66026e-010
5.78 -2.60296e-005 3.32611e-007 -3.40632e-006 -1.65356e-010 -1.65356e-010
5.79 -2.62815e-005 7.03202e-007 -3.65679e-006 -1.63864e-010 -1.63864e-010
5.8 -2.65569e-005 1.02958e-006 -3.90105e-006 -1.60425e-010 -1.60425e-010
5.81 -2.68454e-005 1.25961e-006 -4.14128e-006 -1.56455e-010 -1.56455e-010
5.82 -2.71388e-005 1.42973e-006 -4.37435e-006 -1.54917e-010 -1.54917e-010
5.83 -2.74405e-005 1.67141e-006 -4.59319e-006 -1.58629e-010 -1.58629e-010
5.84 -2.77527e-005 2.10527e-006 -4.78501e-006 -1.68338e-010 -1.68338e-010
5.85 -2.80671e-005 2.73397e-006 -4.92276e-006 -1.81333e-010 -1.81333e-010
5.86 -2.83666e-005 3.46038e-006 -4.96964e-006 -1.92655e-010 -1.92655e-010
5.87 -2.86367e-005 4.18097e-006 -4.90358e-006 -1.97958e-010 -1.97958e-010
5.88 -2.88709e-005 4.83914e-006 -4.73695e-006 -1.95392e-010 -1.95392e-010
5.89 -2.90704e-005 5.43501e-006 -4.50429e-006 -1.86019e-010 -1.86019e-010
5.9 -2.92408e-005 6.01295e-006 -4.23436e-006 -1.73201e-010 -1.73201e-010
5.91 -2.93871e-005 6.61874e-006 -3.93634e-006 -1.61245e-010 -1.61245e-010
5.92 -2.95105e-005 7.27482e-006 -3.60313e-006 -1.54175e-010 -1.54175e-010
5.93 -2.96117e-005 7.98565e-006 -3.21642e-006 -1.54345e-010 -1.54345e-010
5.94 -2.96838e-005 8.72851e-006 -2.74638e-006 -1.60993e-010 -1.60993e-010
5.95 -2.97269e-005 9.43984e-006 -2.17032e-006 -1.70452e-010 -1.70452e-010
5.96 -2.97306e-005 1.00339e-005 -1.49104e-006 -1.78357e-010 -1.78357e-010
5.97 -2.96949e-005 1.04444e-005 -7.44391e-007 -1.81899e-010 -1.81899e-010
5.98 -2.96143e-005 1.06648e-005 2.72124e-008 -1.80947e-010 -1.80947e-010
5.99 -2.94931e-005 1.07276e-005 7.86612e-007 -1.78321e-010 -1.78321e-010
6 -2.93278e-005 1.06464e-005 1.51026e-006 -1.78309e-010 -1.78309e-010
6.01 -2.91061e-005 1.03924e-005 2.18839e-006 -1.8348e-010 -1.8348e-010
6.02 -2.88131e-005 9.93377e-006 2.83119e-006 -1.94276e-010 -1.94276e-010
6.03 -2.84356e-005 9.2691e-006 3.47719e-006 -2.11584e-010 -2.11584e-010
6.04 -2.79616e-005 8.42513e-006 4.17727e-006 -2.35618e-010 -2.35618e-010
6.05 -2.7384e-005 7.45822e-006 4.95299e-006 -2.61945e-010 -2.61945e-010
6.06 -2.67119e-005 6.445e-006 5.77207e-006 -2.82492e-010 -2.82492e-010
6.07 -2.59583e-005 5.46236e-006 6.57176e-006 -2.90963e-010 -2.90963e-010
6.08 -2.51474e-005 4.5751e-006 7.29038e-006 -2.84579e-010 -2.84579e-010
6.09 -2.43144e-005 3.81185e-006 7.88316e-006 -2.6242e-010 -2.6242e-010
6.1 -2.34917e-005 3.15177e-006 8.33378e-006 -2.2783e-010 -2.2783e-010
6.11 -2.27032e-005 2.5617e-006 8.65971e-006 -1.9114e-010 -1.9114e-010
6.12 -2.19791e-005 2.03316e-006 8.90266e-006 -1.64598e-010 -1.64598e-010
6.13 -2.13462e-005 1.5694e-006 9.11234e-006 -1.53616e-010 -1.53616e-010
6.14 -2.08288e-005 1.19079e-006 9.32503e-006 -1.54847e-010 -1.54847e-010
6.15 -2.04531e-005 9.46742e-007 9.55793e-006 -1.62533e-010 -1.62533e-010
6.16 -2.0238e-005 8.79431e-007 9.81241e-006 -1.72306e-010 -1.72306e-010
6.17 -2.01913e-005 9.87491e-007 1.00736e-005 -1.79373e-010 -1.79373e-010
6.18 -2.03117e-005 1.23447e-006 1.03168e-005 -1.78648e-010 -1.78648e-010
6.19 -2.0584e-005 1.55632e-006 1.05288e-005 -1.67795e-010 -1.67795e-010
6.2 -2.09774e-005 1.8719e-006 1.07245e-005 -1.49039e-010 -1.49039e-010
6.21 -2.14535e-005 2.14133e-006 1.09361e-005 -1.28886e-010 -1.28886e-010
6.22 -2.19782e-005 2.42451e-006 1.11809e-005 -1.16205e-010 -1.16205e-010
6.23 -2.25278e-005 2.85831e-006 1.14387e-005 -1.18495e-010 -1.18495e-010
6.24 -2.30843e-005 3.55737e-006 1.16622e-005 -1.37746e-010 -1.37746e-010
6.25 -2.36255e-005 4.52038e-006 1.18116e-005 -1.68581e-010 -1.68581e-010
6.26 -2.4121e-005 5.60924e-006 1.18789e-005 -2.00325e-010 -2.00325e-010
6.27 -2.45383e-005 6.60973e-006 1.18781e-005 -2.22807e-010 -2.22807e-010
6.28 -2.48543e-005 7.35638e-006 1.18263e-005 -2.31592e-010 -2.31592e-010
6.29 -2.50657e-005 7.84969e-006 1.17381e-005 -2.28695e-010 -2.28695e-010
6.3 -2.5189e-005 8.26427e-006 1.16283e-005 -2.20571e-010 -2.20571e-010
6.31 -2.52492e-005 8.79256e-006 1.15088e-005 -2.14299e-010 -2.14299e-010
6.32 -2.52659e-005 9.4615e-006 1.13721e-005 -2.13011e-010 -2.13011e-010
6.33 -2.52505e-005 1.01091e-005 1.11778e-005 -2.14257e-010 -2.14257e-010
6.34 -2.52121e-005 1.04874e-005 1.08639e-005 -2.12754e-010 -2.12754e-010
6.35 -2.51605e-005 1.04016e-005 1.03818e-005 -2.0494e-010 -2.0494e-010
6.36 -2.511e-005 9.81869e-006 9.72167e-006 -1.92249e-010 -1.92249e-010
6.37 -2.50796e-005 8.91935e-006 8.90315e-006 -1.81356e-010 -1.81356e-010
6.38 -2.50961e-005 8.02556e-006 7.95545e-006 -1.8031e-010 -1.8031e-010
6.39 -2.51795e-005 7.37123e-006 6.90463e-006 -1.91934e-010 -1.91934e-010
6.4 -2.533e-005 6.93248e-006 5.76993e-006 -2.09631e-010 -2.09631e-010
6.41 -2.55309e-005 6.53846e-006 4.57289e-006 -2.20034e-010 -2.20034e-010
6.42 -2.57723e-005 6.06999e-006 3.35383e-006 -2.11692e-010 -2.11692e-010
6.43 -2.60445e-005 5.4981e-006 2.17852e-006 -1.83046e-010 -1.83046e-010
6.44 -2.633e-005 4.84723e-006 1.12625e-006 -1.42064e-010 -1.42064e-010
6.45 -2.66113e-005 4.20131e-006 2.5063e-007 -1.00009e-010 -1.00009e-010
6.46 -2.68895e-005 3.6758e-006 -4.37499e-007 -6.58426e-011 -6.58426e-011
6.47 -2.71562e-005 3.33129e-006 -9.719e-007 -4.37565e-011 -4.37565e-011
6.48 -2.7415e-005 3.11152e-006 -1.40672e-006 -3.41394e-011 -3.41394e-011
6.49 -2.76328e-005 2.89839e-006 -1.79971e-006 -3.53997e-011 -3.53997e-011
6.5 -2.78035e-005 2.60115e-006 -2.18965e-006 -4.62855e-011 -4.62855e-011
6.51 -2.79022e-005 2.19374e-006 -2.61902e-006 -6.66625e-011 -6.66625e-011
6.52 -2.79217e-005 1.67684e-006 -3.12387e-006 -9.39444e-011 -9.39444e-011
6.53 -2.78596e-005 1.03091e-006 -3.72068e-006 -1.20427e-010 -1.20427e-010
6.54 -2.7738e-005 2.22161e-007 -4.40571e-006 -1.38311e-010 -1.38311e-010
6.55 -2.75516e-005 -7.28263e-007 -5.1726e-006 -1.48808e-010 -1.48808e-010
6.56 -2.73149e-005 -1.68833e-006 -5.99371e-006 -1.59558e-010 -1.59558e-010
6.57 -2.7046e-005 -2.48461e-006 -6.82832e-006 -1.7245e-010 -1.7245e-010
6.58 -2.67708e-005 -2.9795e-006 -7.62084e-006 -1.83542e-010 -1.83542e-010
6.59 -2.65103e-005 -3.12735e-006 -8.30509e-006 -1.91381e-010 -1.91381e-010
6.6 -2.6282e-005 -2.99848e-006 -8.81845e-006 -1.97187e-010 -1.97187e-010
6.61 -2.61014e-005 -2.73263e-006 -9.12533e-006 -2.00462e-010 -2.00462e-010
6.62 -2.59874e-005 -2.45576e-006 -9.2351e-006 -1.98225e-010 -1.98225e-010
6.63 -2.59586e-005 -2.23472e-006 -9.19784e-006 -1.88072e-010 -1.88072e-010
6.64 -2.60298e-005 -2.07358e-006 -9.07966e-006 -1.70926e-010 -1.70926e-010
6.65 -2.62065e-005 -1.93439e-006 -8.93044e-006 -1.50038e-010 -1.50038e-010
6.66 -2.64811e-005 -1.78426e-006 -8.76993e-006 -1.2929e-010 -1.2929e-010
6.67 -2.68358e-005 -1.62023e-006 -8.59558e-006 -1.12603e-010 -1.12603e-010
6.68 -2.72436e-005 -1.44269e-006 -8.39985e-006 -1.02661e-010 -1.02661e-010
6.69 -2.76761e-005 -1.22404e-006 -8.18073e-006 -1.00115e-010 -1.00115e-010
6.7 -2.81055e-005 -9.17246e-007 -7.93188e-006 -1.04631e-010 -1.04631e-010
6.71 -2.85018e-005 -4.96405e-007 -7.62727e-006 -1.16114e-010 -1.16114e-010
6.72 -2.88335e-005 2.18956e-008 -7.23191e-006 -1.33534e-010 -1.33534e-010
6.73 -2.90779e-005 6.23524e-007 -6.73675e-006 -1.52331e-010 -1.52331e-010
6.74 -2.92319e-005 1.35364e-006 -6.18224e-006 -1.64558e-010 -1.64558e-010
6.75 -2.93111e-005 2.28995e-006 -5.64781e-006 -1.63927e-010 -1.63927e-010
6.76 -2.93412e-005 3.49069e-006 -5.20603e-006 -1.5107e-010 -1.5107e-010
6.77 -2.93509e-005 4.9838e-006 -4.87383e-006 -1.3324e-010 -1.3324e-010
6.78 -2.93697e-005 6.74932e-006 -4.61032e-006 -1.19809e-010 -1.19809e-010
6.79 -2.94212e-005 8.6935e-006 -4.35275e-006 -1.18499e-010 -1.18499e-010
6.8 -2.9534e-005 1.06582e-005 -4.05576e-006 -1.3225e-010 -1.3225e-010
6.81 -2.97412e-005 1.24775e-005 -3.70785e-006 -1.56012e-010 -1.56012e-010
6.82 -3.00485e-005 1.40464e-005 -3.31298e-006 -1.8191e-010 -1.8191e-010
6.83 -3.04621e-005 1.53214e-005 -2.88548e-006 -2.07353e-010 -2.07353e-010
6.84 -3.09695e-005 1.62675e-005 -2.43744e-006 -2.32315e-010 -2.32315e-010
6.85 -3.15364e-005 1.68555e-005 -1.97198e-006 -2.54044e-010 -2.54044e-010
6.86 -3.21279e-005 1.712e-005 -1.47754e-006 -2.68608e-010 -2.68608e-010
6.87 -3.27014e-005 1.71597e-005 -9.24794e-007 -2.73715e-010 -2.73715e-010
6.88 -3.32052e-005 1.70542e-005 -2.8306e-007 -2.68117e-010 -2.68117e-010
6.89 -3.35813e-005 1.6809e-005 4.63008e-007 -2.50907e-010 -2.50907e-010
6.9 -3.3772e-005 1.63889e-005 1.3049e-006 -2.22328e-010 -2.22328e-010
6.91 -3.37352e-005 1.58096e-005 2.20375e-006 -1.84468e-010 -1.84468e-010
6.92 -3.346e-005 1.51679e-005 3.07627e-006 -1.42577e-010 -1.42577e-010
6.93 -3.29588e-005 1.45498e-005 3.80306e-006 -1.05261e-010 -1.05261e-010
6.94 -3.22516e-005 1.39352e-005 4.2776e-006 -8.08179e-011 -8.08179e-011
6.95 -3.13651e-005 1.32244e-005 4.46076e-006 -7.37364e-011 -7.37364e-011
6.96 -3.03353e-005 1.2347e-005 4.39255e-006 -8.47403e-011 -8.47403e-011
6.97 -2.92113e-005 1.13153e-005 4.15267e-006 -1.12332e-010 -1.12332e-010
6.98 -2.80523e-005 1.01814e-005 3.80859e-006 -1.5344e-010 -1.5344e-010
6.99 -2.69205e-005 8.97244e-006 3.39894e-006 -2.01568e-010 -2.01568e-010
7 -2.58767e-005 7.70003e-006 2.95623e-006 -2.45203e-010 -2.45203e-010
7.01 -2.49755e-005 6.43365e-006 2.5247e-006 -2.72676e-010 -2.72676e-010
7.02 -2.42633e-005 5.29394e-006 2.15009e-006 -2.79347e-010 -2.79347e-010
7.03 -2.37685e-005 4.34007e-006 1.8717e-006 -2.67557e-010 -2.67557e-010
7.04 -2.34915e-005 3.48992e-006 1.73588e-006 -2.42073e-010 -2.42073e-010
7.05 -2.34011e-005 2.54385e-006 1.81159e-006 -2.07761e-010 -2.07761e-010
7.06 -2.34448e-005 1.33076e-006 2.17085e-006 -1.70088e-010 -1.70088e-010
7.07 -2.35422e-005 -1.40504e-007 2.85572e-006 -1.36135e-010 -1.36135e-010
7.08 -2.36328e-005 -1.69789e-006 3.84138e-006 -1.13317e-010 -1.13317e-010
7.09 -2.37027e-005 -3.15814e-006 5.04735e-006 -1.07039e-010 -1.07039e-010
7.1 -2.3695e-005 -4.42355e-006 6.36441e-006 -1.14426e-010 -1.14426e-010
7.11 -2.35474e-005 -5.48544e-006 7.66077e-006 -1.2116e-010 -1.2116e-010
7.12 -2.32361e-005 -6.36312e-006 8.79131e-006 -1.15069e-010 -1.15069e-010
7.13 -2.27397e-005 -7.09388e-006 9.63498e-006 -9.63462e-011 -9.63462e-011
7.14 -2.20603e-005 -7.72844e-006 1.01251e-005 -7.07164e-011 -7.07164e-011
7.15 -2.12152e-005 -8.30631e-006 1.02531e-005 -4.35078e-011 -4.35078e-011
7.16 -2.02513e-005 -8.82252e-006 1.00571e-005 -2.22214e-011 -2.22214e-011
7.17 -1.92189e-005 -9.23796e-006 9.6082e-006 -1.83069e-011 -1.83069e-011
7.18 -1.81865e-005 -9.50289e-006 9.0081e-006 -3.9583e-011 -3.9583e-011
7.19 -1.7252e-005 -9.56736e-006 8.37131e-006 -8.08567e-011 -8.08567e-011
7.2 -1.64672e-005 -9.41638e-006 7.78284e-006 -1.31726e-010 -1.31726e-010
7.21 -1.59076e-005 -9.06165e-006 7.30574e-006 -1.89245e-010 -1.89245e-010
7.22 -1.56331e-005 -8.51033e-006 6.97875e-006 -2.48939e-010 -2.48939e-010
7.23 -1.56775e-005 -7.74982e-006 6.82422e-006 -2.95458e-010 -2.95458e-010
7.24 -1.60557e-005 -6.78849e-006 6.85161e-006 -3.14957e-010 -3.14957e-010
7.25 -1.67537e-005 -5.68189e-006 7.05643e-006 -3.06799e-010 -3.06799e-010
7.26 -1.77262e-005 -4.50821e-006 7.41552e-006 -2.76194e-010 -2.76194e-010
7.27 -1.89197e-005 -3.31863e-006 7.87729e-006 -2.19356e-010 -2.19356e-010
7.28 -2.02785e-005 -2.11653e-006 8.35872e-006 -1.3106e-010 -1.3106e-010
7.29 -2.17461e-005 -8.84672e-007 8.74801e-006 -3.16789e-011 -3.16789e-011
7.3 -2.32571e-005 4.0236e-007 8.92636e-006 4.36541e-011 4.36541e-011
7.31 -2.47465e-005 1.80561e-006 8.80363e-006 8.31579e-011 8.31579e-011
7.32 -2.61649e-005 3.39547e-006 8.33864e-006 9.38458e-011 9.38458e-011
7.33 -2.74634e-005 5.12975e-006 7.53556e-006 7.58007e-011 7.58007e-011
7.34 -2.8583e-005 6.79718e-006 6.4333e-006 2.74832e-011 2.74832e-011
7.35 -2.94748e-005 8.15592e-006 5.08982e-006 -3.98357e-011 -3.98357e-011
7.36 -3.01418e-005 9.12368e-006 3.57922e-006 -1.11554e-010 -1.11554e-010
7.37 -3.06082e-005 9.83819e-006 1.97875e-006 -1.81475e-010 -1.81475e-010
7.38 -3.09104e-005 1.05049e-005 3.72437e-007 -2.45449e-010 -2.45449e-010
7.39 -3.10933e-005 1.12127e-005 -1.15687e-006 -2.97055e-010 -2.97055e-010
7.4 -3.11868e-005 1.19161e-005 -2.53142e-006 -3.29905e-010 -3.29905e-010
7.41 -3.12356e-005 1.25472e-005 -3.70166e-006 -3.34103e-010 -3.34103e-010
7.42 -3.12763e-005 1.30893e-005 -4.64852e-006 -2.99869e-010 -2.99869e-010
7.43 -3.13539e-005 1.35427e-005 -5.36807e-006 -2.31133e-010 -2.31133e-010
7.44 -3.14909e-005 1.38222e-005 -5.87925e-006 -1.45811e-010 -1.45811e-010
7.45 -3.16775e-005 1.37597e-005 -6.21827e-006 -6.32133e-011 -6.32133e-011
7.46 -3.19003e-005 1.32385e-005 -6.43402e-006 3.96233e-012 3.96233e-012
7.47 -3.21498e-005 1.23098e-005 -6.56875e-006 4.79985e-011 4.79985e-011
7.48 -3.23998e-005 1.11879e-005 -6.64852e-006 6.05751e-011 6.05751e-011
7.49 -3.26344e-005 1.01314e-005 -6.70093e-006 3.60256e-011 3.60256e-011
7.5 -3.28461e-005 9.30213e-006 -6.78659e-006 -1.72893e-011 -1.72893e-011
7.51 -3.30071e-005 8.7211e-006 -6.99874e-006 -7.72871e-011 -7.72871e-011
7.52 -3.31066e-005 8.34872e-006 -7.41717e-006 -1.222e-010 -1.222e-010
7.53 -3.3131e-005 8.15543e-006 -8.06257e-006 -1.42887e-010 -1.42887e-010
7.54 -3.3097e-005 8.12449e-006 -8.89015e-006 -1.43628e-010 -1.43628e-010
7.55 -3.30119e-005 8.21702e-006 -9.8333e-006 -1.31884e-010 -1.31884e-010
7.56 -3.28992e-005 8.3385e-006 -1.08224e-005 -1.10214e-010 -1.10214e-010
7.57 -3.27758e-005 8.35753e-006 -1.17954e-005 -7.97717e-011 -7.97717e-011
7.58 -3.265e-005 8.2449e-006 -1.26831e-005 -4.87836e-011 -4.87836e-011
7.59 -3.25679e-005 8.16307e-006 -1.33963e-005 -3.30822e-011 -3.30822e-011
7.6 -3.25618e-005 8.31956e-006 -1.38553e-005 -4.43914e-011 -4.43914e-011
7.61 -3.2641e-005 8.75417e-006 -1.40135e-005 -7.93688e-011 -7.93688e-011
7.62 -3.27902e-005 9.28304e-006 -1.38519e-005 -1.2199e-010 -1.2199e-010
7.63 -3.2973e-005 9.63272e-006 -1.33651e-005 -1.5458e-010 -1.5458e-010
7.64 -3.31553e-005 9.64264e-006 -1.2547e-005 -1.67138e-010 -1.67138e-010
7.65 -3.33032e-005 9.34773e-006 -1.13977e-005 -1.59622e-010 -1.59622e-010
7.66 -3.33906e-005 8.94014e-006 -9.945e-006 -1.3776e-010 -1.3776e-010
7.67 -3.33985e-005 8.65987e-006 -8.25523e-006 -1.08071e-010 -1.08071e-010
7.68 -3.33027e-005 8.63086e-006 -6.42298e-006 -7.67945e-011 -7.67945e-011
7.69 -3.30656e-005 8.79082e-006 -4.55103e-006 -4.91518e-011 -4.91518e-011
7.7 -3.26469e-005 9.00256e-006 -2.72777e-006 -2.72874e-011 -2.72874e-011
7.71 -3.20417e-005 9.19514e-006 -1.01765e-006 -1.1008e-011 -1.1008e-011
7.72 -3.12701e-005 9.37483e-006 5.49765e-007 7.21325e-013 7.21325e-013
7.73 -3.0357e-005 9.53501e-006 1.97517e-006 8.17558e-012 8.17558e-012
7.74 -2.93266e-005 9.63365e-006 3.27646e-006 1.0129e-011 1.0129e-011
7.75 -2.82339e-005 9.66128e-006 4.47494e-006 5.31774e-012 5.31774e-012
7.76 -2.71226e-005 9.67572e-006 5.60796e-006 -1.05481e-011 -1.05481e-011
7.77 -2.6033e-005 9.73731e-006 6.71509e-006 -4.48195e-011 -4.48195e-011
7.78 -2.5024e-005 9.82582e-006 7.81025e-006 -9.81182e-011 -9.81182e-011
7.79 -2.41144e-005 9.8141e-006 8.88761e-006 -1.61791e-010 -1.61791e-010
7.8 -2.33406e-005 9.55405e-006 9.92078e-006 -2.25636e-010 -2.25636e-010
7.81 -2.27011e-005 8.97639e-006 1.09111e-005 -2.80568e-010 -2.80568e-010
7.82 -2.22152e-005 8.17291e-006 1.18582e-005 -3.18337e-010 -3.18337e-010
7.83 -2.18905e-005 7.3861e-006 1.27635e-005 -3.35855e-010 -3.35855e-010
7.84 -2.17257e-005 6.88147e-006 1.36267e-005 -3.36045e-010 -3.36045e-010
7.85 -2.17025e-005 6.79935e-006 1.44401e-005 -3.21179e-010 -3.21179e-010
7.86 -2.18071e-005 7.12327e-006 1.51938e-005 -2.88535e-010 -2.88535e-010
7.87 -2.20102e-005 7.74423e-006 1.58712e-005 -2.33902e-010 -2.33902e-010
7.88 -2.22893e-005 8.50516e-006 1.64312e-005 -1.59323e-010 -1.59323e-010
7.89 -2.26208e-005 9.21532e-006 1.68191e-005 -7.44039e-011 -7.44039e-011
7.9 -2.2978e-005 9.68262e-006 1.69957e-005 8.01762e-012 8.01762e-012
7.91 -2.33291e-005 9.76094e-006 1.69525e-005 7.26572e-011 7.26572e-011
7.92 -2.3651e-005 9.41002e-006 1.67018e-005 1.04909e-010 1.04909e-010
7.93 -2.39304e-005 8.72455e-006 1.6257e-005 9.69163e-011 9.69163e-011
7.94 -2.41572e-005 7.88352e-006 1.56174e-005 4.96756e-011 4.96756e-011
7.95 -2.43274e-005 7.03458e-006 1.47696e-005 -2.70707e-011 -2.70707e-011
7.96 -2.44351e-005 6.21035e-006 1.37021e-005 -1.15562e-010 -1.15562e-010
7.97 -2.44736e-005 5.3555e-006 1.24186e-005 -1.9378e-010 -1.9378e-010
7.98 -2.44423e-005 4.40137e-006 1.09483e-005 -2.43518e-010 -2.43518e-010
7.99 -2.43491e-005 3.34276e-006 9.35587e-006 -2.58349e-010 -2.58349e-010
8 -2.42107e-005 2.27342e-006 7.74222e-006 -2.44721e-010 -2.44721e-010
8.01 -2.40483e-005 1.31197e-006 6.22466e-006 -2.16072e-010 -2.16072e-010
8.02 -2.38778e-005 4.85794e-007 4.91031e-006 -1.84852e-010 -1.84852e-010
8.03 -2.37066e-005 -2.75897e-007 3.87458e-006 -1.5734e-010 -1.5734e-010
8.04 -2.35348e-005 -1.0223e-006 3.14365e-006 -1.33641e-010 -1.33641e-010
8.05 -2.33814e-005 -1.70962e-006 2.68595e-006 -1.11329e-010 -1.11329e-010
8.06 -2.32906e-005 -2.29069e-006 2.42005e-006 -8.77711e-011 -8.77711e-011
8.07 -2.32683e-005 -2.82679e-006 2.25197e-006 -5.83821e-011 -5.83821e-011
8.08 -2.32773e-005 -3.46685e-006 2.08639e-006 -1.5354e-011 -1.5354e-011
8.09 -2.33227e-005 -4.28254e-006 1.86414e-006 4.1328e-011 4.1328e-011
8.1 -2.34038e-005 -5.20491e-006 1.55037e-006 9.37656e-011 9.37656e-011
8.11 -2.35149e-005 -6.08923e-006 1.11828e-006 1.19142e-010 1.19142e-010
8.12 -2.36395e-005 -6.80239e-006 5.27149e-007 1.06202e-010 1.06202e-010
8.13 -2.37909e-005 -7.24485e-006 -2.57968e-007 5.94201e-011 5.94201e-011
8.14 -2.39505e-005 -7.36874e-006 -1.25355e-006 -5.25365e-012 -5.25365e-012
8.15 -2.41369e-005 -7.18205e-006 -2.40226e-006 -6.99943e-011 -6.99943e-011
8.16 -2.4335e-005 -6.73897e-006 -3.59992e-006 -1.2191e-010 -1.2191e-010
8.17 -2.45548e-005 -6.10631e-006 -4.72684e-006 -1.53901e-010 -1.53901e-010
8.18 -2.48144e-005 -5.33306e-006 -5.69995e-006 -1.63519e-010 -1.63519e-010
8.19 -2.51261e-005 -4.43381e-006 -6.48441e-006 -1.51817e-010 -1.51817e-010
8.2 -2.55129e-005 -3.42064e-006 -7.06621e-006 -1.20929e-010 -1.20929e-010
8.21 -2.59777e-005 -2.33018e-006 -7.43899e-006 -7.53872e-011 -7.53872e-011
8.22 -2.65114e-005 -1.22501e-006 -7.59113e-006 -2.81984e-011 -2.81984e-011
8.23 -2.7096e-005 -1.90073e-007 -7.50231e-006 2.90269e-012 2.90269e-012
8.24 -2.76934e-005 6.86577e-007 -7.15059e-006 1.00091e-011 1.00091e-011
8.25 -2.82652e-005 1.34983e-006 -6.5239e-006 -1.29739e-012 -1.29739e-012
8.26 -2.87739e-005 1.80233e-006 -5.63738e-006 -2.19793e-011 -2.19793e-011
8.27 -2.91794e-005 2.0761e-006 -4.54076e-006 -4.53886e-011 -4.53886e-011
8.28 -2.94423e-005 2.20577e-006 -3.30819e-006 -6.55627e-011 -6.55627e-011
8.29 -2.95336e-005 2.24196e-006 -2.01846e-006 -7.66839e-011 -7.66839e-011
8.3 -2.94318e-005 2.24441e-006 -7.38963e-007 -7.52077e-011 -7.52077e-011
8.31 -2.91211e-005 2.2335e-006 4.85586e-007 -6.07109e-011 -6.07109e-011
8.32 -2.85848e-005 2.18084e-006 1.64018e-006 -3.57408e-011 -3.57408e-011
8.33 -2.7813e-005 2.05818e-006 2.72924e-006 -6.87975e-012 -6.87975e-012
8.34 -2.68389e-005 1.86443e-006 3.75238e-006 1.71856e-011 1.71856e-011
8.35 -2.5721e-005 1.60738e-006 4.69715e-006 3.08027e-011 3.08027e-011
8.36 -2.45329e-005 1.27792e-006 5.54356e-006 3.30273e-011 3.30273e-011
8.37 -2.33139e-005 8.33898e-007 6.28803e-006 2.39477e-011 2.39477e-011
8.38 -2.21143e-005 2.32783e-007 6.95958e-006 7.41405e-013 7.41405e-013
8.39 -2.09841e-005 -5.24962e-007 7.62299e-006 -4.05934e-011 -4.05934e-011
8.4 -1.99482e-005 -1.39645e-006 8.35899e-006 -9.96741e-011 -9.96741e-011
8.41 -1.90335e-005 -2.3482e-006 9.23888e-006 -1.68006e-010 -1.68006e-010
8.42 -1.82484e-005 -3.38339e-006 1.03084e-005 -2.31416e-010 -2.31416e-010
8.43 -1.75863e-005 -4.51068e-006 1.158e-005 -2.75668e-010 -2.75668e-010
8.44 -1.70296e-005 -5.72758e-006 1.30353e-005 -2.91434e-010 -2.91434e-010
8.45 -1.65478e-005 -7.0225e-006 1.46376e-005 -2.74034e-010 -2.74034e-010
8.46 -1.61196e-005 -8.37475e-006 1.63353e-005 -2.16746e-010 -2.16746e-010
8.47 -1.57146e-005 -9.7396e-006 1.80541e-005 -1.12131e-010 -1.12131e-010
8.48 -1.51561e-005 -1.10891e-005 1.97489e-005 4.62798e-011 4.62798e-011
8.49 -1.44362e-005 -1.23796e-005 2.13066e-005 2.55452e-010 2.55452e-010
8.5 -1.34337e-005 -1.36302e-005 2.2613e-005 4.93414e-010 4.93414e-010
8.51 -1.23281e-005 -1.48289e-005 2.35447e-005 7.31704e-010 7.31704e-010
8.52 -1.12057e-005 -1.59104e-005 2.40455e-005 9.37223e-010 9.37223e-010
8.53 -1.0195e-005 -1.67526e-005 2.41107e-005 1.07426e-009 1.07426e-009
8.54 -9.38562e-006 -1.72598e-005 2.37922e-005 1.12461e-009 1.12461e-009
8.55 -8.75543e-006 -1.74358e-005 2.32031e-005 1.09535e-009 1.09535e-009
8.56 -8.24254e-006 -1.73963e-005 2.24628e-005 1.00643e-009 1.00643e-009
8.57 -7.87009e-006 -1.72835e-005 2.16648e-005 8.76206e-010 8.76206e-010
8.58 -7.66409e-006 -1.71992e-005 2.08895e-005 7.21085e-010 7.21085e-010
8.59 -7.64519e-006 -1.71628e-005 2.01968e-005 5.64855e-010 5.64855e-010
8.6 -7.82752e-006 -1.71586e-005 1.96212e-005 4.39612e-010 4.39612e-010
8.61 -8.20918e-006 -1.72138e-005 1.91857e-005 3.73135e-010 3.73135e-010
8.62 -8.75648e-006 -1.73915e-005 1.88975e-005 3.76654e-010 3.76654e-010
8.63 -9.42257e-006 -1.77204e-005 1.875e-005 4.43326e-010 4.43326e-010
8.64 -1.01566e-005 -1.81818e-005 1.87268e-005 5.56452e-010 5.56452e-010
8.65 -1.08992e-005 -1.87375e-005 1.8796e-005 6.96472e-010 6.96472e-010
8.66 -1.15942e-005 -1.93332e-005 1.89013e-005 8.41734e-010 8.41734e-010
8.67 -1.2179e-005 -1.98825e-005 1.89666e-005 9.69742e-010 9.69742e-010
8.68 -1.26464e-005 -2.02531e-005 1.89051e-005 1.05933e-009 1.05933e-009
8.69 -1.29841e-005 -2.03251e-005 1.86463e-005 1.09383e-009 1.09383e-009
8.7 -1.31978e-005 -2.00573e-005 1.81444e-005 1.06847e-009 1.06847e-009
8.71 -1.33081e-005 -1.94833e-005 1.73693e-005 9.92765e-010 9.92765e-010
8.72 -1.33488e-005 -1.86417e-005 1.63042e-005 8.82246e-010 8.82246e-010
8.73 -1.33808e-005 -1.75181e-005 1.49568e-005 7.51019e-010 7.51019e-010
8.74 -1.34848e-005 -1.60903e-005 1.33797e-005 6.12068e-010 6.12068e-010
8.75 -1.37236e-005 -1.44202e-005 1.1666e-005 4.79642e-010 4.79642e-010
8.76 -1.41368e-005 -1.2663e-005 9.91923e-006 3.68453e-010 3.68453e-010
8.77 -1.47579e-005 -1.09792e-005 8.22213e-006 2.89816e-010 2.89816e-010
8.78 -1.56242e-005 -9.42141e-006 6.60735e-006 2.47809e-010 2.47809e-010
8.79 -1.67894e-005 -7.89869e-006 5.0514e-006 2.38272e-010 2.38272e-010
8.8 -1.82844e-005 -6.24885e-006 3.50641e-006 2.53196e-010 2.53196e-010
8.81 -2.01253e-005 -4.32495e-006 1.93106e-006 2.86012e-010 2.86012e-010
8.82 -2.22748e-005 -2.0518e-006 3.19297e-007 3.17984e-010 3.17984e-010
8.83 -2.43585e-005 5.10985e-007 -1.28508e-006 3.18945e-010 3.18945e-010
8.84 -2.65966e-005 3.21308e-006 -2.86502e-006 2.82264e-010 2.82264e-010
8.85 -2.90162e-005 5.82801e-006 -4.41513e-006 2.27169e-010 2.27169e-010
8.86 -3.14493e-005 8.14918e-006 -5.9537e-006 1.62131e-010 1.62131e-010
8.87 -3.37838e-005 1.01076e-005 -7.52489e-006 8.21399e-011 8.21399e-011
8.88 -3.59694e-005 1.1803e-005 -9.16782e-006 1.56568e-012 1.56568e-012
8.89 -3.80044e-005 1.34643e-005 -1.09237e-005 -5.59421e-011 -5.59421e-011
8.9 -3.99053e-005 1.52961e-005 -1.27955e-005 -8.32199e-011 -8.32199e-011
8.91 -4.14793e-005 1.73879e-005 -1.47834e-005 -6.87744e-011 -6.87744e-011
8.92 -4.25769e-005 1.97226e-005 -1.68601e-005 3.09443e-011 3.09443e-011
8.93 -4.29624e-005 2.22247e-005 -1.89885e-005 2.6577e-010 2.6577e-010
8.94 -4.26099e-005 2.4837e-005 -2.11123e-005 6.30045e-010 6.30045e-010
8.95 -4.17678e-005 2.74382e-005 -2.30876e-005 1.06458e-009 1.06458e-009
8.96 -4.05025e-005 3.001e-005 -2.48759e-005 1.49877e-009 1.49877e-009
8.97 -3.90212e-005 3.24917e-005 -2.63853e-005 1.88029e-009 1.88029e-009
8.98 -3.74364e-005 3.48851e-005 -2.75879e-005 2.19316e-009 2.19316e-009
8.99 -3.61182e-005 3.70511e-005 -2.84674e-005 2.42713e-009 2.42713e-009
9 -3.50631e-005 3.8897e-005 -2.90552e-005 2.5617e-009 2.5617e-009
9.01 -3.45229e-005 4.02535e-005 -2.93518e-005 2.57979e-009 2.57979e-009
9.02 -3.4579e-005 4.10333e-005 -2.93592e-005 2.47144e-009 2.47144e-009
9.03 -3.51683e-005 4.1242e-005 -2.90982e-005 2.26222e-009 2.26222e-009
9.04 -3.59234e-005 4.09919e-005 -2.86066e-005 2.02427e-009 2.02427e-009
9.05 -3.67365e-005 4.03802e-005 -2.78971e-005 1.81885e-009 1.81885e-009
9.06 -3.75488e-005 3.94912e-005 -2.69689e-005 1.65792e-009 1.65792e-009
9.07 -3.82496e-005 3.84316e-005 -2.58263e-005 1.54216e-009 1.54216e-009
9.08 -3.87598e-005 3.72915e-005 -2.44626e-005 1.48818e-009 1.48818e-009
9.09 -3.90173e-005 3.61572e-005 -2.28688e-005 1.50599e-009 1.50599e-009
9.1 -3.89833e-005 3.50849e-005 -2.10466e-005 1.57614e-009 1.57614e-009
9.11 -3.86482e-005 3.40471e-005 -1.90157e-005 1.65899e-009 1.65899e-009
9.12 -3.80411e-005 3.29413e-005 -1.68168e-005 1.71932e-009 1.71932e-009
9.13 -3.72028e-005 3.1644e-005 -1.45029e-005 1.73583e-009 1.73583e-009
9.14 -3.6197e-005 3.00662e-005 -1.21282e-005 1.69823e-009 1.69823e-009
9.15 -3.50819e-005 2.82009e-005 -9.73589e-006 1.60409e-009 1.60409e-009
9.16 -3.39032e-005 2.61134e-005 -7.36978e-006 1.45748e-009 1.45748e-009
9.17 -3.27066e-005 2.38394e-005 -5.07631e-006 1.27079e-009 1.27079e-009
9.18 -3.15637e-005 2.13043e-005 -2.89969e-006 1.06545e-009 1.06545e-009
9.19 -3.05648e-005 1.83646e-005 -8.52128e-007 8.67284e-010 8.67284e-010
9.2 -2.97455e-005 1.49215e-005 1.10169e-006 6.98967e-010 6.98967e-010
9.21 -2.90781e-005 1.09971e-005 3.0334e-006 5.594e-010 5.594e-010
9.22 -2.78786e-005 6.68994e-006 5.0791e-006 4.29213e-010 4.29213e-010
9.23 -2.56429e-005 2.34186e-006 7.08437e-006 3.20645e-010 3.20645e-010
9.24 -2.32596e-005 -1.93662e-006 9.12515e-006 2.84555e-010 2.84555e-010
9.25 -2.10652e-005 -6.09611e-006 1.1177e-005 3.50097e-010 3.50097e-010
9.26 -1.8908e-005 -1.01173e-005 1.31806e-005 4.85804e-010 4.85804e-010
9.27 -1.67828e-005 -1.3918e-005 1.5087e-005 6.3721e-010 6.3721e-010
9.28 -1.46865e-005 -1.73231e-005 1.68636e-005 7.72231e-010 7.72231e-010
9.29 -1.23195e-005 -2.02104e-005 1.8537e-005 8.90918e-010 8.90918e-010
9.3 -9.18093e-006 -2.25457e-005 2.01864e-005 1.02424e-009 1.02424e-009
9.31 -5.90502e-006 -2.4285e-005 2.17641e-005 1.19181e-009 1.19181e-009
9.32 -3.02276e-006 -2.54798e-005 2.31534e-005 1.34924e-009 1.34924e-009
9.33 -4.83109e-007 -2.62808e-005 2.43759e-005 1.43791e-009 1.43791e-009
9.34 1.70778e-006 -2.68007e-005 2.53922e-005 1.46759e-009 1.46759e-009
9.35 3.35359e-006 -2.71472e-005 2.61153e-005 1.48819e-009 1.48819e-009
9.36 4.39377e-006 -2.74083e-005 2.6493e-005 1.51917e-009 1.51917e-009
9.37 4.83749e-006 -2.76253e-005 2.65153e-005 1.54063e-009 1.54063e-009
9.38 4.75273e-006 -2.78033e-005 2.61953e-005 1.52726e-009 1.52726e-009
9.39 4.2534e-006 -2.79381e-005 2.55687e-005 1.47224e-009 1.47224e-009
9.4 3.36531e-006 -2.79845e-005 2.46543e-005 1.38793e-009 1.38793e-009
9.41 2.09692e-006 -2.78164e-005 2.34729e-005 1.29605e-009 1.29605e-009
9.42 4.64989e-007 -2.72664e-005 2.20415e-005 1.21325e-009 1.21325e-009
9.43 -1.53223e-006 -2.62099e-005 2.03706e-005 1.14192e-009 1.14192e-009
9.44 -3.85811e-006 -2.46056e-005 1.8483e-005 1.07942e-009 1.07942e-009
9.45 -6.4602e-006 -2.24762e-005 1.64204e-005 1.03253e-009 1.03253e-009
9.46 -9.28191e-006 -1.98666e-005 1.42486e-005 1.00972e-009 1.00972e-009
9.47 -1.22884e-005 -1.67979e-005 1.20346e-005 1.00281e-009 1.00281e-009
9.48 -1.54706e-005 -1.32643e-005 9.82041e-006 9.90027e-010 9.90027e-010
9.49 -1.88249e-005 -9.28259e-006 7.61707e-006 9.60986e-010 9.60986e-010
9.5 -2.23336e-005 -4.96066e-006 5.41812e-006 9.22651e-010 9.22651e-010
9.51 -2.5939e-005 -5.48722e-007 3.21385e-006 8.62801e-010 8.62801e-010
9.52 -2.84225e-005 3.68961e-006 1.00643e-006 7.80101e-010 7.80101e-010
9.53 -2.92658e-005 7.60954e-006 -1.2028e-006 7.61855e-010 7.61855e-010
9.54 -3.00628e-005 1.12154e-005 -3.48608e-006 8.70798e-010 8.70798e-010
9.55 -3.10182e-005 1.46279e-005 -5.83285e-006 1.00976e-009 1.00976e-009
9.56 -3.19839e-005 1.80033e-005 -8.22472e-006 1.08518e-009 1.08518e-009
9.57 -3.29463e-005 2.14052e-005 -1.06633e-005 1.16442e-009 1.16442e-009
9.58 -3.38564e-005 2.48454e-005 -1.31595e-005 1.33237e-009 1.33237e-009
9.59 -3.46858e-005 2.83491e-005 -1.57253e-005 1.56036e-009 1.56036e-009
9.6 -3.54036e-005 3.19671e-005 -1.83573e-005 1.77858e-009 1.77858e-009
9.61 -3.60094e-005 3.56737e-005 -2.10165e-005 1.95021e-009 1.95021e-009
9.62 -3.65413e-005 3.93392e-005 -2.36345e-005 2.06807e-009 2.06807e-009
9.63 -3.67444e-005 4.27665e-005 -2.61322e-005 2.13005e-009 2.13005e-009
9.64 -3.54304e-005 4.60088e-005 -2.86036e-005 2.09403e-009 2.09403e-009
9.65 -3.30486e-005 4.91949e-005 -3.10189e-005 1.9388e-009 1.9388e-009
9.66 -3.06136e-005 5.22714e-005 -3.31837e-005 1.75692e-009 1.75692e-009
9.67 -2.80666e-005 5.52845e-005 -3.51153e-005 1.63959e-009 1.63959e-009
9.68 -2.54566e-005 5.81533e-005 -3.68063e-005 1.58527e-009 1.58527e-009
9.69 -2.32438e-005 6.06198e-005 -3.82001e-005 1.57696e-009 1.57696e-009
9.7 -2.15148e-005 6.25626e-005 -3.92979e-005 1.63058e-009 1.63058e-009
9.71 -2.03209e-005 6.39545e-005 -4.0104e-005 1.76543e-009 1.76543e-009
9.72 -1.9705e-005 6.47968e-005 -4.06168e-005 1.9721e-009 1.9721e-009
9.73 -1.96446e-005 6.50815e-005 -4.08748e-005 2.20946e-009 2.20946e-009
9.74 -1.99279e-005 6.48591e-005 -4.09314e-005 2.415e-009 2.415e-009
9.75 -2.02524e-005 6.42516e-005 -4.08656e-005 2.53781e-009 2.53781e-009
9.76 -2.05555e-005 6.33423e-005 -4.07429e-005 2.57047e-009 2.57047e-009
9.77 -2.08757e-005 6.20783e-005 -4.06011e-005 2.52779e-009 2.52779e-009
9.78 -2.12686e-005 6.02991e-005 -4.04483e-005 2.41712e-009 2.41712e-009
9.79 -2.18121e-005 5.7882e-005 -4.02487e-005 2.2492e-009 2.2492e-009
9.8 -2.25147e-005 5.48421e-005 -3.99316e-005 2.05128e-009 2.05128e-009
9.81 -2.33295e-005 5.13271e-005 -3.94099e-005 1.86222e-009 1.86222e-009
9.82 -2.4167e-005 4.75737e-005 -3.86e-005 1.71964e-009 1.71964e-009
9.83 -2.49135e-005 4.38294e-005 -3.74296e-005 1.64557e-009 1.64557e-009
9.84 -2.55473e-005 4.02363e-005 -3.58578e-005 1.6404e-009 1.6404e-009
9.85 -2.60885e-005 3.68132e-005 -3.38679e-005 1.69148e-009 1.69148e-009
9.86 -2.65955e-005 3.35197e-005 -3.14638e-005 1.78462e-009 1.78462e-009
9.87 -2.71167e-005 3.0309e-005 -2.86716e-005 1.90333e-009 1.90333e-009
9.88 -2.76915e-005 2.71445e-005 -2.55272e-005 2.02262e-009 2.02262e-009
9.89 -2.83623e-005 2.39786e-005 -2.2075e-005 2.11152e-009 2.11152e-009
9.9 -2.91728e-005 2.07473e-005 -1.83719e-005 2.14502e-009 2.14502e-009
9.91 -3.01428e-005 1.7416e-005 -1.44853e-005 2.11264e-009 2.11264e-009
9.92 -3.12421e-005 1.4017e-005 -1.04834e-005 2.01863e-009 2.01863e-009
9.93 -3.23794e-005 1.06517e-005 -6.42144e-006 1.8747e-009 1.8747e-009
9.94 -3.30018e-005 7.29689e-006 -2.25627e-006 1.66927e-009 1.66927e-009
9.95 -3.19106e-005 4.04544e-006 1.85701e-006 1.33395e-009 1.33395e-009
9.96 -2.83294e-005 1.18847e-006 5.65183e-006 8.78407e-010 8.78407e-010
9.97 -2.47142e-005 -1.39924e-006 9.24165e-006 5.4836e-010 5.4836e-010
9.98 -2.14834e-005 -3.82462e-006 1.25839e-005 5.42963e-010 5.42963e-010
9.99 -1.83437e-005 -6.08549e-006 1.56321e-005 7.2341e-010 7.2341e-010
10 -1.53781e-005 -8.25161e-006 1.84278e-005 8.67554e-010 8.67554e-010
