0.1 -1.58593e-006 -3.70636e-007 1.4612e-007 -3.26754e-022 -3.26754e-022
0.2 -3.17313e-006 -7.41487e-007 2.92349e-007 -4.67445e-022 -4.67445e-022
0.3 -4.76162e-006 -1.11256e-006 4.38687e-007 -6.70741e-022 -6.70741e-022
0.4 -6.35138e-006 -1.48384e-006 5.85135e-007 -3.44077e-021 -3.44077e-021
0.5 -7.94243e-006 -1.85534e-006 7.31693e-007 -4.80402e-021 -4.80402e-021
0.6 -9.53476e-006 -2.22706e-006 8.78361e-007 -1.69027e-021 -1.69027e-021
0.7 -1.11284e-005 -2.599e-006 1.02514e-006 3.55432e-022 3.55432e-022
0.8 -1.27233e-005 -2.97115e-006 1.17203e-006 -1.20184e-021 -1.20184e-021
0.9 -1.43195e-005 -3.34353e-006 1.31903e-006 -1.00781e-021 -1.00781e-021
1 -1.5917e-005 -3.71612e-006 1.46614e-006 7.92259e-021 7.92259e-021
0.01 -1.59171e-005 -3.718e-006 1.46846e-006 7.17208e-016 7.17208e-016
0.02 -1.59171e-005 -3.72331e-006 1.47515e-006 6.38089e-015 6.38089e-015
0.03 -1.59172e-005 -3.72949e-006 1.48311e-006 2.41967e-014 2.41967e-014
0.04 -1.59174e-005 -3.73435e-006 1.4891e-006 5.54357e-014 5.54357e-014
0.05 -1.59176e-005 -3.73802e-006 1.4925e-006 9.03114e-014 9.03114e-014
0.06 -1.5918e-005 -3.7406e-006 1.49307e-006 1.15313e-013 1.15313e-013
0.07 -1.59186e-005 -3.74215e-006 1.49091e-006 1.20965e-013 1.20965e-013
0.08 -1.59195e-005 -3.74269e-006 1.48649e-006 1.08265e-013 1.08265e-013
0.09 -1.59206e-005 -3.74233e-006 1.48054e-006 8.94965e-014 8.94965e-014
0.1 -1.59219e-005 -3.74122e-006 1.47382e-006 7.3623e-014 7.3623e-014
0.11 -1.59233e-005 -3.73953e-006 1.46691e-006 5.79537e-014 5.79537e-014
0.12 -1.59249e-005 -3.73743e-006 1.46006e-006 3.54904e-014 3.54904e-014
0.13 -1.59265e-005 -3.73501e-006 1.45311e-006 8.93519e-015 8.93519e-015
0.14 -1.59282e-005 -3.73231e-006 1.44563e-006 -5.43619e-015 -5.43619e-015
0.15 -1.59298e-005 -3.72929e-006 1.43715e-006 9.78295e-016 9.78295e-016
0.16 -1.59315e-005 -3.72586e-006 1.42744e-006 9.94084e-015 9.94084e-015
0.17 -1.59331e-005 -3.72182e-006 1.41652e-006 1.46842e-014 1.46842e-014
0.18 -1.59346e-005 -3.71707e-006 1.40455e-006 5.3262e-014 5.3262e-014
0.19 -1.5936e-005 -3.71163e-006 1.39169e-006 1.39916e-013 1.39916e-013
0.2 -1.59375e-005 -3.70571e-006 1.37808e-006 2.23439e-013 2.23439e-013
0.21 -1.59389e-005 -3.6996e-006 1.36406e-006 2.58098e-013 2.58098e-013
0.22 -1.59403e-005 -3.69356e-006 1.35015e-006 2.55354e-013 2.55354e-013
0.23 -1.59417e-005 -3.68775e-006 1.33696e-006 2.47229e-013 2.47229e-013
0.24 -1.5943e-005 -3.68233e-006 1.32503e-006 2.42498e-013 2.42498e-013
0.25 -1.59443e-005 -3.67747e-006 1.3147e-006 2.3938e-013 2.3938e-013
0.26 -1.59456e-005 -3.67319e-006 1.30607e-006 2.50434e-013 2.50434e-013
0.27 -1.59466e-005 -3.66912e-006 1.29892e-006 2.84999e-013 2.84999e-013
0.28 -1.59475e-005 -3.66453e-006 1.29268e-006 3.3881e-013 3.3881e-013
0.29 -1.5948e-005 -3.65897e-006 1.28658e-006 3.96001e-013 3.96001e-013
0.3 -1.59481e-005 -3.6525e-006 1.27989e-006 4.35526e-013 4.35526e-013
0.31 -1.5948e-005 -3.64542e-006 1.27223e-006 4.61531e-013 4.61531e-013
0.32 -1.59475e-005 -3.63795e-006 1.26381e-006 4.94665e-013 4.94665e-013
0.33 -1.59467e-005 -3.63055e-006 1.25548e-006 5.30979e-013 5.30979e-013
0.34 -1.59457e-005 -3.62377e-006 1.24826e-006 5.43674e-013 5.43674e-013
0.35 -1.59445e-005 -3.61804e-006 1.24279e-006 5.39644e-013 5.39644e-013
0.36 -1.59434e-005 -3.61364e-006 1.2392e-006 5.52584e-013 5.52584e-013
0.37 -1.59425e-005 -3.61067e-006 1.2375e-006 5.82562e-013 5.82562e-013
0.38 -1.59417e-005 -3.60896e-006 1.23795e-006 6.06761e-013 6.06761e-013
0.39 -1.59411e-005 -3.60821e-006 1.24093e-006 6.14819e-013 6.14819e-013
0.4 -1.59405e-005 -3.6083e-006 1.24637e-006 6.10367e-013 6.10367e-013
0.41 -1.59399e-005 -3.60925e-006 1.25359e-006 6.0395e-013 6.0395e-013
0.42 -1.59393e-005 -3.61111e-006 1.26171e-006 6.00391e-013 6.00391e-013
0.43 -1.59385e-005 -3.61384e-006 1.27027e-006 5.93734e-013 5.93734e-013
0.44 -1.59374e-005 -3.61723e-006 1.27938e-006 5.82676e-013 5.82676e-013
0.45 -1.5936e-005 -3.62115e-006 1.28932e-006 5.75859e-013 5.75859e-013
0.46 -1.59342e-005 -3.62556e-006 1.30003e-006 5.78967e-013 5.78967e-013
0.47 -1.59321e-005 -3.63032e-006 1.31128e-006 5.8707e-013 5.8707e-013
0.48 -1.59299e-005 -3.63537e-006 1.32306e-006 5.93333e-013 5.93333e-013
0.49 -1.59276e-005 -3.64084e-006 1.33567e-006 5.96857e-013 5.96857e-013
0.5 -1.59254e-005 -3.6466e-006 1.34937e-006 5.98939e-013 5.98939e-013
0.51 -1.59232e-005 -3.65214e-006 1.3642e-006 5.97757e-013 5.97757e-013
0.52 -1.59211e-005 -3.6572e-006 1.38017e-006 5.91283e-013 5.91283e-013
0.53 -1.59188e-005 -3.66164e-006 1.39743e-006 5.81956e-013 5.81956e-013
0.54 -1.59164e-005 -3.6648e-006 1.41559e-006 5.74349e-013 5.74349e-013
0.55 -1.59135e-005 -3.66591e-006 1.4334e-006 5.68155e-013 5.68155e-013
0.56 -1.59101e-005 -3.66512e-006 1.44955e-006 5.57508e-013 5.57508e-013
0.57 -1.59063e-005 -3.66412e-006 1.46402e-006 5.36982e-013 5.36982e-013
0.58 -1.59022e-005 -3.66499e-006 1.47768e-006 5.08017e-013 5.08017e-013
0.59 -1.5898e-005 -3.66841e-006 1.49093e-006 4.75663e-013 4.75663e-013
0.6 -1.58941e-005 -3.67327e-006 1.50325e-006 4.43801e-013 4.43801e-013
0.61 -1.58908e-005 -3.67833e-006 1.51364e-006 4.15321e-013 4.15321e-013
0.62 -1.58885e-005 -3.68328e-006 1.52166e-006 3.90065e-013 3.90065e-013
0.63 -1.58875e-005 -3.68734e-006 1.52753e-006 3.69621e-013 3.69621e-013
0.64 -1.58874e-005 -3.68875e-006 1.53182e-006 3.57104e-013 3.57104e-013
0.65 -1.58882e-005 -3.68747e-006 1.53507e-006 3.57682e-013 3.57682e-013
0.66 -1.58896e-005 -3.68558e-006 1.53745e-006 3.76753e-013 3.76753e-013
0.67 -1.58913e-005 -3.68458e-006 1.53836e-006 4.0613e-013 4.0613e-013
0.68 -1.5893e-005 -3.68444e-006 1.53725e-006 4.26559e-013 4.26559e-013
0.69 -1.58945e-005 -3.68477e-006 1.53441e-006 4.273e-013 4.273e-013
0.7 -1.58956e-005 -3.68525e-006 1.53018e-006 4.13165e-013 4.13165e-013
0.71 -1.58963e-005 -3.68533e-006 1.52402e-006 3.9331e-013 3.9331e-013
0.72 -1.5897e-005 -3.68492e-006 1.51463e-006 3.73743e-013 3.73743e-013
0.73 -1.58982e-005 -3.68473e-006 1.50116e-006 3.60029e-013 3.60029e-013
0.74 -1.59002e-005 -3.6857e-006 1.48474e-006 3.58245e-013 3.58245e-013
0.75 -1.59033e-005 -3.68832e-006 1.46811e-006 3.69775e-013 3.69775e-013
0.76 -1.59076e-005 -3.6923e-006 1.4533e-006 3.8848e-013 3.8848e-013
0.77 -1.59129e-005 -3.69641e-006 1.44043e-006 4.05058e-013 4.05058e-013
0.78 -1.59189e-005 -3.69862e-006 1.42863e-006 4.13338e-013 4.13338e-013
0.79 -1.59251e-005 -3.69738e-006 1.41726e-006 4.11887e-013 4.11887e-013
0.8 -1.59307e-005 -3.69309e-006 1.4062e-006 4.01975e-013 4.01975e-013
0.81 -1.59352e-005 -3.68727e-006 1.39507e-006 3.89208e-013 3.89208e-013
0.82 -1.59384e-005 -3.68118e-006 1.38259e-006 3.82386e-013 3.82386e-013
0.83 -1.59401e-005 -3.67559e-006 1.36769e-006 3.79982e-013 3.79982e-013
0.84 -1.59404e-005 -3.6708e-006 1.35095e-006 3.72787e-013 3.72787e-013
0.85 -1.59396e-005 -3.66585e-006 1.33409e-006 3.67759e-013 3.67759e-013
0.86 -1.5938e-005 -3.65884e-006 1.31901e-006 3.7834e-013 3.7834e-013
0.87 -1.59359e-005 -3.64989e-006 1.30808e-006 3.96695e-013 3.96695e-013
0.88 -1.59337e-005 -3.64149e-006 1.30345e-006 4.05945e-013 4.05945e-013
0.89 -1.59316e-005 -3.63418e-006 1.30513e-006 4.04151e-013 4.04151e-013
0.9 -1.59293e-005 -3.62513e-006 1.31067e-006 3.99128e-013 3.99128e-013
0.91 -1.59266e-005 -3.61179e-006 1.31769e-006 3.93457e-013 3.93457e-013
0.92 -1.59228e-005 -3.59599e-006 1.32682e-006 3.83957e-013 3.83957e-013
0.93 -1.59177e-005 -3.58248e-006 1.34112e-006 3.71959e-013 3.71959e-013
0.94 -1.59108e-005 -3.57372e-006 1.36193e-006 3.62767e-013 3.62767e-013
0.95 -1.59023e-005 -3.56841e-006 1.38571e-006 3.57339e-013 3.57339e-013
0.96 -1.58928e-005 -3.56412e-006 1.40648e-006 3.5132e-013 3.5132e-013
0.97 -1.5883e-005 -3.56031e-006 1.42178e-006 3.4143e-013 3.4143e-013
0.98 -1.58739e-005 -3.55942e-006 1.4343e-006 3.26101e-013 3.26101e-013
0.99 -1.58662e-005 -3.56294e-006 1.44775e-006 3.08625e-013 3.08625e-013
1 -1.58605e-005 -3.5688e-006 1.46303e-006 3.09618e-013 3.09618e-013
1.01 -1.58575e-005 -3.57524e-006 1.47811e-006 3.10998e-013 3.10998e-013
1.02 -1.58575e-005 -3.58252e-006 1.49056e-006 2.49655e-013 2.49655e-013
1.03 -1.586e-005 -3.58935e-006 1.50098e-006 1.51165e-013 1.51165e-013
1.04 -1.58637e-005 -3.59255e-006 1.51321e-006 1.14032e-013 1.14032e-013
1.05 -1.58671e-005 -3.59179e-006 1.53017e-006 1.51506e-013 1.51506e-013
1.06 -1.58692e-005 -3.59108e-006 1.5508e-006 1.82959e-013 1.82959e-013
1.07 -1.58697e-005 -3.59432e-006 1.5714e-006 1.58458e-013 1.58458e-013
1.08 -1.5868e-005 -3.60081e-006 1.58785e-006 1.16028e-013 1.16028e-013
1.09 -1.58644e-005 -3.60785e-006 1.59812e-006 8.99534e-014 8.99534e-014
1.1 -1.58594e-005 -3.61663e-006 1.60371e-006 5.85797e-014 5.85797e-014
1.11 -1.58542e-005 -3.63005e-006 1.60878e-006 1.68115e-014 1.68115e-014
1.12 -1.58496e-005 -3.64558e-006 1.61658e-006 5.50001e-015 5.50001e-015
1.13 -1.58463e-005 -3.65633e-006 1.62695e-006 5.6097e-014 5.6097e-014
1.14 -1.58448e-005 -3.65891e-006 1.63567e-006 1.38093e-013 1.38093e-013
1.15 -1.58453e-005 -3.65341e-006 1.63734e-006 1.90251e-013 1.90251e-013
1.16 -1.58476e-005 -3.6391e-006 1.62957e-006 1.94016e-013 1.94016e-013
1.17 -1.58506e-005 -3.61775e-006 1.61597e-006 1.84564e-013 1.84564e-013
1.18 -1.58527e-005 -3.59469e-006 1.60441e-006 1.96737e-013 1.96737e-013
1.19 -1.5853e-005 -3.57537e-006 1.60045e-006 2.07204e-013 2.07204e-013
1.2 -1.58512e-005 -3.56395e-006 1.60282e-006 1.54343e-013 1.54343e-013
1.21 -1.58479e-005 -3.562e-006 1.60568e-006 4.4462e-014 4.4462e-014
1.22 -1.58443e-005 -3.56844e-006 1.60326e-006 -3.48235e-014 -3.48235e-014
1.23 -1.58417e-005 -3.58053e-006 1.59229e-006 -5.26799e-014 -5.26799e-014
1.24 -1.58415e-005 -3.59373e-006 1.57252e-006 -5.56931e-014 -5.56931e-014
1.25 -1.58442e-005 -3.60155e-006 1.54631e-006 -3.01001e-014 -3.01001e-014
1.26 -1.58499e-005 -3.59824e-006 1.51692e-006 5.41513e-014 5.41513e-014
1.27 -1.58578e-005 -3.58278e-006 1.48765e-006 1.24042e-013 1.24042e-013
1.28 -1.58667e-005 -3.55864e-006 1.46154e-006 1.24445e-013 1.24445e-013
1.29 -1.58753e-005 -3.53263e-006 1.44091e-006 9.39023e-014 9.39023e-014
1.3 -1.5882e-005 -3.51236e-006 1.42729e-006 6.27031e-014 6.27031e-014
1.31 -1.58855e-005 -3.50073e-006 1.42096e-006 3.15089e-014 3.15089e-014
1.32 -1.58852e-005 -3.49583e-006 1.41916e-006 2.90029e-015 2.90029e-015
1.33 -1.58817e-005 -3.49581e-006 1.41581e-006 -1.69452e-014 -1.69452e-014
1.34 -1.58761e-005 -3.49656e-006 1.40487e-006 -4.34627e-015 -4.34627e-015
1.35 -1.58693e-005 -3.48909e-006 1.38586e-006 2.44086e-014 2.44086e-014
1.36 -1.58616e-005 -3.46837e-006 1.36563e-006 3.13164e-014 3.13164e-014
1.37 -1.5854e-005 -3.43949e-006 1.35216e-006 8.16787e-014 8.16787e-014
1.38 -1.58476e-005 -3.41294e-006 1.3472e-006 2.41288e-013 2.41288e-013
1.39 -1.58438e-005 -3.39648e-006 1.34507e-006 4.11791e-013 4.11791e-013
1.4 -1.58434e-005 -3.3918e-006 1.33773e-006 4.62827e-013 4.62827e-013
1.41 -1.58466e-005 -3.39896e-006 1.32473e-006 4.23987e-013 4.23987e-013
1.42 -1.58528e-005 -3.4171e-006 1.31633e-006 3.83238e-013 3.83238e-013
1.43 -1.58602e-005 -3.44026e-006 1.32269e-006 3.47141e-013 3.47141e-013
1.44 -1.58678e-005 -3.46259e-006 1.34359e-006 2.94797e-013 2.94797e-013
1.45 -1.58757e-005 -3.48566e-006 1.36921e-006 2.46171e-013 2.46171e-013
1.46 -1.58844e-005 -3.51592e-006 1.38841e-006 2.43524e-013 2.43524e-013
1.47 -1.58941e-005 -3.55775e-006 1.39892e-006 2.93455e-013 2.93455e-013
1.48 -1.59044e-005 -3.61257e-006 1.40959e-006 3.58302e-013 3.58302e-013
1.49 -1.59153e-005 -3.68388e-006 1.43071e-006 4.02235e-013 4.02235e-013
1.5 -1.59283e-005 -3.77412e-006 1.46469e-006 4.18513e-013 4.18513e-013
1.51 -1.59445e-005 -3.87195e-006 1.50703e-006 4.36718e-013 4.36718e-013
1.52 -1.59615e-005 -3.95217e-006 1.55274e-006 5.16527e-013 5.16527e-013
1.53 -1.59755e-005 -3.9975e-006 1.60095e-006 6.70299e-013 6.70299e-013
1.54 -1.59848e-005 -4.01283e-006 1.65339e-006 8.55976e-013 8.55976e-013
1.55 -1.59881e-005 -4.01366e-006 1.70932e-006 1.08062e-012 1.08062e-012
1.56 -1.59841e-005 -4.01193e-006 1.76527e-006 1.37197e-012 1.37197e-012
1.57 -1.59726e-005 -4.01455e-006 1.81744e-006 1.69299e-012 1.69299e-012
1.58 -1.59547e-005 -4.02588e-006 1.86097e-006 1.98145e-012 1.98145e-012
1.59 -1.59337e-005 -4.04803e-006 1.89017e-006 2.16539e-012 2.16539e-012
1.6 -1.59142e-005 -4.08203e-006 1.90313e-006 2.16473e-012 2.16473e-012
1.61 -1.59005e-005 -4.12569e-006 1.90779e-006 2.03271e-012 2.03271e-012
1.62 -1.58945e-005 -4.16684e-006 1.91827e-006 1.93092e-012 1.93092e-012
1.63 -1.58952e-005 -4.1814e-006 1.93795e-006 1.87701e-012 1.87701e-012
1.64 -1.59002e-005 -4.14311e-006 1.95204e-006 1.80653e-012 1.80653e-012
1.65 -1.59063e-005 -4.04298e-006 1.94361e-006 1.81887e-012 1.81887e-012
1.66 -1.59087e-005 -3.89978e-006 1.91133e-006 2.00868e-012 2.00868e-012
1.67 -1.59028e-005 -3.7488e-006 1.86855e-006 2.21502e-012 2.21502e-012
1.68 -1.5886e-005 -3.62133e-006 1.82904e-006 2.23189e-012 2.23189e-012
1.69 -1.58582e-005 -3.53346e-006 1.79519e-006 2.06738e-012 2.06738e-012
1.7 -1.58228e-005 -3.48683e-006 1.76154e-006 1.84429e-012 1.84429e-012
1.71 -1.57851e-005 -3.46904e-006 1.72564e-006 1.64196e-012 1.64196e-012
1.72 -1.57501e-005 -3.45536e-006 1.6888e-006 1.50652e-012 1.50652e-012
1.73 -1.57225e-005 -3.42121e-006 1.64985e-006 1.42154e-012 1.42154e-012
1.74 -1.57058e-005 -3.35491e-006 1.60395e-006 1.30302e-012 1.30302e-012
1.75 -1.57015e-005 -3.25758e-006 1.5459e-006 1.20853e-012 1.20853e-012
1.76 -1.57081e-005 -3.13837e-006 1.47278e-006 1.35037e-012 1.35037e-012
1.77 -1.57225e-005 -3.0159e-006 1.38572e-006 1.80111e-012 1.80111e-012
1.78 -1.57413e-005 -2.918e-006 1.29209e-006 2.38065e-012 2.38065e-012
1.79 -1.57612e-005 -2.86653e-006 1.2048e-006 2.89157e-012 2.89157e-012
1.8 -1.57791e-005 -2.86179e-006 1.13342e-006 3.28886e-012 3.28886e-012
1.81 -1.57938e-005 -2.88803e-006 1.07571e-006 3.54418e-012 3.54418e-012
1.82 -1.58062e-005 -2.92726e-006 1.0221e-006 3.58568e-012 3.58568e-012
1.83 -1.58181e-005 -2.96568e-006 9.66616e-007 3.44333e-012 3.44333e-012
1.84 -1.58309e-005 -2.9941e-006 9.11749e-007 3.27171e-012 3.27171e-012
1.85 -1.58452e-005 -3.00998e-006 8.66165e-007 3.21449e-012 3.21449e-012
1.86 -1.58612e-005 -3.02104e-006 8.37674e-007 3.31074e-012 3.31074e-012
1.87 -1.58786e-005 -3.03482e-006 8.26469e-007 3.47979e-012 3.47979e-012
1.88 -1.58947e-005 -3.04101e-006 8.25541e-007 3.56809e-012 3.56809e-012
1.89 -1.59054e-005 -3.02264e-006 8.2738e-007 3.51527e-012 3.51527e-012
1.9 -1.59091e-005 -2.99067e-006 8.29414e-007 3.43443e-012 3.43443e-012
1.91 -1.59074e-005 -2.98396e-006 8.34374e-007 3.41009e-012 3.41009e-012
1.92 -1.59036e-005 -3.03362e-006 8.47497e-007 3.3905e-012 3.3905e-012
1.93 -1.59017e-005 -3.14622e-006 8.7194e-007 3.34558e-012 3.34558e-012
1.94 -1.59072e-005 -3.31306e-006 9.05874e-007 3.32601e-012 3.32601e-012
1.95 -1.59258e-005 -3.51728e-006 9.45151e-007 3.32043e-012 3.32043e-012
1.96 -1.59611e-005 -3.73163e-006 9.86673e-007 3.21343e-012 3.21343e-012
1.97 -1.60123e-005 -3.92169e-006 1.02902e-006 2.9282e-012 2.9282e-012
1.98 -1.60751e-005 -4.06455e-006 1.07229e-006 2.51954e-012 2.51954e-012
1.99 -1.61433e-005 -4.16285e-006 1.11666e-006 2.14903e-012 2.14903e-012
2 -1.62097e-005 -4.23925e-006 1.16248e-006 1.95912e-012 1.95912e-012
2.01 -1.62673e-005 -4.32107e-006 1.21287e-006 1.89455e-012 1.89455e-012
2.02 -1.63098e-005 -4.42621e-006 1.27488e-006 1.69122e-012 1.69122e-012
2.03 -1.63335e-005 -4.5612e-006 1.35623e-006 1.2142e-012 1.2142e-012
2.04 -1.63393e-005 -4.72459e-006 1.45837e-006 8.39778e-013 8.39778e-013
2.05 -1.63308e-005 -4.8989e-006 1.57325e-006 1.15448e-012 1.15448e-012
2.06 -1.63117e-005 -5.05169e-006 1.68854e-006 2.17919e-012 2.17919e-012
2.07 -1.62872e-005 -5.16115e-006 1.79554e-006 3.33175e-012 3.33175e-012
2.08 -1.6264e-005 -5.22968e-006 1.89182e-006 4.19401e-012 4.19401e-012
2.09 -1.62469e-005 -5.26934e-006 1.97806e-006 4.79536e-012 4.79536e-012
2.1 -1.62378e-005 -5.28487e-006 2.05293e-006 5.1744e-012 5.1744e-012
2.11 -1.62353e-005 -5.27415e-006 2.11282e-006 5.19109e-012 5.19109e-012
2.12 -1.62368e-005 -5.24261e-006 2.15639e-006 4.82894e-012 4.82894e-012
2.13 -1.62398e-005 -5.20634e-006 2.18575e-006 4.3812e-012 4.3812e-012
2.14 -1.62417e-005 -5.17945e-006 2.20501e-006 4.20765e-012 4.20765e-012
2.15 -1.62394e-005 -5.16232e-006 2.21903e-006 4.3968e-012 4.3968e-012
2.16 -1.62301e-005 -5.13883e-006 2.23056e-006 4.65372e-012 4.65372e-012
2.17 -1.6212e-005 -5.08949e-006 2.2361e-006 4.6898e-012 4.6898e-012
2.18 -1.61866e-005 -5.01259e-006 2.22517e-006 4.66089e-012 4.66089e-012
2.19 -1.61576e-005 -4.91959e-006 2.18728e-006 4.77101e-012 4.77101e-012
2.2 -1.6127e-005 -4.80902e-006 2.1214e-006 4.86139e-012 4.86139e-012
2.21 -1.60946e-005 -4.66642e-006 2.0366e-006 4.74775e-012 4.74775e-012
2.22 -1.60602e-005 -4.48685e-006 1.94499e-006 4.5364e-012 4.5364e-012
2.23 -1.60243e-005 -4.2821e-006 1.85519e-006 4.43059e-012 4.43059e-012
2.24 -1.59875e-005 -4.06867e-006 1.76889e-006 4.45279e-012 4.45279e-012
2.25 -1.59502e-005 -3.85755e-006 1.68163e-006 4.50473e-012 4.50473e-012
2.26 -1.59131e-005 -3.65775e-006 1.58655e-006 4.55559e-012 4.55559e-012
2.27 -1.58778e-005 -3.4746e-006 1.4781e-006 4.63808e-012 4.63808e-012
2.28 -1.58447e-005 -3.3004e-006 1.35561e-006 4.73247e-012 4.73247e-012
2.29 -1.58141e-005 -3.12208e-006 1.22342e-006 4.76735e-012 4.76735e-012
2.3 -1.57867e-005 -2.93651e-006 1.08711e-006 4.71712e-012 4.71712e-012
2.31 -1.57632e-005 -2.7478e-006 9.52089e-007 4.69187e-012 4.69187e-012
2.32 -1.57432e-005 -2.55922e-006 8.24988e-007 4.90617e-012 4.90617e-012
2.33 -1.57255e-005 -2.37573e-006 7.12458e-007 5.42721e-012 5.42721e-012
2.34 -1.57088e-005 -2.2071e-006 6.17332e-007 6.16765e-012 6.16765e-012
2.35 -1.56929e-005 -2.06455e-006 5.37948e-007 7.134e-012 7.134e-012
2.36 -1.56776e-005 -1.95541e-006 4.7132e-007 8.26114e-012 8.26114e-012
2.37 -1.56638e-005 -1.88441e-006 4.15853e-007 9.21194e-012 9.21194e-012
2.38 -1.5653e-005 -1.85258e-006 3.72245e-007 9.64162e-012 9.64162e-012
2.39 -1.56458e-005 -1.847e-006 3.43646e-007 9.50486e-012 9.50486e-012
2.4 -1.56413e-005 -1.8483e-006 3.36803e-007 9.00376e-012 9.00376e-012
2.41 -1.56385e-005 -1.84913e-006 3.62676e-007 8.34397e-012 8.34397e-012
2.42 -1.56357e-005 -1.85228e-006 4.30342e-007 7.71381e-012 7.71381e-012
2.43 -1.56317e-005 -1.8676e-006 5.35692e-007 7.34588e-012 7.34588e-012
2.44 -1.56277e-005 -1.91794e-006 6.59372e-007 7.37743e-012 7.37743e-012
2.45 -1.56269e-005 -2.02613e-006 7.80689e-007 7.74567e-012 7.74567e-012
2.46 -1.56311e-005 -2.19199e-006 8.92266e-007 8.24536e-012 8.24536e-012
2.47 -1.56412e-005 -2.3942e-006 9.99994e-007 8.64027e-012 8.64027e-012
2.48 -1.56583e-005 -2.61093e-006 1.11323e-006 8.78033e-012 8.78033e-012
2.49 -1.56841e-005 -2.83205e-006 1.23744e-006 8.65066e-012 8.65066e-012
2.5 -1.57202e-005 -3.05947e-006 1.37371e-006 8.32747e-012 8.32747e-012
2.51 -1.5767e-005 -3.29946e-006 1.5197e-006 7.93697e-012 7.93697e-012
2.52 -1.58236e-005 -3.55527e-006 1.66838e-006 7.63361e-012 7.63361e-012
2.53 -1.58876e-005 -3.82684e-006 1.81056e-006 7.54038e-012 7.54038e-012
2.54 -1.59562e-005 -4.109e-006 1.94024e-006 7.68255e-012 7.68255e-012
2.55 -1.60253e-005 -4.39032e-006 2.05577e-006 7.97832e-012 7.97832e-012
2.56 -1.60915e-005 -4.65891e-006 2.15795e-006 8.2932e-012 8.2932e-012
2.57 -1.61522e-005 -4.90783e-006 2.24682e-006 8.50452e-012 8.50452e-012
2.58 -1.6207e-005 -5.13612e-006 2.32028e-006 8.56771e-012 8.56771e-012
2.59 -1.62577e-005 -5.34785e-006 2.3777e-006 8.62937e-012 8.62937e-012
2.6 -1.6304e-005 -5.54762e-006 2.42235e-006 8.88747e-012 8.88747e-012
2.61 -1.63459e-005 -5.73391e-006 2.45712e-006 9.36717e-012 9.36717e-012
2.62 -1.63843e-005 -5.89674e-006 2.47957e-006 1.00619e-011 1.00619e-011
2.63 -1.64192e-005 -6.02231e-006 2.48582e-006 1.09018e-011 1.09018e-011
2.64 -1.64504e-005 -6.10604e-006 2.47882e-006 1.15802e-011 1.15802e-011
2.65 -1.64783e-005 -6.16247e-006 2.46861e-006 1.17832e-011 1.17832e-011
2.66 -1.65036e-005 -6.21054e-006 2.46259e-006 1.14969e-011 1.14969e-011
2.67 -1.65256e-005 -6.25209e-006 2.45511e-006 1.09193e-011 1.09193e-011
2.68 -1.6543e-005 -6.27141e-006 2.42917e-006 1.02328e-011 1.02328e-011
2.69 -1.65546e-005 -6.25133e-006 2.37101e-006 9.64394e-012 9.64394e-012
2.7 -1.65599e-005 -6.19004e-006 2.28199e-006 9.39224e-012 9.39224e-012
2.71 -1.65581e-005 -6.09898e-006 2.17806e-006 9.5583e-012 9.5583e-012
2.72 -1.65477e-005 -5.98373e-006 2.08002e-006 1.00088e-011 1.00088e-011
2.73 -1.65261e-005 -5.83404e-006 1.99925e-006 1.05283e-011 1.05283e-011
2.74 -1.6492e-005 -5.63837e-006 1.92741e-006 1.09153e-011 1.09153e-011
2.75 -1.64468e-005 -5.403e-006 1.84377e-006 1.10298e-011 1.10298e-011
2.76 -1.63929e-005 -5.1451e-006 1.73617e-006 1.08454e-011 1.08454e-011
2.77 -1.63321e-005 -4.87677e-006 1.60828e-006 1.04563e-011 1.04563e-011
2.78 -1.62668e-005 -4.60344e-006 1.46459e-006 1.00325e-011 1.00325e-011
2.79 -1.62008e-005 -4.32274e-006 1.30191e-006 9.74623e-012 9.74623e-012
2.8 -1.61363e-005 -4.02246e-006 1.12136e-006 9.69963e-012 9.69963e-012
2.81 -1.60742e-005 -3.69732e-006 9.38138e-007 9.88931e-012 9.88931e-012
2.82 -1.60153e-005 -3.36204e-006 7.73354e-007 1.02198e-011 1.02198e-011
2.83 -1.59601e-005 -3.03891e-006 6.40022e-007 1.05504e-011 1.05504e-011
2.84 -1.59085e-005 -2.74321e-006 5.35987e-007 1.0752e-011 1.0752e-011
2.85 -1.58598e-005 -2.47769e-006 4.49646e-007 1.07555e-011 1.07555e-011
2.86 -1.58132e-005 -2.23874e-006 3.6897e-007 1.05745e-011 1.05745e-011
2.87 -1.57687e-005 -2.02506e-006 2.83009e-007 1.02778e-011 1.02778e-011
2.88 -1.5727e-005 -1.83274e-006 1.86418e-007 1.00152e-011 1.00152e-011
2.89 -1.56878e-005 -1.65275e-006 8.75956e-008 1.01286e-011 1.01286e-011
2.9 -1.565e-005 -1.48183e-006 4.85906e-009 1.09244e-011 1.09244e-011
2.91 -1.56138e-005 -1.32679e-006 -4.84445e-008 1.22435e-011 1.22435e-011
2.92 -1.55806e-005 -1.19701e-006 -7.21385e-008 1.35714e-011 1.35714e-011
2.93 -1.55516e-005 -1.10097e-006 -7.20579e-008 1.44673e-011 1.44673e-011
2.94 -1.55277e-005 -1.04562e-006 -4.95236e-008 1.472e-011 1.472e-011
2.95 -1.55095e-005 -1.03319e-006 -2.12362e-009 1.42818e-011 1.42818e-011
2.96 -1.54974e-005 -1.06232e-006 6.98723e-008 1.33151e-011 1.33151e-011
2.97 -1.54925e-005 -1.13446e-006 1.65187e-007 1.22253e-011 1.22253e-011
2.98 -1.54959e-005 -1.25476e-006 2.86631e-007 1.14607e-011 1.14607e-011
2.99 -1.55076e-005 -1.42238e-006 4.38441e-007 1.1305e-011 1.1305e-011
3 -1.55263e-005 -1.62232e-006 6.19906e-007 1.17656e-011 1.17656e-011
3.01 -1.55493e-005 -1.83244e-006 8.24211e-007 1.25676e-011 1.25676e-011
3.02 -1.55735e-005 -2.0389e-006 1.04356e-006 1.33196e-011 1.33196e-011
3.03 -1.5596e-005 -2.24238e-006 1.27518e-006 1.37247e-011 1.37247e-011
3.04 -1.56145e-005 -2.45684e-006 1.5203e-006 1.36482e-011 1.36482e-011
3.05 -1.56292e-005 -2.70412e-006 1.77542e-006 1.31252e-011 1.31252e-011
3.06 -1.56428e-005 -2.99972e-006 2.03021e-006 1.23658e-011 1.23658e-011
3.07 -1.56576e-005 -3.33709e-006 2.27956e-006 1.16558e-011 1.16558e-011
3.08 -1.56754e-005 -3.68883e-006 2.52818e-006 1.12358e-011 1.12358e-011
3.09 -1.56976e-005 -4.02968e-006 2.78011e-006 1.12129e-011 1.12129e-011
3.1 -1.57274e-005 -4.35268e-006 3.03117e-006 1.15063e-011 1.15063e-011
3.11 -1.57668e-005 -4.6563e-006 3.26779e-006 1.19395e-011 1.19395e-011
3.12 -1.58146e-005 -4.92485e-006 3.47283e-006 1.23812e-011 1.23812e-011
3.13 -1.58658e-005 -5.13385e-006 3.63662e-006 1.27388e-011 1.27388e-011
3.14 -1.59143e-005 -5.27916e-006 3.75799e-006 1.29091e-011 1.29091e-011
3.15 -1.59567e-005 -5.39049e-006 3.83901e-006 1.28982e-011 1.28982e-011
3.16 -1.59927e-005 -5.50963e-006 3.8837e-006 1.30127e-011 1.30127e-011
3.17 -1.60248e-005 -5.66651e-006 3.89632e-006 1.36606e-011 1.36606e-011
3.18 -1.60571e-005 -5.86636e-006 3.88003e-006 1.47997e-011 1.47997e-011
3.19 -1.60928e-005 -6.07891e-006 3.83924e-006 1.58659e-011 1.58659e-011
3.2 -1.61323e-005 -6.25182e-006 3.78062e-006 1.63827e-011 1.63827e-011
3.21 -1.61752e-005 -6.34928e-006 3.71135e-006 1.63829e-011 1.63829e-011
3.22 -1.62218e-005 -6.37308e-006 3.63641e-006 1.61358e-011 1.61358e-011
3.23 -1.62712e-005 -6.34736e-006 3.55366e-006 1.57679e-011 1.57679e-011
3.24 -1.63203e-005 -6.29566e-006 3.45281e-006 1.53242e-011 1.53242e-011
3.25 -1.6365e-005 -6.23358e-006 3.32014e-006 1.49691e-011 1.49691e-011
3.26 -1.64026e-005 -6.16687e-006 3.14036e-006 1.49164e-011 1.49164e-011
3.27 -1.64314e-005 -6.0848e-006 2.89987e-006 1.51952e-011 1.51952e-011
3.28 -1.64509e-005 -5.96634e-006 2.59699e-006 1.56119e-011 1.56119e-011
3.29 -1.64621e-005 -5.8013e-006 2.24902e-006 1.59585e-011 1.59585e-011
3.3 -1.64673e-005 -5.59826e-006 1.88864e-006 1.61408e-011 1.61408e-011
3.31 -1.64686e-005 -5.37082e-006 1.55212e-006 1.61121e-011 1.61121e-011
3.32 -1.6466e-005 -5.12172e-006 1.2657e-006 1.58385e-011 1.58385e-011
3.33 -1.64575e-005 -4.84837e-006 1.03672e-006 1.54014e-011 1.54014e-011
3.34 -1.64427e-005 -4.56284e-006 8.53445e-007 1.50217e-011 1.50217e-011
3.35 -1.64223e-005 -4.2869e-006 6.92568e-007 1.48731e-011 1.48731e-011
3.36 -1.6396e-005 -4.0251e-006 5.27186e-007 1.495e-011 1.495e-011
3.37 -1.63627e-005 -3.75933e-006 3.34353e-007 1.51228e-011 1.51228e-011
3.38 -1.6321e-005 -3.46574e-006 1.05656e-007 1.52621e-011 1.52621e-011
3.39 -1.62697e-005 -3.13152e-006 -1.45767e-007 1.53572e-011 1.53572e-011
3.4 -1.62091e-005 -2.76976e-006 -3.90529e-007 1.54247e-011 1.54247e-011
3.41 -1.61422e-005 -2.42216e-006 -5.96717e-007 1.53854e-011 1.53854e-011
3.42 -1.60739e-005 -2.13395e-006 -7.41616e-007 1.52068e-011 1.52068e-011
3.43 -1.60084e-005 -1.92221e-006 -8.17723e-007 1.50204e-011 1.50204e-011
3.44 -1.59484e-005 -1.77187e-006 -8.31841e-007 1.49905e-011 1.49905e-011
3.45 -1.58958e-005 -1.65568e-006 -7.98115e-007 1.51079e-011 1.51079e-011
3.46 -1.58517e-005 -1.55396e-006 -7.33055e-007 1.51754e-011 1.51754e-011
3.47 -1.58165e-005 -1.46104e-006 -6.5311e-007 1.51668e-011 1.51668e-011
3.48 -1.57894e-005 -1.38022e-006 -5.69446e-007 1.54638e-011 1.54638e-011
3.49 -1.57677e-005 -1.31781e-006 -4.8377e-007 1.62424e-011 1.62424e-011
3.5 -1.57488e-005 -1.28695e-006 -3.89336e-007 1.68831e-011 1.68831e-011
3.51 -1.57313e-005 -1.3083e-006 -2.75207e-007 1.67156e-011 1.67156e-011
3.52 -1.57142e-005 -1.38941e-006 -1.32607e-007 1.59749e-011 1.59749e-011
3.53 -1.56963e-005 -1.51286e-006 3.995e-008 1.53329e-011 1.53329e-011
3.54 -1.56778e-005 -1.6573e-006 2.38068e-007 1.50129e-011 1.50129e-011
3.55 -1.5661e-005 -1.82093e-006 4.55959e-007 1.48815e-011 1.48815e-011
3.56 -1.56508e-005 -2.0233e-006 6.89036e-007 1.49453e-011 1.49453e-011
3.57 -1.56523e-005 -2.28449e-006 9.34889e-007 1.53184e-011 1.53184e-011
3.58 -1.56685e-005 -2.60214e-006 1.19324e-006 1.58809e-011 1.58809e-011
3.59 -1.56989e-005 -2.9484e-006 1.46593e-006 1.62997e-011 1.62997e-011
3.6 -1.57396e-005 -3.28152e-006 1.75353e-006 1.63641e-011 1.63641e-011
3.61 -1.57846e-005 -3.56644e-006 2.04855e-006 1.6136e-011 1.6136e-011
3.62 -1.58286e-005 -3.79878e-006 2.33427e-006 1.57869e-011 1.57869e-011
3.63 -1.58685e-005 -4.00922e-006 2.5923e-006 1.5433e-011 1.5433e-011
3.64 -1.59026e-005 -4.23697e-006 2.81357e-006 1.5168e-011 1.5168e-011
3.65 -1.59293e-005 -4.49945e-006 3.00308e-006 1.51041e-011 1.51041e-011
3.66 -1.5948e-005 -4.78844e-006 3.17295e-006 1.52921e-011 1.52921e-011
3.67 -1.5961e-005 -5.08651e-006 3.33573e-006 1.56337e-011 1.56337e-011
3.68 -1.59722e-005 -5.37701e-006 3.50132e-006 1.59412e-011 1.59412e-011
3.69 -1.59864e-005 -5.64267e-006 3.667e-006 1.6098e-011 1.6098e-011
3.7 -1.60084e-005 -5.86854e-006 3.81139e-006 1.60846e-011 1.60846e-011
3.71 -1.6042e-005 -6.04723e-006 3.90638e-006 1.59071e-011 1.59071e-011
3.72 -1.60881e-005 -6.17435e-006 3.9319e-006 1.56254e-011 1.56254e-011
3.73 -1.61431e-005 -6.24598e-006 3.88356e-006 1.5352e-011 1.5352e-011
3.74 -1.62018e-005 -6.26628e-006 3.77659e-006 1.52059e-011 1.52059e-011
3.75 -1.62585e-005 -6.24781e-006 3.63493e-006 1.53314e-011 1.53314e-011
3.76 -1.63081e-005 -6.20335e-006 3.47315e-006 1.57723e-011 1.57723e-011
3.77 -1.63472e-005 -6.13931e-006 3.29504e-006 1.62638e-011 1.62638e-011
3.78 -1.63737e-005 -6.05586e-006 3.10112e-006 1.64423e-011 1.64423e-011
3.79 -1.63879e-005 -5.95156e-006 2.88913e-006 1.63016e-011 1.63016e-011
3.8 -1.63919e-005 -5.82327e-006 2.65397e-006 1.60716e-011 1.60716e-011
3.81 -1.63888e-005 -5.66503e-006 2.39524e-006 1.58263e-011 1.58263e-011
3.82 -1.63807e-005 -5.47354e-006 2.12556e-006 1.55537e-011 1.55537e-011
3.83 -1.63684e-005 -5.24863e-006 1.8673e-006 1.53641e-011 1.53641e-011
3.84 -1.63521e-005 -4.98869e-006 1.63058e-006 1.54021e-011 1.54021e-011
3.85 -1.63329e-005 -4.69655e-006 1.39636e-006 1.56497e-011 1.56497e-011
3.86 -1.63127e-005 -4.38494e-006 1.13886e-006 1.59443e-011 1.59443e-011
3.87 -1.62918e-005 -4.07174e-006 8.57441e-007 1.61478e-011 1.61478e-011
3.88 -1.62691e-005 -3.77351e-006 5.72745e-007 1.62183e-011 1.62183e-011
3.89 -1.62447e-005 -3.50172e-006 3.03775e-007 1.61592e-011 1.61592e-011
3.9 -1.62208e-005 -3.26452e-006 5.69516e-008 1.59889e-011 1.59889e-011
3.91 -1.62012e-005 -3.07235e-006 -1.66971e-007 1.5767e-011 1.5767e-011
3.92 -1.61902e-005 -2.9371e-006 -3.60663e-007 1.55901e-011 1.55901e-011
3.93 -1.61899e-005 -2.85554e-006 -5.11337e-007 1.5524e-011 1.5524e-011
3.94 -1.61985e-005 -2.79877e-006 -6.11769e-007 1.55647e-011 1.55647e-011
3.95 -1.62113e-005 -2.73149e-006 -6.61094e-007 1.56814e-011 1.56814e-011
3.96 -1.6222e-005 -2.63578e-006 -6.60201e-007 1.58334e-011 1.58334e-011
3.97 -1.62234e-005 -2.51297e-006 -6.15572e-007 1.59422e-011 1.59422e-011
3.98 -1.62085e-005 -2.37359e-006 -5.39519e-007 1.59471e-011 1.59471e-011
3.99 -1.61709e-005 -2.23167e-006 -4.41157e-007 1.58785e-011 1.58785e-011
4 -1.61087e-005 -2.1128e-006 -3.21258e-007 1.57724e-011 1.57724e-011
4.01 -1.60255e-005 -2.05654e-006 -1.73942e-007 1.56399e-011 1.56399e-011
4.02 -1.59304e-005 -2.08851e-006 4.50597e-009 1.55505e-011 1.55505e-011
4.03 -1.58351e-005 -2.19932e-006 2.05473e-007 1.55554e-011 1.55554e-011
4.04 -1.57531e-005 -2.36283e-006 4.12915e-007 1.56447e-011 1.56447e-011
4.05 -1.56972e-005 -2.55297e-006 6.15374e-007 1.58426e-011 1.58426e-011
4.06 -1.56747e-005 -2.7362e-006 8.09657e-007 1.60768e-011 1.60768e-011
4.07 -1.5685e-005 -2.87845e-006 1.00098e-006 1.60711e-011 1.60711e-011
4.08 -1.57215e-005 -2.97457e-006 1.20232e-006 1.57739e-011 1.57739e-011
4.09 -1.57735e-005 -3.05209e-006 1.43062e-006 1.55166e-011 1.55166e-011
4.1 -1.58269e-005 -3.14458e-006 1.69813e-006 1.54909e-011 1.54909e-011
4.11 -1.58678e-005 -3.27621e-006 2.00237e-006 1.55704e-011 1.55704e-011
4.12 -1.58861e-005 -3.45643e-006 2.32409e-006 1.56417e-011 1.56417e-011
4.13 -1.58763e-005 -3.67161e-006 2.63507e-006 1.57419e-011 1.57419e-011
4.14 -1.58397e-005 -3.89763e-006 2.90937e-006 1.58726e-011 1.58726e-011
4.15 -1.57848e-005 -4.12233e-006 3.12992e-006 1.59413e-011 1.59413e-011
4.16 -1.57251e-005 -4.34293e-006 3.29024e-006 1.589e-011 1.589e-011
4.17 -1.56761e-005 -4.5545e-006 3.39367e-006 1.57849e-011 1.57849e-011
4.18 -1.56506e-005 -4.74535e-006 3.45304e-006 1.57774e-011 1.57774e-011
4.19 -1.56552e-005 -4.89727e-006 3.49102e-006 1.58043e-011 1.58043e-011
4.2 -1.56897e-005 -4.99698e-006 3.5338e-006 1.55484e-011 1.55484e-011
4.21 -1.5748e-005 -5.04432e-006 3.59597e-006 1.51162e-011 1.51162e-011
4.22 -1.58189e-005 -5.04514e-006 3.67064e-006 1.50697e-011 1.50697e-011
4.23 -1.58892e-005 -5.01272e-006 3.73625e-006 1.5451e-011 1.5451e-011
4.24 -1.59469e-005 -4.9706e-006 3.77028e-006 1.57699e-011 1.57699e-011
4.25 -1.59813e-005 -4.93036e-006 3.75762e-006 1.5836e-011 1.5836e-011
4.26 -1.5986e-005 -4.88254e-006 3.69236e-006 1.58484e-011 1.58484e-011
4.27 -1.5961e-005 -4.8169e-006 3.57523e-006 1.58767e-011 1.58767e-011
4.28 -1.59127e-005 -4.72719e-006 3.41235e-006 1.57741e-011 1.57741e-011
4.29 -1.58509e-005 -4.60549e-006 3.21676e-006 1.55356e-011 1.55356e-011
4.3 -1.57883e-005 -4.45638e-006 3.00444e-006 1.53324e-011 1.53324e-011
4.31 -1.57385e-005 -4.30056e-006 2.78523e-006 1.52835e-011 1.52835e-011
4.32 -1.57127e-005 -4.15069e-006 2.56063e-006 1.53685e-011 1.53685e-011
4.33 -1.57157e-005 -3.99963e-006 2.33055e-006 1.55093e-011 1.55093e-011
4.34 -1.57455e-005 -3.83424e-006 2.10092e-006 1.56587e-011 1.56587e-011
4.35 -1.57947e-005 -3.64619e-006 1.88424e-006 1.57837e-011 1.57837e-011
4.36 -1.58518e-005 -3.43455e-006 1.68818e-006 1.58343e-011 1.58343e-011
4.37 -1.59053e-005 -3.21083e-006 1.50446e-006 1.57784e-011 1.57784e-011
4.38 -1.59466e-005 -2.99928e-006 1.31537e-006 1.5647e-011 1.5647e-011
4.39 -1.59709e-005 -2.83199e-006 1.11164e-006 1.55117e-011 1.55117e-011
4.4 -1.5978e-005 -2.73613e-006 9.00281e-007 1.54294e-011 1.54294e-011
4.41 -1.59713e-005 -2.71142e-006 6.9603e-007 1.54199e-011 1.54199e-011
4.42 -1.59565e-005 -2.72582e-006 5.09322e-007 1.5478e-011 1.5478e-011
4.43 -1.59405e-005 -2.73318e-006 3.43863e-007 1.55798e-011 1.55798e-011
4.44 -1.59282e-005 -2.68911e-006 2.02931e-007 1.56835e-011 1.56835e-011
4.45 -1.5921e-005 -2.57173e-006 9.41423e-008 1.57464e-011 1.57464e-011
4.46 -1.59191e-005 -2.40501e-006 2.41456e-008 1.57448e-011 1.57448e-011
4.47 -1.59225e-005 -2.24734e-006 -1.06191e-008 1.56841e-011 1.56841e-011
4.48 -1.593e-005 -2.14993e-006 -2.01369e-008 1.55945e-011 1.55945e-011
4.49 -1.59383e-005 -2.13495e-006 -6.5829e-009 1.55148e-011 1.55148e-011
4.5 -1.59442e-005 -2.20163e-006 3.85028e-008 1.54745e-011 1.54745e-011
4.51 -1.5946e-005 -2.32778e-006 1.2195e-007 1.54849e-011 1.54849e-011
4.52 -1.59429e-005 -2.47096e-006 2.39975e-007 1.55382e-011 1.55382e-011
4.53 -1.59351e-005 -2.59559e-006 3.84168e-007 1.56113e-011 1.56113e-011
4.54 -1.59237e-005 -2.69378e-006 5.51766e-007 1.56736e-011 1.56736e-011
4.55 -1.59092e-005 -2.77328e-006 7.42635e-007 1.57009e-011 1.57009e-011
4.56 -1.58923e-005 -2.84926e-006 9.48068e-007 1.56852e-011 1.56852e-011
4.57 -1.58748e-005 -2.94404e-006 1.15215e-006 1.5637e-011 1.5637e-011
4.58 -1.58583e-005 -3.07023e-006 1.34422e-006 1.55785e-011 1.55785e-011
4.59 -1.58424e-005 -3.21464e-006 1.52378e-006 1.55337e-011 1.55337e-011
4.6 -1.58257e-005 -3.34757e-006 1.69541e-006 1.55189e-011 1.55189e-011
4.61 -1.58076e-005 -3.45391e-006 1.86523e-006 1.55373e-011 1.55373e-011
4.62 -1.57904e-005 -3.55183e-006 2.04202e-006 1.55795e-011 1.55795e-011
4.63 -1.57766e-005 -3.66751e-006 2.23337e-006 1.56274e-011 1.56274e-011
4.64 -1.57661e-005 -3.79534e-006 2.43566e-006 1.56611e-011 1.56611e-011
4.65 -1.57571e-005 -3.90159e-006 2.62878e-006 1.56681e-011 1.56681e-011
4.66 -1.57491e-005 -3.96408e-006 2.78152e-006 1.56479e-011 1.56479e-011
4.67 -1.57438e-005 -3.99108e-006 2.86786e-006 1.56112e-011 1.56112e-011
4.68 -1.57432e-005 -4.00484e-006 2.88326e-006 1.55743e-011 1.55743e-011
4.69 -1.57475e-005 -4.01811e-006 2.8441e-006 1.55513e-011 1.55513e-011
4.7 -1.57551e-005 -4.02273e-006 2.77375e-006 1.55497e-011 1.55497e-011
4.71 -1.57633e-005 -3.99683e-006 2.69192e-006 1.55691e-011 1.55691e-011
4.72 -1.57701e-005 -3.93096e-006 2.60968e-006 1.56004e-011 1.56004e-011
4.73 -1.57761e-005 -3.8419e-006 2.52411e-006 1.56299e-011 1.56299e-011
4.74 -1.57829e-005 -3.75205e-006 2.42196e-006 1.56458e-011 1.56458e-011
4.75 -1.57913e-005 -3.66868e-006 2.29289e-006 1.56431e-011 1.56431e-011
4.76 -1.58003e-005 -3.58245e-006 2.13492e-006 1.56248e-011 1.56248e-011
4.77 -1.5808e-005 -3.47012e-006 1.95176e-006 1.55994e-011 1.55994e-011
4.78 -1.58124e-005 -3.31354e-006 1.75008e-006 1.55774e-011 1.55774e-011
4.79 -1.58141e-005 -3.12625e-006 1.53704e-006 1.55671e-011 1.55671e-011
4.8 -1.58153e-005 -2.94229e-006 1.31992e-006 1.5572e-011 1.5572e-011
4.81 -1.58182e-005 -2.78616e-006 1.10433e-006 1.55891e-011 1.55891e-011
4.82 -1.58252e-005 -2.66818e-006 8.88952e-007 1.56105e-011 1.56105e-011
4.83 -1.58385e-005 -2.58354e-006 6.72389e-007 1.56271e-011 1.56271e-011
4.84 -1.58557e-005 -2.50038e-006 4.68672e-007 1.56329e-011 1.56329e-011
4.85 -1.58713e-005 -2.38003e-006 3.00185e-007 1.56263e-011 1.56263e-011
4.86 -1.58834e-005 -2.23346e-006 1.72418e-007 1.56099e-011 1.56099e-011
4.87 -1.58967e-005 -2.12523e-006 6.73045e-008 1.55905e-011 1.55905e-011
4.88 -1.59159e-005 -2.10206e-006 -3.92737e-008 1.55761e-011 1.55761e-011
4.89 -1.5941e-005 -2.15013e-006 -1.54917e-007 1.55705e-011 1.55705e-011
4.9 -1.59692e-005 -2.22515e-006 -2.63624e-007 1.55735e-011 1.55735e-011
4.91 -1.59987e-005 -2.29717e-006 -3.44871e-007 1.55834e-011 1.55834e-011
4.92 -1.60306e-005 -2.35867e-006 -3.98077e-007 1.55962e-011 1.55962e-011
4.93 -1.60662e-005 -2.40793e-006 -4.41924e-007 1.56057e-011 1.56057e-011
4.94 -1.61061e-005 -2.45266e-006 -4.9266e-007 1.56085e-011 1.56085e-011
4.95 -1.61512e-005 -2.52319e-006 -5.49693e-007 1.56052e-011 1.56052e-011
4.96 -1.62018e-005 -2.65069e-006 -5.96235e-007 1.55977e-011 1.55977e-011
4.97 -1.62557e-005 -2.83396e-006 -6.06234e-007 1.55831e-011 1.55831e-011
4.98 -1.63091e-005 -3.05063e-006 -5.58039e-007 1.55473e-011 1.55473e-011
4.99 -1.63615e-005 -3.29184e-006 -4.53252e-007 1.54889e-011 1.54889e-011
5 -1.64151e-005 -3.55509e-006 -3.23402e-007 1.54278e-011 1.54278e-011
5.01 -1.64706e-005 -3.81548e-006 -2.08552e-007 1.53585e-011 1.53585e-011
5.02 -1.65251e-005 -4.04121e-006 -1.24049e-007 1.52618e-011 1.52618e-011
5.03 -1.65742e-005 -4.22479e-006 -5.23037e-008 1.51327e-011 1.51327e-011
5.04 -1.66139e-005 -4.37745e-006 3.3762e-008 1.49687e-011 1.49687e-011
5.05 -1.66418e-005 -4.51699e-006 1.46235e-007 1.48038e-011 1.48038e-011
5.06 -1.66598e-005 -4.67556e-006 2.78235e-007 1.46873e-011 1.46873e-011
5.07 -1.66735e-005 -4.8825e-006 4.11405e-007 1.46055e-011 1.46055e-011
5.08 -1.66871e-005 -5.12598e-006 5.26948e-007 1.45063e-011 1.45063e-011
5.09 -1.67028e-005 -5.3596e-006 6.14963e-007 1.43557e-011 1.43557e-011
5.1 -1.67222e-005 -5.54401e-006 6.74663e-007 1.41265e-011 1.41265e-011
5.11 -1.67453e-005 -5.65592e-006 7.11623e-007 1.38165e-011 1.38165e-011
5.12 -1.67682e-005 -5.6736e-006 7.34131e-007 1.35208e-011 1.35208e-011
5.13 -1.67854e-005 -5.59597e-006 7.46368e-007 1.33793e-011 1.33793e-011
5.14 -1.67939e-005 -5.4708e-006 7.49112e-007 1.34105e-011 1.34105e-011
5.15 -1.67925e-005 -5.36528e-006 7.47196e-007 1.35042e-011 1.35042e-011
5.16 -1.67793e-005 -5.30794e-006 7.44369e-007 1.35641e-011 1.35641e-011
5.17 -1.67542e-005 -5.28518e-006 7.31791e-007 1.35962e-011 1.35962e-011
5.18 -1.67212e-005 -5.27233e-006 6.91994e-007 1.3682e-011 1.3682e-011
5.19 -1.6686e-005 -5.23738e-006 6.10284e-007 1.38146e-011 1.38146e-011
5.2 -1.66511e-005 -5.12982e-006 4.83623e-007 1.38569e-011 1.38569e-011
5.21 -1.66144e-005 -4.90191e-006 3.31373e-007 1.37575e-011 1.37575e-011
5.22 -1.65704e-005 -4.55385e-006 1.99668e-007 1.36245e-011 1.36245e-011
5.23 -1.65117e-005 -4.13319e-006 1.44735e-007 1.35528e-011 1.35528e-011
5.24 -1.64299e-005 -3.69697e-006 2.02232e-007 1.35341e-011 1.35341e-011
5.25 -1.63189e-005 -3.29462e-006 3.70371e-007 1.3542e-011 1.3542e-011
5.26 -1.61764e-005 -2.95609e-006 6.18679e-007 1.35953e-011 1.35953e-011
5.27 -1.60033e-005 -2.67592e-006 9.08397e-007 1.36831e-011 1.36831e-011
5.28 -1.58047e-005 -2.42856e-006 1.20692e-006 1.37417e-011 1.37417e-011
5.29 -1.55912e-005 -2.1968e-006 1.49128e-006 1.3716e-011 1.3716e-011
5.3 -1.53764e-005 -1.96393e-006 1.74716e-006 1.34761e-011 1.34761e-011
5.31 -1.51717e-005 -1.70205e-006 1.97115e-006 1.29002e-011 1.29002e-011
5.32 -1.49854e-005 -1.3983e-006 2.17638e-006 1.19589e-011 1.19589e-011
5.33 -1.48221e-005 -1.07135e-006 2.39293e-006 1.04023e-011 1.04023e-011
5.34 -1.46815e-005 -7.5271e-007 2.657e-006 7.94469e-012 7.94469e-012
5.35 -1.45571e-005 -4.61608e-007 2.99708e-006 4.9104e-012 4.9104e-012
5.36 -1.44381e-005 -2.00613e-007 3.42509e-006 2.05732e-012 2.05732e-012
5.37 -1.43165e-005 1.41366e-008 3.92335e-006 -1.72849e-013 -1.72849e-013
5.38 -1.41911e-005 1.34952e-007 4.43855e-006 -1.77719e-012 -1.77719e-012
5.39 -1.40671e-005 1.26493e-007 4.90952e-006 -2.84683e-012 -2.84683e-012
5.4 -1.39497e-005 1.45762e-008 5.30447e-006 -3.40745e-012 -3.40745e-012
5.41 -1.38432e-005 -1.33297e-007 5.62043e-006 -3.5472e-012 -3.5472e-012
5.42 -1.37557e-005 -2.61993e-007 5.85682e-006 -3.50476e-012 -3.50476e-012
5.43 -1.36998e-005 -3.66691e-007 6.00096e-006 -3.52443e-012 -3.52443e-012
5.44 -1.36895e-005 -4.89167e-007 6.04331e-006 -3.75428e-012 -3.75428e-012
5.45 -1.37336e-005 -6.6871e-007 6.00296e-006 -4.14494e-012 -4.14494e-012
5.46 -1.38299e-005 -9.06333e-007 5.92185e-006 -4.46974e-012 -4.46974e-012
5.47 -1.39702e-005 -1.18085e-006 5.83258e-006 -4.48701e-012 -4.48701e-012
5.48 -1.4144e-005 -1.47465e-006 5.742e-006 -4.06498e-012 -4.06498e-012
5.49 -1.43398e-005 -1.77907e-006 5.63729e-006 -3.37651e-012 -3.37651e-012
5.5 -1.45478e-005 -2.10561e-006 5.49343e-006 -2.87545e-012 -2.87545e-012
5.51 -1.47638e-005 -2.48836e-006 5.2775e-006 -2.84857e-012 -2.84857e-012
5.52 -1.49869e-005 -2.94199e-006 4.95761e-006 -3.17225e-012 -3.17225e-012
5.53 -1.52176e-005 -3.43794e-006 4.51635e-006 -3.61465e-012 -3.61465e-012
5.54 -1.5459e-005 -3.93978e-006 3.95821e-006 -4.07842e-012 -4.07842e-012
5.55 -1.57176e-005 -4.42667e-006 3.30075e-006 -4.68388e-012 -4.68388e-012
5.56 -1.60008e-005 -4.88745e-006 2.55985e-006 -5.23239e-012 -5.23239e-012
5.57 -1.63143e-005 -5.32442e-006 1.75439e-006 -5.13341e-012 -5.13341e-012
5.58 -1.6659e-005 -5.7534e-006 9.23411e-007 -4.5734e-012 -4.5734e-012
5.59 -1.70379e-005 -6.19177e-006 1.21637e-007 -4.69037e-012 -4.69037e-012
5.6 -1.74378e-005 -6.65333e-006 -6.09677e-007 -6.33032e-012 -6.33032e-012
5.61 -1.78439e-005 -7.14903e-006 -1.26372e-006 -9.19276e-012 -9.19276e-012
5.62 -1.82441e-005 -7.67201e-006 -1.85816e-006 -1.30795e-011 -1.30795e-011
5.63 -1.86224e-005 -8.1773e-006 -2.41324e-006 -1.80898e-011 -1.80898e-011
5.64 -1.89603e-005 -8.59979e-006 -2.94135e-006 -2.35447e-011 -2.35447e-011
5.65 -1.92439e-005 -8.9025e-006 -3.45198e-006 -2.82903e-011 -2.82903e-011
5.66 -1.94683e-005 -9.10259e-006 -3.95011e-006 -3.09177e-011 -3.09177e-011
5.67 -1.96362e-005 -9.25081e-006 -4.42554e-006 -3.09897e-011 -3.09897e-011
5.68 -1.97514e-005 -9.38042e-006 -4.84897e-006 -2.97082e-011 -2.97082e-011
5.69 -1.98157e-005 -9.47481e-006 -5.18422e-006 -2.83445e-011 -2.83445e-011
5.7 -1.98293e-005 -9.48412e-006 -5.40594e-006 -2.7384e-011 -2.7384e-011
5.71 -1.97949e-005 -9.36913e-006 -5.50454e-006 -2.7043e-011 -2.7043e-011
5.72 -1.97185e-005 -9.12262e-006 -5.47787e-006 -2.76806e-011 -2.76806e-011
5.73 -1.95988e-005 -8.74917e-006 -5.3218e-006 -2.93346e-011 -2.93346e-011
5.74 -1.94265e-005 -8.23896e-006 -5.03267e-006 -3.11968e-011 -3.11968e-011
5.75 -1.91886e-005 -7.56914e-006 -4.62007e-006 -3.22291e-011 -3.22291e-011
5.76 -1.88742e-005 -6.73317e-006 -4.11353e-006 -3.2119e-011 -3.2119e-011
5.77 -1.84783e-005 -5.76156e-006 -3.55331e-006 -3.12517e-011 -3.12517e-011
5.78 -1.8005e-005 -4.71365e-006 -2.97498e-006 -3.01423e-011 -3.01423e-011
5.79 -1.74688e-005 -3.66654e-006 -2.40326e-006 -2.92052e-011 -2.92052e-011
5.8 -1.68964e-005 -2.70646e-006 -1.85015e-006 -2.88545e-011 -2.88545e-011
5.81 -1.63218e-005 -1.89088e-006 -1.31341e-006 -2.93923e-011 -2.93923e-011
5.82 -1.57754e-005 -1.18272e-006 -7.81498e-007 -3.05697e-011 -3.05697e-011
5.83 -1.5275e-005 -4.45741e-007 -2.40985e-007 -3.1692e-011 -3.1692e-011
5.84 -1.48271e-005 4.43699e-007 3.22688e-007 -3.19445e-011 -3.19445e-011
5.85 -1.44187e-005 1.48646e-006 9.33251e-007 -3.06021e-011 -3.06021e-011
5.86 -1.40632e-005 2.56572e-006 1.6115e-006 -2.78554e-011 -2.78554e-011
5.87 -1.37446e-005 3.54974e-006 2.36321e-006 -2.49264e-011 -2.49264e-011
5.88 -1.34456e-005 4.34258e-006 3.15645e-006 -2.33097e-011 -2.33097e-011
5.89 -1.31486e-005 4.90677e-006 3.93571e-006 -2.40378e-011 -2.40378e-011
5.9 -1.28471e-005 5.26267e-006 4.65399e-006 -2.72856e-011 -2.72856e-011
5.91 -1.25448e-005 5.45614e-006 5.29091e-006 -3.25502e-011 -3.25502e-011
5.92 -1.22558e-005 5.53623e-006 5.84941e-006 -3.86228e-011 -3.86228e-011
5.93 -1.19977e-005 5.55523e-006 6.35268e-006 -4.38314e-011 -4.38314e-011
5.94 -1.17867e-005 5.54688e-006 6.84114e-006 -4.69915e-011 -4.69915e-011
5.95 -1.16369e-005 5.4976e-006 7.35526e-006 -4.81036e-011 -4.81036e-011
5.96 -1.15587e-005 5.34798e-006 7.90762e-006 -4.77442e-011 -4.77442e-011
5.97 -1.15574e-005 5.0321e-006 8.47552e-006 -4.61317e-011 -4.61317e-011
5.98 -1.16329e-005 4.51771e-006 9.01858e-006 -4.34841e-011 -4.34841e-011
5.99 -1.17813e-005 3.79883e-006 9.49524e-006 -4.07487e-011 -4.07487e-011
6 -1.20023e-005 2.85307e-006 9.86821e-006 -3.93294e-011 -3.93294e-011
6.01 -1.23039e-005 1.63087e-006 1.01082e-005 -3.97993e-011 -3.97993e-011
6.02 -1.2697e-005 1.03118e-007 1.02061e-005 -4.1295e-011 -4.1295e-011
6.03 -1.31929e-005 -1.70772e-006 1.0187e-005 -4.24099e-011 -4.24099e-011
6.04 -1.37988e-005 -3.73693e-006 1.00964e-005 -4.1921e-011 -4.1921e-011
6.05 -1.45124e-005 -5.88692e-006 9.95828e-006 -3.94309e-011 -3.94309e-011
6.06 -1.53199e-005 -8.04735e-006 9.75357e-006 -3.4733e-011 -3.4733e-011
6.07 -1.62006e-005 -1.01222e-005 9.43722e-006 -2.72983e-011 -2.72983e-011
6.08 -1.71209e-005 -1.20393e-005 8.96761e-006 -1.84054e-011 -1.84054e-011
6.09 -1.80448e-005 -1.37774e-005 8.31965e-006 -1.02878e-011 -1.02878e-011
6.1 -1.89424e-005 -1.53631e-005 7.49353e-006 -3.22344e-012 -3.22344e-012
6.11 -1.97856e-005 -1.68207e-005 6.518e-006 3.32885e-012 3.32885e-012
6.12 -2.0552e-005 -1.81341e-005 5.44583e-006 7.52863e-012 7.52863e-012
6.13 -2.12189e-005 -1.92513e-005 4.33804e-006 6.15035e-012 6.15035e-012
6.14 -2.17725e-005 -2.00851e-005 3.24575e-006 -1.46747e-012 -1.46747e-012
6.15 -2.21902e-005 -2.05132e-005 2.20212e-006 -1.28801e-011 -1.28801e-011
6.16 -2.24554e-005 -2.04268e-005 1.22571e-006 -2.41699e-011 -2.41699e-011
6.17 -2.25611e-005 -1.97825e-005 3.1661e-007 -3.15274e-011 -3.15274e-011
6.18 -2.25058e-005 -1.86077e-005 -5.37672e-007 -3.28404e-011 -3.28404e-011
6.19 -2.22897e-005 -1.69961e-005 -1.34018e-006 -2.84828e-011 -2.84828e-011
6.2 -2.19148e-005 -1.50922e-005 -2.0674e-006 -2.07158e-011 -2.07158e-011
6.21 -2.13888e-005 -1.30232e-005 -2.67722e-006 -1.22977e-011 -1.22977e-011
6.22 -2.07236e-005 -1.08233e-005 -3.13936e-006 -5.70071e-012 -5.70071e-012
6.23 -1.9934e-005 -8.44024e-006 -3.45685e-006 -2.77537e-012 -2.77537e-012
6.24 -1.90438e-005 -5.8241e-006 -3.65568e-006 -4.71728e-012 -4.71728e-012
6.25 -1.80818e-005 -3.01709e-006 -3.75558e-006 -1.0989e-011 -1.0989e-011
6.26 -1.70686e-005 -1.76945e-007 -3.75014e-006 -1.93486e-011 -1.93486e-011
6.27 -1.60857e-005 2.46105e-006 -3.61145e-006 -2.7445e-011 -2.7445e-011
6.28 -1.51711e-005 4.71452e-006 -3.32703e-006 -3.09444e-011 -3.09444e-011
6.29 -1.43665e-005 6.55748e-006 -2.90418e-006 -2.48426e-011 -2.48426e-011
6.3 -1.36682e-005 8.14293e-006 -2.35628e-006 -9.22793e-012 -9.22793e-012
6.31 -1.3073e-005 9.64547e-006 -1.70889e-006 1.04042e-011 1.04042e-011
6.32 -1.2579e-005 1.10815e-005 -1.00934e-006 2.74089e-011 2.74089e-011
6.33 -1.21898e-005 1.22901e-005 -3.32493e-007 3.66118e-011 3.66118e-011
6.34 -1.19088e-005 1.30317e-005 2.34734e-007 3.44695e-011 3.44695e-011
6.35 -1.17461e-005 1.31187e-005 6.31595e-007 2.12231e-011 2.12231e-011
6.36 -1.1727e-005 1.25231e-005 8.48991e-007 3.10289e-012 3.10289e-012
6.37 -1.18624e-005 1.14294e-005 9.18771e-007 -1.14102e-011 -1.14102e-011
6.38 -1.21392e-005 1.01671e-005 8.87093e-007 -1.72662e-011 -1.72662e-011
6.39 -1.25407e-005 8.98499e-006 7.96517e-007 -1.38901e-011 -1.38901e-011
6.4 -1.30562e-005 7.88031e-006 6.78121e-007 -3.28907e-012 -3.28907e-012
6.41 -1.3669e-005 6.70344e-006 5.53963e-007 1.05948e-011 1.05948e-011
6.42 -1.43461e-005 5.35098e-006 4.50985e-007 2.20961e-011 2.20961e-011
6.43 -1.50431e-005 3.7996e-006 4.11626e-007 2.62514e-011 2.62514e-011
6.44 -1.57164e-005 2.07456e-006 4.83725e-007 2.17885e-011 2.17885e-011
6.45 -1.63325e-005 2.60028e-007 6.92303e-007 1.15075e-011 1.15075e-011
6.46 -1.68526e-005 -1.51589e-006 1.02419e-006 1.63983e-013 1.63983e-013
6.47 -1.72622e-005 -3.15986e-006 1.4353e-006 -7.68941e-012 -7.68941e-012
6.48 -1.75794e-005 -4.67903e-006 1.88241e-006 -9.09452e-012 -9.09452e-012
6.49 -1.78225e-005 -6.14154e-006 2.33219e-006 -3.89538e-012 -3.89538e-012
6.5 -1.8013e-005 -7.5932e-006 2.77305e-006 5.52872e-012 5.52872e-012
6.51 -1.81784e-005 -9.0316e-006 3.20358e-006 1.46765e-011 1.46765e-011
6.52 -1.83489e-005 -1.04472e-005 3.62007e-006 1.71107e-011 1.71107e-011
6.53 -1.85568e-005 -1.18744e-005 4.02239e-006 1.13618e-011 1.13618e-011
6.54 -1.88317e-005 -1.33789e-005 4.41055e-006 3.67889e-012 3.67889e-012
6.55 -1.91894e-005 -1.49623e-005 4.77449e-006 -2.28128e-012 -2.28128e-012
6.56 -1.96245e-005 -1.65132e-005 5.09413e-006 -6.96722e-012 -6.96722e-012
6.57 -2.01107e-005 -1.78627e-005 5.34555e-006 -7.89484e-012 -7.89484e-012
6.58 -2.06131e-005 -1.88639e-005 5.50835e-006 -1.86857e-012 -1.86857e-012
6.59 -2.10798e-005 -1.94515e-005 5.57144e-006 9.22423e-012 9.22423e-012
6.6 -2.1449e-005 -1.96729e-005 5.53164e-006 1.94374e-011 1.94374e-011
6.61 -2.16864e-005 -1.96514e-005 5.3815e-006 2.43329e-011 2.43329e-011
6.62 -2.17833e-005 -1.9503e-005 5.09863e-006 2.36529e-011 2.36529e-011
6.63 -2.17421e-005 -1.92849e-005 4.65047e-006 1.91416e-011 1.91416e-011
6.64 -2.15857e-005 -1.89851e-005 4.01773e-006 1.23253e-011 1.23253e-011
6.65 -2.13503e-005 -1.85357e-005 3.21937e-006 5.32207e-012 5.32207e-012
6.66 -2.10768e-005 -1.786e-005 2.31681e-006 1.22148e-012 1.22148e-012
6.67 -2.08029e-005 -1.69069e-005 1.39453e-006 2.02248e-012 2.02248e-012
6.68 -2.05513e-005 -1.56401e-005 5.32756e-007 6.92624e-012 6.92624e-012
6.69 -2.03214e-005 -1.40263e-005 -2.12307e-007 1.32858e-011 1.32858e-011
6.7 -2.00877e-005 -1.20565e-005 -8.04781e-007 1.86412e-011 1.86412e-011
6.71 -1.98094e-005 -9.78949e-006 -1.21542e-006 2.17348e-011 2.17348e-011
6.72 -1.94414e-005 -7.36213e-006 -1.43067e-006 2.25395e-011 2.25395e-011
6.73 -1.89465e-005 -4.92138e-006 -1.48074e-006 2.12527e-011 2.12527e-011
6.74 -1.83037e-005 -2.53931e-006 -1.45315e-006 1.78616e-011 1.78616e-011
6.75 -1.7508e-005 -2.10598e-007 -1.47511e-006 1.37456e-011 1.37456e-011
6.76 -1.65433e-005 2.10675e-006 -1.65142e-006 9.29532e-012 9.29532e-012
6.77 -1.55418e-005 4.46471e-006 -2.0077e-006 3.30078e-012 3.30078e-012
6.78 -1.45474e-005 6.9182e-006 -2.50421e-006 -9.91522e-013 -9.91522e-013
6.79 -1.36033e-005 9.45715e-006 -3.05891e-006 3.11901e-013 3.11901e-013
6.8 -1.27793e-005 1.19901e-005 -3.59434e-006 6.26467e-012 6.26467e-012
6.81 -1.21282e-005 1.4374e-005 -4.06139e-006 1.73178e-011 1.73178e-011
6.82 -1.16633e-005 1.64826e-005 -4.4379e-006 3.69128e-011 3.69128e-011
6.83 -1.13764e-005 1.82242e-005 -4.73273e-006 6.48741e-011 6.48741e-011
6.84 -1.1249e-005 1.94942e-005 -4.97544e-006 9.66254e-011 9.66254e-011
6.85 -1.12586e-005 2.02021e-005 -5.20215e-006 1.28457e-010 1.28457e-010
6.86 -1.13836e-005 2.03438e-005 -5.43931e-006 1.55909e-010 1.55909e-010
6.87 -1.16176e-005 2.00027e-005 -5.69019e-006 1.71767e-010 1.71767e-010
6.88 -1.19556e-005 1.92637e-005 -5.9363e-006 1.74145e-010 1.74145e-010
6.89 -1.23844e-005 1.81468e-005 -6.14395e-006 1.66443e-010 1.66443e-010
6.9 -1.28954e-005 1.66258e-005 -6.2702e-006 1.48648e-010 1.48648e-010
6.91 -1.34834e-005 1.47078e-005 -6.27809e-006 1.21963e-010 1.21963e-010
6.92 -1.41378e-005 1.24686e-005 -6.16135e-006 9.66795e-011 9.66795e-011
6.93 -1.48533e-005 9.97203e-006 -5.95378e-006 8.37335e-011 8.37335e-011
6.94 -1.5636e-005 7.19335e-006 -5.69889e-006 8.34605e-011 8.34605e-011
6.95 -1.64938e-005 4.06017e-006 -5.40729e-006 8.81002e-011 8.81002e-011
6.96 -1.7427e-005 5.69166e-007 -5.04847e-006 9.03113e-011 9.03113e-011
6.97 -1.84185e-005 -3.16351e-006 -4.58856e-006 8.66447e-011 8.66447e-011
6.98 -1.94528e-005 -6.95389e-006 -4.02964e-006 7.82832e-011 7.82832e-011
6.99 -2.05462e-005 -1.0635e-005 -3.43021e-006 6.92187e-011 6.92187e-011
7 -2.1648e-005 -1.40835e-005 -2.845e-006 5.68352e-011 5.68352e-011
7.01 -2.27058e-005 -1.71532e-005 -2.31222e-006 3.72804e-011 3.72804e-011
7.02 -2.36851e-005 -1.96978e-005 -1.8499e-006 2.02027e-011 2.02027e-011
7.03 -2.45242e-005 -2.16645e-005 -1.45677e-006 1.55872e-011 1.55872e-011
7.04 -2.51553e-005 -2.31661e-005 -1.09723e-006 1.69932e-011 1.69932e-011
7.05 -2.55739e-005 -2.44669e-005 -6.91582e-007 1.2749e-011 1.2749e-011
7.06 -2.58035e-005 -2.57879e-005 -1.36113e-007 4.4246e-012 4.4246e-012
7.07 -2.58488e-005 -2.71472e-005 6.55926e-007 3.49107e-012 3.49107e-012
7.08 -2.54583e-005 -2.84427e-005 1.75084e-006 1.62502e-011 1.62502e-011
7.09 -2.4865e-005 -2.94049e-005 3.1038e-006 3.99128e-011 3.99128e-011
7.1 -2.4182e-005 -2.98733e-005 4.6573e-006 6.93131e-011 6.93131e-011
7.11 -2.35219e-005 -2.97844e-005 6.28718e-006 1.05157e-010 1.05157e-010
7.12 -2.28906e-005 -2.91712e-005 7.88416e-006 1.47868e-010 1.47868e-010
7.13 -2.23048e-005 -2.81208e-005 9.33656e-006 1.8645e-010 1.8645e-010
7.14 -2.1718e-005 -2.67822e-005 1.05852e-005 2.0741e-010 2.0741e-010
7.15 -2.10889e-005 -2.53095e-005 1.16158e-005 2.07962e-010 2.07962e-010
7.16 -2.0415e-005 -2.37984e-005 1.24334e-005 1.93887e-010 1.93887e-010
7.17 -1.97024e-005 -2.22698e-005 1.30665e-005 1.72687e-010 1.72687e-010
7.18 -1.89667e-005 -2.06737e-005 1.35597e-005 1.50088e-010 1.50088e-010
7.19 -1.82248e-005 -1.89062e-005 1.39551e-005 1.30757e-010 1.30757e-010
7.2 -1.75081e-005 -1.68539e-005 1.42609e-005 1.19564e-010 1.19564e-010
7.21 -1.68152e-005 -1.44252e-005 1.44599e-005 1.18886e-010 1.18886e-010
7.22 -1.6153e-005 -1.15518e-005 1.451e-005 1.25341e-010 1.25341e-010
7.23 -1.55081e-005 -8.19977e-006 1.43675e-005 1.30875e-010 1.30875e-010
7.24 -1.48422e-005 -4.42074e-006 1.4004e-005 1.29705e-010 1.29705e-010
7.25 -1.41283e-005 -3.76373e-007 1.34099e-005 1.20102e-010 1.20102e-010
7.26 -1.33469e-005 3.71413e-006 1.25987e-005 1.02714e-010 1.02714e-010
7.27 -1.24451e-005 7.65404e-006 1.1597e-005 8.28498e-011 8.28498e-011
7.28 -1.14449e-005 1.13194e-005 1.04432e-005 6.50518e-011 6.50518e-011
7.29 -1.04245e-005 1.46672e-005 9.16061e-006 5.0345e-011 5.0345e-011
7.3 -9.51621e-006 1.7707e-005 7.74241e-006 4.11733e-011 4.11733e-011
7.31 -8.73342e-006 2.05156e-005 6.21795e-006 3.73941e-011 3.73941e-011
7.32 -8.117e-006 2.31733e-005 4.6393e-006 2.98153e-011 2.98153e-011
7.33 -7.5826e-006 2.56807e-005 3.0514e-006 7.98933e-012 7.98933e-012
7.34 -6.93847e-006 2.78676e-005 1.41065e-006 -1.41641e-011 -1.41641e-011
7.35 -6.61341e-006 2.93245e-005 -2.60022e-007 9.18895e-012 9.18895e-012
7.36 -6.60347e-006 2.98849e-005 -1.91175e-006 1.04235e-010 1.04235e-010
7.37 -7.10231e-006 2.95645e-005 -3.50056e-006 2.39991e-010 2.39991e-010
7.38 -7.92472e-006 2.85666e-005 -5.06273e-006 3.7544e-010 3.7544e-010
7.39 -8.99602e-006 2.70029e-005 -6.59022e-006 4.92358e-010 4.92358e-010
7.4 -1.02392e-005 2.49048e-005 -8.07e-006 5.64671e-010 5.64671e-010
7.41 -1.16304e-005 2.2308e-005 -9.47691e-006 5.57087e-010 5.57087e-010
7.42 -1.31375e-005 1.93191e-005 -1.07842e-005 4.6973e-010 4.6973e-010
7.43 -1.4721e-005 1.60503e-005 -1.19609e-005 3.5001e-010 3.5001e-010
7.44 -1.63573e-005 1.25042e-005 -1.29737e-005 2.52763e-010 2.52763e-010
7.45 -1.8024e-005 8.57777e-006 -1.37932e-005 2.05825e-010 2.05825e-010
7.46 -1.97289e-005 4.19946e-006 -1.44077e-005 2.09784e-010 2.09784e-010
7.47 -2.14526e-005 -5.53718e-007 -1.48043e-005 2.4989e-010 2.4989e-010
7.48 -2.31453e-005 -5.41988e-006 -1.49691e-005 2.98057e-010 2.98057e-010
7.49 -2.47403e-005 -1.00773e-005 -1.48991e-005 3.15568e-010 3.15568e-010
7.5 -2.61677e-005 -1.42959e-005 -1.46342e-005 2.73954e-010 2.73954e-010
7.51 -2.7199e-005 -1.80376e-005 -1.43139e-005 1.68749e-010 1.68749e-010
7.52 -2.79573e-005 -2.12813e-005 -1.39671e-005 8.14762e-012 8.14762e-012
7.53 -2.84213e-005 -2.4011e-005 -1.36259e-005 -1.84114e-010 -1.84114e-010
7.54 -2.85507e-005 -2.6274e-005 -1.32553e-005 -3.6629e-010 -3.6629e-010
7.55 -2.84926e-005 -2.81163e-005 -1.27907e-005 -5.05272e-010 -5.05272e-010
7.56 -2.81754e-005 -2.96917e-005 -1.22131e-005 -5.81514e-010 -5.81514e-010
7.57 -2.76844e-005 -3.11543e-005 -1.15022e-005 -5.84199e-010 -5.84199e-010
7.58 -2.70532e-005 -3.25057e-005 -1.06307e-005 -5.2551e-010 -5.2551e-010
7.59 -2.64669e-005 -3.34494e-005 -9.55626e-006 -4.39716e-010 -4.39716e-010
7.6 -2.60153e-005 -3.36293e-005 -8.26529e-006 -3.64052e-010 -3.64052e-010
7.61 -2.5619e-005 -3.28984e-005 -6.7802e-006 -3.21642e-010 -3.21642e-010
7.62 -2.5246e-005 -3.13831e-005 -5.13153e-006 -3.1494e-010 -3.1494e-010
7.63 -2.48498e-005 -2.93748e-005 -3.35511e-006 -3.29295e-010 -3.29295e-010
7.64 -2.43573e-005 -2.71414e-005 -1.47002e-006 -3.41993e-010 -3.41993e-010
7.65 -2.37149e-005 -2.48168e-005 5.24854e-007 -3.31715e-010 -3.31715e-010
7.66 -2.29014e-005 -2.23943e-005 2.62291e-006 -2.86011e-010 -2.86011e-010
7.67 -2.19124e-005 -1.97883e-005 4.80423e-006 -2.05701e-010 -2.05701e-010
7.68 -2.07766e-005 -1.69631e-005 7.02992e-006 -1.05303e-010 -1.05303e-010
7.69 -1.95095e-005 -1.39948e-005 9.25905e-006 -8.93938e-012 -8.93938e-012
7.7 -1.80559e-005 -1.09774e-005 1.14449e-005 6.14557e-011 6.14557e-011
7.71 -1.64052e-005 -7.90867e-006 1.35462e-005 9.38271e-011 9.38271e-011
7.72 -1.47381e-005 -4.69821e-006 1.55674e-005 8.25302e-011 8.25302e-011
7.73 -1.31358e-005 -1.31786e-006 1.75061e-005 2.93606e-011 2.93606e-011
7.74 -1.16505e-005 2.15793e-006 1.93403e-005 -4.76073e-011 -4.76073e-011
7.75 -1.02354e-005 5.63533e-006 2.10446e-005 -1.23567e-010 -1.23567e-010
7.76 -8.55592e-006 9.11804e-006 2.26801e-005 -2.08386e-010 -2.08386e-010
7.77 -6.36372e-006 1.25633e-005 2.41992e-005 -3.5082e-010 -3.5082e-010
7.78 -3.75919e-006 1.58458e-005 2.54768e-005 -5.69649e-010 -5.69649e-010
7.79 -1.34715e-006 1.86918e-005 2.62993e-005 -8.2054e-010 -8.2054e-010
7.8 7.2987e-007 2.09745e-005 2.66074e-005 -1.04138e-009 -1.04138e-009
7.81 2.00037e-006 2.2571e-005 2.63054e-005 -1.19287e-009 -1.19287e-009
7.82 2.51094e-006 2.36183e-005 2.54475e-005 -1.25293e-009 -1.25293e-009
7.83 2.55716e-006 2.43893e-005 2.41179e-005 -1.20149e-009 -1.20149e-009
7.84 2.33047e-006 2.51713e-005 2.23817e-005 -1.04535e-009 -1.04535e-009
7.85 1.87145e-006 2.60636e-005 2.03146e-005 -8.37015e-010 -8.37015e-010
7.86 1.21785e-006 2.69851e-005 1.79994e-005 -6.46018e-010 -6.46018e-010
7.87 3.46184e-007 2.77591e-005 1.55097e-005 -5.25651e-010 -5.25651e-010
7.88 -7.38338e-007 2.81735e-005 1.28819e-005 -4.91487e-010 -4.91487e-010
7.89 -2.0186e-006 2.8015e-005 1.01315e-005 -5.18026e-010 -5.18026e-010
7.9 -3.53028e-006 2.71045e-005 7.27559e-006 -5.57941e-010 -5.57941e-010
7.91 -5.29985e-006 2.53541e-005 4.34803e-006 -5.6229e-010 -5.6229e-010
7.92 -7.33075e-006 2.2825e-005 1.39384e-006 -4.95924e-010 -4.95924e-010
7.93 -9.62466e-006 1.97375e-005 -1.54124e-006 -3.51717e-010 -3.51717e-010
7.94 -1.20979e-005 1.6398e-005 -4.42889e-006 -1.55417e-010 -1.55417e-010
7.95 -1.46625e-005 1.30512e-005 -7.25051e-006 4.60468e-011 4.60468e-011
7.96 -1.70331e-005 9.77487e-006 -9.98193e-006 2.0245e-010 2.0245e-010
7.97 -1.89511e-005 6.51018e-006 -1.25924e-005 2.79186e-010 2.79186e-010
7.98 -2.06929e-005 3.1024e-006 -1.50668e-005 2.63909e-010 2.63909e-010
7.99 -2.23883e-005 -5.98157e-007 -1.73599e-005 1.55841e-010 1.55841e-010
8 -2.40102e-005 -4.60177e-006 -1.93863e-005 -2.16937e-011 -2.16937e-011
8.01 -2.55006e-005 -8.83895e-006 -2.10607e-005 -2.1568e-010 -2.1568e-010
8.02 -2.67812e-005 -1.32722e-005 -2.23225e-005 -3.86173e-010 -3.86173e-010
8.03 -2.75642e-005 -1.78977e-005 -2.32137e-005 -5.3988e-010 -5.3988e-010
8.04 -2.77207e-005 -2.2593e-005 -2.37229e-005 -7.09366e-010 -7.09366e-010
8.05 -2.72139e-005 -2.71121e-005 -2.39177e-005 -9.00341e-010 -9.00341e-010
8.06 -2.63274e-005 -3.11419e-005 -2.38128e-005 -1.09018e-009 -1.09018e-009
8.07 -2.53371e-005 -3.45563e-005 -2.34431e-005 -1.26747e-009 -1.26747e-009
8.08 -2.43547e-005 -3.73699e-005 -2.28562e-005 -1.4196e-009 -1.4196e-009
8.09 -2.35542e-005 -3.95963e-005 -2.20489e-005 -1.50657e-009 -1.50657e-009
8.1 -2.28749e-005 -4.13025e-005 -2.09726e-005 -1.48087e-009 -1.48087e-009
8.11 -2.24268e-005 -4.24484e-005 -1.95836e-005 -1.34026e-009 -1.34026e-009
8.12 -2.21467e-005 -4.29863e-005 -1.78823e-005 -1.14376e-009 -1.14376e-009
8.13 -2.19391e-005 -4.29339e-005 -1.58906e-005 -9.59157e-010 -9.59157e-010
8.14 -2.1764e-005 -4.22776e-005 -1.3634e-005 -8.27265e-010 -8.27265e-010
8.15 -2.15835e-005 -4.10072e-005 -1.11342e-005 -7.68757e-010 -7.68757e-010
8.16 -2.14077e-005 -3.91503e-005 -8.40021e-006 -7.82116e-010 -7.82116e-010
8.17 -2.12172e-005 -3.67489e-005 -5.4557e-006 -8.33328e-010 -8.33328e-010
8.18 -2.10021e-005 -3.38244e-005 -2.37373e-006 -8.65353e-010 -8.65353e-010
8.19 -2.07706e-005 -3.04001e-005 7.27753e-007 -8.30798e-010 -8.30798e-010
8.2 -2.05259e-005 -2.65201e-005 3.7364e-006 -7.18677e-010 -7.18677e-010
8.21 -2.02317e-005 -2.22787e-005 6.58359e-006 -5.51027e-010 -5.51027e-010
8.22 -1.97987e-005 -1.78119e-005 9.2366e-006 -3.69494e-010 -3.69494e-010
8.23 -1.88276e-005 -1.32536e-005 1.17666e-005 -2.26622e-010 -2.26622e-010
8.24 -1.68488e-005 -8.8065e-006 1.41786e-005 -1.6519e-010 -1.6519e-010
8.25 -1.42929e-005 -4.61508e-006 1.65457e-005 -2.12705e-010 -2.12705e-010
8.26 -1.16699e-005 -7.15372e-007 1.89473e-005 -3.77087e-010 -3.77087e-010
8.27 -9.12639e-006 2.88461e-006 2.14006e-005 -6.16599e-010 -6.16599e-010
8.28 -6.74975e-006 6.14252e-006 2.38661e-005 -8.58419e-010 -8.58419e-010
8.29 -4.55282e-006 9.08067e-006 2.62675e-005 -1.0485e-009 -1.0485e-009
8.3 -2.46738e-006 1.17193e-005 2.85543e-005 -1.16173e-009 -1.16173e-009
8.31 -3.47156e-007 1.40327e-005 3.06599e-005 -1.19165e-009 -1.19165e-009
8.32 2.02572e-006 1.59708e-005 3.25451e-005 -1.16622e-009 -1.16622e-009
8.33 4.42449e-006 1.75158e-005 3.4104e-005 -1.14304e-009 -1.14304e-009
8.34 6.33945e-006 1.86058e-005 3.52098e-005 -1.15864e-009 -1.15864e-009
8.35 7.55983e-006 1.9247e-005 3.58302e-005 -1.21874e-009 -1.21874e-009
8.36 7.90649e-006 1.94215e-005 3.59249e-005 -1.31377e-009 -1.31377e-009
8.37 7.64644e-006 1.91186e-005 3.55394e-005 -1.41508e-009 -1.41508e-009
8.38 6.96161e-006 1.83347e-005 3.47452e-005 -1.47809e-009 -1.47809e-009
8.39 5.83358e-006 1.70798e-005 3.35975e-005 -1.46551e-009 -1.46551e-009
8.4 4.28328e-006 1.54148e-005 3.21682e-005 -1.37113e-009 -1.37113e-009
8.41 2.37987e-006 1.34027e-005 3.05271e-005 -1.22189e-009 -1.22189e-009
8.42 1.61866e-007 1.10612e-005 2.87001e-005 -1.05849e-009 -1.05849e-009
8.43 -2.33093e-006 8.41199e-006 2.6687e-005 -9.13591e-010 -9.13591e-010
8.44 -5.04921e-006 5.50205e-006 2.44673e-005 -8.05752e-010 -8.05752e-010
8.45 -7.96038e-006 2.34372e-006 2.20296e-005 -7.40377e-010 -7.40377e-010
8.46 -1.09762e-005 -1.03878e-006 1.93747e-005 -7.03128e-010 -7.03128e-010
8.47 -1.4028e-005 -4.58347e-006 1.65127e-005 -6.6195e-010 -6.6195e-010
8.48 -1.69319e-005 -8.23046e-006 1.34602e-005 -5.89998e-010 -5.89998e-010
8.49 -1.89765e-005 -1.19679e-005 1.02028e-005 -4.92806e-010 -4.92806e-010
8.5 -1.97341e-005 -1.57128e-005 6.85004e-006 -4.01122e-010 -4.01122e-010
8.51 -1.99862e-005 -1.94801e-005 3.42718e-006 -3.4645e-010 -3.4645e-010
8.52 -2.01956e-005 -2.31832e-005 -1.23459e-008 -3.65334e-010 -3.65334e-010
8.53 -2.04555e-005 -2.66417e-005 -3.39135e-006 -4.80681e-010 -4.80681e-010
8.54 -2.07823e-005 -2.96982e-005 -6.6314e-006 -6.69913e-010 -6.69913e-010
8.55 -2.12226e-005 -3.22827e-005 -9.64239e-006 -8.83651e-010 -8.83651e-010
8.56 -2.1701e-005 -3.44259e-005 -1.23784e-005 -1.07786e-009 -1.07786e-009
8.57 -2.21629e-005 -3.62157e-005 -1.48168e-005 -1.21192e-009 -1.21192e-009
8.58 -2.25357e-005 -3.77116e-005 -1.69708e-005 -1.25146e-009 -1.25146e-009
8.59 -2.2817e-005 -3.89006e-005 -1.88531e-005 -1.20727e-009 -1.20727e-009
8.6 -2.29796e-005 -3.9743e-005 -2.04935e-005 -1.13564e-009 -1.13564e-009
8.61 -2.28821e-005 -4.02686e-005 -2.19222e-005 -1.09036e-009 -1.09036e-009
8.62 -2.23642e-005 -4.0557e-005 -2.3153e-005 -1.10634e-009 -1.10634e-009
8.63 -2.18414e-005 -4.06129e-005 -2.4084e-005 -1.19339e-009 -1.19339e-009
8.64 -2.14941e-005 -4.04137e-005 -2.46201e-005 -1.31692e-009 -1.31692e-009
8.65 -2.13076e-005 -3.99708e-005 -2.47026e-005 -1.42249e-009 -1.42249e-009
8.66 -2.11828e-005 -3.92996e-005 -2.43042e-005 -1.47484e-009 -1.47484e-009
8.67 -2.11441e-005 -3.83749e-005 -2.34088e-005 -1.45772e-009 -1.45772e-009
8.68 -2.12179e-005 -3.71402e-005 -2.20297e-005 -1.36715e-009 -1.36715e-009
8.69 -2.13746e-005 -3.55551e-005 -2.02163e-005 -1.22244e-009 -1.22244e-009
8.7 -2.15735e-005 -3.36346e-005 -1.80354e-005 -1.06698e-009 -1.06698e-009
8.71 -2.17454e-005 -3.14543e-005 -1.55825e-005 -9.4355e-010 -9.4355e-010
8.72 -2.18347e-005 -2.90642e-005 -1.29674e-005 -8.70442e-010 -8.70442e-010
8.73 -2.1824e-005 -2.6426e-005 -1.02881e-005 -8.38803e-010 -8.38803e-010
8.74 -2.17265e-005 -2.34668e-005 -7.60155e-006 -8.25302e-010 -8.25302e-010
8.75 -2.15537e-005 -2.01826e-005 -4.91279e-006 -8.04489e-010 -8.04489e-010
8.76 -2.13275e-005 -1.66595e-005 -2.20437e-006 -7.53835e-010 -7.53835e-010
8.77 -2.10644e-005 -1.30118e-005 5.37887e-007 -6.59395e-010 -6.59395e-010
8.78 -2.07034e-005 -9.26156e-006 3.30302e-006 -5.33321e-010 -5.33321e-010
8.79 -1.92564e-005 -5.24621e-006 6.12005e-006 -4.17873e-010 -4.17873e-010
8.8 -1.61543e-005 -9.78954e-007 8.73631e-006 -3.52775e-010 -3.52775e-010
8.81 -1.27722e-005 3.63183e-006 1.11206e-005 -3.71834e-010 -3.71834e-010
8.82 -9.43576e-006 8.57978e-006 1.32325e-005 -5.01092e-010 -5.01092e-010
8.83 -6.06937e-006 1.37493e-005 1.50379e-005 -7.12697e-010 -7.12697e-010
8.84 -2.76905e-006 1.88374e-005 1.65378e-005 -9.3919e-010 -9.3919e-010
8.85 2.71887e-007 2.34256e-005 1.77307e-005 -1.12606e-009 -1.12606e-009
8.86 3.0322e-006 2.72179e-005 1.86062e-005 -1.23758e-009 -1.23758e-009
8.87 5.65816e-006 3.0116e-005 1.91609e-005 -1.24545e-009 -1.24545e-009
8.88 7.90826e-006 3.21762e-005 1.93566e-005 -1.14515e-009 -1.14515e-009
8.89 9.40571e-006 3.35784e-005 1.91839e-005 -9.83657e-010 -9.83657e-010
8.9 1.02186e-005 3.46156e-005 1.86735e-005 -8.44572e-010 -8.44572e-010
8.91 1.04788e-005 3.54602e-005 1.78853e-005 -7.90246e-010 -7.90246e-010
8.92 1.02368e-005 3.61042e-005 1.68784e-005 -8.18137e-010 -8.18137e-010
8.93 9.50139e-006 3.6455e-005 1.57139e-005 -8.80008e-010 -8.80008e-010
8.94 8.35767e-006 3.64179e-005 1.4438e-005 -9.35592e-010 -9.35592e-010
8.95 6.92362e-006 3.59009e-005 1.30938e-005 -9.65983e-010 -9.65983e-010
8.96 5.28188e-006 3.4822e-005 1.17312e-005 -9.51667e-010 -9.51667e-010
8.97 3.49491e-006 3.31631e-005 1.03842e-005 -8.75821e-010 -8.75821e-010
8.98 1.58794e-006 3.09682e-005 9.04751e-006 -7.50498e-010 -7.50498e-010
8.99 -4.41725e-007 2.83077e-005 7.69061e-006 -6.17477e-010 -6.17477e-010
9 -2.62336e-006 2.52664e-005 6.27669e-006 -5.15495e-010 -5.15495e-010
9.01 -4.99196e-006 2.19485e-005 4.77727e-006 -4.56436e-010 -4.56436e-010
9.02 -7.56673e-006 1.84762e-005 3.18808e-006 -4.31959e-010 -4.31959e-010
9.03 -1.03139e-005 1.49776e-005 1.53174e-006 -4.27663e-010 -4.27663e-010
9.04 -1.32238e-005 1.15378e-005 -1.51746e-007 -4.25726e-010 -4.25726e-010
9.05 -1.621e-005 8.15278e-006 -1.8154e-006 -4.06607e-010 -4.06607e-010
9.06 -1.90257e-005 4.75271e-006 -3.42176e-006 -3.69433e-010 -3.69433e-010
9.07 -2.08062e-005 1.23871e-006 -4.90249e-006 -3.42092e-010 -3.42092e-010
9.08 -2.14859e-005 -2.42368e-006 -6.17073e-006 -3.51391e-010 -3.51391e-010
9.09 -2.17988e-005 -6.3103e-006 -7.22869e-006 -4.06111e-010 -4.06111e-010
9.1 -2.18929e-005 -1.03801e-005 -8.05039e-006 -5.10283e-010 -5.10283e-010
9.11 -2.17783e-005 -1.45642e-005 -8.63866e-006 -6.58871e-010 -6.58871e-010
9.12 -2.15379e-005 -1.87945e-005 -9.05375e-006 -8.25961e-010 -8.25961e-010
9.13 -2.1213e-005 -2.29892e-005 -9.36196e-006 -9.70219e-010 -9.70219e-010
9.14 -2.08545e-005 -2.70166e-005 -9.61114e-006 -1.05538e-009 -1.05538e-009
9.15 -2.05428e-005 -3.07033e-005 -9.82217e-006 -1.07504e-009 -1.07504e-009
9.16 -2.03448e-005 -3.38643e-005 -9.99697e-006 -1.0476e-009 -1.0476e-009
9.17 -2.0299e-005 -3.64035e-005 -1.01393e-005 -9.97627e-010 -9.97627e-010
9.18 -2.03753e-005 -3.83943e-005 -1.02479e-005 -9.5056e-010 -9.5056e-010
9.19 -2.05041e-005 -4.00213e-005 -1.03067e-005 -9.23115e-010 -9.23115e-010
9.2 -2.05022e-005 -4.14757e-005 -1.02492e-005 -9.22714e-010 -9.22714e-010
9.21 -2.02949e-005 -4.28115e-005 -1.00036e-005 -9.52185e-010 -9.52185e-010
9.22 -1.99492e-005 -4.39341e-005 -9.52169e-006 -9.98374e-010 -9.98374e-010
9.23 -1.94904e-005 -4.4734e-005 -8.79999e-006 -1.02898e-009 -1.02898e-009
9.24 -1.9161e-005 -4.5082e-005 -7.94272e-006 -1.01725e-009 -1.01725e-009
9.25 -1.89941e-005 -4.48964e-005 -7.05812e-006 -9.64154e-010 -9.64154e-010
9.26 -1.89334e-005 -4.41635e-005 -6.23994e-006 -8.9022e-010 -8.9022e-010
9.27 -1.89155e-005 -4.28725e-005 -5.5325e-006 -8.16882e-010 -8.16882e-010
9.28 -1.89812e-005 -4.09187e-005 -4.94505e-006 -7.58405e-010 -7.58405e-010
9.29 -1.91771e-005 -3.81844e-005 -4.44883e-006 -7.22688e-010 -7.22688e-010
9.3 -1.95104e-005 -3.46477e-005 -3.97119e-006 -7.10396e-010 -7.10396e-010
9.31 -1.99384e-005 -3.04339e-005 -3.41209e-006 -7.10482e-010 -7.10482e-010
9.32 -2.03945e-005 -2.57366e-005 -2.6837e-006 -7.03356e-010 -7.03356e-010
9.33 -2.08182e-005 -2.07249e-005 -1.75291e-006 -6.71828e-010 -6.71828e-010
9.34 -2.11664e-005 -1.55346e-005 -6.51377e-007 -6.10033e-010 -6.10033e-010
9.35 -2.14209e-005 -1.02933e-005 5.44883e-007 -5.24514e-010 -5.24514e-010
9.36 -2.15e-005 -5.05823e-006 1.75854e-006 -4.34193e-010 -4.34193e-010
9.37 -1.94744e-005 2.00098e-007 2.93929e-006 -3.59928e-010 -3.59928e-010
9.38 -1.55049e-005 5.40866e-006 3.93308e-006 -3.21585e-010 -3.21585e-010
9.39 -1.16626e-005 1.06241e-005 4.68748e-006 -3.46368e-010 -3.46368e-010
9.4 -8.125e-006 1.5856e-005 5.16289e-006 -4.3326e-010 -4.3326e-010
9.41 -4.79359e-006 2.10668e-005 5.3491e-006 -5.4009e-010 -5.4009e-010
9.42 -1.75709e-006 2.62151e-005 5.25913e-006 -6.32743e-010 -6.32743e-010
9.43 1.0124e-006 3.12307e-005 4.93168e-006 -6.97914e-010 -6.97914e-010
9.44 4.0098e-006 3.60212e-005 4.3658e-006 -7.16249e-010 -7.16249e-010
9.45 8.24207e-006 4.05232e-005 3.52726e-006 -6.6581e-010 -6.6581e-010
9.46 1.28161e-005 4.43746e-005 2.61703e-006 -5.45171e-010 -5.45171e-010
9.47 1.68456e-005 4.74083e-005 1.78498e-006 -3.96e-010 -3.96e-010
9.48 2.0241e-005 4.97047e-005 9.97923e-007 -2.80748e-010 -2.80748e-010
9.49 2.26593e-005 5.12982e-005 2.6069e-007 -2.07774e-010 -2.07774e-010
9.5 2.42271e-005 5.23373e-005 -4.81407e-007 -1.48282e-010 -1.48282e-010
9.51 2.47766e-005 5.27624e-005 -1.26952e-006 -1.01951e-010 -1.01951e-010
9.52 2.43933e-005 5.2468e-005 -2.12042e-006 -8.16673e-011 -8.16673e-011
9.53 2.32136e-005 5.13984e-005 -3.01658e-006 -7.80695e-011 -7.80695e-011
9.54 2.13924e-005 4.96634e-005 -3.93335e-006 -7.09975e-011 -7.09975e-011
9.55 1.90643e-005 4.74378e-005 -4.8123e-006 -5.74981e-011 -5.74981e-011
9.56 1.63398e-005 4.48397e-005 -5.58024e-006 -4.12736e-011 -4.12736e-011
9.57 1.32873e-005 4.19026e-005 -6.1918e-006 -1.60489e-011 -1.60489e-011
9.58 9.92973e-006 3.86015e-005 -6.64476e-006 2.24009e-011 2.24009e-011
9.59 6.33774e-006 3.49539e-005 -6.97081e-006 6.50212e-011 6.50212e-011
9.6 2.57072e-006 3.10154e-005 -7.22195e-006 9.77339e-011 9.77339e-011
9.61 -1.34856e-006 2.68057e-005 -7.444e-006 1.15626e-010 1.15626e-010
9.62 -5.43184e-006 2.2263e-005 -7.67513e-006 1.24953e-010 1.24953e-010
9.63 -9.72529e-006 1.73187e-005 -7.92931e-006 1.32014e-010 1.32014e-010
9.64 -1.41018e-005 1.20147e-005 -8.23436e-006 1.30094e-010 1.30094e-010
9.65 -1.79415e-005 6.56193e-006 -8.61745e-006 9.89313e-011 9.89313e-011
9.66 -2.02351e-005 1.30251e-006 -9.00924e-006 3.14139e-011 3.14139e-011
9.67 -2.1275e-005 -3.5909e-006 -9.41947e-006 -5.40606e-011 -5.40606e-011
9.68 -2.16481e-005 -8.14577e-006 -9.84594e-006 -1.57067e-010 -1.57067e-010
9.69 -2.16673e-005 -1.24772e-005 -1.02687e-005 -3.06609e-010 -3.06609e-010
9.7 -2.16406e-005 -1.66797e-005 -1.06287e-005 -5.04039e-010 -5.04039e-010
9.71 -2.16047e-005 -2.07833e-005 -1.08627e-005 -7.07775e-010 -7.07775e-010
9.72 -2.15365e-005 -2.47744e-005 -1.09712e-005 -8.7466e-010 -8.7466e-010
9.73 -2.13552e-005 -2.86405e-005 -1.09502e-005 -9.80425e-010 -9.80425e-010
9.74 -2.10733e-005 -3.23255e-005 -1.0832e-005 -1.02389e-009 -1.02389e-009
9.75 -2.07206e-005 -3.5664e-005 -1.06491e-005 -1.0084e-009 -1.0084e-009
9.76 -2.03699e-005 -3.84927e-005 -1.0448e-005 -9.29996e-010 -9.29996e-010
9.77 -2.00486e-005 -4.07749e-005 -1.02675e-005 -8.22234e-010 -8.22234e-010
9.78 -1.97612e-005 -4.25875e-005 -1.01242e-005 -7.54622e-010 -7.54622e-010
9.79 -1.95108e-005 -4.40023e-005 -1.00016e-005 -7.63482e-010 -7.63482e-010
9.8 -1.91365e-005 -4.50331e-005 -9.85274e-006 -8.28197e-010 -8.28197e-010
9.81 -1.88797e-005 -4.55534e-005 -9.60307e-006 -9.08727e-010 -9.08727e-010
9.82 -1.89513e-005 -4.54036e-005 -9.19754e-006 -9.75935e-010 -9.75935e-010
9.83 -1.9216e-005 -4.44875e-005 -8.58994e-006 -1.00707e-009 -1.00707e-009
9.84 -1.96053e-005 -4.27774e-005 -7.75239e-006 -9.79708e-010 -9.79708e-010
9.85 -2.00654e-005 -4.03472e-005 -6.6871e-006 -8.89516e-010 -8.89516e-010
9.86 -2.05009e-005 -3.73181e-005 -5.42076e-006 -7.6341e-010 -7.6341e-010
9.87 -2.08471e-005 -3.37687e-005 -3.98677e-006 -6.40718e-010 -6.40718e-010
9.88 -2.10762e-005 -2.97494e-005 -2.4175e-006 -5.46522e-010 -5.46522e-010
9.89 -2.11799e-005 -2.53022e-005 -7.3871e-007 -4.86488e-010 -4.86488e-010
9.9 -2.11864e-005 -2.0485e-005 1.01811e-006 -4.56497e-010 -4.56497e-010
9.91 -2.1147e-005 -1.534e-005 2.8243e-006 -4.44235e-010 -4.44235e-010
9.92 -2.10191e-005 -9.86346e-006 4.68712e-006 -4.33668e-010 -4.33668e-010
9.93 -1.94097e-005 -3.93636e-006 6.68329e-006 -4.26195e-010 -4.26195e-010
9.94 -1.52519e-005 2.37599e-006 8.70405e-006 -4.2949e-010 -4.2949e-010
9.95 -9.53615e-006 9.06856e-006 1.07454e-005 -4.21874e-010 -4.21874e-010
9.96 -3.00866e-006 1.60299e-005 1.27332e-005 -4.02095e-010 -4.02095e-010
9.97 3.71346e-006 2.30218e-005 1.46033e-005 -4.25857e-010 -4.25857e-010
9.98 1.0217e-005 2.97928e-005 1.62703e-005 -5.17704e-010 -5.17704e-010
9.99 1.63313e-005 3.6123e-005 1.76685e-005 -6.32338e-010 -6.32338e-010
10 2.26606e-005 4.18385e-005 1.88411e-005 -7.26764e-010 -7.26764e-010
