0.1 -2.52147e-006 -4.58016e-007 -1.75984e-007 -3.66366e-022 -3.66366e-022
0.2 -5.04546e-006 -9.16375e-007 -3.52108e-007 -2.95299e-022 -2.95299e-022
0.3 -7.57199e-006 -1.37508e-006 -5.28374e-007 4.08084e-020 4.08084e-020
0.4 -1.01011e-005 -1.83413e-006 -7.0478e-007 4.43108e-020 4.43108e-020
0.5 -1.26327e-005 -2.29352e-006 -8.81329e-007 4.14503e-020 4.14503e-020
0.6 -1.51669e-005 -2.75327e-006 -1.05802e-006 4.29423e-020 4.29423e-020
0.7 -1.77036e-005 -3.21336e-006 -1.23485e-006 4.69121e-020 4.69121e-020
0.8 -2.02429e-005 -3.6738e-006 -1.41183e-006 2.77266e-020 2.77266e-020
0.9 -2.27848e-005 -4.13459e-006 -1.58895e-006 2.18109e-020 2.18109e-020
1 -2.53292e-005 -4.59574e-006 -1.76622e-006 2.4726e-020 2.4726e-020
0.01 -2.47438e-005 -4.60993e-006 -1.53038e-006 2.70418e-009 2.70418e-009
0.02 -2.41534e-005 -4.60914e-006 -1.20839e-006 8.93717e-009 8.93717e-009
0.03 -2.48601e-005 -4.63183e-006 -1.69562e-006 8.10113e-009 8.10113e-009
0.04 -2.52908e-005 -4.72137e-006 -2.1012e-006 -5.01504e-009 -5.01504e-009
0.05 -2.51436e-005 -4.79359e-006 -2.00404e-006 -1.60875e-008 -1.60875e-008
0.06 -2.52273e-005 -4.79148e-006 -1.92393e-006 -1.41487e-008 -1.41487e-008
0.07 -2.51982e-005 -4.744e-006 -1.68021e-006 -5.10665e-009 -5.10665e-009
0.08 -2.52171e-005 -4.70698e-006 -1.50739e-006 1.72149e-009 1.72149e-009
0.09 -2.52171e-005 -4.69334e-006 -1.41541e-006 3.83391e-009 3.83391e-009
0.1 -2.52233e-005 -4.69132e-006 -1.43845e-006 3.81062e-009 3.81062e-009
0.11 -2.52248e-005 -4.68496e-006 -1.54433e-006 4.57697e-009 4.57697e-009
0.12 -2.52266e-005 -4.6683e-006 -1.69654e-006 6.75527e-009 6.75527e-009
0.13 -2.52277e-005 -4.64947e-006 -1.85298e-006 8.061e-009 8.061e-009
0.14 -2.52298e-005 -4.64124e-006 -1.9802e-006 5.72428e-009 5.72428e-009
0.15 -2.52328e-005 -4.64245e-006 -2.04614e-006 2.15754e-010 2.15754e-010
0.16 -2.5236e-005 -4.6376e-006 -2.02929e-006 -4.80296e-009 -4.80296e-009
0.17 -2.52373e-005 -4.61758e-006 -1.93885e-006 -6.66737e-009 -6.66737e-009
0.18 -2.52344e-005 -4.59175e-006 -1.81883e-006 -6.20608e-009 -6.20608e-009
0.19 -2.52251e-005 -4.57478e-006 -1.72224e-006 -5.50794e-009 -5.50794e-009
0.2 -2.52088e-005 -4.56949e-006 -1.68118e-006 -4.87228e-009 -4.87228e-009
0.21 -2.51861e-005 -4.56803e-006 -1.69908e-006 -3.09697e-009 -3.09697e-009
0.22 -2.51591e-005 -4.56467e-006 -1.76138e-006 1.82549e-010 1.82549e-010
0.23 -2.51311e-005 -4.5612e-006 -1.84588e-006 3.67244e-009 3.67244e-009
0.24 -2.51054e-005 -4.56145e-006 -1.92693e-006 5.75478e-009 5.75478e-009
0.25 -2.5085e-005 -4.5652e-006 -1.98015e-006 5.88319e-009 5.88319e-009
0.26 -2.50715e-005 -4.56858e-006 -1.99092e-006 4.60149e-009 4.60149e-009
0.27 -2.50652e-005 -4.56814e-006 -1.96182e-006 2.68223e-009 2.68223e-009
0.28 -2.5065e-005 -4.5633e-006 -1.9123e-006 5.21791e-010 5.21791e-010
0.29 -2.50686e-005 -4.55545e-006 -1.86976e-006 -1.75273e-009 -1.75273e-009
0.3 -2.50737e-005 -4.5453e-006 -1.85727e-006 -3.84799e-009 -3.84799e-009
0.31 -2.50784e-005 -4.53129e-006 -1.88462e-006 -5.17177e-009 -5.17177e-009
0.32 -2.50813e-005 -4.51128e-006 -1.94628e-006 -5.20157e-009 -5.20157e-009
0.33 -2.50818e-005 -4.48539e-006 -2.02526e-006 -3.93022e-009 -3.93022e-009
0.34 -2.508e-005 -4.45651e-006 -2.09984e-006 -1.87725e-009 -1.87725e-009
0.35 -2.50761e-005 -4.42848e-006 -2.1502e-006 3.07303e-010 3.07303e-010
0.36 -2.50702e-005 -4.4045e-006 -2.16409e-006 2.17793e-009 2.17793e-009
0.37 -2.50623e-005 -4.38703e-006 -2.14072e-006 3.48859e-009 3.48859e-009
0.38 -2.50526e-005 -4.37815e-006 -2.09108e-006 4.03844e-009 4.03844e-009
0.39 -2.50409e-005 -4.37925e-006 -2.03382e-006 3.6685e-009 3.6685e-009
0.4 -2.50271e-005 -4.39015e-006 -1.98866e-006 2.41555e-009 2.41555e-009
0.41 -2.5012e-005 -4.40848e-006 -1.96955e-006 5.98922e-010 5.98922e-010
0.42 -2.49965e-005 -4.43011e-006 -1.9804e-006 -1.28893e-009 -1.28893e-009
0.43 -2.49825e-005 -4.45056e-006 -2.0146e-006 -2.79047e-009 -2.79047e-009
0.44 -2.49717e-005 -4.46601e-006 -2.058e-006 -3.62052e-009 -3.62052e-009
0.45 -2.49658e-005 -4.47408e-006 -2.09442e-006 -3.67757e-009 -3.67757e-009
0.46 -2.4966e-005 -4.47398e-006 -2.11124e-006 -2.99955e-009 -2.99955e-009
0.47 -2.49726e-005 -4.46627e-006 -2.10332e-006 -1.7427e-009 -1.7427e-009
0.48 -2.49848e-005 -4.45305e-006 -2.07412e-006 -1.81719e-010 -1.81719e-010
0.49 -2.50012e-005 -4.43765e-006 -2.03401e-006 1.3247e-009 1.3247e-009
0.5 -2.50199e-005 -4.42338e-006 -1.99656e-006 2.42707e-009 2.42707e-009
0.51 -2.50388e-005 -4.41266e-006 -1.97359e-006 2.89212e-009 2.89212e-009
0.52 -2.50561e-005 -4.40703e-006 -1.9709e-006 2.65945e-009 2.65945e-009
0.53 -2.50708e-005 -4.40702e-006 -1.98646e-006 1.82905e-009 1.82905e-009
0.54 -2.5082e-005 -4.41173e-006 -2.01189e-006 6.12198e-010 6.12198e-010
0.55 -2.50896e-005 -4.41939e-006 -2.03588e-006 -7.18578e-010 -7.18578e-010
0.56 -2.50939e-005 -4.42875e-006 -2.04737e-006 -1.87606e-009 -1.87606e-009
0.57 -2.50958e-005 -4.4399e-006 -2.03807e-006 -2.61269e-009 -2.61269e-009
0.58 -2.50961e-005 -4.45352e-006 -2.0053e-006 -2.77901e-009 -2.77901e-009
0.59 -2.50958e-005 -4.46929e-006 -1.95355e-006 -2.36227e-009 -2.36227e-009
0.6 -2.50955e-005 -4.48563e-006 -1.89314e-006 -1.48487e-009 -1.48487e-009
0.61 -2.50957e-005 -4.50122e-006 -1.8364e-006 -3.64673e-010 -3.64673e-010
0.62 -2.50971e-005 -4.51594e-006 -1.79327e-006 7.42547e-010 7.42547e-010
0.63 -2.51005e-005 -4.52925e-006 -1.76843e-006 1.59922e-009 1.59922e-009
0.64 -2.51066e-005 -4.53948e-006 -1.76084e-006 2.03175e-009 2.03175e-009
0.65 -2.51158e-005 -4.54645e-006 -1.76481e-006 1.96337e-009 1.96337e-009
0.66 -2.51287e-005 -4.55179e-006 -1.77255e-006 1.4292e-009 1.4292e-009
0.67 -2.51451e-005 -4.55639e-006 -1.77716e-006 5.66939e-010 5.66939e-010
0.68 -2.51641e-005 -4.55957e-006 -1.77414e-006 -4.17742e-010 -4.17742e-010
0.69 -2.51845e-005 -4.56066e-006 -1.76183e-006 -1.30192e-009 -1.30192e-009
0.7 -2.52049e-005 -4.55963e-006 -1.74205e-006 -1.89673e-009 -1.89673e-009
0.71 -2.52235e-005 -4.55689e-006 -1.7198e-006 -2.08641e-009 -2.08641e-009
0.72 -2.52391e-005 -4.55385e-006 -1.70124e-006 -1.84859e-009 -1.84859e-009
0.73 -2.52505e-005 -4.55298e-006 -1.69067e-006 -1.25449e-009 -1.25449e-009
0.74 -2.52576e-005 -4.55684e-006 -1.68803e-006 -4.50136e-010 -4.50136e-010
0.75 -2.52608e-005 -4.567e-006 -1.68913e-006 3.78121e-010 3.78121e-010
0.76 -2.52609e-005 -4.58342e-006 -1.68888e-006 1.04661e-009 1.04661e-009
0.77 -2.52587e-005 -4.60421e-006 -1.68388e-006 1.41551e-009 1.41551e-009
0.78 -2.5255e-005 -4.62584e-006 -1.67282e-006 1.41806e-009 1.41806e-009
0.79 -2.52507e-005 -4.64474e-006 -1.65618e-006 1.07143e-009 1.07143e-009
0.8 -2.52466e-005 -4.65908e-006 -1.63603e-006 4.6839e-010 4.6839e-010
0.81 -2.52435e-005 -4.66835e-006 -1.61618e-006 -2.46707e-010 -2.46707e-010
0.82 -2.52417e-005 -4.67224e-006 -1.60173e-006 -9.11734e-010 -9.11734e-010
0.83 -2.52412e-005 -4.67071e-006 -1.59672e-006 -1.38301e-009 -1.38301e-009
0.84 -2.5242e-005 -4.66403e-006 -1.60189e-006 -1.56614e-009 -1.56614e-009
0.85 -2.52437e-005 -4.65209e-006 -1.61494e-006 -1.43468e-009 -1.43468e-009
0.86 -2.52458e-005 -4.63452e-006 -1.63192e-006 -1.03271e-009 -1.03271e-009
0.87 -2.5248e-005 -4.61348e-006 -1.64774e-006 -4.61622e-010 -4.61622e-010
0.88 -2.52501e-005 -4.5936e-006 -1.65787e-006 1.45227e-010 1.45227e-010
0.89 -2.52515e-005 -4.57733e-006 -1.66098e-006 6.53258e-010 6.53258e-010
0.9 -2.52512e-005 -4.56315e-006 -1.65953e-006 9.56068e-010 9.56068e-010
0.91 -2.52482e-005 -4.54907e-006 -1.65702e-006 9.97243e-010 9.97243e-010
0.92 -2.52425e-005 -4.53657e-006 -1.65443e-006 7.80335e-010 7.80335e-010
0.93 -2.52349e-005 -4.52929e-006 -1.65003e-006 3.65258e-010 3.65258e-010
0.94 -2.52261e-005 -4.52793e-006 -1.64305e-006 -1.47562e-010 -1.47562e-010
0.95 -2.52162e-005 -4.52918e-006 -1.63651e-006 -6.41183e-010 -6.41183e-010
0.96 -2.52052e-005 -4.52872e-006 -1.63496e-006 -1.00856e-009 -1.00856e-009
0.97 -2.51938e-005 -4.52465e-006 -1.6391e-006 -1.17549e-009 -1.17549e-009
0.98 -2.51831e-005 -4.51874e-006 -1.64475e-006 -1.1152e-009 -1.1152e-009
0.99 -2.51744e-005 -4.51252e-006 -1.64762e-006 -8.51893e-010 -8.51893e-010
1 -2.51679e-005 -4.50453e-006 -1.64732e-006 -4.52938e-010 -4.52938e-010
1.01 -2.51634e-005 -4.49399e-006 -1.64734e-006 -1.20011e-011 -1.20011e-011
1.02 -2.51605e-005 -4.48225e-006 -1.65195e-006 3.7264e-010 3.7264e-010
1.03 -2.51587e-005 -4.46898e-006 -1.66209e-006 6.19692e-010 6.19692e-010
1.04 -2.51575e-005 -4.45172e-006 -1.67449e-006 6.81692e-010 6.81692e-010
1.05 -2.51563e-005 -4.43055e-006 -1.68552e-006 5.53805e-010 5.53805e-010
1.06 -2.5155e-005 -4.40969e-006 -1.69431e-006 2.73012e-010 2.73012e-010
1.07 -2.51531e-005 -4.39315e-006 -1.7019e-006 -9.1917e-011 -9.1917e-011
1.08 -2.51498e-005 -4.3804e-006 -1.70962e-006 -4.57109e-010 -4.57109e-010
1.09 -2.51445e-005 -4.36911e-006 -1.71754e-006 -7.42738e-010 -7.42738e-010
1.1 -2.51376e-005 -4.36115e-006 -1.72333e-006 -8.90216e-010 -8.90216e-010
1.11 -2.51301e-005 -4.3603e-006 -1.72365e-006 -8.73876e-010 -8.73876e-010
1.12 -2.51225e-005 -4.36495e-006 -1.71725e-006 -7.05012e-010 -7.05012e-010
1.13 -2.51148e-005 -4.36885e-006 -1.70713e-006 -4.27703e-010 -4.27703e-010
1.14 -2.51067e-005 -4.36883e-006 -1.70016e-006 -1.0761e-010 -1.0761e-010
1.15 -2.50982e-005 -4.3645e-006 -1.70361e-006 1.8339e-010 1.8339e-010
1.16 -2.50892e-005 -4.3539e-006 -1.72041e-006 3.83075e-010 3.83075e-010
1.17 -2.50799e-005 -4.33707e-006 -1.74614e-006 4.51922e-010 4.51922e-010
1.18 -2.50713e-005 -4.3173e-006 -1.77092e-006 3.80752e-010 3.80752e-010
1.19 -2.50642e-005 -4.29831e-006 -1.78672e-006 1.91496e-010 1.91496e-010
1.2 -2.50586e-005 -4.28327e-006 -1.79243e-006 -6.89346e-011 -6.89346e-011
1.21 -2.50541e-005 -4.27388e-006 -1.79205e-006 -3.40085e-010 -3.40085e-010
1.22 -2.50504e-005 -4.27044e-006 -1.79041e-006 -5.61935e-010 -5.61935e-010
1.23 -2.50472e-005 -4.27258e-006 -1.79081e-006 -6.88133e-010 -6.88133e-010
1.24 -2.50446e-005 -4.27856e-006 -1.79435e-006 -6.95543e-010 -6.95543e-010
1.25 -2.50423e-005 -4.28429e-006 -1.80017e-006 -5.88188e-010 -5.88188e-010
1.26 -2.50402e-005 -4.28534e-006 -1.80684e-006 -3.95035e-010 -3.95035e-010
1.27 -2.50384e-005 -4.28041e-006 -1.81295e-006 -1.62419e-010 -1.62419e-010
1.28 -2.50368e-005 -4.27105e-006 -1.81715e-006 5.69236e-011 5.69236e-011
1.29 -2.50358e-005 -4.26087e-006 -1.81842e-006 2.15663e-010 2.15663e-010
1.3 -2.50357e-005 -4.25402e-006 -1.81591e-006 2.81942e-010 2.81942e-010
1.31 -2.50363e-005 -4.2506e-006 -1.80939e-006 2.4562e-010 2.4562e-010
1.32 -2.5037e-005 -4.2476e-006 -1.80102e-006 1.19482e-010 1.19482e-010
1.33 -2.50373e-005 -4.2442e-006 -1.79578e-006 -6.45818e-011 -6.45818e-011
1.34 -2.50363e-005 -4.23925e-006 -1.79834e-006 -2.6345e-010 -2.6345e-010
1.35 -2.50336e-005 -4.22785e-006 -1.80791e-006 -4.32858e-010 -4.32858e-010
1.36 -2.50292e-005 -4.20886e-006 -1.81683e-006 -5.37231e-010 -5.37231e-010
1.37 -2.50247e-005 -4.18993e-006 -1.817e-006 -5.56923e-010 -5.56923e-010
1.38 -2.50213e-005 -4.18178e-006 -1.80732e-006 -4.9158e-010 -4.9158e-010
1.39 -2.50192e-005 -4.18993e-006 -1.79472e-006 -3.59336e-010 -3.59336e-010
1.4 -2.5018e-005 -4.21202e-006 -1.7887e-006 -1.92206e-010 -1.92206e-010
1.41 -2.50181e-005 -4.24353e-006 -1.79103e-006 -2.85929e-011 -2.85929e-011
1.42 -2.50206e-005 -4.27971e-006 -1.79225e-006 9.546e-011 9.546e-011
1.43 -2.50269e-005 -4.31251e-006 -1.78236e-006 1.54254e-010 1.54254e-010
1.44 -2.50369e-005 -4.33601e-006 -1.76104e-006 1.37884e-010 1.37884e-010
1.45 -2.50505e-005 -4.35338e-006 -1.73703e-006 5.38317e-011 5.38317e-011
1.46 -2.50679e-005 -4.37347e-006 -1.72013e-006 -7.57109e-011 -7.57109e-011
1.47 -2.50893e-005 -4.40284e-006 -1.71131e-006 -2.19881e-010 -2.19881e-010
1.48 -2.51157e-005 -4.44428e-006 -1.70089e-006 -3.46589e-010 -3.46589e-010
1.49 -2.51482e-005 -4.50181e-006 -1.67841e-006 -4.29366e-010 -4.29366e-010
1.5 -2.51873e-005 -4.57792e-006 -1.64206e-006 -4.52425e-010 -4.52425e-010
1.51 -2.52312e-005 -4.66143e-006 -1.59749e-006 -4.13497e-010 -4.13497e-010
1.52 -2.52768e-005 -4.72806e-006 -1.55108e-006 -3.23943e-010 -3.23943e-010
1.53 -2.53216e-005 -4.76224e-006 -1.50484e-006 -2.0574e-010 -2.0574e-010
1.54 -2.53654e-005 -4.77081e-006 -1.45777e-006 -8.59391e-011 -8.59391e-011
1.55 -2.54079e-005 -4.77062e-006 -1.41068e-006 9.62785e-012 9.62785e-012
1.56 -2.54483e-005 -4.77374e-006 -1.36658e-006 6.16743e-011 6.16743e-011
1.57 -2.54852e-005 -4.78593e-006 -1.32833e-006 6.09984e-011 6.09984e-011
1.58 -2.55172e-005 -4.80972e-006 -1.29964e-006 9.96167e-012 9.96167e-012
1.59 -2.55431e-005 -4.84596e-006 -1.285e-006 -7.83785e-011 -7.83785e-011
1.6 -2.55628e-005 -4.89595e-006 -1.28521e-006 -1.83434e-010 -1.83434e-010
1.61 -2.55777e-005 -4.95965e-006 -1.29139e-006 -2.81858e-010 -2.81858e-010
1.62 -2.55894e-005 -5.0283e-006 -1.2886e-006 -3.52771e-010 -3.52771e-010
1.63 -2.55971e-005 -5.08127e-006 -1.27268e-006 -3.82138e-010 -3.82138e-010
1.64 -2.55977e-005 -5.09379e-006 -1.25762e-006 -3.65321e-010 -3.65321e-010
1.65 -2.55889e-005 -5.05513e-006 -1.25941e-006 -3.07602e-010 -3.07602e-010
1.66 -2.55718e-005 -4.97859e-006 -1.2783e-006 -2.22848e-010 -2.22848e-010
1.67 -2.55495e-005 -4.89062e-006 -1.30026e-006 -1.30562e-010 -1.30562e-010
1.68 -2.55242e-005 -4.8126e-006 -1.31153e-006 -5.15514e-011 -5.15514e-011
1.69 -2.54966e-005 -4.75283e-006 -1.31069e-006 -3.01049e-012 -3.01049e-012
1.7 -2.54659e-005 -4.71011e-006 -1.30511e-006 5.45926e-012 5.45926e-012
1.71 -2.54317e-005 -4.67624e-006 -1.29986e-006 -2.62842e-011 -2.62842e-011
1.72 -2.53938e-005 -4.63715e-006 -1.29657e-006 -8.94144e-011 -8.94144e-011
1.73 -2.53522e-005 -4.58247e-006 -1.29914e-006 -1.6845e-010 -1.6845e-010
1.74 -2.53077e-005 -4.51398e-006 -1.31459e-006 -2.44811e-010 -2.44811e-010
1.75 -2.52614e-005 -4.44063e-006 -1.34953e-006 -3.01132e-010 -3.01132e-010
1.76 -2.52144e-005 -4.37059e-006 -1.40745e-006 -3.25414e-010 -3.25414e-010
1.77 -2.51675e-005 -4.31218e-006 -1.48711e-006 -3.13786e-010 -3.13786e-010
1.78 -2.51229e-005 -4.27625e-006 -1.58048e-006 -2.71007e-010 -2.71007e-010
1.79 -2.50822e-005 -4.2659e-006 -1.67371e-006 -2.08779e-010 -2.08779e-010
1.8 -2.50455e-005 -4.26656e-006 -1.75597e-006 -1.42594e-010 -1.42594e-010
1.81 -2.50106e-005 -4.25618e-006 -1.828e-006 -8.78107e-011 -8.78107e-011
1.82 -2.49755e-005 -4.22082e-006 -1.89747e-006 -5.59274e-011 -5.59274e-011
1.83 -2.49393e-005 -4.15955e-006 -1.96824e-006 -5.22668e-011 -5.22668e-011
1.84 -2.49025e-005 -4.0804e-006 -2.03574e-006 -7.55482e-011 -7.55482e-011
1.85 -2.48663e-005 -3.99688e-006 -2.08975e-006 -1.18864e-010 -1.18864e-010
1.86 -2.48324e-005 -3.92671e-006 -2.12197e-006 -1.71463e-010 -1.71463e-010
1.87 -2.48014e-005 -3.87905e-006 -2.13315e-006 -2.21198e-010 -2.21198e-010
1.88 -2.47709e-005 -3.83743e-006 -2.13277e-006 -2.57351e-010 -2.57351e-010
1.89 -2.47371e-005 -3.7744e-006 -2.13201e-006 -2.72992e-010 -2.72992e-010
1.9 -2.46999e-005 -3.69052e-006 -2.13781e-006 -2.66016e-010 -2.66016e-010
1.91 -2.46627e-005 -3.61829e-006 -2.15167e-006 -2.38904e-010 -2.38904e-010
1.92 -2.46298e-005 -3.58824e-006 -2.17178e-006 -1.98025e-010 -1.98025e-010
1.93 -2.4604e-005 -3.61217e-006 -2.19699e-006 -1.52606e-010 -1.52606e-010
1.94 -2.45874e-005 -3.6904e-006 -2.22921e-006 -1.12842e-010 -1.12842e-010
1.95 -2.45824e-005 -3.81592e-006 -2.27065e-006 -8.74356e-011 -8.74356e-011
1.96 -2.45902e-005 -3.96897e-006 -2.32059e-006 -8.16304e-011 -8.16304e-011
1.97 -2.46103e-005 -4.11793e-006 -2.37528e-006 -9.62625e-011 -9.62625e-011
1.98 -2.4642e-005 -4.23704e-006 -2.42882e-006 -1.27672e-010 -1.27672e-010
1.99 -2.46849e-005 -4.32098e-006 -2.47539e-006 -1.68421e-010 -1.68421e-010
2 -2.47391e-005 -4.38138e-006 -2.50996e-006 -2.09017e-010 -2.09017e-010
2.01 -2.48035e-005 -4.43422e-006 -2.52629e-006 -2.40323e-010 -2.40323e-010
2.02 -2.48763e-005 -4.48929e-006 -2.51602e-006 -2.55783e-010 -2.55783e-010
2.03 -2.49551e-005 -4.55131e-006 -2.47194e-006 -2.5274e-010 -2.5274e-010
2.04 -2.50374e-005 -4.62475e-006 -2.39449e-006 -2.32669e-010 -2.32669e-010
2.05 -2.51196e-005 -4.70554e-006 -2.2946e-006 -2.00529e-010 -2.00529e-010
2.06 -2.5197e-005 -4.77998e-006 -2.18771e-006 -1.63532e-010 -1.63532e-010
2.07 -2.52672e-005 -4.84618e-006 -2.08551e-006 -1.29527e-010 -1.29527e-010
2.08 -2.53312e-005 -4.92284e-006 -1.99317e-006 -1.05277e-010 -1.05277e-010
2.09 -2.53918e-005 -5.03061e-006 -1.91222e-006 -9.52034e-011 -9.52034e-011
2.1 -2.54505e-005 -5.17291e-006 -1.84571e-006 -1.0085e-010 -1.0085e-010
2.11 -2.55076e-005 -5.33676e-006 -1.79831e-006 -1.20702e-010 -1.20702e-010
2.12 -2.55639e-005 -5.50994e-006 -1.77147e-006 -1.50314e-010 -1.50314e-010
2.13 -2.56215e-005 -5.68844e-006 -1.76193e-006 -1.83181e-010 -1.83181e-010
2.14 -2.56823e-005 -5.8684e-006 -1.76302e-006 -2.1234e-010 -2.1234e-010
2.15 -2.57466e-005 -6.03779e-006 -1.7658e-006 -2.32077e-010 -2.32077e-010
2.16 -2.58129e-005 -6.17547e-006 -1.76224e-006 -2.39032e-010 -2.39032e-010
2.17 -2.58784e-005 -6.26404e-006 -1.74985e-006 -2.32535e-010 -2.32535e-010
2.18 -2.59415e-005 -6.30891e-006 -1.73341e-006 -2.14423e-010 -2.14423e-010
2.19 -2.60014e-005 -6.33053e-006 -1.71897e-006 -1.88675e-010 -1.88675e-010
2.2 -2.60556e-005 -6.33524e-006 -1.70538e-006 -1.60992e-010 -1.60992e-010
2.21 -2.61002e-005 -6.31351e-006 -1.68445e-006 -1.37825e-010 -1.37825e-010
2.22 -2.61323e-005 -6.26194e-006 -1.64809e-006 -1.24583e-010 -1.24583e-010
2.23 -2.615e-005 -6.19133e-006 -1.59442e-006 -1.23781e-010 -1.23781e-010
2.24 -2.61521e-005 -6.11589e-006 -1.53022e-006 -1.34334e-010 -1.34334e-010
2.25 -2.61372e-005 -6.04435e-006 -1.46864e-006 -1.52398e-010 -1.52398e-010
2.26 -2.61055e-005 -5.98422e-006 -1.42416e-006 -1.72949e-010 -1.72949e-010
2.27 -2.60579e-005 -5.9402e-006 -1.40774e-006 -1.91081e-010 -1.91081e-010
2.28 -2.59961e-005 -5.90411e-006 -1.42275e-006 -2.0289e-010 -2.0289e-010
2.29 -2.59221e-005 -5.86164e-006 -1.46502e-006 -2.06264e-010 -2.06264e-010
2.3 -2.58395e-005 -5.80665e-006 -1.5272e-006 -2.01284e-010 -2.01284e-010
2.31 -2.57521e-005 -5.73781e-006 -1.60121e-006 -1.89891e-010 -1.89891e-010
2.32 -2.56631e-005 -5.6508e-006 -1.67757e-006 -1.75275e-010 -1.75275e-010
2.33 -2.55754e-005 -5.5417e-006 -1.74726e-006 -1.61204e-010 -1.61204e-010
2.34 -2.5491e-005 -5.41148e-006 -1.8057e-006 -1.51059e-010 -1.51059e-010
2.35 -2.54111e-005 -5.26438e-006 -1.85337e-006 -1.46919e-010 -1.46919e-010
2.36 -2.53363e-005 -5.10392e-006 -1.89245e-006 -1.49279e-010 -1.49279e-010
2.37 -2.52664e-005 -4.93497e-006 -1.92392e-006 -1.57287e-010 -1.57287e-010
2.38 -2.52014e-005 -4.76254e-006 -1.94676e-006 -1.69058e-010 -1.69058e-010
2.39 -2.51397e-005 -4.58067e-006 -1.95795e-006 -1.82042e-010 -1.82042e-010
2.4 -2.50791e-005 -4.37848e-006 -1.95173e-006 -1.93533e-010 -1.93533e-010
2.41 -2.5019e-005 -4.15707e-006 -1.91913e-006 -2.01144e-010 -2.01144e-010
2.42 -2.49595e-005 -3.92616e-006 -1.85408e-006 -2.0313e-010 -2.0313e-010
2.43 -2.49005e-005 -3.70021e-006 -1.76429e-006 -1.98686e-010 -1.98686e-010
2.44 -2.48421e-005 -3.50426e-006 -1.67259e-006 -1.88197e-010 -1.88197e-010
2.45 -2.47856e-005 -3.36162e-006 -1.60228e-006 -1.73465e-010 -1.73465e-010
2.46 -2.47315e-005 -3.27217e-006 -1.5619e-006 -1.57825e-010 -1.57825e-010
2.47 -2.46807e-005 -3.21549e-006 -1.54506e-006 -1.45588e-010 -1.45588e-010
2.48 -2.46349e-005 -3.17226e-006 -1.54031e-006 -1.40504e-010 -1.40504e-010
2.49 -2.45966e-005 -3.13609e-006 -1.53892e-006 -1.44142e-010 -1.44142e-010
2.5 -2.45693e-005 -3.11256e-006 -1.53575e-006 -1.5537e-010 -1.5537e-010
2.51 -2.45557e-005 -3.10994e-006 -1.52874e-006 -1.7109e-010 -1.7109e-010
2.52 -2.45574e-005 -3.1307e-006 -1.52036e-006 -1.87491e-010 -1.87491e-010
2.53 -2.45742e-005 -3.17135e-006 -1.51512e-006 -2.01092e-010 -2.01092e-010
2.54 -2.4605e-005 -3.22201e-006 -1.51439e-006 -2.09432e-010 -2.09432e-010
2.55 -2.46472e-005 -3.2674e-006 -1.51539e-006 -2.11477e-010 -2.11477e-010
2.56 -2.46978e-005 -3.295e-006 -1.51343e-006 -2.07602e-010 -2.07602e-010
2.57 -2.47535e-005 -3.30196e-006 -1.50556e-006 -1.9916e-010 -1.9916e-010
2.58 -2.48111e-005 -3.2963e-006 -1.49245e-006 -1.88e-010 -1.88e-010
2.59 -2.4868e-005 -3.29451e-006 -1.47513e-006 -1.7616e-010 -1.7616e-010
2.6 -2.49225e-005 -3.31515e-006 -1.4523e-006 -1.65655e-010 -1.65655e-010
2.61 -2.4973e-005 -3.36952e-006 -1.42453e-006 -1.58189e-010 -1.58189e-010
2.62 -2.50172e-005 -3.45723e-006 -1.39859e-006 -1.54817e-010 -1.54817e-010
2.63 -2.50534e-005 -3.56992e-006 -1.38273e-006 -1.55766e-010 -1.55766e-010
2.64 -2.50823e-005 -3.70393e-006 -1.37761e-006 -1.60459e-010 -1.60459e-010
2.65 -2.51084e-005 -3.87081e-006 -1.3755e-006 -1.67607e-010 -1.67607e-010
2.66 -2.51377e-005 -4.08346e-006 -1.36988e-006 -1.75439e-010 -1.75439e-010
2.67 -2.51737e-005 -4.33564e-006 -1.36581e-006 -1.82162e-010 -1.82162e-010
2.68 -2.52172e-005 -4.60275e-006 -1.3787e-006 -1.86423e-010 -1.86423e-010
2.69 -2.52686e-005 -4.85869e-006 -1.42025e-006 -1.87576e-010 -1.87576e-010
2.7 -2.53298e-005 -5.09333e-006 -1.4871e-006 -1.85765e-010 -1.85765e-010
2.71 -2.54041e-005 -5.31059e-006 -1.56188e-006 -1.8183e-010 -1.8183e-010
2.72 -2.54927e-005 -5.50948e-006 -1.62325e-006 -1.77075e-010 -1.77075e-010
2.73 -2.55925e-005 -5.67446e-006 -1.66009e-006 -1.72878e-010 -1.72878e-010
2.74 -2.56969e-005 -5.7906e-006 -1.68121e-006 -1.70111e-010 -1.70111e-010
2.75 -2.57991e-005 -5.8633e-006 -1.70764e-006 -1.68775e-010 -1.68775e-010
2.76 -2.58934e-005 -5.9115e-006 -1.75113e-006 -1.6836e-010 -1.6836e-010
2.77 -2.59751e-005 -5.95131e-006 -1.80704e-006 -1.6858e-010 -1.6858e-010
2.78 -2.60397e-005 -5.99364e-006 -1.86974e-006 -1.69532e-010 -1.69532e-010
2.79 -2.60825e-005 -6.04177e-006 -1.94185e-006 -1.71241e-010 -1.71241e-010
2.8 -2.60995e-005 -6.08782e-006 -2.02298e-006 -1.7346e-010 -1.7346e-010
2.81 -2.60896e-005 -6.12796e-006 -2.10034e-006 -1.7582e-010 -1.7582e-010
2.82 -2.60565e-005 -6.17434e-006 -2.15687e-006 -1.77739e-010 -1.77739e-010
2.83 -2.6006e-005 -6.24207e-006 -2.18469e-006 -1.7838e-010 -1.7838e-010
2.84 -2.59438e-005 -6.33487e-006 -2.19131e-006 -1.77089e-010 -1.77089e-010
2.85 -2.58748e-005 -6.44087e-006 -2.19281e-006 -1.73837e-010 -1.73837e-010
2.86 -2.58039e-005 -6.5409e-006 -2.20408e-006 -1.69293e-010 -1.69293e-010
2.87 -2.5736e-005 -6.61934e-006 -2.23717e-006 -1.64626e-010 -1.64626e-010
2.88 -2.56751e-005 -6.66091e-006 -2.29716e-006 -1.61246e-010 -1.61246e-010
2.89 -2.56241e-005 -6.64914e-006 -2.37488e-006 -1.60525e-010 -1.60525e-010
2.9 -2.55852e-005 -6.57752e-006 -2.4517e-006 -1.63196e-010 -1.63196e-010
2.91 -2.55594e-005 -6.45312e-006 -2.51499e-006 -1.68788e-010 -1.68788e-010
2.92 -2.5544e-005 -6.28804e-006 -2.56612e-006 -1.75681e-010 -1.75681e-010
2.93 -2.5534e-005 -6.09533e-006 -2.61256e-006 -1.81747e-010 -1.81747e-010
2.94 -2.5524e-005 -5.88807e-006 -2.65624e-006 -1.85189e-010 -1.85189e-010
2.95 -2.55084e-005 -5.67607e-006 -2.69331e-006 -1.8525e-010 -1.8525e-010
2.96 -2.5482e-005 -5.46702e-006 -2.72011e-006 -1.82332e-010 -1.82332e-010
2.97 -2.54418e-005 -5.27242e-006 -2.7319e-006 -1.77452e-010 -1.77452e-010
2.98 -2.53878e-005 -5.10753e-006 -2.7187e-006 -1.71908e-010 -1.71908e-010
2.99 -2.5322e-005 -4.98022e-006 -2.66959e-006 -1.67144e-010 -1.67144e-010
3 -2.52469e-005 -4.88118e-006 -2.5807e-006 -1.64388e-010 -1.64388e-010
3.01 -2.51648e-005 -4.7898e-006 -2.45735e-006 -1.64298e-010 -1.64298e-010
3.02 -2.50796e-005 -4.68929e-006 -2.30933e-006 -1.66768e-010 -1.66768e-010
3.03 -2.49972e-005 -4.57349e-006 -2.14435e-006 -1.70887e-010 -1.70887e-010
3.04 -2.49246e-005 -4.44727e-006 -1.96772e-006 -1.75266e-010 -1.75266e-010
3.05 -2.48683e-005 -4.32354e-006 -1.78948e-006 -1.78624e-010 -1.78624e-010
3.06 -2.48326e-005 -4.21176e-006 -1.62485e-006 -1.8027e-010 -1.8027e-010
3.07 -2.48192e-005 -4.10468e-006 -1.48087e-006 -1.80353e-010 -1.80353e-010
3.08 -2.48271e-005 -3.98099e-006 -1.35124e-006 -1.7983e-010 -1.7983e-010
3.09 -2.48542e-005 -3.82818e-006 -1.22698e-006 -1.79872e-010 -1.79872e-010
3.1 -2.48982e-005 -3.65667e-006 -1.10479e-006 -1.80911e-010 -1.80911e-010
3.11 -2.4955e-005 -3.48366e-006 -9.89373e-007 -1.82419e-010 -1.82419e-010
3.12 -2.50167e-005 -3.30989e-006 -8.88752e-007 -1.83694e-010 -1.83694e-010
3.13 -2.5074e-005 -3.12238e-006 -8.04353e-007 -1.84527e-010 -1.84527e-010
3.14 -2.51196e-005 -2.92259e-006 -7.30801e-007 -1.85092e-010 -1.85092e-010
3.15 -2.51502e-005 -2.74049e-006 -6.61793e-007 -1.85456e-010 -1.85456e-010
3.16 -2.51652e-005 -2.61474e-006 -5.91527e-007 -1.85463e-010 -1.85463e-010
3.17 -2.51656e-005 -2.57149e-006 -5.16259e-007 -1.85172e-010 -1.85172e-010
3.18 -2.51534e-005 -2.61409e-006 -4.35231e-007 -1.85166e-010 -1.85166e-010
3.19 -2.51306e-005 -2.71416e-006 -3.47742e-007 -1.86295e-010 -1.86295e-010
3.2 -2.50995e-005 -2.8248e-006 -2.51602e-007 -1.89076e-010 -1.89076e-010
3.21 -2.50656e-005 -2.91707e-006 -1.44496e-007 -1.93004e-010 -1.93004e-010
3.22 -2.50381e-005 -2.99743e-006 -2.64876e-008 -1.96339e-010 -1.96339e-010
3.23 -2.50265e-005 -3.08903e-006 9.52365e-008 -1.96866e-010 -1.96866e-010
3.24 -2.50379e-005 -3.20693e-006 2.05497e-007 -1.93253e-010 -1.93253e-010
3.25 -2.50754e-005 -3.35176e-006 2.85784e-007 -1.85978e-010 -1.85978e-010
3.26 -2.51386e-005 -3.51149e-006 3.16236e-007 -1.77152e-010 -1.77152e-010
3.27 -2.52225e-005 -3.65996e-006 2.79023e-007 -1.69516e-010 -1.69516e-010
3.28 -2.53191e-005 -3.768e-006 1.68647e-007 -1.65468e-010 -1.65468e-010
3.29 -2.54216e-005 -3.82723e-006 -7.03919e-010 -1.66365e-010 -1.66365e-010
3.3 -2.55245e-005 -3.85738e-006 -1.98546e-007 -1.72035e-010 -1.72035e-010
3.31 -2.5623e-005 -3.88874e-006 -3.89518e-007 -1.8079e-010 -1.8079e-010
3.32 -2.57112e-005 -3.94109e-006 -5.46437e-007 -1.89956e-010 -1.89956e-010
3.33 -2.57827e-005 -4.0241e-006 -6.58923e-007 -1.9666e-010 -1.9666e-010
3.34 -2.58335e-005 -4.15386e-006 -7.3353e-007 -1.98647e-010 -1.98647e-010
3.35 -2.5863e-005 -4.34714e-006 -7.86942e-007 -1.94977e-010 -1.94977e-010
3.36 -2.5871e-005 -4.5958e-006 -8.39499e-007 -1.86564e-010 -1.86564e-010
3.37 -2.58578e-005 -4.86465e-006 -9.09702e-007 -1.76118e-010 -1.76118e-010
3.38 -2.58253e-005 -5.11171e-006 -1.00575e-006 -1.67137e-010 -1.67137e-010
3.39 -2.57786e-005 -5.30766e-006 -1.12013e-006 -1.6245e-010 -1.6245e-010
3.4 -2.57264e-005 -5.45165e-006 -1.23518e-006 -1.63062e-010 -1.63062e-010
3.41 -2.56793e-005 -5.57361e-006 -1.33542e-006 -1.67817e-010 -1.67817e-010
3.42 -2.56467e-005 -5.7085e-006 -1.41628e-006 -1.74039e-010 -1.74039e-010
3.43 -2.56332e-005 -5.86443e-006 -1.48629e-006 -1.78919e-010 -1.78919e-010
3.44 -2.56379e-005 -6.01973e-006 -1.56211e-006 -1.80853e-010 -1.80853e-010
3.45 -2.56574e-005 -6.14466e-006 -1.65892e-006 -1.79715e-010 -1.79715e-010
3.46 -2.56879e-005 -6.22229e-006 -1.7848e-006 -1.76231e-010 -1.76231e-010
3.47 -2.57255e-005 -6.25479e-006 -1.94019e-006 -1.71431e-010 -1.71431e-010
3.48 -2.57667e-005 -6.25644e-006 -2.11645e-006 -1.66484e-010 -1.66484e-010
3.49 -2.58073e-005 -6.24438e-006 -2.29631e-006 -1.62743e-010 -1.62743e-010
3.5 -2.58441e-005 -6.23936e-006 -2.45922e-006 -1.61385e-010 -1.61385e-010
3.51 -2.58749e-005 -6.26425e-006 -2.5883e-006 -1.62666e-010 -1.62666e-010
3.52 -2.58972e-005 -6.32316e-006 -2.67678e-006 -1.6596e-010 -1.6596e-010
3.53 -2.59053e-005 -6.39157e-006 -2.73112e-006 -1.70382e-010 -1.70382e-010
3.54 -2.5894e-005 -6.44053e-006 -2.76594e-006 -1.74827e-010 -1.74827e-010
3.55 -2.58626e-005 -6.4633e-006 -2.7956e-006 -1.77948e-010 -1.77948e-010
3.56 -2.58153e-005 -6.47907e-006 -2.82854e-006 -1.78797e-010 -1.78797e-010
3.57 -2.5759e-005 -6.51221e-006 -2.86501e-006 -1.77206e-010 -1.77206e-010
3.58 -2.57001e-005 -6.56762e-006 -2.89762e-006 -1.73858e-010 -1.73858e-010
3.59 -2.56429e-005 -6.62547e-006 -2.91366e-006 -1.70287e-010 -1.70287e-010
3.6 -2.55897e-005 -6.65064e-006 -2.9014e-006 -1.68203e-010 -1.68203e-010
3.61 -2.55422e-005 -6.61179e-006 -2.85968e-006 -1.68413e-010 -1.68413e-010
3.62 -2.55024e-005 -6.50508e-006 -2.80076e-006 -1.70403e-010 -1.70403e-010
3.63 -2.54722e-005 -6.35873e-006 -2.74275e-006 -1.72613e-010 -1.72613e-010
3.64 -2.54528e-005 -6.20836e-006 -2.69782e-006 -1.73222e-010 -1.73222e-010
3.65 -2.54441e-005 -6.06944e-006 -2.66573e-006 -1.7149e-010 -1.7149e-010
3.66 -2.54429e-005 -5.93577e-006 -2.63852e-006 -1.68406e-010 -1.68406e-010
3.67 -2.54456e-005 -5.798e-006 -2.60579e-006 -1.65788e-010 -1.65788e-010
3.68 -2.54493e-005 -5.65362e-006 -2.5568e-006 -1.64982e-010 -1.64982e-010
3.69 -2.54509e-005 -5.50356e-006 -2.49042e-006 -1.66303e-010 -1.66303e-010
3.7 -2.54464e-005 -5.35149e-006 -2.42195e-006 -1.69141e-010 -1.69141e-010
3.71 -2.54318e-005 -5.20492e-006 -2.37237e-006 -1.72444e-010 -1.72444e-010
3.72 -2.54045e-005 -5.06723e-006 -2.355e-006 -1.75425e-010 -1.75425e-010
3.73 -2.53623e-005 -4.93366e-006 -2.36895e-006 -1.77908e-010 -1.77908e-010
3.74 -2.53059e-005 -4.79985e-006 -2.39618e-006 -1.80167e-010 -1.80167e-010
3.75 -2.52375e-005 -4.66499e-006 -2.41267e-006 -1.8254e-010 -1.8254e-010
3.76 -2.51593e-005 -4.52792e-006 -2.40594e-006 -1.84999e-010 -1.84999e-010
3.77 -2.50729e-005 -4.38454e-006 -2.37585e-006 -1.87059e-010 -1.87059e-010
3.78 -2.49805e-005 -4.23059e-006 -2.32615e-006 -1.88054e-010 -1.88054e-010
3.79 -2.48851e-005 -4.06716e-006 -2.26333e-006 -1.8744e-010 -1.8744e-010
3.8 -2.47901e-005 -3.89912e-006 -2.19654e-006 -1.84981e-010 -1.84981e-010
3.81 -2.46991e-005 -3.73098e-006 -2.13036e-006 -1.8092e-010 -1.8092e-010
3.82 -2.46168e-005 -3.56886e-006 -2.05722e-006 -1.76103e-010 -1.76103e-010
3.83 -2.45485e-005 -3.418e-006 -1.96129e-006 -1.7179e-010 -1.7179e-010
3.84 -2.44969e-005 -3.27665e-006 -1.84071e-006 -1.69057e-010 -1.69057e-010
3.85 -2.44609e-005 -3.14214e-006 -1.72407e-006 -1.68162e-010 -1.68162e-010
3.86 -2.44381e-005 -3.01805e-006 -1.64693e-006 -1.68505e-010 -1.68505e-010
3.87 -2.44279e-005 -2.91186e-006 -1.61861e-006 -1.69409e-010 -1.69409e-010
3.88 -2.44305e-005 -2.83091e-006 -1.62481e-006 -1.7088e-010 -1.7088e-010
3.89 -2.44454e-005 -2.7804e-006 -1.6497e-006 -1.73373e-010 -1.73373e-010
3.9 -2.44707e-005 -2.76569e-006 -1.68654e-006 -1.76979e-010 -1.76979e-010
3.91 -2.45051e-005 -2.79754e-006 -1.73101e-006 -1.81131e-010 -1.81131e-010
3.92 -2.45496e-005 -2.88974e-006 -1.76979e-006 -1.85069e-010 -1.85069e-010
3.93 -2.46051e-005 -3.04087e-006 -1.78289e-006 -1.88472e-010 -1.88472e-010
3.94 -2.46706e-005 -3.22222e-006 -1.75603e-006 -1.91533e-010 -1.91533e-010
3.95 -2.47439e-005 -3.39618e-006 -1.68272e-006 -1.94405e-010 -1.94405e-010
3.96 -2.48243e-005 -3.5398e-006 -1.56069e-006 -1.96565e-010 -1.96565e-010
3.97 -2.49117e-005 -3.64692e-006 -1.39641e-006 -1.96803e-010 -1.96803e-010
3.98 -2.50052e-005 -3.71902e-006 -1.20564e-006 -1.93978e-010 -1.93978e-010
3.99 -2.51033e-005 -3.76106e-006 -1.0041e-006 -1.87891e-010 -1.87891e-010
4 -2.52057e-005 -3.79162e-006 -8.01692e-007 -1.7952e-010 -1.7952e-010
4.01 -2.53142e-005 -3.8473e-006 -6.03086e-007 -1.70564e-010 -1.70564e-010
4.02 -2.543e-005 -3.95634e-006 -4.15098e-007 -1.6289e-010 -1.6289e-010
4.03 -2.55503e-005 -4.11808e-006 -2.55232e-007 -1.58183e-010 -1.58183e-010
4.04 -2.56714e-005 -4.32029e-006 -1.45114e-007 -1.57626e-010 -1.57626e-010
4.05 -2.57911e-005 -4.55326e-006 -9.71712e-008 -1.61482e-010 -1.61482e-010
4.06 -2.59067e-005 -4.79814e-006 -1.10216e-007 -1.69016e-010 -1.69016e-010
4.07 -2.60151e-005 -5.02929e-006 -1.69597e-007 -1.78797e-010 -1.78797e-010
4.08 -2.61162e-005 -5.24027e-006 -2.48895e-007 -1.88898e-010 -1.88898e-010
4.09 -2.6213e-005 -5.44633e-006 -3.15162e-007 -1.97159e-010 -1.97159e-010
4.1 -2.63087e-005 -5.65966e-006 -3.39651e-007 -2.01754e-010 -2.01754e-010
4.11 -2.64038e-005 -5.87877e-006 -3.09866e-007 -2.01857e-010 -2.01857e-010
4.12 -2.64969e-005 -6.09018e-006 -2.33246e-007 -1.97831e-010 -1.97831e-010
4.13 -2.65835e-005 -6.26673e-006 -1.30618e-007 -1.90857e-010 -1.90857e-010
4.14 -2.66594e-005 -6.38479e-006 -2.57322e-008 -1.82514e-010 -1.82514e-010
4.15 -2.67224e-005 -6.44724e-006 6.11711e-008 -1.74375e-010 -1.74375e-010
4.16 -2.67729e-005 -6.47717e-006 1.15438e-007 -1.67593e-010 -1.67593e-010
4.17 -2.68115e-005 -6.49963e-006 1.28446e-007 -1.62801e-010 -1.62801e-010
4.18 -2.6838e-005 -6.52931e-006 9.91191e-008 -1.60355e-010 -1.60355e-010
4.19 -2.68515e-005 -6.56488e-006 3.68655e-008 -1.60473e-010 -1.60473e-010
4.2 -2.68511e-005 -6.59732e-006 -4.19933e-008 -1.63032e-010 -1.63032e-010
4.21 -2.6836e-005 -6.61878e-006 -1.26945e-007 -1.67248e-010 -1.67248e-010
4.22 -2.68042e-005 -6.61929e-006 -2.21545e-007 -1.71593e-010 -1.71593e-010
4.23 -2.67538e-005 -6.59353e-006 -3.36515e-007 -1.74365e-010 -1.74365e-010
4.24 -2.66852e-005 -6.549e-006 -4.77656e-007 -1.745e-010 -1.745e-010
4.25 -2.65995e-005 -6.48765e-006 -6.40787e-007 -1.7207e-010 -1.7207e-010
4.26 -2.64972e-005 -6.39824e-006 -8.1408e-007 -1.68392e-010 -1.68392e-010
4.27 -2.638e-005 -6.27585e-006 -9.84625e-007 -1.65337e-010 -1.65337e-010
4.28 -2.62504e-005 -6.12394e-006 -1.14261e-006 -1.64248e-010 -1.64248e-010
4.29 -2.61106e-005 -5.94507e-006 -1.28064e-006 -1.65472e-010 -1.65472e-010
4.3 -2.59642e-005 -5.7518e-006 -1.39638e-006 -1.68585e-010 -1.68585e-010
4.31 -2.58154e-005 -5.56826e-006 -1.49837e-006 -1.72552e-010 -1.72552e-010
4.32 -2.56667e-005 -5.40535e-006 -1.60371e-006 -1.75946e-010 -1.75946e-010
4.33 -2.55183e-005 -5.25009e-006 -1.72708e-006 -1.7767e-010 -1.7767e-010
4.34 -2.53707e-005 -5.08139e-006 -1.87012e-006 -1.77526e-010 -1.77526e-010
4.35 -2.52251e-005 -4.88305e-006 -2.01984e-006 -1.76047e-010 -1.76047e-010
4.36 -2.50831e-005 -4.64776e-006 -2.16108e-006 -1.7386e-010 -1.7386e-010
4.37 -2.49455e-005 -4.38281e-006 -2.29052e-006 -1.71136e-010 -1.71136e-010
4.38 -2.48127e-005 -4.11048e-006 -2.4137e-006 -1.67687e-010 -1.67687e-010
4.39 -2.46873e-005 -3.86285e-006 -2.53092e-006 -1.63586e-010 -1.63586e-010
4.4 -2.45726e-005 -3.6691e-006 -2.63177e-006 -1.59581e-010 -1.59581e-010
4.41 -2.44703e-005 -3.53329e-006 -2.70464e-006 -1.56945e-010 -1.56945e-010
4.42 -2.43792e-005 -3.4303e-006 -2.74812e-006 -1.5685e-010 -1.5685e-010
4.43 -2.42964e-005 -3.32312e-006 -2.77113e-006 -1.59675e-010 -1.59675e-010
4.44 -2.42191e-005 -3.1772e-006 -2.78374e-006 -1.64677e-010 -1.64677e-010
4.45 -2.41458e-005 -2.97845e-006 -2.78957e-006 -1.70215e-010 -1.70215e-010
4.46 -2.40789e-005 -2.75364e-006 -2.78899e-006 -1.74314e-010 -1.74314e-010
4.47 -2.40221e-005 -2.55672e-006 -2.7875e-006 -1.75333e-010 -1.75333e-010
4.48 -2.3978e-005 -2.42744e-006 -2.79219e-006 -1.72768e-010 -1.72768e-010
4.49 -2.39472e-005 -2.37225e-006 -2.79875e-006 -1.67863e-010 -1.67863e-010
4.5 -2.39304e-005 -2.37563e-006 -2.79029e-006 -1.63319e-010 -1.63319e-010
4.51 -2.3928e-005 -2.40705e-006 -2.75144e-006 -1.62018e-010 -1.62018e-010
4.52 -2.39375e-005 -2.42547e-006 -2.67856e-006 -1.65445e-010 -1.65445e-010
4.53 -2.39574e-005 -2.40649e-006 -2.57466e-006 -1.72737e-010 -1.72737e-010
4.54 -2.39892e-005 -2.35958e-006 -2.43939e-006 -1.81024e-010 -1.81024e-010
4.55 -2.40358e-005 -2.30992e-006 -2.27206e-006 -1.86899e-010 -1.86899e-010
4.56 -2.40985e-005 -2.28408e-006 -2.08256e-006 -1.87978e-010 -1.87978e-010
4.57 -2.41775e-005 -2.30616e-006 -1.88961e-006 -1.83686e-010 -1.83686e-010
4.58 -2.42714e-005 -2.381e-006 -1.70791e-006 -1.75386e-010 -1.75386e-010
4.59 -2.43763e-005 -2.48191e-006 -1.54269e-006 -1.66147e-010 -1.66147e-010
4.6 -2.44861e-005 -2.56601e-006 -1.39417e-006 -1.59721e-010 -1.59721e-010
4.61 -2.45959e-005 -2.61099e-006 -1.26036e-006 -1.58775e-010 -1.58775e-010
4.62 -2.47052e-005 -2.63704e-006 -1.13495e-006 -1.63504e-010 -1.63504e-010
4.63 -2.48149e-005 -2.68091e-006 -1.01033e-006 -1.71671e-010 -1.71671e-010
4.64 -2.49227e-005 -2.75264e-006 -8.86892e-007 -1.80039e-010 -1.80039e-010
4.65 -2.50223e-005 -2.83429e-006 -7.7814e-007 -1.85939e-010 -1.85939e-010
4.66 -2.51081e-005 -2.91497e-006 -7.05821e-007 -1.87886e-010 -1.87886e-010
4.67 -2.51779e-005 -3.0067e-006 -6.85037e-007 -1.85603e-010 -1.85603e-010
4.68 -2.5233e-005 -3.12732e-006 -7.10026e-007 -1.80206e-010 -1.80206e-010
4.69 -2.52754e-005 -3.27874e-006 -7.56867e-007 -1.74257e-010 -1.74257e-010
4.7 -2.53063e-005 -3.43914e-006 -7.99268e-007 -1.70919e-010 -1.70919e-010
4.71 -2.53253e-005 -3.57422e-006 -8.19879e-007 -1.72397e-010 -1.72397e-010
4.72 -2.5333e-005 -3.66626e-006 -8.14639e-007 -1.78512e-010 -1.78512e-010
4.73 -2.53323e-005 -3.72893e-006 -7.96393e-007 -1.86475e-010 -1.86475e-010
4.74 -2.53258e-005 -3.78549e-006 -7.8876e-007 -1.92264e-010 -1.92264e-010
4.75 -2.5315e-005 -3.84602e-006 -8.10653e-007 -1.92807e-010 -1.92807e-010
4.76 -2.53001e-005 -3.90388e-006 -8.69288e-007 -1.87582e-010 -1.87582e-010
4.77 -2.52797e-005 -3.93729e-006 -9.62491e-007 -1.78593e-010 -1.78593e-010
4.78 -2.52523e-005 -3.92822e-006 -1.08225e-006 -1.6889e-010 -1.6889e-010
4.79 -2.52187e-005 -3.88973e-006 -1.21873e-006 -1.61052e-010 -1.61052e-010
4.8 -2.51815e-005 -3.85546e-006 -1.36235e-006 -1.56545e-010 -1.56545e-010
4.81 -2.51424e-005 -3.85008e-006 -1.50698e-006 -1.5582e-010 -1.5582e-010
4.82 -2.51015e-005 -3.88478e-006 -1.65562e-006 -1.58551e-010 -1.58551e-010
4.83 -2.50586e-005 -3.95596e-006 -1.81314e-006 -1.63733e-010 -1.63733e-010
4.84 -2.50124e-005 -4.03233e-006 -1.96963e-006 -1.69992e-010 -1.69992e-010
4.85 -2.49622e-005 -4.07424e-006 -2.10625e-006 -1.75964e-010 -1.75964e-010
4.86 -2.49108e-005 -4.08908e-006 -2.21933e-006 -1.80236e-010 -1.80236e-010
4.87 -2.48651e-005 -4.13453e-006 -2.32659e-006 -1.81089e-010 -1.81089e-010
4.88 -2.48295e-005 -4.24737e-006 -2.44987e-006 -1.77397e-010 -1.77397e-010
4.89 -2.48038e-005 -4.4026e-006 -2.59352e-006 -1.70418e-010 -1.70418e-010
4.9 -2.47867e-005 -4.54645e-006 -2.73855e-006 -1.63869e-010 -1.63869e-010
4.91 -2.47783e-005 -4.64408e-006 -2.86283e-006 -1.61375e-010 -1.61375e-010
4.92 -2.47779e-005 -4.68886e-006 -2.96617e-006 -1.63789e-010 -1.63789e-010
4.93 -2.47821e-005 -4.68507e-006 -3.0694e-006 -1.6904e-010 -1.6904e-010
4.94 -2.47872e-005 -4.64938e-006 -3.19179e-006 -1.73997e-010 -1.73997e-010
4.95 -2.47928e-005 -4.62123e-006 -3.33543e-006 -1.76207e-010 -1.76207e-010
4.96 -2.48001e-005 -4.63889e-006 -3.48479e-006 -1.74872e-010 -1.74872e-010
4.97 -2.48085e-005 -4.7054e-006 -3.61297e-006 -1.7101e-010 -1.7101e-010
4.98 -2.48164e-005 -4.80062e-006 -3.69536e-006 -1.66565e-010 -1.66565e-010
4.99 -2.48238e-005 -4.91769e-006 -3.72914e-006 -1.63041e-010 -1.63041e-010
5 -2.48303e-005 -5.0571e-006 -3.7408e-006 -1.60789e-010 -1.60789e-010
5.01 -2.48335e-005 -5.19819e-006 -3.76597e-006 -1.59524e-010 -1.59524e-010
5.02 -2.48323e-005 -5.31374e-006 -3.81733e-006 -1.59249e-010 -1.59249e-010
5.03 -2.48303e-005 -5.3994e-006 -3.87722e-006 -1.60236e-010 -1.60236e-010
5.04 -2.48324e-005 -5.46605e-006 -3.92119e-006 -1.62288e-010 -1.62288e-010
5.05 -2.48419e-005 -5.52686e-006 -3.942e-006 -1.64507e-010 -1.64507e-010
5.06 -2.48613e-005 -5.60582e-006 -3.95204e-006 -1.65858e-010 -1.65858e-010
5.07 -2.48916e-005 -5.72341e-006 -3.97386e-006 -1.65822e-010 -1.65822e-010
5.08 -2.49299e-005 -5.86168e-006 -4.02746e-006 -1.64877e-010 -1.64877e-010
5.09 -2.49694e-005 -5.97419e-006 -4.1197e-006 -1.64482e-010 -1.64482e-010
5.1 -2.50048e-005 -6.02921e-006 -4.24423e-006 -1.66177e-010 -1.66177e-010
5.11 -2.50314e-005 -6.01708e-006 -4.38535e-006 -1.70371e-010 -1.70371e-010
5.12 -2.50442e-005 -5.93188e-006 -4.52374e-006 -1.75933e-010 -1.75933e-010
5.13 -2.5039e-005 -5.78541e-006 -4.64528e-006 -1.80926e-010 -1.80926e-010
5.14 -2.50164e-005 -5.63135e-006 -4.74208e-006 -1.83558e-010 -1.83558e-010
5.15 -2.49802e-005 -5.53405e-006 -4.80599e-006 -1.82721e-010 -1.82721e-010
5.16 -2.49314e-005 -5.51215e-006 -4.83374e-006 -1.78518e-010 -1.78518e-010
5.17 -2.48686e-005 -5.53977e-006 -4.83782e-006 -1.72458e-010 -1.72458e-010
5.18 -2.47913e-005 -5.58302e-006 -4.84135e-006 -1.66655e-010 -1.66655e-010
5.19 -2.47004e-005 -5.60764e-006 -4.86554e-006 -1.62858e-010 -1.62858e-010
5.2 -2.45962e-005 -5.56814e-006 -4.9201e-006 -1.62018e-010 -1.62018e-010
5.21 -2.44804e-005 -5.42589e-006 -4.99212e-006 -1.6415e-010 -1.6415e-010
5.22 -2.43607e-005 -5.18908e-006 -5.04164e-006 -1.68232e-010 -1.68232e-010
5.23 -2.42481e-005 -4.90627e-006 -5.01821e-006 -1.72261e-010 -1.72261e-010
5.24 -2.4152e-005 -4.6256e-006 -4.89104e-006 -1.74035e-010 -1.74035e-010
5.25 -2.4078e-005 -4.37935e-006 -4.6649e-006 -1.7237e-010 -1.7237e-010
5.26 -2.40277e-005 -4.17734e-006 -4.37039e-006 -1.67506e-010 -1.67506e-010
5.27 -2.39995e-005 -3.9987e-006 -4.0431e-006 -1.60755e-010 -1.60755e-010
5.28 -2.39916e-005 -3.8134e-006 -3.70959e-006 -1.5434e-010 -1.5434e-010
5.29 -2.40044e-005 -3.61307e-006 -3.38568e-006 -1.50705e-010 -1.50705e-010
5.3 -2.40383e-005 -3.40002e-006 -3.07976e-006 -1.51165e-010 -1.51165e-010
5.31 -2.40911e-005 -3.16806e-006 -2.79248e-006 -1.55486e-010 -1.55486e-010
5.32 -2.41607e-005 -2.91982e-006 -2.51249e-006 -1.62675e-010 -1.62675e-010
5.33 -2.42467e-005 -2.67599e-006 -2.21576e-006 -1.71559e-010 -1.71559e-010
5.34 -2.43483e-005 -2.45406e-006 -1.87404e-006 -1.80949e-010 -1.80949e-010
5.35 -2.44617e-005 -2.24656e-006 -1.46512e-006 -1.89864e-010 -1.89864e-010
5.36 -2.45805e-005 -2.02493e-006 -9.78302e-007 -1.97544e-010 -1.97544e-010
5.37 -2.46999e-005 -1.77985e-006 -4.24536e-007 -2.03085e-010 -2.03085e-010
5.38 -2.48187e-005 -1.54783e-006 1.58007e-007 -2.04921e-010 -2.04921e-010
5.39 -2.49368e-005 -1.37099e-006 7.28527e-007 -2.01671e-010 -2.01671e-010
5.4 -2.50528e-005 -1.24639e-006 1.27638e-006 -1.94157e-010 -1.94157e-010
5.41 -2.51665e-005 -1.13868e-006 1.81488e-006 -1.8602e-010 -1.8602e-010
5.42 -2.52781e-005 -1.02452e-006 2.34888e-006 -1.81534e-010 -1.81534e-010
5.43 -2.53896e-005 -9.21063e-007 2.8584e-006 -1.82121e-010 -1.82121e-010
5.44 -2.55045e-005 -8.75667e-007 3.31251e-006 -1.85665e-010 -1.85665e-010
5.45 -2.56258e-005 -9.15593e-007 3.70049e-006 -1.89503e-010 -1.89503e-010
5.46 -2.57574e-005 -1.01765e-006 4.0333e-006 -1.92991e-010 -1.92991e-010
5.47 -2.58942e-005 -1.13158e-006 4.319e-006 -1.96687e-010 -1.96687e-010
5.48 -2.60309e-005 -1.21709e-006 4.55123e-006 -2.00165e-010 -2.00165e-010
5.49 -2.61626e-005 -1.25623e-006 4.7192e-006 -2.01772e-010 -2.01772e-010
5.5 -2.62844e-005 -1.26711e-006 4.81436e-006 -1.99993e-010 -1.99993e-010
5.51 -2.63965e-005 -1.30448e-006 4.82946e-006 -1.9465e-010 -1.9465e-010
5.52 -2.64974e-005 -1.41085e-006 4.76099e-006 -1.87299e-010 -1.87299e-010
5.53 -2.65824e-005 -1.58575e-006 4.61429e-006 -1.80921e-010 -1.80921e-010
5.54 -2.66472e-005 -1.81537e-006 4.40457e-006 -1.78883e-010 -1.78883e-010
5.55 -2.66896e-005 -2.09228e-006 4.14511e-006 -1.83106e-010 -1.83106e-010
5.56 -2.67075e-005 -2.40926e-006 3.83323e-006 -1.92596e-010 -1.92596e-010
5.57 -2.67004e-005 -2.76435e-006 3.45919e-006 -2.03823e-010 -2.03823e-010
5.58 -2.66722e-005 -3.16394e-006 3.03014e-006 -2.12573e-010 -2.12573e-010
5.59 -2.66302e-005 -3.61353e-006 2.57284e-006 -2.15665e-010 -2.15665e-010
5.6 -2.65831e-005 -4.11628e-006 2.10943e-006 -2.11442e-010 -2.11442e-010
5.61 -2.65382e-005 -4.67523e-006 1.64047e-006 -1.99889e-010 -1.99889e-010
5.62 -2.65017e-005 -5.27811e-006 1.15187e-006 -1.828e-010 -1.828e-010
5.63 -2.64761e-005 -5.87867e-006 6.3452e-007 -1.63275e-010 -1.63275e-010
5.64 -2.646e-005 -6.41454e-006 9.02336e-008 -1.45405e-010 -1.45405e-010
5.65 -2.64533e-005 -6.85445e-006 -4.79265e-007 -1.33253e-010 -1.33253e-010
5.66 -2.64575e-005 -7.22368e-006 -1.07586e-006 -1.28573e-010 -1.28573e-010
5.67 -2.64759e-005 -7.5813e-006 -1.69518e-006 -1.29831e-010 -1.29831e-010
5.68 -2.65094e-005 -7.96882e-006 -2.32262e-006 -1.34142e-010 -1.34142e-010
5.69 -2.6554e-005 -8.37622e-006 -2.94127e-006 -1.39786e-010 -1.39786e-010
5.7 -2.65972e-005 -8.75879e-006 -3.54426e-006 -1.46416e-010 -1.46416e-010
5.71 -2.6625e-005 -9.08152e-006 -4.13349e-006 -1.53859e-010 -1.53859e-010
5.72 -2.66295e-005 -9.3394e-006 -4.70796e-006 -1.61343e-010 -1.61343e-010
5.73 -2.66064e-005 -9.5361e-006 -5.25369e-006 -1.67219e-010 -1.67219e-010
5.74 -2.65509e-005 -9.65581e-006 -5.74705e-006 -1.69868e-010 -1.69868e-010
5.75 -2.64546e-005 -9.66368e-006 -6.17094e-006 -1.6941e-010 -1.6941e-010
5.76 -2.6312e-005 -9.53587e-006 -6.52687e-006 -1.67514e-010 -1.67514e-010
5.77 -2.61222e-005 -9.28215e-006 -6.83062e-006 -1.66026e-010 -1.66026e-010
5.78 -2.58892e-005 -8.94082e-006 -7.10021e-006 -1.65356e-010 -1.65356e-010
5.79 -2.56198e-005 -8.57062e-006 -7.35164e-006 -1.63864e-010 -1.63864e-010
5.8 -2.53251e-005 -8.245e-006 -7.59635e-006 -1.60425e-010 -1.60425e-010
5.81 -2.50182e-005 -8.01579e-006 -7.83761e-006 -1.56455e-010 -1.56455e-010
5.82 -2.4706e-005 -7.84658e-006 -8.07165e-006 -1.54917e-010 -1.54917e-010
5.83 -2.43868e-005 -7.60552e-006 -8.29118e-006 -1.58629e-010 -1.58629e-010
5.84 -2.40586e-005 -7.1718e-006 -8.48335e-006 -1.68338e-010 -1.68338e-010
5.85 -2.37304e-005 -6.54284e-006 -8.6214e-006 -1.81333e-010 -1.81333e-010
5.86 -2.34195e-005 -5.8162e-006 -8.66867e-006 -1.92655e-010 -1.92655e-010
5.87 -2.31401e-005 -5.09569e-006 -8.60347e-006 -1.97958e-010 -1.97958e-010
5.88 -2.28975e-005 -4.43792e-006 -8.43812e-006 -1.95392e-010 -1.95392e-010
5.89 -2.26909e-005 -3.84307e-006 -8.20685e-006 -1.86019e-010 -1.86019e-010
5.9 -2.25151e-005 -3.26631e-006 -7.93847e-006 -1.73201e-010 -1.73201e-010
5.91 -2.23652e-005 -2.66166e-006 -7.64202e-006 -1.61245e-010 -1.61245e-010
5.92 -2.22384e-005 -2.00704e-006 -7.31125e-006 -1.54175e-010 -1.54175e-010
5.93 -2.21343e-005 -1.29887e-006 -6.92802e-006 -1.54345e-010 -1.54345e-010
5.94 -2.20545e-005 -5.60469e-007 -6.46399e-006 -1.60993e-010 -1.60993e-010
5.95 -2.20037e-005 1.45382e-007 -5.89523e-006 -1.70452e-010 -1.70452e-010
5.96 -2.19884e-005 7.32327e-007 -5.22538e-006 -1.78357e-010 -1.78357e-010
5.97 -2.20158e-005 1.13518e-006 -4.48834e-006 -1.81899e-010 -1.81899e-010
5.98 -2.20867e-005 1.34748e-006 -3.72776e-006 -1.80947e-010 -1.80947e-010
5.99 -2.22024e-005 1.40222e-006 -2.97926e-006 -1.78321e-010 -1.78321e-010
6 -2.23687e-005 1.31371e-006 -2.26517e-006 -1.78309e-010 -1.78309e-010
6.01 -2.25977e-005 1.05349e-006 -1.59533e-006 -1.8348e-010 -1.8348e-010
6.02 -2.29038e-005 5.90226e-007 -9.59917e-007 -1.94276e-010 -1.94276e-010
6.03 -2.33e-005 -7.74898e-008 -3.20101e-007 -2.11584e-010 -2.11584e-010
6.04 -2.37975e-005 -9.23146e-007 3.74405e-007 -2.35618e-010 -2.35618e-010
6.05 -2.43988e-005 -1.89068e-006 1.14342e-006 -2.61945e-010 -2.61945e-010
6.06 -2.50937e-005 -2.90361e-006 1.95515e-006 -2.82492e-010 -2.82492e-010
6.07 -2.58671e-005 -3.88449e-006 2.74692e-006 -2.90963e-010 -2.90963e-010
6.08 -2.67028e-005 -4.76898e-006 3.45698e-006 -2.84579e-010 -2.84579e-010
6.09 -2.75714e-005 -5.52966e-006 4.04229e-006 -2.6242e-010 -2.6242e-010
6.1 -2.84401e-005 -6.18767e-006 4.48746e-006 -2.2783e-010 -2.2783e-010
6.11 -2.92748e-005 -6.7749e-006 4.80942e-006 -1.9114e-010 -1.9114e-010
6.12 -3.00447e-005 -7.30085e-006 5.04936e-006 -1.64598e-010 -1.64598e-010
6.13 -3.0719e-005 -7.76185e-006 5.2564e-006 -1.53616e-010 -1.53616e-010
6.14 -3.12694e-005 -8.13758e-006 5.46673e-006 -1.54847e-010 -1.54847e-010
6.15 -3.16667e-005 -8.37956e-006 5.69726e-006 -1.62533e-010 -1.62533e-010
6.16 -3.18894e-005 -8.44609e-006 5.94905e-006 -1.72306e-010 -1.72306e-010
6.17 -3.19289e-005 -8.33846e-006 6.207e-006 -1.79373e-010 -1.79373e-010
6.18 -3.17911e-005 -8.09353e-006 6.44655e-006 -1.78648e-010 -1.78648e-010
6.19 -3.14935e-005 -7.77521e-006 6.65511e-006 -1.67795e-010 -1.67795e-010
6.2 -3.10712e-005 -7.46449e-006 6.84683e-006 -1.49039e-010 -1.49039e-010
6.21 -3.05611e-005 -7.20082e-006 7.05436e-006 -1.28886e-010 -1.28886e-010
6.22 -2.99978e-005 -6.92413e-006 7.29461e-006 -1.16205e-010 -1.16205e-010
6.23 -2.94022e-005 -6.49703e-006 7.54718e-006 -1.18495e-010 -1.18495e-010
6.24 -2.87972e-005 -5.80558e-006 7.76417e-006 -1.37746e-010 -1.37746e-010
6.25 -2.8205e-005 -4.85013e-006 7.90812e-006 -1.68581e-010 -1.68581e-010
6.26 -2.76646e-005 -3.76898e-006 7.97e-006 -2.00325e-010 -2.00325e-010
6.27 -2.72119e-005 -2.776e-006 7.96476e-006 -2.22807e-010 -2.22807e-010
6.28 -2.68686e-005 -2.03566e-006 7.91053e-006 -2.31592e-010 -2.31592e-010
6.29 -2.66388e-005 -1.54768e-006 7.82119e-006 -2.28695e-010 -2.28695e-010
6.3 -2.65019e-005 -1.13736e-006 7.71079e-006 -2.20571e-010 -2.20571e-010
6.31 -2.64324e-005 -6.12158e-007 7.59064e-006 -2.14299e-010 -2.14299e-010
6.32 -2.64101e-005 5.45797e-008 7.45306e-006 -2.13011e-010 -2.13011e-010
6.33 -2.64243e-005 7.01042e-007 7.2591e-006 -2.14257e-010 -2.14257e-010
6.34 -2.64695e-005 1.07994e-006 6.94779e-006 -2.12754e-010 -2.12754e-010
6.35 -2.65428e-005 9.97508e-007 6.47311e-006 -2.0494e-010 -2.0494e-010
6.36 -2.66367e-005 4.20944e-007 5.82555e-006 -1.92249e-010 -1.92249e-010
6.37 -2.67261e-005 -4.69637e-007 5.02385e-006 -1.81356e-010 -1.81356e-010
6.38 -2.67758e-005 -1.35298e-006 4.09534e-006 -1.8031e-010 -1.8031e-010
6.39 -2.67599e-005 -1.99583e-006 3.06408e-006 -1.91934e-010 -1.91934e-010
6.4 -2.66761e-005 -2.42231e-006 1.94911e-006 -2.09631e-010 -2.09631e-010
6.41 -2.65373e-005 -2.804e-006 7.73878e-007 -2.20034e-010 -2.20034e-010
6.42 -2.63519e-005 -3.26028e-006 -4.21849e-007 -2.11692e-010 -2.11692e-010
6.43 -2.61304e-005 -3.81999e-006 -1.5747e-006 -1.83046e-010 -1.83046e-010
6.44 -2.58838e-005 -4.45931e-006 -2.60865e-006 -1.42064e-010 -1.42064e-010
6.45 -2.56193e-005 -5.09662e-006 -3.46938e-006 -1.00009e-010 -1.00009e-010
6.46 -2.53394e-005 -5.61647e-006 -4.14986e-006 -6.58426e-011 -6.58426e-011
6.47 -2.50543e-005 -5.95814e-006 -4.68002e-006 -4.37565e-011 -4.37565e-011
6.48 -2.47797e-005 -6.17556e-006 -5.1129e-006 -3.41394e-011 -3.41394e-011
6.49 -2.45416e-005 -6.3875e-006 -5.50223e-006 -3.53997e-011 -3.53997e-011
6.5 -2.43587e-005 -6.6838e-006 -5.89145e-006 -4.62855e-011 -4.62855e-011
6.51 -2.4244e-005 -7.09096e-006 -6.31805e-006 -6.66625e-011 -6.66625e-011
6.52 -2.42034e-005 -7.60592e-006 -6.8176e-006 -9.39444e-011 -9.39444e-011
6.53 -2.42431e-005 -8.2488e-006 -7.41083e-006 -1.20427e-010 -1.20427e-010
6.54 -2.43806e-005 -9.05972e-006 -8.0985e-006 -1.38311e-010 -1.38311e-010
6.55 -2.46305e-005 -1.00138e-005 -8.86868e-006 -1.48808e-010 -1.48808e-010
6.56 -2.49601e-005 -1.0978e-005 -9.69384e-006 -1.59558e-010 -1.59558e-010
6.57 -2.53273e-005 -1.17771e-005 -1.05307e-005 -1.7245e-010 -1.7245e-010
6.58 -2.56918e-005 -1.22729e-005 -1.13241e-005 -1.83542e-010 -1.83542e-010
6.59 -2.60203e-005 -1.24202e-005 -1.20083e-005 -1.91381e-010 -1.91381e-010
6.6 -2.62898e-005 -1.22898e-005 -1.25203e-005 -1.97187e-010 -1.97187e-010
6.61 -2.64884e-005 -1.20225e-005 -1.28253e-005 -2.00462e-010 -2.00462e-010
6.62 -2.66056e-005 -1.17446e-005 -1.29334e-005 -1.98225e-010 -1.98225e-010
6.63 -2.66256e-005 -1.15226e-005 -1.28955e-005 -1.88072e-010 -1.88072e-010
6.64 -2.65396e-005 -1.13611e-005 -1.27764e-005 -1.70926e-010 -1.70926e-010
6.65 -2.63405e-005 -1.12213e-005 -1.26263e-005 -1.50038e-010 -1.50038e-010
6.66 -2.60368e-005 -1.10704e-005 -1.24645e-005 -1.2929e-010 -1.2929e-010
6.67 -2.56517e-005 -1.09054e-005 -1.2289e-005 -1.12603e-010 -1.12603e-010
6.68 -2.52153e-005 -1.07271e-005 -1.20923e-005 -1.02661e-010 -1.02661e-010
6.69 -2.47575e-005 -1.05079e-005 -1.18726e-005 -1.00115e-010 -1.00115e-010
6.7 -2.43074e-005 -1.02009e-005 -1.16237e-005 -1.04631e-010 -1.04631e-010
6.71 -2.38955e-005 -9.78042e-006 -1.13197e-005 -1.16114e-010 -1.16114e-010
6.72 -2.35536e-005 -9.26312e-006 -1.09257e-005 -1.33534e-010 -1.33534e-010
6.73 -2.33034e-005 -8.66313e-006 -1.04329e-005 -1.52331e-010 -1.52331e-010
6.74 -2.31469e-005 -7.93535e-006 -9.88169e-006 -1.64558e-010 -1.64558e-010
6.75 -2.30696e-005 -7.00233e-006 -9.35051e-006 -1.63927e-010 -1.63927e-010
6.76 -2.30444e-005 -5.80524e-006 -8.91243e-006 -1.5107e-010 -1.5107e-010
6.77 -2.30361e-005 -4.31554e-006 -8.58452e-006 -1.3324e-010 -1.3324e-010
6.78 -2.30194e-005 -2.5538e-006 -8.32476e-006 -1.19809e-010 -1.19809e-010
6.79 -2.29715e-005 -6.14986e-007 -8.07377e-006 -1.18499e-010 -1.18499e-010
6.8 -2.2867e-005 1.3403e-006 -7.78957e-006 -1.3225e-010 -1.3225e-010
6.81 -2.26815e-005 3.14586e-006 -7.45537e-006 -1.56012e-010 -1.56012e-010
6.82 -2.23924e-005 4.70113e-006 -7.0741e-006 -1.8191e-010 -1.8191e-010
6.83 -2.19882e-005 5.96419e-006 -6.65857e-006 -2.07353e-010 -2.07353e-010
6.84 -2.14769e-005 6.90013e-006 -6.22072e-006 -2.32315e-010 -2.32315e-010
6.85 -2.08873e-005 7.48031e-006 -5.76313e-006 -2.54044e-010 -2.54044e-010
6.86 -2.02685e-005 7.73923e-006 -5.27419e-006 -2.68608e-010 -2.68608e-010
6.87 -1.96621e-005 7.7756e-006 -4.72586e-006 -2.73715e-010 -2.73715e-010
6.88 -1.91315e-005 7.66721e-006 -4.08964e-006 -2.68117e-010 -2.68117e-010
6.89 -1.87324e-005 7.42045e-006 -3.34887e-006 -2.50907e-010 -2.50907e-010
6.9 -1.85196e-005 7.00043e-006 -2.51009e-006 -2.22328e-010 -2.22328e-010
6.91 -1.85446e-005 6.42022e-006 -1.61672e-006 -1.84468e-010 -1.84468e-010
6.92 -1.88187e-005 5.77766e-006 -7.50204e-007 -1.42577e-010 -1.42577e-010
6.93 -1.93312e-005 5.15952e-006 -2.65625e-008 -1.05261e-010 -1.05261e-010
6.94 -2.00712e-005 4.54533e-006 4.45783e-007 -8.08179e-011 -8.08179e-011
6.95 -2.10118e-005 3.83652e-006 6.29591e-007 -7.37364e-011 -7.37364e-011
6.96 -2.21169e-005 2.96291e-006 5.65454e-007 -8.47403e-011 -8.47403e-011
6.97 -2.33335e-005 1.9368e-006 3.31975e-007 -1.12332e-010 -1.12332e-010
6.98 -2.45956e-005 8.09417e-007 -4.51746e-009 -1.5344e-010 -1.5344e-010
6.99 -2.58326e-005 -3.91849e-007 -4.04981e-007 -2.01568e-010 -2.01568e-010
7 -2.69813e-005 -1.65577e-006 -8.37512e-007 -2.45203e-010 -2.45203e-010
7.01 -2.798e-005 -2.91397e-006 -1.25895e-006 -2.72676e-010 -2.72676e-010
7.02 -2.87747e-005 -4.04598e-006 -1.62339e-006 -2.79347e-010 -2.79347e-010
7.03 -2.93314e-005 -4.99323e-006 -1.89279e-006 -2.67557e-010 -2.67557e-010
7.04 -2.96525e-005 -5.83772e-006 -2.02116e-006 -2.42073e-010 -2.42073e-010
7.05 -2.97704e-005 -6.77981e-006 -1.93811e-006 -2.07761e-010 -2.07761e-010
7.06 -2.97443e-005 -7.98897e-006 -1.57265e-006 -1.70088e-010 -1.70088e-010
7.07 -2.96297e-005 -9.45364e-006 -8.89648e-007 -1.36135e-010 -1.36135e-010
7.08 -2.94798e-005 -1.10044e-005 8.72111e-008 -1.13317e-010 -1.13317e-010
7.09 -2.93628e-005 -1.24597e-005 1.28306e-006 -1.07039e-010 -1.07039e-010
7.1 -2.93437e-005 -1.37244e-005 2.58959e-006 -1.14426e-010 -1.14426e-010
7.11 -2.94855e-005 -1.47874e-005 3.8733e-006 -1.2116e-010 -1.2116e-010
7.12 -2.98137e-005 -1.56686e-005 4.99218e-006 -1.15069e-010 -1.15069e-010
7.13 -3.03382e-005 -1.64029e-005 5.82743e-006 -9.63462e-011 -9.63462e-011
7.14 -3.1061e-005 -1.70401e-005 6.31167e-006 -7.07164e-011 -7.07164e-011
7.15 -3.19598e-005 -1.76184e-005 6.43671e-006 -4.35078e-011 -4.35078e-011
7.16 -3.29865e-005 -1.8135e-005 6.23874e-006 -2.22214e-011 -2.22214e-011
7.17 -3.40757e-005 -1.85505e-005 5.78902e-006 -1.83069e-011 -1.83069e-011
7.18 -3.51533e-005 -1.88132e-005 5.19005e-006 -3.9583e-011 -3.9583e-011
7.19 -3.61364e-005 -1.88765e-005 4.55237e-006 -8.08567e-011 -8.08567e-011
7.2 -3.69456e-005 -1.87221e-005 3.9647e-006 -1.31726e-010 -1.31726e-010
7.21 -3.75161e-005 -1.83649e-005 3.48759e-006 -1.89245e-010 -1.89245e-010
7.22 -3.77944e-005 -1.78131e-005 3.16044e-006 -2.48939e-010 -2.48939e-010
7.23 -3.77397e-005 -1.70539e-005 3.00601e-006 -2.95458e-010 -2.95458e-010
7.24 -3.73349e-005 -1.60955e-005 3.03392e-006 -3.14957e-010 -3.14957e-010
7.25 -3.65917e-005 -1.49948e-005 3.23886e-006 -3.06799e-010 -3.06799e-010
7.26 -3.55486e-005 -1.38311e-005 3.59591e-006 -2.76194e-010 -2.76194e-010
7.27 -3.42605e-005 -1.26534e-005 4.05448e-006 -2.19356e-010 -2.19356e-010
7.28 -3.27927e-005 -1.1462e-005 4.53295e-006 -1.3106e-010 -1.3106e-010
7.29 -3.122e-005 -1.02388e-005 4.91954e-006 -3.16789e-011 -3.16789e-011
7.3 -2.96183e-005 -8.95928e-006 5.09569e-006 4.36541e-011 4.36541e-011
7.31 -2.80548e-005 -7.56302e-006 4.97273e-006 8.31579e-011 8.31579e-011
7.32 -2.65872e-005 -5.9807e-006 4.50997e-006 9.38458e-011 9.38458e-011
7.33 -2.52676e-005 -4.25479e-006 3.71339e-006 7.58007e-011 7.58007e-011
7.34 -2.41478e-005 -2.59465e-006 2.61949e-006 2.74832e-011 2.74832e-011
7.35 -2.32675e-005 -1.24308e-006 1.28649e-006 -3.98357e-011 -3.98357e-011
7.36 -2.26331e-005 -2.7911e-007 -2.11869e-007 -1.11554e-010 -1.11554e-010
7.37 -2.21914e-005 4.38697e-007 -1.8047e-006 -1.81475e-010 -1.81475e-010
7.38 -2.19021e-005 1.10923e-006 -3.40147e-006 -2.45449e-010 -2.45449e-010
7.39 -2.17556e-005 1.82247e-006 -4.91964e-006 -2.97055e-010 -2.97055e-010
7.4 -2.17054e-005 2.53075e-006 -6.28422e-006 -3.29905e-010 -3.29905e-010
7.41 -2.16954e-005 3.16921e-006 -7.44783e-006 -3.34103e-010 -3.34103e-010
7.42 -2.16887e-005 3.71773e-006 -8.38832e-006 -2.99869e-010 -2.99869e-010
7.43 -2.16472e-005 4.17739e-006 -9.10348e-006 -2.31133e-010 -2.31133e-010
7.44 -2.15484e-005 4.46183e-006 -9.61001e-006 -1.45811e-010 -1.45811e-010
7.45 -2.13867e-005 4.40435e-006 -9.94429e-006 -6.32133e-011 -6.32133e-011
7.46 -2.11796e-005 3.88841e-006 -1.01546e-005 3.96233e-012 3.96233e-012
7.47 -2.09487e-005 2.96558e-006 -1.02832e-005 4.79985e-011 4.79985e-011
7.48 -2.07086e-005 1.84939e-006 -1.03567e-005 6.05751e-011 6.05751e-011
7.49 -2.04741e-005 7.97966e-007 -1.04037e-005 3.60256e-011 3.60256e-011
7.5 -2.02678e-005 -2.71215e-008 -1.04854e-005 -1.72893e-011 -1.72893e-011
7.51 -2.01135e-005 -6.05255e-007 -1.0695e-005 -7.72871e-011 -7.72871e-011
7.52 -2.00278e-005 -9.75988e-007 -1.11118e-005 -1.222e-010 -1.222e-010
7.53 -2.00167e-005 -1.16782e-006 -1.17548e-005 -1.42887e-010 -1.42887e-010
7.54 -2.00754e-005 -1.19915e-006 -1.25821e-005 -1.43628e-010 -1.43628e-010
7.55 -2.01922e-005 -1.10672e-006 -1.35243e-005 -1.31884e-010 -1.31884e-010
7.56 -2.035e-005 -9.86915e-007 -1.4514e-005 -1.10214e-010 -1.10214e-010
7.57 -2.05306e-005 -9.70801e-007 -1.54889e-005 -7.97717e-011 -7.97717e-011
7.58 -2.07059e-005 -1.08421e-006 -1.63765e-005 -4.87836e-011 -4.87836e-011
7.59 -2.08337e-005 -1.16649e-006 -1.70897e-005 -3.30822e-011 -3.30822e-011
7.6 -2.08738e-005 -1.01015e-006 -1.75488e-005 -4.43914e-011 -4.43914e-011
7.61 -2.08092e-005 -5.741e-007 -1.77061e-005 -7.93688e-011 -7.93688e-011
7.62 -2.06541e-005 -4.39281e-008 -1.75437e-005 -1.2199e-010 -1.2199e-010
7.63 -2.04486e-005 3.06137e-007 -1.70567e-005 -1.5458e-010 -1.5458e-010
7.64 -2.02393e-005 3.15281e-007 -1.62394e-005 -1.67138e-010 -1.67138e-010
7.65 -2.00607e-005 1.86994e-008 -1.50913e-005 -1.59622e-010 -1.59622e-010
7.66 -1.99396e-005 -3.9066e-007 -1.36402e-005 -1.3776e-010 -1.3776e-010
7.67 -1.98987e-005 -6.71971e-007 -1.19519e-005 -1.08071e-010 -1.08071e-010
7.68 -1.99647e-005 -7.01104e-007 -1.01208e-005 -7.67945e-011 -7.67945e-011
7.69 -2.01736e-005 -5.41847e-007 -8.25134e-006 -4.91518e-011 -4.91518e-011
7.7 -2.05564e-005 -3.34851e-007 -6.43627e-006 -2.72874e-011 -2.72874e-011
7.71 -2.11226e-005 -1.50432e-007 -4.73945e-006 -1.1008e-011 -1.1008e-011
7.72 -2.18607e-005 1.89982e-008 -3.1891e-006 7.21325e-013 7.21325e-013
7.73 -2.27482e-005 1.67307e-007 -1.78367e-006 8.17558e-012 8.17558e-012
7.74 -2.37541e-005 2.52312e-007 -5.06101e-007 1.0129e-011 1.0129e-011
7.75 -2.48346e-005 2.65938e-007 6.69868e-007 5.31774e-012 5.31774e-012
7.76 -2.5934e-005 2.65973e-007 1.77907e-006 -1.05481e-011 -1.05481e-011
7.77 -2.69583e-005 3.1702e-007 2.87034e-006 -4.48195e-011 -4.48195e-011
7.78 -2.79049e-005 3.92056e-007 3.9478e-006 -9.81182e-011 -9.81182e-011
7.79 -2.87567e-005 3.71222e-007 4.99951e-006 -1.61791e-010 -1.61791e-010
7.8 -2.94843e-005 1.02635e-007 6.01099e-006 -2.25636e-010 -2.25636e-010
7.81 -3.00759e-005 -4.77844e-007 6.97959e-006 -2.80568e-010 -2.80568e-010
7.82 -3.05264e-005 -1.28233e-006 7.90913e-006 -3.18337e-010 -3.18337e-010
7.83 -3.08295e-005 -2.07057e-006 8.80281e-006 -3.35855e-010 -3.35855e-010
7.84 -3.0979e-005 -2.57563e-006 9.6555e-006 -3.36045e-010 -3.36045e-010
7.85 -3.0983e-005 -2.65698e-006 1.04586e-005 -3.21179e-010 -3.21179e-010
7.86 -3.08643e-005 -2.33374e-006 1.12035e-005 -2.88535e-010 -2.88535e-010
7.87 -3.06523e-005 -1.71309e-006 1.18741e-005 -2.33902e-010 -2.33902e-010
7.88 -3.03647e-005 -9.50862e-007 1.243e-005 -1.59323e-010 -1.59323e-010
7.89 -3.00357e-005 -2.41401e-007 1.28157e-005 -7.44039e-011 -7.44039e-011
7.9 -2.96866e-005 2.26249e-007 1.29932e-005 8.01762e-012 8.01762e-012
7.91 -2.93476e-005 3.0546e-007 1.29531e-005 7.26572e-011 7.26572e-011
7.92 -2.90562e-005 -4.27282e-008 1.27093e-005 1.04909e-010 1.04909e-010
7.93 -2.88321e-005 -7.23394e-007 1.22749e-005 9.69163e-011 9.69163e-011
7.94 -2.8679e-005 -1.55806e-006 1.16483e-005 4.96756e-011 4.96756e-011
7.95 -2.86008e-005 -2.39976e-006 1.08165e-005 -2.70707e-011 -2.70707e-011
7.96 -2.86024e-005 -3.21595e-006 9.76759e-006 -1.15562e-010 -1.15562e-010
7.97 -2.86908e-005 -4.06229e-006 8.50566e-006 -1.9378e-010 -1.9378e-010
7.98 -2.88651e-005 -5.00741e-006 7.06003e-006 -2.43518e-010 -2.43518e-010
7.99 -2.91135e-005 -6.05644e-006 5.49435e-006 -2.58349e-010 -2.58349e-010
8 -2.94065e-005 -7.11598e-006 3.90774e-006 -2.44721e-010 -2.44721e-010
8.01 -2.97116e-005 -8.06664e-006 2.4162e-006 -2.16072e-010 -2.16072e-010
8.02 -3.00065e-005 -8.88133e-006 1.12553e-006 -1.84852e-010 -1.84852e-010
8.03 -3.02776e-005 -9.63065e-006 1.1085e-007 -1.5734e-010 -1.5734e-010
8.04 -3.05101e-005 -1.03656e-005 -6.03368e-007 -1.33641e-010 -1.33641e-010
8.05 -3.06824e-005 -1.10444e-005 -1.05264e-006 -1.11329e-010 -1.11329e-010
8.06 -3.07745e-005 -1.16171e-005 -1.31205e-006 -8.77711e-011 -8.77711e-011
8.07 -3.07874e-005 -1.21463e-005 -1.47288e-006 -5.83821e-011 -5.83821e-011
8.08 -3.07391e-005 -1.27772e-005 -1.62679e-006 -1.5354e-011 -1.5354e-011
8.09 -3.06496e-005 -1.35869e-005 -1.841e-006 4.1328e-011 4.1328e-011
8.1 -3.05358e-005 -1.45066e-005 -2.15086e-006 9.37656e-011 9.37656e-011
8.11 -3.04047e-005 -1.53908e-005 -2.58108e-006 1.19142e-010 1.19142e-010
8.12 -3.02594e-005 -1.61042e-005 -3.16815e-006 1.06202e-010 1.06202e-010
8.13 -3.00998e-005 -1.65482e-005 -3.95222e-006 5.94201e-011 5.94201e-011
8.14 -2.99255e-005 -1.66738e-005 -4.94295e-006 -5.25365e-012 -5.25365e-012
8.15 -2.97303e-005 -1.64898e-005 -6.09034e-006 -6.99943e-011 -6.99943e-011
8.16 -2.95142e-005 -1.6049e-005 -7.28552e-006 -1.2191e-010 -1.2191e-010
8.17 -2.92689e-005 -1.54187e-005 -8.41141e-006 -1.53901e-010 -1.53901e-010
8.18 -2.89785e-005 -1.46478e-005 -9.38558e-006 -1.63519e-010 -1.63519e-010
8.19 -2.86309e-005 -1.37517e-005 -1.01698e-005 -1.51817e-010 -1.51817e-010
8.2 -2.82039e-005 -1.27407e-005 -1.07536e-005 -1.20929e-010 -1.20929e-010
8.21 -2.76935e-005 -1.16521e-005 -1.11278e-005 -7.53872e-011 -7.53872e-011
8.22 -2.71083e-005 -1.05487e-005 -1.12802e-005 -2.81984e-011 -2.81984e-011
8.23 -2.64626e-005 -9.51316e-006 -1.11929e-005 2.90269e-012 2.90269e-012
8.24 -2.57993e-005 -8.63685e-006 -1.08409e-005 1.00091e-011 1.00091e-011
8.25 -2.51593e-005 -7.97323e-006 -1.02141e-005 -1.29739e-012 -1.29739e-012
8.26 -2.45857e-005 -7.52036e-006 -9.32744e-006 -2.19793e-011 -2.19793e-011
8.27 -2.4122e-005 -7.24637e-006 -8.23082e-006 -4.53886e-011 -4.53886e-011
8.28 -2.38104e-005 -7.11732e-006 -6.99861e-006 -6.55627e-011 -6.55627e-011
8.29 -2.36856e-005 -7.08223e-006 -5.71028e-006 -7.66839e-011 -7.66839e-011
8.3 -2.37709e-005 -7.08104e-006 -4.43293e-006 -7.52077e-011 -7.52077e-011
8.31 -2.4081e-005 -7.09341e-006 -3.21075e-006 -6.07109e-011 -6.07109e-011
8.32 -2.46241e-005 -7.14907e-006 -2.06215e-006 -3.57408e-011 -3.57408e-011
8.33 -2.53867e-005 -7.27871e-006 -9.85732e-007 -6.87975e-012 -6.87975e-012
8.34 -2.63416e-005 -7.47898e-006 1.91978e-008 1.71856e-011 1.71856e-011
8.35 -2.74445e-005 -7.73977e-006 9.43068e-007 3.08027e-011 3.08027e-011
8.36 -2.86422e-005 -8.0737e-006 1.76983e-006 3.30273e-011 3.30273e-011
8.37 -2.98754e-005 -8.52123e-006 2.49722e-006 2.39477e-011 2.39477e-011
8.38 -3.10953e-005 -9.12462e-006 3.1543e-006 7.41405e-013 7.41405e-013
8.39 -3.22559e-005 -9.88333e-006 3.80393e-006 -4.05934e-011 -4.05934e-011
8.4 -3.33159e-005 -1.07544e-005 4.52393e-006 -9.96741e-011 -9.96741e-011
8.41 -3.42475e-005 -1.17057e-005 5.3874e-006 -1.68006e-010 -1.68006e-010
8.42 -3.50462e-005 -1.27394e-005 6.43949e-006 -2.31416e-010 -2.31416e-010
8.43 -3.5718e-005 -1.38651e-005 7.69302e-006 -2.75668e-010 -2.75668e-010
8.44 -3.62982e-005 -1.50808e-005 9.13123e-006 -2.91434e-010 -2.91434e-010
8.45 -3.6846e-005 -1.63784e-005 1.07208e-005 -2.74034e-010 -2.74034e-010
8.46 -3.73937e-005 -1.77384e-005 1.24061e-005 -2.16746e-010 -2.16746e-010
8.47 -3.77989e-005 -1.9151e-005 1.41562e-005 -1.12131e-010 -1.12131e-010
8.48 -3.81411e-005 -2.0542e-005 1.5863e-005 4.62798e-011 4.62798e-011
8.49 -3.82957e-005 -2.18856e-005 1.7445e-005 2.55452e-010 2.55452e-010
8.5 -3.84781e-005 -2.31539e-005 1.87305e-005 4.93414e-010 4.93414e-010
8.51 -3.87161e-005 -2.43762e-005 1.96433e-005 7.31704e-010 7.31704e-010
8.52 -3.90857e-005 -2.54626e-005 2.01299e-005 9.37223e-010 9.37223e-010
8.53 -3.96766e-005 -2.62923e-005 2.01792e-005 1.07426e-009 1.07426e-009
8.54 -4.04628e-005 -2.67757e-005 1.98483e-005 1.12461e-009 1.12461e-009
8.55 -4.12419e-005 -2.6936e-005 1.92597e-005 1.09535e-009 1.09535e-009
8.56 -4.1938e-005 -2.68846e-005 1.85217e-005 1.00643e-009 1.00643e-009
8.57 -4.25063e-005 -2.67633e-005 1.77278e-005 8.76206e-010 8.76206e-010
8.58 -4.2897e-005 -2.66739e-005 1.6959e-005 7.21085e-010 7.21085e-010
8.59 -4.30685e-005 -2.66356e-005 1.62731e-005 5.64855e-010 5.64855e-010
8.6 -4.29987e-005 -2.66305e-005 1.57057e-005 4.39612e-010 4.39612e-010
8.61 -4.26888e-005 -2.66873e-005 1.52783e-005 3.73135e-010 3.73135e-010
8.62 -4.21648e-005 -2.68677e-005 1.49993e-005 3.76654e-010 3.76654e-010
8.63 -4.14728e-005 -2.71996e-005 1.48628e-005 4.43326e-010 4.43326e-010
8.64 -4.06749e-005 -2.76641e-005 1.48518e-005 5.56452e-010 5.56452e-010
8.65 -3.98262e-005 -2.82277e-005 1.49349e-005 6.96472e-010 6.96472e-010
8.66 -3.89938e-005 -2.88373e-005 1.50565e-005 8.41734e-010 8.41734e-010
8.67 -3.82543e-005 -2.94005e-005 1.51373e-005 9.69742e-010 9.69742e-010
8.68 -3.76722e-005 -2.97825e-005 1.50907e-005 1.05933e-009 1.05933e-009
8.69 -3.73383e-005 -2.98547e-005 1.48409e-005 1.09383e-009 1.09383e-009
8.7 -3.72199e-005 -2.95827e-005 1.43463e-005 1.06847e-009 1.06847e-009
8.71 -3.72983e-005 -2.9003e-005 1.35794e-005 9.92765e-010 9.92765e-010
8.72 -3.75329e-005 -2.81535e-005 1.25226e-005 8.82246e-010 8.82246e-010
8.73 -3.78581e-005 -2.70186e-005 1.11857e-005 7.51019e-010 7.51019e-010
8.74 -3.81903e-005 -2.55783e-005 9.61921e-006 6.12068e-010 6.12068e-010
8.75 -3.84415e-005 -2.38961e-005 7.91605e-006 4.79642e-010 4.79642e-010
8.76 -3.85282e-005 -2.21273e-005 6.18233e-006 3.68453e-010 3.68453e-010
8.77 -3.83787e-005 -2.04349e-005 4.49967e-006 2.89816e-010 2.89816e-010
8.78 -3.79367e-005 -1.88723e-005 2.89959e-006 2.47809e-010 2.47809e-010
8.79 -3.71693e-005 -1.73472e-005 1.36104e-006 2.38272e-010 2.38272e-010
8.8 -3.60654e-005 -1.56966e-005 -1.6367e-007 2.53196e-010 2.53196e-010
8.81 -3.46319e-005 -1.37725e-005 -1.71517e-006 2.86012e-010 2.86012e-010
8.82 -3.28978e-005 -1.14968e-005 -3.30892e-006 3.17984e-010 3.17984e-010
8.83 -3.08671e-005 -8.90769e-006 -4.92368e-006 3.18945e-010 3.18945e-010
8.84 -2.83919e-005 -6.17444e-006 -6.52533e-006 2.82264e-010 2.82264e-010
8.85 -2.57339e-005 -3.54983e-006 -8.07869e-006 2.27169e-010 2.27169e-010
8.86 -2.3133e-005 -1.22687e-006 -9.61617e-006 1.62131e-010 1.62131e-010
8.87 -2.06534e-005 7.29777e-007 -1.1181e-005 8.21399e-011 8.21399e-011
8.88 -1.83507e-005 2.42029e-006 -1.28242e-005 1.56568e-012 1.56568e-012
8.89 -1.62574e-005 4.07693e-006 -1.45772e-005 -5.59421e-011 -5.59421e-011
8.9 -1.44635e-005 5.90528e-006 -1.64455e-005 -8.32199e-011 -8.32199e-011
8.91 -1.29356e-005 7.97093e-006 -1.84035e-005 -6.87744e-011 -6.87744e-011
8.92 -1.13533e-005 1.02907e-005 -2.05023e-005 3.09443e-011 3.09443e-011
8.93 -9.47642e-006 1.27859e-005 -2.26935e-005 2.6577e-010 2.6577e-010
8.94 -7.27939e-006 1.53686e-005 -2.48889e-005 6.30045e-010 6.30045e-010
8.95 -4.81654e-006 1.79625e-005 -2.69613e-005 1.06458e-009 1.06458e-009
8.96 -2.16199e-006 2.05228e-005 -2.88534e-005 1.49877e-009 1.49877e-009
8.97 4.81872e-007 2.30034e-005 -3.0425e-005 1.88029e-009 1.88029e-009
8.98 3.07671e-006 2.5385e-005 -3.1681e-005 2.19316e-009 2.19316e-009
8.99 5.51316e-006 2.75577e-005 -3.26147e-005 2.42713e-009 2.42713e-009
9 7.7475e-006 2.94e-005 -3.32354e-005 2.5617e-009 2.5617e-009
9.01 9.51987e-006 3.07619e-005 -3.35521e-005 2.57979e-009 2.57979e-009
9.02 1.07387e-005 3.15605e-005 -3.35808e-005 2.47144e-009 2.47144e-009
9.03 1.13929e-005 3.17967e-005 -3.3333e-005 2.26222e-009 2.26222e-009
9.04 1.17141e-005 3.15608e-005 -3.28455e-005 2.02427e-009 2.02427e-009
9.05 1.18012e-005 3.09617e-005 -3.2136e-005 1.81885e-009 1.81885e-009
9.06 1.15899e-005 3.00821e-005 -3.12022e-005 1.65792e-009 1.65792e-009
9.07 1.1041e-005 2.90215e-005 -3.00472e-005 1.54216e-009 1.54216e-009
9.08 1.01369e-005 2.78789e-005 -2.8665e-005 1.48818e-009 1.48818e-009
9.09 8.85329e-006 2.67393e-005 -2.70464e-005 1.50599e-009 1.50599e-009
9.1 7.18329e-006 2.56561e-005 -2.5194e-005 1.57614e-009 1.57614e-009
9.11 5.11661e-006 2.46031e-005 -2.31263e-005 1.65899e-009 1.65899e-009
9.12 2.63936e-006 2.34758e-005 -2.08863e-005 1.71932e-009 1.71932e-009
9.13 -2.47771e-007 2.21505e-005 -1.85291e-005 1.73583e-009 1.73583e-009
9.14 -3.50734e-006 2.05401e-005 -1.61083e-005 1.69823e-009 1.69823e-009
9.15 -7.06205e-006 1.86403e-005 -1.36654e-005 1.60409e-009 1.60409e-009
9.16 -1.08052e-005 1.65173e-005 -1.12457e-005 1.45748e-009 1.45748e-009
9.17 -1.46339e-005 1.42077e-005 -8.89873e-006 1.27079e-009 1.27079e-009
9.18 -1.84945e-005 1.16384e-005 -6.66665e-006 1.06545e-009 1.06545e-009
9.19 -2.23803e-005 8.66845e-006 -4.56343e-006 8.67284e-010 8.67284e-010
9.2 -2.62912e-005 5.20114e-006 -2.55122e-006 6.98967e-010 6.98967e-010
9.21 -2.9807e-005 1.26519e-006 -5.61758e-007 5.594e-010 5.594e-010
9.22 -3.1321e-005 -2.88216e-006 1.35899e-006 4.29213e-010 4.29213e-010
9.23 -3.27251e-005 -7.16351e-006 3.33816e-006 3.20645e-010 3.20645e-010
9.24 -3.41776e-005 -1.14546e-005 5.38114e-006 2.84555e-010 2.84555e-010
9.25 -3.55821e-005 -1.56431e-005 7.41232e-006 3.50097e-010 3.50097e-010
9.26 -3.69713e-005 -1.96785e-005 9.3958e-006 4.85804e-010 4.85804e-010
9.27 -3.83778e-005 -2.34782e-005 1.12834e-005 6.3721e-010 6.3721e-010
9.28 -3.98123e-005 -2.68842e-005 1.30403e-005 7.72231e-010 7.72231e-010
9.29 -4.10411e-005 -2.97517e-005 1.46738e-005 8.90918e-010 8.90918e-010
9.3 -4.1522e-005 -3.20393e-005 1.62582e-005 1.02424e-009 1.02424e-009
9.31 -4.18934e-005 -3.37056e-005 1.77264e-005 1.19181e-009 1.19181e-009
9.32 -4.23996e-005 -3.48479e-005 1.90577e-005 1.34924e-009 1.34924e-009
9.33 -4.30109e-005 -3.55734e-005 2.02166e-005 1.43791e-009 1.43791e-009
9.34 -4.3572e-005 -3.60319e-005 2.11632e-005 1.46759e-009 1.46759e-009
9.35 -4.40548e-005 -3.63301e-005 2.1827e-005 1.48819e-009 1.48819e-009
9.36 -4.4376e-005 -3.6565e-005 2.21737e-005 1.51917e-009 1.51917e-009
9.37 -4.4509e-005 -3.67727e-005 2.21843e-005 1.54063e-009 1.54063e-009
9.38 -4.44098e-005 -3.69553e-005 2.18683e-005 1.52726e-009 1.52726e-009
9.39 -4.40417e-005 -3.71009e-005 2.12526e-005 1.47224e-009 1.47224e-009
9.4 -4.34383e-005 -3.71614e-005 2.03591e-005 1.38793e-009 1.38793e-009
9.41 -4.26494e-005 -3.70146e-005 1.92071e-005 1.29605e-009 1.29605e-009
9.42 -4.17284e-005 -3.64912e-005 1.78127e-005 1.21325e-009 1.21325e-009
9.43 -4.07393e-005 -3.54646e-005 1.61882e-005 1.14192e-009 1.14192e-009
9.44 -3.97225e-005 -3.38928e-005 1.43552e-005 1.07942e-009 1.07942e-009
9.45 -3.87039e-005 -3.17977e-005 1.23549e-005 1.03253e-009 1.03253e-009
9.46 -3.76972e-005 -2.92231e-005 1.02514e-005 1.00972e-009 1.00972e-009
9.47 -3.67056e-005 -2.61901e-005 8.10974e-006 1.00281e-009 1.00281e-009
9.48 -3.57267e-005 -2.26924e-005 5.9706e-006 9.90027e-010 9.90027e-010
9.49 -3.47479e-005 -1.87467e-005 3.84434e-006 9.60986e-010 9.60986e-010
9.5 -3.37431e-005 -1.44578e-005 1.72505e-006 9.22651e-010 9.22651e-010
9.51 -3.2687e-005 -1.00643e-005 -3.96584e-007 8.62801e-010 8.62801e-010
9.52 -3.14821e-005 -5.85511e-006 -2.542e-006 7.80101e-010 7.80101e-010
9.53 -2.87706e-005 -1.97264e-006 -4.81034e-006 7.61855e-010 7.61855e-010
9.54 -2.47369e-005 1.59612e-006 -7.14896e-006 8.70798e-010 8.70798e-010
9.55 -2.05072e-005 5.03517e-006 -9.55743e-006 1.00976e-009 1.00976e-009
9.56 -1.63829e-005 8.41403e-006 -1.20131e-005 1.08518e-009 1.08518e-009
9.57 -1.22221e-005 1.18358e-005 -1.45202e-005 1.16442e-009 1.16442e-009
9.58 -8.06573e-006 1.53091e-005 -1.70804e-005 1.33237e-009 1.33237e-009
9.59 -3.94913e-006 1.88338e-005 -1.97163e-005 1.56036e-009 1.56036e-009
9.6 1.46645e-007 2.24749e-005 -2.24179e-005 1.77858e-009 1.77858e-009
9.61 4.1861e-006 2.62007e-005 -2.51469e-005 1.95021e-009 1.95021e-009
9.62 8.10275e-006 2.98839e-005 -2.78308e-005 2.06807e-009 2.06807e-009
9.63 1.22027e-005 3.33874e-005 -3.04087e-005 2.13005e-009 2.13005e-009
9.64 1.83064e-005 3.67756e-005 -3.295e-005 2.09403e-009 2.09403e-009
9.65 2.52154e-005 4.00196e-005 -3.54588e-005 1.9388e-009 1.9388e-009
9.66 3.17361e-005 4.30828e-005 -3.76829e-005 1.75692e-009 1.75692e-009
9.67 3.81118e-005 4.608e-005 -3.96652e-005 1.63959e-009 1.63959e-009
9.68 4.41446e-005 4.89252e-005 -4.13625e-005 1.58527e-009 1.58527e-009
9.69 4.94868e-005 5.13792e-005 -4.27727e-005 1.57696e-009 1.57696e-009
9.7 5.38046e-005 5.33077e-005 -4.38783e-005 1.63058e-009 1.63058e-009
9.71 5.70465e-005 5.46822e-005 -4.46837e-005 1.76543e-009 1.76543e-009
9.72 5.91682e-005 5.55136e-005 -4.51987e-005 1.9721e-009 1.9721e-009
9.73 6.01832e-005 5.57965e-005 -4.54617e-005 2.20946e-009 2.20946e-009
9.74 6.02521e-005 5.55775e-005 -4.55219e-005 2.415e-009 2.415e-009
9.75 5.97773e-005 5.49696e-005 -4.54522e-005 2.53781e-009 2.53781e-009
9.76 5.88791e-005 5.40567e-005 -4.53218e-005 2.57047e-009 2.57047e-009
9.77 5.75036e-005 5.27842e-005 -4.51711e-005 2.52779e-009 2.52779e-009
9.78 5.55623e-005 5.09908e-005 -4.50083e-005 2.41712e-009 2.41712e-009
9.79 5.29381e-005 4.85547e-005 -4.47963e-005 2.2492e-009 2.2492e-009
9.8 4.95975e-005 4.54904e-005 -4.44628e-005 2.05128e-009 2.05128e-009
9.81 4.55811e-005 4.1947e-005 -4.39141e-005 1.86222e-009 1.86222e-009
9.82 4.10068e-005 3.81615e-005 -4.30673e-005 1.71964e-009 1.71964e-009
9.83 3.60379e-005 3.43767e-005 -4.18582e-005 1.64557e-009 1.64557e-009
9.84 3.07725e-005 3.07394e-005 -4.02405e-005 1.6404e-009 1.6404e-009
9.85 2.52435e-005 2.72701e-005 -3.81954e-005 1.69148e-009 1.69148e-009
9.86 1.9445e-005 2.39292e-005 -3.57281e-005 1.78462e-009 1.78462e-009
9.87 1.34035e-005 2.06682e-005 -3.2868e-005 1.90333e-009 1.90333e-009
9.88 7.15039e-006 1.7452e-005 -2.96509e-005 2.02262e-009 2.02262e-009
9.89 7.37142e-007 1.42388e-005 -2.61202e-005 2.11152e-009 2.11152e-009
9.9 -5.82014e-006 1.09689e-005 -2.23345e-005 2.14502e-009 2.14502e-009
9.91 -1.24891e-005 7.61029e-006 -1.8365e-005 2.11264e-009 2.11264e-009
9.92 -1.90948e-005 4.19518e-006 -1.42772e-005 2.01863e-009 2.01863e-009
9.93 -2.5353e-005 7.96129e-007 -1.01052e-005 1.8747e-009 1.8747e-009
9.94 -3.01881e-005 -2.5176e-006 -5.83061e-006 1.66927e-009 1.66927e-009
9.95 -3.20865e-005 -5.51364e-006 -1.76704e-006 1.33395e-009 1.33395e-009
9.96 -3.29011e-005 -8.27834e-006 1.94504e-006 8.78407e-010 8.78407e-010
9.97 -3.39302e-005 -1.09027e-005 5.44062e-006 5.4836e-010 5.4836e-010
9.98 -3.49978e-005 -1.33417e-005 8.68612e-006 5.42963e-010 5.42963e-010
9.99 -3.60682e-005 -1.56048e-005 1.16419e-005 7.2341e-010 7.2341e-010
10 -3.71492e-005 -1.77606e-005 1.43476e-005 8.67554e-010 8.67554e-010
