0.1 -1.8702e-006 4.13997e-020 -4.15125e-020 -2.29829e-020 -2.29829e-020
0.2 -3.74113e-006 1.28888e-019 -1.25291e-019 7.26044e-021 7.26044e-021
0.3 -5.6128e-006 1.51298e-019 -1.36156e-019 8.94369e-019 8.94369e-019
0.4 -7.48521e-006 1.556e-019 -1.34435e-019 9.81075e-019 9.81075e-019
0.5 -9.35835e-006 1.5552e-019 -1.312e-019 4.80433e-019 4.80433e-019
0.6 -1.12322e-005 1.55345e-019 -1.2818e-019 6.29108e-019 6.29108e-019
0.7 -1.31069e-005 1.54357e-019 -1.26024e-019 8.53894e-019 8.53894e-019
0.8 -1.49822e-005 1.53782e-019 -1.24394e-019 5.89784e-019 5.89784e-019
0.9 -1.68583e-005 1.53736e-019 -1.24018e-019 3.12159e-019 3.12159e-019
1 -1.87352e-005 1.54438e-019 -1.24368e-019 4.59093e-019 4.59093e-019
0.01 -1.85319e-005 9.06169e-013 2.42803e-012 -7.92855e-010 -7.92855e-010
0.02 -1.82237e-005 2.37316e-013 6.33442e-013 -2.64382e-009 -2.64382e-009
0.03 -1.85189e-005 3.96178e-012 4.77325e-012 -1.61954e-009 -1.61954e-009
0.04 -1.8756e-005 1.72074e-011 -1.57939e-012 3.67899e-009 3.67899e-009
0.05 -1.86651e-005 -7.28681e-012 -2.86807e-012 6.10147e-009 6.10147e-009
0.06 -1.87051e-005 4.80993e-012 -2.702e-012 2.15824e-009 2.15824e-009
0.07 -1.86804e-005 3.5572e-013 6.20845e-013 -2.2875e-009 -2.2875e-009
0.08 -1.86758e-005 -6.82065e-014 -2.64509e-013 -2.82455e-009 -2.82455e-009
0.09 -1.86606e-005 3.44765e-013 -3.14775e-013 -1.6562e-009 -1.6562e-009
0.1 -1.86506e-005 6.03544e-013 -1.47757e-012 -1.58388e-009 -1.58388e-009
0.11 -1.86417e-005 -4.62145e-015 -8.1025e-014 -1.52964e-009 -1.52964e-009
0.12 -1.86373e-005 4.21433e-013 -7.67638e-013 1.91282e-010 1.91282e-010
0.13 -1.86369e-005 3.47001e-013 -7.62581e-013 2.38945e-009 2.38945e-009
0.14 -1.86407e-005 -6.46145e-014 3.05457e-013 2.91652e-009 2.91652e-009
0.15 -1.86472e-005 1.0497e-013 -1.34568e-013 1.72389e-009 1.72389e-009
0.16 -1.86551e-005 3.51016e-014 4.67207e-014 2.83984e-010 2.83984e-010
0.17 -1.86623e-005 6.38043e-014 -2.79872e-014 -6.63793e-010 -6.63793e-010
0.18 -1.86672e-005 1.6446e-014 -6.63116e-014 -1.34819e-009 -1.34819e-009
0.19 -1.86684e-005 5.04035e-014 -1.0682e-013 -1.73262e-009 -1.73262e-009
0.2 -1.86653e-005 7.39108e-014 4.43487e-014 -1.34531e-009 -1.34531e-009
0.21 -1.86582e-005 3.1898e-014 -1.45415e-013 -1.92614e-010 -1.92614e-010
0.22 -1.86481e-005 8.7828e-014 7.07617e-014 1.00976e-009 1.00976e-009
0.23 -1.86367e-005 4.39827e-014 -3.71149e-014 1.60086e-009 1.60086e-009
0.24 -1.86263e-005 6.02278e-014 6.57077e-015 1.49928e-009 1.49928e-009
0.25 -1.86186e-005 5.35348e-014 -1.14277e-014 9.47501e-010 9.47501e-010
0.26 -1.86151e-005 5.62941e-014 -4.01513e-015 1.58765e-010 1.58765e-010
0.27 -1.86165e-005 5.51551e-014 -7.06536e-015 -6.43921e-010 -6.43921e-010
0.28 -1.86224e-005 5.5618e-014 -5.79833e-015 -1.13487e-009 -1.13487e-009
0.29 -1.86314e-005 1.7279e-012 -3.21305e-012 -1.07085e-009 -1.07085e-009
0.3 -1.86416e-005 1.70096e-012 -2.11706e-013 -5.14065e-010 -5.14065e-010
0.31 -1.8651e-005 -1.00533e-012 2.94535e-012 2.253e-010 2.253e-010
0.32 -1.86574e-005 -3.34261e-013 1.86718e-013 8.2538e-010 8.2538e-010
0.33 -1.86597e-005 4.02636e-013 -1.08654e-012 1.09301e-009 1.09301e-009
0.34 -1.86577e-005 4.25307e-013 -2.48356e-013 9.67187e-010 9.67187e-010
0.35 -1.86518e-005 2.73054e-013 7.79307e-013 5.11513e-010 5.11513e-010
0.36 -1.86437e-005 -3.41489e-014 -3.29793e-013 -8.25485e-011 -8.25485e-011
0.37 -1.86354e-005 9.24198e-014 1.27156e-013 -5.60127e-010 -5.60127e-010
0.38 -1.8629e-005 4.02712e-014 -6.11097e-014 -7.30928e-010 -7.30928e-010
0.39 -1.86263e-005 2.14611e-013 3.88186e-014 -5.578e-010 -5.578e-010
0.4 -1.86281e-005 1.38957e-013 -2.04136e-015 -1.46784e-010 -1.46784e-010
0.41 -1.86344e-005 1.10593e-012 9.11427e-014 3.21933e-010 3.21933e-010
0.42 -1.86439e-005 -1.44179e-012 -7.48166e-015 6.65931e-010 6.65931e-010
0.43 -1.86548e-005 2.08811e-012 -5.56083e-013 7.6094e-010 7.6094e-010
0.44 -1.8665e-005 -6.36639e-013 1.83839e-013 5.86178e-010 5.86178e-010
0.45 -1.86727e-005 4.08169e-013 1.68866e-013 2.32014e-010 2.32014e-010
0.46 -1.86765e-005 1.79271e-013 -5.96669e-013 -1.44273e-010 -1.44273e-010
0.47 -1.86759e-005 4.48933e-015 2.37106e-013 -3.91516e-010 -3.91516e-010
0.48 -1.86716e-005 7.64989e-014 -1.06408e-013 -4.25123e-010 -4.25123e-010
0.49 -1.86651e-005 4.68478e-014 3.50904e-014 -2.51242e-010 -2.51242e-010
0.5 -1.86583e-005 -2.86584e-014 -8.94375e-014 4.50151e-011 4.50151e-011
0.51 -1.86531e-005 3.03896e-014 -1.70918e-014 3.37639e-010 3.37639e-010
0.52 -1.86514e-005 1.15772e-013 2.23881e-014 5.11213e-010 5.11213e-010
0.53 -1.86539e-005 4.3139e-013 2.40214e-013 5.06622e-010 5.06622e-010
0.54 -1.86606e-005 -4.96068e-013 -4.11479e-013 3.40892e-010 3.40892e-010
0.55 -1.86707e-005 3.53342e-013 1.77034e-013 9.35367e-011 9.35367e-011
0.56 -1.86824e-005 4.33781e-014 1.58341e-015 -1.31015e-010 -1.31015e-010
0.57 -1.86937e-005 -6.03732e-014 -1.15705e-013 -2.46468e-010 -2.46468e-010
0.58 -1.87027e-005 8.44311e-014 2.26834e-014 -2.16436e-010 -2.16436e-010
0.59 -1.8708e-005 1.5576e-013 1.16967e-013 -6.46242e-011 -6.46242e-011
0.6 -1.87091e-005 -1.24727e-013 -2.49965e-013 1.39015e-010 1.39015e-010
0.61 -1.87063e-005 1.70442e-013 1.87363e-013 3.09628e-010 3.09628e-010
0.62 -1.87005e-005 1.52988e-013 -1.03255e-013 3.825e-010 3.825e-010
0.63 -1.86933e-005 -4.06456e-013 -4.30604e-013 3.37044e-010 3.37044e-010
0.64 -1.86868e-005 9.95357e-013 9.02745e-013 2.01026e-010 2.01026e-010
0.65 -1.86824e-005 -7.2256e-013 -8.89712e-013 3.5486e-011 3.5486e-011
0.66 -1.86811e-005 8.51577e-013 7.77958e-013 -9.19542e-011 -9.19542e-011
0.67 -1.86828e-005 -2.65127e-014 -1.15681e-013 -1.34167e-010 -1.34167e-010
0.68 -1.86868e-005 2.09459e-013 1.5515e-013 -8.14625e-011 -8.14625e-011
0.69 -1.86921e-005 -7.94818e-015 -7.2642e-014 3.76026e-011 3.76026e-011
0.7 -1.86971e-005 8.16183e-014 2.12006e-014 1.70678e-010 1.70678e-010
0.71 -1.87003e-005 4.47215e-014 -1.74556e-014 2.64259e-010 2.64259e-010
0.72 -1.87004e-005 5.99241e-014 -1.53711e-015 2.84823e-010 2.84823e-010
0.73 -1.8697e-005 5.36601e-014 -8.09042e-015 2.30318e-010 2.30318e-010
0.74 -1.86901e-005 5.62407e-014 -5.38826e-015 1.28375e-010 1.28375e-010
0.75 -1.86807e-005 5.51775e-014 -6.49963e-015 2.30012e-011 2.30012e-011
0.76 -1.86703e-005 5.56155e-014 -6.04366e-015 -4.41105e-011 -4.41105e-011
0.77 -1.86602e-005 5.5435e-014 -6.22962e-015 -4.98266e-011 -4.98266e-011
0.78 -1.86519e-005 5.55094e-014 -6.1549e-015 2.88625e-012 2.88625e-012
0.79 -1.86465e-005 5.54791e-014 -6.18424e-015 8.83642e-011 8.83642e-011
0.8 -1.86442e-005 5.54912e-014 -6.17339e-015 1.70274e-010 1.70274e-010
0.81 -1.86449e-005 5.54863e-014 -6.17638e-015 2.16776e-010 2.16776e-010
0.82 -1.86476e-005 5.54885e-014 -6.17695e-015 2.12632e-010 2.12632e-010
0.83 -1.86512e-005 5.54752e-014 -6.15948e-015 1.63791e-010 1.63791e-010
0.84 -1.86543e-005 5.54928e-014 -6.18275e-015 9.32921e-011 9.32921e-011
0.85 -1.86562e-005 5.54855e-014 -6.1729e-015 3.07534e-011 3.07534e-011
0.86 -1.86565e-005 5.54913e-014 -6.18788e-015 1.30945e-013 1.30945e-013
0.87 -1.86554e-005 5.54867e-014 -6.17145e-015 1.07543e-011 1.07543e-011
0.88 -1.86533e-005 5.54813e-014 -6.19086e-015 5.49075e-011 5.49075e-011
0.89 -1.86512e-005 5.54891e-014 -6.16953e-015 1.12304e-010 1.12304e-010
0.9 -1.86504e-005 5.54868e-014 -6.18236e-015 1.59109e-010 1.59109e-010
0.91 -1.86521e-005 5.54883e-014 -6.16978e-015 1.77651e-010 1.77651e-010
0.92 -1.86569e-005 5.54658e-014 -6.15859e-015 1.62951e-010 1.62951e-010
0.93 -1.8665e-005 8.90705e-013 2.51793e-013 1.2366e-010 1.2366e-010
0.94 -1.8676e-005 -1.36887e-012 -4.54726e-013 7.74264e-011 7.74264e-011
0.95 -1.8689e-005 1.38861e-012 4.59394e-013 4.30946e-011 4.30946e-011
0.96 -1.87025e-005 -1.36089e-012 -5.44767e-013 3.3186e-011 3.3186e-011
0.97 -1.87148e-005 1.56073e-012 5.98829e-013 4.95993e-011 4.95993e-011
0.98 -1.87247e-005 -1.42121e-012 -6.46651e-013 8.37981e-011 8.37981e-011
0.99 -1.87312e-005 1.24093e-012 6.37352e-013 1.2096e-010 1.2096e-010
1 -1.87343e-005 -1.18089e-012 -8.64596e-013 1.46225e-010 1.46225e-010
1.01 -1.87341e-005 1.42283e-012 1.13671e-012 1.50546e-010 1.50546e-010
1.02 -1.87308e-005 -1.57187e-012 -1.59767e-012 1.33866e-010 1.33866e-010
1.03 -1.87258e-005 1.56609e-012 1.63961e-012 1.0445e-010 1.0445e-010
1.04 -1.8721e-005 -1.34967e-012 -1.63782e-012 7.49143e-011 7.49143e-011
1.05 -1.8718e-005 1.81859e-012 2.11958e-012 5.68622e-011 5.68622e-011
1.06 -1.87175e-005 9.66815e-013 5.07955e-013 5.6406e-011 5.6406e-011
1.07 -1.87196e-005 1.90746e-012 2.03172e-012 7.22337e-011 7.22337e-011
1.08 -1.87239e-005 -6.73221e-013 -8.79737e-013 9.67417e-011 9.67417e-011
1.09 -1.87298e-005 5.63846e-013 7.04297e-013 1.19559e-010 1.19559e-010
1.1 -1.8736e-005 -9.70179e-014 -4.23758e-013 1.31896e-010 1.31896e-010
1.11 -1.87412e-005 9.11072e-014 3.36885e-013 1.29888e-010 1.29888e-010
1.12 -1.87444e-005 6.82231e-014 -3.50534e-013 1.15623e-010 1.15623e-010
1.13 -1.87455e-005 3.66438e-014 4.30346e-013 9.57424e-011 9.57424e-011
1.14 -1.87443e-005 1.64214e-013 -6.30042e-013 7.84634e-011 7.84634e-011
1.15 -1.8741e-005 1.35883e-013 3.69878e-013 7.03164e-011 7.03164e-011
1.16 -1.87366e-005 3.63133e-014 -3.22618e-013 7.37568e-011 7.37568e-011
1.17 -1.87325e-005 3.36092e-013 -1.29713e-013 8.65175e-011 8.65175e-011
1.18 -1.87302e-005 -3.31133e-013 -2.1119e-013 1.02875e-010 1.02875e-010
1.19 -1.87307e-005 1.00414e-012 7.4819e-013 1.16153e-010 1.16153e-010
1.2 -1.87339e-005 -7.95367e-013 -7.72758e-013 1.21353e-010 1.21353e-010
1.21 -1.87387e-005 7.20158e-013 5.98722e-013 1.1696e-010 1.1696e-010
1.22 -1.87436e-005 5.67217e-014 -7.69462e-014 1.0533e-010 1.0533e-010
1.23 -1.87467e-005 -1.07586e-012 -1.0341e-012 9.15339e-011 9.15339e-011
1.24 -1.87468e-005 5.1867e-013 4.15339e-013 8.1151e-011 8.1151e-011
1.25 -1.87431e-005 -1.35524e-013 -1.80059e-013 7.80106e-011 7.80106e-011
1.26 -1.87359e-005 1.34184e-013 6.54635e-014 8.28139e-011 8.28139e-011
1.27 -1.87263e-005 2.30656e-014 -3.56921e-014 9.31275e-011 9.31275e-011
1.28 -1.87158e-005 6.8847e-014 5.96767e-015 1.04594e-010 1.04594e-010
1.29 -1.87061e-005 4.99686e-014 -1.11616e-014 1.12757e-010 1.12757e-010
1.3 -1.86989e-005 6.83018e-013 -6.7939e-014 1.14762e-010 1.14762e-010
1.31 -1.86957e-005 -4.38664e-013 9.91701e-014 1.10319e-010 1.10319e-010
1.32 -1.86969e-005 2.71536e-013 -1.87002e-014 1.01595e-010 1.01595e-010
1.33 -1.87019e-005 1.51032e-013 -4.14976e-014 9.2192e-011 9.2192e-011
1.34 -1.87089e-005 -3.44744e-014 4.49377e-014 8.56742e-011 8.56742e-011
1.35 -1.8717e-005 2.24739e-013 -5.29219e-014 8.42401e-011 8.42401e-011
1.36 -1.87255e-005 1.56513e-012 1.25586e-013 8.80203e-011 8.80203e-011
1.37 -1.87335e-005 3.71589e-012 -1.82699e-012 9.52182e-011 9.52182e-011
1.38 -1.87399e-005 1.12073e-012 -1.07333e-012 1.02901e-010 1.02901e-010
1.39 -1.87433e-005 -6.52564e-012 2.86462e-012 1.0809e-010 1.0809e-010
1.4 -1.87431e-005 -3.39476e-012 1.37947e-012 1.08912e-010 1.08912e-010
1.41 -1.87394e-005 9.10689e-013 -1.34801e-012 1.05409e-010 1.05409e-010
1.42 -1.87331e-005 -3.30372e-014 2.22712e-012 9.94264e-011 9.94264e-011
1.43 -1.87258e-005 1.80794e-012 -2.73068e-012 9.36359e-011 9.36359e-011
1.44 -1.87188e-005 -6.66517e-013 1.11632e-012 9.02589e-011 9.02589e-011
1.45 -1.8712e-005 3.52952e-013 -4.68639e-013 9.0225e-011 9.0225e-011
1.46 -1.87045e-005 -6.70668e-014 1.84357e-013 9.30979e-011 9.30979e-011
1.47 -1.8696e-005 1.0598e-013 -8.46742e-014 9.74932e-011 9.74932e-011
1.48 -1.86868e-005 3.46905e-014 2.61518e-014 1.01653e-010 1.01653e-010
1.49 -1.86766e-005 6.40699e-014 -1.95076e-014 1.04055e-010 1.04055e-010
1.5 -1.86642e-005 5.80282e-014 1.74694e-015 1.03917e-010 1.03917e-010
1.51 -1.86492e-005 1.4429e-012 -7.57709e-015 1.01412e-010 1.01412e-010
1.52 -1.86336e-005 1.63498e-012 -1.15829e-012 9.75538e-011 9.75538e-011
1.53 -1.86201e-005 -1.04534e-013 -2.77086e-013 9.3885e-011 9.3885e-011
1.54 -1.86111e-005 4.38021e-013 7.40752e-014 9.196e-011 9.196e-011
1.55 -1.86081e-005 1.81334e-013 -4.32076e-014 9.26673e-011 9.26673e-011
1.56 -1.86126e-005 8.70074e-014 8.33414e-014 9.57133e-011 9.57133e-011
1.57 -1.8625e-005 8.16194e-014 -6.52926e-013 9.97486e-011 9.97486e-011
1.58 -1.86438e-005 7.48114e-014 1.54695e-013 1.03082e-010 1.03082e-010
1.59 -1.86658e-005 2.11156e-013 -2.95318e-013 1.04431e-010 1.04431e-010
1.6 -1.86861e-005 3.96582e-014 8.90383e-014 1.03368e-010 1.03368e-010
1.61 -1.87006e-005 4.36109e-013 1.68648e-013 1.00429e-010 1.00429e-010
1.62 -1.87073e-005 2.8154e-014 9.34149e-015 9.6855e-011 9.6855e-011
1.63 -1.87067e-005 -4.21993e-013 1.50191e-012 9.39805e-011 9.39805e-011
1.64 -1.87012e-005 2.19657e-012 -2.42482e-012 9.26241e-011 9.26241e-011
1.65 -1.86945e-005 1.92665e-012 6.85707e-013 9.29675e-011 9.29675e-011
1.66 -1.86914e-005 -6.5821e-013 -3.16996e-013 9.48794e-011 9.48794e-011
1.67 -1.86964e-005 1.2456e-012 1.16012e-012 9.80391e-011 9.80391e-011
1.68 -1.87125e-005 4.24659e-013 1.31661e-013 1.01637e-010 1.01637e-010
1.69 -1.87398e-005 1.46945e-013 1.03084e-013 1.04314e-010 1.04314e-010
1.7 -1.87748e-005 -6.57434e-012 -5.74536e-012 1.04778e-010 1.04778e-010
1.71 -1.88124e-005 -4.02744e-012 -2.99114e-012 1.02584e-010 1.02584e-010
1.72 -1.88475e-005 1.88219e-012 1.66723e-012 9.84106e-011 9.84106e-011
1.73 -1.88752e-005 -8.80723e-013 -5.82928e-013 9.37018e-011 9.37018e-011
1.74 -1.88918e-005 2.0137e-013 6.94126e-013 9.0071e-011 9.0071e-011
1.75 -1.88959e-005 1.10886e-012 1.05624e-012 8.88251e-011 8.88251e-011
1.76 -1.88889e-005 7.13227e-012 -6.13482e-012 9.05642e-011 9.05642e-011
1.77 -1.88742e-005 2.91032e-012 -4.34998e-012 9.48807e-011 9.48807e-011
1.78 -1.88549e-005 -5.34201e-013 5.04888e-013 1.00447e-010 1.00447e-010
1.79 -1.88344e-005 8.62143e-013 -1.16336e-012 1.05515e-010 1.05515e-010
1.8 -1.88159e-005 1.34415e-013 9.93858e-013 1.08459e-010 1.08459e-010
1.81 -1.88009e-005 4.19473e-013 -9.29432e-013 1.08181e-010 1.08181e-010
1.82 -1.87883e-005 4.36546e-014 -4.97665e-014 1.04588e-010 1.04588e-010
1.83 -1.87764e-005 3.45451e-013 1.20456e-013 9.8937e-011 9.8937e-011
1.84 -1.87637e-005 -2.30185e-013 -2.37844e-013 9.34547e-011 9.34547e-011
1.85 -1.87497e-005 3.49417e-014 3.18402e-014 9.03066e-011 9.03066e-011
1.86 -1.87339e-005 1.66489e-013 1.35778e-013 9.05369e-011 9.05369e-011
1.87 -1.87168e-005 -8.6095e-014 6.92352e-014 9.3729e-011 9.3729e-011
1.88 -1.87009e-005 4.75041e-013 1.26025e-013 9.84166e-011 9.84166e-011
1.89 -1.86904e-005 -3.74214e-014 -2.0719e-013 1.02731e-010 1.02731e-010
1.9 -1.86868e-005 1.69498e-012 -1.93524e-012 1.05253e-010 1.05253e-010
1.91 -1.86887e-005 -4.94464e-013 1.31402e-012 1.05601e-010 1.05601e-010
1.92 -1.86926e-005 4.16665e-012 -5.22789e-012 1.04265e-010 1.04265e-010
1.93 -1.86948e-005 1.44461e-012 -1.46713e-012 1.02043e-010 1.02043e-010
1.94 -1.86899e-005 -7.4733e-013 3.02407e-013 9.9628e-011 9.9628e-011
1.95 -1.86721e-005 1.68531e-012 1.53157e-012 9.75307e-011 9.75307e-011
1.96 -1.8638e-005 4.68405e-013 3.53101e-013 9.61182e-011 9.61182e-011
1.97 -1.85882e-005 4.01772e-013 2.44191e-013 9.55581e-011 9.55581e-011
1.98 -1.85267e-005 2.20753e-013 1.64828e-013 9.58028e-011 9.58028e-011
1.99 -1.84595e-005 1.1414e-013 1.15872e-013 9.67538e-011 9.67538e-011
2 -1.83939e-005 1.85529e-013 1.053e-013 9.8358e-011 9.8358e-011
2.01 -1.8337e-005 -2.25345e-014 -2.65765e-014 1.00458e-010 1.00458e-010
2.02 -1.82955e-005 2.69923e-013 6.79023e-014 1.02607e-010 1.02607e-010
2.03 -1.82734e-005 4.68366e-013 1.31253e-013 1.04152e-010 1.04152e-010
2.04 -1.82703e-005 9.34204e-013 -1.89606e-013 1.045e-010 1.045e-010
2.05 -1.82826e-005 2.22314e-012 -1.40612e-012 1.03336e-010 1.03336e-010
2.06 -1.83056e-005 2.16408e-012 -2.56528e-012 1.00757e-010 1.00757e-010
2.07 -1.83332e-005 6.18443e-013 -1.28137e-012 9.74369e-011 9.74369e-011
2.08 -1.83589e-005 2.99803e-013 -5.4865e-013 9.45943e-011 9.45943e-011
2.09 -1.83778e-005 2.00391e-013 -2.2996e-014 9.34906e-011 9.34906e-011
2.1 -1.83883e-005 1.95652e-013 -1.71796e-013 9.46751e-011 9.46751e-011
2.11 -1.83916e-005 1.87821e-013 -6.04334e-015 9.76697e-011 9.76697e-011
2.12 -1.83903e-005 3.00079e-013 1.25682e-013 1.01352e-010 1.01352e-010
2.13 -1.83874e-005 1.87733e-013 -2.56411e-013 1.04563e-010 1.04563e-010
2.14 -1.83854e-005 1.14767e-014 -6.08051e-014 1.06432e-010 1.06432e-010
2.15 -1.83875e-005 -1.5464e-016 3.12744e-014 1.06428e-010 1.06428e-010
2.16 -1.83967e-005 1.2748e-014 -2.93135e-014 1.0447e-010 1.0447e-010
2.17 -1.84147e-005 3.29685e-015 1.18889e-014 1.01081e-010 1.01081e-010
2.18 -1.84399e-005 7.49949e-014 -1.26008e-013 9.73405e-011 9.73405e-011
2.19 -1.84688e-005 -9.82336e-015 2.12837e-014 9.45065e-011 9.45065e-011
2.2 -1.84992e-005 4.49115e-014 6.38316e-014 9.34906e-011 9.34906e-011
2.21 -1.85314e-005 -1.1988e-014 -2.00068e-014 9.45077e-011 9.45077e-011
2.22 -1.85655e-005 1.00255e-014 1.41183e-014 9.7101e-011 9.7101e-011
2.23 -1.8601e-005 5.30987e-015 6.00926e-015 1.004e-010 1.004e-010
2.24 -1.86374e-005 2.89883e-015 3.39973e-015 1.03363e-010 1.03363e-010
2.25 -1.86743e-005 7.55153e-015 1.33122e-014 1.05019e-010 1.05019e-010
2.26 -1.87109e-005 5.41215e-015 1.17874e-014 1.04817e-010 1.04817e-010
2.27 -1.87458e-005 -8.89446e-015 1.00546e-014 1.0292e-010 1.0292e-010
2.28 -1.87784e-005 -1.30646e-014 8.69906e-015 1.00144e-010 1.00144e-010
2.29 -1.88086e-005 3.44316e-015 1.75813e-014 9.75671e-011 9.75671e-011
2.3 -1.88357e-005 -2.2404e-014 1.28984e-014 9.60614e-011 9.60614e-011
2.31 -1.88587e-005 8.75855e-012 -3.23989e-012 9.61067e-011 9.61067e-011
2.32 -1.88786e-005 1.05255e-011 -1.12579e-011 9.77273e-011 9.77273e-011
2.33 -1.88964e-005 -1.73992e-012 4.66267e-013 1.0033e-010 1.0033e-010
2.34 -1.8913e-005 2.03861e-012 -1.16384e-012 1.02939e-010 1.02939e-010
2.35 -1.89289e-005 -1.00781e-013 -1.48236e-013 1.048e-010 1.048e-010
2.36 -1.89441e-005 5.97357e-013 -2.39389e-013 1.05508e-010 1.05508e-010
2.37 -1.89577e-005 6.81639e-015 -1.94155e-013 1.04917e-010 1.04917e-010
2.38 -1.89683e-005 6.3463e-014 -2.9553e-014 1.03357e-010 1.03357e-010
2.39 -1.89755e-005 5.48433e-013 5.37789e-013 1.01644e-010 1.01644e-010
2.4 -1.89799e-005 -8.30997e-014 -4.76921e-014 1.00598e-010 1.00598e-010
2.41 -1.89827e-005 1.8822e-012 -2.52446e-012 1.00617e-010 1.00617e-010
2.42 -1.89858e-005 2.47011e-012 3.06585e-013 1.01692e-010 1.01692e-010
2.43 -1.89902e-005 4.49372e-013 1.36682e-012 1.03476e-010 1.03476e-010
2.44 -1.89946e-005 -1.90145e-013 -6.0591e-013 1.05234e-010 1.05234e-010
2.45 -1.89958e-005 3.78523e-013 3.18829e-013 1.06142e-010 1.06142e-010
2.46 -1.89918e-005 3.93907e-013 3.00076e-013 1.05791e-010 1.05791e-010
2.47 -1.89819e-005 1.10405e-013 1.63503e-013 1.04384e-010 1.04384e-010
2.48 -1.89651e-005 -1.25502e-013 -2.26202e-013 1.02569e-010 1.02569e-010
2.49 -1.89395e-005 5.44742e-014 9.23972e-014 1.0113e-010 1.0113e-010
2.5 -1.89035e-005 -2.05693e-014 -3.53394e-014 1.00678e-010 1.00678e-010
2.51 -1.88569e-005 1.30798e-014 1.49321e-014 1.01391e-010 1.01391e-010
2.52 -1.88007e-005 -7.35703e-017 -6.38516e-015 1.02937e-010 1.02937e-010
2.53 -1.8737e-005 3.81029e-015 2.25289e-015 1.0464e-010 1.0464e-010
2.54 -1.8669e-005 9.69662e-016 -4.75665e-016 1.05788e-010 1.05788e-010
2.55 -1.86003e-005 4.76932e-015 -6.7694e-015 1.0597e-010 1.0597e-010
2.56 -1.85347e-005 -3.48277e-015 -4.90522e-014 1.05276e-010 1.05276e-010
2.57 -1.84745e-005 1.79642e-015 -4.30377e-014 1.04162e-010 1.04162e-010
2.58 -1.84208e-005 1.77423e-012 -2.55809e-012 1.03167e-010 1.03167e-010
2.59 -1.83735e-005 4.03343e-012 -2.7894e-012 1.02722e-010 1.02722e-010
2.6 -1.83315e-005 6.40438e-013 1.08607e-012 1.03021e-010 1.03021e-010
2.61 -1.82937e-005 1.92791e-013 3.79649e-013 1.03923e-010 1.03923e-010
2.62 -1.82591e-005 -5.14815e-014 6.04992e-013 1.04918e-010 1.04918e-010
2.63 -1.82271e-005 -2.40855e-013 3.40215e-014 1.05379e-010 1.05379e-010
2.64 -1.81979e-005 -4.83387e-014 -8.53263e-015 1.0502e-010 1.0502e-010
2.65 -1.81714e-005 5.54507e-014 2.066e-014 1.04123e-010 1.04123e-010
2.66 -1.81473e-005 -3.12593e-014 -3.0092e-014 1.03239e-010 1.03239e-010
2.67 -1.81264e-005 -6.00466e-014 3.01335e-016 1.02654e-010 1.02654e-010
2.68 -1.81096e-005 3.42893e-013 -3.47821e-013 1.02233e-010 1.02233e-010
2.69 -1.80982e-005 4.41007e-013 -1.97352e-013 1.01803e-010 1.01803e-010
2.7 -1.80932e-005 -7.14509e-014 8.93585e-014 1.01576e-010 1.01576e-010
2.71 -1.80951e-005 -5.21762e-013 -7.05812e-013 1.0205e-010 1.0205e-010
2.72 -1.81055e-005 5.59717e-013 9.0401e-013 1.03445e-010 1.03445e-010
2.73 -1.8127e-005 -1.64882e-013 -3.85471e-013 1.05305e-010 1.05305e-010
2.74 -1.81609e-005 9.26192e-014 1.43214e-013 1.06711e-010 1.06711e-010
2.75 -1.82059e-005 -2.83423e-014 -6.36436e-014 1.06921e-010 1.06921e-010
2.76 -1.82595e-005 3.60783e-014 2.50578e-015 1.05871e-010 1.05871e-010
2.77 -1.832e-005 6.04667e-015 -3.50846e-015 1.04149e-010 1.04149e-010
2.78 -1.8385e-005 2.55502e-014 -1.30072e-014 1.02531e-010 1.02531e-010
2.79 -1.84507e-005 -3.68694e-014 4.8566e-014 1.01501e-010 1.01501e-010
2.8 -1.85149e-005 -4.30654e-014 5.19419e-014 1.01203e-010 1.01203e-010
2.81 -1.85766e-005 -4.31947e-015 2.83567e-014 1.01697e-010 1.01697e-010
2.82 -1.86352e-005 -1.43057e-013 -2.36114e-013 1.02958e-010 1.02958e-010
2.83 -1.86901e-005 4.27377e-014 1.36966e-013 1.04599e-010 1.04599e-010
2.84 -1.87414e-005 -6.9975e-014 7.58058e-015 1.0579e-010 1.0579e-010
2.85 -1.87896e-005 3.12529e-014 -5.70705e-014 1.05701e-010 1.05701e-010
2.86 -1.88359e-005 -9.43146e-014 2.82015e-014 1.04101e-010 1.04101e-010
2.87 -1.88799e-005 3.39411e-014 -1.08951e-012 1.01514e-010 1.01514e-010
2.88 -1.89212e-005 1.41531e-011 -1.62771e-011 9.90038e-011 9.90038e-011
2.89 -1.89606e-005 8.68949e-012 -3.43891e-012 9.79467e-011 9.79467e-011
2.9 -1.89988e-005 -1.75466e-012 1.57627e-012 9.93778e-011 9.93778e-011
2.91 -1.90353e-005 1.6963e-012 -1.03432e-012 1.03144e-010 1.03144e-010
2.92 -1.9069e-005 4.76442e-013 6.89274e-013 1.07948e-010 1.07948e-010
2.93 -1.90984e-005 5.93284e-013 -6.21946e-014 1.12054e-010 1.12054e-010
2.94 -1.91225e-005 -3.959e-013 -4.18679e-013 1.13973e-010 1.13973e-010
2.95 -1.91408e-005 3.58325e-012 -2.84643e-012 1.13023e-010 1.13023e-010
2.96 -1.91529e-005 1.59329e-012 -5.65364e-013 1.09596e-010 1.09596e-010
2.97 -1.91578e-005 -4.43894e-013 1.8874e-012 1.04982e-010 1.04982e-010
2.98 -1.91543e-005 -6.46696e-013 -1.23325e-012 1.00817e-010 1.00817e-010
2.99 -1.91424e-005 2.93927e-013 5.0282e-013 9.84614e-011 9.84614e-011
3 -1.91236e-005 3.03067e-013 5.33209e-013 9.85081e-011 9.85081e-011
3.01 -1.91006e-005 -1.5206e-013 -2.7209e-013 1.00545e-010 1.00545e-010
3.02 -1.90764e-005 -2.49641e-015 -1.359e-013 1.03497e-010 1.03497e-010
3.03 -1.90542e-005 -1.85485e-013 -5.35415e-013 1.06346e-010 1.06346e-010
3.04 -1.90362e-005 2.89231e-013 5.88246e-013 1.08499e-010 1.08499e-010
3.05 -1.90221e-005 -2.98579e-014 -7.56718e-013 1.097e-010 1.097e-010
3.06 -1.90093e-005 2.53587e-013 -2.13312e-013 1.09872e-010 1.09872e-010
3.07 -1.89952e-005 3.41235e-013 9.67235e-013 1.09077e-010 1.09077e-010
3.08 -1.89784e-005 2.47648e-013 -1.34277e-012 1.07625e-010 1.07625e-010
3.09 -1.89572e-005 2.09592e-013 -3.14644e-014 1.06069e-010 1.06069e-010
3.1 -1.89287e-005 5.77709e-013 -6.32981e-013 1.04856e-010 1.04856e-010
3.11 -1.88907e-005 7.93327e-013 -3.64327e-013 1.04093e-010 1.04093e-010
3.12 -1.88446e-005 1.66831e-012 -1.13333e-012 1.03639e-010 1.03639e-010
3.13 -1.87956e-005 8.8816e-013 -1.92099e-013 1.03326e-010 1.03326e-010
3.14 -1.87494e-005 -6.80213e-013 1.13427e-012 1.03227e-010 1.03227e-010
3.15 -1.87092e-005 3.52761e-014 9.30906e-014 1.03691e-010 1.03691e-010
3.16 -1.8675e-005 1.1372e-014 5.40866e-013 1.04999e-010 1.04999e-010
3.17 -1.8645e-005 1.01911e-013 3.2832e-013 1.06904e-010 1.06904e-010
3.18 -1.86151e-005 2.81164e-013 5.93226e-014 1.08569e-010 1.08569e-010
3.19 -1.85822e-005 1.98503e-014 3.33374e-013 1.09014e-010 1.09014e-010
3.2 -1.8545e-005 1.88721e-013 1.6432e-013 1.07693e-010 1.07693e-010
3.21 -1.85034e-005 2.39072e-013 -1.29844e-013 1.04866e-010 1.04866e-010
3.22 -1.84573e-005 8.07888e-013 -6.3802e-014 1.01577e-010 1.01577e-010
3.23 -1.84082e-005 2.11615e-013 -2.82963e-014 9.91492e-011 9.91492e-011
3.24 -1.83592e-005 6.46094e-014 8.92093e-014 9.85046e-011 9.85046e-011
3.25 -1.83143e-005 -2.86849e-014 -2.61089e-014 9.97613e-011 9.97613e-011
3.26 -1.82765e-005 1.00933e-014 2.16598e-014 1.02288e-010 1.02288e-010
3.27 -1.82474e-005 -6.23646e-015 1.71163e-015 1.0508e-010 1.0508e-010
3.28 -1.82276e-005 4.85533e-016 9.92756e-015 1.07221e-010 1.07221e-010
3.29 -1.82162e-005 5.15027e-014 -5.06959e-014 1.08282e-010 1.08282e-010
3.3 -1.82109e-005 2.0594e-013 -2.45298e-013 1.08482e-010 1.08482e-010
3.31 -1.82097e-005 2.76225e-013 -5.86608e-014 1.08325e-010 1.08325e-010
3.32 -1.82129e-005 1.35204e-013 -3.27585e-013 1.0798e-010 1.0798e-010
3.33 -1.82216e-005 -1.32234e-013 -7.20673e-014 1.07106e-010 1.07106e-010
3.34 -1.82364e-005 -3.33865e-013 -1.07957e-012 1.05159e-010 1.05159e-010
3.35 -1.82566e-005 1.27866e-013 4.34139e-013 1.01967e-010 1.01967e-010
3.36 -1.82825e-005 -4.49856e-013 -2.62206e-013 9.82367e-011 9.82367e-011
3.37 -1.83152e-005 5.26609e-014 -8.95743e-015 9.5052e-011 9.5052e-011
3.38 -1.83562e-005 -1.7547e-013 3.27832e-013 9.32699e-011 9.32699e-011
3.39 -1.84069e-005 -2.42719e-013 -3.55946e-012 9.37539e-011 9.37539e-011
3.4 -1.84672e-005 -5.43259e-014 7.90048e-013 9.72209e-011 9.72209e-011
3.41 -1.8534e-005 4.96117e-013 -2.38909e-012 1.03425e-010 1.03425e-010
3.42 -1.86024e-005 1.46757e-012 -3.13858e-012 1.1075e-010 1.1075e-010
3.43 -1.86683e-005 2.7147e-012 -5.20601e-012 1.16658e-010 1.16658e-010
3.44 -1.87286e-005 2.90463e-012 -4.00924e-012 1.18691e-010 1.18691e-010
3.45 -1.87815e-005 6.6025e-013 -1.43544e-012 1.15584e-010 1.15584e-010
3.46 -1.88257e-005 1.62453e-012 -2.0995e-012 1.07955e-010 1.07955e-010
3.47 -1.88608e-005 9.49113e-015 -1.97511e-014 9.83572e-011 9.83572e-011
3.48 -1.88874e-005 4.15603e-013 -5.14651e-013 9.05094e-011 9.05094e-011
3.49 -1.89083e-005 3.60272e-013 -3.31139e-013 8.74618e-011 8.74618e-011
3.5 -1.89263e-005 3.07127e-013 -3.68628e-013 8.99397e-011 8.99397e-011
3.51 -1.89429e-005 -1.61254e-014 5.39321e-014 9.65329e-011 9.65329e-011
3.52 -1.89591e-005 5.64147e-015 -3.17967e-015 1.04937e-010 1.04937e-010
3.53 -1.89764e-005 -3.4797e-015 1.86233e-014 1.1247e-010 1.1247e-010
3.54 -1.89948e-005 1.05799e-014 2.08366e-014 1.16511e-010 1.16511e-010
3.55 -1.90118e-005 3.38862e-014 5.85796e-014 1.15789e-010 1.15789e-010
3.56 -1.90226e-005 -1.52524e-014 -8.74418e-015 1.11276e-010 1.11276e-010
3.57 -1.90219e-005 7.30857e-015 9.93839e-015 1.05448e-010 1.05448e-010
3.58 -1.90066e-005 -9.20097e-017 4.03481e-015 1.00681e-010 1.00681e-010
3.59 -1.89769e-005 6.28949e-015 1.95815e-014 9.82338e-011 9.82338e-011
3.6 -1.89365e-005 1.21947e-014 -1.70582e-015 9.82436e-011 9.82436e-011
3.61 -1.88915e-005 4.30025e-015 7.82362e-015 1.00114e-010 1.00114e-010
3.62 -1.8847e-005 2.69227e-014 -5.74771e-015 1.02782e-010 1.02782e-010
3.63 -1.88065e-005 1.238e-015 8.60487e-015 1.05134e-010 1.05134e-010
3.64 -1.87717e-005 -7.72506e-015 2.2075e-014 1.06587e-010 1.06587e-010
3.65 -1.87445e-005 1.91609e-014 7.84609e-014 1.0725e-010 1.0725e-010
3.66 -1.87256e-005 -3.36087e-014 4.43287e-015 1.07501e-010 1.07501e-010
3.67 -1.8713e-005 -2.51652e-014 3.79133e-014 1.07533e-010 1.07533e-010
3.68 -1.87026e-005 -1.87456e-014 1.14161e-014 1.0739e-010 1.0739e-010
3.69 -1.86896e-005 -4.75459e-015 6.65591e-015 1.07138e-010 1.07138e-010
3.7 -1.86691e-005 7.63671e-015 -6.57579e-016 1.06764e-010 1.06764e-010
3.71 -1.86371e-005 4.28246e-013 -8.93456e-013 1.06076e-010 1.06076e-010
3.72 -1.85927e-005 6.27126e-013 -2.26545e-013 1.05039e-010 1.05039e-010
3.73 -1.85387e-005 2.82729e-013 -8.00746e-013 1.04134e-010 1.04134e-010
3.74 -1.84803e-005 4.46978e-013 -1.88974e-013 1.04135e-010 1.04135e-010
3.75 -1.84235e-005 -3.35414e-013 4.68425e-013 1.05461e-010 1.05461e-010
3.76 -1.83733e-005 1.35045e-013 -1.83117e-013 1.07771e-010 1.07771e-010
3.77 -1.83336e-005 -5.74868e-014 8.61884e-014 1.10072e-010 1.10072e-010
3.78 -1.83065e-005 2.5913e-014 -1.83052e-014 1.11207e-010 1.11207e-010
3.79 -1.8292e-005 -1.2127e-014 1.7432e-014 1.10445e-010 1.10445e-010
3.8 -1.82881e-005 1.16561e-014 -1.6844e-014 1.07819e-010 1.07819e-010
3.81 -1.82917e-005 -6.8609e-015 1.75924e-014 1.04145e-010 1.04145e-010
3.82 -1.83007e-005 2.36826e-013 -2.75336e-013 1.00755e-010 1.00755e-010
3.83 -1.83139e-005 1.53383e-013 -2.4008e-013 9.88978e-011 9.88978e-011
3.84 -1.83312e-005 -6.52831e-014 1.09532e-013 9.9206e-011 9.9206e-011
3.85 -1.83511e-005 1.21504e-013 -3.85744e-013 1.01371e-010 1.01371e-010
3.86 -1.83717e-005 -1.65115e-013 2.47767e-013 1.04285e-010 1.04285e-010
3.87 -1.83926e-005 -1.9604e-013 -2.49725e-014 1.06892e-010 1.06892e-010
3.88 -1.84149e-005 3.41642e-014 -2.46711e-013 1.0879e-010 1.0879e-010
3.89 -1.84386e-005 -2.6398e-013 5.02035e-013 1.09864e-010 1.09864e-010
3.9 -1.84617e-005 1.03187e-013 -2.78191e-013 1.09824e-010 1.09824e-010
3.91 -1.84806e-005 -8.54781e-014 -2.15581e-013 1.0849e-010 1.0849e-010
3.92 -1.84911e-005 -2.11205e-013 7.3383e-015 1.06187e-010 1.06187e-010
3.93 -1.84913e-005 2.74267e-014 -3.54109e-013 1.0358e-010 1.0358e-010
3.94 -1.84828e-005 -1.61345e-013 -9.13487e-014 1.01194e-010 1.01194e-010
3.95 -1.84701e-005 1.80137e-013 2.21315e-013 9.92079e-011 9.92079e-011
3.96 -1.84595e-005 -8.97627e-013 -2.36753e-012 9.7815e-011 9.7815e-011
3.97 -1.84582e-005 -5.54734e-013 -1.4551e-012 9.74903e-011 9.74903e-011
3.98 -1.84731e-005 2.39526e-013 6.19787e-013 9.85979e-011 9.85979e-011
3.99 -1.85103e-005 -1.34585e-013 -2.41668e-013 1.00965e-010 1.00965e-010
4 -1.85721e-005 5.40384e-014 1.11025e-013 1.04061e-010 1.04061e-010
4.01 -1.86546e-005 -4.89205e-014 -3.78466e-014 1.07338e-010 1.07338e-010
4.02 -1.87491e-005 3.4926e-014 5.41221e-014 1.10119e-010 1.10119e-010
4.03 -1.88438e-005 -1.32352e-014 -2.57339e-015 1.11449e-010 1.11449e-010
4.04 -1.89254e-005 1.82049e-014 2.80407e-014 1.1054e-010 1.1054e-010
4.05 -1.89811e-005 1.07592e-015 1.21749e-014 1.07483e-010 1.07483e-010
4.06 -1.90036e-005 -5.79457e-016 -7.71211e-016 1.03376e-010 1.03376e-010
4.07 -1.89934e-005 5.9017e-015 2.30632e-014 9.97624e-011 9.97624e-011
4.08 -1.89568e-005 3.16982e-015 1.1684e-014 9.80046e-011 9.80046e-011
4.09 -1.89047e-005 4.41986e-015 2.9811e-014 9.88922e-011 9.88922e-011
4.1 -1.8851e-005 3.73742e-014 4.6401e-014 1.02258e-010 1.02258e-010
4.11 -1.88096e-005 -8.01851e-015 -5.56811e-015 1.06752e-010 1.06752e-010
4.12 -1.87908e-005 3.9836e-014 7.03759e-014 1.10248e-010 1.10248e-010
4.13 -1.87998e-005 1.11363e-013 1.64038e-013 1.10916e-010 1.10916e-010
4.14 -1.88358e-005 4.60793e-013 5.19336e-013 1.08267e-010 1.08267e-010
4.15 -1.88905e-005 -1.10577e-013 -9.0825e-014 1.03514e-010 1.03514e-010
4.16 -1.89501e-005 1.24466e-013 2.32476e-014 9.90003e-011 9.90003e-011
4.17 -1.89994e-005 1.32685e-013 1.09587e-013 9.6995e-011 9.6995e-011
4.18 -1.90256e-005 -2.57811e-013 -4.34565e-013 9.86572e-011 9.86572e-011
4.19 -1.90218e-005 -1.04912e-013 -3.13823e-013 1.03698e-010 1.03698e-010
4.2 -1.89881e-005 3.93961e-015 2.26548e-014 1.10524e-010 1.10524e-010
4.21 -1.89306e-005 1.13286e-014 -7.22374e-014 1.16682e-010 1.16682e-010
4.22 -1.88601e-005 -1.20935e-014 6.21764e-014 1.1966e-010 1.1966e-010
4.23 -1.87899e-005 -5.45892e-015 -3.83662e-014 1.17956e-010 1.17956e-010
4.24 -1.87321e-005 7.46136e-013 1.74637e-012 1.11897e-010 1.11897e-010
4.25 -1.86971e-005 -3.07125e-013 -6.87453e-013 1.03593e-010 1.03593e-010
4.26 -1.86918e-005 6.75499e-013 1.6155e-012 9.60066e-011 9.60066e-011
4.27 -1.87163e-005 8.96365e-015 1.83927e-013 9.16771e-011 9.16771e-011
4.28 -1.87645e-005 1.23955e-014 -9.31586e-014 9.18819e-011 9.18819e-011
4.29 -1.88265e-005 1.03795e-014 3.1928e-014 9.6363e-011 9.6363e-011
4.3 -1.88899e-005 -6.98156e-015 -3.39988e-015 1.03477e-010 1.03477e-010
4.31 -1.89408e-005 1.03568e-013 -1.2437e-013 1.10772e-010 1.10772e-010
4.32 -1.89679e-005 1.31495e-014 -4.52595e-014 1.15864e-010 1.15864e-010
4.33 -1.89664e-005 -2.91918e-015 2.41623e-014 1.1729e-010 1.1729e-010
4.34 -1.89378e-005 -1.07523e-014 -5.25977e-014 1.14911e-010 1.14911e-010
4.35 -1.88895e-005 -9.97863e-014 3.98194e-015 1.09923e-010 1.09923e-010
4.36 -1.88327e-005 -3.98026e-014 6.27436e-014 1.04358e-010 1.04358e-010
4.37 -1.8779e-005 -4.32732e-014 -9.38278e-014 1.00116e-010 1.00116e-010
4.38 -1.87372e-005 -1.19149e-013 1.97884e-013 9.82557e-011 9.82557e-011
4.39 -1.87121e-005 7.45564e-014 -3.514e-013 9.88694e-011 9.88694e-011
4.4 -1.87042e-005 -1.26536e-013 2.69119e-013 1.01218e-010 1.01218e-010
4.41 -1.87103e-005 6.67171e-014 -2.54098e-013 1.04017e-010 1.04017e-010
4.42 -1.87248e-005 -9.20739e-014 3.01346e-013 1.05831e-010 1.05831e-010
4.43 -1.8741e-005 1.23908e-014 -2.61513e-013 1.05657e-010 1.05657e-010
4.44 -1.8754e-005 -5.64803e-015 1.1647e-013 1.03619e-010 1.03619e-010
4.45 -1.87622e-005 -3.10541e-015 -3.23893e-014 1.01052e-010 1.01052e-010
4.46 -1.87651e-005 -1.91064e-014 -7.04685e-014 9.97654e-011 9.97654e-011
4.47 -1.87625e-005 -2.95775e-016 2.23741e-014 1.01024e-010 1.01024e-010
4.48 -1.87556e-005 -1.94257e-015 1.42638e-015 1.04772e-010 1.04772e-010
4.49 -1.87475e-005 -9.57036e-014 1.30998e-013 1.09537e-010 1.09537e-010
4.5 -1.87413e-005 3.75581e-014 -4.3264e-014 1.13167e-010 1.13167e-010
4.51 -1.87387e-005 -1.70294e-014 2.76775e-014 1.13854e-010 1.13854e-010
4.52 -1.87408e-005 8.02751e-015 -2.3777e-015 1.10808e-010 1.10808e-010
4.53 -1.87474e-005 -8.10151e-015 1.97153e-014 1.04614e-010 1.04614e-010
4.54 -1.87577e-005 5.24874e-015 3.7288e-015 9.73e-011 9.73e-011
4.55 -1.87713e-005 7.07555e-015 1.32839e-014 9.17127e-011 9.17127e-011
4.56 -1.87876e-005 -3.5593e-015 4.21196e-015 9.01464e-011 9.01464e-011
4.57 -1.88048e-005 2.37007e-015 -2.07415e-014 9.3202e-011 9.3202e-011
4.58 -1.88214e-005 -4.93476e-017 6.48303e-014 9.97053e-011 9.97053e-011
4.59 -1.88375e-005 2.66226e-015 -1.83115e-014 1.07422e-010 1.07422e-010
4.6 -1.88547e-005 1.93267e-015 1.77096e-014 1.13903e-010 1.13903e-010
4.61 -1.88731e-005 1.90053e-014 3.03802e-014 1.17263e-010 1.17263e-010
4.62 -1.88906e-005 -4.84179e-015 -5.56171e-015 1.16906e-010 1.16906e-010
4.63 -1.89043e-005 3.91864e-015 1.47948e-014 1.13649e-010 1.13649e-010
4.64 -1.89143e-005 5.94841e-015 -2.92027e-015 1.08941e-010 1.08941e-010
4.65 -1.89226e-005 9.31948e-016 9.35023e-015 1.04014e-010 1.04014e-010
4.66 -1.89296e-005 3.57757e-014 9.60895e-014 9.97352e-011 9.97352e-011
4.67 -1.89337e-005 -1.62842e-014 -2.23964e-014 9.69997e-011 9.69997e-011
4.68 -1.89332e-005 4.66547e-015 1.98812e-014 9.67218e-011 9.67218e-011
4.69 -1.89279e-005 -3.61029e-015 6.93431e-015 9.9171e-011 9.9171e-011
4.7 -1.89195e-005 1.30132e-015 2.14989e-014 1.03502e-010 1.03502e-010
4.71 -1.89109e-005 -2.20454e-015 1.69789e-015 1.081e-010 1.081e-010
4.72 -1.89042e-005 2.93312e-015 2.2343e-015 1.11425e-010 1.11425e-010
4.73 -1.88987e-005 -3.15663e-015 8.51869e-015 1.12646e-010 1.12646e-010
4.74 -1.88924e-005 9.23643e-016 7.81438e-015 1.11717e-010 1.11717e-010
4.75 -1.88848e-005 -1.9925e-014 2.09384e-016 1.09156e-010 1.09156e-010
4.76 -1.88763e-005 -3.02688e-014 4.00932e-014 1.05876e-010 1.05876e-010
4.77 -1.88689e-005 3.25875e-014 -7.32949e-014 1.02982e-010 1.02982e-010
4.78 -1.88644e-005 -6.99595e-014 8.03629e-014 1.01388e-010 1.01388e-010
4.79 -1.88625e-005 2.18848e-014 -9.21691e-014 1.01472e-010 1.01472e-010
4.8 -1.88608e-005 -8.48165e-014 1.34056e-013 1.03028e-010 1.03028e-010
4.81 -1.88573e-005 3.25501e-014 -2.21993e-013 1.05324e-010 1.05324e-010
4.82 -1.88496e-005 -5.32826e-014 1.6843e-013 1.0722e-010 1.0722e-010
4.83 -1.8836e-005 1.98505e-014 -5.8785e-014 1.07649e-010 1.07649e-010
4.84 -1.88188e-005 -4.38824e-014 6.44311e-014 1.06276e-010 1.06276e-010
4.85 -1.88036e-005 8.30741e-016 -1.21393e-013 1.03736e-010 1.03736e-010
4.86 -1.87922e-005 -3.74658e-014 5.26281e-014 1.01256e-010 1.01256e-010
4.87 -1.878e-005 1.25159e-014 -1.21103e-014 1.00004e-010 1.00004e-010
4.88 -1.87621e-005 -1.97047e-015 1.34871e-014 1.0052e-010 1.0052e-010
4.89 -1.87381e-005 -8.3784e-014 -3.0522e-013 1.02459e-010 1.02459e-010
4.9 -1.8711e-005 3.0138e-014 1.24477e-013 1.04843e-010 1.04843e-010
4.91 -1.86822e-005 -1.41146e-014 -4.12006e-014 1.06711e-010 1.06711e-010
4.92 -1.86507e-005 2.83481e-015 2.66471e-014 1.07529e-010 1.07529e-010
4.93 -1.86151e-005 -3.57669e-015 -6.63837e-016 1.07114e-010 1.07114e-010
4.94 -1.85751e-005 -2.20849e-014 -1.97604e-013 1.0563e-010 1.0563e-010
4.95 -1.85298e-005 7.27456e-015 9.00191e-014 1.03824e-010 1.03824e-010
4.96 -1.84788e-005 -3.26947e-014 2.20204e-013 1.02818e-010 1.02818e-010
4.97 -1.84249e-005 -2.06293e-014 -1.32532e-013 1.0323e-010 1.0323e-010
4.98 -1.83718e-005 1.73502e-013 2.01025e-013 1.04551e-010 1.04551e-010
4.99 -1.832e-005 1.00042e-013 2.33897e-013 1.05583e-010 1.05583e-010
5 -1.82671e-005 -1.31988e-013 -5.49698e-013 1.05337e-010 1.05337e-010
5.01 -1.82125e-005 1.41649e-013 3.39363e-013 1.03493e-010 1.03493e-010
5.02 -1.81591e-005 -4.81633e-013 -6.19375e-013 1.00564e-010 1.00564e-010
5.03 -1.81108e-005 3.18942e-013 3.88121e-013 9.80134e-011 9.80134e-011
5.04 -1.80716e-005 -1.12588e-013 -8.72368e-014 9.77042e-011 9.77042e-011
5.05 -1.80439e-005 -3.08336e-015 -8.00191e-014 1.00555e-010 1.00555e-010
5.06 -1.80257e-005 -8.77644e-014 -1.6132e-013 1.05695e-010 1.05695e-010
5.07 -1.80118e-005 1.03158e-013 1.6438e-013 1.11028e-010 1.11028e-010
5.08 -1.79982e-005 3.96202e-014 6.51627e-014 1.14387e-010 1.14387e-010
5.09 -1.79827e-005 2.70996e-013 3.2386e-014 1.14342e-010 1.14342e-010
5.1 -1.79637e-005 5.85586e-014 -3.54491e-014 1.10767e-010 1.10767e-010
5.11 -1.79407e-005 -5.24697e-014 1.2608e-014 1.05089e-010 1.05089e-010
5.12 -1.79175e-005 1.57962e-013 2.50796e-013 9.97124e-011 9.97124e-011
5.13 -1.79e-005 -7.95208e-013 -5.35805e-013 9.68324e-011 9.68324e-011
5.14 -1.78912e-005 -4.98435e-013 -2.99659e-013 9.75369e-011 9.75369e-011
5.15 -1.78924e-005 1.98066e-013 1.40372e-013 1.01535e-010 1.01535e-010
5.16 -1.79052e-005 -8.30561e-014 -4.81126e-014 1.07184e-010 1.07184e-010
5.17 -1.79297e-005 3.21545e-014 3.04667e-014 1.11869e-010 1.11869e-010
5.18 -1.7962e-005 -1.46719e-014 1.03964e-015 1.13151e-010 1.13151e-010
5.19 -1.79964e-005 3.98035e-015 1.0216e-014 1.10223e-010 1.10223e-010
5.2 -1.80304e-005 -2.67648e-015 -8.90971e-015 1.04437e-010 1.04437e-010
5.21 -1.80663e-005 -9.61721e-016 1.43152e-014 9.85495e-011 9.85495e-011
5.22 -1.81097e-005 1.62391e-013 4.50897e-013 9.55078e-011 9.55078e-011
5.23 -1.81678e-005 6.99317e-014 8.8516e-014 9.72665e-011 9.72665e-011
5.24 -1.82492e-005 -1.21595e-013 1.29809e-013 1.03589e-010 1.03589e-010
5.25 -1.836e-005 1.29081e-013 4.08022e-014 1.11607e-010 1.11607e-010
5.26 -1.85024e-005 2.07178e-014 1.52369e-013 1.17075e-010 1.17075e-010
5.27 -1.86753e-005 1.15049e-013 1.12364e-013 1.16692e-010 1.16692e-010
5.28 -1.88738e-005 7.47475e-014 1.72154e-013 1.09845e-010 1.09845e-010
5.29 -1.90871e-005 1.101e-012 1.20312e-012 9.88618e-011 9.88618e-011
5.3 -1.93027e-005 2.54524e-012 2.31863e-012 8.78935e-011 8.78935e-011
5.31 -1.95092e-005 2.48155e-012 3.88033e-012 8.11983e-011 8.11983e-011
5.32 -1.96977e-005 1.21502e-012 1.99812e-012 8.16008e-011 8.16008e-011
5.33 -1.98637e-005 8.55545e-012 4.80116e-012 8.9316e-011 8.9316e-011
5.34 -2.00078e-005 5.61064e-012 3.97784e-012 1.01625e-010 1.01625e-010
5.35 -2.01365e-005 4.6336e-012 2.06545e-012 1.13771e-010 1.13771e-010
5.36 -2.02607e-005 2.89624e-012 9.83526e-012 1.20597e-010 1.20597e-010
5.37 -2.0389e-005 4.96626e-012 4.64356e-012 1.18407e-010 1.18407e-010
5.38 -2.0521e-005 2.90833e-012 2.69216e-012 1.06621e-010 1.06621e-010
5.39 -2.06504e-005 2.51263e-012 7.53591e-012 8.83903e-011 8.83903e-011
5.4 -2.07723e-005 3.20925e-012 -1.09875e-012 6.94725e-011 6.94725e-011
5.41 -2.08821e-005 9.53435e-013 1.97597e-012 5.5724e-011 5.5724e-011
5.42 -2.0972e-005 7.80957e-013 -1.36779e-012 5.11168e-011 5.11168e-011
5.43 -2.10294e-005 -1.90548e-014 2.25904e-012 5.68836e-011 5.68836e-011
5.44 -2.10402e-005 2.44071e-012 2.95881e-012 7.09954e-011 7.09954e-011
5.45 -2.09969e-005 1.23072e-012 3.72993e-012 8.88035e-011 8.88035e-011
5.46 -2.09018e-005 -6.56342e-014 -1.00454e-012 1.0474e-010 1.0474e-010
5.47 -2.0763e-005 1.71856e-013 2.51975e-013 1.1411e-010 1.1411e-010
5.48 -2.05908e-005 -2.7946e-014 -1.24863e-013 1.14474e-010 1.14474e-010
5.49 -2.03966e-005 2.02454e-014 7.70432e-014 1.06179e-010 1.06179e-010
5.5 -2.019e-005 2.48985e-015 3.63103e-015 9.21977e-011 9.21977e-011
5.51 -1.99749e-005 1.87132e-014 3.19427e-014 7.72047e-011 7.72047e-011
5.52 -1.97522e-005 1.44924e-014 -6.55112e-015 6.59171e-011 6.59171e-011
5.53 -1.95213e-005 2.01533e-014 -6.79327e-014 6.12985e-011 6.12985e-011
5.54 -1.92792e-005 4.31218e-014 -5.76236e-014 6.35445e-011 6.35445e-011
5.55 -1.90197e-005 4.19879e-015 -8.46431e-014 7.06563e-011 7.06563e-011
5.56 -1.87355e-005 -8.89775e-014 -2.47371e-013 7.97825e-011 7.97825e-011
5.57 -1.84211e-005 -3.0063e-014 -3.38251e-013 8.78799e-011 8.78799e-011
5.58 -1.80758e-005 1.03235e-012 -3.43349e-013 9.27077e-011 9.27077e-011
5.59 -1.77052e-005 -2.6389e-011 -4.87515e-011 9.39277e-011 9.39277e-011
5.6 -1.73205e-005 -5.60084e-011 -7.1305e-011 9.2295e-011 9.2295e-011
5.61 -1.69311e-005 -7.39171e-012 1.54035e-012 8.87444e-011 8.87444e-011
5.62 -1.65493e-005 -1.87091e-011 -9.12783e-012 8.43956e-011 8.43956e-011
5.63 -1.61901e-005 -1.55372e-012 -1.67316e-011 8.0553e-011 8.0553e-011
5.64 -1.58701e-005 -8.2055e-011 -5.60687e-011 7.81522e-011 7.81522e-011
5.65 -1.56024e-005 -3.42778e-011 -3.23237e-011 7.71546e-011 7.71546e-011
5.66 -1.53917e-005 1.12666e-011 5.44463e-012 7.74737e-011 7.74737e-011
5.67 -1.52358e-005 -5.63801e-012 -1.74975e-011 7.94791e-011 7.94791e-011
5.68 -1.51313e-005 3.01388e-013 -1.60636e-012 8.304e-011 8.304e-011
5.69 -1.50754e-005 -2.64035e-012 -1.32053e-012 8.70148e-011 8.70148e-011
5.7 -1.50658e-005 2.36414e-012 7.12679e-013 8.99299e-011 8.99299e-011
5.71 -1.51e-005 -5.23313e-012 -3.15688e-012 9.10575e-011 9.10575e-011
5.72 -1.51759e-005 -1.19277e-011 -1.97903e-011 9.05723e-011 9.05723e-011
5.73 -1.5296e-005 -7.99592e-013 -7.80231e-012 8.90464e-011 8.90464e-011
5.74 -1.54689e-005 1.46601e-012 -6.35415e-013 8.71668e-011 8.71668e-011
5.75 -1.57072e-005 3.81199e-013 -1.30121e-012 8.54843e-011 8.54843e-011
5.76 -1.60219e-005 7.3605e-014 5.52961e-013 8.41843e-011 8.41843e-011
5.77 -1.64177e-005 1.3811e-012 8.0946e-014 8.32543e-011 8.32543e-011
5.78 -1.68904e-005 3.08605e-012 -1.36825e-012 8.27993e-011 8.27993e-011
5.79 -1.74256e-005 6.0316e-012 6.94765e-013 8.30571e-011 8.30571e-011
5.8 -1.79968e-005 8.50707e-012 6.37059e-012 8.40226e-011 8.40226e-011
5.81 -1.85701e-005 1.82501e-011 3.38759e-012 8.53002e-011 8.53002e-011
5.82 -1.91155e-005 1.7713e-011 1.74633e-011 8.62758e-011 8.62758e-011
5.83 -1.96158e-005 -6.46042e-011 -8.80255e-011 8.6186e-011 8.6186e-011
5.84 -2.00644e-005 1.46232e-010 1.23902e-010 8.52745e-011 8.52745e-011
5.85 -2.04638e-005 1.53621e-010 1.45382e-010 8.56055e-011 8.56055e-011
5.86 -2.08202e-005 -1.23255e-011 -4.29565e-011 8.89001e-011 8.89001e-011
5.87 -2.11477e-005 5.44652e-011 9.37658e-012 9.46519e-011 9.46519e-011
5.88 -2.14632e-005 2.55584e-011 -5.32784e-012 9.97481e-011 9.97481e-011
5.89 -2.17773e-005 3.19598e-011 3.75624e-011 9.96952e-011 9.96952e-011
5.9 -2.20939e-005 1.05073e-011 1.27385e-011 9.22058e-011 9.22058e-011
5.91 -2.24083e-005 1.11444e-012 -5.87887e-011 7.84611e-011 7.84611e-011
5.92 -2.27075e-005 -1.87263e-012 -3.28387e-011 6.19184e-011 6.19184e-011
5.93 -2.29746e-005 4.42858e-012 1.35323e-011 4.74403e-011 4.74403e-011
5.94 -2.31939e-005 2.43005e-013 -2.71511e-012 3.95934e-011 3.95934e-011
5.95 -2.3353e-005 2.06486e-013 8.9192e-012 4.03327e-011 4.03327e-011
5.96 -2.34409e-005 2.49111e-012 6.35271e-012 4.83044e-011 4.83044e-011
5.97 -2.34509e-005 6.70101e-012 7.78462e-012 5.98157e-011 5.98157e-011
5.98 -2.33835e-005 9.86295e-012 9.06618e-012 6.99341e-011 6.99341e-011
5.99 -2.32427e-005 1.48965e-011 1.17401e-011 7.39517e-011 7.39517e-011
6 -2.30289e-005 5.90823e-012 3.084e-011 6.94964e-011 6.94964e-011
6.01 -2.27352e-005 7.3544e-012 4.26902e-012 5.80628e-011 5.80628e-011
6.02 -2.23515e-005 -8.37596e-012 1.80555e-011 4.42681e-011 4.42681e-011
6.03 -2.18704e-005 -2.57395e-011 4.28167e-011 3.29876e-011 3.29876e-011
6.04 -2.12891e-005 -5.77131e-011 6.48701e-011 2.6871e-011 2.6871e-011
6.05 -2.06093e-005 2.81047e-010 -3.12999e-010 2.55096e-011 2.55096e-011
6.06 -1.98439e-005 1.29091e-010 -1.67406e-010 2.70606e-011 2.70606e-011
6.07 -1.90111e-005 -1.50661e-010 1.04737e-010 2.99815e-011 2.99815e-011
6.08 -1.8138e-005 -7.12661e-011 -5.57499e-011 3.24273e-011 3.24273e-011
6.09 -1.72598e-005 -1.29992e-010 -6.58164e-011 3.36916e-011 3.36916e-011
6.1 -1.64065e-005 -4.48472e-012 -3.83414e-011 3.6256e-011 3.6256e-011
6.11 -1.56073e-005 6.92543e-011 9.40397e-011 4.30079e-011 4.30079e-011
6.12 -1.4888e-005 -8.2237e-011 -6.49593e-011 5.28528e-011 5.28528e-011
6.13 -1.42674e-005 -3.63339e-011 -4.34143e-011 6.12184e-011 6.12184e-011
6.14 -1.37582e-005 -5.44529e-011 -2.61345e-011 6.32375e-011 6.32375e-011
6.15 -1.3373e-005 -3.85299e-011 -3.39209e-011 5.59438e-011 5.59438e-011
6.16 -1.31238e-005 -1.33362e-011 2.20976e-011 4.04178e-011 4.04178e-011
6.17 -1.30211e-005 -5.09015e-011 -3.51421e-011 2.09458e-011 2.09458e-011
6.18 -1.30742e-005 -3.9725e-011 -4.66324e-011 2.87032e-012 2.87032e-012
6.19 -1.32878e-005 -1.07819e-011 -1.09509e-011 -8.01989e-012 -8.01989e-012
6.2 -1.36603e-005 5.98613e-012 -1.92774e-011 -7.20895e-012 -7.20895e-012
6.21 -1.41837e-005 1.38771e-011 -2.31132e-011 5.44446e-012 5.44446e-012
6.22 -1.48472e-005 6.11513e-011 -6.70883e-011 2.45286e-011 2.45286e-011
6.23 -1.56349e-005 3.3271e-011 -9.69793e-012 4.1715e-011 4.1715e-011
6.24 -1.65247e-005 5.24469e-011 -3.77267e-012 4.99685e-011 4.99685e-011
6.25 -1.74828e-005 3.03866e-010 -1.38379e-010 4.69055e-011 4.69055e-011
6.26 -1.84708e-005 -1.26069e-010 -3.58539e-010 3.49745e-011 3.49745e-011
6.27 -1.94462e-005 -1.49289e-010 -1.20638e-010 1.98753e-011 1.98753e-011
6.28 -2.03602e-005 1.26575e-010 -1.08877e-010 9.57672e-012 9.57672e-012
6.29 -2.11784e-005 -3.64867e-011 -8.30418e-011 1.0557e-011 1.0557e-011
6.3 -2.18931e-005 8.16514e-011 3.95456e-011 2.2671e-011 2.2671e-011
6.31 -2.25072e-005 4.61223e-011 -1.26539e-011 3.9672e-011 3.9672e-011
6.32 -2.30233e-005 5.53711e-011 3.44915e-011 5.50337e-011 5.50337e-011
6.33 -2.34361e-005 2.8476e-011 6.85106e-012 6.44375e-011 6.44375e-011
6.34 -2.37343e-005 6.65107e-011 3.24865e-011 6.49716e-011 6.49716e-011
6.35 -2.38993e-005 7.42656e-011 -3.44208e-011 5.75186e-011 5.75186e-011
6.36 -2.39151e-005 1.61635e-010 2.76192e-011 4.76595e-011 4.76595e-011
6.37 -2.37818e-005 4.71989e-011 4.76011e-011 4.11687e-011 4.11687e-011
6.38 -2.35074e-005 -1.83653e-011 -1.91986e-011 4.00989e-011 4.00989e-011
6.39 -2.31071e-005 8.70801e-012 8.19383e-012 4.38954e-011 4.38954e-011
6.4 -2.25935e-005 -2.4514e-012 -3.12223e-012 5.2081e-011 5.2081e-011
6.41 -2.19818e-005 2.01871e-012 1.39087e-012 6.35306e-011 6.35306e-011
6.42 -2.13049e-005 7.23192e-014 -9.41062e-013 7.4323e-011 7.4323e-011
6.43 -2.06066e-005 9.55638e-013 -8.28801e-015 7.89098e-011 7.89098e-011
6.44 -1.99309e-005 7.00973e-013 1.29582e-013 7.37246e-011 7.37246e-011
6.45 -1.93167e-005 6.85599e-013 1.03346e-013 5.92746e-011 5.92746e-011
6.46 -1.87936e-005 8.20398e-013 -2.29781e-013 3.93199e-011 3.93199e-011
6.47 -1.83762e-005 1.97115e-012 5.67507e-013 1.98206e-011 1.98206e-011
6.48 -1.8059e-005 1.05873e-012 -3.94876e-012 7.09774e-012 7.09774e-012
6.49 -1.78217e-005 -1.39199e-011 -1.64581e-012 5.47306e-012 5.47306e-012
6.5 -1.76386e-005 -1.31426e-011 1.04733e-011 1.67456e-011 1.67456e-011
6.51 -1.74836e-005 -6.75457e-010 3.30431e-010 3.742e-011 3.742e-011
6.52 -1.7322e-005 3.92975e-010 -4.89052e-010 5.78399e-011 5.78399e-011
6.53 -1.71231e-005 9.76873e-010 -1.17754e-010 7.15583e-011 7.15583e-011
6.54 -1.68634e-005 -5.81682e-010 2.28306e-010 8.00808e-011 8.00808e-011
6.55 -1.65158e-005 2.45625e-010 -9.71923e-011 8.34135e-011 8.34135e-011
6.56 -1.60904e-005 -8.27083e-011 4.21938e-011 7.79583e-011 7.79583e-011
6.57 -1.56113e-005 8.03963e-011 -5.21289e-011 6.47378e-011 6.47378e-011
6.58 -1.51207e-005 -4.9949e-011 6.22752e-011 5.01356e-011 5.01356e-011
6.59 -1.46703e-005 -1.554e-011 8.68318e-011 3.96034e-011 3.96034e-011
6.6 -1.43075e-005 1.33562e-011 -8.27321e-013 3.51021e-011 3.51021e-011
6.61 -1.4067e-005 -2.80808e-011 2.83743e-011 3.71687e-011 3.71687e-011
6.62 -1.3969e-005 -1.43337e-011 1.68645e-011 4.56066e-011 4.56066e-011
6.63 -1.40102e-005 7.72029e-012 -5.98296e-012 5.77336e-011 5.77336e-011
6.64 -1.41679e-005 3.82886e-012 1.20498e-011 6.79001e-011 6.79001e-011
6.65 -1.44065e-005 4.45571e-012 1.55273e-012 7.12075e-011 7.12075e-011
6.66 -1.46842e-005 2.42828e-012 3.69113e-013 6.75094e-011 6.75094e-011
6.67 -1.49625e-005 -2.58796e-012 -6.62603e-013 6.07194e-011 6.07194e-011
6.68 -1.52181e-005 5.5691e-013 5.92106e-014 5.50506e-011 5.50506e-011
6.69 -1.54509e-005 1.7017e-012 -1.20198e-011 5.26847e-011 5.26847e-011
6.7 -1.56854e-005 7.6941e-012 -1.75095e-011 5.40597e-011 5.40597e-011
6.71 -1.59632e-005 7.98556e-011 -1.05597e-010 5.84925e-011 5.84925e-011
6.72 -1.63291e-005 -7.01998e-011 1.37243e-010 6.43183e-011 6.43183e-011
6.73 -1.68204e-005 -1.43723e-010 1.94985e-010 6.83342e-011 6.83342e-011
6.74 -1.746e-005 7.32819e-011 -6.68566e-012 6.63979e-011 6.63979e-011
6.75 -1.82458e-005 5.20618e-011 2.57952e-011 5.71907e-011 5.71907e-011
6.76 -1.91501e-005 -8.17979e-011 -7.76508e-011 4.12923e-011 4.12923e-011
6.77 -2.01281e-005 -3.34107e-011 -4.50376e-011 2.18602e-011 2.18602e-011
6.78 -2.11255e-005 1.20488e-011 2.8204e-011 9.72077e-012 9.72077e-012
6.79 -2.20824e-005 3.27366e-011 -1.12546e-010 1.39512e-011 1.39512e-011
6.8 -2.29417e-005 3.9906e-010 -4.43795e-010 3.44172e-011 3.44172e-011
6.81 -2.36624e-005 5.13851e-010 -3.51558e-010 6.9427e-011 6.9427e-011
6.82 -2.42136e-005 1.19657e-009 -1.05515e-009 1.1582e-010 1.1582e-010
6.83 -2.45836e-005 8.95528e-010 -5.58497e-010 1.62548e-010 1.62548e-010
6.84 -2.47801e-005 7.84426e-010 -5.03466e-010 1.95385e-010 1.95385e-010
6.85 -2.48095e-005 5.89696e-010 -5.5015e-010 2.08317e-010 2.08317e-010
6.86 -2.46912e-005 -8.30596e-011 5.8483e-011 2.03341e-010 2.03341e-010
6.87 -2.44506e-005 5.37923e-010 -2.63247e-010 1.83934e-010 1.83934e-010
6.88 -2.41072e-005 3.697e-010 -3.02176e-010 1.56992e-010 1.56992e-010
6.89 -2.36732e-005 -1.36259e-010 9.47059e-011 1.3311e-010 1.3311e-010
6.9 -2.31574e-005 6.0404e-011 -5.02453e-011 1.21209e-010 1.21209e-010
6.91 -2.25671e-005 -2.04551e-011 1.0735e-011 1.23305e-010 1.23305e-010
6.92 -2.19127e-005 1.228e-011 -7.95648e-012 1.34002e-010 1.34002e-010
6.93 -2.1199e-005 -3.24778e-012 -6.3449e-012 1.48072e-010 1.48072e-010
6.94 -2.04204e-005 6.12257e-013 -1.55955e-011 1.62376e-010 1.62376e-010
6.95 -1.95663e-005 2.56326e-012 6.70233e-013 1.70825e-010 1.70825e-010
6.96 -1.86336e-005 -2.95137e-011 -6.15683e-011 1.65841e-010 1.65841e-010
6.97 -1.76316e-005 -2.33918e-010 -2.61811e-010 1.45456e-010 1.45456e-010
6.98 -1.65766e-005 -3.1548e-010 -1.08426e-010 1.17659e-010 1.17659e-010
6.99 -1.54889e-005 -7.82394e-010 -8.05331e-011 9.38796e-011 9.38796e-011
7 -1.44003e-005 2.76088e-010 8.01722e-011 7.49621e-011 7.49621e-011
7.01 -1.33522e-005 7.97911e-010 -6.1026e-010 5.66979e-011 5.66979e-011
7.02 -1.24144e-005 -2.84594e-010 -5.21808e-010 4.51083e-011 4.51083e-011
7.03 -1.16444e-005 1.99706e-011 -2.7647e-010 4.64805e-011 4.64805e-011
7.04 -1.10856e-005 -3.00236e-010 3.33923e-010 5.59131e-011 5.59131e-011
7.05 -1.07382e-005 4.91156e-011 -1.24363e-010 6.59954e-011 6.59954e-011
7.06 -1.05953e-005 -1.2136e-010 1.48457e-010 7.54762e-011 7.54762e-011
7.07 -1.06347e-005 -6.19016e-011 5.02201e-011 8.46189e-011 8.46189e-011
7.08 -1.08262e-005 -7.45531e-011 1.29006e-010 9.057e-011 9.057e-011
7.09 -1.11367e-005 -6.2498e-011 -5.58646e-011 9.15536e-011 9.15536e-011
7.1 -1.1531e-005 -9.41636e-011 1.07055e-011 9.09819e-011 9.09819e-011
7.11 -1.19849e-005 -4.36797e-011 2.19507e-011 9.87005e-011 9.87005e-011
7.12 -1.24873e-005 -1.37457e-010 1.44801e-010 1.22637e-010 1.22637e-010
7.13 -1.30369e-005 -7.37107e-011 5.6546e-011 1.58008e-010 1.58008e-010
7.14 -1.36414e-005 -1.0472e-010 1.38795e-010 1.93758e-010 1.93758e-010
7.15 -1.43045e-005 -4.94578e-011 7.62159e-011 2.2379e-010 2.2379e-010
7.16 -1.50239e-005 -5.54873e-011 -2.41023e-010 2.44259e-010 2.44259e-010
7.17 -1.57926e-005 -5.02246e-011 -1.28678e-010 2.4912e-010 2.4912e-010
7.18 -1.65933e-005 5.09836e-011 1.12838e-010 2.35222e-010 2.35222e-010
7.19 -1.74068e-005 -1.25697e-011 -7.44571e-012 2.07435e-010 2.07435e-010
7.2 -1.82189e-005 1.17156e-010 1.60442e-010 1.75096e-010 1.75096e-010
7.21 -1.90186e-005 1.12215e-010 8.07929e-011 1.46018e-010 1.46018e-010
7.22 -1.98108e-005 1.07419e-010 7.13664e-011 1.24495e-010 1.24495e-010
7.23 -2.06165e-005 1.17105e-010 4.01502e-011 1.11448e-010 1.11448e-010
7.24 -2.14621e-005 1.70379e-010 -8.15765e-012 1.06761e-010 1.06761e-010
7.25 -2.23684e-005 4.18879e-010 -9.67001e-011 1.07897e-010 1.07897e-010
7.26 -2.33431e-005 7.66346e-010 -5.80462e-010 1.09157e-010 1.09157e-010
7.27 -2.43745e-005 6.69312e-010 -6.44004e-010 1.07825e-010 1.07825e-010
7.28 -2.54332e-005 3.49557e-011 9.99795e-011 1.02054e-010 1.02054e-010
7.29 -2.64755e-005 1.51772e-010 1.85049e-010 8.8083e-011 8.8083e-011
7.3 -2.74293e-005 6.28281e-010 5.40382e-010 6.67373e-011 6.67373e-011
7.31 -2.82313e-005 1.30966e-009 6.93967e-010 4.19703e-011 4.19703e-011
7.32 -2.88191e-005 1.1532e-009 1.43581e-010 1.29347e-011 1.29347e-011
7.33 -2.91774e-005 2.45168e-009 -7.36556e-012 -2.25649e-011 -2.25649e-011
7.34 -2.93114e-005 8.30988e-009 -3.87253e-009 -4.53608e-011 -4.53608e-011
7.35 -2.9163e-005 6.13169e-009 -5.11824e-009 -8.10648e-012 -8.10648e-012
7.36 -2.87631e-005 1.69574e-009 -6.48499e-010 1.04997e-010 1.04997e-010
7.37 -2.81529e-005 2.21988e-009 7.07439e-011 2.43825e-010 2.43825e-010
7.38 -2.73421e-005 9.14522e-010 -3.36782e-010 3.6555e-010 3.6555e-010
7.39 -2.63752e-005 1.15155e-009 -8.50601e-010 4.70176e-010 4.70176e-010
7.4 -2.52703e-005 6.9955e-010 -8.11901e-010 5.42654e-010 5.42654e-010
7.41 -2.40528e-005 1.52949e-010 -3.01521e-010 5.41311e-010 5.41311e-010
7.42 -2.27552e-005 3.28934e-011 -1.6746e-010 4.56254e-010 4.56254e-010
7.43 -2.14041e-005 5.68642e-011 3.27126e-011 3.33993e-010 3.33993e-010
7.44 -2.0019e-005 -8.02241e-011 -3.12791e-010 2.36005e-010 2.36005e-010
7.45 -1.85997e-005 -1.9695e-010 -3.43123e-010 1.95871e-010 1.95871e-010
7.46 -1.71446e-005 1.64471e-010 1.03384e-010 2.14685e-010 2.14685e-010
7.47 -1.56502e-005 -3.25229e-010 -3.8549e-010 2.70572e-010 2.70572e-010
7.48 -1.4144e-005 -1.31866e-010 -3.00916e-010 3.25105e-010 3.25105e-010
7.49 -1.26561e-005 1.51426e-009 3.81523e-010 3.35393e-010 3.35393e-010
7.5 -1.12284e-005 1.79464e-009 -2.07251e-010 2.75494e-010 2.75494e-010
7.51 -9.91084e-006 9.80445e-010 -1.50848e-009 1.46297e-010 1.46297e-010
7.52 -8.7436e-006 9.98674e-010 -2.17062e-009 -3.65422e-011 -3.65422e-011
7.53 -7.79606e-006 -1.52681e-010 -3.43704e-009 -2.40473e-010 -2.40473e-010
7.54 -7.1078e-006 -1.67666e-009 -1.59933e-009 -4.13581e-010 -4.13581e-010
7.55 -6.69286e-006 6.99053e-010 -8.78474e-010 -5.17047e-010 -5.17047e-010
7.56 -6.56178e-006 -8.3971e-010 -8.8566e-010 -5.43202e-010 -5.43202e-010
7.57 -6.64362e-006 -6.50795e-010 3.90454e-010 -5.09501e-010 -5.09501e-010
7.58 -6.87874e-006 -5.72273e-011 -1.02179e-009 -4.49482e-010 -4.49482e-010
7.59 -7.23094e-006 -4.50132e-010 -6.98822e-010 -3.93317e-010 -3.93317e-010
7.6 -7.67908e-006 -1.76259e-009 -1.55465e-009 -3.60919e-010 -3.60919e-010
7.61 -8.2104e-006 -6.78988e-010 -1.86797e-010 -3.63432e-010 -3.63432e-010
7.62 -8.83239e-006 2.90237e-011 2.73034e-010 -3.92262e-010 -3.92262e-010
7.63 -9.5502e-006 1.03123e-010 -3.35297e-010 -4.17004e-010 -4.17004e-010
7.64 -1.03944e-005 9.09083e-011 -1.37373e-010 -4.07017e-010 -4.07017e-010
7.65 -1.13988e-005 2.001e-011 3.0592e-011 -3.51598e-010 -3.51598e-010
7.66 -1.25913e-005 3.84555e-011 6.72885e-011 -2.60028e-010 -2.60028e-010
7.67 -1.39826e-005 4.93397e-011 -1.34833e-010 -1.51673e-010 -1.51673e-010
7.68 -1.55543e-005 5.15836e-011 5.56648e-011 -4.8987e-011 -4.8987e-011
7.69 -1.72562e-005 -1.44775e-010 -1.11233e-010 2.6513e-011 2.6513e-011
7.7 -1.90163e-005 -1.42879e-009 -2.05518e-009 6.24967e-011 6.24967e-011
7.71 -2.07674e-005 -6.39596e-010 -9.69462e-010 6.07238e-011 6.07238e-011
7.72 -2.24869e-005 7.17222e-010 2.33535e-010 3.05924e-011 3.05924e-011
7.73 -2.41148e-005 1.04066e-009 3.93168e-010 -1.90236e-011 -1.90236e-011
7.74 -2.56319e-005 7.49573e-010 1.6179e-010 -7.61483e-011 -7.61483e-011
7.75 -2.70235e-005 4.11157e-010 1.11471e-010 -1.27963e-010 -1.27963e-010
7.76 -2.82935e-005 2.73216e-009 2.96453e-009 -1.94251e-010 -1.94251e-010
7.77 -2.94573e-005 5.74779e-009 6.99694e-009 -3.31716e-010 -3.31716e-010
7.78 -3.05057e-005 5.35908e-009 5.17291e-009 -5.64173e-010 -5.64173e-010
7.79 -3.14153e-005 3.50785e-009 3.19487e-009 -8.4342e-010 -8.4342e-010
7.8 -3.21646e-005 1.6027e-009 9.18175e-010 -1.09364e-009 -1.09364e-009
7.81 -3.27311e-005 1.57183e-009 7.69868e-010 -1.2625e-009 -1.2625e-009
7.82 -3.30678e-005 1.27092e-010 1.77213e-010 -1.32625e-009 -1.32625e-009
7.83 -3.31705e-005 2.14554e-009 2.63746e-009 -1.26863e-009 -1.26863e-009
7.84 -3.30193e-005 3.84886e-010 4.20039e-010 -1.09757e-009 -1.09757e-009
7.85 -3.26495e-005 -7.3762e-011 -3.01874e-010 -8.68224e-010 -8.68224e-010
7.86 -3.20906e-005 1.261e-010 -2.29254e-011 -6.5719e-010 -6.5719e-010
7.87 -3.13852e-005 -2.15293e-012 1.39559e-010 -5.24567e-010 -5.24567e-010
7.88 -3.05805e-005 2.14089e-010 4.44792e-011 -4.8883e-010 -4.8883e-010
7.89 -2.97026e-005 2.27112e-010 1.54213e-010 -5.26475e-010 -5.26475e-010
7.9 -2.87677e-005 1.87745e-010 1.53363e-010 -5.89147e-010 -5.89147e-010
7.91 -2.77595e-005 -2.86776e-011 -1.21885e-010 -6.17017e-010 -6.17017e-010
7.92 -2.66449e-005 5.82016e-011 -5.87101e-011 -5.64021e-010 -5.64021e-010
7.93 -2.53931e-005 -1.17101e-011 3.28336e-011 -4.24425e-010 -4.24425e-010
7.94 -2.39805e-005 1.89323e-011 -4.67833e-011 -2.30194e-010 -2.30194e-010
7.95 -2.23988e-005 -9.57414e-011 -5.58509e-011 -2.97395e-011 -2.97395e-011
7.96 -2.06573e-005 2.61633e-010 6.5507e-010 1.28529e-010 1.28529e-010
7.97 -1.87936e-005 8.86408e-010 1.68323e-009 2.14026e-010 2.14026e-010
7.98 -1.68318e-005 1.75624e-009 1.80457e-009 2.20526e-010 2.20526e-010
7.99 -1.48402e-005 1.57076e-009 1.11875e-009 1.45765e-010 1.45765e-010
8 -1.29129e-005 2.03261e-009 9.94932e-010 -8.38726e-013 -8.38726e-013
8.01 -1.10945e-005 1.82355e-009 3.04783e-010 -1.78908e-010 -1.78908e-010
8.02 -9.42677e-006 1.20561e-010 -2.07297e-009 -3.50422e-010 -3.50422e-010
8.03 -7.91991e-006 -3.08079e-009 -4.9328e-009 -5.19949e-010 -5.19949e-010
8.04 -6.59358e-006 -7.9498e-009 -1.29422e-008 -7.20026e-010 -7.20026e-010
8.05 -5.43472e-006 -8.40641e-009 -9.82533e-009 -9.52664e-010 -9.52664e-010
8.06 -4.46091e-006 -5.67182e-009 -4.10064e-009 -1.18065e-009 -1.18065e-009
8.07 -3.67677e-006 -2.79301e-009 -2.76635e-009 -1.37303e-009 -1.37303e-009
8.08 -3.10322e-006 -3.63331e-009 -4.63745e-010 -1.50853e-009 -1.50853e-009
8.09 -2.72001e-006 -5.1721e-010 -9.78852e-010 -1.56017e-009 -1.56017e-009
8.1 -2.55061e-006 -1.99374e-009 -7.37685e-010 -1.50154e-009 -1.50154e-009
8.11 -2.5773e-006 -2.15854e-009 -1.64793e-009 -1.3398e-009 -1.3398e-009
8.12 -2.81943e-006 -2.61532e-009 -2.47072e-009 -1.13309e-009 -1.13309e-009
8.13 -3.28074e-006 -1.87509e-009 1.00291e-010 -9.45721e-010 -9.45721e-010
8.14 -3.96595e-006 -6.12665e-010 -4.19145e-011 -8.16574e-010 -8.16574e-010
8.15 -4.88299e-006 -2.91456e-010 1.28453e-010 -7.66996e-010 -7.66996e-010
8.16 -6.02781e-006 -7.95218e-011 2.79413e-010 -7.94614e-010 -7.94614e-010
8.17 -7.38414e-006 -9.59708e-011 1.1402e-010 -8.60795e-010 -8.60795e-010
8.18 -8.94022e-006 1.04829e-011 1.2479e-010 -9.05745e-010 -9.05745e-010
8.19 -1.0669e-005 -2.06867e-012 9.23671e-011 -8.83624e-010 -8.83624e-010
8.2 -1.25372e-005 5.74837e-011 -4.08963e-010 -7.83686e-010 -7.83686e-010
8.21 -1.451e-005 4.12533e-011 -1.40788e-010 -6.23789e-010 -6.23789e-010
8.22 -1.65455e-005 -3.25288e-010 -1.10754e-009 -4.40587e-010 -4.40587e-010
8.23 -1.86238e-005 -2.85364e-009 -4.63673e-009 -2.86529e-010 -2.86529e-010
8.24 -2.06035e-005 -5.02283e-009 -3.84204e-009 -2.0653e-010 -2.0653e-010
8.25 -2.24896e-005 6.71355e-010 1.49613e-009 -2.29431e-010 -2.29431e-010
8.26 -2.43097e-005 -2.39073e-010 -6.83222e-010 -3.68984e-010 -3.68984e-010
8.27 -2.59809e-005 6.00045e-010 7.48786e-011 -5.92382e-010 -5.92382e-010
8.28 -2.75024e-005 1.18455e-010 -1.29198e-010 -8.33143e-010 -8.33143e-010
8.29 -2.88571e-005 2.36893e-011 7.93268e-011 -1.03974e-009 -1.03974e-009
8.3 -3.00566e-005 1.81337e-010 1.29119e-010 -1.18433e-009 -1.18433e-009
8.31 -3.10946e-005 5.76617e-010 1.76595e-009 -1.25113e-009 -1.25113e-009
8.32 -3.19746e-005 4.17769e-009 7.88182e-009 -1.25361e-009 -1.25361e-009
8.33 -3.26577e-005 5.04842e-009 6.31356e-009 -1.23988e-009 -1.23988e-009
8.34 -3.31618e-005 2.01231e-009 1.87223e-009 -1.24824e-009 -1.24824e-009
8.35 -3.34998e-005 4.92423e-010 6.03735e-010 -1.28788e-009 -1.28788e-009
8.36 -3.36473e-005 -4.74172e-011 -1.0628e-011 -1.35338e-009 -1.35338e-009
8.37 -3.35983e-005 3.76273e-009 5.77047e-009 -1.42636e-009 -1.42636e-009
8.38 -3.32949e-005 1.61706e-009 2.48873e-009 -1.47244e-009 -1.47244e-009
8.39 -3.27513e-005 -6.65497e-010 -1.02614e-009 -1.45675e-009 -1.45675e-009
8.4 -3.19846e-005 2.74644e-010 4.27168e-010 -1.36861e-009 -1.36861e-009
8.41 -3.09905e-005 -1.20884e-010 -1.61646e-010 -1.23042e-009 -1.23042e-009
8.42 -2.97955e-005 1.41484e-010 6.12153e-012 -1.08092e-009 -1.08092e-009
8.43 -2.84247e-005 1.26596e-010 -1.30501e-010 -9.51331e-010 -9.51331e-010
8.44 -2.69187e-005 9.72226e-011 -5.1933e-011 -8.58806e-010 -8.58806e-010
8.45 -2.53097e-005 -1.03035e-010 8.31461e-011 -8.0671e-010 -8.0671e-010
8.46 -2.36282e-005 5.50325e-010 -3.02573e-010 -7.77825e-010 -7.77825e-010
8.47 -2.19094e-005 9.57292e-011 -7.85437e-011 -7.3732e-010 -7.3732e-010
8.48 -2.01767e-005 -5.33958e-011 1.32665e-010 -6.56442e-010 -6.56442e-010
8.49 -1.8448e-005 -1.55862e-009 -6.23798e-010 -5.41992e-010 -5.41992e-010
8.5 -1.67873e-005 -4.10723e-009 -3.85849e-009 -4.29703e-010 -4.29703e-010
8.51 -1.50064e-005 5.12241e-010 -2.25303e-010 -3.53815e-010 -3.53815e-010
8.52 -1.32365e-005 -6.59627e-010 -2.91391e-010 -3.53141e-010 -3.53141e-010
8.53 -1.15319e-005 -2.88803e-011 1.21605e-009 -4.57935e-010 -4.57935e-010
8.54 -9.86377e-006 3.56789e-011 -1.36727e-010 -6.48662e-010 -6.48662e-010
8.55 -8.27735e-006 -3.2977e-011 1.59161e-010 -8.71533e-010 -8.71533e-010
8.56 -6.80641e-006 1.01095e-011 -4.40111e-011 -1.07955e-009 -1.07955e-009
8.57 -5.492e-006 1.08615e-010 -2.07746e-010 -1.23275e-009 -1.23275e-009
8.58 -4.36749e-006 -1.70308e-011 3.26356e-011 -1.29256e-009 -1.29256e-009
8.59 -3.47019e-006 -5.03227e-012 1.7859e-011 -1.25967e-009 -1.25967e-009
8.6 -2.81835e-006 -3.24439e-012 9.508e-012 -1.19026e-009 -1.19026e-009
8.61 -2.42172e-006 -1.46375e-009 -3.00639e-009 -1.14574e-009 -1.14574e-009
8.62 -2.26161e-006 -4.34629e-009 -6.93761e-009 -1.15845e-009 -1.15845e-009
8.63 -2.26685e-006 6.6709e-010 9.24662e-010 -1.23295e-009 -1.23295e-009
8.64 -2.44798e-006 -1.20657e-010 -6.86127e-010 -1.34127e-009 -1.34127e-009
8.65 -2.75799e-006 -1.92408e-009 -1.98355e-009 -1.43863e-009 -1.43863e-009
8.66 -3.15689e-006 -1.27035e-009 -2.60948e-009 -1.49025e-009 -1.49025e-009
8.67 -3.6311e-006 4.5738e-010 3.26608e-010 -1.4747e-009 -1.4747e-009
8.68 -4.20054e-006 -1.8564e-010 -1.33258e-010 -1.38594e-009 -1.38594e-009
8.69 -4.86964e-006 8.35821e-011 5.02236e-011 -1.24496e-009 -1.24496e-009
8.7 -5.66911e-006 -4.70599e-012 -5.72608e-011 -1.09455e-009 -1.09455e-009
8.71 -6.62026e-006 5.64604e-011 -5.3366e-011 -9.73996e-010 -9.73996e-010
8.72 -7.74282e-006 3.90267e-011 -6.67629e-011 -9.00618e-010 -9.00618e-010
8.73 -9.0495e-006 -1.15412e-011 2.52621e-011 -8.68428e-010 -8.68428e-010
8.74 -1.05434e-005 6.32758e-012 -8.48311e-012 -8.57026e-010 -8.57026e-010
8.75 -1.22071e-005 -4.51519e-012 8.92795e-012 -8.40181e-010 -8.40181e-010
8.76 -1.40035e-005 2.46526e-011 -6.99737e-011 -7.91918e-010 -7.91918e-010
8.77 -1.5876e-005 -2.78981e-011 -2.08093e-011 -6.96416e-010 -6.96416e-010
8.78 -1.77789e-005 5.97037e-010 4.7697e-010 -5.65327e-010 -5.65327e-010
8.79 -1.97793e-005 -8.56582e-009 -7.93422e-009 -4.42307e-010 -4.42307e-010
8.8 -2.15235e-005 -1.52153e-009 -3.44303e-009 -3.69635e-010 -3.69635e-010
8.81 -2.33194e-005 1.68501e-009 1.56787e-010 -3.82152e-010 -3.82152e-010
8.82 -2.50735e-005 3.3636e-011 -6.76344e-010 -5.07035e-010 -5.07035e-010
8.83 -2.67808e-005 1.06611e-010 7.89491e-011 -7.15762e-010 -7.15762e-010
8.84 -2.8445e-005 -6.86372e-011 -1.85235e-011 -9.39093e-010 -9.39093e-010
8.85 -3.00254e-005 -2.05557e-011 9.11158e-011 -1.12422e-009 -1.12422e-009
8.86 -3.14776e-005 1.06819e-009 4.22355e-010 -1.24046e-009 -1.24046e-009
8.87 -3.27398e-005 6.07953e-009 2.30313e-009 -1.26255e-009 -1.26255e-009
8.88 -3.37146e-005 1.28294e-009 1.10854e-009 -1.1817e-009 -1.1817e-009
8.89 -3.43733e-005 8.04824e-010 -2.1775e-010 -1.03871e-009 -1.03871e-009
8.9 -3.46934e-005 8.92182e-010 2.97934e-010 -9.15344e-010 -9.15344e-010
8.91 -3.46793e-005 5.7953e-011 -2.01287e-011 -8.71125e-010 -8.71125e-010
8.92 -3.43558e-005 2.63634e-010 1.61637e-010 -8.97689e-010 -8.97689e-010
8.93 -3.37706e-005 6.04222e-010 3.16643e-010 -9.44024e-010 -9.44024e-010
8.94 -3.29963e-005 7.65508e-010 4.35374e-010 -9.7396e-010 -9.7396e-010
8.95 -3.21245e-005 6.99443e-010 1.06745e-010 -9.78233e-010 -9.78233e-010
8.96 -3.12269e-005 3.98236e-010 -1.63587e-010 -9.46166e-010 -9.46166e-010
8.97 -3.03562e-005 2.30988e-011 -7.62071e-012 -8.65802e-010 -8.65802e-010
8.98 -2.95329e-005 9.16146e-012 3.74434e-012 -7.49773e-010 -7.49773e-010
8.99 -2.87388e-005 4.03836e-012 1.18033e-011 -6.36253e-010 -6.36253e-010
9 -2.79297e-005 8.29436e-012 -1.77699e-011 -5.59359e-010 -5.59359e-010
9.01 -2.70479e-005 3.05304e-012 2.3731e-011 -5.25377e-010 -5.25377e-010
9.02 -2.60399e-005 6.30422e-012 -1.68608e-011 -5.19029e-010 -5.19029e-010
9.03 -2.48694e-005 -8.70648e-012 1.51329e-010 -5.1994e-010 -5.1994e-010
9.04 -2.35292e-005 2.14807e-011 3.35857e-010 -5.08167e-010 -5.08167e-010
9.05 -2.20361e-005 2.17236e-011 -3.59292e-010 -4.66278e-010 -4.66278e-010
9.06 -2.04371e-005 -6.02595e-011 -6.1769e-011 -3.9774e-010 -3.9774e-010
9.07 -1.88043e-005 -1.47284e-009 -2.31279e-009 -3.38458e-010 -3.38458e-010
9.08 -1.71955e-005 -1.59144e-009 -1.39641e-009 -3.24897e-010 -3.24897e-010
9.09 -1.5622e-005 -5.19047e-010 -3.92272e-010 -3.70273e-010 -3.70273e-010
9.1 -1.41706e-005 -3.01889e-010 7.37927e-011 -4.78522e-010 -4.78522e-010
9.11 -1.28858e-005 5.91894e-010 -1.27387e-011 -6.45019e-010 -6.45019e-010
9.12 -1.17395e-005 9.03755e-010 -5.98892e-010 -8.4141e-010 -8.4141e-010
9.13 -1.07022e-005 9.35248e-010 -1.04831e-009 -1.01655e-009 -1.01655e-009
9.14 -9.75908e-006 -2.70587e-010 3.19906e-010 -1.12357e-009 -1.12357e-009
9.15 -8.8821e-006 -2.10251e-010 3.11045e-010 -1.15143e-009 -1.15143e-009
9.16 -8.05881e-006 1.59936e-010 -2.58814e-010 -1.11847e-009 -1.11847e-009
9.17 -7.28832e-006 -7.05054e-011 1.27283e-010 -1.05063e-009 -1.05063e-009
9.18 -6.57792e-006 3.75813e-011 -5.17566e-011 -9.77139e-010 -9.77139e-010
9.19 -5.93906e-006 -7.60619e-012 2.46632e-011 -9.22456e-010 -9.22456e-010
9.2 -5.3961e-006 -5.24461e-010 4.12804e-010 -8.9957e-010 -8.9957e-010
9.21 -4.98056e-006 -1.08451e-009 1.01255e-010 -9.12516e-010 -9.12516e-010
9.22 -4.73006e-006 -1.83295e-009 6.8402e-010 -9.52867e-010 -9.52867e-010
9.23 -4.65312e-006 -7.58356e-010 -1.02993e-010 -9.97965e-010 -9.97965e-010
9.24 -4.75042e-006 -2.74663e-010 1.89719e-010 -1.02164e-009 -1.02164e-009
9.25 -5.02383e-006 -9.79465e-010 8.99261e-011 -1.00963e-009 -1.00963e-009
9.26 -5.45667e-006 -1.4767e-009 5.19564e-010 -9.67021e-010 -9.67021e-010
9.27 -6.02996e-006 -3.46757e-010 3.77039e-010 -9.09666e-010 -9.09666e-010
9.28 -6.74727e-006 1.43618e-010 -1.43612e-010 -8.50186e-010 -8.50186e-010
9.29 -7.61414e-006 -5.3333e-011 6.68316e-011 -7.9586e-010 -7.9586e-010
9.3 -8.64014e-006 2.87676e-011 -2.20332e-011 -7.51931e-010 -7.51931e-010
9.31 -9.83586e-006 -4.36023e-012 1.20306e-011 -7.17134e-010 -7.17134e-010
9.32 -1.12076e-005 7.74298e-012 8.6999e-013 -6.80393e-010 -6.80393e-010
9.33 -1.27559e-005 2.87261e-012 -1.73554e-012 -6.30374e-010 -6.30374e-010
9.34 -1.44673e-005 -1.67195e-011 -2.77019e-012 -5.66584e-010 -5.66584e-010
9.35 -1.62977e-005 -2.78697e-011 -5.40233e-011 -4.97491e-010 -4.97491e-010
9.36 -1.8273e-005 1.53577e-009 -3.11117e-009 -4.35996e-010 -4.35996e-010
9.37 -2.02117e-005 -1.4795e-009 -3.40515e-009 -3.94888e-010 -3.94888e-010
9.38 -2.20322e-005 1.07338e-009 2.53441e-009 -3.87596e-010 -3.87596e-010
9.39 -2.38981e-005 -5.81893e-010 -1.12618e-009 -4.3287e-010 -4.3287e-010
9.4 -2.55924e-005 1.80131e-010 3.81149e-010 -5.2384e-010 -5.2384e-010
9.41 -2.7142e-005 -8.5545e-011 -2.54649e-010 -6.16667e-010 -6.16667e-010
9.42 -2.85034e-005 3.65327e-011 8.35078e-011 -6.80771e-010 -6.80771e-010
9.43 -2.96989e-005 -1.13024e-011 -3.62654e-011 -7.12959e-010 -7.12959e-010
9.44 -3.07539e-005 9.02737e-009 -3.86243e-009 -7.04681e-010 -7.04681e-010
9.45 -3.16502e-005 2.30649e-008 -1.27437e-008 -6.38093e-010 -6.38093e-010
9.46 -3.23127e-005 1.17522e-008 -4.17523e-009 -5.13516e-010 -5.13516e-010
9.47 -3.2807e-005 1.74805e-009 1.82599e-009 -3.80697e-010 -3.80697e-010
9.48 -3.32163e-005 3.10759e-009 -1.66352e-009 -3.03588e-010 -3.03588e-010
9.49 -3.3464e-005 1.06959e-009 4.39172e-010 -2.72966e-010 -2.72966e-010
9.5 -3.35776e-005 3.25798e-010 -6.98358e-010 -2.37471e-010 -2.37471e-010
9.51 -3.35441e-005 3.98433e-010 2.22192e-010 -1.89414e-010 -1.89414e-010
9.52 -3.33461e-005 3.2048e-009 1.44051e-009 -1.48623e-010 -1.48623e-010
9.53 -3.2932e-005 3.9534e-009 -1.46029e-009 -1.16271e-010 -1.16271e-010
9.54 -3.22972e-005 9.01138e-010 -1.65123e-009 -8.13692e-011 -8.13692e-011
9.55 -3.14884e-005 -1.13533e-010 4.2379e-010 -4.88584e-011 -4.88584e-011
9.56 -3.05273e-005 8.00703e-011 -3.1266e-010 -3.01637e-011 -3.01637e-011
9.57 -2.94451e-005 -1.24947e-011 5.90511e-011 -2.00982e-011 -2.00982e-011
9.58 -2.82791e-005 1.28728e-011 -2.07261e-011 -5.05041e-012 -5.05041e-012
9.59 -2.70661e-005 3.00188e-012 1.43501e-011 1.70306e-011 1.70306e-011
9.6 -2.58416e-005 5.44986e-012 -1.07888e-011 3.71776e-011 3.71776e-011
9.61 -2.46266e-005 1.12347e-011 4.57529e-011 5.40446e-011 5.40446e-011
9.62 -2.34197e-005 8.58285e-012 -2.86646e-011 7.8726e-011 7.8726e-011
9.63 -2.22007e-005 1.10841e-011 -1.16834e-010 1.14964e-010 1.14964e-010
9.64 -2.09395e-005 1.00006e-011 5.71526e-011 1.41578e-010 1.41578e-010
9.65 -1.96401e-005 -7.66616e-010 -1.53986e-009 1.2278e-010 1.2278e-010
9.66 -1.82949e-005 -1.87898e-009 -2.33795e-009 4.58049e-011 4.58049e-011
9.67 -1.68699e-005 6.92605e-010 9.79279e-010 -6.62972e-011 -6.62972e-011
9.68 -1.53647e-005 1.63934e-009 1.03655e-009 -2.00015e-010 -2.00015e-010
9.69 -1.3852e-005 2.30943e-009 3.00547e-010 -3.69329e-010 -3.69329e-010
9.7 -1.23672e-005 2.52661e-009 -7.03858e-010 -5.67816e-010 -5.67816e-010
9.71 -1.09343e-005 3.4354e-009 -2.87471e-009 -7.54125e-010 -7.54125e-010
9.72 -9.60849e-006 2.58294e-009 -3.63326e-009 -8.90194e-010 -8.90194e-010
9.73 -8.45408e-006 2.77216e-010 -2.90989e-010 -9.62874e-010 -9.62874e-010
9.74 -7.4749e-006 3.11853e-011 -4.34657e-010 -9.85351e-010 -9.85351e-010
9.75 -6.67604e-006 3.21843e-010 -6.54729e-010 -9.72043e-010 -9.72043e-010
9.76 -6.05664e-006 -1.14298e-010 2.54041e-010 -9.2018e-010 -9.2018e-010
9.77 -5.58892e-006 7.92458e-012 4.07417e-011 -8.50644e-010 -8.50644e-010
9.78 -5.2454e-006 -4.2486e-011 1.27924e-010 -8.16183e-010 -8.16183e-010
9.79 -4.9928e-006 -3.22554e-011 2.256e-012 -8.42445e-010 -8.42445e-010
9.8 -4.83487e-006 -3.34484e-009 2.49245e-010 -9.05334e-010 -9.05334e-010
9.81 -4.74592e-006 -1.27091e-009 5.98384e-010 -9.67543e-010 -9.67543e-010
9.82 -4.76995e-006 -5.44994e-010 -6.62447e-011 -1.0072e-009 -1.0072e-009
9.83 -4.94963e-006 -2.13262e-009 8.06464e-010 -1.01247e-009 -1.01247e-009
9.84 -5.31849e-006 2.97282e-011 3.13205e-010 -9.71763e-010 -9.71763e-010
9.85 -5.93541e-006 -2.778e-012 -1.34266e-010 -8.84676e-010 -8.84676e-010
9.86 -6.82964e-006 8.67224e-012 5.79572e-011 -7.73497e-010 -7.73497e-010
9.87 -8.02644e-006 3.95164e-012 -2.11481e-011 -6.69511e-010 -6.69511e-010
9.88 -9.52748e-006 5.83914e-012 1.14158e-011 -5.91575e-010 -5.91575e-010
9.89 -1.13095e-005 4.73095e-012 -6.45325e-012 -5.4178e-010 -5.4178e-010
9.9 -1.33227e-005 9.06592e-013 7.99289e-012 -5.13739e-010 -5.13739e-010
9.91 -1.54964e-005 -4.32455e-011 -3.59082e-011 -4.94919e-010 -4.94919e-010
9.92 -1.77531e-005 -3.29949e-012 -1.11455e-009 -4.7267e-010 -4.7267e-010
9.93 -2.01676e-005 -3.46062e-009 -4.63067e-009 -4.54423e-010 -4.54423e-010
9.94 -2.2353e-005 1.3246e-008 -7.14769e-009 -4.51022e-010 -4.51022e-010
9.95 -2.45347e-005 1.82639e-009 -4.01174e-009 -4.40033e-010 -4.40033e-010
9.96 -2.67233e-005 -3.21039e-010 8.64547e-010 -4.1897e-010 -4.1897e-010
9.97 -2.88634e-005 1.27813e-010 -3.80798e-010 -4.41004e-010 -4.41004e-010
9.98 -3.09317e-005 -4.20762e-011 1.00927e-010 -5.31852e-010 -5.31852e-010
9.99 -3.29088e-005 6.336e-011 -3.77638e-011 -6.5414e-010 -6.5414e-010
10 -3.47962e-005 1.46535e-008 1.59411e-008 -7.63243e-010 -7.63243e-010
