0.1 -1.58593e-006 3.70633e-007 -1.46121e-007 -2.29829e-020 -2.29829e-020
0.2 -3.17313e-006 7.41475e-007 -2.92354e-007 7.26044e-021 7.26044e-021
0.3 -4.76161e-006 1.11253e-006 -4.38699e-007 8.94369e-019 8.94369e-019
0.4 -6.35138e-006 1.48379e-006 -5.85156e-007 9.81075e-019 9.81075e-019
0.5 -7.94242e-006 1.85527e-006 -7.31725e-007 4.80433e-019 4.80433e-019
0.6 -9.53475e-006 2.22696e-006 -8.78407e-007 6.29108e-019 6.29108e-019
0.7 -1.11284e-005 2.59886e-006 -1.0252e-006 8.53894e-019 8.53894e-019
0.8 -1.27233e-005 2.97098e-006 -1.17211e-006 5.89784e-019 5.89784e-019
0.9 -1.43195e-005 3.34331e-006 -1.31913e-006 3.12159e-019 3.12159e-019
1 -1.5917e-005 3.71585e-006 -1.46627e-006 4.59093e-019 4.59093e-019
0.01 -1.57138e-005 3.7168e-006 -1.41273e-006 -7.92855e-010 -7.92855e-010
0.02 -1.54061e-005 3.72346e-006 -1.27757e-006 -2.64382e-009 -2.64382e-009
0.03 -1.57012e-005 3.74647e-006 -1.43438e-006 -1.61954e-009 -1.61954e-009
0.04 -1.59407e-005 3.79151e-006 -1.60771e-006 3.67899e-009 3.67899e-009
0.05 -1.58499e-005 3.81623e-006 -1.58388e-006 6.10147e-009 6.10147e-009
0.06 -1.58899e-005 3.79036e-006 -1.57796e-006 2.15824e-009 2.15824e-009
0.07 -1.58652e-005 3.74783e-006 -1.50976e-006 -2.2875e-009 -2.2875e-009
0.08 -1.58605e-005 3.71638e-006 -1.46255e-006 -2.82455e-009 -2.82455e-009
0.09 -1.58454e-005 3.6911e-006 -1.4137e-006 -1.6562e-009 -1.6562e-009
0.1 -1.58354e-005 3.66419e-006 -1.3695e-006 -1.58388e-009 -1.58388e-009
0.11 -1.58265e-005 3.64777e-006 -1.34231e-006 -1.52964e-009 -1.52964e-009
0.12 -1.58221e-005 3.65446e-006 -1.34903e-006 1.91282e-010 1.91282e-010
0.13 -1.58217e-005 3.67777e-006 -1.38369e-006 2.38945e-009 2.38945e-009
0.14 -1.58255e-005 3.70268e-006 -1.43076e-006 2.91652e-009 2.91652e-009
0.15 -1.5832e-005 3.72313e-006 -1.48128e-006 1.72389e-009 1.72389e-009
0.16 -1.58399e-005 3.74053e-006 -1.53218e-006 2.83984e-010 2.83984e-010
0.17 -1.58471e-005 3.75328e-006 -1.57656e-006 -6.63793e-010 -6.63793e-010
0.18 -1.5852e-005 3.75675e-006 -1.60491e-006 -1.34819e-009 -1.34819e-009
0.19 -1.58532e-005 3.75073e-006 -1.61358e-006 -1.73262e-009 -1.73262e-009
0.2 -1.58501e-005 3.74023e-006 -1.60634e-006 -1.34531e-009 -1.34531e-009
0.21 -1.5843e-005 3.72984e-006 -1.58871e-006 -1.92614e-010 -1.92614e-010
0.22 -1.58329e-005 3.72118e-006 -1.56521e-006 1.00976e-009 1.00976e-009
0.23 -1.58216e-005 3.71562e-006 -1.54143e-006 1.60086e-009 1.60086e-009
0.24 -1.58111e-005 3.71576e-006 -1.52489e-006 1.49928e-009 1.49928e-009
0.25 -1.58034e-005 3.72336e-006 -1.52195e-006 9.47501e-010 9.47501e-010
0.26 -1.58e-005 3.73751e-006 -1.53496e-006 1.58765e-010 1.58765e-010
0.27 -1.58013e-005 3.75585e-006 -1.56245e-006 -6.43921e-010 -6.43921e-010
0.28 -1.58072e-005 3.77606e-006 -1.60057e-006 -1.13487e-009 -1.13487e-009
0.29 -1.58164e-005 3.79559e-006 -1.64341e-006 -1.07085e-009 -1.07085e-009
0.3 -1.58272e-005 3.81117e-006 -1.68342e-006 -5.14065e-010 -5.14065e-010
0.31 -1.5837e-005 3.82006e-006 -1.71307e-006 2.253e-010 2.253e-010
0.32 -1.58436e-005 3.82167e-006 -1.72716e-006 8.2538e-010 8.2538e-010
0.33 -1.5846e-005 3.81758e-006 -1.72411e-006 1.09301e-009 1.09301e-009
0.34 -1.58439e-005 3.81073e-006 -1.70613e-006 9.67187e-010 9.67187e-010
0.35 -1.5838e-005 3.80467e-006 -1.67883e-006 5.11513e-010 5.11513e-010
0.36 -1.58299e-005 3.80268e-006 -1.64999e-006 -8.25485e-011 -8.25485e-011
0.37 -1.58216e-005 3.80687e-006 -1.6273e-006 -5.60127e-010 -5.60127e-010
0.38 -1.58152e-005 3.81755e-006 -1.61597e-006 -7.30928e-010 -7.30928e-010
0.39 -1.58125e-005 3.83289e-006 -1.61752e-006 -5.578e-010 -5.578e-010
0.4 -1.58144e-005 3.84931e-006 -1.63018e-006 -1.46784e-010 -1.46784e-010
0.41 -1.58207e-005 3.86273e-006 -1.6498e-006 3.21933e-010 3.21933e-010
0.42 -1.58302e-005 3.86978e-006 -1.67079e-006 6.65931e-010 6.65931e-010
0.43 -1.58413e-005 3.8688e-006 -1.68704e-006 7.6094e-010 7.6094e-010
0.44 -1.58515e-005 3.8603e-006 -1.69333e-006 5.86178e-010 5.86178e-010
0.45 -1.58591e-005 3.84657e-006 -1.68681e-006 2.32014e-010 2.32014e-010
0.46 -1.58629e-005 3.83098e-006 -1.66784e-006 -1.44273e-010 -1.44273e-010
0.47 -1.58624e-005 3.81706e-006 -1.63946e-006 -3.91516e-010 -3.91516e-010
0.48 -1.58581e-005 3.80744e-006 -1.6061e-006 -4.25123e-010 -4.25123e-010
0.49 -1.58516e-005 3.803e-006 -1.57245e-006 -2.51242e-010 -2.51242e-010
0.5 -1.58447e-005 3.80331e-006 -1.54272e-006 4.50151e-011 4.50151e-011
0.51 -1.58396e-005 3.80691e-006 -1.51995e-006 3.37639e-010 3.37639e-010
0.52 -1.58379e-005 3.81143e-006 -1.50529e-006 5.11213e-010 5.11213e-010
0.53 -1.58404e-005 3.81448e-006 -1.49784e-006 5.06622e-010 5.06622e-010
0.54 -1.58472e-005 3.81489e-006 -1.49555e-006 3.40892e-010 3.40892e-010
0.55 -1.58572e-005 3.8128e-006 -1.49619e-006 9.35367e-011 9.35367e-011
0.56 -1.58689e-005 3.80854e-006 -1.4972e-006 -1.31015e-010 -1.31015e-010
0.57 -1.58802e-005 3.80186e-006 -1.49516e-006 -2.46468e-010 -2.46468e-010
0.58 -1.58892e-005 3.79251e-006 -1.4868e-006 -2.16436e-010 -2.16436e-010
0.59 -1.58946e-005 3.78165e-006 -1.47086e-006 -6.46242e-011 -6.46242e-011
0.6 -1.58957e-005 3.77169e-006 -1.44865e-006 1.39015e-010 1.39015e-010
0.61 -1.58928e-005 3.76449e-006 -1.42339e-006 3.09628e-010 3.09628e-010
0.62 -1.5887e-005 3.76019e-006 -1.39884e-006 3.825e-010 3.825e-010
0.63 -1.58799e-005 3.75881e-006 -1.3783e-006 3.37044e-010 3.37044e-010
0.64 -1.58734e-005 3.7609e-006 -1.36433e-006 2.01026e-010 2.01026e-010
0.65 -1.58691e-005 3.7653e-006 -1.35825e-006 3.5486e-011 3.5486e-011
0.66 -1.58678e-005 3.7688e-006 -1.36031e-006 -9.19542e-011 -9.19542e-011
0.67 -1.58695e-005 3.76923e-006 -1.36976e-006 -1.34167e-010 -1.34167e-010
0.68 -1.58736e-005 3.7665e-006 -1.38454e-006 -8.14625e-011 -8.14625e-011
0.69 -1.58788e-005 3.76137e-006 -1.40106e-006 3.76026e-011 3.76026e-011
0.7 -1.58838e-005 3.75498e-006 -1.41576e-006 1.70678e-010 1.70678e-010
0.71 -1.5887e-005 3.74896e-006 -1.4268e-006 2.64259e-010 2.64259e-010
0.72 -1.58871e-005 3.74449e-006 -1.43448e-006 2.84823e-010 2.84823e-010
0.73 -1.58837e-005 3.74171e-006 -1.44019e-006 2.30318e-010 2.30318e-010
0.74 -1.58768e-005 3.74012e-006 -1.4447e-006 1.28375e-010 1.28375e-010
0.75 -1.58674e-005 3.73909e-006 -1.448e-006 2.30012e-011 2.30012e-011
0.76 -1.5857e-005 3.73831e-006 -1.45101e-006 -4.41105e-011 -4.41105e-011
0.77 -1.58469e-005 3.73804e-006 -1.45603e-006 -4.98266e-011 -4.98266e-011
0.78 -1.58387e-005 3.73923e-006 -1.46533e-006 2.88625e-012 2.88625e-012
0.79 -1.58332e-005 3.74254e-006 -1.4797e-006 8.83642e-011 8.83642e-011
0.8 -1.58309e-005 3.74711e-006 -1.49815e-006 1.70274e-010 1.70274e-010
0.81 -1.58316e-005 3.75147e-006 -1.51912e-006 2.16776e-010 2.16776e-010
0.82 -1.58343e-005 3.75493e-006 -1.54154e-006 2.12632e-010 2.12632e-010
0.83 -1.58379e-005 3.75763e-006 -1.56426e-006 1.63791e-010 1.63791e-010
0.84 -1.5841e-005 3.76028e-006 -1.58512e-006 9.32921e-011 9.32921e-011
0.85 -1.58429e-005 3.76464e-006 -1.60171e-006 3.07534e-011 3.07534e-011
0.86 -1.58432e-005 3.77303e-006 -1.61244e-006 1.30945e-013 1.30945e-013
0.87 -1.58421e-005 3.7852e-006 -1.6161e-006 1.07543e-011 1.07543e-011
0.88 -1.584e-005 3.79811e-006 -1.61224e-006 5.49075e-011 5.49075e-011
0.89 -1.5838e-005 3.81035e-006 -1.60274e-006 1.12304e-010 1.12304e-010
0.9 -1.58371e-005 3.82385e-006 -1.59171e-006 1.59109e-010 1.59109e-010
0.91 -1.58388e-005 3.84045e-006 -1.58262e-006 1.77651e-010 1.77651e-010
0.92 -1.58436e-005 3.85799e-006 -1.5752e-006 1.62951e-010 1.62951e-010
0.93 -1.58517e-005 3.8718e-006 -1.56593e-006 1.2366e-010 1.2366e-010
0.94 -1.58628e-005 3.87988e-006 -1.55239e-006 7.74264e-011 7.74264e-011
0.95 -1.58759e-005 3.8842e-006 -1.53658e-006 4.30946e-011 4.30946e-011
0.96 -1.58893e-005 3.88788e-006 -1.52285e-006 3.3186e-011 3.3186e-011
0.97 -1.59018e-005 3.89197e-006 -1.51232e-006 4.95993e-011 4.95993e-011
0.98 -1.59116e-005 3.89424e-006 -1.5015e-006 8.37981e-011 8.37981e-011
0.99 -1.59183e-005 3.89312e-006 -1.48655e-006 1.2096e-010 1.2096e-010
1 -1.59214e-005 3.89024e-006 -1.46718e-006 1.46225e-010 1.46225e-010
1.01 -1.59212e-005 3.88685e-006 -1.44651e-006 1.50546e-010 1.50546e-010
1.02 -1.5918e-005 3.88208e-006 -1.42841e-006 1.33866e-010 1.33866e-010
1.03 -1.5913e-005 3.87682e-006 -1.41363e-006 1.0445e-010 1.0445e-010
1.04 -1.59082e-005 3.87401e-006 -1.39938e-006 7.49143e-011 7.49143e-011
1.05 -1.59053e-005 3.87404e-006 -1.38319e-006 5.68622e-011 5.68622e-011
1.06 -1.5905e-005 3.87316e-006 -1.36594e-006 5.6406e-011 5.6406e-011
1.07 -1.59071e-005 3.86788e-006 -1.35058e-006 7.22337e-011 7.22337e-011
1.08 -1.59114e-005 3.85934e-006 -1.34001e-006 9.67417e-011 9.67417e-011
1.09 -1.59173e-005 3.8506e-006 -1.33509e-006 1.19559e-010 1.19559e-010
1.1 -1.59235e-005 3.84069e-006 -1.33316e-006 1.31896e-010 1.31896e-010
1.11 -1.59287e-005 3.82676e-006 -1.32946e-006 1.29888e-010 1.29888e-010
1.12 -1.59319e-005 3.81117e-006 -1.32055e-006 1.15623e-010 1.15623e-010
1.13 -1.5933e-005 3.80056e-006 -1.30706e-006 9.57424e-011 9.57424e-011
1.14 -1.59319e-005 3.79794e-006 -1.29397e-006 7.84634e-011 7.84634e-011
1.15 -1.59286e-005 3.80292e-006 -1.28773e-006 7.03164e-011 7.03164e-011
1.16 -1.59242e-005 3.81604e-006 -1.2917e-006 7.37568e-011 7.37568e-011
1.17 -1.59201e-005 3.83546e-006 -1.30306e-006 8.65175e-011 8.65175e-011
1.18 -1.59179e-005 3.85599e-006 -1.31427e-006 1.02875e-010 1.02875e-010
1.19 -1.59184e-005 3.87241e-006 -1.3197e-006 1.16153e-010 1.16153e-010
1.2 -1.59217e-005 3.88092e-006 -1.32009e-006 1.21353e-010 1.21353e-010
1.21 -1.59265e-005 3.88022e-006 -1.32054e-006 1.1696e-010 1.1696e-010
1.22 -1.59313e-005 3.87168e-006 -1.32593e-006 1.0533e-010 1.0533e-010
1.23 -1.59345e-005 3.85816e-006 -1.33882e-006 9.15339e-011 9.15339e-011
1.24 -1.59346e-005 3.84417e-006 -1.35896e-006 8.1151e-011 8.1151e-011
1.25 -1.59309e-005 3.83607e-006 -1.3839e-006 7.80106e-011 7.80106e-011
1.26 -1.59237e-005 3.83934e-006 -1.41063e-006 8.28139e-011 8.28139e-011
1.27 -1.59141e-005 3.85478e-006 -1.43638e-006 9.31275e-011 9.31275e-011
1.28 -1.59035e-005 3.87866e-006 -1.4588e-006 1.04594e-010 1.04594e-010
1.29 -1.58939e-005 3.90411e-006 -1.47627e-006 1.12757e-010 1.12757e-010
1.3 -1.58868e-005 3.92352e-006 -1.4878e-006 1.14762e-010 1.14762e-010
1.31 -1.58835e-005 3.93412e-006 -1.49338e-006 1.10319e-010 1.10319e-010
1.32 -1.58848e-005 3.93804e-006 -1.49576e-006 1.01595e-010 1.01595e-010
1.33 -1.58897e-005 3.93734e-006 -1.50068e-006 9.2192e-011 9.2192e-011
1.34 -1.58968e-005 3.93635e-006 -1.51368e-006 8.56742e-011 8.56742e-011
1.35 -1.59049e-005 3.94414e-006 -1.53466e-006 8.42401e-011 8.42401e-011
1.36 -1.59136e-005 3.96581e-006 -1.55627e-006 8.80203e-011 8.80203e-011
1.37 -1.5922e-005 3.99613e-006 -1.5702e-006 9.52182e-011 9.52182e-011
1.38 -1.59288e-005 4.02445e-006 -1.57456e-006 1.02901e-010 1.02901e-010
1.39 -1.59324e-005 4.04278e-006 -1.5752e-006 1.0809e-010 1.0809e-010
1.4 -1.59323e-005 4.04924e-006 -1.58047e-006 1.08912e-010 1.08912e-010
1.41 -1.59286e-005 4.04363e-006 -1.5913e-006 1.05409e-010 1.05409e-010
1.42 -1.59222e-005 4.0268e-006 -1.5979e-006 9.94264e-011 9.94264e-011
1.43 -1.5915e-005 4.00474e-006 -1.59055e-006 9.36359e-011 9.36359e-011
1.44 -1.59081e-005 3.98341e-006 -1.56963e-006 9.02589e-011 9.02589e-011
1.45 -1.59012e-005 3.96136e-006 -1.54496e-006 9.0225e-011 9.0225e-011
1.46 -1.58937e-005 3.93226e-006 -1.52747e-006 9.30979e-011 9.30979e-011
1.47 -1.58852e-005 3.89181e-006 -1.51906e-006 9.74932e-011 9.74932e-011
1.48 -1.5876e-005 3.83861e-006 -1.5105e-006 1.01653e-010 1.01653e-010
1.49 -1.58658e-005 3.7691e-006 -1.49112e-006 1.04055e-010 1.04055e-010
1.5 -1.58534e-005 3.68074e-006 -1.45826e-006 1.03917e-010 1.03917e-010
1.51 -1.58384e-005 3.58479e-006 -1.41634e-006 1.01412e-010 1.01412e-010
1.52 -1.58228e-005 3.50626e-006 -1.37042e-006 9.75538e-011 9.75538e-011
1.53 -1.58094e-005 3.4623e-006 -1.32157e-006 9.3885e-011 9.3885e-011
1.54 -1.58004e-005 3.448e-006 -1.2684e-006 9.196e-011 9.196e-011
1.55 -1.57974e-005 3.44787e-006 -1.21198e-006 9.26673e-011 9.26673e-011
1.56 -1.58019e-005 3.45001e-006 -1.15604e-006 9.57133e-011 9.57133e-011
1.57 -1.58143e-005 3.44753e-006 -1.10451e-006 9.97486e-011 9.97486e-011
1.58 -1.58333e-005 3.43619e-006 -1.06222e-006 1.03082e-010 1.03082e-010
1.59 -1.58553e-005 3.41396e-006 -1.03469e-006 1.04431e-010 1.04431e-010
1.6 -1.58756e-005 3.37982e-006 -1.02354e-006 1.03368e-010 1.03368e-010
1.61 -1.58902e-005 3.33597e-006 -1.02054e-006 1.00429e-010 1.00429e-010
1.62 -1.58969e-005 3.29456e-006 -1.01131e-006 9.6855e-011 9.6855e-011
1.63 -1.58963e-005 3.27956e-006 -9.92232e-007 9.39805e-011 9.39805e-011
1.64 -1.58907e-005 3.31723e-006 -9.78069e-007 9.26241e-011 9.26241e-011
1.65 -1.58841e-005 3.41659e-006 -9.85859e-007 9.29675e-011 9.29675e-011
1.66 -1.58811e-005 3.55884e-006 -1.01713e-006 9.48794e-011 9.48794e-011
1.67 -1.58863e-005 3.70871e-006 -1.0588e-006 9.80391e-011 9.80391e-011
1.68 -1.59028e-005 3.83495e-006 -1.09739e-006 1.01637e-010 1.01637e-010
1.69 -1.59304e-005 3.92139e-006 -1.13068e-006 1.04314e-010 1.04314e-010
1.7 -1.59655e-005 3.96648e-006 -1.16417e-006 1.04778e-010 1.04778e-010
1.71 -1.6003e-005 3.98262e-006 -1.20024e-006 1.02584e-010 1.02584e-010
1.72 -1.60379e-005 3.99453e-006 -1.23742e-006 9.84106e-011 9.84106e-011
1.73 -1.60656e-005 4.02693e-006 -1.27671e-006 9.37018e-011 9.37018e-011
1.74 -1.60824e-005 4.09154e-006 -1.32277e-006 9.0071e-011 9.0071e-011
1.75 -1.60873e-005 4.18737e-006 -1.38069e-006 8.88251e-011 8.88251e-011
1.76 -1.60822e-005 4.3054e-006 -1.45343e-006 9.05642e-011 9.05642e-011
1.77 -1.60699e-005 4.42702e-006 -1.53992e-006 9.48807e-011 9.48807e-011
1.78 -1.60527e-005 4.52425e-006 -1.63284e-006 1.00447e-010 1.00447e-010
1.79 -1.60338e-005 4.57517e-006 -1.71938e-006 1.05515e-010 1.05515e-010
1.8 -1.60161e-005 4.57939e-006 -1.79004e-006 1.08459e-010 1.08459e-010
1.81 -1.60013e-005 4.55258e-006 -1.84709e-006 1.08181e-010 1.08181e-010
1.82 -1.5989e-005 4.51271e-006 -1.90011e-006 1.04588e-010 1.04588e-010
1.83 -1.59774e-005 4.47357e-006 -1.95505e-006 9.8937e-011 9.8937e-011
1.84 -1.59651e-005 4.44441e-006 -2.00943e-006 9.34547e-011 9.34547e-011
1.85 -1.59514e-005 4.42786e-006 -2.05457e-006 9.03066e-011 9.03066e-011
1.86 -1.59358e-005 4.41634e-006 -2.08268e-006 9.05369e-011 9.05369e-011
1.87 -1.59187e-005 4.40239e-006 -2.09358e-006 9.3729e-011 9.3729e-011
1.88 -1.59029e-005 4.39647e-006 -2.09431e-006 9.84166e-011 9.84166e-011
1.89 -1.58923e-005 4.41554e-006 -2.0924e-006 1.02731e-010 1.02731e-010
1.9 -1.5889e-005 4.44863e-006 -2.09047e-006 1.05253e-010 1.05253e-010
1.91 -1.58909e-005 4.45673e-006 -2.08577e-006 1.05601e-010 1.05601e-010
1.92 -1.58948e-005 4.40861e-006 -2.07302e-006 1.04265e-010 1.04265e-010
1.93 -1.5897e-005 4.29752e-006 -2.04904e-006 1.02043e-010 1.02043e-010
1.94 -1.58922e-005 4.13206e-006 -2.01553e-006 9.9628e-011 9.9628e-011
1.95 -1.58745e-005 3.929e-006 -1.97653e-006 9.75307e-011 9.75307e-011
1.96 -1.58405e-005 3.71562e-006 -1.93508e-006 9.61182e-011 9.61182e-011
1.97 -1.57908e-005 3.52642e-006 -1.8926e-006 9.55581e-011 9.55581e-011
1.98 -1.57294e-005 3.38444e-006 -1.8491e-006 9.58028e-011 9.58028e-011
1.99 -1.56622e-005 3.28719e-006 -1.80451e-006 9.67538e-011 9.67538e-011
2 -1.55966e-005 3.2121e-006 -1.75862e-006 9.8358e-011 9.8358e-011
2.01 -1.55397e-005 3.13194e-006 -1.70845e-006 1.00458e-010 1.00458e-010
2.02 -1.54983e-005 3.0288e-006 -1.64701e-006 1.02607e-010 1.02607e-010
2.03 -1.54762e-005 2.8959e-006 -1.56655e-006 1.04152e-010 1.04152e-010
2.04 -1.54731e-005 2.73454e-006 -1.4655e-006 1.045e-010 1.045e-010
2.05 -1.54856e-005 2.56208e-006 -1.35182e-006 1.03336e-010 1.03336e-010
2.06 -1.55086e-005 2.41072e-006 -1.2376e-006 1.00757e-010 1.00757e-010
2.07 -1.55363e-005 2.30215e-006 -1.13138e-006 9.74369e-011 9.74369e-011
2.08 -1.55621e-005 2.23406e-006 -1.03554e-006 9.45943e-011 9.45943e-011
2.09 -1.55811e-005 2.19452e-006 -9.49451e-007 9.34906e-011 9.34906e-011
2.1 -1.55916e-005 2.179e-006 -8.74531e-007 9.46751e-011 9.46751e-011
2.11 -1.5595e-005 2.18978e-006 -8.14539e-007 9.76697e-011 9.76697e-011
2.12 -1.55938e-005 2.22154e-006 -7.70947e-007 1.01352e-010 1.01352e-010
2.13 -1.55908e-005 2.2582e-006 -7.417e-007 1.04563e-010 1.04563e-010
2.14 -1.55889e-005 2.28557e-006 -7.22722e-007 1.06432e-010 1.06432e-010
2.15 -1.5591e-005 2.3031e-006 -7.09059e-007 1.06428e-010 1.06428e-010
2.16 -1.56002e-005 2.32675e-006 -6.97875e-007 1.0447e-010 1.0447e-010
2.17 -1.56182e-005 2.37586e-006 -6.92495e-007 1.01081e-010 1.01081e-010
2.18 -1.56434e-005 2.45202e-006 -7.03272e-007 9.73405e-011 9.73405e-011
2.19 -1.56723e-005 2.5438e-006 -7.40672e-007 9.45065e-011 9.45065e-011
2.2 -1.57027e-005 2.65277e-006 -8.05729e-007 9.34906e-011 9.34906e-011
2.21 -1.57349e-005 2.79356e-006 -8.89499e-007 9.45077e-011 9.45077e-011
2.22 -1.5769e-005 2.97132e-006 -9.80031e-007 9.7101e-011 9.7101e-011
2.23 -1.58045e-005 3.17444e-006 -1.06887e-006 1.004e-010 1.004e-010
2.24 -1.58409e-005 3.38654e-006 -1.15445e-006 1.03363e-010 1.03363e-010
2.25 -1.58778e-005 3.59663e-006 -1.24129e-006 1.05019e-010 1.05019e-010
2.26 -1.59144e-005 3.79565e-006 -1.33622e-006 1.04817e-010 1.04817e-010
2.27 -1.59493e-005 3.97812e-006 -1.44469e-006 1.0292e-010 1.0292e-010
2.28 -1.59819e-005 4.1516e-006 -1.56724e-006 1.00144e-010 1.00144e-010
2.29 -1.60121e-005 4.32902e-006 -1.69939e-006 9.75671e-011 9.75671e-011
2.3 -1.60392e-005 4.51342e-006 -1.83545e-006 9.60614e-011 9.60614e-011
2.31 -1.60642e-005 4.70083e-006 -1.97e-006 9.61067e-011 9.61067e-011
2.32 -1.60883e-005 4.8882e-006 -2.09651e-006 9.77273e-011 9.77273e-011
2.33 -1.61105e-005 5.07053e-006 -2.20831e-006 1.0033e-010 1.0033e-010
2.34 -1.61311e-005 5.23812e-006 -2.30265e-006 1.02939e-010 1.02939e-010
2.35 -1.61506e-005 5.37992e-006 -2.38134e-006 1.048e-010 1.048e-010
2.36 -1.61685e-005 5.48866e-006 -2.44748e-006 1.05508e-010 1.05508e-010
2.37 -1.61841e-005 5.55961e-006 -2.50279e-006 1.04917e-010 1.04917e-010
2.38 -1.61958e-005 5.59171e-006 -2.54662e-006 1.03357e-010 1.03357e-010
2.39 -1.62035e-005 5.59779e-006 -2.5758e-006 1.01644e-010 1.01644e-010
2.4 -1.6208e-005 5.59713e-006 -2.58354e-006 1.00598e-010 1.00598e-010
2.41 -1.62108e-005 5.59697e-006 -2.55879e-006 1.00617e-010 1.00617e-010
2.42 -1.62141e-005 5.5945e-006 -2.49236e-006 1.01692e-010 1.01692e-010
2.43 -1.62189e-005 5.5798e-006 -2.38821e-006 1.03476e-010 1.03476e-010
2.44 -1.62235e-005 5.53002e-006 -2.26559e-006 1.05234e-010 1.05234e-010
2.45 -1.62247e-005 5.42237e-006 -2.14512e-006 1.06142e-010 1.06142e-010
2.46 -1.62207e-005 5.25712e-006 -2.03417e-006 1.05791e-010 1.05791e-010
2.47 -1.62108e-005 5.05568e-006 -1.92689e-006 1.04384e-010 1.04384e-010
2.48 -1.6194e-005 4.83995e-006 -1.81405e-006 1.02569e-010 1.02569e-010
2.49 -1.61684e-005 4.62005e-006 -1.69027e-006 1.0113e-010 1.0113e-010
2.5 -1.61324e-005 4.39407e-006 -1.55457e-006 1.00678e-010 1.00678e-010
2.51 -1.60858e-005 4.15568e-006 -1.40935e-006 1.01391e-010 1.01391e-010
2.52 -1.60296e-005 3.90154e-006 -1.26164e-006 1.02937e-010 1.02937e-010
2.53 -1.59659e-005 3.63161e-006 -1.12055e-006 1.0464e-010 1.0464e-010
2.54 -1.58979e-005 3.35096e-006 -9.9198e-007 1.05788e-010 1.05788e-010
2.55 -1.58292e-005 3.07096e-006 -8.77464e-007 1.0597e-010 1.0597e-010
2.56 -1.57636e-005 2.80347e-006 -7.76101e-007 1.05276e-010 1.05276e-010
2.57 -1.57034e-005 2.55545e-006 -6.87772e-007 1.04162e-010 1.04162e-010
2.58 -1.56498e-005 2.32792e-006 -6.14584e-007 1.03167e-010 1.03167e-010
2.59 -1.56026e-005 2.11698e-006 -5.57272e-007 1.02722e-010 1.02722e-010
2.6 -1.55609e-005 1.91803e-006 -5.12489e-007 1.03021e-010 1.03021e-010
2.61 -1.55234e-005 1.73252e-006 -4.77333e-007 1.03923e-010 1.03923e-010
2.62 -1.5489e-005 1.57041e-006 -4.5433e-007 1.04918e-010 1.04918e-010
2.63 -1.54573e-005 1.44543e-006 -4.47409e-007 1.05379e-010 1.05379e-010
2.64 -1.54283e-005 1.3621e-006 -4.53676e-007 1.0502e-010 1.0502e-010
2.65 -1.54019e-005 1.30586e-006 -4.63128e-007 1.04123e-010 1.04123e-010
2.66 -1.5378e-005 1.25778e-006 -4.68422e-007 1.03239e-010 1.03239e-010
2.67 -1.53572e-005 1.21601e-006 -4.75164e-007 1.02654e-010 1.02654e-010
2.68 -1.53404e-005 1.19624e-006 -5.003e-007 1.02233e-010 1.02233e-010
2.69 -1.53291e-005 1.21567e-006 -5.57589e-007 1.01803e-010 1.01803e-010
2.7 -1.53241e-005 1.27619e-006 -6.45678e-007 1.01576e-010 1.01576e-010
2.71 -1.5326e-005 1.36641e-006 -7.48626e-007 1.0205e-010 1.0205e-010
2.72 -1.53364e-005 1.4808e-006 -8.45686e-007 1.03445e-010 1.03445e-010
2.73 -1.53579e-005 1.62961e-006 -9.255e-007 1.05305e-010 1.05305e-010
2.74 -1.53919e-005 1.8244e-006 -9.96361e-007 1.06711e-010 1.06711e-010
2.75 -1.54369e-005 2.05885e-006 -1.07901e-006 1.06921e-010 1.06921e-010
2.76 -1.54905e-005 2.31574e-006 -1.18556e-006 1.05871e-010 1.05871e-010
2.77 -1.5551e-005 2.58298e-006 -1.3124e-006 1.04149e-010 1.04149e-010
2.78 -1.56159e-005 2.8551e-006 -1.45503e-006 1.02531e-010 1.02531e-010
2.79 -1.56817e-005 3.13451e-006 -1.61668e-006 1.01501e-010 1.01501e-010
2.8 -1.57459e-005 3.43345e-006 -1.79626e-006 1.01203e-010 1.01203e-010
2.81 -1.58076e-005 3.75726e-006 -1.97861e-006 1.01697e-010 1.01697e-010
2.82 -1.58662e-005 4.0913e-006 -2.1427e-006 1.02958e-010 1.02958e-010
2.83 -1.59211e-005 4.41332e-006 -2.27553e-006 1.04599e-010 1.04599e-010
2.84 -1.59724e-005 4.7081e-006 -2.37924e-006 1.0579e-010 1.0579e-010
2.85 -1.60206e-005 4.9729e-006 -2.46542e-006 1.05701e-010 1.05701e-010
2.86 -1.60669e-005 5.21131e-006 -2.54606e-006 1.04101e-010 1.04101e-010
2.87 -1.6111e-005 5.42464e-006 -2.63215e-006 1.01514e-010 1.01514e-010
2.88 -1.61543e-005 5.61689e-006 -2.72918e-006 9.90038e-011 9.90038e-011
2.89 -1.61981e-005 5.79717e-006 -2.82876e-006 9.79467e-011 9.79467e-011
2.9 -1.62407e-005 5.96854e-006 -2.91252e-006 9.93778e-011 9.93778e-011
2.91 -1.62809e-005 6.12409e-006 -2.96712e-006 1.03144e-010 1.03144e-010
2.92 -1.63177e-005 6.25445e-006 -2.99236e-006 1.07948e-010 1.07948e-010
2.93 -1.63492e-005 6.35108e-006 -2.99395e-006 1.12054e-010 1.12054e-010
2.94 -1.63743e-005 6.40704e-006 -2.97311e-006 1.13973e-010 1.13973e-010
2.95 -1.6393e-005 6.42007e-006 -2.92736e-006 1.13023e-010 1.13023e-010
2.96 -1.64052e-005 6.39158e-006 -2.85688e-006 1.09596e-010 1.09596e-010
2.97 -1.64101e-005 6.32014e-006 -2.76291e-006 1.04982e-010 1.04982e-010
2.98 -1.64067e-005 6.20062e-006 -2.64263e-006 1.00817e-010 1.00817e-010
2.99 -1.63948e-005 6.03386e-006 -2.49188e-006 9.84614e-011 9.84614e-011
3 -1.63761e-005 5.8349e-006 -2.31147e-006 9.85081e-011 9.85081e-011
3.01 -1.63531e-005 5.62592e-006 -2.10832e-006 1.00545e-010 1.00545e-010
3.02 -1.63291e-005 5.42076e-006 -1.89036e-006 1.03497e-010 1.03497e-010
3.03 -1.6307e-005 5.21875e-006 -1.66044e-006 1.06346e-010 1.06346e-010
3.04 -1.62893e-005 5.00589e-006 -1.41735e-006 1.08499e-010 1.08499e-010
3.05 -1.62755e-005 4.76025e-006 -1.16453e-006 1.097e-010 1.097e-010
3.06 -1.62629e-005 4.46625e-006 -9.12134e-007 1.09872e-010 1.09872e-010
3.07 -1.62491e-005 4.13035e-006 -6.65055e-007 1.09077e-010 1.09077e-010
3.08 -1.62325e-005 3.77983e-006 -4.18338e-007 1.07625e-010 1.07625e-010
3.09 -1.62116e-005 3.4399e-006 -1.67744e-007 1.06069e-010 1.06069e-010
3.1 -1.61835e-005 3.11751e-006 8.26868e-008 1.04856e-010 1.04856e-010
3.11 -1.61461e-005 2.81421e-006 3.19382e-007 1.04093e-010 1.04093e-010
3.12 -1.61006e-005 2.54582e-006 5.25124e-007 1.03639e-010 1.03639e-010
3.13 -1.60523e-005 2.33692e-006 6.90042e-007 1.03326e-010 1.03326e-010
3.14 -1.60067e-005 2.19176e-006 8.12757e-007 1.03227e-010 1.03227e-010
3.15 -1.59669e-005 2.08067e-006 8.95129e-007 1.03691e-010 1.03691e-010
3.16 -1.59331e-005 1.96183e-006 9.41004e-007 1.04999e-010 1.04999e-010
3.17 -1.59033e-005 1.80522e-006 9.54553e-007 1.06904e-010 1.06904e-010
3.18 -1.58738e-005 1.60554e-006 9.38987e-007 1.08569e-010 1.08569e-010
3.19 -1.58413e-005 1.39295e-006 8.98898e-007 1.09014e-010 1.09014e-010
3.2 -1.58044e-005 1.21964e-006 8.41224e-007 1.07693e-010 1.07693e-010
3.21 -1.57628e-005 1.12132e-006 7.73388e-007 1.04866e-010 1.04866e-010
3.22 -1.57167e-005 1.09628e-006 7.0044e-007 1.01577e-010 1.01577e-010
3.23 -1.56676e-005 1.12053e-006 6.20209e-007 9.91492e-011 9.91492e-011
3.24 -1.56186e-005 1.17071e-006 5.22336e-007 9.85046e-011 9.85046e-011
3.25 -1.55737e-005 1.23133e-006 3.92898e-007 9.97613e-011 9.97613e-011
3.26 -1.55359e-005 1.29677e-006 2.16338e-007 1.02288e-010 1.02288e-010
3.27 -1.55068e-005 1.3778e-006 -2.11616e-008 1.0508e-010 1.0508e-010
3.28 -1.5487e-005 1.49542e-006 -3.2151e-007 1.07221e-010 1.07221e-010
3.29 -1.54756e-005 1.65976e-006 -6.67528e-007 1.08282e-010 1.08282e-010
3.3 -1.54703e-005 1.86209e-006 -1.02652e-006 1.08482e-010 1.08482e-010
3.31 -1.54693e-005 2.08871e-006 -1.36211e-006 1.08325e-010 1.08325e-010
3.32 -1.54725e-005 2.33677e-006 -1.64779e-006 1.0798e-010 1.0798e-010
3.33 -1.54814e-005 2.60879e-006 -1.87595e-006 1.07106e-010 1.07106e-010
3.34 -1.54962e-005 2.89276e-006 -2.05802e-006 1.05159e-010 1.05159e-010
3.35 -1.55165e-005 3.167e-006 -2.21728e-006 1.01967e-010 1.01967e-010
3.36 -1.55423e-005 3.42717e-006 -2.38067e-006 9.82367e-011 9.82367e-011
3.37 -1.55751e-005 3.69157e-006 -2.5714e-006 9.5052e-011 9.5052e-011
3.38 -1.56163e-005 3.98427e-006 -2.79833e-006 9.32699e-011 9.32699e-011
3.39 -1.56674e-005 4.31823e-006 -3.04876e-006 9.37539e-011 9.37539e-011
3.4 -1.57281e-005 4.68038e-006 -3.29373e-006 9.72209e-011 9.72209e-011
3.41 -1.57955e-005 5.02895e-006 -3.50153e-006 1.03425e-010 1.03425e-010
3.42 -1.58649e-005 5.31852e-006 -3.64934e-006 1.1075e-010 1.1075e-010
3.43 -1.59317e-005 5.5317e-006 -3.72928e-006 1.16658e-010 1.16658e-010
3.44 -1.59927e-005 5.68329e-006 -3.74759e-006 1.18691e-010 1.18691e-010
3.45 -1.60461e-005 5.8003e-006 -3.71774e-006 1.15584e-010 1.15584e-010
3.46 -1.60906e-005 5.90236e-006 -3.65579e-006 1.07955e-010 1.07955e-010
3.47 -1.61257e-005 5.99525e-006 -3.57793e-006 9.83572e-011 9.83572e-011
3.48 -1.61524e-005 6.07584e-006 -3.49536e-006 9.05094e-011 9.05094e-011
3.49 -1.61733e-005 6.13816e-006 -3.41014e-006 8.74618e-011 8.74618e-011
3.5 -1.61913e-005 6.16941e-006 -3.31607e-006 8.99397e-011 8.99397e-011
3.51 -1.62078e-005 6.14912e-006 -3.20282e-006 9.65329e-011 9.65329e-011
3.52 -1.62241e-005 6.06982e-006 -3.0621e-006 1.04937e-010 1.04937e-010
3.53 -1.62414e-005 5.9488e-006 -2.89269e-006 1.1247e-010 1.1247e-010
3.54 -1.62597e-005 5.80716e-006 -2.69896e-006 1.16511e-010 1.16511e-010
3.55 -1.62768e-005 5.64635e-006 -2.48638e-006 1.15789e-010 1.15789e-010
3.56 -1.62876e-005 5.44646e-006 -2.25894e-006 1.11276e-010 1.11276e-010
3.57 -1.62869e-005 5.18716e-006 -2.01842e-006 1.05448e-010 1.05448e-010
3.58 -1.62716e-005 4.87066e-006 -1.76446e-006 1.00681e-010 1.00681e-010
3.59 -1.62418e-005 4.52483e-006 -1.49474e-006 9.82338e-011 9.82338e-011
3.6 -1.62015e-005 4.1916e-006 -1.20847e-006 9.82436e-011 9.82436e-011
3.61 -1.61564e-005 3.90631e-006 -9.13235e-007 1.00114e-010 1.00114e-010
3.62 -1.6112e-005 3.67367e-006 -6.26142e-007 1.02782e-010 1.02782e-010
3.63 -1.60715e-005 3.46326e-006 -3.66168e-007 1.05134e-010 1.05134e-010
3.64 -1.60367e-005 3.23602e-006 -1.4302e-007 1.06587e-010 1.06587e-010
3.65 -1.60095e-005 2.97451e-006 4.77385e-008 1.0725e-010 1.0725e-010
3.66 -1.59906e-005 2.68679e-006 2.17925e-007 1.07501e-010 1.07501e-010
3.67 -1.5978e-005 2.38998e-006 3.80064e-007 1.07533e-010 1.07533e-010
3.68 -1.59676e-005 2.10038e-006 5.44364e-007 1.0739e-010 1.0739e-010
3.69 -1.59547e-005 1.835e-006 7.08652e-007 1.07138e-010 1.07138e-010
3.7 -1.59341e-005 1.60863e-006 8.5218e-007 1.06764e-010 1.06764e-010
3.71 -1.59022e-005 1.42866e-006 9.4742e-007 1.06076e-010 1.06076e-010
3.72 -1.5858e-005 1.29967e-006 9.74638e-007 1.05039e-010 1.05039e-010
3.73 -1.5804e-005 1.22584e-006 9.29611e-007 1.04134e-010 1.04134e-010
3.74 -1.57456e-005 1.20332e-006 8.27345e-007 1.04135e-010 1.04135e-010
3.75 -1.56888e-005 1.21984e-006 6.91304e-007 1.05461e-010 1.05461e-010
3.76 -1.56386e-005 1.26277e-006 5.35531e-007 1.07771e-010 1.07771e-010
3.77 -1.55989e-005 1.32568e-006 3.63274e-007 1.10072e-010 1.10072e-010
3.78 -1.55718e-005 1.40828e-006 1.74627e-007 1.11207e-010 1.11207e-010
3.79 -1.55573e-005 1.5118e-006 -3.29269e-008 1.10445e-010 1.10445e-010
3.8 -1.55534e-005 1.63912e-006 -2.64528e-007 1.07819e-010 1.07819e-010
3.81 -1.5557e-005 1.79602e-006 -5.20414e-007 1.04145e-010 1.04145e-010
3.82 -1.5566e-005 1.98577e-006 -7.87747e-007 1.00755e-010 1.00755e-010
3.83 -1.55792e-005 2.20856e-006 -1.04389e-006 9.88978e-011 9.88978e-011
3.84 -1.55965e-005 2.46623e-006 -1.27844e-006 9.9206e-011 9.9206e-011
3.85 -1.56164e-005 2.75618e-006 -1.51026e-006 1.01371e-010 1.01371e-010
3.86 -1.56369e-005 3.06594e-006 -1.7651e-006 1.04285e-010 1.04285e-010
3.87 -1.56578e-005 3.37784e-006 -2.04368e-006 1.06892e-010 1.06892e-010
3.88 -1.56801e-005 3.67541e-006 -2.32562e-006 1.0879e-010 1.0879e-010
3.89 -1.57038e-005 3.94712e-006 -2.59222e-006 1.09864e-010 1.09864e-010
3.9 -1.57269e-005 4.18469e-006 -2.83725e-006 1.09824e-010 1.09824e-010
3.91 -1.57458e-005 4.37742e-006 -3.06013e-006 1.0849e-010 1.0849e-010
3.92 -1.57563e-005 4.51317e-006 -3.25361e-006 1.06187e-010 1.06187e-010
3.93 -1.57566e-005 4.59505e-006 -3.40484e-006 1.0358e-010 1.0358e-010
3.94 -1.57482e-005 4.65186e-006 -3.50648e-006 1.01194e-010 1.01194e-010
3.95 -1.57356e-005 4.71896e-006 -3.55754e-006 9.92079e-011 9.92079e-011
3.96 -1.5725e-005 4.81449e-006 -3.55879e-006 9.7815e-011 9.7815e-011
3.97 -1.57237e-005 4.93735e-006 -3.51664e-006 9.74903e-011 9.74903e-011
3.98 -1.57386e-005 5.07728e-006 -3.44338e-006 9.85979e-011 9.85979e-011
3.99 -1.57758e-005 5.22042e-006 -3.3482e-006 1.00965e-010 1.00965e-010
4 -1.58376e-005 5.34121e-006 -3.23195e-006 1.04061e-010 1.04061e-010
4.01 -1.59201e-005 5.39994e-006 -3.08878e-006 1.07338e-010 1.07338e-010
4.02 -1.60145e-005 5.37077e-006 -2.91493e-006 1.10119e-010 1.10119e-010
4.03 -1.61093e-005 5.26273e-006 -2.7189e-006 1.11449e-010 1.11449e-010
4.04 -1.61909e-005 5.10167e-006 -2.51654e-006 1.1054e-010 1.1054e-010
4.05 -1.62466e-005 4.91345e-006 -2.31905e-006 1.07483e-010 1.07483e-010
4.06 -1.62691e-005 4.73155e-006 -2.12941e-006 1.03376e-010 1.03376e-010
4.07 -1.62588e-005 4.59011e-006 -1.94229e-006 9.97624e-011 9.97624e-011
4.08 -1.62223e-005 4.49453e-006 -1.74469e-006 9.80046e-011 9.80046e-011
4.09 -1.61702e-005 4.41759e-006 -1.51971e-006 9.88922e-011 9.88922e-011
4.1 -1.61165e-005 4.32592e-006 -1.25518e-006 1.02258e-010 1.02258e-010
4.11 -1.60751e-005 4.19553e-006 -9.5366e-007 1.06752e-010 1.06752e-010
4.12 -1.60563e-005 4.01692e-006 -6.34483e-007 1.10248e-010 1.10248e-010
4.13 -1.60653e-005 3.80358e-006 -3.25885e-007 1.10916e-010 1.10916e-010
4.14 -1.61014e-005 3.5794e-006 -5.38479e-008 1.08267e-010 1.08267e-010
4.15 -1.61562e-005 3.35626e-006 1.6457e-007 1.03514e-010 1.03514e-010
4.16 -1.62159e-005 3.13672e-006 3.22878e-007 9.90003e-011 9.90003e-011
4.17 -1.62652e-005 2.92559e-006 4.24459e-007 9.6995e-011 9.6995e-011
4.18 -1.62914e-005 2.73458e-006 4.8224e-007 9.86572e-011 9.86572e-011
4.19 -1.62876e-005 2.58198e-006 5.19084e-007 1.03698e-010 1.03698e-010
4.2 -1.62539e-005 2.48124e-006 5.61419e-007 1.10524e-010 1.10524e-010
4.21 -1.61964e-005 2.43271e-006 6.2404e-007 1.16682e-010 1.16682e-010
4.22 -1.61259e-005 2.43068e-006 7.00243e-007 1.1966e-010 1.1966e-010
4.23 -1.60557e-005 2.46195e-006 7.68579e-007 1.17956e-010 1.17956e-010
4.24 -1.5998e-005 2.50299e-006 8.065e-007 1.11897e-010 1.11897e-010
4.25 -1.59631e-005 2.54214e-006 7.98694e-007 1.03593e-010 1.03593e-010
4.26 -1.59577e-005 2.5888e-006 7.38916e-007 9.60066e-011 9.60066e-011
4.27 -1.59823e-005 2.65308e-006 6.27453e-007 9.16771e-011 9.16771e-011
4.28 -1.60304e-005 2.74119e-006 4.69979e-007 9.18819e-011 9.18819e-011
4.29 -1.60924e-005 2.86103e-006 2.79178e-007 9.6363e-011 9.6363e-011
4.3 -1.61558e-005 3.0081e-006 7.08382e-008 1.03477e-010 1.03477e-010
4.31 -1.62067e-005 3.16178e-006 -1.45219e-007 1.10772e-010 1.10772e-010
4.32 -1.62339e-005 3.30956e-006 -3.67279e-007 1.15864e-010 1.15864e-010
4.33 -1.62324e-005 3.45867e-006 -5.9505e-007 1.1729e-010 1.1729e-010
4.34 -1.62037e-005 3.62235e-006 -8.22184e-007 1.14911e-010 1.14911e-010
4.35 -1.61554e-005 3.80894e-006 -1.03581e-006 1.09923e-010 1.09923e-010
4.36 -1.60987e-005 4.01934e-006 -1.22799e-006 1.04358e-010 1.04358e-010
4.37 -1.6045e-005 4.24201e-006 -1.40698e-006 1.00116e-010 1.00116e-010
4.38 -1.60031e-005 4.45258e-006 -1.59064e-006 9.82557e-011 9.82557e-011
4.39 -1.5978e-005 4.6189e-006 -1.78865e-006 9.88694e-011 9.88694e-011
4.4 -1.59701e-005 4.71378e-006 -1.99454e-006 1.01218e-010 1.01218e-010
4.41 -1.59762e-005 4.73749e-006 -2.19414e-006 1.04017e-010 1.04017e-010
4.42 -1.59907e-005 4.72216e-006 -2.37751e-006 1.05831e-010 1.05831e-010
4.43 -1.60069e-005 4.71406e-006 -2.54125e-006 1.05657e-010 1.05657e-010
4.44 -1.60199e-005 4.75772e-006 -2.68216e-006 1.03619e-010 1.03619e-010
4.45 -1.60281e-005 4.87517e-006 -2.79254e-006 1.01052e-010 1.01052e-010
4.46 -1.6031e-005 5.04253e-006 -2.86539e-006 9.97654e-011 9.97654e-011
4.47 -1.60284e-005 5.2014e-006 -2.90377e-006 1.01024e-010 1.01024e-010
4.48 -1.60215e-005 5.30045e-006 -2.9171e-006 1.04772e-010 1.04772e-010
4.49 -1.60134e-005 5.31731e-006 -2.90704e-006 1.09537e-010 1.09537e-010
4.5 -1.60072e-005 5.25251e-006 -2.86475e-006 1.13167e-010 1.13167e-010
4.51 -1.60046e-005 5.12803e-006 -2.78325e-006 1.13854e-010 1.13854e-010
4.52 -1.60067e-005 4.98616e-006 -2.66641e-006 1.10808e-010 1.10808e-010
4.53 -1.60133e-005 4.86249e-006 -2.52299e-006 1.04614e-010 1.04614e-010
4.54 -1.60236e-005 4.76503e-006 -2.3563e-006 9.73e-011 9.73e-011
4.55 -1.60372e-005 4.68626e-006 -2.16706e-006 9.17127e-011 9.17127e-011
4.56 -1.60535e-005 4.61128e-006 -1.96448e-006 9.01464e-011 9.01464e-011
4.57 -1.60707e-005 4.51795e-006 -1.76479e-006 9.3202e-011 9.3202e-011
4.58 -1.60872e-005 4.39379e-006 -1.57867e-006 9.97053e-011 9.97053e-011
4.59 -1.61034e-005 4.25191e-006 -1.40631e-006 1.07422e-010 1.07422e-010
4.6 -1.61206e-005 4.12185e-006 -1.24258e-006 1.13903e-010 1.13903e-010
4.61 -1.6139e-005 4.01842e-006 -1.08063e-006 1.17263e-010 1.17263e-010
4.62 -1.61565e-005 3.92311e-006 -9.10979e-007 1.16906e-010 1.16906e-010
4.63 -1.61702e-005 3.80945e-006 -7.25407e-007 1.13649e-010 1.13649e-010
4.64 -1.61803e-005 3.68287e-006 -5.27116e-007 1.08941e-010 1.08941e-010
4.65 -1.61885e-005 3.57704e-006 -3.36096e-007 1.04014e-010 1.04014e-010
4.66 -1.61956e-005 3.51425e-006 -1.8375e-007 9.97352e-011 9.97352e-011
4.67 -1.61997e-005 3.48649e-006 -9.65973e-008 9.69997e-011 9.69997e-011
4.68 -1.61991e-005 3.47179e-006 -7.98851e-008 9.67218e-011 9.67218e-011
4.69 -1.61938e-005 3.45774e-006 -1.17926e-007 9.9171e-011 9.9171e-011
4.7 -1.61854e-005 3.4527e-006 -1.87925e-007 1.03502e-010 1.03502e-010
4.71 -1.61769e-005 3.4786e-006 -2.70455e-007 1.081e-010 1.081e-010
4.72 -1.61702e-005 3.54483e-006 -3.54355e-007 1.11425e-010 1.11425e-010
4.73 -1.61646e-005 3.63435e-006 -4.42163e-007 1.12646e-010 1.12646e-010
4.74 -1.61584e-005 3.7245e-006 -5.46493e-007 1.11717e-010 1.11717e-010
4.75 -1.61507e-005 3.80771e-006 -6.76974e-007 1.09156e-010 1.09156e-010
4.76 -1.61422e-005 3.8931e-006 -8.34971e-007 1.05876e-010 1.05876e-010
4.77 -1.61348e-005 4.00383e-006 -1.01636e-006 1.02982e-010 1.02982e-010
4.78 -1.61304e-005 4.15814e-006 -1.21437e-006 1.01388e-010 1.01388e-010
4.79 -1.61284e-005 4.34271e-006 -1.42213e-006 1.01472e-010 1.01472e-010
4.8 -1.61267e-005 4.52376e-006 -1.63286e-006 1.03028e-010 1.03028e-010
4.81 -1.61232e-005 4.67712e-006 -1.84163e-006 1.05324e-010 1.05324e-010
4.82 -1.61155e-005 4.79271e-006 -2.05046e-006 1.0722e-010 1.0722e-010
4.83 -1.61019e-005 4.87547e-006 -2.26131e-006 1.07649e-010 1.07649e-010
4.84 -1.60847e-005 4.95729e-006 -2.46051e-006 1.06276e-010 1.06276e-010
4.85 -1.60695e-005 5.07676e-006 -2.62576e-006 1.03736e-010 1.03736e-010
4.86 -1.60581e-005 5.22272e-006 -2.75139e-006 1.01256e-010 1.01256e-010
4.87 -1.60459e-005 5.33042e-006 -2.85508e-006 1.00004e-010 1.00004e-010
4.88 -1.6028e-005 5.35296e-006 -2.96042e-006 1.0052e-010 1.0052e-010
4.89 -1.6004e-005 5.30403e-006 -3.07452e-006 1.02459e-010 1.02459e-010
4.9 -1.59769e-005 5.22792e-006 -3.18105e-006 1.04843e-010 1.04843e-010
4.91 -1.59481e-005 5.15463e-006 -3.25932e-006 1.06711e-010 1.06711e-010
4.92 -1.59166e-005 5.09185e-006 -3.30884e-006 1.07529e-010 1.07529e-010
4.93 -1.5881e-005 5.04151e-006 -3.34856e-006 1.07114e-010 1.07114e-010
4.94 -1.5841e-005 4.99605e-006 -3.39518e-006 1.0563e-010 1.0563e-010
4.95 -1.57956e-005 4.9253e-006 -3.44859e-006 1.03824e-010 1.03824e-010
4.96 -1.57447e-005 4.79809e-006 -3.49245e-006 1.02818e-010 1.02818e-010
4.97 -1.56908e-005 4.61557e-006 -3.50097e-006 1.0323e-010 1.0323e-010
4.98 -1.56377e-005 4.39997e-006 -3.45257e-006 1.04551e-010 1.04551e-010
4.99 -1.5586e-005 4.15996e-006 -3.34866e-006 1.05583e-010 1.05583e-010
5 -1.55332e-005 3.89788e-006 -3.22048e-006 1.05337e-010 1.05337e-010
5.01 -1.54787e-005 3.63855e-006 -3.10773e-006 1.03493e-010 1.03493e-010
5.02 -1.54254e-005 3.41378e-006 -3.02545e-006 1.00564e-010 1.00564e-010
5.03 -1.53772e-005 3.23116e-006 -2.95589e-006 9.80134e-011 9.80134e-011
5.04 -1.53381e-005 3.07958e-006 -2.87196e-006 9.77042e-011 9.77042e-011
5.05 -1.53104e-005 2.94135e-006 -2.76163e-006 1.00555e-010 1.00555e-010
5.06 -1.52922e-005 2.78441e-006 -2.63194e-006 1.05695e-010 1.05695e-010
5.07 -1.52784e-005 2.57937e-006 -2.50116e-006 1.11028e-010 1.11028e-010
5.08 -1.52649e-005 2.33797e-006 -2.38818e-006 1.14387e-010 1.14387e-010
5.09 -1.52497e-005 2.10642e-006 -2.30303e-006 1.14342e-010 1.14342e-010
5.1 -1.52309e-005 1.92391e-006 -2.24639e-006 1.10767e-010 1.10767e-010
5.11 -1.52081e-005 1.81359e-006 -2.21267e-006 1.05089e-010 1.05089e-010
5.12 -1.51849e-005 1.79712e-006 -2.1935e-006 9.97124e-011 9.97124e-011
5.13 -1.51674e-005 1.87563e-006 -2.18461e-006 9.68324e-011 9.68324e-011
5.14 -1.51586e-005 2.00146e-006 -2.18514e-006 9.75369e-011 9.75369e-011
5.15 -1.51598e-005 2.1075e-006 -2.19017e-006 1.01535e-010 1.01535e-010
5.16 -1.51726e-005 2.1653e-006 -2.19588e-006 1.07184e-010 1.07184e-010
5.17 -1.51971e-005 2.1885e-006 -2.21103e-006 1.11869e-010 1.11869e-010
5.18 -1.52294e-005 2.20179e-006 -2.25302e-006 1.13151e-010 1.13151e-010
5.19 -1.52638e-005 2.23714e-006 -2.33658e-006 1.10223e-010 1.10223e-010
5.2 -1.52978e-005 2.34506e-006 -2.46483e-006 1.04437e-010 1.04437e-010
5.21 -1.53337e-005 2.57324e-006 -2.61852e-006 9.85495e-011 9.85495e-011
5.22 -1.53771e-005 2.92145e-006 -2.75166e-006 9.55078e-011 9.55078e-011
5.23 -1.54352e-005 3.34209e-006 -2.80811e-006 9.72665e-011 9.72665e-011
5.24 -1.55166e-005 3.77809e-006 -2.75214e-006 1.03589e-010 1.03589e-010
5.25 -1.56274e-005 4.17993e-006 -2.58537e-006 1.11607e-010 1.11607e-010
5.26 -1.57697e-005 4.5176e-006 -2.33802e-006 1.17075e-010 1.17075e-010
5.27 -1.59427e-005 4.79655e-006 -2.04862e-006 1.16692e-010 1.16692e-010
5.28 -1.61411e-005 5.04237e-006 -1.74968e-006 1.09845e-010 1.09845e-010
5.29 -1.63548e-005 5.27244e-006 -1.46425e-006 9.88618e-011 9.88618e-011
5.3 -1.65716e-005 5.50376e-006 -1.20693e-006 8.78935e-011 8.78935e-011
5.31 -1.67803e-005 5.76445e-006 -9.81519e-007 8.11983e-011 8.11983e-011
5.32 -1.69723e-005 6.06751e-006 -7.75239e-007 8.16008e-011 8.16008e-011
5.33 -1.71433e-005 6.39433e-006 -5.58325e-007 8.9316e-011 8.9316e-011
5.34 -1.72934e-005 6.71326e-006 -2.94626e-007 1.01625e-010 1.01625e-010
5.35 -1.74294e-005 7.00493e-006 4.46081e-008 1.13771e-010 1.13771e-010
5.36 -1.75623e-005 7.26647e-006 4.71748e-007 1.20597e-010 1.20597e-010
5.37 -1.77e-005 7.48145e-006 9.69773e-007 1.18407e-010 1.18407e-010
5.38 -1.78404e-005 7.60173e-006 1.48592e-006 1.06621e-010 1.06621e-010
5.39 -1.79764e-005 7.59189e-006 1.95946e-006 8.83903e-011 8.83903e-011
5.4 -1.81025e-005 7.47792e-006 2.35825e-006 6.94725e-011 6.94725e-011
5.41 -1.82151e-005 7.3277e-006 2.67937e-006 5.5724e-011 5.5724e-011
5.42 -1.83071e-005 7.19675e-006 2.9217e-006 5.11168e-011 5.11168e-011
5.43 -1.83655e-005 7.09027e-006 3.07138e-006 5.68836e-011 5.68836e-011
5.44 -1.83764e-005 6.9669e-006 3.11819e-006 7.09954e-011 7.09954e-011
5.45 -1.83331e-005 6.7875e-006 3.0807e-006 8.88035e-011 8.88035e-011
5.46 -1.82381e-005 6.55099e-006 3.00058e-006 1.0474e-010 1.0474e-010
5.47 -1.80992e-005 6.27823e-006 2.91077e-006 1.1411e-010 1.1411e-010
5.48 -1.7927e-005 5.98637e-006 2.81888e-006 1.14474e-010 1.14474e-010
5.49 -1.77329e-005 5.68354e-006 2.71314e-006 1.06179e-010 1.06179e-010
5.5 -1.75262e-005 5.35781e-006 2.56959e-006 9.21977e-011 9.21977e-011
5.51 -1.73112e-005 4.97489e-006 2.35597e-006 7.72047e-011 7.72047e-011
5.52 -1.70884e-005 4.52011e-006 2.04056e-006 6.59171e-011 6.59171e-011
5.53 -1.68576e-005 4.02235e-006 1.60567e-006 6.12985e-011 6.12985e-011
5.54 -1.66155e-005 3.51851e-006 1.05493e-006 6.35445e-011 6.35445e-011
5.55 -1.6356e-005 3.03005e-006 4.04744e-007 7.06563e-011 7.06563e-011
5.56 -1.60718e-005 2.56851e-006 -3.30126e-007 7.97825e-011 7.97825e-011
5.57 -1.57575e-005 2.13194e-006 -1.13189e-006 8.78799e-011 8.78799e-011
5.58 -1.54122e-005 1.70463e-006 -1.96197e-006 9.27077e-011 9.27077e-011
5.59 -1.50436e-005 1.2691e-006 -2.76571e-006 9.39277e-011 9.39277e-011
5.6 -1.46626e-005 8.1129e-007 -3.50085e-006 9.2295e-011 9.2295e-011
5.61 -1.42796e-005 3.19215e-007 -4.15956e-006 8.87444e-011 8.87444e-011
5.62 -1.39056e-005 -2.00599e-007 -4.7583e-006 8.43956e-011 8.43956e-011
5.63 -1.35563e-005 -7.0375e-007 -5.31622e-006 8.0553e-011 8.0553e-011
5.64 -1.32457e-005 -1.1255e-006 -5.84538e-006 7.81522e-011 7.81522e-011
5.65 -1.29877e-005 -1.42836e-006 -6.35515e-006 7.71546e-011 7.71546e-011
5.66 -1.27862e-005 -1.62935e-006 -6.85095e-006 7.74737e-011 7.74737e-011
5.67 -1.26396e-005 -1.77844e-006 -7.32379e-006 7.94791e-011 7.94791e-011
5.68 -1.25441e-005 -1.90832e-006 -7.74546e-006 8.304e-011 8.304e-011
5.69 -1.24956e-005 -2.00196e-006 -8.08079e-006 8.70148e-011 8.70148e-011
5.7 -1.24907e-005 -2.00945e-006 -8.30516e-006 8.99299e-011 8.99299e-011
5.71 -1.2526e-005 -1.89175e-006 -8.40911e-006 9.10575e-011 9.10575e-011
5.72 -1.26021e-005 -1.64191e-006 -8.39007e-006 9.05723e-011 9.05723e-011
5.73 -1.27223e-005 -1.2651e-006 -8.24304e-006 8.90464e-011 8.90464e-011
5.74 -1.28952e-005 -7.52121e-007 -7.96321e-006 8.71668e-011 8.71668e-011
5.75 -1.31335e-005 -8.05296e-008 -7.55899e-006 8.54843e-011 8.54843e-011
5.76 -1.34484e-005 7.56015e-007 -7.05898e-006 8.41843e-011 8.41843e-011
5.77 -1.38443e-005 1.72707e-006 -6.50291e-006 8.32543e-011 8.32543e-011
5.78 -1.43174e-005 2.77368e-006 -5.92645e-006 8.27993e-011 8.27993e-011
5.79 -1.48532e-005 3.81918e-006 -5.3548e-006 8.30571e-011 8.30571e-011
5.8 -1.54251e-005 4.77789e-006 -4.80077e-006 8.40226e-011 8.40226e-011
5.81 -1.59996e-005 5.59273e-006 -4.2631e-006 8.53002e-011 8.53002e-011
5.82 -1.6548e-005 6.30092e-006 -3.73131e-006 8.62758e-011 8.62758e-011
5.83 -1.70527e-005 7.03893e-006 -3.19236e-006 8.6186e-011 8.6186e-011
5.84 -1.75093e-005 7.92987e-006 -2.63207e-006 8.52745e-011 8.52745e-011
5.85 -1.79228e-005 8.9724e-006 -2.0285e-006 8.56055e-011 8.56055e-011
5.86 -1.82982e-005 1.00538e-005 -1.35532e-006 8.89001e-011 8.89001e-011
5.87 -1.86499e-005 1.10394e-005 -6.07921e-007 9.46519e-011 9.46519e-011
5.88 -1.89924e-005 1.18337e-005 1.82183e-007 9.97481e-011 9.97481e-011
5.89 -1.93312e-005 1.23981e-005 9.59976e-007 9.96952e-011 9.96952e-011
5.9 -1.96689e-005 1.27529e-005 1.67941e-006 9.22058e-011 9.22058e-011
5.91 -2.00001e-005 1.29445e-005 2.31954e-006 7.84611e-011 7.84611e-011
5.92 -2.0313e-005 1.30222e-005 2.88296e-006 6.19184e-011 6.19184e-011
5.93 -2.05914e-005 1.3039e-005 3.39232e-006 4.74403e-011 4.74403e-011
5.94 -2.08219e-005 1.30291e-005 3.88711e-006 3.95934e-011 3.95934e-011
5.95 -2.0992e-005 1.29789e-005 4.40649e-006 4.03327e-011 4.03327e-011
5.96 -2.109e-005 1.28291e-005 4.96205e-006 4.83044e-011 4.83044e-011
5.97 -2.11084e-005 1.25137e-005 5.5312e-006 5.98157e-011 5.98157e-011
5.98 -2.10465e-005 1.20003e-005 6.07404e-006 6.99341e-011 6.99341e-011
5.99 -2.09094e-005 1.12825e-005 6.54995e-006 7.39517e-011 7.39517e-011
6 -2.06983e-005 1.03374e-005 6.92277e-006 6.94964e-011 6.94964e-011
6.01 -2.04076e-005 9.11544e-006 7.16374e-006 5.80628e-011 5.80628e-011
6.02 -2.00272e-005 7.58719e-006 7.26445e-006 4.42681e-011 4.42681e-011
6.03 -1.95507e-005 5.77553e-006 7.24984e-006 3.29876e-011 3.29876e-011
6.04 -1.89758e-005 3.74563e-006 7.16494e-006 2.6871e-011 2.6871e-011
6.05 -1.83071e-005 1.59561e-006 7.03323e-006 2.55096e-011 2.55096e-011
6.06 -1.75567e-005 -5.63427e-007 6.83433e-006 2.70606e-011 2.70606e-011
6.07 -1.6739e-005 -2.6357e-006 6.52273e-006 2.99815e-011 2.99815e-011
6.08 -1.58819e-005 -4.55016e-006 6.05613e-006 3.24273e-011 3.24273e-011
6.09 -1.5015e-005 -6.28533e-006 5.40836e-006 3.36916e-011 3.36916e-011
6.1 -1.41741e-005 -7.86636e-006 4.58132e-006 3.6256e-011 3.6256e-011
6.11 -1.33908e-005 -9.31957e-006 3.60314e-006 4.30079e-011 4.30079e-011
6.12 -1.26918e-005 -1.0629e-005 2.52792e-006 5.28528e-011 5.28528e-011
6.13 -1.20933e-005 -1.17432e-005 1.41861e-006 6.12184e-011 6.12184e-011
6.14 -1.16064e-005 -1.25758e-005 3.2588e-007 6.32375e-011 6.32375e-011
6.15 -1.1239e-005 -1.30044e-005 -7.15786e-007 5.59438e-011 5.59438e-011
6.16 -1.09989e-005 -1.29203e-005 -1.68772e-006 4.04178e-011 4.04178e-011
6.17 -1.08992e-005 -1.22792e-005 -2.59021e-006 2.09458e-011 2.09458e-011
6.18 -1.09521e-005 -1.11074e-005 -3.43658e-006 2.87032e-012 2.87032e-012
6.19 -1.1166e-005 -9.49786e-006 -4.23172e-006 -8.01989e-012 -8.01989e-012
6.2 -1.15381e-005 -7.59468e-006 -4.95357e-006 -7.20895e-012 -7.20895e-012
6.21 -1.20612e-005 -5.52484e-006 -5.56115e-006 5.44446e-012 5.44446e-012
6.22 -1.27221e-005 -3.32234e-006 -6.02521e-006 2.45286e-011 2.45286e-011
6.23 -1.35084e-005 -9.35728e-007 -6.34786e-006 4.1715e-011 4.1715e-011
6.24 -1.43983e-005 1.6841e-006 -6.55483e-006 4.99685e-011 4.99685e-011
6.25 -1.5362e-005 4.49417e-006 -6.6642e-006 4.69055e-011 4.69055e-011
6.26 -1.63745e-005 7.33333e-006 -6.66704e-006 3.49745e-011 3.49745e-011
6.27 -1.73878e-005 9.97199e-006 -6.53936e-006 1.98753e-011 1.98753e-011
6.28 -1.83507e-005 1.22251e-005 -6.26813e-006 9.57672e-012 9.57672e-012
6.29 -1.92151e-005 1.40707e-005 -5.8533e-006 1.0557e-011 1.0557e-011
6.3 -1.99744e-005 1.56574e-005 -5.31066e-006 2.2671e-011 2.2671e-011
6.31 -2.06351e-005 1.71611e-005 -4.66691e-006 3.9672e-011 3.9672e-011
6.32 -2.12016e-005 1.86e-005 -3.96977e-006 5.50337e-011 5.50337e-011
6.33 -2.1665e-005 1.98126e-005 -3.29617e-006 6.44375e-011 6.44375e-011
6.34 -2.19967e-005 2.05588e-005 -2.73391e-006 6.49716e-011 6.49716e-011
6.35 -2.21688e-005 2.06502e-005 -2.34421e-006 5.75186e-011 5.75186e-011
6.36 -2.21845e-005 2.00593e-005 -2.13674e-006 4.76595e-011 4.76595e-011
6.37 -2.20512e-005 1.89702e-005 -2.07912e-006 4.11687e-011 4.11687e-011
6.38 -2.17768e-005 1.77117e-005 -2.12412e-006 4.00989e-011 4.00989e-011
6.39 -2.13766e-005 1.65322e-005 -2.22757e-006 4.38954e-011 4.38954e-011
6.4 -2.0863e-005 1.54288e-005 -2.35692e-006 5.2081e-011 5.2081e-011
6.41 -2.02513e-005 1.42522e-005 -2.48875e-006 6.35306e-011 6.35306e-011
6.42 -1.95743e-005 1.28992e-005 -2.59516e-006 7.4323e-011 7.4323e-011
6.43 -1.88761e-005 1.13468e-005 -2.63352e-006 7.89098e-011 7.89098e-011
6.44 -1.82005e-005 9.62053e-006 -2.5564e-006 7.37246e-011 7.37246e-011
6.45 -1.75863e-005 7.80531e-006 -2.34021e-006 5.92746e-011 5.92746e-011
6.46 -1.70633e-005 6.03092e-006 -2.00051e-006 3.93199e-011 3.93199e-011
6.47 -1.66459e-005 4.38904e-006 -1.5795e-006 1.98206e-011 1.98206e-011
6.48 -1.6329e-005 2.87059e-006 -1.12493e-006 7.09774e-012 7.09774e-012
6.49 -1.60926e-005 1.40801e-006 -6.71781e-007 5.47306e-012 5.47306e-012
6.5 -1.59118e-005 -4.37074e-008 -2.31677e-007 1.67456e-011 1.67456e-011
6.51 -1.56984e-005 -1.49456e-006 1.98197e-007 3.742e-011 3.742e-011
6.52 -1.55113e-005 -2.90985e-006 6.07896e-007 5.78399e-011 5.78399e-011
6.53 -1.53115e-005 -4.33634e-006 1.00248e-006 7.15583e-011 7.15583e-011
6.54 -1.50523e-005 -5.83936e-006 1.38493e-006 8.00808e-011 8.00808e-011
6.55 -1.47073e-005 -7.42281e-006 1.74677e-006 8.34135e-011 8.34135e-011
6.56 -1.42844e-005 -8.97387e-006 2.06878e-006 7.79583e-011 7.79583e-011
6.57 -1.38068e-005 -1.03256e-005 2.32797e-006 6.47378e-011 6.47378e-011
6.58 -1.33236e-005 -1.13294e-005 2.50378e-006 5.01356e-011 5.01356e-011
6.59 -1.28823e-005 -1.19201e-005 2.58395e-006 3.96034e-011 3.96034e-011
6.6 -1.25221e-005 -1.21451e-005 2.56376e-006 3.51021e-011 3.51021e-011
6.61 -1.22817e-005 -1.21277e-005 2.43322e-006 3.71687e-011 3.71687e-011
6.62 -1.21837e-005 -1.19829e-005 2.16753e-006 4.56066e-011 4.56066e-011
6.63 -1.2225e-005 -1.1768e-005 1.73276e-006 5.77336e-011 5.77336e-011
6.64 -1.23829e-005 -1.1471e-005 1.10866e-006 6.79001e-011 6.79001e-011
6.65 -1.26218e-005 -1.10239e-005 3.14549e-007 7.12075e-011 7.12075e-011
6.66 -1.28995e-005 -1.03504e-005 -5.87091e-007 6.75094e-011 6.75094e-011
6.67 -1.3178e-005 -9.39922e-006 -1.51005e-006 6.07194e-011 6.07194e-011
6.68 -1.34338e-005 -8.13445e-006 -2.37231e-006 5.50506e-011 5.50506e-011
6.69 -1.36667e-005 -6.52264e-006 -3.11593e-006 5.26847e-011 5.26847e-011
6.7 -1.39017e-005 -4.55485e-006 -3.70389e-006 5.40597e-011 5.40597e-011
6.71 -1.41792e-005 -2.28911e-006 -4.10756e-006 5.84925e-011 5.84925e-011
6.72 -1.45443e-005 1.38279e-007 -4.31321e-006 6.43183e-011 6.43183e-011
6.73 -1.50386e-005 2.57958e-006 -4.35129e-006 6.83342e-011 6.83342e-011
6.74 -1.56835e-005 4.96285e-006 -4.3119e-006 6.63979e-011 6.63979e-011
6.75 -1.64752e-005 7.28983e-006 -4.32212e-006 5.71907e-011 5.71907e-011
6.76 -1.73891e-005 9.59961e-006 -4.49029e-006 4.12923e-011 4.12923e-011
6.77 -1.83764e-005 1.19568e-005 -4.84917e-006 2.18602e-011 2.18602e-011
6.78 -1.93845e-005 1.44139e-005 -5.35358e-006 9.72077e-012 9.72077e-012
6.79 -2.03605e-005 1.69584e-005 -5.92031e-006 1.39512e-011 1.39512e-011
6.8 -2.1288e-005 1.94963e-005 -6.47445e-006 3.44172e-011 3.44172e-011
6.81 -2.21013e-005 2.18935e-005 -6.96907e-006 6.9427e-011 6.9427e-011
6.82 -2.26036e-005 2.40505e-005 -7.41161e-006 1.1582e-010 1.1582e-010
6.83 -2.28069e-005 2.58634e-005 -7.79055e-006 1.62548e-010 1.62548e-010
6.84 -2.27984e-005 2.72027e-005 -8.10468e-006 1.95385e-010 1.95385e-010
6.85 -2.26431e-005 2.79614e-005 -8.37983e-006 2.08317e-010 2.08317e-010
6.86 -2.24435e-005 2.81258e-005 -8.6366e-006 2.03341e-010 2.03341e-010
6.87 -2.22087e-005 2.7786e-005 -8.88326e-006 1.83934e-010 1.83934e-010
6.88 -2.18847e-005 2.70456e-005 -9.12181e-006 1.56992e-010 1.56992e-010
6.89 -2.14844e-005 2.59244e-005 -9.32149e-006 1.3311e-010 1.3311e-010
6.9 -2.10189e-005 2.43964e-005 -9.441e-006 1.21209e-010 1.21209e-010
6.91 -2.04962e-005 2.24688e-005 -9.44548e-006 1.23305e-010 1.23305e-010
6.92 -1.99243e-005 2.02178e-005 -9.32909e-006 1.34002e-010 1.34002e-010
6.93 -1.93044e-005 1.77081e-005 -9.12527e-006 1.48072e-010 1.48072e-010
6.94 -1.86311e-005 1.49142e-005 -8.87524e-006 1.62376e-010 1.62376e-010
6.95 -1.78963e-005 1.17632e-005 -8.58547e-006 1.70825e-010 1.70825e-010
6.96 -1.70962e-005 8.25153e-006 -8.2223e-006 1.65841e-010 1.65841e-010
6.97 -1.6228e-005 4.49709e-006 -7.75254e-006 1.45456e-010 1.45456e-010
6.98 -1.53009e-005 6.81458e-007 -7.18071e-006 1.17659e-010 1.17659e-010
6.99 -1.42837e-005 -3.032e-006 -6.55582e-006 9.38796e-011 9.38796e-011
7 -1.31592e-005 -6.49609e-006 -5.94976e-006 7.49621e-011 7.49621e-011
7.01 -1.20896e-005 -9.56532e-006 -5.40443e-006 5.66979e-011 5.66979e-011
7.02 -1.11751e-005 -1.21089e-005 -4.93228e-006 4.51083e-011 4.51083e-011
7.03 -1.04384e-005 -1.40786e-005 -4.52802e-006 4.64805e-011 4.64805e-011
7.04 -9.9142e-006 -1.55848e-005 -4.16271e-006 5.59131e-011 5.59131e-011
7.05 -9.60511e-006 -1.68932e-005 -3.75541e-006 6.59954e-011 6.59954e-011
7.06 -9.50925e-006 -1.82205e-005 -3.20377e-006 7.54762e-011 7.54762e-011
7.07 -9.60872e-006 -1.95812e-005 -2.42393e-006 8.46189e-011 8.46189e-011
7.08 -9.86254e-006 -2.08034e-005 -1.38151e-006 9.057e-011 9.057e-011
7.09 -1.02313e-005 -2.1674e-005 -9.20447e-008 9.15536e-011 9.15536e-011
7.1 -1.06746e-005 -2.20589e-005 1.38993e-006 9.09819e-011 9.09819e-011
7.11 -1.11666e-005 -2.19196e-005 2.97372e-006 9.87005e-011 9.87005e-011
7.12 -1.16814e-005 -2.12842e-005 4.55029e-006 1.22637e-010 1.22637e-010
7.13 -1.22413e-005 -2.02321e-005 6.00835e-006 1.58008e-010 1.58008e-010
7.14 -1.28568e-005 -1.89011e-005 7.27681e-006 1.93758e-010 1.93758e-010
7.15 -1.35263e-005 -1.74381e-005 8.33054e-006 2.2379e-010 2.2379e-010
7.16 -1.42509e-005 -1.59381e-005 9.1718e-006 2.44259e-010 2.44259e-010
7.17 -1.50237e-005 -1.44211e-005 9.82556e-006 2.4912e-010 2.4912e-010
7.18 -1.58251e-005 -1.28376e-005 1.03369e-005 2.35222e-010 2.35222e-010
7.19 -1.66434e-005 -1.10864e-005 1.07478e-005 2.07435e-010 2.07435e-010
7.2 -1.74552e-005 -9.05342e-006 1.10737e-005 1.75096e-010 1.75096e-010
7.21 -1.82532e-005 -6.65273e-006 1.12957e-005 1.46018e-010 1.46018e-010
7.22 -1.9046e-005 -3.81786e-006 1.13758e-005 1.24495e-010 1.24495e-010
7.23 -1.98559e-005 -5.10965e-007 1.12746e-005 1.11448e-010 1.11448e-010
7.24 -2.07066e-005 3.21919e-006 1.09621e-005 1.06761e-010 1.06761e-010
7.25 -2.16141e-005 7.21601e-006 1.04247e-005 1.07897e-010 1.07897e-010
7.26 -2.25453e-005 1.12785e-005 9.66043e-006 1.09157e-010 1.09157e-010
7.27 -2.34815e-005 1.52176e-005 8.68539e-006 1.07825e-010 1.07825e-010
7.28 -2.44453e-005 1.89046e-005 7.5354e-006 1.02054e-010 1.02054e-010
7.29 -2.53971e-005 2.22894e-005 6.23385e-006 8.8083e-011 8.8083e-011
7.3 -2.61809e-005 2.53914e-005 4.80801e-006 6.67373e-011 6.67373e-011
7.31 -2.66665e-005 2.82938e-005 3.28388e-006 4.19703e-011 4.19703e-011
7.32 -2.68359e-005 3.10294e-005 1.68951e-006 1.29347e-011 1.29347e-011
7.33 -2.6515e-005 3.36242e-005 6.64052e-008 -2.25649e-011 -2.25649e-011
7.34 -2.56106e-005 3.58661e-005 -1.60091e-006 -4.53608e-011 -4.53608e-011
7.35 -2.43004e-005 3.73991e-005 -3.34274e-006 -8.10648e-012 -8.10648e-012
7.36 -2.31453e-005 3.79967e-005 -5.04063e-006 1.04997e-010 1.04997e-010
7.37 -2.22228e-005 3.77044e-005 -6.67548e-006 2.43825e-010 2.43825e-010
7.38 -2.13637e-005 3.67228e-005 -8.26709e-006 3.6555e-010 3.6555e-010
7.39 -2.0535e-005 3.51633e-005 -9.81548e-006 4.70176e-010 4.70176e-010
7.4 -1.96858e-005 3.30628e-005 -1.13097e-005 5.42654e-010 5.42654e-010
7.41 -1.88323e-005 3.04532e-005 -1.27266e-005 5.41311e-010 5.41311e-010
7.42 -1.79681e-005 2.74452e-005 -1.40465e-005 4.56254e-010 4.56254e-010
7.43 -1.71097e-005 2.41524e-005 -1.52371e-005 3.33993e-010 3.33993e-010
7.44 -1.62658e-005 2.05763e-005 -1.62679e-005 2.36005e-010 2.36005e-010
7.45 -1.54448e-005 1.66051e-005 -1.71117e-005 1.95871e-010 1.95871e-010
7.46 -1.46202e-005 1.21693e-005 -1.77417e-005 2.14685e-010 2.14685e-010
7.47 -1.37532e-005 7.35684e-006 -1.81409e-005 2.70572e-010 2.70572e-010
7.48 -1.28349e-005 2.43528e-006 -1.82917e-005 3.25105e-010 3.25105e-010
7.49 -1.18622e-005 -2.26739e-006 -1.81947e-005 3.35393e-010 3.35393e-010
7.5 -1.08538e-005 -6.50894e-006 -1.78969e-005 2.75494e-010 2.75494e-010
7.51 -9.76581e-006 -1.02271e-005 -1.75114e-005 1.46297e-010 1.46297e-010
7.52 -8.58482e-006 -1.34373e-005 -1.71422e-005 -3.65422e-011 -3.65422e-011
7.53 -7.35987e-006 -1.61437e-005 -1.68224e-005 -2.40473e-010 -2.40473e-010
7.54 -6.33658e-006 -1.83523e-005 -1.645e-005 -4.13581e-010 -4.13581e-010
7.55 -5.5706e-006 -2.01744e-005 -1.60218e-005 -5.17047e-010 -5.17047e-010
7.56 -5.16738e-006 -2.17205e-005 -1.54708e-005 -5.43202e-010 -5.43202e-010
7.57 -4.98295e-006 -2.31661e-005 -1.47843e-005 -5.09501e-010 -5.09501e-010
7.58 -4.99887e-006 -2.44862e-005 -1.39463e-005 -4.49482e-010 -4.49482e-010
7.59 -5.29973e-006 -2.53956e-005 -1.29e-005 -3.93317e-010 -3.93317e-010
7.6 -5.8126e-006 -2.55654e-005 -1.1629e-005 -3.60919e-010 -3.60919e-010
7.61 -6.4817e-006 -2.48457e-005 -1.01484e-005 -3.63432e-010 -3.63432e-010
7.62 -7.29495e-006 -2.3352e-005 -8.48813e-006 -3.92262e-010 -3.92262e-010
7.63 -8.25664e-006 -2.13705e-005 -6.6932e-006 -4.17004e-010 -4.17004e-010
7.64 -9.36851e-006 -1.91641e-005 -4.78351e-006 -4.07017e-010 -4.07017e-010
7.65 -1.06549e-005 -1.68636e-005 -2.76245e-006 -3.51598e-010 -3.51598e-010
7.66 -1.21392e-005 -1.4463e-005 -6.37026e-007 -2.60028e-010 -2.60028e-010
7.67 -1.38457e-005 -1.18785e-005 1.56833e-006 -1.51673e-010 -1.51673e-010
7.68 -1.57481e-005 -9.07616e-006 3.81713e-006 -4.8987e-011 -4.8987e-011
7.69 -1.76986e-005 -6.1394e-006 6.06186e-006 2.6513e-011 2.6513e-011
7.7 -1.94212e-005 -3.18551e-006 8.2407e-006 6.24967e-011 6.24967e-011
7.71 -2.10398e-005 -1.62256e-007 1.03596e-005 6.07238e-011 6.07238e-011
7.72 -2.25717e-005 3.03058e-006 1.24135e-005 3.05924e-011 3.05924e-011
7.73 -2.39776e-005 6.40701e-006 1.43901e-005 -1.90236e-011 -1.90236e-011
7.74 -2.52482e-005 9.89084e-006 1.62665e-005 -7.61483e-011 -7.61483e-011
7.75 -2.63721e-005 1.33828e-005 1.80124e-005 -1.27963e-010 -1.27963e-010
7.76 -2.7033e-005 1.68848e-005 1.96547e-005 -1.94251e-010 -1.94251e-010
7.77 -2.70894e-005 2.03428e-005 2.11404e-005 -3.31716e-010 -3.31716e-010
7.78 -2.66918e-005 2.36179e-005 2.23458e-005 -5.64173e-010 -5.64173e-010
7.79 -2.61687e-005 2.64793e-005 2.31405e-005 -8.4342e-010 -8.4342e-010
7.8 -2.57214e-005 2.87533e-005 2.34275e-005 -1.09364e-009 -1.09364e-009
7.81 -2.55376e-005 3.03577e-005 2.31333e-005 -1.2625e-009 -1.2625e-009
7.82 -2.55663e-005 3.14129e-005 2.22856e-005 -1.32625e-009 -1.32625e-009
7.83 -2.55242e-005 3.22027e-005 2.09579e-005 -1.26863e-009 -1.26863e-009
7.84 -2.5249e-005 3.30063e-005 1.92249e-005 -1.09757e-009 -1.09757e-009
7.85 -2.47191e-005 3.39269e-005 1.71512e-005 -8.68224e-010 -8.68224e-010
7.86 -2.39954e-005 3.4884e-005 1.48244e-005 -6.5719e-010 -6.5719e-010
7.87 -2.31774e-005 3.56995e-005 1.23221e-005 -5.24567e-010 -5.24567e-010
7.88 -2.23569e-005 3.61586e-005 9.68909e-006 -4.8883e-010 -4.8883e-010
7.89 -2.16477e-005 3.60353e-005 6.94328e-006 -5.26475e-010 -5.26475e-010
7.9 -2.11011e-005 3.51509e-005 4.10215e-006 -5.89147e-010 -5.89147e-010
7.91 -2.07156e-005 3.3417e-005 1.19895e-006 -6.17017e-010 -6.17017e-010
7.92 -2.04533e-005 3.08944e-005 -1.71961e-006 -5.64021e-010 -5.64021e-010
7.93 -2.02044e-005 2.78083e-005 -4.62199e-006 -4.24425e-010 -4.24425e-010
7.94 -1.98505e-005 2.44692e-005 -7.48272e-006 -2.30194e-010 -2.30194e-010
7.95 -1.92567e-005 2.11263e-005 -1.02869e-005 -2.97395e-011 -2.97395e-011
7.96 -1.83519e-005 1.78533e-005 -1.30276e-005 1.28529e-010 1.28529e-010
7.97 -1.69676e-005 1.45582e-005 -1.56929e-005 2.14026e-010 2.14026e-010
7.98 -1.51227e-005 1.11259e-005 -1.82077e-005 2.20526e-010 2.20526e-010
7.99 -1.31238e-005 7.41579e-006 -2.05348e-005 1.45765e-010 1.45765e-010
8 -1.1165e-005 3.41006e-006 -2.25862e-005 -8.38726e-013 -8.38726e-013
8.01 -9.31137e-006 -8.24778e-007 -2.42736e-005 -1.78908e-010 -1.78908e-010
8.02 -7.41037e-006 -5.26119e-006 -2.55896e-005 -3.50422e-010 -3.50422e-010
8.03 -5.32173e-006 -9.89335e-006 -2.65343e-005 -5.19949e-010 -5.19949e-010
8.04 -2.81251e-006 -1.4616e-005 -2.71188e-005 -7.20026e-010 -7.20026e-010
8.05 -6.38806e-009 -1.915e-005 -2.73641e-005 -9.52664e-010 -9.52664e-010
8.06 2.84567e-006 -2.31887e-005 -2.73002e-005 -1.18065e-009 -1.18065e-009
8.07 5.44209e-006 -2.66233e-005 -2.69761e-005 -1.37303e-009 -1.37303e-009
8.08 7.54703e-006 -2.94416e-005 -2.64163e-005 -1.50853e-009 -1.50853e-009
8.09 9.08248e-006 -3.17255e-005 -2.56434e-005 -1.56017e-009 -1.56017e-009
8.1 1.00572e-005 -3.34721e-005 -2.46123e-005 -1.50154e-009 -1.50154e-009
8.11 1.03129e-005 -3.46217e-005 -2.32653e-005 -1.3398e-009 -1.3398e-009
8.12 9.92728e-006 -3.51618e-005 -2.16003e-005 -1.13309e-009 -1.13309e-009
8.13 9.04079e-006 -3.51005e-005 -1.96329e-005 -9.45721e-010 -9.45721e-010
8.14 7.65342e-006 -3.44202e-005 -1.73942e-005 -8.16574e-010 -8.16574e-010
8.15 5.7762e-006 -3.31266e-005 -1.48984e-005 -7.66996e-010 -7.66996e-010
8.16 3.45046e-006 -3.12535e-005 -1.21434e-005 -7.94614e-010 -7.94614e-010
8.17 6.87629e-007 -2.88362e-005 -9.15728e-006 -8.60795e-010 -8.60795e-010
8.18 -2.46414e-006 -2.59011e-005 -6.01594e-006 -9.05745e-010 -9.05745e-010
8.19 -5.93592e-006 -2.247e-005 -2.83583e-006 -8.83624e-010 -8.83624e-010
8.2 -9.66637e-006 -1.85862e-005 2.61313e-007 -7.83686e-010 -7.83686e-010
8.21 -1.35326e-005 -1.43439e-005 3.18937e-006 -6.23789e-010 -6.23789e-010
8.22 -1.731e-005 -9.87104e-006 5.91687e-006 -4.40587e-010 -4.40587e-010
8.23 -1.99785e-005 -5.33226e-006 8.46751e-006 -2.86529e-010 -2.86529e-010
8.24 -2.13567e-005 -9.77616e-007 1.0842e-005 -2.0653e-010 -2.0653e-010
8.25 -2.23779e-005 3.16223e-006 1.31881e-005 -2.29431e-010 -2.29431e-010
8.26 -2.32789e-005 7.04381e-006 1.55746e-005 -3.68984e-010 -3.68984e-010
8.27 -2.40186e-005 1.06373e-005 1.80076e-005 -5.92382e-010 -5.92382e-010
8.28 -2.46569e-005 1.39108e-005 2.0457e-005 -8.33143e-010 -8.33143e-010
8.29 -2.51886e-005 1.68544e-005 2.28498e-005 -1.03974e-009 -1.03974e-009
8.3 -2.5616e-005 1.94894e-005 2.50996e-005 -1.18433e-009 -1.18433e-009
8.31 -2.58215e-005 2.17945e-005 2.71617e-005 -1.25113e-009 -1.25113e-009
8.32 -2.56579e-005 2.37239e-005 2.89618e-005 -1.25361e-009 -1.25361e-009
8.33 -2.51611e-005 2.52488e-005 3.0459e-005 -1.23988e-009 -1.23988e-009
8.34 -2.45904e-005 2.63416e-005 3.15759e-005 -1.24824e-009 -1.24824e-009
8.35 -2.42865e-005 2.69788e-005 3.22063e-005 -1.28788e-009 -1.28788e-009
8.36 -2.4289e-005 2.71557e-005 3.23269e-005 -1.35338e-009 -1.35338e-009
8.37 -2.43819e-005 2.68632e-005 3.19713e-005 -1.42636e-009 -1.42636e-009
8.38 -2.44138e-005 2.60927e-005 3.12031e-005 -1.47244e-009 -1.47244e-009
8.39 -2.43862e-005 2.48538e-005 3.00813e-005 -1.45675e-009 -1.45675e-009
8.4 -2.42869e-005 2.3205e-005 2.86832e-005 -1.36861e-009 -1.36861e-009
8.41 -2.40824e-005 2.12074e-005 2.70791e-005 -1.23042e-009 -1.23042e-009
8.42 -2.37883e-005 1.888e-005 2.52993e-005 -1.08092e-009 -1.08092e-009
8.43 -2.34111e-005 1.62441e-005 2.33437e-005 -9.51331e-010 -9.51331e-010
8.44 -2.29821e-005 1.3333e-005 2.1193e-005 -8.58806e-010 -8.58806e-010
8.45 -2.25345e-005 1.01691e-005 1.88365e-005 -8.0671e-010 -8.0671e-010
8.46 -2.20849e-005 6.79487e-006 1.62647e-005 -7.77825e-010 -7.77825e-010
8.47 -2.16208e-005 3.26829e-006 1.3486e-005 -7.3732e-010 -7.3732e-010
8.48 -2.1107e-005 -3.33777e-007 1.0515e-005 -6.56442e-010 -6.56442e-010
8.49 -2.02884e-005 -3.99368e-006 7.35547e-006 -5.41992e-010 -5.41992e-010
8.5 -1.78696e-005 -7.73651e-006 3.98962e-006 -4.29703e-010 -4.29703e-010
8.51 -1.42706e-005 -1.15072e-005 5.28552e-007 -3.53815e-010 -3.53815e-010
8.52 -1.06313e-005 -1.52177e-005 -2.98286e-006 -3.53141e-010 -3.53141e-010
8.53 -7.15398e-006 -1.86891e-005 -6.44623e-006 -4.57935e-010 -4.57935e-010
8.54 -3.84438e-006 -2.17637e-005 -9.76643e-006 -6.48662e-010 -6.48662e-010
8.55 -8.0783e-007 -2.4373e-005 -1.28545e-005 -8.71533e-010 -8.71533e-010
8.56 1.92598e-006 -2.65437e-005 -1.56542e-005 -1.07955e-009 -1.07955e-009
8.57 4.34929e-006 -2.83595e-005 -1.81484e-005 -1.23275e-009 -1.23275e-009
8.58 6.42262e-006 -2.98797e-005 -2.03392e-005 -1.29256e-009 -1.29256e-009
8.59 8.11168e-006 -3.10877e-005 -2.22516e-005 -1.25967e-009 -1.25967e-009
8.6 9.39312e-006 -3.19445e-005 -2.39139e-005 -1.19026e-009 -1.19026e-009
8.61 1.04339e-005 -3.24778e-005 -2.53638e-005 -1.14574e-009 -1.14574e-009
8.62 1.15053e-005 -3.27656e-005 -2.66264e-005 -1.15845e-009 -1.15845e-009
8.63 1.21752e-005 -3.28146e-005 -2.75988e-005 -1.23295e-009 -1.23295e-009
8.64 1.22688e-005 -3.26117e-005 -2.81812e-005 -1.34127e-009 -1.34127e-009
8.65 1.18583e-005 -3.21652e-005 -2.83048e-005 -1.43863e-009 -1.43863e-009
8.66 1.11511e-005 -3.14922e-005 -2.79461e-005 -1.49025e-009 -1.49025e-009
8.67 1.01542e-005 -3.05677e-005 -2.70872e-005 -1.4747e-009 -1.4747e-009
8.68 8.83248e-006 -2.93357e-005 -2.57332e-005 -1.38594e-009 -1.38594e-009
8.69 7.1828e-006 -2.77551e-005 -2.39293e-005 -1.24496e-009 -1.24496e-009
8.7 5.19453e-006 -2.58401e-005 -2.17389e-005 -1.09455e-009 -1.09455e-009
8.71 2.90079e-006 -2.36626e-005 -1.92593e-005 -9.73996e-010 -9.73996e-010
8.72 3.28016e-007 -2.12704e-005 -1.66037e-005 -9.00618e-010 -9.00618e-010
8.73 -2.53142e-006 -1.86264e-005 -1.3871e-005 -8.68428e-010 -8.68428e-010
8.74 -5.68719e-006 -1.56585e-005 -1.11215e-005 -8.57026e-010 -8.57026e-010
8.75 -9.11922e-006 -1.23621e-005 -8.36743e-006 -8.40181e-010 -8.40181e-010
8.76 -1.27598e-005 -8.82326e-006 -5.59668e-006 -7.91918e-010 -7.91918e-010
8.77 -1.65208e-005 -5.16952e-006 -2.80128e-006 -6.96416e-010 -6.96416e-010
8.78 -2.01889e-005 -1.39636e-006 2.18574e-008 -5.65327e-010 -5.65327e-010
8.79 -2.13287e-005 2.52041e-006 2.74846e-006 -4.42307e-010 -4.42307e-010
8.8 -2.16314e-005 6.74014e-006 5.29384e-006 -3.69635e-010 -3.69635e-010
8.81 -2.18279e-005 1.13695e-005 7.60868e-006 -3.82152e-010 -3.82152e-010
8.82 -2.18659e-005 1.63699e-005 9.64753e-006 -5.07035e-010 -5.07035e-010
8.83 -2.18289e-005 2.15662e-005 1.13989e-005 -7.15762e-010 -7.15762e-010
8.84 -2.18022e-005 2.66627e-005 1.28543e-005 -9.39093e-010 -9.39093e-010
8.85 -2.18795e-005 3.12644e-005 1.40179e-005 -1.12422e-009 -1.12422e-009
8.86 -2.203e-005 3.50611e-005 1.48837e-005 -1.24046e-009 -1.24046e-009
8.87 -2.19135e-005 3.79651e-005 1.54455e-005 -1.26255e-009 -1.26255e-009
8.88 -2.18583e-005 3.99819e-005 1.56597e-005 -1.1817e-009 -1.1817e-009
8.89 -2.17634e-005 4.13384e-005 1.55119e-005 -1.03871e-009 -1.03871e-009
8.9 -2.15699e-005 4.23416e-005 1.50331e-005 -9.15344e-010 -9.15344e-010
8.91 -2.11786e-005 4.31802e-005 1.42754e-005 -8.71125e-010 -8.71125e-010
8.92 -2.05894e-005 4.38389e-005 1.33018e-005 -8.97689e-010 -8.97689e-010
8.93 -1.99151e-005 4.42196e-005 1.21692e-005 -9.44024e-010 -9.44024e-010
8.94 -1.92297e-005 4.42227e-005 1.09222e-005 -9.7396e-010 -9.7396e-010
8.95 -1.86698e-005 4.37443e-005 9.61452e-006 -9.78233e-010 -9.78233e-010
8.96 -1.83045e-005 4.26976e-005 8.29711e-006 -9.46166e-010 -9.46166e-010
8.97 -1.81884e-005 4.10657e-005 7.00366e-006 -8.65802e-010 -8.65802e-010
8.98 -1.83272e-005 3.88892e-005 5.73078e-006 -7.49773e-010 -7.49773e-010
8.99 -1.86794e-005 3.62391e-005 4.44739e-006 -6.36253e-010 -6.36253e-010
9 -1.91694e-005 3.32024e-005 3.11306e-006 -5.59359e-010 -5.59359e-010
9.01 -1.96944e-005 2.9887e-005 1.69345e-006 -5.25377e-010 -5.25377e-010
9.02 -2.01625e-005 2.64185e-005 1.83326e-007 -5.19029e-010 -5.19029e-010
9.03 -2.04746e-005 2.29294e-005 -1.40271e-006 -5.1994e-010 -5.1994e-010
9.04 -2.05545e-005 1.95083e-005 -3.02617e-006 -5.08167e-010 -5.08167e-010
9.05 -2.04092e-005 1.61486e-005 -4.65532e-006 -4.66278e-010 -4.66278e-010
9.06 -2.00157e-005 1.27783e-005 -6.23366e-006 -3.9774e-010 -3.9774e-010
9.07 -1.92181e-005 9.26701e-006 -7.74023e-006 -3.38458e-010 -3.38458e-010
9.08 -1.76283e-005 5.54026e-006 -9.08172e-006 -3.24897e-010 -3.24897e-010
9.09 -1.53238e-005 1.61416e-006 -1.01739e-005 -3.70273e-010 -3.70273e-010
9.1 -1.28215e-005 -2.47499e-006 -1.10177e-005 -4.78522e-010 -4.78522e-010
9.11 -1.03258e-005 -6.67095e-006 -1.16295e-005 -6.45019e-010 -6.45019e-010
9.12 -7.90962e-006 -1.08979e-005 -1.20783e-005 -8.4141e-010 -8.4141e-010
9.13 -5.55102e-006 -1.50938e-005 -1.2435e-005 -1.01655e-009 -1.01655e-009
9.14 -3.3248e-006 -1.91122e-005 -1.27447e-005 -1.12357e-009 -1.12357e-009
9.15 -1.27897e-006 -2.27887e-005 -1.30207e-005 -1.15143e-009 -1.15143e-009
9.16 5.55746e-007 -2.5945e-005 -1.32621e-005 -1.11847e-009 -1.11847e-009
9.17 2.14898e-006 -2.84825e-005 -1.34713e-005 -1.05063e-009 -1.05063e-009
9.18 3.51372e-006 -3.04742e-005 -1.36482e-005 -9.77139e-010 -9.77139e-010
9.19 4.68617e-006 -3.21001e-005 -1.3778e-005 -9.22456e-010 -9.22456e-010
9.2 5.73362e-006 -3.35402e-005 -1.37974e-005 -8.9957e-010 -8.9957e-010
9.21 6.69503e-006 -3.48648e-005 -1.36198e-005 -9.12516e-010 -9.12516e-010
9.22 7.52003e-006 -3.59993e-005 -1.31845e-005 -9.52867e-010 -9.52867e-010
9.23 8.00125e-006 -3.67978e-005 -1.25194e-005 -9.97965e-010 -9.97965e-010
9.24 8.00209e-006 -3.71381e-005 -1.16977e-005 -1.02164e-009 -1.02164e-009
9.25 7.49303e-006 -3.69471e-005 -1.0829e-005 -1.00963e-009 -1.00963e-009
9.26 6.59847e-006 -3.62222e-005 -1.00072e-005 -9.67021e-010 -9.67021e-010
9.27 5.39172e-006 -3.49427e-005 -9.28025e-006 -9.09666e-010 -9.09666e-010
9.28 3.83677e-006 -3.3004e-005 -8.66204e-006 -8.50186e-010 -8.50186e-010
9.29 1.88124e-006 -3.02866e-005 -8.12622e-006 -7.9586e-010 -7.9586e-010
9.3 -5.09323e-007 -2.67665e-005 -7.60354e-006 -7.51931e-010 -7.51931e-010
9.31 -3.32789e-006 -2.25652e-005 -6.99742e-006 -7.17134e-010 -7.17134e-010
9.32 -6.53696e-006 -1.78742e-005 -6.2217e-006 -6.80393e-010 -6.80393e-010
9.33 -1.00887e-005 -1.28619e-005 -5.24276e-006 -6.30374e-010 -6.30374e-010
9.34 -1.3915e-005 -7.66594e-006 -4.08954e-006 -5.66584e-010 -5.66584e-010
9.35 -1.79033e-005 -2.44063e-006 -2.83416e-006 -4.97491e-010 -4.97491e-010
9.36 -2.04591e-005 2.79339e-006 -1.5402e-006 -4.35996e-010 -4.35996e-010
9.37 -2.05154e-005 7.99853e-006 -4.41066e-007 -3.94888e-010 -3.94888e-010
9.38 -2.04067e-005 1.32163e-005 5.03683e-007 -3.87596e-010 -3.87596e-010
9.39 -2.03687e-005 1.84424e-005 1.22321e-006 -4.3287e-010 -4.3287e-010
9.4 -2.01855e-005 2.36652e-005 1.66987e-006 -5.2384e-010 -5.2384e-010
9.41 -1.98924e-005 2.88681e-005 1.83038e-006 -6.16667e-010 -6.16667e-010
9.42 -1.94488e-005 3.40331e-005 1.71305e-006 -6.80771e-010 -6.80771e-010
9.43 -1.89063e-005 3.90738e-005 1.35314e-006 -7.12959e-010 -7.12959e-010
9.44 -1.78674e-005 4.38749e-005 7.71562e-007 -7.04681e-010 -7.04681e-010
9.45 -1.52917e-005 4.83567e-005 -5.84505e-008 -6.38093e-010 -6.38093e-010
9.46 -1.23012e-005 5.20908e-005 -9.53716e-007 -5.13516e-010 -5.13516e-010
9.47 -9.56947e-006 5.50461e-005 -1.81793e-006 -3.80697e-010 -3.80697e-010
9.48 -7.22446e-006 5.7283e-005 -2.58559e-006 -3.03588e-010 -3.03588e-010
9.49 -5.46508e-006 5.88475e-005 -3.30581e-006 -2.72966e-010 -2.72966e-010
9.5 -4.20523e-006 5.98572e-005 -4.02868e-006 -2.37471e-010 -2.37471e-010
9.51 -3.54834e-006 6.02637e-005 -4.7852e-006 -1.89414e-010 -1.89414e-010
9.52 -3.41479e-006 5.99739e-005 -5.58482e-006 -1.48623e-010 -1.48623e-010
9.53 -3.61893e-006 5.89204e-005 -6.4223e-006 -1.16271e-010 -1.16271e-010
9.54 -3.99373e-006 5.72152e-005 -7.28496e-006 -8.13692e-011 -8.13692e-011
9.55 -4.46933e-006 5.50359e-005 -8.11155e-006 -4.88584e-011 -4.88584e-011
9.56 -4.99805e-006 5.24965e-005 -8.83394e-006 -3.01637e-011 -3.01637e-011
9.57 -5.60051e-006 4.96273e-005 -9.41271e-006 -2.00982e-011 -2.00982e-011
9.58 -6.33634e-006 4.63991e-005 -9.84183e-006 -5.05041e-012 -5.05041e-012
9.59 -7.23841e-006 4.28237e-005 -1.01568e-005 1.70306e-011 1.70306e-011
9.6 -8.31175e-006 3.8953e-005 -1.04032e-005 3.71776e-011 3.71776e-011
9.61 -9.56501e-006 3.48052e-005 -1.06192e-005 5.40446e-011 5.40446e-011
9.62 -1.10176e-005 3.03174e-005 -1.08397e-005 7.8726e-011 7.8726e-011
9.63 -1.26353e-005 2.54255e-005 -1.10747e-005 1.14964e-010 1.14964e-010
9.64 -1.43552e-005 2.0178e-005 -1.13549e-005 1.41578e-010 1.41578e-010
9.65 -1.58077e-005 1.47838e-005 -1.17149e-005 1.2278e-010 1.2278e-010
9.66 -1.63566e-005 9.49763e-006 -1.21621e-005 4.58049e-011 4.58049e-011
9.67 -1.55833e-005 4.5563e-006 -1.26135e-005 -6.62972e-011 -6.62972e-011
9.68 -1.38753e-005 -4.73824e-008 -1.30578e-005 -2.00015e-010 -2.00015e-010
9.69 -1.16736e-005 -4.43923e-006 -1.34648e-005 -3.69329e-010 -3.69329e-010
9.7 -9.1693e-006 -8.67273e-006 -1.3799e-005 -5.67816e-010 -5.67816e-010
9.71 -6.53401e-006 -1.28178e-005 -1.40432e-005 -7.54125e-010 -7.54125e-010
9.72 -3.95806e-006 -1.68432e-005 -1.4204e-005 -8.90194e-010 -8.90194e-010
9.73 -1.48918e-006 -2.07107e-005 -1.42574e-005 -9.62874e-010 -9.62874e-010
9.74 6.83664e-007 -2.43924e-005 -1.42209e-005 -9.85351e-010 -9.85351e-010
9.75 2.58552e-006 -2.7725e-005 -1.41211e-005 -9.72043e-010 -9.72043e-010
9.76 4.12543e-006 -3.05509e-005 -1.39894e-005 -9.2018e-010 -9.2018e-010
9.77 5.34537e-006 -3.28365e-005 -1.38559e-005 -8.50644e-010 -8.50644e-010
9.78 6.27282e-006 -3.46532e-005 -1.37518e-005 -8.16183e-010 -8.16183e-010
9.79 6.98398e-006 -3.60748e-005 -1.36543e-005 -8.42445e-010 -8.42445e-010
9.8 7.68661e-006 -3.71152e-005 -1.35187e-005 -9.05334e-010 -9.05334e-010
9.81 8.11206e-006 -3.76528e-005 -1.32771e-005 -9.67543e-010 -9.67543e-010
9.82 7.96064e-006 -3.75113e-005 -1.28804e-005 -1.0072e-009 -1.0072e-009
9.83 7.30989e-006 -3.65968e-005 -1.22812e-005 -1.01247e-009 -1.01247e-009
9.84 6.12904e-006 -3.489e-005 -1.1448e-005 -9.71763e-010 -9.71763e-010
9.85 4.38066e-006 -3.24629e-005 -1.03817e-005 -8.84676e-010 -8.84676e-010
9.86 2.07927e-006 -2.94324e-005 -9.1051e-006 -7.73497e-010 -7.73497e-010
9.87 -7.65963e-007 -2.5881e-005 -7.64828e-006 -6.69511e-010 -6.69511e-010
9.88 -4.13305e-006 -2.18573e-005 -6.04039e-006 -5.91575e-010 -5.91575e-010
9.89 -7.9763e-006 -1.74035e-005 -4.30901e-006 -5.4178e-010 -5.4178e-010
9.9 -1.22158e-005 -1.25768e-005 -2.48464e-006 -5.13739e-010 -5.13739e-010
9.91 -1.67504e-005 -7.42828e-006 -5.95339e-007 -4.94919e-010 -4.94919e-010
9.92 -2.12054e-005 -1.97631e-006 1.35801e-006 -4.7267e-010 -4.7267e-010
9.93 -2.23226e-005 3.83751e-006 3.32187e-006 -4.54423e-010 -4.54423e-010
9.94 -2.11665e-005 1.01801e-005 5.27519e-006 -4.51022e-010 -4.51022e-010
9.95 -1.94687e-005 1.69144e-005 7.22179e-006 -4.40033e-010 -4.40033e-010
9.96 -1.76303e-005 2.38308e-005 9.13615e-006 -4.1897e-010 -4.1897e-010
9.97 -1.57513e-005 3.07319e-005 1.09483e-005 -4.41004e-010 -4.41004e-010
9.98 -1.39228e-005 3.74223e-005 1.25629e-005 -5.31852e-010 -5.31852e-010
9.99 -1.22609e-005 4.36749e-005 1.39138e-005 -6.5414e-010 -6.5414e-010
10 -1.02436e-005 4.93086e-005 1.50438e-005 -7.63243e-010 -7.63243e-010
