0.1 -2.62162e-006 6.07241e-020 6.37853e-020 -5.37227e-022 -5.37227e-022
0.2 -5.24461e-006 2.1821e-019 2.27143e-019 -2.02694e-021 -2.02694e-021
0.3 -7.86897e-006 3.12969e-019 3.08604e-019 3.93996e-020 3.93996e-020
0.4 -1.04947e-005 3.4642e-019 3.3043e-019 4.0961e-020 4.0961e-020
0.5 -1.31218e-005 3.6211e-019 3.35761e-019 3.80629e-020 3.80629e-020
0.6 -1.57503e-005 3.72058e-019 3.39735e-019 4.24804e-020 4.24804e-020
0.7 -1.83801e-005 3.79739e-019 3.42956e-019 5.1466e-020 5.1466e-020
0.8 -2.10114e-005 3.84884e-019 3.45275e-019 3.2253e-020 3.2253e-020
0.9 -2.3644e-005 3.89329e-019 3.46332e-019 3.15547e-020 3.15547e-020
1 -2.6278e-005 3.92734e-019 3.47313e-019 2.53482e-020 2.53482e-020
0.01 -1.99579e-005 9.14742e-007 -1.42675e-005 2.70418e-009 2.70418e-009
0.02 -2.99135e-005 -3.93926e-007 5.60669e-006 8.93717e-009 8.93717e-009
0.03 -2.64781e-005 1.48293e-007 -2.57325e-006 8.10113e-009 8.10113e-009
0.04 -2.87754e-005 -5.80576e-008 9.85679e-007 -5.01504e-009 -5.01504e-009
0.05 -2.79039e-005 2.94166e-008 -4.92391e-007 -1.60875e-008 -1.60875e-008
0.06 -2.82931e-005 -6.792e-009 1.18388e-007 -1.41487e-008 -1.41487e-008
0.07 -2.8147e-005 8.37301e-009 -1.33286e-007 -5.10665e-009 -5.10665e-009
0.08 -2.8203e-005 2.11357e-009 -2.95106e-008 1.72149e-009 1.72149e-009
0.09 -2.81729e-005 4.69194e-009 -7.22638e-008 3.83391e-009 3.83391e-009
0.1 -2.81788e-005 3.62878e-009 -5.46486e-008 3.81062e-009 3.81062e-009
0.11 -2.81729e-005 4.0668e-009 -6.1906e-008 4.57697e-009 4.57697e-009
0.12 -2.81751e-005 3.8864e-009 -5.89161e-008 6.75527e-009 6.75527e-009
0.13 -2.8175e-005 3.96219e-009 -6.01495e-008 8.061e-009 8.061e-009
0.14 -2.81744e-005 3.93073e-009 -5.96403e-008 5.72428e-009 5.72428e-009
0.15 -2.81715e-005 3.94249e-009 -5.98495e-008 2.15754e-010 2.15754e-010
0.16 -2.8168e-005 3.93768e-009 -5.97634e-008 -4.80296e-009 -4.80296e-009
0.17 -2.81658e-005 3.93999e-009 -5.97984e-008 -6.66737e-009 -6.66737e-009
0.18 -2.81677e-005 3.93886e-009 -5.97841e-008 -6.20608e-009 -6.20608e-009
0.19 -2.81756e-005 3.93904e-009 -5.97898e-008 -5.50794e-009 -5.50794e-009
0.2 -2.81906e-005 3.93894e-009 -5.97878e-008 -4.87228e-009 -4.87228e-009
0.21 -2.82123e-005 3.93885e-009 -5.97887e-008 -3.09697e-009 -3.09697e-009
0.22 -2.82386e-005 3.93879e-009 -5.97887e-008 1.82549e-010 1.82549e-010
0.23 -2.82663e-005 3.93835e-009 -5.97887e-008 3.67244e-009 3.67244e-009
0.24 -2.82918e-005 3.93811e-009 -5.97883e-008 5.75478e-009 5.75478e-009
0.25 -2.83119e-005 3.93763e-009 -5.97887e-008 5.88319e-009 5.88319e-009
0.26 -2.83249e-005 3.93737e-009 -5.97889e-008 4.60149e-009 4.60149e-009
0.27 -2.83308e-005 3.93717e-009 -5.97889e-008 2.68223e-009 2.68223e-009
0.28 -2.83307e-005 3.93729e-009 -5.97889e-008 5.21791e-010 5.21791e-010
0.29 -2.83268e-005 3.9373e-009 -5.97885e-008 -1.75273e-009 -1.75273e-009
0.3 -2.83216e-005 3.93726e-009 -5.97889e-008 -3.84799e-009 -3.84799e-009
0.31 -2.83171e-005 3.93718e-009 -5.97889e-008 -5.17177e-009 -5.17177e-009
0.32 -2.83146e-005 3.94375e-009 -5.97959e-008 -5.20157e-009 -5.20157e-009
0.33 -2.83147e-005 3.93911e-009 -5.97909e-008 -3.93022e-009 -3.93022e-009
0.34 -2.83171e-005 3.93652e-009 -5.97878e-008 -1.87725e-009 -1.87725e-009
0.35 -2.83213e-005 3.93749e-009 -5.97894e-008 3.07303e-010 3.07303e-010
0.36 -2.83271e-005 3.93711e-009 -5.97887e-008 2.17793e-009 2.17793e-009
0.37 -2.83344e-005 3.93722e-009 -5.9789e-008 3.48859e-009 3.48859e-009
0.38 -2.83434e-005 3.93729e-009 -5.97889e-008 4.03844e-009 4.03844e-009
0.39 -2.83543e-005 3.93655e-009 -5.9789e-008 3.6685e-009 3.6685e-009
0.4 -2.83672e-005 3.93656e-009 -5.9789e-008 2.41555e-009 2.41555e-009
0.41 -2.83816e-005 3.93643e-009 -5.97891e-008 5.98922e-010 5.98922e-010
0.42 -2.83964e-005 3.9359e-009 -5.97892e-008 -1.28893e-009 -1.28893e-009
0.43 -2.841e-005 3.93546e-009 -5.97893e-008 -2.79047e-009 -2.79047e-009
0.44 -2.84205e-005 3.9353e-009 -5.97893e-008 -3.62052e-009 -3.62052e-009
0.45 -2.84263e-005 3.93515e-009 -5.97893e-008 -3.67757e-009 -3.67757e-009
0.46 -2.8426e-005 3.93516e-009 -5.97893e-008 -2.99955e-009 -2.99955e-009
0.47 -2.84196e-005 3.93513e-009 -5.97893e-008 -1.7427e-009 -1.7427e-009
0.48 -2.84077e-005 3.93516e-009 -5.97893e-008 -1.81719e-010 -1.81719e-010
0.49 -2.83917e-005 3.93515e-009 -5.97893e-008 1.3247e-009 1.3247e-009
0.5 -2.83736e-005 3.93516e-009 -5.97893e-008 2.42707e-009 2.42707e-009
0.51 -2.83555e-005 3.93515e-009 -5.97893e-008 2.89212e-009 2.89212e-009
0.52 -2.8339e-005 3.93516e-009 -5.97893e-008 2.65945e-009 2.65945e-009
0.53 -2.83253e-005 3.93516e-009 -5.97893e-008 1.82905e-009 1.82905e-009
0.54 -2.83148e-005 3.93516e-009 -5.97893e-008 6.12198e-010 6.12198e-010
0.55 -2.83078e-005 3.93516e-009 -5.97893e-008 -7.18578e-010 -7.18578e-010
0.56 -2.83037e-005 3.93516e-009 -5.97893e-008 -1.87606e-009 -1.87606e-009
0.57 -2.83018e-005 3.93516e-009 -5.97893e-008 -2.61269e-009 -2.61269e-009
0.58 -2.83012e-005 3.93516e-009 -5.97893e-008 -2.77901e-009 -2.77901e-009
0.59 -2.83011e-005 3.93516e-009 -5.97893e-008 -2.36227e-009 -2.36227e-009
0.6 -2.8301e-005 3.93527e-009 -5.9789e-008 -1.48487e-009 -1.48487e-009
0.61 -2.83006e-005 3.93497e-009 -5.97894e-008 -3.64673e-010 -3.64673e-010
0.62 -2.82991e-005 3.93539e-009 -5.97895e-008 7.42547e-010 7.42547e-010
0.63 -2.82959e-005 3.9349e-009 -5.97891e-008 1.59922e-009 1.59922e-009
0.64 -2.82903e-005 3.93531e-009 -5.97895e-008 2.03175e-009 2.03175e-009
0.65 -2.82816e-005 3.93504e-009 -5.97892e-008 1.96337e-009 1.96337e-009
0.66 -2.82695e-005 3.93519e-009 -5.97894e-008 1.4292e-009 1.4292e-009
0.67 -2.8254e-005 3.93513e-009 -5.97893e-008 5.66939e-010 5.66939e-010
0.68 -2.82359e-005 3.93517e-009 -5.97894e-008 -4.17742e-010 -4.17742e-010
0.69 -2.82162e-005 3.93515e-009 -5.97893e-008 -1.30192e-009 -1.30192e-009
0.7 -2.81966e-005 3.93511e-009 -5.97893e-008 -1.89673e-009 -1.89673e-009
0.71 -2.81785e-005 3.93518e-009 -5.97894e-008 -2.08641e-009 -2.08641e-009
0.72 -2.81635e-005 3.93525e-009 -5.9789e-008 -1.84859e-009 -1.84859e-009
0.73 -2.81526e-005 3.93509e-009 -5.97894e-008 -1.25449e-009 -1.25449e-009
0.74 -2.8146e-005 3.93517e-009 -5.97893e-008 -4.50136e-010 -4.50136e-010
0.75 -2.81431e-005 3.93518e-009 -5.97894e-008 3.78121e-010 3.78121e-010
0.76 -2.81433e-005 3.93515e-009 -5.97894e-008 1.04661e-009 1.04661e-009
0.77 -2.81457e-005 3.93522e-009 -5.97894e-008 1.41551e-009 1.41551e-009
0.78 -2.81494e-005 3.93513e-009 -5.97894e-008 1.41806e-009 1.41806e-009
0.79 -2.81536e-005 3.9352e-009 -5.97893e-008 1.07143e-009 1.07143e-009
0.8 -2.81574e-005 3.93512e-009 -5.97894e-008 4.6839e-010 4.6839e-010
0.81 -2.81602e-005 3.93514e-009 -5.97893e-008 -2.46707e-010 -2.46707e-010
0.82 -2.81618e-005 3.93512e-009 -5.97894e-008 -9.11734e-010 -9.11734e-010
0.83 -2.81621e-005 3.9351e-009 -5.97893e-008 -1.38301e-009 -1.38301e-009
0.84 -2.81612e-005 3.93512e-009 -5.97893e-008 -1.56614e-009 -1.56614e-009
0.85 -2.81595e-005 3.93507e-009 -5.97892e-008 -1.43468e-009 -1.43468e-009
0.86 -2.81575e-005 3.93519e-009 -5.97894e-008 -1.03271e-009 -1.03271e-009
0.87 -2.81555e-005 3.93516e-009 -5.97893e-008 -4.61622e-010 -4.61622e-010
0.88 -2.81536e-005 3.93515e-009 -5.97893e-008 1.45227e-010 1.45227e-010
0.89 -2.81524e-005 3.93516e-009 -5.97893e-008 6.53258e-010 6.53258e-010
0.9 -2.81527e-005 3.93515e-009 -5.97893e-008 9.56068e-010 9.56068e-010
0.91 -2.81557e-005 3.93516e-009 -5.97893e-008 9.97243e-010 9.97243e-010
0.92 -2.81612e-005 3.93515e-009 -5.97893e-008 7.80335e-010 7.80335e-010
0.93 -2.81685e-005 3.93514e-009 -5.97894e-008 3.65258e-010 3.65258e-010
0.94 -2.8177e-005 3.93516e-009 -5.97893e-008 -1.47562e-010 -1.47562e-010
0.95 -2.81864e-005 3.93515e-009 -5.97894e-008 -6.41183e-010 -6.41183e-010
0.96 -2.81968e-005 3.93516e-009 -5.97893e-008 -1.00856e-009 -1.00856e-009
0.97 -2.82078e-005 3.93516e-009 -5.97893e-008 -1.17549e-009 -1.17549e-009
0.98 -2.82179e-005 3.93516e-009 -5.97893e-008 -1.1152e-009 -1.1152e-009
0.99 -2.82262e-005 3.93516e-009 -5.97893e-008 -8.51893e-010 -8.51893e-010
1 -2.82324e-005 3.93544e-009 -5.97896e-008 -4.52938e-010 -4.52938e-010
1.01 -2.82367e-005 3.93504e-009 -5.97893e-008 -1.20011e-011 -1.20011e-011
1.02 -2.82395e-005 3.9352e-009 -5.97894e-008 3.7264e-010 3.7264e-010
1.03 -2.82412e-005 3.93514e-009 -5.97893e-008 6.19692e-010 6.19692e-010
1.04 -2.82425e-005 3.93516e-009 -5.97894e-008 6.81692e-010 6.81692e-010
1.05 -2.82437e-005 3.93609e-009 -5.97905e-008 5.53805e-010 5.53805e-010
1.06 -2.8245e-005 3.93477e-009 -5.97889e-008 2.73012e-010 2.73012e-010
1.07 -2.82469e-005 3.93557e-009 -5.97895e-008 -9.1917e-011 -9.1917e-011
1.08 -2.825e-005 3.93453e-009 -5.97893e-008 -4.57109e-010 -4.57109e-010
1.09 -2.8255e-005 3.9359e-009 -5.97893e-008 -7.42738e-010 -7.42738e-010
1.1 -2.82615e-005 3.93448e-009 -5.97894e-008 -8.90216e-010 -8.90216e-010
1.11 -2.82686e-005 3.93565e-009 -5.97893e-008 -8.73876e-010 -8.73876e-010
1.12 -2.82757e-005 3.935e-009 -5.97894e-008 -7.05012e-010 -7.05012e-010
1.13 -2.82831e-005 3.93519e-009 -5.97893e-008 -4.27703e-010 -4.27703e-010
1.14 -2.82908e-005 3.93514e-009 -5.97893e-008 -1.0761e-010 -1.0761e-010
1.15 -2.82991e-005 3.93516e-009 -5.97893e-008 1.8339e-010 1.8339e-010
1.16 -2.83081e-005 3.93515e-009 -5.97893e-008 3.83075e-010 3.83075e-010
1.17 -2.83173e-005 3.93508e-009 -5.97894e-008 4.51922e-010 4.51922e-010
1.18 -2.83259e-005 3.93678e-009 -5.97907e-008 3.80752e-010 3.80752e-010
1.19 -2.83329e-005 3.9344e-009 -5.97888e-008 1.91496e-010 1.91496e-010
1.2 -2.83384e-005 3.93542e-009 -5.97896e-008 -6.89346e-011 -6.89346e-011
1.21 -2.83426e-005 3.935e-009 -5.97893e-008 -3.40085e-010 -3.40085e-010
1.22 -2.83461e-005 3.93523e-009 -5.97894e-008 -5.61935e-010 -5.61935e-010
1.23 -2.8349e-005 3.93512e-009 -5.97894e-008 -6.88133e-010 -6.88133e-010
1.24 -2.83514e-005 3.93516e-009 -5.97893e-008 -6.95543e-010 -6.95543e-010
1.25 -2.83535e-005 3.93515e-009 -5.97893e-008 -5.88188e-010 -5.88188e-010
1.26 -2.83555e-005 3.93516e-009 -5.97894e-008 -3.95035e-010 -3.95035e-010
1.27 -2.83574e-005 3.93515e-009 -5.97893e-008 -1.62419e-010 -1.62419e-010
1.28 -2.8359e-005 3.93515e-009 -5.97893e-008 5.69236e-011 5.69236e-011
1.29 -2.83601e-005 3.93512e-009 -5.97893e-008 2.15663e-010 2.15663e-010
1.3 -2.83603e-005 3.93515e-009 -5.97894e-008 2.81942e-010 2.81942e-010
1.31 -2.83598e-005 3.93529e-009 -5.97893e-008 2.4562e-010 2.4562e-010
1.32 -2.8359e-005 3.93494e-009 -5.97894e-008 1.19482e-010 1.19482e-010
1.33 -2.83587e-005 3.93543e-009 -5.97893e-008 -6.45818e-011 -6.45818e-011
1.34 -2.83596e-005 3.93485e-009 -5.97894e-008 -2.6345e-010 -2.6345e-010
1.35 -2.83622e-005 3.93558e-009 -5.97893e-008 -4.32858e-010 -4.32858e-010
1.36 -2.83663e-005 3.93456e-009 -5.97894e-008 -5.37231e-010 -5.37231e-010
1.37 -2.83707e-005 3.93627e-009 -5.97892e-008 -5.56923e-010 -5.56923e-010
1.38 -2.8374e-005 3.93425e-009 -5.97896e-008 -4.9158e-010 -4.9158e-010
1.39 -2.8376e-005 3.93561e-009 -5.97892e-008 -3.59336e-010 -3.59336e-010
1.4 -2.83773e-005 3.93525e-009 -5.97894e-008 -1.92206e-010 -1.92206e-010
1.41 -2.83774e-005 3.93512e-009 -5.97893e-008 -2.85929e-011 -2.85929e-011
1.42 -2.83751e-005 3.93517e-009 -5.97893e-008 9.546e-011 9.546e-011
1.43 -2.83692e-005 3.93515e-009 -5.97894e-008 1.54254e-010 1.54254e-010
1.44 -2.83596e-005 3.93516e-009 -5.97893e-008 1.37884e-010 1.37884e-010
1.45 -2.83464e-005 3.93515e-009 -5.97894e-008 5.38317e-011 5.38317e-011
1.46 -2.83296e-005 3.93504e-009 -5.97892e-008 -7.57109e-011 -7.57109e-011
1.47 -2.83089e-005 3.93531e-009 -5.97895e-008 -2.19881e-010 -2.19881e-010
1.48 -2.82834e-005 3.93498e-009 -5.97892e-008 -3.46589e-010 -3.46589e-010
1.49 -2.8252e-005 3.93546e-009 -5.97897e-008 -4.29366e-010 -4.29366e-010
1.5 -2.82142e-005 3.93443e-009 -5.97886e-008 -4.52425e-010 -4.52425e-010
1.51 -2.81717e-005 3.93535e-009 -5.97896e-008 -4.13497e-010 -4.13497e-010
1.52 -2.81277e-005 3.93504e-009 -5.97892e-008 -3.23943e-010 -3.23943e-010
1.53 -2.80847e-005 3.9352e-009 -5.97894e-008 -2.0574e-010 -2.0574e-010
1.54 -2.8043e-005 3.93514e-009 -5.97893e-008 -8.59391e-011 -8.59391e-011
1.55 -2.80025e-005 3.93516e-009 -5.97894e-008 9.62785e-012 9.62785e-012
1.56 -2.79641e-005 3.93515e-009 -5.97893e-008 6.16743e-011 6.16743e-011
1.57 -2.79292e-005 3.93541e-009 -5.9787e-008 6.09984e-011 6.09984e-011
1.58 -2.78989e-005 3.93517e-009 -5.97892e-008 9.96167e-012 9.96167e-012
1.59 -2.78745e-005 3.93503e-009 -5.97893e-008 -7.83785e-011 -7.83785e-011
1.6 -2.78562e-005 3.93516e-009 -5.97893e-008 -1.83434e-010 -1.83434e-010
1.61 -2.78426e-005 3.93484e-009 -5.9789e-008 -2.81858e-010 -2.81858e-010
1.62 -2.78324e-005 3.93515e-009 -5.97893e-008 -3.52771e-010 -3.52771e-010
1.63 -2.78258e-005 3.93539e-009 -5.97897e-008 -3.82138e-010 -3.82138e-010
1.64 -2.78258e-005 3.93493e-009 -5.9789e-008 -3.65321e-010 -3.65321e-010
1.65 -2.78346e-005 3.93413e-009 -5.9788e-008 -3.07602e-010 -3.07602e-010
1.66 -2.78515e-005 3.93482e-009 -5.97889e-008 -2.22848e-010 -2.22848e-010
1.67 -2.78732e-005 3.93535e-009 -5.97896e-008 -1.30562e-010 -1.30562e-010
1.68 -2.78973e-005 3.93586e-009 -5.97901e-008 -5.15514e-011 -5.15514e-011
1.69 -2.79234e-005 3.93486e-009 -5.97891e-008 -3.01049e-012 -3.01049e-012
1.7 -2.79521e-005 3.93528e-009 -5.97895e-008 5.45926e-012 5.45926e-012
1.71 -2.7984e-005 3.93532e-009 -5.97894e-008 -2.62842e-011 -2.62842e-011
1.72 -2.80195e-005 3.93509e-009 -5.97893e-008 -8.94144e-011 -8.94144e-011
1.73 -2.80588e-005 3.93507e-009 -5.97895e-008 -1.6845e-010 -1.6845e-010
1.74 -2.81013e-005 3.93521e-009 -5.97893e-008 -2.44811e-010 -2.44811e-010
1.75 -2.81459e-005 3.93551e-009 -5.97897e-008 -3.01132e-010 -3.01132e-010
1.76 -2.81917e-005 3.93516e-009 -5.97879e-008 -3.25414e-010 -3.25414e-010
1.77 -2.82377e-005 3.93746e-009 -5.97898e-008 -3.13786e-010 -3.13786e-010
1.78 -2.82817e-005 3.91437e-009 -5.97709e-008 -2.71007e-010 -2.71007e-010
1.79 -2.83218e-005 3.92458e-009 -5.97786e-008 -2.08779e-010 -2.08779e-010
1.8 -2.8358e-005 3.93951e-009 -5.97938e-008 -1.42594e-010 -1.42594e-010
1.81 -2.8392e-005 3.93335e-009 -5.97876e-008 -8.78107e-011 -8.78107e-011
1.82 -2.8426e-005 3.93589e-009 -5.97901e-008 -5.59274e-011 -5.59274e-011
1.83 -2.8461e-005 3.9341e-009 -5.97893e-008 -5.22668e-011 -5.22668e-011
1.84 -2.84966e-005 3.93602e-009 -5.97927e-008 -7.55482e-011 -7.55482e-011
1.85 -2.85316e-005 3.9314e-009 -5.97887e-008 -1.18864e-010 -1.18864e-010
1.86 -2.85644e-005 3.93931e-009 -5.98003e-008 -1.71463e-010 -1.71463e-010
1.87 -2.85941e-005 3.90767e-009 -5.97648e-008 -2.21198e-010 -2.21198e-010
1.88 -2.86235e-005 3.91726e-009 -5.97772e-008 -2.57351e-010 -2.57351e-010
1.89 -2.86562e-005 3.93706e-009 -5.97958e-008 -2.72992e-010 -2.72992e-010
1.9 -2.86921e-005 3.92884e-009 -5.97874e-008 -2.66016e-010 -2.66016e-010
1.91 -2.87281e-005 3.93162e-009 -5.97913e-008 -2.38904e-010 -2.38904e-010
1.92 -2.87599e-005 3.92469e-009 -5.97912e-008 -1.98025e-010 -1.98025e-010
1.93 -2.87848e-005 3.92658e-009 -5.97914e-008 -1.52606e-010 -1.52606e-010
1.94 -2.88009e-005 3.92642e-009 -5.97912e-008 -1.12842e-010 -1.12842e-010
1.95 -2.88061e-005 3.92494e-009 -5.97912e-008 -8.74356e-011 -8.74356e-011
1.96 -2.87994e-005 3.92531e-009 -5.97916e-008 -8.16304e-011 -8.16304e-011
1.97 -2.87811e-005 3.92516e-009 -5.97914e-008 -9.62625e-011 -9.62625e-011
1.98 -2.8752e-005 3.92517e-009 -5.97915e-008 -1.27672e-010 -1.27672e-010
1.99 -2.87123e-005 3.92516e-009 -5.97915e-008 -1.68421e-010 -1.68421e-010
2 -2.86617e-005 3.92542e-009 -5.97908e-008 -2.09017e-010 -2.09017e-010
2.01 -2.86008e-005 3.92546e-009 -5.97903e-008 -2.40323e-010 -2.40323e-010
2.02 -2.8531e-005 3.92501e-009 -5.97919e-008 -2.55783e-010 -2.55783e-010
2.03 -2.84547e-005 3.92523e-009 -5.97914e-008 -2.5274e-010 -2.5274e-010
2.04 -2.83743e-005 3.92606e-009 -5.97882e-008 -2.32669e-010 -2.32669e-010
2.05 -2.82935e-005 3.9255e-009 -5.97902e-008 -2.00529e-010 -2.00529e-010
2.06 -2.82173e-005 3.92494e-009 -5.97919e-008 -1.63532e-010 -1.63532e-010
2.07 -2.81481e-005 3.92497e-009 -5.9791e-008 -1.29527e-010 -1.29527e-010
2.08 -2.80853e-005 3.92493e-009 -5.97913e-008 -1.05277e-010 -1.05277e-010
2.09 -2.80265e-005 3.92504e-009 -5.97911e-008 -9.52034e-011 -9.52034e-011
2.1 -2.79706e-005 3.92564e-009 -5.97916e-008 -1.0085e-010 -1.0085e-010
2.11 -2.79177e-005 3.92517e-009 -5.97912e-008 -1.20702e-010 -1.20702e-010
2.12 -2.78669e-005 3.92531e-009 -5.97912e-008 -1.50314e-010 -1.50314e-010
2.13 -2.78159e-005 3.92541e-009 -5.97915e-008 -1.83181e-010 -1.83181e-010
2.14 -2.77625e-005 3.92494e-009 -5.97913e-008 -2.1234e-010 -2.1234e-010
2.15 -2.77054e-005 3.92533e-009 -5.97916e-008 -2.32077e-010 -2.32077e-010
2.16 -2.76454e-005 3.92451e-009 -5.97904e-008 -2.39032e-010 -2.39032e-010
2.17 -2.75847e-005 3.92544e-009 -5.9792e-008 -2.32535e-010 -2.32535e-010
2.18 -2.75248e-005 3.92513e-009 -5.97913e-008 -2.14423e-010 -2.14423e-010
2.19 -2.7467e-005 3.92526e-009 -5.97916e-008 -1.88675e-010 -1.88675e-010
2.2 -2.7414e-005 3.9255e-009 -5.97918e-008 -1.60992e-010 -1.60992e-010
2.21 -2.73697e-005 3.92474e-009 -5.97909e-008 -1.37825e-010 -1.37825e-010
2.22 -2.73375e-005 3.92515e-009 -5.97916e-008 -1.24583e-010 -1.24583e-010
2.23 -2.7319e-005 3.92519e-009 -5.97914e-008 -1.23781e-010 -1.23781e-010
2.24 -2.73156e-005 3.92516e-009 -5.97915e-008 -1.34334e-010 -1.34334e-010
2.25 -2.73285e-005 3.92526e-009 -5.97916e-008 -1.52398e-010 -1.52398e-010
2.26 -2.7358e-005 3.92527e-009 -5.97909e-008 -1.72949e-010 -1.72949e-010
2.27 -2.74031e-005 3.92517e-009 -5.97915e-008 -1.91081e-010 -1.91081e-010
2.28 -2.74623e-005 3.92514e-009 -5.97914e-008 -2.0289e-010 -2.0289e-010
2.29 -2.75336e-005 3.92515e-009 -5.97914e-008 -2.06264e-010 -2.06264e-010
2.3 -2.76136e-005 3.9252e-009 -5.97916e-008 -2.01284e-010 -2.01284e-010
2.31 -2.76985e-005 3.92523e-009 -5.97913e-008 -1.89891e-010 -1.89891e-010
2.32 -2.77851e-005 3.92521e-009 -5.97914e-008 -1.75275e-010 -1.75275e-010
2.33 -2.78707e-005 3.92551e-009 -5.97917e-008 -1.61204e-010 -1.61204e-010
2.34 -2.7953e-005 3.92505e-009 -5.97914e-008 -1.51059e-010 -1.51059e-010
2.35 -2.80309e-005 3.92915e-009 -5.97952e-008 -1.46919e-010 -1.46919e-010
2.36 -2.81037e-005 3.92355e-009 -5.979e-008 -1.49279e-010 -1.49279e-010
2.37 -2.81716e-005 3.92696e-009 -5.97926e-008 -1.57287e-010 -1.57287e-010
2.38 -2.82347e-005 3.94132e-009 -5.98124e-008 -1.69058e-010 -1.69058e-010
2.39 -2.82945e-005 3.93511e-009 -5.9802e-008 -1.82042e-010 -1.82042e-010
2.4 -2.83531e-005 3.92693e-009 -5.9793e-008 -1.93533e-010 -1.93533e-010
2.41 -2.84113e-005 3.92509e-009 -5.9791e-008 -2.01144e-010 -2.01144e-010
2.42 -2.8469e-005 3.9268e-009 -5.97929e-008 -2.0313e-010 -2.0313e-010
2.43 -2.85263e-005 3.92452e-009 -5.97901e-008 -1.98686e-010 -1.98686e-010
2.44 -2.85831e-005 3.92847e-009 -5.97912e-008 -1.88197e-010 -1.88197e-010
2.45 -2.86385e-005 3.93139e-009 -5.97997e-008 -1.73465e-010 -1.73465e-010
2.46 -2.86917e-005 3.90511e-009 -5.97655e-008 -1.57825e-010 -1.57825e-010
2.47 -2.87422e-005 3.91369e-009 -5.97764e-008 -1.45588e-010 -1.45588e-010
2.48 -2.87882e-005 3.92976e-009 -5.97977e-008 -1.40504e-010 -1.40504e-010
2.49 -2.88271e-005 3.92231e-009 -5.97891e-008 -1.44142e-010 -1.44142e-010
2.5 -2.88556e-005 3.92463e-009 -5.97929e-008 -1.5537e-010 -1.5537e-010
2.51 -2.8871e-005 3.92281e-009 -5.97915e-008 -1.7109e-010 -1.7109e-010
2.52 -2.88717e-005 3.92315e-009 -5.9792e-008 -1.87491e-010 -1.87491e-010
2.53 -2.88577e-005 3.92302e-009 -5.97918e-008 -2.01092e-010 -2.01092e-010
2.54 -2.88301e-005 3.92327e-009 -5.9792e-008 -2.09432e-010 -2.09432e-010
2.55 -2.8791e-005 3.92308e-009 -5.97918e-008 -2.11477e-010 -2.11477e-010
2.56 -2.87434e-005 3.92323e-009 -5.9792e-008 -2.07602e-010 -2.07602e-010
2.57 -2.86905e-005 3.92316e-009 -5.97919e-008 -1.9916e-010 -1.9916e-010
2.58 -2.86353e-005 3.92319e-009 -5.97919e-008 -1.88e-010 -1.88e-010
2.59 -2.85804e-005 3.92332e-009 -5.97906e-008 -1.7616e-010 -1.7616e-010
2.6 -2.85275e-005 3.92354e-009 -5.97906e-008 -1.65655e-010 -1.65655e-010
2.61 -2.84781e-005 3.92297e-009 -5.97924e-008 -1.58189e-010 -1.58189e-010
2.62 -2.84347e-005 3.92313e-009 -5.97916e-008 -1.54817e-010 -1.54817e-010
2.63 -2.83991e-005 3.92313e-009 -5.9792e-008 -1.55766e-010 -1.55766e-010
2.64 -2.83706e-005 3.9232e-009 -5.97919e-008 -1.60459e-010 -1.60459e-010
2.65 -2.83447e-005 3.92306e-009 -5.97919e-008 -1.67607e-010 -1.67607e-010
2.66 -2.8316e-005 3.92323e-009 -5.97919e-008 -1.75439e-010 -1.75439e-010
2.67 -2.82807e-005 3.92188e-009 -5.97904e-008 -1.82162e-010 -1.82162e-010
2.68 -2.82383e-005 3.9232e-009 -5.97899e-008 -1.86423e-010 -1.86423e-010
2.69 -2.81883e-005 3.92323e-009 -5.9791e-008 -1.87576e-010 -1.87576e-010
2.7 -2.81287e-005 3.9231e-009 -5.97923e-008 -1.85765e-010 -1.85765e-010
2.71 -2.80563e-005 3.91848e-009 -5.97875e-008 -1.8183e-010 -1.8183e-010
2.72 -2.79699e-005 3.92101e-009 -5.979e-008 -1.77075e-010 -1.77075e-010
2.73 -2.78724e-005 3.92563e-009 -5.97938e-008 -1.72878e-010 -1.72878e-010
2.74 -2.777e-005 3.9214e-009 -5.97907e-008 -1.70111e-010 -1.70111e-010
2.75 -2.76696e-005 3.9235e-009 -5.97919e-008 -1.68775e-010 -1.68775e-010
2.76 -2.75766e-005 3.92264e-009 -5.97915e-008 -1.6836e-010 -1.6836e-010
2.77 -2.74954e-005 3.92316e-009 -5.97917e-008 -1.6858e-010 -1.6858e-010
2.78 -2.74307e-005 3.92313e-009 -5.9792e-008 -1.69532e-010 -1.69532e-010
2.79 -2.73872e-005 3.9232e-009 -5.97919e-008 -1.71241e-010 -1.71241e-010
2.8 -2.73693e-005 3.92356e-009 -5.97907e-008 -1.7346e-010 -1.7346e-010
2.81 -2.73775e-005 3.92408e-009 -5.9789e-008 -1.7582e-010 -1.7582e-010
2.82 -2.74083e-005 3.92279e-009 -5.97932e-008 -1.77739e-010 -1.77739e-010
2.83 -2.74559e-005 3.92349e-009 -5.97906e-008 -1.7838e-010 -1.7838e-010
2.84 -2.75151e-005 3.92359e-009 -5.97916e-008 -1.77089e-010 -1.77089e-010
2.85 -2.75813e-005 3.92376e-009 -5.97914e-008 -1.73837e-010 -1.73837e-010
2.86 -2.76498e-005 3.92312e-009 -5.97916e-008 -1.69293e-010 -1.69293e-010
2.87 -2.77156e-005 3.92335e-009 -5.9792e-008 -1.64626e-010 -1.64626e-010
2.88 -2.77747e-005 3.92312e-009 -5.97917e-008 -1.61246e-010 -1.61246e-010
2.89 -2.78239e-005 3.9235e-009 -5.97899e-008 -1.60525e-010 -1.60525e-010
2.9 -2.78611e-005 3.92461e-009 -5.97902e-008 -1.63196e-010 -1.63196e-010
2.91 -2.78856e-005 3.92306e-009 -5.97926e-008 -1.68788e-010 -1.68788e-010
2.92 -2.79003e-005 3.92346e-009 -5.97912e-008 -1.75681e-010 -1.75681e-010
2.93 -2.791e-005 3.92445e-009 -5.97896e-008 -1.81747e-010 -1.81747e-010
2.94 -2.79201e-005 3.936e-009 -5.98048e-008 -1.85189e-010 -1.85189e-010
2.95 -2.79358e-005 3.93077e-009 -5.97996e-008 -1.8525e-010 -1.8525e-010
2.96 -2.7962e-005 3.92006e-009 -5.97888e-008 -1.82332e-010 -1.82332e-010
2.97 -2.80018e-005 3.93558e-009 -5.98017e-008 -1.77452e-010 -1.77452e-010
2.98 -2.80551e-005 3.93508e-009 -5.98015e-008 -1.71908e-010 -1.71908e-010
2.99 -2.81198e-005 3.9186e-009 -5.97874e-008 -1.67144e-010 -1.67144e-010
3 -2.81937e-005 3.92533e-009 -5.97933e-008 -1.64388e-010 -1.64388e-010
3.01 -2.82744e-005 3.9223e-009 -5.97913e-008 -1.64298e-010 -1.64298e-010
3.02 -2.83582e-005 3.92609e-009 -5.97841e-008 -1.66768e-010 -1.66768e-010
3.03 -2.84394e-005 3.92437e-009 -5.97881e-008 -1.70887e-010 -1.70887e-010
3.04 -2.85113e-005 3.92271e-009 -5.97935e-008 -1.75266e-010 -1.75266e-010
3.05 -2.85676e-005 3.9237e-009 -5.97901e-008 -1.78624e-010 -1.78624e-010
3.06 -2.8604e-005 3.92346e-009 -5.9791e-008 -1.8027e-010 -1.8027e-010
3.07 -2.86193e-005 3.92287e-009 -5.97924e-008 -1.80353e-010 -1.80353e-010
3.08 -2.86141e-005 3.92418e-009 -5.97888e-008 -1.7983e-010 -1.7983e-010
3.09 -2.85907e-005 3.92363e-009 -5.97879e-008 -1.79872e-010 -1.79872e-010
3.1 -2.85512e-005 3.92282e-009 -5.97937e-008 -1.80911e-010 -1.80911e-010
3.11 -2.84997e-005 3.92322e-009 -5.97913e-008 -1.82419e-010 -1.82419e-010
3.12 -2.84434e-005 3.92511e-009 -5.97925e-008 -1.83694e-010 -1.83694e-010
3.13 -2.83914e-005 3.92235e-009 -5.97922e-008 -1.84527e-010 -1.84527e-010
3.14 -2.83504e-005 3.9272e-009 -5.97886e-008 -1.85092e-010 -1.85092e-010
3.15 -2.83238e-005 3.91917e-009 -5.97934e-008 -1.85456e-010 -1.85456e-010
3.16 -2.83118e-005 3.92616e-009 -5.97953e-008 -1.85463e-010 -1.85463e-010
3.17 -2.83132e-005 3.92205e-009 -5.97906e-008 -1.85172e-010 -1.85172e-010
3.18 -2.83264e-005 3.92301e-009 -5.97922e-008 -1.85166e-010 -1.85166e-010
3.19 -2.83494e-005 3.92292e-009 -5.97917e-008 -1.86295e-010 -1.86295e-010
3.2 -2.83802e-005 3.92312e-009 -5.97915e-008 -1.89076e-010 -1.89076e-010
3.21 -2.84137e-005 3.92311e-009 -5.97918e-008 -1.93004e-010 -1.93004e-010
3.22 -2.84411e-005 3.92171e-009 -5.97849e-008 -1.96339e-010 -1.96339e-010
3.23 -2.84529e-005 3.92317e-009 -5.9791e-008 -1.96866e-010 -1.96866e-010
3.24 -2.84426e-005 3.92245e-009 -5.97918e-008 -1.93253e-010 -1.93253e-010
3.25 -2.84068e-005 3.92298e-009 -5.9791e-008 -1.85978e-010 -1.85978e-010
3.26 -2.83459e-005 3.92254e-009 -5.97916e-008 -1.77152e-010 -1.77152e-010
3.27 -2.82648e-005 3.9232e-009 -5.97918e-008 -1.69516e-010 -1.69516e-010
3.28 -2.8171e-005 3.92307e-009 -5.97918e-008 -1.65468e-010 -1.65468e-010
3.29 -2.80714e-005 3.92128e-009 -5.97888e-008 -1.66365e-010 -1.66365e-010
3.3 -2.79714e-005 3.92355e-009 -5.97922e-008 -1.72035e-010 -1.72035e-010
3.31 -2.78753e-005 3.92333e-009 -5.97877e-008 -1.8079e-010 -1.8079e-010
3.32 -2.7789e-005 3.92312e-009 -5.97937e-008 -1.89956e-010 -1.89956e-010
3.33 -2.77188e-005 3.92321e-009 -5.97912e-008 -1.9666e-010 -1.9666e-010
3.34 -2.76683e-005 3.92318e-009 -5.97922e-008 -1.98647e-010 -1.98647e-010
3.35 -2.76384e-005 3.92319e-009 -5.97918e-008 -1.94977e-010 -1.94977e-010
3.36 -2.76289e-005 3.92232e-009 -5.97912e-008 -1.86564e-010 -1.86564e-010
3.37 -2.76397e-005 3.9224e-009 -5.97912e-008 -1.76118e-010 -1.76118e-010
3.38 -2.76686e-005 3.9227e-009 -5.97915e-008 -1.67137e-010 -1.67137e-010
3.39 -2.77107e-005 3.92338e-009 -5.97921e-008 -1.6245e-010 -1.6245e-010
3.4 -2.77578e-005 3.92308e-009 -5.97918e-008 -1.63062e-010 -1.63062e-010
3.41 -2.77996e-005 3.92362e-009 -5.97881e-008 -1.67817e-010 -1.67817e-010
3.42 -2.78273e-005 3.92316e-009 -5.97899e-008 -1.74039e-010 -1.74039e-010
3.43 -2.78367e-005 3.92302e-009 -5.97926e-008 -1.78919e-010 -1.78919e-010
3.44 -2.78288e-005 3.92342e-009 -5.97911e-008 -1.80853e-010 -1.80853e-010
3.45 -2.78072e-005 3.92319e-009 -5.9792e-008 -1.79715e-010 -1.79715e-010
3.46 -2.77756e-005 3.92239e-009 -5.97909e-008 -1.76231e-010 -1.76231e-010
3.47 -2.77376e-005 3.92358e-009 -5.97885e-008 -1.71431e-010 -1.71431e-010
3.48 -2.76967e-005 3.92495e-009 -5.97871e-008 -1.66484e-010 -1.66484e-010
3.49 -2.76566e-005 3.9229e-009 -5.9793e-008 -1.62743e-010 -1.62743e-010
3.5 -2.76203e-005 3.92329e-009 -5.97915e-008 -1.61385e-010 -1.61385e-010
3.51 -2.75899e-005 3.92314e-009 -5.97921e-008 -1.62666e-010 -1.62666e-010
3.52 -2.75683e-005 3.92663e-009 -5.97852e-008 -1.6596e-010 -1.6596e-010
3.53 -2.75609e-005 3.92398e-009 -5.97904e-008 -1.70382e-010 -1.70382e-010
3.54 -2.7572e-005 3.92375e-009 -5.97913e-008 -1.74827e-010 -1.74827e-010
3.55 -2.76023e-005 3.92295e-009 -5.97922e-008 -1.77948e-010 -1.77948e-010
3.56 -2.7648e-005 3.92328e-009 -5.97918e-008 -1.78797e-010 -1.78797e-010
3.57 -2.77028e-005 3.9232e-009 -5.97919e-008 -1.77206e-010 -1.77206e-010
3.58 -2.77606e-005 3.92339e-009 -5.97918e-008 -1.73858e-010 -1.73858e-010
3.59 -2.7817e-005 3.92367e-009 -5.97918e-008 -1.70287e-010 -1.70287e-010
3.6 -2.78691e-005 3.92341e-009 -5.97919e-008 -1.68203e-010 -1.68203e-010
3.61 -2.79154e-005 3.92308e-009 -5.9792e-008 -1.68413e-010 -1.68413e-010
3.62 -2.79549e-005 3.92377e-009 -5.9792e-008 -1.70403e-010 -1.70403e-010
3.63 -2.79855e-005 3.92314e-009 -5.97918e-008 -1.72613e-010 -1.72613e-010
3.64 -2.80055e-005 3.92456e-009 -5.97901e-008 -1.73222e-010 -1.73222e-010
3.65 -2.80154e-005 3.92511e-009 -5.97885e-008 -1.7149e-010 -1.7149e-010
3.66 -2.80181e-005 3.92702e-009 -5.97916e-008 -1.68406e-010 -1.68406e-010
3.67 -2.80171e-005 3.92298e-009 -5.9793e-008 -1.65788e-010 -1.65788e-010
3.68 -2.80153e-005 3.92339e-009 -5.97913e-008 -1.64982e-010 -1.64982e-010
3.69 -2.80157e-005 3.92362e-009 -5.97914e-008 -1.66303e-010 -1.66303e-010
3.7 -2.80224e-005 3.92742e-009 -5.97966e-008 -1.69141e-010 -1.69141e-010
3.71 -2.8039e-005 3.92212e-009 -5.97894e-008 -1.72444e-010 -1.72444e-010
3.72 -2.80684e-005 3.92706e-009 -5.97959e-008 -1.75425e-010 -1.75425e-010
3.73 -2.81123e-005 3.9255e-009 -5.97936e-008 -1.77908e-010 -1.77908e-010
3.74 -2.81699e-005 3.90311e-009 -5.97695e-008 -1.80167e-010 -1.80167e-010
3.75 -2.82389e-005 3.9081e-009 -5.97756e-008 -1.8254e-010 -1.8254e-010
3.76 -2.8317e-005 3.93867e-009 -5.9811e-008 -1.84999e-010 -1.84999e-010
3.77 -2.84022e-005 3.92335e-009 -5.97928e-008 -1.87059e-010 -1.87059e-010
3.78 -2.84926e-005 3.93027e-009 -5.9797e-008 -1.88054e-010 -1.88054e-010
3.79 -2.85851e-005 3.89887e-009 -5.97536e-008 -1.8744e-010 -1.8744e-010
3.8 -2.8677e-005 3.90251e-009 -5.97617e-008 -1.84981e-010 -1.84981e-010
3.81 -2.87648e-005 3.9317e-009 -5.98044e-008 -1.8092e-010 -1.8092e-010
3.82 -2.88439e-005 3.91992e-009 -5.97858e-008 -1.76103e-010 -1.76103e-010
3.83 -2.89094e-005 3.92369e-009 -5.97935e-008 -1.7179e-010 -1.7179e-010
3.84 -2.89588e-005 3.91989e-009 -5.97919e-008 -1.69057e-010 -1.69057e-010
3.85 -2.89934e-005 3.91867e-009 -5.97929e-008 -1.68162e-010 -1.68162e-010
3.86 -2.90157e-005 3.91818e-009 -5.97927e-008 -1.68505e-010 -1.68505e-010
3.87 -2.90262e-005 3.918e-009 -5.97931e-008 -1.69409e-010 -1.69409e-010
3.88 -2.90245e-005 3.91703e-009 -5.97927e-008 -1.7088e-010 -1.7088e-010
3.89 -2.90112e-005 3.91884e-009 -5.97931e-008 -1.73373e-010 -1.73373e-010
3.9 -2.89879e-005 3.91823e-009 -5.97928e-008 -1.76979e-010 -1.76979e-010
3.91 -2.89557e-005 3.91736e-009 -5.97928e-008 -1.81131e-010 -1.81131e-010
3.92 -2.89137e-005 3.91809e-009 -5.97928e-008 -1.85069e-010 -1.85069e-010
3.93 -2.88607e-005 3.9186e-009 -5.97929e-008 -1.88472e-010 -1.88472e-010
3.94 -2.87979e-005 3.91839e-009 -5.97929e-008 -1.91533e-010 -1.91533e-010
3.95 -2.87271e-005 3.91848e-009 -5.97929e-008 -1.94405e-010 -1.94405e-010
3.96 -2.8649e-005 3.91844e-009 -5.97929e-008 -1.96565e-010 -1.96565e-010
3.97 -2.85637e-005 3.91717e-009 -5.97761e-008 -1.96803e-010 -1.96803e-010
3.98 -2.84721e-005 3.91949e-009 -5.97834e-008 -1.93978e-010 -1.93978e-010
3.99 -2.83754e-005 3.91793e-009 -5.97954e-008 -1.87891e-010 -1.87891e-010
4 -2.82743e-005 3.91808e-009 -5.97912e-008 -1.7952e-010 -1.7952e-010
4.01 -2.81668e-005 3.91859e-009 -5.97904e-008 -1.70564e-010 -1.70564e-010
4.02 -2.80522e-005 3.91781e-009 -5.97942e-008 -1.6289e-010 -1.6289e-010
4.03 -2.79335e-005 3.91795e-009 -5.97916e-008 -1.58183e-010 -1.58183e-010
4.04 -2.78146e-005 3.91758e-009 -5.97853e-008 -1.57626e-010 -1.57626e-010
4.05 -2.76981e-005 3.91732e-009 -5.97912e-008 -1.61482e-010 -1.61482e-010
4.06 -2.75869e-005 3.91806e-009 -5.97924e-008 -1.69016e-010 -1.69016e-010
4.07 -2.74832e-005 3.91861e-009 -5.97931e-008 -1.78797e-010 -1.78797e-010
4.08 -2.73871e-005 3.91833e-009 -5.97928e-008 -1.88898e-010 -1.88898e-010
4.09 -2.72957e-005 3.91846e-009 -5.97929e-008 -1.97159e-010 -1.97159e-010
4.1 -2.72061e-005 3.91854e-009 -5.9793e-008 -2.01754e-010 -2.01754e-010
4.11 -2.71174e-005 3.91844e-009 -5.97926e-008 -2.01857e-010 -2.01857e-010
4.12 -2.70307e-005 3.91846e-009 -5.97929e-008 -1.97831e-010 -1.97831e-010
4.13 -2.69495e-005 3.91849e-009 -5.9793e-008 -1.90857e-010 -1.90857e-010
4.14 -2.68776e-005 3.91827e-009 -5.97911e-008 -1.82514e-010 -1.82514e-010
4.15 -2.68165e-005 3.91679e-009 -5.97878e-008 -1.74375e-010 -1.74375e-010
4.16 -2.67663e-005 3.91866e-009 -5.97914e-008 -1.67593e-010 -1.67593e-010
4.17 -2.67272e-005 3.91783e-009 -5.97884e-008 -1.62801e-010 -1.62801e-010
4.18 -2.66999e-005 3.91855e-009 -5.97944e-008 -1.60355e-010 -1.60355e-010
4.19 -2.66858e-005 3.91806e-009 -5.97918e-008 -1.60473e-010 -1.60473e-010
4.2 -2.6686e-005 3.9185e-009 -5.97933e-008 -1.63032e-010 -1.63032e-010
4.21 -2.67013e-005 3.91775e-009 -5.97905e-008 -1.67248e-010 -1.67248e-010
4.22 -2.67334e-005 3.91875e-009 -5.9794e-008 -1.71593e-010 -1.71593e-010
4.23 -2.67838e-005 3.91833e-009 -5.97925e-008 -1.74365e-010 -1.74365e-010
4.24 -2.68517e-005 3.9185e-009 -5.97931e-008 -1.745e-010 -1.745e-010
4.25 -2.69359e-005 3.91843e-009 -5.97928e-008 -1.7207e-010 -1.7207e-010
4.26 -2.70355e-005 3.91768e-009 -5.97858e-008 -1.68392e-010 -1.68392e-010
4.27 -2.71489e-005 3.91885e-009 -5.97958e-008 -1.65337e-010 -1.65337e-010
4.28 -2.72737e-005 3.91829e-009 -5.97922e-008 -1.64248e-010 -1.64248e-010
4.29 -2.74078e-005 3.91858e-009 -5.97926e-008 -1.65472e-010 -1.65472e-010
4.3 -2.75481e-005 3.91879e-009 -5.97894e-008 -1.68585e-010 -1.68585e-010
4.31 -2.76906e-005 3.91834e-009 -5.97944e-008 -1.72552e-010 -1.72552e-010
4.32 -2.78334e-005 3.91918e-009 -5.97926e-008 -1.75946e-010 -1.75946e-010
4.33 -2.79763e-005 3.92103e-009 -5.9795e-008 -1.7767e-010 -1.7767e-010
4.34 -2.81192e-005 3.92409e-009 -5.97988e-008 -1.77526e-010 -1.77526e-010
4.35 -2.82605e-005 3.92704e-009 -5.98031e-008 -1.76047e-010 -1.76047e-010
4.36 -2.83986e-005 3.89917e-009 -5.97683e-008 -1.7386e-010 -1.7386e-010
4.37 -2.85326e-005 3.89499e-009 -5.97686e-008 -1.71136e-010 -1.71136e-010
4.38 -2.86618e-005 3.95313e-009 -5.98328e-008 -1.67687e-010 -1.67687e-010
4.39 -2.87836e-005 3.9123e-009 -5.97923e-008 -1.63586e-010 -1.63586e-010
4.4 -2.8895e-005 3.92377e-009 -5.9797e-008 -1.59581e-010 -1.59581e-010
4.41 -2.8994e-005 3.91019e-009 -5.97828e-008 -1.56945e-010 -1.56945e-010
4.42 -2.90819e-005 3.91007e-009 -5.97828e-008 -1.5685e-010 -1.5685e-010
4.43 -2.91619e-005 3.91711e-009 -5.97982e-008 -1.59675e-010 -1.59675e-010
4.44 -2.92371e-005 3.91362e-009 -5.97981e-008 -1.64677e-010 -1.64677e-010
4.45 -2.93089e-005 3.9046e-009 -5.97891e-008 -1.70215e-010 -1.70215e-010
4.46 -2.93753e-005 3.91334e-009 -5.98151e-008 -1.74314e-010 -1.74314e-010
4.47 -2.94321e-005 3.90352e-009 -5.97884e-008 -1.75333e-010 -1.75333e-010
4.48 -2.94766e-005 3.98602e-009 -5.98101e-008 -1.72768e-010 -1.72768e-010
4.49 -2.95085e-005 3.9509e-009 -5.98011e-008 -1.67863e-010 -1.67863e-010
4.5 -2.95265e-005 3.88214e-009 -5.97946e-008 -1.63319e-010 -1.63319e-010
4.51 -2.95299e-005 3.9088e-009 -5.97965e-008 -1.62018e-010 -1.62018e-010
4.52 -2.95218e-005 3.89774e-009 -5.97957e-008 -1.65445e-010 -1.65445e-010
4.53 -2.95033e-005 3.90361e-009 -5.97968e-008 -1.72737e-010 -1.72737e-010
4.54 -2.94729e-005 3.90218e-009 -5.97953e-008 -1.81024e-010 -1.81024e-010
4.55 -2.94282e-005 3.90227e-009 -5.97961e-008 -1.86899e-010 -1.86899e-010
4.56 -2.93678e-005 3.90147e-009 -5.97966e-008 -1.87978e-010 -1.87978e-010
4.57 -2.92916e-005 3.90228e-009 -5.97965e-008 -1.83686e-010 -1.83686e-010
4.58 -2.92011e-005 3.90022e-009 -5.9797e-008 -1.75386e-010 -1.75386e-010
4.59 -2.91001e-005 3.90168e-009 -5.97951e-008 -1.66147e-010 -1.66147e-010
4.6 -2.89944e-005 3.90242e-009 -5.9787e-008 -1.59721e-010 -1.59721e-010
4.61 -2.88886e-005 3.90202e-009 -5.97959e-008 -1.58775e-010 -1.58775e-010
4.62 -2.87834e-005 3.90157e-009 -5.9797e-008 -1.63504e-010 -1.63504e-010
4.63 -2.86777e-005 3.90184e-009 -5.97963e-008 -1.71671e-010 -1.71671e-010
4.64 -2.85738e-005 3.90156e-009 -5.97956e-008 -1.80039e-010 -1.80039e-010
4.65 -2.84778e-005 3.90188e-009 -5.97969e-008 -1.85939e-010 -1.85939e-010
4.66 -2.83954e-005 3.90145e-009 -5.97937e-008 -1.87886e-010 -1.87886e-010
4.67 -2.83284e-005 3.90193e-009 -5.97977e-008 -1.85603e-010 -1.85603e-010
4.68 -2.82756e-005 3.90173e-009 -5.9796e-008 -1.80206e-010 -1.80206e-010
4.69 -2.82348e-005 3.90205e-009 -5.97971e-008 -1.74257e-010 -1.74257e-010
4.7 -2.8205e-005 3.90228e-009 -5.97971e-008 -1.70919e-010 -1.70919e-010
4.71 -2.81865e-005 3.90101e-009 -5.97956e-008 -1.72397e-010 -1.72397e-010
4.72 -2.81784e-005 3.90241e-009 -5.97972e-008 -1.78512e-010 -1.78512e-010
4.73 -2.81782e-005 3.90091e-009 -5.97956e-008 -1.86475e-010 -1.86475e-010
4.74 -2.81835e-005 3.90238e-009 -5.97971e-008 -1.92264e-010 -1.92264e-010
4.75 -2.81928e-005 3.90079e-009 -5.97953e-008 -1.92807e-010 -1.92807e-010
4.76 -2.82058e-005 3.90202e-009 -5.97967e-008 -1.87582e-010 -1.87582e-010
4.77 -2.82242e-005 3.90115e-009 -5.97957e-008 -1.78593e-010 -1.78593e-010
4.78 -2.82494e-005 3.90193e-009 -5.97967e-008 -1.6889e-010 -1.6889e-010
4.79 -2.82806e-005 3.90348e-009 -5.97986e-008 -1.61052e-010 -1.61052e-010
4.8 -2.83153e-005 3.90109e-009 -5.97957e-008 -1.56545e-010 -1.56545e-010
4.81 -2.8352e-005 3.90254e-009 -5.97925e-008 -1.5582e-010 -1.5582e-010
4.82 -2.83904e-005 3.902e-009 -5.97935e-008 -1.58551e-010 -1.58551e-010
4.83 -2.8431e-005 3.9017e-009 -5.97978e-008 -1.63733e-010 -1.63733e-010
4.84 -2.8475e-005 3.90303e-009 -5.97978e-008 -1.69992e-010 -1.69992e-010
4.85 -2.85231e-005 3.90141e-009 -5.97961e-008 -1.75964e-010 -1.75964e-010
4.86 -2.85723e-005 3.90248e-009 -5.97967e-008 -1.80236e-010 -1.80236e-010
4.87 -2.86162e-005 3.9152e-009 -5.98154e-008 -1.81089e-010 -1.81089e-010
4.88 -2.86502e-005 3.90593e-009 -5.98021e-008 -1.77397e-010 -1.77397e-010
4.89 -2.86747e-005 3.90219e-009 -5.97872e-008 -1.70418e-010 -1.70418e-010
4.9 -2.86909e-005 3.90392e-009 -5.97929e-008 -1.63869e-010 -1.63869e-010
4.91 -2.86986e-005 3.90086e-009 -5.97981e-008 -1.61375e-010 -1.61375e-010
4.92 -2.86986e-005 3.90215e-009 -5.97959e-008 -1.63789e-010 -1.63789e-010
4.93 -2.86942e-005 3.90684e-009 -5.98037e-008 -1.6904e-010 -1.6904e-010
4.94 -2.86891e-005 3.89984e-009 -5.97937e-008 -1.73997e-010 -1.73997e-010
4.95 -2.86838e-005 3.9026e-009 -5.9798e-008 -1.76207e-010 -1.76207e-010
4.96 -2.8677e-005 3.9047e-009 -5.98006e-008 -1.74872e-010 -1.74872e-010
4.97 -2.86692e-005 3.90613e-009 -5.97842e-008 -1.7101e-010 -1.7101e-010
4.98 -2.86616e-005 3.90323e-009 -5.97954e-008 -1.66565e-010 -1.66565e-010
4.99 -2.86544e-005 3.90118e-009 -5.9797e-008 -1.63041e-010 -1.63041e-010
5 -2.86478e-005 3.9021e-009 -5.97958e-008 -1.60789e-010 -1.60789e-010
5.01 -2.86447e-005 3.90239e-009 -5.97956e-008 -1.59524e-010 -1.59524e-010
5.02 -2.86463e-005 3.90148e-009 -5.97968e-008 -1.59249e-010 -1.59249e-010
5.03 -2.8649e-005 3.90192e-009 -5.97964e-008 -1.60236e-010 -1.60236e-010
5.04 -2.86475e-005 3.90223e-009 -5.97959e-008 -1.62288e-010 -1.62288e-010
5.05 -2.86389e-005 3.90411e-009 -5.97932e-008 -1.64507e-010 -1.64507e-010
5.06 -2.86207e-005 3.9008e-009 -5.97979e-008 -1.65858e-010 -1.65858e-010
5.07 -2.85925e-005 3.90225e-009 -5.97959e-008 -1.65822e-010 -1.65822e-010
5.08 -2.85575e-005 3.90215e-009 -5.97962e-008 -1.64877e-010 -1.64877e-010
5.09 -2.85222e-005 3.90538e-009 -5.97928e-008 -1.64482e-010 -1.64482e-010
5.1 -2.84915e-005 3.90041e-009 -5.97977e-008 -1.66177e-010 -1.66177e-010
5.11 -2.8469e-005 3.90232e-009 -5.97957e-008 -1.70371e-010 -1.70371e-010
5.12 -2.84591e-005 3.90909e-009 -5.98156e-008 -1.75933e-010 -1.75933e-010
5.13 -2.84657e-005 3.90342e-009 -5.97924e-008 -1.80926e-010 -1.80926e-010
5.14 -2.84885e-005 3.89714e-009 -5.97836e-008 -1.83558e-010 -1.83558e-010
5.15 -2.85239e-005 3.90415e-009 -5.98026e-008 -1.82721e-010 -1.82721e-010
5.16 -2.85704e-005 3.90082e-009 -5.9794e-008 -1.78518e-010 -1.78518e-010
5.17 -2.86298e-005 3.90219e-009 -5.97976e-008 -1.72458e-010 -1.72458e-010
5.18 -2.87029e-005 3.90176e-009 -5.97959e-008 -1.66655e-010 -1.66655e-010
5.19 -2.87891e-005 3.90183e-009 -5.9797e-008 -1.62858e-010 -1.62858e-010
5.2 -2.88884e-005 3.90228e-009 -5.97966e-008 -1.62018e-010 -1.62018e-010
5.21 -2.89992e-005 3.9017e-009 -5.97967e-008 -1.6415e-010 -1.6415e-010
5.22 -2.91144e-005 3.9138e-009 -5.98226e-008 -1.68232e-010 -1.68232e-010
5.23 -2.92223e-005 3.895e-009 -5.97796e-008 -1.72261e-010 -1.72261e-010
5.24 -2.9314e-005 3.91988e-009 -5.97906e-008 -1.74035e-010 -1.74035e-010
5.25 -2.93842e-005 3.90973e-009 -5.9781e-008 -1.7237e-010 -1.7237e-010
5.26 -2.94314e-005 3.91273e-009 -5.97832e-008 -1.67506e-010 -1.67506e-010
5.27 -2.94571e-005 3.90086e-009 -5.97968e-008 -1.60755e-010 -1.60755e-010
5.28 -2.94633e-005 3.91187e-009 -5.97767e-008 -1.5434e-010 -1.5434e-010
5.29 -2.94498e-005 3.90761e-009 -5.97847e-008 -1.50705e-010 -1.50705e-010
5.3 -2.94166e-005 3.9012e-009 -5.97969e-008 -1.51165e-010 -1.51165e-010
5.31 -2.93659e-005 3.90459e-009 -5.97874e-008 -1.55486e-010 -1.55486e-010
5.32 -2.92998e-005 3.90459e-009 -5.97869e-008 -1.62675e-010 -1.62675e-010
5.33 -2.92188e-005 3.90179e-009 -5.97957e-008 -1.71559e-010 -1.71559e-010
5.34 -2.91234e-005 3.90198e-009 -5.97958e-008 -1.80949e-010 -1.80949e-010
5.35 -2.90171e-005 3.90309e-009 -5.97866e-008 -1.89864e-010 -1.89864e-010
5.36 -2.89051e-005 3.90236e-009 -5.97852e-008 -1.97544e-010 -1.97544e-010
5.37 -2.87921e-005 3.90205e-009 -5.97965e-008 -2.03085e-010 -2.03085e-010
5.38 -2.86804e-005 3.90342e-009 -5.97857e-008 -2.04921e-010 -2.04921e-010
5.39 -2.85707e-005 3.90774e-009 -5.98077e-008 -2.01671e-010 -2.01671e-010
5.4 -2.84633e-005 3.90415e-009 -5.98131e-008 -1.94157e-010 -1.94157e-010
5.41 -2.83584e-005 3.89997e-009 -5.97827e-008 -1.8602e-010 -1.8602e-010
5.42 -2.82557e-005 3.89601e-009 -5.97833e-008 -1.81534e-010 -1.81534e-010
5.43 -2.81528e-005 3.89317e-009 -5.97883e-008 -1.82121e-010 -1.82121e-010
5.44 -2.80467e-005 3.89921e-009 -5.9788e-008 -1.85665e-010 -1.85665e-010
5.45 -2.79336e-005 3.90171e-009 -5.97955e-008 -1.89503e-010 -1.89503e-010
5.46 -2.78126e-005 3.91429e-009 -5.98372e-008 -1.92991e-010 -1.92991e-010
5.47 -2.76872e-005 3.89981e-009 -5.98045e-008 -1.96687e-010 -1.96687e-010
5.48 -2.75621e-005 3.89685e-009 -5.97831e-008 -2.00165e-010 -2.00165e-010
5.49 -2.7442e-005 3.90409e-009 -5.9804e-008 -2.01772e-010 -2.01772e-010
5.5 -2.73302e-005 3.89424e-009 -5.97808e-008 -1.99993e-010 -1.99993e-010
5.51 -2.72269e-005 3.90365e-009 -5.98035e-008 -1.9465e-010 -1.9465e-010
5.52 -2.7134e-005 3.89995e-009 -5.9791e-008 -1.87299e-010 -1.87299e-010
5.53 -2.70564e-005 3.90214e-009 -5.97973e-008 -1.80921e-010 -1.80921e-010
5.54 -2.69983e-005 3.90159e-009 -5.97961e-008 -1.78883e-010 -1.78883e-010
5.55 -2.69617e-005 3.9019e-009 -5.97967e-008 -1.83106e-010 -1.83106e-010
5.56 -2.69489e-005 3.90172e-009 -5.97964e-008 -1.92596e-010 -1.92596e-010
5.57 -2.69605e-005 3.90179e-009 -5.97966e-008 -2.03823e-010 -2.03823e-010
5.58 -2.69928e-005 3.90181e-009 -5.97965e-008 -2.12573e-010 -2.12573e-010
5.59 -2.70385e-005 3.90166e-009 -5.97964e-008 -2.15665e-010 -2.15665e-010
5.6 -2.7089e-005 3.90115e-009 -5.97954e-008 -2.11442e-010 -2.11442e-010
5.61 -2.71357e-005 3.90075e-009 -5.97945e-008 -1.99889e-010 -1.99889e-010
5.62 -2.7173e-005 3.9022e-009 -5.97974e-008 -1.828e-010 -1.828e-010
5.63 -2.71995e-005 3.90178e-009 -5.97964e-008 -1.63275e-010 -1.63275e-010
5.64 -2.72158e-005 3.90181e-009 -5.97963e-008 -1.45405e-010 -1.45405e-010
5.65 -2.72221e-005 3.90083e-009 -5.97888e-008 -1.33253e-010 -1.33253e-010
5.66 -2.72167e-005 3.90008e-009 -5.97783e-008 -1.28573e-010 -1.28573e-010
5.67 -2.71988e-005 3.91388e-009 -5.97294e-008 -1.29831e-010 -1.29831e-010
5.68 -2.71694e-005 3.9938e-009 -5.96478e-008 -1.34142e-010 -1.34142e-010
5.69 -2.7134e-005 3.93583e-009 -5.97542e-008 -1.39786e-010 -1.39786e-010
5.7 -2.71035e-005 3.89133e-009 -5.98075e-008 -1.46416e-010 -1.46416e-010
5.71 -2.70884e-005 3.91291e-009 -5.97808e-008 -1.53859e-010 -1.53859e-010
5.72 -2.70953e-005 3.89734e-009 -5.97981e-008 -1.61343e-010 -1.61343e-010
5.73 -2.71278e-005 3.78425e-009 -5.99913e-008 -1.67219e-010 -1.67219e-010
5.74 -2.7189e-005 3.90152e-009 -5.98485e-008 -1.69868e-010 -1.69868e-010
5.75 -2.72855e-005 3.81606e-009 -5.99193e-008 -1.6941e-010 -1.6941e-010
5.76 -2.7421e-005 3.94806e-009 -5.98163e-008 -1.67514e-010 -1.67514e-010
5.77 -2.75984e-005 3.9148e-009 -5.97777e-008 -1.66026e-010 -1.66026e-010
5.78 -2.78161e-005 3.8779e-009 -5.9804e-008 -1.65356e-010 -1.65356e-010
5.79 -2.80681e-005 3.8805e-009 -5.98129e-008 -1.63864e-010 -1.63864e-010
5.8 -2.83437e-005 3.87515e-009 -5.96912e-008 -1.60425e-010 -1.60425e-010
5.81 -2.8632e-005 3.92362e-009 -5.9819e-008 -1.56455e-010 -1.56455e-010
5.82 -2.89252e-005 3.89231e-009 -5.97764e-008 -1.54917e-010 -1.54917e-010
5.83 -2.92268e-005 3.90494e-009 -5.98114e-008 -1.58629e-010 -1.58629e-010
5.84 -2.95387e-005 3.88515e-009 -5.98109e-008 -1.68338e-010 -1.68338e-010
5.85 -2.98524e-005 3.88286e-009 -5.97929e-008 -1.81333e-010 -1.81333e-010
5.86 -3.01509e-005 3.87466e-009 -5.97733e-008 -1.92655e-010 -1.92655e-010
5.87 -3.04197e-005 3.84104e-009 -5.97607e-008 -1.97958e-010 -1.97958e-010
5.88 -3.06523e-005 3.85326e-009 -5.97893e-008 -1.95392e-010 -1.95392e-010
5.89 -3.085e-005 3.8519e-009 -5.98006e-008 -1.86019e-010 -1.86019e-010
5.9 -3.10184e-005 3.84961e-009 -5.98064e-008 -1.73201e-010 -1.73201e-010
5.91 -3.11624e-005 3.84618e-009 -5.98051e-008 -1.61245e-010 -1.61245e-010
5.92 -3.12845e-005 3.90911e-009 -5.97903e-008 -1.54175e-010 -1.54175e-010
5.93 -3.13866e-005 3.88469e-009 -5.97781e-008 -1.54345e-010 -1.54345e-010
5.94 -3.14673e-005 3.88588e-009 -5.97792e-008 -1.60993e-010 -1.60993e-010
5.95 -3.15215e-005 3.86248e-009 -5.97951e-008 -1.70452e-010 -1.70452e-010
5.96 -3.15426e-005 3.86834e-009 -5.97593e-008 -1.78357e-010 -1.78357e-010
5.97 -3.15246e-005 3.82619e-009 -5.98188e-008 -1.81899e-010 -1.81899e-010
5.98 -3.14659e-005 3.85841e-009 -5.97623e-008 -1.80947e-010 -1.80947e-010
5.99 -3.13658e-005 3.84323e-009 -5.98015e-008 -1.78321e-010 -1.78321e-010
6 -3.12183e-005 3.84013e-009 -5.9811e-008 -1.78309e-010 -1.78309e-010
6.01 -3.10116e-005 3.84015e-009 -5.97948e-008 -1.8348e-010 -1.8348e-010
6.02 -3.07313e-005 3.84e-009 -5.97964e-008 -1.94276e-010 -1.94276e-010
6.03 -3.03621e-005 3.84069e-009 -5.98029e-008 -2.11584e-010 -2.11584e-010
6.04 -2.98948e-005 3.83872e-009 -5.97973e-008 -2.35618e-010 -2.35618e-010
6.05 -2.93284e-005 3.83004e-009 -5.97662e-008 -2.61945e-010 -2.61945e-010
6.06 -2.86699e-005 3.82386e-009 -5.97853e-008 -2.82492e-010 -2.82492e-010
6.07 -2.79357e-005 3.81212e-009 -5.97394e-008 -2.90963e-010 -2.90963e-010
6.08 -2.71501e-005 3.78789e-009 -5.97385e-008 -2.84579e-010 -2.84579e-010
6.09 -2.63407e-005 3.79195e-009 -5.9756e-008 -2.6242e-010 -2.6242e-010
6.1 -2.55336e-005 3.87471e-009 -5.98547e-008 -2.2783e-010 -2.2783e-010
6.11 -2.47569e-005 3.87433e-009 -5.98532e-008 -1.9114e-010 -1.9114e-010
6.12 -2.40408e-005 3.81778e-009 -5.97938e-008 -1.64598e-010 -1.64598e-010
6.13 -2.3414e-005 3.84845e-009 -5.98197e-008 -1.53616e-010 -1.53616e-010
6.14 -2.29049e-005 3.82943e-009 -5.98054e-008 -1.54847e-010 -1.54847e-010
6.15 -2.25394e-005 3.85164e-009 -5.9821e-008 -1.62533e-010 -1.62533e-010
6.16 -2.23366e-005 3.81966e-009 -5.97993e-008 -1.72306e-010 -1.72306e-010
6.17 -2.23045e-005 3.85109e-009 -5.98166e-008 -1.79373e-010 -1.79373e-010
6.18 -2.24397e-005 3.83978e-009 -5.98069e-008 -1.78648e-010 -1.78648e-010
6.19 -2.27254e-005 3.84352e-009 -5.98105e-008 -1.67795e-010 -1.67795e-010
6.2 -2.31305e-005 3.84058e-009 -5.9813e-008 -1.49039e-010 -1.49039e-010
6.21 -2.36174e-005 3.84456e-009 -5.98087e-008 -1.28886e-010 -1.28886e-010
6.22 -2.41542e-005 3.84237e-009 -5.981e-008 -1.16205e-010 -1.16205e-010
6.23 -2.47186e-005 3.84081e-009 -5.98126e-008 -1.18495e-010 -1.18495e-010
6.24 -2.52919e-005 3.84583e-009 -5.98044e-008 -1.37746e-010 -1.37746e-010
6.25 -2.58498e-005 3.84444e-009 -5.98076e-008 -1.68581e-010 -1.68581e-010
6.26 -2.636e-005 3.84287e-009 -5.98121e-008 -2.00325e-010 -2.00325e-010
6.27 -2.67879e-005 3.81473e-009 -5.98394e-008 -2.22807e-010 -2.22807e-010
6.28 -2.71097e-005 3.8168e-009 -5.9843e-008 -2.31592e-010 -2.31592e-010
6.29 -2.73222e-005 3.83494e-009 -5.98253e-008 -2.28695e-010 -2.28695e-010
6.3 -2.74448e-005 3.84684e-009 -5.98119e-008 -2.20571e-010 -2.20571e-010
6.31 -2.75055e-005 3.83844e-009 -5.98218e-008 -2.14299e-010 -2.14299e-010
6.32 -2.75233e-005 3.84888e-009 -5.98097e-008 -2.13011e-010 -2.13011e-010
6.33 -2.75064e-005 3.84704e-009 -5.98171e-008 -2.14257e-010 -2.14257e-010
6.34 -2.74577e-005 3.83964e-009 -5.98007e-008 -2.12754e-010 -2.12754e-010
6.35 -2.73808e-005 3.79384e-009 -5.98445e-008 -2.0494e-010 -2.0494e-010
6.36 -2.72872e-005 3.84572e-009 -5.98309e-008 -1.92249e-010 -1.92249e-010
6.37 -2.72e-005 3.84169e-009 -5.98056e-008 -1.81356e-010 -1.81356e-010
6.38 -2.71531e-005 3.84101e-009 -5.9815e-008 -1.8031e-010 -1.8031e-010
6.39 -2.71731e-005 3.83486e-009 -5.97979e-008 -1.91934e-010 -1.91934e-010
6.4 -2.7261e-005 3.83855e-009 -5.98069e-008 -2.09631e-010 -2.09631e-010
6.41 -2.74024e-005 3.85753e-009 -5.98115e-008 -2.20034e-010 -2.20034e-010
6.42 -2.75854e-005 3.88298e-009 -5.98411e-008 -2.11692e-010 -2.11692e-010
6.43 -2.78029e-005 3.81395e-009 -5.97519e-008 -1.83046e-010 -1.83046e-010
6.44 -2.80436e-005 3.87475e-009 -5.98145e-008 -1.42064e-010 -1.42064e-010
6.45 -2.82967e-005 3.84253e-009 -5.97295e-008 -1.00009e-010 -1.00009e-010
6.46 -2.85629e-005 3.88595e-009 -5.973e-008 -6.58426e-011 -6.58426e-011
6.47 -2.88347e-005 3.94677e-009 -5.98958e-008 -4.37565e-011 -4.37565e-011
6.48 -2.9093e-005 3.78153e-009 -5.97075e-008 -3.41394e-011 -3.41394e-011
6.49 -2.93187e-005 3.85536e-009 -5.98872e-008 -3.53997e-011 -3.53997e-011
6.5 -2.94906e-005 3.84925e-009 -5.98235e-008 -4.62855e-011 -4.62855e-011
6.51 -2.95993e-005 3.83255e-009 -5.98278e-008 -6.66625e-011 -6.66625e-011
6.52 -2.96416e-005 3.76817e-009 -6.00041e-008 -9.39444e-011 -9.39444e-011
6.53 -2.96105e-005 3.65963e-009 -6.00872e-008 -1.20427e-010 -1.20427e-010
6.54 -2.94956e-005 4.00096e-009 -5.93731e-008 -1.38311e-010 -1.38311e-010
6.55 -2.93037e-005 4.12572e-009 -5.94515e-008 -1.48808e-010 -1.48808e-010
6.56 -2.90519e-005 3.91339e-009 -5.97103e-008 -1.59558e-010 -1.59558e-010
6.57 -2.87628e-005 3.77726e-009 -5.98587e-008 -1.7245e-010 -1.7245e-010
6.58 -2.84686e-005 3.82062e-009 -5.98234e-008 -1.83542e-010 -1.83542e-010
6.59 -2.81946e-005 3.84881e-009 -5.98173e-008 -1.91381e-010 -1.91381e-010
6.6 -2.7959e-005 3.82562e-009 -5.98014e-008 -1.97187e-010 -1.97187e-010
6.61 -2.77763e-005 3.83516e-009 -5.98163e-008 -2.00462e-010 -2.00462e-010
6.62 -2.76619e-005 3.82501e-009 -5.98296e-008 -1.98225e-010 -1.98225e-010
6.63 -2.76331e-005 3.84347e-009 -5.98246e-008 -1.88072e-010 -1.88072e-010
6.64 -2.77043e-005 3.84019e-009 -5.98104e-008 -1.70926e-010 -1.70926e-010
6.65 -2.78809e-005 3.84191e-009 -5.98128e-008 -1.50038e-010 -1.50038e-010
6.66 -2.81556e-005 3.84138e-009 -5.98124e-008 -1.2929e-010 -1.2929e-010
6.67 -2.85102e-005 3.84166e-009 -5.98126e-008 -1.12603e-010 -1.12603e-010
6.68 -2.8918e-005 3.84152e-009 -5.98125e-008 -1.02661e-010 -1.02661e-010
6.69 -2.93503e-005 3.84187e-009 -5.98122e-008 -1.00115e-010 -1.00115e-010
6.7 -2.97796e-005 3.84162e-009 -5.98127e-008 -1.04631e-010 -1.04631e-010
6.71 -3.01757e-005 3.84236e-009 -5.98126e-008 -1.16114e-010 -1.16114e-010
6.72 -3.0507e-005 3.84222e-009 -5.98127e-008 -1.33534e-010 -1.33534e-010
6.73 -3.0751e-005 3.84328e-009 -5.98147e-008 -1.52331e-010 -1.52331e-010
6.74 -3.09043e-005 3.83981e-009 -5.98069e-008 -1.64558e-010 -1.64558e-010
6.75 -3.09823e-005 3.85397e-009 -5.98088e-008 -1.63927e-010 -1.63927e-010
6.76 -3.10096e-005 3.85629e-009 -5.97866e-008 -1.5107e-010 -1.5107e-010
6.77 -3.10142e-005 3.86091e-009 -5.97957e-008 -1.3324e-010 -1.3324e-010
6.78 -3.10274e-005 3.85039e-009 -5.97813e-008 -1.19809e-010 -1.19809e-010
6.79 -3.10807e-005 3.93456e-009 -5.9628e-008 -1.18499e-010 -1.18499e-010
6.8 -3.11965e-005 4.1364e-009 -5.98534e-008 -1.3225e-010 -1.3225e-010
6.81 -3.13966e-005 3.94281e-009 -5.98761e-008 -1.56012e-010 -1.56012e-010
6.82 -3.16964e-005 3.89035e-009 -5.97596e-008 -1.8191e-010 -1.8191e-010
6.83 -3.2101e-005 3.83768e-009 -5.9865e-008 -2.07353e-010 -2.07353e-010
6.84 -3.26026e-005 3.86247e-009 -5.97947e-008 -2.32315e-010 -2.32315e-010
6.85 -3.31729e-005 3.83974e-009 -5.98051e-008 -2.54044e-010 -2.54044e-010
6.86 -3.37726e-005 3.85919e-009 -5.98558e-008 -2.68608e-010 -2.68608e-010
6.87 -3.4356e-005 3.88883e-009 -5.98496e-008 -2.73715e-010 -2.73715e-010
6.88 -3.48712e-005 3.85208e-009 -5.98927e-008 -2.68117e-010 -2.68117e-010
6.89 -3.52599e-005 3.85918e-009 -5.98632e-008 -2.50907e-010 -2.50907e-010
6.9 -3.54636e-005 3.87358e-009 -5.98067e-008 -2.22328e-010 -2.22328e-010
6.91 -3.54422e-005 3.86289e-009 -5.98034e-008 -1.84468e-010 -1.84468e-010
6.92 -3.51836e-005 3.86122e-009 -5.98013e-008 -1.42577e-010 -1.42577e-010
6.93 -3.46951e-005 3.86813e-009 -5.9833e-008 -1.05261e-010 -1.05261e-010
6.94 -3.39935e-005 3.86453e-009 -5.98717e-008 -8.08179e-011 -8.08179e-011
6.95 -3.31012e-005 3.87146e-009 -5.98425e-008 -7.37364e-011 -7.37364e-011
6.96 -3.20537e-005 3.87048e-009 -5.98116e-008 -8.47403e-011 -8.47403e-011
6.97 -3.09025e-005 3.86897e-009 -5.98294e-008 -1.12332e-010 -1.12332e-010
6.98 -2.97105e-005 3.86999e-009 -5.98237e-008 -1.5344e-010 -1.5344e-010
6.99 -2.85413e-005 3.86981e-009 -5.98267e-008 -2.01568e-010 -2.01568e-010
7 -2.74571e-005 3.86975e-009 -5.98248e-008 -2.45203e-010 -2.45203e-010
7.01 -2.65152e-005 3.86928e-009 -5.98248e-008 -2.72676e-010 -2.72676e-010
7.02 -2.57666e-005 3.86924e-009 -5.98242e-008 -2.79347e-010 -2.79347e-010
7.03 -2.52432e-005 3.86997e-009 -5.98097e-008 -2.67557e-010 -2.67557e-010
7.04 -2.49437e-005 3.86623e-009 -5.98182e-008 -2.42073e-010 -2.42073e-010
7.05 -2.48335e-005 3.86491e-009 -5.98223e-008 -2.07761e-010 -2.07761e-010
7.06 -2.48581e-005 3.86631e-009 -5.9824e-008 -1.70088e-010 -1.70088e-010
7.07 -2.4964e-005 3.71543e-009 -5.95356e-008 -1.36135e-010 -1.36135e-010
7.08 -2.51e-005 3.97189e-009 -6.00173e-008 -1.13317e-010 -1.13317e-010
7.09 -2.52111e-005 4.39926e-009 -6.05792e-008 -1.07039e-010 -1.07039e-010
7.1 -2.52421e-005 3.59464e-009 -5.95106e-008 -1.14426e-010 -1.14426e-010
7.11 -2.51372e-005 3.72219e-009 -5.98592e-008 -1.2116e-010 -1.2116e-010
7.12 -2.48609e-005 3.71403e-009 -5.98181e-008 -1.15069e-010 -1.15069e-010
7.13 -2.43885e-005 3.88485e-009 -5.98664e-008 -9.63462e-011 -9.63462e-011
7.14 -2.37211e-005 3.8019e-009 -5.9711e-008 -7.07164e-011 -7.07164e-011
7.15 -2.28801e-005 3.74012e-009 -5.97702e-008 -4.35078e-011 -4.35078e-011
7.16 -2.19062e-005 3.86991e-009 -5.98771e-008 -2.22214e-011 -2.22214e-011
7.17 -2.08593e-005 3.84132e-009 -5.9743e-008 -1.83069e-011 -1.83069e-011
7.18 -1.98191e-005 3.82382e-009 -5.99345e-008 -3.9583e-011 -3.9583e-011
7.19 -1.88646e-005 3.96917e-009 -5.96647e-008 -8.08567e-011 -8.08567e-011
7.2 -1.80682e-005 3.84091e-009 -5.98424e-008 -1.31726e-010 -1.31726e-010
7.21 -1.74979e-005 3.86326e-009 -5.98562e-008 -1.89245e-010 -1.89245e-010
7.22 -1.72134e-005 3.86925e-009 -5.98193e-008 -2.48939e-010 -2.48939e-010
7.23 -1.72532e-005 3.86104e-009 -5.98385e-008 -2.95458e-010 -2.95458e-010
7.24 -1.76326e-005 3.87813e-009 -5.98126e-008 -3.14957e-010 -3.14957e-010
7.25 -1.83395e-005 3.89643e-009 -5.97903e-008 -3.06799e-010 -3.06799e-010
7.26 -1.93356e-005 3.92638e-009 -5.9749e-008 -2.76194e-010 -2.76194e-010
7.27 -2.05618e-005 3.89358e-009 -5.98067e-008 -2.19356e-010 -2.19356e-010
7.28 -2.19536e-005 3.87291e-009 -5.98287e-008 -1.3106e-010 -1.3106e-010
7.29 -2.34482e-005 3.89045e-009 -5.97958e-008 -3.16789e-011 -3.16789e-011
7.3 -2.49762e-005 3.88634e-009 -5.98086e-008 4.36541e-011 4.36541e-011
7.31 -2.64687e-005 3.87576e-009 -5.98316e-008 8.31579e-011 8.31579e-011
7.32 -2.78751e-005 3.88695e-009 -5.98235e-008 9.38458e-011 9.38458e-011
7.33 -2.91475e-005 3.90441e-009 -5.98458e-008 7.58007e-011 7.58007e-011
7.34 -3.02345e-005 3.8616e-009 -5.97734e-008 2.74832e-011 2.74832e-011
7.35 -3.10996e-005 4.03067e-009 -5.99314e-008 -3.98357e-011 -3.98357e-011
7.36 -3.17337e-005 3.98283e-009 -5.99638e-008 -1.11554e-010 -1.11554e-010
7.37 -3.21642e-005 3.89409e-009 -5.98724e-008 -1.81475e-010 -1.81475e-010
7.38 -3.24365e-005 4.07308e-009 -6.01096e-008 -2.45449e-010 -2.45449e-010
7.39 -3.25924e-005 3.96774e-009 -5.99234e-008 -2.97055e-010 -2.97055e-010
7.4 -3.2667e-005 3.83342e-009 -5.97041e-008 -3.29905e-010 -3.29905e-010
7.41 -3.26975e-005 3.87381e-009 -5.97851e-008 -3.34103e-010 -3.34103e-010
7.42 -3.27283e-005 3.86804e-009 -5.98877e-008 -2.99869e-010 -2.99869e-010
7.43 -3.27952e-005 3.92286e-009 -5.99333e-008 -2.31133e-010 -2.31133e-010
7.44 -3.29162e-005 3.9126e-009 -5.98486e-008 -1.45811e-010 -1.45811e-010
7.45 -3.30904e-005 3.8677e-009 -5.98672e-008 -6.32133e-011 -6.32133e-011
7.46 -3.33022e-005 3.91748e-009 -5.98604e-008 3.96233e-012 3.96233e-012
7.47 -3.35365e-005 3.89992e-009 -5.98781e-008 4.79985e-011 4.79985e-011
7.48 -3.37776e-005 3.88639e-009 -5.97906e-008 6.05751e-011 6.05751e-011
7.49 -3.401e-005 3.89536e-009 -5.97962e-008 3.60256e-011 3.60256e-011
7.5 -3.42193e-005 3.87867e-009 -5.9799e-008 -1.72893e-011 -1.72893e-011
7.51 -3.43827e-005 3.85929e-009 -5.98939e-008 -7.72871e-011 -7.72871e-011
7.52 -3.44816e-005 3.91771e-009 -5.96612e-008 -1.222e-010 -1.222e-010
7.53 -3.45122e-005 3.83657e-009 -5.98863e-008 -1.42887e-010 -1.42887e-010
7.54 -3.44765e-005 3.82775e-009 -5.99901e-008 -1.43628e-010 -1.43628e-010
7.55 -3.43876e-005 3.82959e-009 -5.99549e-008 -1.31884e-010 -1.31884e-010
7.56 -3.42625e-005 3.81806e-009 -5.99553e-008 -1.10214e-010 -1.10214e-010
7.57 -3.41159e-005 4.00027e-009 -5.9734e-008 -7.97717e-011 -7.97717e-011
7.58 -3.39729e-005 4.00684e-009 -5.9654e-008 -4.87836e-011 -4.87836e-011
7.59 -3.38711e-005 3.88121e-009 -5.98727e-008 -3.30822e-011 -3.30822e-011
7.6 -3.38465e-005 3.79345e-009 -5.99008e-008 -4.43914e-011 -4.43914e-011
7.61 -3.39121e-005 3.89462e-009 -5.98106e-008 -7.93688e-011 -7.93688e-011
7.62 -3.40544e-005 3.85769e-009 -5.98716e-008 -1.2199e-010 -1.2199e-010
7.63 -3.42364e-005 3.91235e-009 -5.99084e-008 -1.5458e-010 -1.5458e-010
7.64 -3.44182e-005 3.92624e-009 -5.98882e-008 -1.67138e-010 -1.67138e-010
7.65 -3.45655e-005 3.87038e-009 -5.98105e-008 -1.59622e-010 -1.59622e-010
7.66 -3.46517e-005 3.87503e-009 -5.98251e-008 -1.3776e-010 -1.3776e-010
7.67 -3.46573e-005 3.87543e-009 -5.98143e-008 -1.08071e-010 -1.08071e-010
7.68 -3.4558e-005 3.88181e-009 -5.98047e-008 -7.67945e-011 -7.67945e-011
7.69 -3.43214e-005 3.94029e-009 -5.97401e-008 -4.91518e-011 -4.91518e-011
7.7 -3.39204e-005 4.00963e-009 -5.96246e-008 -2.72874e-011 -2.72874e-011
7.71 -3.33475e-005 3.94996e-009 -5.96571e-008 -1.1008e-011 -1.1008e-011
7.72 -3.26164e-005 3.88619e-009 -5.97487e-008 7.21325e-013 7.21325e-013
7.73 -3.17482e-005 3.8589e-009 -5.98379e-008 8.17558e-012 8.17558e-012
7.74 -3.07688e-005 3.84671e-009 -5.98731e-008 1.0129e-011 1.0129e-011
7.75 -2.97242e-005 3.86197e-009 -5.98318e-008 5.31774e-012 5.31774e-012
7.76 -2.86624e-005 3.85693e-009 -5.97112e-008 -1.05481e-011 -1.05481e-011
7.77 -2.76274e-005 3.86434e-009 -5.99482e-008 -4.48195e-011 -4.48195e-011
7.78 -2.66712e-005 3.86452e-009 -5.98659e-008 -9.81182e-011 -9.81182e-011
7.79 -2.58198e-005 3.82605e-009 -5.98091e-008 -1.61791e-010 -1.61791e-010
7.8 -2.50919e-005 3.84631e-009 -5.97696e-008 -2.25636e-010 -2.25636e-010
7.81 -2.4503e-005 3.74501e-009 -5.97215e-008 -2.80568e-010 -2.80568e-010
7.82 -2.40583e-005 3.69385e-009 -5.95176e-008 -3.18337e-010 -3.18337e-010
7.83 -2.37682e-005 3.79726e-009 -5.96555e-008 -3.35855e-010 -3.35855e-010
7.84 -2.36355e-005 4.01832e-009 -6.0007e-008 -3.36045e-010 -3.36045e-010
7.85 -2.36524e-005 3.76524e-009 -5.97434e-008 -3.21179e-010 -3.21179e-010
7.86 -2.37954e-005 3.89661e-009 -5.99775e-008 -2.88535e-010 -2.88535e-010
7.87 -2.40369e-005 3.78706e-009 -5.98525e-008 -2.33902e-010 -2.33902e-010
7.88 -2.43502e-005 3.84775e-009 -5.9871e-008 -1.59323e-010 -1.59323e-010
7.89 -2.4707e-005 3.8658e-009 -5.9831e-008 -7.44039e-011 -7.44039e-011
7.9 -2.50762e-005 3.88444e-009 -5.98225e-008 8.01762e-012 8.01762e-012
7.91 -2.54238e-005 3.86534e-009 -5.9828e-008 7.26572e-011 7.26572e-011
7.92 -2.57249e-005 3.85049e-009 -5.98783e-008 1.04909e-010 1.04909e-010
7.93 -2.59683e-005 3.85871e-009 -5.98506e-008 9.69163e-011 9.69163e-011
7.94 -2.61468e-005 3.87511e-009 -5.98165e-008 4.96756e-011 4.96756e-011
7.95 -2.6258e-005 3.86719e-009 -5.98285e-008 -2.70707e-011 -2.70707e-011
7.96 -2.62962e-005 3.8697e-009 -5.98224e-008 -1.15562e-010 -1.15562e-010
7.97 -2.62541e-005 3.8695e-009 -5.98249e-008 -1.9378e-010 -1.9378e-010
7.98 -2.61311e-005 3.87139e-009 -5.98264e-008 -2.43518e-010 -2.43518e-010
7.99 -2.59384e-005 3.8683e-009 -5.98251e-008 -2.58349e-010 -2.58349e-010
8 -2.56996e-005 3.86979e-009 -5.98254e-008 -2.44721e-010 -2.44721e-010
8.01 -2.54435e-005 3.86867e-009 -5.98233e-008 -2.16072e-010 -2.16072e-010
8.02 -2.51922e-005 3.87001e-009 -5.98195e-008 -1.84852e-010 -1.84852e-010
8.03 -2.49563e-005 3.86206e-009 -5.98236e-008 -1.5734e-010 -1.5734e-010
8.04 -2.47479e-005 3.85581e-009 -5.97022e-008 -1.33641e-010 -1.33641e-010
8.05 -2.45895e-005 3.99324e-009 -5.97296e-008 -1.11329e-010 -1.11329e-010
8.06 -2.4502e-005 3.89079e-009 -5.98718e-008 -8.77711e-011 -8.77711e-011
8.07 -2.44852e-005 3.87681e-009 -5.98525e-008 -5.83821e-011 -5.83821e-011
8.08 -2.45211e-005 3.58738e-009 -6.00021e-008 -1.5354e-011 -1.5354e-011
8.09 -2.45933e-005 3.87805e-009 -5.9957e-008 4.1328e-011 4.1328e-011
8.1 -2.46925e-005 4.10817e-009 -5.97085e-008 9.37656e-011 9.37656e-011
8.11 -2.48115e-005 4.01196e-009 -5.96606e-008 1.19142e-010 1.19142e-010
8.12 -2.49438e-005 3.92903e-009 -5.96811e-008 1.06202e-010 1.06202e-010
8.13 -2.50898e-005 3.89142e-009 -5.98135e-008 5.94201e-011 5.94201e-011
8.14 -2.52529e-005 3.89713e-009 -5.97287e-008 -5.25365e-012 -5.25365e-012
8.15 -2.54349e-005 3.91391e-009 -5.96163e-008 -6.99943e-011 -6.99943e-011
8.16 -2.56353e-005 3.83692e-009 -5.9825e-008 -1.2191e-010 -1.2191e-010
8.17 -2.58612e-005 3.8318e-009 -6.00105e-008 -1.53901e-010 -1.53901e-010
8.18 -2.61236e-005 3.90384e-009 -5.99246e-008 -1.63519e-010 -1.63519e-010
8.19 -2.64405e-005 3.90361e-009 -5.98457e-008 -1.51817e-010 -1.51817e-010
8.2 -2.68273e-005 3.84957e-009 -5.98231e-008 -1.20929e-010 -1.20929e-010
8.21 -2.72903e-005 3.8833e-009 -5.98226e-008 -7.53872e-011 -7.53872e-011
8.22 -2.78232e-005 3.89755e-009 -5.9862e-008 -2.81984e-011 -2.81984e-011
8.23 -2.84051e-005 3.85219e-009 -5.97929e-008 2.90269e-012 2.90269e-012
8.24 -2.90014e-005 3.88846e-009 -5.98452e-008 1.00091e-011 1.00091e-011
8.25 -2.95726e-005 3.88367e-009 -5.98313e-008 -1.29739e-012 -1.29739e-012
8.26 -3.00801e-005 3.8758e-009 -5.98306e-008 -2.19793e-011 -2.19793e-011
8.27 -3.0484e-005 3.88846e-009 -5.98109e-008 -4.53886e-011 -4.53886e-011
8.28 -3.07437e-005 3.8848e-009 -5.97881e-008 -6.55627e-011 -6.55627e-011
8.29 -3.08293e-005 3.86912e-009 -5.97891e-008 -7.66839e-011 -7.66839e-011
8.3 -3.07199e-005 3.85284e-009 -5.97969e-008 -7.52077e-011 -7.52077e-011
8.31 -3.04007e-005 3.86214e-009 -5.98158e-008 -6.07109e-011 -6.07109e-011
8.32 -2.98647e-005 3.9329e-009 -5.97503e-008 -3.57408e-011 -3.57408e-011
8.33 -2.91181e-005 3.9878e-009 -5.9581e-008 -6.87975e-012 -6.87975e-012
8.34 -2.819e-005 3.74714e-009 -5.97211e-008 1.71856e-011 1.71856e-011
8.35 -2.71282e-005 3.6762e-009 -5.98167e-008 3.08027e-011 3.08027e-011
8.36 -2.59842e-005 3.84752e-009 -5.99399e-008 3.30273e-011 3.30273e-011
8.37 -2.48036e-005 3.97027e-009 -5.99646e-008 2.39477e-011 2.39477e-011
8.38 -2.36348e-005 3.98611e-009 -5.98926e-008 7.41405e-013 7.41405e-013
8.39 -2.25313e-005 3.83674e-009 -5.9733e-008 -4.05934e-011 -4.05934e-011
8.4 -2.15237e-005 3.803e-009 -5.97953e-008 -9.96741e-011 -9.96741e-011
8.41 -2.06397e-005 3.82223e-009 -5.97688e-008 -1.68006e-010 -1.68006e-010
8.42 -1.98936e-005 3.90819e-009 -5.98843e-008 -2.31416e-010 -2.31416e-010
8.43 -1.92757e-005 4.06415e-009 -5.98791e-008 -2.75668e-010 -2.75668e-010
8.44 -1.87691e-005 3.82871e-009 -5.96785e-008 -2.91434e-010 -2.91434e-010
8.45 -1.83432e-005 3.844e-009 -5.9932e-008 -2.74034e-010 -2.74034e-010
8.46 -1.79606e-005 3.76956e-009 -5.98651e-008 -2.16746e-010 -2.16746e-010
8.47 -1.7584e-005 3.61407e-009 -5.964e-008 -1.12131e-010 -1.12131e-010
8.48 -1.71832e-005 2.56763e-009 -5.82516e-008 4.62798e-011 4.62798e-011
8.49 -1.6724e-005 2.94798e-009 -5.86009e-008 2.55452e-010 2.55452e-010
8.5 -1.61975e-005 8.21604e-010 -5.60738e-008 4.93414e-010 4.93414e-010
8.51 -1.55706e-005 2.93761e-009 -5.86756e-008 7.31704e-010 7.31704e-010
8.52 -1.48782e-005 3.58054e-009 -5.91557e-008 9.37223e-010 9.37223e-010
8.53 -1.41462e-005 3.4937e-009 -5.96479e-008 1.07426e-009 1.07426e-009
8.54 -1.34147e-005 3.80327e-009 -5.96562e-008 1.12461e-009 1.12461e-009
8.55 -1.27365e-005 2.74917e-009 -5.82189e-008 1.09535e-009 1.09535e-009
8.56 -1.21479e-005 3.2399e-009 -5.91206e-008 1.00643e-009 1.00643e-009
8.57 -1.16883e-005 4.06054e-009 -6.00879e-008 8.76206e-010 8.76206e-010
8.58 -1.13964e-005 3.79023e-009 -5.9719e-008 7.21085e-010 7.21085e-010
8.59 -1.13007e-005 3.90733e-009 -5.98646e-008 5.64855e-010 5.64855e-010
8.6 -1.14225e-005 3.8313e-009 -5.98327e-008 4.39612e-010 4.39612e-010
8.61 -1.17559e-005 3.84522e-009 -5.98604e-008 3.73135e-010 3.73135e-010
8.62 -1.22711e-005 3.86859e-009 -5.98183e-008 3.76654e-010 3.76654e-010
8.63 -1.29241e-005 3.86228e-009 -5.98325e-008 4.43326e-010 4.43326e-010
8.64 -1.36604e-005 3.84932e-009 -5.98218e-008 5.56452e-010 5.56452e-010
8.65 -1.44167e-005 3.88865e-009 -5.98064e-008 6.96472e-010 6.96472e-010
8.66 -1.51275e-005 3.84281e-009 -5.98246e-008 8.41734e-010 8.41734e-010
8.67 -1.57393e-005 3.72264e-009 -5.97641e-008 9.69742e-010 9.69742e-010
8.68 -1.62104e-005 3.83579e-009 -5.98076e-008 1.05933e-009 1.05933e-009
8.69 -1.65203e-005 3.8721e-009 -5.98007e-008 1.09383e-009 1.09383e-009
8.7 -1.66679e-005 3.76967e-009 -5.98157e-008 1.06847e-009 1.06847e-009
8.71 -1.667e-005 3.8812e-009 -5.98413e-008 9.92765e-010 9.92765e-010
8.72 -1.65611e-005 3.86114e-009 -5.98252e-008 8.82246e-010 8.82246e-010
8.73 -1.64048e-005 3.86166e-009 -5.98422e-008 7.51019e-010 7.51019e-010
8.74 -1.62789e-005 3.87215e-009 -5.98201e-008 6.12068e-010 6.12068e-010
8.75 -1.62562e-005 3.85029e-009 -5.98533e-008 4.79642e-010 4.79642e-010
8.76 -1.63977e-005 3.90801e-009 -5.97721e-008 3.68453e-010 3.68453e-010
8.77 -1.67549e-005 3.86038e-009 -5.98312e-008 2.89816e-010 2.89816e-010
8.78 -1.73738e-005 3.87679e-009 -5.98036e-008 2.47809e-010 2.47809e-010
8.79 -1.82954e-005 3.86304e-009 -5.98297e-008 2.38272e-010 2.38272e-010
8.8 -1.95418e-005 3.88011e-009 -5.97675e-008 2.53196e-010 2.53196e-010
8.81 -2.11168e-005 3.86983e-009 -5.97771e-008 2.86012e-010 2.86012e-010
8.82 -2.30045e-005 3.65413e-009 -5.93664e-008 3.17984e-010 3.17984e-010
8.83 -2.51614e-005 2.94157e-009 -5.87919e-008 3.18945e-010 3.18945e-010
8.84 -2.74937e-005 3.49393e-009 -5.93231e-008 2.82264e-010 2.82264e-010
8.85 -2.99129e-005 1.96761e-009 -5.71962e-008 2.27169e-010 2.27169e-010
8.86 -3.23336e-005 4.95532e-009 -6.06029e-008 1.62131e-010 1.62131e-010
8.87 -3.46617e-005 3.78226e-009 -5.96094e-008 8.21399e-011 8.21399e-011
8.88 -3.68375e-005 3.93368e-009 -5.98472e-008 1.56568e-012 1.56568e-012
8.89 -3.88143e-005 4.28467e-009 -6e-008 -5.59421e-011 -5.59421e-011
8.9 -4.05777e-005 4.27856e-009 -6.04097e-008 -8.32199e-011 -8.32199e-011
8.91 -4.20966e-005 4.80375e-009 -6.10631e-008 -6.87744e-011 -6.87744e-011
8.92 -4.33482e-005 5.42959e-009 -6.13631e-008 3.09443e-011 3.09443e-011
8.93 -4.43589e-005 9.02662e-009 -6.59848e-008 2.6577e-010 2.6577e-010
8.94 -4.51201e-005 8.23993e-009 -6.43693e-008 6.30045e-010 6.30045e-010
8.95 -4.5704e-005 9.03478e-009 -6.5941e-008 1.06458e-009 1.06458e-009
8.96 -4.61383e-005 7.15987e-009 -6.16868e-008 1.49877e-009 1.49877e-009
8.97 -4.6519e-005 7.71915e-009 -6.57768e-008 1.88029e-009 1.88029e-009
8.98 -4.68599e-005 6.86768e-009 -6.12568e-008 2.19316e-009 2.19316e-009
8.99 -4.7238e-005 5.61535e-009 -6.05599e-008 2.42713e-009 2.42713e-009
9 -4.767e-005 4.35232e-009 -6.00907e-008 2.5617e-009 2.5617e-009
9.01 -4.81682e-005 4.52948e-009 -5.98076e-008 2.57979e-009 2.57979e-009
9.02 -4.87127e-005 4.15005e-009 -5.98061e-008 2.47144e-009 2.47144e-009
9.03 -4.92855e-005 4.76857e-009 -6.12129e-008 2.26222e-009 2.26222e-009
9.04 -4.98326e-005 6.90137e-009 -6.18574e-008 2.02427e-009 2.02427e-009
9.05 -5.02891e-005 4.14294e-009 -5.91631e-008 1.81885e-009 1.81885e-009
9.06 -5.06211e-005 3.91554e-009 -5.98075e-008 1.65792e-009 1.65792e-009
9.07 -5.07525e-005 4.0327e-009 -5.95671e-008 1.54216e-009 1.54216e-009
9.08 -5.06321e-005 3.99459e-009 -5.96638e-008 1.48818e-009 1.48818e-009
9.09 -5.02229e-005 4.01213e-009 -5.96243e-008 1.50599e-009 1.50599e-009
9.1 -4.95041e-005 4.00664e-009 -5.96394e-008 1.57614e-009 1.57614e-009
9.11 -4.84629e-005 4.00965e-009 -5.963e-008 1.65899e-009 1.65899e-009
9.12 -4.71073e-005 4.00254e-009 -5.96391e-008 1.71932e-009 1.71932e-009
9.13 -4.54627e-005 4.05781e-009 -5.95375e-008 1.73583e-009 1.73583e-009
9.14 -4.35701e-005 4.03623e-009 -5.95784e-008 1.69823e-009 1.69823e-009
9.15 -4.14882e-005 3.99398e-009 -5.96592e-008 1.60409e-009 1.60409e-009
9.16 -3.92879e-005 4.00966e-009 -5.96274e-008 1.45748e-009 1.45748e-009
9.17 -3.70373e-005 4.02436e-009 -5.95778e-008 1.27079e-009 1.27079e-009
9.18 -3.47931e-005 4.04682e-009 -5.95191e-008 1.06545e-009 1.06545e-009
9.19 -3.25936e-005 3.96375e-009 -5.97661e-008 8.67284e-010 8.67284e-010
9.2 -3.04653e-005 4.01749e-009 -5.97533e-008 6.98967e-010 6.98967e-010
9.21 -2.84169e-005 4.33727e-009 -6.01547e-008 5.594e-010 5.594e-010
9.22 -2.64858e-005 3.25101e-009 -5.79631e-008 4.29213e-010 4.29213e-010
9.23 -2.46148e-005 1.36204e-008 -7.193e-008 3.20645e-010 3.20645e-010
9.24 -2.27418e-005 8.35919e-009 -6.31649e-008 2.84555e-010 2.84555e-010
9.25 -2.0999e-005 4.27163e-009 -5.92597e-008 3.50097e-010 3.50097e-010
9.26 -1.92544e-005 5.10584e-009 -5.96893e-008 4.85804e-010 4.85804e-010
9.27 -1.75209e-005 4.17694e-009 -5.88058e-008 6.3721e-010 6.3721e-010
9.28 -1.57891e-005 3.78892e-009 -5.93465e-008 7.72231e-010 7.72231e-010
9.29 -1.40993e-005 -2.6748e-010 -5.5528e-008 8.90918e-010 8.90918e-010
9.3 -1.24986e-005 -8.75833e-009 -4.54349e-008 1.02424e-009 1.02424e-009
9.31 -1.09484e-005 3.14475e-010 -5.53703e-008 1.19181e-009 1.19181e-009
9.32 -9.51792e-006 2.13603e-009 -5.67774e-008 1.34924e-009 1.34924e-009
9.33 -8.23256e-006 3.57337e-009 -5.93182e-008 1.43791e-009 1.43791e-009
9.34 -7.16269e-006 2.80453e-009 -5.80438e-008 1.46759e-009 1.46759e-009
9.35 -6.32805e-006 3.82785e-009 -5.97244e-008 1.48819e-009 1.48819e-009
9.36 -5.77868e-006 3.83298e-009 -5.92988e-008 1.51917e-009 1.51917e-009
9.37 -5.52366e-006 4.05099e-009 -5.96785e-008 1.54063e-009 1.54063e-009
9.38 -5.57989e-006 3.00765e-009 -5.78401e-008 1.52726e-009 1.52726e-009
9.39 -5.94065e-006 2.96588e-009 -5.85723e-008 1.47224e-009 1.47224e-009
9.4 -6.58682e-006 4.23033e-009 -5.98162e-008 1.38793e-009 1.38793e-009
9.41 -7.49623e-006 3.78754e-009 -5.95066e-008 1.29605e-009 1.29605e-009
9.42 -8.63376e-006 3.99654e-009 -5.97218e-008 1.21325e-009 1.21325e-009
9.43 -9.9694e-006 4.01791e-009 -5.95741e-008 1.14192e-009 1.14192e-009
9.44 -1.1464e-005 3.98849e-009 -5.96704e-008 1.07942e-009 1.07942e-009
9.45 -1.30803e-005 4.00776e-009 -5.96252e-008 1.03253e-009 1.03253e-009
9.46 -1.47874e-005 4.00593e-009 -5.96399e-008 1.00972e-009 1.00972e-009
9.47 -1.6571e-005 4.00491e-009 -5.96342e-008 1.00281e-009 1.00281e-009
9.48 -1.84317e-005 4.00698e-009 -5.96233e-008 9.90027e-010 9.90027e-010
9.49 -2.037e-005 4.00168e-009 -5.96043e-008 9.60986e-010 9.60986e-010
9.5 -2.23856e-005 3.99274e-009 -5.95713e-008 9.22651e-010 9.22651e-010
9.51 -2.44737e-005 3.96984e-009 -5.95164e-008 8.62801e-010 8.62801e-010
9.52 -2.66781e-005 5.40974e-010 -5.41283e-008 7.80101e-010 7.80101e-010
9.53 -2.88866e-005 7.70035e-009 -6.36648e-008 7.61855e-010 7.61855e-010
9.54 -3.10702e-005 3.34844e-009 -6.00637e-008 8.70798e-010 8.70798e-010
9.55 -3.33652e-005 4.13813e-009 -5.89293e-008 1.00976e-009 1.00976e-009
9.56 -3.56589e-005 3.98075e-009 -5.95132e-008 1.08518e-009 1.08518e-009
9.57 -3.79713e-005 3.99462e-009 -5.93741e-008 1.16442e-009 1.16442e-009
9.58 -4.02549e-005 4.00467e-009 -5.96634e-008 1.33237e-009 1.33237e-009
9.59 -4.24876e-005 4.00587e-009 -5.94581e-008 1.56036e-009 1.56036e-009
9.6 -4.46574e-005 3.97559e-009 -5.97805e-008 1.77858e-009 1.77858e-009
9.61 -4.67496e-005 3.99789e-009 -5.96079e-008 1.95021e-009 1.95021e-009
9.62 -4.87451e-005 4.14387e-009 -5.95622e-008 2.06807e-009 2.06807e-009
9.63 -5.06031e-005 9.11895e-009 -5.99632e-008 2.13005e-009 2.13005e-009
9.64 -5.23296e-005 3.08603e-008 -8.5203e-008 2.09403e-009 2.09403e-009
9.65 -5.37789e-005 8.14953e-009 -6.82155e-008 1.9388e-009 1.9388e-009
9.66 -5.51266e-005 5.3341e-009 -5.71596e-008 1.75692e-009 1.75692e-009
9.67 -5.63709e-005 5.25344e-009 -6.18246e-008 1.63959e-009 1.63959e-009
9.68 -5.74852e-005 4.3094e-009 -5.79874e-008 1.58527e-009 1.58527e-009
9.69 -5.84656e-005 4.17429e-009 -5.85e-008 1.57696e-009 1.57696e-009
9.7 -5.92858e-005 4.398e-009 -5.83626e-008 1.63058e-009 1.63058e-009
9.71 -5.99504e-005 4.50752e-009 -5.8424e-008 1.76543e-009 1.76543e-009
9.72 -6.04554e-005 3.62731e-009 -5.81607e-008 1.9721e-009 1.9721e-009
9.73 -6.07838e-005 4.19642e-009 -5.84105e-008 2.20946e-009 2.20946e-009
9.74 -6.09426e-005 6.3214e-009 -5.85913e-008 2.415e-009 2.415e-009
9.75 -6.08886e-005 5.41208e-009 -5.89873e-008 2.53781e-009 2.53781e-009
9.76 -6.06401e-005 3.36107e-009 -5.80307e-008 2.57047e-009 2.57047e-009
9.77 -6.02087e-005 4.29729e-009 -5.83378e-008 2.52779e-009 2.52779e-009
9.78 -5.95592e-005 3.92664e-009 -5.81773e-008 2.41712e-009 2.41712e-009
9.79 -5.86883e-005 4.05473e-009 -5.82945e-008 2.2492e-009 2.2492e-009
9.8 -5.75872e-005 3.96075e-009 -5.8342e-008 2.05128e-009 2.05128e-009
9.81 -5.62637e-005 4.0257e-009 -5.8272e-008 1.86222e-009 1.86222e-009
9.82 -5.47346e-005 4.01281e-009 -5.82864e-008 1.71964e-009 1.71964e-009
9.83 -5.30237e-005 4.14143e-009 -5.81236e-008 1.64557e-009 1.64557e-009
9.84 -5.11519e-005 4.01376e-009 -5.82823e-008 1.6404e-009 1.6404e-009
9.85 -4.91419e-005 3.98054e-009 -5.83291e-008 1.69148e-009 1.69148e-009
9.86 -4.70171e-005 4.01863e-009 -5.82662e-008 1.78462e-009 1.78462e-009
9.87 -4.48074e-005 4.01054e-009 -5.82806e-008 1.90333e-009 1.90333e-009
9.88 -4.25443e-005 4.01599e-009 -5.82684e-008 2.02262e-009 2.02262e-009
9.89 -4.02571e-005 4.01526e-009 -5.82739e-008 2.11152e-009 2.11152e-009
9.9 -3.79723e-005 4.01444e-009 -5.82736e-008 2.14502e-009 2.14502e-009
9.91 -3.57139e-005 4.01976e-009 -5.82663e-008 2.11264e-009 2.11264e-009
9.92 -3.34952e-005 4.02258e-009 -5.82636e-008 2.01863e-009 2.01863e-009
9.93 -3.13298e-005 3.81878e-009 -5.8027e-008 1.8747e-009 1.8747e-009
9.94 -2.92347e-005 -7.71775e-010 -5.3262e-008 1.66927e-009 1.66927e-009
9.95 -2.72764e-005 -2.71596e-011 -5.49018e-008 1.33395e-009 1.33395e-009
9.96 -2.52472e-005 2.76424e-008 -8.3465e-008 8.78407e-010 8.78407e-010
9.97 -2.31518e-005 1.00395e-009 -5.40975e-008 5.4836e-010 5.4836e-010
9.98 -2.13004e-005 6.37527e-009 -5.92214e-008 5.42963e-010 5.42963e-010
9.99 -1.94359e-005 3.77838e-009 -5.83881e-008 7.2341e-010 7.2341e-010
10 -1.76257e-005 4.09837e-009 -5.79184e-008 8.67554e-010 8.67554e-010
