0.1 -2.05412e-006 -2.99832e-020 3.1072e-020 2.93075e-021 2.93075e-021
0.2 -4.10921e-006 -1.02972e-019 1.05551e-019 -6.73851e-021 -6.73851e-021
0.3 -6.16527e-006 -1.31976e-019 1.27019e-019 8.80091e-019 8.80091e-019
0.4 -8.2223e-006 -1.40114e-019 1.29189e-019 9.70323e-019 9.70323e-019
0.5 -1.02803e-005 -1.4406e-019 1.30187e-019 4.46866e-019 4.46866e-019
0.6 -1.23393e-005 -1.4624e-019 1.29726e-019 1.09971e-020 1.09971e-020
0.7 -1.43992e-005 -1.4739e-019 1.29069e-019 2.28736e-019 2.28736e-019
0.8 -1.64601e-005 -1.47894e-019 1.28496e-019 1.00227e-018 1.00227e-018
0.9 -1.8522e-005 -1.4805e-019 1.27837e-019 6.22679e-019 6.22679e-019
1 -2.05849e-005 -1.47856e-019 1.27172e-019 7.61645e-019 7.61645e-019
0.01 -1.40662e-005 -7.2794e-007 -1.09868e-005 -7.92855e-010 -7.92855e-010
0.02 -2.08371e-005 2.94788e-007 4.461e-006 -2.64382e-009 -2.64382e-009
0.03 -1.82623e-005 -1.26456e-007 -1.91054e-006 -1.61954e-009 -1.61954e-009
0.04 -1.95514e-005 4.77691e-008 7.46958e-007 3.67899e-009 3.67899e-009
0.05 -1.905e-005 -2.32441e-008 -3.58122e-007 6.10147e-009 6.10147e-009
0.06 -1.92597e-005 5.99885e-009 9.74458e-008 2.15824e-009 2.15824e-009
0.07 -1.91904e-005 -5.98348e-009 -9.01664e-008 -2.2875e-009 -2.2875e-009
0.08 -1.92319e-005 -1.04006e-009 -1.286e-008 -2.82455e-009 -2.82455e-009
0.09 -1.9231e-005 -3.14147e-009 -4.48002e-008 -1.6562e-009 -1.6562e-009
0.1 -1.92463e-005 -2.27524e-009 -3.16403e-008 -1.58388e-009 -1.58388e-009
0.11 -1.92525e-005 -2.63212e-009 -3.70622e-008 -1.52964e-009 -1.52964e-009
0.12 -1.92576e-005 -2.48509e-009 -3.48284e-008 1.91282e-010 1.91282e-010
0.13 -1.92575e-005 -2.54567e-009 -3.57487e-008 2.38945e-009 2.38945e-009
0.14 -1.92542e-005 -2.52071e-009 -3.53695e-008 2.91652e-009 2.91652e-009
0.15 -1.9248e-005 -2.53099e-009 -3.55257e-008 1.72389e-009 1.72389e-009
0.16 -1.92406e-005 -2.52676e-009 -3.54614e-008 2.83984e-010 2.83984e-010
0.17 -1.92336e-005 -2.5285e-009 -3.54879e-008 -6.63793e-010 -6.63793e-010
0.18 -1.92289e-005 -2.52778e-009 -3.5477e-008 -1.34819e-009 -1.34819e-009
0.19 -1.92279e-005 -2.52808e-009 -3.54815e-008 -1.73262e-009 -1.73262e-009
0.2 -1.92312e-005 -2.52795e-009 -3.54796e-008 -1.34531e-009 -1.34531e-009
0.21 -1.92385e-005 -2.52801e-009 -3.54804e-008 -1.92614e-010 -1.92614e-010
0.22 -1.92487e-005 -2.52798e-009 -3.548e-008 1.00976e-009 1.00976e-009
0.23 -1.92602e-005 -2.52799e-009 -3.54802e-008 1.60086e-009 1.60086e-009
0.24 -1.92709e-005 -2.52799e-009 -3.54801e-008 1.49928e-009 1.49928e-009
0.25 -1.92788e-005 -2.52799e-009 -3.54802e-008 9.47501e-010 9.47501e-010
0.26 -1.92825e-005 -2.52799e-009 -3.54802e-008 1.58765e-010 1.58765e-010
0.27 -1.92814e-005 -2.52799e-009 -3.54802e-008 -6.43921e-010 -6.43921e-010
0.28 -1.92759e-005 -2.52799e-009 -3.54802e-008 -1.13487e-009 -1.13487e-009
0.29 -1.92672e-005 -2.52799e-009 -3.54802e-008 -1.07085e-009 -1.07085e-009
0.3 -1.92572e-005 -2.52799e-009 -3.54801e-008 -5.14065e-010 -5.14065e-010
0.31 -1.92481e-005 -2.52816e-009 -3.54804e-008 2.253e-010 2.253e-010
0.32 -1.92417e-005 -2.52792e-009 -3.54801e-008 8.2538e-010 8.2538e-010
0.33 -1.92393e-005 -2.52802e-009 -3.54802e-008 1.09301e-009 1.09301e-009
0.34 -1.92412e-005 -2.52798e-009 -3.54801e-008 9.67187e-010 9.67187e-010
0.35 -1.92467e-005 -2.528e-009 -3.54802e-008 5.11513e-010 5.11513e-010
0.36 -1.92545e-005 -2.52799e-009 -3.54802e-008 -8.25485e-011 -8.25485e-011
0.37 -1.92625e-005 -2.52796e-009 -3.54801e-008 -5.60127e-010 -5.60127e-010
0.38 -1.92689e-005 -2.528e-009 -3.54802e-008 -7.30928e-010 -7.30928e-010
0.39 -1.92718e-005 -2.52798e-009 -3.54801e-008 -5.578e-010 -5.578e-010
0.4 -1.92705e-005 -2.52799e-009 -3.54802e-008 -1.46784e-010 -1.46784e-010
0.41 -1.92649e-005 -2.52799e-009 -3.54802e-008 3.21933e-010 3.21933e-010
0.42 -1.92563e-005 -2.52798e-009 -3.54801e-008 6.65931e-010 6.65931e-010
0.43 -1.92463e-005 -2.528e-009 -3.54802e-008 7.6094e-010 7.6094e-010
0.44 -1.92367e-005 -2.52799e-009 -3.54802e-008 5.86178e-010 5.86178e-010
0.45 -1.92295e-005 -2.52799e-009 -3.54802e-008 2.32014e-010 2.32014e-010
0.46 -1.92259e-005 -2.52799e-009 -3.54802e-008 -1.44273e-010 -1.44273e-010
0.47 -1.92262e-005 -2.52799e-009 -3.54802e-008 -3.91516e-010 -3.91516e-010
0.48 -1.92299e-005 -2.52799e-009 -3.54802e-008 -4.25123e-010 -4.25123e-010
0.49 -1.92358e-005 -2.52799e-009 -3.54802e-008 -2.51242e-010 -2.51242e-010
0.5 -1.92419e-005 -2.52798e-009 -3.548e-008 4.50151e-011 4.50151e-011
0.51 -1.92463e-005 -2.52799e-009 -3.54802e-008 3.37639e-010 3.37639e-010
0.52 -1.92475e-005 -2.528e-009 -3.54802e-008 5.11213e-010 5.11213e-010
0.53 -1.92448e-005 -2.52797e-009 -3.54801e-008 5.06622e-010 5.06622e-010
0.54 -1.9238e-005 -2.528e-009 -3.54802e-008 3.40892e-010 3.40892e-010
0.55 -1.92281e-005 -2.52799e-009 -3.54802e-008 9.35367e-011 9.35367e-011
0.56 -1.92167e-005 -2.52798e-009 -3.54801e-008 -1.31015e-010 -1.31015e-010
0.57 -1.92058e-005 -2.52799e-009 -3.54802e-008 -2.46468e-010 -2.46468e-010
0.58 -1.91972e-005 -2.52799e-009 -3.54802e-008 -2.16436e-010 -2.16436e-010
0.59 -1.91921e-005 -2.52799e-009 -3.54802e-008 -6.46242e-011 -6.46242e-011
0.6 -1.9191e-005 -2.52799e-009 -3.54802e-008 1.39015e-010 1.39015e-010
0.61 -1.91938e-005 -2.52798e-009 -3.54801e-008 3.09628e-010 3.09628e-010
0.62 -1.91994e-005 -2.52798e-009 -3.54801e-008 3.825e-010 3.825e-010
0.63 -1.92063e-005 -2.528e-009 -3.54802e-008 3.37044e-010 3.37044e-010
0.64 -1.92125e-005 -2.52795e-009 -3.54801e-008 2.01026e-010 2.01026e-010
0.65 -1.92166e-005 -2.52803e-009 -3.54802e-008 3.5486e-011 3.5486e-011
0.66 -1.92176e-005 -2.52794e-009 -3.54801e-008 -9.19542e-011 -9.19542e-011
0.67 -1.92156e-005 -2.52798e-009 -3.54801e-008 -1.34167e-010 -1.34167e-010
0.68 -1.92113e-005 -2.52796e-009 -3.54801e-008 -8.14625e-011 -8.14625e-011
0.69 -1.92057e-005 -2.528e-009 -3.54802e-008 3.76026e-011 3.76026e-011
0.7 -1.92004e-005 -2.52798e-009 -3.54801e-008 1.70678e-010 1.70678e-010
0.71 -1.91969e-005 -2.52799e-009 -3.54802e-008 2.64259e-010 2.64259e-010
0.72 -1.91963e-005 -2.52802e-009 -3.54802e-008 2.84823e-010 2.84823e-010
0.73 -1.91993e-005 -2.52798e-009 -3.54801e-008 2.30318e-010 2.30318e-010
0.74 -1.92058e-005 -2.52799e-009 -3.54802e-008 1.28375e-010 1.28375e-010
0.75 -1.92147e-005 -2.52799e-009 -3.54802e-008 2.30012e-011 2.30012e-011
0.76 -1.92249e-005 -2.52799e-009 -3.54802e-008 -4.41105e-011 -4.41105e-011
0.77 -1.92347e-005 -2.52799e-009 -3.54802e-008 -4.98266e-011 -4.98266e-011
0.78 -1.92429e-005 -2.52799e-009 -3.54802e-008 2.88625e-012 2.88625e-012
0.79 -1.92483e-005 -2.52799e-009 -3.54802e-008 8.83642e-011 8.83642e-011
0.8 -1.92507e-005 -2.52799e-009 -3.54802e-008 1.70274e-010 1.70274e-010
0.81 -1.92501e-005 -2.52799e-009 -3.54802e-008 2.16776e-010 2.16776e-010
0.82 -1.92476e-005 -2.52799e-009 -3.54802e-008 2.12632e-010 2.12632e-010
0.83 -1.92442e-005 -2.52799e-009 -3.54802e-008 1.63791e-010 1.63791e-010
0.84 -1.92411e-005 -2.52799e-009 -3.54802e-008 9.32921e-011 9.32921e-011
0.85 -1.92392e-005 -2.52799e-009 -3.54802e-008 3.07534e-011 3.07534e-011
0.86 -1.92388e-005 -2.52799e-009 -3.54802e-008 1.30945e-013 1.30945e-013
0.87 -1.92397e-005 -2.52799e-009 -3.54802e-008 1.07543e-011 1.07543e-011
0.88 -1.92416e-005 -2.52799e-009 -3.54802e-008 5.49075e-011 5.49075e-011
0.89 -1.92434e-005 -2.52799e-009 -3.54802e-008 1.12304e-010 1.12304e-010
0.9 -1.92441e-005 -2.52799e-009 -3.54802e-008 1.59109e-010 1.59109e-010
0.91 -1.92425e-005 -2.52799e-009 -3.54802e-008 1.77651e-010 1.77651e-010
0.92 -1.92379e-005 -2.52799e-009 -3.54801e-008 1.62951e-010 1.62951e-010
0.93 -1.92302e-005 -2.52798e-009 -3.54802e-008 1.2366e-010 1.2366e-010
0.94 -1.92197e-005 -2.528e-009 -3.54802e-008 7.74264e-011 7.74264e-011
0.95 -1.92073e-005 -2.52798e-009 -3.54801e-008 4.30946e-011 4.30946e-011
0.96 -1.91946e-005 -2.528e-009 -3.54802e-008 3.3186e-011 3.3186e-011
0.97 -1.91829e-005 -2.52798e-009 -3.54802e-008 4.95993e-011 4.95993e-011
0.98 -1.91737e-005 -2.528e-009 -3.54801e-008 8.37981e-011 8.37981e-011
0.99 -1.91675e-005 -2.52798e-009 -3.54802e-008 1.2096e-010 1.2096e-010
1 -1.91647e-005 -2.52798e-009 -3.54801e-008 1.46225e-010 1.46225e-010
1.01 -1.91651e-005 -2.52801e-009 -3.54802e-008 1.50546e-010 1.50546e-010
1.02 -1.91683e-005 -2.52793e-009 -3.54801e-008 1.33866e-010 1.33866e-010
1.03 -1.91732e-005 -2.52804e-009 -3.54802e-008 1.0445e-010 1.0445e-010
1.04 -1.91778e-005 -2.52795e-009 -3.54801e-008 7.49143e-011 7.49143e-011
1.05 -1.91807e-005 -2.52805e-009 -3.54802e-008 5.68622e-011 5.68622e-011
1.06 -1.91811e-005 -2.52793e-009 -3.54801e-008 5.6406e-011 5.6406e-011
1.07 -1.91791e-005 -2.52803e-009 -3.54802e-008 7.22337e-011 7.22337e-011
1.08 -1.9175e-005 -2.52794e-009 -3.54801e-008 9.67417e-011 9.67417e-011
1.09 -1.91694e-005 -2.528e-009 -3.54802e-008 1.19559e-010 1.19559e-010
1.1 -1.91636e-005 -2.52798e-009 -3.54801e-008 1.31896e-010 1.31896e-010
1.11 -1.91589e-005 -2.528e-009 -3.54802e-008 1.29888e-010 1.29888e-010
1.12 -1.9156e-005 -2.52799e-009 -3.54802e-008 1.15623e-010 1.15623e-010
1.13 -1.91552e-005 -2.52799e-009 -3.54802e-008 9.57424e-011 9.57424e-011
1.14 -1.91566e-005 -2.52799e-009 -3.54802e-008 7.84634e-011 7.84634e-011
1.15 -1.916e-005 -2.52799e-009 -3.54802e-008 7.03164e-011 7.03164e-011
1.16 -1.91645e-005 -2.52797e-009 -3.54801e-008 7.37568e-011 7.37568e-011
1.17 -1.91687e-005 -2.52801e-009 -3.54802e-008 8.65175e-011 8.65175e-011
1.18 -1.9171e-005 -2.52796e-009 -3.54801e-008 1.02875e-010 1.02875e-010
1.19 -1.91705e-005 -2.52802e-009 -3.54802e-008 1.16153e-010 1.16153e-010
1.2 -1.91674e-005 -2.52793e-009 -3.54801e-008 1.21353e-010 1.21353e-010
1.21 -1.91628e-005 -2.528e-009 -3.54802e-008 1.1696e-010 1.1696e-010
1.22 -1.91581e-005 -2.52796e-009 -3.54801e-008 1.0533e-010 1.0533e-010
1.23 -1.91551e-005 -2.52802e-009 -3.54802e-008 9.15339e-011 9.15339e-011
1.24 -1.91552e-005 -2.52798e-009 -3.54801e-008 8.1151e-011 8.1151e-011
1.25 -1.91589e-005 -2.528e-009 -3.54802e-008 7.80106e-011 7.80106e-011
1.26 -1.9166e-005 -2.52799e-009 -3.54802e-008 8.28139e-011 8.28139e-011
1.27 -1.91755e-005 -2.52799e-009 -3.54802e-008 9.31275e-011 9.31275e-011
1.28 -1.91858e-005 -2.52799e-009 -3.54802e-008 1.04594e-010 1.04594e-010
1.29 -1.91952e-005 -2.52799e-009 -3.54802e-008 1.12757e-010 1.12757e-010
1.3 -1.9202e-005 -2.52799e-009 -3.54802e-008 1.14762e-010 1.14762e-010
1.31 -1.92051e-005 -2.52799e-009 -3.54802e-008 1.10319e-010 1.10319e-010
1.32 -1.92037e-005 -2.52799e-009 -3.54802e-008 1.01595e-010 1.01595e-010
1.33 -1.91988e-005 -2.52799e-009 -3.54802e-008 9.2192e-011 9.2192e-011
1.34 -1.91919e-005 -2.52799e-009 -3.54802e-008 8.56742e-011 8.56742e-011
1.35 -1.9184e-005 -2.52799e-009 -3.54802e-008 8.42401e-011 8.42401e-011
1.36 -1.91757e-005 -2.52799e-009 -3.54801e-008 8.80203e-011 8.80203e-011
1.37 -1.9168e-005 -2.52799e-009 -3.54802e-008 9.52182e-011 9.52182e-011
1.38 -1.91619e-005 -2.52799e-009 -3.54801e-008 1.02901e-010 1.02901e-010
1.39 -1.91587e-005 -2.52799e-009 -3.54802e-008 1.0809e-010 1.0809e-010
1.4 -1.91589e-005 -2.52799e-009 -3.54801e-008 1.08912e-010 1.08912e-010
1.41 -1.91627e-005 -2.52799e-009 -3.54802e-008 1.05409e-010 1.05409e-010
1.42 -1.91688e-005 -2.52798e-009 -3.54801e-008 9.94264e-011 9.94264e-011
1.43 -1.91758e-005 -2.52799e-009 -3.54802e-008 9.36359e-011 9.36359e-011
1.44 -1.91825e-005 -2.52799e-009 -3.54802e-008 9.02589e-011 9.02589e-011
1.45 -1.91889e-005 -2.52799e-009 -3.54801e-008 9.0225e-011 9.0225e-011
1.46 -1.91959e-005 -2.52799e-009 -3.54802e-008 9.30979e-011 9.30979e-011
1.47 -1.92037e-005 -2.52799e-009 -3.54802e-008 9.74932e-011 9.74932e-011
1.48 -1.92122e-005 -2.52799e-009 -3.54802e-008 1.01653e-010 1.01653e-010
1.49 -1.92216e-005 -2.528e-009 -3.54801e-008 1.04055e-010 1.04055e-010
1.5 -1.92329e-005 -2.52807e-009 -3.54802e-008 1.03917e-010 1.03917e-010
1.51 -1.92467e-005 -2.52806e-009 -3.54801e-008 1.01412e-010 1.01412e-010
1.52 -1.92611e-005 -2.52821e-009 -3.54802e-008 9.75538e-011 9.75538e-011
1.53 -1.92733e-005 -2.52805e-009 -3.54801e-008 9.3885e-011 9.3885e-011
1.54 -1.92813e-005 -2.52798e-009 -3.54802e-008 9.196e-011 9.196e-011
1.55 -1.92833e-005 -2.528e-009 -3.54801e-008 9.26673e-011 9.26673e-011
1.56 -1.9278e-005 -2.528e-009 -3.54802e-008 9.57133e-011 9.57133e-011
1.57 -1.92651e-005 -2.52802e-009 -3.54798e-008 9.97486e-011 9.97486e-011
1.58 -1.9246e-005 -2.52798e-009 -3.54803e-008 1.03082e-010 1.03082e-010
1.59 -1.9224e-005 -2.5279e-009 -3.54801e-008 1.04431e-010 1.04431e-010
1.6 -1.92038e-005 -2.52803e-009 -3.54802e-008 1.03368e-010 1.03368e-010
1.61 -1.91894e-005 -2.52787e-009 -3.54802e-008 1.00429e-010 1.00429e-010
1.62 -1.91827e-005 -2.52797e-009 -3.54802e-008 9.6855e-011 9.6855e-011
1.63 -1.91833e-005 -2.52869e-009 -3.548e-008 9.39805e-011 9.39805e-011
1.64 -1.91887e-005 -2.52831e-009 -3.54801e-008 9.26241e-011 9.26241e-011
1.65 -1.91953e-005 -2.52808e-009 -3.54801e-008 9.29675e-011 9.29675e-011
1.66 -1.91985e-005 -2.52795e-009 -3.54802e-008 9.48794e-011 9.48794e-011
1.67 -1.91938e-005 -2.52745e-009 -3.54795e-008 9.80391e-011 9.80391e-011
1.68 -1.91783e-005 -2.52806e-009 -3.54803e-008 1.01637e-010 1.01637e-010
1.69 -1.9152e-005 -2.52794e-009 -3.54801e-008 1.04314e-010 1.04314e-010
1.7 -1.91183e-005 -2.52802e-009 -3.54802e-008 1.04778e-010 1.04778e-010
1.71 -1.90823e-005 -2.52777e-009 -3.54799e-008 1.02584e-010 1.02584e-010
1.72 -1.90491e-005 -2.52794e-009 -3.54801e-008 9.84106e-011 9.84106e-011
1.73 -1.90231e-005 -2.52801e-009 -3.54802e-008 9.37018e-011 9.37018e-011
1.74 -1.9008e-005 -2.52798e-009 -3.54801e-008 9.0071e-011 9.0071e-011
1.75 -1.90051e-005 -2.52793e-009 -3.54801e-008 8.88251e-011 8.88251e-011
1.76 -1.90129e-005 -2.52786e-009 -3.548e-008 9.05642e-011 9.05642e-011
1.77 -1.90283e-005 -2.52803e-009 -3.54801e-008 9.48807e-011 9.48807e-011
1.78 -1.9048e-005 -2.52808e-009 -3.54801e-008 1.00447e-010 1.00447e-010
1.79 -1.90687e-005 -2.52791e-009 -3.548e-008 1.05515e-010 1.05515e-010
1.8 -1.90872e-005 -2.52792e-009 -3.54801e-008 1.08459e-010 1.08459e-010
1.81 -1.91025e-005 -2.5281e-009 -3.54802e-008 1.08181e-010 1.08181e-010
1.82 -1.91153e-005 -2.528e-009 -3.54802e-008 1.04588e-010 1.04588e-010
1.83 -1.91276e-005 -2.52867e-009 -3.5481e-008 9.8937e-011 9.8937e-011
1.84 -1.91407e-005 -2.52836e-009 -3.54805e-008 9.34547e-011 9.34547e-011
1.85 -1.91552e-005 -2.52784e-009 -3.548e-008 9.03066e-011 9.03066e-011
1.86 -1.91712e-005 -2.52805e-009 -3.54802e-008 9.05369e-011 9.05369e-011
1.87 -1.91886e-005 -2.52796e-009 -3.54801e-008 9.3729e-011 9.3729e-011
1.88 -1.92048e-005 -2.528e-009 -3.54802e-008 9.84166e-011 9.84166e-011
1.89 -1.92159e-005 -2.52798e-009 -3.54802e-008 1.02731e-010 1.02731e-010
1.9 -1.92202e-005 -2.52799e-009 -3.54802e-008 1.05253e-010 1.05253e-010
1.91 -1.92194e-005 -2.52799e-009 -3.54802e-008 1.05601e-010 1.05601e-010
1.92 -1.92165e-005 -2.52799e-009 -3.54802e-008 1.04265e-010 1.04265e-010
1.93 -1.92152e-005 -2.52799e-009 -3.54802e-008 1.02043e-010 1.02043e-010
1.94 -1.92208e-005 -2.52799e-009 -3.54802e-008 9.9628e-011 9.9628e-011
1.95 -1.92387e-005 -2.53126e-009 -3.54842e-008 9.75307e-011 9.75307e-011
1.96 -1.92722e-005 -2.52667e-009 -3.54784e-008 9.61182e-011 9.61182e-011
1.97 -1.93208e-005 -2.52854e-009 -3.54809e-008 9.55581e-011 9.55581e-011
1.98 -1.93804e-005 -2.52779e-009 -3.54799e-008 9.58028e-011 9.58028e-011
1.99 -1.94451e-005 -2.52807e-009 -3.54803e-008 9.67538e-011 9.67538e-011
2 -1.95081e-005 -2.52811e-009 -3.54801e-008 9.8358e-011 9.8358e-011
2.01 -1.95622e-005 -2.52839e-009 -3.54801e-008 1.00458e-010 1.00458e-010
2.02 -1.96011e-005 -2.52787e-009 -3.54802e-008 1.02607e-010 1.02607e-010
2.03 -1.96209e-005 -2.52837e-009 -3.54799e-008 1.04152e-010 1.04152e-010
2.04 -1.96221e-005 -2.5291e-009 -3.54822e-008 1.045e-010 1.045e-010
2.05 -1.96083e-005 -2.52743e-009 -3.54793e-008 1.03336e-010 1.03336e-010
2.06 -1.95844e-005 -2.52713e-009 -3.54802e-008 1.00757e-010 1.00757e-010
2.07 -1.95562e-005 -2.52779e-009 -3.54795e-008 9.74369e-011 9.74369e-011
2.08 -1.953e-005 -2.52805e-009 -3.54804e-008 9.45943e-011 9.45943e-011
2.09 -1.95106e-005 -2.52795e-009 -3.548e-008 9.34906e-011 9.34906e-011
2.1 -1.94995e-005 -2.52794e-009 -3.54801e-008 9.46751e-011 9.46751e-011
2.11 -1.94954e-005 -2.52779e-009 -3.54801e-008 9.76697e-011 9.76697e-011
2.12 -1.94956e-005 -2.52806e-009 -3.54795e-008 1.01352e-010 1.01352e-010
2.13 -1.94974e-005 -2.52791e-009 -3.54804e-008 1.04563e-010 1.04563e-010
2.14 -1.94981e-005 -2.52803e-009 -3.548e-008 1.06432e-010 1.06432e-010
2.15 -1.94946e-005 -2.52798e-009 -3.54802e-008 1.06428e-010 1.06428e-010
2.16 -1.94841e-005 -2.528e-009 -3.54801e-008 1.0447e-010 1.0447e-010
2.17 -1.94649e-005 -2.52799e-009 -3.54802e-008 1.01081e-010 1.01081e-010
2.18 -1.94386e-005 -2.52799e-009 -3.54802e-008 9.73405e-011 9.73405e-011
2.19 -1.94087e-005 -2.52799e-009 -3.54802e-008 9.45065e-011 9.45065e-011
2.2 -1.93774e-005 -2.52794e-009 -3.54801e-008 9.34906e-011 9.34906e-011
2.21 -1.93447e-005 -2.52801e-009 -3.54802e-008 9.45077e-011 9.45077e-011
2.22 -1.93102e-005 -2.52798e-009 -3.54801e-008 9.7101e-011 9.7101e-011
2.23 -1.92747e-005 -2.52795e-009 -3.54801e-008 1.004e-010 1.004e-010
2.24 -1.92388e-005 -2.52792e-009 -3.54801e-008 1.03363e-010 1.03363e-010
2.25 -1.92027e-005 -2.52839e-009 -3.54807e-008 1.05019e-010 1.05019e-010
2.26 -1.91674e-005 -2.52751e-009 -3.54794e-008 1.04817e-010 1.04817e-010
2.27 -1.91341e-005 -2.5283e-009 -3.54808e-008 1.0292e-010 1.0292e-010
2.28 -1.91034e-005 -2.52765e-009 -3.54795e-008 1.00144e-010 1.00144e-010
2.29 -1.90753e-005 -2.5279e-009 -3.54803e-008 9.75671e-011 9.75671e-011
2.3 -1.90504e-005 -2.52796e-009 -3.54801e-008 9.60614e-011 9.60614e-011
2.31 -1.90294e-005 -2.52828e-009 -3.54802e-008 9.61067e-011 9.61067e-011
2.32 -1.90117e-005 -2.52835e-009 -3.54802e-008 9.77273e-011 9.77273e-011
2.33 -1.8996e-005 -2.52833e-009 -3.54802e-008 1.0033e-010 1.0033e-010
2.34 -1.89814e-005 -2.52837e-009 -3.54801e-008 1.02939e-010 1.02939e-010
2.35 -1.89674e-005 -2.52818e-009 -3.548e-008 1.048e-010 1.048e-010
2.36 -1.89541e-005 -2.52789e-009 -3.54802e-008 1.05508e-010 1.05508e-010
2.37 -1.89422e-005 -2.52805e-009 -3.54802e-008 1.04917e-010 1.04917e-010
2.38 -1.89333e-005 -2.52798e-009 -3.54801e-008 1.03357e-010 1.03357e-010
2.39 -1.89278e-005 -2.52771e-009 -3.54798e-008 1.01644e-010 1.01644e-010
2.4 -1.89249e-005 -2.52811e-009 -3.54803e-008 1.00598e-010 1.00598e-010
2.41 -1.89235e-005 -2.52795e-009 -3.54802e-008 1.00617e-010 1.00617e-010
2.42 -1.89219e-005 -2.52751e-009 -3.54796e-008 1.01692e-010 1.01692e-010
2.43 -1.8919e-005 -2.52775e-009 -3.54798e-008 1.03476e-010 1.03476e-010
2.44 -1.89163e-005 -2.5282e-009 -3.54802e-008 1.05234e-010 1.05234e-010
2.45 -1.89167e-005 -2.52781e-009 -3.54801e-008 1.06142e-010 1.06142e-010
2.46 -1.89222e-005 -2.52789e-009 -3.548e-008 1.05791e-010 1.05791e-010
2.47 -1.89336e-005 -2.52808e-009 -3.54791e-008 1.04384e-010 1.04384e-010
2.48 -1.89517e-005 -2.52795e-009 -3.54806e-008 1.02569e-010 1.02569e-010
2.49 -1.89783e-005 -2.52919e-009 -3.54798e-008 1.0113e-010 1.0113e-010
2.5 -1.90146e-005 -2.50075e-009 -3.54682e-008 1.00678e-010 1.00678e-010
2.51 -1.90611e-005 -2.51302e-009 -3.54726e-008 1.01391e-010 1.01391e-010
2.52 -1.91166e-005 -2.53473e-009 -3.54838e-008 1.02937e-010 1.02937e-010
2.53 -1.91789e-005 -2.52735e-009 -3.54812e-008 1.0464e-010 1.0464e-010
2.54 -1.9245e-005 -2.52825e-009 -3.54797e-008 1.05788e-010 1.05788e-010
2.55 -1.93115e-005 -2.5285e-009 -3.54798e-008 1.0597e-010 1.0597e-010
2.56 -1.93747e-005 -2.52886e-009 -3.54816e-008 1.05276e-010 1.05276e-010
2.57 -1.94324e-005 -2.52763e-009 -3.54796e-008 1.04162e-010 1.04162e-010
2.58 -1.94837e-005 -2.53095e-009 -3.54841e-008 1.03167e-010 1.03167e-010
2.59 -1.95288e-005 -2.52761e-009 -3.54785e-008 1.02722e-010 1.02722e-010
2.6 -1.95687e-005 -2.52739e-009 -3.54809e-008 1.03021e-010 1.03021e-010
2.61 -1.96045e-005 -2.53022e-009 -3.54809e-008 1.03923e-010 1.03923e-010
2.62 -1.96374e-005 -2.53159e-009 -3.54819e-008 1.04918e-010 1.04918e-010
2.63 -1.96679e-005 -2.52693e-009 -3.54791e-008 1.05379e-010 1.05379e-010
2.64 -1.96958e-005 -2.52852e-009 -3.54804e-008 1.0502e-010 1.0502e-010
2.65 -1.97212e-005 -2.52796e-009 -3.54802e-008 1.04123e-010 1.04123e-010
2.66 -1.97441e-005 -2.528e-009 -3.54801e-008 1.03239e-010 1.03239e-010
2.67 -1.97639e-005 -2.52801e-009 -3.54802e-008 1.02654e-010 1.02654e-010
2.68 -1.97795e-005 -2.528e-009 -3.54801e-008 1.02233e-010 1.02233e-010
2.69 -1.97895e-005 -2.52807e-009 -3.54804e-008 1.01803e-010 1.01803e-010
2.7 -1.97932e-005 -2.528e-009 -3.54804e-008 1.01576e-010 1.01576e-010
2.71 -1.97896e-005 -2.52938e-009 -3.54829e-008 1.0205e-010 1.0205e-010
2.72 -1.97773e-005 -2.52742e-009 -3.5479e-008 1.03445e-010 1.03445e-010
2.73 -1.97537e-005 -2.52822e-009 -3.54806e-008 1.05305e-010 1.05305e-010
2.74 -1.97176e-005 -2.5279e-009 -3.54799e-008 1.06711e-010 1.06711e-010
2.75 -1.96707e-005 -2.52802e-009 -3.54803e-008 1.06921e-010 1.06921e-010
2.76 -1.96154e-005 -2.5279e-009 -3.54799e-008 1.05871e-010 1.05871e-010
2.77 -1.95537e-005 -2.5281e-009 -3.54803e-008 1.04149e-010 1.04149e-010
2.78 -1.94881e-005 -2.52785e-009 -3.54801e-008 1.02531e-010 1.02531e-010
2.79 -1.94222e-005 -2.52799e-009 -3.548e-008 1.01501e-010 1.01501e-010
2.8 -1.93585e-005 -2.52798e-009 -3.54803e-008 1.01203e-010 1.01203e-010
2.81 -1.92978e-005 -2.52797e-009 -3.54801e-008 1.01697e-010 1.01697e-010
2.82 -1.92408e-005 -2.52795e-009 -3.54802e-008 1.02958e-010 1.02958e-010
2.83 -1.91879e-005 -2.52759e-009 -3.54798e-008 1.04599e-010 1.04599e-010
2.84 -1.91389e-005 -2.52774e-009 -3.54799e-008 1.0579e-010 1.0579e-010
2.85 -1.90931e-005 -2.52771e-009 -3.548e-008 1.05701e-010 1.05701e-010
2.86 -1.90494e-005 -2.52763e-009 -3.54799e-008 1.04101e-010 1.04101e-010
2.87 -1.90079e-005 -2.52796e-009 -3.54802e-008 1.01514e-010 1.01514e-010
2.88 -1.89689e-005 -2.52859e-009 -3.54798e-008 9.90038e-011 9.90038e-011
2.89 -1.89317e-005 -2.5291e-009 -3.54798e-008 9.79467e-011 9.79467e-011
2.9 -1.88955e-005 -2.52774e-009 -3.548e-008 9.93778e-011 9.93778e-011
2.91 -1.88605e-005 -2.52791e-009 -3.54802e-008 1.03144e-010 1.03144e-010
2.92 -1.88278e-005 -2.52788e-009 -3.54801e-008 1.07948e-010 1.07948e-010
2.93 -1.87992e-005 -2.5281e-009 -3.54801e-008 1.12054e-010 1.12054e-010
2.94 -1.87756e-005 -2.52803e-009 -3.54801e-008 1.13973e-010 1.13973e-010
2.95 -1.87576e-005 -2.52822e-009 -3.54801e-008 1.13023e-010 1.13023e-010
2.96 -1.87461e-005 -2.52818e-009 -3.548e-008 1.09596e-010 1.09596e-010
2.97 -1.87421e-005 -2.52812e-009 -3.54805e-008 1.04982e-010 1.04982e-010
2.98 -1.87468e-005 -2.52767e-009 -3.54797e-008 1.00817e-010 1.00817e-010
2.99 -1.87602e-005 -2.52806e-009 -3.54803e-008 9.84614e-011 9.84614e-011
3 -1.87808e-005 -2.52818e-009 -3.54798e-008 9.85081e-011 9.85081e-011
3.01 -1.8806e-005 -2.52791e-009 -3.54803e-008 1.00545e-010 1.00545e-010
3.02 -1.88324e-005 -2.52927e-009 -3.54777e-008 1.03497e-010 1.03497e-010
3.03 -1.8857e-005 -2.52742e-009 -3.54808e-008 1.06346e-010 1.06346e-010
3.04 -1.88773e-005 -2.52879e-009 -3.54778e-008 1.08499e-010 1.08499e-010
3.05 -1.88935e-005 -2.52793e-009 -3.54807e-008 1.097e-010 1.097e-010
3.06 -1.89078e-005 -2.52807e-009 -3.54782e-008 1.09872e-010 1.09872e-010
3.07 -1.89229e-005 -2.52865e-009 -3.54807e-008 1.09077e-010 1.09077e-010
3.08 -1.89399e-005 -2.52776e-009 -3.54792e-008 1.07625e-010 1.07625e-010
3.09 -1.89607e-005 -2.52937e-009 -3.54797e-008 1.06069e-010 1.06069e-010
3.1 -1.89881e-005 -2.52826e-009 -3.54811e-008 1.04856e-010 1.04856e-010
3.11 -1.90243e-005 -2.52772e-009 -3.548e-008 1.04093e-010 1.04093e-010
3.12 -1.90681e-005 -2.52875e-009 -3.54797e-008 1.03639e-010 1.03639e-010
3.13 -1.91147e-005 -2.5279e-009 -3.54807e-008 1.03326e-010 1.03326e-010
3.14 -1.91587e-005 -2.52929e-009 -3.54752e-008 1.03227e-010 1.03227e-010
3.15 -1.91972e-005 -2.52835e-009 -3.54808e-008 1.03691e-010 1.03691e-010
3.16 -1.92301e-005 -2.52852e-009 -3.54802e-008 1.04999e-010 1.04999e-010
3.17 -1.92595e-005 -2.5343e-009 -3.54861e-008 1.06904e-010 1.06904e-010
3.18 -1.92892e-005 -2.52957e-009 -3.54823e-008 1.08569e-010 1.08569e-010
3.19 -1.93221e-005 -2.52608e-009 -3.54819e-008 1.09014e-010 1.09014e-010
3.2 -1.93595e-005 -2.53239e-009 -3.54814e-008 1.07693e-010 1.07693e-010
3.21 -1.94013e-005 -2.52846e-009 -3.54793e-008 1.04866e-010 1.04866e-010
3.22 -1.94472e-005 -2.5279e-009 -3.54797e-008 1.01577e-010 1.01577e-010
3.23 -1.94956e-005 -2.53181e-009 -3.54854e-008 9.91492e-011 9.91492e-011
3.24 -1.95432e-005 -2.52889e-009 -3.54821e-008 9.85046e-011 9.85046e-011
3.25 -1.95862e-005 -2.52762e-009 -3.54793e-008 9.97613e-011 9.97613e-011
3.26 -1.96215e-005 -2.53117e-009 -3.54847e-008 1.02288e-010 1.02288e-010
3.27 -1.96477e-005 -2.52668e-009 -3.54783e-008 1.0508e-010 1.0508e-010
3.28 -1.96643e-005 -2.52816e-009 -3.54807e-008 1.07221e-010 1.07221e-010
3.29 -1.96724e-005 -2.53013e-009 -3.54832e-008 1.08282e-010 1.08282e-010
3.3 -1.96743e-005 -2.5295e-009 -3.54837e-008 1.08482e-010 1.08482e-010
3.31 -1.9672e-005 -2.52736e-009 -3.54788e-008 1.08325e-010 1.08325e-010
3.32 -1.96656e-005 -2.52824e-009 -3.54808e-008 1.0798e-010 1.0798e-010
3.33 -1.96539e-005 -2.52789e-009 -3.54799e-008 1.07106e-010 1.07106e-010
3.34 -1.96368e-005 -2.52969e-009 -3.54836e-008 1.05159e-010 1.05159e-010
3.35 -1.96152e-005 -2.52759e-009 -3.54793e-008 1.01967e-010 1.01967e-010
3.36 -1.95889e-005 -2.52813e-009 -3.54806e-008 9.82367e-011 9.82367e-011
3.37 -1.95568e-005 -2.52793e-009 -3.548e-008 9.5052e-011 9.5052e-011
3.38 -1.95174e-005 -2.52798e-009 -3.54803e-008 9.32699e-011 9.32699e-011
3.39 -1.94691e-005 -2.52791e-009 -3.54802e-008 9.37539e-011 9.37539e-011
3.4 -1.94118e-005 -2.53065e-009 -3.54857e-008 9.72209e-011 9.72209e-011
3.41 -1.93479e-005 -2.52963e-009 -3.54858e-008 1.03425e-010 1.03425e-010
3.42 -1.92819e-005 -2.52872e-009 -3.54812e-008 1.1075e-010 1.1075e-010
3.43 -1.92178e-005 -2.52678e-009 -3.54771e-008 1.16658e-010 1.16658e-010
3.44 -1.91585e-005 -2.52857e-009 -3.54811e-008 1.18691e-010 1.18691e-010
3.45 -1.91059e-005 -2.52787e-009 -3.54793e-008 1.15584e-010 1.15584e-010
3.46 -1.90614e-005 -2.52795e-009 -3.54804e-008 1.07955e-010 1.07955e-010
3.47 -1.90258e-005 -2.52758e-009 -3.54794e-008 9.83572e-011 9.83572e-011
3.48 -1.89984e-005 -2.52763e-009 -3.54797e-008 9.05094e-011 9.05094e-011
3.49 -1.89769e-005 -2.52803e-009 -3.54799e-008 8.74618e-011 8.74618e-011
3.5 -1.89585e-005 -2.52812e-009 -3.54798e-008 8.99397e-011 8.99397e-011
3.51 -1.89418e-005 -2.52803e-009 -3.548e-008 9.65329e-011 9.65329e-011
3.52 -1.89259e-005 -2.52765e-009 -3.54798e-008 1.04937e-010 1.04937e-010
3.53 -1.89094e-005 -2.52811e-009 -3.54803e-008 1.1247e-010 1.1247e-010
3.54 -1.88923e-005 -2.52794e-009 -3.548e-008 1.16511e-010 1.16511e-010
3.55 -1.88771e-005 -2.52821e-009 -3.548e-008 1.15789e-010 1.15789e-010
3.56 -1.88684e-005 -2.5279e-009 -3.54802e-008 1.11276e-010 1.11276e-010
3.57 -1.88712e-005 -2.52973e-009 -3.54775e-008 1.05448e-010 1.05448e-010
3.58 -1.88883e-005 -2.51731e-009 -3.55144e-008 1.00681e-010 1.00681e-010
3.59 -1.89196e-005 -2.52281e-009 -3.54985e-008 9.82338e-011 9.82338e-011
3.6 -1.8961e-005 -2.53051e-009 -3.54718e-008 9.82436e-011 9.82436e-011
3.61 -1.90067e-005 -2.52695e-009 -3.54836e-008 1.00114e-010 1.00114e-010
3.62 -1.90515e-005 -2.52898e-009 -3.54756e-008 1.02782e-010 1.02782e-010
3.63 -1.90924e-005 -2.52741e-009 -3.54822e-008 1.05134e-010 1.05134e-010
3.64 -1.91274e-005 -2.52806e-009 -3.54789e-008 1.06587e-010 1.06587e-010
3.65 -1.91547e-005 -2.52756e-009 -3.54781e-008 1.0725e-010 1.0725e-010
3.66 -1.91739e-005 -2.52836e-009 -3.54813e-008 1.07501e-010 1.07501e-010
3.67 -1.91867e-005 -2.52821e-009 -3.548e-008 1.07533e-010 1.07533e-010
3.68 -1.91973e-005 -2.52902e-009 -3.54803e-008 1.0739e-010 1.0739e-010
3.69 -1.92104e-005 -2.52744e-009 -3.54805e-008 1.07138e-010 1.07138e-010
3.7 -1.92309e-005 -2.52826e-009 -3.548e-008 1.06764e-010 1.06764e-010
3.71 -1.92627e-005 -2.52789e-009 -3.54801e-008 1.06076e-010 1.06076e-010
3.72 -1.93067e-005 -2.52975e-009 -3.54797e-008 1.05039e-010 1.05039e-010
3.73 -1.93604e-005 -2.52876e-009 -3.54808e-008 1.04134e-010 1.04134e-010
3.74 -1.94186e-005 -2.52884e-009 -3.54782e-008 1.04135e-010 1.04135e-010
3.75 -1.94753e-005 -2.5285e-009 -3.54797e-008 1.05461e-010 1.05461e-010
3.76 -1.95255e-005 -2.52778e-009 -3.54803e-008 1.07771e-010 1.07771e-010
3.77 -1.95658e-005 -2.52815e-009 -3.54802e-008 1.10072e-010 1.10072e-010
3.78 -1.95938e-005 -2.53703e-009 -3.54928e-008 1.11207e-010 1.11207e-010
3.79 -1.96095e-005 -2.53015e-009 -3.54832e-008 1.10445e-010 1.10445e-010
3.8 -1.9615e-005 -2.52713e-009 -3.54791e-008 1.07819e-010 1.07819e-010
3.81 -1.9613e-005 -2.52835e-009 -3.54806e-008 1.04145e-010 1.04145e-010
3.82 -1.96057e-005 -2.52961e-009 -3.54825e-008 1.00755e-010 1.00755e-010
3.83 -1.95939e-005 -2.52732e-009 -3.54792e-008 9.88978e-011 9.88978e-011
3.84 -1.95777e-005 -2.52826e-009 -3.54806e-008 9.9206e-011 9.9206e-011
3.85 -1.95586e-005 -2.52788e-009 -3.54801e-008 1.01371e-010 1.01371e-010
3.86 -1.95385e-005 -2.53007e-009 -3.54842e-008 1.04285e-010 1.04285e-010
3.87 -1.95178e-005 -2.5272e-009 -3.54787e-008 1.06892e-010 1.06892e-010
3.88 -1.94954e-005 -2.52828e-009 -3.54809e-008 1.0879e-010 1.0879e-010
3.89 -1.94713e-005 -2.52781e-009 -3.548e-008 1.09864e-010 1.09864e-010
3.9 -1.94475e-005 -2.52908e-009 -3.54825e-008 1.09824e-010 1.09824e-010
3.91 -1.94276e-005 -2.52449e-009 -3.54735e-008 1.0849e-010 1.0849e-010
3.92 -1.94157e-005 -2.52981e-009 -3.54838e-008 1.06187e-010 1.06187e-010
3.93 -1.94137e-005 -2.52958e-009 -3.54864e-008 1.0358e-010 1.0358e-010
3.94 -1.94201e-005 -2.52735e-009 -3.54777e-008 1.01194e-010 1.01194e-010
3.95 -1.94305e-005 -2.52824e-009 -3.54812e-008 9.92079e-011 9.92079e-011
3.96 -1.94388e-005 -2.52788e-009 -3.54797e-008 9.7815e-011 9.7815e-011
3.97 -1.94381e-005 -2.52805e-009 -3.54805e-008 9.74903e-011 9.74903e-011
3.98 -1.94215e-005 -2.528e-009 -3.548e-008 9.85979e-011 9.85979e-011
3.99 -1.93832e-005 -2.52715e-009 -3.54788e-008 1.00965e-010 1.00965e-010
4 -1.93208e-005 -2.52815e-009 -3.54805e-008 1.04061e-010 1.04061e-010
4.01 -1.92383e-005 -2.52737e-009 -3.54794e-008 1.07338e-010 1.07338e-010
4.02 -1.9144e-005 -2.52771e-009 -3.54797e-008 1.10119e-010 1.10119e-010
4.03 -1.90494e-005 -2.52803e-009 -3.54801e-008 1.11449e-010 1.11449e-010
4.04 -1.89677e-005 -2.52816e-009 -3.54797e-008 1.1054e-010 1.1054e-010
4.05 -1.89114e-005 -2.52809e-009 -3.54799e-008 1.07483e-010 1.07483e-010
4.06 -1.88875e-005 -2.5279e-009 -3.54802e-008 1.03376e-010 1.03376e-010
4.07 -1.88955e-005 -2.52871e-009 -3.5479e-008 9.97624e-011 9.97624e-011
4.08 -1.89291e-005 -2.52769e-009 -3.54791e-008 9.80046e-011 9.80046e-011
4.09 -1.8978e-005 -2.52787e-009 -3.54794e-008 9.88922e-011 9.88922e-011
4.1 -1.90284e-005 -2.52808e-009 -3.54801e-008 1.02258e-010 1.02258e-010
4.11 -1.90667e-005 -2.52794e-009 -3.54781e-008 1.06752e-010 1.06752e-010
4.12 -1.90832e-005 -2.52763e-009 -3.5479e-008 1.10248e-010 1.10248e-010
4.13 -1.90729e-005 -2.52797e-009 -3.548e-008 1.10916e-010 1.10916e-010
4.14 -1.90366e-005 -2.52758e-009 -3.54783e-008 1.08267e-010 1.08267e-010
4.15 -1.89828e-005 -2.52808e-009 -3.54807e-008 1.03514e-010 1.03514e-010
4.16 -1.89247e-005 -2.52771e-009 -3.54787e-008 9.90003e-011 9.90003e-011
4.17 -1.88768e-005 -2.52772e-009 -3.54802e-008 9.6995e-011 9.6995e-011
4.18 -1.88516e-005 -2.52835e-009 -3.54803e-008 9.86572e-011 9.86572e-011
4.19 -1.88557e-005 -2.52817e-009 -3.54803e-008 1.03698e-010 1.03698e-010
4.2 -1.88889e-005 -2.52792e-009 -3.54801e-008 1.10524e-010 1.10524e-010
4.21 -1.89452e-005 -2.52799e-009 -3.54806e-008 1.16682e-010 1.16682e-010
4.22 -1.90141e-005 -2.52732e-009 -3.54778e-008 1.1966e-010 1.1966e-010
4.23 -1.9083e-005 -2.52827e-009 -3.54811e-008 1.17956e-010 1.17956e-010
4.24 -1.91401e-005 -2.52752e-009 -3.54791e-008 1.11897e-010 1.11897e-010
4.25 -1.91754e-005 -2.52819e-009 -3.54806e-008 1.03593e-010 1.03593e-010
4.26 -1.91823e-005 -2.52787e-009 -3.54799e-008 9.60066e-011 9.60066e-011
4.27 -1.91607e-005 -2.52783e-009 -3.54798e-008 9.16771e-011 9.16771e-011
4.28 -1.91165e-005 -2.52808e-009 -3.54804e-008 9.18819e-011 9.18819e-011
4.29 -1.90592e-005 -2.52797e-009 -3.54801e-008 9.6363e-011 9.6363e-011
4.3 -1.90008e-005 -2.528e-009 -3.54802e-008 1.03477e-010 1.03477e-010
4.31 -1.89547e-005 -2.52799e-009 -3.54801e-008 1.10772e-010 1.10772e-010
4.32 -1.89315e-005 -2.528e-009 -3.54802e-008 1.15864e-010 1.15864e-010
4.33 -1.89362e-005 -2.528e-009 -3.54801e-008 1.1729e-010 1.1729e-010
4.34 -1.89671e-005 -2.52799e-009 -3.54802e-008 1.14911e-010 1.14911e-010
4.35 -1.90169e-005 -2.52799e-009 -3.54802e-008 1.09923e-010 1.09923e-010
4.36 -1.90746e-005 -2.52799e-009 -3.54802e-008 1.04358e-010 1.04358e-010
4.37 -1.9129e-005 -2.52794e-009 -3.54802e-008 1.00116e-010 1.00116e-010
4.38 -1.91718e-005 -2.52794e-009 -3.54801e-008 9.82557e-011 9.82557e-011
4.39 -1.9198e-005 -2.52799e-009 -3.54802e-008 9.88694e-011 9.88694e-011
4.4 -1.92076e-005 -2.5279e-009 -3.54802e-008 1.01218e-010 1.01218e-010
4.41 -1.92035e-005 -2.53e-009 -3.54829e-008 1.04017e-010 1.04017e-010
4.42 -1.91912e-005 -2.52872e-009 -3.54807e-008 1.05831e-010 1.05831e-010
4.43 -1.91774e-005 -2.52875e-009 -3.54814e-008 1.05657e-010 1.05657e-010
4.44 -1.91668e-005 -2.53099e-009 -3.54842e-008 1.03619e-010 1.03619e-010
4.45 -1.91608e-005 -2.52765e-009 -3.54803e-008 1.01052e-010 1.01052e-010
4.46 -1.91597e-005 -2.53073e-009 -3.54853e-008 9.97654e-011 9.97654e-011
4.47 -1.91636e-005 -2.52931e-009 -3.54831e-008 1.01024e-010 1.01024e-010
4.48 -1.91712e-005 -2.52736e-009 -3.54789e-008 1.04772e-010 1.04772e-010
4.49 -1.91797e-005 -2.52805e-009 -3.54805e-008 1.09537e-010 1.09537e-010
4.5 -1.91859e-005 -2.52772e-009 -3.548e-008 1.13167e-010 1.13167e-010
4.51 -1.91884e-005 -2.52789e-009 -3.54802e-008 1.13854e-010 1.13854e-010
4.52 -1.91861e-005 -2.5282e-009 -3.54802e-008 1.10808e-010 1.10808e-010
4.53 -1.91793e-005 -2.528e-009 -3.548e-008 1.04614e-010 1.04614e-010
4.54 -1.91689e-005 -2.52828e-009 -3.54798e-008 9.73e-011 9.73e-011
4.55 -1.91551e-005 -2.52783e-009 -3.54794e-008 9.17127e-011 9.17127e-011
4.56 -1.91384e-005 -2.52794e-009 -3.54804e-008 9.01464e-011 9.01464e-011
4.57 -1.91206e-005 -2.52848e-009 -3.54803e-008 9.3202e-011 9.3202e-011
4.58 -1.91032e-005 -2.52737e-009 -3.54785e-008 9.97053e-011 9.97053e-011
4.59 -1.9086e-005 -2.52833e-009 -3.548e-008 1.07422e-010 1.07422e-010
4.6 -1.90675e-005 -2.52786e-009 -3.54802e-008 1.13903e-010 1.13903e-010
4.61 -1.90475e-005 -2.52808e-009 -3.54789e-008 1.17263e-010 1.17263e-010
4.62 -1.90283e-005 -2.52413e-009 -3.55172e-008 1.16906e-010 1.16906e-010
4.63 -1.90127e-005 -2.5259e-009 -3.55014e-008 1.13649e-010 1.13649e-010
4.64 -1.90006e-005 -2.5304e-009 -3.5486e-008 1.08941e-010 1.08941e-010
4.65 -1.89902e-005 -2.52863e-009 -3.54941e-008 1.04014e-010 1.04014e-010
4.66 -1.89812e-005 -2.52808e-009 -3.54807e-008 9.97352e-011 9.97352e-011
4.67 -1.89754e-005 -2.52845e-009 -3.54848e-008 9.69997e-011 9.69997e-011
4.68 -1.89746e-005 -2.5278e-009 -3.54783e-008 9.67218e-011 9.67218e-011
4.69 -1.89789e-005 -2.52801e-009 -3.54809e-008 9.9171e-011 9.9171e-011
4.7 -1.89864e-005 -2.5275e-009 -3.54791e-008 1.03502e-010 1.03502e-010
4.71 -1.89945e-005 -2.52828e-009 -3.54807e-008 1.081e-010 1.081e-010
4.72 -1.90009e-005 -2.52804e-009 -3.54801e-008 1.11425e-010 1.11425e-010
4.73 -1.90064e-005 -2.52798e-009 -3.54802e-008 1.12646e-010 1.12646e-010
4.74 -1.90125e-005 -2.52796e-009 -3.548e-008 1.11717e-010 1.11717e-010
4.75 -1.90201e-005 -2.52802e-009 -3.54803e-008 1.09156e-010 1.09156e-010
4.76 -1.90283e-005 -2.52797e-009 -3.54802e-008 1.05876e-010 1.05876e-010
4.77 -1.90355e-005 -2.528e-009 -3.54802e-008 1.02982e-010 1.02982e-010
4.78 -1.90397e-005 -2.52797e-009 -3.54802e-008 1.01388e-010 1.01388e-010
4.79 -1.90416e-005 -2.52797e-009 -3.54802e-008 1.01472e-010 1.01472e-010
4.8 -1.90433e-005 -2.52798e-009 -3.54802e-008 1.03028e-010 1.03028e-010
4.81 -1.90469e-005 -2.52797e-009 -3.54802e-008 1.05324e-010 1.05324e-010
4.82 -1.90547e-005 -2.52793e-009 -3.54802e-008 1.0722e-010 1.0722e-010
4.83 -1.90685e-005 -2.52798e-009 -3.54801e-008 1.07649e-010 1.07649e-010
4.84 -1.90861e-005 -2.52968e-009 -3.54826e-008 1.06276e-010 1.06276e-010
4.85 -1.91017e-005 -2.52726e-009 -3.54792e-008 1.03736e-010 1.03736e-010
4.86 -1.91137e-005 -2.52822e-009 -3.54806e-008 1.01256e-010 1.01256e-010
4.87 -1.91265e-005 -2.52786e-009 -3.548e-008 1.00004e-010 1.00004e-010
4.88 -1.91449e-005 -2.52798e-009 -3.54801e-008 1.0052e-010 1.0052e-010
4.89 -1.9169e-005 -2.53174e-009 -3.54862e-008 1.02459e-010 1.02459e-010
4.9 -1.91959e-005 -2.5237e-009 -3.54704e-008 1.04843e-010 1.04843e-010
4.91 -1.92243e-005 -2.52338e-009 -3.54716e-008 1.06711e-010 1.06711e-010
4.92 -1.92552e-005 -2.52989e-009 -3.54837e-008 1.07529e-010 1.07529e-010
4.93 -1.92898e-005 -2.52961e-009 -3.54824e-008 1.07114e-010 1.07114e-010
4.94 -1.93286e-005 -2.52739e-009 -3.54783e-008 1.0563e-010 1.0563e-010
4.95 -1.93726e-005 -2.53134e-009 -3.54875e-008 1.03824e-010 1.03824e-010
4.96 -1.9422e-005 -2.52627e-009 -3.54757e-008 1.02818e-010 1.02818e-010
4.97 -1.94742e-005 -2.5265e-009 -3.54744e-008 1.0323e-010 1.0323e-010
4.98 -1.95258e-005 -2.5288e-009 -3.54829e-008 1.04551e-010 1.04551e-010
4.99 -1.95762e-005 -2.52769e-009 -3.54791e-008 1.05583e-010 1.05583e-010
5 -1.9628e-005 -2.52848e-009 -3.54803e-008 1.05337e-010 1.05337e-010
5.01 -1.96816e-005 -2.52779e-009 -3.54801e-008 1.03493e-010 1.03493e-010
5.02 -1.97345e-005 -2.5302e-009 -3.54826e-008 1.00564e-010 1.00564e-010
5.03 -1.97825e-005 -2.52757e-009 -3.54806e-008 9.80134e-011 9.80134e-011
5.04 -1.98214e-005 -2.52621e-009 -3.54769e-008 9.77042e-011 9.77042e-011
5.05 -1.98489e-005 -2.52889e-009 -3.54812e-008 1.00555e-010 1.00555e-010
5.06 -1.98668e-005 -2.52734e-009 -3.54789e-008 1.05695e-010 1.05695e-010
5.07 -1.98801e-005 -2.52796e-009 -3.54801e-008 1.11028e-010 1.11028e-010
5.08 -1.98929e-005 -2.52817e-009 -3.54794e-008 1.14387e-010 1.14387e-010
5.09 -1.99074e-005 -2.52784e-009 -3.54807e-008 1.14342e-010 1.14342e-010
5.1 -1.99253e-005 -2.52787e-009 -3.54798e-008 1.10767e-010 1.10767e-010
5.11 -1.99472e-005 -2.52803e-009 -3.54803e-008 1.05089e-010 1.05089e-010
5.12 -1.99693e-005 -2.52745e-009 -3.54799e-008 9.97124e-011 9.97124e-011
5.13 -1.99861e-005 -2.52736e-009 -3.54799e-008 9.68324e-011 9.68324e-011
5.14 -1.99946e-005 -2.5275e-009 -3.54799e-008 9.75369e-011 9.75369e-011
5.15 -1.99937e-005 -2.52817e-009 -3.54802e-008 1.01535e-010 1.01535e-010
5.16 -1.99818e-005 -2.52792e-009 -3.54801e-008 1.07184e-010 1.07184e-010
5.17 -1.9959e-005 -2.52802e-009 -3.54802e-008 1.11869e-010 1.11869e-010
5.18 -1.99291e-005 -2.52795e-009 -3.54801e-008 1.13151e-010 1.13151e-010
5.19 -1.98977e-005 -2.52801e-009 -3.54802e-008 1.10223e-010 1.10223e-010
5.2 -1.98672e-005 -2.52807e-009 -3.54803e-008 1.04437e-010 1.04437e-010
5.21 -1.98349e-005 -2.52795e-009 -3.54801e-008 9.85495e-011 9.85495e-011
5.22 -1.97953e-005 -2.52802e-009 -3.54802e-008 9.55078e-011 9.55078e-011
5.23 -1.97407e-005 -2.52799e-009 -3.54801e-008 9.72665e-011 9.72665e-011
5.24 -1.96627e-005 -2.52779e-009 -3.54798e-008 1.03589e-010 1.03589e-010
5.25 -1.95553e-005 -2.52734e-009 -3.54789e-008 1.11607e-010 1.11607e-010
5.26 -1.94167e-005 -2.52681e-009 -3.54787e-008 1.17075e-010 1.17075e-010
5.27 -1.9248e-005 -2.52592e-009 -3.54775e-008 1.16692e-010 1.16692e-010
5.28 -1.90544e-005 -2.52685e-009 -3.54791e-008 1.09845e-010 1.09845e-010
5.29 -1.88463e-005 -2.52806e-009 -3.54796e-008 9.88618e-011 9.88618e-011
5.3 -1.86367e-005 -2.52804e-009 -3.54796e-008 8.78935e-011 8.78935e-011
5.31 -1.84362e-005 -2.52802e-009 -3.54788e-008 8.11983e-011 8.11983e-011
5.32 -1.82526e-005 -2.52846e-009 -3.54791e-008 8.16008e-011 8.16008e-011
5.33 -1.80904e-005 -2.52545e-009 -3.54716e-008 8.9316e-011 8.9316e-011
5.34 -1.79488e-005 -2.51768e-009 -3.54619e-008 1.01625e-010 1.01625e-010
5.35 -1.78214e-005 -2.53665e-009 -3.54857e-008 1.13771e-010 1.13771e-010
5.36 -1.76975e-005 -2.55808e-009 -3.55145e-008 1.20597e-010 1.20597e-010
5.37 -1.75698e-005 -2.50805e-009 -3.54644e-008 1.18407e-010 1.18407e-010
5.38 -1.74383e-005 -2.53337e-009 -3.54876e-008 1.06621e-010 1.06621e-010
5.39 -1.73098e-005 -2.52603e-009 -3.54766e-008 8.83903e-011 8.83903e-011
5.4 -1.71896e-005 -2.52615e-009 -3.54792e-008 6.94725e-011 6.94725e-011
5.41 -1.70815e-005 -2.52879e-009 -3.54795e-008 5.5724e-011 5.5724e-011
5.42 -1.69929e-005 -2.52801e-009 -3.54795e-008 5.11168e-011 5.11168e-011
5.43 -1.69362e-005 -2.52797e-009 -3.548e-008 5.68836e-011 5.68836e-011
5.44 -1.69246e-005 -2.52708e-009 -3.54791e-008 7.09954e-011 7.09954e-011
5.45 -1.69656e-005 -2.52741e-009 -3.54786e-008 8.88035e-011 8.88035e-011
5.46 -1.70567e-005 -2.52825e-009 -3.54803e-008 1.0474e-010 1.0474e-010
5.47 -1.71897e-005 -2.52785e-009 -3.54801e-008 1.1411e-010 1.1411e-010
5.48 -1.73548e-005 -2.52816e-009 -3.54802e-008 1.14474e-010 1.14474e-010
5.49 -1.75409e-005 -2.52817e-009 -3.54803e-008 1.06179e-010 1.06179e-010
5.5 -1.77388e-005 -2.52825e-009 -3.54803e-008 9.21977e-011 9.21977e-011
5.51 -1.7945e-005 -2.52811e-009 -3.54803e-008 7.72047e-011 7.72047e-011
5.52 -1.81591e-005 -2.52936e-009 -3.54814e-008 6.59171e-011 6.59171e-011
5.53 -1.83816e-005 -2.52919e-009 -3.54818e-008 6.12985e-011 6.12985e-011
5.54 -1.86158e-005 -2.53171e-009 -3.5483e-008 6.35445e-011 6.35445e-011
5.55 -1.88679e-005 -2.5383e-009 -3.54889e-008 7.06563e-011 7.06563e-011
5.56 -1.91449e-005 -2.56652e-009 -3.55258e-008 7.97825e-011 7.97825e-011
5.57 -1.94514e-005 -2.44649e-009 -3.54101e-008 8.78799e-011 8.78799e-011
5.58 -1.97892e-005 -2.47317e-009 -3.54339e-008 9.27077e-011 9.27077e-011
5.59 -2.01511e-005 -2.48694e-009 -3.54126e-008 9.39277e-011 9.39277e-011
5.6 -2.0527e-005 -2.4192e-009 -3.52409e-008 9.2295e-011 9.2295e-011
5.61 -2.09078e-005 -2.513e-009 -3.54143e-008 8.87444e-011 8.87444e-011
5.62 -2.12807e-005 -2.52453e-009 -3.54814e-008 8.43956e-011 8.43956e-011
5.63 -2.16307e-005 -2.53484e-009 -3.54921e-008 8.0553e-011 8.0553e-011
5.64 -2.19422e-005 -2.52852e-009 -3.55519e-008 7.81522e-011 7.81522e-011
5.65 -2.22026e-005 -2.50837e-009 -3.5509e-008 7.71546e-011 7.71546e-011
5.66 -2.24076e-005 -2.49539e-009 -3.55276e-008 7.74737e-011 7.74737e-011
5.67 -2.25585e-005 -2.4902e-009 -3.55029e-008 7.94791e-011 7.94791e-011
5.68 -2.26594e-005 -2.49026e-009 -3.54981e-008 8.304e-011 8.304e-011
5.69 -2.27129e-005 -2.48361e-009 -3.54918e-008 8.70148e-011 8.70148e-011
5.7 -2.27212e-005 -2.48004e-009 -3.55109e-008 8.99299e-011 8.99299e-011
5.71 -2.26869e-005 -2.49548e-009 -3.54854e-008 9.10575e-011 9.10575e-011
5.72 -2.26123e-005 -2.5045e-009 -3.55108e-008 9.05723e-011 9.05723e-011
5.73 -2.24955e-005 -2.48146e-009 -3.5495e-008 8.90464e-011 8.90464e-011
5.74 -2.23274e-005 -2.48409e-009 -3.54885e-008 8.71668e-011 8.71668e-011
5.75 -2.20961e-005 -2.48281e-009 -3.54918e-008 8.54843e-011 8.54843e-011
5.76 -2.1791e-005 -2.4834e-009 -3.54902e-008 8.41843e-011 8.41843e-011
5.77 -2.14079e-005 -2.48311e-009 -3.5491e-008 8.32543e-011 8.32543e-011
5.78 -2.0951e-005 -2.48324e-009 -3.54908e-008 8.27993e-011 8.27993e-011
5.79 -2.04343e-005 -2.48342e-009 -3.54904e-008 8.30571e-011 8.30571e-011
5.8 -1.98837e-005 -2.48423e-009 -3.54896e-008 8.40226e-011 8.40226e-011
5.81 -1.9332e-005 -2.48397e-009 -3.54862e-008 8.53002e-011 8.53002e-011
5.82 -1.88079e-005 -2.47696e-009 -3.54799e-008 8.62758e-011 8.62758e-011
5.83 -1.83282e-005 -2.47512e-009 -3.54811e-008 8.6186e-011 8.6186e-011
5.84 -1.78984e-005 -2.48022e-009 -3.54926e-008 8.52745e-011 8.52745e-011
5.85 -1.75175e-005 -2.30318e-009 -3.53123e-008 8.56055e-011 8.56055e-011
5.86 -1.71766e-005 -2.66201e-009 -3.57173e-008 8.89001e-011 8.89001e-011
5.87 -1.68634e-005 -2.68546e-009 -3.56534e-008 9.46519e-011 9.46519e-011
5.88 -1.65627e-005 -2.39447e-009 -3.54618e-008 9.97481e-011 9.97481e-011
5.89 -1.62621e-005 -2.50858e-009 -3.55381e-008 9.96952e-011 9.96952e-011
5.9 -1.5959e-005 -2.44936e-009 -3.55101e-008 9.22058e-011 9.22058e-011
5.91 -1.56576e-005 -2.5181e-009 -3.55212e-008 7.84611e-011 7.84611e-011
5.92 -1.53718e-005 -2.46603e-009 -3.54857e-008 6.19184e-011 6.19184e-011
5.93 -1.51168e-005 -2.49864e-009 -3.55093e-008 4.74403e-011 4.74403e-011
5.94 -1.49073e-005 -2.49568e-009 -3.5502e-008 3.95934e-011 3.95934e-011
5.95 -1.47557e-005 -2.48521e-009 -3.55026e-008 4.03327e-011 4.03327e-011
5.96 -1.46723e-005 -2.47105e-009 -3.54394e-008 4.83044e-011 4.83044e-011
5.97 -1.46632e-005 -2.46762e-009 -3.54486e-008 5.98157e-011 5.98157e-011
5.98 -1.47286e-005 -2.49257e-009 -3.55143e-008 6.99341e-011 6.99341e-011
5.99 -1.48647e-005 -2.48789e-009 -3.54843e-008 7.39517e-011 7.39517e-011
6 -1.50712e-005 -2.48553e-009 -3.54987e-008 6.94964e-011 6.94964e-011
6.01 -1.53549e-005 -2.49111e-009 -3.54841e-008 5.80628e-011 5.80628e-011
6.02 -1.57251e-005 -2.48367e-009 -3.54883e-008 4.42681e-011 4.42681e-011
6.03 -1.61887e-005 -2.48737e-009 -3.54892e-008 3.29876e-011 3.29876e-011
6.04 -1.67481e-005 -2.48861e-009 -3.54955e-008 2.6871e-011 2.6871e-011
6.05 -1.73995e-005 -2.36424e-009 -3.56284e-008 2.55096e-011 2.55096e-011
6.06 -1.81336e-005 -2.50475e-009 -3.55508e-008 2.70606e-011 2.70606e-011
6.07 -1.89321e-005 -2.64069e-009 -3.54995e-008 2.99815e-011 2.99815e-011
6.08 -1.97668e-005 -2.57808e-009 -3.55372e-008 3.24273e-011 3.24273e-011
6.09 -2.06041e-005 -2.7461e-009 -3.5599e-008 3.36916e-011 3.36916e-011
6.1 -2.14177e-005 -2.59038e-009 -3.55406e-008 3.6256e-011 3.6256e-011
6.11 -2.21788e-005 -2.54479e-009 -3.55445e-008 4.30079e-011 4.30079e-011
6.12 -2.28607e-005 -2.55733e-009 -3.55176e-008 5.28528e-011 5.28528e-011
6.13 -2.34487e-005 -2.60556e-009 -3.56771e-008 6.12184e-011 6.12184e-011
6.14 -2.39293e-005 -2.54306e-009 -3.55439e-008 6.32375e-011 6.32375e-011
6.15 -2.42927e-005 -2.53409e-009 -3.55292e-008 5.59438e-011 5.59438e-011
6.16 -2.45264e-005 -2.5372e-009 -3.54959e-008 4.04178e-011 4.04178e-011
6.17 -2.46209e-005 -2.56645e-009 -3.5549e-008 2.09458e-011 2.09458e-011
6.18 -2.4568e-005 -2.54737e-009 -3.55235e-008 2.87032e-012 2.87032e-012
6.19 -2.43624e-005 -2.49645e-009 -3.53873e-008 -8.01989e-012 -8.01989e-012
6.2 -2.40053e-005 -2.48012e-009 -3.53842e-008 -7.20895e-012 -7.20895e-012
6.21 -2.35037e-005 -2.49259e-009 -3.54824e-008 5.44446e-012 5.44446e-012
6.22 -2.28675e-005 -2.49341e-009 -3.55011e-008 2.45286e-011 2.45286e-011
6.23 -2.21108e-005 -2.49394e-009 -3.54811e-008 4.1715e-011 4.1715e-011
6.24 -2.12553e-005 -2.4918e-009 -3.55072e-008 4.99685e-011 4.99685e-011
6.25 -2.03307e-005 -2.45032e-009 -3.55777e-008 4.69055e-011 4.69055e-011
6.26 -1.93773e-005 -1.90564e-009 -3.60773e-008 3.49745e-011 3.49745e-011
6.27 -1.8435e-005 -2.50146e-009 -3.50979e-008 1.98753e-011 1.98753e-011
6.28 -1.75508e-005 -2.39744e-009 -3.53815e-008 9.57672e-012 9.57672e-012
6.29 -1.67552e-005 -2.65382e-009 -3.5593e-008 1.0557e-011 1.0557e-011
6.3 -1.60603e-005 -2.43771e-009 -3.54767e-008 2.2671e-011 2.2671e-011
6.31 -1.54612e-005 -2.38134e-009 -3.56069e-008 3.9672e-011 3.9672e-011
6.32 -1.4957e-005 -2.26138e-009 -3.56123e-008 5.50337e-011 5.50337e-011
6.33 -1.45537e-005 -2.42118e-009 -3.54728e-008 6.44375e-011 6.44375e-011
6.34 -1.42639e-005 -2.49394e-009 -3.54937e-008 6.49716e-011 6.49716e-011
6.35 -1.41035e-005 -2.46001e-009 -3.55291e-008 5.75186e-011 5.75186e-011
6.36 -1.40867e-005 -2.39538e-009 -3.54987e-008 4.76595e-011 4.76595e-011
6.37 -1.42199e-005 -2.4687e-009 -3.5479e-008 4.11687e-011 4.11687e-011
6.38 -1.44908e-005 -2.50201e-009 -3.55006e-008 4.00989e-011 4.00989e-011
6.39 -1.48837e-005 -2.48712e-009 -3.54923e-008 4.38954e-011 4.38954e-011
6.4 -1.53883e-005 -2.49375e-009 -3.54949e-008 5.2081e-011 5.2081e-011
6.41 -1.5989e-005 -2.49256e-009 -3.5494e-008 6.35306e-011 6.35306e-011
6.42 -1.66537e-005 -2.49317e-009 -3.5494e-008 7.4323e-011 7.4323e-011
6.43 -1.73395e-005 -2.49093e-009 -3.54936e-008 7.89098e-011 7.89098e-011
6.44 -1.80035e-005 -2.48525e-009 -3.54845e-008 7.37246e-011 7.37246e-011
6.45 -1.86081e-005 -2.58587e-009 -3.54785e-008 5.92746e-011 5.92746e-011
6.46 -1.91254e-005 -2.58e-009 -3.54258e-008 3.93199e-011 3.93199e-011
6.47 -1.95397e-005 -2.3875e-009 -3.58964e-008 1.98206e-011 1.98206e-011
6.48 -1.98577e-005 -2.24205e-009 -3.58679e-008 7.09774e-012 7.09774e-012
6.49 -2.00986e-005 -2.45193e-009 -3.52622e-008 5.47306e-012 5.47306e-012
6.5 -2.02858e-005 -2.42992e-009 -3.5514e-008 1.67456e-011 1.67456e-011
6.51 -2.04466e-005 -2.51405e-009 -3.54793e-008 3.742e-011 3.742e-011
6.52 -2.06088e-005 -2.48945e-009 -3.55139e-008 5.78399e-011 5.78399e-011
6.53 -2.08041e-005 -2.48619e-009 -3.54971e-008 7.15583e-011 7.15583e-011
6.54 -2.10622e-005 -2.49225e-009 -3.54949e-008 8.00808e-011 8.00808e-011
6.55 -2.13989e-005 -2.48368e-009 -3.54918e-008 8.34135e-011 8.34135e-011
6.56 -2.18097e-005 -2.49055e-009 -3.55003e-008 7.79583e-011 7.79583e-011
6.57 -2.22704e-005 -2.4926e-009 -3.5489e-008 6.47378e-011 6.47378e-011
6.58 -2.27397e-005 -2.50433e-009 -3.54961e-008 5.01356e-011 5.01356e-011
6.59 -2.31699e-005 -2.55372e-009 -3.54535e-008 3.96034e-011 3.96034e-011
6.6 -2.35164e-005 -2.48806e-009 -3.55014e-008 3.51021e-011 3.51021e-011
6.61 -2.37425e-005 -2.51542e-009 -3.54717e-008 3.71687e-011 3.71687e-011
6.62 -2.38323e-005 -2.4999e-009 -3.55174e-008 4.56066e-011 4.56066e-011
6.63 -2.37893e-005 -2.47588e-009 -3.55029e-008 5.77336e-011 5.77336e-011
6.64 -2.36353e-005 -2.49929e-009 -3.54878e-008 6.79001e-011 6.79001e-011
6.65 -2.34059e-005 -2.48154e-009 -3.5472e-008 7.12075e-011 7.12075e-011
6.66 -2.31413e-005 -2.49898e-009 -3.55042e-008 6.75094e-011 6.75094e-011
6.67 -2.2878e-005 -2.4928e-009 -3.54925e-008 6.07194e-011 6.07194e-011
6.68 -2.26379e-005 -2.4942e-009 -3.54938e-008 5.50506e-011 5.50506e-011
6.69 -2.24196e-005 -2.49641e-009 -3.55109e-008 5.26847e-011 5.26847e-011
6.7 -2.21983e-005 -2.49298e-009 -3.54884e-008 5.40597e-011 5.40597e-011
6.71 -2.19331e-005 -2.49403e-009 -3.5504e-008 5.84925e-011 5.84925e-011
6.72 -2.15795e-005 -2.49311e-009 -3.5491e-008 6.43183e-011 6.43183e-011
6.73 -2.11011e-005 -2.49513e-009 -3.54956e-008 6.83342e-011 6.83342e-011
6.74 -2.04765e-005 -2.48962e-009 -3.55045e-008 6.63979e-011 6.63979e-011
6.75 -1.97083e-005 -2.43729e-009 -3.55075e-008 5.71907e-011 5.71907e-011
6.76 -1.88284e-005 -1.42592e-009 -3.62277e-008 4.12923e-011 4.12923e-011
6.77 -1.7868e-005 -3.62679e-009 -3.42869e-008 2.18602e-011 2.18602e-011
6.78 -1.6893e-005 -2.55698e-009 -3.59249e-008 9.72077e-012 9.72077e-012
6.79 -1.596e-005 -2.28939e-009 -3.53007e-008 1.39512e-011 1.39512e-011
6.8 -1.51169e-005 -2.39399e-009 -3.58945e-008 3.44172e-011 3.44172e-011
6.81 -1.44171e-005 -2.23011e-009 -3.55633e-008 6.9427e-011 6.9427e-011
6.82 -1.38884e-005 -2.36865e-009 -3.5511e-008 1.1582e-010 1.1582e-010
6.83 -1.35354e-005 -2.41016e-009 -3.55084e-008 1.62548e-010 1.62548e-010
6.84 -1.33548e-005 -2.48814e-009 -3.55386e-008 1.95385e-010 1.95385e-010
6.85 -1.3337e-005 -2.47534e-009 -3.54949e-008 2.08317e-010 2.08317e-010
6.86 -1.34635e-005 -2.49395e-009 -3.54923e-008 2.03341e-010 2.03341e-010
6.87 -1.37116e-005 -2.37471e-009 -3.54983e-008 1.83934e-010 1.83934e-010
6.88 -1.4063e-005 -2.43502e-009 -3.55151e-008 1.56992e-010 1.56992e-010
6.89 -1.45007e-005 -2.5188e-009 -3.54943e-008 1.3311e-010 1.3311e-010
6.9 -1.50142e-005 -2.48077e-009 -3.54992e-008 1.21209e-010 1.21209e-010
6.91 -1.55961e-005 -2.4968e-009 -3.54962e-008 1.23305e-010 1.23305e-010
6.92 -1.62348e-005 -2.49242e-009 -3.55052e-008 1.34002e-010 1.34002e-010
6.93 -1.69255e-005 -2.49789e-009 -3.55099e-008 1.48072e-010 1.48072e-010
6.94 -1.76735e-005 -2.4659e-009 -3.54137e-008 1.62376e-010 1.62376e-010
6.95 -1.84906e-005 -2.55963e-009 -3.55803e-008 1.70825e-010 1.70825e-010
6.96 -1.93798e-005 -2.59635e-009 -3.55354e-008 1.65841e-010 1.65841e-010
6.97 -2.0334e-005 -2.74922e-009 -3.53284e-008 1.45456e-010 1.45456e-010
6.98 -2.13384e-005 -2.74769e-009 -3.5072e-008 1.17659e-010 1.17659e-010
6.99 -2.23693e-005 -2.52479e-009 -3.54402e-008 9.38796e-011 9.38796e-011
7 -2.34065e-005 -2.66834e-009 -3.56144e-008 7.49621e-011 7.49621e-011
7.01 -2.44023e-005 -2.31639e-009 -3.57998e-008 5.66979e-011 5.66979e-011
7.02 -2.52962e-005 -2.82767e-009 -3.56904e-008 4.51083e-011 4.51083e-011
7.03 -2.60357e-005 -2.6028e-009 -3.55866e-008 4.64805e-011 4.64805e-011
7.04 -2.65771e-005 -2.59972e-009 -3.54679e-008 5.59131e-011 5.59131e-011
7.05 -2.69137e-005 -2.60448e-009 -3.54556e-008 6.59954e-011 6.59954e-011
7.06 -2.70555e-005 -2.67879e-009 -3.53446e-008 7.54762e-011 7.54762e-011
7.07 -2.70235e-005 -2.72462e-009 -3.52717e-008 8.46189e-011 8.46189e-011
7.08 -2.68482e-005 -4.29953e-009 -3.46819e-008 9.057e-011 9.057e-011
7.09 -2.6552e-005 -3.18388e-009 -3.51426e-008 9.15536e-011 9.15536e-011
7.1 -2.61746e-005 -3.4462e-009 -3.45409e-008 9.09819e-011 9.09819e-011
7.11 -2.57367e-005 -3.30444e-009 -3.49514e-008 9.87005e-011 9.87005e-011
7.12 -2.52447e-005 -2.86487e-009 -3.52557e-008 1.22637e-010 1.22637e-010
7.13 -2.47007e-005 -2.95488e-009 -3.51501e-008 1.58008e-010 1.58008e-010
7.14 -2.40973e-005 -3.00899e-009 -3.4921e-008 1.93758e-010 1.93758e-010
7.15 -2.34293e-005 -2.7503e-009 -3.50964e-008 2.2379e-010 2.2379e-010
7.16 -2.27008e-005 -2.59019e-009 -3.53386e-008 2.44259e-010 2.44259e-010
7.17 -2.19214e-005 -2.48012e-009 -3.5496e-008 2.4912e-010 2.4912e-010
7.18 -2.11096e-005 -2.51192e-009 -3.55078e-008 2.35222e-010 2.35222e-010
7.19 -2.02858e-005 -2.47003e-009 -3.54488e-008 2.07435e-010 2.07435e-010
7.2 -1.94684e-005 -2.46151e-009 -3.54198e-008 1.75096e-010 1.75096e-010
7.21 -1.86685e-005 -2.36394e-009 -3.53288e-008 1.46018e-010 1.46018e-010
7.22 -1.78825e-005 -2.40699e-009 -3.54047e-008 1.24495e-010 1.24495e-010
7.23 -1.70889e-005 -3.04525e-009 -3.61183e-008 1.11448e-010 1.11448e-010
7.24 -1.62664e-005 -3.09331e-009 -3.61347e-008 1.06761e-010 1.06761e-010
7.25 -1.53931e-005 -3.12027e-009 -3.59375e-008 1.07897e-010 1.07897e-010
7.26 -1.44608e-005 -3.26127e-009 -3.59128e-008 1.09157e-010 1.09157e-010
7.27 -1.34841e-005 -1.82735e-009 -3.57277e-008 1.07825e-010 1.07825e-010
7.28 -1.24835e-005 -2.92597e-009 -3.46565e-008 1.02054e-010 1.02054e-010
7.29 -1.1508e-005 -3.25225e-009 -3.46658e-008 8.8083e-011 8.8083e-011
7.3 -1.06218e-005 -2.11726e-009 -3.54961e-008 6.67373e-011 6.67373e-011
7.31 -9.88169e-006 -2.28347e-009 -3.50308e-008 4.19703e-011 4.19703e-011
7.32 -9.34371e-006 -1.8463e-009 -3.50982e-008 1.29347e-011 1.29347e-011
7.33 -9.02645e-006 -1.00774e-009 -3.49717e-008 -2.25649e-011 -2.25649e-011
7.34 -8.94003e-006 8.79754e-010 -3.75433e-008 -4.53608e-011 -4.53608e-011
7.35 -9.0915e-006 -1.30105e-009 -3.68125e-008 -8.10648e-012 -8.10648e-012
7.36 -9.48409e-006 -4.7342e-010 -3.61894e-008 1.04997e-010 1.04997e-010
7.37 -1.00858e-005 -1.52235e-009 -3.56823e-008 2.43825e-010 2.43825e-010
7.38 -1.08738e-005 -1.8493e-009 -3.59748e-008 3.6555e-010 3.6555e-010
7.39 -1.18196e-005 -1.80824e-009 -3.58914e-008 4.70176e-010 4.70176e-010
7.4 -1.28953e-005 -2.15593e-009 -3.58795e-008 5.42654e-010 5.42654e-010
7.41 -1.40822e-005 -2.48766e-009 -3.56177e-008 5.41311e-010 5.41311e-010
7.42 -1.535e-005 -2.52813e-009 -3.55605e-008 4.56254e-010 4.56254e-010
7.43 -1.66706e-005 -2.55589e-009 -3.5628e-008 3.33993e-010 3.33993e-010
7.44 -1.80263e-005 -2.34263e-009 -3.51199e-008 2.36005e-010 2.36005e-010
7.45 -1.942e-005 -2.35392e-009 -3.52056e-008 1.95871e-010 1.95871e-010
7.46 -2.08507e-005 -2.55724e-009 -3.56596e-008 2.14685e-010 2.14685e-010
7.47 -2.23151e-005 -2.39802e-009 -3.5426e-008 2.70572e-010 2.70572e-010
7.48 -2.37947e-005 -2.41624e-009 -3.55225e-008 3.25105e-010 3.25105e-010
7.49 -2.52548e-005 -3.00607e-009 -3.58928e-008 3.35393e-010 3.35393e-010
7.5 -2.66527e-005 -2.78097e-009 -3.57432e-008 2.75494e-010 2.75494e-010
7.51 -2.79508e-005 -4.62515e-009 -3.73528e-008 1.46297e-010 1.46297e-010
7.52 -2.90945e-005 -4.14978e-009 -3.62745e-008 -3.65422e-011 -3.65422e-011
7.53 -3.00334e-005 -4.97502e-009 -3.82604e-008 -2.40473e-010 -2.40473e-010
7.54 -3.07081e-005 -4.00225e-009 -3.6932e-008 -4.13581e-010 -4.13581e-010
7.55 -3.11037e-005 -3.07005e-009 -3.55522e-008 -5.17047e-010 -5.17047e-010
7.56 -3.12314e-005 -2.67925e-009 -3.58094e-008 -5.43202e-010 -5.43202e-010
7.57 -3.11517e-005 -2.88388e-009 -3.59071e-008 -5.09501e-010 -5.09501e-010
7.58 -3.09188e-005 -3.26187e-009 -3.56984e-008 -4.49482e-010 -4.49482e-010
7.59 -3.05725e-005 -2.7217e-009 -3.57611e-008 -3.93317e-010 -3.93317e-010
7.6 -3.01444e-005 -5.11335e-009 -3.78313e-008 -3.60919e-010 -3.60919e-010
7.61 -2.96201e-005 -4.20665e-009 -3.62704e-008 -3.63432e-010 -3.63432e-010
7.62 -2.90127e-005 -2.29951e-009 -3.51281e-008 -3.92262e-010 -3.92262e-010
7.63 -2.83164e-005 -2.56447e-009 -3.54129e-008 -4.17004e-010 -4.17004e-010
7.64 -2.7497e-005 -2.48739e-009 -3.5172e-008 -4.07017e-010 -4.07017e-010
7.65 -2.65223e-005 -2.5219e-009 -3.53026e-008 -3.51598e-010 -3.51598e-010
7.66 -2.53626e-005 -2.46087e-009 -3.54241e-008 -2.60028e-010 -2.60028e-010
7.67 -2.40081e-005 -2.42712e-009 -3.54617e-008 -1.51673e-010 -1.51673e-010
7.68 -2.24762e-005 -2.44062e-009 -3.53607e-008 -4.8987e-011 -4.8987e-011
7.69 -2.08168e-005 -2.37963e-009 -3.52633e-008 2.6513e-011 2.6513e-011
7.7 -1.91017e-005 -2.61202e-009 -3.57295e-008 6.24967e-011 6.24967e-011
7.71 -1.73742e-005 -3.27662e-009 -3.6697e-008 6.07238e-011 6.07238e-011
7.72 -1.56738e-005 -3.08606e-009 -3.59251e-008 3.05924e-011 3.05924e-011
7.73 -1.40574e-005 -3.40519e-009 -3.6303e-008 -1.90236e-011 -1.90236e-011
7.74 -1.25473e-005 -2.63582e-009 -3.54045e-008 -7.61483e-011 -7.61483e-011
7.75 -1.11609e-005 -1.72493e-009 -3.47217e-008 -1.27963e-010 -1.27963e-010
7.76 -9.89892e-006 -2.4695e-011 -3.20315e-008 -1.94251e-010 -1.94251e-010
7.77 -8.76487e-006 4.93473e-009 -2.46853e-008 -3.31716e-010 -3.31716e-010
7.78 -7.72515e-006 4.33777e-009 -2.77776e-008 -5.64173e-010 -5.64173e-010
7.79 -6.81459e-006 1.02554e-009 -2.98053e-008 -8.4342e-010 -8.4342e-010
7.8 -6.05434e-006 -1.11532e-009 -3.32447e-008 -1.09364e-009 -1.09364e-009
7.81 -5.49594e-006 -4.49483e-010 -3.56713e-008 -1.2625e-009 -1.2625e-009
7.82 -5.14935e-006 -2.94261e-009 -3.40055e-008 -1.32625e-009 -1.32625e-009
7.83 -5.05886e-006 -4.98923e-010 -3.21261e-008 -1.26863e-009 -1.26863e-009
7.84 -5.19452e-006 -1.47501e-009 -3.5653e-008 -1.09757e-009 -1.09757e-009
7.85 -5.55373e-006 -2.59435e-009 -3.53475e-008 -8.68224e-010 -8.68224e-010
7.86 -6.10509e-006 -2.33037e-009 -3.52798e-008 -6.5719e-010 -6.5719e-010
7.87 -6.79902e-006 -2.46909e-009 -3.54517e-008 -5.24567e-010 -5.24567e-010
7.88 -7.59053e-006 -2.55354e-009 -3.519e-008 -4.8883e-010 -4.8883e-010
7.89 -8.44983e-006 -2.29107e-009 -3.57108e-008 -5.26475e-010 -5.26475e-010
7.9 -9.36534e-006 -2.50719e-009 -3.53576e-008 -5.89147e-010 -5.89147e-010
7.91 -1.03529e-005 -2.40979e-009 -3.55024e-008 -6.17017e-010 -6.17017e-010
7.92 -1.14414e-005 -2.40979e-009 -3.57415e-008 -5.64021e-010 -5.64021e-010
7.93 -1.26638e-005 -2.43673e-009 -3.53873e-008 -4.24425e-010 -4.24425e-010
7.94 -1.40451e-005 -2.44786e-009 -3.5628e-008 -2.30194e-010 -2.30194e-010
7.95 -1.55927e-005 -2.25469e-009 -3.48095e-008 -2.97395e-011 -2.97395e-011
7.96 -1.73058e-005 -1.60995e-009 -3.39163e-008 1.28529e-010 1.28529e-010
7.97 -1.91384e-005 6.82875e-010 -3.20131e-008 2.14026e-010 2.14026e-010
7.98 -2.10273e-005 -1.49391e-009 -3.49928e-008 2.20526e-010 2.20526e-010
7.99 -2.29489e-005 -1.7943e-009 -3.49842e-008 1.45765e-010 1.45765e-010
8 -2.48252e-005 -2.27002e-009 -3.56676e-008 -8.38726e-013 -8.38726e-013
8.01 -2.65966e-005 -2.35595e-009 -3.5566e-008 -1.78908e-010 -1.78908e-010
8.02 -2.82235e-005 -2.66887e-009 -3.57604e-008 -3.50422e-010 -3.50422e-010
8.03 -2.96993e-005 -4.31914e-009 -3.85869e-008 -5.19949e-010 -5.19949e-010
8.04 -3.10243e-005 -9.27087e-009 -4.56216e-008 -7.20026e-010 -7.20026e-010
8.05 -3.21524e-005 -9.16746e-009 -4.15485e-008 -9.52664e-010 -9.52664e-010
8.06 -3.31052e-005 -8.92336e-009 -4.05068e-008 -1.18065e-009 -1.18065e-009
8.07 -3.38619e-005 -7.16144e-009 -3.77457e-008 -1.37303e-009 -1.37303e-009
8.08 -3.44304e-005 -4.88447e-009 -3.65334e-008 -1.50853e-009 -1.50853e-009
8.09 -3.48063e-005 -4.23023e-009 -3.53357e-008 -1.56017e-009 -1.56017e-009
8.1 -3.49909e-005 -4.39431e-009 -3.5594e-008 -1.50154e-009 -1.50154e-009
8.11 -3.49742e-005 -3.2925e-009 -3.67582e-008 -1.3398e-009 -1.3398e-009
8.12 -3.47532e-005 -5.17246e-009 -3.70333e-008 -1.13309e-009 -1.13309e-009
8.13 -3.43027e-005 -3.47061e-009 -3.57075e-008 -9.45721e-010 -9.45721e-010
8.14 -3.3636e-005 -2.97777e-009 -3.5323e-008 -8.16574e-010 -8.16574e-010
8.15 -3.27415e-005 -3.07171e-009 -3.5295e-008 -7.66996e-010 -7.66996e-010
8.16 -3.16232e-005 -2.54645e-009 -3.54689e-008 -7.94614e-010 -7.94614e-010
8.17 -3.0297e-005 -2.51998e-009 -3.53949e-008 -8.60795e-010 -8.60795e-010
8.18 -2.87771e-005 -2.4896e-009 -3.54117e-008 -9.05745e-010 -9.05745e-010
8.19 -2.7091e-005 -2.49114e-009 -3.5456e-008 -8.83624e-010 -8.83624e-010
8.2 -2.52685e-005 -2.46347e-009 -3.5704e-008 -7.83686e-010 -7.83686e-010
8.21 -2.33525e-005 -2.45977e-009 -3.47502e-008 -6.23789e-010 -6.23789e-010
8.22 -2.1383e-005 -2.4166e-009 -3.52359e-008 -4.40587e-010 -4.40587e-010
8.23 -1.94265e-005 -1.25899e-009 -3.36241e-008 -2.86529e-010 -2.86529e-010
8.24 -1.75154e-005 -3.51186e-009 -3.6897e-008 -2.0653e-010 -2.0653e-010
8.25 -1.56231e-005 -4.92574e-009 -3.73973e-008 -2.29431e-010 -2.29431e-010
8.26 -1.38636e-005 -2.57027e-009 -3.49886e-008 -3.68984e-010 -3.68984e-010
8.27 -1.22395e-005 -2.36875e-009 -3.51967e-008 -5.92382e-010 -5.92382e-010
8.28 -1.0759e-005 -4.00411e-009 -3.53711e-008 -8.33143e-010 -8.33143e-010
8.29 -9.44107e-006 -2.46912e-009 -3.53483e-008 -1.03974e-009 -1.03974e-009
8.3 -8.27467e-006 -2.51519e-009 -3.44849e-008 -1.18433e-009 -1.18433e-009
8.31 -7.2601e-006 -2.24734e-009 -3.17692e-008 -1.25113e-009 -1.25113e-009
8.32 -6.42962e-006 2.46002e-009 -2.50059e-008 -1.25361e-009 -1.25361e-009
8.33 -5.7429e-006 3.73953e-009 -2.73394e-008 -1.23988e-009 -1.23988e-009
8.34 -5.21469e-006 -2.86338e-010 -3.28479e-008 -1.24824e-009 -1.24824e-009
8.35 -4.85461e-006 -2.03475e-009 -3.48341e-008 -1.28788e-009 -1.28788e-009
8.36 -4.68119e-006 -2.45004e-009 -3.53299e-008 -1.35338e-009 -1.35338e-009
8.37 -4.73036e-006 1.67121e-009 -2.8004e-008 -1.42636e-009 -1.42636e-009
8.38 -4.97999e-006 -6.19069e-010 -3.21779e-008 -1.47244e-009 -1.47244e-009
8.39 -5.46383e-006 -3.26562e-009 -3.67575e-008 -1.45675e-009 -1.45675e-009
8.4 -6.19373e-006 -2.1744e-009 -3.48711e-008 -1.36861e-009 -1.36861e-009
8.41 -7.13772e-006 -2.62428e-009 -3.56481e-008 -1.23042e-009 -1.23042e-009
8.42 -8.28646e-006 -2.58694e-009 -3.5255e-008 -1.08092e-009 -1.08092e-009
8.43 -9.60759e-006 -2.56188e-009 -3.54344e-008 -9.51331e-010 -9.51331e-010
8.44 -1.10645e-005 -2.4039e-009 -3.54392e-008 -8.58806e-010 -8.58806e-010
8.45 -1.2625e-005 -2.69545e-009 -3.53823e-008 -8.0671e-010 -8.0671e-010
8.46 -1.42576e-005 -2.36256e-009 -3.5423e-008 -7.77825e-010 -7.77825e-010
8.47 -1.59278e-005 -2.91379e-009 -3.55507e-008 -7.3732e-010 -7.3732e-010
8.48 -1.7616e-005 -3.76288e-009 -3.57712e-008 -6.56442e-010 -6.56442e-010
8.49 -1.93284e-005 -4.52693e-009 -3.72749e-008 -5.41992e-010 -5.41992e-010
8.5 -2.10159e-005 -9.0361e-010 -3.27372e-008 -4.29703e-010 -4.29703e-010
8.51 -2.26534e-005 -2.10394e-009 -3.41091e-008 -3.53815e-010 -3.53815e-010
8.52 -2.43343e-005 -2.41573e-009 -3.52314e-008 -3.53141e-010 -3.53141e-010
8.53 -2.59896e-005 -2.56908e-009 -3.52422e-008 -4.57935e-010 -4.57935e-010
8.54 -2.75998e-005 -2.46392e-009 -3.52821e-008 -6.48662e-010 -6.48662e-010
8.55 -2.91277e-005 -2.52318e-009 -3.52951e-008 -8.71533e-010 -8.71533e-010
8.56 -3.05426e-005 -2.55424e-009 -3.49093e-008 -1.07955e-009 -1.07955e-009
8.57 -3.18072e-005 -2.49932e-009 -3.54716e-008 -1.23275e-009 -1.23275e-009
8.58 -3.28856e-005 -2.45374e-009 -3.55289e-008 -1.29256e-009 -1.29256e-009
8.59 -3.3751e-005 -2.47198e-009 -3.55009e-008 -1.25967e-009 -1.25967e-009
8.6 -3.43824e-005 -2.48428e-009 -3.54464e-008 -1.19026e-009 -1.19026e-009
8.61 -3.47868e-005 -3.47624e-009 -3.73178e-008 -1.14574e-009 -1.14574e-009
8.62 -3.49748e-005 -6.77842e-009 -4.18062e-008 -1.15845e-009 -1.15845e-009
8.63 -3.49543e-005 -2.5326e-009 -3.49691e-008 -1.23295e-009 -1.23295e-009
8.64 -3.48057e-005 -2.5715e-009 -3.56948e-008 -1.34127e-009 -1.34127e-009
8.65 -3.45365e-005 -4.02436e-009 -3.69841e-008 -1.43863e-009 -1.43863e-009
8.66 -3.41693e-005 -3.7355e-009 -3.74416e-008 -1.49025e-009 -1.49025e-009
8.67 -3.37119e-005 -2.09236e-009 -3.50461e-008 -1.4747e-009 -1.4747e-009
8.68 -3.31747e-005 -2.65833e-009 -3.55806e-008 -1.38594e-009 -1.38594e-009
8.69 -3.25282e-005 -2.42644e-009 -3.53578e-008 -1.24496e-009 -1.24496e-009
8.7 -3.17507e-005 -2.53034e-009 -3.54346e-008 -1.09455e-009 -1.09455e-009
8.71 -3.08187e-005 -2.48892e-009 -3.53991e-008 -9.73996e-010 -9.73996e-010
8.72 -2.97161e-005 -2.50266e-009 -3.54174e-008 -9.00618e-010 -9.00618e-010
8.73 -2.84313e-005 -2.49336e-009 -3.54174e-008 -8.68428e-010 -8.68428e-010
8.74 -2.69644e-005 -2.49063e-009 -3.54336e-008 -8.57026e-010 -8.57026e-010
8.75 -2.53325e-005 -2.50999e-009 -3.53709e-008 -8.40181e-010 -8.40181e-010
8.76 -2.35753e-005 -2.53397e-009 -3.53053e-008 -7.91918e-010 -7.91918e-010
8.77 -2.17498e-005 -2.48714e-009 -3.54064e-008 -6.96416e-010 -6.96416e-010
8.78 -1.99084e-005 -2.5875e-009 -3.48541e-008 -5.65327e-010 -5.65327e-010
8.79 -1.81344e-005 2.33844e-009 -2.82105e-008 -4.42307e-010 -4.42307e-010
8.8 -1.63702e-005 -6.29893e-009 -3.84518e-008 -3.69635e-010 -3.69635e-010
8.81 -1.45794e-005 -4.34603e-009 -3.52389e-008 -3.82152e-010 -3.82152e-010
8.82 -1.29376e-005 -2.19021e-009 -3.57382e-008 -5.07035e-010 -5.07035e-010
8.83 -1.13172e-005 -2.46285e-009 -3.50487e-008 -7.15762e-010 -7.15762e-010
8.84 -9.75399e-006 -2.9256e-009 -3.51481e-008 -9.39093e-010 -9.39093e-010
8.85 -8.27139e-006 -2.49862e-009 -3.52803e-008 -1.12422e-009 -1.12422e-009
8.86 -6.9195e-006 -1.38426e-009 -3.48981e-008 -1.24046e-009 -1.24046e-009
8.87 -5.76776e-006 2.76575e-009 -3.37862e-008 -1.26255e-009 -1.26255e-009
8.88 -4.86208e-006 1.75026e-009 -3.3043e-008 -1.1817e-009 -1.1817e-009
8.89 -4.2684e-006 -9.36638e-010 -3.52257e-008 -1.03871e-009 -1.03871e-009
8.9 -4.00502e-006 -1.82493e-009 -3.50156e-008 -9.15344e-010 -9.15344e-010
8.91 -4.0544e-006 -2.32742e-009 -3.54253e-008 -8.71125e-010 -8.71125e-010
8.92 -4.40586e-006 -1.76648e-009 -3.51546e-008 -8.97689e-010 -8.97689e-010
8.93 -5.0023e-006 -1.79312e-009 -3.48901e-008 -9.44024e-010 -9.44024e-010
8.94 -5.77175e-006 -1.58414e-009 -3.54939e-008 -9.7396e-010 -9.7396e-010
8.95 -6.6273e-006 -1.86574e-009 -3.53334e-008 -9.78233e-010 -9.78233e-010
8.96 -7.50166e-006 -2.27319e-009 -3.55148e-008 -9.46166e-010 -9.46166e-010
8.97 -8.34618e-006 -2.59432e-009 -3.5352e-008 -8.65802e-010 -8.65802e-010
8.98 -9.14529e-006 -2.44777e-009 -3.54599e-008 -7.49773e-010 -7.49773e-010
8.99 -9.91647e-006 -2.51042e-009 -3.54118e-008 -6.36253e-010 -6.36253e-010
9 -1.07056e-005 -2.48693e-009 -3.54276e-008 -5.59359e-010 -5.59359e-010
9.01 -1.15701e-005 -2.49693e-009 -3.5419e-008 -5.25377e-010 -5.25377e-010
9.02 -1.25627e-005 -2.49314e-009 -3.54153e-008 -5.19029e-010 -5.19029e-010
9.03 -1.37166e-005 -2.49968e-009 -3.52928e-008 -5.1994e-010 -5.1994e-010
9.04 -1.50382e-005 -2.48335e-009 -3.53915e-008 -5.08167e-010 -5.08167e-010
9.05 -1.65101e-005 -2.37885e-009 -3.47224e-008 -4.66278e-010 -4.66278e-010
9.06 -1.8088e-005 -2.28371e-009 -3.47495e-008 -3.9774e-010 -3.9774e-010
9.07 -1.97428e-005 -1.04222e-009 -3.4023e-008 -3.38458e-010 -3.38458e-010
9.08 -2.13216e-005 -2.76986e-009 -3.61405e-008 -3.24897e-010 -3.24897e-010
9.09 -2.28091e-005 -5.33851e-009 -3.69105e-008 -3.70273e-010 -3.70273e-010
9.1 -2.42071e-005 -2.56923e-009 -3.45711e-008 -4.78522e-010 -4.78522e-010
9.11 -2.5438e-005 -3.18027e-009 -3.49166e-008 -6.45019e-010 -6.45019e-010
9.12 -2.65325e-005 -2.64085e-009 -3.51808e-008 -8.4141e-010 -8.4141e-010
9.13 -2.75122e-005 -2.45334e-009 -3.54446e-008 -1.01655e-009 -1.01655e-009
9.14 -2.83967e-005 -2.47435e-009 -3.54386e-008 -1.12357e-009 -1.12357e-009
9.15 -2.92127e-005 -2.48642e-009 -3.54277e-008 -1.15143e-009 -1.15143e-009
9.16 -2.99749e-005 -2.52022e-009 -3.53421e-008 -1.11847e-009 -1.11847e-009
9.17 -3.06826e-005 -2.49585e-009 -3.54036e-008 -1.05063e-009 -1.05063e-009
9.18 -3.13307e-005 -2.50249e-009 -3.54381e-008 -9.77139e-010 -9.77139e-010
9.19 -3.19097e-005 -2.49914e-009 -3.54448e-008 -9.22456e-010 -9.22456e-010
9.2 -3.23997e-005 -3.98062e-009 -3.46202e-008 -8.9957e-010 -8.9957e-010
9.21 -3.2768e-005 -5.04755e-009 -3.43708e-008 -9.12516e-010 -9.12516e-010
9.22 -3.29714e-005 -3.60987e-009 -3.54701e-008 -9.52867e-010 -9.52867e-010
9.23 -3.29981e-005 -3.52993e-009 -3.47865e-008 -9.97965e-010 -9.97965e-010
9.24 -3.28556e-005 -3.09171e-009 -3.4907e-008 -1.02164e-009 -1.02164e-009
9.25 -3.25473e-005 -3.14902e-009 -3.53191e-008 -1.00963e-009 -1.00963e-009
9.26 -3.20834e-005 -3.69941e-009 -3.50925e-008 -9.67021e-010 -9.67021e-010
9.27 -3.1478e-005 -3.515e-009 -3.44084e-008 -9.09666e-010 -9.09666e-010
9.28 -3.0732e-005 -2.60889e-009 -3.52856e-008 -8.50186e-010 -8.50186e-010
9.29 -2.98416e-005 -2.4472e-009 -3.54785e-008 -7.9586e-010 -7.9586e-010
9.3 -2.87936e-005 -2.51344e-009 -3.53997e-008 -7.51931e-010 -7.51931e-010
9.31 -2.75776e-005 -2.48623e-009 -3.5432e-008 -7.17134e-010 -7.17134e-010
9.32 -2.619e-005 -2.49783e-009 -3.542e-008 -6.80393e-010 -6.80393e-010
9.33 -2.4632e-005 -2.49403e-009 -3.54239e-008 -6.30374e-010 -6.30374e-010
9.34 -2.29189e-005 -2.50006e-009 -3.5422e-008 -5.66584e-010 -5.66584e-010
9.35 -2.10939e-005 -2.49837e-009 -3.54191e-008 -4.97491e-010 -4.97491e-010
9.36 -1.92043e-005 -2.33887e-009 -3.53426e-008 -4.35996e-010 -4.35996e-010
9.37 -1.73988e-005 -6.58359e-010 -3.09897e-008 -3.94888e-010 -3.94888e-010
9.38 -1.54782e-005 -3.79553e-009 -3.56396e-008 -3.87596e-010 -3.87596e-010
9.39 -1.36247e-005 -2.75324e-009 -3.36878e-008 -4.3287e-010 -4.3287e-010
9.4 -1.20206e-005 -1.4798e-009 -3.61067e-008 -5.2384e-010 -5.2384e-010
9.41 -1.05289e-005 -1.87672e-009 -3.54472e-008 -6.16667e-010 -6.16667e-010
9.42 -9.23805e-006 -2.45905e-009 -3.58349e-008 -6.80771e-010 -6.80771e-010
9.43 -8.10799e-006 -2.50518e-009 -3.52133e-008 -7.12959e-010 -7.12959e-010
9.44 -7.166e-006 6.27538e-009 -4.00914e-008 -7.04681e-010 -7.04681e-010
9.45 -6.41417e-006 2.04415e-008 -4.85337e-008 -6.38093e-010 -6.38093e-010
9.46 -5.79047e-006 1.09748e-008 -3.86097e-008 -5.13516e-010 -5.13516e-010
9.47 -5.30071e-006 4.18342e-009 -3.5194e-008 -3.80697e-010 -3.80697e-010
9.48 -4.94576e-006 -1.1248e-009 -3.4439e-008 -3.03588e-010 -3.03588e-010
9.49 -4.76977e-006 9.62595e-010 -3.67938e-008 -2.72966e-010 -2.72966e-010
9.5 -4.6934e-006 -2.10447e-009 -3.58512e-008 -2.37471e-010 -2.37471e-010
9.51 -4.77744e-006 -2.37018e-009 -3.5011e-008 -1.89414e-010 -1.89414e-010
9.52 -5.04562e-006 1.78192e-009 -3.39751e-008 -1.48623e-010 -1.48623e-010
9.53 -5.49777e-006 1.84708e-009 -3.74018e-008 -1.16271e-010 -1.16271e-010
9.54 -6.13926e-006 -1.87215e-009 -3.71183e-008 -8.13692e-011 -8.13692e-011
9.55 -6.97115e-006 -2.48477e-009 -3.53355e-008 -4.88584e-011 -4.88584e-011
9.56 -7.95618e-006 -2.45973e-009 -3.55561e-008 -3.01637e-011 -3.01637e-011
9.57 -9.05786e-006 -2.50705e-009 -3.53706e-008 -2.00982e-011 -2.00982e-011
9.58 -1.02414e-005 -2.46618e-009 -3.5259e-008 -5.05041e-012 -5.05041e-012
9.59 -1.14671e-005 -2.47326e-009 -3.5269e-008 1.70306e-011 1.70306e-011
9.6 -1.27013e-005 -2.47995e-009 -3.535e-008 3.71776e-011 3.71776e-011
9.61 -1.39232e-005 -2.49781e-009 -3.54482e-008 5.40446e-011 5.40446e-011
9.62 -1.51352e-005 -2.51936e-009 -3.55232e-008 7.8726e-011 7.8726e-011
9.63 -1.63594e-005 -2.29753e-009 -3.49179e-008 1.14964e-010 1.14964e-010
9.64 -1.76115e-005 -2.35005e-009 -3.50417e-008 1.41578e-010 1.41578e-010
9.65 -1.89267e-005 -2.75887e-009 -3.58248e-008 1.2278e-010 1.2278e-010
9.66 -2.03149e-005 2.19414e-009 -3.22648e-008 4.58049e-011 4.58049e-011
9.67 -2.17059e-005 2.00316e-009 -3.62489e-008 -6.62972e-011 -6.62972e-011
9.68 -2.31575e-005 1.28902e-009 -3.83803e-008 -2.00015e-010 -2.00015e-010
9.69 -2.463e-005 -8.64588e-011 -3.83153e-008 -3.69329e-010 -3.69329e-010
9.7 -2.60794e-005 -2.12498e-009 -3.63269e-008 -5.67816e-010 -5.67816e-010
9.71 -2.74899e-005 -2.24695e-009 -3.57713e-008 -7.54125e-010 -7.54125e-010
9.72 -2.87924e-005 -2.72424e-009 -3.49683e-008 -8.90194e-010 -8.90194e-010
9.73 -2.99285e-005 -2.31555e-009 -3.57023e-008 -9.62874e-010 -9.62874e-010
9.74 -3.0895e-005 -2.5213e-009 -3.53634e-008 -9.85351e-010 -9.85351e-010
9.75 -3.16792e-005 -2.50612e-009 -3.53535e-008 -9.72043e-010 -9.72043e-010
9.76 -3.22881e-005 -2.50201e-009 -3.53673e-008 -9.2018e-010 -9.2018e-010
9.77 -3.27413e-005 -2.49723e-009 -3.54109e-008 -8.50644e-010 -8.50644e-010
9.78 -3.30714e-005 -2.49186e-009 -3.54284e-008 -8.16183e-010 -8.16183e-010
9.79 -3.33057e-005 -2.49372e-009 -3.54314e-008 -8.42445e-010 -8.42445e-010
9.8 -3.34627e-005 -4.90082e-009 -3.55348e-008 -9.05334e-010 -9.05334e-010
9.81 -3.35205e-005 -4.07982e-009 -3.51389e-008 -9.67543e-010 -9.67543e-010
9.82 -3.34663e-005 -3.15143e-009 -3.55668e-008 -1.0072e-009 -1.0072e-009
9.83 -3.32699e-005 -5.00601e-009 -3.48543e-008 -1.01247e-009 -1.01247e-009
9.84 -3.28603e-005 -2.50535e-009 -3.50412e-008 -9.71763e-010 -9.71763e-010
9.85 -3.22159e-005 -2.4879e-009 -3.55863e-008 -8.84676e-010 -8.84676e-010
9.86 -3.12973e-005 -2.50518e-009 -3.53259e-008 -7.73497e-010 -7.73497e-010
9.87 -3.00809e-005 -2.49953e-009 -3.54318e-008 -6.69511e-010 -6.69511e-010
9.88 -2.85662e-005 -2.49296e-009 -3.54219e-008 -5.91575e-010 -5.91575e-010
9.89 -2.67769e-005 -2.50247e-009 -3.53683e-008 -5.4178e-010 -5.4178e-010
9.9 -2.47633e-005 -2.51353e-009 -3.52525e-008 -5.13739e-010 -5.13739e-010
9.91 -2.25945e-005 -2.51603e-009 -3.54811e-008 -4.94919e-010 -4.94919e-010
9.92 -2.03599e-005 -2.61954e-009 -3.51626e-008 -4.7267e-010 -4.7267e-010
9.93 -1.81734e-005 9.0278e-010 -3.00844e-008 -4.54423e-010 -4.54423e-010
9.94 -1.59329e-005 3.28495e-009 -3.22295e-008 -4.51022e-010 -4.51022e-010
9.95 -1.36613e-005 8.03914e-009 -3.558e-008 -4.40033e-010 -4.40033e-010
9.96 -1.14795e-005 3.15481e-009 -4.11659e-008 -4.1897e-010 -4.1897e-010
9.97 -9.32741e-006 -1.09639e-009 -3.67793e-008 -4.41004e-010 -4.41004e-010
9.98 -7.27241e-006 -2.28605e-009 -3.54811e-008 -5.31852e-010 -5.31852e-010
9.99 -5.3024e-006 -2.62826e-009 -3.51499e-008 -6.5414e-010 -6.5414e-010
10 -3.53275e-006 1.46297e-008 -1.71698e-008 -7.63243e-010 -7.63243e-010
