0.1 -4.38175e-005 -0.000423604 3.56359e-016
0.2 -8.78639e-005 -0.000847605 4.4256e-016
0.3 -0.00013214 -0.001272 -1.20434e-014
0.4 -0.000176647 -0.0016968 -1.28859e-014
0.5 -0.000221385 -0.00212199 -5.40169e-015
0.6 -0.000266356 -0.00254759 -7.63474e-015
0.7 -0.000311561 -0.00297358 -1.07673e-014
0.8 -0.000356999 -0.00339998 -6.1965e-015
0.9 -0.000402673 -0.00382678 -2.45518e-015
1 -0.000448584 -0.00425399 2.77318e-015
0.01 -0.000442482 -0.00419022 1.56687e-005
0.02 -0.00042412 -0.00409489 9.45336e-005
0.03 -0.000526239 -0.00418688 0.000350553
0.04 -0.000855726 -0.00426132 0.000784653
0.05 -0.00118428 -0.00423375 0.00111475
0.06 -0.00133153 -0.00424615 0.00116193
0.07 -0.00142253 -0.00423903 0.00106259
0.08 -0.00153566 -0.00423798 0.000923253
0.09 -0.00155632 -0.00423384 0.000665392
0.1 -0.00140336 -0.0042312 0.000245018
0.11 -0.00117932 -0.00422888 -0.000203821
0.12 -0.00103106 -0.00422782 -0.000513977
0.13 -0.000994415 -0.00422783 -0.0006444
0.14 -0.00103193 -0.004229 -0.000642436
0.15 -0.00112624 -0.00423097 -0.00054628
0.16 -0.00126653 -0.00423329 -0.000392532
0.17 -0.00139424 -0.00423545 -0.000265673
0.18 -0.00142718 -0.00423695 -0.000270893
0.19 -0.00132953 -0.00423744 -0.000461518
0.2 -0.00112974 -0.00423672 -0.000817242
0.21 -0.000881841 -0.00423486 -0.00127861
0.22 -0.00063504 -0.00423216 -0.00177618
0.23 -0.000433434 -0.00422911 -0.00223494
0.24 -0.000312709 -0.00422628 -0.00258562
0.25 -0.000280996 -0.0042242 -0.00279118
0.26 -0.000309299 -0.00422328 -0.00286071
0.27 -0.000345628 -0.0042237 -0.00283712
0.28 -0.000339866 -0.00422534 -0.00277475
0.29 -0.000261698 -0.00422786 -0.0027249
0.3 -0.000105573 -0.00423074 -0.00272842
0.31 0.000113805 -0.00423336 -0.0028074
0.32 0.00036696 -0.00423515 -0.00295868
0.33 0.000616665 -0.00423575 -0.00315797
0.34 0.000831693 -0.0042351 -0.00337392
0.35 0.000996468 -0.00423338 -0.00358029
0.36 0.00110958 -0.00423102 -0.00375801
0.37 0.00117919 -0.0042286 -0.00389051
0.38 0.00121952 -0.00422671 -0.00396025
0.39 0.00124474 -0.00422584 -0.00395175
0.4 0.00126176 -0.00422624 -0.00385942
0.41 0.00126992 -0.00422788 -0.0036916
0.42 0.0012653 -0.00423043 -0.00346796
0.43 0.001245 -0.00423339 -0.00321341
0.44 0.00121022 -0.00423616 -0.00295284
0.45 0.00116371 -0.00423819 -0.00270954
0.46 0.00110779 -0.00423913 -0.00250363
0.47 0.00104536 -0.00423885 -0.00234515
0.48 0.000976147 -0.00423752 -0.00222633
0.49 0.000894718 -0.00423554 -0.00212248
0.5 0.000797872 -0.00423347 -0.00200181
0.51 0.000688205 -0.00423187 -0.00183542
0.52 0.000569519 -0.0042312 -0.00160265
0.53 0.000449403 -0.00423171 -0.00129541
0.54 0.000345316 -0.00423338 -0.000925976
0.55 0.000278387 -0.00423595 -0.000529435
0.56 0.000256661 -0.00423897 -0.000147817
0.57 0.000264099 -0.00424188 0.000192113
0.58 0.000270617 -0.00424418 0.00048156
0.59 0.000254208 -0.00424549 0.000718142
0.6 0.000209038 -0.00424564 0.000900302
0.61 0.000132463 -0.00424473 0.00103042
0.62 1.77438e-005 -0.00424304 0.00111966
0.63 -0.000125223 -0.00424103 0.00118567
0.64 -0.000263253 -0.00423919 0.00124426
0.65 -0.000374709 -0.00423797 0.00130474
0.66 -0.000461511 -0.00423761 0.0013662
0.67 -0.000523492 -0.00423814 0.00141499
0.68 -0.000552224 -0.00423937 0.00143632
0.69 -0.000546567 -0.00424096 0.00142548
0.7 -0.000515393 -0.00424247 0.00138057
0.71 -0.000469609 -0.00424348 0.00129196
0.72 -0.000424697 -0.00424367 0.00114324
0.73 -0.000401685 -0.00424291 0.000924438
0.74 -0.000418193 -0.00424124 0.000649436
0.75 -0.000480858 -0.00423893 0.000353319
0.76 -0.000582298 -0.00423634 6.60157e-005
0.77 -0.000700668 -0.00423387 -0.000201694
0.78 -0.000801485 -0.00423187 -0.000449004
0.79 -0.000853732 -0.00423062 -0.000673816
0.8 -0.000848096 -0.0042302 -0.000871673
0.81 -0.000790288 -0.00423056 -0.00104686
0.82 -0.000687316 -0.00423146 -0.00122019
0.83 -0.000547072 -0.00423258 -0.00141516
0.84 -0.000378999 -0.00423357 -0.00163855
0.85 -0.000183629 -0.00423418 -0.00188294
0.86 4.76654e-005 -0.00423426 -0.00213328
0.87 0.000299875 -0.00423386 -0.00236023
0.88 0.000531811 -0.00423312 -0.00252734
0.89 0.000728626 -0.00423233 -0.00261535
0.9 0.000921323 -0.00423181 -0.0026306
0.91 0.00114492 -0.0042319 -0.0025821
0.92 0.00138945 -0.00423278 -0.0024517
0.93 0.00161147 -0.00423453 -0.00220103
0.94 0.00179081 -0.00423706 -0.00181909
0.95 0.00194469 -0.0042401 -0.00135764
0.96 0.00209731 -0.00424329 -0.000902878
0.97 0.00224548 -0.00424622 -0.000506075
0.98 0.00234807 -0.00424856 -0.000160216
0.99 0.00237367 -0.00425006 0.000156938
1 0.00233485 -0.00425066 0.000443487
1.01 0.00224526 -0.0042504 0.000673303
1.02 0.00210091 -0.00424944 0.000824348
1.03 0.00192444 -0.00424808 0.000915581
1.04 0.00176903 -0.00424674 0.00100889
1.05 0.00166004 -0.00424581 0.00115957
1.06 0.00157098 -0.00424551 0.00137798
1.07 0.00146979 -0.00424594 0.00163989
1.08 0.00136824 -0.00424702 0.00190802
1.09 0.00129154 -0.00424856 0.00215472
1.1 0.00120976 -0.00425024 0.00238265
1.11 0.00106672 -0.00425168 0.00261595
1.12 0.000869721 -0.0042526 0.0028689
1.13 0.00068586 -0.00425286 0.00311978
1.14 0.000553962 -0.00425246 0.00330781
1.15 0.000488421 -0.00425149 0.00336316
1.16 0.000528763 -0.00425025 0.00325409
1.17 0.000691768 -0.00424908 0.00302162
1.18 0.000948788 -0.00424837 0.00276365
1.19 0.00125466 -0.00424835 0.00256082
1.2 0.00155616 -0.00424904 0.00242359
1.21 0.0018052 -0.00425026 0.00231281
1.22 0.00196501 -0.00425166 0.00218486
1.23 0.0020103 -0.00425279 0.00201157
1.24 0.00194332 -0.00425323 0.0017842
1.25 0.00181226 -0.00425269 0.00150943
1.26 0.00168966 -0.00425116 0.00119614
1.27 0.00162765 -0.00424882 0.000853135
1.28 0.00165144 -0.0042461 0.000493783
1.29 0.00175563 -0.00424353 0.000135633
1.3 0.00191139 -0.0042416 -0.000196519
1.31 0.00211603 -0.0042407 -0.000477628
1.32 0.0023867 -0.00424099 -0.000708355
1.33 0.00270524 -0.0042423 -0.000927058
1.34 0.00305913 -0.00424423 -0.00118114
1.35 0.00349198 -0.00424642 -0.00146871
1.36 0.00401754 -0.00424854 -0.00171679
1.37 0.00455401 -0.00425035 -0.00184742
1.38 0.00497817 -0.00425165 -0.00185578
1.39 0.00521201 -0.00425229 -0.00182257
1.4 0.00525215 -0.00425223 -0.00185637
1.41 0.00510996 -0.00425148 -0.00197846
1.42 0.00480151 -0.00425019 -0.00208105
1.43 0.00439959 -0.00424858 -0.00204526
1.44 0.00397748 -0.00424686 -0.00185706
1.45 0.00352286 -0.00424515 -0.00160364
1.46 0.00296451 -0.00424345 -0.00138874
1.47 0.00224972 -0.00424175 -0.00122385
1.48 0.00135092 -0.00424005 -0.00100316
1.49 0.000203248 -0.00423818 -0.00061085
1.5 -0.00125586 -0.00423586 -2.31798e-005
1.51 -0.0029218 -0.0042329 0.000704427
1.52 -0.00449969 -0.0042295 0.00151077
1.53 -0.0057432 -0.00422614 0.00238107
1.54 -0.00662352 -0.00422345 0.00332846
1.55 -0.00721435 -0.00422206 0.00433598
1.56 -0.00755761 -0.00422252 0.00535366
1.57 -0.00767725 -0.00422509 0.00632529
1.58 -0.00762585 -0.00422951 0.00717806
1.59 -0.00749204 -0.00423503 0.00782321
1.6 -0.00740269 -0.0042405 0.00821086
1.61 -0.00747312 -0.00424471 0.00840747
1.62 -0.00769043 -0.00424686 0.00856568
1.63 -0.00784796 -0.00424669 0.00873477
1.64 -0.00761992 -0.00424462 0.00876792
1.65 -0.00677959 -0.0042417 0.00849528
1.66 -0.00535328 -0.00423938 0.00791924
1.67 -0.00354818 -0.00423913 0.00720174
1.68 -0.00158282 -0.00424197 0.00650506
1.69 0.000388449 -0.00424808 0.00586201
1.7 0.00224962 -0.00425668 0.00521727
1.71 0.00394094 -0.00426633 0.00455173
1.72 0.00550067 -0.0042754 0.00388787
1.73 0.00699358 -0.00428242 0.00321504
1.74 0.00842048 -0.00428632 0.00247341
1.75 0.00975438 -0.00428681 0.00158896
1.76 0.0109929 -0.00428445 0.000504087
1.77 0.0121018 -0.00428027 -0.000799244
1.78 0.0129534 -0.00427532 -0.00226533
1.79 0.013443 -0.00427058 -0.00376008
1.8 0.0136318 -0.00426674 -0.0051635
1.81 0.0136743 -0.004264 -0.00646697
1.82 0.0136786 -0.00426204 -0.00772966
1.83 0.0136712 -0.00426026 -0.00896606
1.84 0.0136351 -0.00425815 -0.0101008
1.85 0.0135175 -0.00425538 -0.0109998
1.86 0.0131998 -0.00425192 -0.0115516
1.87 0.0126192 -0.00424792 -0.0117452
1.88 0.0119756 -0.00424401 -0.0116679
1.89 0.0115914 -0.00424108 -0.0114296
1.9 0.011474 -0.00423973 -0.0111003
1.91 0.0112677 -0.00424005 -0.0106994
1.92 0.0106295 -0.00424155 -0.0102171
1.93 0.00940086 -0.00424331 -0.00965608
1.94 0.00750869 -0.00424391 -0.00905783
1.95 0.00492715 -0.00424171 -0.0084703
1.96 0.00177392 -0.00423553 -0.00791205
1.97 -0.00165575 -0.00422504 -0.00737084
1.98 -0.00506136 -0.00421095 -0.00681205
1.99 -0.00829983 -0.00419483 -0.00620115
2 -0.0113646 -0.00417877 -0.0055084
2.01 -0.0142799 -0.00416494 -0.00468085
2.02 -0.0170177 -0.00415518 -0.00362731
2.03 -0.0195369 -0.00415047 -0.00225193
2.04 -0.0218458 -0.0041507 -0.000531717
2.05 -0.0238872 -0.00415484 0.00144221
2.06 -0.0254945 -0.00416136 0.00352021
2.07 -0.0266238 -0.00416857 0.00557831
2.08 -0.0274599 -0.00417488 0.00754654
2.09 -0.0282171 -0.00417921 0.00937822
2.1 -0.0289314 -0.00418121 0.0109983
2.11 -0.0294792 -0.00418121 0.0123084
2.12 -0.0297752 -0.00417998 0.0132481
2.13 -0.0298513 -0.0041784 0.0138154
2.14 -0.0297499 -0.00417733 0.0140552
2.15 -0.0294158 -0.00417747 0.0140488
2.16 -0.0286651 -0.00417933 0.0138773
2.17 -0.0273233 -0.00418313 0.0135657
2.18 -0.025454 -0.00418859 0.013057
2.19 -0.0232855 -0.00419507 0.0122744
2.2 -0.0208828 -0.00420203 0.0112206
2.21 -0.0181259 -0.0042092 0.00998403
2.22 -0.0149635 -0.00421645 0.00866856
2.23 -0.0115014 -0.0042237 0.00733277
2.24 -0.00787693 -0.00423101 0.00596272
2.25 -0.00416511 -0.00423848 0.00448729
2.26 -0.00044503 -0.00424612 0.00282053
2.27 0.0032056 -0.00425371 0.000900867
2.28 0.00682832 -0.00426101 -0.0012718
2.29 0.0105101 -0.00426777 -0.00363534
2.3 0.0142222 -0.00427369 -0.00610814
2.31 0.0178686 -0.00427869 -0.00860389
2.32 0.0213873 -0.00428299 -0.0110133
2.33 0.0247185 -0.00428671 -0.0132183
2.34 0.0277582 -0.00429008 -0.0151394
2.35 0.0303842 -0.00429341 -0.0167499
2.36 0.0325068 -0.00429679 -0.0180481
2.37 0.0340447 -0.00430009 -0.019033
2.38 0.0349404 -0.00430296 -0.0196973
2.39 0.0352974 -0.00430506 -0.0200234
2.4 0.0353156 -0.00430628 -0.019962
2.41 0.0350893 -0.00430671 -0.0194118
2.42 0.0346344 -0.00430677 -0.0182785
2.43 0.0339093 -0.00430691 -0.0166023
2.44 0.0327111 -0.00430728 -0.0145914
2.45 0.030795 -0.00430764 -0.012478
2.46 0.0281317 -0.00430757 -0.0103607
2.47 0.0248988 -0.00430656 -0.00820684
2.48 0.0212691 -0.00430391 -0.00595629
2.49 0.0173002 -0.00429898 -0.00359274
2.5 0.0129519 -0.00429139 -0.00113721
2.51 0.00817765 -0.00428117 0.00136886
2.52 0.0030024 -0.00426872 0.00384698
2.53 -0.00249085 -0.00425468 0.00620386
2.54 -0.00815385 -0.00423982 0.00838403
2.55 -0.0137666 -0.00422496 0.0103769
2.56 -0.0191104 -0.00421085 0.0121914
2.57 -0.0240351 -0.00419801 0.0138187
2.58 -0.0284767 -0.00418671 0.0152168
2.59 -0.0324541 -0.00417698 0.0163546
2.6 -0.0360259 -0.0041686 0.017249
2.61 -0.0392086 -0.00416121 0.0179167
2.62 -0.0419354 -0.00415444 0.0183199
2.63 -0.044091 -0.00414802 0.0184122
2.64 -0.0456473 -0.00414187 0.018235
2.65 -0.0467816 -0.00413605 0.0179234
2.66 -0.0477143 -0.00413072 0.017595
2.67 -0.0484644 -0.00412609 0.0172244
2.68 -0.048842 -0.00412242 0.0166483
2.69 -0.0486269 -0.00411996 0.0157186
2.7 -0.0477623 -0.00411889 0.0144339
2.71 -0.0463379 -0.00411935 0.012941
2.72 -0.0443751 -0.00412156 0.0114421
2.73 -0.0417152 -0.0041259 0.0100481
2.74 -0.0381921 -0.00413266 0.00866615
2.75 -0.0338639 -0.00414179 0.00707394
2.76 -0.0289402 -0.00415308 0.00515014
2.77 -0.0236038 -0.0041662 0.00294799
2.78 -0.0179956 -0.00418055 0.000519183
2.79 -0.0121899 -0.00419522 -0.00218607
2.8 -0.00614277 -0.00420945 -0.00517402
2.81 0.000132563 -0.00422276 -0.00828337
2.82 0.00641942 -0.00423493 -0.0112649
2.83 0.0124367 -0.00424597 -0.0139315
2.84 0.0179948 -0.00425611 -0.0162414
2.85 0.0230493 -0.00426571 -0.0182454
2.86 0.0276245 -0.00427508 -0.0200053
2.87 0.0317147 -0.00428433 -0.0216004
2.88 0.0353511 -0.00429344 -0.023089
2.89 0.0386425 -0.00430244 -0.0244127
2.9 0.0416479 -0.00431108 -0.0254242
2.91 0.0443212 -0.0043191 -0.0260363
2.92 0.0465882 -0.00432635 -0.0262986
2.93 0.0483703 -0.00433264 -0.0263049
2.94 0.049578 -0.0043378 -0.0260679
2.95 0.0501455 -0.00434177 -0.0255311
2.96 0.0500235 -0.00434442 -0.0246489
2.97 0.0491143 -0.00434555 -0.0233764
2.98 0.0472737 -0.00434491 -0.0216191
2.99 0.0444406 -0.00434243 -0.0192722
3 0.0407567 -0.00433828 -0.0163027
3.01 0.0365055 -0.00433295 -0.0127718
3.02 0.0319408 -0.00432712 -0.00878271
3.03 0.0272052 -0.0043216 -0.00441169
3.04 0.0223092 -0.00431715 0.000286584
3.05 0.0171445 -0.00431401 0.00518681
3.06 0.0116066 -0.00431185 0.0100784
3.07 0.00576291 -0.00430999 0.0148165
3.08 -0.000143074 -0.00430765 0.0193883
3.09 -0.00592282 -0.00430401 0.0238032
3.1 -0.0115936 -0.00429831 0.0280093
3.11 -0.0171939 -0.00429013 0.0318727
3.12 -0.0225259 -0.00427981 0.0352293
3.13 -0.0272054 -0.00426844 0.0379946
3.14 -0.0310166 -0.00425741 0.040165
3.15 -0.0341171 -0.00424785 0.0417529
3.16 -0.0368476 -0.00424035 0.0427755
3.17 -0.0395132 -0.00423476 0.043244
3.18 -0.0422606 -0.00423014 0.0431586
3.19 -0.0449217 -0.0042252 0.042546
3.2 -0.0470954 -0.00421885 0.0414802
3.21 -0.0485199 -0.00421046 0.0400679
3.22 -0.049268 -0.00420002 0.0384164
3.23 -0.0495624 -0.00418824 0.0365698
3.24 -0.0495396 -0.00417635 0.0344812
3.25 -0.0492173 -0.00416573 0.0320448
3.26 -0.0485194 -0.00415736 0.0290962
3.27 -0.0472232 -0.00415167 0.0254371
3.28 -0.0450351 -0.00414857 0.0209545
3.29 -0.041834 -0.00414749 0.0157256
3.3 -0.0377599 -0.00414758 0.0100169
3.31 -0.033047 -0.00414813 0.00419333
3.32 -0.0278267 -0.00414889 -0.00140405
3.33 -0.0221796 -0.00415007 -0.00655279
3.34 -0.0163601 -0.00415207 -0.0111744
3.35 -0.0107337 -0.00415531 -0.0152974
3.36 -0.00544683 -0.00416022 -0.0190271
3.37 -0.000343064 -0.00416712 -0.0225139
3.38 0.00486239 -0.00417616 -0.0258626
3.39 0.0104 -0.00418737 -0.029046
3.4 0.0162531 -0.00420056 -0.0319272
3.41 0.0220731 -0.00421515 -0.0343571
3.42 0.0274068 -0.00423028 -0.0362488
3.43 0.032025 -0.00424498 -0.037602
3.44 0.0359682 -0.0042584 -0.0384761
3.45 0.0393526 -0.00426986 -0.0389222
3.46 0.0421997 -0.00427903 -0.03896
3.47 0.0444188 -0.00428585 -0.0385956
3.48 0.0459 -0.0042906 -0.0378054
3.49 0.0465937 -0.00429403 -0.0365194
3.5 0.0464442 -0.00429706 -0.0346458
3.51 0.0453404 -0.00430022 -0.0321149
3.52 0.0433229 -0.00430376 -0.0289323
3.53 0.0407016 -0.00430779 -0.0252137
3.54 0.0378025 -0.00431209 -0.0211445
3.55 0.0346855 -0.00431609 -0.0169073
3.56 0.0311139 -0.00431888 -0.0126372
3.57 0.0267887 -0.00431942 -0.00840165
3.58 0.0216262 -0.00431687 -0.00419717
3.59 0.0158285 -0.00431091 4.81317e-005
3.6 0.00980424 -0.00430191 0.00442557
3.61 0.00397992 -0.00429099 0.00894772
3.62 -0.00146599 -0.00427961 0.0135083
3.63 -0.00668922 -0.00426922 0.0179415
3.64 -0.0119352 -0.00426095 0.022131
3.65 -0.0172504 -0.00425542 0.0260645
3.66 -0.0224773 -0.00425256 0.0297712
3.67 -0.0274519 -0.0042515 0.0332731
3.68 -0.0320932 -0.00425088 0.0365817
3.69 -0.0363395 -0.00424928 0.0396022
3.7 -0.0401356 -0.00424549 0.042064
3.71 -0.0434589 -0.00423875 0.0436443
3.72 -0.0462437 -0.00422902 0.0441171
3.73 -0.0483516 -0.00421692 0.0434294
3.74 -0.0496816 -0.00420368 0.0417464
3.75 -0.0502122 -0.00419071 0.0393398
3.76 -0.0499491 -0.0041793 0.0363945
3.77 -0.0488851 -0.00417043 0.0329982
3.78 -0.0470198 -0.00416467 0.0292266
3.79 -0.0444148 -0.00416202 0.0251357
3.8 -0.0411723 -0.00416197 0.0207443
3.81 -0.0373876 -0.00416373 0.0161068
3.82 -0.0331777 -0.00416652 0.0114058
3.83 -0.0286556 -0.00416981 0.00692209
3.84 -0.0238527 -0.00417341 0.00278703
3.85 -0.0187838 -0.00417721 -0.00121794
3.86 -0.0135272 -0.00418117 -0.00541291
3.87 -0.00819898 -0.00418547 -0.00985289
3.88 -0.00291454 -0.00419034 -0.0143615
3.89 0.00222386 -0.00419573 -0.018775
3.9 0.00708746 -0.0042012 -0.023048
3.91 0.0114486 -0.00420593 -0.0271622
3.92 0.0150003 -0.00420898 -0.0309803
3.93 0.0175831 -0.00420968 -0.0342615
3.94 0.0193645 -0.00420795 -0.0368001
3.95 0.0206717 -0.00420443 -0.0384503
3.96 0.0217509 -0.0042005 -0.039094
3.97 0.0227515 -0.00419803 -0.0387099
3.98 0.0238091 -0.00419907 -0.0373996
3.99 0.0250497 -0.00420543 -0.0352953
4 0.0264127 -0.00421805 -0.032498
4.01 0.0275414 -0.0042364 -0.0290796
4.02 0.0280657 -0.00425859 -0.0251573
4.03 0.027858 -0.00428166 -0.0209865
4.04 0.0268766 -0.00430204 -0.0168856
4.05 0.0250604 -0.00431632 -0.013085
4.06 0.0225274 -0.00432226 -0.00967621
4.07 0.0195807 -0.00431943 -0.00660445
4.08 0.0163918 -0.00430924 -0.00367068
4.09 0.0129225 -0.00429455 -0.000572642
4.1 0.00915619 -0.0042792 0.00298601
4.11 0.00517382 -0.00426703 0.00715671
4.12 0.00112386 -0.004261 0.0118843
4.13 -0.00272421 -0.00426258 0.016952
4.14 -0.00612959 -0.00427154 0.0220726
4.15 -0.00911557 -0.00428581 0.0269459
4.16 -0.0118885 -0.00430196 0.0312859
4.17 -0.0146432 -0.00431605 0.0348479
4.18 -0.0174501 -0.00432457 0.0374798
4.19 -0.0202047 -0.00432525 0.0391933
4.2 -0.0227297 -0.00431763 0.040151
4.21 -0.0248717 -0.00430306 0.0405278
4.22 -0.0264483 -0.00428445 0.0403958
4.23 -0.0273266 -0.00426554 0.0397662
4.24 -0.027533 -0.00424999 0.0386831
4.25 -0.0270517 -0.00424073 0.0372501
4.26 -0.0257461 -0.00423945 0.035593
4.27 -0.0235963 -0.00424605 0.0337945
4.28 -0.0207223 -0.00425882 0.0318726
4.29 -0.017265 -0.00427504 0.0298204
4.3 -0.0135089 -0.00429145 0.0276018
4.31 -0.00989469 -0.0043047 0.0250961
4.32 -0.00670852 -0.00431212 0.0221202
4.33 -0.00392537 -0.00431237 0.0185433
4.34 -0.00135978 -0.00430558 0.0143977
4.35 0.00120619 -0.00429335 0.00989578
4.36 0.00397412 -0.00427845 0.00528935
4.37 0.00702633 -0.00426398 0.000708934
4.38 0.0102616 -0.00425272 -0.00380823
4.39 0.0133893 -0.00424643 -0.00816193
4.4 0.0160349 -0.00424553 -0.0121345
4.41 0.0180061 -0.00424905 -0.015506
4.42 0.0193976 -0.00425504 -0.0181898
4.43 0.0204749 -0.00426112 -0.0202444
4.44 0.021589 -0.00426544 -0.0217748
4.45 0.0229991 -0.00426719 -0.0228455
4.46 0.0245929 -0.00426652 -0.0235105
4.47 0.025949 -0.00426419 -0.0238985
4.48 0.0267234 -0.00426128 -0.0241588
4.49 0.0268135 -0.0042589 -0.0242949
4.5 0.0262345 -0.00425771 -0.0241369
4.51 0.0251123 -0.00425778 -0.0234936
4.52 0.0237339 -0.00425886 -0.0222767
4.53 0.0223089 -0.00426053 -0.020456
4.54 0.0207885 -0.0042625 -0.0179653
4.55 0.0190451 -0.00426479 -0.0147559
4.56 0.0169636 -0.00426758 -0.0109394
4.57 0.0144073 -0.00427088 -0.00677738
4.58 0.0113746 -0.00427458 -0.00253071
4.59 0.00815894 -0.00427857 0.00161656
4.6 0.00523126 -0.00428277 0.00552849
4.61 0.00286738 -0.00428695 0.00911243
4.62 0.000910047 -0.00429066 0.0123658
4.63 -0.00095302 -0.00429351 0.0153541
4.64 -0.0027198 -0.00429545 0.018097
4.65 -0.0040904 -0.00429674 0.0204851
4.66 -0.00489678 -0.00429759 0.0222995
4.67 -0.00529922 -0.00429799 0.0233531
4.68 -0.00558663 -0.00429786 0.023646
4.69 -0.00590863 -0.00429715 0.0233528
4.7 -0.0061467 -0.00429591 0.0226768
4.71 -0.00599397 -0.00429437 0.0217586
4.72 -0.00526319 -0.00429277 0.0206491
4.73 -0.00406806 -0.00429118 0.0192654
4.74 -0.00260692 -0.00428959 0.017438
4.75 -0.000943486 -0.00428805 0.0150583
4.76 0.00100426 -0.00428658 0.0121325
4.77 0.00345383 -0.00428531 0.00874397
4.78 0.00656388 -0.00428441 0.0050173
4.79 0.0101305 -0.00428384 0.00108668
4.8 0.0137104 -0.00428339 -0.00290978
4.81 0.0169595 -0.00428285 -0.00685503
4.82 0.0196724 -0.00428178 -0.0107206
4.83 0.0218028 -0.00427967 -0.0144934
4.84 0.0236441 -0.00427652 -0.0179929
4.85 0.0256366 -0.00427299 -0.0209434
4.86 0.027707 -0.00426963 -0.0232608
4.87 0.0291774 -0.0042663 -0.0251355
4.88 0.029553 -0.00426269 -0.0268452
4.89 0.0289959 -0.00425862 -0.0285033
4.9 0.0279831 -0.00425404 -0.0299722
4.91 0.0268152 -0.00424867 -0.0310663
4.92 0.0255599 -0.00424215 -0.0318198
4.93 0.0242681 -0.00423432 -0.0324759
4.94 0.022921 -0.00422538 -0.0332406
4.95 0.0212363 -0.00421553 -0.0341202
4.96 0.0188831 -0.00420492 -0.034923
4.97 0.0158564 -0.00419388 -0.0353245
4.98 0.0123514 -0.00418283 -0.0350113
4.99 0.00837449 -0.0041718 -0.033903
5 0.00386158 -0.00416052 -0.0322575
5.01 -0.000940716 -0.00414896 -0.0304658
5.02 -0.00562534 -0.00413757 -0.028698
5.03 -0.00998594 -0.00412707 -0.0268127
5.04 -0.0139683 -0.00411828 -0.0246047
5.05 -0.0175741 -0.00411188 -0.0220557
5.06 -0.0210237 -0.00410791 -0.0193521
5.07 -0.0246127 -0.00410568 -0.0167875
5.08 -0.0282692 -0.00410419 -0.014635
5.09 -0.031594 -0.00410244 -0.0130441
5.1 -0.034286 -0.00409946 -0.0120403
5.11 -0.0361761 -0.00409477 -0.011555
5.12 -0.0370015 -0.00408894 -0.011465
5.13 -0.0366241 -0.00408337 -0.0116716
5.14 -0.0354198 -0.00407948 -0.0120986
5.15 -0.0340197 -0.0040784 -0.0126134
5.16 -0.032697 -0.00408091 -0.013097
5.17 -0.0313572 -0.00408694 -0.0135934
5.18 -0.0298842 -0.00409538 -0.0142819
5.19 -0.0281154 -0.00410455 -0.0153592
5.2 -0.0256158 -0.00411315 -0.0169388
5.21 -0.0218486 -0.00412091 -0.018905
5.22 -0.0166856 -0.0041287 -0.0208168
5.23 -0.0104436 -0.00413835 -0.0220459
5.24 -0.00353022 -0.00415235 -0.0220918
5.25 0.00364473 -0.00417294 -0.0207761
5.26 0.0107297 -0.0042014 -0.0181831
5.27 0.0176053 -0.00423788 -0.0144944
5.28 0.0242495 -0.00428113 -0.00989795
5.29 0.0304834 -0.00432853 -0.0046046
5.3 0.0361635 -0.00437679 0.00111422
5.31 0.0414129 -0.00442281 0.00696669
5.32 0.0463622 -0.00446413 0.0127565
5.33 0.0509503 -0.00449943 0.0184651
5.34 0.0550914 -0.00452884 0.0242156
5.35 0.0588883 -0.00455394 0.030189
5.36 0.0626039 -0.00457739 0.0365598
5.37 0.0662283 -0.00460171 0.0433344
5.38 0.0691951 -0.00462798 0.0502123
5.39 0.0708784 -0.00465573 0.0568087
5.4 0.0712115 -0.0046837 0.0629884
5.41 0.0705663 -0.00470997 0.0688024
5.42 0.0692521 -0.00473185 0.0741587
5.43 0.0671635 -0.00474617 0.0786661
5.44 0.0638439 -0.0047501 0.0818521
5.45 0.0590231 -0.00474208 0.0835285
5.46 0.0529788 -0.00472225 0.0838182
5.47 0.0462829 -0.00469198 0.0828672
5.48 0.039449 -0.00465357 0.0807078
5.49 0.0328289 -0.00460992 0.0773352
5.5 0.0264358 -0.00456387 0.0727518
5.51 0.0198689 -0.00451728 0.0669373
5.52 0.0127994 -0.00447088 0.0598613
5.53 0.00529342 -0.00442441 0.0515592
5.54 -0.0025314 -0.00437653 0.0421721
5.55 -0.0106918 -0.0043252 0.0318386
5.56 -0.0191973 -0.00426827 0.0205518
5.57 -0.0280604 -0.00420418 0.0082661
5.58 -0.0373142 -0.00413251 -0.00482643
5.59 -0.0469149 -0.00405453 -0.0182607
5.6 -0.0567606 -0.00397246 -0.0315802
5.61 -0.066766 -0.00388894 -0.0445527
5.62 -0.0767123 -0.00380709 -0.0570829
5.63 -0.0860133 -0.00373032 -0.0690174
5.64 -0.0938785 -0.00366207 -0.0801182
5.65 -0.0998337 -0.00360513 -0.0901868
5.66 -0.104021 -0.00356097 -0.0991066
5.67 -0.106983 -0.00352969 -0.106744
5.68 -0.109109 -0.00351049 -0.11288
5.69 -0.110257 -0.00350195 -0.117307
5.7 -0.109921 -0.00350249 -0.119967
5.71 -0.107694 -0.0035108 -0.120946
5.72 -0.103474 -0.00352637 -0.120337
5.73 -0.0972246 -0.00354989 -0.118104
5.74 -0.0886686 -0.00358331 -0.114118
5.75 -0.0773223 -0.00362967 -0.108314
5.76 -0.062875 -0.00369198 -0.10083
5.77 -0.0454923 -0.00377224 -0.0919503
5.78 -0.0257954 -0.00387068 -0.0819993
5.79 -0.00481611 -0.00398495 -0.0713048
5.8 0.0160394 -0.00410966 -0.0601878
5.81 0.0354393 -0.00423707 -0.0489168
5.82 0.0530238 -0.00435914 -0.0377084
5.83 0.0696914 -0.00446966 -0.0267443
5.84 0.0865239 -0.00456517 -0.0161092
5.85 0.103574 -0.00464585 -0.00566168
5.86 0.119961 -0.00471482 0.00494598
5.87 0.134759 -0.0047772 0.0159923
5.88 0.147418 -0.00483869 0.0274397
5.89 0.157803 -0.00490295 0.0390113
5.9 0.166119 -0.00497116 0.0504541
5.91 0.172557 -0.00504173 0.0616536
5.92 0.177157 -0.00511072 0.0725782
5.93 0.179982 -0.00517295 0.0832632
5.94 0.181017 -0.00522362 0.0938501
5.95 0.179913 -0.0052593 0.104474
5.96 0.176005 -0.00527781 0.115021
5.97 0.168703 -0.00527862 0.125088
5.98 0.157869 -0.00526271 0.134181
5.99 0.143648 -0.00523168 0.141881
6 0.125882 -0.00518646 0.147847
6.01 0.103938 -0.00512633 0.151816
6.02 0.0772416 -0.00504932 0.153709
6.03 0.0456982 -0.00495301 0.153794
6.04 0.00968747 -0.00483535 0.152555
6.05 -0.0298894 -0.00469532 0.150243
6.06 -0.0716875 -0.00453473 0.14663
6.07 -0.114129 -0.00435728 0.141193
6.08 -0.155547 -0.00416938 0.13342
6.09 -0.194524 -0.00397958 0.122947
6.1 -0.230134 -0.00379592 0.109644
6.11 -0.261589 -0.00362614 0.0936853
6.12 -0.287953 -0.00347592 0.0755693
6.13 -0.308324 -0.00334835 0.0559937
6.14 -0.321783 -0.00324495 0.0356777
6.15 -0.327242 -0.00316652 0.015308
6.16 -0.32382 -0.0031142 -0.00447221
6.17 -0.311278 -0.00309025 -0.0231537
6.18 -0.289998 -0.00309763 -0.040384
6.19 -0.260984 -0.00313901 -0.0558114
6.2 -0.225844 -0.0032156 -0.0689291
6.21 -0.186125 -0.0033267 -0.079182
6.22 -0.142517 -0.00346956 -0.0862943
6.23 -0.0948817 -0.0036397 -0.0904869
6.24 -0.0431912 -0.00383108 -0.0923346
6.25 0.011505 -0.00403669 -0.092362
6.26 0.0667697 -0.0042494 -0.0907767
6.27 0.119271 -0.00446122 -0.0875619
6.28 0.166049 -0.00466202 -0.0826901
6.29 0.205886 -0.00484297 -0.0761869
6.3 0.239651 -0.0049997 -0.0680876
6.31 0.268815 -0.00513089 -0.0584737
6.32 0.293524 -0.00523736 -0.0476585
6.33 0.312277 -0.00532083 -0.0363695
6.34 0.322843 -0.00538157 -0.0256441
6.35 0.323459 -0.00541787 -0.0164346
6.36 0.313881 -0.00542754 -0.00931691
6.37 0.296057 -0.00540791 -0.00453321
6.38 0.273627 -0.00535623 -0.00215093
6.39 0.249579 -0.00527246 -0.0021367
6.4 0.224378 -0.00515939 -0.00434628
6.41 0.197094 -0.00502261 -0.00842989
6.42 0.167441 -0.00487142 -0.0136746
6.43 0.135912 -0.00471675 -0.0189268
6.44 0.103227 -0.00456877 -0.0227915
6.45 0.0704563 -0.00443584 -0.0240823
6.46 0.0389628 -0.00432392 -0.0221476
6.47 0.00956813 -0.00423593 -0.016877
6.48 -0.0180649 -0.00417118 -0.00858237
6.49 -0.0449069 -0.00412589 0.002158
6.5 -0.0716101 -0.0040943 0.0146295
6.51 -0.0982309 -0.00406872 0.0279386
6.52 -0.124695 -0.00404018 0.041028
6.53 -0.151425 -0.00400407 0.0529105
6.54 -0.179242 -0.00395397 0.0628081
6.55 -0.208249 -0.00388359 0.0701431
6.56 -0.237161 -0.00379355 0.0745937
6.57 -0.263843 -0.00368802 0.0761554
6.58 -0.286109 -0.00357631 0.075132
6.59 -0.302393 -0.00347027 0.0721044
6.6 -0.312253 -0.00338215 0.0677818
6.61 -0.316168 -0.00332286 0.0626969
6.62 -0.314856 -0.00329924 0.0569764
6.63 -0.308894 -0.00331173 0.050333
6.64 -0.29863 -0.00335469 0.042294
6.65 -0.284199 -0.00341798 0.0325533
6.66 -0.265828 -0.00348931 0.0211454
6.67 -0.24394 -0.00355733 0.00839557
6.68 -0.218783 -0.0036147 -0.00521334
6.69 -0.190115 -0.00366031 -0.0191367
6.7 -0.157429 -0.00369981 -0.0326675
6.71 -0.120598 -0.0037441 -0.0448067
6.72 -0.0802579 -0.00380605 -0.0544654
6.73 -0.0373494 -0.00389766 -0.0609671
6.74 0.00763095 -0.00402663 -0.0644368
6.75 0.0545018 -0.00419384 -0.0657885
6.76 0.103004 -0.00439305 -0.0662567
6.77 0.15286 -0.00461249 -0.0667972
6.78 0.203629 -0.00483722 -0.0679332
6.79 0.254277 -0.0050519 -0.0700017
6.8 0.303054 -0.00524508 -0.0733583
6.81 0.347993 -0.00540761 -0.0783479
6.82 0.387553 -0.00553047 -0.0851575
6.83 0.420521 -0.0056108 -0.0937282
6.84 0.445508 -0.00565043 -0.103728
6.85 0.461133 -0.0056529 -0.114548
6.86 0.466858 -0.0056249 -0.125322
6.87 0.463167 -0.0055725 -0.135
6.88 0.450682 -0.00549906 -0.142522
6.89 0.429483 -0.00540736 -0.147028
6.9 0.399376 -0.00529979 -0.14796
6.91 0.360839 -0.00517774 -0.145189
6.92 0.315385 -0.00504257 -0.139226
6.93 0.264544 -0.00489508 -0.131219
6.94 0.208815 -0.0047346 -0.122494
6.95 0.147991 -0.00455958 -0.113928
6.96 0.0824078 -0.00436879 -0.105737
6.97 0.0135517 -0.00416213 -0.0978247
6.98 -0.0564771 -0.00394116 -0.0902035
6.99 -0.125764 -0.00370893 -0.0830882
7 -0.192563 -0.00347087 -0.076606
7.01 -0.25451 -0.00324077 -0.070582
7.02 -0.308751 -0.0030339 -0.0646918
7.03 -0.353349 -0.00286338 -0.0586028
7.04 -0.38837 -0.00273983 -0.0518123
7.05 -0.415809 -0.00266689 -0.0434687
7.06 -0.438047 -0.00264458 -0.0325491
7.07 -0.455979 -0.00266681 -0.0182729
7.08 -0.469026 -0.00272287 -0.000342228
7.09 -0.476431 -0.00280111 0.0210972
7.1 -0.478098 -0.00289141 0.045549
7.11 -0.474433 -0.00298794 0.072127
7.12 -0.465774 -0.00308924 0.0995685
7.13 -0.45238 -0.00319787 0.126493
7.14 -0.434691 -0.00331849 0.151706
7.15 -0.41317 -0.00345436 0.174284
7.16 -0.387985 -0.00360636 0.193495
7.17 -0.358981 -0.00377244 0.208855
7.18 -0.325798 -0.00394719 0.220252
7.19 -0.28794 -0.00412424 0.227826
7.2 -0.244999 -0.00429794 0.231748
7.21 -0.196779 -0.00446476 0.232157
7.22 -0.142968 -0.00462558 0.229232
7.23 -0.0831578 -0.00478578 0.22324
7.24 -0.0174852 -0.00495309 0.214519
7.25 0.0529181 -0.00513499 0.203438
7.26 0.126147 -0.00533663 0.190326
7.27 0.200185 -0.00555678 0.175396
7.28 0.273253 -0.00578977 0.15862
7.29 0.343639 -0.00602459 0.139681
7.3 0.409765 -0.00624306 0.118159
7.31 0.470718 -0.00642796 0.0938576
7.32 0.526072 -0.00656317 0.0669359
7.33 0.574438 -0.00664272 0.0378488
7.34 0.612628 -0.0066569 0.007225
7.35 0.636991 -0.0066014 -0.0242314
7.36 0.645667 -0.00649874 -0.0558088
7.37 0.639414 -0.0063593 -0.0868543
7.38 0.620251 -0.00618463 -0.116755
7.39 0.589571 -0.00598102 -0.144884
7.4 0.548027 -0.0057513 -0.170706
7.41 0.496689 -0.00550065 -0.193955
7.42 0.43758 -0.00523477 -0.214589
7.43 0.37292 -0.00495877 -0.232642
7.44 0.303622 -0.00467669 -0.248197
7.45 0.229075 -0.00438989 -0.261398
7.46 0.148637 -0.00409823 -0.272337
7.47 0.0631708 -0.00380026 -0.280876
7.48 -0.0246211 -0.00349771 -0.286585
7.49 -0.111136 -0.00319338 -0.288999
7.5 -0.193261 -0.00289503 -0.288069
7.51 -0.268941 -0.00261355 -0.284275
7.52 -0.336541 -0.00235958 -0.278226
7.53 -0.394459 -0.00214872 -0.270215
7.54 -0.441523 -0.00199175 -0.260192
7.55 -0.477528 -0.00189959 -0.248111
7.56 -0.503744 -0.00187371 -0.234151
7.57 -0.522474 -0.00189922 -0.218623
7.58 -0.535066 -0.00196199 -0.20168
7.59 -0.540513 -0.00205051 -0.183152
7.6 -0.53669 -0.00215258 -0.162737
7.61 -0.522739 -0.00226313 -0.140245
7.62 -0.500035 -0.00238492 -0.115592
7.63 -0.471098 -0.00252397 -0.0886293
7.64 -0.437749 -0.00269112 -0.0590297
7.65 -0.400347 -0.00289646 -0.0264285
7.66 -0.358061 -0.00314691 0.00927437
7.67 -0.309701 -0.00344458 0.0477386
7.68 -0.255182 -0.0037847 0.0882111
7.69 -0.196147 -0.00415419 0.129672
7.7 -0.134709 -0.00453255 0.171023
7.71 -0.071943 -0.0049099 0.211259
7.72 -0.00803862 -0.00527692 0.249573
7.73 0.0564457 -0.00562058 0.285314
7.74 0.120252 -0.0059368 0.3179
7.75 0.182299 -0.006224 0.346802
7.76 0.242238 -0.00648193 0.371579
7.77 0.299901 -0.00670384 0.391842
7.78 0.354395 -0.00689214 0.407033
7.79 0.403789 -0.00705241 0.416323
7.8 0.445855 -0.00718911 0.418877
7.81 0.479179 -0.00730046 0.414147
7.82 0.503948 -0.00737649 0.401887
7.83 0.522075 -0.00740443 0.382095
7.84 0.536063 -0.00737387 0.355028
7.85 0.547421 -0.00728959 0.321242
7.86 0.556344 -0.0071599 0.281653
7.87 0.56237 -0.00699823 0.237387
7.88 0.564549 -0.0068192 0.189501
7.89 0.561284 -0.00663367 0.138976
7.9 0.550475 -0.00644829 0.0869043
7.91 0.529981 -0.00626051 0.0345436
7.92 0.498485 -0.0060603 -0.0168663
7.93 0.456168 -0.00583552 -0.0663768
7.94 0.404534 -0.00557394 -0.113501
7.95 0.345378 -0.00526806 -0.158192
7.96 0.279875 -0.00491688 -0.200661
7.97 0.208703 -0.00452409 -0.241167
7.98 0.132562 -0.00410074 -0.279846
7.99 0.0527458 -0.00367213 -0.316488
8 -0.0285751 -0.00325991 -0.350412
8.01 -0.109161 -0.00287436 -0.380564
8.02 -0.187928 -0.00252331 -0.405721
8.03 -0.264898 -0.00220416 -0.424706
8.04 -0.339722 -0.00190177 -0.436645
8.05 -0.410727 -0.00161332 -0.441136
8.06 -0.475919 -0.00135196 -0.438219
8.07 -0.534516 -0.00113249 -0.428302
8.08 -0.586835 -0.000961264 -0.412049
8.09 -0.632733 -0.000845109 -0.390172
8.1 -0.670767 -0.000786914 -0.363328
8.11 -0.698937 -0.000784295 -0.332284
8.12 -0.715518 -0.000838998 -0.298084
8.13 -0.719232 -0.000947076 -0.261892
8.14 -0.709355 -0.00110839 -0.224583
8.15 -0.685913 -0.00132463 -0.186365
8.16 -0.64969 -0.00159409 -0.146795
8.17 -0.602029 -0.00191435 -0.105288
8.18 -0.544509 -0.00228206 -0.0616372
8.19 -0.478692 -0.00269102 -0.0161585
8.2 -0.406273 -0.00313361 0.0305184
8.21 -0.329237 -0.00360126 0.0776691
8.22 -0.249691 -0.00408051 0.124603
8.23 -0.169755 -0.00453512 0.170763
8.24 -0.0914291 -0.0049412 0.215767
8.25 -0.0162488 -0.00532489 0.259367
8.26 0.0548766 -0.00569063 0.301316
8.27 0.121281 -0.00602361 0.34127
8.28 0.182233 -0.00632326 0.378825
8.29 0.237184 -0.00658732 0.413607
8.3 0.285807 -0.0068191 0.445331
8.31 0.327522 -0.00701772 0.473799
8.32 0.361414 -0.00717491 0.498866
8.33 0.386852 -0.00728802 0.520312
8.34 0.403853 -0.00736975 0.537664
8.35 0.412748 -0.00742702 0.550128
8.36 0.413777 -0.00745803 0.556704
8.37 0.406938 -0.0074551 0.556461
8.38 0.392188 -0.00740478 0.548863
8.39 0.369912 -0.00730756 0.533937
8.4 0.340932 -0.00716431 0.512166
8.41 0.30591 -0.0069734 0.48428
8.42 0.265104 -0.00673992 0.451145
8.43 0.218701 -0.00647009 0.413671
8.44 0.16704 -0.00617344 0.372779
8.45 0.11056 -0.00585805 0.329432
8.46 0.0498351 -0.00553073 0.284533
8.47 -0.0142212 -0.00519878 0.238748
8.48 -0.0803763 -0.00486588 0.192415
8.49 -0.147585 -0.00452989 0.145494
8.5 -0.21529 -0.00415635 0.0976099
8.51 -0.282845 -0.00373926 0.0483559
8.52 -0.348687 -0.00332518 -0.00239067
8.53 -0.410431 -0.00292293 -0.0543601
8.54 -0.465826 -0.00252897 -0.10685
8.55 -0.513517 -0.0021529 -0.158797
8.56 -0.553254 -0.00180283 -0.208965
8.57 -0.585563 -0.00148898 -0.256064
8.58 -0.610912 -0.00122078 -0.298869
8.59 -0.629233 -0.00100737 -0.33636
8.6 -0.640487 -0.000853575 -0.367769
8.61 -0.645459 -0.00075618 -0.392545
8.62 -0.645543 -0.000698881 -0.41035
8.63 -0.641883 -0.000686471 -0.421046
8.64 -0.635142 -0.000726173 -0.424611
8.65 -0.625787 -0.000802845 -0.421158
8.66 -0.614042 -0.000900547 -0.411015
8.67 -0.599583 -0.00101551 -0.394696
8.68 -0.581447 -0.00115127 -0.372783
8.69 -0.558477 -0.00130993 -0.34578
8.7 -0.530045 -0.00149903 -0.314124
8.71 -0.496193 -0.00172474 -0.278345
8.72 -0.456886 -0.00199249 -0.239155
8.73 -0.411401 -0.00230578 -0.197319
8.74 -0.35895 -0.00266527 -0.153444
8.75 -0.299788 -0.00306658 -0.107894
8.76 -0.235432 -0.00350054 -0.060994
8.77 -0.167829 -0.0039535 -0.0133166
8.78 -0.0980709 -0.00441097 0.0341388
8.79 -0.0258992 -0.00480576 0.0799483
8.8 0.0496035 -0.00514461 0.122542
8.81 0.129238 -0.00548319 0.160597
8.82 0.213142 -0.00580663 0.193278
8.83 0.30021 -0.00611858 0.220257
8.84 0.387653 -0.00642481 0.241594
8.85 0.47124 -0.00672317 0.257533
8.86 0.546406 -0.00700667 0.268301
8.87 0.609591 -0.00725484 0.274023
8.88 0.659175 -0.00745321 0.274767
8.89 0.695465 -0.00759037 0.27069
8.9 0.719525 -0.00765283 0.262183
8.91 0.732164 -0.00763903 0.249842
8.92 0.734067 -0.00755466 0.234279
8.93 0.726382 -0.00741266 0.216022
8.94 0.710779 -0.0072339 0.195568
8.95 0.688964 -0.00704187 0.173546
8.96 0.662352 -0.00685515 0.150752
8.97 0.632079 -0.00668702 0.127895
8.98 0.598747 -0.0065417 0.105329
8.99 0.562098 -0.00641376 0.083102
9 0.521204 -0.00629075 0.061083
9.01 0.475013 -0.00615628 0.039048
9.02 0.422884 -0.00599427 0.0168096
9.03 0.364959 -0.00579286 -0.00573246
9.04 0.30195 -0.00554745 -0.0286167
9.05 0.234652 -0.00526083 -0.0517772
9.06 0.163919 -0.00494428 -0.0749415
9.07 0.0908167 -0.0046073 -0.097576
9.08 0.0165915 -0.0042481 -0.118891
9.09 -0.0573516 -0.00388133 -0.137962
9.1 -0.129705 -0.0035375 -0.15396
9.11 -0.199805 -0.00323222 -0.166334
9.12 -0.267743 -0.00295956 -0.174921
9.13 -0.333867 -0.00271401 -0.179941
9.14 -0.3982 -0.00249203 -0.181792
9.15 -0.45989 -0.00228506 -0.180961
9.16 -0.517193 -0.00208997 -0.178119
9.17 -0.568514 -0.00190581 -0.174146
9.18 -0.613342 -0.0017342 -0.169981
9.19 -0.651986 -0.00157917 -0.166301
9.2 -0.684632 -0.0014468 -0.16314
9.21 -0.710665 -0.00134415 -0.159866
9.22 -0.728866 -0.00127763 -0.155705
9.23 -0.738127 -0.00125298 -0.150175
9.24 -0.738014 -0.0012731 -0.143158
9.25 -0.728917 -0.0013381 -0.134794
9.26 -0.711682 -0.00144289 -0.125303
9.27 -0.686732 -0.00158223 -0.114867
9.28 -0.653298 -0.00175627 -0.103682
9.29 -0.609751 -0.001966 -0.0919647
9.3 -0.554926 -0.00221371 -0.0797996
9.31 -0.488919 -0.00250206 -0.067039
9.32 -0.41259 -0.00283298 -0.0535212
9.33 -0.326948 -0.00320702 -0.0393633
9.34 -0.233379 -0.00362129 -0.0249756
9.35 -0.133952 -0.00406601 -0.010854
9.36 -0.0310103 -0.0045026 0.00258877
9.37 0.073223 -0.00487264 0.0150145
9.38 0.176599 -0.00522484 0.0260723
9.39 0.277007 -0.00558035 0.0353664
9.4 0.372779 -0.00589998 0.0424495
9.41 0.463271 -0.00618571 0.0468101
9.42 0.548677 -0.00642922 0.0479184
9.43 0.629061 -0.00663623 0.0453455
9.44 0.70384 -0.00680163 0.0389072
9.45 0.771912 -0.00689873 0.0288337
9.46 0.83205 -0.00692268 0.0158436
9.47 0.883452 -0.00692987 0.000920822
9.48 0.925869 -0.00693555 -0.015018
9.49 0.959177 -0.00692329 -0.0312368
9.5 0.982706 -0.00690189 -0.0471479
9.51 0.994648 -0.00687274 -0.062285
9.52 0.992652 -0.00683264 -0.0762679
9.53 0.975656 -0.00676613 -0.0888002
9.54 0.944757 -0.00666449 -0.0996928
9.55 0.902343 -0.00653128 -0.108842
9.56 0.850899 -0.00636879 -0.116221
9.57 0.792296 -0.00618383 -0.121997
9.58 0.728018 -0.00598657 -0.126677
9.59 0.659823 -0.00578628 -0.130961
9.6 0.589518 -0.00559087 -0.135427
9.61 0.517926 -0.00540543 -0.140353
9.62 0.444302 -0.00523126 -0.14575
9.63 0.367101 -0.00506432 -0.151484
9.64 0.285583 -0.00489651 -0.157412
9.65 0.200626 -0.00471321 -0.163399
9.66 0.114102 -0.00448912 -0.1693
9.67 0.0276141 -0.00420602 -0.174967
9.68 -0.0583086 -0.00387895 -0.180234
9.69 -0.143636 -0.00353261 -0.184863
9.7 -0.227514 -0.00318241 -0.188566
9.71 -0.308144 -0.00283912 -0.191077
9.72 -0.383944 -0.00251943 -0.192239
9.73 -0.454016 -0.00224044 -0.192025
9.74 -0.517365 -0.00200436 -0.190517
9.75 -0.572445 -0.00181325 -0.187907
9.76 -0.618094 -0.00166537 -0.184515
9.77 -0.654671 -0.00155415 -0.180707
9.78 -0.683755 -0.00147238 -0.176741
9.79 -0.706706 -0.00141313 -0.172651
9.8 -0.723708 -0.00136849 -0.168206
9.81 -0.733741 -0.00134118 -0.162981
9.82 -0.73488 -0.00134559 -0.156487
9.83 -0.724937 -0.00138639 -0.14821
9.84 -0.702433 -0.00147292 -0.137651
9.85 -0.666937 -0.00161915 -0.1244
9.86 -0.618589 -0.00183333 -0.108196
9.87 -0.557703 -0.00212211 -0.0888892
9.88 -0.484846 -0.0024861 -0.0664232
9.89 -0.40123 -0.00291959 -0.0409157
9.9 -0.30883 -0.00341025 -0.012735
9.91 -0.209763 -0.00394062 0.0175355
9.92 -0.105518 -0.0044845 0.0492318
9.93 0.00304244 -0.00495396 0.0817275
9.94 0.115082 -0.00532928 0.114468
9.95 0.22939 -0.00568091 0.146841
9.96 0.344491 -0.00602381 0.177959
9.97 0.458875 -0.00635501 0.20672
9.98 0.570891 -0.00667573 0.232088
9.99 0.678346 -0.00698835 0.253329
10 0.778073 -0.0072706 0.270146
