0.1 7.4623e-019 0 -1.57508e-017 3.00463e-017 0 -6.04105e-016
0.2 2.85436e-018 0 -2.72595e-017 5.3678e-017 0 -9.55464e-016
0.3 1.09391e-018 0 -2.825e-017 -2.55846e-017 0 -1.42819e-015
0.4 2.49797e-018 0 -1.38047e-017 4.35559e-017 0 -1.29208e-015
0.5 9.97789e-018 0 9.63911e-018 1.05903e-017 0 -1.24131e-015
0.6 2.17264e-018 0 -1.22838e-017 -1.47223e-017 0 -1.46215e-015
0.7 -1.11255e-017 0 8.52801e-017 -2.01086e-018 0 -2.19964e-015
0.8 1.26258e-017 0 -3.71035e-017 4.58057e-017 0 -2.86378e-015
0.9 6.26088e-018 0 -4.90122e-017 6.17983e-017 0 -2.59661e-015
1 -6.01303e-018 0 -5.7434e-016 1.38994e-017 0 -2.31811e-015
0.01 -2.31671e-005 0 2.76754e-005 -2.37102e-005 0 2.82033e-005
0.02 -8.93831e-005 0 0.00010831 -9.31896e-005 0 0.000112056
0.03 -0.000169163 0 0.000206692 -0.000182407 0 0.000219886
0.04 -0.000237163 0 0.000285575 -0.000268562 0 0.000317171
0.05 -0.00029485 0 0.000337763 -0.000353154 0 0.000396711
0.06 -0.000342302 0 0.000358894 -0.000433702 0 0.000450962
0.07 -0.000377863 0 0.000347598 -0.000504051 0 0.00047273
0.08 -0.000399415 0 0.000306361 -0.000556608 0 0.000457242
0.09 -0.000405516 0 0.000240799 -0.00058459 0 0.000403032
0.1 -0.000396061 0 0.000157559 -0.000583767 0 0.000311488
0.11 -0.000372268 0 6.25369e-005 -0.000553291 0 0.000186338
0.12 -0.000336216 0 -4.06102e-005 -0.000495682 0 3.27362e-005
0.13 -0.000290474 0 -0.000151578 -0.000416387 0 -0.000144141
0.14 -0.000237789 0 -0.000272552 -0.000322894 0 -0.000339312
0.15 -0.000180583 0 -0.000405471 -0.000223292 0 -0.000546821
0.16 -0.000120047 0 -0.000550098 -0.000124218 0 -0.000759413
0.17 -5.59999e-005 0 -0.000704093 -2.96035e-005 0 -0.000969891
0.18 1.19857e-005 0 -0.000864632 5.90299e-005 0 -0.00117344
0.19 8.3785e-005 0 -0.00103038 0.000142104 0 -0.00136976
0.2 0.000158342 0 -0.00120108 0.000221344 0 -0.00156223
0.21 0.000234034 0 -0.00137527 0.000299365 0 -0.00175482
0.22 0.000310037 0 -0.00154932 0.000379961 0 -0.0019499
0.23 0.000386156 0 -0.00171814 0.000466872 0 -0.00214749
0.24 0.000461607 0 -0.00187676 0.000561711 0 -0.00234576
0.25 0.000534601 0 -0.00202132 0.000663032 0 -0.00254117
0.26 0.000603955 0 -0.00214943 0.000767869 0 -0.00272869
0.27 0.000672651 0 -0.00226151 0.000875788 0 -0.00290373
0.28 0.000747411 0 -0.00236168 0.000989534 0 -0.00306416
0.29 0.00083244 0 -0.00245641 0.00111001 0 -0.00321038
0.3 0.000925857 0 -0.00255236 0.00123355 0 -0.00334474
0.31 0.00102428 0 -0.00265354 0.00135672 0 -0.0034697
0.32 0.00112545 0 -0.00275801 0.0014787 0 -0.00358486
0.33 0.00122502 0 -0.00285747 0.00159744 0 -0.00368592
0.34 0.00131731 0 -0.00294203 0.00170963 0 -0.00376817
0.35 0.00139794 0 -0.00300627 0.00181246 0 -0.0038311
0.36 0.00146359 0 -0.00305013 0.00190279 0 -0.00387811
0.37 0.00151226 0 -0.0030742 0.00197724 0 -0.00391111
0.38 0.00154479 0 -0.0030749 0.00203403 0 -0.0039256
0.39 0.00156338 0 -0.00304631 0.00207216 0 -0.00391248
0.4 0.00156806 0 -0.00298707 0.00208868 0 -0.00386544
0.41 0.00155739 0 -0.00290293 0.00208003 0 -0.0037846
0.42 0.00153049 0 -0.00280207 0.00204442 0 -0.00367321
0.43 0.00148806 0 -0.00268875 0.00198295 0 -0.00353257
0.44 0.00143331 0 -0.00256144 0.00190048 0 -0.00336081
0.45 0.00136925 0 -0.00241784 0.00180274 0 -0.00315778
0.46 0.00129786 0 -0.00226027 0.00169494 0 -0.00292995
0.47 0.00122248 0 -0.00209404 0.00158371 0 -0.00268798
0.48 0.00114524 0 -0.00192162 0.00147393 0 -0.00244007
0.49 0.00106524 0 -0.0017416 0.00136641 0 -0.00218988
0.5 0.000984411 0 -0.00155248 0.00126355 0 -0.0019393
0.51 0.000908487 0 -0.00135436 0.00117035 0 -0.00168956
0.52 0.000839985 0 -0.00114622 0.00108795 0 -0.00143829
0.53 0.000780094 0 -0.000925159 0.00101598 0 -0.00117912
0.54 0.000735991 0 -0.000693314 0.000960465 0 -0.00090922
0.55 0.000717265 0 -0.000463544 0.000930958 0 -0.000636364
0.56 0.000722633 0 -0.000249573 0.000927562 0 -0.000370624
0.57 0.000732618 0 -5.13015e-005 0.000932837 0 -0.000110816
0.58 0.000722147 0 0.000140921 0.000922674 0 0.000151214
0.59 0.000682358 0 0.000330515 0.000886724 0 0.000415525
0.6 0.000624823 0 0.000508998 0.000832785 0 0.000669145
0.61 0.000562575 0 0.000662827 0.000769369 0 0.000893356
0.62 0.000497556 0 0.000783972 0.000694748 0 0.00107471
0.63 0.000438544 0 0.000873202 0.000616039 0 0.00120904
0.64 0.000407583 0 0.000935536 0.000556723 0 0.0012979
0.65 0.000407799 0 0.000977047 0.000524892 0 0.00134623
0.66 0.000417038 0 0.00100031 0.00050545 0 0.00135818
0.67 0.000420094 0 0.000999963 0.000489634 0 0.00133226
0.68 0.000419246 0 0.000971743 0.000483532 0 0.00126934
0.69 0.000419499 0 0.000921303 0.000492657 0 0.00118038
0.7 0.000423604 0 0.00085481 0.000517268 0 0.00107624
0.71 0.000435871 0 0.000767257 0.000557104 0 0.000955229
0.72 0.000454987 0 0.000643661 0.000605432 0 0.000803361
0.73 0.000469619 0 0.000473088 0.000645598 0 0.000607616
0.74 0.000466048 0 0.000266692 0.0006591 0 0.000374318
0.75 0.00043629 0 5.46354e-005 0.000633968 0 0.000127888
0.76 0.000382675 0 -0.000140851 0.000569831 0 -0.000113631
0.77 0.000319887 0 -0.000318922 0.000480826 0 -0.000350433
0.78 0.000274107 0 -0.000488913 0.000395883 0 -0.000589657
0.79 0.000267304 0 -0.000656453 0.000343794 0 -0.000832413
0.8 0.000299738 0 -0.000820341 0.000335028 0 -0.00107182
0.81 0.000358225 0 -0.000982721 0.000367539 0 -0.00130437
0.82 0.000431667 0 -0.00115702 0.000439127 0 -0.00153927
0.83 0.000512598 0 -0.00135524 0.000546501 0 -0.00178707
0.84 0.000596683 0 -0.00157114 0.000683626 0 -0.00204334
0.85 0.000692108 0 -0.00178631 0.000851744 0 -0.00229381
0.86 0.000817457 0 -0.00198027 0.00105966 0 -0.00252267
0.87 0.000966478 0 -0.00212614 0.00129132 0 -0.00270608
0.88 0.00110473 0 -0.00219823 0.00150375 0 -0.0028179
0.89 0.00122223 0 -0.00219456 0.00168005 0 -0.00285144
0.9 0.00135181 0 -0.00214072 0.00184929 0 -0.00282471
0.91 0.0015252 0 -0.00206149 0.00204501 0 -0.00275471
0.92 0.00172405 0 -0.00194704 0.00225649 0 -0.00262583
0.93 0.00189512 0 -0.00175938 0.00244051 0 -0.00239652
0.94 0.00201205 0 -0.00148184 0.00257822 0 -0.00204797
0.95 0.00209183 0 -0.00115626 0.00268916 0 -0.00162167
0.96 0.00216346 0 -0.000854973 0.00280053 0 -0.00119376
0.97 0.00223115 0 -0.000611699 0.00291225 0 -0.000807982
0.98 0.00226238 0 -0.000400951 0.00298572 0 -0.000453879
0.99 0.00223512 0 -0.000185736 0.00299089 0 -0.000110269
1 0.00217037 0 3.93465e-005 0.00294005 0 0.000216023
1.01 0.00208653 0 0.000247326 0.0028451 0 0.000491509
1.02 0.00197917 0 0.000409195 0.00269927 0 0.000686125
1.03 0.00186536 0 0.000533398 0.0025222 0 0.00081187
1.04 0.00178778 0 0.000668994 0.00236484 0 0.00092603
1.05 0.00175719 0 0.000856452 0.00225165 0 0.00108237
1.06 0.00173224 0 0.00109066 0.00215697 0 0.00129276
1.07 0.00167114 0 0.00133469 0.00205099 0 0.001537
1.08 0.00158439 0 0.00154537 0.00194847 0 0.00178332
1.09 0.00150337 0 0.00169867 0.00187746 0 0.00200993
1.1 0.00140909 0 0.00181 0.00180987 0 0.00222452
1.11 0.00125966 0 0.00192143 0.00168977 0 0.00245445
1.12 0.00107764 0 0.00206487 0.00152313 0 0.00271489
1.13 0.000940913 0 0.00223142 0.00137442 0 0.00298249
1.14 0.0008888 0 0.0023671 0.00127935 0 0.00319277
1.15 0.000924312 0 0.00240454 0.00124948 0 0.00327087
1.16 0.00106587 0 0.00231277 0.00132248 0 0.00317975
1.17 0.00130403 0 0.00213255 0.00151456 0 0.00295609
1.18 0.00158595 0 0.00195802 0.00179773 0 0.00269529
1.19 0.00185253 0 0.00185948 0.00212829 0 0.00247796
1.2 0.00205277 0 0.00183023 0.0024547 0 0.00231695
1.21 0.00215852 0 0.00181152 0.00273019 0 0.00217739
1.22 0.00216678 0 0.00174413 0.00291851 0 0.00202079
1.23 0.00209193 0 0.00159372 0.00299401 0 0.00182373
1.24 0.0019715 0 0.00135684 0.00295777 0 0.00158083
1.25 0.00187418 0 0.0010552 0.00285632 0 0.00129989
1.26 0.00187021 0 0.000718091 0.00276046 0 0.000988668
1.27 0.00198454 0 0.000374477 0.00272084 0 0.000652877
1.28 0.00219639 0 5.24416e-005 0.00276172 0 0.00030176
1.29 0.00244805 0 -0.000225005 0.00287737 0 -5.12678e-005
1.3 0.00266745 0 -0.000438508 0.00303916 0 -0.000384527
1.31 0.00283016 0 -0.000578613 0.00324501 0 -0.000674377
1.32 0.00295772 0 -0.000668229 0.00351288 0 -0.00092093
1.33 0.00305964 0 -0.00076843 0.00382545 0 -0.00116029
1.34 0.003166 0 -0.000942511 0.00417092 0 -0.00143654
1.35 0.00336496 0 -0.00119278 0.00459339 0 -0.00174421
1.36 0.00370266 0 -0.00143958 0.00510681 0 -0.00200735
1.37 0.00411042 0 -0.00159295 0.00562933 0 -0.00214619
1.38 0.0044617 0 -0.00163673 0.00603742 0 -0.00215552
1.39 0.00466723 0 -0.00164268 0.00625263 0 -0.00211707
1.4 0.00471183 0 -0.00171071 0.00627114 0 -0.00214147
1.41 0.00459847 0 -0.00185178 0.00610408 0 -0.00225259
1.42 0.00433974 0 -0.00194921 0.00576756 0 -0.00234516
1.43 0.00400836 0 -0.00188367 0.00533486 0 -0.0023022
1.44 0.00367663 0 -0.00165296 0.00488009 0 -0.00211062
1.45 0.003328 0 -0.0013646 0.00439201 0 -0.0018575
1.46 0.00288658 0 -0.00114175 0.00380062 0 -0.0016455
1.47 0.0022995 0 -0.00100611 0.00305429 0 -0.00148439
1.48 0.00154641 0 -0.00085189 0.00212623 0 -0.00126641
1.49 0.000577568 0 -0.000558508 0.000951973 0 -0.000873951
1.5 -0.000647438 0 -9.84464e-005 -0.000531086 0 -0.000282044
1.51 -0.00200099 0 0.000474274 -0.00221865 0 0.000454319
1.52 -0.00318027 0 0.00109966 -0.00381626 0 0.00127346
1.53 -0.00396343 0 0.00176593 -0.00507794 0 0.00215929
1.54 -0.00438115 0 0.00249083 -0.00597495 0 0.00312311
1.55 -0.00458464 0 0.00326247 -0.00658075 0 0.00414599
1.56 -0.00468571 0 0.00403657 -0.00693673 0 0.00517627
1.57 -0.00474916 0 0.00476433 -0.00706616 0 0.00615673
1.58 -0.0048274 0 0.00538354 -0.00702091 0 0.00701441
1.59 -0.00496639 0 0.00582046 -0.00688911 0 0.00766122
1.6 -0.00521593 0 0.00604468 -0.00679745 0 0.00804862
1.61 -0.00559557 0 0.0061423 -0.00686139 0 0.00824472
1.62 -0.00600101 0 0.00627673 -0.00706844 0 0.00840372
1.63 -0.00616759 0 0.00649144 -0.00721251 0 0.00857594
1.64 -0.00577329 0 0.00661968 -0.00696838 0 0.00861491
1.65 -0.00466993 0 0.00646972 -0.00610979 0 0.00835024
1.66 -0.00302084 0 0.00603106 -0.00466332 0 0.00778308
1.67 -0.00118389 0 0.00546271 -0.00283627 0 0.00707374
1.68 0.000512431 0 0.00492691 -0.000847297 0 0.00638298
1.69 0.00188499 0 0.00445316 0.00114902 0 0.00574256
1.7 0.00288299 0 0.00397944 0.00303635 0 0.00509683
1.71 0.00358875 0 0.00347996 0.00475447 0 0.00442714
1.72 0.00421768 0 0.00297252 0.00634115 0 0.00375696
1.73 0.00499342 0 0.00244457 0.00786078 0 0.00307693
1.74 0.00601201 0 0.00183855 0.00931391 0 0.00232836
1.75 0.00725547 0 0.00108917 0.0106734 0 0.00143805
1.76 0.00864777 0 0.00015499 0.0119368 0 0.000348631
1.77 0.0100245 0 -0.000960212 0.0130696 0 -0.000958181
1.78 0.0111149 0 -0.00217885 0.0139441 0 -0.00242724
1.79 0.0117048 0 -0.00335385 0.014455 0 -0.00392509
1.8 0.0118116 0 -0.00436994 0.014663 0 -0.0053322
1.81 0.0116149 0 -0.00524312 0.0147218 0 -0.00664011
1.82 0.0112977 0 -0.00607018 0.0147389 0 -0.00790781
1.83 0.0109821 0 -0.00690479 0.0147402 0 -0.00914941
1.84 0.0107381 0 -0.0077034 0.0147086 0 -0.0102891
1.85 0.0105692 0 -0.00835373 0.0145914 0 -0.0111924
1.86 0.0103739 0 -0.00875745 0.0142707 0 -0.0117479
1.87 0.0100697 0 -0.00890964 0.0136843 0 -0.0119446
1.88 0.00980679 0 -0.00889466 0.013033 0 -0.0118698
1.89 0.00982981 0 -0.00880802 0.0126395 0 -0.0116341
1.9 0.0100512 0 -0.00869228 0.0125114 0 -0.0113075
1.91 0.0100353 0 -0.00853071 0.0122928 0 -0.0109096
1.92 0.00941439 0 -0.00827704 0.0116405 0 -0.0104303
1.93 0.00808261 0 -0.00790589 0.010395 0 -0.00987179
1.94 0.00608774 0 -0.00744472 0.00848286 0 -0.00927516
1.95 0.00356001 0 -0.00694209 0.00587813 0 -0.00868771
1.96 0.000762122 0 -0.00642912 0.00269877 0 -0.00812767
1.97 -0.00192653 0 -0.00591389 -0.000759126 0 -0.00758285
1.98 -0.00421927 0 -0.00538543 -0.00419383 0 -0.0070191
1.99 -0.00609098 0 -0.00483196 -0.00746087 0 -0.00640273
2 -0.00772589 0 -0.00424185 -0.0105525 0 -0.00570492
2.01 -0.00935583 0 -0.00357352 -0.0134922 0 -0.00487363
2.02 -0.0111185 0 -0.00274123 -0.0162519 0 -0.00381811
2.03 -0.0130549 0 -0.00165235 -0.0187907 0 -0.00244252
2.04 -0.0151556 0 -0.000287759 -0.0211178 0 -0.000723296
2.05 -0.0172577 0 0.00125812 -0.0231766 0 0.00124925
2.06 -0.0190414 0 0.00283871 -0.0248009 0 0.00332636
2.07 -0.0203135 0 0.00434525 -0.0259472 0 0.0053847
2.08 -0.0211536 0 0.00573649 -0.0267997 0 0.00735452
2.09 -0.0217305 0 0.00700395 -0.0275718 0 0.00918886
2.1 -0.0220943 0 0.00811382 -0.0282985 0 0.0108121
2.11 -0.022187 0 0.00900602 -0.0288549 0 0.0121248
2.12 -0.022025 0 0.00965081 -0.029155 0 0.0130658
2.13 -0.0217511 0 0.0100651 -0.0292305 0 0.0136327
2.14 -0.0214951 0 0.010296 -0.0291241 0 0.0138702
2.15 -0.0212426 0 0.0104088 -0.0287812 0 0.0138599
2.16 -0.0208013 0 0.0104505 -0.0280192 0 0.0136836
2.17 -0.0199545 0 0.0104004 -0.0266649 0 0.0133673
2.18 -0.0187092 0 0.0101549 -0.0247824 0 0.012855
2.19 -0.017234 0 0.00960398 -0.0226008 0 0.0120701
2.2 -0.0155379 0 0.00874018 -0.0201847 0 0.0110155
2.21 -0.0134628 0 0.00766499 -0.0174136 0 0.00977913
2.22 -0.0109511 0 0.00650968 -0.0142356 0 0.00846407
2.23 -0.00813385 0 0.005363 -0.0107554 0 0.00712801
2.24 -0.00519148 0 0.00423438 -0.00711018 0 0.00575631
2.25 -0.00223891 0 0.00306545 -0.0033751 0 0.00427759
2.26 0.000623896 0 0.00177344 0.00037002 0 0.0026061
2.27 0.00332718 0 0.000294152 0.00404629 0 0.000680956
2.28 0.0059476 0 -0.00137773 0.00769387 0 -0.00149697
2.29 0.00862046 0 -0.00318724 0.0113985 0 -0.00386453
2.3 0.0113618 0 -0.00506318 0.0151304 0 -0.00633924
2.31 0.0141071 0 -0.00693464 0.0187935 0 -0.00883433
2.32 0.0168091 0 -0.00871369 0.0223256 0 -0.0112405
2.33 0.0194073 0 -0.0103098 0.0256676 0 -0.0134399
2.34 0.0217878 0 -0.0116758 0.0287163 0 -0.0153539
2.35 0.0238186 0 -0.0128173 0.0313499 0 -0.0169565
2.36 0.0254102 0 -0.0137589 0.0334793 0 -0.018247
2.37 0.0264973 0 -0.0145135 0.0350232 0 -0.019225
2.38 0.0270524 0 -0.0150733 0.0359235 0 -0.0198834
2.39 0.0272155 0 -0.0154069 0.0362832 0 -0.0202046
2.4 0.0272107 0 -0.0154435 0.0363014 0 -0.0201389
2.41 0.0271291 0 -0.0150618 0.036072 0 -0.0195847
2.42 0.026953 0 -0.014158 0.0356104 0 -0.0184469
2.43 0.0265877 0 -0.0127781 0.0348751 0 -0.0167652
2.44 0.0257793 0 -0.011145 0.0336636 0 -0.0147476
2.45 0.0242604 0 -0.00949992 0.0317316 0 -0.012626
2.46 0.0220233 0 -0.00793376 0.0290508 0 -0.0104994
2.47 0.0193014 0 -0.00638815 0.0257992 0 -0.00833561
2.48 0.0163308 0 -0.00476778 0.0221504 0 -0.00607524
2.49 0.0132135 0 -0.00302275 0.0181625 0 -0.00370277
2.5 0.00992108 0 -0.00115065 0.0137953 0 -0.00123993
2.51 0.00638665 0 0.000816418 0.00900242 0 0.00127134
2.52 0.00259165 0 0.00279645 0.00380885 0 0.00375231
2.53 -0.00143637 0 0.00468542 -0.0017025 0 0.00610975
2.54 -0.00560677 0 0.00641694 -0.00738341 0 0.00828852
2.55 -0.0097538 0 0.0079744 -0.0130138 0 0.0102785
2.56 -0.0137084 0 0.00936712 -0.0183746 0 0.0120891
2.57 -0.0173644 0 0.010593 -0.0233155 0 0.0137118
2.58 -0.0206928 0 0.0116216 -0.027772 0 0.0151049
2.59 -0.0237323 0 0.0124377 -0.0317624 0 0.0162374
2.6 -0.0265401 0 0.0130741 -0.0353449 0 0.0171257
2.61 -0.0291094 0 0.0135604 -0.0385357 0 0.0177865
2.62 -0.0313364 0 0.0138646 -0.0412679 0 0.0181816
2.63 -0.0330706 0 0.0139407 -0.0434263 0 0.0182644
2.64 -0.0342652 0 0.0138254 -0.0449829 0 0.0180761
2.65 -0.0350974 0 0.0136427 -0.0461153 0 0.017752
2.66 -0.0357948 0 0.0134891 -0.0470442 0 0.0174098
2.67 -0.0363785 0 0.0133105 -0.0477887 0 0.0170244
2.68 -0.0366578 0 0.0129171 -0.0481592 0 0.0164332
2.69 -0.0364197 0 0.0121504 -0.0479354 0 0.0154882
2.7 -0.0356307 0 0.0110212 -0.0470607 0 0.0141884
2.71 -0.034414 0 0.00970577 -0.0456244 0 0.0126808
2.72 -0.0328225 0 0.00843741 -0.043648 0 0.0111677
2.73 -0.0307203 0 0.00734351 -0.0409729 0 0.00976009
2.74 -0.0279583 0 0.00632748 -0.0374332 0 0.00836553
2.75 -0.0246075 0 0.00515054 -0.0330875 0 0.00676194
2.76 -0.0208774 0 0.00367577 -0.0281461 0 0.00482828
2.77 -0.0169272 0 0.00194943 -0.022792 0 0.00261806
2.78 -0.0128476 0 2.46189e-005 -0.0171669 0 0.000183168
2.79 -0.00864343 0 -0.00214026 -0.0113452 0 -0.00252603
2.8 -0.00420002 0 -0.00453779 -0.00528347 0 -0.00551575
2.81 0.000521802 0 -0.00699349 0.00100526 0 -0.00862472
2.82 0.00533044 0 -0.00925753 0.00730434 0 -0.0116037
2.83 0.009951 0 -0.0111657 0.0133327 0 -0.0142658
2.84 0.0141961 0 -0.0127231 0.0189009 0 -0.016569
2.85 0.0180286 0 -0.0140409 0.0239642 0 -0.0185641
2.86 0.021486 0 -0.0152373 0.0285467 0 -0.0203129
2.87 0.024577 0 -0.0164268 0.0326424 0 -0.0218945
2.88 0.027344 0 -0.0176712 0.0362821 0 -0.0233677
2.89 0.0298971 0 -0.0188835 0.0395744 0 -0.0246743
2.9 0.0322819 0 -0.0198678 0.0425782 0 -0.0256674
2.91 0.0344269 0 -0.0204878 0.0452474 0 -0.0262603
2.92 0.036231 0 -0.0207569 0.0475082 0 -0.0265026
2.93 0.0375989 0 -0.020752 0.0492819 0 -0.0264883
2.94 0.0384443 0 -0.0204876 0.0504794 0 -0.02623
2.95 0.0387275 0 -0.0199266 0.051035 0 -0.0256708
2.96 0.0384437 0 -0.0190574 0.0508994 0 -0.024765
2.97 0.0375493 0 -0.0178768 0.0499751 0 -0.0234679
2.98 0.0359552 0 -0.0163333 0.048118 0 -0.021685
2.99 0.0336483 0 -0.0143601 0.0452673 0 -0.0193123
3 0.0307984 0 -0.0119536 0.0415651 0 -0.0163176
3.01 0.0276801 0 -0.00918888 0.0372952 0 -0.0127635
3.02 0.0244898 0 -0.00616196 0.0327123 0 -0.00875433
3.03 0.0212688 0 -0.0029193 0.0279593 0 -0.00436743
3.04 0.0179057 0 0.000532632 0.0230472 0 0.000341882
3.05 0.0141855 0 0.00412684 0.0178679 0 0.00524818
3.06 0.00994667 0 0.00771436 0.0123167 0 0.0101414
3.07 0.00526513 0 0.0112092 0.00646097 0 0.0148773
3.08 0.000445397 0 0.0146469 0.000543916 0 0.0194445
3.09 -0.00424336 0 0.0180641 -0.00524605 0 0.0238533
3.1 -0.00874943 0 0.0214105 -0.0109261 0 0.0280524
3.11 -0.0130727 0 0.0245331 -0.0165344 0 0.031908
3.12 -0.0170193 0 0.0272406 -0.0218726 0 0.0352556
3.13 -0.0202623 0 0.0294269 -0.0265557 0 0.0380096
3.14 -0.0226974 0 0.0310812 -0.0303675 0 0.0401654
3.15 -0.0246202 0 0.0322244 -0.0334652 0 0.0417341
3.16 -0.0264855 0 0.0328949 -0.0361892 0 0.0427324
3.17 -0.0286394 0 0.033131 -0.0388452 0 0.0431713
3.18 -0.0311725 0 0.0329589 -0.0415804 0 0.0430518
3.19 -0.0337812 0 0.0324237 -0.0442275 0 0.042402
3.2 -0.0359051 0 0.0316038 -0.0463864 0 0.0412975
3.21 -0.0371651 0 0.0305918 -0.0477958 0 0.039847
3.22 -0.0375994 0 0.0294612 -0.0485286 0 0.0381589
3.23 -0.0374788 0 0.0282078 -0.0488074 0 0.0362786
3.24 -0.0370407 0 0.0267324 -0.0487684 0 0.034159
3.25 -0.0364194 0 0.0248894 -0.0484287 0 0.0316939
3.26 -0.0356373 0 0.0225024 -0.0477121 0 0.0287182
3.27 -0.0345337 0 0.0193989 -0.0463958 0 0.0250326
3.28 -0.03284 0 0.0155304 -0.0441866 0 0.0205234
3.29 -0.0304333 0 0.0110631 -0.0409642 0 0.0152677
3.3 -0.0274301 0 0.00634817 -0.0368694 0 0.00953284
3.31 -0.0240187 0 0.00179603 -0.0321374 0 0.00368489
3.32 -0.0202648 0 -0.00227237 -0.0269007 0 -0.00193298
3.33 -0.0161737 0 -0.0057285 -0.0212405 0 -0.00709624
3.34 -0.0119274 0 -0.008645 -0.0154117 0 -0.0117246
3.35 -0.00782399 0 -0.0112228 -0.0097794 0 -0.0158457
3.36 -0.00394832 0 -0.013716 -0.00448963 0 -0.0195649
3.37 -0.000100401 0 -0.0163603 0.000614761 0 -0.0230342
3.38 0.00400902 0 -0.0192574 0.00581942 0 -0.0263602
3.39 0.0085607 0 -0.0222916 0.0113555 0 -0.0295186
3.4 0.0134414 0 -0.0251791 0.0172067 0 -0.0323744
3.41 0.0181947 0 -0.0276115 0.0230243 0 -0.0347803
3.42 0.0223006 0 -0.0293749 0.0283544 0 -0.0366492
3.43 0.0255437 0 -0.0304067 0.0329666 0 -0.0379794
3.44 0.028061 0 -0.0307804 0.0369004 0 -0.038828
3.45 0.0301138 0 -0.0306276 0.0402707 0 -0.0392432
3.46 0.0318712 0 -0.0300897 0.0430988 0 -0.0392423
3.47 0.0333503 0 -0.0293043 0.0452942 0 -0.0388305
3.48 0.0344885 0 -0.0283569 0.0467483 0 -0.0379848
3.49 0.0352184 0 -0.0272409 0.0474133 0 -0.0366376
3.5 0.0354144 0 -0.0258739 0.0472353 0 -0.0347009
3.51 0.0348709 0 -0.0241457 0.0461051 0 -0.032109
3.52 0.0335394 0 -0.0219866 0.0440643 0 -0.0288717
3.53 0.0316641 0 -0.0194203 0.0414233 0 -0.0251073
3.54 0.0295266 0 -0.0165396 0.0385072 0 -0.021002
3.55 0.0271609 0 -0.0134474 0.0353749 0 -0.0167375
3.56 0.0243285 0 -0.0102217 0.0317881 0 -0.012447
3.57 0.0207667 0 -0.00690208 0.0274466 0 -0.00819442
3.58 0.0164672 0 -0.00348874 0.0222661 0 -0.00397336
3.59 0.0117252 0 5.59575e-005 0.0164491 0 0.000290316
3.6 0.00701746 0 0.00376469 0.0104053 0 0.00468862
3.61 0.00277182 0 0.00757898 0.00456291 0 0.00923307
3.62 -0.000916912 0 0.0113277 -0.000897438 0 0.0138147
3.63 -0.00435126 0 0.0148076 -0.00612973 0 0.0182641
3.64 -0.00793327 0 0.0179074 -0.0113783 0 0.0224611
3.65 -0.0118214 0 0.0206635 -0.0166895 0 0.0263901
3.66 -0.015897 0 0.0231847 -0.0219065 0 0.0300788
3.67 -0.0199637 0 0.025581 -0.0268671 0 0.0335491
3.68 -0.0238591 0 0.0279384 -0.031492 0 0.0368146
3.69 -0.0274212 0 0.0302067 -0.0357212 0 0.0397837
3.7 -0.0305096 0 0.0321286 -0.0395006 0 0.0421898
3.71 -0.0330561 0 0.033375 -0.0428079 0 0.0437137
3.72 -0.035003 0 0.0337123 -0.0455769 0 0.0441323
3.73 -0.0362727 0 0.033089 -0.0476678 0 0.0433938
3.74 -0.0368663 0 0.0316809 -0.0489786 0 0.0416631
3.75 -0.0368797 0 0.0297673 -0.0494865 0 0.0392107
3.76 -0.0364195 0 0.0275242 -0.0491968 0 0.0362191
3.77 -0.0355365 0 0.025009 -0.0481028 0 0.0327744
3.78 -0.0342324 0 0.0222483 -0.0462051 0 0.0289506
3.79 -0.0325155 0 0.0192403 -0.0435671 0 0.0248035
3.8 -0.0303945 0 0.015949 -0.040293 0 0.0203529
3.81 -0.0278515 0 0.012388 -0.0364797 0 0.015655
3.82 -0.0248978 0 0.00871777 -0.0322453 0 0.010895
3.83 -0.0215691 0 0.00520894 -0.0277031 0 0.00635643
3.84 -0.0178619 0 0.00198572 -0.0228839 0 0.00217315
3.85 -0.0138043 0 -0.00117485 -0.0178015 0 -0.00187165
3.86 -0.00952592 0 -0.00458255 -0.0125333 0 -0.00609723
3.87 -0.00521145 0 -0.00825935 -0.00719431 0 -0.0105587
3.88 -0.00103453 0 -0.0119814 -0.00189957 0 -0.0150804
3.89 0.00287701 0 -0.0155426 0.00324831 0 -0.0194997
3.9 0.00641404 0 -0.0188763 0.00811961 0 -0.0237724
3.91 0.00941596 0 -0.0219711 0.0124852 0 -0.0278807
3.92 0.0116847 0 -0.0247246 0.0160368 0 -0.0316873
3.93 0.0131945 0 -0.0269584 0.0186138 0 -0.0349514
3.94 0.0142375 0 -0.0285502 0.0203834 0 -0.0374666
3.95 0.0152108 0 -0.0294485 0.0216729 0 -0.0390864
3.96 0.0163423 0 -0.029625 0.02273 0 -0.0396927
3.97 0.0176701 0 -0.0291264 0.0237054 0 -0.0392643
3.98 0.0191524 0 -0.0280858 0.0247365 0 -0.0379038
3.99 0.0207153 0 -0.0266189 0.025951 0 -0.0357443
4 0.0221287 0 -0.024763 0.0272888 0 -0.0328884
4.01 0.0229511 0 -0.0224917 0.0283934 0 -0.0294093
4.02 0.0228511 0 -0.0198102 0.028894 0 -0.0254251
4.03 0.0218638 0 -0.0168672 0.0286619 0 -0.021192
4.04 0.0201907 0 -0.0138919 0.0276542 0 -0.0170284
4.05 0.0180259 0 -0.0110487 0.025809 0 -0.0131648
4.06 0.0156839 0 -0.00839176 0.0232447 0 -0.00969268
4.07 0.0135437 0 -0.00586113 0.020265 0 -0.00655753
4.08 0.0117043 0 -0.0032899 0.0170431 0 -0.0035611
4.09 0.00992729 0 -0.000446696 0.0135429 0 -0.00040234
4.1 0.00793167 0 0.00285898 0.00974971 0 0.00321358
4.11 0.00554558 0 0.00665199 0.00574582 0 0.00743648
4.12 0.00273959 0 0.0107561 0.00168017 0 0.0122097
4.13 -0.000286514 0 0.0148723 -0.00217814 0 0.0173153
4.14 -0.00325625 0 0.0186988 -0.00558939 0 0.0224649
4.15 -0.00607762 0 0.0220035 -0.00857818 0 0.0273579
4.16 -0.00879537 0 0.0246461 -0.011352 0 0.031708
4.17 -0.0114325 0 0.02658 -0.0141064 0 0.0352705
4.18 -0.0139157 0 0.0278652 -0.0169118 0 0.0378939
4.19 -0.016061 0 0.0286928 -0.0196629 0 0.0395906
4.2 -0.0177011 0 0.0293292 -0.0221815 0 0.0405244
4.21 -0.0187844 0 0.029948 -0.0243129 0 0.0408714
4.22 -0.0192992 0 0.0305145 -0.0258741 0 0.0407052
4.23 -0.0193117 0 0.0308542 -0.026732 0 0.040038
4.24 -0.0190242 0 0.0307948 -0.0269133 0 0.0389144
4.25 -0.0185273 0 0.0302428 -0.0264036 0 0.037438
4.26 -0.0176989 0 0.0291873 -0.0250675 0 0.035734
4.27 -0.0164491 0 0.027659 -0.0228866 0 0.0338838
4.28 -0.0147656 0 0.0257136 -0.0199819 0 0.0319045
4.29 -0.0126293 0 0.0234565 -0.0164946 0 0.029788
4.3 -0.0101706 0 0.0210087 -0.0127096 0 0.0274983
4.31 -0.00770309 0 0.0184151 -0.00906696 0 0.0249154
4.32 -0.0054238 0 0.0156333 -0.00585251 0 0.0218586
4.33 -0.00326594 0 0.0126239 -0.00304096 0 0.0182
4.34 -0.00106091 0 0.00944687 -0.000446948 0 0.0139758
4.35 0.00133047 0 0.00627067 0.00214695 0 0.00940153
4.36 0.00398119 0 0.00323607 0.00494148 0 0.00473208
4.37 0.00682309 0 0.000314555 0.00801788 0 9.95473e-005
4.38 0.00962326 0 -0.00262876 0.0112738 0 -0.00445862
4.39 0.0120229 0 -0.00564052 0.014418 0 -0.00884339
4.4 0.0136765 0 -0.00859742 0.0170753 0 -0.0128392
4.41 0.0145235 0 -0.0113118 0.0190531 0 -0.0162286
4.42 0.0148586 0 -0.013672 0.0204467 0 -0.0189273
4.43 0.0151481 0 -0.0156654 0.0215221 0 -0.0209951
4.44 0.0158716 0 -0.017297 0.0226309 0 -0.0225373
4.45 0.0172937 0 -0.0185231 0.0240333 0 -0.0236174
4.46 0.0191809 0 -0.0193044 0.0256174 0 -0.0242875
4.47 0.0209158 0 -0.0197086 0.026962 0 -0.0246737
4.48 0.0219649 0 -0.0198626 0.0277231 0 -0.0249223
4.49 0.0221123 0 -0.0197847 0.0277975 0 -0.0250348
4.5 0.0213691 0 -0.0193531 0.0271995 0 -0.0248396
4.51 0.0199586 0 -0.0184534 0.0260544 0 -0.0241457
4.52 0.0183231 0 -0.0170906 0.0246489 0 -0.0228659
4.53 0.0168238 0 -0.0153258 0.0231927 0 -0.020973
4.54 0.01551 0 -0.0131629 0.0216379 0 -0.0184045
4.55 0.0142767 0 -0.0105896 0.0198584 0 -0.0151158
4.56 0.0129624 0 -0.00771267 0.0177409 0 -0.0112224
4.57 0.0113395 0 -0.00474377 0.0151505 0 -0.00698874
4.58 0.00930416 0 -0.0018506 0.0120867 0 -0.00267725
4.59 0.0070606 0 0.000907056 0.00884398 0 0.00152801
4.6 0.00500645 0 0.00352626 0.00589298 0 0.00549255
4.61 0.00335564 0 0.00603027 0.00350887 0 0.00912614
4.62 0.00190702 0 0.00849168 0.00153332 0 0.012429
4.63 0.000343251 0 0.0109936 -0.000347125 0 0.015469
4.64 -0.00128908 0 0.0135127 -0.00213124 0 0.0182672
4.65 -0.00261506 0 0.0158495 -0.00351937 0 0.0207139
4.66 -0.00339722 0 0.0176793 -0.00434291 0 0.0225885
4.67 -0.00375533 0 0.0187295 -0.00476085 0 0.0237002
4.68 -0.00396606 0 0.0189611 -0.0050604 0 0.0240449
4.69 -0.00418235 0 0.0185612 -0.00538939 0 0.0237927
4.7 -0.00429801 0 0.0177833 -0.005628 0 0.0231433
4.71 -0.00403314 0 0.0168321 -0.00546885 0 0.0222354
4.72 -0.00324904 0 0.0158147 -0.00472501 0 0.02112
4.73 -0.0021214 0 0.0146825 -0.00351144 0 0.0197165
4.74 -0.00089943 0 0.0132757 -0.0020282 0 0.017859
4.75 0.000335658 0 0.0114774 -0.000340972 0 0.015443
4.76 0.00168679 0 0.0092742 0.00163062 0 0.012479
4.77 0.00341563 0 0.00672297 0.00410307 0 0.00905321
4.78 0.00572316 0 0.00391706 0.00723482 0 0.0052916
4.79 0.00843178 0 0.000955937 0.0108225 0 0.00132782
4.8 0.0111174 0 -0.00205884 0.014424 0 -0.00270198
4.81 0.0134669 0 -0.0050464 0.0176961 0 -0.00668362
4.82 0.0153289 0 -0.00800986 0.0204346 0 -0.0105915
4.83 0.0167277 0 -0.0109574 0.0225931 0 -0.0144146
4.84 0.0180211 0 -0.0137188 0.0244647 0 -0.0179734
4.85 0.01967 0 -0.0160252 0.0264886 0 -0.0209913
4.86 0.0215598 0 -0.0178051 0.02859 0 -0.0233819
4.87 0.0229382 0 -0.0192645 0.0300893 0 -0.0253325
4.88 0.0232594 0 -0.0206856 0.0304902 0 -0.0271165
4.89 0.0226893 0 -0.0221644 0.0299542 0 -0.028844
4.9 0.0217478 0 -0.0235262 0.0289575 0 -0.0303744
4.91 0.0207789 0 -0.0245446 0.0278012 0 -0.0315203
4.92 0.0198668 0 -0.0252252 0.0265534 0 -0.0323157
4.93 0.0190426 0 -0.0257962 0.0252662 0 -0.0330047
4.94 0.0182369 0 -0.0264548 0.0239214 0 -0.0337952
4.95 0.0171085 0 -0.0271988 0.0222374 0 -0.0346955
4.96 0.0152934 0 -0.0278318 0.0198835 0 -0.0355156
4.97 0.0127997 0 -0.0280406 0.0168542 0 -0.0359322
4.98 0.00987472 0 -0.0275515 0.0133441 0 -0.0356319
4.99 0.00659318 0 -0.0263529 0.00935886 0 -0.0345334
5 0.00295465 0 -0.024783 0.00483366 0 -0.032893
5.01 -0.000755904 0 -0.0232907 1.49047e-005 0 -0.0310999
5.02 -0.00414416 0 -0.022054 -0.00469007 0 -0.0293231
5.03 -0.00708122 0 -0.0208845 -0.0090741 0 -0.02742
5.04 -0.00964148 0 -0.0194964 -0.0130818 0 -0.025186
5.05 -0.0119716 0 -0.0177846 -0.0167137 0 -0.0226034
5.06 -0.0144071 0 -0.0158628 -0.0201889 0 -0.01986
5.07 -0.0172858 0 -0.0139719 -0.0238027 0 -0.0172509
5.08 -0.0204864 0 -0.0123505 -0.0274832 0 -0.0150507
5.09 -0.0234976 0 -0.0111258 -0.0308312 0 -0.0134098
5.1 -0.025898 0 -0.0103125 -0.0335464 0 -0.0123545
5.11 -0.0274412 0 -0.00984394 -0.03546 0 -0.0118166
5.12 -0.027863 0 -0.00961452 -0.0363092 0 -0.0116732
5.13 -0.0271093 0 -0.00955965 -0.0359556 0 -0.0118258
5.14 -0.025695 0 -0.00964987 -0.0347744 0 -0.0121985
5.15 -0.024378 0 -0.0098052 -0.0333957 0 -0.0126589
5.16 -0.0234818 0 -0.0099588 -0.0320917 0 -0.0130888
5.17 -0.0228635 0 -0.0101972 -0.0307673 0 -0.0135326
5.18 -0.0222821 0 -0.0107193 -0.029306 0 -0.0141705
5.19 -0.0214215 0 -0.0117063 -0.0275451 0 -0.0152001
5.2 -0.0197245 0 -0.013218 -0.02505 0 -0.0167358
5.21 -0.0166237 0 -0.0150597 -0.0212842 0 -0.0186628
5.22 -0.0120793 0 -0.0167169 -0.0161198 0 -0.0205411
5.23 -0.00658553 0 -0.0175349 -0.00987381 0 -0.0217428
5.24 -0.000744454 0 -0.0170673 -0.00295411 0 -0.0217674
5.25 0.00490378 0 -0.0152749 0.00422931 0 -0.0204362
5.26 0.0099983 0 -0.0124346 0.0113246 0 -0.0178325
5.27 0.014545 0 -0.00892149 0.018212 0 -0.0141373
5.28 0.018747 0 -0.00506169 0.0248694 0 -0.0095381
5.29 0.0226874 0 -0.001109 0.0311176 0 -0.00424614
5.3 0.0264573 0 0.00273532 0.0368137 0 0.00146597
5.31 0.0303263 0 0.00635405 0.042081 0 0.00730473
5.32 0.0344428 0 0.00979596 0.0470509 0 0.0130721
5.33 0.0386335 0 0.0133032 0.0516626 0 0.0187481
5.34 0.0426113 0 0.0172118 0.0558301 0 0.0244556
5.35 0.046251 0 0.0218129 0.0596558 0 0.030377
5.36 0.0496163 0 0.027258 0.063401 0 0.0366892
5.37 0.0525714 0 0.0334044 0.0670543 0 0.0434023
5.38 0.054538 0 0.0397224 0.0700473 0 0.0502198
5.39 0.0550223 0 0.0455922 0.0717528 0 0.0567595
5.4 0.0542149 0 0.0507098 0.0721034 0 0.0628877
5.41 0.052792 0 0.0550661 0.0714714 0 0.0686548
5.42 0.0513083 0 0.0586276 0.0701673 0 0.073966
5.43 0.0497701 0 0.0611698 0.0680881 0 0.0784264
5.44 0.0476855 0 0.0624695 0.0647789 0 0.0815595
5.45 0.0446436 0 0.0626256 0.0599714 0 0.0831743
5.46 0.0407266 0 0.0620218 0.0539432 0 0.0833934
5.47 0.0362948 0 0.0609724 0.0472656 0 0.0823647
5.48 0.0316593 0 0.0595455 0.0404496 0 0.0801254
5.49 0.027005 0 0.0576357 0.0338443 0 0.0766774
5.5 0.0222406 0 0.0550387 0.0274598 0 0.0720293
5.51 0.0169546 0 0.0514782 0.0208936 0 0.0661663
5.52 0.010919 0 0.0466823 0.0138163 0 0.0590606
5.53 0.00439087 0 0.0405178 0.00629487 0 0.0507466
5.54 -0.0022911 0 0.0330633 -0.00155045 0 0.041362
5.55 -0.00895939 0 0.024504 -0.00973324 0 0.0310395
5.56 -0.0155252 0 0.0149674 -0.0182596 0 0.0197655
5.57 -0.0220106 0 0.00459383 -0.0271399 0 0.0074892
5.58 -0.0285552 0 -0.00623683 -0.0364061 0 -0.00560017
5.59 -0.0352842 0 -0.0169285 -0.0460149 0 -0.0190369
5.6 -0.04228 0 -0.0270015 -0.055867 0 -0.0323606
5.61 -0.0496103 0 -0.0363282 -0.0658799 0 -0.0453328
5.62 -0.0571461 0 -0.0450253 -0.0758383 0 -0.0578514
5.63 -0.0643279 0 -0.0532097 -0.0851585 0 -0.0697572
5.64 -0.0703645 0 -0.0609137 -0.0930512 0 -0.0808089
5.65 -0.0747967 0 -0.0681554 -0.0990411 0 -0.0908086
5.66 -0.0778116 0 -0.0749406 -0.103267 0 -0.0996433
5.67 -0.0800021 0 -0.0811476 -0.10627 0 -0.107186
5.68 -0.0817666 0 -0.0864702 -0.108432 0 -0.113226
5.69 -0.0829221 0 -0.0905487 -0.109612 0 -0.117562
5.7 -0.0828945 0 -0.093159 -0.1093 0 -0.120141
5.71 -0.0812293 0 -0.0942491 -0.10709 0 -0.121052
5.72 -0.0778317 0 -0.0938267 -0.102882 0 -0.120385
5.73 -0.0727282 0 -0.0918456 -0.0966415 0 -0.118103
5.74 -0.0657493 0 -0.0882344 -0.0880961 0 -0.114068
5.75 -0.0565501 0 -0.0830519 -0.0767632 0 -0.108214
5.76 -0.0449757 0 -0.0765816 -0.0623333 0 -0.100671
5.77 -0.0313311 0 -0.0692425 -0.0449712 0 -0.0917243
5.78 -0.0163059 0 -0.061427 -0.0252962 0 -0.0816986
5.79 -0.000869304 0 -0.0534398 -0.00433752 0 -0.070926
5.8 0.0138123 0 -0.045479 0.0165015 0 -0.0597332
5.81 0.0268333 0 -0.0376094 0.0358913 0 -0.0483956
5.82 0.038382 0 -0.0298029 0.0534731 0 -0.0371354
5.83 0.0498714 0 -0.022005 0.0701451 0 -0.026138
5.84 0.0626732 0 -0.0141215 0.0869879 0 -0.0154896
5.85 0.0767939 0 -0.00592852 0.104052 0 -0.00504733
5.86 0.0910129 0 0.00288299 0.120457 0 0.00553982
5.87 0.103929 0 0.0124324 0.135272 0 0.0165554
5.88 0.114576 0 0.0224377 0.147948 0 0.027967
5.89 0.122599 0 0.0323596 0.158349 0 0.0395022
5.9 0.128234 0 0.0417407 0.166679 0 0.0509101
5.91 0.131923 0 0.050377 0.173131 0 0.0620761
5.92 0.13408 0 0.0582829 0.177744 0 0.072966
5.93 0.135159 0 0.0656588 0.180585 0 0.0836106
5.94 0.13543 0 0.0728813 0.181638 0 0.0941467
5.95 0.134669 0 0.0803233 0.180557 0 0.104705
5.96 0.132172 0 0.088053 0.176678 0 0.115169
5.97 0.127206 0 0.0957614 0.169408 0 0.125137
5.98 0.119459 0 0.102967 0.158611 0 0.134118
5.99 0.108929 0 0.109199 0.144426 0 0.141697
6 0.0953788 0 0.11405 0.126697 0 0.147542
6.01 0.0781942 0 0.117196 0.104786 0 0.151396
6.02 0.056949 0 0.118541 0.0781172 0 0.153184
6.03 0.0318004 0 0.11837 0.0465971 0 0.153177
6.04 0.00340723 0 0.117204 0.0106056 0 0.151857
6.05 -0.0271329 0 0.11532 -0.0289544 0 0.149474
6.06 -0.0584755 0 0.11249 -0.070736 0 0.145795
6.07 -0.0893161 0 0.108187 -0.11316 0 0.140293
6.08 -0.118543 0 0.101909 -0.154557 0 0.132451
6.09 -0.145507 0 0.0933459 -0.193513 0 0.121907
6.1 -0.170123 0 0.0824591 -0.229103 0 0.10853
6.11 -0.192337 0 0.0695372 -0.260541 0 0.0924992
6.12 -0.211705 0 0.0551714 -0.286896 0 0.0743187
6.13 -0.227508 0 0.0400827 -0.307264 0 0.0546928
6.14 -0.238733 0 0.0249066 -0.320732 0 0.0343474
6.15 -0.244019 0 0.0101267 -0.326209 0 0.0139741
6.16 -0.242191 0 -0.00391618 -0.322814 0 -0.00578177
6.17 -0.232817 0 -0.0170681 -0.310307 0 -0.0244119
6.18 -0.216238 0 -0.0293218 -0.289065 0 -0.0415679
6.19 -0.193547 0 -0.0405986 -0.26009 0 -0.0569052
6.2 -0.166458 0 -0.0505519 -0.224987 0 -0.0699248
6.21 -0.136519 0 -0.0586678 -0.185303 0 -0.0800788
6.22 -0.104236 0 -0.0646126 -0.141727 0 -0.0870967
6.23 -0.0691359 0 -0.0684762 -0.0941232 0 -0.091201
6.24 -0.0307985 0 -0.0706509 -0.0424657 0 -0.0929649
6.25 0.010082 0 -0.0714467 0.0121935 0 -0.0929085
6.26 0.0513819 0 -0.0708572 0.0674153 0 -0.0912333
6.27 0.0901233 0 -0.0686939 0.119867 0 -0.0879163
6.28 0.123839 0 -0.0648391 0.166589 0 -0.0829251
6.29 0.151952 0 -0.0593267 0.206366 0 -0.0762833
6.3 0.175977 0 -0.0522915 0.240069 0 -0.0680279
6.31 0.197813 0 -0.0439754 0.269173 0 -0.0582458
6.32 0.217652 0 -0.0348639 0.293828 0 -0.0472593
6.33 0.233681 0 -0.025803 0.312537 0 -0.0358056
6.34 0.243204 0 -0.0178279 0.323068 0 -0.0249316
6.35 0.244109 0 -0.0117237 0.323659 0 -0.0155963
6.36 0.236084 0 -0.00773916 0.314062 0 -0.00837889
6.37 0.22128 0 -0.00569031 0.296224 0 -0.00352034
6.38 0.20359 0 -0.00521453 0.27378 0 -0.00108356
6.39 0.186033 0 -0.00594588 0.249718 0 -0.0010284
6.4 0.168738 0 -0.0075836 0.224502 0 -0.0032033
6.41 0.150171 0 -0.00983681 0.197204 0 -0.00725223
6.42 0.129389 0 -0.0122655 0.167542 0 -0.0124584
6.43 0.106362 0 -0.0141694 0.13601 0 -0.0176674
6.44 0.0815312 0 -0.0147311 0.10333 0 -0.021487
6.45 0.0559433 0 -0.0133886 0.0705735 0 -0.0227368
6.46 0.0311081 0 -0.0100634 0.0391013 0 -0.020773
6.47 0.00804375 0 -0.00506012 0.00973462 0 -0.0154944
6.48 -0.0134309 0 0.0011426 -0.0178652 0 -0.00722086
6.49 -0.0341853 0 0.00809257 -0.0446692 0 0.00346299
6.5 -0.054801 0 0.0154806 -0.0713296 0 0.0158399
6.51 -0.0752806 0 0.0230262 -0.0979027 0 0.0290182
6.52 -0.0955213 0 0.0303833 -0.124313 0 0.0419463
6.53 -0.115942 0 0.0372512 -0.150986 0 0.0536465
6.54 -0.137348 0 0.0433988 -0.17874 0 0.0633528
6.55 -0.159792 0 0.048571 -0.207681 0 0.0704997
6.56 -0.181937 0 0.0525061 -0.236527 0 0.0747761
6.57 -0.201698 0 0.0550085 -0.263144 0 0.0761843
6.58 -0.217153 0 0.0559964 -0.28535 0 0.0750293
6.59 -0.227256 0 0.0555546 -0.301576 0 0.0718881
6.6 -0.232263 0 0.0538802 -0.311381 0 0.0674619
6.61 -0.233344 0 0.0510684 -0.315245 0 0.0622732
6.62 -0.231678 0 0.0469635 -0.313883 0 0.0564391
6.63 -0.227928 0 0.0412102 -0.307874 0 0.0496656
6.64 -0.222105 0 0.033503 -0.297564 0 0.0414785
6.65 -0.213697 0 0.0239072 -0.283091 0 0.0315755
6.66 -0.202147 0 0.012944 -0.264683 0 0.0199999
6.67 -0.187171 0 0.00141278 -0.242765 0 0.00708906
6.68 -0.168554 0 -0.00987338 -0.217586 0 -0.00666097
6.69 -0.145942 0 -0.0202809 -0.188905 0 -0.0206935
6.7 -0.119096 0 -0.0292959 -0.156217 0 -0.0342932
6.71 -0.0884584 0 -0.0363746 -0.119391 0 -0.0464575
6.72 -0.0553621 0 -0.0410748 -0.0790666 0 -0.0560995
6.73 -0.0213216 0 -0.0434413 -0.0361814 0 -0.0625496
6.74 0.0129093 0 -0.0442411 0.00876803 0 -0.0659431
6.75 0.0472918 0 -0.0447846 0.0556004 0 -0.067205
6.76 0.0820627 0 -0.0463267 0.104057 0 -0.0675807
6.77 0.117653 0 -0.0494241 0.15386 0 -0.0680336
6.78 0.154354 0 -0.0538537 0.204571 0 -0.0690902
6.79 0.191725 0 -0.0590301 0.255155 0 -0.0710858
6.8 0.22839 0 -0.0644238 0.303864 0 -0.0743694
6.81 0.262567 0 -0.0697267 0.348732 0 -0.0792764
6.82 0.292777 0 -0.0748329 0.388217 0 -0.0859824
6.83 0.317832 0 -0.079795 0.421107 0 -0.0944181
6.84 0.336413 0 -0.0847544 0.446014 0 -0.104244
6.85 0.347323 0 -0.0898254 0.461556 0 -0.114849
6.86 0.350337 0 -0.0949655 0.467197 0 -0.125372
6.87 0.3463 0 -0.0998885 0.463421 0 -0.134774
6.88 0.336126 0 -0.104118 0.450852 0 -0.142013
6.89 0.320009 0 -0.107117 0.429573 0 -0.146247
6.9 0.297664 0 -0.108367 0.399392 0 -0.146933
6.91 0.269312 0 -0.107529 0.360791 0 -0.143957
6.92 0.236066 0 -0.104709 0.315282 0 -0.137835
6.93 0.198954 0 -0.100531 0.264399 0 -0.129711
6.94 0.157932 0 -0.0957578 0.20864 0 -0.120906
6.95 0.112342 0 -0.0907303 0.147797 0 -0.112281
6.96 0.0622707 0 -0.0852589 0.0822052 0 -0.10404
6.97 0.00917199 0 -0.0790425 0.0133494 0 -0.0960746
6.98 -0.0447729 0 -0.0721358 -0.0566721 0 -0.088389
6.99 -0.0976118 0 -0.0650136 -0.125946 0 -0.0811967
7 -0.147732 0 -0.0581994 -0.192727 0 -0.0746304
7.01 -0.193154 0 -0.0519485 -0.254648 0 -0.0685273
7.02 -0.231698 0 -0.0463066 -0.308855 0 -0.0625792
7.03 -0.262347 0 -0.0411814 -0.353407 0 -0.0564707
7.04 -0.286149 0 -0.0361477 -0.388368 0 -0.0497125
7.05 -0.305835 0 -0.0302882 -0.415733 0 -0.0414595
7.06 -0.323974 0 -0.0224401 -0.437886 0 -0.0306871
7.07 -0.340968 0 -0.011693 -0.455723 0 -0.0166045
7.08 -0.355202 0 0.00230594 -0.46867 0 0.0011017
7.09 -0.364692 0 0.0193719 -0.475975 0 0.0223037
7.1 -0.3683 0 0.0388977 -0.477546 0 0.0465208
7.11 -0.365853 0 0.0598748 -0.473789 0 0.0728766
7.12 -0.357684 0 0.0809861 -0.465041 0 0.100111
7.13 -0.344567 0 0.100939 -0.45156 0 0.126838
7.14 -0.327778 0 0.11881 -0.433781 0 0.151853
7.15 -0.308669 0 0.134117 -0.412166 0 0.174219
7.16 -0.288072 0 0.14667 -0.386882 0 0.193193
7.17 -0.266099 0 0.15654 -0.357776 0 0.208289
7.18 -0.242224 0 0.164059 -0.324496 0 0.219399
7.19 -0.215444 0 0.169612 -0.286551 0 0.226673
7.2 -0.184691 0 0.173358 -0.243538 0 0.2303
7.21 -0.14918 0 0.175172 -0.195268 0 0.230436
7.22 -0.108245 0 0.174792 -0.141431 0 0.227275
7.23 -0.0614711 0 0.171964 -0.0816139 0 0.221093
7.24 -0.00932915 0 0.166547 -0.0159516 0 0.212232
7.25 0.046516 0 0.158559 0.0544304 0 0.201056
7.26 0.103666 0 0.148181 0.127632 0 0.187887
7.27 0.159905 0 0.135672 0.201639 0 0.172923
7.28 0.21371 0 0.121233 0.274673 0 0.156128
7.29 0.264099 0 0.104889 0.345017 0 0.137174
7.3 0.310576 0 0.0866144 0.411091 0 0.115643
7.31 0.35343 0 0.0665712 0.471976 0 0.0913406
7.32 0.393257 0 0.0451645 0.527245 0 0.0644349
7.33 0.429291 0 0.0229182 0.575509 0 0.0353921
7.34 0.458556 0 0.000316735 0.613582 0 0.00485305
7.35 0.477401 0 -0.0222885 0.637817 0 -0.0264672
7.36 0.48394 0 -0.044689 0.646358 0 -0.0578492
7.37 0.478952 0 -0.0667844 0.639965 0 -0.0886393
7.38 0.464462 0 -0.0884569 0.620664 0 -0.118235
7.39 0.441736 0 -0.109432 0.589854 0 -0.146027
7.4 0.41114 0 -0.129343 0.548197 0 -0.171502
7.41 0.373327 0 -0.147897 0.496758 0 -0.194408
7.42 0.32981 0 -0.164864 0.437557 0 -0.214716
7.43 0.282232 0 -0.179985 0.372808 0 -0.232463
7.44 0.230908 0 -0.193025 0.30342 0 -0.247734
7.45 0.174745 0 -0.20385 0.228782 0 -0.260665
7.46 0.112883 0 -0.212382 0.148253 0 -0.271339
7.47 0.0462868 0 -0.218449 0.0627 0 -0.27961
7.48 -0.0220486 0 -0.22174 -0.0251671 0 -0.285041
7.49 -0.0883114 0 -0.222048 -0.111739 0 -0.287167
7.5 -0.149527 0 -0.219669 -0.193897 0 -0.285943
7.51 -0.204255 0 -0.215422 -0.269584 0 -0.281856
7.52 -0.251896 0 -0.210159 -0.337167 0 -0.27553
7.53 -0.292099 0 -0.204228 -0.395047 0 -0.267273
7.54 -0.324885 0 -0.197442 -0.442056 0 -0.257051
7.55 -0.350913 0 -0.189458 -0.477995 0 -0.244828
7.56 -0.371747 0 -0.180076 -0.50414 0 -0.230786
7.57 -0.389278 0 -0.169232 -0.522794 0 -0.215233
7.58 -0.403787 0 -0.156778 -0.535308 0 -0.198312
7.59 -0.41283 0 -0.14239 -0.540673 0 -0.179842
7.6 -0.412966 0 -0.125792 -0.536762 0 -0.159509
7.61 -0.402588 0 -0.106996 -0.522714 0 -0.137111
7.62 -0.383085 0 -0.0862583 -0.499901 0 -0.11256
7.63 -0.357616 0 -0.0638207 -0.470843 0 -0.0857082
7.64 -0.328907 0 -0.039714 -0.437361 0 -0.0562369
7.65 -0.298139 0 -0.0138293 -0.399813 0 -0.0237927
7.66 -0.264987 0 0.013822 -0.357376 0 0.0117122
7.67 -0.228381 0 0.042953 -0.308862 0 0.0499276
7.68 -0.188007 0 0.0730308 -0.254193 0 0.0900951
7.69 -0.144994 0 0.103405 -0.195017 0 0.131197
7.7 -0.100718 0 0.133452 -0.133452 0 0.172144
7.71 -0.0554038 0 0.162683 -0.0705765 0 0.211948
7.72 -0.00845981 0 0.190767 -0.00658033 0 0.249817
7.73 0.040088 0 0.217422 0.057979 0 0.285119
7.74 0.0891816 0 0.242279 0.121846 0 0.317287
7.75 0.137649 0 0.264853 0.183944 0 0.3458
7.76 0.184855 0 0.284619 0.243925 0 0.37022
7.77 0.23029 0 0.301027 0.301624 0 0.390153
7.78 0.272797 0 0.313368 0.35615 0 0.405034
7.79 0.310394 0 0.32073 0.405572 0 0.414025
7.8 0.341114 0 0.322307 0.447653 0 0.416288
7.81 0.364126 0 0.317697 0.480971 0 0.411279
7.82 0.380391 0 0.306885 0.505704 0 0.398759
7.83 0.392534 0 0.290144 0.52376 0 0.378734
7.84 0.40341 0 0.267992 0.537646 0 0.351467
7.85 0.414319 0 0.241165 0.54888 0 0.31752
7.86 0.424705 0 0.210603 0.557669 0 0.277816
7.87 0.433032 0 0.177254 0.563561 0 0.233485
7.88 0.437309 0 0.141798 0.565611 0 0.18559
7.89 0.43528 0 0.104678 0.562221 0 0.135118
7.9 0.424843 0 0.066378 0.551287 0 0.0831636
7.91 0.404599 0 0.0275568 0.530661 0 0.0309809
7.92 0.374593 0 -0.0110503 0.499022 0 -0.0201964
7.93 0.336632 0 -0.0488522 0.456546 0 -0.0694308
7.94 0.293625 0 -0.0855365 0.404742 0 -0.11625
7.95 0.248084 0 -0.121033 0.345411 0 -0.160618
7.96 0.200959 0 -0.155351 0.279738 0 -0.202758
7.97 0.151811 0 -0.18841 0.20841 0 -0.242937
7.98 0.0996481 0 -0.219941 0.132133 0 -0.281288
7.99 0.0439493 0 -0.249369 0.0522058 0 -0.317598
8 -0.0146543 0 -0.275791 -0.0291992 0 -0.351176
8.01 -0.074913 0 -0.298163 -0.109845 0 -0.380958
8.02 -0.136064 0 -0.315552 -0.188654 0 -0.405714
8.03 -0.197794 0 -0.327331 -0.265656 0 -0.424261
8.04 -0.258925 0 -0.333372 -0.340504 0 -0.435732
8.05 -0.316796 0 -0.334082 -0.411528 0 -0.439737
8.06 -0.368638 0 -0.330184 -0.47673 0 -0.436335
8.07 -0.413388 0 -0.322446 -0.535327 0 -0.425955
8.08 -0.45163 0 -0.311466 -0.587634 0 -0.409283
8.09 -0.483903 0 -0.297448 -0.633501 0 -0.387042
8.1 -0.509675 0 -0.280219 -0.671482 0 -0.359902
8.11 -0.527931 0 -0.259567 -0.699572 0 -0.328635
8.12 -0.537861 0 -0.235614 -0.716042 0 -0.294282
8.13 -0.538894 0 -0.208833 -0.719616 0 -0.257996
8.14 -0.530711 0 -0.179739 -0.709577 0 -0.22064
8.15 -0.513373 0 -0.148547 -0.68596 0 -0.182401
8.16 -0.487326 0 -0.11516 -0.649562 0 -0.142822
8.17 -0.453265 0 -0.0796008 -0.601736 0 -0.101305
8.18 -0.41192 0 -0.0424027 -0.54407 0 -0.0576454
8.19 -0.363949 0 -0.00456963 -0.478123 0 -0.0121679
8.2 -0.310241 0 0.0328087 -0.405586 0 0.0344768
8.21 -0.252175 0 0.0689074 -0.328435 0 0.0815385
8.22 -0.191482 0 0.103337 -0.248764 0 0.128302
8.23 -0.130095 0 0.136181 -0.168685 0 0.17419
8.24 -0.0699354 0 0.167894 -0.0901955 0 0.218816
8.25 -0.0124735 0 0.199057 -0.0148352 0 0.26194
8.26 0.0415085 0 0.230067 0.0564752 0 0.303339
8.27 0.0915642 0 0.260913 0.123054 0 0.342703
8.28 0.137259 0 0.291167 0.184153 0 0.379662
8.29 0.178374 0 0.320126 0.23921 0 0.413876
8.3 0.214892 0 0.346979 0.287892 0 0.445081
8.31 0.24647 0 0.370959 0.329617 0 0.473088
8.32 0.272341 0 0.391469 0.363483 0 0.497741
8.33 0.291957 0 0.408085 0.388875 0 0.5188
8.34 0.305358 0 0.420424 0.405825 0 0.535766
8.35 0.312806 0 0.428035 0.414674 0 0.547824
8.36 0.314378 0 0.430447 0.415668 0 0.553962
8.37 0.309837 0 0.427357 0.4088 0 0.553252
8.38 0.298925 0 0.418854 0.394016 0 0.545169
8.39 0.281896 0 0.405483 0.371691 0 0.529765
8.4 0.259516 0 0.388 0.342633 0 0.507553
8.41 0.232438 0 0.367087 0.307498 0 0.479291
8.42 0.200927 0 0.343235 0.266543 0 0.445871
8.43 0.165167 0 0.31671 0.219961 0 0.408219
8.44 0.125477 0 0.287645 0.168099 0 0.367257
8.45 0.0822476 0 0.25622 0.111411 0 0.323939
8.46 0.0359517 0 0.222694 0.0504794 0 0.279151
8.47 -0.0126625 0 0.187337 -0.013771 0 0.233531
8.48 -0.0626068 0 0.150389 -0.0801019 0 0.187392
8.49 -0.113164 0 0.112006 -0.147466 0 0.140673
8.5 -0.164155 0 0.0722368 -0.215306 0 0.0929835
8.51 -0.215298 0 0.0312345 -0.28298 0 0.0439148
8.52 -0.265329 0 -0.0105436 -0.348927 0 -0.00664703
8.53 -0.312127 0 -0.052358 -0.410771 0 -0.0584127
8.54 -0.353736 0 -0.093276 -0.466263 0 -0.110654
8.55 -0.389169 0 -0.132329 -0.514051 0 -0.162283
8.56 -0.418584 0 -0.168717 -0.553889 0 -0.21204
8.57 -0.44284 0 -0.201871 -0.586297 0 -0.258631
8.58 -0.462556 0 -0.231457 -0.611736 0 -0.300839
8.59 -0.477583 0 -0.257352 -0.630128 0 -0.337666
8.6 -0.487605 0 -0.279529 -0.641423 0 -0.368381
8.61 -0.493004 0 -0.297889 -0.646402 0 -0.392468
8.62 -0.494721 0 -0.312208 -0.646455 0 -0.409627
8.63 -0.493452 0 -0.322131 -0.642726 0 -0.419744
8.64 -0.489453 0 -0.327142 -0.635888 0 -0.422808
8.65 -0.482881 0 -0.3267 -0.62642 0 -0.418932
8.66 -0.473804 0 -0.320479 -0.614559 0 -0.408424
8.67 -0.461936 0 -0.308504 -0.599986 0 -0.39178
8.68 -0.44655 0 -0.291099 -0.581743 0 -0.369557
8.69 -0.42691 0 -0.268777 -0.558671 0 -0.342244
8.7 -0.402925 0 -0.242205 -0.530134 0 -0.310269
8.71 -0.375172 0 -0.212273 -0.496169 0 -0.274167
8.72 -0.344006 0 -0.180061 -0.456733 0 -0.234661
8.73 -0.308873 0 -0.146593 -0.411104 0 -0.192541
8.74 -0.268939 0 -0.112522 -0.358493 0 -0.148438
8.75 -0.224251 0 -0.0780237 -0.299161 0 -0.10274
8.76 -0.175989 0 -0.0430372 -0.234631 0 -0.0557899
8.77 -0.125642 0 -0.00763118 -0.166861 0 -0.00817022
8.78 -0.0737578 0 0.0277238 -0.0969457 0 0.0391207
8.79 -0.0195507 0 0.0620896 -0.0246329 0 0.0846694
8.8 0.0382435 0 0.0942965 0.0509941 0 0.126924
8.81 0.100445 0 0.123314 0.130737 0 0.164584
8.82 0.166858 0 0.148485 0.214737 0 0.196837
8.83 0.235828 0 0.169551 0.301889 0 0.223375
8.84 0.304074 0 0.186544 0.389405 0 0.244273
8.85 0.36725 0 0.199584 0.473049 0 0.259782
8.86 0.421322 0 0.208699 0.548252 0 0.27013
8.87 0.463991 0 0.213789 0.611449 0 0.275431
8.88 0.495452 0 0.214716 0.661022 0 0.275738
8.89 0.517889 0 0.211491 0.69728 0 0.271189
8.9 0.533751 0 0.204447 0.721293 0 0.262169
8.91 0.544359 0 0.194189 0.733871 0 0.24927
8.92 0.549913 0 0.181379 0.735706 0 0.233115
8.93 0.55021 0 0.166591 0.727948 0 0.214248
8.94 0.545029 0 0.150332 0.712268 0 0.193196
8.95 0.5341 0 0.13317 0.690367 0 0.170612
8.96 0.517228 0 0.115762 0.663661 0 0.14732
8.97 0.494632 0 0.0985869 0.633279 0 0.124044
8.98 0.46685 0 0.0817132 0.599824 0 0.101143
8.99 0.434346 0 0.0649081 0.563033 0 0.0786651
9 0.397487 0 0.0478256 0.521981 0 0.0564689
9.01 0.356753 0 0.030153 0.47562 0 0.0343161
9.02 0.312891 0 0.0117661 0.423314 0 0.0120042
9.03 0.266951 0 -0.00723189 0.365213 0 -0.0105792
9.04 0.219828 0 -0.026586 0.302036 0 -0.0334791
9.05 0.171737 0 -0.0459212 0.234586 0 -0.0566298
9.06 0.122335 0 -0.0647227 0.163721 0 -0.0797537
9.07 0.0711964 0 -0.0823564 0.0905104 0 -0.102308
9.08 0.0181241 0 -0.0981225 0.0162007 0 -0.123492
9.09 -0.0365604 0 -0.111387 -0.057807 0 -0.14237
9.1 -0.0920828 0 -0.121776 -0.130213 0 -0.158103
9.11 -0.147714 0 -0.12927 -0.200361 0 -0.170132
9.12 -0.202963 0 -0.13422 -0.26835 0 -0.178297
9.13 -0.257277 0 -0.137219 -0.334529 0 -0.182824
9.14 -0.309707 0 -0.138808 -0.398919 0 -0.184131
9.15 -0.358641 0 -0.139343 -0.460659 0 -0.182727
9.16 -0.402045 0 -0.139102 -0.517994 0 -0.179309
9.17 -0.438656 0 -0.138387 -0.569317 0 -0.174782
9.18 -0.46887 0 -0.137462 -0.614108 0 -0.1701
9.19 -0.49422 0 -0.136373 -0.652673 0 -0.165949
9.2 -0.516073 0 -0.134678 -0.685201 0 -0.162358
9.21 -0.534637 0 -0.131546 -0.711088 0 -0.158682
9.22 -0.549003 0 -0.126339 -0.729132 0 -0.154129
9.23 -0.557865 0 -0.119036 -0.738239 0 -0.148199
9.24 -0.560219 0 -0.110197 -0.737985 0 -0.140763
9.25 -0.555712 0 -0.100697 -0.728765 0 -0.131963
9.26 -0.544449 0 -0.0913569 -0.711424 0 -0.122029
9.27 -0.526284 0 -0.0826878 -0.686375 0 -0.111169
9.28 -0.5002 0 -0.0748584 -0.652837 0 -0.0996067
9.29 -0.464746 0 -0.0677192 -0.609168 0 -0.0875897
9.3 -0.419375 0 -0.060742 -0.554199 0 -0.0752248
9.31 -0.365093 0 -0.0530793 -0.488023 0 -0.0623762
9.32 -0.303685 0 -0.0439604 -0.411508 0 -0.0488797
9.33 -0.236794 0 -0.0331308 -0.325674 0 -0.0348371
9.34 -0.165925 0 -0.0209349 -0.231927 0 -0.0206326
9.35 -0.0926472 0 -0.00809112 -0.132347 0 -0.00673262
9.36 -0.0182477 0 0.004567 -0.0292916 0 0.00647705
9.37 0.0565025 0 0.0162114 0.0750109 0 0.0186762
9.38 0.131025 0 0.0260697 0.178413 0 0.0295195
9.39 0.204592 0 0.0335064 0.278816 0 0.0386025
9.4 0.276491 0 0.0380863 0.374567 0 0.0454575
9.41 0.346466 0 0.0395757 0.465035 0 0.0495469
9.42 0.414471 0 0.0379369 0.550424 0 0.0503179
9.43 0.479806 0 0.0333457 0.630799 0 0.0473289
9.44 0.540863 0 0.0261986 0.705577 0 0.0403947
9.45 0.595626 0 0.0171269 0.773645 0 0.0297582
9.46 0.642417 0 0.00694925 0.833765 0 0.0161643
9.47 0.680556 0 -0.00357671 0.885121 0 0.000632478
9.48 0.71041 0 -0.0140304 0.927454 0 -0.0158837
9.49 0.732763 0 -0.024348 0.96064 0 -0.0326196
9.5 0.747905 0 -0.0346636 0.984011 0 -0.0489715
9.51 0.754858 0 -0.0451367 0.99577 0 -0.0644702
9.52 0.751869 0 -0.0557913 0.993578 0 -0.0787451
9.53 0.738217 0 -0.0664424 0.97639 0 -0.0915199
9.54 0.715035 0 -0.0767261 0.945314 0 -0.102631
9.55 0.684376 0 -0.086147 0.902748 0 -0.111995
9.56 0.647989 0 -0.0941767 0.851179 0 -0.119599
9.57 0.606699 0 -0.100496 0.792474 0 -0.125612
9.58 0.560818 0 -0.105237 0.728107 0 -0.13053
9.59 0.511036 0 -0.108899 0.659827 0 -0.135033
9.6 0.458369 0 -0.112036 0.589432 0 -0.139671
9.61 0.403235 0 -0.115052 0.517737 0 -0.144697
9.62 0.34494 0 -0.118189 0.444002 0 -0.150103
9.63 0.282444 0 -0.121584 0.366683 0 -0.155745
9.64 0.215878 0 -0.125348 0.28505 0 -0.16148
9.65 0.147119 0 -0.129532 0.19999 0 -0.167188
9.66 0.0788328 0 -0.134078 0.113387 0 -0.172746
9.67 0.0129088 0 -0.138811 0.0268535 0 -0.178034
9.68 -0.0504686 0 -0.143445 -0.0590788 0 -0.182909
9.69 -0.112145 0 -0.14758 -0.144381 0 -0.187157
9.7 -0.172425 0 -0.15077 -0.228202 0 -0.190498
9.71 -0.230706 0 -0.152659 -0.308752 0 -0.19267
9.72 -0.286426 0 -0.153093 -0.384459 0 -0.193506
9.73 -0.33934 0 -0.15214 -0.454435 0 -0.192959
9.74 -0.388636 0 -0.150044 -0.517696 0 -0.191092
9.75 -0.432532 0 -0.147174 -0.572702 0 -0.188079
9.76 -0.469387 0 -0.143993 -0.618284 0 -0.184237
9.77 -0.499031 0 -0.14092 -0.654794 0 -0.179939
9.78 -0.522578 0 -0.138155 -0.6838 0 -0.175457
9.79 -0.541024 0 -0.135571 -0.706655 0 -0.17085
9.8 -0.554326 0 -0.132722 -0.723536 0 -0.165914
9.81 -0.561436 0 -0.128984 -0.733423 0 -0.160249
9.82 -0.560664 0 -0.123744 -0.734394 0 -0.153383
9.83 -0.550349 0 -0.116498 -0.724273 0 -0.144814
9.84 -0.529798 0 -0.106903 -0.701589 0 -0.13404
9.85 -0.49947 0 -0.0948352 -0.665922 0 -0.120645
9.86 -0.460273 0 -0.0803906 -0.617421 0 -0.104353
9.87 -0.412959 0 -0.0637748 -0.556403 0 -0.0849962
9.88 -0.35808 0 -0.0452093 -0.483438 0 -0.0625048
9.89 -0.296362 0 -0.0249507 -0.399735 0 -0.0369864
9.9 -0.228898 0 -0.00333211 -0.307265 0 -0.0088071
9.91 -0.156675 0 0.0192746 -0.20814 0 0.0214447
9.92 -0.0800244 0 0.0425633 -0.103844 0 0.0530927
9.93 0.00113957 0 0.0663537 0.00476505 0 0.0854936
9.94 0.0865592 0 0.090545 0.116853 0 0.118075
9.95 0.175183 0 0.114896 0.231209 0 0.150211
9.96 0.265345 0 0.138753 0.34635 0 0.181011
9.97 0.355152 0 0.161108 0.460759 0 0.209378
9.98 0.442571 0 0.180933 0.572777 0 0.234291
9.99 0.525229 0 0.197467 0.680205 0 0.255037
10 0.600191 0 0.210415 0.779874 0 0.271343
