0.1 -1.95334e-005 0 -1.46854e-017 -4.38423e-005 0 -6.48913e-017 -7.35106e-005 0 -2.00206e-015
0.2 -3.92097e-005 0 -2.11881e-016 -8.79136e-005 0 1.71805e-016 -0.000147292 0 -4.97973e-015
0.3 -5.90296e-005 0 1.44702e-014 -0.000132215 0 -2.46118e-016 -0.000221344 0 2.02973e-015
0.4 -7.89937e-005 0 1.57405e-014 -0.000176746 0 -3.4201e-015 -0.00029567 0 1.8987e-015
0.5 -9.91025e-005 0 7.72538e-015 -0.00022151 0 -1.99136e-015 -0.000370269 0 5.70294e-016
0.6 -0.000119357 0 1.03276e-014 -0.000266506 0 -2.62385e-016 -0.000445142 0 4.33188e-016
0.7 -0.000139757 0 1.4051e-014 -0.000311735 0 -2.78335e-015 -0.000520292 0 6.4963e-016
0.8 -0.000160303 0 9.41535e-015 -0.000357199 0 -2.22073e-015 -0.000595718 0 2.02105e-016
0.9 -0.000180997 0 4.72594e-015 -0.000402898 0 -2.76556e-015 -0.000671422 0 -2.38577e-015
1 -0.000201839 0 6.34064e-015 -0.000448834 0 -4.48835e-015 -0.000747405 0 -5.98072e-015
0.01 -0.000259271 0 -0.000113093 -0.000448665 0 0.00027108 -0.000761754 0 -0.000118958
0.02 -0.000429139 0 -0.000533805 -0.00045201 0 0.00118385 -0.000791175 0 -0.000537446
0.03 -0.000661921 0 -0.00111237 -0.000464759 0 0.00237736 -0.000785216 0 -0.00111129
0.04 -0.000894746 0 -0.00139317 -0.000509177 0 0.00304366 -0.000702333 0 -0.00144665
0.05 -0.00108612 0 -0.00114692 -0.000616771 0 0.00280516 -0.000549176 0 -0.00133444
0.06 -0.00121336 0 -0.000463411 -0.000775795 0 0.00176728 -0.000353524 0 -0.000825972
0.07 -0.00128271 0 0.000400334 -0.000936385 0 0.000307932 -0.000150014 0 -0.000117715
0.08 -0.00130309 0 0.00112133 -0.00104565 0 -0.00107886 2.75788e-005 0 0.000536002
0.09 -0.00128374 0 0.00143251 -0.00106183 0 -0.00196606 0.000154793 0 0.000913998
0.1 -0.00122779 0 0.00120857 -0.000968283 0 -0.00213225 0.000222291 0 0.00089961
0.11 -0.00113106 0 0.000501281 -0.000777252 0 -0.00162063 0.000237486 0 0.000510083
0.12 -0.00098524 0 -0.000486853 -0.000523819 0 -0.000705112 0.000221495 0 -0.000120716
0.13 -0.000784613 0 -0.00147766 -0.000252743 0 0.000218475 0.000202078 0 -0.000798212
0.14 -0.000532752 0 -0.00221162 -3.60125e-006 0 0.000775014 0.000205444 0 -0.0013383
0.15 -0.000245701 0 -0.00252822 0.000200368 0 0.000736156 0.000250191 0 -0.00162799
0.16 5.00004e-005 0 -0.002409 0.000357033 0 8.76917e-005 0.000345269 0 -0.00165756
0.17 0.000322877 0 -0.00197284 0.000482406 0 -0.000980231 0.000490943 0 -0.00151642
0.18 0.000543523 0 -0.00142789 0.00060128 0 -0.00215134 0.000681228 0 -0.00135625
0.19 0.000692055 0 -0.000998446 0.000736362 0 -0.00309891 0.000907634 0 -0.00133577
0.2 0.000763326 0 -0.000850789 0.000899778 0 -0.00359551 0.00116243 0 -0.00156486
0.21 0.000768371 0 -0.00104291 0.00109003 0 -0.00358071 0.00144047 0 -0.00206701
0.22 0.000732164 0 -0.00151503 0.00129542 0 -0.00316914 0.00173954 0 -0.00277375
0.23 0.000686546 0 -0.00212094 0.00149991 0 -0.00260039 0.00205762 0 -0.00355109
0.24 0.000661159 0 -0.00268588 0.00168925 0 -0.00215106 0.00238874 0 -0.00424646
0.25 0.00067664 0 -0.00306855 0.00185605 0 -0.00203999 0.00272094 0 -0.00473854
0.26 0.000742872 0 -0.00320641 0.0020032 0 -0.0023587 0.00303822 0 -0.00497336
0.27 0.000862646 0 -0.00313198 0.00214546 0 -0.00305058 0.0033267 0 -0.0049776
0.28 0.00103416 0 -0.00295577 0.00230441 0 -0.00394095 0.00357824 0 -0.0048452
0.29 0.001249 0 -0.00282257 0.00249671 0 -0.00480342 0.00378838 0 -0.00470241
0.3 0.00149262 0 -0.00285857 0.00272621 0 -0.00543857 0.0039555 0 -0.00466522
0.31 0.00175141 0 -0.00312724 0.00298651 0 -0.00573725 0.00408586 0 -0.00480293
0.32 0.00201589 0 -0.00360759 0.00326473 0 -0.00570782 0.0041944 0 -0.00511875
0.33 0.00227636 0 -0.004203 0.00354194 0 -0.00546289 0.00429784 0 -0.00555439
0.34 0.00252189 0 -0.00477813 0.00379846 0 -0.00517522 0.00441094 0 -0.00601766
0.35 0.00274154 0 -0.00520779 0.00402035 0 -0.00501802 0.0045452 0 -0.00641999
0.36 0.00292392 0 -0.00541628 0.00420104 0 -0.00510634 0.00470587 0 -0.00670622
0.37 0.00305855 0 -0.0053945 0.00434125 0 -0.00545841 0.00489148 0 -0.00686648
0.38 0.00313963 0 -0.0051942 0.00444842 0 -0.00599174 0.00509635 0 -0.006931
0.39 0.00316683 0 -0.00490775 0.00453232 0 -0.00655768 0.00531121 0 -0.0069556
0.4 0.00314349 0 -0.00464077 0.00459888 0 -0.00699998 0.0055223 0 -0.00700329
0.41 0.00307766 0 -0.00448032 0.0046493 0 -0.00720957 0.0057143 0 -0.00712198
0.42 0.00298297 0 -0.00446689 0.00468192 0 -0.00715521 0.00587383 0 -0.00732397
0.43 0.00287709 0 -0.0045827 0.00469436 0 -0.00688498 0.00599123 0 -0.00757774
0.44 0.00277958 0 -0.00476278 0.00468648 0 -0.00650381 0.00606174 0 -0.00781796
0.45 0.00270613 0 -0.00492537 0.00465954 0 -0.0061383 0.00608284 0 -0.0079714
0.46 0.00266558 0 -0.00500564 0.00461611 0 -0.0058975 0.00605337 0 -0.00798512
0.47 0.00266141 0 -0.00497553 0.00456237 0 -0.00583707 0.00597614 0 -0.00784166
0.48 0.00268956 0 -0.00484592 0.0045042 0 -0.00594069 0.00585561 0 -0.0075591
0.49 0.00273793 0 -0.00465824 0.00444361 0 -0.00612973 0.00569609 0 -0.00718323
0.5 0.0027943 0 -0.00446933 0.00438312 0 -0.00629621 0.00550746 0 -0.00677501
0.51 0.00284929 0 -0.00432985 0.00432605 0 -0.00634117 0.00530551 0 -0.00639224
0.52 0.00289121 0 -0.00426221 0.00426998 0 -0.00620324 0.00510406 0 -0.00606985
0.53 0.0029094 0 -0.00425088 0.00420981 0 -0.00587392 0.00491547 0 -0.00581031
0.54 0.00290246 0 -0.00425325 0.00414668 0 -0.00540112 0.00475659 0 -0.00559206
0.55 0.00287521 0 -0.00422027 0.00408629 0 -0.00487491 0.00464422 0 -0.00538585
0.56 0.00282558 0 -0.00410693 0.00402666 0 -0.00438932 0.0045811 0 -0.00516068
0.57 0.00273718 0 -0.00387628 0.00395043 0 -0.00400045 0.00454785 0 -0.00488394
0.58 0.00259149 0 -0.00351483 0.00383559 0 -0.00371343 0.00451481 0 -0.00453473
0.59 0.002389 0 -0.00304842 0.00367562 0 -0.00349619 0.0044637 0 -0.00412036
0.6 0.00215236 0 -0.00253772 0.00348334 0 -0.00329835 0.00439295 0 -0.00367543
0.61 0.00190634 0 -0.00205475 0.00327303 0 -0.00306739 0.00430089 0 -0.00324382
0.62 0.00166413 0 -0.00165487 0.00304877 0 -0.00276219 0.00417553 0 -0.00285662
0.63 0.00144428 0 -0.00136094 0.00282272 0 -0.00236629 0.00401459 0 -0.00252066
0.64 0.00127643 0 -0.00116374 0.00262178 0 -0.00189624 0.00383395 0 -0.00222086
0.65 0.00116849 0 -0.00102997 0.00245517 0 -0.00139559 0.00363697 0 -0.00192766
0.66 0.00109996 0 -0.000918311 0.00230637 0 -0.000921294 0.00340794 0 -0.00161046
0.67 0.00105388 0 -0.000797558 0.00216294 0 -0.000527939 0.00314258 0 -0.00125253
0.68 0.00102719 0 -0.000648972 0.00202611 0 -0.000243329 0.00285655 0 -0.000850345
0.69 0.00101619 0 -0.000463018 0.00189682 0 -5.37586e-005 0.00256883 0 -0.000408113
0.7 0.00101216 0 -0.000247255 0.00177249 0 8.18597e-005 0.0022951 0 5.53538e-005
0.71 0.00100644 0 -3.07465e-005 0.00165261 0 0.000206709 0.00205026 0 0.000502025
0.72 0.00098506 0 0.000147128 0.0015329 0 0.000349557 0.00184055 0 0.000884602
0.73 0.000926469 0 0.000259671 0.001401 0 0.000523188 0.00165875 0 0.00116815
0.74 0.00081117 0 0.000315783 0.00124327 0 0.000734672 0.00149164 0 0.00135273
0.75 0.000631209 0 0.000356265 0.0010519 0 0.000984913 0.00132833 0 0.00147107
0.76 0.000395108 0 0.0004214 0.000829253 0 0.00125286 0.00116535 0 0.00155865
0.77 0.000129111 0 0.000529404 0.000590657 0 0.00149668 0.00100982 0 0.00163436
0.78 -0.000125451 0 0.00067992 0.000365287 0 0.00167766 0.000880091 0 0.00170495
0.79 -0.000330225 0 0.000863251 0.000181967 0 0.00178134 0.000791695 0 0.0017739
0.8 -0.000469758 0 0.00106332 5.15618e-005 0 0.00182082 0.000740954 0 0.00184276
0.81 -0.000545307 0 0.00125172 -2.70623e-005 0 0.00182007 0.000713389 0 0.00190276
0.82 -0.000560752 0 0.00138674 -5.48686e-005 0 0.00179504 0.000698792 0 0.00193047
0.83 -0.000521735 0 0.00143347 -3.392e-005 0 0.00175475 0.000692253 0 0.00190459
0.84 -0.00043611 0 0.00138604 3.07439e-005 0 0.0017103 0.000693171 0 0.0018258
0.85 -0.00030381 0 0.00126341 0.000141116 0 0.00166753 0.000714386 0 0.00171201
0.86 -0.000117668 0 0.00109733 0.000306686 0 0.00162209 0.000780243 0 0.00158756
0.87 0.00010308 0 0.000931943 0.000512182 0 0.00157316 0.000891374 0 0.00148521
0.88 0.000311402 0 0.00081034 0.000715538 0 0.0015261 0.00102029 0 0.00143576
0.89 0.000486975 0 0.000747239 0.000900792 0 0.0014772 0.00116252 0 0.00144334
0.9 0.00065603 0 0.000722515 0.00109786 0 0.00141101 0.00135481 0 0.0014801
0.91 0.000848328 0 0.000709935 0.00134085 0 0.00132424 0.00163225 0 0.00151474
0.92 0.00104838 0 0.000713478 0.00161918 0 0.001252 0.00197984 0 0.0015483
0.93 0.00121013 0 0.000764597 0.00188902 0 0.00125464 0.0023461 0 0.00161172
0.94 0.00131756 0 0.000875992 0.00213037 0 0.0013634 0.00270274 0 0.00172024
0.95 0.00139936 0 0.00100627 0.00236164 0 0.00153993 0.00306032 0 0.00183745
0.96 0.00149563 0 0.00108784 0.00260977 0 0.00170255 0.00343802 0 0.00190108
0.97 0.00161944 0 0.00109404 0.00287601 0 0.00179713 0.00382858 0 0.00188778
0.98 0.00174387 0 0.00105697 0.0031246 0 0.00182444 0.00418728 0 0.00183053
0.99 0.00184891 0 0.0010173 0.00332912 0 0.00180186 0.00447955 0 0.00176979
1 0.00195448 0 0.000980039 0.0035053 0 0.00172757 0.00471471 0 0.00171055
1.01 0.00207549 0 0.000914545 0.00366699 0 0.00158151 0.00490261 0 0.00162229
1.02 0.00220246 0 0.0007872 0.00380687 0 0.00135202 0.00503489 0 0.00147046
1.03 0.00234661 0 0.000603947 0.00394104 0 0.00106931 0.0051299 0 0.00125809
1.04 0.00254444 0 0.000416055 0.00411381 0 0.000803639 0.00523733 0 0.0010323
1.05 0.00280024 0 0.000272042 0.00434053 0 0.000613343 0.00538056 0 0.000838188
1.06 0.00306583 0 0.000179895 0.004585 0 0.00050594 0.00553392 0 0.000682616
1.07 0.003292 0 0.000118201 0.00480677 0 0.000450278 0.00567012 0 0.000545598
1.08 0.00348103 0 5.80968e-005 0.00501148 0 0.000401439 0.00580931 0 0.000401362
1.09 0.00365542 0 -1.50004e-005 0.00522117 0 0.000327294 0.00598645 0 0.000239053
1.1 0.00378722 0 -8.36413e-005 0.00540567 0 0.000232192 0.00617977 0 8.01149e-005
1.11 0.00382661 0 -0.000111629 0.00551092 0 0.000149138 0.00633767 0 -3.44019e-005
1.12 0.00379079 0 -7.92324e-005 0.00554761 0 0.000107004 0.00646676 0 -7.82992e-005
1.13 0.00375616 0 -1.03104e-005 0.00558623 0 0.000100734 0.00662664 0 -6.76994e-005
1.14 0.00376549 0 2.7677e-005 0.00566771 0 8.37138e-005 0.00684141 0 -6.31858e-005
1.15 0.00383025 0 -4.07608e-005 0.00580607 0 -6.20831e-006 0.00710543 0 -0.000137525
1.16 0.0039815 0 -0.000247093 0.00603722 0 -0.000201401 0.00743669 0 -0.000326238
1.17 0.00422455 0 -0.000543315 0.00637123 0 -0.000468855 0.00783332 0 -0.000592088
1.18 0.00452052 0 -0.000822199 0.00677082 0 -0.000722901 0.00825526 0 -0.000841903
1.19 0.00482023 0 -0.000997832 0.00718238 0 -0.000895104 0.00865632 0 -0.00100209
1.2 0.00507588 0 -0.00106234 0.0075472 0 -0.00098371 0.00899322 0 -0.00107181
1.21 0.00525432 0 -0.00106392 0.00781717 0 -0.00103124 0.00923658 0 -0.0011006
1.22 0.00533993 0 -0.00105705 0.00796224 0 -0.00107969 0.00937223 0 -0.00114031
1.23 0.0053295 0 -0.00107762 0.00796993 0 -0.00115242 0.00939558 0 -0.00122268
1.24 0.00524246 0 -0.00113626 0.00785866 0 -0.00125259 0.00932225 0 -0.0013542
1.25 0.00513378 0 -0.00122255 0.00769168 0 -0.00136936 0.00920276 0 -0.00152103
1.26 0.00506865 0 -0.00132074 0.0075508 0 -0.00149233 0.00910011 0 -0.00170456
1.27 0.0050777 0 -0.00141567 0.00748783 0 -0.00161422 0.0090474 0 -0.00188692
1.28 0.00515576 0 -0.00149153 0.00751692 0 -0.0017256 0.00904711 0 -0.00204915
1.29 0.00526685 0 -0.00153465 0.00761285 0 -0.00181452 0.0090746 0 -0.00217358
1.3 0.00536071 0 -0.00153113 0.00772341 0 -0.00186263 0.00909165 0 -0.00224123
1.31 0.00542825 0 -0.00147284 0.00782605 0 -0.00185177 0.00909934 0 -0.0022377
1.32 0.00549485 0 -0.0013802 0.00792833 0 -0.00178977 0.00913063 0 -0.00217663
1.33 0.00556058 0 -0.00130907 0.00801701 0 -0.00172242 0.00919078 0 -0.00210842
1.34 0.00563502 0 -0.00131645 0.0080987 0 -0.00170441 0.00929242 0 -0.00208845
1.35 0.00578069 0 -0.0013992 0.00824571 0 -0.00174015 0.00950001 0 -0.00211731
1.36 0.0060209 0 -0.0014748 0.00850211 0 -0.00176071 0.00983946 0 -0.00212028
1.37 0.00627435 0 -0.00145423 0.00880937 0 -0.00168888 0.0102317 0 -0.00201632
1.38 0.00641686 0 -0.00132601 0.00905421 0 -0.00151709 0.0105501 0 -0.00179898
1.39 0.00637677 0 -0.00116933 0.0091537 0 -0.0013208 0.0107107 0 -0.00154953
1.4 0.00616743 0 -0.0010923 0.00908862 0 -0.0012028 0.0107042 0 -0.00137827
1.41 0.0058239 0 -0.00111269 0.00885143 0 -0.00117996 0.0105353 0 -0.00130812
1.42 0.00538647 0 -0.00111762 0.00844454 0 -0.00114293 0.0102115 0 -0.00123326
1.43 0.00494517 0 -0.000987697 0.00793805 0 -0.000974492 0.00979318 0 -0.00103873
1.44 0.00457688 0 -0.000716896 0.00741415 0 -0.000665187 0.0093379 0 -0.000716873
1.45 0.00425835 0 -0.000406271 0.00687669 0 -0.000308934 0.00881622 0 -0.000361939
1.46 0.0039 0 -0.000171468 0.00627033 0 -1.69857e-005 0.00814402 0 -8.19163e-005
1.47 0.00343311 0 -2.77277e-005 0.00555058 0 0.000192657 0.00726486 0 0.000112668
1.48 0.00282295 0 0.000134365 0.00468631 0 0.000422192 0.00615873 0 0.000333327
1.49 0.00200796 0 0.000435086 0.00359814 0 0.000788178 0.00477755 0 0.000703666
1.5 0.000937638 0 0.000897735 0.00220284 0 0.00131956 0.00307952 0 0.00125473
1.51 -0.000270861 0 0.00146141 0.000585158 0 0.00196929 0.00118609 0 0.00193736
1.52 -0.00132702 0 0.00205859 -0.000973525 0 0.00268544 -0.000604633 0 0.00269658
1.53 -0.00202282 0 0.00267154 -0.00223259 0 0.0034612 -0.00206265 0 0.00352485
1.54 -0.00240194 0 0.00331523 -0.0031649 0 0.00431511 -0.00319145 0 0.00444373
1.55 -0.00262449 0 0.0039791 -0.00384859 0 0.00523303 -0.00409993 0 0.00544519
1.56 -0.00280508 0 0.00462407 -0.00433822 0 0.00616637 -0.00485232 0 0.00648799
1.57 -0.00300603 0 0.00520969 -0.00467889 0 0.00706056 -0.00547144 0 0.00752371
1.58 -0.00327567 0 0.00568405 -0.00494691 0 0.00784641 -0.00598339 0 0.00848571
1.59 -0.00365922 0 0.00598454 -0.00524719 0 0.00844179 -0.00643183 0 0.00928906
1.6 -0.00421247 0 0.00609183 -0.00570548 0 0.00880665 -0.00689292 0 0.00988459
1.61 -0.00496751 0 0.00610263 -0.00641335 0 0.00901953 -0.00744023 0 0.0103348
1.62 -0.00583433 0 0.00619031 -0.00731388 0 0.00924544 -0.00804132 0 0.0107815
1.63 -0.00655621 0 0.0064078 -0.00814628 0 0.00954349 -0.00850126 0 0.0112562
1.64 -0.00680388 0 0.00659731 -0.00853594 0 0.00977121 -0.00853895 0 0.0115906
1.65 -0.00640074 0 0.00657515 -0.0082286 0 0.00975552 -0.00799634 0 0.0115967
1.66 -0.00546061 0 0.00633661 -0.00725534 0 0.00948814 -0.00697158 0 0.0112668
1.67 -0.00427871 0 0.00604225 -0.00586117 0 0.0091154 -0.00571985 0 0.0107613
1.68 -0.00312267 0 0.00584974 -0.00432356 0 0.00878296 -0.00446156 0 0.0102465
1.69 -0.00213464 0 0.00577674 -0.00285454 0 0.00850941 -0.00329946 0 0.00976079
1.7 -0.00135947 0 0.00574256 -0.00160089 0 0.00822946 -0.00225497 0 0.00925483
1.71 -0.000749852 0 0.00569777 -0.000607069 0 0.00791811 -0.00127474 0 0.00871617
1.72 -0.000159206 0 0.00563438 0.000230707 0 0.00759449 -0.000219017 0 0.00817464
1.73 0.000553284 0 0.00551513 0.0010791 0 0.0072451 0.00104102 0 0.00762755
1.74 0.00141382 0 0.00526164 0.00204851 0 0.00680611 0.00251998 0 0.00702316
1.75 0.00237336 0 0.00479365 0.00319541 0 0.0061977 0.00415801 0 0.00629502
1.76 0.00337904 0 0.00406144 0.00454811 0 0.0053553 0.00588967 0 0.00539087
1.77 0.00434286 0 0.0030671 0.00604056 0 0.00425431 0.0076094 0 0.00429307
1.78 0.00510575 0 0.00189235 0.00746305 0 0.00294595 0.0091316 0 0.00304937
1.79 0.00557013 0 0.000693087 0.00860744 0 0.00156273 0.0103202 0 0.00177452
1.8 0.00584163 0 -0.000402885 0.0094475 0 0.000225217 0.0112339 0 0.000556754
1.81 0.00613513 0 -0.00139632 0.0100975 0 -0.00105749 0.0120436 0 -0.000636191
1.82 0.00660676 0 -0.00236727 0.0106859 0 -0.00234722 0.0128781 0 -0.0019062
1.83 0.00729986 0 -0.00335304 0.0113107 0 -0.00366642 0.0137787 0 -0.00330366
1.84 0.00817923 0 -0.00429689 0.0120494 0 -0.00495314 0.0147331 0 -0.00477579
1.85 0.00914828 0 -0.00507966 0.0129295 0 -0.0060901 0.015687 0 -0.00619546
1.86 0.0100368 0 -0.00560534 0.0138671 0 -0.00698205 0.0165199 0 -0.00744328
1.87 0.0107395 0 -0.00588207 0.0147736 0 -0.00762999 0.0171717 0 -0.00848807
1.88 0.0114259 0 -0.00601742 0.0157704 0 -0.00812577 0.0178485 0 -0.00938652
1.89 0.0123855 0 -0.00613758 0.0170726 0 -0.00857642 0.0188737 0 -0.0102107
1.9 0.0135774 0 -0.00631866 0.0185848 0 -0.00904135 0.0202441 0 -0.010988
1.91 0.0145935 0 -0.00657488 0.0198798 0 -0.00952369 0.0215842 0 -0.0116955
1.92 0.0150632 0 -0.0068829 0.0205896 0 -0.00999429 0.0225319 0 -0.0122874
1.93 0.014847 0 -0.00722769 0.0205768 0 -0.0104359 0.022917 0 -0.0127418
1.94 0.0139391 0 -0.00763167 0.0198231 0 -0.0108721 0.0226613 0 -0.0130896
1.95 0.0124138 0 -0.00812224 0.0183709 0 -0.0113367 0.0217314 0 -0.0133825
1.96 0.0104937 0 -0.00869514 0.0163963 0 -0.0118386 0.0202231 0 -0.0136543
1.97 0.0085468 0 -0.00931288 0.0142248 0 -0.0123596 0.0183827 0 -0.0139159
1.98 0.00688216 0 -0.00991429 0.0121473 0 -0.0128616 0.0164289 0 -0.0141593
1.99 0.00557526 0 -0.0104391 0.0102548 0 -0.0133062 0.014397 0 -0.0143756
2 0.00450575 0 -0.0108346 0.00846623 0 -0.0136571 0.0121807 0 -0.0145553
2.01 0.00349869 0 -0.0110299 0.00664866 0 -0.0138515 0.00966498 0 -0.0146565
2.02 0.00244478 0 -0.0109238 0.00472158 0 -0.0137841 0.00683263 0 -0.0145883
2.03 0.00128647 0 -0.0104224 0.0026399 0 -0.0133429 0.00373709 0 -0.0142432
2.04 -3.56297e-005 0 -0.00951725 0.000348332 0 -0.0124883 0.00043574 0 -0.013575
2.05 -0.00147307 0 -0.00832202 -0.00209505 0 -0.0112974 -0.00291117 0 -0.0126395
2.06 -0.00284725 0 -0.00700742 -0.00448014 0 -0.00990999 -0.00602361 0 -0.0115392
2.07 -0.00410533 0 -0.00570741 -0.00669308 0 -0.00844431 -0.00876063 0 -0.0103413
2.08 -0.00543537 0 -0.00448652 -0.0088462 0 -0.0069666 -0.0112441 0 -0.00905458
2.09 -0.00705775 0 -0.00337221 -0.0111018 0 -0.00551859 -0.0136647 0 -0.00766818
2.1 -0.00900495 0 -0.00241098 -0.0134795 0 -0.00416598 -0.0160709 0 -0.00621189
2.11 -0.0111358 0 -0.00166735 -0.0158749 0 -0.00299203 -0.0183816 0 -0.00475763
2.12 -0.0133362 0 -0.00116535 -0.0182451 0 -0.00203711 -0.020575 0 -0.00336195
2.13 -0.0155993 0 -0.000870776 -0.0206672 0 -0.00128091 -0.0227553 0 -0.00204567
2.14 -0.0179155 0 -0.000707329 -0.0232096 0 -0.000659181 -0.0250309 0 -0.000803711
2.15 -0.0201647 0 -0.000570391 -0.0258085 0 -7.83374e-005 -0.0273933 0 0.000389964
2.16 -0.0220959 0 -0.000366494 -0.028233 0 0.000544325 -0.0296798 0 0.00155297
2.17 -0.0234809 0 -6.89172e-005 -0.0302306 0 0.00122346 -0.0317089 0 0.00264746
2.18 -0.0243514 0 0.000260329 -0.0317726 0 0.00188075 -0.0335074 0 0.00356315
2.19 -0.0249194 0 0.00053931 -0.0330029 0 0.00241115 -0.0352373 0 0.00418731
2.2 -0.0252391 0 0.000768703 -0.0339256 0 0.00278773 -0.0368686 0 0.00450754
2.21 -0.0251855 0 0.00103438 -0.0343907 0 0.00307341 -0.0381683 0 0.00461608
2.22 -0.024718 0 0.0014281 -0.0343443 0 0.00335411 -0.0389687 0 0.00463302
2.23 -0.0239682 0 0.0019793 -0.0339038 0 0.00367867 -0.0392679 0 0.00463832
2.24 -0.0231054 0 0.00262597 -0.033218 0 0.00402845 -0.0391122 0 0.00463864
2.25 -0.0222274 0 0.00323577 -0.032359 0 0.00432726 -0.0385033 0 0.0045796
2.26 -0.0214143 0 0.00365908 -0.0313803 0 0.00447778 -0.0374658 0 0.0043871
2.27 -0.0207132 0 0.00377945 -0.0303101 0 0.00439685 -0.0360392 0 0.00400625
2.28 -0.0200194 0 0.00355791 -0.0290388 0 0.00405216 -0.0341588 0 0.00343718
2.29 -0.0191594 0 0.00303447 -0.0274027 0 0.00346631 -0.0317295 0 0.00273308
2.3 -0.0180652 0 0.00228078 -0.025357 0 0.00267991 -0.0287863 0 0.00195413
2.31 -0.0167345 0 0.0013787 -0.0229366 0 0.00174307 -0.0254424 0 0.0011505
2.32 -0.0151363 0 0.000432296 -0.0201617 0 0.000738269 -0.0217831 0 0.000380919
2.33 -0.0132494 0 -0.000450986 -0.0170697 0 -0.000232304 -0.0178931 0 -0.000298173
2.34 -0.0111129 0 -0.00120887 -0.0137576 0 -0.0010961 -0.0138973 0 -0.000873616
2.35 -0.00880225 0 -0.00183539 -0.0103495 0 -0.00182891 -0.00993138 0 -0.00138113
2.36 -0.00637736 0 -0.00234688 -0.0069393 0 -0.00243181 -0.00608852 0 -0.00186828
2.37 -0.00390616 0 -0.00275238 -0.0036104 0 -0.0029103 -0.00244284 0 -0.00236324
2.38 -0.00144901 0 -0.00304478 -0.000420093 0 -0.00326805 0.000962781 0 -0.00286493
2.39 0.00107619 0 -0.00319941 0.00273498 0 -0.0035008 0.0042492 0 -0.00334084
2.4 0.0038213 0 -0.00315906 0.00604812 0 -0.00357095 0.00762857 0 -0.00371123
2.41 0.00680155 0 -0.00282264 0.00959385 0 -0.00338323 0.0111965 0 -0.00383685
2.42 0.00992947 0 -0.00211174 0.0133494 0 -0.00284066 0.0149579 0 -0.00358501
2.43 0.0130531 0 -0.00109941 0.0172148 0 -0.00197269 0.0188521 0 -0.00296173
2.44 0.0158749 0 -3.24824e-005 0.0209124 0 -0.000971128 0.0226535 0 -0.00214425
2.45 0.0180942 0 0.000831806 0.0241156 0 -4.93088e-005 0.0260947 0 -0.00133258
2.46 0.0196746 0 0.00139822 0.0267196 0 0.0007125 0.0291228 0 -0.000589598
2.47 0.0208203 0 0.00173439 0.0288438 0 0.00136486 0.0318783 0 0.000155208
2.48 0.0217347 0 0.00195814 0.0306252 0 0.00198696 0.0344712 0 0.000996021
2.49 0.0224864 0 0.00215329 0.0321046 0 0.00261823 0.0368624 0 0.00197305
2.5 0.0230179 0 0.00236475 0.0332301 0 0.00326672 0.0388845 0 0.00307473
2.51 0.0232443 0 0.0026087 0.033933 0 0.00392607 0.0403472 0 0.00425422
2.52 0.0231422 0 0.00285448 0.0341913 0 0.00455656 0.0411313 0 0.00541654
2.53 0.0227438 0 0.00305015 0.0340112 0 0.00510341 0.0411905 0 0.0064477
2.54 0.0221451 0 0.00317975 0.0334395 0 0.00554536 0.0405673 0 0.00727512
2.55 0.0215041 0 0.00327257 0.0325838 0 0.00589884 0.0394026 0 0.00788078
2.56 0.0209571 0 0.00337615 0.0315557 0 0.00619171 0.0378597 0 0.00827892
2.57 0.0205456 0 0.00351561 0.0304165 0 0.00642783 0.0360535 0 0.0084793
2.58 0.0202029 0 0.00367422 0.029166 0 0.00657393 0.0340311 0 0.00846934
2.59 0.0197736 0 0.00383542 0.0277434 0 0.00660723 0.0317756 0 0.00825532
2.6 0.0190767 0 0.00401687 0.0260627 0 0.00655383 0.0292486 0 0.00789423
2.61 0.0180062 0 0.00422163 0.0240861 0 0.00644179 0.0264697 0 0.00744206
2.62 0.0165777 0 0.00438502 0.0218594 0 0.0062443 0.0235494 0 0.00689539
2.63 0.0148883 0 0.00442732 0.019477 0 0.00592332 0.0206419 0 0.00623662
2.64 0.0129692 0 0.00435614 0.0169493 0 0.00552298 0.0177972 0 0.00552946
2.65 0.0106641 0 0.0042746 0.0140905 0 0.00517407 0.0148384 0 0.00492375
2.66 0.00779768 0 0.00426825 0.0106854 0 0.00498244 0.0115252 0 0.00454233
2.67 0.0044235 0 0.004282 0.0067376 0 0.00490595 0.00780507 0 0.00435662
2.68 0.00082137 0 0.00413284 0.0024771 0 0.004762 0.00382546 0 0.0041942
2.69 -0.00270113 0 0.00367328 -0.00182067 0 0.00438437 -0.000239838 0 0.00389547
2.7 -0.00601723 0 0.00292624 -0.00603533 0 0.00375852 -0.00437589 0 0.00344627
2.71 -0.00916336 0 0.00207811 -0.0101919 0 0.00302628 -0.00869549 0 0.00297673
2.72 -0.0121169 0 0.00136826 -0.0142533 0 0.00239309 -0.0132111 0 0.00266312
2.73 -0.014682 0 0.000926674 -0.0180105 0 0.00197878 -0.017715 0 0.00257855
2.74 -0.0166687 0 0.000657269 -0.0212526 0 0.00169951 -0.0219524 0 0.00258308
2.75 -0.0181287 0 0.000321595 -0.0239931 0 0.00133499 -0.0258583 0 0.0024058
2.76 -0.0192724 0 -0.000216151 -0.0263908 0 0.00075379 -0.0294899 0 0.00188446
2.77 -0.0202753 0 -0.000908823 -0.0285657 0 -1.43655e-005 -0.0328548 0 0.00104423
2.78 -0.0212516 0 -0.00170544 -0.0305819 0 -0.000951868 -0.0359085 0 -7.87623e-005
2.79 -0.0222254 0 -0.00265641 -0.0324217 0 -0.00214725 -0.0385432 0 -0.00154064
2.8 -0.023086 0 -0.00377301 -0.0339378 0 -0.00364358 -0.0405534 0 -0.00334957
2.81 -0.023771 0 -0.00491072 -0.0350341 0 -0.0053093 -0.0418235 0 -0.00534765
2.82 -0.024415 0 -0.00585966 -0.0358198 0 -0.00691602 -0.04248 0 -0.00729647
2.83 -0.0251993 0 -0.0065017 -0.036477 0 -0.00829101 -0.0427479 0 -0.00903004
2.84 -0.0261858 0 -0.00688852 -0.0371083 0 -0.00940546 -0.0427859 0 -0.0105343
2.85 -0.0272652 0 -0.00717258 -0.0376819 0 -0.0103286 -0.0426263 0 -0.0118868
2.86 -0.0282478 0 -0.00750383 -0.0381032 0 -0.0111502 -0.0422463 0 -0.0131653
2.87 -0.028983 0 -0.00801799 -0.0383097 0 -0.0119862 -0.0416633 0 -0.0144482
2.88 -0.0293105 0 -0.00878921 -0.0382011 0 -0.0129349 -0.0408636 0 -0.0157758
2.89 -0.0290353 0 -0.00973727 -0.0376028 0 -0.0139717 -0.0397562 0 -0.017061
2.9 -0.0280626 0 -0.0106718 -0.0363986 0 -0.0149674 -0.0382923 0 -0.0181285
2.91 -0.0264504 0 -0.0114616 -0.0345962 0 -0.0158315 -0.0365126 0 -0.0188764
2.92 -0.0243175 0 -0.0121246 -0.032256 0 -0.0165887 -0.0344619 0 -0.0193595
2.93 -0.0218033 0 -0.0127366 -0.0294699 0 -0.0172937 -0.0321625 0 -0.0196958
2.94 -0.0190599 0 -0.0133014 -0.0263626 0 -0.0179174 -0.0296249 0 -0.0199353
2.95 -0.0162111 0 -0.0137567 -0.0230481 0 -0.0183693 -0.0268251 0 -0.0200624
2.96 -0.0133575 0 -0.0140512 -0.0196252 0 -0.0185862 -0.0237295 0 -0.0200676
2.97 -0.0106435 0 -0.0141312 -0.0162339 0 -0.0185242 -0.0203774 0 -0.0199288
2.98 -0.00825384 0 -0.0138908 -0.0130512 0 -0.0181032 -0.0168943 0 -0.0195563
2.99 -0.00628145 0 -0.0132154 -0.010164 0 -0.0172373 -0.0133702 0 -0.0188312
3 -0.0046106 0 -0.0120682 -0.00745921 0 -0.0159061 -0.00974428 0 -0.0176886
3.01 -0.00298928 0 -0.0105128 -0.00469365 0 -0.0141678 -0.00586476 0 -0.0161416
3.02 -0.00121228 0 -0.00865531 -0.00167456 0 -0.0121023 -0.00165199 0 -0.0142316
3.03 0.000793816 0 -0.00657013 0.00165384 0 -0.00974289 0.00283575 0 -0.0119617
3.04 0.00295994 0 -0.00430078 0.00519143 0 -0.00708691 0.00740499 0 -0.00930706
3.05 0.00510494 0 -0.00194926 0.00870279 0 -0.00419604 0.0117637 0 -0.00631217
3.06 0.00707419 0 0.000313336 0.0119533 0 -0.00121947 0.0156621 0 -0.00311088
3.07 0.00890823 0 0.00240018 0.0148914 0 0.00175031 0.0190654 0 0.000218953
3.08 0.0108274 0 0.00437124 0.0176648 0 0.00474141 0.0221499 0 0.00371602
3.09 0.0129718 0 0.00631214 0.0203915 0 0.0077927 0.0250542 0 0.00741868
3.1 0.0152335 0 0.00824108 0.023002 0 0.0108738 0.0277151 0 0.0112787
3.11 0.017444 0 0.0100851 0.0254083 0 0.0138689 0.0300443 0 0.015143
3.12 0.0196421 0 0.0117351 0.027744 0 0.0166316 0.0321839 0 0.0188126
3.13 0.02203 0 0.0131611 0.0303029 0 0.0190971 0.0344552 0 0.0221613
3.14 0.0246265 0 0.0144143 0.0331815 0 0.0212834 0.0370059 0 0.0251458
3.15 0.0270865 0 0.015559 0.0360834 0 0.0232255 0.0396143 0 0.0277461
3.16 0.0289323 0 0.0166559 0.0385277 0 0.0249612 0.0418919 0 0.0299582
3.17 0.029806 0 0.0177447 0.0400912 0 0.0265169 0.0435101 0 0.0317838
3.18 0.0296036 0 0.0188338 0.040555 0 0.0278988 0.044319 0 0.0332237
3.19 0.0286066 0 0.0199354 0.0400745 0 0.0291275 0.044486 0 0.0343131
3.2 0.0273472 0 0.0210832 0.0390977 0 0.0302574 0.0443892 0 0.0351385
3.21 0.0261831 0 0.0223175 0.0379735 0 0.0313619 0.0442281 0 0.0358181
3.22 0.0250784 0 0.023655 0.0367259 0 0.0325038 0.0438296 0 0.0364674
3.23 0.023803 0 0.025032 0.0352031 0 0.0336742 0.042855 0 0.0371333
3.24 0.0222018 0 0.0262898 0.0332904 0 0.034769 0.0410683 0 0.037767
3.25 0.0202548 0 0.0272249 0.03094 0 0.0356253 0.0383952 0 0.038259
3.26 0.0180607 0 0.0276058 0.0281639 0 0.0360265 0.0349126 0 0.0384407
3.27 0.015879 0 0.0272104 0.025121 0 0.0357294 0.0308993 0 0.0381076
3.28 0.0140288 0 0.0259478 0.0220759 0 0.0345878 0.026747 0 0.0371343
3.29 0.0126242 0 0.0239516 0.0191779 0 0.0326578 0.0227008 0 0.0355698
3.3 0.011486 0 0.0215517 0.0163748 0 0.030195 0.0187603 0 0.0336248
3.31 0.0103335 0 0.0191516 0.0135632 0 0.0275585 0.014845 0 0.0315723
3.32 0.00901076 0 0.0170802 0.0107565 0 0.0250794 0.01099 0 0.0296251
3.33 0.00745571 0 0.0154883 0.00800779 0 0.0229554 0.00729015 0 0.0278518
3.34 0.00548516 0 0.0143357 0.00516781 0 0.0212169 0.00366536 0 0.026174
3.35 0.00286327 0 0.0134561 0.00194807 0 0.0197607 -8.764e-005 0 0.0244299
3.36 -0.000376033 0 0.0126207 -0.00173623 0 0.0183861 -0.00397988 0 0.0224297
3.37 -0.00387443 0 0.011597 -0.00566229 0 0.0168398 -0.00776291 0 0.0200013
3.38 -0.0071654 0 0.0102528 -0.00945705 0 0.014927 -0.0111155 0 0.0170816
3.39 -0.00988992 0 0.0086348 -0.0127745 0 0.0126165 -0.0138253 0 0.0137867
3.4 -0.011994 0 0.00692149 -0.0154975 0 0.0100325 -0.0159605 0 0.010363
3.41 -0.0137841 0 0.00529343 -0.0178411 0 0.00735703 -0.0179191 0 0.00705938
3.42 -0.0156513 0 0.0038351 -0.0201445 0 0.00474437 -0.0201605 0 0.00402997
3.43 -0.0177089 0 0.00250357 -0.0225518 0 0.00227365 -0.0228531 0 0.00129907
3.44 -0.0197503 0 0.00116678 -0.0249617 0 -5.14321e-005 -0.0258289 0 -0.00120895
3.45 -0.0214845 0 -0.000304072 -0.0272082 0 -0.00225558 -0.0288045 0 -0.00358743
3.46 -0.0227541 0 -0.00198572 -0.0292153 0 -0.00437747 -0.0315867 0 -0.00590629
3.47 -0.0235885 0 -0.00390175 -0.0310084 0 -0.0064802 -0.0341223 0 -0.00821396
3.48 -0.0241173 0 -0.00599869 -0.0326267 0 -0.00861305 -0.0364217 0 -0.0105107
3.49 -0.0244756 0 -0.00813475 -0.03406 0 -0.0107653 -0.0384817 0 -0.0127286
3.5 -0.0248389 0 -0.0101209 -0.0353341 0 -0.012864 -0.0403425 0 -0.0147599
3.51 -0.0254337 0 -0.0117847 -0.0365724 0 -0.0148007 -0.0421203 0 -0.016506
3.52 -0.0262999 0 -0.0130408 -0.0377897 0 -0.0164856 -0.0437873 0 -0.0179363
3.53 -0.0271661 0 -0.0139319 -0.0387595 0 -0.0178977 -0.0450502 0 -0.0191232
3.54 -0.0277215 0 -0.0145849 -0.0392459 0 -0.0190719 -0.0456097 0 -0.0201998
3.55 -0.0279178 0 -0.0151296 -0.0392623 0 -0.0200564 -0.0454498 0 -0.0212837
3.56 -0.0280044 0 -0.0156464 -0.0390904 0 -0.0208901 -0.0448694 0 -0.0224316
3.57 -0.028281 0 -0.0161443 -0.0390458 0 -0.0215916 -0.0442418 0 -0.0236218
3.58 -0.0288118 0 -0.0165634 -0.0392111 0 -0.0221513 -0.0437318 0 -0.0247588
3.59 -0.0293648 0 -0.016787 -0.0393831 0 -0.0225159 -0.0432263 0 -0.0256852
3.6 -0.0295216 0 -0.0167015 -0.0391707 0 -0.022616 -0.0424202 0 -0.026239
3.61 -0.0288992 0 -0.0162969 -0.0381967 0 -0.0224436 -0.0410107 0 -0.0263554
3.62 -0.027433 0 -0.0156983 -0.0363721 0 -0.0220808 -0.03896 0 -0.0261029
3.63 -0.0254465 0 -0.0150881 -0.0339812 0 -0.0216381 -0.0365656 0 -0.0256151
3.64 -0.0233651 0 -0.0145761 -0.0314263 0 -0.0211534 -0.034193 0 -0.0249721
3.65 -0.0213879 0 -0.0141347 -0.0289199 0 -0.0205507 -0.0319696 0 -0.0241397
3.66 -0.0194679 0 -0.0136626 -0.0264559 0 -0.019716 -0.0297777 0 -0.0230332
3.67 -0.0175179 0 -0.0130456 -0.0239871 0 -0.0185576 -0.0274648 0 -0.0215726
3.68 -0.0155174 0 -0.0121774 -0.0215036 0 -0.0170154 -0.0249519 0 -0.0196952
3.69 -0.0134641 0 -0.0110701 -0.0189742 0 -0.0151574 -0.0221887 0 -0.0174604
3.7 -0.01137 0 -0.00993074 -0.0163499 0 -0.0132455 -0.0191543 0 -0.0151239
3.71 -0.00928802 0 -0.00903219 -0.0136141 0 -0.0116059 -0.0158878 0 -0.0130133
3.72 -0.00722968 0 -0.0085561 -0.0107281 0 -0.0104732 -0.0124098 0 -0.0113754
3.73 -0.00512839 0 -0.00851354 -0.00761275 0 -0.0099093 -0.00868464 0 -0.010297
3.74 -0.00294442 0 -0.00870622 -0.00425757 0 -0.00975488 -0.00472012 0 -0.00965826
3.75 -0.0006999 0 -0.00885244 -0.000746457 0 -0.00974261 -0.000596684 0 -0.00924408
3.76 0.00157925 0 -0.00879307 0.00281691 0 -0.00969558 0.00359584 0 -0.00893646
3.77 0.0039056 0 -0.00850342 0.00637247 0 -0.0095445 0.00780645 0 -0.00871845
3.78 0.0063069 0 -0.00800077 0.00989982 0 -0.0092503 0.0120066 0 -0.00858097
3.79 0.00876486 0 -0.00733924 0.0133664 0 -0.00881556 0.0161344 0 -0.00852182
3.8 0.0112306 0 -0.00661395 0.0167389 0 -0.00830105 0.0201126 0 -0.00855758
3.81 0.0136678 0 -0.00587776 0.0200115 0 -0.00774661 0.0238917 0 -0.0086499
3.82 0.0160185 0 -0.00504625 0.0231552 0 -0.00706821 0.0274134 0 -0.00861798
3.83 0.0182252 0 -0.00393467 0.0261251 0 -0.00607695 0.0306298 0 -0.00817879
3.84 0.0203042 0 -0.00251348 0.0289298 0 -0.00471836 0.0335739 0 -0.00720526
3.85 0.0222747 0 -0.00110406 0.0315682 0 -0.0032701 0.0362876 0 -0.00593253
3.86 0.0240794 0 -0.000110685 0.0339613 0 -0.00209576 0.0387406 0 -0.00470881
3.87 0.025617 0 0.000363179 0.0359932 0 -0.00128382 0.0408577 0 -0.00362739
3.88 0.0267939 0 0.00048074 0.0375649 0 -0.000687683 0.0425636 0 -0.00256296
3.89 0.0275478 0 0.000413867 0.0386158 0 -0.000174862 0.0438018 0 -0.00142053
3.9 0.0278159 0 0.000222407 0.0390871 0 0.000263747 0.0444986 0 -0.000243965
3.91 0.0274673 0 -6.36029e-005 0.0388441 0 0.000604062 0.0444925 0 0.000877639
3.92 0.0263242 0 -0.000305056 0.037686 0 0.000935064 0.0435515 0 0.00196148
3.93 0.0243817 0 -0.000277204 0.0355599 0 0.00144522 0.0415929 0 0.00312348
3.94 0.0219616 0 0.000186781 0.0327299 0 0.00228751 0.0388486 0 0.00445072
3.95 0.0195055 0 0.00117148 0.0296007 0 0.00355705 0.0356827 0 0.00598857
3.96 0.0173017 0 0.00271865 0.0264711 0 0.00532608 0.0323428 0 0.00778541
3.97 0.0154601 0 0.00476971 0.0235138 0 0.00757784 0.0289501 0 0.00983419
3.98 0.0140137 0 0.00715396 0.0208587 0 0.0101832 0.0256031 0 0.0120521
3.99 0.0129545 0 0.00969431 0.0186022 0 0.0129959 0.0224069 0 0.0143725
4 0.0120955 0 0.0122755 0.0166414 0 0.015917 0.0193205 0 0.0167979
4.01 0.0110031 0 0.014839 0.014581 0 0.0188943 0.0160634 0 0.0193818
4.02 0.0093128 0 0.017301 0.012034 0 0.021847 0.0123989 0 0.0221346
4.03 0.0069873 0 0.0194527 0.00889276 0 0.0245702 0.00837078 0 0.0249132
4.04 0.00412833 0 0.0210358 0.00517887 0 0.0268042 0.00410791 0 0.0274826
4.05 0.000825814 0 0.0218966 0.000930477 0 0.0283788 -0.000322342 0 0.0296605
4.06 -0.00268724 0 0.0220351 -0.00362038 0 0.0292583 -0.00474887 0 0.0313647
4.07 -0.0060635 0 0.0216057 -0.00807311 0 0.029546 -0.00890743 0 0.0326227
4.08 -0.00916895 0 0.0209018 -0.0122057 0 0.02948 -0.0127493 0 0.0335743
4.09 -0.0121391 0 0.0203002 -0.0160741 0 0.0293942 -0.0164883 0 0.0344409
4.1 -0.0151031 0 0.0201394 -0.0197828 0 0.0296102 -0.0203246 0 0.0354306
4.11 -0.0180673 0 0.0205792 -0.0233881 0 0.0303014 -0.0243267 0 0.0366184
4.12 -0.0209258 0 0.0215504 -0.026891 0 0.031433 -0.0284354 0 0.0379059
4.13 -0.023413 0 0.0228233 -0.0301414 0 0.0328099 -0.0324044 0 0.0390864
4.14 -0.0252803 0 0.0241213 -0.0329553 0 0.0341712 -0.0359617 0 0.039947
4.15 -0.0265559 0 0.0251935 -0.0353409 0 0.0352532 -0.0390646 0 0.0403243
4.16 -0.0274721 0 0.0258421 -0.0374328 0 0.0358212 -0.0418369 0 0.040116
4.17 -0.0282647 0 0.0259367 -0.0393322 0 0.0356987 -0.0443896 0 0.0392802
4.18 -0.0290509 0 0.0254431 -0.0410347 0 0.0348175 -0.0467213 0 0.0378542
4.19 -0.0297772 0 0.024468 -0.0424117 0 0.0332802 -0.0486805 0 0.0359947
4.2 -0.0303268 0 0.0232224 -0.0433268 0 0.0313355 -0.0500796 0 0.0339423
4.21 -0.0306204 0 0.0218688 -0.0437237 0 0.0292222 -0.0507963 0 0.0318743
4.22 -0.0305618 0 0.0204131 -0.043549 0 0.0270413 -0.0507175 0 0.029799
4.23 -0.0301076 0 0.0187699 -0.0427967 0 0.0247893 -0.0498048 0 0.0276209
4.24 -0.0293586 0 0.0168906 -0.0415872 0 0.0224548 -0.0481854 0 0.0252657
4.25 -0.0283374 0 0.0148166 -0.0399469 0 0.0200589 -0.0459291 0 0.0227351
4.26 -0.0268991 0 0.0126557 -0.0377235 0 0.0176398 -0.0429531 0 0.020089
4.27 -0.0249732 0 0.0105163 -0.0348347 0 0.0152123 -0.0392547 0 0.0173878
4.28 -0.0225948 0 0.00847367 -0.0313112 0 0.0127662 -0.0349344 0 0.014667
4.29 -0.0197993 0 0.0065911 -0.0272027 0 0.010314 -0.0300864 0 0.0119653
4.3 -0.0167592 0 0.00489585 -0.0227206 0 0.00788145 -0.0249345 0 0.00930466
4.31 -0.0138038 0 0.00330864 -0.0182631 0 0.00543352 -0.0198574 0 0.00661905
4.32 -0.0111151 0 0.0016601 -0.0141048 0 0.00287019 -0.0150922 0 0.00376562
4.33 -0.00858522 0 -0.000192473 -0.0102319 0 0.000114228 -0.0105906 0 0.000632423
4.34 -0.00598875 0 -0.00225037 -0.00647994 0 -0.00279678 -0.00617948 0 -0.00275371
4.35 -0.00312701 0 -0.00435745 -0.00265107 0 -0.00570024 -0.00169063 0 -0.00621217
4.36 0.000124562 0 -0.00634297 0.00144214 0 -0.00844099 0.00300271 0 -0.00954755
4.37 0.0037341 0 -0.00817998 0.00587185 0 -0.0110136 0.00790554 0 -0.0127048
4.38 0.00748588 0 -0.00994466 0.0105259 0 -0.0135102 0.0128647 0 -0.0157302
4.39 0.0110176 0 -0.0116433 0.0150993 0 -0.0159404 0.0175872 0 -0.0186017
4.4 0.013959 0 -0.0131464 0.0192013 0 -0.0181606 0.0217552 0 -0.0211638
4.41 0.0162052 0 -0.0143001 0.0226315 0 -0.0199812 0.0252824 0 -0.0232361
4.42 0.0179896 0 -0.015062 0.0254946 0 -0.0213075 0.0283863 0 -0.0247474
4.43 0.0197093 0 -0.0155114 0.0280908 0 -0.0221635 0.0314297 0 -0.0257475
4.44 0.0217806 0 -0.0157492 0.0308245 0 -0.0226111 0.034799 0 -0.0263132
4.45 0.0244265 0 -0.0158141 0.0340102 0 -0.0226787 0.0387118 0 -0.0264692
4.46 0.0274097 0 -0.0157214 0.0375668 0 -0.0224024 0.0429518 0 -0.0262299
4.47 0.0301523 0 -0.015559 0.0410583 0 -0.0219147 0.0469704 0 -0.0256962
4.48 0.0321974 0 -0.0154393 0.0440742 0 -0.0213866 0.0503189 0 -0.0250093
4.49 0.0334211 0 -0.0153384 0.0464086 0 -0.0208536 0.0528431 0 -0.02419
4.5 0.0339127 0 -0.015075 0.0479698 0 -0.0201775 0.0545626 0 -0.0231098
4.51 0.0339323 0 -0.0144694 0.0488114 0 -0.0191917 0.0556442 0 -0.0216402
4.52 0.0339019 0 -0.0134657 0.0492098 0 -0.0178199 0.0564183 0 -0.0197653
4.53 0.0341091 0 -0.0120765 0.0494286 0 -0.0160321 0.0571092 0 -0.0175219
4.54 0.0344979 0 -0.0102739 0.049514 0 -0.0137525 0.05764 0 -0.0148889
4.55 0.0348603 0 -0.00803159 0.0494312 0 -0.010917 0.0578201 0 -0.0118287
4.56 0.0349637 0 -0.00545991 0.0491122 0 -0.00761788 0.0574586 0 -0.00842467
4.57 0.0345602 0 -0.00278805 0.0483938 0 -0.00409429 0.0563554 0 -0.00487081
4.58 0.0335733 0 -0.000211401 0.0471731 0 -0.000580205 0.0544744 0 -0.00132998
4.59 0.0322618 0 0.00217815 0.0455969 0 0.00277438 0.0521048 0 0.00212709
4.6 0.0310735 0 0.00434767 0.0439862 0 0.00587626 0.0497289 0 0.00547281
4.61 0.0302394 0 0.00629957 0.042508 0 0.0086833 0.0476315 0 0.00869823
4.62 0.0295272 0 0.00810165 0.0409613 0 0.011247 0.0456547 0 0.0118453
4.63 0.0285438 0 0.0098537 0.0390565 0 0.0136828 0.0434815 0 0.0149788
4.64 0.0272345 0 0.0115729 0.0368639 0 0.0160479 0.0411151 0 0.0180768
4.65 0.0258756 0 0.013123 0.0347651 0 0.0182497 0.0388661 0 0.0209618
4.66 0.0246357 0 0.0142582 0.0329934 0 0.0200624 0.0369189 0 0.0233407
4.67 0.0233738 0 0.0147895 0.0314171 0 0.021272 0.0351319 0 0.0249669
4.68 0.0218431 0 0.0147525 0.0297351 0 0.0218416 0.0332358 0 0.0258074
4.69 0.0199622 0 0.0143858 0.0277582 0 0.021912 0.0310983 0 0.0260305
4.7 0.0179299 0 0.0139613 0.0255605 0 0.0216697 0.0288455 0 0.0258518
4.71 0.0161175 0 0.0136663 0.0234239 0 0.0212611 0.0267736 0 0.0254299
4.72 0.0147363 0 0.0135585 0.0215457 0 0.0207634 0.0250371 0 0.0248298
4.73 0.0136564 0 0.0135193 0.0198569 0 0.0201303 0.0234786 0 0.0239757
4.74 0.0126498 0 0.0133129 0.0182258 0 0.0192222 0.0218661 0 0.0226995
4.75 0.0116402 0 0.0127539 0.0166584 0 0.0179394 0.020134 0 0.0208941
4.76 0.0107288 0 0.0117777 0.0152938 0 0.016267 0.0184042 0 0.0185708
4.77 0.0101756 0 0.0104098 0.0143868 0 0.0142367 0.0169725 0 0.0158211
4.78 0.010183 0 0.00872962 0.0141165 0 0.0119005 0.0160993 0 0.0127757
4.79 0.0105771 0 0.00683164 0.0142915 0 0.00931285 0.01569 0 0.00956701
4.8 0.0109383 0 0.00481315 0.0144841 0 0.0065416 0.0154086 0 0.00631726
4.81 0.010958 0 0.00274443 0.0143778 0 0.003654 0.0150106 0 0.00311163
4.82 0.0104901 0 0.000602895 0.0138124 0 0.000653925 0.0143765 0 -6.70648e-005
4.83 0.00956889 0 -0.00164608 0.012803 0 -0.00244836 0.013523 0 -0.00325862
4.84 0.00857189 0 -0.00386009 0.0117158 0 -0.00546226 0.0127747 0 -0.00633499
4.85 0.00799531 0 -0.0057935 0.0110637 0 -0.00810028 0.0125637 0 -0.00906704
4.86 0.00777894 0 -0.00738778 0.0108325 0 -0.0102746 0.0127727 0 -0.0114073
4.87 0.00724413 0 -0.0088497 0.010378 0 -0.0121852 0.0126679 0 -0.013568
4.88 0.00593073 0 -0.0104518 0.00920981 0 -0.0141317 0.0117141 0 -0.0158288
4.89 0.0040892 0 -0.0122753 0.00747317 0 -0.0162564 0.0100626 0 -0.0182871
4.9 0.00230536 0 -0.0141314 0.00562261 0 -0.0184466 0.00819911 0 -0.0207777
4.91 0.000957098 0 -0.0157862 0.00394748 0 -0.0205282 0.00643357 0 -0.023089
4.92 0.000123617 0 -0.017247 0.00252282 0 -0.0225286 0.00483055 0 -0.0252408
4.93 -0.000203955 0 -0.0187515 0.00142038 0 -0.0246664 0.0034243 0 -0.0274752
4.94 -0.000158412 0 -0.0205088 0.000640431 0 -0.027112 0.00217498 0 -0.0300057
4.95 -0.0001528 0 -0.022525 -9.90581e-005 0 -0.0298347 0.000791062 0 -0.032848
4.96 -0.000619446 0 -0.0246029 -0.00115861 0 -0.0326132 -0.00104078 0 -0.035818
4.97 -0.00160861 0 -0.026416 -0.00260167 0 -0.035107 -0.00327955 0 -0.0385961
4.98 -0.00292221 0 -0.0276652 -0.00430607 0 -0.0370014 -0.00567115 0 -0.0408713
4.99 -0.00453016 0 -0.0283058 -0.00633315 0 -0.0382266 -0.00816239 0 -0.042561
5 -0.006476 0 -0.0286407 -0.00879332 0 -0.0390574 -0.0108051 0 -0.0439099
5.01 -0.00851566 0 -0.0290892 -0.0114589 0 -0.0398995 -0.0133892 0 -0.0452746
5.02 -0.010288 0 -0.0298111 -0.0139217 0 -0.0409268 -0.0155982 0 -0.0467667
5.03 -0.0116813 0 -0.0306151 -0.0159718 0 -0.0419815 -0.0173595 0 -0.0481663
5.04 -0.012765 0 -0.0312273 -0.0175702 0 -0.0428179 -0.0187704 0 -0.0491855
5.05 -0.0136584 0 -0.0315633 -0.0187672 0 -0.0433538 -0.0199698 0 -0.0497331
5.06 -0.0146567 0 -0.0317569 -0.0198653 0 -0.0436977 -0.0212717 0 -0.0499422
5.07 -0.0160611 0 -0.0320572 -0.0212612 0 -0.0440634 -0.0230072 0 -0.0500729
5.08 -0.0177378 0 -0.032689 -0.0229751 0 -0.0446565 -0.0250862 0 -0.0503818
5.09 -0.0192012 0 -0.033739 -0.0246646 0 -0.0455808 -0.027065 0 -0.0510128
5.1 -0.0200975 0 -0.0351562 -0.0260347 0 -0.0468403 -0.028605 0 -0.0519948
5.11 -0.0202781 0 -0.0367908 -0.0268769 0 -0.0483654 -0.02953 0 -0.0532713
5.12 -0.019583 0 -0.0384494 -0.0268684 0 -0.0500423 -0.0296055 0 -0.0547412
5.13 -0.0180412 0 -0.0399882 -0.0258246 0 -0.0517825 -0.0287434 0 -0.0563379
5.14 -0.016209 0 -0.0413189 -0.0241179 0 -0.0535131 -0.027364 0 -0.058023
5.15 -0.0148371 0 -0.0423301 -0.0224291 0 -0.0550952 -0.0261039 0 -0.0597009
5.16 -0.0142035 0 -0.0429531 -0.0211196 0 -0.0563974 -0.0251861 0 -0.0612796
5.17 -0.0141054 0 -0.0432985 -0.0201853 0 -0.0574518 -0.0244223 0 -0.0628104
5.18 -0.0142527 0 -0.0436096 -0.0195585 0 -0.0584329 -0.0235929 0 -0.0644525
5.19 -0.0143082 0 -0.044125 -0.0190532 0 -0.0595446 -0.0224624 0 -0.0663519
5.2 -0.0137212 0 -0.0449682 -0.0181355 0 -0.0609184 -0.0205818 0 -0.0685467
5.21 -0.0119417 0 -0.0460092 -0.0161212 0 -0.0624622 -0.017469 0 -0.0708368
5.22 -0.00893151 0 -0.046795 -0.0127341 0 -0.0637569 -0.0130993 0 -0.0727107
5.23 -0.00514776 0 -0.0467247 -0.00819253 0 -0.0641888 -0.00789505 0 -0.0735055
5.24 -0.00110751 0 -0.0453931 -0.00288524 0 -0.0632652 -0.002318 0 -0.0727345
5.25 0.00276827 0 -0.0427842 0.0027214 0 -0.0608148 0.00325714 0 -0.0702759
5.26 0.00624113 0 -0.0391768 0.00818278 0 -0.0569379 0.00860822 0 -0.0662895
5.27 0.00940487 0 -0.0349263 0.0133088 0 -0.0518483 0.0138108 0 -0.0610203
5.28 0.0124877 0 -0.0303237 0.0180826 0 -0.0457803 0.0190514 0 -0.0546795
5.29 0.0155303 0 -0.025582 0.0224316 0 -0.0389951 0.0243198 0 -0.0474483
5.3 0.0185347 0 -0.0208685 0.0264051 0 -0.0317988 0.0295662 0 -0.0395199
5.31 0.0216779 0 -0.0162837 0.0303538 0 -0.0244816 0.0349217 0 -0.0310796
5.32 0.0250594 0 -0.0117827 0.0346035 0 -0.0171883 0.040452 0 -0.0222196
5.33 0.0285344 0 -0.00714214 0.0391955 0 -0.00983538 0.0459921 0 -0.0128898
5.34 0.0319298 0 -0.00204564 0.0440249 0 -0.00216321 0.0513544 0 -0.00295833
5.35 0.0352952 0 0.00379629 0.049067 0 0.00615093 0.0565755 0 0.00769413
5.36 0.0388808 0 0.010569 0.0543995 0 0.0153921 0.0619019 0 0.0191199
5.37 0.0426919 0 0.0182081 0.0598394 0 0.0256153 0.0673531 0 0.031171
5.38 0.046201 0 0.026302 0.0647202 0 0.0364907 0.0724278 0 0.0433994
5.39 0.0488562 0 0.0343678 0.0684226 0 0.0475321 0.0765891 0 0.0553195
5.4 0.0506963 0 0.0422267 0.070989 0 0.0584599 0.0798627 0 0.0667684
5.41 0.0521945 0 0.0499478 0.0729636 0 0.0691798 0.082687 0 0.0778438
5.42 0.0537089 0 0.0575018 0.0748298 0 0.0794968 0.0853844 0 0.0885564
5.43 0.0551101 0 0.0645835 0.076594 0 0.088991 0.0877991 0 0.0986462
5.44 0.0558667 0 0.070813 0.0778019 0 0.0972423 0.0893735 0 0.107769
5.45 0.0556267 0 0.0760865 0.0780646 0 0.10418 0.0897101 0 0.115834
5.46 0.0546004 0 0.0805817 0.0774462 0 0.110069 0.0889511 0 0.123008
5.47 0.0532935 0 0.0844491 0.0762671 0 0.115176 0.0875311 0 0.129409
5.48 0.052124 0 0.0876703 0.0748126 0 0.119586 0.0858241 0 0.134971
5.49 0.0513021 0 0.0901466 0.0732779 0 0.123254 0.0840457 0 0.139539
5.5 0.0506638 0 0.0917652 0.0716079 0 0.126041 0.0820906 0 0.142929
5.51 0.0496389 0 0.0923951 0.069406 0 0.127713 0.0794807 0 0.144928
5.52 0.0477887 0 0.0919181 0.0663839 0 0.127994 0.0758684 0 0.145329
5.53 0.0451508 0 0.0903147 0.0626439 0 0.126689 0.0713576 0 0.14402
5.54 0.0418746 0 0.0877001 0.0583054 0 0.123773 0.0661344 0 0.141028
5.55 0.0379948 0 0.0841999 0.0533073 0 0.1193 0.0602427 0 0.136409
5.56 0.0335337 0 0.0797915 0.0475553 0 0.11326 0.0536901 0 0.130095
5.57 0.0284636 0 0.0744011 0.0409278 0 0.10566 0.0464144 0 0.121997
5.58 0.0226843 0 0.0681709 0.033279 0 0.0967621 0.038263 0 0.112266
5.59 0.016135 0 0.0614786 0.0245521 0 0.0870687 0.0291063 0 0.101324
5.6 0.00880286 0 0.0546389 0.0147692 0 0.0770113 0.0188498 0 0.089571
5.61 0.000678412 0 0.0476852 0.00395854 0 0.0667163 0.00739482 0 0.0771696
5.62 -0.00807413 0 0.040475 -0.00769855 0 0.0560985 -0.00518142 0 0.0641369
5.63 -0.0168888 0 0.0329142 -0.0196372 0 0.0450839 -0.0183769 0 0.0505537
5.64 -0.0249976 0 0.0250108 -0.031077 0 0.0336777 -0.031431 0 0.0366019
5.65 -0.0319902 0 0.016773 -0.0415455 0 0.0218839 -0.0438545 0 0.0224483
5.66 -0.0381201 0 0.00818336 -0.0511843 0 0.00969946 -0.0557335 0 0.00820731
5.67 -0.0440529 0 -0.000694133 -0.060538 0 -0.00276874 -0.0675101 0 -0.00596149
5.68 -0.0502567 0 -0.00964941 -0.0699951 0 -0.0152384 -0.0794206 0 -0.0197901
5.69 -0.0566072 0 -0.0184333 -0.0794061 0 -0.0273676 -0.0911351 0 -0.0330051
5.7 -0.062573 0 -0.0269146 -0.088235 0 -0.0389301 -0.10195 0 -0.0454782
5.71 -0.0677192 0 -0.0350852 -0.0960105 0 -0.049848 -0.111284 0 -0.0572275
5.72 -0.0719403 0 -0.0429245 -0.102534 0 -0.0600786 -0.118906 0 -0.0682788
5.73 -0.0752111 0 -0.0502784 -0.107647 0 -0.0695008 -0.124693 0 -0.0785389
5.74 -0.0772639 0 -0.0568986 -0.110937 0 -0.0779376 -0.128308 0 -0.0878216
5.75 -0.077607 0 -0.0626212 -0.111789 0 -0.0853052 -0.129214 0 -0.096014
5.76 -0.075899 0 -0.0674943 -0.109767 0 -0.0917137 -0.127031 0 -0.103194
5.77 -0.0722334 0 -0.0717185 -0.104914 0 -0.0973961 -0.121813 0 -0.109574
5.78 -0.0670847 0 -0.0755103 -0.0977248 0 -0.102574 -0.114012 0 -0.115368
5.79 -0.0612253 0 -0.0790522 -0.0890736 0 -0.107417 -0.104414 0 -0.120751
5.8 -0.0556582 0 -0.0824723 -0.0801645 0 -0.112038 -0.0941158 0 -0.12585
5.81 -0.0511652 0 -0.0858038 -0.072067 0 -0.116461 -0.0840991 0 -0.130702
5.82 -0.0474656 0 -0.0890025 -0.0648193 0 -0.120647 -0.0743911 0 -0.135275
5.83 -0.0430653 0 -0.0919899 -0.0571612 0 -0.124528 -0.0638528 0 -0.139509
5.84 -0.036493 0 -0.0946189 -0.0476522 0 -0.127973 -0.0513175 0 -0.143275
5.85 -0.0275953 0 -0.0965715 -0.035944 0 -0.130665 -0.036812 0 -0.146262
5.86 -0.0173821 0 -0.0974021 -0.022744 0 -0.132132 -0.0213964 0 -0.14801
5.87 -0.0069904 0 -0.096822 -0.0089638 0 -0.132018 -0.00617423 0 -0.148178
5.88 0.00289209 0 -0.0949287 0.0047206 0 -0.130316 0.00822902 0 -0.14677
5.89 0.0121392 0 -0.0920842 0.0179667 0 -0.127282 0.0217454 0 -0.144031
5.9 0.0210982 0 -0.0885984 0.030783 0 -0.123157 0.0347738 0 -0.140152
5.91 0.0301563 0 -0.0845759 0.0432607 0 -0.118029 0.0477618 0 -0.135134
5.92 0.0395085 0 -0.0799612 0.0554783 0 -0.111876 0.0609876 0 -0.128848
5.93 0.0492613 0 -0.074572 0.0676608 0 -0.104572 0.0746676 0 -0.121064
5.94 0.0592994 0 -0.068096 0.0800001 0 -0.0958483 0.0888124 0 -0.111449
5.95 0.0690622 0 -0.060249 0.0923018 0 -0.0854199 0.102977 0 -0.0997083
5.96 0.0776377 0 -0.0510483 0.10391 0 -0.0732503 0.116307 0 -0.0858549
5.97 0.0842422 0 -0.0408575 0.114052 0 -0.0596217 0.127975 0 -0.0702579
5.98 0.0886545 0 -0.0301629 0.122238 0 -0.04496 0.137588 0 -0.0534333
5.99 0.0910304 0 -0.0193817 0.128163 0 -0.0296894 0.145015 0 -0.0358693
6 0.0912783 0 -0.00882428 0.13123 0 -0.0142196 0.149799 0 -0.0179972
6.01 0.0888367 0 0.00130894 0.130454 0 0.00106526 0.150959 0 -0.000190138
6.02 0.0831964 0 0.0110319 0.12505 0 0.015946 0.147531 0 0.0173516
6.03 0.0742983 0 0.0207058 0.11483 0 0.0305595 0.13899 0 0.0347555
6.04 0.06249 0 0.0308642 0.10014 0 0.0452871 0.125247 0 0.0523362
6.05 0.0485235 0 0.041727 0.0818141 0 0.0603104 0.106705 0 0.0701436
6.06 0.0334205 0 0.0529466 0.0610082 0 0.0753464 0.0841854 0 0.0877241
6.07 0.0182188 0 0.0638287 0.0389378 0 0.0898099 0.0587388 0 0.104332
6.08 0.00382024 0 0.0736815 0.0167272 0 0.103083 0.0315314 0 0.119254
6.09 -0.00931576 0 0.0819991 -0.00488928 0 0.114644 0.00354846 0 0.131967
6.1 -0.0213199 0 0.0885493 -0.0257233 0 0.124142 -0.0245914 0 0.142211
6.11 -0.032442 0 0.0934332 -0.0456834 0 0.131487 -0.0522399 0 0.150047
6.12 -0.0426569 0 0.0970536 -0.064396 0 0.136896 -0.078415 0 0.155836
6.13 -0.0517787 0 0.0999376 -0.0813156 0 0.140787 -0.101997 0 0.160082
6.14 -0.0593978 0 0.102519 -0.0956567 0 0.143613 -0.121736 0 0.163239
6.15 -0.0647456 0 0.105076 -0.106255 0 0.145812 -0.136166 0 0.165659
6.16 -0.0671242 0 0.107743 -0.112011 0 0.14778 -0.144057 0 0.167607
6.17 -0.066364 0 0.110477 -0.112397 0 0.149766 -0.144896 0 0.169219
6.18 -0.0627869 0 0.113103 -0.107501 0 0.151839 -0.138873 0 0.170524
6.19 -0.0571572 0 0.115524 -0.0980788 0 0.154049 -0.126866 0 0.171639
6.2 -0.0505875 0 0.117918 -0.0855136 0 0.156597 -0.11037 0 0.172942
6.21 -0.0438328 0 0.120629 -0.0711133 0 0.159767 -0.0907958 0 0.174956
6.22 -0.03652 0 0.123805 -0.0552315 0 0.163624 -0.0686549 0 0.177992
6.23 -0.0273186 0 0.12717 -0.0372407 0 0.167828 -0.0436119 0 0.181899
6.24 -0.0150489 0 0.130148 -0.0164414 0 0.17178 -0.0154443 0 0.186176
6.25 0.0002259 0 0.132277 0.00693152 0 0.175014 0.0149884 0 0.190358
6.26 0.0168941 0 0.133471 0.0313098 0 0.177444 0.045482 0 0.194262
6.27 0.0324041 0 0.133907 0.0541777 0 0.179232 0.0730547 0 0.197884
6.28 0.0446637 0 0.133787 0.073255 0 0.180547 0.0952677 0 0.201186
6.29 0.0534348 0 0.133265 0.0878353 0 0.181475 0.111576 0 0.20404
6.3 0.0605273 0 0.132474 0.0991538 0 0.182052 0.123563 0 0.206296
6.31 0.0680671 0 0.131496 0.10896 0 0.182235 0.133319 0 0.207769
6.32 0.0763923 0 0.130187 0.117637 0 0.181736 0.141407 0 0.208087
6.33 0.0837545 0 0.128012 0.123878 0 0.179867 0.146534 0 0.206537
6.34 0.0874593 0 0.12418 0.125583 0 0.175678 0.146555 0 0.202187
6.35 0.0853546 0 0.118061 0.121027 0 0.168373 0.139789 0 0.19429
6.36 0.0770611 0 0.10947 0.1099 0 0.157608 0.126124 0 0.182555
6.37 0.06463 0 0.0985775 0.0940085 0 0.143436 0.107671 0 0.167063
6.38 0.0518129 0 0.0856911 0.0768235 0 0.126121 0.088151 0 0.148062
6.39 0.041442 0 0.0711221 0.0611695 0 0.106019 0.0704362 0 0.12585
6.4 0.0334291 0 0.0551553 0.0473434 0 0.0835446 0.0546435 0 0.100755
6.41 0.026016 0 0.0381311 0.0342024 0 0.0592287 0.0393438 0 0.0732247
6.42 0.0180518 0 0.0206125 0.0211537 0 0.033859 0.0237367 0 0.0440016
6.43 0.00931738 0 0.00348183 0.00826097 0 0.00856023 0.00789333 0 0.0142288
6.44 6.6438e-005 0 -0.0122337 -0.00427387 0 -0.0153788 -0.00773809 0 -0.0147117
6.45 -0.00887979 0 -0.0257757 -0.0159194 0 -0.0369129 -0.0222307 0 -0.0416077
6.46 -0.0163073 0 -0.0369246 -0.0257905 0 -0.0555183 -0.0343129 0 -0.0656996
6.47 -0.0215775 0 -0.0459315 -0.0334181 0 -0.0711523 -0.0432877 0 -0.0866511
6.48 -0.025312 0 -0.0533224 -0.0393572 0 -0.0840981 -0.0497076 0 -0.104411
6.49 -0.0288289 0 -0.0596868 -0.0447018 0 -0.0947885 -0.0548512 0 -0.11907
6.5 -0.0330987 0 -0.0655284 -0.0502079 0 -0.103674 -0.0597404 0 -0.13077
6.51 -0.0383968 0 -0.0713278 -0.056088 0 -0.111284 -0.0648271 0 -0.139811
6.52 -0.0447498 0 -0.0775765 -0.0625158 0 -0.118246 -0.0704382 0 -0.146718
6.53 -0.0525751 0 -0.084607 -0.0702524 0 -0.1251 -0.0773949 0 -0.152078
6.54 -0.0625933 0 -0.092525 -0.0805005 0 -0.132204 -0.0869072 0 -0.156459
6.55 -0.0747513 0 -0.101283 -0.0937301 0 -0.139793 -0.0994676 0 -0.160447
6.56 -0.087645 0 -0.110676 -0.108947 0 -0.147948 -0.114199 0 -0.164586
6.57 -0.0992023 0 -0.120304 -0.124207 0 -0.156551 -0.129418 0 -0.169271
6.58 -0.107601 0 -0.1296 -0.13743 0 -0.165291 -0.14343 0 -0.174695
6.59 -0.111959 0 -0.13786 -0.147132 0 -0.173666 -0.155145 0 -0.180793
6.6 -0.112729 0 -0.144381 -0.153 0 -0.181098 -0.164478 0 -0.18731
6.61 -0.111288 0 -0.148751 -0.155737 0 -0.187202 -0.172028 0 -0.194036
6.62 -0.109016 0 -0.151049 -0.156363 0 -0.191984 -0.178298 0 -0.200978
6.63 -0.10679 0 -0.151808 -0.155774 0 -0.195828 -0.183327 0 -0.208342
6.64 -0.104871 0 -0.151745 -0.154528 0 -0.199264 -0.186676 0 -0.216316
6.65 -0.10303 0 -0.151384 -0.152752 0 -0.202627 -0.18762 0 -0.224767
6.66 -0.101001 0 -0.150898 -0.150389 0 -0.205896 -0.185618 0 -0.233145
6.67 -0.0987202 0 -0.150193 -0.14732 0 -0.208773 -0.180562 0 -0.240642
6.68 -0.0960228 0 -0.149096 -0.143097 0 -0.210836 -0.172465 0 -0.246415
6.69 -0.092338 0 -0.147468 -0.136773 0 -0.211659 -0.161129 0 -0.249759
6.7 -0.0868919 0 -0.145103 -0.127279 0 -0.210732 -0.146293 0 -0.250036
6.71 -0.0792874 0 -0.141563 -0.114134 0 -0.207326 -0.128136 0 -0.246527
6.72 -0.0698128 0 -0.136325 -0.0978428 0 -0.200692 -0.10753 0 -0.238591
6.73 -0.0588931 0 -0.129214 -0.0793343 0 -0.190526 -0.0854533 0 -0.226087
6.74 -0.0463272 0 -0.120708 -0.0590688 0 -0.177317 -0.0621778 0 -0.209671
6.75 -0.0314878 0 -0.111829 -0.0370205 0 -0.162284 -0.0374127 0 -0.1907
6.76 -0.0138409 0 -0.10361 -0.0129784 0 -0.146857 -0.0107618 0 -0.170704
6.77 0.00699062 0 -0.0964966 0.0135091 0 -0.132043 0.0182475 0 -0.15078
6.78 0.0310012 0 -0.0902813 0.0428853 0 -0.118265 0.0499378 0 -0.131482
6.79 0.0573752 0 -0.0844997 0.0749918 0 -0.105624 0.0840023 0 -0.113141
6.8 0.0844516 0 -0.0788031 0.108773 0 -0.0941703 0.119364 0 -0.0961611
6.81 0.110368 0 -0.0730612 0.142671 0 -0.0839525 0.154681 0 -0.0810457
6.82 0.133813 0 -0.0672843 0.175247 0 -0.0749685 0.188976 0 -0.0682718
6.83 0.153971 0 -0.0615417 0.20517 0 -0.0671522 0.221495 0 -0.0581773
6.84 0.170003 0 -0.0558898 0.230864 0 -0.0603863 0.251157 0 -0.0508769
6.85 0.181171 0 -0.0502925 0.25084 0 -0.0544863 0.276677 0 -0.0461838
6.86 0.187613 0 -0.0445594 0.264633 0 -0.0491594 0.297374 0 -0.0435612
6.87 0.190393 0 -0.0383417 0.27298 0 -0.0439741 0.313327 0 -0.0421399
6.88 0.190516 0 -0.031258 0.276853 0 -0.0384279 0.324517 0 -0.0408737
6.89 0.188191 0 -0.0230647 0.276615 0 -0.0320584 0.330214 0 -0.0387492
6.9 0.183129 0 -0.0137342 0.272135 0 -0.0244947 0.329354 0 -0.0349179
6.91 0.175547 0 -0.00355738 0.263622 0 -0.0155832 0.321599 0 -0.0288665
6.92 0.16653 0 0.0066815 0.251974 0 -0.00564267 0.307766 0 -0.0206729
6.93 0.15698 0 0.0157473 0.237831 0 0.00445979 0.288838 0 -0.0110551
6.94 0.146532 0 0.022447 0.220665 0 0.0136815 0.2649 0 -0.000963133
6.95 0.133946 0 0.0262644 0.199254 0 0.0213746 0.23546 0 0.00900105
6.96 0.118438 0 0.0275079 0.173042 0 0.0274597 0.200664 0 0.0187328
6.97 0.100344 0 0.0268734 0.142801 0 0.0320944 0.161857 0 0.0282416
6.98 0.0805846 0 0.0249187 0.110079 0 0.0352764 0.12097 0 0.0372103
6.99 0.0598561 0 0.021911 0.0763268 0 0.036793 0.0796619 0 0.0449355
7 0.0386719 0 0.0180991 0.0428133 0 0.0365444 0.0392953 0 0.050691
7.01 0.0181871 0 0.0139374 0.0113326 0 0.0347752 0.00172589 0 0.054042
7.02 9.22536e-005 0 0.00995144 -0.0159616 0 0.0319224 -0.0308071 0 0.0547971
7.03 -0.0147638 0 0.00661658 -0.0379349 0 0.0284602 -0.0570424 0 0.0529589
7.04 -0.0273502 0 0.004528 -0.0554678 0 0.0250442 -0.0776907 0 0.0489461
7.05 -0.0401926 0 0.00456126 -0.0712639 0 0.0226701 -0.0952553 0 0.0437889
7.06 -0.0556381 0 0.00765192 -0.0881785 0 0.0224828 -0.1124 0 0.0389258
7.07 -0.0739407 0 0.0143392 -0.107248 0 0.0253548 -0.130078 0 0.0357327
7.08 -0.0934498 0 0.024516 -0.127656 0 0.0316448 -0.147632 0 0.0352163
7.09 -0.112222 0 0.0375083 -0.148077 0 0.0412413 -0.164238 0 0.0379908
7.1 -0.129157 0 0.0522518 -0.167633 0 0.053665 -0.179855 0 0.0443177
7.11 -0.143999 0 0.0673643 -0.185939 0 0.0680467 -0.195097 0 0.0540281
7.12 -0.156787 0 0.0812784 -0.202712 0 0.0831649 -0.210596 0 0.0665057
7.13 -0.167757 0 0.0926009 -0.2179 0 0.0977315 -0.226877 0 0.0809173
7.14 -0.177462 0 0.100471 -0.231951 0 0.110725 -0.244474 0 0.0964857
7.15 -0.186465 0 0.104631 -0.245566 0 0.12149 -0.263663 0 0.112533
7.16 -0.194925 0 0.105271 -0.259184 0 0.129664 -0.284089 0 0.128367
7.17 -0.202541 0 0.102985 -0.272742 0 0.135208 -0.304758 0 0.143317
7.18 -0.208724 0 0.0987461 -0.285636 0 0.138482 -0.324251 0 0.156855
7.19 -0.212731 0 0.0936706 -0.296728 0 0.140067 -0.340904 0 0.168512
7.2 -0.213959 0 0.0886875 -0.304641 0 0.140475 -0.353146 0 0.177721
7.21 -0.212085 0 0.084426 -0.308058 0 0.140029 -0.359713 0 0.183852
7.22 -0.206702 0 0.0812828 -0.305594 0 0.138915 -0.359354 0 0.186392
7.23 -0.197286 0 0.0794883 -0.295983 0 0.137231 -0.350849 0 0.185096
7.24 -0.183772 0 0.079129 -0.278808 0 0.135012 -0.333641 0 0.180045
7.25 -0.166904 0 0.0801433 -0.254903 0 0.132254 -0.308232 0 0.171639
7.26 -0.147924 0 0.0822902 -0.225991 0 0.128912 -0.275924 0 0.160517
7.27 -0.127838 0 0.0850982 -0.19384 0 0.124879 -0.23812 0 0.147416
7.28 -0.107086 0 0.0877887 -0.159736 0 0.119895 -0.195988 0 0.132971
7.29 -0.0858096 0 0.0892709 -0.12456 0 0.113493 -0.150668 0 0.117563
7.3 -0.063925 0 0.088396 -0.0887469 0 0.105162 -0.103256 0 0.101412
7.31 -0.0407667 0 0.0843335 -0.0518957 0 0.0946159 -0.0543231 0 0.084809
7.32 -0.015447 0 0.0767447 -0.0131754 0 0.0818893 -0.0041382 0 0.0681689
7.33 0.0115912 0 0.0657344 0.0269981 0 0.067241 0.0458952 0 0.0519222
7.34 0.0377892 0 0.0517191 0.0659682 0 0.0510259 0.0924785 0 0.0363726
7.35 0.0599831 0 0.0353103 0.100136 0 0.0336135 0.131866 0 0.0216146
7.36 0.0767711 0 0.0172305 0.127281 0 0.0153572 0.162162 0 0.0075231
7.37 0.0892846 0 -0.00176724 0.147559 0 -0.00342809 0.184108 0 -0.00622521
7.38 0.0996258 0 -0.0208959 0.162338 0 -0.0224106 0.199617 0 -0.0200296
7.39 0.108775 0 -0.0393005 0.172454 0 -0.0411596 0.209778 0 -0.034204
7.4 0.116436 0 -0.0562008 0.178126 0 -0.0592473 0.214723 0 -0.0489965
7.41 0.122301 0 -0.0711017 0.180039 0 -0.0764288 0.214835 0 -0.0646936
7.42 0.12676 0 -0.0837977 0.179732 0 -0.0926322 0.211376 0 -0.0815493
7.43 0.130313 0 -0.0942655 0.178717 0 -0.107848 0.205825 0 -0.0996393
7.44 0.132225 0 -0.102665 0.176893 0 -0.122136 0.198436 0 -0.118862
7.45 0.130477 0 -0.109368 0.172362 0 -0.135667 0.188051 0 -0.139001
7.46 0.123394 0 -0.114842 0.163052 0 -0.14862 0.173576 0 -0.159681
7.47 0.111171 0 -0.119455 0.148435 0 -0.161008 0.155418 0 -0.180251
7.48 0.0960245 0 -0.123371 0.130039 0 -0.172586 0.135667 0 -0.199784
7.49 0.0809586 0 -0.126765 0.110592 0 -0.183086 0.117002 0 -0.217383
7.5 0.0681527 0 -0.130194 0.0926055 0 -0.192627 0.101237 0 -0.232651
7.51 0.0583509 0 -0.134613 0.0776572 0 -0.201791 0.0888237 0 -0.245803
7.52 0.0516472 0 -0.140874 0.0668313 0 -0.211204 0.0796861 0 -0.257255
7.53 0.0481233 0 -0.149198 0.06096 0 -0.221064 0.0738607 0 -0.267153
7.54 0.0476888 0 -0.15915 0.0601961 0 -0.23111 0.0713305 0 -0.275348
7.55 0.0497027 0 -0.170035 0.0635783 0 -0.240967 0.0716225 0 -0.281744
7.56 0.0525499 0 -0.181212 0.0687402 0 -0.250392 0.0733304 0 -0.286539
7.57 0.0540864 0 -0.192098 0.0725944 0 -0.259215 0.0744707 0 -0.290126
7.58 0.0535154 0 -0.201973 0.0734969 0 -0.26709 0.0742823 0 -0.292794
7.59 0.0525441 0 -0.209907 0.072711 0 -0.273385 0.0743888 0 -0.294546
7.6 0.0538137 0 -0.215016 0.0730698 0 -0.277407 0.0773254 0 -0.295249
7.61 0.058292 0 -0.216746 0.0763565 0 -0.278677 0.0840303 0 -0.294829
7.62 0.064346 0 -0.214861 0.0820362 0 -0.276921 0.0929194 0 -0.293214
7.63 0.0691178 0 -0.209246 0.0880889 0 -0.27189 0.101157 0 -0.290112
7.64 0.0707253 0 -0.199738 0.0927617 0 -0.263203 0.106728 0 -0.284866
7.65 0.0692283 0 -0.186225 0.0954297 0 -0.250447 0.109352 0 -0.276581
7.66 0.0663218 0 -0.168898 0.0965869 0 -0.233436 0.110242 0 -0.264451
7.67 0.0642928 0 -0.148377 0.0973403 0 -0.21236 0.111199 0 -0.247974
7.68 0.0642982 0 -0.125622 0.0981867 0 -0.187742 0.113039 0 -0.226981
7.69 0.0656102 0 -0.10173 0.0984676 0 -0.160297 0.114908 0 -0.201563
7.7 0.0668895 0 -0.0777086 0.0975013 0 -0.130768 0.115516 0 -0.171963
7.71 0.0677846 0 -0.0542852 0.0958379 0 -0.0997745 0.114685 0 -0.138476
7.72 0.0688271 0 -0.0318258 0.0948087 0 -0.0677483 0.113196 0 -0.101423
7.73 0.0701847 0 -0.0104152 0.0950395 0 -0.0349966 0.111527 0 -0.0612392
7.74 0.0713326 0 0.0100085 0.0960192 0 -0.00180925 0.109492 0 -0.0185765
7.75 0.0719346 0 0.029587 0.0970353 0 0.0315092 0.107073 0 0.0256932
7.76 0.0723596 0 0.0485441 0.0978993 0 0.0646765 0.104917 0 0.070575
7.77 0.0730819 0 0.0671184 0.0986287 0 0.097393 0.10373 0 0.114989
7.78 0.0737539 0 0.085327 0.0987246 0 0.12913 0.10335 0 0.157646
7.79 0.0729506 0 0.102848 0.0969311 0 0.159031 0.102447 0 0.197028
7.8 0.0690299 0 0.119269 0.0919264 0 0.186184 0.0993057 0 0.231719
7.81 0.0613502 0 0.134357 0.0833078 0 0.209918 0.0929847 0 0.260738
7.82 0.051037 0 0.148018 0.0722168 0 0.22981 0.0841032 0 0.283548
7.83 0.0409426 0 0.160195 0.061334 0 0.245631 0.0749185 0 0.299986
7.84 0.0342449 0 0.170841 0.0536548 0 0.257352 0.0681138 0 0.310223
7.85 0.0326556 0 0.179936 0.0508761 0 0.265175 0.0651761 0 0.314772
7.86 0.0360599 0 0.187545 0.0530904 0 0.269575 0.0661128 0 0.314483
7.87 0.0433119 0 0.193694 0.0594977 0 0.271129 0.0702164 0 0.310366
7.88 0.0526531 0 0.198158 0.0686707 0 0.270239 0.0763758 0 0.303285
7.89 0.0618147 0 0.20055 0.0785056 0 0.267129 0.0830255 0 0.293956
7.9 0.0683773 0 0.200619 0.0864817 0 0.262061 0.0883339 0 0.283137
7.91 0.0703286 0 0.198406 0.0902063 0 0.255435 0.090606 0 0.271702
7.92 0.0668659 0 0.194129 0.0883099 0 0.247668 0.0889897 0 0.260464
7.93 0.0588451 0 0.187951 0.0810809 0 0.238978 0.0839247 0 0.249908
7.94 0.0482825 0 0.179827 0.0701824 0 0.229261 0.0767445 0 0.240026
7.95 0.0370155 0 0.169534 0.0574475 0 0.218136 0.0684907 0 0.230341
7.96 0.0256574 0 0.156837 0.0437904 0 0.205125 0.0590061 0 0.220094
7.97 0.0137983 0 0.14166 0.0291931 0 0.189833 0.0472141 0 0.208455
7.98 0.000760045 0 0.124206 0.013193 0 0.172084 0.0319036 0 0.194703
7.99 -0.0135665 0 0.10508 -0.00444542 0 0.152073 0.0125839 0 0.178443
8 -0.0282764 0 0.0853198 -0.0232472 0 0.130453 -0.0100318 0 0.159737
8.01 -0.0422234 0 0.066188 -0.0425781 0 0.10819 -0.0347384 0 0.139025
8.02 -0.0552842 0 0.0488925 -0.0626443 0 0.0863435 -0.0610686 0 0.116946
8.03 -0.068348 0 0.0343423 -0.0843225 0 0.0658574 -0.0893172 0 0.0941876
8.04 -0.081874 0 0.0229083 -0.107701 0 0.0473214 -0.119183 0 0.0712803
8.05 -0.0950256 0 0.0143427 -0.131276 0 0.0308479 -0.148976 0 0.0485104
8.06 -0.106763 0 0.0079424 -0.153152 0 0.016167 -0.176759 0 0.0260196
8.07 -0.117406 0 0.0027682 -0.172785 0 0.00276986 -0.201971 0 0.0039236
8.08 -0.128414 0 -0.00213036 -0.191001 0 -0.00992534 -0.225315 0 -0.0175891
8.09 -0.140639 0 -0.00745348 -0.208448 0 -0.0223379 -0.247134 0 -0.0381205
8.1 -0.153384 0 -0.0135685 -0.224657 0 -0.0346327 -0.266528 0 -0.0570883
8.11 -0.165145 0 -0.0207386 -0.238601 0 -0.0469221 -0.28207 0 -0.0740394
8.12 -0.174515 0 -0.0293625 -0.249319 0 -0.0594926 -0.292611 0 -0.088956
8.13 -0.180391 0 -0.0398844 -0.255915 0 -0.0727296 -0.297406 0 -0.102209
8.14 -0.182089 0 -0.0524208 -0.257599 0 -0.0867759 -0.296139 0 -0.114197
8.15 -0.179505 0 -0.0664052 -0.253923 0 -0.1012 -0.289025 0 -0.12496
8.16 -0.173048 0 -0.0806387 -0.244912 0 -0.115036 -0.276731 0 -0.134152
8.17 -0.163403 0 -0.0938178 -0.231034 0 -0.127276 -0.260141 0 -0.141446
8.18 -0.151204 0 -0.105069 -0.213012 0 -0.137359 -0.240049 0 -0.146951
8.19 -0.13685 0 -0.11406 -0.19164 0 -0.145252 -0.216991 0 -0.15121
8.2 -0.120789 0 -0.120751 -0.167934 0 -0.151193 -0.191525 0 -0.154877
8.21 -0.103787 0 -0.125146 -0.143229 0 -0.155426 -0.164522 0 -0.158412
8.22 -0.0868401 0 -0.127175 -0.118939 0 -0.158049 -0.13709 0 -0.161927
8.23 -0.0710761 0 -0.126639 -0.0963979 0 -0.158927 -0.110521 0 -0.165124
8.24 -0.0575784 0 -0.123252 -0.0767164 0 -0.157686 -0.0861441 0 -0.167332
8.25 -0.0469641 0 -0.116775 -0.0604652 0 -0.153822 -0.0649305 0 -0.167673
8.26 -0.0391689 0 -0.107213 -0.0475629 0 -0.146903 -0.0472711 0 -0.165302
8.27 -0.0338171 0 -0.0949294 -0.0377102 0 -0.136743 -0.0333015 0 -0.1596
8.28 -0.030564 0 -0.0805689 -0.030746 0 -0.123408 -0.0231842 0 -0.150195
8.29 -0.028911 0 -0.0648713 -0.0264258 0 -0.10714 -0.0168585 0 -0.136881
8.3 -0.0282478 0 -0.0485068 -0.0243862 0 -0.0882736 -0.0140187 0 -0.11956
8.31 -0.0284036 0 -0.0319641 -0.0246103 0 -0.0671708 -0.0146169 0 -0.0982081
8.32 -0.0297647 0 -0.0155027 -0.0275046 0 -0.0441681 -0.0189702 0 -0.0728826
8.33 -0.0326487 0 0.000768744 -0.0332795 0 -0.0196131 -0.027158 0 -0.0438176
8.34 -0.0369246 0 0.0167159 -0.0415949 0 0.00601812 -0.0386758 0 -0.011591
8.35 -0.0423372 0 0.0320668 -0.0519091 0 0.0320587 -0.0527901 0 0.0227993
8.36 -0.0488861 0 0.0464742 -0.0638956 0 0.0577396 -0.0689567 0 0.0580504
8.37 -0.0569213 0 0.0597226 -0.0775948 0 0.0824017 -0.0869716 0 0.0928282
8.38 -0.0668597 0 0.0719676 -0.093193 0 0.105739 -0.106754 0 0.126091
8.39 -0.0786512 0 0.083806 -0.11052 0 0.127892 -0.12787 0 0.157268
8.4 -0.0917689 0 0.0960462 -0.129018 0 0.149261 -0.149542 0 0.186147
8.41 -0.105831 0 0.109411 -0.148307 0 0.170261 -0.171275 0 0.21268
8.42 -0.120867 0 0.124381 -0.168425 0 0.191207 -0.193114 0 0.236913
8.43 -0.136993 0 0.141105 -0.189497 0 0.212247 -0.215312 0 0.258942
8.44 -0.154186 0 0.159433 -0.211538 0 0.233392 -0.238097 0 0.278948
8.45 -0.172334 0 0.179046 -0.234519 0 0.254621 -0.261698 0 0.297283
8.46 -0.191227 0 0.199467 -0.258359 0 0.275852 -0.286291 0 0.314409
8.47 -0.210377 0 0.219996 -0.282724 0 0.296827 -0.311771 0 0.330726
8.48 -0.229075 0 0.239719 -0.307044 0 0.317072 -0.337748 0 0.346469
8.49 -0.246927 0 0.257533 -0.330996 0 0.335859 -0.364028 0 0.361593
8.5 -0.264143 0 0.272231 -0.354786 0 0.352241 -0.390872 0 0.375735
8.51 -0.280916 0 0.282826 -0.378546 0 0.36533 -0.418387 0 0.388434
8.52 -0.296554 0 0.288838 -0.401477 0 0.374584 -0.445662 0 0.399347
8.53 -0.3096 0 0.290342 -0.421927 0 0.379874 -0.470875 0 0.408292
8.54 -0.318818 0 0.287921 -0.438329 0 0.38149 -0.492257 0 0.415231
8.55 -0.323963 0 0.282509 -0.449965 0 0.380034 -0.50887 0 0.420203
8.56 -0.32591 0 0.275153 -0.457179 0 0.376221 -0.520798 0 0.423186
8.57 -0.326169 0 0.266855 -0.46104 0 0.370757 -0.528778 0 0.424074
8.58 -0.325906 0 0.258476 -0.462508 0 0.364249 -0.533356 0 0.422699
8.59 -0.325391 0 0.250625 -0.461914 0 0.3571 -0.534429 0 0.418835
8.6 -0.32459 0 0.243668 -0.459486 0 0.349517 -0.53187 0 0.412287
8.61 -0.324028 0 0.237812 -0.456109 0 0.341603 -0.52641 0 0.40303
8.62 -0.324633 0 0.23312 -0.453099 0 0.333392 -0.519473 0 0.391243
8.63 -0.326921 0 0.229531 -0.451364 0 0.324894 -0.512352 0 0.377313
8.64 -0.330823 0 0.226914 -0.451221 0 0.316183 -0.505976 0 0.361853
8.65 -0.336026 0 0.225023 -0.452732 0 0.307357 -0.501158 0 0.345581
8.66 -0.342013 0 0.223381 -0.455733 0 0.298405 -0.498514 0 0.329116
8.67 -0.347817 0 0.221296 -0.459569 0 0.289166 -0.498087 0 0.312877
8.68 -0.352006 0 0.218009 -0.463034 0 0.279406 -0.499198 0 0.297124
8.69 -0.353193 0 0.212894 -0.464803 0 0.268913 -0.500826 0 0.28204
8.7 -0.350767 0 0.205517 -0.464124 0 0.257504 -0.502262 0 0.267708
8.71 -0.344983 0 0.195537 -0.460918 0 0.24488 -0.503199 0 0.253968
8.72 -0.336104 0 0.182686 -0.454986 0 0.230603 -0.502941 0 0.240364
8.73 -0.323711 0 0.166919 -0.445358 0 0.214277 -0.499802 0 0.226322
8.74 -0.307284 0 0.148636 -0.430888 0 0.195823 -0.491794 0 0.211413
8.75 -0.28728 0 0.128703 -0.411355 0 0.17559 -0.477832 0 0.195471
8.76 -0.265271 0 0.10815 -0.387699 0 0.15414 -0.45804 0 0.178413
8.77 -0.243011 0 0.0877777 -0.361218 0 0.131915 -0.433018 0 0.159969
8.78 -0.221075 0 0.0678803 -0.332309 0 0.108984 -0.402647 0 0.139511
8.79 -0.198412 0 0.0481906 -0.299992 0 0.0849499 -0.36569 0 0.116082
8.8 -0.173171 0 0.0281343 -0.262607 0 0.0591557 -0.320578 0 0.0886785
8.81 -0.143638 0 0.00721577 -0.218612 0 0.0310205 -0.266224 0 0.0566492
8.82 -0.10887 0 -0.0147499 -0.167149 0 0.000269028 -0.202526 0 0.0199189
8.83 -0.0692364 0 -0.0376369 -0.108645 0 -0.0330247 -0.130807 0 -0.0210288
8.84 -0.0267078 0 -0.0611448 -0.0452651 0 -0.0685004 -0.0540565 0 -0.0653114
8.85 0.0155857 0 -0.0850096 0.0193307 0 -0.105661 0.0234941 0 -0.1119
8.86 0.0546118 0 -0.109186 0.0811291 0 -0.144041 0.0975872 0 -0.159857
8.87 0.0887654 0 -0.133865 0.13716 0 -0.18327 0.165261 0 -0.208433
8.88 0.11857 0 -0.159348 0.186485 0 -0.223037 0.225635 0 -0.257015
8.89 0.146213 0 -0.185801 0.230158 0 -0.262961 0.279621 0 -0.304982
8.9 0.173929 0 -0.213049 0.269959 0 -0.302465 0.328518 0 -0.35154
8.91 0.202718 0 -0.240583 0.307235 0 -0.340817 0.372895 0 -0.395777
8.92 0.23249 0 -0.267764 0.342848 0 -0.377322 0.412788 0 -0.43686
8.93 0.262864 0 -0.29397 0.377596 0 -0.411413 0.448455 0 -0.47417
8.94 0.293558 0 -0.318591 0.412208 0 -0.442585 0.480666 0 -0.507257
8.95 0.324255 0 -0.340928 0.446972 0 -0.47023 0.510438 0 -0.535691
8.96 0.354552 0 -0.360181 0.481653 0 -0.493604 0.538849 0 -0.559002
8.97 0.384111 0 -0.375731 0.515817 0 -0.512102 0.567052 0 -0.576916
8.98 0.412452 0 -0.387386 0.548865 0 -0.525531 0.595936 0 -0.58956
8.99 0.438578 0 -0.395297 0.579852 0 -0.53407 0.625613 0 -0.597359
9 0.461108 0 -0.399787 0.60767 0 -0.538135 0.655421 0 -0.600859
9.01 0.478746 0 -0.401225 0.631413 0 -0.538278 0.684285 0 -0.600606
9.02 0.490746 0 -0.399885 0.650637 0 -0.535021 0.71112 0 -0.597013
9.03 0.497204 0 -0.395921 0.665455 0 -0.528776 0.735136 0 -0.590328
9.04 0.498751 0 -0.389444 0.67611 0 -0.519846 0.755619 0 -0.580708
9.05 0.496009 0 -0.380537 0.682431 0 -0.508379 0.771527 0 -0.568223
9.06 0.489535 0 -0.369199 0.683899 0 -0.494288 0.781607 0 -0.552795
9.07 0.479973 0 -0.355304 0.68002 0 -0.477245 0.784752 0 -0.534168
9.08 0.46803 0 -0.338608 0.670541 0 -0.456729 0.780163 0 -0.511921
9.09 0.454469 0 -0.318841 0.655636 0 -0.432186 0.767506 0 -0.485566
9.1 0.439867 0 -0.295898 0.635771 0 -0.403268 0.746796 0 -0.454747
9.11 0.424096 0 -0.26995 0.611146 0 -0.369991 0.717927 0 -0.419372
9.12 0.40625 0 -0.241491 0.581466 0 -0.332811 0.680574 0 -0.379696
9.13 0.385179 0 -0.211256 0.546259 0 -0.292538 0.634609 0 -0.336272
9.14 0.360086 0 -0.179971 0.505298 0 -0.250078 0.580557 0 -0.289743
9.15 0.33103 0 -0.148238 0.459049 0 -0.20628 0.519941 0 -0.240759
9.16 0.29886 0 -0.116652 0.408683 0 -0.162006 0.455102 0 -0.190108
9.17 0.264097 0 -0.0858628 0.355088 0 -0.118169 0.387982 0 -0.138785
9.18 0.226056 0 -0.0564737 0.298047 0 -0.0756219 0.31913 0 -0.0878868
9.19 0.183301 0 -0.0287877 0.23662 0 -0.0349115 0.248012 0 -0.0383329
9.2 0.134856 0 -0.00248964 0.170204 0 0.00403274 0.174096 0 0.00949296
9.21 0.0810857 0 0.0232849 0.0992917 0 0.0418518 0.0976648 0 0.0557507
9.22 0.0235744 0 0.0493547 0.0253239 0 0.079198 0.019739 0 0.100639
9.23 -0.0356664 0 0.0760268 -0.0500196 0 0.11629 -0.0585886 0 0.144007
9.24 -0.0949268 0 0.103058 -0.12543 0 0.152863 -0.136711 0 0.185364
9.25 -0.153146 0 0.129846 -0.200217 0 0.188326 -0.21468 0 0.224066
9.26 -0.20971 0 0.155725 -0.274034 0 0.222009 -0.292841 0 0.259585
9.27 -0.263714 0 0.18016 -0.346115 0 0.253346 -0.37098 0 0.291663
9.28 -0.31332 0 0.202754 -0.414597 0 0.281899 -0.447563 0 0.320272
9.29 -0.356211 0 0.223231 -0.476904 0 0.307377 -0.520078 0 0.345553
9.3 -0.390982 0 0.241573 -0.53108 0 0.329794 -0.586351 0 0.367897
9.31 -0.417852 0 0.258055 -0.576535 0 0.349525 -0.645278 0 0.387939
9.32 -0.437935 0 0.272934 -0.613478 0 0.367038 -0.696262 0 0.406247
9.33 -0.452332 0 0.286099 -0.642197 0 0.382521 -0.738535 0 0.422962
9.34 -0.462152 0 0.29705 -0.663196 0 0.395795 -0.771406 0 0.437766
9.35 -0.468686 0 0.305171 -0.677412 0 0.406464 -0.794652 0 0.450109
9.36 -0.472995 0 0.30997 -0.685788 0 0.414069 -0.808273 0 0.45943
9.37 -0.475569 0 0.311143 -0.68889 0 0.418119 -0.812278 0 0.465202
9.38 -0.476525 0 0.308528 -0.687036 0 0.418075 -0.806926 0 0.466903
9.39 -0.475814 0 0.302089 -0.680466 0 0.413407 -0.792915 0 0.464017
9.4 -0.472982 0 0.291886 -0.669092 0 0.403671 -0.771057 0 0.456043
9.41 -0.466728 0 0.278013 -0.652048 0 0.388543 -0.741676 0 0.44249
9.42 -0.45522 0 0.260578 -0.627987 0 0.367867 -0.704717 0 0.422903
9.43 -0.437133 0 0.239755 -0.596067 0 0.341725 -0.660545 0 0.396968
9.44 -0.412134 0 0.215855 -0.55642 0 0.310483 -0.610241 0 0.364627
9.45 -0.380661 0 0.189432 -0.509923 0 0.274852 -0.555248 0 0.326226
9.46 -0.343422 0 0.161313 -0.457692 0 0.235868 -0.49681 0 0.28258
9.47 -0.300823 0 0.132357 -0.400451 0 0.194634 -0.435391 0 0.234758
9.48 -0.252882 0 0.103142 -0.33835 0 0.151986 -0.3706 0 0.183783
9.49 -0.199757 0 0.0738943 -0.271396 0 0.108434 -0.301764 0 0.130537
9.5 -0.142484 0 0.0446036 -0.200178 0 0.0642669 -0.228776 0 0.0758256
9.51 -0.0835417 0 0.0151385 -0.126545 0 0.0196709 -0.152828 0 0.0204257
9.52 -0.0261274 0 -0.0146304 -0.0531223 0 -0.0251491 -0.07593 0 -0.0348659
9.53 0.0278325 0 -0.0447697 0.0184387 0 -0.069907 0.000834459 0 -0.089247
9.54 0.0785951 0 -0.075278 0.0883046 0 -0.114243 0.0780926 0 -0.141967
9.55 0.127664 0 -0.106053 0.157654 0 -0.157727 0.157248 0 -0.192353
9.56 0.176485 0 -0.136895 0.227585 0 -0.199911 0.239268 0 -0.239858
9.57 0.225706 0 -0.16766 0.298503 0 -0.240512 0.324051 0 -0.284236
9.58 0.275463 0 -0.198442 0.370418 0 -0.279623 0.410815 0 -0.325718
9.59 0.326156 0 -0.229463 0.443648 0 -0.317614 0.498961 0 -0.364892
9.6 0.378306 0 -0.260767 0.518601 0 -0.354827 0.588046 0 -0.402372
9.61 0.431586 0 -0.292081 0.594727 0 -0.391399 0.676893 0 -0.438607
9.62 0.48429 0 -0.322872 0.669929 0 -0.427249 0.763107 0 -0.473864
9.63 0.534131 0 -0.352516 0.741327 0 -0.462167 0.84384 0 -0.508314
9.64 0.579846 0 -0.380483 0.80688 0 -0.495898 0.917324 0 -0.542103
9.65 0.621882 0 -0.406425 0.866193 0 -0.528137 0.983532 0 -0.575322
9.66 0.66148 0 -0.430121 0.919913 0 -0.558531 1.04336 0 -0.607929
9.67 0.699128 0 -0.451412 0.968466 0 -0.586746 1.0972 0 -0.639719
9.68 0.733717 0 -0.470154 1.01119 0 -0.612475 1.14413 0 -0.670302
9.69 0.763289 0 -0.486177 1.04684 0 -0.635415 1.18254 0 -0.699076
9.7 0.786633 0 -0.499307 1.07484 0 -0.655276 1.21166 0 -0.725292
9.71 0.803633 0 -0.50946 1.09544 0 -0.671847 1.2318 0 -0.748197
9.72 0.814253 0 -0.516724 1.10861 0 -0.685038 1.24334 0 -0.767175
9.73 0.81816 0 -0.521374 1.11376 0 -0.694883 1.24624 0 -0.781813
9.74 0.815531 0 -0.523808 1.11066 0 -0.701488 1.2409 0 -0.791907
9.75 0.807429 0 -0.524507 1.10005 0 -0.705024 1.22848 0 -0.797466
9.76 0.794744 0 -0.524004 1.08272 0 -0.705749 1.20987 0 -0.798725
9.77 0.776944 0 -0.522731 1.05831 0 -0.703941 1.18448 0 -0.796029
9.78 0.75239 0 -0.520833 1.02551 0 -0.699767 1.15051 0 -0.789668
9.79 0.719854 0 -0.518052 0.983293 0 -0.693177 1.10642 0 -0.779753
9.8 0.679526 0 -0.513743 0.931799 0 -0.68387 1.05193 0 -0.766178
9.81 0.632978 0 -0.507029 0.872275 0 -0.671366 0.988041 0 -0.748712
9.82 0.582729 0 -0.497023 0.806826 0 -0.655121 0.916755 0 -0.727129
9.83 0.531445 0 -0.482954 0.737858 0 -0.634581 0.840417 0 -0.701241
9.84 0.48087 0 -0.464247 0.66721 0 -0.609225 0.760789 0 -0.670912
9.85 0.431519 0 -0.44061 0.595887 0 -0.578662 0.678804 0 -0.636081
9.86 0.383306 0 -0.41205 0.52457 0 -0.542701 0.595161 0 -0.596763
9.87 0.336128 0 -0.378778 0.454012 0 -0.501322 0.510831 0 -0.552961
9.88 0.28993 0 -0.341123 0.384922 0 -0.454655 0.427014 0 -0.504609
9.89 0.244404 0 -0.299563 0.31755 0 -0.403033 0.344707 0 -0.451649
9.9 0.198877 0 -0.254753 0.251535 0 -0.347033 0.264466 0 -0.394129
9.91 0.152888 0 -0.207475 0.186508 0 -0.287404 0.186845 0 -0.33222
9.92 0.106825 0 -0.158496 0.122828 0 -0.224906 0.112947 0 -0.26616
9.93 0.0617595 0 -0.108468 0.0615629 0 -0.160175 0.0442237 0 -0.196204
9.94 0.0187182 0 -0.057912 0.00385374 0 -0.0937083 -0.0182344 0 -0.122669
9.95 -0.0217704 0 -0.00738024 -0.0495416 0 -0.0260193 -0.074114 0 -0.0461137
9.96 -0.0595172 0 0.0423159 -0.0982066 0 0.0421016 -0.123697 0 0.0324279
9.97 -0.094332 0 0.0901816 -0.141891 0 0.109598 -0.167489 0 0.111518
9.98 -0.126063 0 0.135381 -0.180641 0 0.175396 -0.206173 0 0.189645
9.99 -0.154976 0 0.17751 -0.215161 0 0.23861 -0.240888 0 0.265503
10 -0.182159 0 0.216723 -0.247168 0 0.298719 -0.273572 0 0.338175
