0.1 -7.35106e-005 -0.000818946 2.37768e-015
0.2 -0.000147292 -0.00163861 7.57465e-015
0.3 -0.000221344 -0.002459 2.27197e-014
0.4 -0.00029567 -0.00328011 2.53836e-014
0.5 -0.000370269 -0.00410194 1.3934e-014
0.6 -0.000445142 -0.0049245 1.61989e-014
0.7 -0.000520292 -0.00574779 1.42649e-014
0.8 -0.000595718 -0.0065718 1.14759e-014
0.9 -0.000671422 -0.00739655 6.11154e-015
1 -0.000747405 -0.00822203 7.76262e-015
0.01 -0.000856878 -0.00803518 -2.38344e-005
0.02 -0.00126488 -0.00755521 -6.37402e-005
0.03 -0.00177741 -0.00848224 -0.000119095
0.04 -0.00188868 -0.00921962 -0.000260305
0.05 -0.00154033 -0.00900741 -0.000343291
0.06 -0.00114421 -0.00918411 -3.52893e-005
0.07 -0.000903916 -0.00914951 0.000636186
0.08 -0.000587107 -0.00919887 0.00115069
0.09 3.85949e-006 -0.00920144 0.00106493
0.1 0.000642745 -0.00920847 0.000479156
0.11 0.000952987 -0.00919744 -0.000205418
0.12 0.000859145 -0.00918173 -0.000758365
0.13 0.000584952 -0.00916322 -0.00118109
0.14 0.000331031 -0.00914979 -0.00146389
0.15 0.000121074 -0.00914457 -0.00149887
0.16 -8.00914e-005 -0.00914827 -0.0012322
0.17 -0.000230703 -0.00915798 -0.000794773
0.18 -0.000222835 -0.0091692 -0.000452184
0.19 2.10713e-005 -0.00917751 -0.000449209
0.2 0.000482959 -0.00917994 -0.000885389
0.21 0.00106572 -0.00917595 -0.00169225
0.22 0.00166484 -0.00916717 -0.00269904
0.23 0.00222202 -0.00915671 -0.00371549
0.24 0.00271435 -0.00914853 -0.00457207
0.25 0.0031115 -0.00914571 -0.0051291
0.26 0.00336915 -0.00914921 -0.00530429
0.27 0.0034704 -0.00915789 -0.00512131
0.28 0.00345592 -0.00916878 -0.00472288
0.29 0.00340123 -0.0091784 -0.00431525
0.3 0.00337198 -0.00918395 -0.0040817
0.31 0.00340655 -0.00918395 -0.00412362
0.32 0.00352474 -0.00917886 -0.00444909
0.33 0.00373475 -0.00917049 -0.0049913
0.34 0.0040307 -0.00916161 -0.00563741
0.35 0.00438595 -0.00915497 -0.00626074
0.36 0.00475364 -0.00915233 -0.00675399
0.37 0.00508214 -0.00915401 -0.00705713
0.38 0.00533534 -0.00915888 -0.00716999
0.39 0.0055008 -0.00916491 -0.00714519
0.4 0.00558396 -0.00916995 -0.00706494
0.41 0.00560151 -0.00917238 -0.00700919
0.42 0.00557785 -0.0091717 -0.00702799
0.43 0.00554195 -0.00916852 -0.00712846
0.44 0.00552202 -0.00916415 -0.00727824
0.45 0.00553426 -0.00916034 -0.00742282
0.46 0.00557599 -0.0091585 -0.00750774
0.47 0.00562942 -0.00915922 -0.00749493
0.48 0.00566644 -0.00916218 -0.00736993
0.49 0.00565585 -0.0091663 -0.00714299
0.5 0.0055764 -0.00917015 -0.00684396
0.51 0.00542242 -0.00917251 -0.00650914
0.52 0.0051997 -0.00917275 -0.00616548
0.53 0.00492789 -0.009171 -0.00582273
0.54 0.00464486 -0.00916807 -0.00548032
0.55 0.00439685 -0.00916518 -0.00513847
0.56 0.00421708 -0.00916348 -0.00479666
0.57 0.00411064 -0.00916375 -0.00444674
0.58 0.00406149 -0.00916609 -0.00408141
0.59 0.00405206 -0.00917 -0.00370873
0.6 0.00406917 -0.00917449 -0.00335166
0.61 0.00409001 -0.00917849 -0.00303294
0.62 0.00407672 -0.0091811 -0.00275781
0.63 0.00400238 -0.00918194 -0.00250845
0.64 0.00386499 -0.00918119 -0.0022519
0.65 0.00366052 -0.00917941 -0.0019512
0.66 0.00337732 -0.0091774 -0.00157983
0.67 0.00302516 -0.0091759 -0.00113511
0.68 0.00264012 -0.00917537 -0.000633911
0.69 0.00226337 -0.00917593 -0.000102647
0.7 0.00192963 -0.0091773 0.000420827
0.71 0.00166566 -0.00917894 0.000886631
0.72 0.00148 -0.00918031 0.00124516
0.73 0.0013581 -0.00918101 0.0014688
0.74 0.0012719 -0.00918096 0.00157247
0.75 0.00119175 -0.00918041 0.00160764
0.76 0.00109586 -0.00917974 0.00162814
0.77 0.000977394 -0.00917935 0.00166678
0.78 0.00084797 -0.00917951 0.00173707
0.79 0.000724776 -0.00918021 0.00184082
0.8 0.000613431 -0.00918116 0.00197029
0.81 0.000513996 -0.00918193 0.00210215
0.82 0.00043259 -0.00918206 0.00219667
0.83 0.000378724 -0.00918129 0.00221812
0.84 0.000361243 -0.00917963 0.00215772
0.85 0.000395643 -0.00917741 0.00203075
0.86 0.000501874 -0.00917515 0.00186593
0.87 0.000670422 -0.00917343 0.00170617
0.88 0.000860396 -0.00917265 0.00159566
0.89 0.00105377 -0.00917305 0.00155209
0.9 0.00127655 -0.00917462 0.00155836
0.91 0.00155815 -0.00917712 0.00158884
0.92 0.0018839 -0.00918018 0.00164424
0.93 0.00220835 -0.0091834 0.00174947
0.94 0.00251331 -0.00918648 0.00190967
0.95 0.00282111 -0.00918926 0.00207667
0.96 0.0031617 -0.00919168 0.0021774
0.97 0.00353533 -0.0091938 0.00218103
0.98 0.00390001 -0.00919571 0.00211781
0.99 0.00421873 -0.00919748 0.00203061
1 0.00449405 -0.00919906 0.0019312
1.01 0.0047264 -0.00920026 0.0017985
1.02 0.00489747 -0.00920081 0.00160787
1.03 0.00501742 -0.00920054 0.00137056
1.04 0.00513116 -0.00919948 0.00113848
1.05 0.00526157 -0.00919778 0.00095718
1.06 0.00538671 -0.00919561 0.000829823
1.07 0.00548621 -0.00919327 0.000729501
1.08 0.00558867 -0.00919116 0.000622009
1.09 0.00573705 -0.00918972 0.000488448
1.1 0.00591554 -0.00918925 0.000344348
1.11 0.0060751 -0.00918983 0.000228163
1.12 0.00622123 -0.00919142 0.00016723
1.13 0.00640906 -0.00919382 0.000149877
1.14 0.00665608 -0.00919662 0.000122148
1.15 0.00694938 -0.00919932 1.85329e-005
1.16 0.00730067 -0.00920162 -0.000190215
1.17 0.00770413 -0.00920338 -0.000462893
1.18 0.0081188 -0.00920464 -0.000705438
1.19 0.00850073 -0.00920553 -0.000846498
1.2 0.00881138 -0.00920612 -0.000889977
1.21 0.00902746 -0.00920646 -0.000891472
1.22 0.0091408 -0.00920656 -0.000908883
1.23 0.00915148 -0.0092064 -0.00097858
1.24 0.00907743 -0.00920595 -0.00110939
1.25 0.00896881 -0.00920518 -0.00128707
1.26 0.00888566 -0.0092041 -0.00149012
1.27 0.00885645 -0.00920268 -0.00169598
1.28 0.00887833 -0.00920096 -0.00188037
1.29 0.00892187 -0.00919905 -0.00202085
1.3 0.00894566 -0.00919714 -0.00209524
1.31 0.00894974 -0.00919553 -0.00208809
1.32 0.00896835 -0.00919453 -0.00201436
1.33 0.00900998 -0.00919429 -0.00192763
1.34 0.00909158 -0.00919485 -0.00188761
1.35 0.00928206 -0.00919625 -0.00189936
1.36 0.00961093 -0.0091985 -0.00189175
1.37 0.0100012 -0.00920138 -0.00178574
1.38 0.010326 -0.00920454 -0.0015749
1.39 0.0104999 -0.0092076 -0.00133867
1.4 0.0105101 -0.00921033 -0.00118411
1.41 0.0103575 -0.00921257 -0.00113028
1.42 0.010046 -0.00921431 -0.00106777
1.43 0.00963356 -0.00921552 -0.000879099
1.44 0.00917667 -0.00921593 -0.000555646
1.45 0.00864665 -0.00921502 -0.000192363
1.46 0.00796151 -0.00921232 0.000100593
1.47 0.0070679 -0.00920777 0.000309633
1.48 0.00594904 -0.00920177 0.000543025
1.49 0.00455956 -0.00919489 0.000921656
1.5 0.0028593 -0.00918764 0.00147496
1.51 0.00096991 -0.00918057 0.00215355
1.52 -0.000811662 -0.00917426 0.00290361
1.53 -0.00225763 -0.00916907 0.00371983
1.54 -0.00337424 -0.00916494 0.00462651
1.55 -0.00427301 -0.00916169 0.00561827
1.56 -0.00502019 -0.00915936 0.00665586
1.57 -0.00563956 -0.00915828 0.00769183
1.58 -0.00615696 -0.00915891 0.00865928
1.59 -0.00661469 -0.00916156 0.00947191
1.6 -0.00708676 -0.00916629 0.0100784
1.61 -0.00764435 -0.00917278 0.0105389
1.62 -0.00825287 -0.00918041 0.0109931
1.63 -0.00871592 -0.0091882 0.0114709
1.64 -0.00875194 -0.00919485 0.0118036
1.65 -0.00820343 -0.00919907 0.0118038
1.66 -0.00717002 -0.00920007 0.0114652
1.67 -0.00590892 -0.00919789 0.0109504
1.68 -0.00464262 -0.00919345 0.0104276
1.69 -0.00347554 -0.00918825 0.00993687
1.7 -0.00243006 -0.00918388 0.00942992
1.71 -0.00145284 -0.00918175 0.00889427
1.72 -0.000403259 -0.00918274 0.00835888
1.73 0.000849051 -0.00918686 0.00781952
1.74 0.00232052 -0.00919328 0.00722261
1.75 0.00395298 -0.00920075 0.00650006
1.76 0.00568212 -0.00920816 0.00559842
1.77 0.00740277 -0.00921478 0.00449969
1.78 0.00892892 -0.00922031 0.00325205
1.79 0.0101235 -0.0092249 0.0019713
1.8 0.0110436 -0.00922891 0.000747142
1.81 0.0118587 -0.00923243 -0.000451243
1.82 0.0126965 -0.00923492 -0.0017246
1.83 0.0135977 -0.00923551 -0.00312273
1.84 0.0145503 -0.00923337 -0.00459292
1.85 0.0155002 -0.00922811 -0.00600867
1.86 0.0163283 -0.00921992 -0.00725165
1.87 0.0169755 -0.00920974 -0.00829186
1.88 0.0176491 -0.00919937 -0.00918704
1.89 0.018673 -0.00919098 -0.01001
1.9 0.0200443 -0.00918612 -0.0107882
1.91 0.0213874 -0.00918535 -0.0114987
1.92 0.0223393 -0.00918853 -0.0120948
1.93 0.0227289 -0.00919504 -0.0125537
1.94 0.0224769 -0.00920366 -0.0129053
1.95 0.0215492 -0.00921275 -0.0132004
1.96 0.0200411 -0.00922056 -0.0134723
1.97 0.0181989 -0.0092256 -0.0137321
1.98 0.0162417 -0.00922649 -0.0139721
1.99 0.0142057 -0.00922202 -0.0141843
2 0.0119855 -0.0092114 -0.01436
2.01 0.00946693 -0.00919464 -0.0144584
2.02 0.0066335 -0.00917273 -0.0143891
2.03 0.00353884 -0.00914746 -0.014045
2.04 0.000240181 -0.0091209 -0.0133795
2.05 -0.00310279 -0.00909531 -0.0124479
2.06 -0.00621083 -0.00907282 -0.011352
2.07 -0.00894387 -0.00905505 -0.0101581
2.08 -0.0114246 -0.00904283 -0.00887411
2.09 -0.0138441 -0.0090364 -0.0074888
2.1 -0.016251 -0.00903567 -0.00603172
2.11 -0.0185642 -0.00904015 -0.00457502
2.12 -0.0207612 -0.00904878 -0.00317575
2.13 -0.0229455 -0.00905992 -0.00185546
2.14 -0.0252247 -0.00907154 -0.000609849
2.15 -0.0275898 -0.00908162 0.000586472
2.16 -0.0298775 -0.00908837 0.00175067
2.17 -0.0319062 -0.00909032 0.00284478
2.18 -0.0337029 -0.00908626 0.00375869
2.19 -0.0354301 -0.00907571 0.00438014
2.2 -0.0370584 -0.00905955 0.00469734
2.21 -0.0383554 -0.00903994 0.0048032
2.22 -0.0391539 -0.00901949 0.00481828
2.23 -0.0394524 -0.00900069 0.00482282
2.24 -0.039297 -0.00898565 0.00482348
2.25 -0.0386893 -0.00897601 0.00476564
2.26 -0.0376535 -0.00897275 0.00457481
2.27 -0.0362286 -0.00897623 0.00419565
2.28 -0.0343495 -0.00898635 0.00362789
2.29 -0.0319209 -0.00900255 0.00292447
2.3 -0.0289777 -0.00902366 0.00214554
2.31 -0.0256333 -0.00904807 0.0013414
2.32 -0.0219733 -0.00907407 0.000571038
2.33 -0.0180825 -0.0091 -0.000108814
2.34 -0.0140862 -0.00912426 -0.000684713
2.35 -0.0101203 -0.00914546 -0.0011922
2.36 -0.00627803 -0.0091627 -0.00167877
2.37 -0.00263338 -0.00917564 -0.0021727
2.38 0.000770944 -0.00918448 -0.0026731
2.39 0.00405608 -0.00919011 -0.00314771
2.4 0.00743443 -0.00919391 -0.00351709
2.41 0.0110018 -0.00919737 -0.0036422
2.42 0.0147634 -0.00920197 -0.00339048
2.43 0.0186583 -0.00920896 -0.00276792
2.44 0.0224608 -0.00921909 -0.00195159
2.45 0.0259034 -0.00923284 -0.00114121
2.46 0.0289324 -0.00925078 -0.000399283
2.47 0.0316885 -0.00927325 0.000345064
2.48 0.034281 -0.0092999 0.00118624
2.49 0.0366709 -0.00932922 0.0021645
2.5 0.0386911 -0.00935875 0.00326813
2.51 0.0401514 -0.00938573 0.00444998
2.52 0.0409332 -0.00940762 0.00561468
2.53 0.0409903 -0.00942244 0.00664787
2.54 0.0403658 -0.00942915 0.00747661
2.55 0.0392007 -0.00942766 0.00808275
2.56 0.0376581 -0.00941861 0.00848048
2.57 0.0358531 -0.00940307 0.00867967
2.58 0.0338325 -0.00938231 0.008668
2.59 0.0315789 -0.00935779 0.00845202
2.6 0.0290538 -0.00933119 0.00808902
2.61 0.0262766 -0.0093043 0.00763521
2.62 0.0233574 -0.00927886 0.00708739
2.63 0.0204505 -0.00925645 0.00642802
2.64 0.0176059 -0.00923815 0.00572076
2.65 0.0146468 -0.00922425 0.00511536
2.66 0.011333 -0.00921434 0.00473446
2.67 0.00761237 -0.00920745 0.00454932
2.68 0.00363232 -0.00920217 0.00438734
2.69 -0.000433192 -0.00919685 0.00408883
2.7 -0.00456918 -0.00918969 0.00363956
2.71 -0.00888846 -0.00917904 0.00316969
2.72 -0.0134036 -0.00916392 0.00285557
2.73 -0.0179068 -0.00914411 0.00277036
2.74 -0.0221436 -0.0091198 0.00277421
2.75 -0.0260488 -0.00909156 0.00259625
2.76 -0.0296797 -0.00906051 0.00207428
2.77 -0.033044 -0.00902852 0.00123348
2.78 -0.0360973 -0.00899773 0.000110018
2.79 -0.0387316 -0.00897003 -0.00135227
2.8 -0.0407414 -0.00894719 -0.00316157
2.81 -0.0420111 -0.00893034 -0.00516003
2.82 -0.0426672 -0.00891967 -0.00710927
2.83 -0.0429346 -0.00891464 -0.00884333
2.84 -0.042972 -0.00891413 -0.0103482
2.85 -0.0428118 -0.00891695 -0.0117013
2.86 -0.0424311 -0.0089219 -0.0129804
2.87 -0.0418477 -0.00892779 -0.0142638
2.88 -0.0410478 -0.00893361 -0.0155917
2.89 -0.0399404 -0.00893881 -0.0168768
2.9 -0.0384769 -0.00894311 -0.0179439
2.91 -0.0366978 -0.00894628 -0.0186912
2.92 -0.0346478 -0.0089483 -0.0191736
2.93 -0.032349 -0.00894951 -0.0195093
2.94 -0.0298117 -0.00895078 -0.0197484
2.95 -0.0270121 -0.00895353 -0.0198754
2.96 -0.0239164 -0.00895918 -0.0198807
2.97 -0.0205641 -0.00896888 -0.019742
2.98 -0.0170808 -0.00898346 -0.0193698
2.99 -0.0135565 -0.00900326 -0.0186449
3 -0.00993074 -0.00902818 -0.0175021
3.01 -0.00605163 -0.00905759 -0.0159548
3.02 -0.00183954 -0.00909037 -0.014044
3.03 0.00264729 -0.00912516 -0.0117733
3.04 0.00721549 -0.00916059 -0.00911756
3.05 0.0115731 -0.00919537 -0.00612157
3.06 0.0154704 -0.00922865 -0.00291917
3.07 0.0188726 -0.00926021 0.00041177
3.08 0.0219559 -0.0092904 0.00390995
3.09 0.0248591 -0.00931949 0.00761376
3.1 0.0275189 -0.00934719 0.0114749
3.11 0.0298469 -0.00937291 0.0153404
3.12 0.0319854 -0.0093964 0.0190111
3.13 0.0342556 -0.00941782 0.0223608
3.14 0.0368054 -0.00943748 0.0253463
3.15 0.0394129 -0.00945548 0.0279474
3.16 0.0416899 -0.00947184 0.0301603
3.17 0.0433074 -0.0094868 0.0319866
3.18 0.0441158 -0.00950061 0.033427
3.19 0.0442822 -0.00951342 0.0345169
3.2 0.0441851 -0.00952499 0.0353426
3.21 0.0440238 -0.00953422 0.0360224
3.22 0.0436256 -0.0095392 0.0366715
3.23 0.0426515 -0.00953804 0.0373368
3.24 0.0408656 -0.00952962 0.0379696
3.25 0.0381937 -0.00951404 0.0384605
3.26 0.0347121 -0.00949247 0.0386411
3.27 0.0306998 -0.00946678 0.0383072
3.28 0.0265481 -0.00943905 0.0373333
3.29 0.022502 -0.00941089 0.0357686
3.3 0.0185612 -0.00938303 0.0338239
3.31 0.0146456 -0.00935558 0.0317717
3.32 0.0107903 -0.0093285 0.0298248
3.33 0.0070905 -0.00930172 0.0280515
3.34 0.00346624 -0.00927512 0.0263731
3.35 -0.000285741 -0.00924878 0.024628
3.36 -0.00417657 -0.00922328 0.0226264
3.37 -0.00795804 -0.00919956 0.0201964
3.38 -0.0113092 -0.00917828 0.0172753
3.39 -0.0140177 -0.00915938 0.0139791
3.4 -0.016152 -0.00914195 0.0105545
3.41 -0.0181099 -0.00912425 0.00725022
3.42 -0.0203509 -0.00910443 0.00422032
3.43 -0.023043 -0.00908157 0.00148892
3.44 -0.0260181 -0.0090559 -0.00101971
3.45 -0.0289929 -0.00902847 -0.00339895
3.46 -0.0317743 -0.00900068 -0.0057187
3.47 -0.034309 -0.00897384 -0.00802732
3.48 -0.0366075 -0.008949 -0.0103249
3.49 -0.0386668 -0.00892715 -0.0125435
3.5 -0.0405272 -0.00890881 -0.0145752
3.51 -0.0423048 -0.00889405 -0.0163214
3.52 -0.043972 -0.008883 -0.0177516
3.53 -0.045235 -0.00887578 -0.0189384
3.54 -0.0457946 -0.00887232 -0.0200148
3.55 -0.0456349 -0.00887203 -0.0210986
3.56 -0.0450544 -0.0088739 -0.0222466
3.57 -0.0444265 -0.00887697 -0.0234371
3.58 -0.0439161 -0.0088807 -0.0245745
3.59 -0.0434103 -0.00888507 -0.0255012
3.6 -0.0426039 -0.00889032 -0.0260553
3.61 -0.0411942 -0.00889657 -0.0261719
3.62 -0.0391435 -0.00890351 -0.0259194
3.63 -0.0367491 -0.00891053 -0.0254317
3.64 -0.0343765 -0.00891742 -0.0247886
3.65 -0.0321532 -0.00892491 -0.0239561
3.66 -0.0299614 -0.00893439 -0.0228494
3.67 -0.0276489 -0.00894726 -0.0213885
3.68 -0.0251366 -0.00896455 -0.0195105
3.69 -0.0223743 -0.00898658 -0.0172749
3.7 -0.0193409 -0.00901273 -0.0149373
3.71 -0.0160756 -0.00904178 -0.0128255
3.72 -0.0125989 -0.00907228 -0.0111863
3.73 -0.00887504 -0.00910295 -0.0101066
3.74 -0.00491173 -0.00913283 -0.00946665
3.75 -0.000789346 -0.00916108 -0.00905142
3.76 0.00340235 -0.00918679 -0.00874298
3.77 0.00761244 -0.00920923 -0.00852443
3.78 0.0118124 -0.00922787 -0.00838677
3.79 0.0159403 -0.0092424 -0.00832779
3.8 0.019919 -0.0092529 -0.00836401
3.81 0.0236988 -0.00925994 -0.00845699
3.82 0.0272212 -0.00926471 -0.00842581
3.83 0.0304383 -0.00926885 -0.00798727
3.84 0.0333828 -0.00927402 -0.00701418
3.85 0.0360967 -0.00928123 -0.0057416
3.86 0.0385495 -0.00929098 -0.0045177
3.87 0.040666 -0.00930359 -0.00343575
3.88 0.0423711 -0.00931908 -0.00237045
3.89 0.0436081 -0.00933686 -0.00122686
3.9 0.0443036 -0.00935566 -4.89718e-005
3.91 0.0442961 -0.00937357 0.00107401
3.92 0.0433539 -0.00938859 0.00215917
3.93 0.041394 -0.009399 0.00332231
3.94 0.038649 -0.0094036 0.0046504
3.95 0.0354826 -0.00940162 0.00618865
3.96 0.0321428 -0.00939257 0.0079854
3.97 0.0287507 -0.00937643 0.0100336
3.98 0.0254048 -0.00935398 0.0122504
3.99 0.0222101 -0.00932709 0.0145693
4 0.0191254 -0.00929841 0.0169931
4.01 0.0158697 -0.00927093 0.0195754
4.02 0.0122064 -0.00924774 0.0223272
4.03 0.00817871 -0.00923153 0.0251052
4.04 0.0039156 -0.00922377 0.0276749
4.05 -0.00051561 -0.00922435 0.0298538
4.06 -0.00494366 -0.0092317 0.0315595
4.07 -0.00910407 -0.00924325 0.0328193
4.08 -0.0129478 -0.00925547 0.0337728
4.09 -0.0166884 -0.0092645 0.0346409
4.1 -0.0205257 -0.00926738 0.0356317
4.11 -0.0245281 -0.0092624 0.0368197
4.12 -0.0286364 -0.00924922 0.0381068
4.13 -0.0326044 -0.00922881 0.0392864
4.14 -0.0361602 -0.00920298 0.0401455
4.15 -0.0392614 -0.00917375 0.0405212
4.16 -0.0420321 -0.00914304 0.0403113
4.17 -0.0445834 -0.00911276 0.0394739
4.18 -0.0469138 -0.00908479 0.0380468
4.19 -0.0488723 -0.00906098 0.0361864
4.2 -0.050271 -0.00904285 0.0341337
4.21 -0.0509876 -0.00903116 0.0320655
4.22 -0.0509087 -0.0090259 0.0299902
4.23 -0.0499961 -0.00902649 0.0278122
4.24 -0.0483767 -0.00903183 0.0254569
4.25 -0.0461203 -0.00904075 0.0229263
4.26 -0.0431444 -0.00905241 0.0202803
4.27 -0.039446 -0.00906598 0.017579
4.28 -0.0351258 -0.00908056 0.0148584
4.29 -0.0302781 -0.00909545 0.0121569
4.3 -0.0251263 -0.00910996 0.00949656
4.31 -0.0200495 -0.00912322 0.00681121
4.32 -0.0152845 -0.00913451 0.00395794
4.33 -0.0107829 -0.0091436 0.00082471
4.34 -0.00637152 -0.00915066 -0.00256167
4.35 -0.00188221 -0.00915597 -0.0060206
4.36 0.0028118 -0.00915982 -0.00935663
4.37 0.00771542 -0.00916233 -0.0125147
4.38 0.0126754 -0.00916369 -0.015541
4.39 0.0173987 -0.00916438 -0.0184133
4.4 0.0215673 -0.00916538 -0.0209759
4.41 0.0250948 -0.00916823 -0.0230486
4.42 0.0281988 -0.00917434 -0.0245599
4.43 0.031242 -0.00918457 -0.0255598
4.44 0.0346108 -0.00919903 -0.026125
4.45 0.038523 -0.00921704 -0.0262803
4.46 0.0427624 -0.00923715 -0.0260405
4.47 0.0467804 -0.00925757 -0.0255062
4.48 0.0501285 -0.0092772 -0.024819
4.49 0.0526522 -0.00929605 -0.0239991
4.5 0.0543711 -0.00931478 -0.0229183
4.51 0.0554519 -0.00933405 -0.0214479
4.52 0.0562251 -0.00935383 -0.019572
4.53 0.0569149 -0.00937301 -0.0173276
4.54 0.0574448 -0.00938963 -0.0146936
4.55 0.0576243 -0.00940179 -0.0116328
4.56 0.0572625 -0.0094082 -0.0082286
4.57 0.0561595 -0.00940871 -0.0046749
4.58 0.0542789 -0.00940464 -0.00113447
4.59 0.0519097 -0.0093987 0.00232225
4.6 0.0495338 -0.00939398 0.00566789
4.61 0.0474361 -0.00939258 0.00889363
4.62 0.0454586 -0.00939487 0.0120414
4.63 0.0432844 -0.00939997 0.0151759
4.64 0.0409169 -0.00940661 0.018275
4.65 0.0386669 -0.00941349 0.0211609
4.66 0.036719 -0.00941923 0.0235405
4.67 0.0349317 -0.0094227 0.0251671
4.68 0.0330354 -0.00942342 0.0260077
4.69 0.0308978 -0.00942168 0.0262309
4.7 0.028645 -0.00941817 0.0260523
4.71 0.0265729 -0.00941328 0.0256305
4.72 0.0248364 -0.0094065 0.0250306
4.73 0.023278 -0.00939635 0.0241763
4.74 0.021666 -0.00938122 0.0228996
4.75 0.0199348 -0.00936047 0.0210932
4.76 0.0182064 -0.00933483 0.0187686
4.77 0.0167764 -0.00930627 0.0160172
4.78 0.015905 -0.00927743 0.0129701
4.79 0.0154972 -0.00925062 0.00975976
4.8 0.0152171 -0.00922747 0.00650878
4.81 0.0148199 -0.00920907 0.00330239
4.82 0.0141861 -0.00919559 0.000123402
4.83 0.0133325 -0.0091865 -0.00306809
4.84 0.0125839 -0.00918115 -0.0061442
4.85 0.0123726 -0.00917874 -0.008876
4.86 0.0125816 -0.00917744 -0.0112162
4.87 0.0124769 -0.00917454 -0.013377
4.88 0.0115236 -0.00916818 -0.0156383
4.89 0.00987271 -0.00915836 -0.0180972
4.9 0.00800977 -0.00914621 -0.0205883
4.91 0.00624469 -0.00913258 -0.0229001
4.92 0.00464204 -0.00911729 -0.0250523
4.93 0.00323616 -0.00909968 -0.027287
4.94 0.00198726 -0.00907901 -0.029818
4.95 0.000603942 -0.00905489 -0.0326609
4.96 -0.00122709 -0.00902786 -0.0356317
4.97 -0.00346488 -0.00899975 -0.0384108
4.98 -0.00585539 -0.00897303 -0.0406871
4.99 -0.00834555 -0.00894944 -0.0423779
5 -0.0109873 -0.00892966 -0.0437277
5.01 -0.0135707 -0.00891391 -0.0450932
5.02 -0.0157792 -0.00890204 -0.0465858
5.03 -0.0175401 -0.00889354 -0.0479856
5.04 -0.0189509 -0.00888755 -0.049005
5.05 -0.0201503 -0.00888308 -0.0495526
5.06 -0.0214523 -0.00887902 -0.0497616
5.07 -0.0231879 -0.00887458 -0.0498922
5.08 -0.0252671 -0.00886982 -0.0502009
5.09 -0.0272462 -0.00886531 -0.0508316
5.1 -0.0287866 -0.00886138 -0.0518132
5.11 -0.029712 -0.00885769 -0.0530893
5.12 -0.0297879 -0.00885357 -0.0545589
5.13 -0.0289259 -0.00884833 -0.0561554
5.14 -0.0275464 -0.00884115 -0.0578406
5.15 -0.0262859 -0.00883183 -0.059519
5.16 -0.0253673 -0.00882161 -0.0610984
5.17 -0.0246026 -0.00881256 -0.0626301
5.18 -0.0237723 -0.00880648 -0.0642731
5.19 -0.022641 -0.00880441 -0.0661733
5.2 -0.0207599 -0.00880678 -0.0683685
5.21 -0.0176469 -0.00881349 -0.0706589
5.22 -0.0132771 -0.00882369 -0.0725329
5.23 -0.00807282 -0.00883647 -0.0733277
5.24 -0.00249575 -0.00885173 -0.0725568
5.25 0.00307944 -0.00887035 -0.0700982
5.26 0.0084305 -0.00889417 -0.0661118
5.27 0.0136328 -0.00892573 -0.0608424
5.28 0.0188728 -0.00896745 -0.0545008
5.29 0.0241398 -0.00902037 -0.0472683
5.3 0.0293842 -0.00908382 -0.0393379
5.31 0.0347369 -0.00915577 -0.0308948
5.32 0.0402639 -0.0092331 -0.0220315
5.33 0.0458003 -0.00931228 -0.0126979
5.34 0.0511586 -0.0093903 -0.00276255
5.35 0.0563759 -0.00946537 0.00789375
5.36 0.0616988 -0.00953721 0.0193231
5.37 0.0671469 -0.00960562 0.0313772
5.38 0.0722191 -0.00966951 0.0436081
5.39 0.0763783 -0.00972827 0.0555303
5.4 0.0796502 -0.00978291 0.0669809
5.41 0.082473 -0.00983503 0.0780579
5.42 0.0851686 -0.0098854 0.0887722
5.43 0.0875815 -0.00993332 0.0988638
5.44 0.0891539 -0.00997692 0.107989
5.45 0.0894884 -0.010015 0.116056
5.46 0.0887274 -0.0100474 0.123232
5.47 0.0873055 -0.0100744 0.129634
5.48 0.085597 -0.0100953 0.135199
5.49 0.0838176 -0.0101092 0.139767
5.5 0.081862 -0.0101147 0.143158
5.51 0.079252 -0.0101103 0.145157
5.52 0.0756398 -0.0100954 0.145558
5.53 0.0711294 -0.0100708 0.144248
5.54 0.0659066 -0.0100379 0.141256
5.55 0.0600153 -0.00999801 0.136636
5.56 0.0534634 -0.00995119 0.130322
5.57 0.0461888 -0.0098966 0.122222
5.58 0.0380392 -0.00983275 0.112489
5.59 0.0288855 -0.00975822 0.101544
5.6 0.0186329 -0.00967179 0.0897879
5.61 0.00718294 -0.00957282 0.0773815
5.62 -0.00538756 -0.00946147 0.0643431
5.63 -0.018577 -0.00933957 0.0507538
5.64 -0.0316251 -0.00921066 0.036796
5.65 -0.0440431 -0.00907858 0.022637
5.66 -0.0559174 -0.00894653 0.00839114
5.67 -0.0676899 -0.00881685 -0.0057817
5.68 -0.0795971 -0.00869224 -0.0196136
5.69 -0.091309 -0.00857605 -0.0328312
5.7 -0.102122 -0.00847111 -0.0453063
5.71 -0.111454 -0.0083794 -0.0570573
5.72 -0.119075 -0.00830213 -0.06811
5.73 -0.12486 -0.00823875 -0.0783712
5.74 -0.128475 -0.00818914 -0.0876549
5.75 -0.12938 -0.00815405 -0.095848
5.76 -0.127196 -0.0081335 -0.103029
5.77 -0.121978 -0.00812746 -0.109409
5.78 -0.114176 -0.00813559 -0.115203
5.79 -0.104578 -0.00815724 -0.120587
5.8 -0.0942799 -0.00819124 -0.125686
5.81 -0.0842637 -0.00823584 -0.130537
5.82 -0.0745568 -0.00828938 -0.135109
5.83 -0.0640198 -0.00835035 -0.139342
5.84 -0.0514861 -0.00841611 -0.143106
5.85 -0.0369823 -0.00848238 -0.146092
5.86 -0.021568 -0.00854452 -0.147839
5.87 -0.00634664 -0.00859984 -0.148005
5.88 0.00805641 -0.0086486 -0.146597
5.89 0.021573 -0.00869393 -0.143859
5.9 0.0346017 -0.00874118 -0.13998
5.91 0.0475897 -0.00879616 -0.134962
5.92 0.0608149 -0.00886323 -0.128675
5.93 0.0744934 -0.0089446 -0.12089
5.94 0.088636 -0.00904046 -0.111272
5.95 0.102797 -0.0091487 -0.099529
5.96 0.116124 -0.00926571 -0.0856722
5.97 0.127789 -0.00938794 -0.0700714
5.98 0.137397 -0.00951313 -0.0532426
5.99 0.14482 -0.00963998 -0.0356739
6 0.149599 -0.00976607 -0.0177965
6.01 0.150752 -0.00988676 1.64563e-005
6.02 0.147318 -0.00999589 0.0175646
6.03 0.13877 -0.0100868 0.034975
6.04 0.125021 -0.0101516 0.0525618
6.05 0.106474 -0.0101824 0.0703741
6.06 0.0839517 -0.0101736 0.0879578
6.07 0.058504 -0.0101223 0.104567
6.08 0.0312977 -0.0100297 0.119488
6.09 0.00331771 -0.00990101 0.132198
6.1 -0.0248178 -0.00974542 0.142438
6.11 -0.0524614 -0.00957516 0.150269
6.12 -0.0786316 -0.00940421 0.156052
6.13 -0.102209 -0.0092461 0.160295
6.14 -0.121946 -0.00911231 0.163449
6.15 -0.136373 -0.00901141 0.165866
6.16 -0.144263 -0.00894859 0.167812
6.17 -0.1451 -0.00892613 0.169423
6.18 -0.139076 -0.00894442 0.170727
6.19 -0.127069 -0.0090023 0.171841
6.2 -0.110572 -0.00909729 0.173144
6.21 -0.0909992 -0.0092263 0.17516
6.22 -0.0688612 -0.00938634 0.178198
6.23 -0.0438228 -0.00957257 0.18211
6.24 -0.0156616 -0.00977632 0.186394
6.25 0.0147638 -0.0099853 0.190583
6.26 0.0452498 -0.0101852 0.194494
6.27 0.0728154 -0.0103627 0.198123
6.28 0.0950224 -0.0105082 0.201431
6.29 0.111326 -0.0106178 0.20429
6.3 0.12331 -0.0106935 0.206549
6.31 0.133064 -0.0107397 0.208024
6.32 0.141151 -0.0107579 0.208343
6.33 0.146279 -0.0107464 0.206792
6.34 0.146301 -0.0107021 0.202441
6.35 0.139537 -0.0106239 0.194541
6.36 0.125876 -0.0105152 0.182802
6.37 0.107428 -0.0103825 0.167306
6.38 0.0879121 -0.0102335 0.148301
6.39 0.0702026 -0.0100728 0.126084
6.4 0.0544165 -0.00989894 0.100982
6.41 0.0391249 -0.00970796 0.0734436
6.42 0.0235276 -0.00949911 0.0442107
6.43 0.00769549 -0.00927654 0.0144267
6.44 -0.00792385 -0.00904928 -0.014526
6.45 -0.0224045 -0.00882913 -0.041434
6.46 -0.0344756 -0.00862717 -0.0655369
6.47 -0.0434414 -0.00845298 -0.0864974
6.48 -0.049855 -0.00831253 -0.104264
6.49 -0.0549952 -0.00820805 -0.118926
6.5 -0.0598836 -0.00813969 -0.130627
6.51 -0.064972 -0.00810569 -0.139666
6.52 -0.0705864 -0.00810222 -0.14657
6.53 -0.0775476 -0.00812234 -0.151925
6.54 -0.0870648 -0.00815688 -0.156301
6.55 -0.0996301 -0.0081959 -0.160285
6.56 -0.114366 -0.00822827 -0.164419
6.57 -0.129588 -0.00824199 -0.169101
6.58 -0.143602 -0.00822647 -0.174523
6.59 -0.155318 -0.00817411 -0.18062
6.6 -0.164651 -0.00808073 -0.187138
6.61 -0.172198 -0.00794883 -0.193867
6.62 -0.178464 -0.00778829 -0.200812
6.63 -0.183487 -0.0076146 -0.208182
6.64 -0.18683 -0.00744679 -0.216163
6.65 -0.187768 -0.00730456 -0.224619
6.66 -0.185761 -0.00720383 -0.233003
6.67 -0.180701 -0.00715375 -0.240503
6.68 -0.172601 -0.00715717 -0.246279
6.69 -0.161265 -0.00721099 -0.249624
6.7 -0.14643 -0.00730874 -0.249899
6.71 -0.128275 -0.00744286 -0.246387
6.72 -0.107673 -0.00760576 -0.238448
6.73 -0.0856004 -0.00779122 -0.22594
6.74 -0.0623292 -0.00799477 -0.209519
6.75 -0.0375687 -0.00821289 -0.190544
6.76 -0.0109229 -0.00844182 -0.170543
6.77 0.0180808 -0.00867833 -0.150614
6.78 0.0497645 -0.008918 -0.131308
6.79 0.0838215 -0.00915453 -0.11296
6.8 0.119175 -0.00938301 -0.0959719
6.81 0.154483 -0.0095992 -0.0808474
6.82 0.188768 -0.00980017 -0.0680641
6.83 0.221279 -0.00998609 -0.0579609
6.84 0.250933 -0.0101566 -0.050653
6.85 0.276447 -0.0103099 -0.0459545
6.86 0.297141 -0.0104442 -0.0433289
6.87 0.313094 -0.0105566 -0.0419072
6.88 0.324286 -0.0106413 -0.0406429
6.89 0.329988 -0.0106906 -0.0385228
6.9 0.329134 -0.0106986 -0.0346977
6.91 0.321386 -0.0106632 -0.0286534
6.92 0.30756 -0.0105885 -0.020467
6.93 0.288638 -0.0104822 -0.010855
6.94 0.264704 -0.0103537 -0.000766897
6.95 0.235265 -0.0102121 0.00919605
6.96 0.200468 -0.0100674 0.0189294
6.97 0.161656 -0.00992824 0.0284424
6.98 0.120764 -0.00979958 0.037417
6.99 0.0794488 -0.00968137 0.0451487
7 0.0390767 -0.00956903 0.0509096
7.01 0.00150377 -0.00945819 0.0542641
7.02 -0.03103 -0.00934643 0.05502
7.03 -0.0572629 -0.00923227 0.0531795
7.04 -0.0779059 -0.00911531 0.0491612
7.05 -0.0954626 -0.00899651 0.0439963
7.06 -0.112599 -0.00887928 0.0391241
7.07 -0.130267 -0.00876969 0.0359218
7.08 -0.147812 -0.00867411 0.035397
7.09 -0.164411 -0.00859584 0.0381644
7.1 -0.180024 -0.0085355 0.0444861
7.11 -0.195262 -0.00848985 0.0541929
7.12 -0.210759 -0.00845444 0.0666686
7.13 -0.227039 -0.0084271 0.0810799
7.14 -0.244637 -0.00840696 0.0966494
7.15 -0.26383 -0.00839555 0.1127
7.16 -0.284261 -0.0083963 0.128539
7.17 -0.304939 -0.0084114 0.143498
7.18 -0.324444 -0.00843785 0.157047
7.19 -0.341109 -0.00846824 0.168717
7.2 -0.353365 -0.00849773 0.17794
7.21 -0.359944 -0.00851953 0.184082
7.22 -0.359593 -0.00852708 0.186631
7.23 -0.351092 -0.00852168 0.185339
7.24 -0.333883 -0.00850912 0.180287
7.25 -0.308467 -0.00849886 0.171875
7.26 -0.276147 -0.0085019 0.16074
7.27 -0.238328 -0.00852878 0.147624
7.28 -0.196179 -0.00859057 0.133162
7.29 -0.150844 -0.0086944 0.117738
7.3 -0.10342 -0.00884003 0.101576
7.31 -0.0544803 -0.00902341 0.0849661
7.32 -0.00429413 -0.00923376 0.0683248
7.33 0.0457346 -0.00945642 0.0520829
7.34 0.0923078 -0.00967584 0.0365434
7.35 0.131681 -0.00987703 0.0217992
7.36 0.161962 -0.0100511 0.00772282
7.37 0.183894 -0.0101925 -0.00601068
7.38 0.19939 -0.0102971 -0.0198024
7.39 0.209542 -0.0103583 -0.033968
7.4 0.214484 -0.0103661 -0.0487572
7.41 0.214598 -0.0103125 -0.0644571
7.42 0.211148 -0.0101945 -0.0813213
7.43 0.20561 -0.0100174 -0.0994246
7.44 0.198237 -0.0097935 -0.118664
7.45 0.18787 -0.00953774 -0.138821
7.46 0.173412 -0.00926958 -0.159518
7.47 0.155268 -0.00901243 -0.180101
7.48 0.135526 -0.00878699 -0.199643
7.49 0.116866 -0.00860664 -0.217246
7.5 0.101101 -0.00847309 -0.232515
7.51 0.0886865 -0.00838045 -0.245666
7.52 0.0795465 -0.00832054 -0.257116
7.53 0.0737186 -0.00828591 -0.267011
7.54 0.0711866 -0.00827323 -0.275204
7.55 0.0714778 -0.00828225 -0.2816
7.56 0.0731855 -0.0083132 -0.286394
7.57 0.0743251 -0.00836463 -0.28998
7.58 0.074135 -0.00843357 -0.292646
7.59 0.0742382 -0.00851585 -0.294396
7.6 0.0771706 -0.00860359 -0.295095
7.61 0.0838711 -0.0086841 -0.29467
7.62 0.0927566 -0.00874304 -0.293051
7.63 0.100992 -0.00877053 -0.289948
7.64 0.106563 -0.0087666 -0.284702
7.65 0.109191 -0.00874093 -0.27642
7.66 0.110085 -0.0087097 -0.264294
7.67 0.111047 -0.00869136 -0.247822
7.68 0.112892 -0.00870027 -0.226834
7.69 0.114764 -0.0087428 -0.20142
7.7 0.115375 -0.00881913 -0.171822
7.71 0.114543 -0.0089268 -0.138335
7.72 0.113051 -0.00906353 -0.101279
7.73 0.111376 -0.00922741 -0.0610882
7.74 0.109331 -0.00941584 -0.0184156
7.75 0.106899 -0.00962446 0.0258676
7.76 0.104725 -0.00985151 0.0707664
7.77 0.103518 -0.010094 0.115201
7.78 0.103117 -0.01034 0.157879
7.79 0.102193 -0.0105754 0.197282
7.8 0.0990319 -0.0107827 0.231993
7.81 0.092695 -0.0109446 0.261027
7.82 0.0838024 -0.0110519 0.283849
7.83 0.0746121 -0.0111014 0.300292
7.84 0.0678077 -0.0110948 0.310529
7.85 0.0648763 -0.0110367 0.315071
7.86 0.0658245 -0.0109344 0.314772
7.87 0.0699435 -0.0107989 0.310639
7.88 0.0761206 -0.0106441 0.30354
7.89 0.0827883 -0.0104861 0.294193
7.9 0.0881129 -0.0103424 0.283358
7.91 0.0903971 -0.0102302 0.271911
7.92 0.0887874 -0.0101607 0.260666
7.93 0.0837229 -0.0101392 0.25011
7.94 0.0765375 -0.0101626 0.240233
7.95 0.0682744 -0.0102176 0.230557
7.96 0.0587786 -0.0102827 0.220321
7.97 0.0469759 -0.0103328 0.208693
7.98 0.0316573 -0.0103458 0.19495
7.99 0.0123332 -0.0103062 0.178693
8 -0.0102824 -0.0102067 0.159988
8.01 -0.0349845 -0.0100474 0.139271
8.02 -0.0613062 -0.00983227 0.117184
8.03 -0.089543 -0.00956716 0.0944134
8.04 -0.119394 -0.00926033 0.0714918
8.05 -0.149171 -0.00892193 0.0487057
8.06 -0.176937 -0.00856599 0.0261976
8.07 -0.202132 -0.00821203 0.0040841
8.08 -0.225459 -0.00788089 -0.017445
8.09 -0.247264 -0.00758851 -0.0379904
8.1 -0.266649 -0.00735304 -0.0569678
8.11 -0.282186 -0.00719068 -0.0739234
8.12 -0.292728 -0.00710643 -0.0888394
8.13 -0.297528 -0.00709761 -0.102087
8.14 -0.296269 -0.00715284 -0.114067
8.15 -0.289164 -0.00725625 -0.124821
8.16 -0.27688 -0.00739052 -0.134003
8.17 -0.260298 -0.00753931 -0.141289
8.18 -0.240211 -0.00768989 -0.146789
8.19 -0.217155 -0.00783359 -0.151046
8.2 -0.191689 -0.00796602 -0.154713
8.21 -0.164683 -0.00808538 -0.158251
8.22 -0.137248 -0.00819126 -0.161769
8.23 -0.110677 -0.00828359 -0.164968
8.24 -0.0862971 -0.00836177 -0.167179
8.25 -0.0650824 -0.00842562 -0.167521
8.26 -0.0474227 -0.00847671 -0.165151
8.27 -0.0334534 -0.0085178 -0.159449
8.28 -0.0233364 -0.00855221 -0.150042
8.29 -0.0170107 -0.00858412 -0.136728
8.3 -0.0141705 -0.00861903 -0.119408
8.31 -0.0147684 -0.00866268 -0.0980566
8.32 -0.0191219 -0.00871938 -0.0727309
8.33 -0.0273112 -0.00879217 -0.0436645
8.34 -0.0388322 -0.00888149 -0.0114345
8.35 -0.0529524 -0.00898483 0.0229616
8.36 -0.0691278 -0.00909693 0.0582215
8.37 -0.0871545 -0.00921184 0.093011
8.38 -0.106951 -0.00932032 0.126288
8.39 -0.128082 -0.0094127 0.157481
8.4 -0.149771 -0.00948646 0.186376
8.41 -0.171518 -0.00953601 0.212924
8.42 -0.193368 -0.0095546 0.237168
8.43 -0.215574 -0.00954045 0.259204
8.44 -0.238362 -0.00949397 0.279213
8.45 -0.26196 -0.00941943 0.297545
8.46 -0.286545 -0.00932155 0.314663
8.47 -0.312014 -0.00920657 0.33097
8.48 -0.337978 -0.00908302 0.346699
8.49 -0.364243 -0.00895812 0.361808
8.5 -0.391073 -0.00883692 0.375936
8.51 -0.418574 -0.00872675 0.388621
8.52 -0.445838 -0.00863424 0.399523
8.53 -0.471044 -0.00856218 0.408461
8.54 -0.492426 -0.00851474 0.4154
8.55 -0.509047 -0.0084908 0.420379
8.56 -0.520989 -0.00848298 0.423376
8.57 -0.528988 -0.00848569 0.424284
8.58 -0.533587 -0.00849464 0.42293
8.59 -0.534677 -0.00850718 0.419083
8.6 -0.53213 -0.00852213 0.412548
8.61 -0.526674 -0.00853692 0.403295
8.62 -0.519733 -0.00854762 0.391503
8.63 -0.512599 -0.0085499 0.37756
8.64 -0.506202 -0.00854007 0.362079
8.65 -0.50136 -0.00851402 0.345783
8.66 -0.498691 -0.00846765 0.329293
8.67 -0.498241 -0.00839906 0.313031
8.68 -0.499334 -0.00830925 0.29726
8.69 -0.500951 -0.0082025 0.282165
8.7 -0.502382 -0.0080839 0.267829
8.71 -0.503322 -0.00796114 0.254091
8.72 -0.503072 -0.00784435 0.240495
8.73 -0.499944 -0.00774503 0.226465
8.74 -0.49195 -0.00767542 0.211569
8.75 -0.478 -0.00764468 0.19564
8.76 -0.458218 -0.00765792 0.178591
8.77 -0.433202 -0.00771572 0.160152
8.78 -0.402832 -0.00781558 0.139696
8.79 -0.365872 -0.00795209 0.116264
8.8 -0.320753 -0.00811543 0.0888534
8.81 -0.26639 -0.00829487 0.0568153
8.82 -0.202683 -0.00848274 0.0200762
8.83 -0.130958 -0.00866933 -0.0208782
8.84 -0.0542032 -0.00885034 -0.0651647
8.85 0.0233482 -0.00902017 -0.111754
8.86 0.0974389 -0.00916796 -0.159709
8.87 0.165108 -0.00929278 -0.20828
8.88 0.225477 -0.00939659 -0.256857
8.89 0.279459 -0.0094806 -0.304819
8.9 0.328354 -0.00954498 -0.351377
8.91 0.372734 -0.00958037 -0.395616
8.92 0.412635 -0.00957011 -0.436707
8.93 0.448315 -0.0095093 -0.47403
8.94 0.480544 -0.00940498 -0.507135
8.95 0.510341 -0.00926499 -0.535593
8.96 0.538781 -0.00912094 -0.558934
8.97 0.567015 -0.00899771 -0.576879
8.98 0.595926 -0.00891286 -0.58955
8.99 0.625621 -0.00888938 -0.597367
9 0.655435 -0.00893832 -0.600873
9.01 0.684295 -0.00906324 -0.600615
9.02 0.711115 -0.00925826 -0.597008
9.03 0.73511 -0.00950756 -0.590302
9.04 0.755569 -0.00977791 -0.580658
9.05 0.771451 -0.0100513 -0.568148
9.06 0.781511 -0.0103125 -0.552699
9.07 0.784644 -0.0105387 -0.53406
9.08 0.780051 -0.0107166 -0.511809
9.09 0.767398 -0.0108355 -0.485458
9.1 0.746696 -0.0108894 -0.454646
9.11 0.717837 -0.0108774 -0.419281
9.12 0.680493 -0.010805 -0.379615
9.13 0.634536 -0.0106842 -0.336198
9.14 0.580484 -0.0105321 -0.28967
9.15 0.519863 -0.0103696 -0.24068
9.16 0.455012 -0.0102177 -0.190017
9.17 0.387875 -0.0100937 -0.138679
9.18 0.319004 -0.0100066 -0.0877611
9.19 0.247868 -0.00995734 -0.0381886
9.2 0.173935 -0.00994122 0.00965374
9.21 0.0974909 -0.00994937 0.0559245
9.22 0.0195554 -0.00996194 0.100822
9.23 -0.0587803 -0.00992272 0.144199
9.24 -0.136911 -0.00982173 0.185563
9.25 -0.214886 -0.00970371 0.224272
9.26 -0.293051 -0.00954003 0.259795
9.27 -0.371188 -0.00930978 0.291871
9.28 -0.447764 -0.00903205 0.320473
9.29 -0.52027 -0.00871168 0.345746
9.3 -0.586535 -0.00835748 0.368081
9.31 -0.645455 -0.0079901 0.388115
9.32 -0.696431 -0.00763152 0.406416
9.33 -0.738696 -0.00730708 0.423123
9.34 -0.771559 -0.00704498 0.43792
9.35 -0.7948 -0.00686116 0.450258
9.36 -0.808422 -0.00676891 0.459579
9.37 -0.812433 -0.00677775 0.465356
9.38 -0.807089 -0.00688362 0.467066
9.39 -0.793089 -0.00707088 0.464191
9.4 -0.771243 -0.00732112 0.456229
9.41 -0.741873 -0.00760689 0.442687
9.42 -0.704923 -0.00790122 0.423109
9.43 -0.660756 -0.00817826 0.397179
9.44 -0.61045 -0.00841278 0.364836
9.45 -0.555448 -0.00858616 0.326427
9.46 -0.496997 -0.0086902 0.282766
9.47 -0.43556 -0.00872911 0.234927
9.48 -0.370749 -0.00871545 0.183932
9.49 -0.301894 -0.00866429 0.130667
9.5 -0.228888 -0.00859675 0.0759375
9.51 -0.152927 -0.00853864 0.0205249
9.52 -0.0760228 -0.00847548 -0.0347732
9.53 0.000742575 -0.0084184 -0.0891551
9.54 0.0779984 -0.00843677 -0.141872
9.55 0.157152 -0.00854356 -0.192257
9.56 0.239175 -0.00872337 -0.239766
9.57 0.323967 -0.00897181 -0.284152
9.58 0.410741 -0.00926991 -0.325644
9.59 0.498895 -0.00959571 -0.364826
9.6 0.587984 -0.00992868 -0.402311
9.61 0.676836 -0.010251 -0.43855
9.62 0.763053 -0.0105481 -0.473809
9.63 0.843783 -0.0108042 -0.508257
9.64 0.91726 -0.0109677 -0.542039
9.65 0.983458 -0.0110061 -0.575249
9.66 1.04328 -0.0109707 -0.607845
9.67 1.09711 -0.0108843 -0.639627
9.68 1.14404 -0.0107409 -0.670207
9.69 1.18245 -0.0105603 -0.698986
9.7 1.21158 -0.0103571 -0.725218
9.71 1.23175 -0.0101503 -0.748147
9.72 1.24331 -0.00995806 -0.767151
9.73 1.24624 -0.00979685 -0.781814
9.74 1.24093 -0.00967823 -0.791931
9.75 1.22852 -0.00959162 -0.797507
9.76 1.20992 -0.0095329 -0.798773
9.77 1.18453 -0.00950187 -0.796074
9.78 1.15055 -0.00948917 -0.789701
9.79 1.10644 -0.00948697 -0.779766
9.8 1.05192 -0.00948374 -0.76617
9.81 0.988014 -0.00946928 -0.748685
9.82 0.916713 -0.00943326 -0.727087
9.83 0.840367 -0.00936676 -0.701191
9.84 0.760738 -0.00926364 -0.670861
9.85 0.67876 -0.00912191 -0.636037
9.86 0.59513 -0.00894532 -0.596731
9.87 0.510815 -0.00874454 -0.552945
9.88 0.427013 -0.0085361 -0.504608
9.89 0.344716 -0.00834221 -0.451659
9.9 0.264481 -0.00818845 -0.394144
9.91 0.186859 -0.00809848 -0.332234
9.92 0.112952 -0.00808916 -0.266165
9.93 0.0442144 -0.00817078 -0.196194
9.94 -0.0182621 -0.0083415 -0.122641
9.95 -0.0741628 -0.00856739 -0.0460649
9.96 -0.123771 -0.00875462 0.0325014
9.97 -0.167594 -0.00892866 0.111623
9.98 -0.206317 -0.00917621 0.189789
9.99 -0.241072 -0.00943358 0.265686
10 -0.273784 -0.00966201 0.338388
