0.1 -1.30409e-007
0.2 -2.615e-007
0.3 -3.93274e-007
0.4 -5.25735e-007
0.5 -6.58885e-007
0.6 -7.92727e-007
0.7 -9.27263e-007
0.8 -1.0625e-006
0.9 -1.19843e-006
1 -1.33507e-006
0.01 -1.31691e-006
0.02 -1.26226e-006
0.03 -1.56619e-006
0.04 -2.5468e-006
0.05 -3.52464e-006
0.06 -3.96287e-006
0.07 -4.23371e-006
0.08 -4.57041e-006
0.09 -4.63191e-006
0.1 -4.17666e-006
0.11 -3.5099e-006
0.12 -3.06864e-006
0.13 -2.95957e-006
0.14 -3.07123e-006
0.15 -3.35191e-006
0.16 -3.76944e-006
0.17 -4.14951e-006
0.18 -4.24755e-006
0.19 -3.95694e-006
0.2 -3.36232e-006
0.21 -2.62453e-006
0.22 -1.89e-006
0.23 -1.28998e-006
0.24 -9.30682e-007
0.25 -8.36298e-007
0.26 -9.20533e-007
0.27 -1.02865e-006
0.28 -1.01151e-006
0.29 -7.78864e-007
0.3 -3.14205e-007
0.31 3.38705e-007
0.32 1.09214e-006
0.33 1.83531e-006
0.34 2.47528e-006
0.35 2.96568e-006
0.36 3.30233e-006
0.37 3.50949e-006
0.38 3.62951e-006
0.39 3.70458e-006
0.4 3.75523e-006
0.41 3.77952e-006
0.42 3.76576e-006
0.43 3.70535e-006
0.44 3.60185e-006
0.45 3.46342e-006
0.46 3.29698e-006
0.47 3.1112e-006
0.48 2.9052e-006
0.49 2.66285e-006
0.5 2.37462e-006
0.51 2.04823e-006
0.52 1.695e-006
0.53 1.33751e-006
0.54 1.02773e-006
0.55 8.28534e-007
0.56 7.63872e-007
0.57 7.86007e-007
0.58 8.05408e-007
0.59 7.5657e-007
0.6 6.22136e-007
0.61 3.94236e-007
0.62 5.28088e-008
0.63 -3.72688e-007
0.64 -7.8349e-007
0.65 -1.11521e-006
0.66 -1.37354e-006
0.67 -1.55801e-006
0.68 -1.64352e-006
0.69 -1.62669e-006
0.7 -1.53391e-006
0.71 -1.39765e-006
0.72 -1.26398e-006
0.73 -1.19549e-006
0.74 -1.24462e-006
0.75 -1.43113e-006
0.76 -1.73303e-006
0.77 -2.08532e-006
0.78 -2.38537e-006
0.79 -2.54087e-006
0.8 -2.5241e-006
0.81 -2.35205e-006
0.82 -2.04558e-006
0.83 -1.62819e-006
0.84 -1.12797e-006
0.85 -5.46516e-007
0.86 1.41861e-007
0.87 8.92486e-007
0.88 1.58277e-006
0.89 2.16853e-006
0.9 2.74203e-006
0.91 3.4075e-006
0.92 4.13528e-006
0.93 4.79603e-006
0.94 5.3298e-006
0.95 5.78777e-006
0.96 6.242e-006
0.97 6.68299e-006
0.98 6.9883e-006
0.99 7.0645e-006
1 6.94895e-006
1.01 6.68233e-006
1.02 6.25272e-006
1.03 5.72749e-006
1.04 5.26498e-006
1.05 4.94059e-006
1.06 4.67553e-006
1.07 4.37438e-006
1.08 4.07214e-006
1.09 3.84388e-006
1.1 3.60048e-006
1.11 3.17476e-006
1.12 2.58846e-006
1.13 2.04125e-006
1.14 1.6487e-006
1.15 1.45363e-006
1.16 1.5737e-006
1.17 2.05883e-006
1.18 2.82377e-006
1.19 3.73411e-006
1.2 4.63142e-006
1.21 5.37262e-006
1.22 5.84825e-006
1.23 5.98303e-006
1.24 5.7837e-006
1.25 5.39362e-006
1.26 5.02875e-006
1.27 4.84419e-006
1.28 4.91499e-006
1.29 5.22508e-006
1.3 5.68866e-006
1.31 6.29772e-006
1.32 7.10327e-006
1.33 8.05132e-006
1.34 9.10456e-006
1.35 1.03928e-005
1.36 1.1957e-005
1.37 1.35536e-005
1.38 1.4816e-005
1.39 1.55119e-005
1.4 1.56314e-005
1.41 1.52082e-005
1.42 1.42902e-005
1.43 1.3094e-005
1.44 1.18378e-005
1.45 1.04847e-005
1.46 8.82295e-006
1.47 6.6956e-006
1.48 4.02059e-006
1.49 6.04904e-007
1.5 -3.73769e-006
1.51 -8.69583e-006
1.52 -1.33919e-005
1.53 -1.70928e-005
1.54 -1.97128e-005
1.55 -2.14713e-005
1.56 -2.24929e-005
1.57 -2.2849e-005
1.58 -2.2696e-005
1.59 -2.22977e-005
1.6 -2.20318e-005
1.61 -2.22414e-005
1.62 -2.28882e-005
1.63 -2.3357e-005
1.64 -2.26783e-005
1.65 -2.01774e-005
1.66 -1.59324e-005
1.67 -1.05601e-005
1.68 -4.71077e-006
1.69 1.1561e-006
1.7 6.69528e-006
1.71 1.1729e-005
1.72 1.6371e-005
1.73 2.08142e-005
1.74 2.5061e-005
1.75 2.90309e-005
1.76 3.27171e-005
1.77 3.60172e-005
1.78 3.85519e-005
1.79 4.00091e-005
1.8 4.05708e-005
1.81 4.06973e-005
1.82 4.07101e-005
1.83 4.06882e-005
1.84 4.05808e-005
1.85 4.02306e-005
1.86 3.92852e-005
1.87 3.75572e-005
1.88 3.56418e-005
1.89 3.44983e-005
1.9 3.41489e-005
1.91 3.35348e-005
1.92 3.16355e-005
1.93 2.79788e-005
1.94 2.23473e-005
1.95 1.46641e-005
1.96 5.27953e-006
1.97 -4.92782e-006
1.98 -1.50636e-005
1.99 -2.47019e-005
2 -3.38231e-005
2.01 -4.24996e-005
2.02 -5.0648e-005
2.03 -5.81455e-005
2.04 -6.50174e-005
2.05 -7.10929e-005
2.06 -7.58765e-005
2.07 -7.92374e-005
2.08 -8.1726e-005
2.09 -8.39795e-005
2.1 -8.61053e-005
2.11 -8.77357e-005
2.12 -8.86166e-005
2.13 -8.8843e-005
2.14 -8.85415e-005
2.15 -8.7547e-005
2.16 -8.53127e-005
2.17 -8.13194e-005
2.18 -7.57559e-005
2.19 -6.93021e-005
2.2 -6.21512e-005
2.21 -5.3946e-005
2.22 -4.45343e-005
2.23 -3.42303e-005
2.24 -2.34432e-005
2.25 -1.23962e-005
2.26 -1.32449e-006
2.27 9.54047e-006
2.28 2.03224e-005
2.29 3.12801e-005
2.3 4.23279e-005
2.31 5.31804e-005
2.32 6.36528e-005
2.33 7.35668e-005
2.34 8.26137e-005
2.35 9.04292e-005
2.36 9.67463e-005
2.37 0.000101324
2.38 0.000103989
2.39 0.000105052
2.4 0.000105106
2.41 0.000104432
2.42 0.000103078
2.43 0.00010092
2.44 9.73545e-005
2.45 9.16517e-005
2.46 8.37252e-005
2.47 7.41035e-005
2.48 6.33008e-005
2.49 5.14888e-005
2.5 3.85473e-005
2.51 2.43383e-005
2.52 8.93571e-006
2.53 -7.41323e-006
2.54 -2.42674e-005
2.55 -4.0972e-005
2.56 -5.68761e-005
2.57 -7.15329e-005
2.58 -8.47522e-005
2.59 -9.65896e-005
2.6 -0.00010722
2.61 -0.000116692
2.62 -0.000124808
2.63 -0.000131223
2.64 -0.000135855
2.65 -0.000139231
2.66 -0.000142007
2.67 -0.000144239
2.68 -0.000145363
2.69 -0.000144723
2.7 -0.00014215
2.71 -0.00013791
2.72 -0.000132069
2.73 -0.000124152
2.74 -0.000113667
2.75 -0.000100785
2.76 -8.61317e-005
2.77 -7.02494e-005
2.78 -5.35584e-005
2.79 -3.62793e-005
2.8 -1.82821e-005
2.81 3.94533e-007
2.82 1.91054e-005
2.83 3.7014e-005
2.84 5.3556e-005
2.85 6.85992e-005
2.86 8.22158e-005
2.87 9.43888e-005
2.88 0.000105212
2.89 0.000115007
2.9 0.000123952
2.91 0.000131908
2.92 0.000138655
2.93 0.000143959
2.94 0.000147554
2.95 0.000149243
2.96 0.00014888
2.97 0.000146174
2.98 0.000140695
2.99 0.000132264
3 0.0001213
3.01 0.000108647
3.02 9.50619e-005
3.03 8.09677e-005
3.04 6.63964e-005
3.05 5.10253e-005
3.06 3.45435e-005
3.07 1.71515e-005
3.08 -4.25815e-007
3.09 -1.76274e-005
3.1 -3.45047e-005
3.11 -5.11723e-005
3.12 -6.70413e-005
3.13 -8.09684e-005
3.14 -9.23112e-005
3.15 -0.000101539
3.16 -0.000109665
3.17 -0.000117599
3.18 -0.000125776
3.19 -0.000133696
3.2 -0.000140165
3.21 -0.000144405
3.22 -0.000146631
3.23 -0.000147507
3.24 -0.000147439
3.25 -0.00014648
3.26 -0.000144403
3.27 -0.000140545
3.28 -0.000134033
3.29 -0.000124506
3.3 -0.000112381
3.31 -9.8354e-005
3.32 -8.28175e-005
3.33 -6.60106e-005
3.34 -4.86908e-005
3.35 -3.19456e-005
3.36 -1.62108e-005
3.37 -1.02102e-006
3.38 1.44714e-005
3.39 3.09523e-005
3.4 4.83724e-005
3.41 6.56938e-005
3.42 8.1568e-005
3.43 9.53124e-005
3.44 0.000107048
3.45 0.000117121
3.46 0.000125594
3.47 0.000132199
3.48 0.000136607
3.49 0.000138672
3.5 0.000138227
3.51 0.000134942
3.52 0.000128937
3.53 0.000121136
3.54 0.000112507
3.55 0.000103231
3.56 9.2601e-005
3.57 7.97283e-005
3.58 6.43636e-005
3.59 4.71086e-005
3.6 2.91793e-005
3.61 1.1845e-005
3.62 -4.36308e-006
3.63 -1.99084e-005
3.64 -3.55214e-005
3.65 -5.13406e-005
3.66 -6.68966e-005
3.67 -8.1702e-005
3.68 -9.55154e-005
3.69 -0.000108153
3.7 -0.000119451
3.71 -0.000129342
3.72 -0.00013763
3.73 -0.000143904
3.74 -0.000147862
3.75 -0.000149441
3.76 -0.000148658
3.77 -0.000145491
3.78 -0.00013994
3.79 -0.000132187
3.8 -0.000122537
3.81 -0.000111273
3.82 -9.8743e-005
3.83 -8.52846e-005
3.84 -7.09901e-005
3.85 -5.59041e-005
3.86 -4.02595e-005
3.87 -2.44017e-005
3.88 -8.67423e-006
3.89 6.61863e-006
3.9 2.10936e-005
3.91 3.40731e-005
3.92 4.46436e-005
3.93 5.23305e-005
3.94 5.76325e-005
3.95 6.15228e-005
3.96 6.4735e-005
3.97 6.77129e-005
3.98 7.08604e-005
3.99 7.45527e-005
4 7.86092e-005
4.01 8.19685e-005
4.02 8.3529e-005
4.03 8.29108e-005
4.04 7.99899e-005
4.05 7.45844e-005
4.06 6.70459e-005
4.07 5.8276e-005
4.08 4.87852e-005
4.09 3.84599e-005
4.1 2.72506e-005
4.11 1.53983e-005
4.12 3.34482e-006
4.13 -8.10776e-006
4.14 -1.82428e-005
4.15 -2.71297e-005
4.16 -3.53823e-005
4.17 -4.35808e-005
4.18 -5.19348e-005
4.19 -6.01331e-005
4.2 -6.7648e-005
4.21 -7.40228e-005
4.22 -7.87152e-005
4.23 -8.13292e-005
4.24 -8.19433e-005
4.25 -8.05111e-005
4.26 -7.66252e-005
4.27 -7.02272e-005
4.28 -6.16736e-005
4.29 -5.13838e-005
4.3 -4.02051e-005
4.31 -2.94485e-005
4.32 -1.99658e-005
4.33 -1.16827e-005
4.34 -4.04695e-006
4.35 3.58984e-006
4.36 1.18277e-005
4.37 2.09117e-005
4.38 3.05403e-005
4.39 3.98492e-005
4.4 4.7723e-005
4.41 5.35895e-005
4.42 5.77308e-005
4.43 6.09371e-005
4.44 6.42529e-005
4.45 6.84497e-005
4.46 7.31932e-005
4.47 7.72292e-005
4.48 7.95339e-005
4.49 7.98021e-005
4.5 7.80788e-005
4.51 7.47389e-005
4.52 7.06367e-005
4.53 6.63954e-005
4.54 6.18705e-005
4.55 5.66818e-005
4.56 5.04868e-005
4.57 4.2879e-005
4.58 3.38528e-005
4.59 2.42826e-005
4.6 1.55692e-005
4.61 8.53385e-006
4.62 2.70847e-006
4.63 -2.83637e-006
4.64 -8.09464e-006
4.65 -1.21738e-005
4.66 -1.45738e-005
4.67 -1.57715e-005
4.68 -1.66269e-005
4.69 -1.75852e-005
4.7 -1.82937e-005
4.71 -1.78392e-005
4.72 -1.56642e-005
4.73 -1.21073e-005
4.74 -7.75868e-006
4.75 -2.80799e-006
4.76 2.98886e-006
4.77 1.02793e-005
4.78 1.95354e-005
4.79 3.01503e-005
4.8 4.08049e-005
4.81 5.04747e-005
4.82 5.8549e-005
4.83 6.48892e-005
4.84 7.03692e-005
4.85 7.62995e-005
4.86 8.24614e-005
4.87 8.68376e-005
4.88 8.79553e-005
4.89 8.62973e-005
4.9 8.32831e-005
4.91 7.98073e-005
4.92 7.60712e-005
4.93 7.22266e-005
4.94 6.82174e-005
4.95 6.32032e-005
4.96 5.61997e-005
4.97 4.71918e-005
4.98 3.67601e-005
4.99 2.49241e-005
5 1.14928e-005
5.01 -2.79975e-006
5.02 -1.67421e-005
5.03 -2.97201e-005
5.04 -4.15722e-005
5.05 -5.2304e-005
5.06 -6.25705e-005
5.07 -7.32521e-005
5.08 -8.41346e-005
5.09 -9.40298e-005
5.1 -0.000102042
5.11 -0.000107667
5.12 -0.000110124
5.13 -0.000109
5.14 -0.000105416
5.15 -0.000101249
5.16 -9.73125e-005
5.17 -9.33251e-005
5.18 -8.8941e-005
5.19 -8.36768e-005
5.2 -7.62376e-005
5.21 -6.50256e-005
5.22 -4.96596e-005
5.23 -3.10821e-005
5.24 -1.05066e-005
5.25 1.08474e-005
5.26 3.19336e-005
5.27 5.23967e-005
5.28 7.21713e-005
5.29 9.07245e-005
5.3 0.00010763
5.31 0.000123253
5.32 0.000137983
5.33 0.000151638
5.34 0.000163963
5.35 0.000175263
5.36 0.000186321
5.37 0.000197108
5.38 0.000205938
5.39 0.000210948
5.4 0.000211939
5.41 0.000210019
5.42 0.000206107
5.43 0.000199891
5.44 0.000190011
5.45 0.000175664
5.46 0.000157675
5.47 0.000137747
5.48 0.000117408
5.49 9.77051e-005
5.5 7.86779e-005
5.51 5.91336e-005
5.52 3.80934e-005
5.53 1.57542e-005
5.54 -7.53392e-006
5.55 -3.18209e-005
5.56 -5.71348e-005
5.57 -8.35132e-005
5.58 -0.000111054
5.59 -0.000139628
5.6 -0.00016893
5.61 -0.000198708
5.62 -0.000228311
5.63 -0.000255992
5.64 -0.0002794
5.65 -0.000297124
5.66 -0.000309586
5.67 -0.000318403
5.68 -0.000324729
5.69 -0.000328146
5.7 -0.000327147
5.71 -0.000320519
5.72 -0.00030796
5.73 -0.000289359
5.74 -0.000263895
5.75 -0.000230126
5.76 -0.000187128
5.77 -0.000135394
5.78 -7.67721e-005
5.79 -1.43337e-005
5.8 4.77363e-005
5.81 0.000105474
5.82 0.000157809
5.83 0.000207415
5.84 0.000257511
5.85 0.000308255
5.86 0.000357027
5.87 0.000401067
5.88 0.000438743
5.89 0.000469651
5.9 0.000494402
5.91 0.000513563
5.92 0.000527252
5.93 0.000535661
5.94 0.00053874
5.95 0.000535454
5.96 0.000523825
5.97 0.000502092
5.98 0.00046985
5.99 0.000427523
6 0.00037465
6.01 0.00030934
6.02 0.000229886
6.03 0.000136007
6.04 2.88318e-005
6.05 -8.89566e-005
6.06 -0.000213356
6.07 -0.000339671
6.08 -0.000462937
6.09 -0.00057894
6.1 -0.000684922
6.11 -0.000778538
6.12 -0.000857004
6.13 -0.000917631
6.14 -0.000957689
6.15 -0.000973934
6.16 -0.000963749
6.17 -0.000926423
6.18 -0.000863089
6.19 -0.000776739
6.2 -0.000672154
6.21 -0.000553945
6.22 -0.000424158
6.23 -0.000282386
6.24 -0.000128545
6.25 3.42412e-005
6.26 0.000198719
6.27 0.000354973
6.28 0.000494192
6.29 0.000612757
6.3 0.000713248
6.31 0.000800044
6.32 0.000873582
6.33 0.000929397
6.34 0.000960842
6.35 0.000962677
6.36 0.00093417
6.37 0.000881122
6.38 0.000814365
6.39 0.000742796
6.4 0.000667793
6.41 0.000586588
6.42 0.000498337
6.43 0.0004045
6.44 0.000307223
6.45 0.000209691
6.46 0.000115961
6.47 2.84766e-005
6.48 -5.37647e-005
6.49 -0.000133652
6.5 -0.000213125
6.51 -0.000292354
6.52 -0.000371116
6.53 -0.000450671
6.54 -0.000533459
6.55 -0.000619789
6.56 -0.000705836
6.57 -0.000785246
6.58 -0.000851516
6.59 -0.00089998
6.6 -0.000929323
6.61 -0.000940977
6.62 -0.00093707
6.63 -0.000919328
6.64 -0.00088878
6.65 -0.00084583
6.66 -0.000791154
6.67 -0.000726012
6.68 -0.000651141
6.69 -0.000565818
6.7 -0.00046854
6.71 -0.000358922
6.72 -0.000238863
6.73 -0.000111159
6.74 2.27112e-005
6.75 0.000162208
6.76 0.000306559
6.77 0.000454941
6.78 0.000606038
6.79 0.000756778
6.8 0.000901947
6.81 0.00103569
6.82 0.00115343
6.83 0.00125155
6.84 0.00132592
6.85 0.00137242
6.86 0.00138946
6.87 0.00137847
6.88 0.00134132
6.89 0.00127822
6.9 0.00118862
6.91 0.00107393
6.92 0.000938645
6.93 0.000787334
6.94 0.000621473
6.95 0.000440449
6.96 0.000245261
6.97 4.03326e-005
6.98 -0.000168087
6.99 -0.000374299
7 -0.000573104
7.01 -0.000757469
7.02 -0.000918901
7.03 -0.00105164
7.04 -0.00115586
7.05 -0.00123753
7.06 -0.00130371
7.07 -0.00135708
7.08 -0.00139591
7.09 -0.00141795
7.1 -0.00142291
7.11 -0.001412
7.12 -0.00138623
7.13 -0.00134637
7.14 -0.00129372
7.15 -0.00122967
7.16 -0.00115472
7.17 -0.00106839
7.18 -0.000969637
7.19 -0.000856965
7.2 -0.000729163
7.21 -0.00058565
7.22 -0.000425501
7.23 -0.000247493
7.24 -5.20393e-005
7.25 0.000157494
7.26 0.000375437
7.27 0.000595788
7.28 0.000813253
7.29 0.00102273
7.3 0.00121954
7.31 0.00140095
7.32 0.00156569
7.33 0.00170964
7.34 0.0018233
7.35 0.00189581
7.36 0.00192163
7.37 0.00190302
7.38 0.00184599
7.39 0.00175468
7.4 0.00163103
7.41 0.00147824
7.42 0.00130232
7.43 0.00110988
7.44 0.000903636
7.45 0.000681769
7.46 0.000442372
7.47 0.000188008
7.48 -7.32769e-005
7.49 -0.000330763
7.5 -0.000575183
7.51 -0.000800419
7.52 -0.00100161
7.53 -0.00117399
7.54 -0.00131406
7.55 -0.00142121
7.56 -0.00149924
7.57 -0.00155498
7.58 -0.00159246
7.59 -0.00160867
7.6 -0.00159729
7.61 -0.00155577
7.62 -0.0014882
7.63 -0.00140208
7.64 -0.00130283
7.65 -0.00119151
7.66 -0.00106566
7.67 -0.00092173
7.68 -0.000759472
7.69 -0.00058377
7.7 -0.000400919
7.71 -0.000214116
7.72 -2.39245e-005
7.73 0.000167993
7.74 0.000357892
7.75 0.000542558
7.76 0.000720948
7.77 0.000892564
7.78 0.00105475
7.79 0.00120175
7.8 0.00132695
7.81 0.00142613
7.82 0.00149984
7.83 0.0015538
7.84 0.00159543
7.85 0.00162923
7.86 0.00165578
7.87 0.00167372
7.88 0.00168021
7.89 0.00167049
7.9 0.00163832
7.91 0.00157732
7.92 0.00148359
7.93 0.00135764
7.94 0.00120397
7.95 0.00102791
7.96 0.000832961
7.97 0.000621141
7.98 0.00039453
7.99 0.000156982
8 -8.50448e-005
8.01 -0.000324884
8.02 -0.000559308
8.03 -0.000788388
8.04 -0.00101108
8.05 -0.0012224
8.06 -0.00141643
8.07 -0.00159082
8.08 -0.00174653
8.09 -0.00188313
8.1 -0.00199633
8.11 -0.00208017
8.12 -0.00212952
8.13 -0.00214057
8.14 -0.00211118
8.15 -0.00204141
8.16 -0.0019336
8.17 -0.00179175
8.18 -0.00162056
8.19 -0.00142468
8.2 -0.00120915
8.21 -0.000979873
8.22 -0.000743127
8.23 -0.000505222
8.24 -0.00027211
8.25 -4.83594e-005
8.26 0.000163323
8.27 0.000360955
8.28 0.000542359
8.29 0.000705904
8.3 0.000850617
8.31 0.000974769
8.32 0.00107564
8.33 0.00115134
8.34 0.00120194
8.35 0.00122842
8.36 0.00123148
8.37 0.00121112
8.38 0.00116722
8.39 0.00110093
8.4 0.00101468
8.41 0.000910445
8.42 0.000788999
8.43 0.000650897
8.44 0.000497143
8.45 0.000329049
8.46 0.000148319
8.47 -4.23249e-005
8.48 -0.000239215
8.49 -0.000439242
8.5 -0.000640743
8.51 -0.000841801
8.52 -0.00103776
8.53 -0.00122152
8.54 -0.00138639
8.55 -0.00152832
8.56 -0.00164659
8.57 -0.00174275
8.58 -0.00181819
8.59 -0.00187272
8.6 -0.00190621
8.61 -0.00192101
8.62 -0.00192126
8.63 -0.00191036
8.64 -0.0018903
8.65 -0.00186246
8.66 -0.00182751
8.67 -0.00178447
8.68 -0.0017305
8.69 -0.00166213
8.7 -0.00157752
8.71 -0.00147676
8.72 -0.00135978
8.73 -0.00122441
8.74 -0.0010683
8.75 -0.000892227
8.76 -0.00070069
8.77 -0.000499492
8.78 -0.000291878
8.79 -7.70809e-005
8.8 0.000147629
8.81 0.000384637
8.82 0.00063435
8.83 0.000893481
8.84 0.00115373
8.85 0.0014025
8.86 0.00162621
8.87 0.00181426
8.88 0.00196183
8.89 0.00206984
8.9 0.00214144
8.91 0.00217906
8.92 0.00218472
8.93 0.00216185
8.94 0.00211541
8.95 0.00205049
8.96 0.00197129
8.97 0.00188119
8.98 0.00178199
8.99 0.00167291
9 0.0015512
9.01 0.00141373
9.02 0.00125858
9.03 0.00108619
9.04 0.00089866
9.05 0.000698369
9.06 0.000487855
9.07 0.000270288
9.08 4.93796e-005
9.09 -0.000170689
9.1 -0.000386027
9.11 -0.000594659
9.12 -0.000796853
9.13 -0.000993651
9.14 -0.00118512
9.15 -0.00136872
9.16 -0.00153927
9.17 -0.00169201
9.18 -0.00182542
9.19 -0.00194044
9.2 -0.0020376
9.21 -0.00211507
9.22 -0.00216924
9.23 -0.00219681
9.24 -0.00219647
9.25 -0.0021694
9.26 -0.0021181
9.27 -0.00204385
9.28 -0.00194434
9.29 -0.00181473
9.3 -0.00165157
9.31 -0.00145512
9.32 -0.00122795
9.33 -0.000973058
9.34 -0.000694582
9.35 -0.000398666
9.36 -9.22926e-005
9.37 0.000217926
9.38 0.000525592
9.39 0.000824426
9.4 0.00110946
9.41 0.00137878
9.42 0.00163297
9.43 0.0018722
9.44 0.00209476
9.45 0.00229736
9.46 0.00247634
9.47 0.00262932
9.48 0.00275556
9.49 0.00285469
9.5 0.00292472
9.51 0.00296026
9.52 0.00295432
9.53 0.00290374
9.54 0.00281178
9.55 0.00268555
9.56 0.00253244
9.57 0.00235802
9.58 0.00216672
9.59 0.00196376
9.6 0.00175452
9.61 0.00154145
9.62 0.00132233
9.63 0.00109256
9.64 0.000849949
9.65 0.000597101
9.66 0.000339589
9.67 8.21848e-005
9.68 -0.000173537
9.69 -0.00042749
9.7 -0.000677124
9.71 -0.000917094
9.72 -0.00114269
9.73 -0.00135124
9.74 -0.00153978
9.75 -0.00170371
9.76 -0.00183957
9.77 -0.00194843
9.78 -0.00203498
9.79 -0.00210329
9.8 -0.00215389
9.81 -0.00218375
9.82 -0.00218714
9.83 -0.00215755
9.84 -0.00209057
9.85 -0.00198493
9.86 -0.00184104
9.87 -0.00165983
9.88 -0.00144299
9.89 -0.00119414
9.9 -0.000919136
9.91 -0.000624294
9.92 -0.000314042
9.93 9.05488e-006
9.94 0.000342506
9.95 0.000682708
9.96 0.00102527
9.97 0.0013657
9.98 0.00169908
9.99 0.00201889
10 0.00231569
