0.1 -1.45854e-007
0.2 -2.92246e-007
0.3 -4.39176e-007
0.4 -5.86646e-007
0.5 -7.3466e-007
0.6 -8.83219e-007
0.7 -1.03232e-006
0.8 -1.18198e-006
0.9 -1.33219e-006
1 -1.48295e-006
0.01 -1.70016e-006
0.02 -2.50968e-006
0.03 -3.52661e-006
0.04 -3.74738e-006
0.05 -3.05621e-006
0.06 -2.27025e-006
0.07 -1.79348e-006
0.08 -1.16489e-006
0.09 7.65773e-009
0.1 1.27529e-006
0.11 1.89085e-006
0.12 1.70465e-006
0.13 1.16062e-006
0.14 6.56807e-007
0.15 2.40227e-007
0.16 -1.58911e-007
0.17 -4.57743e-007
0.18 -4.42133e-007
0.19 4.1808e-008
0.2 9.58252e-007
0.21 2.11452e-006
0.22 3.30324e-006
0.23 4.40877e-006
0.24 5.38561e-006
0.25 6.17361e-006
0.26 6.68482e-006
0.27 6.88571e-006
0.28 6.85699e-006
0.29 6.74846e-006
0.3 6.69044e-006
0.31 6.75904e-006
0.32 6.99354e-006
0.33 7.41022e-006
0.34 7.99742e-006
0.35 8.70228e-006
0.36 9.43182e-006
0.37 1.00836e-005
0.38 1.0586e-005
0.39 1.09143e-005
0.4 1.10793e-005
0.41 1.11141e-005
0.42 1.10672e-005
0.43 1.09959e-005
0.44 1.09564e-005
0.45 1.09807e-005
0.46 1.10635e-005
0.47 1.11695e-005
0.48 1.12429e-005
0.49 1.12219e-005
0.5 1.10643e-005
0.51 1.07588e-005
0.52 1.03169e-005
0.53 9.77756e-006
0.54 9.21598e-006
0.55 8.7239e-006
0.56 8.36722e-006
0.57 8.15604e-006
0.58 8.05851e-006
0.59 8.03981e-006
0.6 8.07376e-006
0.61 8.1151e-006
0.62 8.08873e-006
0.63 7.94122e-006
0.64 7.66863e-006
0.65 7.26293e-006
0.66 6.70104e-006
0.67 6.0023e-006
0.68 5.23833e-006
0.69 4.4908e-006
0.7 3.82862e-006
0.71 3.30487e-006
0.72 2.9365e-006
0.73 2.69464e-006
0.74 2.52362e-006
0.75 2.36459e-006
0.76 2.17433e-006
0.77 1.93927e-006
0.78 1.68248e-006
0.79 1.43805e-006
0.8 1.21713e-006
0.81 1.01983e-006
0.82 8.58313e-007
0.83 7.51436e-007
0.84 7.16753e-007
0.85 7.85007e-007
0.86 9.95782e-007
0.87 1.3302e-006
0.88 1.70713e-006
0.89 2.09082e-006
0.9 2.53284e-006
0.91 3.09157e-006
0.92 3.73789e-006
0.93 4.38164e-006
0.94 4.98672e-006
0.95 5.59743e-006
0.96 6.27321e-006
0.97 7.01454e-006
0.98 7.73811e-006
0.99 8.3705e-006
1 8.91677e-006
1.01 9.37777e-006
1.02 9.7172e-006
1.03 9.9552e-006
1.04 1.01809e-005
1.05 1.04396e-005
1.06 1.06879e-005
1.07 1.08853e-005
1.08 1.10886e-005
1.09 1.1383e-005
1.1 1.17372e-005
1.11 1.20538e-005
1.12 1.23437e-005
1.13 1.27164e-005
1.14 1.32065e-005
1.15 1.37884e-005
1.16 1.44855e-005
1.17 1.5286e-005
1.18 1.61087e-005
1.19 1.68665e-005
1.2 1.74829e-005
1.21 1.79116e-005
1.22 1.81365e-005
1.23 1.81577e-005
1.24 1.80108e-005
1.25 1.77953e-005
1.26 1.76303e-005
1.27 1.75723e-005
1.28 1.76157e-005
1.29 1.77021e-005
1.3 1.77493e-005
1.31 1.77574e-005
1.32 1.77943e-005
1.33 1.7877e-005
1.34 1.80388e-005
1.35 1.84168e-005
1.36 1.90693e-005
1.37 1.98436e-005
1.38 2.04882e-005
1.39 2.08331e-005
1.4 2.08533e-005
1.41 2.05506e-005
1.42 1.99325e-005
1.43 1.91142e-005
1.44 1.82077e-005
1.45 1.7156e-005
1.46 1.57966e-005
1.47 1.40236e-005
1.48 1.18036e-005
1.49 9.04674e-006
1.5 5.67321e-006
1.51 1.92443e-006
1.52 -1.61044e-006
1.53 -4.47943e-006
1.54 -6.69491e-006
1.55 -8.47819e-006
1.56 -9.96069e-006
1.57 -1.11896e-005
1.58 -1.22162e-005
1.59 -1.31244e-005
1.6 -1.4061e-005
1.61 -1.51674e-005
1.62 -1.63747e-005
1.63 -1.72935e-005
1.64 -1.7365e-005
1.65 -1.62766e-005
1.66 -1.42262e-005
1.67 -1.1724e-005
1.68 -9.21154e-006
1.69 -6.89592e-006
1.7 -4.82155e-006
1.71 -2.88262e-006
1.72 -8.00116e-007
1.73 1.68463e-006
1.74 4.6042e-006
1.75 7.84321e-006
1.76 1.1274e-005
1.77 1.4688e-005
1.78 1.77161e-005
1.79 2.00862e-005
1.8 2.19118e-005
1.81 2.35291e-005
1.82 2.51915e-005
1.83 2.69796e-005
1.84 2.88696e-005
1.85 3.07545e-005
1.86 3.23974e-005
1.87 3.36816e-005
1.88 3.5018e-005
1.89 3.70496e-005
1.9 3.97705e-005
1.91 4.24353e-005
1.92 4.43241e-005
1.93 4.50971e-005
1.94 4.4597e-005
1.95 4.27563e-005
1.96 3.9764e-005
1.97 3.61089e-005
1.98 3.22256e-005
1.99 2.81859e-005
2 2.37808e-005
2.01 1.87836e-005
2.02 1.31617e-005
2.03 7.02151e-006
2.04 4.76549e-007
2.05 -6.15633e-006
2.06 -1.23231e-005
2.07 -1.77458e-005
2.08 -2.26679e-005
2.09 -2.74684e-005
2.1 -3.22441e-005
2.11 -3.68337e-005
2.12 -4.11929e-005
2.13 -4.55268e-005
2.14 -5.0049e-005
2.15 -5.47417e-005
2.16 -5.92808e-005
2.17 -6.33059e-005
2.18 -6.68709e-005
2.19 -7.02978e-005
2.2 -7.35286e-005
2.21 -7.61019e-005
2.22 -7.76863e-005
2.23 -7.82787e-005
2.24 -7.79702e-005
2.25 -7.67646e-005
2.26 -7.47094e-005
2.27 -7.18822e-005
2.28 -6.81538e-005
2.29 -6.33352e-005
2.3 -5.74955e-005
2.31 -5.08597e-005
2.32 -4.35978e-005
2.33 -3.5878e-005
2.34 -2.79488e-005
2.35 -2.008e-005
2.36 -1.24564e-005
2.37 -5.22496e-006
2.38 1.52965e-006
2.39 8.04777e-006
2.4 1.47508e-005
2.41 2.1829e-005
2.42 2.92924e-005
2.43 3.70205e-005
2.44 4.45651e-005
2.45 5.13956e-005
2.46 5.74056e-005
2.47 6.2874e-005
2.48 6.80179e-005
2.49 7.27598e-005
2.5 7.6768e-005
2.51 7.96655e-005
2.52 8.12166e-005
2.53 8.133e-005
2.54 8.00909e-005
2.55 7.77791e-005
2.56 7.47185e-005
2.57 7.11371e-005
2.58 6.71279e-005
2.59 6.26566e-005
2.6 5.76464e-005
2.61 5.21361e-005
2.62 4.63441e-005
2.63 4.05763e-005
2.64 3.49323e-005
2.65 2.90611e-005
2.66 2.24862e-005
2.67 1.51039e-005
2.68 7.20698e-006
2.69 -8.59508e-007
2.7 -9.06584e-006
2.71 -1.76358e-005
2.72 -2.65943e-005
2.73 -3.55293e-005
2.74 -4.39356e-005
2.75 -5.16841e-005
2.76 -5.88883e-005
2.77 -6.55636e-005
2.78 -7.16216e-005
2.79 -7.68484e-005
2.8 -8.08361e-005
2.81 -8.33555e-005
2.82 -8.46572e-005
2.83 -8.51876e-005
2.84 -8.52619e-005
2.85 -8.4944e-005
2.86 -8.41887e-005
2.87 -8.30312e-005
2.88 -8.1444e-005
2.89 -7.92469e-005
2.9 -7.6343e-005
2.91 -7.28131e-005
2.92 -6.87456e-005
2.93 -6.41845e-005
2.94 -5.91503e-005
2.95 -5.35954e-005
2.96 -4.74532e-005
2.97 -4.08019e-005
2.98 -3.38905e-005
2.99 -2.68979e-005
3 -1.97038e-005
3.01 -1.20072e-005
3.02 -3.64989e-006
3.03 5.25256e-006
3.04 1.43164e-005
3.05 2.29625e-005
3.06 3.06952e-005
3.07 3.74457e-005
3.08 4.35633e-005
3.09 4.93237e-005
3.1 5.4601e-005
3.11 5.92201e-005
3.12 6.34631e-005
3.13 6.79675e-005
3.14 7.30267e-005
3.15 7.82003e-005
3.16 8.2718e-005
3.17 8.59274e-005
3.18 8.75313e-005
3.19 8.78615e-005
3.2 8.76688e-005
3.21 8.73489e-005
3.22 8.65586e-005
3.23 8.4626e-005
3.24 8.10826e-005
3.25 7.57811e-005
3.26 6.88732e-005
3.27 6.09123e-005
3.28 5.26748e-005
3.29 4.46467e-005
3.3 3.68278e-005
3.31 2.90587e-005
3.32 2.14094e-005
3.33 1.40685e-005
3.34 6.87746e-006
3.35 -5.66947e-007
3.36 -8.28685e-006
3.37 -1.57898e-005
3.38 -2.24388e-005
3.39 -2.78128e-005
3.4 -3.20476e-005
3.41 -3.59323e-005
3.42 -4.03787e-005
3.43 -4.57201e-005
3.44 -5.16232e-005
3.45 -5.75257e-005
3.46 -6.30442e-005
3.47 -6.80733e-005
3.48 -7.26339e-005
3.49 -7.67199e-005
3.5 -8.04111e-005
3.51 -8.39382e-005
3.52 -8.7246e-005
3.53 -8.97519e-005
3.54 -9.08624e-005
3.55 -9.05454e-005
3.56 -8.93936e-005
3.57 -8.81479e-005
3.58 -8.71352e-005
3.59 -8.61315e-005
3.6 -8.45315e-005
3.61 -8.17346e-005
3.62 -7.76657e-005
3.63 -7.29149e-005
3.64 -6.82074e-005
3.65 -6.3796e-005
3.66 -5.94473e-005
3.67 -5.48589e-005
3.68 -4.98741e-005
3.69 -4.43934e-005
3.7 -3.83748e-005
3.71 -3.1896e-005
3.72 -2.49978e-005
3.73 -1.76092e-005
3.74 -9.74549e-006
3.75 -1.56616e-006
3.76 6.7507e-006
3.77 1.5104e-005
3.78 2.34373e-005
3.79 3.16276e-005
3.8 3.95219e-005
3.81 4.70214e-005
3.82 5.40103e-005
3.83 6.03934e-005
3.84 6.62357e-005
3.85 7.16205e-005
3.86 7.64872e-005
3.87 8.06866e-005
3.88 8.40697e-005
3.89 8.6524e-005
3.9 8.79039e-005
3.91 8.78891e-005
3.92 8.60195e-005
3.93 8.2131e-005
3.94 7.66844e-005
3.95 7.0402e-005
3.96 6.37754e-005
3.97 5.70451e-005
3.98 5.04064e-005
3.99 4.40677e-005
4 3.79471e-005
4.01 3.14875e-005
4.02 2.4219e-005
4.03 1.62276e-005
4.04 7.76904e-006
4.05 -1.02304e-006
4.06 -9.80886e-006
4.07 -1.80636e-005
4.08 -2.56901e-005
4.09 -3.31118e-005
4.1 -4.07255e-005
4.11 -4.86668e-005
4.12 -5.68183e-005
4.13 -6.46912e-005
4.14 -7.17465e-005
4.15 -7.78997e-005
4.16 -8.3397e-005
4.17 -8.8459e-005
4.18 -9.3083e-005
4.19 -9.69688e-005
4.2 -9.9744e-005
4.21 -0.000101166
4.22 -0.000101009
4.23 -9.91986e-005
4.24 -9.59855e-005
4.25 -9.15086e-005
4.26 -8.56039e-005
4.27 -7.82658e-005
4.28 -6.9694e-005
4.29 -6.00755e-005
4.3 -4.98539e-005
4.31 -3.97808e-005
4.32 -3.03265e-005
4.33 -2.13945e-005
4.34 -1.26419e-005
4.35 -3.73454e-006
4.36 5.57896e-006
4.37 1.53084e-005
4.38 2.51497e-005
4.39 3.45212e-005
4.4 4.27923e-005
4.41 4.97914e-005
4.42 5.595e-005
4.43 6.19881e-005
4.44 6.86721e-005
4.45 7.64345e-005
4.46 8.4846e-005
4.47 9.28183e-005
4.48 9.94613e-005
4.49 0.000104469
4.5 0.000107879
4.51 0.000110024
4.52 0.000111558
4.53 0.000112926
4.54 0.000113978
4.55 0.000114334
4.56 0.000113616
4.57 0.000111428
4.58 0.000107696
4.59 0.000102995
4.6 9.82814e-005
4.61 9.41193e-005
4.62 9.01956e-005
4.63 8.58817e-005
4.64 8.11844e-005
4.65 7.67201e-005
4.66 7.28552e-005
4.67 6.9309e-005
4.68 6.55465e-005
4.69 6.13052e-005
4.7 5.68353e-005
4.71 5.2724e-005
4.72 4.92785e-005
4.73 4.61864e-005
4.74 4.29881e-005
4.75 3.95531e-005
4.76 3.61238e-005
4.77 3.32866e-005
4.78 3.15575e-005
4.79 3.07484e-005
4.8 3.01926e-005
4.81 2.94045e-005
4.82 2.8147e-005
4.83 2.64533e-005
4.84 2.49681e-005
4.85 2.45488e-005
4.86 2.49634e-005
4.87 2.47558e-005
4.88 2.28643e-005
4.89 1.95887e-005
4.9 1.58924e-005
4.91 1.23903e-005
4.92 9.2104e-006
4.93 6.42095e-006
4.94 3.94299e-006
4.95 1.1983e-006
4.96 -2.43471e-006
4.97 -6.87475e-006
4.98 -1.16178e-005
4.99 -1.65586e-005
5 -2.18002e-005
5.01 -2.6926e-005
5.02 -3.13079e-005
5.03 -3.48018e-005
5.04 -3.7601e-005
5.05 -3.99807e-005
5.06 -4.2564e-005
5.07 -4.60077e-005
5.08 -5.01332e-005
5.09 -5.40599e-005
5.1 -5.71162e-005
5.11 -5.89525e-005
5.12 -5.91029e-005
5.13 -5.73928e-005
5.14 -5.46556e-005
5.15 -5.21545e-005
5.16 -5.0332e-005
5.17 -4.88146e-005
5.18 -4.71673e-005
5.19 -4.49226e-005
5.2 -4.11902e-005
5.21 -3.50136e-005
5.22 -2.63434e-005
5.23 -1.60175e-005
5.24 -4.95188e-006
5.25 6.10999e-006
5.26 1.67272e-005
5.27 2.70493e-005
5.28 3.7446e-005
5.29 4.78965e-005
5.3 5.8302e-005
5.31 6.89225e-005
5.32 7.98888e-005
5.33 9.08736e-005
5.34 0.000101505
5.35 0.000111857
5.36 0.000122418
5.37 0.000133228
5.38 0.000143292
5.39 0.000151544
5.4 0.000158036
5.41 0.000163637
5.42 0.000168985
5.43 0.000173773
5.44 0.000176893
5.45 0.000177556
5.46 0.000176046
5.47 0.000173225
5.48 0.000169835
5.49 0.000166305
5.5 0.000162425
5.51 0.000157246
5.52 0.000150079
5.53 0.00014113
5.54 0.000130767
5.55 0.000119078
5.56 0.000106078
5.57 9.16445e-005
5.58 7.54747e-005
5.59 5.73124e-005
5.6 3.69701e-005
5.61 1.42519e-005
5.62 -1.06896e-005
5.63 -3.68591e-005
5.64 -6.27483e-005
5.65 -8.73872e-005
5.66 -0.000110947
5.67 -0.000134305
5.68 -0.000157931
5.69 -0.000181169
5.7 -0.000202623
5.71 -0.000221139
5.72 -0.000236259
5.73 -0.000247739
5.74 -0.000254911
5.75 -0.000256707
5.76 -0.000252374
5.77 -0.00024202
5.78 -0.00022654
5.79 -0.000207496
5.8 -0.000187063
5.81 -0.00016719
5.82 -0.00014793
5.83 -0.000127023
5.84 -0.000102155
5.85 -7.33776e-005
5.86 -4.27937e-005
5.87 -1.25925e-005
5.88 1.59849e-005
5.89 4.28037e-005
5.9 6.86542e-005
5.91 9.44241e-005
5.92 0.000120664
5.93 0.000147804
5.94 0.000175865
5.95 0.000203963
5.96 0.000230405
5.97 0.000253549
5.98 0.000272613
5.99 0.000287341
6 0.000296823
6.01 0.000299112
6.02 0.000292297
6.03 0.000275338
6.04 0.000248058
6.05 0.000211259
6.06 0.000166571
6.07 0.000116079
6.08 6.20986e-005
6.09 6.58276e-006
6.1 -4.92417e-005
6.11 -0.00010409
6.12 -0.000156015
6.13 -0.000202796
6.14 -0.000241956
6.15 -0.000270582
6.16 -0.000286236
6.17 -0.000287897
6.18 -0.000275945
6.19 -0.00025212
6.2 -0.000219389
6.21 -0.000180554
6.22 -0.000136629
6.23 -8.69501e-005
6.24 -3.10745e-005
6.25 2.92933e-005
6.26 8.97813e-005
6.27 0.000144475
6.28 0.000188536
6.29 0.000220884
6.3 0.000244663
6.31 0.000264017
6.32 0.000280062
6.33 0.000290235
6.34 0.000290281
6.35 0.00027686
6.36 0.000249754
6.37 0.00021315
6.38 0.000174429
6.39 0.000139291
6.4 0.000107969
6.41 7.76287e-005
6.42 4.66818e-005
6.43 1.52688e-005
6.44 -1.57219e-005
6.45 -4.44533e-005
6.46 -6.8404e-005
6.47 -8.61932e-005
6.48 -9.89186e-005
6.49 -0.000109117
6.5 -0.000118817
6.51 -0.000128913
6.52 -0.000140052
6.53 -0.000153864
6.54 -0.000172748
6.55 -0.000197679
6.56 -0.000226916
6.57 -0.000257118
6.58 -0.000284924
6.59 -0.00030817
6.6 -0.000326688
6.61 -0.000341662
6.62 -0.000354095
6.63 -0.000364061
6.64 -0.000370695
6.65 -0.000372556
6.66 -0.000368574
6.67 -0.000358533
6.68 -0.000342462
6.69 -0.00031997
6.7 -0.000290535
6.71 -0.000254514
6.72 -0.000213638
6.73 -0.000169842
6.74 -0.000123669
6.75 -7.45411e-005
6.76 -2.16724e-005
6.77 3.58745e-005
6.78 9.87392e-005
6.79 0.000166313
6.8 0.000236458
6.81 0.000306514
6.82 0.00037454
6.83 0.000439045
6.84 0.000497884
6.85 0.000548506
6.86 0.000589566
6.87 0.000621218
6.88 0.000643425
6.89 0.000654738
6.9 0.000653043
6.91 0.00063767
6.92 0.000610238
6.93 0.000572694
6.94 0.000525206
6.95 0.000466796
6.96 0.000397753
6.97 0.000320746
6.98 0.000239611
6.99 0.000157637
7 7.7533e-005
7.01 2.98368e-006
7.02 -6.15675e-005
7.03 -0.000113617
7.04 -0.000154575
7.05 -0.00018941
7.06 -0.00022341
7.07 -0.000258466
7.08 -0.000293278
7.09 -0.000326213
7.1 -0.00035719
7.11 -0.000387424
7.12 -0.000418172
7.13 -0.000450474
7.14 -0.000485392
7.15 -0.000523472
7.16 -0.00056401
7.17 -0.000605038
7.18 -0.000643738
7.19 -0.000676804
7.2 -0.00070112
7.21 -0.000714174
7.22 -0.000713478
7.23 -0.000696612
7.24 -0.000662466
7.25 -0.000612039
7.26 -0.000547911
7.27 -0.000472872
7.28 -0.000389244
7.29 -0.000299293
7.3 -0.000205198
7.31 -0.000108096
7.32 -8.5201e-006
7.33 9.07432e-005
7.34 0.00018315
7.35 0.000261272
7.36 0.000321354
7.37 0.000364869
7.38 0.000395615
7.39 0.000415758
7.4 0.000425564
7.41 0.000425791
7.42 0.000418944
7.43 0.000407957
7.44 0.000393328
7.45 0.000372758
7.46 0.000344072
7.47 0.000308071
7.48 0.000268901
7.49 0.000231876
7.5 0.000200597
7.51 0.000175965
7.52 0.00015783
7.53 0.000146267
7.54 0.000141243
7.55 0.000141821
7.56 0.000145209
7.57 0.00014747
7.58 0.000147093
7.59 0.000147298
7.6 0.000153116
7.61 0.000166411
7.62 0.000184041
7.63 0.000200381
7.64 0.000211435
7.65 0.000216648
7.66 0.000218423
7.67 0.000220331
7.68 0.000223993
7.69 0.000227707
7.7 0.000228918
7.71 0.000227268
7.72 0.000224307
7.73 0.000220984
7.74 0.000216926
7.75 0.000212101
7.76 0.000207788
7.77 0.000205393
7.78 0.000204597
7.79 0.000202764
7.8 0.000196492
7.81 0.000183919
7.82 0.000166275
7.83 0.00014804
7.84 0.000134539
7.85 0.000128723
7.86 0.000130604
7.87 0.000138777
7.88 0.000151033
7.89 0.000164263
7.9 0.000174827
7.91 0.000179359
7.92 0.000176166
7.93 0.000166117
7.94 0.00015186
7.95 0.000135465
7.96 0.000116624
7.97 9.32062e-005
7.98 6.28121e-005
7.99 2.44707e-005
8 -2.04016e-005
8.01 -6.94136e-005
8.02 -0.000121639
8.03 -0.000177665
8.04 -0.000236893
8.05 -0.000295974
8.06 -0.000351065
8.07 -0.000401055
8.08 -0.000447339
8.09 -0.000490604
8.1 -0.000529065
8.11 -0.000559892
8.12 -0.000580809
8.13 -0.000590333
8.14 -0.000587835
8.15 -0.000573738
8.16 -0.000549365
8.17 -0.000516464
8.18 -0.00047661
8.19 -0.000430862
8.2 -0.000380335
8.21 -0.000326752
8.22 -0.000272318
8.23 -0.000219596
8.24 -0.000171224
8.25 -0.000129132
8.26 -9.40926e-005
8.27 -6.63758e-005
8.28 -4.63024e-005
8.29 -3.37513e-005
8.3 -2.81161e-005
8.31 -2.93024e-005
8.32 -3.79403e-005
8.33 -5.41888e-005
8.34 -7.70481e-005
8.35 -0.000105064
8.36 -0.000137158
8.37 -0.000172926
8.38 -0.000212205
8.39 -0.000254132
8.4 -0.000297164
8.41 -0.000340314
8.42 -0.000383667
8.43 -0.000427726
8.44 -0.00047294
8.45 -0.000519761
8.46 -0.000568542
8.47 -0.000619076
8.48 -0.000670591
8.49 -0.000722704
8.5 -0.000775938
8.51 -0.000830504
8.52 -0.0008846
8.53 -0.000934611
8.54 -0.000977036
8.55 -0.00101001
8.56 -0.00103371
8.57 -0.00104958
8.58 -0.0010587
8.59 -0.00106087
8.6 -0.00105581
8.61 -0.00104499
8.62 -0.00103122
8.63 -0.00101706
8.64 -0.00100437
8.65 -0.000994762
8.66 -0.000989466
8.67 -0.000988573
8.68 -0.000990743
8.69 -0.000993949
8.7 -0.00099679
8.71 -0.000998654
8.72 -0.000998158
8.73 -0.000991953
8.74 -0.000976092
8.75 -0.000948413
8.76 -0.000909162
8.77 -0.000859528
8.78 -0.000799269
8.79 -0.000725936
8.8 -0.000636414
8.81 -0.000528551
8.82 -0.00040215
8.83 -0.000259837
8.84 -0.000107546
8.85 4.63257e-005
8.86 0.000193331
8.87 0.000327596
8.88 0.000447375
8.89 0.000554481
8.9 0.000651496
8.91 0.000739552
8.92 0.000818721
8.93 0.000889514
8.94 0.000953461
8.95 0.00101258
8.96 0.00106901
8.97 0.00112503
8.98 0.00118239
8.99 0.00124131
9 0.00130047
9.01 0.00135773
9.02 0.00141094
9.03 0.00145855
9.04 0.00149914
9.05 0.00153066
9.06 0.00155062
9.07 0.00155683
9.08 0.00154772
9.09 0.00152261
9.1 0.00148154
9.11 0.00142428
9.12 0.00135018
9.13 0.001259
9.14 0.00115175
9.15 0.00103147
9.16 0.000902801
9.17 0.000769594
9.18 0.000632944
9.19 0.000491802
9.2 0.000345109
9.21 0.000193434
9.22 3.88003e-005
9.23 -0.000116628
9.24 -0.000271648
9.25 -0.000426361
9.26 -0.00058145
9.27 -0.000736485
9.28 -0.00088842
9.29 -0.00103228
9.3 -0.00116376
9.31 -0.00128066
9.32 -0.00138181
9.33 -0.00146567
9.34 -0.00153087
9.35 -0.00157699
9.36 -0.00160401
9.37 -0.00161197
9.38 -0.00160137
9.39 -0.00157359
9.4 -0.00153024
9.41 -0.00147197
9.42 -0.00139866
9.43 -0.00131102
9.44 -0.00121121
9.45 -0.00110208
9.46 -0.000986105
9.47 -0.000864206
9.48 -0.000735613
9.49 -0.000598995
9.5 -0.000454143
9.51 -0.000303426
9.52 -0.000150839
9.53 1.47336e-006
9.54 0.000154759
9.55 0.00031181
9.56 0.000474554
9.57 0.000642792
9.58 0.000814962
9.59 0.000989871
9.6 0.00116664
9.61 0.00134293
9.62 0.00151399
9.63 0.00167417
9.64 0.00181996
9.65 0.00195131
9.66 0.00206999
9.67 0.00217681
9.68 0.00226992
9.69 0.00234613
9.7 0.00240393
9.71 0.00244395
9.72 0.00246689
9.73 0.0024727
9.74 0.00246216
9.75 0.00243755
9.76 0.00240064
9.77 0.00235026
9.78 0.00228283
9.79 0.00219531
9.8 0.00208715
9.81 0.00196035
9.82 0.00181888
9.83 0.00166739
9.84 0.0015094
9.85 0.00134675
9.86 0.00118081
9.87 0.00101352
9.88 0.000847247
9.89 0.000683961
9.9 0.000524764
9.91 0.000370751
9.92 0.000224111
9.93 8.77269e-005
9.94 -3.62343e-005
9.95 -0.000147148
9.96 -0.000245577
9.97 -0.000332528
9.98 -0.000409359
9.99 -0.000478317
10 -0.000543223
