0.1 1.18758e-019
0.2 6.11016e-020
0.3 -6.29548e-020
0.4 -1.35667e-020
0.5 -4.9955e-019
0.6 -6.84826e-019
0.7 -5.22605e-019
0.8 -4.03266e-020
0.9 -3.23987e-019
1 2.23635e-019
0.01 -7.05659e-008
0.02 -2.77348e-007
0.03 -5.42872e-007
0.04 -7.9928e-007
0.05 -1.05104e-006
0.06 -1.29075e-006
0.07 -1.50012e-006
0.08 -1.65653e-006
0.09 -1.7398e-006
0.1 -1.73736e-006
0.11 -1.64666e-006
0.12 -1.47521e-006
0.13 -1.23922e-006
0.14 -9.60972e-007
0.15 -6.6454e-007
0.16 -3.69673e-007
0.17 -8.80698e-008
0.18 1.75736e-007
0.19 4.22994e-007
0.2 6.58838e-007
0.21 8.91049e-007
0.22 1.13092e-006
0.23 1.38958e-006
0.24 1.67183e-006
0.25 1.97339e-006
0.26 2.28541e-006
0.27 2.6066e-006
0.28 2.94515e-006
0.29 3.30372e-006
0.3 3.67141e-006
0.31 4.03801e-006
0.32 4.40103e-006
0.33 4.75445e-006
0.34 5.08834e-006
0.35 5.39438e-006
0.36 5.66321e-006
0.37 5.88479e-006
0.38 6.05382e-006
0.39 6.1673e-006
0.4 6.21648e-006
0.41 6.19073e-006
0.42 6.08476e-006
0.43 5.9018e-006
0.44 5.65636e-006
0.45 5.36547e-006
0.46 5.04465e-006
0.47 4.71361e-006
0.48 4.38687e-006
0.49 4.06689e-006
0.5 3.76075e-006
0.51 3.48337e-006
0.52 3.23813e-006
0.53 3.02392e-006
0.54 2.8587e-006
0.55 2.77088e-006
0.56 2.76077e-006
0.57 2.77647e-006
0.58 2.74622e-006
0.59 2.63921e-006
0.6 2.47867e-006
0.61 2.28991e-006
0.62 2.06782e-006
0.63 1.83356e-006
0.64 1.65701e-006
0.65 1.56228e-006
0.66 1.50442e-006
0.67 1.45736e-006
0.68 1.4392e-006
0.69 1.46636e-006
0.7 1.5396e-006
0.71 1.65816e-006
0.72 1.80199e-006
0.73 1.92153e-006
0.74 1.96171e-006
0.75 1.88692e-006
0.76 1.69604e-006
0.77 1.43115e-006
0.78 1.17834e-006
0.79 1.02331e-006
0.8 9.97222e-007
0.81 1.09398e-006
0.82 1.30703e-006
0.83 1.62659e-006
0.84 2.0347e-006
0.85 2.53505e-006
0.86 3.15386e-006
0.87 3.84332e-006
0.88 4.47556e-006
0.89 5.00027e-006
0.9 5.50396e-006
0.91 6.08643e-006
0.92 6.71585e-006
0.93 7.26351e-006
0.94 7.67339e-006
0.95 8.00357e-006
0.96 8.335e-006
0.97 8.66749e-006
0.98 8.88616e-006
0.99 8.90153e-006
1 8.75021e-006
1.01 8.46762e-006
1.02 8.03358e-006
1.03 7.50658e-006
1.04 7.03824e-006
1.05 6.70136e-006
1.06 6.41958e-006
1.07 6.10417e-006
1.08 5.79904e-006
1.09 5.58772e-006
1.1 5.38652e-006
1.11 5.02909e-006
1.12 4.53313e-006
1.13 4.09055e-006
1.14 3.8076e-006
1.15 3.71872e-006
1.16 3.936e-006
1.17 4.50769e-006
1.18 5.35046e-006
1.19 6.33427e-006
1.2 7.3057e-006
1.21 8.12559e-006
1.22 8.68608e-006
1.23 8.91077e-006
1.24 8.80291e-006
1.25 8.50097e-006
1.26 8.2157e-006
1.27 8.09779e-006
1.28 8.21947e-006
1.29 8.56366e-006
1.3 9.04516e-006
1.31 9.65779e-006
1.32 1.0455e-005
1.33 1.13853e-005
1.34 1.24135e-005
1.35 1.36708e-005
1.36 1.51989e-005
1.37 1.67541e-005
1.38 1.79686e-005
1.39 1.86091e-005
1.4 1.86642e-005
1.41 1.8167e-005
1.42 1.71655e-005
1.43 1.58777e-005
1.44 1.45242e-005
1.45 1.30716e-005
1.46 1.13115e-005
1.47 9.09027e-006
1.48 6.3282e-006
1.49 2.83339e-006
1.5 -1.58047e-006
1.51 -6.60297e-006
1.52 -1.13578e-005
1.53 -1.51128e-005
1.54 -1.77824e-005
1.55 -1.95853e-005
1.56 -2.06446e-005
1.57 -2.10298e-005
1.58 -2.0895e-005
1.59 -2.05027e-005
1.6 -2.02299e-005
1.61 -2.04203e-005
1.62 -2.10366e-005
1.63 -2.14654e-005
1.64 -2.07388e-005
1.65 -1.81835e-005
1.66 -1.38785e-005
1.67 -8.44078e-006
1.68 -2.5212e-006
1.69 3.42023e-006
1.7 9.03723e-006
1.71 1.41506e-005
1.72 1.88728e-005
1.73 2.33954e-005
1.74 2.77202e-005
1.75 3.17664e-005
1.76 3.55265e-005
1.77 3.88979e-005
1.78 4.15007e-005
1.79 4.30215e-005
1.8 4.36405e-005
1.81 4.38157e-005
1.82 4.38666e-005
1.83 4.38705e-005
1.84 4.37764e-005
1.85 4.34275e-005
1.86 4.24732e-005
1.87 4.07281e-005
1.88 3.87896e-005
1.89 3.76184e-005
1.9 3.72371e-005
1.91 3.65867e-005
1.92 3.46451e-005
1.93 3.09382e-005
1.94 2.52475e-005
1.95 1.74953e-005
1.96 8.03291e-006
1.97 -2.25848e-006
1.98 -1.24809e-005
1.99 -2.22043e-005
2 -3.14056e-005
2.01 -4.01549e-005
2.02 -4.83685e-005
2.03 -5.59246e-005
2.04 -6.28504e-005
2.05 -6.89776e-005
2.06 -7.3812e-005
2.07 -7.72232e-005
2.08 -7.97603e-005
2.09 -8.20581e-005
2.1 -8.42205e-005
2.11 -8.58766e-005
2.12 -8.67698e-005
2.13 -8.69944e-005
2.14 -8.66777e-005
2.15 -8.56572e-005
2.16 -8.33894e-005
2.17 -7.93586e-005
2.18 -7.3756e-005
2.19 -6.7263e-005
2.2 -6.00724e-005
2.21 -5.18251e-005
2.22 -4.23666e-005
2.23 -3.20089e-005
2.24 -2.11601e-005
2.25 -1.00438e-005
2.26 1.10242e-006
2.27 1.20437e-005
2.28 2.28996e-005
2.29 3.39253e-005
2.3 4.50323e-005
2.31 5.59341e-005
2.32 6.64466e-005
2.33 7.63929e-005
2.34 8.54665e-005
2.35 9.33052e-005
2.36 9.96429e-005
2.37 0.000104238
2.38 0.000106918
2.39 0.000107988
2.4 0.000108042
2.41 0.000107359
2.42 0.000105985
2.43 0.000103797
2.44 0.000100191
2.45 9.44414e-005
2.46 8.64627e-005
2.47 7.67857e-005
2.48 6.59262e-005
2.49 5.40573e-005
2.5 4.10594e-005
2.51 2.6795e-005
2.52 1.13378e-005
2.53 -5.065e-006
2.54 -2.19724e-005
2.55 -3.87293e-005
2.56 -5.46843e-005
2.57 -6.93893e-005
2.58 -8.26527e-005
2.59 -9.45288e-005
2.6 -0.000105191
2.61 -0.000114687
2.62 -0.000122819
2.63 -0.000129242
2.64 -0.000133875
2.65 -0.000137245
2.66 -0.00014001
2.67 -0.000142226
2.68 -0.000143329
2.69 -0.000142663
2.7 -0.000140059
2.71 -0.000135784
2.72 -0.000129902
2.73 -0.000121941
2.74 -0.000111406
2.75 -9.8472e-005
2.76 -8.37654e-005
2.77 -6.78307e-005
2.78 -5.10894e-005
2.79 -3.37631e-005
2.8 -1.57222e-005
2.81 2.99427e-006
2.82 2.17416e-005
2.83 3.96834e-005
2.84 5.62554e-005
2.85 7.13248e-005
2.86 8.49631e-005
2.87 9.71524e-005
2.88 0.000107985
2.89 0.000117783
2.9 0.000126724
2.91 0.000134668
2.92 0.000141397
2.93 0.000146676
2.94 0.00015024
2.95 0.000151893
2.96 0.000151489
2.97 0.000148738
2.98 0.000143211
2.99 0.000134727
3 0.000123709
3.01 0.000111001
3.02 9.73614e-005
3.03 8.32156e-005
3.04 6.85963e-005
3.05 5.31814e-005
3.06 3.666e-005
3.07 1.92319e-005
3.08 1.62154e-006
3.09 -1.56105e-005
3.1 -3.25154e-005
3.11 -4.92067e-005
3.12 -6.50939e-005
3.13 -7.90319e-005
3.14 -9.03764e-005
3.15 -9.95955e-005
3.16 -0.000107702
3.17 -0.000115607
3.18 -0.000123747
3.19 -0.000131626
3.2 -0.000138051
3.21 -0.000142245
3.22 -0.000144426
3.23 -0.000145256
3.24 -0.00014514
3.25 -0.000144129
3.26 -0.000141997
3.27 -0.000138079
3.28 -0.000131504
3.29 -0.000121913
3.3 -0.000109726
3.31 -9.5643e-005
3.32 -8.00577e-005
3.33 -6.3212e-005
3.34 -4.58643e-005
3.35 -2.91016e-005
3.36 -1.33583e-005
3.37 1.83335e-006
3.38 1.73235e-005
3.39 3.37999e-005
3.4 5.12143e-005
3.41 6.85285e-005
3.42 8.43918e-005
3.43 9.81186e-005
3.44 0.000109826
3.45 0.000119857
3.46 0.000128274
3.47 0.000134808
3.48 0.000139136
3.49 0.000141115
3.5 0.000140586
3.51 0.000137222
3.52 0.000131148
3.53 0.000123288
3.54 0.000114609
3.55 0.000105286
3.56 9.46116e-005
3.57 8.16904e-005
3.58 6.62724e-005
3.59 4.896e-005
3.6 3.09724e-005
3.61 1.35844e-005
3.62 -2.66668e-006
3.63 -1.82391e-005
3.64 -3.38599e-005
3.65 -4.96671e-005
3.66 -6.51939e-005
3.67 -7.99574e-005
3.68 -9.37219e-005
3.69 -0.000106309
3.7 -0.000117557
3.71 -0.0001274
3.72 -0.000135641
3.73 -0.000141864
3.74 -0.000145765
3.75 -0.000147277
3.76 -0.000146415
3.77 -0.000143159
3.78 -0.000137511
3.79 -0.000129659
3.8 -0.000119915
3.81 -0.000108566
3.82 -9.59639e-005
3.83 -8.24455e-005
3.84 -6.81024e-005
3.85 -5.29764e-005
3.86 -3.72971e-005
3.87 -2.14072e-005
3.88 -5.64901e-006
3.89 9.67206e-006
3.9 2.41699e-005
3.91 3.71628e-005
3.92 4.77329e-005
3.93 5.54025e-005
3.94 6.06692e-005
3.95 6.45071e-005
3.96 6.76532e-005
3.97 7.05561e-005
3.98 7.3625e-005
3.99 7.72394e-005
4 8.1221e-005
4.01 8.45085e-005
4.02 8.59984e-005
4.03 8.53076e-005
4.04 8.23084e-005
4.05 7.68168e-005
4.06 6.91848e-005
4.07 6.03166e-005
4.08 5.07277e-005
4.09 4.03105e-005
4.1 2.90211e-005
4.11 1.71048e-005
4.12 5.00467e-006
4.13 -6.47836e-006
4.14 -1.66308e-005
4.15 -2.5526e-005
4.16 -3.37814e-005
4.17 -4.19791e-005
4.18 -5.03285e-005
4.19 -5.85166e-005
4.2 -6.60124e-005
4.21 -7.23559e-005
4.22 -7.70024e-005
4.23 -7.95555e-005
4.24 -8.00952e-005
4.25 -7.85782e-005
4.26 -7.46016e-005
4.27 -6.8111e-005
4.28 -5.94658e-005
4.29 -4.90872e-005
4.3 -3.78222e-005
4.31 -2.69811e-005
4.32 -1.74143e-005
4.33 -9.04653e-006
4.34 -1.32621e-006
4.35 6.39375e-006
4.36 1.47108e-005
4.37 2.38668e-005
4.38 3.35571e-005
4.39 4.29148e-005
4.4 5.08232e-005
4.41 5.67096e-005
4.42 6.08572e-005
4.43 6.40578e-005
4.44 6.7358e-005
4.45 7.15316e-005
4.46 7.62462e-005
4.47 8.02482e-005
4.48 8.25132e-005
4.49 8.27346e-005
4.5 8.09549e-005
4.51 7.75469e-005
4.52 7.33639e-005
4.53 6.90298e-005
4.54 6.44025e-005
4.55 5.91065e-005
4.56 5.28043e-005
4.57 4.50948e-005
4.58 3.59764e-005
4.59 2.63253e-005
4.6 1.75426e-005
4.61 1.0447e-005
4.62 4.56741e-006
4.63 -1.02913e-006
4.64 -6.339e-006
4.65 -1.04703e-005
4.66 -1.29213e-005
4.67 -1.41652e-005
4.68 -1.50567e-005
4.69 -1.60359e-005
4.7 -1.6746e-005
4.71 -1.62724e-005
4.72 -1.40586e-005
4.73 -1.04467e-005
4.74 -6.03233e-006
4.75 -1.01081e-006
4.76 4.85701e-006
4.77 1.22155e-005
4.78 2.15362e-005
4.79 3.22138e-005
4.8 4.29324e-005
4.81 5.2671e-005
4.82 6.08212e-005
4.83 6.72453e-005
4.84 7.28155e-005
4.85 7.88392e-005
4.86 8.50932e-005
4.87 8.95554e-005
4.88 9.07487e-005
4.89 8.91533e-005
4.9 8.61871e-005
4.91 8.27455e-005
4.92 7.90319e-005
4.93 7.52009e-005
4.94 7.11987e-005
4.95 6.61867e-005
4.96 5.91809e-005
4.97 5.01653e-005
4.98 3.97186e-005
4.99 2.78577e-005
5 1.43898e-005
5.01 4.82968e-008
5.02 -1.39546e-005
5.03 -2.70024e-005
5.04 -3.893e-005
5.05 -4.97392e-005
5.06 -6.00822e-005
5.07 -7.08378e-005
5.08 -8.17913e-005
5.09 -9.17559e-005
5.1 -9.98368e-005
5.11 -0.000105532
5.12 -0.00010806
5.13 -0.000107007
5.14 -0.000103492
5.15 -9.93886e-005
5.16 -9.55076e-005
5.17 -9.15659e-005
5.18 -8.72166e-005
5.19 -8.1976e-005
5.2 -7.45502e-005
5.21 -6.33424e-005
5.22 -4.79721e-005
5.23 -2.93828e-005
5.24 -8.7885e-006
5.25 1.25907e-005
5.26 3.37076e-005
5.27 5.42058e-005
5.28 7.40195e-005
5.29 9.26156e-005
5.3 0.000109568
5.31 0.000125245
5.32 0.000140035
5.33 0.00015376
5.34 0.000166163
5.35 0.000177549
5.36 0.000188695
5.37 0.000199567
5.38 0.000208475
5.39 0.00021355
5.4 0.000214593
5.41 0.000212712
5.42 0.000208831
5.43 0.000202642
5.44 0.000192793
5.45 0.000178485
5.46 0.000160544
5.47 0.00014067
5.48 0.000120385
5.49 0.000100726
5.5 8.17249e-005
5.51 6.21827e-005
5.52 4.11191e-005
5.53 1.87339e-005
5.54 -4.61545e-006
5.55 -2.89691e-005
5.56 -5.43453e-005
5.57 -8.07747e-005
5.58 -0.000108353
5.59 -0.00013695
5.6 -0.000166272
5.61 -0.000196073
5.62 -0.000225712
5.63 -0.000253453
5.64 -0.000276945
5.65 -0.000294773
5.66 -0.000307351
5.67 -0.000316288
5.68 -0.000322724
5.69 -0.000326233
5.7 -0.000325304
5.71 -0.000318726
5.72 -0.000306203
5.73 -0.000287632
5.74 -0.000262199
5.75 -0.000228471
5.76 -0.000185524
5.77 -0.000133851
5.78 -7.52945e-005
5.79 -1.29171e-005
5.8 4.9104e-005
5.81 0.000106812
5.82 0.000159138
5.83 0.000208757
5.84 0.000258884
5.85 0.000309671
5.86 0.000358495
5.87 0.000402588
5.88 0.000440314
5.89 0.00047127
5.9 0.000496063
5.91 0.000515262
5.92 0.00052899
5.93 0.000537443
5.94 0.000540577
5.95 0.000537359
5.96 0.000525813
5.97 0.000504178
5.98 0.000472044
5.99 0.000429828
6 0.000377063
6.01 0.00031185
6.02 0.00023248
6.03 0.00013867
6.04 3.15519e-005
6.05 -8.61856e-005
6.06 -0.000210534
6.07 -0.000336793
6.08 -0.000459998
6.09 -0.000575935
6.1 -0.000681855
6.11 -0.000775419
6.12 -0.000853854
6.13 -0.000914476
6.14 -0.000954561
6.15 -0.000970863
6.16 -0.000960762
6.17 -0.00092354
6.18 -0.00086032
6.19 -0.000774085
6.2 -0.00066961
6.21 -0.000551502
6.22 -0.000421809
6.23 -0.000280131
6.24 -0.000126389
6.25 3.62864e-005
6.26 0.000200636
6.27 0.00035674
6.28 0.000495794
6.29 0.000614181
6.3 0.000714492
6.31 0.000801113
6.32 0.000874496
6.33 0.000930179
6.34 0.000961521
6.35 0.000963277
6.36 0.000934712
6.37 0.000881618
6.38 0.000814818
6.39 0.000743206
6.4 0.000668161
6.41 0.000586919
6.42 0.000498643
6.43 0.0004048
6.44 0.000307537
6.45 0.000210044
6.46 0.000116375
6.47 2.89718e-005
6.48 -5.31708e-005
6.49 -0.000132944
6.5 -0.000212288
6.51 -0.000291372
6.52 -0.000369975
6.53 -0.000449357
6.54 -0.00053196
6.55 -0.000618097
6.56 -0.000703949
6.57 -0.000783167
6.58 -0.000849253
6.59 -0.000897544
6.6 -0.000926724
6.61 -0.000938223
6.62 -0.000934168
6.63 -0.000916285
6.64 -0.000885603
6.65 -0.00084253
6.66 -0.000787745
6.67 -0.000722513
6.68 -0.000647576
6.69 -0.000562214
6.7 -0.000464926
6.71 -0.000355326
6.72 -0.000235312
6.73 -0.000107678
6.74 2.60996e-005
6.75 0.000165481
6.76 0.000309696
6.77 0.00045792
6.78 0.000608843
6.79 0.000759393
6.8 0.00090436
6.81 0.0010379
6.82 0.00115541
6.83 0.00125331
6.84 0.00132744
6.85 0.0013737
6.86 0.0013905
6.87 0.00137926
6.88 0.00134186
6.89 0.00127853
6.9 0.0011887
6.91 0.00107381
6.92 0.000938362
6.93 0.000786922
6.94 0.00062097
6.95 0.000439892
6.96 0.000244681
6.97 3.97538e-005
6.98 -0.000168645
6.99 -0.000374821
7 -0.000573575
7.01 -0.000757868
7.02 -0.000919199
7.03 -0.0010518
7.04 -0.00115585
7.05 -0.0012373
7.06 -0.00130323
7.07 -0.00135631
7.08 -0.00139484
7.09 -0.00141658
7.1 -0.00142125
7.11 -0.00141007
7.12 -0.00138402
7.13 -0.00134389
7.14 -0.00129097
7.15 -0.00122664
7.16 -0.00115139
7.17 -0.00106477
7.18 -0.000965731
7.19 -0.000852803
7.2 -0.00072479
7.21 -0.000581129
7.22 -0.000420897
7.23 -0.000242868
7.24 -4.74441e-005
7.25 0.000162025
7.26 0.000379883
7.27 0.000600138
7.28 0.000817497
7.29 0.00102685
7.3 0.0012235
7.31 0.0014047
7.32 0.00156919
7.33 0.00171283
7.34 0.00182614
7.35 0.00189826
7.36 0.00192369
7.37 0.00190469
7.38 0.00184728
7.39 0.00175561
7.4 0.00163164
7.41 0.00147855
7.42 0.00130233
7.43 0.0011096
7.44 0.000903073
7.45 0.000680925
7.46 0.000441258
7.47 0.000186648
7.48 -7.48472e-005
7.49 -0.000332494
7.5 -0.000577016
7.51 -0.000802292
7.52 -0.00100346
7.53 -0.00117576
7.54 -0.0013157
7.55 -0.00142269
7.56 -0.00150051
7.57 -0.00155603
7.58 -0.00159326
7.59 -0.00160921
7.6 -0.00159755
7.61 -0.00155574
7.62 -0.00148784
7.63 -0.00140137
7.64 -0.00130172
7.65 -0.00118998
7.66 -0.00106367
7.67 -0.000919268
7.68 -0.000756546
7.69 -0.000580407
7.7 -0.000397166
7.71 -0.000210031
7.72 -1.9569e-005
7.73 0.000172563
7.74 0.000362629
7.75 0.000547431
7.76 0.000725934
7.77 0.000897645
7.78 0.0010599
7.79 0.00120695
7.8 0.00133215
7.81 0.00143126
7.82 0.00150485
7.83 0.0015586
7.84 0.00159996
7.85 0.00163344
7.86 0.00165963
7.87 0.00167719
7.88 0.0016833
7.89 0.0016732
7.9 0.00164064
7.91 0.00157924
7.92 0.00148509
7.93 0.00135869
7.94 0.00120455
7.95 0.00102801
7.96 0.000832581
7.97 0.000620308
7.98 0.000393289
7.99 0.000155392
8 -8.69131e-005
8.01 -0.000326964
8.02 -0.000561544
8.03 -0.000790737
8.04 -0.00101351
8.05 -0.00122491
8.06 -0.001419
8.07 -0.00159344
8.08 -0.00174915
8.09 -0.00188568
8.1 -0.00199872
8.11 -0.0020823
8.12 -0.00213128
8.13 -0.00214188
8.14 -0.00211197
8.15 -0.00204167
8.16 -0.00193335
8.17 -0.00179103
8.18 -0.00161942
8.19 -0.00142315
8.2 -0.00120725
8.21 -0.000977599
8.22 -0.000740446
8.23 -0.000502087
8.24 -0.000268474
8.25 -4.41938e-005
8.26 0.000168014
8.27 0.000366125
8.28 0.000547923
8.29 0.000711749
8.3 0.000856616
8.31 0.000980803
8.32 0.00108161
8.33 0.00115719
8.34 0.00120764
8.35 0.00123396
8.36 0.0012369
8.37 0.00121643
8.38 0.00117242
8.39 0.00110598
8.4 0.00101951
8.41 0.000914969
8.42 0.000793111
8.43 0.000654501
8.44 0.000500166
8.45 0.000331455
8.46 0.00015011
8.47 -4.11117e-005
8.48 -0.000238519
8.49 -0.000438993
8.5 -0.000640878
8.51 -0.000842272
8.52 -0.00103854
8.53 -0.00122262
8.54 -0.0013878
8.55 -0.00153007
8.56 -0.00164867
8.57 -0.00174515
8.58 -0.00182086
8.59 -0.00187559
8.6 -0.00190919
8.61 -0.001924
8.62 -0.00192415
8.63 -0.00191307
8.64 -0.00189274
8.65 -0.00186459
8.66 -0.0018293
8.67 -0.00178593
8.68 -0.00173162
8.69 -0.00166292
8.7 -0.00157796
8.71 -0.00147685
8.72 -0.00135947
8.73 -0.00122367
8.74 -0.00106709
8.75 -0.000890512
8.76 -0.000698455
8.77 -0.000496743
8.78 -0.00028864
8.79 -7.33992e-005
8.8 0.000151698
8.81 0.000389032
8.82 0.000639013
8.83 0.000898361
8.84 0.00115878
8.85 0.00140768
8.86 0.00163148
8.87 0.00181957
8.88 0.00196713
8.89 0.00207507
8.9 0.00214655
8.91 0.002184
8.92 0.00218946
8.93 0.00216636
8.94 0.00211967
8.95 0.00205448
8.96 0.001975
8.97 0.0018846
8.98 0.00178505
8.99 0.00167557
9 0.00155341
9.01 0.00141545
9.02 0.00125977
9.03 0.00108685
9.04 0.000898816
9.05 0.000698071
9.06 0.000487171
9.07 0.000269292
9.08 4.81365e-005
9.09 -0.00017213
9.1 -0.000387641
9.11 -0.000596442
9.12 -0.000798817
9.13 -0.000995805
9.14 -0.00118746
9.15 -0.00137121
9.16 -0.00154184
9.17 -0.00169458
9.18 -0.00182787
9.19 -0.00194264
9.2 -0.00203945
9.21 -0.00211651
9.22 -0.00217022
9.23 -0.00219733
9.24 -0.00219657
9.25 -0.00216912
9.26 -0.0021175
9.27 -0.00204293
9.28 -0.0019431
9.29 -0.00181313
9.3 -0.00164954
9.31 -0.00145259
9.32 -0.00122487
9.33 -0.000969406
9.34 -0.000690386
9.35 -0.000394003
9.36 -8.72747e-005
9.37 0.000223164
9.38 0.000530916
9.39 0.000829733
9.4 0.00111469
9.41 0.00138392
9.42 0.00163803
9.43 0.00187723
9.44 0.00209979
9.45 0.00230238
9.46 0.00248133
9.47 0.00263419
9.48 0.00276021
9.49 0.002859
9.5 0.00292858
9.51 0.00296359
9.52 0.00295707
9.53 0.00290591
9.54 0.00281342
9.55 0.00268674
9.56 0.00253326
9.57 0.00235855
9.58 0.00216698
9.59 0.00196378
9.6 0.00175427
9.61 0.0015409
9.62 0.00132144
9.63 0.00109133
9.64 0.000848369
9.65 0.000595213
9.66 0.00033746
9.67 7.99051e-005
9.68 -0.000175866
9.69 -0.000429765
9.7 -0.000679259
9.71 -0.000919023
9.72 -0.00114437
9.73 -0.00135266
9.74 -0.00154095
9.75 -0.00170464
9.76 -0.00184028
9.77 -0.00194892
9.78 -0.00203524
9.79 -0.00210326
9.8 -0.00215352
9.81 -0.00218296
9.82 -0.00218587
9.83 -0.00215575
9.84 -0.00208824
9.85 -0.00198207
9.86 -0.0018377
9.87 -0.00165607
9.88 -0.0014389
9.89 -0.00118977
9.9 -0.000914562
9.91 -0.00061955
9.92 -0.000309145
9.93 1.41009e-005
9.94 0.000347703
9.95 0.000688049
9.96 0.00103073
9.97 0.00137123
9.98 0.00170462
9.99 0.00202433
10 0.00232094
