0.1 -2.6325 18.491 6.01099 1.18127e-011 1.18127e-011
0.2 -5.265 36.9818 12.0219 1.05139e-011 1.05139e-011
0.3 -7.8975 55.4723 18.0327 3.59531e-011 3.59531e-011
0.4 -10.53 73.9626 24.0435 -7.54761e-011 -7.54761e-011
0.5 -13.1625 92.4527 30.0541 2.67719e-011 2.67719e-011
0.6 -15.795 110.943 36.0647 6.53772e-011 6.53772e-011
0.7 -18.4275 129.432 42.0753 8.68141e-011 8.68141e-011
0.8 -21.06 147.922 48.0857 7.19405e-011 7.19405e-011
0.9 -23.6925 166.411 54.0961 7.37191e-011 7.37191e-011
1 -26.325 184.9 60.1064 1.3792e-010 1.3792e-010
0.01 -26.3242 184.806 60.2016 7.17208e-006 7.17208e-006
0.02 -26.3217 184.542 60.4764 6.38089e-005 6.38089e-005
0.03 -26.318 184.234 60.8033 0.000241967 0.000241967
0.04 -26.3135 183.992 61.0492 0.000554357 0.000554357
0.05 -26.3084 183.809 61.189 0.000903114 0.000903114
0.06 -26.303 183.681 61.2124 0.00115313 0.00115313
0.07 -26.2982 183.604 61.1233 0.00120965 0.00120965
0.08 -26.2947 183.577 60.9414 0.00108265 0.00108265
0.09 -26.2933 183.595 60.6967 0.000894965 0.000894965
0.1 -26.2945 183.651 60.4203 0.00073623 0.00073623
0.11 -26.2985 183.735 60.1358 0.000579537 0.000579537
0.12 -26.3051 183.84 59.8539 0.000354904 0.000354904
0.13 -26.3137 183.961 59.5682 8.93519e-005 8.93519e-005
0.14 -26.3236 184.096 59.2605 -5.43619e-005 -5.43619e-005
0.15 -26.3338 184.246 58.9121 9.78295e-006 9.78295e-006
0.16 -26.3436 184.417 58.5132 9.94084e-005 9.94084e-005
0.17 -26.3522 184.619 58.0645 0.000146842 0.000146842
0.18 -26.3595 184.855 57.5728 0.00053262 0.00053262
0.19 -26.3655 185.126 57.0443 0.00139916 0.00139916
0.2 -26.3706 185.421 56.4854 0.00223439 0.00223439
0.21 -26.3754 185.725 55.9093 0.00258098 0.00258098
0.22 -26.3805 186.027 55.3377 0.00255354 0.00255354
0.23 -26.3865 186.316 54.7959 0.00247229 0.00247229
0.24 -26.3936 186.586 54.3058 0.00242498 0.00242498
0.25 -26.4017 186.828 53.8814 0.0023938 0.0023938
0.26 -26.4107 187.041 53.5267 0.00250434 0.00250434
0.27 -26.4197 187.243 53.2335 0.00284999 0.00284999
0.28 -26.4287 187.472 52.977 0.0033881 0.0033881
0.29 -26.4369 187.749 52.7264 0.00396001 0.00396001
0.3 -26.4441 188.071 52.4518 0.00435526 0.00435526
0.31 -26.4501 188.424 52.137 0.00461531 0.00461531
0.32 -26.455 188.796 51.7913 0.00494665 0.00494665
0.33 -26.4593 189.165 51.4491 0.00530979 0.00530979
0.34 -26.463 189.503 51.1526 0.00543674 0.00543674
0.35 -26.4665 189.788 50.9281 0.00539644 0.00539644
0.36 -26.47 190.007 50.7809 0.00552584 0.00552584
0.37 -26.4734 190.155 50.711 0.00582562 0.00582562
0.38 -26.4764 190.24 50.7295 0.00606761 0.00606761
0.39 -26.4786 190.278 50.852 0.00614819 0.00614819
0.4 -26.4794 190.273 51.0761 0.00610367 0.00610367
0.41 -26.4785 190.226 51.3732 0.0060395 0.0060395
0.42 -26.4754 190.133 51.7075 0.00600391 0.00600391
0.43 -26.4702 189.997 52.0597 0.00593734 0.00593734
0.44 -26.463 189.828 52.4346 0.00582676 0.00582676
0.45 -26.4541 189.632 52.8435 0.00575859 0.00575859
0.46 -26.444 189.412 53.2845 0.00578967 0.00578967
0.47 -26.4334 189.174 53.7473 0.0058707 0.0058707
0.48 -26.4229 188.922 54.232 0.00593333 0.00593333
0.49 -26.413 188.649 54.751 0.00596857 0.00596857
0.5 -26.4039 188.362 55.3149 0.00598939 0.00598939
0.51 -26.3957 188.086 55.9248 0.00597757 0.00597757
0.52 -26.3882 187.833 56.5823 0.00591283 0.00591283
0.53 -26.381 187.611 57.2922 0.00581956 0.00581956
0.54 -26.3741 187.453 58.0395 0.00574349 0.00574349
0.55 -26.3671 187.397 58.7715 0.00568155 0.00568155
0.56 -26.3605 187.437 59.4363 0.00557508 0.00557508
0.57 -26.3536 187.485 60.03 0.00536982 0.00536982
0.58 -26.3467 187.442 60.5925 0.00508017 0.00508017
0.59 -26.339 187.271 61.1364 0.00475663 0.00475663
0.6 -26.3314 187.029 61.6431 0.00443801 0.00443801
0.61 -26.3238 186.776 62.0697 0.00415321 0.00415321
0.62 -26.3169 186.529 62.3998 0.00390065 0.00390065
0.63 -26.3106 186.326 62.6409 0.00369621 0.00369621
0.64 -26.3057 186.256 62.8174 0.00357104 0.00357104
0.65 -26.3024 186.319 62.9505 0.00357682 0.00357682
0.66 -26.301 186.414 63.0486 0.00376753 0.00376753
0.67 -26.3014 186.464 63.0856 0.0040613 0.0040613
0.68 -26.3036 186.47 63.04 0.00426559 0.00426559
0.69 -26.3073 186.454 62.9231 0.004273 0.004273
0.7 -26.312 186.43 62.7491 0.00413165 0.00413165
0.71 -26.3174 186.426 62.4956 0.0039331 0.0039331
0.72 -26.3231 186.447 62.1092 0.00373743 0.00373743
0.73 -26.329 186.456 61.5549 0.00360029 0.00360029
0.74 -26.3346 186.408 60.879 0.00358245 0.00358245
0.75 -26.3395 186.277 60.1946 0.00369775 0.00369775
0.76 -26.3436 186.078 59.5853 0.0038848 0.0038848
0.77 -26.347 185.873 59.0557 0.00405058 0.00405058
0.78 -26.3502 185.763 58.57 0.00413338 0.00413338
0.79 -26.354 185.825 58.1019 0.00411887 0.00411887
0.8 -26.3586 186.039 57.6469 0.00401975 0.00401975
0.81 -26.3643 186.329 57.189 0.00389208 0.00389208
0.82 -26.3714 186.634 56.6753 0.00382386 0.00382386
0.83 -26.3802 186.913 56.0619 0.00379982 0.00379982
0.84 -26.3906 187.152 55.3733 0.00372787 0.00372787
0.85 -26.4021 187.399 54.6795 0.00367759 0.00367759
0.86 -26.4145 187.749 54.0587 0.0037834 0.0037834
0.87 -26.4267 188.195 53.609 0.00396695 0.00396695
0.88 -26.4373 188.614 53.4186 0.00405945 0.00405945
0.89 -26.4454 188.979 53.4876 0.00404151 0.00404151
0.9 -26.451 189.431 53.7154 0.00399128 0.00399128
0.91 -26.4545 190.096 54.0044 0.00393457 0.00393457
0.92 -26.4559 190.884 54.3798 0.00383957 0.00383957
0.93 -26.4541 191.558 54.9685 0.00371959 0.00371959
0.94 -26.4489 191.994 55.8244 0.00362767 0.00362767
0.95 -26.4416 192.259 56.8029 0.00357339 0.00357339
0.96 -26.4332 192.472 57.6567 0.0035132 0.0035132
0.97 -26.4252 192.663 58.2865 0.0034143 0.0034143
0.98 -26.4166 192.705 58.8005 0.00326101 0.00326101
0.99 -26.4076 192.531 59.3545 0.00308625 0.00308625
1 -26.3981 192.238 59.9825 0.00309618 0.00309618
1.01 -26.3891 191.917 60.603 0.00310998 0.00310998
1.02 -26.3806 191.553 61.1148 0.00249655 0.00249655
1.03 -26.3728 191.213 61.544 0.00151165 0.00151165
1.04 -26.3656 191.052 62.046 0.00114032 0.00114032
1.05 -26.3589 191.089 62.7432 0.00151506 0.00151506
1.06 -26.352 191.124 63.591 0.00182959 0.00182959
1.07 -26.3447 190.962 64.4369 0.00158458 0.00158458
1.08 -26.3372 190.638 65.1133 0.00116028 0.00116028
1.09 -26.33 190.286 65.5341 0.000899534 0.000899534
1.1 -26.3225 189.848 65.7651 0.000585797 0.000585797
1.11 -26.3134 189.179 65.9726 0.000168115 0.000168115
1.12 -26.3026 188.404 66.2942 5.50001e-005 5.50001e-005
1.13 -26.2911 187.869 66.7188 0.00056097 0.00056097
1.14 -26.2809 187.74 67.0777 0.00138093 0.00138093
1.15 -26.2738 188.014 67.1459 0.00190251 0.00190251
1.16 -26.2724 188.729 66.8264 0.00194016 0.00194016
1.17 -26.2779 189.795 66.2665 0.00184564 0.00184564
1.18 -26.2899 190.945 65.79 0.00196737 0.00196737
1.19 -26.307 191.908 65.6264 0.00207204 0.00207204
1.2 -26.3273 192.478 65.723 0.00154343 0.00154343
1.21 -26.3484 192.575 65.8402 0.00044462 0.00044462
1.22 -26.3674 192.253 65.7408 -0.000348235 -0.000348235
1.23 -26.3817 191.65 65.289 -0.000526799 -0.000526799
1.24 -26.3893 190.992 64.4756 -0.000556931 -0.000556931
1.25 -26.3904 190.602 63.3971 -0.000301001 -0.000301001
1.26 -26.387 190.767 62.1876 0.000541513 0.000541513
1.27 -26.3822 191.539 60.9827 0.00124042 0.00124042
1.28 -26.3798 192.744 59.9086 0.00124445 0.00124445
1.29 -26.3825 194.041 59.0594 0.000939023 0.000939023
1.3 -26.3922 195.052 58.499 0.000627031 0.000627031
1.31 -26.4088 195.632 58.2386 0.000315089 0.000315089
1.32 -26.4315 195.877 58.1644 2.90029e-005 2.90029e-005
1.33 -26.4575 195.877 58.0267 -0.000169452 -0.000169452
1.34 -26.4844 195.84 57.5765 -4.34627e-005 -4.34627e-005
1.35 -26.5095 196.211 56.7946 0.000244086 0.000244086
1.36 -26.531 197.244 55.963 0.000313164 0.000313164
1.37 -26.5461 198.683 55.4098 0.000816787 0.000816787
1.38 -26.5535 200.005 55.2066 0.00241288 0.00241288
1.39 -26.5546 200.826 55.1193 0.00411791 0.00411791
1.4 -26.5517 201.06 54.8173 0.00462827 0.00462827
1.41 -26.5463 200.702 54.2831 0.00423987 0.00423987
1.42 -26.5382 199.796 53.9372 0.00383238 0.00383238
1.43 -26.5269 198.641 54.1989 0.00347141 0.00347141
1.44 -26.5128 197.526 55.059 0.00294797 0.00294797
1.45 -26.4964 196.375 56.1133 0.00246171 0.00246171
1.46 -26.4772 194.865 56.9035 0.00243524 0.00243524
1.47 -26.4542 192.777 57.336 0.00293455 0.00293455
1.48 -26.4249 190.042 57.7751 0.00358302 0.00358302
1.49 -26.3863 186.483 58.6442 0.00402235 0.00402235
1.5 -26.336 181.981 60.0425 0.00418513 0.00418513
1.51 -26.2751 177.104 61.7839 0.00436718 0.00436718
1.52 -26.2084 173.107 63.6624 0.00516527 0.00516527
1.53 -26.1412 170.85 65.6439 0.00670299 0.00670299
1.54 -26.0773 170.088 67.7995 0.00855976 0.00855976
1.55 -26.0204 170.051 70.0988 0.0108062 0.0108062
1.56 -25.9748 170.142 72.3987 0.0137197 0.0137197
1.57 -25.9437 170.013 74.5425 0.0169299 0.0169299
1.58 -25.9277 169.45 76.3307 0.0198145 0.0198145
1.59 -25.9253 168.347 77.5295 0.0216539 0.0216539
1.6 -25.9319 166.653 78.0609 0.0216473 0.0216473
1.61 -25.9405 164.478 78.251 0.0203271 0.0203271
1.62 -25.9449 162.429 78.6804 0.0193092 0.0193092
1.63 -25.9438 161.704 79.4894 0.0187701 0.0187701
1.64 -25.9429 163.613 80.0685 0.0180653 0.0180653
1.65 -25.9516 168.611 79.7208 0.0181887 0.0181887
1.66 -25.9759 175.759 78.3912 0.0200868 0.0200868
1.67 -26.0188 183.292 76.6286 0.0221502 0.0221502
1.68 -26.0809 189.653 74.999 0.0223189 0.0223189
1.69 -26.1609 194.034 73.6027 0.0206738 0.0206738
1.7 -26.254 196.36 72.2163 0.0184429 0.0184429
1.71 -26.3517 197.249 70.7391 0.0164196 0.0164196
1.72 -26.444 197.933 69.2231 0.0150652 0.0150652
1.73 -26.5233 199.639 67.6195 0.0142154 0.0142154
1.74 -26.5853 202.946 65.7294 0.0130302 0.0130302
1.75 -26.6305 207.797 63.3385 0.0120853 0.0120853
1.76 -26.6644 213.735 60.3318 0.0135037 0.0135037
1.77 -26.695 219.835 56.7554 0.0180111 0.0180111
1.78 -26.7284 224.711 52.9097 0.0238065 0.0238065
1.79 -26.7678 227.273 49.3242 0.0289157 0.0289157
1.8 -26.8147 227.507 46.391 0.0328886 0.0328886
1.81 -26.8684 226.196 44.0181 0.0354418 0.0354418
1.82 -26.9256 224.238 41.8136 0.0358568 0.0358568
1.83 -26.9795 222.32 39.5323 0.0344333 0.0344333
1.84 -27.0228 220.902 37.2767 0.0327171 0.0327171
1.85 -27.0485 220.109 35.4029 0.0321449 0.0321449
1.86 -27.052 219.556 34.2315 0.0331074 0.0331074
1.87 -27.0329 218.868 33.7704 0.0347979 0.0347979
1.88 -26.9983 218.56 33.7322 0.0356809 0.0356809
1.89 -26.9595 219.476 33.8078 0.0351527 0.0351527
1.9 -26.9238 221.071 33.8924 0.0343443 0.0343443
1.91 -26.8926 221.406 34.0965 0.0341009 0.0341009
1.92 -26.8638 218.928 34.6365 0.033905 0.033905
1.93 -26.8334 213.309 35.6424 0.0334558 0.0334558
1.94 -26.795 204.983 37.0391 0.0332601 0.0332601
1.95 -26.7404 194.793 38.6561 0.0332043 0.0332043
1.96 -26.663 184.099 40.3659 0.0321343 0.0321343
1.97 -26.5616 174.618 42.1099 0.029282 0.029282
1.98 -26.4398 167.492 43.8912 0.0251954 0.0251954
1.99 -26.3047 162.59 45.7176 0.0214903 0.0214903
2 -26.1656 158.778 47.6036 0.0195912 0.0195912
2.01 -26.0322 154.697 49.6775 0.0189455 0.0189455
2.02 -25.9124 149.456 52.23 0.0169122 0.0169122
2.03 -25.8097 142.726 55.578 0.012142 0.012142
2.04 -25.7226 134.582 59.7807 0.00839778 0.00839778
2.05 -25.647 125.901 64.503 0.0115448 0.0115448
2.06 -25.5792 118.295 69.2391 0.0217919 0.0217919
2.07 -25.5143 112.847 73.6342 0.0333175 0.0333175
2.08 -25.446 109.439 77.5888 0.0419401 0.0419401
2.09 -25.3714 107.467 81.1313 0.0479536 0.0479536
2.1 -25.2939 106.697 84.2079 0.051744 0.051744
2.11 -25.2222 107.235 86.6697 0.0519109 0.0519109
2.12 -25.1655 108.811 88.4613 0.0482894 0.0482894
2.13 -25.1304 110.622 89.6693 0.043812 0.043812
2.14 -25.1203 111.964 90.4612 0.0420765 0.0420765
2.15 -25.1364 112.819 91.0379 0.043968 0.043968
2.16 -25.178 113.992 91.5116 0.0465372 0.0465372
2.17 -25.2428 116.454 91.7392 0.046898 0.046898
2.18 -25.325 120.292 91.2895 0.0466089 0.0466089
2.19 -25.4175 124.933 89.7299 0.0477101 0.0477101
2.2 -25.5158 130.451 87.0189 0.0486139 0.0486139
2.21 -25.619 137.567 83.5292 0.0474775 0.0474775
2.22 -25.7276 146.529 79.7592 0.045364 0.045364
2.23 -25.8422 156.747 76.0638 0.0443059 0.0443059
2.24 -25.9644 167.398 72.5122 0.0445279 0.0445279
2.25 -26.0971 177.934 68.9214 0.0450473 0.0450473
2.26 -26.2413 187.905 65.0084 0.0455559 0.0455559
2.27 -26.3962 197.045 60.5454 0.0463808 0.0463808
2.28 -26.5599 205.738 55.5045 0.0473247 0.0473247
2.29 -26.7298 214.637 50.0643 0.0476735 0.0476735
2.3 -26.9014 223.898 44.455 0.0471712 0.0471712
2.31 -27.0691 233.301 38.9051 0.0469187 0.0469187
2.32 -27.2293 242.69 33.689 0.0490617 0.0490617
2.33 -27.3783 251.825 29.071 0.0542721 0.0542721
2.34 -27.5119 260.218 25.1677 0.0616765 0.0616765
2.35 -27.6275 267.313 21.9099 0.07134 0.07134
2.36 -27.7225 272.745 19.1758 0.0826114 0.0826114
2.37 -27.794 276.278 16.8997 0.0921194 0.0921194
2.38 -27.8396 277.861 15.1099 0.0964162 0.0964162
2.39 -27.8593 278.139 13.9358 0.0950486 0.0950486
2.4 -27.855 278.073 13.6548 0.0900376 0.0900376
2.41 -27.8275 278.032 14.7198 0.0834397 0.0834397
2.42 -27.7783 277.873 17.5028 0.0771381 0.0771381
2.43 -27.7098 277.106 21.8351 0.0734588 0.0734588
2.44 -27.6238 274.592 26.9223 0.0737743 0.0737743
2.45 -27.5208 269.193 31.9138 0.0774567 0.0774567
2.46 -27.4009 260.915 36.5052 0.0824536 0.0824536
2.47 -27.2647 250.824 40.9384 0.0864027 0.0864027
2.48 -27.1122 240.009 45.5984 0.0878033 0.0878033
2.49 -26.9433 228.973 50.7099 0.0865066 0.0865066
2.5 -26.7584 217.624 56.3181 0.0832747 0.0832747
2.51 -26.5589 205.648 62.3263 0.0793697 0.0793697
2.52 -26.3484 192.881 68.4448 0.0763361 0.0763361
2.53 -26.1319 179.329 74.296 0.0754038 0.0754038
2.54 -25.915 165.248 79.6326 0.0768255 0.0768255
2.55 -25.7035 151.209 84.387 0.0797832 0.0797832
2.56 -25.5033 137.805 88.5917 0.082932 0.082932
2.57 -25.3195 125.383 92.248 0.0850452 0.0850452
2.58 -25.156 113.993 95.2667 0.0856771 0.0856771
2.59 -25.015 103.441 97.6179 0.0862937 0.0862937
2.6 -24.8962 93.4929 99.4437 0.0888747 0.0888747
2.61 -24.7983 84.2176 100.864 0.0936717 0.0936717
2.62 -24.7211 76.112 101.78 0.100619 0.100619
2.63 -24.6651 69.8612 102.031 0.109018 0.109018
2.64 -24.6288 65.6927 101.74 0.115802 0.115802
2.65 -24.6073 62.8833 101.318 0.117832 0.117832
2.66 -24.595 60.4898 101.069 0.114969 0.114969
2.67 -24.5908 58.4215 100.76 0.109193 0.109193
2.68 -24.5981 57.4598 99.6933 0.102328 0.102328
2.69 -24.6222 58.4625 97.3003 0.0964394 0.0964394
2.7 -24.6658 61.5215 93.6372 0.0939224 0.0939224
2.71 -24.7288 66.0663 89.3602 0.095583 0.095583
2.72 -24.8113 71.818 85.3258 0.100088 0.100088
2.73 -24.9162 79.2882 82.0012 0.105283 0.105283
2.74 -25.0479 89.0534 79.0449 0.109153 0.109153
2.75 -25.2085 100.8 75.6026 0.110298 0.110298
2.76 -25.3956 113.67 71.175 0.108454 0.108454
2.77 -25.6042 127.061 65.9118 0.104563 0.104563
2.78 -25.8288 140.701 59.9989 0.100325 0.100325
2.79 -26.0656 154.71 53.3042 0.0974623 0.0974623
2.8 -26.3122 169.695 45.8742 0.0969963 0.0969963
2.81 -26.5639 185.921 38.3342 0.0988931 0.0988931
2.82 -26.8129 202.653 31.5529 0.102198 0.102198
2.83 -27.051 218.778 26.066 0.105504 0.105504
2.84 -27.2724 233.535 21.7846 0.10752 0.10752
2.85 -27.4739 246.786 18.2316 0.107555 0.107555
2.86 -27.6531 258.71 14.9117 0.105745 0.105745
2.87 -27.8085 269.374 11.375 0.102778 0.102778
2.88 -27.9402 278.963 7.41278 0.100152 0.100152
2.89 -28.0509 287.923 3.36464 0.101286 0.101286
2.9 -28.1426 296.431 -0.0245618 0.109244 0.109244
2.91 -28.2167 304.146 -2.20681 0.122435 0.122435
2.92 -28.2766 310.604 -3.17572 0.135714 0.135714
2.93 -28.3239 315.382 -3.17028 0.144673 0.144673
2.94 -28.3572 318.135 -2.24489 0.1472 0.1472
2.95 -28.3726 318.753 -0.29686 0.142818 0.142818
2.96 -28.3644 317.299 2.66456 0.133151 0.133151
2.97 -28.3258 313.699 6.58632 0.122253 0.122253
2.98 -28.2483 307.697 11.5837 0.114607 0.114607
2.99 -28.1251 299.332 17.8308 0.11305 0.11305
3 -27.9549 289.353 25.2978 0.117656 0.117656
3.01 -27.7426 278.867 33.7044 0.125676 0.125676
3.02 -27.497 268.563 42.7298 0.133196 0.133196
3.03 -27.2284 258.408 52.2586 0.137247 0.137247
3.04 -26.9465 247.704 62.3426 0.136482 0.136482
3.05 -26.6602 235.363 72.8385 0.131252 0.131252
3.06 -26.3769 220.61 83.3207 0.123658 0.123658
3.07 -26.1019 203.773 93.5785 0.116558 0.116558
3.08 -25.8379 186.219 103.806 0.112358 0.112358
3.09 -25.5845 169.209 114.167 0.112129 0.112129
3.1 -25.3385 153.089 124.49 0.115063 0.115063
3.11 -25.0981 137.938 134.216 0.119395 0.119395
3.12 -24.8673 124.54 142.638 0.123812 0.123812
3.13 -24.6552 114.118 149.361 0.127388 0.127388
3.14 -24.4708 106.878 154.339 0.129091 0.129091
3.15 -24.3196 101.335 157.66 0.128982 0.128982
3.16 -24.2035 95.4036 159.488 0.130127 0.130127
3.17 -24.1213 87.586 159.998 0.136606 0.136606
3.18 -24.0694 77.6277 159.316 0.147997 0.147997
3.19 -24.0429 67.0363 157.627 0.158659 0.158659
3.2 -24.0383 58.4221 155.206 0.163827 0.163827
3.21 -24.0506 53.5632 152.353 0.163829 0.163829
3.22 -24.074 52.3756 149.27 0.161358 0.161358
3.23 -24.1046 53.6583 145.864 0.157679 0.157679
3.24 -24.144 56.2388 141.714 0.153242 0.153242
3.25 -24.1977 59.3369 136.255 0.149691 0.149691
3.26 -24.2741 62.6659 128.856 0.149164 0.149164
3.27 -24.3837 66.7617 118.959 0.151952 0.151952
3.28 -24.5369 72.6729 106.496 0.156119 0.156119
3.29 -24.7387 80.9093 92.1755 0.159585 0.159585
3.3 -24.9861 91.0415 77.3455 0.161408 0.161408
3.31 -25.2704 102.392 63.4972 0.161121 0.161121
3.32 -25.5801 114.824 51.7114 0.158385 0.158385
3.33 -25.9023 128.465 42.2895 0.154014 0.154014
3.34 -26.2206 142.714 34.7481 0.150217 0.150217
3.35 -26.518 156.484 28.1292 0.148731 0.148731
3.36 -26.783 169.549 21.3241 0.1495 0.1495
3.37 -27.0137 182.812 13.3895 0.151228 0.151228
3.38 -27.2159 197.464 3.9793 0.152621 0.152621
3.39 -27.3998 214.143 -6.36451 0.153572 0.153572
3.4 -27.5757 232.196 -16.4339 0.154247 0.154247
3.41 -27.7504 249.543 -24.914 0.153854 0.153854
3.42 -27.9256 263.924 -30.8705 0.152068 0.152068
3.43 -28.1003 274.488 -33.9952 0.150204 0.150204
3.44 -28.2697 281.988 -34.5695 0.149905 0.149905
3.45 -28.4241 287.783 -33.1775 0.151079 0.151079
3.46 -28.5499 292.86 -30.498 0.151754 0.151754
3.47 -28.6335 297.499 -27.2073 0.151668 0.151668
3.48 -28.6654 301.533 -23.7639 0.154638 0.154638
3.49 -28.642 304.647 -20.2384 0.162424 0.162424
3.5 -28.5649 306.188 -16.3524 0.168831 0.168831
3.51 -28.4389 305.122 -11.6556 0.167156 0.167156
3.52 -28.2736 301.075 -5.78693 0.159749 0.159749
3.53 -28.0833 294.914 1.31453 0.153329 0.153329
3.54 -27.8824 287.706 9.46776 0.150129 0.150129
3.55 -27.6793 279.54 18.4346 0.148815 0.148815
3.56 -27.4751 269.44 28.0263 0.149453 0.149453
3.57 -27.2654 256.406 38.1436 0.153184 0.153184
3.58 -27.0444 240.554 48.7751 0.158809 0.158809
3.59 -26.8074 223.274 59.9967 0.162997 0.162997
3.6 -26.5524 206.65 71.8321 0.163641 0.163641
3.61 -26.2823 192.432 83.9729 0.16136 0.16136
3.62 -26.0028 180.837 95.7307 0.157869 0.157869
3.63 -25.7204 170.335 106.349 0.15433 0.15433
3.64 -25.442 158.97 115.455 0.15168 0.15168
3.65 -25.1759 145.871 123.253 0.151041 0.151041
3.66 -24.9299 131.45 130.244 0.152921 0.152921
3.67 -24.7087 116.575 136.941 0.156337 0.156337
3.68 -24.5122 102.079 143.754 0.159412 0.159412
3.69 -24.3391 88.8205 150.572 0.16098 0.16098
3.7 -24.1896 77.5513 156.511 0.160846 0.160846
3.71 -24.0654 68.6357 160.416 0.159071 0.159071
3.72 -23.9705 62.2964 161.461 0.156254 0.156254
3.73 -23.911 58.7229 159.471 0.15352 0.15352
3.74 -23.8922 57.7102 155.069 0.152059 0.152059
3.75 -23.9178 58.6326 149.239 0.153314 0.153314
3.76 -23.9903 60.8522 142.581 0.157723 0.157723
3.77 -24.1102 64.0476 135.251 0.162638 0.162638
3.78 -24.2744 68.2118 127.271 0.164423 0.164423
3.79 -24.4754 73.4176 118.547 0.163016 0.163016
3.8 -24.7034 79.8195 108.87 0.160716 0.160716
3.81 -24.948 87.7159 98.2231 0.158263 0.158263
3.82 -25.1978 97.2722 87.1256 0.155537 0.155537
3.83 -25.4426 108.496 76.498 0.153641 0.153641
3.84 -25.6777 121.468 66.7568 0.154021 0.154021
3.85 -25.9064 136.047 57.1186 0.156497 0.156497
3.86 -26.1351 151.597 46.5223 0.159443 0.159443
3.87 -26.3683 167.226 34.9419 0.161478 0.161478
3.88 -26.6075 182.108 23.2269 0.162183 0.162183
3.89 -26.8524 195.671 12.1589 0.161592 0.161592
3.9 -27.1005 207.508 2.00254 0.159889 0.159889
3.91 -27.3442 217.098 -7.21165 0.15767 0.15767
3.92 -27.5693 223.847 -15.1817 0.155901 0.155901
3.93 -27.7599 227.918 -21.3814 0.15524 0.15524
3.94 -27.9048 230.751 -25.5133 0.155647 0.155647
3.95 -27.9983 234.109 -27.5428 0.156814 0.156814
3.96 -28.039 238.885 -27.5063 0.158334 0.158334
3.97 -28.0318 245.014 -25.6694 0.159422 0.159422
3.98 -27.9884 251.97 -22.5395 0.159471 0.159471
3.99 -27.924 259.052 -18.4916 0.158785 0.158785
4 -27.8518 264.985 -13.5574 0.157724 0.157724
4.01 -27.7768 267.792 -7.49484 0.156399 0.156399
4.02 -27.6987 266.197 -0.15113 0.155505 0.155505
4.03 -27.6154 260.667 8.1192 0.155554 0.155554
4.04 -27.5217 252.508 16.656 0.156447 0.156447
4.05 -27.4093 243.021 24.9879 0.158426 0.158426
4.06 -27.2724 233.88 32.9832 0.160768 0.160768
4.07 -27.1108 226.781 40.8567 0.160711 0.160711
4.08 -26.9268 221.984 49.1422 0.157739 0.157739
4.09 -26.7235 218.116 58.5375 0.155166 0.155166
4.1 -26.5058 213.5 69.5462 0.154909 0.154909
4.11 -26.2807 206.931 82.0663 0.155704 0.155704
4.12 -26.0549 197.937 95.3056 0.156417 0.156417
4.13 -25.835 187.199 108.103 0.157419 0.157419
4.14 -25.626 175.919 119.389 0.158726 0.158726
4.15 -25.4286 164.705 128.463 0.159413 0.159413
4.16 -25.242 153.696 135.061 0.1589 0.1589
4.17 -25.0669 143.138 139.317 0.157849 0.157849
4.18 -24.907 133.615 141.76 0.157774 0.157774
4.19 -24.7681 126.034 143.323 0.158043 0.158043
4.2 -24.6561 121.058 145.083 0.155484 0.155484
4.21 -24.5767 118.696 147.641 0.151162 0.151162
4.22 -24.535 118.656 150.714 0.150697 0.150697
4.23 -24.5349 120.273 153.412 0.15451 0.15451
4.24 -24.5742 122.375 154.811 0.157699 0.157699
4.25 -24.6478 124.383 154.29 0.15836 0.15836
4.26 -24.7498 126.769 151.604 0.158484 0.158484
4.27 -24.8734 130.045 146.784 0.158767 0.158767
4.28 -25.011 134.522 140.081 0.157741 0.157741
4.29 -25.1574 140.595 132.032 0.155356 0.155356
4.3 -25.3084 148.037 123.295 0.153324 0.153324
4.31 -25.4603 155.813 114.274 0.152835 0.152835
4.32 -25.6134 163.292 105.031 0.153685 0.153685
4.33 -25.7718 170.831 95.5625 0.155093 0.155093
4.34 -25.9398 179.085 86.1129 0.156587 0.156587
4.35 -26.1197 188.469 77.1958 0.157837 0.157837
4.36 -26.3122 199.03 69.1279 0.158343 0.158343
4.37 -26.517 210.195 61.5675 0.157784 0.157784
4.38 -26.7307 220.752 53.7865 0.15647 0.15647
4.39 -26.9442 229.1 45.4026 0.155117 0.155117
4.4 -27.1429 233.884 36.7049 0.154294 0.154294
4.41 -27.3125 235.117 28.2995 0.154199 0.154199
4.42 -27.4437 234.398 20.6165 0.15478 0.15478
4.43 -27.5338 234.031 13.8078 0.155798 0.155798
4.44 -27.5877 236.23 8.00797 0.156835 0.156835
4.45 -27.6149 242.088 3.53094 0.157464 0.157464
4.46 -27.6254 250.408 0.650637 0.157448 0.157448
4.47 -27.6285 258.276 -0.77993 0.156841 0.156841
4.48 -27.6322 263.137 -1.17067 0.155945 0.155945
4.49 -27.64 263.885 -0.613588 0.155148 0.155148
4.5 -27.648 260.557 1.24182 0.154745 0.154745
4.51 -27.6462 254.262 4.67589 0.154849 0.154849
4.52 -27.6246 247.116 9.53295 0.155382 0.155382
4.53 -27.5735 240.897 15.4669 0.156113 0.156113
4.54 -27.4827 235.997 22.364 0.156736 0.156736
4.55 -27.3471 232.029 30.2187 0.157009 0.157009
4.56 -27.1696 228.238 38.6729 0.156852 0.156852
4.57 -26.9595 223.508 47.0716 0.15637 0.15637
4.58 -26.7306 217.21 54.9755 0.155785 0.155785
4.59 -26.5006 210.004 62.3648 0.155337 0.155337
4.6 -26.2888 203.37 69.4277 0.155189 0.155189
4.61 -26.1092 198.063 76.4163 0.155373 0.155373
4.62 -25.9654 193.176 83.6919 0.155795 0.155795
4.63 -25.8528 187.403 91.5663 0.156274 0.156274
4.64 -25.7666 181.024 99.8908 0.156611 0.156611
4.65 -25.7041 175.722 107.838 0.156681 0.156681
4.66 -25.662 172.603 114.123 0.156479 0.156479
4.67 -25.6345 171.256 117.677 0.156112 0.156112
4.68 -25.615 170.57 118.31 0.155743 0.155743
4.69 -25.6003 169.907 116.699 0.155513 0.155513
4.7 -25.5927 169.677 113.804 0.155497 0.155497
4.71 -25.5995 170.969 110.436 0.155691 0.155691
4.72 -25.6283 174.257 107.052 0.156004 0.156004
4.73 -25.6832 178.701 103.53 0.156299 0.156299
4.74 -25.7665 183.185 99.3264 0.156458 0.156458
4.75 -25.879 187.346 94.015 0.156431 0.156431
4.76 -26.0192 191.649 87.5139 0.156248 0.156248
4.77 -26.1853 197.254 79.9763 0.155994 0.155994
4.78 -26.3741 205.068 71.677 0.155774 0.155774
4.79 -26.5776 214.415 62.9097 0.155671 0.155671
4.8 -26.7847 223.595 53.9749 0.15572 0.15572
4.81 -26.9857 231.387 45.1028 0.155891 0.155891
4.82 -27.173 237.275 36.2394 0.156105 0.156105
4.83 -27.3409 241.498 27.3275 0.156271 0.156271
4.84 -27.4872 245.648 18.9441 0.156329 0.156329
4.85 -27.6132 251.655 12.0103 0.156263 0.156263
4.86 -27.718 258.969 6.75259 0.156099 0.156099
4.87 -27.7973 264.37 2.4269 0.155905 0.155905
4.88 -27.8496 265.526 -1.95838 0.155761 0.155761
4.89 -27.8792 263.127 -6.71787 0.155705 0.155705
4.9 -27.8907 259.383 -11.1915 0.155735 0.155735
4.91 -27.8854 255.789 -14.535 0.155834 0.155834
4.92 -27.8653 252.72 -16.7245 0.155962 0.155962
4.93 -27.8364 250.262 -18.5288 0.156057 0.156057
4.94 -27.8047 248.03 -20.6168 0.156085 0.156085
4.95 -27.7697 244.51 -22.9638 0.156052 0.156052
4.96 -27.7262 238.147 -24.8791 0.155977 0.155977
4.97 -27.6685 229.001 -25.2905 0.155831 0.155831
4.98 -27.5903 218.189 -23.3069 0.155473 0.155473
4.99 -27.4835 206.152 -18.9942 0.154889 0.154889
5 -27.3431 193.015 -13.65 0.154278 0.154278
5.01 -27.1731 180.021 -8.92305 0.153585 0.153585
5.02 -26.9819 168.758 -5.4448 0.152618 0.152618
5.03 -26.7772 159.598 -2.49163 0.151327 0.151327
5.04 -26.568 151.98 1.05057 0.149687 0.149687
5.05 -26.3662 145.017 5.67933 0.148038 0.148038
5.06 -26.1812 137.105 11.1116 0.146873 0.146873
5.07 -26.0175 126.778 16.5923 0.146055 0.146055
5.08 -25.8791 114.63 21.3481 0.145063 0.145063
5.09 -25.7689 102.976 24.9718 0.143557 0.143557
5.1 -25.6857 93.7771 27.4302 0.141265 0.141265
5.11 -25.6268 88.1954 28.9523 0.138165 0.138165
5.12 -25.5934 87.3133 29.8787 0.135208 0.135208
5.13 -25.5891 91.1871 30.3823 0.133793 0.133793
5.14 -25.6127 97.4341 30.4953 0.134105 0.134105
5.15 -25.6576 102.701 30.4165 0.135042 0.135042
5.16 -25.7182 105.562 30.3001 0.135641 0.135641
5.17 -25.7921 106.698 29.7825 0.135962 0.135962
5.18 -25.8756 107.339 28.1447 0.13682 0.13682
5.19 -25.9664 109.084 24.782 0.138146 0.138146
5.2 -26.0684 114.451 19.5695 0.138569 0.138569
5.21 -26.1903 125.825 13.3043 0.137575 0.137575
5.22 -26.3362 143.195 7.88417 0.136245 0.136245
5.23 -26.504 164.188 5.62377 0.135528 0.135528
5.24 -26.6886 185.957 7.99 0.135341 0.135341
5.25 -26.8818 206.036 14.9094 0.13542 0.13542
5.26 -27.0707 222.931 25.128 0.135953 0.135953
5.27 -27.2395 236.913 37.0506 0.136831 0.136831
5.28 -27.3716 249.257 49.3355 0.137417 0.137417
5.29 -27.4508 260.82 61.033 0.13716 0.13716
5.3 -27.4696 272.425 71.5424 0.134761 0.134761
5.31 -27.4347 285.473 80.7297 0.129002 0.129002
5.32 -27.3616 300.602 89.1389 0.119589 0.119589
5.33 -27.2687 316.88 98.0044 0.104023 0.104023
5.34 -27.1745 332.731 108.816 0.0794469 0.0794469
5.35 -27.0954 347.198 122.748 0.049104 0.049104
5.36 -27.0424 360.151 140.281 0.0205732 0.0205732
5.37 -27.0147 370.793 160.695 -0.00172849 -0.00172849
5.38 -26.9969 376.752 181.806 -0.0177719 -0.0177719
5.39 -26.9663 376.281 201.11 -0.0284683 -0.0284683
5.4 -26.9013 370.67 217.308 -0.0340745 -0.0340745
5.41 -26.7874 363.28 230.272 -0.035472 -0.035472
5.42 -26.6201 356.854 239.974 -0.0350476 -0.0350476
5.43 -26.4057 351.629 245.893 -0.0352443 -0.0352443
5.44 -26.1583 345.519 247.634 -0.0375428 -0.0375428
5.45 -25.8987 336.561 245.974 -0.0414494 -0.0414494
5.46 -25.6526 324.703 242.636 -0.0446974 -0.0446974
5.47 -25.4457 311.004 238.962 -0.0448701 -0.0448701
5.48 -25.2975 296.343 235.234 -0.0406498 -0.0406498
5.49 -25.2169 281.151 230.925 -0.0337651 -0.0337651
5.5 -25.199 264.856 225.005 -0.0287545 -0.0287545
5.51 -25.2256 245.755 216.118 -0.0284857 -0.0284857
5.52 -25.275 223.118 202.954 -0.0317225 -0.0317225
5.53 -25.329 198.369 184.795 -0.0361465 -0.0361465
5.54 -25.3729 173.326 161.827 -0.0407842 -0.0407842
5.55 -25.3975 149.033 134.772 -0.0468388 -0.0468388
5.56 -25.4045 126.04 104.283 -0.0523239 -0.0523239
5.57 -25.4046 104.232 71.1383 -0.0513341 -0.0513341
5.58 -25.4097 82.8279 36.9442 -0.045734 -0.045734
5.59 -25.4294 60.9945 3.97324 -0.0469037 -0.0469037
5.6 -25.4707 38.0383 -26.0775 -0.0633032 -0.0633032
5.61 -25.5337 13.3871 -52.9286 -0.0919276 -0.0919276
5.62 -25.614 -12.5995 -77.3047 -0.130795 -0.130795
5.63 -25.705 -37.6719 -100.017 -0.180898 -0.180898
5.64 -25.8027 -58.6367 -121.65 -0.235447 -0.235447
5.65 -25.9026 -73.6281 -142.559 -0.282903 -0.282903
5.66 -25.9947 -83.5252 -162.969 -0.309177 -0.309177
5.67 -26.0748 -90.8383 -182.443 -0.309897 -0.309897
5.68 -26.1388 -97.2353 -199.785 -0.297082 -0.297082
5.69 -26.1917 -101.887 -213.512 -0.283445 -0.283445
5.7 -26.2453 -102.32 -222.594 -0.27384 -0.27384
5.71 -26.3108 -96.5826 -226.641 -0.27043 -0.27043
5.72 -26.3953 -84.2811 -225.542 -0.276806 -0.276806
5.73 -26.503 -65.644 -219.118 -0.293346 -0.293346
5.74 -26.638 -40.1828 -207.219 -0.311968 -0.311968
5.75 -26.8076 -6.75641 -190.239 -0.322291 -0.322291
5.76 -27.0192 34.9605 -169.394 -0.32119 -0.32119
5.77 -27.2754 83.4439 -146.343 -0.312517 -0.312517
5.78 -27.5719 135.733 -122.548 -0.301423 -0.301423
5.79 -27.8962 187.98 -99.027 -0.292052 -0.292052
5.8 -28.2257 235.878 -76.2747 -0.288545 -0.288545
5.81 -28.5314 276.568 -54.1885 -0.293923 -0.293923
5.82 -28.7942 311.887 -32.295 -0.305697 -0.305697
5.83 -29.0137 348.639 -10.0408 -0.31692 -0.31692
5.84 -29.1991 392.969 13.175 -0.319445 -0.319445
5.85 -29.3556 444.794 38.2535 -0.306021 -0.306021
5.86 -29.4826 498.476 66.175 -0.278554 -0.278554
5.87 -29.5799 547.349 97.0573 -0.249264 -0.249264
5.88 -29.6512 586.663 129.543 -0.233097 -0.233097
5.89 -29.6968 614.587 161.418 -0.240378 -0.240378
5.9 -29.7101 632.157 190.793 -0.272856 -0.272856
5.91 -29.6784 641.671 216.844 -0.325502 -0.325502
5.92 -29.5845 645.565 239.694 -0.386228 -0.386228
5.93 -29.4167 646.439 260.291 -0.438314 -0.438314
5.94 -29.1689 645.956 280.28 -0.469915 -0.469915
5.95 -28.8398 643.431 301.32 -0.481036 -0.481036
5.96 -28.4318 635.908 323.939 -0.477442 -0.477442
5.97 -27.9541 620.112 347.215 -0.461317 -0.461317
5.98 -27.4211 594.437 369.492 -0.434841 -0.434841
5.99 -26.8456 558.57 389.052 -0.407487 -0.407487
6 -26.2305 511.387 404.353 -0.393294 -0.393294
6.01 -25.5656 450.421 414.176 -0.397993 -0.397993
6.02 -24.8337 374.227 418.132 -0.41295 -0.41295
6.03 -24.0175 283.961 417.232 -0.424099 -0.424099
6.04 -23.1029 182.877 413.341 -0.41921 -0.41921
6.05 -22.0907 75.8437 407.457 -0.394309 -0.394309
6.06 -21.0044 -31.6361 398.813 -0.34733 -0.34733
6.07 -19.8884 -134.782 385.583 -0.272983 -0.272983
6.08 -18.8077 -230.097 366.064 -0.184054 -0.184054
6.09 -17.831 -316.462 339.281 -0.102878 -0.102878
6.1 -17.0219 -395.18 305.26 -0.0322344 -0.0322344
6.11 -16.4334 -467.549 265.12 0.0332885 0.0332885
6.12 -16.107 -532.731 221.028 0.0752863 0.0752863
6.13 -16.053 -588.11 175.525 0.0615035 0.0615035
6.14 -16.265 -629.391 130.693 -0.0146747 -0.0146747
6.15 -16.7263 -650.49 87.8897 -0.128801 -0.128801
6.16 -17.4098 -646.046 47.8043 -0.241699 -0.241699
6.17 -18.2855 -613.856 10.429 -0.315274 -0.315274
6.18 -19.3244 -555.222 -24.7044 -0.328404 -0.328404
6.19 -20.4988 -474.79 -57.7278 -0.284828 -0.284828
6.2 -21.7769 -379.775 -87.6581 -0.207158 -0.207158
6.21 -23.1265 -276.522 -112.752 -0.122977 -0.122977
6.22 -24.5267 -166.739 -131.763 -0.0570071 -0.0570071
6.23 -25.9726 -47.8624 -144.751 -0.0277537 -0.0277537
6.24 -27.4554 82.6405 -152.906 -0.0471728 -0.0471728
6.25 -28.9606 222.547 -156.907 -0.10989 -0.10989
6.26 -30.4511 363.819 -156.383 -0.193486 -0.193486
6.27 -31.8607 495.009 -150.428 -0.27445 -0.27445
6.28 -33.1269 606.981 -138.54 -0.309444 -0.309444
6.29 -34.1943 698.617 -120.928 -0.248426 -0.248426
6.3 -35.0366 777.36 -98.2273 -0.0922793 -0.0922793
6.31 -35.6486 851.896 -71.4874 0.104042 0.104042
6.32 -36.0267 923.083 -42.6467 0.274089 0.274089
6.33 -36.1713 982.928 -14.8217 0.366118 0.366118
6.34 -36.0896 1019.61 8.41906 0.344695 0.344695
6.35 -35.7957 1023.88 24.7075 0.212231 0.212231
6.36 -35.3106 994.159 33.6586 0.0310289 0.0310289
6.37 -34.6826 939.589 36.5365 -0.114102 -0.114102
6.38 -33.967 876.604 35.2355 -0.172662 -0.172662
6.39 -33.221 817.608 31.5067 -0.138901 -0.138901
6.4 -32.4771 762.48 26.6301 -0.0328907 -0.0328907
6.41 -31.7455 703.748 21.5151 0.105948 0.105948
6.42 -31.0351 636.25 17.2731 0.220961 0.220961
6.43 -30.3433 558.825 15.6517 0.262514 0.262514
6.44 -29.6489 472.729 18.6213 0.217885 0.217885
6.45 -28.9228 382.196 27.199 0.115075 0.115075
6.46 -28.1404 293.696 40.8047 0.00163983 0.00163983
6.47 -27.2821 211.799 57.7627 -0.0768941 -0.0768941
6.48 -26.3308 136.058 76.1627 -0.0909452 -0.0909452
6.49 -25.2809 63.1005 94.6443 -0.0389538 -0.0389538
6.5 -24.1517 -9.13611 112.601 0.0552872 0.0552872
6.51 -22.975 -80.7806 130.251 0.146765 0.146765
6.52 -21.8022 -151.345 147.38 0.171107 0.171107
6.53 -20.6757 -222.453 163.978 0.113618 0.113618
6.54 -19.6177 -297.394 180.002 0.0367889 0.0367889
6.55 -18.6475 -376.274 195.032 -0.0228128 -0.0228128
6.56 -17.7863 -453.575 208.176 -0.0696722 -0.0696722
6.57 -17.0576 -520.877 218.524 -0.0789484 -0.0789484
6.58 -16.4852 -570.703 225.153 -0.0186857 -0.0186857
6.59 -16.0908 -599.888 227.645 0.0922423 0.0922423
6.6 -15.8827 -610.877 225.978 0.194374 0.194374
6.61 -15.8614 -609.803 219.799 0.243329 0.243329
6.62 -16.0295 -602.389 208.16 0.236529 0.236529
6.63 -16.3825 -591.501 189.73 0.191416 0.191416
6.64 -16.9124 -576.534 163.698 0.123253 0.123253
6.65 -17.6041 -554.102 130.848 0.0532207 0.0532207
6.66 -18.4342 -520.379 93.7218 0.0122148 0.0122148
6.67 -19.376 -472.81 55.7713 0.0202248 0.0202248
6.68 -20.4097 -409.594 20.3058 0.0692624 0.0692624
6.69 -21.5289 -329.057 -10.3571 0.132858 0.132858
6.7 -22.7356 -230.757 -34.7345 0.186412 0.186412
6.71 -24.0267 -117.634 -51.624 0.217348 0.217348
6.72 -25.3839 3.45771 -60.4649 0.225395 0.225395
6.73 -26.7832 125.089 -62.4285 0.212527 0.212527
6.74 -28.1962 243.882 -61.3091 0.178616 0.178616
6.75 -29.611 359.87 -62.101 0.137456 0.137456
6.76 -31.0118 475.019 -69.2439 0.0929532 0.0929532
6.77 -32.3902 592.493 -83.9969 0.0330078 0.0330078
6.78 -33.7434 714.908 -104.448 -0.00991522 -0.00991522
6.79 -35.0711 841.57 -127.147 0.00311901 0.00311901
6.8 -36.3741 967.406 -148.656 0.0626467 0.0626467
6.81 -37.6559 1085.37 -167.151 0.173178 0.173178
6.82 -38.8957 1189.23 -181.992 0.369128 0.369128
6.83 -40.0732 1274.38 -193.465 0.648741 0.648741
6.84 -41.138 1336.05 -202.856 0.966254 0.966254
6.85 -42.0175 1370.22 -211.774 1.28457 1.28457
6.86 -42.6427 1376.98 -221.324 1.55909 1.55909
6.87 -42.9461 1359.96 -231.631 1.71767 1.71767
6.88 -42.8777 1323.14 -241.771 1.74145 1.74145
6.89 -42.4052 1267.47 -250.339 1.66443 1.66443
6.9 -41.52 1191.67 -255.559 1.48648 1.48648
6.91 -40.254 1096.09 -255.92 1.21963 1.21963
6.92 -38.6778 984.496 -251.159 0.966795 0.966795
6.93 -36.8823 860.086 -242.673 0.837335 0.837335
6.94 -34.9497 721.608 -232.256 0.834605 0.834605
6.95 -32.9384 565.483 -220.315 0.881002 0.881002
6.96 -30.889 391.578 -205.596 0.903113 0.903113
6.97 -28.8332 205.832 -186.74 0.866447 0.866447
6.98 -26.7986 17.4763 -163.798 0.782832 0.782832
6.99 -24.8012 -165.308 -139.258 0.692187 0.692187
7 -22.8332 -336.811 -115.672 0.568352 0.568352
7.01 -20.9481 -489.612 -93.7819 0.372804 0.372804
7.02 -19.2153 -616.141 -74.6147 0.202027 0.202027
7.03 -17.6781 -713.87 -58.215 0.155872 0.155872
7.04 -16.3971 -788.53 -43.2851 0.169932 0.169932
7.05 -15.3629 -853.301 -26.5239 0.12749 0.12749
7.06 -14.5412 -918.918 -3.69392 0.044246 0.044246
7.07 -13.8904 -986.036 28.4852 0.0349107 0.0349107
7.08 -13.3562 -1046.17 71.3242 0.162502 0.162502
7.09 -12.8835 -1088.8 124.127 0.399128 0.399128
7.1 -12.4165 -1107.15 184.538 0.693131 0.693131
7.11 -11.9244 -1099.34 248.962 1.05157 1.05157
7.12 -11.4159 -1066.79 312.786 1.47868 1.47868
7.13 -10.9392 -1013.75 371.704 1.8645 1.8645
7.14 -10.5645 -947.022 422.902 2.0741 2.0741
7.15 -10.3686 -873.817 465.327 2.07962 2.07962
7.16 -10.4225 -798.853 499.144 1.93887 1.93887
7.17 -10.7748 -723.088 525.475 1.72687 1.72687
7.18 -11.4462 -644.068 546.089 1.50088 1.50088
7.19 -12.4237 -556.645 562.717 1.30757 1.30757
7.2 -13.6725 -455.14 575.861 1.19564 1.19564
7.21 -15.1513 -335.29 584.637 1.18886 1.18886
7.22 -16.817 -193.733 587.466 1.25341 1.25341
7.23 -18.6415 -28.5904 582.69 1.30875 1.30875
7.24 -20.6186 157.486 569.023 1.29705 1.29705
7.25 -22.7393 356.515 546.058 1.20102 1.20102
7.26 -24.9958 557.769 514.161 1.02714 1.02714
7.27 -27.3638 751.78 474.435 0.828498 0.828498
7.28 -29.8041 932.914 427.595 0.650518 0.650518
7.29 -32.3055 1098.46 374.351 0.50345 0.50345
7.3 -34.7879 1248.7 315.384 0.411733 0.411733
7.31 -37.1921 1386.78 251.731 0.373941 0.373941
7.32 -39.4408 1514.41 185.013 0.298153 0.298153
7.33 -41.4854 1630.99 117.469 0.0798933 0.0798933
7.34 -43.2881 1725.99 51.5267 -0.141641 -0.141641
7.35 -44.7294 1785.86 -11.395 0.0918895 0.0918895
7.36 -45.7868 1805.76 -73.6474 1.04235 1.04235
7.37 -46.4617 1787.27 -135.672 2.39991 2.39991
7.38 -46.7003 1737.77 -198.181 3.7544 3.7544
7.39 -46.5259 1661.54 -260.315 4.92358 4.92358
7.4 -45.9413 1559.7 -320.812 5.64671 5.64671
7.41 -44.9827 1433.7 -378.448 5.57087 5.57087
7.42 -43.7153 1288.76 -432.178 4.6973 4.6973
7.43 -42.2193 1130.34 -480.614 3.5001 3.5001
7.44 -40.5545 958.564 -522.471 2.52763 2.52763
7.45 -38.7557 768.053 -556.864 2.05825 2.05825
7.46 -36.8408 554.956 -583.363 2.09784 2.09784
7.47 -34.808 323.328 -601.299 2.4989 2.4989
7.48 -32.6571 85.5112 -610.046 2.98057 2.98057
7.49 -30.4376 -142.35 -608.898 3.15568 3.15568
7.5 -28.158 -348.415 -599.376 2.73954 2.73954
7.51 -25.8795 -528.793 -584.723 1.68749 1.68749
7.52 -23.6802 -683.526 -568.196 0.0814762 0.0814762
7.53 -21.6476 -812.201 -550.778 -1.84114 -1.84114
7.54 -19.8808 -917.366 -532.166 -3.6629 -3.6629
7.55 -18.4513 -1003.43 -510.471 -5.05272 -5.05272
7.56 -17.3935 -1076.45 -484.47 -5.81514 -5.81514
7.57 -16.6297 -1144.67 -453.448 -5.84199 -5.84199
7.58 -16.114 -1206.96 -416.606 -5.2551 -5.2551
7.59 -15.7875 -1250.84 -372.806 -4.39716 -4.39716
7.6 -15.6083 -1259.38 -320.922 -3.64052 -3.64052
7.61 -15.5253 -1224.37 -261.292 -3.21642 -3.21642
7.62 -15.5171 -1151.4 -195.268 -3.1494 -3.1494
7.63 -15.5547 -1054.63 -124.239 -3.29295 -3.29295
7.64 -15.638 -946.97 -48.8832 -3.41993 -3.41993
7.65 -15.7907 -834.876 30.8067 -3.31715 -3.31715
7.66 -16.0441 -718.023 114.674 -2.86011 -2.86011
7.67 -16.4335 -592.264 201.748 -2.05701 -2.05701
7.68 -16.9667 -455.921 290.49 -1.05303 -1.05303
7.69 -17.6226 -313.025 379.127 -0.0893938 -0.0893938
7.7 -18.3525 -168.074 466.479 0.614557 0.614557
7.71 -19.1403 -19.674 551.486 0.938271 0.938271
7.72 -19.9876 136.509 633.599 0.825302 0.825302
7.73 -20.8836 300.968 712.278 0.293606 0.293606
7.74 -21.8072 470.131 786.688 -0.476073 -0.476073
7.75 -22.7698 638.369 854.377 -1.23567 -1.23567
7.76 -23.7907 800.653 911.602 -2.08386 -2.08386
7.77 -24.8553 954.614 956.404 -3.5082 -3.5082
7.78 -25.9669 1095.66 987.401 -5.69649 -5.69649
7.79 -27.1193 1216.67 1002.84 -8.2054 -8.2054
7.8 -28.2626 1312.7 1002.1 -10.4138 -10.4138
7.81 -29.3873 1382.08 984.245 -11.9287 -11.9287
7.82 -30.4555 1430.32 949.253 -12.5293 -12.5293
7.83 -31.4726 1467.77 896.821 -12.0149 -12.0149
7.84 -32.4443 1506.16 828.832 -10.4535 -10.4535
7.85 -33.4299 1550 747.758 -8.37015 -8.37015
7.86 -34.4554 1595.49 656.991 -6.46018 -6.46018
7.87 -35.5431 1634.62 559.538 -5.25651 -5.25651
7.88 -36.7094 1657.4 457.277 -4.91487 -4.91487
7.89 -37.9238 1653.4 350.999 -5.18026 -5.18026
7.9 -39.1092 1614.22 241.463 -5.57941 -5.57941
7.91 -40.1513 1535.68 130.081 -5.6229 -5.6229
7.92 -40.9139 1420.6 18.605 -4.95924 -4.95924
7.93 -41.2822 1279.33 -91.5606 -3.51717 -3.51717
7.94 -41.1871 1126.22 -199.867 -1.55417 -1.55417
7.95 -40.6211 972.622 -306.096 0.460468 0.460468
7.96 -39.6271 821.762 -410.133 2.0245 2.0245
7.97 -38.3044 669.281 -511.54 2.79186 2.79186
7.98 -36.7664 507.525 -609.223 2.63909 2.63909
7.99 -35.1122 331.034 -700.211 1.55841 1.55841
8 -33.5138 139.751 -780.574 -0.216937 -0.216937
8.01 -32.0109 -63.3154 -846.747 -2.1568 -2.1568
8.02 -30.6268 -275.345 -895.765 -3.86173 -3.86173
8.03 -29.2749 -494.936 -925.771 -5.3988 -5.3988
8.04 -27.878 -714.299 -935.4 -7.09366 -7.09366
8.05 -26.3537 -918.767 -927.246 -9.00341 -9.00341
8.06 -24.6398 -1097.27 -906.679 -10.9018 -10.9018
8.07 -22.7819 -1245.01 -877.217 -12.6747 -12.6747
8.08 -20.7565 -1366.26 -842.602 -14.196 -14.196
8.09 -18.709 -1463.73 -802.391 -15.0657 -15.0657
8.1 -16.6909 -1539.43 -755.543 -14.8087 -14.8087
8.11 -14.8434 -1591.82 -699.668 -13.4026 -13.4026
8.12 -13.3118 -1618.42 -632.892 -11.4376 -11.4376
8.13 -12.1689 -1618.28 -555.66 -9.59157 -9.59157
8.14 -11.4926 -1590.35 -469.033 -8.27265 -8.27265
8.15 -11.3097 -1534.3 -373.831 -7.68757 -7.68757
8.16 -11.5548 -1451.4 -270.162 -7.82116 -7.82116
8.17 -12.1341 -1343.2 -159.1 -8.33328 -8.33328
8.18 -12.9407 -1210.79 -43.6072 -8.65353 -8.65353
8.19 -13.872 -1055.05 72.0289 -8.30798 -8.30798
8.2 -14.8519 -877.921 183.253 -7.18677 -7.18677
8.21 -15.8222 -683.768 287.27 -5.51027 -5.51027
8.22 -16.7921 -479.494 382.552 -3.69494 -3.69494
8.23 -17.7396 -272.608 471.713 -2.26622 -2.26622
8.24 -18.5444 -70.3872 557.895 -1.6519 -1.6519
8.25 -19.3851 122.07 643.703 -2.12705 -2.12705
8.26 -20.2621 301.994 731.591 -3.77087 -3.77087
8.27 -21.1529 467.65 821.942 -6.16599 -6.16599
8.28 -22.0218 618.321 913.121 -8.58419 -8.58419
8.29 -22.8339 753.528 1002.22 -10.485 -10.485
8.3 -23.5658 874.294 1085.29 -11.6173 -11.6173
8.31 -24.1631 979.085 1158.01 -11.9165 -11.9165
8.32 -24.5849 1063.19 1215.58 -11.6622 -11.6622
8.33 -24.7583 1125.15 1258.58 -11.4304 -11.4304
8.34 -24.7325 1167.3 1288.02 -11.5864 -11.5864
8.35 -24.5529 1191.4 1303.81 -12.1874 -12.1874
8.36 -24.2729 1198.08 1305.61 -13.1377 -13.1377
8.37 -23.9643 1184.63 1291.65 -14.1508 -14.1508
8.38 -23.6157 1149.44 1263.09 -14.7809 -14.7809
8.39 -23.2948 1092.97 1222.05 -14.6551 -14.6551
8.4 -23.0521 1017.9 1171.15 -13.7113 -13.7113
8.41 -22.8458 927.053 1112.9 -12.2189 -12.2189
8.42 -22.6634 821.364 1048.19 -10.5849 -10.5849
8.43 -22.4593 701.644 977.029 -9.13591 -9.13591
8.44 -22.1981 569.302 898.673 -8.05752 -8.05752
8.45 -21.8338 425.672 812.533 -7.40377 -7.40377
8.46 -21.3339 272.227 718.553 -7.03128 -7.03128
8.47 -20.6923 111.72 617.061 -6.6195 -6.6195
8.48 -19.9405 -52.3684 508.645 -5.89998 -5.89998
8.49 -19.1234 -217.831 394.206 -4.92806 -4.92806
8.5 -18.3521 -383.325 276.234 -4.01122 -4.01122
8.51 -17.5519 -553.293 152.086 -3.4645 -3.4645
8.52 -16.7584 -720.803 25.5827 -3.65334 -3.65334
8.53 -16.2547 -877.172 -99.8046 -4.80681 -4.80681
8.54 -15.9592 -1014.99 -220.491 -6.69913 -6.69913
8.55 -15.9201 -1131.23 -333.307 -8.83651 -8.83651
8.56 -16.1155 -1227.29 -436.161 -10.7786 -10.7786
8.57 -16.4976 -1307.26 -528.187 -12.1192 -12.1192
8.58 -17.0123 -1373.94 -609.453 -12.5146 -12.5146
8.59 -17.6002 -1426.6 -680.866 -12.0727 -12.0727
8.6 -18.2035 -1463.42 -743.362 -11.3564 -11.3564
8.61 -18.7704 -1484.74 -796.441 -10.9036 -10.9036
8.62 -19.2357 -1492.26 -838.209 -11.0634 -11.0634
8.63 -19.5471 -1490.06 -869.937 -11.9339 -11.9339
8.64 -19.7439 -1478.67 -889.23 -13.1692 -13.1692
8.65 -19.8249 -1457.77 -893.039 -14.2249 -14.2249
8.66 -19.7908 -1427.07 -878.685 -14.7484 -14.7484
8.67 -19.6838 -1385.4 -845.556 -14.5772 -14.5772
8.68 -19.5679 -1330.11 -794.268 -13.6715 -13.6715
8.69 -19.4703 -1259.24 -726.798 -12.2244 -12.2244
8.7 -19.4308 -1173.34 -645.685 -10.6698 -10.6698
8.71 -19.465 -1075.74 -554.459 -9.4355 -9.4355
8.72 -19.5886 -968.554 -457.281 -8.70442 -8.70442
8.73 -19.82 -849.822 -358.021 -8.38803 -8.38803
8.74 -20.1751 -716.098 -258.97 -8.25302 -8.25302
8.75 -20.6552 -567.149 -160.446 -8.04489 -8.04489
8.76 -21.2434 -407.055 -61.5893 -7.53835 -7.53835
8.77 -21.9103 -241.711 38.1819 -6.59395 -6.59395
8.78 -22.7506 -73.1117 136.368 -5.33321 -5.33321
8.79 -23.5915 104.443 232.269 -4.17873 -4.17873
8.8 -24.443 296.583 322.769 -3.52775 -3.52775
8.81 -25.6405 507.15 404.366 -3.71834 -3.71834
8.82 -26.9746 734.579 475.15 -5.01092 -5.01092
8.83 -28.5855 971.432 534.507 -7.12697 -7.12697
8.84 -30.421 1204.04 582.553 -9.3919 -9.3919
8.85 -32.4083 1414.35 619.793 -11.2606 -11.2606
8.86 -34.4425 1587.01 646.13 -12.3758 -12.3758
8.87 -36.3916 1713.34 660.234 -12.4545 -12.4545
8.88 -38.0854 1799.43 662.127 -11.4515 -11.4515
8.89 -39.4366 1856.52 651.746 -9.83657 -9.83657
8.9 -40.3899 1899.55 629.956 -8.44572 -8.44572
8.91 -40.9674 1936.05 598.583 -7.90246 -7.90246
8.92 -41.168 1965.12 559.92 -8.18137 -8.18137
8.93 -41.0761 1982.43 515.943 -8.80008 -8.80008
8.94 -40.799 1983.02 468.31 -9.35592 -9.35592
8.95 -40.4615 1962.3 418.833 -9.65983 -9.65983
8.96 -40.1488 1915.86 369.603 -9.51667 -9.51667
8.97 -39.902 1842.88 321.884 -8.75821 -8.75821
8.98 -39.7197 1745.28 275.474 -7.50498 -7.50498
8.99 -39.5424 1626.36 229.13 -6.17477 -6.17477
9 -39.2777 1490.1 181.315 -5.15495 -5.15495
9.01 -38.8281 1341.38 130.763 -4.56436 -4.56436
9.02 -38.1149 1185.85 77.093 -4.31959 -4.31959
9.03 -37.104 1029.37 20.862 -4.27663 -4.27663
9.04 -35.8131 875.776 -36.7431 -4.25726 -4.25726
9.05 -34.298 724.73 -94.0719 -4.06607 -4.06607
9.06 -32.6604 572.86 -148.838 -3.69433 -3.69433
9.07 -30.9902 415.29 -198.945 -3.42092 -3.42092
9.08 -29.388 248.461 -241.481 -3.51391 -3.51391
9.09 -27.8563 70.6911 -275.533 -4.06111 -4.06111
9.1 -26.3411 -115.464 -300.195 -5.10283 -5.10283
9.11 -24.9463 -306.866 -316.342 -6.58871 -6.58871
9.12 -23.5577 -501.464 -325.604 -8.25961 -8.25961
9.13 -22.0951 -695.669 -330.491 -9.70219 -9.70219
9.14 -20.5284 -882.13 -333.362 -10.5538 -10.5538
9.15 -18.833 -1052.79 -335.268 -10.7504 -10.7504
9.16 -17.0522 -1199.25 -336.726 -10.476 -10.476
9.17 -15.2722 -1316.99 -337.973 -9.97627 -9.97627
9.18 -13.5919 -1409.46 -338.828 -9.5056 -9.5056
9.19 -12.1155 -1485.09 -338.36 -9.23115 -9.23115
9.2 -10.9296 -1551.59 -334.322 -9.22714 -9.22714
9.21 -10.0939 -1610.91 -323.654 -9.52185 -9.52185
9.22 -9.6262 -1659.74 -304.474 -9.98374 -9.98374
9.23 -9.48385 -1693.25 -277.487 -10.2898 -10.2898
9.24 -9.59947 -1707.28 -245.493 -10.1725 -10.1725
9.25 -9.9073 -1698.68 -212.456 -9.64154 -9.64154
9.26 -10.3261 -1665.91 -182.11 -8.9022 -8.9022
9.27 -10.798 -1607.22 -156.762 -8.16882 -8.16882
9.28 -11.3423 -1517.85 -136.965 -7.58405 -7.58405
9.29 -12.013 -1392.42 -121.768 -7.22688 -7.22688
9.3 -12.8895 -1230.04 -108.406 -7.10396 -7.10396
9.31 -14.055 -1036.57 -92.8804 -7.10482 -7.10482
9.32 -15.5735 -820.996 -71.5541 -7.03356 -7.03356
9.33 -17.4833 -591.11 -42.9288 -6.71828 -6.71828
9.34 -19.7766 -353.112 -8.03079 -6.10033 -6.10033
9.35 -22.3705 -113.992 30.3995 -5.24514 -5.24514
9.36 -25.356 122.555 67.8129 -4.34193 -4.34193
9.37 -28.0828 357.642 102.524 -3.59928 -3.59928
9.38 -30.8078 593.657 130.625 -3.21585 -3.21585
9.39 -33.5115 830.291 149.556 -3.46368 -3.46368
9.4 -35.9533 1067.18 157.985 -4.3326 -4.3326
9.41 -38.1859 1303.26 155.584 -5.4009 -5.4009
9.42 -40.2124 1537.63 142.922 -6.32743 -6.32743
9.43 -42.1383 1766.29 121.607 -6.97914 -6.97914
9.44 -44.0606 1977.78 95.2042 -7.16249 -7.16249
9.45 -45.9576 2154.5 69.7274 -6.6581 -6.6581
9.46 -47.6833 2293.42 44.1824 -5.45171 -5.45171
9.47 -49.3773 2399.16 19.4485 -3.96 -3.96
9.48 -51.0118 2477.24 -4.06326 -2.80748 -2.80748
9.49 -52.4717 2531.42 -26.4796 -2.07774 -2.07774
9.5 -53.6489 2565.68 -49.7675 -1.48282 -1.48282
9.51 -54.4611 2579.04 -75.4356 -1.01951 -1.01951
9.52 -54.8496 2565.74 -104.683 -0.816673 -0.816673
9.53 -54.699 2520.61 -136.554 -0.780695 -0.780695
9.54 -54.021 2447.2 -169.153 -0.709975 -0.709975
9.55 -52.9153 2353.07 -200.199 -0.574981 -0.574981
9.56 -51.4707 2243.04 -227.016 -0.412736 -0.412736
9.57 -49.7928 2118.54 -247.93 -0.160489 -0.160489
9.58 -47.9901 1978.45 -262.866 0.224009 0.224009
9.59 -46.1616 1823.46 -273.17 0.650212 0.650212
9.6 -44.382 1655.95 -280.669 0.977339 0.977339
9.61 -42.6792 1476.8 -286.981 1.15626 1.15626
9.62 -41.0292 1283.42 -293.268 1.24953 1.24953
9.63 -39.3683 1072.74 -300.488 1.32014 1.32014
9.64 -37.6232 846.905 -309.345 1.30094 1.30094
9.65 -35.7565 615.149 -320.332 0.989313 0.989313
9.66 -33.7618 388.975 -333.266 0.314139 0.314139
9.67 -31.6323 175.829 -347.543 -0.540606 -0.540606
9.68 -29.2997 -24.6386 -362.219 -1.57067 -1.57067
9.69 -26.9044 -217.537 -375.708 -3.06609 -3.06609
9.7 -24.5361 -405.813 -385.557 -5.04039 -5.04039
9.71 -22.2251 -593.146 -389.686 -7.07775 -7.07775
9.72 -20.0695 -777.453 -387.998 -8.7466 -8.7466
9.73 -18.1652 -955.096 -381.635 -9.80425 -9.80425
9.74 -16.4865 -1124.78 -371.547 -10.2389 -10.2389
9.75 -15.0565 -1278.41 -359.68 -10.084 -10.084
9.76 -13.8454 -1408.58 -347.901 -9.29996 -9.29996
9.77 -12.8329 -1513.63 -337.68 -8.22234 -8.22234
9.78 -11.9777 -1597.05 -329.547 -7.54622 -7.54622
9.79 -11.2507 -1662.12 -322.737 -7.63482 -7.63482
9.8 -10.6625 -1707.3 -315.37 -8.28197 -8.28197
9.81 -10.1984 -1729.34 -305.201 -9.08727 -9.08727
9.82 -9.91329 -1723.02 -289.855 -9.75935 -9.75935
9.83 -9.87581 -1681.75 -267.78 -10.0707 -10.0707
9.84 -10.1019 -1604.45 -238.009 -9.79708 -9.79708
9.85 -10.6569 -1494.37 -200.535 -8.89516 -8.89516
9.86 -11.5446 -1356.78 -156.215 -7.6341 -7.6341
9.87 -12.7654 -1195.42 -106.187 -6.40718 -6.40718
9.88 -14.2941 -1012.45 -51.6258 -5.46522 -5.46522
9.89 -16.0817 -809.79 6.3951 -4.86488 -4.86488
9.9 -18.057 -590.096 66.8848 -4.56497 -4.56497
9.91 -20.1447 -355.758 128.859 -4.44235 -4.44235
9.92 -22.3523 -109.925 190.345 -4.33668 -4.33668
9.93 -24.512 150.726 252.498 -4.26195 -4.26195
9.94 -26.5295 426.744 317.432 -4.2949 -4.2949
9.95 -28.6309 715.131 385.279 -4.21874 -4.21874
9.96 -30.7497 1010.71 452.683 -4.02095 -4.02095
9.97 -32.9631 1305.58 516.601 -4.25857 -4.25857
9.98 -35.2276 1591.56 573.531 -5.17704 -5.17704
9.99 -37.5393 1858.96 620.921 -6.32338 -6.32338
10 -39.9266 2091.09 652.742 -7.26764 -7.26764
