0.1 -3.105 -2.07112e-012 -1.70786e-012 -1.3372e-011 -1.3372e-011
0.2 -6.21 -6.43463e-012 -5.14844e-012 -1.49828e-011 -1.49828e-011
0.3 -9.315 -7.55085e-012 -5.59175e-012 -1.70526e-011 -1.70526e-011
0.4 -12.42 -7.77201e-012 -5.52425e-012 -4.40968e-011 -4.40968e-011
0.5 -15.525 -7.75557e-012 -5.3797e-012 -5.77159e-011 -5.77159e-011
0.6 -18.63 -7.72937e-012 -5.26157e-012 -2.65123e-011 -2.65123e-011
0.7 -21.735 -7.71339e-012 -5.16032e-012 -6.34175e-012 -6.34175e-012
0.8 -24.84 -7.66986e-012 -5.09104e-012 -2.20207e-011 -2.20207e-011
0.9 -27.945 -7.66631e-012 -5.08305e-012 -1.99609e-011 -1.99609e-011
1 -31.05 -7.69251e-012 -5.09681e-012 4.59416e-011 4.59416e-011
0.01 -31.0508 -6.78774e-006 7.51703e-007 7.17208e-006 7.17208e-006
0.02 -31.0533 -4.04243e-006 4.80048e-007 6.38089e-005 6.38089e-005
0.03 -31.057 1.52716e-006 -1.14828e-007 0.000241967 0.000241967
0.04 -31.0615 -7.18236e-007 1.42321e-007 0.000554357 0.000554357
0.05 -31.0666 5.49511e-007 3.48806e-007 0.000903114 0.000903114
0.06 -31.072 -9.68858e-008 4.33765e-007 0.00115313 0.00115313
0.07 -31.0768 -1.81746e-007 2.4232e-006 0.00120965 0.00120965
0.08 -31.0803 -4.99116e-006 -3.53521e-006 0.00108265 0.00108265
0.09 -31.0817 -1.83793e-006 -5.37343e-006 0.000894965 0.000894965
0.1 -31.0805 -2.45567e-006 -3.08076e-006 0.00073623 0.00073623
0.11 -31.0765 -3.69148e-007 -2.31125e-006 0.000579537 0.000579537
0.12 -31.0699 3.87172e-007 -1.70434e-006 0.000354904 0.000354904
0.13 -31.0613 6.43919e-007 -2.0836e-006 8.93519e-005 8.93519e-005
0.14 -31.0514 -5.8647e-007 3.64911e-007 -5.43619e-005 -5.43619e-005
0.15 -31.0412 -5.87119e-007 5.47389e-007 9.78295e-006 9.78295e-006
0.16 -31.0314 -9.90555e-007 7.17431e-007 9.94084e-005 9.94084e-005
0.17 -31.0228 -2.28024e-008 1.33649e-007 0.000146842 0.000146842
0.18 -31.0155 -5.84967e-007 5.36362e-007 0.00053262 0.00053262
0.19 -31.0095 -4.19896e-008 2.75974e-008 0.00139916 0.00139916
0.2 -31.0044 -2.85925e-007 4.55525e-008 0.00223439 0.00223439
0.21 -30.9996 -5.11539e-007 1.93095e-007 0.00258098 0.00258098
0.22 -30.9945 1.71426e-007 -8.30768e-008 0.00255354 0.00255354
0.23 -30.9885 -8.42691e-008 -1.41646e-007 0.00247229 0.00247229
0.24 -30.9814 3.43245e-008 -1.48951e-007 0.00242498 0.00242498
0.25 -30.9733 -9.43577e-009 -2.87611e-008 0.0023938 0.0023938
0.26 -30.9644 1.11964e-005 -3.54244e-005 0.00250434 0.00250434
0.27 -30.9552 -5.86633e-006 8.53242e-005 0.00284999 0.00284999
0.28 -30.9463 1.56123e-006 -8.81123e-005 0.0033881 0.0033881
0.29 -30.9381 -1.02823e-005 5.39093e-005 0.00396001 0.00396001
0.3 -30.9309 3.46815e-006 -2.29148e-005 0.00435526 0.00435526
0.31 -30.9249 9.65527e-006 -1.47408e-005 0.00461531 0.00461531
0.32 -30.9199 -5.80541e-006 6.01126e-005 0.00494665 0.00494665
0.33 -30.9157 -6.83219e-006 -5.38475e-005 0.00530979 0.00530979
0.34 -30.912 2.65903e-006 2.2259e-005 0.00543674 0.00543674
0.35 -30.9085 -1.15326e-006 -9.18148e-006 0.00539644 0.00539644
0.36 -30.905 4.50745e-007 3.8968e-006 0.00552584 0.00552584
0.37 -30.9016 5.95156e-006 -9.48544e-006 0.00582562 0.00582562
0.38 -30.8986 -1.13002e-005 9.77489e-006 0.00606761 0.00606761
0.39 -30.8964 3.08469e-006 -2.78983e-006 0.00614819 0.00614819
0.4 -30.8956 -1.94522e-006 1.26743e-006 0.00610367 0.00610367
0.41 -30.8965 7.48653e-007 -5.05273e-007 0.0060395 0.0060395
0.42 -30.8996 -3.89361e-007 1.91225e-007 0.00600391 0.00600391
0.43 -30.9048 1.27693e-007 -8.50294e-008 0.00593734 0.00593734
0.44 -30.912 -5.26441e-008 3.50208e-008 0.00582676 0.00582676
0.45 -30.9209 -7.33989e-008 -2.47792e-008 0.00575859 0.00575859
0.46 -30.931 3.68652e-007 6.05248e-008 0.00578967 0.00578967
0.47 -30.9416 -5.57648e-007 -6.53842e-008 0.0058707 0.0058707
0.48 -30.9521 2.47089e-007 4.55173e-008 0.00593333 0.00593333
0.49 -30.962 -2.07268e-009 -2.39861e-008 0.00596857 0.00596857
0.5 -30.9711 -2.00191e-007 -2.94617e-009 0.00598939 0.00598939
0.51 -30.9793 1.7691e-008 -8.3297e-009 0.00597757 0.00597757
0.52 -30.9868 8.1879e-008 3.86093e-008 0.00591283 0.00591283
0.53 -30.9939 1.07724e-007 -6.66811e-009 0.00581956 0.00581956
0.54 -31.0009 -7.66714e-007 -1.87067e-007 0.00574349 0.00574349
0.55 -31.0078 1.93103e-006 3.78969e-007 0.00568155 0.00568155
0.56 -31.0144 -5.29992e-006 -2.07103e-006 0.00557508 0.00557508
0.57 -31.0212 4.48906e-006 6.63684e-007 0.00536982 0.00536982
0.58 -31.0283 -1.37274e-005 -8.87477e-006 0.00508017 0.00508017
0.59 -31.0359 1.01491e-005 4.82659e-006 0.00475663 0.00475663
0.6 -31.0436 -1.36403e-005 -9.76936e-006 0.00443801 0.00443801
0.61 -31.0511 1.0038e-005 3.37035e-006 0.00415321 0.00415321
0.62 -31.0581 -1.12058e-005 -6.24439e-006 0.00390065 0.00390065
0.63 -31.0644 9.09812e-006 -8.507e-007 0.00369621 0.00369621
0.64 -31.0693 -1.06269e-005 3.78048e-006 0.00357104 0.00357104
0.65 -31.0725 1.34041e-005 -6.99285e-006 0.00357682 0.00357682
0.66 -31.074 -1.25562e-005 2.10665e-006 0.00376753 0.00376753
0.67 -31.0736 6.55871e-006 -4.12387e-006 0.0040613 0.0040613
0.68 -31.0714 -4.18906e-006 -1.92528e-006 0.00426559 0.00426559
0.69 -31.0677 -3.37666e-006 -4.90863e-006 0.004273 0.004273
0.7 -31.063 1.39117e-006 2.02234e-006 0.00413165 0.00413165
0.71 -31.0576 -5.7316e-007 -8.33201e-007 0.0039331 0.0039331
0.72 -31.0519 2.36141e-007 3.43277e-007 0.00373743 0.00373743
0.73 -31.046 -9.72895e-008 -1.41429e-007 0.00360029 0.00360029
0.74 -31.0404 4.0083e-008 5.82685e-008 0.00358245 0.00358245
0.75 -31.0354 -1.65218e-008 -2.40854e-008 0.00369775 0.00369775
0.76 -31.0314 6.83974e-009 9.91905e-009 0.0038848 0.0038848
0.77 -31.028 -2.82256e-009 -4.11079e-009 0.00405058 0.00405058
0.78 -31.0248 1.16648e-009 1.71772e-009 0.00413338 0.00413338
0.79 -31.021 -4.8336e-010 -7.31767e-010 0.00411887 0.00411887
0.8 -31.0164 2.01221e-010 3.25506e-010 0.00401975 0.00401975
0.81 -31.0107 1.53735e-010 -3.89491e-010 0.00389208 0.00389208
0.82 -31.0036 -1.07837e-010 2.25166e-010 0.00382386 0.00382386
0.83 -30.9948 7.1215e-011 -1.66984e-010 0.00379982 0.00379982
0.84 -30.9844 -6.01874e-011 1.25258e-010 0.00372787 0.00372787
0.85 -30.9729 4.39062e-011 -1.18029e-010 0.00367759 0.00367759
0.86 -30.9605 -3.22844e-011 1.14533e-010 0.0037834 0.0037834
0.87 -30.9483 2.41958e-011 -1.12975e-010 0.00396695 0.00396695
0.88 -30.9377 -1.83813e-011 1.12219e-010 0.00405945 0.00405945
0.89 -30.9296 2.53273e-011 -1.23263e-010 0.00404151 0.00404151
0.9 -30.924 -1.74931e-011 1.20241e-010 0.00399128 0.00399128
0.91 -30.9205 1.26557e-011 -1.18848e-010 0.00393457 0.00393457
0.92 -30.9191 -8.70648e-007 -1.27961e-007 0.00383957 0.00383957
0.93 -30.9209 -4.8887e-006 6.62756e-007 0.00371959 0.00371959
0.94 -30.926 1.32491e-006 -4.54582e-007 0.00362767 0.00362767
0.95 -30.9334 -7.51095e-007 -6.39186e-008 0.00357339 0.00357339
0.96 -30.9416 -1.89767e-006 1.19339e-007 0.0035132 0.0035132
0.97 -30.9498 2.16203e-006 -5.75344e-007 0.0034143 0.0034143
0.98 -30.9583 -5.23278e-006 1.68901e-007 0.00326101 0.00326101
0.99 -30.9674 2.99369e-007 -8.13358e-007 0.00308625 0.00308625
1 -30.9768 -4.15634e-006 -5.11483e-007 0.00309618 0.00309618
1.01 -30.9859 2.38377e-006 3.12888e-007 0.00310998 0.00310998
1.02 -30.9944 -4.77126e-006 -2.55499e-006 0.00249655 0.00249655
1.03 -31.0022 2.43887e-006 9.28432e-007 0.00151165 0.00151165
1.04 -31.0093 -3.08701e-006 -1.86133e-006 0.00114032 0.00114032
1.05 -31.0161 1.19531e-005 8.29977e-006 0.00151506 0.00151506
1.06 -31.023 -1.85158e-005 -1.36517e-005 0.00182959 0.00182959
1.07 -31.0303 1.80541e-005 1.03659e-005 0.00158458 0.00158458
1.08 -31.0377 -2.31718e-005 -1.09812e-005 0.00116028 0.00116028
1.09 -31.0449 1.33901e-005 -6.75367e-006 0.000899534 0.000899534
1.1 -31.0524 -2.15171e-005 1.71242e-005 0.000585797 0.000585797
1.11 -31.0616 2.7609e-005 -4.20937e-005 0.000168115 0.000168115
1.12 -31.0724 -3.75712e-005 5.81089e-005 5.50001e-005 5.50001e-005
1.13 -31.0838 -5.70658e-005 1.21223e-005 0.00056097 0.00056097
1.14 -31.0941 -6.4087e-005 6.36496e-005 0.00138093 0.00138093
1.15 -31.1011 -1.08501e-005 7.30638e-006 0.00190251 0.00190251
1.16 -31.1025 -4.55375e-005 -9.19581e-006 0.00194016 0.00194016
1.17 -31.097 2.66962e-005 -2.04636e-005 0.00184564 0.00184564
1.18 -31.085 -7.36298e-006 9.62751e-006 0.00196737 0.00196737
1.19 -31.0679 -6.3498e-006 -6.3973e-006 0.00207204 0.00207204
1.2 -31.0476 -1.20594e-006 2.31068e-006 0.00154343 0.00154343
1.21 -31.0266 -3.78635e-006 -2.62795e-006 0.00044462 0.00044462
1.22 -31.0076 -1.16604e-005 -5.45488e-006 -0.000348235 -0.000348235
1.23 -30.9933 4.28677e-006 1.67719e-006 -0.000526799 -0.000526799
1.24 -30.9857 -1.76614e-006 -6.90998e-007 -0.000556931 -0.000556931
1.25 -30.9846 7.27645e-007 2.8469e-007 -0.000301001 -0.000301001
1.26 -30.988 -2.98669e-007 -1.18566e-007 0.000541513 0.000541513
1.27 -30.9928 1.22059e-007 5.00859e-008 0.00124042 0.00124042
1.28 -30.9952 -4.87622e-008 -2.2617e-008 0.00124445 0.00124445
1.29 -30.9924 -1.11842e-005 3.20541e-006 0.000939023 0.000939023
1.3 -30.9827 5.99336e-006 -1.8318e-006 0.000627031 0.000627031
1.31 -30.9661 -1.53768e-005 6.3479e-006 0.000315089 0.000315089
1.32 -30.9435 -2.78159e-006 4.45906e-007 2.90029e-005 2.90029e-005
1.33 -30.9174 -3.25134e-006 1.15814e-006 -0.000169452 -0.000169452
1.34 -30.8906 -5.15959e-007 3.92185e-008 -4.34627e-005 -4.34627e-005
1.35 -30.8653 6.92127e-008 7.07067e-008 0.000244086 0.000244086
1.36 -30.8439 -5.9135e-006 3.20388e-006 0.000313164 0.000313164
1.37 -30.8288 9.27421e-007 -1.68898e-006 0.000816787 0.000816787
1.38 -30.8213 -1.11254e-005 8.88023e-006 0.00241288 0.00241288
1.39 -30.8204 -5.34487e-007 -4.45127e-006 0.00411791 0.00411791
1.4 -30.8233 -1.31493e-005 6.56059e-006 0.00462827 0.00462827
1.41 -30.8286 2.8315e-006 -3.48263e-006 0.00423987 0.00423987
1.42 -30.8368 -1.4604e-005 8.18623e-006 0.00383238 0.00383238
1.43 -30.8481 -5.72987e-006 4.00251e-006 0.00347141 0.00347141
1.44 -30.8622 -2.18107e-006 4.93891e-006 0.00294797 0.00294797
1.45 -30.8786 8.98591e-007 -2.03482e-006 0.00246171 0.00246171
1.46 -30.8978 -3.70216e-007 8.3834e-007 0.00243524 0.00243524
1.47 -30.9208 1.52526e-007 -3.45395e-007 0.00293455 0.00293455
1.48 -30.9501 -6.24619e-008 1.4247e-007 0.00358302 0.00358302
1.49 -30.9887 2.48422e-008 -5.77424e-008 0.00402235 0.00402235
1.5 -31.0389 -8.66133e-005 -1.34218e-006 0.00418513 0.00418513
1.51 -31.0997 -5.60332e-005 4.22648e-005 0.00436718 0.00436718
1.52 -31.1666 4.8278e-005 -2.01325e-005 0.00516527 0.00516527
1.53 -31.2338 -2.46101e-005 -1.98435e-005 0.00670299 0.00670299
1.54 -31.2977 -3.26443e-005 -4.11846e-005 0.00855976 0.00855976
1.55 -31.3546 -2.49582e-005 -1.27333e-005 0.0108062 0.0108062
1.56 -31.4001 -2.52487e-007 -1.60059e-006 0.0137197 0.0137197
1.57 -31.4313 -1.9374e-005 -2.30832e-005 0.0169299 0.0169299
1.58 -31.4473 4.45742e-006 7.92989e-006 0.0198145 0.0198145
1.59 -31.4497 -1.85829e-005 -7.57987e-006 0.0216539 0.0216539
1.6 -31.4431 4.55311e-006 4.28959e-006 0.0216473 0.0216473
1.61 -31.4344 -4.26963e-005 -3.04843e-005 0.0203271 0.0203271
1.62 -31.4301 2.74029e-006 8.42098e-006 0.0193092 0.0193092
1.63 -31.4312 0.000415395 -0.000349519 0.0187701 0.0187701
1.64 -31.4316 7.09821e-006 -5.80649e-005 0.0180653 0.0180653
1.65 -31.4232 -0.000265933 0.000141687 0.0181887 0.0181887
1.66 -31.3991 8.91268e-005 -9.16768e-005 0.0200868 0.0200868
1.67 -31.3561 -9.48971e-005 -2.73665e-006 0.0221502 0.0221502
1.68 -31.2941 1.03159e-005 -9.15457e-006 0.0223189 0.0223189
1.69 -31.214 -1.52967e-005 8.75395e-007 0.0206738 0.0206738
1.7 -31.1209 -4.67534e-006 -1.21645e-005 0.0184429 0.0184429
1.71 -31.0233 -4.92265e-005 -2.57461e-005 0.0164196 0.0164196
1.72 -30.931 1.6392e-005 9.42805e-006 0.0150652 0.0150652
1.73 -30.8517 -7.09989e-006 -3.92941e-006 0.0142154 0.0142154
1.74 -30.7897 9.0827e-007 1.25857e-006 0.0130302 0.0130302
1.75 -30.7444 -3.69889e-005 2.72549e-006 0.0120853 0.0120853
1.76 -30.7104 -0.000107773 4.95056e-005 0.0135037 0.0135037
1.77 -30.6798 -6.26816e-005 4.52946e-005 0.0180111 0.0180111
1.78 -30.6465 5.39224e-006 -6.1752e-006 0.0238065 0.0238065
1.79 -30.6071 -5.86004e-006 -5.28368e-006 0.0289157 0.0289157
1.8 -30.5603 -2.08688e-005 7.14479e-006 0.0328886 0.0328886
1.81 -30.5065 -2.92613e-005 -2.96118e-005 0.0354418 0.0354418
1.82 -30.4494 -4.70093e-006 5.43892e-006 0.0358568 0.0358568
1.83 -30.3954 -6.7179e-006 -2.59476e-006 0.0344333 0.0344333
1.84 -30.3522 -1.51822e-005 -4.07361e-005 0.0327171 0.0327171
1.85 -30.3265 -1.10019e-006 4.55615e-006 0.0321449 0.0321449
1.86 -30.323 -5.3798e-006 -3.63248e-006 0.0331074 0.0331074
1.87 -30.3421 2.17345e-006 3.08244e-006 0.0347979 0.0347979
1.88 -30.3766 -1.20822e-006 -4.44176e-005 0.0356809 0.0356809
1.89 -30.4155 -5.66712e-006 1.0518e-005 0.0351527 0.0351527
1.9 -30.4511 2.85831e-005 -5.95602e-005 0.0343443 0.0343443
1.91 -30.4823 -4.26832e-005 5.36177e-005 0.0341009 0.0341009
1.92 -30.5111 -9.47691e-006 1.2583e-005 0.033905 0.033905
1.93 -30.5416 -1.37738e-005 1.79288e-005 0.0334558 0.0334558
1.94 -30.5799 -0.000131712 -0.000115147 0.0332601 0.0332601
1.95 -30.6345 -9.78679e-005 -2.52025e-005 0.0332043 0.0332043
1.96 -30.7119 -9.23508e-005 -5.8674e-005 0.0321343 0.0321343
1.97 -30.8133 -2.89505e-005 2.58609e-005 0.029282 0.029282
1.98 -30.9351 -1.48556e-005 -3.30407e-006 0.0251954 0.0251954
1.99 -31.0703 8.22254e-006 2.16362e-005 0.0214903 0.0214903
2 -31.2094 3.27856e-006 -4.93585e-006 0.0195912 0.0195912
2.01 -31.3428 6.66299e-006 1.13131e-005 0.0189455 0.0189455
2.02 -31.4626 -5.07515e-006 -2.06014e-006 0.0169122 0.0169122
2.03 -31.5652 -8.15592e-005 3.27292e-005 0.012142 0.012142
2.04 -31.6523 -8.90494e-005 2.95474e-005 0.00839778 0.00839778
2.05 -31.7279 -9.00939e-005 6.99337e-005 0.0115448 0.0115448
2.06 -31.7957 -4.39046e-005 2.04974e-005 0.0217919 0.0217919
2.07 -31.8607 -3.7188e-005 6.68166e-006 0.0333175 0.0333175
2.08 -31.929 -2.86601e-005 -1.15621e-005 0.0419401 0.0419401
2.09 -32.0035 -2.81165e-005 -1.69059e-005 0.0479536 0.0479536
2.1 -32.081 -1.40733e-005 -4.15616e-006 0.051744 0.051744
2.11 -32.1527 -2.0396e-005 8.76212e-006 0.0519109 0.0519109
2.12 -32.2094 -3.34277e-005 -1.59795e-006 0.0482894 0.0482894
2.13 -32.2446 -2.14006e-005 2.15405e-005 0.043812 0.043812
2.14 -32.2547 4.37855e-006 -6.42401e-007 0.0420765 0.0420765
2.15 -32.2385 1.26404e-006 -1.57847e-006 0.043968 0.043968
2.16 -32.1969 4.80572e-006 -1.54886e-005 0.0465372 0.0465372
2.17 -32.1321 -4.73305e-006 3.35424e-006 0.046898 0.046898
2.18 -32.0499 5.40749e-007 2.70421e-006 0.0466089 0.0466089
2.19 -31.9574 -1.85523e-007 -5.02911e-007 0.0477101 0.0477101
2.2 -31.8591 8.15173e-008 6.34333e-007 0.0486139 0.0486139
2.21 -31.7559 -2.41709e-007 -1.5738e-007 0.0474775 0.0474775
2.22 -31.6474 4.61225e-008 9.84035e-008 0.045364 0.045364
2.23 -31.5328 1.27261e-007 -3.51519e-007 0.0443059 0.0443059
2.24 -31.4105 1.32701e-008 4.88805e-008 0.0445279 0.0445279
2.25 -31.2779 3.32435e-007 -1.42192e-008 0.0450473 0.0450473
2.26 -31.1336 -8.08256e-007 4.50699e-007 0.0455559 0.0455559
2.27 -30.9788 1.3444e-006 -1.03805e-006 0.0463808 0.0463808
2.28 -30.8151 -1.48137e-006 1.19544e-006 0.0473247 0.0473247
2.29 -30.6451 1.69762e-006 -1.44437e-006 0.0476735 0.0476735
2.3 -30.4735 -7.56044e-007 1.81363e-007 0.0471712 0.0471712
2.31 -30.3055 -3.89548e-005 -1.51717e-006 0.0469187 0.0469187
2.32 -30.1452 -5.19658e-005 -6.91475e-005 0.0490617 0.0490617
2.33 -29.9966 2.78478e-005 -5.25781e-005 0.0542721 0.0542721
2.34 -29.8629 1.15684e-005 -3.17586e-005 0.0616765 0.0616765
2.35 -29.7474 2.10908e-005 -9.82022e-006 0.07134 0.07134
2.36 -29.6524 8.21315e-006 -1.60498e-005 0.0826114 0.0826114
2.37 -29.5809 1.08519e-005 -1.56074e-005 0.0921194 0.0921194
2.38 -29.5352 -1.14361e-006 3.1268e-006 0.0964162 0.0964162
2.39 -29.5155 -7.50553e-006 -7.64973e-006 0.0950486 0.0950486
2.4 -29.5199 1.1283e-006 2.93652e-006 0.0900376 0.0900376
2.41 -29.5473 1.76803e-005 -5.89481e-005 0.0834397 0.0834397
2.42 -29.5965 -1.41783e-005 -3.19635e-005 0.0771381 0.0771381
2.43 -29.6651 -1.14222e-005 5.60971e-006 0.0734588 0.0734588
2.44 -29.7511 -8.41454e-006 -5.1122e-006 0.0737743 0.0737743
2.45 -29.8541 -2.72309e-005 -6.03255e-006 0.0774567 0.0774567
2.46 -29.9739 -7.44882e-006 -2.52998e-006 0.0824536 0.0824536
2.47 -30.1102 -2.4196e-005 -1.67505e-005 0.0864027 0.0864027
2.48 -30.2627 9.9711e-006 6.92033e-006 0.0878033 0.0878033
2.49 -30.4316 -4.61016e-006 -2.70012e-006 0.0865066 0.0865066
2.5 -30.6165 6.34206e-008 1.95677e-006 0.0832747 0.0832747
2.51 -30.816 -6.33655e-006 3.54615e-006 0.0793697 0.0793697
2.52 -31.0265 -4.94983e-006 5.12351e-006 0.0763361 0.0763361
2.53 -31.243 -8.03315e-006 7.42563e-006 0.0754038 0.0754038
2.54 -31.46 3.30964e-006 -3.05934e-006 0.0768255 0.0768255
2.55 -31.6714 -1.25514e-005 1.39903e-005 0.0797832 0.0797832
2.56 -31.8716 -3.38922e-006 6.24428e-006 0.082932 0.082932
2.57 -32.0554 7.21087e-007 -3.69681e-006 0.0850452 0.0850452
2.58 -32.2187 -9.59775e-005 6.11248e-005 0.0856771 0.0856771
2.59 -32.3594 -0.00028846 0.00022218 0.0862937 0.0862937
2.6 -32.4785 -0.000138322 8.24821e-005 0.0888747 0.0888747
2.61 -32.5765 -0.000116143 -2.06841e-005 0.0936717 0.0936717
2.62 -32.6537 -6.04908e-005 -1.48764e-005 0.100619 0.100619
2.63 -32.7098 -6.0486e-005 -5.25961e-005 0.109018 0.109018
2.64 -32.7461 8.81018e-006 1.40864e-005 0.115802 0.115802
2.65 -32.7676 -1.25592e-006 1.39168e-005 0.117832 0.117832
2.66 -32.7796 -0.000804968 0.000702565 0.114969 0.114969
2.67 -32.784 -0.000470341 0.000424395 0.109193 0.109193
2.68 -32.7768 0.000183418 -0.000168229 0.102328 0.102328
2.69 -32.7525 -0.000198566 0.000142573 0.0964394 0.0964394
2.7 -32.709 -1.15562e-005 -1.94547e-005 0.0939224 0.0939224
2.71 -32.6461 -3.91906e-005 -4.50712e-005 0.095583 0.095583
2.72 -32.5636 1.7022e-005 5.7182e-005 0.100088 0.100088
2.73 -32.4586 -1.40265e-005 -2.48077e-005 0.105283 0.105283
2.74 -32.3269 -2.61759e-005 -3.60149e-005 0.109153 0.109153
2.75 -32.1664 8.20089e-006 1.3663e-005 0.110298 0.110298
2.76 -31.9793 -1.08805e-006 -8.41343e-006 0.108454 0.108454
2.77 -31.7707 -2.55768e-006 6.74679e-006 0.104563 0.104563
2.78 -31.5461 4.42607e-006 -6.40037e-006 0.100325 0.100325
2.79 -31.3093 -2.67229e-006 1.98424e-006 0.0974623 0.0974623
2.8 -31.0627 2.49633e-006 -2.55783e-006 0.0969963 0.0969963
2.81 -30.811 -4.6434e-007 -5.70386e-006 0.0988931 0.0988931
2.82 -30.562 -1.82472e-006 -7.94582e-006 0.102198 0.102198
2.83 -30.3239 -1.1424e-006 -6.82946e-006 0.105504 0.105504
2.84 -30.1024 -2.22021e-006 -4.39988e-006 0.10752 0.10752
2.85 -29.901 1.45833e-006 3.28172e-006 0.107555 0.107555
2.86 -29.7218 -2.44615e-006 -2.62184e-005 0.105745 0.105745
2.87 -29.5664 5.23605e-006 -2.18999e-005 0.102778 0.102778
2.88 -29.4342 9.51943e-005 -0.000173839 0.100152 0.100152
2.89 -29.3236 3.60056e-005 -0.000115491 0.101286 0.101286
2.9 -29.2323 -2.66581e-005 1.12059e-005 0.109244 0.109244
2.91 -29.158 8.35888e-005 -0.000126287 0.122435 0.122435
2.92 -29.0982 1.11381e-005 -3.50246e-005 0.135714 0.135714
2.93 -29.0509 2.86009e-005 -6.56728e-005 0.144673 0.144673
2.94 -29.0176 -1.86038e-005 1.13964e-005 0.1472 0.1472
2.95 -29.0022 2.73187e-005 -5.9773e-005 0.142818 0.142818
2.96 -29.0103 1.08322e-005 -8.42599e-006 0.133151 0.133151
2.97 -29.0489 -1.39167e-005 2.37136e-006 0.122253 0.122253
2.98 -29.1265 -7.61771e-006 -3.81192e-006 0.114607 0.114607
2.99 -29.2498 -7.48837e-008 2.96007e-006 0.11305 0.11305
3 -29.42 -2.57155e-006 9.42612e-008 0.117656 0.117656
3.01 -29.6323 -1.0019e-006 -1.00221e-006 0.125676 0.125676
3.02 -29.8778 -9.59105e-006 -6.70434e-006 0.133196 0.133196
3.03 -30.1465 -3.50052e-005 -3.49245e-005 0.137247 0.137247
3.04 -30.4284 -2.49798e-005 -2.37797e-005 0.136482 0.136482
3.05 -30.7147 -2.98836e-005 -3.81136e-005 0.131252 0.131252
3.06 -30.998 -2.78837e-005 1.00306e-005 0.123658 0.123658
3.07 -31.273 -6.25515e-005 -7.12501e-006 0.116558 0.116558
3.08 -31.5369 -3.24495e-005 4.59704e-005 0.112358 0.112358
3.09 -31.7903 -1.73173e-005 -5.25146e-005 0.112129 0.112129
3.1 -32.0363 -2.57548e-006 6.68638e-005 0.115063 0.115063
3.11 -32.2767 -3.88205e-005 5.50362e-005 0.119395 0.119395
3.12 -32.5074 -3.27731e-005 5.4662e-005 0.123812 0.123812
3.13 -32.7195 -0.000126865 0.000156263 0.127388 0.127388
3.14 -32.9039 -0.000116826 0.000106513 0.129091 0.129091
3.15 -33.0553 1.31881e-005 -1.95265e-006 0.128982 0.128982
3.16 -33.1713 -6.21687e-005 4.48818e-005 0.130127 0.130127
3.17 -33.2534 0.000154182 -0.000197357 0.136606 0.136606
3.18 -33.3054 -0.00020005 3.88849e-005 0.147997 0.147997
3.19 -33.3319 -6.18525e-005 6.2126e-005 0.158659 0.158659
3.2 -33.3365 -6.13756e-005 1.55598e-006 0.163827 0.163827
3.21 -33.3241 6.81365e-005 4.53957e-005 0.163829 0.163829
3.22 -33.3007 -9.03493e-005 0.000110454 0.161358 0.161358
3.23 -33.2701 -0.000141809 6.89321e-005 0.157679 0.157679
3.24 -33.2308 -1.98831e-005 2.35344e-006 0.153242 0.153242
3.25 -33.1771 8.28282e-006 -1.21426e-006 0.149691 0.149691
3.26 -33.1007 -3.986e-006 1.08351e-006 0.149164 0.149164
3.27 -32.9912 1.92154e-006 -1.19441e-006 0.151952 0.151952
3.28 -32.8379 -8.65941e-007 2.20492e-006 0.156119 0.156119
3.29 -32.6361 -1.15258e-007 -4.37431e-006 0.159585 0.159585
3.3 -32.3887 -6.46141e-007 7.96812e-006 0.161408 0.161408
3.31 -32.1044 -8.42656e-005 -0.000115206 0.161121 0.161121
3.32 -31.7947 -4.31579e-005 -8.397e-005 0.158385 0.158385
3.33 -31.4726 1.43087e-005 2.41476e-005 0.154014 0.154014
3.34 -31.1543 -3.13293e-005 -4.82181e-005 0.150217 0.150217
3.35 -30.8569 3.80199e-006 5.67555e-006 0.148731 0.148731
3.36 -30.5919 1.16588e-006 -2.18342e-005 0.1495 0.1495
3.37 -30.3611 9.10031e-007 1.55294e-005 0.151228 0.151228
3.38 -30.1589 -2.98397e-006 -0.000104204 0.152621 0.152621
3.39 -29.9751 4.74485e-006 3.29033e-005 0.153572 0.153572
3.4 -29.7991 2.78744e-005 -0.000177511 0.154247 0.154247
3.41 -29.6244 4.33074e-005 -0.000138712 0.153854 0.153854
3.42 -29.4491 0.000193284 -0.000293982 0.152068 0.152068
3.43 -29.2744 3.27247e-005 -5.38918e-005 0.150204 0.150204
3.44 -29.1051 0.000196864 -0.000224461 0.149905 0.149905
3.45 -28.9507 -7.99322e-005 7.31639e-005 0.151079 0.151079
3.46 -28.8249 0.000187042 -0.000186832 0.151754 0.151754
3.47 -28.7413 -7.2846e-005 6.81914e-005 0.151668 0.151668
3.48 -28.7094 3.37108e-005 -3.23817e-005 0.154638 0.154638
3.49 -28.7328 -8.25148e-006 8.26078e-006 0.162424 0.162424
3.5 -28.8099 7.38124e-006 -6.86357e-006 0.168831 0.168831
3.51 -28.9359 -4.44016e-006 3.92431e-006 0.167156 0.167156
3.52 -29.1013 -2.54906e-006 4.07525e-006 0.159749 0.159749
3.53 -29.2915 -8.49581e-009 -1.26984e-007 0.153329 0.153329
3.54 -29.4924 -8.6616e-006 1.30868e-005 0.150129 0.150129
3.55 -29.6955 1.69862e-006 -1.1511e-006 0.148815 0.148815
3.56 -29.8997 -8.6854e-007 9.45956e-007 0.149453 0.149453
3.57 -30.1094 -1.29885e-006 5.71002e-006 0.153184 0.153184
3.58 -30.3304 -2.04099e-006 -6.64773e-007 0.158809 0.158809
3.59 -30.5675 -7.96286e-006 4.77277e-006 0.162997 0.162997
3.6 -30.8224 -2.35058e-005 1.76265e-005 0.163641 0.163641
3.61 -31.0925 9.68463e-006 -7.26162e-006 0.16136 0.16136
3.62 -31.372 -8.35305e-005 8.26901e-005 0.157869 0.157869
3.63 -31.6544 6.69234e-006 2.53769e-006 0.15433 0.15433
3.64 -31.9328 -3.13096e-005 4.5326e-005 0.15168 0.15168
3.65 -32.199 3.66031e-005 -2.48949e-005 0.151041 0.151041
3.66 -32.4447 0.000972773 -0.00155219 0.152921 0.152921
3.67 -32.666 0.000603308 -0.000945745 0.156337 0.156337
3.68 -32.8627 -0.000259251 0.0004372 0.159412 0.159412
3.69 -33.0357 0.000108458 -0.000181004 0.16098 0.16098
3.7 -33.1852 -3.70502e-005 7.36487e-005 0.160846 0.160846
3.71 -33.3093 4.69763e-006 2.30748e-006 0.159071 0.159071
3.72 -33.4042 -6.84328e-005 7.49613e-005 0.156254 0.156254
3.73 -33.4638 -2.75963e-006 3.56796e-005 0.15352 0.15352
3.74 -33.4824 -0.000188752 0.000187908 0.152059 0.152059
3.75 -33.4569 -4.31954e-005 4.36244e-005 0.153314 0.153314
3.76 -33.3846 2.9154e-005 -1.94324e-005 0.157723 0.157723
3.77 -33.2646 -8.76626e-006 8.31561e-006 0.162638 0.162638
3.78 -33.1004 2.58967e-006 -1.27704e-006 0.164423 0.164423
3.79 -32.8994 5.43806e-007 -3.3494e-006 0.163016 0.163016
3.8 -32.6714 -9.28386e-007 1.61007e-006 0.160716 0.160716
3.81 -32.4269 3.98759e-007 -1.09226e-006 0.158263 0.158263
3.82 -32.177 -1.18877e-006 2.90033e-008 0.155537 0.155537
3.83 -31.9322 8.40522e-007 -1.70006e-006 0.153641 0.153641
3.84 -31.6971 7.19506e-007 -1.13093e-006 0.154021 0.154021
3.85 -31.4684 -1.49036e-006 -2.60414e-006 0.156497 0.156497
3.86 -31.2397 3.10059e-006 -4.04488e-006 0.159443 0.159443
3.87 -31.0065 2.70234e-006 -1.05237e-005 0.161478 0.161478
3.88 -30.7673 4.06823e-006 -1.6636e-005 0.162183 0.162183
3.89 -30.5224 1.73311e-006 -8.54361e-007 0.161592 0.161592
3.9 -30.2743 4.45091e-006 -2.24174e-005 0.159889 0.159889
3.91 -30.0306 1.24038e-005 -3.90024e-005 0.15767 0.15767
3.92 -29.8055 -4.89726e-005 -8.35381e-005 0.155901 0.155901
3.93 -29.6149 -1.03112e-005 -0.000131884 0.15524 0.15524
3.94 -29.47 4.08516e-005 -2.97603e-005 0.155647 0.155647
3.95 -29.3766 -1.47093e-005 1.39975e-005 0.156814 0.156814
3.96 -29.3357 -5.7155e-005 -0.000356215 0.158334 0.158334
3.97 -29.3429 -4.21164e-005 -0.000151089 0.159422 0.159422
3.98 -29.3864 1.67005e-005 6.19942e-005 0.159471 0.159471
3.99 -29.4508 -6.08919e-006 -2.60599e-005 0.158785 0.158785
4 -29.523 2.51439e-006 1.07975e-005 0.157724 0.157724
4.01 -29.598 -9.50214e-008 -5.34746e-006 0.156399 0.156399
4.02 -29.6761 -2.09446e-007 3.43615e-006 0.155505 0.155505
4.03 -29.7594 -1.40752e-006 2.13595e-006 0.155554 0.155554
4.04 -29.8531 -7.41097e-008 8.76637e-007 0.156447 0.156447
4.05 -29.9655 -4.94627e-007 1.42479e-006 0.158426 0.158426
4.06 -30.1024 1.86841e-007 -2.65932e-007 0.160768 0.160768
4.07 -30.2641 -1.23207e-006 8.62737e-007 0.160711 0.160711
4.08 -30.448 -5.12863e-006 2.55154e-006 0.157739 0.157739
4.09 -30.6513 2.12629e-006 -9.34222e-007 0.155166 0.155166
4.1 -30.869 -1.48867e-005 1.1056e-005 0.154909 0.154909
4.11 -31.0941 -2.29145e-005 2.28797e-005 0.155704 0.155704
4.12 -31.32 -2.92225e-005 3.03336e-005 0.156417 0.156417
4.13 -31.5398 -1.92548e-005 9.57191e-006 0.157419 0.157419
4.14 -31.7488 -3.37289e-005 2.12907e-005 0.158726 0.158726
4.15 -31.9459 0.00155206 -0.00247696 0.159413 0.159413
4.16 -32.1327 0.000887698 -0.00140438 0.1589 0.1589
4.17 -32.308 -0.000356729 0.00055407 0.157849 0.157849
4.18 -32.4678 0.000152265 -0.00023627 0.157774 0.157774
4.19 -32.6068 -6.21592e-005 0.000106255 0.158043 0.158043
4.2 -32.7187 2.56099e-005 -4.37755e-005 0.155484 0.155484
4.21 -32.7983 -7.18533e-006 1.56584e-005 0.151162 0.151162
4.22 -32.8398 -1.51077e-005 1.41609e-005 0.150697 0.150697
4.23 -32.8398 -1.21056e-005 -2.59913e-005 0.15451 0.15451
4.24 -32.8005 -1.78355e-005 -7.93655e-006 0.157699 0.157699
4.25 -32.727 5.09732e-006 2.25349e-007 0.15836 0.15836
4.26 -32.6249 -3.68264e-005 -3.51861e-005 0.158484 0.158484
4.27 -32.5014 1.16182e-005 1.07913e-005 0.158767 0.158767
4.28 -32.3639 -4.47871e-006 -5.52668e-006 0.157741 0.157741
4.29 -32.2174 1.57491e-006 2.26563e-006 0.155356 0.155356
4.3 -32.0664 -8.65751e-007 -7.57191e-007 0.153324 0.153324
4.31 -31.9145 -3.28905e-007 -1.78811e-007 0.152835 0.152835
4.32 -31.7614 1.30234e-007 -9.78612e-007 0.153685 0.153685
4.33 -31.603 7.70613e-007 -1.39883e-006 0.155093 0.155093
4.34 -31.435 9.63532e-007 -1.41195e-006 0.156587 0.156587
4.35 -31.2552 1.49315e-006 -2.93464e-006 0.157837 0.157837
4.36 -31.0626 1.88108e-006 -1.36576e-006 0.158343 0.158343
4.37 -30.8579 1.4378e-006 -1.37991e-006 0.157784 0.157784
4.38 -30.6441 4.09802e-007 -4.29923e-006 0.15647 0.15647
4.39 -30.4306 9.74127e-007 1.04367e-006 0.155117 0.155117
4.4 -30.2319 -1.10806e-006 -9.34043e-006 0.154294 0.154294
4.41 -30.0623 1.77591e-006 -6.87851e-006 0.154199 0.154199
4.42 -29.9311 -6.00752e-007 -1.02134e-006 0.15478 0.15478
4.43 -29.8409 3.90774e-006 -2.93855e-005 0.155798 0.155798
4.44 -29.787 -1.62004e-006 1.21081e-005 0.156835 0.156835
4.45 -29.7599 1.12222e-005 -3.35122e-005 0.157464 0.157464
4.46 -29.7494 -4.62853e-006 1.37867e-005 0.157448 0.157448
4.47 -29.7464 9.4201e-006 -3.52392e-005 0.156841 0.156841
4.48 -29.7428 -3.88392e-006 1.45139e-005 0.155945 0.155945
4.49 -29.7348 1.7314e-006 -6.21787e-006 0.155148 0.155148
4.5 -29.7268 1.14511e-006 7.00649e-007 0.154745 0.154745
4.51 -29.7286 4.46697e-007 -7.50877e-007 0.154849 0.154849
4.52 -29.7502 -1.59861e-007 -1.35524e-007 0.155382 0.155382
4.53 -29.8014 3.77359e-007 -6.67339e-007 0.156113 0.156113
4.54 -29.8921 -1.27245e-006 2.82844e-006 0.156736 0.156736
4.55 -30.0277 -5.29079e-008 -6.13173e-007 0.157009 0.157009
4.56 -30.2052 9.94943e-009 3.68267e-007 0.156852 0.156852
4.57 -30.4153 1.47803e-007 -1.57525e-006 0.15637 0.15637
4.58 -30.6442 -5.33688e-006 6.09009e-006 0.155785 0.155785
4.59 -30.8742 -4.78477e-006 3.40546e-006 0.155337 0.155337
4.6 -31.086 -8.64247e-006 5.80827e-006 0.155189 0.155189
4.61 -31.2656 -1.77285e-005 1.85248e-005 0.155373 0.155373
4.62 -31.4094 3.25342e-006 -5.01751e-006 0.155795 0.155795
4.63 -31.522 -3.27379e-005 3.57324e-005 0.156274 0.156274
4.64 -31.6082 1.2817e-005 -1.43101e-005 0.156611 0.156611
4.65 -31.6707 -5.27396e-006 5.91335e-006 0.156681 0.156681
4.66 -31.7128 -2.39891e-005 3.34929e-005 0.156479 0.156479
4.67 -31.7404 -7.9771e-006 1.47781e-005 0.156112 0.156112
4.68 -31.7598 3.28655e-006 -6.08853e-006 0.155743 0.155743
4.69 -31.7745 -1.35541e-006 2.50756e-006 0.155513 0.155513
4.7 -31.7822 3.08009e-007 9.18556e-007 0.155497 0.155497
4.71 -31.7753 3.47239e-007 -1.13723e-006 0.155691 0.155691
4.72 -31.7465 -5.98375e-007 1.19654e-006 0.156004 0.156004
4.73 -31.6916 6.26826e-007 -1.10165e-006 0.156299 0.156299
4.74 -31.6083 -7.78594e-007 1.28642e-006 0.156458 0.156458
4.75 -31.4958 1.96319e-006 -3.06595e-006 0.156431 0.156431
4.76 -31.3556 -5.33554e-007 9.58922e-007 0.156248 0.156248
4.77 -31.1895 1.58493e-006 -2.01615e-006 0.155994 0.155994
4.78 -31.0007 9.47807e-007 -1.52634e-006 0.155774 0.155774
4.79 -30.7973 2.0613e-006 -1.36771e-006 0.155671 0.155671
4.8 -30.5901 8.03573e-007 -2.42712e-006 0.15572 0.15572
4.81 -30.3891 5.74061e-007 -1.67653e-006 0.155891 0.155891
4.82 -30.2018 -4.22562e-007 -4.27483e-006 0.156105 0.156105
4.83 -30.034 1.74919e-007 1.76124e-006 0.156271 0.156271
4.84 -29.8876 1.61508e-006 -1.55365e-005 0.156329 0.156329
4.85 -29.7616 1.62605e-006 -1.03906e-005 0.156263 0.156263
4.86 -29.6568 6.93125e-006 -1.61193e-005 0.156099 0.156099
4.87 -29.5776 -2.84297e-006 6.64268e-006 0.155905 0.155905
4.88 -29.5253 -2.08322e-006 4.14649e-007 0.155761 0.155761
4.89 -29.4956 6.64129e-005 -0.000140032 0.155705 0.155705
4.9 -29.4841 -2.5983e-005 6.11367e-005 0.155735 0.155735
4.91 -29.4894 1.13636e-005 -2.41777e-005 0.155834 0.155834
4.92 -29.5095 -4.64459e-006 9.92889e-006 0.155962 0.155962
4.93 -29.5384 2.00796e-006 -5.244e-006 0.156057 0.156057
4.94 -29.5701 -8.25743e-007 2.15898e-006 0.156085 0.156085
4.95 -29.6051 5.34523e-007 -7.94177e-007 0.156052 0.156052
4.96 -29.6486 8.31346e-007 4.85137e-006 0.155977 0.155977
4.97 -29.7063 -1.48099e-005 -1.05714e-005 0.155831 0.155831
4.98 -29.7845 -3.76915e-005 -7.2066e-005 0.155473 0.155473
4.99 -29.8913 1.63743e-005 3.41282e-005 0.154889 0.154889
5 -30.0317 -0.00011491 -0.000133491 0.154278 0.154278
5.01 -30.2017 -3.77932e-005 -4.16415e-005 0.153585 0.153585
5.02 -30.3929 9.54054e-005 0.000132642 0.152618 0.152618
5.03 -30.5976 -5.89623e-005 -4.46879e-005 0.151327 0.151327
5.04 -30.8068 -4.97059e-006 -1.09311e-005 0.149687 0.149687
5.05 -31.0086 -6.8864e-005 -5.38717e-005 0.148038 0.148038
5.06 -31.1936 1.10291e-005 2.50039e-005 0.146873 0.146873
5.07 -31.3573 2.41881e-005 5.03325e-005 0.146055 0.146055
5.08 -31.4957 -5.08774e-005 -4.0967e-005 0.145063 0.145063
5.09 -31.6059 -0.000148291 -9.33068e-005 0.143557 0.143557
5.1 -31.6891 -2.77125e-005 2.99011e-005 0.141265 0.141265
5.11 -31.7481 8.46366e-006 -1.32045e-005 0.138165 0.138165
5.12 -31.7815 -1.50362e-005 -1.9779e-005 0.135208 0.135208
5.13 -31.7856 -0.000183624 -0.000112927 0.133793 0.133793
5.14 -31.7621 -2.46487e-005 6.26599e-006 0.134105 0.134105
5.15 -31.7173 1.01149e-005 -2.38606e-006 0.135042 0.135042
5.16 -31.6566 -4.17027e-006 9.71477e-007 0.135641 0.135641
5.17 -31.5828 1.718e-006 -3.99508e-007 0.135962 0.135962
5.18 -31.4992 -7.29089e-007 1.12228e-007 0.13682 0.13682
5.19 -31.4084 7.64888e-007 -4.47793e-007 0.138146 0.138146
5.2 -31.3064 -1.67474e-007 -1.15646e-007 0.138569 0.138569
5.21 -31.1846 2.5338e-007 -2.11934e-007 0.137575 0.137575
5.22 -31.0386 2.78853e-006 -4.29236e-006 0.136245 0.136245
5.23 -30.8709 3.19581e-007 4.88947e-007 0.135528 0.135528
5.24 -30.6862 2.50559e-006 -3.76885e-006 0.135341 0.135341
5.25 -30.493 -3.20655e-007 4.8109e-007 0.13542 0.13542
5.26 -30.3041 4.52205e-007 -7.13174e-007 0.135953 0.135953
5.27 -30.1353 4.43367e-007 -2.16148e-008 0.136831 0.136831
5.28 -30.0032 5.80379e-007 2.01747e-007 0.137417 0.137417
5.29 -29.9239 -8.92459e-006 -5.58217e-006 0.13716 0.13716
5.3 -29.905 -0.00013515 -8.53872e-005 0.134761 0.134761
5.31 -29.94 -0.000136659 -8.41628e-005 0.129002 0.129002
5.32 -30.0131 -9.91196e-005 -4.56944e-005 0.119589 0.119589
5.33 -30.1059 2.24031e-005 2.45179e-005 0.104023 0.104023
5.34 -30.2003 5.14654e-005 9.353e-005 0.0794469 0.0794469
5.35 -30.2794 0.00013068 0.000103311 0.049104 0.049104
5.36 -30.3323 0.000114504 9.89701e-005 0.0205732 0.0205732
5.37 -30.3601 0.000184805 0.000320812 -0.00172849 -0.00172849
5.38 -30.3779 0.000111408 0.000137663 -0.0177719 -0.0177719
5.39 -30.4086 0.00042856 0.000620731 -0.0284683 -0.0284683
5.4 -30.4736 -0.000112742 0.000564165 -0.0340745 -0.0340745
5.41 -30.5875 -0.00047484 -0.000588996 -0.035472 -0.035472
5.42 -30.7549 8.42331e-005 0.000333106 -0.0350476 -0.0350476
5.43 -30.9692 -0.000382917 -0.000437821 -0.0352443 -0.0352443
5.44 -31.2166 0.000276222 0.000284095 -0.0375428 -0.0375428
5.45 -31.4762 -6.85171e-005 1.60936e-006 -0.0414494 -0.0414494
5.46 -31.7225 -8.02511e-005 -3.31766e-005 -0.0446974 -0.0446974
5.47 -31.9294 1.40034e-007 -7.79438e-006 -0.0448701 -0.0448701
5.48 -32.0775 -1.38969e-005 -9.62374e-006 -0.0406498 -0.0406498
5.49 -32.1581 7.29821e-007 -1.13469e-005 -0.0337651 -0.0337651
5.5 -32.1761 2.30878e-005 -3.26972e-005 -0.0287545 -0.0287545
5.51 -32.1494 -1.83903e-005 1.48052e-005 -0.0284857 -0.0284857
5.52 -32.1001 -8.17275e-006 -1.03769e-005 -0.0317225 -0.0317225
5.53 -32.046 -5.57651e-005 -4.31573e-005 -0.0361465 -0.0361465
5.54 -32.0021 -7.96778e-005 -8.4741e-005 -0.0407842 -0.0407842
5.55 -31.9765 0.00765289 0.0087021 -0.0468388 -0.0468388
5.56 -31.9699 0.00457142 0.00517041 -0.0523239 -0.0523239
5.57 -31.9707 -0.00186747 -0.00217284 -0.0513341 -0.0513341
5.58 -31.9652 0.000790878 0.000836499 -0.045734 -0.045734
5.59 -31.9429 -0.00504896 -0.00412657 -0.0469037 -0.0469037
5.6 -31.9034 -0.00125966 -0.0015054 -0.0633032 -0.0633032
5.61 -31.8411 -0.000196678 -0.000264158 -0.0919276 -0.0919276
5.62 -31.7607 -0.000708382 -0.000811057 -0.130795 -0.130795
5.63 -31.6695 -0.000121219 -0.000375872 -0.180898 -0.180898
5.64 -31.5717 -0.00045256 -0.000473364 -0.235447 -0.235447
5.65 -31.473 -0.000187231 -0.000308051 -0.282903 -0.282903
5.66 -31.3802 -0.000168192 -0.000355557 -0.309177 -0.309177
5.67 -31.3004 -6.25956e-005 -9.40405e-005 -0.309897 -0.309897
5.68 -31.2365 -0.000141403 -0.00017303 -0.297082 -0.297082
5.69 -31.1836 -5.78548e-005 -8.68782e-005 -0.283445 -0.283445
5.7 -31.1302 5.08728e-005 -0.00017147 -0.27384 -0.27384
5.71 -31.0643 -0.000447233 -0.000126118 -0.27043 -0.27043
5.72 -30.9794 -0.000839421 -0.00113978 -0.276806 -0.276806
5.73 -30.8723 8.27242e-005 -0.000230133 -0.293346 -0.293346
5.74 -30.7375 -3.00071e-005 7.57897e-005 -0.311968 -0.311968
5.75 -30.5679 9.96942e-006 -3.38918e-005 -0.322291 -0.322291
5.76 -30.3562 -5.66998e-006 9.85985e-006 -0.32119 -0.32119
5.77 -30.1 9.07684e-006 -2.18213e-005 -0.312517 -0.312517
5.78 -29.8036 0.000107012 -0.000128919 -0.301423 -0.301423
5.79 -29.4792 -4.98708e-006 8.86979e-006 -0.292052 -0.292052
5.8 -29.1498 0.00023885 -0.000277273 -0.288545 -0.288545
5.81 -28.8438 0.000278857 -0.000281266 -0.293923 -0.293923
5.82 -28.5808 0.000334388 -0.000260429 -0.305697 -0.305697
5.83 -28.3613 -0.00256483 0.00224248 -0.31692 -0.31692
5.84 -28.176 -0.000668539 0.000888346 -0.319445 -0.319445
5.85 -28.0192 0.00159171 -0.000614018 -0.306021 -0.306021
5.86 -27.8921 0.00657597 0.00302441 -0.278554 -0.278554
5.87 -27.7947 0.00923615 0.00991283 -0.249264 -0.249264
5.88 -27.7227 -0.00548853 -0.00463829 -0.233097 -0.233097
5.89 -27.6763 0.00303725 -0.00147868 -0.240378 -0.240378
5.9 -27.6636 0.0026735 0.00240509 -0.272856 -0.272856
5.91 -27.6969 0.00135357 0.00284727 -0.325502 -0.325502
5.92 -27.7909 -0.000399145 -0.000670305 -0.386228 -0.386228
5.93 -27.9589 0.000325009 0.000810304 -0.438314 -0.438314
5.94 -28.2067 -7.85718e-005 -0.000318866 -0.469915 -0.469915
5.95 -28.5358 2.61947e-006 0.000593552 -0.481036 -0.481036
5.96 -28.9438 5.78328e-005 0.000181747 -0.477442 -0.477442
5.97 -29.4214 8.32162e-005 0.000102943 -0.461317 -0.461317
5.98 -29.9543 0.000154712 0.000450769 -0.434841 -0.434841
5.99 -30.5296 0.000381982 0.00046065 -0.407487 -0.407487
6 -31.1448 -6.87826e-005 0.000600335 -0.393294 -0.393294
6.01 -31.8098 -0.000107082 0.000275376 -0.397993 -0.397993
6.02 -32.5415 -0.000664244 0.000549881 -0.41295 -0.41295
6.03 -33.357 -0.00215015 0.00178749 -0.424099 -0.424099
6.04 -34.2711 -0.00241611 0.00138811 -0.41921 -0.41921
6.05 -35.2829 -0.00419367 0.00125828 -0.394309 -0.394309
6.06 -36.3697 -0.00323298 0.000553161 -0.34733 -0.34733
6.07 -37.4857 -0.00290926 7.57381e-005 -0.272983 -0.272983
6.08 -38.566 -0.00283486 0.000546916 -0.184054 -0.184054
6.09 -39.5431 -0.00176017 0.000462329 -0.102878 -0.102878
6.1 -40.3514 -0.00350104 -0.000369922 -0.0322344 -0.0322344
6.11 -40.9382 -0.00143514 0.000345219 0.0332885 0.0332885
6.12 -41.266 -0.00157363 -0.000627181 0.0752863 0.0752863
6.13 -41.3204 -0.00375998 -0.00189455 0.0615035 0.0615035
6.14 -41.1081 -0.00523885 -0.00453745 -0.0146747 -0.0146747
6.15 -40.6475 -0.00221242 -0.00147629 -0.128801 -0.128801
6.16 -39.9639 -0.00205868 -0.000215194 -0.241699 -0.241699
6.17 -39.0883 -0.00197609 8.18298e-005 -0.315274 -0.315274
6.18 -38.0494 -0.00288564 -0.00241987 -0.328404 -0.328404
6.19 -36.8759 -0.00141739 -0.00178443 -0.284828 -0.284828
6.2 -35.5985 0.000154859 -0.00078309 -0.207158 -0.207158
6.21 -34.2488 -4.77557e-005 0.000117986 -0.122977 -0.122977
6.22 -32.8481 0.000156429 -0.000311265 -0.0570071 -0.0570071
6.23 -31.4031 0.000426256 -0.00114083 -0.0277537 -0.0277537
6.24 -29.9184 0.00336229 -0.00441227 -0.0471728 -0.0471728
6.25 -28.4122 0.012574 -0.0110748 -0.10989 -0.10989
6.26 -26.9207 0.00685395 -0.00656574 -0.193486 -0.193486
6.27 -25.5109 0.0126804 -0.00432875 -0.27445 -0.27445
6.28 -24.2456 -0.00268498 0.00327391 -0.309444 -0.309444
6.29 -23.1792 -0.00222132 0.00363633 -0.248426 -0.248426
6.3 -22.3363 -0.0109179 -0.00868067 -0.0922793 -0.0922793
6.31 -21.7239 -0.00400828 -0.00425425 0.104042 0.104042
6.32 -21.3465 0.00267115 0.00162046 0.274089 0.274089
6.33 -21.2016 0.000706689 9.37269e-005 0.366118 0.366118
6.34 -21.2841 0.00132199 0.000189948 0.344695 0.344695
6.35 -21.5774 0.00192254 -0.00208358 0.212231 0.212231
6.36 -22.0589 0.00574877 0.000943582 0.0310289 0.0310289
6.37 -22.6907 0.00155573 0.00120384 -0.114102 -0.114102
6.38 -23.4084 -0.000585605 -0.000467965 -0.172662 -0.172662
6.39 -24.1536 0.000310389 0.000151156 -0.138901 -0.138901
6.4 -24.8979 -6.15461e-005 -9.63615e-005 -0.0328907 -0.0328907
6.41 -25.6293 6.80793e-005 7.64649e-006 0.105948 0.105948
6.42 -26.3398 -3.59994e-005 -8.41267e-005 0.220961 0.220961
6.43 -27.0314 -5.85363e-007 -0.000180281 0.262514 0.262514
6.44 -27.7257 -0.000943923 -0.00100032 0.217885 0.217885
6.45 -28.4519 -0.00218409 -0.00158966 0.115075 0.115075
6.46 -29.2348 -0.00701689 -0.00166462 0.00163983 0.00163983
6.47 -30.0936 -0.00751022 0.00522186 -0.0768941 -0.0768941
6.48 -31.0435 0.00654411 0.000963601 -0.0909452 -0.0909452
6.49 -32.0916 -0.00851479 0.002211 -0.0389538 -0.0389538
6.5 -33.2251 -0.0112512 0.00495796 0.0552872 0.0552872
6.51 -34.4018 0.00467882 -0.00202405 0.146765 0.146765
6.52 -35.5717 -0.00186886 0.000893498 0.171107 0.171107
6.53 -36.6983 0.000807404 -0.000347345 0.113618 0.113618
6.54 -37.7566 -0.0003396 0.000389696 0.0367889 0.0367889
6.55 -38.7273 0.000358299 -0.000207484 -0.0228128 -0.0228128
6.56 -39.5887 0.000224423 -5.14087e-005 -0.0696722 -0.0696722
6.57 -40.3173 0.000111709 -4.24172e-005 -0.0789484 -0.0789484
6.58 -40.8869 -0.00432361 0.0044304 -0.0186857 -0.0186857
6.59 -41.282 -0.00208548 0.00155395 0.0922423 0.0922423
6.6 -41.4925 0.000462571 -0.000504703 0.194374 0.194374
6.61 -41.5121 -0.0018403 0.00170118 0.243329 0.243329
6.62 -41.3447 -0.000793488 0.000624467 0.236529 0.236529
6.63 -40.9923 0.000329935 -0.000259455 0.191416 0.191416
6.64 -40.4622 -0.000107704 0.000174432 0.123253 0.123253
6.65 -39.7708 6.28579e-005 -5.42233e-005 0.0532207 0.0532207
6.66 -38.9407 1.26687e-005 1.29813e-005 0.0122148 0.0122148
6.67 -37.9988 -8.24078e-005 -0.000227447 0.0202248 0.0202248
6.68 -36.965 -0.000141108 -5.32348e-005 0.0692624 0.0692624
6.69 -35.8459 -5.25787e-006 -3.79503e-005 0.132858 0.132858
6.7 -34.6391 2.82952e-006 -0.000205683 0.186412 0.186412
6.71 -33.3479 4.76561e-005 -0.000312873 0.217348 0.217348
6.72 -31.9902 -8.67863e-006 -8.14261e-005 0.225395 0.225395
6.73 -30.5932 0.000762382 -0.00161108 0.212527 0.212527
6.74 -29.1801 0.0119071 -0.0136568 0.178616 0.178616
6.75 -27.7651 0.00335684 0.00667022 0.137456 0.137456
6.76 -26.3605 -0.0260311 0.0222779 0.0929532 0.0929532
6.77 -24.9842 -0.00654929 0.0116674 0.0330078 0.0330078
6.78 -23.6333 0.00715196 0.00399405 -0.00991522 -0.00991522
6.79 -22.3011 0.000307487 0.000566065 0.00311901 0.00311901
6.8 -20.9893 0.0114984 -0.0146649 0.0626467 0.0626467
6.81 -19.7091 0.0127232 -0.0025542 0.173178 0.173178
6.82 -18.4726 0.00556756 -0.00260558 0.369128 0.369128
6.83 -17.2981 0.00597827 0.00074563 0.648741 0.648741
6.84 -16.2368 0.0200266 -0.0156383 0.966254 0.966254
6.85 -15.3563 0.0110112 -0.0122581 1.28457 1.28457
6.86 -14.7298 0.00585081 -0.00378778 1.55909 1.55909
6.87 -14.4231 0.00821624 -0.00244227 1.71767 1.71767
6.88 -14.4931 0.00960043 -0.00760879 1.74145 1.74145
6.89 -14.9676 -0.00346329 0.00232532 1.66443 1.66443
6.9 -15.8524 0.00147599 -0.000916947 1.48648 1.48648
6.91 -17.1187 -0.000676306 2.85787e-005 1.21963 1.21963
6.92 -18.695 5.02097e-005 -0.000619416 0.966795 0.966795
6.93 -20.4905 -0.000223949 -3.89625e-005 0.837335 0.837335
6.94 -22.4233 -0.00152495 -0.00183295 0.834605 0.834605
6.95 -24.4347 -0.00209267 -0.00154682 0.881002 0.881002
6.96 -26.4848 -0.0066811 -0.00307352 0.903113 0.903113
6.97 -28.5411 -0.00977093 0.00185716 0.866447 0.866447
6.98 -30.5777 0.00345013 0.00656098 0.782832 0.782832
6.99 -32.5835 0.0154939 -8.76908e-005 0.692187 0.692187
7 -34.5396 0.00623205 -0.00763919 0.568352 0.568352
7.01 -36.4134 -0.00372199 -0.001143 0.372804 0.372804
7.02 -38.1509 -0.0110319 -0.00993034 0.202027 0.202027
7.03 -39.6895 -0.00906664 0.00349675 0.155872 0.155872
7.04 -40.9739 -0.00341135 -0.00058752 0.169932 0.169932
7.05 -42.0092 -0.00392372 0.00178155 0.12749 0.12749
7.06 -42.8303 -0.0176552 -0.00861257 0.044246 0.044246
7.07 -43.4805 -0.0203802 -0.00221931 0.0349107 0.0349107
7.08 -44.0174 -0.0518621 0.0101974 0.162502 0.162502
7.09 -44.4903 -0.0570032 0.0239064 0.399128 0.399128
7.1 -44.9547 -0.00723762 -0.0132204 0.693131 0.693131
7.11 -45.4501 -0.0348556 0.0166745 1.05157 1.05157
7.12 -45.9555 -0.00842393 0.00232953 1.47868 1.47868
7.13 -46.4321 -0.0105964 0.00505971 1.8645 1.8645
7.14 -46.8073 -0.00746499 0.00792564 2.0741 2.0741
7.15 -47.0032 -0.00769538 0.00760729 2.07962 2.07962
7.16 -46.9494 -9.66519e-005 0.00133083 1.93887 1.93887
7.17 -46.5971 -0.000125156 0.0001581 1.72687 1.72687
7.18 -45.9263 -5.72313e-005 -1.11297e-006 1.50088 1.50088
7.19 -44.9487 0.000763053 0.00245227 1.30757 1.30757
7.2 -43.6977 -5.73973e-005 -0.000283157 1.19564 1.19564
7.21 -42.2202 0.00113598 0.00192397 1.18886 1.18886
7.22 -40.5567 0.0024277 0.00425959 1.25341 1.25341
7.23 -38.7299 0.00775313 0.00699408 1.30875 1.30875
7.24 -36.7474 -0.0329685 -0.0372969 1.29705 1.29705
7.25 -34.6209 -0.0130898 -0.0125858 1.20102 1.20102
7.26 -32.3765 0.00872461 0.00438934 1.02714 1.02714
7.27 -30.0163 0.00676673 -0.0188177 0.828498 0.828498
7.28 -27.5679 0.00902093 -0.00378178 0.650518 0.650518
7.29 -25.0653 -0.0148658 0.0158446 0.50345 0.50345
7.3 -22.5839 0.00915867 -0.00602129 0.411733 0.411733
7.31 -20.1794 0.00358772 0.00720098 0.373941 0.373941
7.32 -17.9374 0.0113446 -0.00412664 0.298153 0.298153
7.33 -15.899 0.0839465 0.00973858 0.0798933 0.0798933
7.34 -14.1136 0.168411 -0.0579117 -0.141641 -0.141641
7.35 -12.6694 0.156497 -0.145323 0.0918895 0.0918895
7.36 -11.5985 0.149133 -0.0565894 1.04235 1.04235
7.37 -10.9213 0.0468435 -0.0163372 2.39991 2.39991
7.38 -10.677 0.0496616 -0.0146664 3.7544 3.7544
7.39 -10.8521 0.0447067 -0.0335584 4.92358 4.92358
7.4 -11.4342 0.031195 -0.0352937 5.64671 5.64671
7.41 -12.3911 0.00779645 -0.0105283 5.57087 5.57087
7.42 -13.6568 -0.00259183 -0.00458067 4.6973 4.6973
7.43 -15.1533 -0.00695353 -0.00893513 3.5001 3.5001
7.44 -16.8185 -0.00917008 -0.00708182 2.52763 2.52763
7.45 -18.6189 -0.00539938 -0.00357752 2.05825 2.05825
7.46 -20.5373 -0.00795764 -0.00514919 2.09784 2.09784
7.47 -22.5742 -0.00456973 -0.000268778 2.4989 2.4989
7.48 -24.7165 -0.00251682 -0.00137005 2.98057 2.98057
7.49 -26.9422 -0.000247575 -0.0144718 3.15568 3.15568
7.5 -29.2188 -0.0499105 -0.0690169 2.73954 2.73954
7.51 -31.4993 -0.14826 -0.131303 1.68749 1.68749
7.52 -33.7098 -0.126687 -0.121079 0.0814762 0.0814762
7.53 -35.7344 -0.0511452 -0.0456533 -1.84114 -1.84114
7.54 -37.4995 -0.0832022 -0.0749002 -3.6629 -3.6629
7.55 -38.9284 -0.0585726 -0.00197778 -5.05272 -5.05272
7.56 -39.9936 -0.0216988 -0.0113727 -5.81514 -5.81514
7.57 -40.748 -0.0154343 -0.0111881 -5.84199 -5.84199
7.58 -41.2676 -0.0222855 -0.013046 -5.2551 -5.2551
7.59 -41.5945 -0.0481168 -0.0249848 -4.39716 -4.39716
7.6 -41.7831 -0.0996463 -0.071296 -3.64052 -3.64052
7.61 -41.8546 -0.0676899 -0.00862935 -3.21642 -3.21642
7.62 -41.8577 0.00925957 0.00608638 -3.1494 -3.1494
7.63 -41.8232 -0.00374929 -0.00312114 -3.29295 -3.29295
7.64 -41.7387 0.00188151 0.000494603 -3.41993 -3.41993
7.65 -41.5864 -0.00062921 -0.000612788 -3.31715 -3.31715
7.66 -41.3313 7.56299e-005 0.00136203 -2.86011 -2.86011
7.67 -40.9429 0.000326809 -0.00346723 -2.05701 -2.05701
7.68 -40.4107 0.00073913 -0.00601306 -1.05303 -1.05303
7.69 -39.7607 0.000423644 0.00938253 -0.0893938 -0.0893938
7.7 -39.0342 -0.0228524 -0.0229359 0.614557 0.614557
7.71 -38.255 -0.0679444 -0.0699162 0.938271 0.938271
7.72 -37.3747 -0.119152 -0.1019 0.825302 0.825302
7.73 -36.4866 -0.0249374 0.00539153 0.293606 0.293606
7.74 -35.5713 -0.00479679 -0.0028625 -0.476073 -0.476073
7.75 -34.6112 0.022629 0.00599443 -1.23567 -1.23567
7.76 -33.6188 0.041013 0.0359073 -2.08386 -2.08386
7.77 -32.5632 0.111215 0.149136 -3.5082 -3.5082
7.78 -31.4705 0.329714 0.323678 -5.69649 -5.69649
7.79 -30.3035 0.193742 0.177345 -8.2054 -8.2054
7.8 -29.1346 0.112918 0.10049 -10.4138 -10.4138
7.81 -27.9966 0.0437076 -0.0175146 -11.9287 -11.9287
7.82 -26.9285 0.00812454 0.0324102 -12.5293 -12.5293
7.83 -25.9232 0.0817238 0.0721891 -12.0149 -12.0149
7.84 -24.9397 0.0417298 0.0117348 -10.4535 -10.4535
7.85 -23.9469 -0.00601406 -0.00115297 -8.37015 -8.37015
7.86 -22.9251 0.0131973 -0.00988274 -6.46018 -6.46018
7.87 -21.8334 -0.00315329 0.00658921 -5.25651 -5.25651
7.88 -20.6687 0.00871416 -0.00489719 -4.91487 -4.91487
7.89 -19.4517 -0.00868853 0.0227092 -5.18026 -5.18026
7.9 -18.2661 -0.00140338 0.0113919 -5.57941 -5.57941
7.91 -17.2273 0.00180998 -0.010911 -5.6229 -5.6229
7.92 -16.4626 -6.23729e-005 0.00458281 -4.95924 -4.95924
7.93 -16.0975 -0.000578925 -0.0126417 -3.51717 -3.51717
7.94 -16.1926 -0.00427965 -0.00837433 -1.55417 -1.55417
7.95 -16.7681 -0.0188453 -0.0200718 0.460468 0.460468
7.96 -17.7864 0.0214017 0.0403523 2.0245 2.0245
7.97 -19.1104 0.00900623 0.0275598 2.79186 2.79186
7.98 -20.6457 -0.0544333 -0.0452218 2.63909 2.63909
7.99 -22.2716 -0.0274763 -0.00458892 1.55841 1.55841
8 -23.8671 -0.0387735 -0.0254226 -0.216937 -0.216937
8.01 -25.3639 0.00568249 -0.0355658 -2.1568 -2.1568
8.02 -26.7654 -0.0931559 -0.152637 -3.86173 -3.86173
8.03 -28.1381 -0.213484 -0.298146 -5.3988 -5.3988
8.04 -29.5783 -0.411768 -0.510986 -7.09366 -7.09366
8.05 -31.1075 -0.40375 -0.302529 -9.00341 -9.00341
8.06 -32.798 -0.298074 -0.156151 -10.9018 -10.9018
8.07 -34.6462 -0.138456 -0.0429084 -12.6747 -12.6747
8.08 -36.6437 -0.102844 -0.0249077 -14.196 -14.196
8.09 -38.693 -0.0798334 0.0191541 -15.0657 -15.0657
8.1 -40.6957 -0.0276288 -0.0258469 -14.8087 -14.8087
8.11 -42.5482 -0.0741249 -0.0732729 -13.4026 -13.4026
8.12 -44.0901 -0.118929 -0.0744788 -11.4376 -11.4376
8.13 -45.2212 -0.0716066 0.0043887 -9.59157 -9.59157
8.14 -45.89 -0.0388601 0.00182472 -8.27265 -8.27265
8.15 -46.0711 -0.0350792 0.0111594 -7.68757 -7.68757
8.16 -45.8225 -0.0133493 0.0116842 -7.82116 -7.82116
8.17 -45.2436 -0.00112097 -0.000520963 -8.33328 -8.33328
8.18 -44.4365 -0.00382361 0.0116712 -8.65353 -8.65353
8.19 -43.5054 -0.00326595 0.00834945 -8.30798 -8.30798
8.2 -42.5296 0.000943338 -0.00182824 -7.18677 -7.18677
8.21 -41.5593 -0.000796785 -0.0189527 -5.51027 -5.51027
8.22 -40.6284 -0.0103685 -0.00705133 -3.69494 -3.69494
8.23 -39.748 -0.0273444 -0.0421234 -2.26622 -2.26622
8.24 -38.9402 -0.150135 -0.169056 -1.6519 -1.6519
8.25 -38.0333 -0.222614 -0.161645 -2.12705 -2.12705
8.26 -37.1136 -0.0204337 0.0460411 -3.77087 -3.77087
8.27 -36.2251 -0.0860264 -0.0220407 -6.16599 -6.16599
8.28 -35.3558 0.0191741 0.00688315 -8.58419 -8.58419
8.29 -34.5437 -0.0257815 0.00757497 -10.485 -10.485
8.3 -33.8162 0.0267743 0.00435958 -11.6173 -11.6173
8.31 -33.2292 0.00109612 0.0590781 -11.9165 -11.9165
8.32 -32.8555 0.149029 0.273559 -11.6622 -11.6622
8.33 -32.6784 0.282844 0.341534 -11.4304 -11.4304
8.34 -32.6599 0.0863298 0.0482737 -11.5864 -11.5864
8.35 -32.8321 0.0343299 0.0448152 -12.1874 -12.1874
8.36 -33.1048 -0.00514102 -0.0120322 -13.1377 -13.1377
8.37 -33.4637 0.205998 0.262698 -14.1508 -14.1508
8.38 -33.7834 0.080987 0.0992504 -14.7809 -14.7809
8.39 -34.0733 -0.0335039 -0.0408455 -14.6551 -14.6551
8.4 -34.3285 0.019918 0.0129905 -13.7113 -13.7113
8.41 -34.53 -0.00165977 -0.00944094 -12.2189 -12.2189
8.42 -34.7159 0.00135362 0.00358939 -10.5849 -10.5849
8.43 -34.9204 0.00625813 -0.00381003 -9.13591 -9.13591
8.44 -35.1825 -0.00953897 0.00472131 -8.05752 -8.05752
8.45 -35.5466 -0.00310197 0.00158561 -7.40377 -7.40377
8.46 -36.0511 -0.0209004 0.00288456 -7.03128 -7.03128
8.47 -36.6917 -0.0346138 0.000625845 -6.6195 -6.6195
8.48 -37.4614 -0.088085 -0.0290903 -5.89998 -5.89998
8.49 -38.3692 -0.195969 -0.127471 -4.92806 -4.92806
8.5 -39.1595 -0.132754 -0.155258 -4.01122 -4.01122
8.51 -39.9088 -0.00868071 -0.0134871 -3.4645 -3.4645
8.52 -40.6063 0.00428996 0.0244458 -3.65334 -3.65334
8.53 -41.1259 -0.00788143 -0.0145436 -4.80681 -4.80681
8.54 -41.4153 0.00248606 0.0187037 -6.69913 -6.69913
8.55 -41.4541 -0.00179296 0.00749062 -8.83651 -8.83651
8.56 -41.2633 0.000779125 -0.00118508 -10.7786 -10.7786
8.57 -40.8794 -0.00188319 0.00624455 -12.1192 -12.1192
8.58 -40.3648 -8.36493e-005 -0.0090918 -12.5146 -12.5146
8.59 -39.7765 -0.00139647 -0.00148313 -12.0727 -12.0727
8.6 -39.1736 0.00033549 0.00188103 -11.3564 -11.3564
8.61 -38.637 -0.113918 -0.167266 -10.9036 -10.9036
8.62 -38.1894 -0.202831 -0.242644 -11.0634 -11.0634
8.63 -37.8259 0.0140629 0.0396083 -11.9339 -11.9339
8.64 -37.6368 -0.0200792 -0.0311475 -13.1692 -13.1692
8.65 -37.575 -0.109605 -0.0842344 -14.2249 -14.2249
8.66 -37.6017 -0.0684506 -0.0835101 -14.7484 -14.7484
8.67 -37.6856 0.0263978 0.0239199 -14.5772 -14.5772
8.68 -37.8111 -0.0108462 -0.00990192 -13.6715 -13.6715
8.69 -37.9053 0.00435809 0.00425654 -12.2244 -12.2244
8.7 -37.9468 -0.00186155 -0.00165631 -10.6698 -10.6698
8.71 -37.9126 0.0012987 -0.000379906 -9.4355 -9.4355
8.72 -37.7899 -0.000699024 0.000223861 -8.70442 -8.70442
8.73 -37.559 7.56887e-006 0.000277826 -8.38803 -8.38803
8.74 -37.2043 -8.88563e-005 5.40658e-005 -8.25302 -8.25302
8.75 -36.7252 0.000152034 -0.000234434 -8.04489 -8.04489
8.76 -36.1375 -0.00020983 4.10683e-005 -7.53835 -7.53835
8.77 -35.4717 -0.000888181 0.00147202 -6.59395 -6.59395
8.78 -34.7312 -0.000657661 -0.00116203 -5.33321 -5.33321
8.79 -33.913 0.0522538 0.0516759 -4.17873 -4.17873
8.8 -33.0724 -0.497747 -0.416598 -3.52775 -3.52775
8.81 -31.7544 -0.291723 -0.173738 -3.71834 -3.71834
8.82 -30.393 0.129369 0.0655252 -5.01092 -5.01092
8.83 -28.8046 0.0143243 -0.074351 -7.12697 -7.12697
8.84 -26.9589 0.0344991 -0.011173 -9.3919 -9.3919
8.85 -24.9694 -0.0165806 0.00530785 -11.2606 -11.2606
8.86 -22.947 0.072583 0.0241665 -12.3758 -12.3758
8.87 -21.0266 0.285498 0.130777 -12.4545 -12.4545
8.88 -19.31 0.108381 0.0522129 -11.4515 -11.4515
8.89 -17.9567 0.116119 0.0672369 -9.83657 -9.83657
8.9 -16.9907 0.0392056 0.00110214 -8.44572 -8.44572
8.91 -16.4126 0.00908758 0.00243461 -7.90246 -7.90246
8.92 -16.2119 0.0258779 0.0131009 -8.18137 -8.18137
8.93 -16.3079 0.0536501 0.0340631 -8.80008 -8.80008
8.94 -16.583 0.037688 0.00575578 -9.35592 -9.35592
8.95 -16.9202 0.0312426 -0.00756465 -9.65983 -9.65983
8.96 -17.2324 0.0125116 -0.0007445 -9.51667 -9.51667
8.97 -17.4751 -0.00498774 0.000129307 -8.75821 -8.75821
8.98 -17.658 0.00231874 -0.000250067 -7.50498 -7.50498
8.99 -17.8356 -0.000823062 -0.000634504 -6.17477 -6.17477
9 -18.101 0.000584911 -0.00126555 -5.15495 -5.15495
9.01 -18.5509 -0.000579961 0.00336123 -4.56436 -4.56436
9.02 -19.2648 8.09252e-005 0.000343544 -4.31959 -4.31959
9.03 -20.2761 -0.000214481 -0.00262657 -4.27663 -4.27663
9.04 -21.5707 0.000671401 -0.00119402 -4.25726 -4.25726
9.05 -23.0936 -0.0222911 -0.0437259 -4.06607 -4.06607
9.06 -24.7765 -0.156559 -0.163513 -3.69433 -3.69433
9.07 -26.4719 -0.0173506 0.00661901 -3.42092 -3.42092
9.08 -28.0639 -0.0608069 -0.0224442 -3.51391 -3.51391
9.09 -29.601 -0.0325857 -0.00601489 -4.06111 -4.06111
9.1 -31.0548 -0.0194085 -0.00775155 -5.10283 -5.10283
9.11 -32.4413 0.00261618 -0.0253939 -6.58871 -6.58871
9.12 -33.8192 0.0230603 -0.0108581 -8.25961 -8.25961
9.13 -35.2788 -0.00266112 -0.00154328 -9.70219 -9.70219
9.14 -36.8481 0.0110831 -0.0136779 -10.5538 -10.5538
9.15 -38.5423 0.0069046 -0.0119775 -10.7504 -10.7504
9.16 -40.3247 -0.00288588 0.00508738 -10.476 -10.476
9.17 -42.1055 0.00145314 -0.00233476 -9.97627 -9.97627
9.18 -43.7851 -0.000607701 0.000978552 -9.5056 -9.5056
9.19 -45.2612 -0.000110723 0.000494141 -9.23115 -9.23115
9.2 -46.4507 -0.0488972 0.0224614 -9.22714 -9.22714
9.21 -47.2956 -0.111301 0.0376185 -9.52185 -9.52185
9.22 -47.7647 -0.0734768 0.0364943 -9.98374 -9.98374
9.23 -47.9004 -0.0468742 0.0102278 -10.2898 -10.2898
9.24 -47.7807 -0.0311729 0.0164395 -10.1725 -10.1725
9.25 -47.473 -0.0221888 -0.00466947 -9.64154 -9.64154
9.26 -47.0633 -0.0789793 0.0252271 -8.9022 -8.9022
9.27 -46.5811 -0.0304527 0.0254323 -8.16882 -8.16882
9.28 -46.0331 0.00596117 -0.00355311 -7.58405 -7.58405
9.29 -45.3648 -0.00247125 0.00150329 -7.22688 -7.22688
9.3 -44.4882 0.00100334 -0.000632838 -7.10396 -7.10396
9.31 -43.3237 -0.000441194 0.00028793 -7.10482 -7.10482
9.32 -41.8058 0.000138539 -6.68211e-005 -7.03356 -7.03356
9.33 -39.8969 -0.00013506 2.12366e-005 -6.71828 -6.71828
9.34 -37.6044 -0.000189062 -0.000219535 -6.10033 -6.10033
9.35 -35.0129 -0.000399105 -0.000253079 -5.24514 -5.24514
9.36 -32.2273 -0.000391647 -7.75718e-005 -4.34193 -4.34193
9.37 -29.4466 0.0198837 0.121285 -3.59928 -3.59928
9.38 -26.6644 -0.365538 -0.33356 -3.21585 -3.21585
9.39 -23.8063 -0.0817627 0.0550927 -3.46368 -3.46368
9.4 -21.4478 0.0619154 -0.0371566 -4.3326 -4.3326
9.41 -19.1818 0.0210379 0.00832055 -5.4009 -5.4009
9.42 -17.1703 -0.00926331 -0.00327528 -6.32743 -6.32743
9.43 -15.2374 0.00376962 0.00152255 -6.97914 -6.97914
9.44 -13.3867 0.409369 -0.152501 -7.16249 -7.16249
9.45 -11.6415 1.31991 -0.601076 -6.6581 -6.6581
9.46 -9.85846 0.833018 -0.257877 -5.45171 -5.45171
9.47 -8.04075 0.182165 0.0217158 -3.96 -3.96
9.48 -6.39323 0.188551 -0.0273943 -2.80748 -2.80748
9.49 -4.93583 0.0902859 -0.000257806 -2.07774 -2.07774
9.5 -3.73981 0.0312839 -0.0334697 -1.48282 -1.48282
9.51 -2.91667 0.0115104 0.00776307 -1.01951 -1.01951
9.52 -2.56494 0.192634 0.0690039 -0.816673 -0.816673
9.53 -2.71898 0.23233 -0.0657088 -0.780695 -0.780695
9.54 -3.3647 0.0544832 -0.0844787 -0.709975 -0.709975
9.55 -4.46194 -0.00521208 0.00646081 -0.574981 -0.574981
9.56 -5.90809 0.00445977 -0.00820003 -0.412736 -0.412736
9.57 -7.58568 -0.000362401 0.00887111 -0.160489 -0.160489
9.58 -9.38853 0.00102188 -0.000944728 0.224009 0.224009
9.59 -11.2172 -0.00293876 -0.00762017 0.650212 0.650212
9.6 -12.9982 -0.00484153 -0.0148057 0.977339 0.977339
9.61 -14.6997 -0.000809987 -0.00184674 1.15626 1.15626
9.62 -16.3525 0.00758813 0.0187015 1.24953 1.24953
9.63 -18.0206 -0.0329953 -0.0552054 1.32014 1.32014
9.64 -19.786 -0.0944672 -0.104602 1.30094 1.30094
9.65 -21.7051 -0.119679 -0.0874018 0.989313 0.989313
9.66 -23.7325 0.113997 0.083519 0.314139 0.314139
9.67 -25.8722 0.125675 -0.00458496 -0.540606 -0.540606
9.68 -28.1652 0.136953 -0.0621662 -1.57067 -1.57067
9.69 -30.5235 0.131936 -0.110389 -3.06609 -3.06609
9.7 -32.8729 0.0986248 -0.107919 -5.04039 -5.04039
9.71 -35.1533 0.0478799 -0.0675545 -7.07775 -7.07775
9.72 -37.3015 0.013906 -0.0203091 -8.7466 -8.7466
9.73 -39.213 0.00389424 -0.00699575 -9.80425 -9.80425
9.74 -40.8846 0.0141053 -0.0207016 -10.2389 -10.2389
9.75 -42.3219 -0.00533009 0.00813757 -10.084 -10.084
9.76 -43.5304 0.00343487 -0.00593169 -9.29996 -9.29996
9.77 -44.5426 -0.00241651 0.00532666 -8.22234 -8.22234
9.78 -45.3976 -0.000466776 0.00125967 -7.54622 -7.54622
9.79 -46.1244 -0.00143889 0.000880402 -7.63482 -7.63482
9.8 -46.7403 -0.128281 0.00251494 -8.28197 -8.28197
9.81 -47.1899 -0.0562031 0.0181975 -9.08727 -9.08727
9.82 -47.4656 -0.027684 -0.00444174 -9.75935 -9.75935
9.83 -47.52 -0.0882041 0.0227501 -10.0707 -10.0707
9.84 -47.2728 0.00910108 0.00710224 -9.79708 -9.79708
9.85 -46.7186 -0.0037765 -0.00290154 -8.89516 -8.89516
9.86 -45.8313 0.00155494 0.00117925 -7.6341 -7.6341
9.87 -44.6113 -0.000231137 -0.00158359 -6.40718 -6.40718
9.88 -43.0832 3.68563e-005 0.000950185 -5.46522 -5.46522
9.89 -41.297 3.06934e-005 -0.000559466 -4.86488 -4.86488
9.9 -39.3213 -5.82526e-005 -0.000243018 -4.56497 -4.56497
9.91 -37.2369 -0.000472338 -6.98808e-005 -4.44235 -4.44235
9.92 -35.1365 -0.00410385 -0.00557752 -4.33668 -4.33668
9.93 -33.08 0.0278525 0.0123796 -4.26195 -4.26195
9.94 -31.0991 -0.209598 -0.257106 -4.2949 -4.2949
9.95 -28.8405 0.638399 -0.152151 -4.21874 -4.21874
9.96 -26.6629 0.304052 -0.284684 -4.02095 -4.02095
9.97 -24.4143 -0.00109673 -0.0306385 -4.25857 -4.25857
9.98 -22.1472 0.0202764 -0.0129044 -5.17704 -5.17704
9.99 -19.8373 -0.00640014 0.000655491 -6.32338 -6.32338
10 -17.6217 0.80406 0.776651 -7.26764 -7.26764
