0.1 -4.185 -22.8469 7.23819 -4.97765e-012 -4.97765e-012
0.2 -8.37 -45.6904 14.474 -3.96791e-012 -3.96791e-012
0.3 -12.555 -68.5304 21.7076 4.07307e-010 4.07307e-010
0.4 -16.74 -91.3671 28.9387 4.23343e-010 4.23343e-010
0.5 -20.925 -114.2 36.1675 3.94647e-010 3.94647e-010
0.6 -25.11 -137.03 43.394 4.39468e-010 4.39468e-010
0.7 -29.295 -159.856 50.6181 5.29372e-010 5.29372e-010
0.8 -33.48 -182.679 57.8398 3.38506e-010 3.38506e-010
0.9 -37.665 -205.499 65.0592 2.37577e-010 2.37577e-010
1 -41.85 -228.315 72.2762 2.6374e-010 2.6374e-010
0.01 -42.996 -230.371 84.5279 27.0418 27.0418
0.02 -43.9996 -233.609 96.6814 89.3717 89.3717
0.03 -42.8266 -234.472 77.2984 81.0113 81.0113
0.04 -42.1149 -232.14 61.3285 -50.1504 -50.1504
0.05 -42.2633 -230.02 63.6156 -160.875 -160.875
0.06 -42.1284 -230.996 67.8716 -141.487 -141.487
0.07 -42.1221 -233.235 77.281 -51.0665 -51.0665
0.08 -42.0734 -234.732 84.5162 17.2149 17.2149
0.09 -42.0548 -234.998 88.1539 38.3391 38.3391
0.1 -42.0431 -234.818 87.2366 38.1062 38.1062
0.11 -42.049 -234.84 82.9051 45.7697 45.7697
0.12 -42.0645 -235.094 76.7141 67.5527 67.5527
0.13 -42.0859 -234.864 70.3489 80.61 80.61
0.14 -42.1061 -233.35 65.1713 57.2428 57.2428
0.15 -42.121 -230.679 62.4733 2.15754 2.15754
0.16 -42.1288 -227.94 63.1421 -48.0296 -48.0296
0.17 -42.1308 -226.054 66.8162 -66.6737 -66.6737
0.18 -42.1303 -225.049 71.7008 -62.0608 -62.0608
0.19 -42.1304 -224.555 75.626 -55.0794 -55.0794
0.2 -42.1335 -224.56 77.2874 -48.7228 -48.7228
0.21 -42.14 -225.319 76.5552 -30.9697 -30.9697
0.22 -42.1482 -226.754 74.0252 1.82549 1.82549
0.23 -42.1552 -228.301 70.5918 36.7244 36.7244
0.24 -42.1581 -229.332 67.2916 57.5478 57.5478
0.25 -42.1548 -229.569 65.1192 58.8319 58.8319
0.26 -42.145 -229.103 64.672 46.0149 46.0149
0.27 -42.1308 -228.149 65.8459 26.8223 26.8223
0.28 -42.1153 -226.868 67.85 5.21791 5.21791
0.29 -42.1025 -225.38 69.5692 -17.5273 -17.5273
0.3 -42.0954 -223.854 70.0641 -38.4799 -38.4799
0.31 -42.0956 -222.505 68.9377 -51.7177 -51.7177
0.32 -42.1024 -221.488 66.4181 -52.0157 -52.0157
0.33 -42.1136 -220.818 63.196 -39.3022 -39.3022
0.34 -42.1261 -220.379 60.1546 -18.7725 -18.7725
0.35 -42.1368 -220.04 58.1 3.07303 3.07303
0.36 -42.1437 -219.747 57.5287 21.7793 21.7793
0.37 -42.1458 -219.508 58.4735 34.8859 34.8859
0.38 -42.144 -219.333 60.4909 40.3844 40.3844
0.39 -42.14 -219.21 62.8199 36.685 36.685
0.4 -42.1356 -219.147 64.6583 24.1555 24.1555
0.41 -42.1326 -219.178 65.4386 5.98922 5.98922
0.42 -42.1317 -219.34 65.0014 -12.8893 -12.8893
0.43 -42.1327 -219.633 63.6154 -27.9047 -27.9047
0.44 -42.1345 -220.003 61.8536 -36.2052 -36.2052
0.45 -42.1357 -220.379 60.3749 -36.7757 -36.7757
0.46 -42.1353 -220.702 59.6925 -29.9955 -29.9955
0.47 -42.1328 -220.926 60.0148 -17.427 -17.427
0.48 -42.1286 -221.024 61.2017 -1.81719 -1.81719
0.49 -42.1238 -220.986 62.8316 13.247 13.247
0.5 -42.1194 -220.81 64.3538 24.2707 24.2707
0.51 -42.1164 -220.499 65.2879 28.9212 28.9212
0.52 -42.1151 -220.105 65.3988 26.5945 26.5945
0.53 -42.1149 -219.702 64.7695 18.2905 18.2905
0.54 -42.1147 -219.347 63.7415 6.12198 6.12198
0.55 -42.1133 -219.085 62.7746 -7.18578 -7.18578
0.56 -42.1094 -218.99 62.3181 -18.7606 -18.7606
0.57 -42.1026 -219.189 62.7081 -26.1269 -26.1269
0.58 -42.093 -219.788 64.0551 -27.7901 -27.7901
0.59 -42.0816 -220.777 66.1757 -23.6227 -23.6227
0.6 -42.0695 -222.018 68.6487 -14.8487 -14.8487
0.61 -42.0583 -223.339 70.9721 -3.64673 -3.64673
0.62 -42.0492 -224.611 72.7416 7.42547 7.42547
0.63 -42.0431 -225.691 73.7654 15.9922 15.9922
0.64 -42.0394 -226.412 74.0857 20.3175 20.3175
0.65 -42.0377 -226.726 73.9343 19.6337 19.6337
0.66 -42.0373 -226.734 73.6287 14.292 14.292
0.67 -42.0375 -226.545 73.4486 5.66939 5.66939
0.68 -42.0375 -226.226 73.5773 -4.17742 -4.17742
0.69 -42.0365 -225.852 74.0833 -13.0192 -13.0192
0.7 -42.0345 -225.512 74.8927 -18.9673 -18.9673
0.71 -42.0316 -225.283 75.8021 -20.8641 -20.8641
0.72 -42.0283 -225.246 76.5615 -18.4859 -18.4859
0.73 -42.0254 -225.491 76.995 -12.5449 -12.5449
0.74 -42.023 -226.074 77.1061 -4.50136 -4.50136
0.75 -42.0212 -226.983 77.0662 3.78121 3.78121
0.76 -42.0198 -228.127 77.0826 10.4661 10.4661
0.77 -42.0186 -229.344 77.2934 14.1551 14.1551
0.78 -42.0177 -230.424 77.7506 14.1806 14.1806
0.79 -42.0172 -231.199 78.4347 10.7143 10.7143
0.8 -42.0174 -231.622 79.2613 4.6839 4.6839
0.81 -42.0188 -231.738 80.0741 -2.46707 -2.46707
0.82 -42.0219 -231.61 80.6654 -9.11734 -9.11734
0.83 -42.0268 -231.304 80.8698 -13.8301 -13.8301
0.84 -42.033 -230.882 80.6579 -15.6614 -15.6614
0.85 -42.0395 -230.35 80.1232 -14.3468 -14.3468
0.86 -42.0448 -229.668 79.4274 -10.3271 -10.3271
0.87 -42.0476 -228.895 78.7786 -4.61622 -4.61622
0.88 -42.0474 -228.198 78.3624 1.45227 1.45227
0.89 -42.0437 -227.632 78.2328 6.53258 6.53258
0.9 -42.0364 -227.071 78.2892 9.56068 9.56068
0.91 -42.0254 -226.389 78.3892 9.97243 9.97243
0.92 -42.0114 -225.66 78.4936 7.80335 7.80335
0.93 -41.9953 -225.095 78.6739 3.65258 3.65258
0.94 -41.9777 -224.778 78.9631 -1.47562 -1.47562
0.95 -41.9596 -224.601 79.2364 -6.41183 -6.41183
0.96 -41.9423 -224.4 79.3053 -10.0856 -10.0856
0.97 -41.9265 -224.116 79.1396 -11.7549 -11.7549
0.98 -41.9131 -223.851 78.9101 -11.152 -11.152
0.99 -41.9026 -223.668 78.7927 -8.51893 -8.51893
1 -41.8949 -223.463 78.8032 -4.52938 -4.52938
1.01 -41.8909 -223.15 78.7982 -0.120011 -0.120011
1.02 -41.8912 -222.751 78.6038 3.7264 3.7264
1.03 -41.8955 -222.209 78.1823 6.19692 6.19692
1.04 -41.9021 -221.377 77.6689 6.81692 6.81692
1.05 -41.9095 -220.259 77.2135 5.53805 5.53805
1.06 -41.9169 -219.081 76.8523 2.73012 2.73012
1.07 -41.9241 -218.079 76.5417 -0.91917 -0.91917
1.08 -41.9301 -217.266 76.2264 -4.57109 -4.57109
1.09 -41.9336 -216.563 75.9023 -7.42738 -7.42738
1.1 -41.934 -216.095 75.6647 -8.90216 -8.90216
1.11 -41.9315 -216.06 75.6508 -8.73876 -8.73876
1.12 -41.9258 -216.374 75.9121 -7.05012 -7.05012
1.13 -41.9167 -216.703 76.3259 -4.27703 -4.27703
1.14 -41.9053 -216.857 76.6104 -1.0761 -1.0761
1.15 -41.8937 -216.782 76.467 1.8339 1.8339
1.16 -41.8828 -216.351 75.775 3.83075 3.83075
1.17 -41.8729 -215.544 74.7172 4.51922 4.51922
1.18 -41.8639 -214.523 73.6982 3.80752 3.80752
1.19 -41.8555 -213.484 73.0488 1.91496 1.91496
1.2 -41.8483 -212.606 72.8145 -0.689346 -0.689346
1.21 -41.8435 -212.006 72.83 -3.40085 -3.40085
1.22 -41.8417 -211.727 72.8972 -5.61935 -5.61935
1.23 -41.8434 -211.772 72.8795 -6.88133 -6.88133
1.24 -41.8484 -212.067 72.7327 -6.95543 -6.95543
1.25 -41.8559 -212.405 72.4921 -5.88188 -5.88188
1.26 -41.8648 -212.552 72.2165 -3.95035 -3.95035
1.27 -41.8741 -212.418 71.9634 -1.62419 -1.62419
1.28 -41.8831 -212.057 71.7891 0.569236 0.569236
1.29 -41.8913 -211.626 71.7356 2.15663 2.15663
1.3 -41.8984 -211.317 71.8378 2.81942 2.81942
1.31 -41.9033 -211.128 72.1057 2.4562 2.4562
1.32 -41.905 -210.917 72.4499 1.19482 1.19482
1.33 -41.9036 -210.658 72.6664 -0.645818 -0.645818
1.34 -41.8995 -210.315 72.5621 -2.6345 -2.6345
1.35 -41.8918 -209.664 72.1692 -4.32858 -4.32858
1.36 -41.8793 -208.665 71.8034 -5.37231 -5.37231
1.37 -41.8623 -207.711 71.7972 -5.56923 -5.56923
1.38 -41.8434 -207.336 72.1967 -4.9158 -4.9158
1.39 -41.8254 -207.807 72.717 -3.59336 -3.59336
1.4 -41.8112 -208.991 72.9662 -1.92206 -1.92206
1.41 -41.8021 -210.643 72.8718 -0.285929 -0.285929
1.42 -41.7981 -212.509 72.8225 0.9546 0.9546
1.43 -41.7978 -214.174 73.2299 1.54254 1.54254
1.44 -41.8012 -215.338 74.1074 1.37884 1.37884
1.45 -41.8103 -216.165 75.0954 0.538317 0.538317
1.46 -41.8278 -217.104 75.7918 -0.757109 -0.757109
1.47 -41.8542 -218.5 76.1558 -2.19881 -2.19881
1.48 -41.8874 -220.507 76.5867 -3.46589 -3.46589
1.49 -41.9254 -223.338 77.5135 -4.29366 -4.29366
1.5 -41.9675 -227.125 79.0115 -4.52425 -4.52425
1.51 -42.0115 -231.311 80.8469 -4.13497 -4.13497
1.52 -42.0526 -234.68 82.7577 -3.23943 -3.23943
1.53 -42.0863 -236.443 84.6609 -2.0574 -2.0574
1.54 -42.1106 -236.928 86.5994 -0.859391 -0.859391
1.55 -42.1258 -236.965 88.54 0.0962785 0.0962785
1.56 -42.1315 -237.146 90.3603 0.616743 0.616743
1.57 -42.1275 -237.754 91.9413 0.609984 0.609984
1.58 -42.1144 -238.916 93.1299 0.0996167 0.0996167
1.59 -42.0943 -240.681 93.7397 -0.783785 -0.783785
1.6 -42.0705 -243.123 93.7366 -1.83434 -1.83434
1.61 -42.0463 -246.251 93.4852 -2.81858 -2.81858
1.62 -42.0224 -249.636 93.5985 -3.52771 -3.52771
1.63 -41.9993 -252.257 94.249 -3.82138 -3.82138
1.64 -41.9782 -252.887 94.8649 -3.65321 -3.65321
1.65 -41.9609 -250.986 94.7894 -3.07602 -3.07602
1.66 -41.9496 -247.207 94.0103 -2.22848 -2.22848
1.67 -41.944 -242.862 93.1062 -1.30562 -1.30562
1.68 -41.9428 -239.007 92.6425 -0.515514 -0.515514
1.69 -41.9436 -236.048 92.6779 -0.0301049 -0.0301049
1.7 -41.9443 -233.92 92.9073 0.0545926 0.0545926
1.71 -41.9417 -232.214 93.1213 -0.262842 -0.262842
1.72 -41.9318 -230.232 93.2531 -0.894144 -0.894144
1.73 -41.912 -227.465 93.1417 -1.6845 -1.6845
1.74 -41.883 -224.01 92.5004 -2.44811 -2.44811
1.75 -41.8477 -220.322 91.0582 -3.01132 -3.01132
1.76 -41.8091 -216.815 88.672 -3.25414 -3.25414
1.77 -41.7709 -213.905 85.3928 -3.13786 -3.13786
1.78 -41.7373 -212.133 81.549 -2.71007 -2.71007
1.79 -41.7113 -211.647 77.7107 -2.08779 -2.08779
1.8 -41.6931 -211.712 74.3212 -1.42594 -1.42594
1.81 -41.6832 -211.221 71.3497 -0.878107 -0.878107
1.82 -41.6831 -209.472 68.4805 -0.559274 -0.559274
1.83 -41.694 -206.415 65.5563 -0.522668 -0.522668
1.84 -41.7156 -202.454 62.7674 -0.755482 -0.755482
1.85 -41.7455 -198.265 60.5358 -1.18864 -1.18864
1.86 -41.7816 -194.738 59.2036 -1.71463 -1.71463
1.87 -41.8205 -192.336 58.7395 -2.21198 -2.21198
1.88 -41.8559 -190.241 58.7536 -2.57351 -2.57351
1.89 -41.879 -187.089 58.7833 -2.72992 -2.72992
1.9 -41.8864 -182.907 58.5428 -2.66016 -2.66016
1.91 -41.8803 -179.317 57.9705 -2.38904 -2.38904
1.92 -41.8646 -177.838 57.1408 -1.98025 -1.98025
1.93 -41.8429 -179.054 56.1017 -1.52606 -1.52606
1.94 -41.8205 -182.977 54.7743 -1.12842 -1.12842
1.95 -41.8045 -189.254 53.0687 -0.874356 -0.874356
1.96 -41.8006 -196.894 51.0138 -0.816304 -0.816304
1.97 -41.8124 -204.321 48.7638 -0.962625 -0.962625
1.98 -41.8425 -210.249 46.5615 -1.27672 -1.27672
1.99 -41.894 -214.415 44.6468 -1.68421 -1.68421
2 -41.9701 -217.405 43.2262 -2.09017 -2.09017
2.01 -42.0707 -220.022 42.5555 -2.40323 -2.40323
2.02 -42.1911 -222.758 42.978 -2.55783 -2.55783
2.03 -42.3235 -225.852 44.7909 -2.5274 -2.5274
2.04 -42.4595 -229.525 47.977 -2.32669 -2.32669
2.05 -42.59 -233.57 52.0881 -2.00529 -2.00529
2.06 -42.705 -237.301 56.4884 -1.63532 -1.63532
2.07 -42.7969 -240.621 60.6967 -1.29527 -1.29527
2.08 -42.863 -244.456 64.5026 -1.05277 -1.05277
2.09 -42.9035 -249.833 67.8438 -0.952034 -0.952034
2.1 -42.9198 -256.919 70.5952 -1.0085 -1.0085
2.11 -42.9142 -265.064 72.5624 -1.20702 -1.20702
2.12 -42.8921 -273.659 73.6803 -1.50314 -1.50314
2.13 -42.8622 -282.51 74.0823 -1.83181 -1.83181
2.14 -42.8339 -291.431 74.0442 -2.1234 -2.1234
2.15 -42.8145 -299.83 73.9342 -2.32077 -2.32077
2.16 -42.8084 -306.66 74.0829 -2.39032 -2.39032
2.17 -42.8181 -311.059 74.5922 -2.32535 -2.32535
2.18 -42.848 -313.294 75.2682 -2.14423 -2.14423
2.19 -42.9017 -314.377 75.8622 -1.88675 -1.88675
2.2 -42.9756 -314.623 76.4212 -1.60992 -1.60992
2.21 -43.0598 -313.548 77.2823 -1.37825 -1.37825
2.22 -43.1427 -310.98 78.7764 -1.24583 -1.24583
2.23 -43.2149 -307.456 80.9806 -1.23781 -1.23781
2.24 -43.269 -303.685 83.617 -1.34334 -1.34334
2.25 -43.2984 -300.105 86.1437 -1.52398 -1.52398
2.26 -43.3001 -297.094 87.9704 -1.72949 -1.72949
2.27 -43.2724 -294.888 88.6447 -1.91081 -1.91081
2.28 -43.2145 -293.082 88.0283 -2.0289 -2.0289
2.29 -43.1272 -290.961 86.2922 -2.06264 -2.06264
2.3 -43.0149 -288.219 83.7363 -2.01284 -2.01284
2.31 -42.885 -284.789 80.693 -1.89891 -1.89891
2.32 -42.7445 -280.455 77.5513 -1.75275 -1.75275
2.33 -42.6007 -275.017 74.6831 -1.61204 -1.61204
2.34 -42.4609 -268.524 72.277 -1.51059 -1.51059
2.35 -42.332 -261.185 70.3143 -1.46919 -1.46919
2.36 -42.219 -253.176 68.7062 -1.49279 -1.49279
2.37 -42.1243 -244.741 67.4122 -1.57287 -1.57287
2.38 -42.0482 -236.13 66.4748 -1.69058 -1.69058
2.39 -41.986 -227.048 66.0162 -1.82042 -1.82042
2.4 -41.9296 -216.952 66.2732 -1.93533 -1.93533
2.41 -41.8708 -205.899 67.6149 -2.01144 -2.01144
2.42 -41.8015 -194.374 70.2923 -2.0313 -2.0313
2.43 -41.7165 -183.102 73.9878 -1.98686 -1.98686
2.44 -41.6163 -173.331 77.7627 -1.88197 -1.88197
2.45 -41.5042 -166.224 80.6611 -1.73465 -1.73465
2.46 -41.3807 -161.77 82.3314 -1.57825 -1.57825
2.47 -41.2446 -158.949 83.0362 -1.45588 -1.45588
2.48 -41.0973 -156.795 83.2432 -1.40504 -1.40504
2.49 -40.9451 -154.989 83.3105 -1.44142 -1.44142
2.5 -40.7981 -153.809 83.4491 -1.5537 -1.5537
2.51 -40.6676 -153.671 83.7444 -1.7109 -1.7109
2.52 -40.564 -154.699 84.0957 -1.87491 -1.87491
2.53 -40.4958 -156.722 84.3173 -2.01092 -2.01092
2.54 -40.4676 -159.246 84.3524 -2.09432 -2.09432
2.55 -40.4799 -161.51 84.3162 -2.11477 -2.11477
2.56 -40.5296 -162.889 84.4 -2.07602 -2.07602
2.57 -40.6119 -163.241 84.724 -1.9916 -1.9916
2.58 -40.7214 -162.963 85.2603 -1.88 -1.88
2.59 -40.8516 -162.879 85.9669 -1.7616 -1.7616
2.6 -40.9948 -163.914 86.8987 -1.65655 -1.65655
2.61 -41.1427 -166.631 88.0334 -1.58189 -1.58189
2.62 -41.2871 -171.009 89.0921 -1.54817 -1.54817
2.63 -41.4208 -176.632 89.7367 -1.55766 -1.55766
2.64 -41.5388 -183.317 89.9402 -1.60459 -1.60459
2.65 -41.6406 -191.642 90.0212 -1.67607 -1.67607
2.66 -41.7297 -202.25 90.2488 -1.75439 -1.75439
2.67 -41.8106 -214.832 90.414 -1.82162 -1.82162
2.68 -41.8887 -228.16 89.8818 -1.86423 -1.86423
2.69 -41.9701 -240.932 88.17 -1.87576 -1.87576
2.7 -42.061 -252.642 85.416 -1.85765 -1.85765
2.71 -42.1671 -263.486 82.334 -1.8183 -1.8183
2.72 -42.2902 -273.414 79.8022 -1.77075 -1.77075
2.73 -42.4279 -281.649 78.2786 -1.72878 -1.72878
2.74 -42.5773 -287.446 77.4006 -1.70111 -1.70111
2.75 -42.7376 -291.075 76.304 -1.68775 -1.68775
2.76 -42.9067 -293.48 74.5065 -1.6836 -1.6836
2.77 -43.0777 -295.467 72.1984 -1.6858 -1.6858
2.78 -43.243 -297.578 69.612 -1.69532 -1.69532
2.79 -43.3958 -299.977 66.6395 -1.71241 -1.71241
2.8 -43.5285 -302.266 63.298 -1.7346 -1.7346
2.81 -43.6342 -304.257 60.1109 -1.7582 -1.7582
2.82 -43.7103 -306.559 57.7788 -1.77739 -1.77739
2.83 -43.7581 -309.926 56.6271 -1.7838 -1.7838
2.84 -43.782 -314.542 56.3509 -1.77089 -1.77089
2.85 -43.7869 -319.814 56.2902 -1.73837 -1.73837
2.86 -43.7778 -324.787 55.8316 -1.69293 -1.69293
2.87 -43.7609 -328.684 54.4797 -1.64626 -1.64626
2.88 -43.7413 -330.746 52.0234 -1.61246 -1.61246
2.89 -43.7202 -330.153 48.834 -1.60525 -1.60525
2.9 -43.6968 -326.576 45.6743 -1.63196 -1.63196
2.91 -43.6709 -320.366 43.0666 -1.68788 -1.68788
2.92 -43.6426 -312.124 40.9568 -1.75681 -1.75681
2.93 -43.6109 -302.504 39.0402 -1.81747 -1.81747
2.94 -43.5724 -292.159 37.2399 -1.85189 -1.85189
2.95 -43.5221 -281.579 35.7136 -1.8525 -1.8525
2.96 -43.4548 -271.148 34.6128 -1.82332 -1.82332
2.97 -43.3673 -261.439 34.1347 -1.77452 -1.77452
2.98 -43.2582 -253.213 34.687 -1.71908 -1.71908
2.99 -43.1265 -246.863 36.7186 -1.67144 -1.67144
3 -42.9717 -241.921 40.3897 -1.64388 -1.64388
3.01 -42.7941 -237.361 45.4791 -1.64298 -1.64298
3.02 -42.596 -232.344 51.5843 -1.66768 -1.66768
3.03 -42.3817 -226.564 58.3897 -1.70887 -1.70887
3.04 -42.1568 -220.263 65.6773 -1.75266 -1.75266
3.05 -41.9293 -214.087 73.034 -1.78624 -1.78624
3.06 -41.7072 -208.508 79.8338 -1.8027 -1.8027
3.07 -41.4946 -203.165 85.7852 -1.80353 -1.80353
3.08 -41.2902 -196.993 91.1467 -1.7983 -1.7983
3.09 -41.0928 -189.368 96.2861 -1.79872 -1.79872
3.1 -40.9047 -180.81 101.336 -1.80911 -1.80911
3.11 -40.7298 -172.179 106.103 -1.82419 -1.82419
3.12 -40.5684 -163.511 110.261 -1.83694 -1.83694
3.13 -40.4162 -154.159 113.75 -1.84527 -1.84527
3.14 -40.27 -144.195 116.787 -1.85092 -1.85092
3.15 -40.1317 -135.114 119.634 -1.85456 -1.85456
3.16 -40.0058 -128.844 122.535 -1.85463 -1.85463
3.17 -39.897 -126.689 125.642 -1.85172 -1.85172
3.18 -39.8093 -128.817 128.985 -1.85166 -1.85166
3.19 -39.7427 -133.811 132.592 -1.86295 -1.86295
3.2 -39.6943 -139.331 136.55 -1.89076 -1.89076
3.21 -39.6632 -143.935 140.954 -1.93004 -1.93004
3.22 -39.6538 -147.944 145.802 -1.96339 -1.96339
3.23 -39.6721 -152.515 150.803 -1.96866 -1.96866
3.24 -39.7225 -158.4 155.333 -1.93253 -1.93253
3.25 -39.8064 -165.631 158.635 -1.85978 -1.85978
3.26 -39.9226 -173.605 159.888 -1.77152 -1.77152
3.27 -40.0671 -181.017 158.358 -1.69516 -1.69516
3.28 -40.2324 -186.411 153.812 -1.65468 -1.65468
3.29 -40.4117 -189.367 146.832 -1.66365 -1.66365
3.3 -40.5988 -190.868 138.673 -1.72035 -1.72035
3.31 -40.7886 -192.429 130.791 -1.8079 -1.8079
3.32 -40.9749 -195.037 124.307 -1.89956 -1.89956
3.33 -41.1529 -199.176 119.654 -1.9666 -1.9666
3.34 -41.3225 -205.65 116.564 -1.98647 -1.98647
3.35 -41.4876 -215.297 114.354 -1.94977 -1.94977
3.36 -41.6508 -227.711 112.184 -1.86564 -1.86564
3.37 -41.8118 -241.132 109.29 -1.76118 -1.76118
3.38 -41.9691 -253.466 105.327 -1.67137 -1.67137
3.39 -42.1206 -263.246 100.603 -1.6245 -1.6245
3.4 -42.267 -270.431 95.8446 -1.63062 -1.63062
3.41 -42.4131 -276.515 91.6924 -1.67817 -1.67817
3.42 -42.5651 -283.242 88.3344 -1.74039 -1.74039
3.43 -42.7257 -291.021 85.4245 -1.78919 -1.78919
3.44 -42.8927 -298.77 82.2792 -1.80853 -1.80853
3.45 -43.0614 -305.004 78.2758 -1.79715 -1.79715
3.46 -43.2273 -308.88 73.0815 -1.76231 -1.76231
3.47 -43.3873 -310.504 66.6772 -1.71431 -1.71431
3.48 -43.5382 -310.589 59.4159 -1.66484 -1.66484
3.49 -43.6764 -309.988 52.0058 -1.62743 -1.62743
3.5 -43.7986 -309.738 45.2897 -1.61385 -1.61385
3.51 -43.9031 -310.979 39.9638 -1.62666 -1.62666
3.52 -43.989 -313.915 36.3135 -1.6596 -1.6596
3.53 -44.0527 -317.319 34.0719 -1.70382 -1.70382
3.54 -44.0925 -319.751 32.6342 -1.74827 -1.74827
3.55 -44.1107 -320.88 31.4102 -1.77948 -1.77948
3.56 -44.1139 -321.662 30.0559 -1.78797 -1.78797
3.57 -44.1099 -323.308 28.5649 -1.77206 -1.77206
3.58 -44.1026 -326.064 27.2378 -1.73858 -1.73858
3.59 -44.091 -328.942 26.5909 -1.70287 -1.70287
3.6 -44.0705 -330.197 27.0979 -1.68203 -1.68203
3.61 -44.0361 -328.258 28.8114 -1.68413 -1.68413
3.62 -43.989 -322.932 31.231 -1.70403 -1.70403
3.63 -43.9328 -315.626 33.6136 -1.72613 -1.72613
3.64 -43.8702 -308.122 35.4622 -1.73222 -1.73222
3.65 -43.8004 -301.19 36.7891 -1.7149 -1.7149
3.66 -43.717 -294.521 37.9206 -1.68406 -1.68406
3.67 -43.6144 -287.647 39.2828 -1.65788 -1.65788
3.68 -43.4892 -280.443 41.317 -1.64982 -1.64982
3.69 -43.3411 -272.954 44.0676 -1.66303 -1.66303
3.7 -43.1742 -265.364 46.9041 -1.69141 -1.69141
3.71 -42.9958 -258.048 48.9629 -1.72444 -1.72444
3.72 -42.813 -251.176 49.6943 -1.75425 -1.75425
3.73 -42.6311 -244.509 49.1338 -1.77908 -1.77908
3.74 -42.4533 -237.831 48.0222 -1.80167 -1.80167
3.75 -42.2828 -231.1 47.3503 -1.8254 -1.8254
3.76 -42.1233 -224.259 47.631 -1.84999 -1.84999
3.77 -41.9784 -217.103 48.8705 -1.87059 -1.87059
3.78 -41.8499 -209.42 50.9166 -1.88054 -1.88054
3.79 -41.7385 -201.264 53.502 -1.8744 -1.8744
3.8 -41.6441 -192.879 56.2539 -1.84981 -1.84981
3.81 -41.5642 -184.49 58.9827 -1.8092 -1.8092
3.82 -41.493 -176.402 61.998 -1.76103 -1.76103
3.83 -41.4229 -168.876 65.9518 -1.7179 -1.7179
3.84 -41.3465 -161.823 70.9201 -1.69057 -1.69057
3.85 -41.2621 -155.111 75.7269 -1.68162 -1.68162
3.86 -41.1718 -148.919 78.9078 -1.68505 -1.68505
3.87 -41.0763 -143.62 80.0814 -1.69409 -1.69409
3.88 -40.9757 -139.58 79.8362 -1.7088 -1.7088
3.89 -40.8722 -137.059 78.821 -1.73373 -1.73373
3.9 -40.7723 -136.324 77.3141 -1.76979 -1.76979
3.91 -40.6858 -137.912 75.493 -1.81131 -1.81131
3.92 -40.6233 -142.511 73.9049 -1.85069 -1.85069
3.93 -40.592 -150.052 73.3722 -1.88472 -1.88472
3.94 -40.594 -159.101 74.4828 -1.91533 -1.91533
3.95 -40.6276 -167.782 77.5039 -1.94405 -1.94405
3.96 -40.6903 -174.948 82.5288 -1.96565 -1.96565
3.97 -40.7782 -180.293 89.2928 -1.96803 -1.96803
3.98 -40.8855 -183.892 97.1495 -1.93978 -1.93978
3.99 -41.0025 -185.993 105.452 -1.87891 -1.87891
4 -41.119 -187.522 113.794 -1.7952 -1.7952
4.01 -41.2273 -190.305 121.982 -1.70564 -1.70564
4.02 -41.3208 -195.75 129.735 -1.6289 -1.6289
4.03 -41.3938 -203.824 136.33 -1.58183 -1.58183
4.04 -41.4446 -213.915 140.876 -1.57626 -1.57626
4.05 -41.4766 -225.536 142.857 -1.61482 -1.61482
4.06 -41.4944 -237.748 142.323 -1.69016 -1.69016
4.07 -41.5029 -249.274 139.877 -1.78797 -1.78797
4.08 -41.51 -259.793 136.608 -1.88898 -1.88898
4.09 -41.5263 -270.065 133.871 -1.97159 -1.97159
4.1 -41.561 -280.696 132.849 -2.01754 -2.01754
4.11 -41.6202 -291.606 134.052 -2.01857 -2.01857
4.12 -41.707 -302.127 137.178 -1.97831 -1.97831
4.13 -41.8198 -310.906 141.372 -1.90857 -1.90857
4.14 -41.953 -316.771 145.664 -1.82514 -1.82514
4.15 -42.1015 -319.869 149.222 -1.74375 -1.74375
4.16 -42.2602 -321.352 151.442 -1.67593 -1.67593
4.17 -42.4229 -322.467 151.966 -1.62801 -1.62801
4.18 -42.5812 -323.945 150.747 -1.60355 -1.60355
4.19 -42.7244 -325.717 148.168 -1.60473 -1.60473
4.2 -42.8421 -327.333 144.901 -1.63032 -1.63032
4.21 -42.9273 -328.4 141.382 -1.67248 -1.67248
4.22 -42.9776 -328.423 137.466 -1.71593 -1.71593
4.23 -42.9947 -327.136 132.716 -1.74365 -1.74365
4.24 -42.9838 -324.914 126.894 -1.745 -1.745
4.25 -42.95 -321.854 120.172 -1.7207 -1.7207
4.26 -42.8954 -317.393 113.036 -1.68392 -1.68392
4.27 -42.8237 -311.287 106.013 -1.65337 -1.65337
4.28 -42.7403 -303.707 99.5049 -1.64248 -1.64248
4.29 -42.6492 -294.779 93.8139 -1.65472 -1.65472
4.3 -42.5562 -285.133 89.0363 -1.68585 -1.68585
4.31 -42.4696 -275.971 84.8242 -1.72552 -1.72552
4.32 -42.3964 -267.839 80.4744 -1.75946 -1.75946
4.33 -42.3386 -260.09 75.3821 -1.7767 -1.7767
4.34 -42.2939 -251.671 69.4805 -1.77526 -1.77526
4.35 -42.2575 -241.773 63.3037 -1.76047 -1.76047
4.36 -42.2238 -230.032 57.4756 -1.7386 -1.7386
4.37 -42.1897 -216.811 52.1348 -1.71136 -1.71136
4.38 -42.1551 -203.222 47.0507 -1.67687 -1.67687
4.39 -42.1201 -190.867 42.2151 -1.63586 -1.63586
4.4 -42.0842 -181.202 38.0585 -1.59581 -1.59581
4.41 -42.0435 -174.427 35.0542 -1.56945 -1.56945
4.42 -41.9921 -169.289 33.2615 -1.5685 -1.5685
4.43 -41.9249 -163.941 32.3121 -1.59675 -1.59675
4.44 -41.8373 -156.657 31.7919 -1.64677 -1.64677
4.45 -41.727 -146.739 31.5544 -1.70215 -1.70215
4.46 -41.5976 -135.522 31.5847 -1.74314 -1.74314
4.47 -41.4596 -125.699 31.658 -1.75333 -1.75333
4.48 -41.323 -119.251 31.4809 -1.72768 -1.72768
4.49 -41.1928 -116.501 31.2282 -1.67863 -1.67863
4.5 -41.0703 -116.673 31.5915 -1.63319 -1.63319
4.51 -40.9557 -118.242 33.2026 -1.62018 -1.62018
4.52 -40.8481 -119.159 36.2098 -1.65445 -1.65445
4.53 -40.7485 -118.209 40.4907 -1.72737 -1.72737
4.54 -40.6605 -115.864 46.0626 -1.81024 -1.81024
4.55 -40.587 -113.383 52.9583 -1.86899 -1.86899
4.56 -40.5307 -112.093 60.7731 -1.87978 -1.87978
4.57 -40.4947 -113.198 68.7371 -1.83686 -1.83686
4.58 -40.4782 -116.937 76.2417 -1.75386 -1.75386
4.59 -40.4738 -121.978 83.0664 -1.66147 -1.66147
4.6 -40.471 -126.178 89.2038 -1.59721 -1.59721
4.61 -40.4624 -128.424 94.7305 -1.58775 -1.58775
4.62 -40.4476 -129.721 99.9018 -1.63504 -1.63504
4.63 -40.4299 -131.907 105.038 -1.71671 -1.71671
4.64 -40.4098 -135.483 110.126 -1.80039 -1.80039
4.65 -40.3865 -139.555 114.612 -1.85939 -1.85939
4.66 -40.3631 -143.58 117.601 -1.87886 -1.87886
4.67 -40.3479 -148.16 118.47 -1.85603 -1.85603
4.68 -40.3487 -154.182 117.456 -1.80206 -1.80206
4.69 -40.3688 -161.742 115.541 -1.74257 -1.74257
4.7 -40.407 -169.749 113.802 -1.70919 -1.70919
4.71 -40.46 -176.489 112.95 -1.72397 -1.72397
4.72 -40.5266 -181.079 113.153 -1.78512 -1.78512
4.73 -40.6111 -184.202 113.887 -1.86475 -1.86475
4.74 -40.7183 -187.021 114.182 -1.92264 -1.92264
4.75 -40.8486 -190.041 113.263 -1.92807 -1.92807
4.76 -40.9963 -192.931 110.834 -1.87582 -1.87582
4.77 -41.1509 -194.602 106.983 -1.78593 -1.78593
4.78 -41.301 -194.154 102.042 -1.6889 -1.6889
4.79 -41.4405 -192.236 96.4108 -1.61052 -1.61052
4.8 -41.5677 -190.528 90.4833 -1.56545 -1.56545
4.81 -41.6816 -190.259 84.5108 -1.5582 -1.5582
4.82 -41.783 -191.99 78.3707 -1.58551 -1.58551
4.83 -41.8733 -195.539 71.8648 -1.63733 -1.63733
4.84 -41.9487 -199.347 65.4017 -1.69992 -1.69992
4.85 -42.0033 -201.435 59.759 -1.75964 -1.75964
4.86 -42.0418 -202.173 55.0886 -1.80236 -1.80236
4.87 -42.0823 -204.44 50.6641 -1.81089 -1.81089
4.88 -42.1405 -210.074 45.5854 -1.77397 -1.77397
4.89 -42.2197 -217.824 39.6713 -1.70418 -1.70418
4.9 -42.3134 -225.006 33.6987 -1.63869 -1.63869
4.91 -42.4167 -229.879 28.5737 -1.61375 -1.61375
4.92 -42.5297 -232.112 24.3035 -1.63789 -1.63789
4.93 -42.6546 -231.92 20.033 -1.6904 -1.6904
4.94 -42.7924 -230.136 14.9719 -1.73997 -1.73997
4.95 -42.944 -228.73 9.03877 -1.76207 -1.76207
4.96 -43.1077 -229.611 2.87631 -1.74872 -1.74872
4.97 -43.2742 -232.932 -2.40916 -1.7101 -1.7101
4.98 -43.4312 -237.686 -5.80868 -1.66565 -1.66565
4.99 -43.5734 -243.529 -7.20675 -1.63041 -1.63041
5 -43.7026 -250.486 -7.69348 -1.60789 -1.60789
5.01 -43.8197 -257.527 -8.73562 -1.59524 -1.59524
5.02 -43.9214 -263.291 -10.8536 -1.59249 -1.59249
5.03 -44.0047 -267.562 -13.3203 -1.60236 -1.60236
5.04 -44.0685 -270.885 -15.1332 -1.62288 -1.62288
5.05 -44.1147 -273.916 -15.9919 -1.64507 -1.64507
5.06 -44.1513 -277.852 -16.403 -1.65858 -1.65858
5.07 -44.1886 -283.714 -17.2903 -1.65822 -1.65822
5.08 -44.2311 -290.6 -19.4734 -1.64877 -1.64877
5.09 -44.2768 -296.197 -23.2399 -1.64482 -1.64482
5.1 -44.324 -298.924 -28.3377 -1.66177 -1.66177
5.11 -44.3716 -298.303 -34.13 -1.70371 -1.70371
5.12 -44.4159 -294.043 -39.8231 -1.75933 -1.75933
5.13 -44.4536 -286.731 -44.8328 -1.80926 -1.80926
5.14 -44.4884 -279.042 -48.8253 -1.83558 -1.83558
5.15 -44.5251 -274.187 -51.4617 -1.82721 -1.82721
5.16 -44.562 -273.096 -52.6082 -1.78518 -1.78518
5.17 -44.5938 -274.476 -52.7786 -1.72458 -1.72458
5.18 -44.6176 -276.636 -52.9237 -1.66655 -1.66655
5.19 -44.6316 -277.864 -53.9185 -1.62858 -1.62858
5.2 -44.6302 -275.892 -56.1648 -1.62018 -1.62018
5.21 -44.6033 -268.794 -59.1332 -1.6415 -1.6415
5.22 -44.5438 -256.976 -61.1808 -1.68232 -1.68232
5.23 -44.4464 -242.862 -60.2249 -1.72261 -1.72261
5.24 -44.3068 -228.856 -54.9928 -1.74035 -1.74035
5.25 -44.1236 -216.568 -45.6756 -1.7237 -1.7237
5.26 -43.8959 -206.49 -33.5288 -1.67506 -1.67506
5.27 -43.621 -197.579 -20.019 -1.60755 -1.60755
5.28 -43.2958 -188.335 -6.24466 -1.5434 -1.5434
5.29 -42.9228 -178.341 7.14047 -1.50705 -1.50705
5.3 -42.5085 -167.71 19.7906 -1.51165 -1.51165
5.31 -42.0596 -156.133 31.6743 -1.55486 -1.55486
5.32 -41.5845 -143.743 43.2556 -1.62675 -1.62675
5.33 -41.0939 -131.572 55.5227 -1.71559 -1.71559
5.34 -40.5977 -120.494 69.6364 -1.80949 -1.80949
5.35 -40.1009 -110.136 86.5143 -1.89864 -1.89864
5.36 -39.6039 -99.0791 106.606 -1.97544 -1.97544
5.37 -39.1109 -86.8674 129.443 -2.03085 -2.03085
5.38 -38.6362 -75.3212 153.447 -2.04921 -2.04921
5.39 -38.1936 -66.5368 176.955 -2.01671 -2.01671
5.4 -37.7846 -60.3639 199.534 -1.94157 -1.94157
5.41 -37.4004 -55.0356 221.708 -1.8602 -1.8602
5.42 -37.036 -49.3844 243.672 -1.81534 -1.81534
5.43 -36.6974 -44.2628 264.581 -1.82121 -1.82121
5.44 -36.3984 -42.0344 283.191 -1.85665 -1.85665
5.45 -36.1476 -44.0634 299.088 -1.89503 -1.89503
5.46 -35.9436 -49.1691 312.737 -1.92991 -1.92991
5.47 -35.7816 -54.8611 324.445 -1.96687 -1.96687
5.48 -35.6603 -59.1339 333.962 -2.00165 -2.00165
5.49 -35.5808 -61.0913 340.849 -2.01772 -2.01772
5.5 -35.5486 -61.6442 344.751 -1.99993 -1.99993
5.51 -35.5743 -63.5113 345.381 -1.9465 -1.9465
5.52 -35.666 -68.8229 342.577 -1.87299 -1.87299
5.53 -35.8243 -77.555 336.551 -1.80921 -1.80921
5.54 -36.0463 -89.0145 327.923 -1.78883 -1.78883
5.55 -36.3314 -102.83 317.24 -1.83106 -1.83106
5.56 -36.6825 -118.642 304.389 -1.92596 -1.92596
5.57 -37.1037 -136.354 288.974 -2.03823 -2.03823
5.58 -37.5979 -156.286 271.289 -2.12573 -2.12573
5.59 -38.1634 -178.717 252.438 -2.15665 -2.15665
5.6 -38.797 -203.802 233.334 -2.11442 -2.11442
5.61 -39.4984 -231.693 213.971 -1.99889 -1.99889
5.62 -40.2635 -261.78 193.78 -1.828 -1.828
5.63 -41.0786 -291.754 172.414 -1.63275 -1.63275
5.64 -41.9221 -318.495 149.936 -1.45405 -1.45405
5.65 -42.774 -340.438 126.402 -1.33253 -1.33253
5.66 -43.6217 -358.823 101.753 -1.28573 -1.28573
5.67 -44.4569 -376.61 76.1647 -1.29831 -1.29831
5.68 -45.2664 -395.846 50.2745 -1.34142 -1.34142
5.69 -46.0318 -416.018 24.8092 -1.39786 -1.39786
5.7 -46.7335 -434.921 0.0484989 -1.46416 -1.46416
5.71 -47.357 -450.842 -24.1249 -1.53859 -1.53859
5.72 -47.8965 -463.541 -47.6909 -1.61343 -1.61343
5.73 -48.3476 -473.204 -70.062 -1.67219 -1.67219
5.74 -48.702 -479.055 -90.2754 -1.69868 -1.69868
5.75 -48.9505 -479.368 -107.666 -1.6941 -1.6941
5.76 -49.0878 -472.953 -122.289 -1.67514 -1.67514
5.77 -49.117 -460.283 -134.768 -1.66026 -1.66026
5.78 -49.0465 -443.25 -145.847 -1.65356 -1.65356
5.79 -48.8914 -424.779 -156.173 -1.63864 -1.63864
5.8 -48.6732 -408.534 -166.211 -1.60425 -1.60425
5.81 -48.4154 -397.101 -176.091 -1.56455 -1.56455
5.82 -48.1299 -388.662 -185.669 -1.54917 -1.54917
5.83 -47.8131 -376.638 -194.665 -1.58629 -1.58629
5.84 -47.4589 -355.004 -202.545 -1.68338 -1.68338
5.85 -47.0738 -323.634 -208.197 -1.81333 -1.81333
5.86 -46.6721 -287.392 -210.115 -1.92655 -1.92655
5.87 -46.2652 -251.457 -207.401 -1.97958 -1.97958
5.88 -45.8571 -218.66 -200.551 -1.95392 -1.95392
5.89 -45.4435 -188.996 -190.985 -1.86019 -1.86019
5.9 -45.011 -160.237 -179.887 -1.73201 -1.73201
5.91 -44.543 -130.086 -167.634 -1.61245 -1.61245
5.92 -44.0248 -97.4503 -153.968 -1.54175 -1.54175
5.93 -43.4433 -62.1388 -138.15 -1.54345 -1.54345
5.94 -42.789 -25.3117 -119.011 -1.60993 -1.60993
5.95 -42.0624 9.89223 -95.5618 -1.70452 -1.70452
5.96 -41.277 39.1604 -67.9399 -1.78357 -1.78357
5.97 -40.4544 59.2528 -37.5347 -1.81899 -1.81899
5.98 -39.6158 69.8384 -6.13143 -1.80947 -1.80947
5.99 -38.7822 72.5625 24.796 -1.78321 -1.78321
6 -37.9843 68.1348 54.2953 -1.78309 -1.78309
6.01 -37.2646 55.1454 81.9598 -1.8348 -1.8348
6.02 -36.6683 32.0168 108.193 -1.94276 -1.94276
6.03 -36.2307 -1.30117 134.608 -2.11584 -2.11584
6.04 -35.9763 -43.4884 163.274 -2.35618 -2.35618
6.05 -35.9221 -91.7547 194.993 -2.61945 -2.61945
6.06 -36.0772 -142.282 228.444 -2.82492 -2.82492
6.07 -36.4401 -191.225 261.036 -2.90963 -2.90963
6.08 -36.9919 -235.282 290.155 -2.84579 -2.84579
6.09 -37.706 -273.1 314.077 -2.6242 -2.6242
6.1 -38.5438 -305.797 332.244 -2.2783 -2.2783
6.11 -39.4539 -334.964 345.343 -1.9114 -1.9114
6.12 -40.3753 -361.072 355.092 -1.64598 -1.64598
6.13 -41.2425 -383.943 363.494 -1.53616 -1.53616
6.14 -41.992 -402.559 372.012 -1.54847 -1.54847
6.15 -42.5651 -414.522 381.359 -1.62533 -1.62533
6.16 -42.914 -417.765 391.595 -1.72306 -1.72306
6.17 -43.0105 -412.362 402.11 -1.79373 -1.79373
6.18 -42.8456 -400.134 411.91 -1.78648 -1.78648
6.19 -42.4292 -384.261 420.451 -1.67795 -1.67795
6.2 -41.7867 -368.769 428.336 -1.49039 -1.49039
6.21 -40.9503 -355.631 436.87 -1.28886 -1.28886
6.22 -39.9511 -341.834 446.746 -1.16205 -1.16205
6.23 -38.8205 -320.552 457.105 -1.18495 -1.18495
6.24 -37.5977 -286.056 466.009 -1.37746 -1.37746
6.25 -36.3402 -238.418 471.853 -1.68581 -1.68581
6.26 -35.1174 -184.533 474.309 -2.00325 -2.00325
6.27 -34.0039 -135.034 474.029 -2.22807 -2.22807
6.28 -33.0664 -98.1603 471.75 -2.31592 -2.31592
6.29 -32.3346 -73.8561 468.06 -2.28695 -2.28695
6.3 -31.8017 -53.4062 463.519 -2.20571 -2.20571
6.31 -31.447 -27.2505 458.548 -2.14299 -2.14299
6.32 -31.2646 5.9623 452.847 -2.13011 -2.13011
6.33 -31.2753 38.1497 444.814 -2.14257 -2.14257
6.34 -31.5106 57.044 431.994 -2.12754 -2.12754
6.35 -31.9939 52.9274 412.456 -2.0494 -2.0494
6.36 -32.7246 24.1492 385.798 -1.92249 -1.92249
6.37 -33.6646 -20.2973 352.786 -1.81356 -1.81356
6.38 -34.7513 -64.3745 314.538 -1.8031 -1.8031
6.39 -35.9346 -96.4356 272.053 -1.91934 -1.91934
6.4 -37.2004 -117.693 226.113 -2.09631 -2.09631
6.41 -38.5533 -136.716 177.632 -2.20034 -2.20034
6.42 -39.9784 -159.446 128.237 -2.11692 -2.11692
6.43 -41.4365 -187.371 80.6062 -1.83046 -1.83046
6.44 -42.8784 -219.264 37.9005 -1.42064 -1.42064
6.45 -44.2469 -251.056 2.32639 -1.00009 -1.00009
6.46 -45.4838 -276.993 -25.7817 -0.658426 -0.658426
6.47 -46.5459 -294.037 -47.6906 -0.437565 -0.437565
6.48 -47.4148 -304.884 -65.5633 -0.341394 -0.341394
6.49 -48.0933 -315.448 -81.6276 -0.353997 -0.353997
6.5 -48.5883 -330.221 -97.6776 -0.462855 -0.462855
6.51 -48.9121 -350.517 -115.236 -0.666625 -0.666625
6.52 -49.0898 -376.188 -135.785 -0.939444 -0.939444
6.53 -49.1683 -408.244 -160.188 -1.20427 -1.20427
6.54 -49.2092 -448.538 -188.308 -1.38311 -1.38311
6.55 -49.2805 -495.763 -219.612 -1.48808 -1.48808
6.56 -49.4268 -543.413 -253.107 -1.59558 -1.59558
6.57 -49.6712 -582.823 -287.128 -1.7245 -1.7245
6.58 -50.0306 -607.187 -319.429 -1.83542 -1.83542
6.59 -50.508 -614.3 -347.34 -1.91381 -1.91381
6.6 -51.0987 -607.695 -368.287 -1.97187 -1.97187
6.61 -51.7862 -594.331 -380.83 -2.00462 -2.00462
6.62 -52.5391 -580.469 -385.306 -1.98225 -1.98225
6.63 -53.3086 -569.417 -383.751 -1.88072 -1.88072
6.64 -54.034 -561.364 -378.87 -1.70926 -1.70926
6.65 -54.6494 -554.398 -372.713 -1.50038 -1.50038
6.66 -55.0951 -546.875 -366.093 -1.2929 -1.2929
6.67 -55.3264 -538.649 -358.907 -1.12603 -1.12603
6.68 -55.3148 -529.752 -350.845 -1.02661 -1.02661
6.69 -55.0456 -518.814 -341.824 -1.00115 -1.00115
6.7 -54.5146 -503.492 -331.584 -1.04631 -1.04631
6.71 -53.7315 -482.504 -319.053 -1.16114 -1.16114
6.72 -52.7222 -456.681 -302.789 -1.33534 -1.33534
6.73 -51.5242 -426.735 -282.42 -1.52331 -1.52331
6.74 -50.1757 -390.421 -259.606 -1.64558 -1.64558
6.75 -48.7157 -343.851 -237.616 -1.63927 -1.63927
6.76 -47.1828 -284.116 -219.441 -1.5107 -1.5107
6.77 -45.6063 -209.813 -205.789 -1.3324 -1.3324
6.78 -44.0058 -121.933 -194.972 -1.19809 -1.19809
6.79 -42.4025 -25.3073 -184.41 -1.18499 -1.18499
6.8 -40.8232 72.0528 -172.476 -1.3225 -1.3225
6.81 -39.308 161.903 -158.507 -1.56012 -1.56012
6.82 -37.8828 239.208 -142.641 -1.8191 -1.8191
6.83 -36.5634 301.894 -125.501 -2.07353 -2.07353
6.84 -35.376 348.353 -107.471 -2.32315 -2.32315
6.85 -34.3559 377.16 -88.6691 -2.54044 -2.54044
6.86 -33.5232 389.995 -68.6083 -2.68608 -2.68608
6.87 -32.8826 391.772 -46.0613 -2.73715 -2.73715
6.88 -32.4434 386.382 -19.843 -2.68117 -2.68117
6.89 -32.2136 374.054 10.6532 -2.50907 -2.50907
6.9 -32.2025 353.034 45.1137 -2.22328 -2.22328
6.91 -32.4047 324.071 81.8846 -1.84468 -1.84468
6.92 -32.7908 291.998 117.572 -1.42577 -1.42577
6.93 -33.3315 261.122 147.303 -1.05261 -1.05261
6.94 -34.0071 230.466 166.756 -0.808179 -0.808179
6.95 -34.8031 195.096 174.344 -0.737364 -0.737364
6.96 -35.6917 151.508 171.726 -0.847403 -0.847403
6.97 -36.6339 100.323 162.141 -1.12332 -1.12332
6.98 -37.5953 44.1165 148.333 -1.5344 -1.5344
6.99 -38.5604 -15.7556 131.872 -2.01568 -2.01568
7 -39.523 -78.7454 114.097 -2.45203 -2.45203
7.01 -40.469 -141.437 96.791 -2.72676 -2.72676
7.02 -41.3745 -197.844 81.7951 -2.79347 -2.79347
7.03 -42.222 -245.033 70.6814 -2.67557 -2.67557
7.04 -43.0125 -287.142 65.3683 -2.42073 -2.42073
7.05 -43.7639 -334.109 68.7058 -2.07761 -2.07761
7.06 -44.4875 -394.422 83.6788 -1.70088 -1.70088
7.07 -45.1709 -467.483 111.737 -1.36135 -1.36135
7.08 -45.7835 -544.796 151.895 -1.13317 -1.13317
7.09 -46.2991 -617.139 200.961 -1.07039 -1.07039
7.1 -46.7113 -679.71 254.343 -1.14426 -1.14426
7.11 -47.0255 -732.108 306.708 -1.2116 -1.2116
7.12 -47.25 -775.456 352.275 -1.15069 -1.15069
7.13 -47.4001 -811.579 386.206 -0.963462 -0.963462
7.14 -47.4906 -842.974 405.853 -0.707164 -0.707164
7.15 -47.5358 -871.554 410.919 -0.435078 -0.435078
7.16 -47.5478 -897.165 402.856 -0.222214 -0.222214
7.17 -47.5366 -917.818 384.52 -0.183069 -0.183069
7.18 -47.508 -930.876 360.064 -0.39583 -0.39583
7.19 -47.4666 -933.997 334.016 -0.808567 -0.808567
7.2 -47.4195 -926.263 310.029 -1.31726 -1.31726
7.21 -47.3702 -908.409 290.554 -1.89245 -1.89245
7.22 -47.3104 -880.845 277.175 -2.48939 -2.48939
7.23 -47.2172 -842.931 270.844 -2.95458 -2.95458
7.24 -47.0605 -795.095 271.952 -3.14957 -3.14957
7.25 -46.812 -740.17 280.278 -3.06799 -3.06799
7.26 -46.4459 -682.108 294.795 -2.76194 -2.76194
7.27 -45.9395 -623.361 313.451 -2.19356 -2.19356
7.28 -45.2733 -563.946 332.919 -1.3106 -1.3106
7.29 -44.4394 -502.953 348.655 -0.316789 -0.316789
7.3 -43.4487 -439.141 355.799 0.436541 0.436541
7.31 -42.3194 -369.488 350.677 0.831579 0.831579
7.32 -41.0724 -290.54 331.618 0.938458 0.938458
7.33 -39.7562 -204.423 298.783 0.758007 0.758007
7.34 -38.4562 -121.583 253.698 0.274832 0.274832
7.35 -37.2736 -54.1194 198.823 -0.398357 -0.398357
7.36 -36.29 -5.99253 137.143 -1.11554 -1.11554
7.37 -35.5505 29.6148 71.8257 -1.81475 -1.81475
7.38 -35.0796 63.0177 6.15771 -2.45449 -2.45449
7.39 -34.9104 98.2219 -56.0777 -2.97055 -2.97055
7.4 -35.0503 133.472 -112.271 -3.29905 -3.29905
7.41 -35.5293 165.201 -160.18 -3.34103 -3.34103
7.42 -36.3128 192.501 -198.876 -2.99869 -2.99869
7.43 -37.3345 215.353 -228.315 -2.31133 -2.31133
7.44 -38.5523 229.424 -249.142 -1.45811 -1.45811
7.45 -39.9115 226.474 -262.919 -0.632133 -0.632133
7.46 -41.3614 200.7 -271.627 0.0396233 0.0396233
7.47 -42.8295 154.645 -276.961 0.479985 0.479985
7.48 -44.2271 98.9624 -280.063 0.605751 0.605751
7.49 -45.4674 46.5273 -282.11 0.360256 0.360256
7.5 -46.4978 5.40104 -285.598 -0.172893 -0.172893
7.51 -47.305 -23.3991 -294.332 -0.772871 -0.772871
7.52 -47.8954 -41.8616 -311.559 -1.222 -1.222
7.53 -48.276 -51.4188 -338.048 -1.42887 -1.42887
7.54 -48.4536 -52.987 -372.044 -1.43628 -1.43628
7.55 -48.4476 -48.4156 -410.68 -1.31884 -1.31884
7.56 -48.3013 -42.5127 -451.195 -1.10214 -1.10214
7.57 -48.0746 -41.8098 -491.037 -0.797717 -0.797717
7.58 -47.8173 -47.5722 -527.287 -0.487836 -0.487836
7.59 -47.5398 -51.7592 -556.415 -0.330822 -0.330822
7.6 -47.2374 -44.0273 -575.167 -0.443914 -0.443914
7.61 -46.9225 -22.3349 -581.568 -0.793688 -0.793688
7.62 -46.6328 4.0943 -574.879 -1.2199 -1.2199
7.63 -46.4087 21.5806 -554.852 -1.5458 -1.5458
7.64 -46.2607 22.0428 -521.182 -1.67138 -1.67138
7.65 -46.1594 7.23894 -473.871 -1.59622 -1.59622
7.66 -46.0448 -13.1973 -414.074 -1.3776 -1.3776
7.67 -45.8496 -27.2457 -344.516 -1.08071 -1.08071
7.68 -45.5229 -28.709 -269.105 -0.767945 -0.767945
7.69 -45.0461 -20.7673 -192.125 -0.491518 -0.491518
7.7 -44.4153 -10.4363 -117.385 -0.272874 -0.272874
7.71 -43.6205 -1.22844 -47.4897 -0.11008 -0.11008
7.72 -42.6465 7.22905 16.4238 0.00721325 0.00721325
7.73 -41.4963 14.6311 74.4389 0.0817558 0.0817558
7.74 -40.1985 18.8234 127.14 0.10129 0.10129
7.75 -38.7826 19.5191 175.54 0.0531774 0.0531774
7.76 -37.2842 19.4961 221.422 -0.105481 -0.105481
7.77 -35.7566 21.9078 266.072 -0.448195 -0.448195
7.78 -34.2495 25.7028 310.322 -0.981182 -0.981182
7.79 -32.8555 24.6874 353.752 -1.61791 -1.61791
7.8 -31.6649 11.3677 395.563 -2.25636 -2.25636
7.81 -30.7506 -17.5516 435.569 -2.80568 -2.80568
7.82 -30.1498 -57.6163 473.91 -3.18337 -3.18337
7.83 -29.8552 -96.911 510.644 -3.35855 -3.35855
7.84 -29.8378 -122.092 545.609 -3.36045 -3.36045
7.85 -30.0544 -126.174 578.443 -3.21179 -3.21179
7.86 -30.4576 -110.118 608.81 -2.88535 -2.88535
7.87 -30.9912 -79.3087 636.034 -2.33902 -2.33902
7.88 -31.5913 -41.5657 658.483 -1.59323 -1.59323
7.89 -32.1994 -6.34311 674.002 -0.744039 -0.744039
7.9 -32.7663 16.8493 681.069 0.0801762 0.0801762
7.91 -33.2564 20.7602 679.368 0.726572 0.726572
7.92 -33.6424 3.36777 669.311 1.04909 1.04909
7.93 -33.9157 -30.5959 651.425 0.969163 0.969163
7.94 -34.0787 -72.2258 625.639 0.496756 0.496756
7.95 -34.1666 -114.187 591.395 -0.270707 -0.270707
7.96 -34.2544 -154.87 548.224 -1.15562 -1.15562
7.97 -34.4346 -197.056 496.297 -1.9378 -1.9378
7.98 -34.8001 -244.171 436.821 -2.43518 -2.43518
7.99 -35.4207 -296.465 372.427 -2.58349 -2.58349
8 -36.3274 -349.26 307.201 -2.44721 -2.44721
8.01 -37.5201 -396.623 245.885 -2.16072 -2.16072
8.02 -38.9856 -437.199 192.814 -1.84852 -1.84852
8.03 -40.7006 -474.524 151.037 -1.5734 -1.5734
8.04 -42.6181 -511.15 121.506 -1.33641 -1.33641
8.05 -44.6526 -544.986 102.827 -1.11329 -1.11329
8.06 -46.7028 -573.533 91.9757 -0.877711 -0.877711
8.07 -48.6858 -599.914 85.1296 -0.583821 -0.583821
8.08 -50.5336 -631.376 78.5715 -0.15354 -0.15354
8.09 -52.1787 -671.758 69.6242 0.41328 0.41328
8.1 -53.5467 -717.623 56.8202 0.937656 0.937656
8.11 -54.5789 -761.702 39.1058 1.19142 1.19142
8.12 -55.2463 -797.214 14.9178 1.06202 1.06202
8.13 -55.5568 -819.278 -17.3565 0.594201 0.594201
8.14 -55.5395 -825.447 -58.1343 -0.0525365 -0.0525365
8.15 -55.2412 -816.168 -105.315 -0.699943 -0.699943
8.16 -54.7166 -794.115 -154.492 -1.2191 -1.2191
8.17 -54.0277 -762.64 -200.795 -1.53901 -1.53901
8.18 -53.2344 -724.172 -240.8 -1.63519 -1.63519
8.19 -52.3893 -679.468 -272.998 -1.51817 -1.51817
8.2 -51.5404 -629.053 -296.915 -1.20929 -1.20929
8.21 -50.7262 -574.759 -312.239 -0.753872 -0.753872
8.22 -49.9741 -519.722 -318.459 -0.281984 -0.281984
8.23 -49.3014 -468.126 -314.768 0.0290269 0.0290269
8.24 -48.7144 -424.394 -300.271 0.100091 0.100091
8.25 -48.2085 -391.272 -274.468 -0.0129739 -0.0129739
8.26 -47.7642 -368.658 -237.978 -0.219793 -0.219793
8.27 -47.3608 -354.97 -192.84 -0.453886 -0.453886
8.28 -46.9788 -348.512 -142.116 -0.655627 -0.655627
8.29 -46.5946 -346.745 -89.0616 -0.766839 -0.766839
8.3 -46.1829 -346.674 -36.4405 -0.752077 -0.752077
8.31 -45.7266 -347.274 13.9027 -0.607109 -0.607109
8.32 -45.2192 -350.063 61.2745 -0.357408 -0.357408
8.33 -44.66 -356.534 105.701 -0.0687975 -0.0687975
8.34 -44.0505 -366.535 147.176 0.171856 0.171856
8.35 -43.4012 -379.56 185.355 0.308027 0.308027
8.36 -42.7388 -396.231 219.587 0.330273 0.330273
8.37 -42.1017 -418.561 249.702 0.239477 0.239477
8.38 -41.5318 -448.662 276.867 0.00741405 0.00741405
8.39 -41.0564 -486.513 303.7 -0.405934 -0.405934
8.4 -40.696 -529.948 333.492 -0.996741 -0.996741
8.41 -40.4685 -577.367 369.139 -1.68006 -1.68006
8.42 -40.3894 -628.883 412.497 -2.31416 -2.31416
8.43 -40.4704 -684.996 464.069 -2.75668 -2.75668
8.44 -40.7095 -745.568 523.05 -2.91434 -2.91434
8.45 -41.0919 -809.64 587.482 -2.74034 -2.74034
8.46 -41.6043 -876.089 655.256 -2.16746 -2.16746
8.47 -42.2192 -942.204 722.921 -1.12131 -1.12131
8.48 -42.871 -1004.65 786.49 0.462798 0.462798
8.49 -43.5271 -1062.39 842.545 2.55452 2.55452
8.5 -44.1934 -1115.73 886.001 4.93414 4.93414
8.51 -44.795 -1167.11 915.198 7.31704 7.31704
8.52 -45.3641 -1213.77 928.532 9.37223 9.37223
8.53 -45.8418 -1250.85 927.043 10.7426 10.7426
8.54 -46.2145 -1274.04 913.1 11.2461 11.2461
8.55 -46.4718 -1282.47 889.51 10.9535 10.9535
8.56 -46.6165 -1280.7 860.099 10.0643 10.0643
8.57 -46.685 -1275.58 828.453 8.76206 8.76206
8.58 -46.7083 -1271.93 797.702 7.21085 7.21085
8.59 -46.6938 -1270.66 770.214 5.64855 5.64855
8.6 -46.6603 -1270.89 747.409 4.39612 4.39612
8.61 -46.6334 -1274.01 730.138 3.73135 3.73135
8.62 -46.6495 -1283.01 718.674 3.76654 3.76654
8.63 -46.7368 -1299.27 712.738 4.43326 4.43326
8.64 -46.9145 -1321.84 711.668 5.56452 5.56452
8.65 -47.197 -1348.87 714.207 6.96472 6.96472
8.66 -47.591 -1377.72 718.119 8.41734 8.41734
8.67 -48.0938 -1403.93 720.312 9.69742 9.69742
8.68 -48.6809 -1421.69 717.63 10.5933 10.5933
8.69 -49.3263 -1425.36 707.401 10.9383 10.9383
8.7 -49.986 -1412.62 687.754 10.6847 10.6847
8.71 -50.63 -1385.16 657.477 9.92765 9.92765
8.72 -51.2208 -1344.85 615.874 8.82246 8.82246
8.73 -51.7022 -1290.93 563.325 7.51019 7.51019
8.74 -52.0202 -1222.36 501.878 6.12068 6.12068
8.75 -52.1332 -1142.12 435.171 4.79642 4.79642
8.76 -52.0268 -1057.68 367.273 3.68453 3.68453
8.77 -51.7082 -976.891 301.309 2.89816 2.89816
8.78 -51.1907 -902.318 238.482 2.47809 2.47809
8.79 -50.4884 -829.488 178.015 2.38272 2.38272
8.8 -49.6204 -750.518 118.083 2.53196 2.53196
8.81 -48.6136 -658.222 57.1744 2.86012 2.86012
8.82 -47.4991 -548.786 -5.12341 3.17984 3.17984
8.83 -46.3169 -423.816 -68.217 3.18945 3.18945
8.84 -45.135 -290.664 -131.688 2.82264 2.82264
8.85 -44.0225 -160.888 -194.58 2.27169 2.27169
8.86 -43.0028 -46.1426 -256.93 1.62131 1.62131
8.87 -42.17 50.9772 -321.208 0.821399 0.821399
8.88 -41.5681 134.962 -388.715 0.0156568 0.0156568
8.89 -41.1525 217.421 -460.928 -0.559421 -0.559421
8.9 -40.9004 307.831 -537.205 -0.832199 -0.832199
8.91 -40.8278 409.307 -616.295 -0.687744 -0.687744
8.92 -40.9028 519.163 -695.986 0.309443 0.309443
8.93 -41.0931 633.127 -773.601 2.6577 2.6577
8.94 -41.3544 747.374 -846.394 6.30045 6.30045
8.95 -41.6032 858.833 -910.988 10.6458 10.6458
8.96 -41.7751 965.587 -964.758 14.9877 14.9877
8.97 -41.7737 1068.13 -1006.66 18.8029 18.8029
8.98 -41.572 1164.74 -1036.03 21.9316 21.9316
8.99 -41.0833 1252.95 -1054.91 24.2713 24.2713
9 -40.3482 1327.65 -1064.73 25.617 25.617
9.01 -39.3817 1382.79 -1066.94 25.7979 25.7979
9.02 -38.2149 1415.22 -1062.63 24.7144 24.7144
9.03 -36.9076 1425.64 -1051.97 22.6222 22.6222
9.04 -35.5646 1415.4 -1033.47 20.2427 20.2427
9.05 -34.2112 1388.47 -1007.3 18.1885 18.1885
9.06 -32.9709 1348.82 -973.242 16.5792 16.5792
9.07 -31.9411 1301.13 -931.146 15.4216 15.4216
9.08 -31.1639 1250.1 -880.651 14.8818 14.8818
9.09 -30.6831 1199.79 -821.196 15.0599 15.0599
9.1 -30.5052 1152.7 -752.776 15.7614 15.7614
9.11 -30.6285 1107.51 -676.225 16.5899 16.5899
9.12 -31.0263 1059.38 -593.254 17.1932 17.1932
9.13 -31.6626 1002.24 -506.339 17.3583 17.3583
9.14 -32.4749 931.915 -417.653 16.9823 16.9823
9.15 -33.3843 848.035 -328.841 16.0409 16.0409
9.16 -34.3063 753.614 -241.462 14.5748 14.5748
9.17 -35.1746 650.26 -157.292 12.7079 12.7079
9.18 -35.9633 534.405 -78.1587 10.6545 10.6545
9.19 -36.6803 399.333 -4.73943 8.67284 8.67284
9.2 -37.3545 240.394 64.5614 6.98967 6.98967
9.21 -38.0978 57.6505 133.323 5.594 5.594
9.22 -38.6935 -140.48 204.839 4.29213 4.29213
9.23 -39.3415 -346.604 280.101 3.20645 3.20645
9.24 -40.1968 -553.108 357.463 2.84555 2.84555
9.25 -41.1798 -754.801 435.217 3.50097 3.50097
9.26 -42.4039 -948.961 511.034 4.85804 4.85804
9.27 -43.8757 -1131.89 583.176 6.3721 6.3721
9.28 -45.5555 -1295.8 650.462 7.72231 7.72231
9.29 -47.3988 -1429.89 711.306 8.90918 8.90918
9.3 -49.262 -1523.76 762.407 10.2424 10.2424
9.31 -51.0245 -1587.31 808.34 11.9181 11.9181
9.32 -52.6966 -1628.51 850.314 13.4924 13.4924
9.33 -54.1144 -1653.17 887.996 14.3791 14.3791
9.34 -55.2178 -1667.44 919.125 14.6759 14.6759
9.35 -55.9323 -1676.56 941.11 14.8819 14.8819
9.36 -56.2243 -1684.62 952.196 15.1917 15.1917
9.37 -56.0888 -1693.19 951.549 15.4063 15.4063
9.38 -55.5476 -1701.92 938.841 15.2726 15.2726
9.39 -54.6625 -1709.46 914.412 14.7224 14.7224
9.4 -53.5269 -1713.52 879.196 13.8793 13.8793
9.41 -52.2575 -1708.29 834.116 12.9605 12.9605
9.42 -50.9525 -1685.77 780.099 12.1325 12.1325
9.43 -49.7188 -1639.96 717.893 11.4192 11.4192
9.44 -48.651 -1568.76 648.466 10.7942 10.7942
9.45 -47.8201 -1473.16 573.401 10.3253 10.3253
9.46 -47.2569 -1355.12 495.122 10.0972 10.0972
9.47 -46.946 -1215.49 416.185 10.0281 10.0281
9.48 -46.8293 -1053.9 338.176 9.90027 9.90027
9.49 -46.8237 -871.087 261.495 9.60986 9.60986
9.5 -46.8375 -672.009 185.678 9.22651 9.22651
9.51 -46.7949 -467.969 109.798 8.62801 8.62801
9.52 -46.6204 -272.568 32.9778 7.80101 7.80101
9.53 -46.2768 -92.4379 -47.2578 7.61855 7.61855
9.54 -45.6886 71.796 -128.338 8.70798 8.70798
9.55 -44.6164 226.48 -211.354 10.0976 10.0976
9.56 -43.2994 379.481 -296.986 10.8518 10.8518
9.57 -41.6795 534.356 -384.195 11.6442 11.6442
9.58 -39.7773 691.429 -473.516 13.3237 13.3237
9.59 -37.718 850.919 -565.356 15.6036 15.6036
9.6 -35.5685 1015.71 -659.547 17.7858 17.7858
9.61 -33.4192 1184.47 -754.603 19.5021 19.5021
9.62 -31.3684 1351.22 -848.222 20.6807 20.6807
9.63 -29.6203 1503.3 -936.504 21.3005 21.3005
9.64 -28.2951 1627.83 -1006.34 20.9403 20.9403
9.65 -26.9997 1741.06 -1067.13 19.388 19.388
9.66 -26.1557 1847.89 -1119.6 17.5692 17.5692
9.67 -25.6583 1951.84 -1163.23 16.3959 16.3959
9.68 -25.4103 2049.71 -1199.37 15.8527 15.8527
9.69 -25.4616 2133.68 -1228.79 15.7696 15.7696
9.7 -25.747 2199.29 -1251.73 16.3058 16.3058
9.71 -26.1984 2246.33 -1268.55 17.6543 17.6543
9.72 -26.7657 2274.86 -1279.72 19.721 19.721
9.73 -27.3892 2284.4 -1286.34 22.0946 22.0946
9.74 -28.0543 2274.72 -1289.16 24.15 24.15
9.75 -28.6727 2248.47 -1288.8 25.3781 25.3781
9.76 -29.2543 2209.07 -1287.26 25.7047 25.7047
9.77 -29.8407 2154.04 -1286.14 25.2779 25.2779
9.78 -30.4444 2076.3 -1286.29 24.1712 24.1712
9.79 -31.1359 1970.62 -1286.74 22.492 22.492
9.8 -31.9553 1837.88 -1284.91 20.5128 20.5128
9.81 -32.9329 1684.86 -1277.09 18.6222 18.6222
9.82 -34.0864 1522.23 -1259.58 17.1964 17.1964
9.83 -35.4133 1360.86 -1229.17 16.4557 16.4557
9.84 -36.8987 1207.31 -1183.72 16.404 16.404
9.85 -38.5279 1062.61 -1122.4 16.9148 16.9148
9.86 -40.2607 924.828 -1045.64 17.8462 17.8462
9.87 -42.0336 791.84 -954.497 19.0333 19.0333
9.88 -43.7591 661.942 -850.361 20.2262 20.2262
9.89 -45.3448 532.887 -735.009 21.1152 21.1152
9.9 -46.6975 401.897 -610.68 21.4502 21.4502
9.91 -47.7369 267.326 -479.976 21.1264 21.1264
9.92 -48.4053 129.362 -345.268 20.1863 20.1863
9.93 -48.69 -8.73414 -208.28 18.747 18.747
9.94 -48.6753 -144.129 -65.3164 16.6927 16.6927
9.95 -47.846 -273.136 78.0407 13.3395 13.3395
9.96 -46.6943 -396.4 217.502 8.78407 8.78407
9.97 -45.3985 -513.426 350.104 5.4836 5.4836
9.98 -43.8461 -621.975 472.73 5.42963 5.42963
9.99 -42.2288 -722.996 584.568 7.2341 7.2341
10 -40.6355 -819.375 686.808 8.67554 8.67554
