0.1 -2.6325 18.4908 -6.01104 -2.29829e-010 -2.29829e-010
0.2 -5.265 36.9812 -12.0221 7.26044e-011 7.26044e-011
0.3 -7.89749 55.471 -18.0332 8.94369e-009 8.94369e-009
0.4 -10.53 73.9604 -24.0443 9.81075e-009 9.81075e-009
0.5 -13.1625 92.4492 -30.0554 4.80433e-009 4.80433e-009
0.6 -15.795 110.938 -36.0666 6.29108e-009 6.29108e-009
0.7 -18.4275 129.426 -42.0778 8.53894e-009 8.53894e-009
0.8 -21.06 147.913 -48.0891 5.89784e-009 5.89784e-009
0.9 -23.6925 166.4 -54.1003 3.12159e-009 3.12159e-009
1 -26.325 184.886 -60.1116 4.59093e-009 4.59093e-009
0.01 -25.9873 184.933 -57.9093 -7.92855 -7.92855
0.02 -25.4757 185.262 -52.3514 -26.4382 -26.4382
0.03 -25.9658 186.41 -58.8049 -16.1954 -16.1954
0.04 -26.3594 188.639 -65.9166 36.7899 36.7899
0.05 -26.2086 189.872 -64.9359 61.0147 61.0147
0.06 -26.2749 188.581 -64.6921 21.5824 21.5824
0.07 -26.2339 186.458 -61.8857 -22.875 -22.875
0.08 -26.2262 184.889 -59.9429 -28.2455 -28.2455
0.09 -26.2011 183.627 -57.9324 -16.562 -16.562
0.1 -26.1843 182.284 -56.1134 -15.8388 -15.8388
0.11 -26.1696 181.465 -54.9947 -15.2964 -15.2964
0.12 -26.1623 181.798 -55.2714 1.91282 1.91282
0.13 -26.1617 182.962 -56.6977 23.8945 23.8945
0.14 -26.1679 184.205 -58.6348 29.1652 29.1652
0.15 -26.1788 185.225 -60.7135 17.2389 17.2389
0.16 -26.1918 186.094 -62.8086 2.83984 2.83984
0.17 -26.2038 186.73 -64.635 -6.63793 -6.63793
0.18 -26.2119 186.904 -65.8013 -13.4819 -13.4819
0.19 -26.2139 186.603 -66.1581 -17.3262 -17.3262
0.2 -26.2088 186.079 -65.8602 -13.4531 -13.4531
0.21 -26.197 185.56 -65.1347 -1.92614 -1.92614
0.22 -26.1802 185.128 -64.1673 10.0976 10.0976
0.23 -26.1614 184.851 -63.1887 16.0086 16.0086
0.24 -26.144 184.858 -62.508 14.9928 14.9928
0.25 -26.1313 185.237 -62.3873 9.47501 9.47501
0.26 -26.1255 185.943 -62.9225 1.58765 1.58765
0.27 -26.1278 186.858 -64.0539 -6.43921 -6.43921
0.28 -26.1375 187.867 -65.6225 -11.3487 -11.3487
0.29 -26.1525 188.841 -67.3839 -10.7085 -10.7085
0.3 -26.1695 189.614 -69.0245 -5.14065 -5.14065
0.31 -26.1851 190.054 -70.2405 2.253 2.253
0.32 -26.1957 190.134 -70.8185 8.2538 8.2538
0.33 -26.1996 189.929 -70.6929 10.9301 10.9301
0.34 -26.1961 189.587 -69.9531 9.67187 9.67187
0.35 -26.1864 189.285 -68.8296 5.11513 5.11513
0.36 -26.1729 189.185 -67.6427 -0.825485 -0.825485
0.37 -26.1591 189.395 -66.7088 -5.60127 -5.60127
0.38 -26.1485 189.928 -66.2425 -7.30928 -7.30928
0.39 -26.144 190.693 -66.3064 -5.578 -5.578
0.4 -26.147 191.512 -66.8273 -1.46784 -1.46784
0.41 -26.1574 192.181 -67.6349 3.21933 3.21933
0.42 -26.1731 192.532 -68.4982 6.65931 6.65931
0.43 -26.1913 192.483 -69.1667 7.6094 7.6094
0.44 -26.2083 192.058 -69.4256 5.86178 5.86178
0.45 -26.221 191.373 -69.1573 2.32014 2.32014
0.46 -26.2273 190.595 -68.3766 -1.44273 -1.44273
0.47 -26.2264 189.9 -67.2085 -3.91516 -3.91516
0.48 -26.2193 189.42 -65.8357 -4.25123 -4.25123
0.49 -26.2085 189.199 -64.4509 -2.51242 -2.51242
0.5 -26.1971 189.214 -63.2275 0.450151 0.450151
0.51 -26.1886 189.394 -62.2905 3.37639 3.37639
0.52 -26.1857 189.619 -61.6872 5.11213 5.11213
0.53 -26.1898 189.771 -61.3808 5.06622 5.06622
0.54 -26.201 189.792 -61.2867 3.40892 3.40892
0.55 -26.2178 189.687 -61.3131 0.935367 0.935367
0.56 -26.2372 189.475 -61.3545 -1.31015 -1.31015
0.57 -26.256 189.141 -61.2704 -2.46468 -2.46468
0.58 -26.2709 188.675 -60.9266 -2.16436 -2.16436
0.59 -26.2798 188.133 -60.2703 -0.646242 -0.646242
0.6 -26.2816 187.636 -59.3563 1.39015 1.39015
0.61 -26.2769 187.276 -58.3172 3.09628 3.09628
0.62 -26.2672 187.062 -57.307 3.825 3.825
0.63 -26.2553 186.992 -56.4621 3.37044 3.37044
0.64 -26.2444 187.096 -55.8873 2.01026 2.01026
0.65 -26.2373 187.315 -55.6378 0.35486 0.35486
0.66 -26.235 187.49 -55.7223 -0.919542 -0.919542
0.67 -26.2378 187.511 -56.1113 -1.34167 -1.34167
0.68 -26.2446 187.375 -56.7194 -0.814625 -0.814625
0.69 -26.2533 187.119 -57.3993 0.376026 0.376026
0.7 -26.2616 186.8 -58.0042 1.70678 1.70678
0.71 -26.2668 186.499 -58.4587 2.64259 2.64259
0.72 -26.2672 186.276 -58.7749 2.84823 2.84823
0.73 -26.2614 186.138 -59.0096 2.30318 2.30318
0.74 -26.25 186.058 -59.1951 1.28375 1.28375
0.75 -26.2344 186.007 -59.3312 0.230012 0.230012
0.76 -26.2171 185.968 -59.455 -0.441105 -0.441105
0.77 -26.2004 185.955 -59.6616 -0.498266 -0.498266
0.78 -26.1866 186.014 -60.0445 0.0288625 0.0288625
0.79 -26.1775 186.179 -60.6356 0.883642 0.883642
0.8 -26.1738 186.407 -61.395 1.70274 1.70274
0.81 -26.175 186.625 -62.2579 2.16776 2.16776
0.82 -26.1795 186.797 -63.1804 2.12632 2.12632
0.83 -26.1853 186.932 -64.1157 1.63791 1.63791
0.84 -26.1905 187.065 -64.9739 0.932921 0.932921
0.85 -26.1937 187.282 -65.6567 0.307534 0.307534
0.86 -26.1942 187.701 -66.0985 0.00130945 0.00130945
0.87 -26.1923 188.308 -66.2488 0.107543 0.107543
0.88 -26.1889 188.952 -66.0899 0.549075 0.549075
0.89 -26.1855 189.563 -65.6992 1.12304 1.12304
0.9 -26.1841 190.237 -65.2453 1.59109 1.59109
0.91 -26.1868 191.066 -64.871 1.77651 1.77651
0.92 -26.1948 191.941 -64.5656 1.62951 1.62951
0.93 -26.2082 192.63 -64.1844 1.2366 1.2366
0.94 -26.2265 193.032 -63.6272 0.774264 0.774264
0.95 -26.2482 193.247 -62.9767 0.430946 0.430946
0.96 -26.2705 193.43 -62.4119 0.33186 0.33186
0.97 -26.291 193.634 -61.979 0.495993 0.495993
0.98 -26.3073 193.747 -61.5338 0.837981 0.837981
0.99 -26.3183 193.69 -60.9191 1.2096 1.2096
1 -26.3234 193.546 -60.122 1.46225 1.46225
1.01 -26.323 193.376 -59.2722 1.50546 1.50546
1.02 -26.3175 193.138 -58.5274 1.33866 1.33866
1.03 -26.3093 192.875 -57.9195 1.0445 1.0445
1.04 -26.3012 192.734 -57.3336 0.749143 0.749143
1.05 -26.2963 192.735 -56.6681 0.568622 0.568622
1.06 -26.2955 192.691 -55.959 0.56406 0.56406
1.07 -26.299 192.427 -55.3273 0.722337 0.722337
1.08 -26.3062 192 -54.8926 0.967417 0.967417
1.09 -26.3159 191.564 -54.6904 1.19559 1.19559
1.1 -26.3262 191.069 -54.6108 1.31896 1.31896
1.11 -26.3348 190.374 -54.4584 1.29888 1.29888
1.12 -26.3401 189.596 -54.0918 1.15623 1.15623
1.13 -26.3419 189.067 -53.5371 0.957424 0.957424
1.14 -26.34 188.936 -52.9986 0.784634 0.784634
1.15 -26.3345 189.184 -52.742 0.703164 0.703164
1.16 -26.3272 189.839 -52.9054 0.737568 0.737568
1.17 -26.3203 190.808 -53.3733 0.865175 0.865175
1.18 -26.3166 191.832 -53.835 1.02875 1.02875
1.19 -26.3174 192.651 -54.0589 1.16153 1.16153
1.2 -26.3227 193.075 -54.0753 1.21353 1.21353
1.21 -26.3307 193.04 -54.0939 1.1696 1.1696
1.22 -26.3388 192.614 -54.3155 1.0533 1.0533
1.23 -26.344 191.939 -54.846 0.915339 0.915339
1.24 -26.3442 191.241 -55.6749 0.81151 0.81151
1.25 -26.338 190.836 -56.7013 0.780106 0.780106
1.26 -26.3261 191 -57.8011 0.828139 0.828139
1.27 -26.3101 191.77 -58.861 0.931275 0.931275
1.28 -26.2926 192.962 -59.7835 1.04594 1.04594
1.29 -26.2765 194.232 -60.5027 1.12757 1.12757
1.3 -26.2647 195.2 -60.9771 1.14762 1.14762
1.31 -26.2592 195.728 -61.2068 1.10319 1.10319
1.32 -26.2613 195.924 -61.3045 1.01595 1.01595
1.33 -26.2695 195.889 -61.5069 0.92192 0.92192
1.34 -26.2812 195.839 -62.0419 0.856742 0.856742
1.35 -26.2946 196.228 -62.9054 0.842401 0.842401
1.36 -26.3088 197.307 -63.794 0.880203 0.880203
1.37 -26.3221 198.817 -64.3655 0.952182 0.952182
1.38 -26.3327 200.226 -64.5436 1.02901 1.02901
1.39 -26.3384 201.138 -64.5687 1.0809 1.0809
1.4 -26.3381 201.459 -64.7848 1.08912 1.08912
1.41 -26.3318 201.179 -65.2302 1.05409 1.05409
1.42 -26.3212 200.339 -65.5021 0.994264 0.994264
1.43 -26.3093 199.238 -65.1993 0.936359 0.936359
1.44 -26.2977 198.174 -64.3386 0.902589 0.902589
1.45 -26.2864 197.073 -63.3234 0.90225 0.90225
1.46 -26.2739 195.621 -62.6034 0.930979 0.930979
1.47 -26.2598 193.602 -62.2576 0.974932 0.974932
1.48 -26.2445 190.947 -61.9051 1.01653 1.01653
1.49 -26.2275 187.479 -61.1078 1.04055 1.04055
1.5 -26.2069 183.069 -59.7555 1.03917 1.03917
1.51 -26.1821 178.28 -58.03 1.01412 1.01412
1.52 -26.1561 174.362 -56.1403 0.975538 0.975538
1.53 -26.1338 172.168 -54.1302 0.93885 0.93885
1.54 -26.1188 171.454 -51.9421 0.9196 0.9196
1.55 -26.1139 171.448 -49.6205 0.926673 0.926673
1.56 -26.1213 171.555 -47.3187 0.957133 0.957133
1.57 -26.1418 171.431 -45.1989 0.997486 0.997486
1.58 -26.1731 170.865 -43.4591 1.03082 1.03082
1.59 -26.2096 169.755 -42.3265 1.04431 1.04431
1.6 -26.2434 168.052 -41.8677 1.03368 1.03368
1.61 -26.2675 165.863 -41.7444 1.00429 1.00429
1.62 -26.2786 163.797 -41.3644 0.96855 0.96855
1.63 -26.2776 163.049 -40.5797 0.939805 0.939805
1.64 -26.2683 164.928 -39.9971 0.926241 0.926241
1.65 -26.2573 169.886 -40.3182 0.929675 0.929675
1.66 -26.2521 176.985 -41.6061 0.948794 0.948794
1.67 -26.2604 184.462 -43.3233 0.980391 0.980391
1.68 -26.2872 190.758 -44.9148 1.01637 1.01637
1.69 -26.3324 195.069 -46.2873 1.04314 1.04314
1.7 -26.3905 197.317 -47.6666 1.04778 1.04778
1.71 -26.4528 198.122 -49.1508 1.02584 1.02584
1.72 -26.5107 198.717 -50.6811 0.984106 0.984106
1.73 -26.5565 200.333 -52.2984 0.937018 0.937018
1.74 -26.584 203.554 -54.1944 0.90071 0.90071
1.75 -26.5908 208.327 -56.5788 0.888251 0.888251
1.76 -26.5792 214.197 -59.5646 0.905642 0.905642
1.77 -26.5547 220.241 -63.1102 0.948807 0.948807
1.78 -26.5226 225.073 -66.9196 1.00447 1.00447
1.79 -26.4887 227.6 -70.4685 1.05515 1.05515
1.8 -26.458 227.804 -73.3689 1.08459 1.08459
1.81 -26.433 226.464 -75.7129 1.08181 1.08181
1.82 -26.4121 224.473 -77.892 1.04588 1.04588
1.83 -26.3924 222.519 -80.1499 0.98937 0.98937
1.84 -26.3713 221.062 -82.3836 0.934547 0.934547
1.85 -26.348 220.235 -84.2377 0.903066 0.903066
1.86 -26.3218 219.659 -85.3923 0.905369 0.905369
1.87 -26.2934 218.963 -85.8403 0.93729 0.93729
1.88 -26.267 218.667 -85.8703 0.984166 0.984166
1.89 -26.2494 219.619 -85.7917 1.02731 1.02731
1.9 -26.2436 221.268 -85.7101 1.05253 1.05253
1.91 -26.2467 221.672 -85.5162 1.05601 1.05601
1.92 -26.2533 219.271 -84.9918 1.04265 1.04265
1.93 -26.2569 213.727 -84.0047 1.02043 1.02043
1.94 -26.2487 205.47 -82.6251 0.99628 0.99628
1.95 -26.2192 195.337 -81.019 0.975307 0.975307
1.96 -26.1626 184.689 -79.312 0.961182 0.961182
1.97 -26.0798 175.248 -77.563 0.955581 0.955581
1.98 -25.9777 168.163 -75.7722 0.958028 0.958028
1.99 -25.8662 163.31 -73.9369 0.967538 0.967538
2 -25.7571 159.563 -72.0485 0.98358 0.98358
2.01 -25.6627 155.563 -69.9839 1.00458 1.00458
2.02 -25.5938 150.416 -67.4551 1.02607 1.02607
2.03 -25.5571 143.784 -64.1436 1.04152 1.04152
2.04 -25.5519 135.732 -59.985 1.045 1.045
2.05 -25.5724 127.126 -55.3061 1.03336 1.03336
2.06 -25.6105 119.573 -50.6056 1.00757 1.00757
2.07 -25.6563 114.155 -46.2343 0.974369 0.974369
2.08 -25.699 110.758 -42.2907 0.945943 0.945943
2.09 -25.7305 108.785 -38.7482 0.934906 0.934906
2.1 -25.7479 108.01 -35.6655 0.946751 0.946751
2.11 -25.7533 108.548 -33.1969 0.976697 0.976697
2.12 -25.7513 110.133 -31.4033 1.01352 1.01352
2.13 -25.7463 111.963 -30.2 1.04563 1.04563
2.14 -25.7431 113.329 -29.4191 1.06432 1.06432
2.15 -25.7466 114.203 -28.857 1.06428 1.06428
2.16 -25.7619 115.384 -28.3969 1.0447 1.0447
2.17 -25.7917 117.834 -28.1755 1.01081 1.01081
2.18 -25.8336 121.635 -28.6191 0.973405 0.973405
2.19 -25.8816 126.216 -30.1582 0.945065 0.945065
2.2 -25.9321 131.653 -32.8355 0.934906 0.934906
2.21 -25.9855 138.68 -36.2828 0.945077 0.945077
2.22 -26.0421 147.551 -40.0085 0.97101 0.97101
2.23 -26.1012 157.687 -43.6644 1.004 1.004
2.24 -26.1616 168.272 -47.1864 1.03363 1.03363
2.25 -26.2228 178.756 -50.76 1.05019 1.05019
2.26 -26.2835 188.689 -54.6667 1.04817 1.04817
2.27 -26.3415 197.795 -59.1305 1.0292 1.0292
2.28 -26.3957 206.452 -64.1739 1.00144 1.00144
2.29 -26.4459 215.306 -69.6123 0.975671 0.975671
2.3 -26.4909 224.509 -75.2114 0.960614 0.960614
2.31 -26.529 233.84 -80.7365 0.961067 0.961067
2.32 -26.562 243.149 -85.9149 0.977273 0.977273
2.33 -26.5917 252.206 -90.4889 1.0033 1.0033
2.34 -26.6191 260.53 -94.3471 1.02939 1.02939
2.35 -26.6455 267.572 -97.5643 1.048 1.048
2.36 -26.6705 272.971 -100.269 1.05508 1.05508
2.37 -26.693 276.493 -102.532 1.04917 1.04917
2.38 -26.7106 278.084 -104.327 1.03357 1.03357
2.39 -26.7224 278.384 -105.523 1.01644 1.01644
2.4 -26.7297 278.35 -105.84 1.00598 1.00598
2.41 -26.7344 278.342 -104.822 1.00617 1.00617
2.42 -26.7394 278.216 -102.09 1.01692 1.01692
2.43 -26.7468 277.479 -97.8071 1.03476 1.03476
2.44 -26.7541 274.992 -92.7632 1.05234 1.05234
2.45 -26.756 269.62 -87.806 1.06142 1.06142
2.46 -26.7493 261.373 -83.24 1.05791 1.05791
2.47 -26.733 251.32 -78.8253 1.04384 1.04384
2.48 -26.7051 240.554 -74.1813 1.02569 1.02569
2.49 -26.6625 229.58 -69.0875 1.0113 1.0113
2.5 -26.6028 218.303 -63.5031 1.00678 1.00678
2.51 -26.5253 206.406 -57.5269 1.01391 1.01391
2.52 -26.432 193.723 -51.4481 1.02937 1.02937
2.53 -26.3263 180.252 -45.6417 1.0464 1.0464
2.54 -26.2133 166.246 -40.3508 1.05788 1.05788
2.55 -26.0993 152.273 -35.6382 1.0597 1.0597
2.56 -25.9903 138.924 -31.4668 1.05276 1.05276
2.57 -25.8904 126.547 -27.832 1.04162 1.04162
2.58 -25.8013 115.192 -24.8208 1.03167 1.03167
2.59 -25.7226 104.666 -22.4634 1.02722 1.02722
2.6 -25.6529 94.7383 -20.6215 1.03021 1.03021
2.61 -25.5902 85.4824 -19.1755 1.03923 1.03923
2.62 -25.5327 77.3948 -18.2294 1.04918 1.04918
2.63 -25.4796 71.1598 -17.9446 1.05379 1.05379
2.64 -25.4311 67.0029 -18.2022 1.0502 1.0502
2.65 -25.387 64.198 -18.5908 1.04123 1.04123
2.66 -25.3471 61.7998 -18.8084 1.03239 1.03239
2.67 -25.3123 59.7164 -19.0856 1.02654 1.02654
2.68 -25.2844 58.7303 -20.1196 1.02233 1.02233
2.69 -25.2655 59.7004 -22.4768 1.01803 1.01803
2.7 -25.2571 62.7207 -26.1015 1.01576 1.01576
2.71 -25.2603 67.2237 -30.3377 1.0205 1.0205
2.72 -25.2776 72.9321 -34.3319 1.03445 1.03445
2.73 -25.3133 80.3587 -37.6165 1.05305 1.05305
2.74 -25.3697 90.0797 -40.5326 1.06711 1.06711
2.75 -25.4444 101.78 -43.9338 1.06921 1.06921
2.76 -25.5334 114.6 -48.3188 1.05871 1.05871
2.77 -25.6339 127.936 -53.5387 1.04149 1.04149
2.78 -25.7417 141.516 -59.4082 1.02531 1.02531
2.79 -25.8509 155.46 -66.0605 1.01501 1.01501
2.8 -25.9575 170.378 -73.4508 1.01203 1.01203
2.81 -26.06 186.538 -80.9552 1.01697 1.01697
2.82 -26.1573 203.208 -87.7077 1.02958 1.02958
2.83 -26.2485 219.279 -93.1738 1.04599 1.04599
2.84 -26.3335 233.99 -97.4418 1.0579 1.0579
2.85 -26.4137 247.204 -100.988 1.05701 1.05701
2.86 -26.4905 259.103 -104.307 1.04101 1.04101
2.87 -26.5636 269.748 -107.849 1.01514 1.01514
2.88 -26.6322 279.327 -111.822 0.990038 0.990038
2.89 -26.6976 288.282 -115.887 0.979467 0.979467
2.9 -26.761 296.793 -119.304 0.993778 0.993778
2.91 -26.8214 304.517 -121.529 1.03144 1.03144
2.92 -26.8771 310.99 -122.552 1.07948 1.07948
2.93 -26.9257 315.789 -122.61 1.12054 1.12054
2.94 -26.9654 318.568 -121.751 1.13973 1.13973
2.95 -26.9958 319.214 -119.871 1.13023 1.13023
2.96 -27.0158 317.791 -116.972 1.09596 1.09596
2.97 -27.0239 314.225 -113.106 1.04982 1.04982
2.98 -27.0182 308.26 -108.156 1.00817 1.00817
2.99 -26.9984 299.938 -101.953 0.984614 0.984614
3 -26.9672 290.008 -94.5285 0.985081 0.985081
3.01 -26.9289 279.579 -86.1695 1.00545 1.00545
3.02 -26.8888 269.34 -77.201 1.03497 1.03497
3.03 -26.8519 259.257 -67.7413 1.06346 1.06346
3.04 -26.822 248.632 -57.7405 1.08499 1.08499
3.05 -26.7986 236.372 -47.3389 1.097 1.097
3.06 -26.7774 221.699 -36.9544 1.09872 1.09872
3.07 -26.754 204.935 -26.7889 1.09077 1.09077
3.08 -26.7261 187.442 -16.6385 1.07625 1.07625
3.09 -26.6909 170.477 -6.32946 1.06069 1.06069
3.1 -26.6435 154.387 3.97159 1.04856 1.04856
3.11 -26.5804 139.251 13.7062 1.04093 1.04093
3.12 -26.5038 125.858 22.1663 1.03639 1.03639
3.13 -26.4225 115.434 28.9463 1.03326 1.03326
3.14 -26.3459 108.191 33.9903 1.03227 1.03227
3.15 -26.279 102.649 37.3757 1.03691 1.03691
3.16 -26.2223 96.7207 39.2605 1.04999 1.04999
3.17 -26.1724 88.9072 39.8152 1.06904 1.06904
3.18 -26.1228 78.9454 39.1716 1.08569 1.08569
3.19 -26.0682 68.3393 37.5189 1.09014 1.09014
3.2 -26.0064 59.6932 35.1436 1.07693 1.07693
3.21 -25.9372 54.7876 32.3515 1.04866 1.04866
3.22 -25.8607 53.5381 29.3494 1.01577 1.01577
3.23 -25.7791 54.748 26.0477 0.991492 0.991492
3.24 -25.6978 57.2522 22.0199 0.985046 0.985046
3.25 -25.6233 60.2777 16.6932 0.997613 0.997613
3.26 -25.5605 63.5433 9.42725 1.02288 1.02288
3.27 -25.5121 67.587 -0.346559 1.0508 1.0508
3.28 -25.4793 73.4567 -12.7068 1.07221 1.07221
3.29 -25.4603 81.6579 -26.9463 1.08282 1.08282
3.3 -25.4515 91.7553 -41.7199 1.08482 1.08482
3.31 -25.4496 103.065 -55.5292 1.08325 1.08325
3.32 -25.4549 115.446 -67.2843 1.0798 1.0798
3.33 -25.4694 129.021 -76.6721 1.07106 1.07106
3.34 -25.494 143.193 -84.1643 1.05159 1.05159
3.35 -25.5275 156.879 -90.7178 1.01967 1.01967
3.36 -25.5704 169.863 -97.4408 0.982367 0.982367
3.37 -25.6247 183.058 -105.289 0.95052 0.95052
3.38 -25.6929 197.666 -114.626 0.932699 0.932699
3.39 -25.7771 214.333 -124.928 0.937539 0.937539
3.4 -25.8772 232.407 -135.004 0.972209 0.972209
3.41 -25.988 249.802 -143.548 1.03425 1.03425
3.42 -26.1017 264.252 -149.621 1.1075 1.1075
3.43 -26.2111 274.886 -152.9 1.16658 1.16658
3.44 -26.3112 282.446 -153.645 1.18691 1.18691
3.45 -26.3991 288.282 -152.411 1.15584 1.15584
3.46 -26.4726 293.373 -149.859 1.07955 1.07955
3.47 -26.5307 298.008 -146.654 0.983572 0.983572
3.48 -26.575 302.029 -143.256 0.905094 0.905094
3.49 -26.6097 305.139 -139.749 0.874618 0.874618
3.5 -26.6395 306.699 -135.878 0.899397 0.899397
3.51 -26.6671 305.686 -131.217 0.965329 0.965329
3.52 -26.6941 301.729 -125.426 1.04937 1.04937
3.53 -26.7227 295.689 -118.454 1.1247 1.1247
3.54 -26.7532 288.621 -110.482 1.16511 1.16511
3.55 -26.7815 280.595 -101.734 1.15789 1.15789
3.56 -26.7995 270.62 -92.3738 1.11276 1.11276
3.57 -26.7983 257.68 -82.4755 1.05448 1.05448
3.58 -26.7729 241.885 -72.0244 1.00681 1.00681
3.59 -26.7235 224.626 -60.9248 0.982338 0.982338
3.6 -26.6565 207.996 -49.1438 0.982436 0.982436
3.61 -26.5817 193.759 -36.9942 1.00114 1.00114
3.62 -26.508 182.149 -25.1796 1.02782 1.02782
3.63 -26.4406 171.649 -14.4809 1.05134 1.05134
3.64 -26.3829 160.309 -5.29782 1.06587 1.06587
3.65 -26.3377 147.258 2.55231 1.0725 1.0725
3.66 -26.3063 132.899 9.55593 1.07501 1.07501
3.67 -26.2853 118.087 16.2283 1.07533 1.07533
3.68 -26.2681 103.635 22.9897 1.0739 1.0739
3.69 -26.2466 90.3912 29.7505 1.07138 1.07138
3.7 -26.2125 79.0944 35.657 1.06764 1.06764
3.71 -26.1593 70.1131 39.5758 1.06076 1.06076
3.72 -26.0857 63.6768 40.694 1.05039 1.05039
3.73 -25.996 59.9924 38.8408 1.04134 1.04134
3.74 -25.8989 58.8686 34.6323 1.04135 1.04135
3.75 -25.8046 59.6932 29.0338 1.05461 1.05461
3.76 -25.7213 61.8357 22.6233 1.07771 1.07771
3.77 -25.6553 64.975 15.5344 1.10072 1.10072
3.78 -25.6103 69.0973 7.77105 1.11207 1.11207
3.79 -25.5863 74.2635 -0.770376 1.10445 1.10445
3.8 -25.5797 80.6172 -10.3014 1.07819 1.07819
3.81 -25.5858 88.4474 -20.8318 1.04145 1.04145
3.82 -25.6006 97.9163 -31.8332 1.00755 1.00755
3.83 -25.6226 109.035 -42.3742 0.988978 0.988978
3.84 -25.6513 121.894 -52.0266 0.99206 0.99206
3.85 -25.6844 136.363 -61.5666 1.01371 1.01371
3.86 -25.7185 151.822 -72.0536 1.04285 1.04285
3.87 -25.7533 167.387 -83.5179 1.06892 1.06892
3.88 -25.7903 182.237 -95.1205 1.0879 1.0879
3.89 -25.8296 195.797 -106.092 1.09864 1.09864
3.9 -25.8681 207.653 -116.176 1.09824 1.09824
3.91 -25.8994 217.271 -125.348 1.0849 1.0849
3.92 -25.9168 224.046 -133.31 1.06187 1.06187
3.93 -25.9172 228.133 -139.532 1.0358 1.0358
3.94 -25.9031 230.968 -143.714 1.01194 1.01194
3.95 -25.882 234.317 -145.815 0.992079 0.992079
3.96 -25.8644 239.085 -145.866 0.97815 0.97815
3.97 -25.8622 245.216 -144.131 0.974903 0.974903
3.98 -25.887 252.199 -141.116 0.985979 0.985979
3.99 -25.9488 259.342 -137.2 1.00965 1.00965
4 -26.0514 265.37 -132.415 1.04061 1.04061
4.01 -26.1884 268.302 -126.524 1.07338 1.07338
4.02 -26.3452 266.846 -119.369 1.10119 1.10119
4.03 -26.5026 261.454 -111.302 1.11449 1.11449
4.04 -26.6381 253.416 -102.974 1.1054 1.1054
4.05 -26.7305 244.023 -94.8469 1.07483 1.07483
4.06 -26.7679 234.945 -87.043 1.03376 1.03376
4.07 -26.7509 227.887 -79.3422 0.997624 0.997624
4.08 -26.6903 223.117 -71.2106 0.980046 0.980046
4.09 -26.6038 219.277 -61.9519 0.988922 0.988922
4.1 -26.5146 214.703 -51.0656 1.02258 1.02258
4.11 -26.4458 208.195 -38.6575 1.06752 1.06752
4.12 -26.4145 199.282 -25.5224 1.10248 1.10248
4.13 -26.4295 188.635 -12.823 1.10916 1.10916
4.14 -26.4893 177.447 -1.62896 1.08267 1.08267
4.15 -26.5801 166.31 7.35801 1.03514 1.03514
4.16 -26.679 155.354 13.8724 0.990003 0.990003
4.17 -26.7609 144.817 18.0527 0.96995 0.96995
4.18 -26.8044 135.285 20.4305 0.986572 0.986572
4.19 -26.7981 127.67 21.9467 1.03698 1.03698
4.2 -26.7422 122.642 23.6889 1.10524 1.10524
4.21 -26.6467 120.22 26.2659 1.16682 1.16682
4.22 -26.5297 120.119 29.4019 1.1966 1.1966
4.23 -26.413 121.679 32.2137 1.17956 1.17956
4.24 -26.3171 123.727 33.7731 1.11897 1.11897
4.25 -26.259 125.681 33.4517 1.03593 1.03593
4.26 -26.2501 128.009 30.9917 0.960066 0.960066
4.27 -26.2909 131.217 26.4046 0.916771 0.916771
4.28 -26.3708 135.614 19.9241 0.918819 0.918819
4.29 -26.4738 141.594 12.0721 0.96363 0.96363
4.3 -26.5791 148.934 3.49832 1.03477 1.03477
4.31 -26.6636 156.603 -5.39303 1.10772 1.10772
4.32 -26.7087 163.978 -14.5314 1.15864 1.15864
4.33 -26.7062 171.42 -23.9048 1.1729 1.1729
4.34 -26.6586 179.588 -33.252 1.14911 1.14911
4.35 -26.5784 188.9 -42.0433 1.09923 1.09923
4.36 -26.4842 199.4 -49.9521 1.04358 1.04358
4.37 -26.395 210.512 -57.3179 1.00116 1.00116
4.38 -26.3255 221.02 -64.8762 0.982557 0.982557
4.39 -26.2838 229.321 -73.0247 0.988694 0.988694
4.4 -26.2707 234.055 -81.4976 1.01218 1.01218
4.41 -26.2808 235.239 -89.7119 1.04017 1.04017
4.42 -26.305 234.474 -97.2579 1.05831 1.05831
4.43 -26.3319 234.069 -103.996 1.05657 1.05657
4.44 -26.3535 236.248 -109.795 1.03619 1.03619
4.45 -26.367 242.11 -114.337 1.01052 1.01052
4.46 -26.3718 250.462 -117.335 0.997654 0.997654
4.47 -26.3676 258.39 -118.915 1.01024 1.01024
4.48 -26.3561 263.333 -119.463 1.04772 1.04772
4.49 -26.3427 264.175 -119.049 1.09537 1.09537
4.5 -26.3323 260.941 -117.309 1.13167 1.13167
4.51 -26.3281 254.729 -113.955 1.13854 1.13854
4.52 -26.3315 247.649 -109.147 1.10808 1.10808
4.53 -26.3426 241.477 -103.245 1.04614 1.04614
4.54 -26.3596 236.613 -96.3848 0.973 0.973
4.55 -26.3821 232.682 -88.5969 0.917127 0.917127
4.56 -26.4092 228.94 -80.2603 0.901464 0.901464
4.57 -26.4378 224.283 -72.0424 0.93202 0.93202
4.58 -26.4653 218.086 -64.3828 0.997053 0.997053
4.59 -26.4921 211.006 -57.2898 1.07422 1.07422
4.6 -26.5207 204.515 -50.5519 1.13903 1.13903
4.61 -26.5513 199.354 -43.8875 1.17263 1.17263
4.62 -26.5802 194.597 -36.9057 1.16906 1.16906
4.63 -26.603 188.925 -29.2689 1.13649 1.13649
4.64 -26.6197 182.608 -21.1087 1.08941 1.08941
4.65 -26.6334 177.327 -13.2477 1.04014 1.04014
4.66 -26.6451 174.193 -6.97836 0.997352 0.997352
4.67 -26.6519 172.808 -3.39178 0.969997 0.969997
4.68 -26.651 172.075 -2.70403 0.967218 0.967218
4.69 -26.6421 171.373 -4.26952 0.99171 0.99171
4.7 -26.6282 171.122 -7.1502 1.03502 1.03502
4.71 -26.6141 172.414 -10.5465 1.081 1.081
4.72 -26.6029 175.719 -13.9993 1.11425 1.11425
4.73 -26.5937 180.187 -17.6128 1.12646 1.12646
4.74 -26.5833 184.686 -21.9063 1.11717 1.11717
4.75 -26.5706 188.838 -27.276 1.09156 1.09156
4.76 -26.5565 193.1 -33.778 1.05876 1.05876
4.77 -26.5442 198.626 -41.2425 1.02982 1.02982
4.78 -26.5368 206.327 -49.3914 1.01388 1.01388
4.79 -26.5336 215.537 -57.9412 1.01472 1.01472
4.8 -26.5308 224.573 -66.6132 1.03028 1.03028
4.81 -26.5249 232.226 -75.2048 1.05324 1.05324
4.82 -26.5123 237.994 -83.7987 1.0722 1.0722
4.83 -26.4896 242.124 -92.4758 1.07649 1.07649
4.84 -26.461 246.208 -100.674 1.06276 1.06276
4.85 -26.4358 252.17 -107.474 1.03736 1.03736
4.86 -26.4169 259.454 -112.644 1.01256 1.01256
4.87 -26.3967 264.829 -116.911 1.00004 1.00004
4.88 -26.3668 265.954 -121.246 1.0052 1.0052
4.89 -26.3271 263.512 -125.942 1.02459 1.02459
4.9 -26.282 259.713 -130.326 1.04843 1.04843
4.91 -26.2342 256.056 -133.547 1.06711 1.06711
4.92 -26.1818 252.923 -135.584 1.07529 1.07529
4.93 -26.1228 250.411 -137.219 1.07114 1.07114
4.94 -26.0563 248.142 -139.138 1.0563 1.0563
4.95 -25.9811 244.611 -141.336 1.03824 1.03824
4.96 -25.8965 238.263 -143.14 1.02818 1.02818
4.97 -25.807 229.155 -143.491 1.0323 1.0323
4.98 -25.7187 218.396 -141.498 1.04551 1.04551
4.99 -25.6327 206.418 -137.222 1.05583 1.05583
5 -25.5449 193.34 -131.946 1.05337 1.05337
5.01 -25.4543 180.399 -127.305 1.03493 1.03493
5.02 -25.3655 169.183 -123.918 1.00564 1.00564
5.03 -25.2853 160.07 -121.054 0.980134 0.980134
5.04 -25.2203 152.506 -117.599 0.977042 0.977042
5.05 -25.1742 145.608 -113.059 1.00555 1.00555
5.06 -25.144 137.777 -107.721 1.05695 1.05695
5.07 -25.121 127.545 -102.338 1.11028 1.11028
5.08 -25.0983 115.499 -97.6878 1.14387 1.14387
5.09 -25.0726 103.946 -94.1813 1.14342 1.14342
5.1 -25.041 94.8405 -91.848 1.10767 1.10767
5.11 -25.0028 89.3366 -90.4588 1.05089 1.05089
5.12 -24.9644 88.5145 -89.67 0.997124 0.997124
5.13 -24.9353 92.4329 -89.3043 0.968324 0.968324
5.14 -24.9208 98.7124 -89.326 0.975369 0.975369
5.15 -24.9227 104.004 -89.5331 1.01535 1.01535
5.16 -24.9439 106.889 -89.7681 1.07184 1.07184
5.17 -24.9846 108.046 -90.3914 1.11869 1.11869
5.18 -25.0382 108.709 -92.1196 1.13151 1.13151
5.19 -25.0955 110.474 -95.5583 1.10223 1.10223
5.2 -25.1519 115.859 -100.836 1.04437 1.04437
5.21 -25.2115 127.247 -107.161 0.985495 0.985495
5.22 -25.2835 144.624 -112.64 0.955078 0.955078
5.23 -25.3801 165.616 -114.963 0.972665 0.972665
5.24 -25.5152 187.374 -112.66 1.03589 1.03589
5.25 -25.6992 207.428 -105.797 1.11607 1.11607
5.26 -25.9356 224.279 -95.6175 1.17075 1.17075
5.27 -26.2227 238.2 -83.7079 1.16692 1.16692
5.28 -26.5523 250.468 -71.4058 1.09845 1.09845
5.29 -26.9066 261.946 -59.6625 0.988618 0.988618
5.3 -27.2636 273.471 -49.0912 0.878935 0.878935
5.31 -27.6051 286.448 -39.8435 0.811983 0.811983
5.32 -27.9169 301.53 -31.39 0.816008 0.816008
5.33 -28.1914 317.782 -22.507 0.89316 0.89316
5.34 -28.4296 333.63 -11.7064 1.01625 1.01625
5.35 -28.6424 348.107 2.19514 1.13771 1.13771
5.36 -28.8479 361.072 19.7008 1.20597 1.20597
5.37 -29.0601 371.709 40.1132 1.18407 1.18407
5.38 -29.2782 377.63 61.2717 1.06621 1.06621
5.39 -29.4922 377.083 80.6892 0.883903 0.883903
5.4 -29.6938 371.362 97.0513 0.694725 0.694725
5.41 -29.8753 363.845 110.231 0.55724 0.55724
5.42 -30.0239 357.297 120.177 0.511168 0.511168
5.43 -30.1188 351.979 126.32 0.568836 0.568836
5.44 -30.1366 345.822 128.244 0.709954 0.709954
5.45 -30.0647 336.869 126.701 0.888035 0.888035
5.46 -29.9069 325.066 123.404 1.0474 1.0474
5.47 -29.6763 311.454 119.708 1.1411 1.1411
5.48 -29.3904 296.889 115.926 1.14474 1.14474
5.49 -29.0679 281.776 111.575 1.06179 1.06179
5.5 -28.7248 265.521 105.667 0.921977 0.921977
5.51 -28.3677 246.412 96.876 0.772047 0.772047
5.52 -27.9978 223.716 83.8962 0.659171 0.659171
5.53 -27.6144 198.875 65.9994 0.612985 0.612985
5.54 -27.2124 173.731 43.3348 0.635445 0.635445
5.55 -26.7814 149.355 16.5783 0.706563 0.706563
5.56 -26.3095 126.322 -13.6631 0.797825 0.797825
5.57 -25.7874 104.535 -46.6572 0.878799 0.878799
5.58 -25.2141 83.2102 -80.8151 0.927077 0.927077
5.59 -24.5987 61.5225 -113.833 0.939277 0.939277
5.6 -23.9598 38.7484 -144.006 0.92295 0.92295
5.61 -23.3132 14.267 -171.03 0.887444 0.887444
5.62 -22.6792 -11.5905 -195.582 0.843956 0.843956
5.63 -22.0826 -36.6213 -218.445 0.80553 0.80553
5.64 -21.5513 -57.5797 -240.122 0.781522 0.781522
5.65 -21.1068 -72.6211 -261.005 0.771546 0.771546
5.66 -20.7569 -82.5855 -281.316 0.774737 0.774737
5.67 -20.498 -89.9657 -300.678 0.794791 0.794791
5.68 -20.3245 -96.3914 -317.939 0.8304 0.8304
5.69 -20.2316 -101.019 -331.662 0.870148 0.870148
5.7 -20.2158 -101.369 -340.847 0.899299 0.899299
5.71 -20.2725 -95.4956 -345.111 0.910575 0.910575
5.72 -20.3984 -83.028 -344.325 0.905723 0.905723
5.73 -20.598 -64.2238 -338.273 0.890464 0.890464
5.74 -20.8851 -38.6237 -326.758 0.871668 0.871668
5.75 -21.2807 -5.10866 -310.123 0.854843 0.854843
5.76 -21.8035 36.6378 -289.546 0.841843 0.841843
5.77 -22.4606 85.0958 -266.662 0.832543 0.832543
5.78 -23.2456 137.321 -242.939 0.827993 0.827993
5.79 -24.1344 189.486 -219.414 0.830571 0.830571
5.8 -25.0829 237.312 -196.617 0.840226 0.840226
5.81 -26.0348 277.945 -174.491 0.853002 0.853002
5.82 -26.9405 313.239 -152.595 0.862758 0.862758
5.83 -27.7714 350.001 -130.401 0.86186 0.86186
5.84 -28.5163 394.354 -107.315 0.852745 0.852745
5.85 -29.1795 446.224 -82.4232 0.856055 0.856055
5.86 -29.7714 499.964 -54.6956 0.889001 0.889001
5.87 -30.3144 548.873 -23.9793 0.946519 0.946519
5.88 -30.836 588.198 8.39831 0.997481 0.997481
5.89 -31.3552 616.08 40.2236 0.996952 0.996952
5.9 -31.8785 633.561 69.6489 0.922058 0.922058
5.91 -32.3982 642.946 95.8362 0.784611 0.784611
5.92 -32.8927 646.692 118.885 0.619184 0.619184
5.93 -33.334 647.422 139.727 0.474403 0.474403
5.94 -33.6964 646.824 159.969 0.395934 0.395934
5.95 -33.9593 644.226 181.216 0.403327 0.403327
5.96 -34.1046 636.678 203.961 0.483044 0.483044
5.97 -34.1211 620.898 227.29 0.598157 0.598157
5.98 -34.0092 595.264 249.568 0.699341 0.699341
5.99 -33.7753 559.443 269.111 0.739517 0.739517
6 -33.4204 512.291 284.409 0.694964 0.694964
6.01 -32.9327 451.321 294.293 0.580628 0.580628
6.02 -32.2954 375.082 298.388 0.442681 0.442681
6.03 -31.4966 284.728 297.709 0.329876 0.329876
6.04 -30.5312 183.537 294.093 0.26871 0.26871
6.05 -29.4023 76.3947 288.529 0.255096 0.255096
6.06 -28.1314 -31.1499 280.181 0.270606 0.270606
6.07 -26.7484 -134.302 267.2 0.299815 0.299815
6.08 -25.2986 -229.557 247.88 0.324273 0.324273
6.09 -23.8402 -315.821 221.203 0.336916 0.336916
6.1 -22.4234 -394.423 187.193 0.36256 0.36256
6.11 -21.0962 -466.701 146.955 0.430079 0.430079
6.12 -19.9018 -531.793 102.748 0.528528 0.528528
6.13 -18.8712 -587.131 57.1802 0.612184 0.612184
6.14 -18.0255 -628.424 12.3457 0.632375 0.632375
6.15 -17.386 -649.612 -30.3779 0.559438 0.559438
6.16 -16.9722 -645.319 -70.2901 0.404178 0.404178
6.17 -16.8016 -613.295 -107.395 0.209458 0.209458
6.18 -16.8897 -554.817 -142.212 0.0287032 0.0287032
6.19 -17.2444 -474.493 -174.931 -0.0801989 -0.0801989
6.2 -17.863 -379.521 -204.623 -0.0720895 -0.0720895
6.21 -18.7322 -276.24 -229.604 0.0544446 0.0544446
6.22 -19.834 -166.389 -248.638 0.245286 0.245286
6.23 -21.142 -47.3557 -261.873 0.41715 0.41715
6.24 -22.6196 83.3123 -270.366 0.499685 0.499685
6.25 -24.2105 223.399 -274.801 0.469055 0.469055
6.26 -25.8512 364.798 -274.705 0.349745 0.349745
6.27 -27.4709 495.99 -269.154 0.198753 0.198753
6.28 -28.9887 607.921 -257.63 0.0957672 0.0957672
6.29 -30.3475 699.507 -240.282 0.10557 0.10557
6.3 -31.5342 778.201 -217.732 0.22671 0.22671
6.31 -32.554 852.731 -191.071 0.39672 0.39672
6.32 -33.411 923.964 -162.273 0.550337 0.550337
6.33 -34.0964 983.91 -134.522 0.644375 0.644375
6.34 -34.5893 1020.76 -111.442 0.649716 0.649716
6.35 -34.8619 1025.23 -95.4571 0.575186 0.575186
6.36 -34.888 995.737 -86.9193 0.476595 0.476595
6.37 -34.6667 941.387 -84.5483 0.411687 0.411687
6.38 -34.211 878.585 -86.4001 0.400989 0.400989
6.39 -33.5463 819.717 -90.6572 0.438954 0.438954
6.4 -32.6935 764.656 -95.9804 0.52081 0.52081
6.41 -31.6777 705.939 -101.405 0.635306 0.635306
6.42 -30.5536 638.417 -105.785 0.74323 0.74323
6.43 -29.394 560.946 -107.363 0.789098 0.789098
6.44 -28.2721 474.795 -104.188 0.737246 0.737246
6.45 -27.2521 384.207 -95.2912 0.592746 0.592746
6.46 -26.3835 295.657 -81.3107 0.393199 0.393199
6.47 -25.6903 213.72 -63.9841 0.198206 0.198206
6.48 -25.1636 137.944 -45.2758 0.0709774 0.0709774
6.49 -24.7696 64.9642 -26.6236 0.0547306 0.0547306
6.5 -24.4654 -7.45436 -8.51661 0.167456 0.167456
6.51 -24.2082 -79.0196 8.93498 0.3742 0.3742
6.52 -23.9398 -149.325 25.8103 0.578399 0.578399
6.53 -23.6094 -220.46 42.0573 0.715583 0.715583
6.54 -23.1781 -295.428 57.7937 0.800808 0.800808
6.55 -22.6011 -374.417 72.6804 0.834135 0.834135
6.56 -21.8946 -451.791 85.9285 0.779583 0.779583
6.57 -21.099 -519.22 96.6018 0.647378 0.647378
6.58 -20.2843 -569.226 103.781 0.501356 0.501356
6.59 -19.5364 -598.606 107.005 0.396034 0.396034
6.6 -18.9339 -609.805 106.155 0.351021 0.351021
6.61 -18.5346 -608.933 100.784 0.371687 0.371687
6.62 -18.3718 -601.708 89.8502 0.456066 0.456066
6.63 -18.4402 -590.985 71.9603 0.577336 0.577336
6.64 -18.7021 -576.158 46.2799 0.679001 0.679001
6.65 -19.0983 -553.844 13.6029 0.712075 0.712075
6.66 -19.5594 -520.23 -23.4954 0.675094 0.675094
6.67 -20.0216 -472.762 -61.4753 0.607194 0.607194
6.68 -20.446 -409.644 -96.9566 0.550506 0.550506
6.69 -20.8327 -329.21 -127.549 0.526847 0.526847
6.7 -21.2221 -231.02 -151.723 0.540597 0.540597
6.71 -21.6834 -118.029 -168.246 0.584925 0.584925
6.72 -22.291 2.94763 -176.602 0.643183 0.643183
6.73 -23.1068 124.62 -178.128 0.683342 0.683342
6.74 -24.1689 243.385 -176.518 0.663979 0.663979
6.75 -25.4738 359.346 -176.972 0.571907 0.571907
6.76 -26.9755 474.492 -183.88 0.412923 0.412923
6.77 -28.5995 591.996 -198.639 0.218602 0.218602
6.78 -30.2558 714.487 -219.37 0.0972077 0.0972077
6.79 -31.8448 841.298 -242.57 0.139512 0.139512
6.8 -33.2716 967.308 -264.752 0.344172 0.344172
6.81 -34.4685 1085.4 -283.938 0.69427 0.69427
6.82 -35.3813 1189.13 -299.222 1.1582 1.1582
6.83 -35.9925 1274.21 -311.087 1.62548 1.62548
6.84 -36.3172 1335.78 -320.659 1.95385 1.95385
6.85 -36.3657 1369.75 -329.465 2.08317 2.08317
6.86 -36.1692 1376.51 -338.918 2.03341 2.03341
6.87 -35.7698 1359.61 -349.092 1.83934 1.83934
6.88 -35.1996 1322.92 -359.08 1.56992 1.56992
6.89 -34.4788 1267.41 -367.616 1.3311 1.3311
6.9 -33.6223 1191.83 -373.018 1.21209 1.21209
6.91 -32.642 1096.53 -373.859 1.23305 1.23305
6.92 -31.5553 985.295 -369.876 1.34002 1.34002
6.93 -30.3702 861.3 -362.404 1.48072 1.48072
6.94 -29.0773 723.277 -353.144 1.62376 1.62376
6.95 -27.6589 567.617 -342.385 1.70825 1.70825
6.96 -26.1102 394.177 -328.718 1.65841 1.65841
6.97 -24.4463 208.933 -310.637 1.45456 1.45456
6.98 -22.6943 20.868 -288.403 1.17659 1.17659
6.99 -20.8882 -162.019 -264.123 0.938796 0.938796
7 -19.0805 -333.405 -240.389 0.749621 0.749621
7.01 -17.34 -486.137 -218.301 0.566979 0.566979
7.02 -15.7826 -612.742 -198.701 0.451083 0.451083
7.03 -14.504 -710.595 -181.893 0.464805 0.464805
7.04 -13.576 -785.334 -166.72 0.559131 0.559131
7.05 -12.9993 -850.198 -149.844 0.659954 0.659954
7.06 -12.762 -915.902 -127.103 0.754762 0.754762
7.07 -12.8274 -983.126 -95.1244 0.846189 0.846189
7.08 -13.1454 -1043.4 -52.549 0.9057 0.9057
7.09 -13.661 -1086.22 0.122077 0.915536 0.915536
7.1 -14.3157 -1104.93 60.692 0.909819 0.909819
7.11 -15.0695 -1097.62 125.499 0.987005 0.987005
7.12 -15.9037 -1065.51 189.942 1.22637 1.22637
7.13 -16.8164 -1012.81 249.685 1.58008 1.58008
7.14 -17.8202 -946.339 301.765 1.93758 1.93758
7.15 -18.9214 -873.321 345.042 2.2379 2.2379
7.16 -20.116 -798.463 379.618 2.44259 2.44259
7.17 -21.3924 -722.765 406.492 2.4912 2.4912
7.18 -22.722 -643.781 427.48 2.35222 2.35222
7.19 -24.0729 -556.41 444.359 2.07435 2.07435
7.2 -25.4215 -455.069 457.655 1.75096 1.75096
7.21 -26.7495 -335.436 466.654 1.46018 1.46018
7.22 -28.0649 -194.159 469.845 1.24495 1.24495
7.23 -29.4029 -29.3666 465.591 1.11448 1.11448
7.24 -30.8071 156.396 452.655 1.06761 1.06761
7.25 -32.3121 355.121 430.531 1.07897 1.07897
7.26 -33.9306 556.036 399.575 1.09157 1.09157
7.27 -35.6433 749.761 360.734 1.07825 1.07825
7.28 -37.3959 930.754 314.748 1.02054 1.02054
7.29 -39.1172 1096.58 262.23 0.88083 0.88083
7.3 -40.6921 1247.02 203.611 0.667373 0.667373
7.31 -42.0162 1385.22 140.039 0.419703 0.419703
7.32 -42.9864 1513.34 73.4927 0.129347 0.129347
7.33 -43.5778 1630.55 6.04352 -0.225649 -0.225649
7.34 -43.7989 1725.11 -59.4421 -0.453608 -0.453608
7.35 -43.5526 1783.9 -122.154 -0.0810648 -0.0810648
7.36 -42.8884 1802.74 -183.921 1.04997 1.04997
7.37 -41.8752 1783.67 -245.823 2.43825 2.43825
7.38 -40.5288 1734.03 -308.21 3.6555 3.6555
7.39 -38.9231 1657.98 -370.4 4.70176 4.70176
7.4 -37.0883 1556.45 -431.15 5.42654 5.42654
7.41 -35.0666 1430.85 -489.328 5.41311 5.41311
7.42 -32.9119 1286.31 -543.815 4.56254 4.56254
7.43 -30.6682 1128.27 -593.351 3.33993 3.33993
7.44 -28.3682 956.887 -636.532 2.36005 2.36005
7.45 -26.0113 766.83 -672.429 1.95871 1.95871
7.46 -23.595 554.256 -700.531 2.14685 2.14685
7.47 -21.1135 323.066 -720.224 2.70572 2.70572
7.48 -18.6122 86.0943 -730.373 3.25105 3.25105
7.49 -16.1415 -141.101 -730.548 3.35393 3.35393
7.5 -13.7707 -346.592 -722.072 2.75494 2.75494
7.51 -11.5828 -526.168 -708.141 1.46297 1.46297
7.52 -9.64451 -680.035 -692.079 -0.365422 -0.365422
7.53 -8.07105 -807.683 -674.947 -2.40473 -2.40473
7.54 -6.92814 -911.124 -655.902 -4.13581 -4.13581
7.55 -6.23911 -996.164 -634.004 -5.17047 -5.17047
7.56 -6.02144 -1068.71 -608.073 -5.43202 -5.43202
7.57 -6.15735 -1136.38 -577.629 -5.09501 -5.09501
7.58 -6.54778 -1198.6 -541.254 -4.49482 -4.49482
7.59 -7.1327 -1242.78 -497.98 -3.93317 -3.93317
7.6 -7.8768 -1251.9 -446.443 -3.60919 -3.60919
7.61 -8.75909 -1217.66 -386.999 -3.63432 -3.63432
7.62 -9.79195 -1145.55 -320.935 -3.92262 -3.92262
7.63 -10.9839 -1049.69 -249.612 -4.17004 -4.17004
7.64 -12.3857 -942.897 -173.795 -4.07017 -4.07017
7.65 -14.0536 -831.587 -93.5438 -3.51598 -3.51598
7.66 -16.0339 -715.446 -9.22034 -2.60028 -2.60028
7.67 -18.3443 -590.377 78.254 -1.51673 -1.51673
7.68 -20.9542 -454.692 167.261 -0.48987 -0.48987
7.69 -23.7804 -312.233 256.214 0.26513 0.26513
7.7 -26.7031 -167.485 343.994 0.624967 0.624967
7.71 -29.6109 -19.1129 429.547 0.607238 0.607238
7.72 -32.4663 136.918 512.207 0.305924 0.305924
7.73 -35.1695 301.272 591.525 -0.190236 -0.190236
7.74 -37.6888 470.286 666.698 -0.761483 -0.761483
7.75 -39.9998 638.951 736.053 -1.27963 -1.27963
7.76 -42.1087 803.497 796.732 -1.94251 -1.94251
7.77 -44.0397 959.551 844.577 -3.31716 -3.31716
7.78 -45.7698 1102.8 878.571 -5.64173 -5.64173
7.79 -47.2704 1226.09 896.875 -8.4342 -8.4342
7.8 -48.5063 1323.32 898.048 -10.9364 -10.9364
7.81 -49.4406 1392.99 881.288 -12.625 -12.625
7.82 -49.9959 1441.09 846.938 -13.2625 -13.2625
7.83 -50.1652 1478.16 794.803 -12.6863 -12.6863
7.84 -49.9142 1516.08 726.924 -10.9757 -10.9757
7.85 -49.3 1559.36 645.909 -8.68224 -8.68224
7.86 -48.372 1604.35 555.114 -6.5719 -6.5719
7.87 -47.2006 1642.88 457.621 -5.24567 -5.24567
7.88 -45.8643 1664.82 355.253 -4.8883 -4.8883
7.89 -44.4065 1659.95 248.751 -5.26475 -5.26475
7.9 -42.854 1619.81 138.907 -5.89147 -5.89147
7.91 -41.1799 1540.22 27.1485 -6.17017 -6.17017
7.92 -39.329 1424.02 -84.9416 -5.64021 -5.64021
7.93 -37.2502 1281.59 -196.061 -4.24425 -4.24425
7.94 -34.9046 1127.32 -305.39 -2.30194 -2.30194
7.95 -32.278 972.674 -412.822 -0.297395 -0.297395
7.96 -29.3861 820.919 -518.339 1.28529 1.28529
7.97 -26.2913 668.042 -621.222 2.14026 2.14026
7.98 -23.0335 506.596 -720.2 2.20526 2.20526
7.99 -19.7263 331.028 -812.398 1.45765 1.45765
8 -16.5259 140.818 -894.027 -0.00838726 -0.00838726
8.01 -13.5063 -60.8215 -961.334 -1.78908 -1.78908
8.02 -10.7369 -271.216 -1011.17 -3.50422 -3.50422
8.03 -8.23465 -488.177 -1041.29 -5.19949 -5.19949
8.04 -6.03217 -703.963 -1049.3 -7.20026 -7.20026
8.05 -4.1078 -904.904 -1039.61 -9.52664 -9.52664
8.06 -2.4907 -1079.46 -1017.84 -11.8065 -11.8065
8.07 -1.18858 -1225.72 -988.035 -13.7303 -13.7303
8.08 -0.23616 -1345.11 -953.587 -15.0853 -15.0853
8.09 0.400185 -1442.57 -914.191 -15.6017 -15.6017
8.1 0.681494 -1518.3 -868.542 -15.0154 -15.0154
8.11 0.637163 -1570.74 -814.293 -13.398 -13.398
8.12 0.235091 -1597.76 -749.343 -11.3309 -11.3309
8.13 -0.530946 -1598.12 -674.099 -9.45721 -9.45721
8.14 -1.66878 -1570.96 -589.37 -8.16574 -8.16574
8.15 -3.1916 -1516.09 -495.881 -7.66996 -7.66996
8.16 -5.09267 -1434.75 -393.777 -7.94614 -7.94614
8.17 -7.34496 -1328.62 -283.8 -8.60795 -8.60795
8.18 -9.92896 -1198.72 -168.97 -9.05745 -9.05745
8.19 -12.7997 -1045.78 -53.8407 -8.83624 -8.83624
8.2 -15.9021 -871.591 57.1866 -7.83686 -7.83686
8.21 -19.178 -680.331 161.017 -6.23789 -6.23789
8.22 -22.5581 -477.865 257.144 -4.40587 -4.40587
8.23 -26.0093 -271.537 347.528 -2.86529 -2.86529
8.24 -29.2967 -67.9033 435.402 -2.0653 -2.0653
8.25 -32.4287 126.192 522.43 -2.29431 -2.29431
8.26 -35.4512 307.749 611.396 -3.68984 -3.68984
8.27 -38.2263 474.979 702.782 -5.92382 -5.92382
8.28 -40.7529 626.932 795.205 -8.33143 -8.33143
8.29 -43.0025 763.159 885.845 -10.3974 -10.3974
8.3 -44.9944 884.7 971.015 -11.8433 -11.8433
8.31 -46.718 990.251 1046.75 -12.5113 -12.5113
8.32 -48.1793 1075.61 1108.27 -12.5361 -12.5361
8.33 -49.3137 1138.86 1154.92 -12.3988 -12.3988
8.34 -50.1508 1181.9 1187.43 -12.4824 -12.4824
8.35 -50.7082 1206.75 1205.44 -12.8788 -12.8788
8.36 -50.9514 1213.94 1208.66 -13.5338 -13.5338
8.37 -50.8701 1200.8 1195.35 -14.2636 -14.2636
8.38 -50.3662 1165.84 1166.75 -14.7244 -14.7244
8.39 -49.4635 1109.43 1125.14 -14.5675 -14.5675
8.4 -48.1904 1034.2 1073.42 -13.6861 -13.6861
8.41 -46.5395 942.876 1014.21 -12.3042 -12.3042
8.42 -44.5552 836.305 948.66 -10.8092 -10.8092
8.43 -42.2789 715.313 876.86 -9.51331 -9.51331
8.44 -39.7781 581.429 798.062 -8.58806 -8.58806
8.45 -37.1062 436.074 711.611 -8.0671 -8.0671
8.46 -34.3139 280.72 617.336 -7.77825 -7.77825
8.47 -31.4597 118.511 515.263 -7.3732 -7.3732
8.48 -28.5824 -47.2837 405.868 -6.56442 -6.56442
8.49 -25.7117 -213.907 289.894 -5.41992 -5.41992
8.5 -22.9541 -379.251 170.042 -4.29703 -4.29703
8.51 -19.9967 -546.836 45.4555 -3.53815 -3.53815
8.52 -17.0576 -711.595 -81.2663 -3.53141 -3.53141
8.53 -14.2271 -865.311 -206.948 -4.57935 -4.57935
8.54 -11.457 -1000.89 -327.823 -6.48662 -6.48662
8.55 -8.82263 -1115.27 -440.893 -8.71533 -8.71533
8.56 -6.38002 -1209.86 -543.806 -10.7955 -10.7955
8.57 -4.19735 -1288.74 -635.531 -12.3275 -12.3275
8.58 -2.33001 -1354.53 -716.309 -12.9256 -12.9256
8.59 -0.839965 -1406.46 -787.094 -12.5967 -12.5967
8.6 0.242456 -1442.65 -849.069 -11.9026 -11.9026
8.61 0.901099 -1463.32 -901.842 -11.4574 -11.4574
8.62 1.16696 -1469.7 -943.06 -11.5845 -11.5845
8.63 1.15827 -1466.69 -974.8 -12.3295 -12.3295
8.64 0.85748 -1455 -994.921 -13.4127 -13.4127
8.65 0.342698 -1434.21 -1000.53 -14.3863 -14.3863
8.66 -0.319716 -1403.88 -988.408 -14.9025 -14.9025
8.67 -1.10718 -1362.91 -957.826 -14.747 -14.747
8.68 -2.05278 -1308.68 -909.096 -13.8594 -13.8594
8.69 -3.16387 -1239.21 -844.015 -12.4496 -12.4496
8.7 -4.49145 -1155.05 -764.972 -10.9455 -10.9455
8.71 -6.07091 -1059.44 -675.429 -9.73996 -9.73996
8.72 -7.935 -954.41 -579.565 -9.00618 -9.00618
8.73 -10.1048 -837.916 -481.372 -8.68428 -8.68428
8.74 -12.5855 -706.467 -383.327 -8.57026 -8.57026
8.75 -15.3483 -559.818 -285.896 -8.40181 -8.40181
8.76 -18.3314 -402.034 -188.327 -7.91918 -7.91918
8.77 -21.4408 -238.99 -90.1008 -6.96416 -6.96416
8.78 -24.6007 -71.6536 7.93602 -5.65327 -5.65327
8.79 -27.9225 107.469 104.962 -4.42307 -4.42307
8.8 -30.8189 300.965 196.696 -3.69635 -3.69635
8.81 -33.8011 512.725 279.879 -3.82152 -3.82152
8.82 -36.714 741.429 352.586 -5.07035 -5.07035
8.83 -39.549 979.396 414.172 -7.15762 -7.15762
8.84 -42.3126 1212.94 464.769 -9.39093 -9.39093
8.85 -44.937 1424 504.766 -11.2422 -11.2422
8.86 -47.3485 1597.32 533.888 -12.4046 -12.4046
8.87 -49.4444 1724.16 550.713 -12.6255 -12.6255
8.88 -51.0625 1810.77 554.815 -11.817 -11.817
8.89 -52.1484 1868.16 546.549 -10.3871 -10.3871
8.9 -52.6761 1910.86 526.386 -9.15344 -9.15344
8.91 -52.6527 1947.12 496.232 -8.71125 -8.71125
8.92 -52.1154 1975.94 458.398 -8.97689 -8.97689
8.93 -51.1436 1993.06 414.926 -9.44024 -9.44024
8.94 -49.8579 1993.48 367.574 -9.7396 -9.7396
8.95 -48.4103 1972.51 318.288 -9.78233 -9.78233
8.96 -46.9197 1925.79 269.203 -9.46166 -9.46166
8.97 -45.4739 1852.46 221.659 -8.65802 -8.65802
8.98 -44.1066 1754.39 175.478 -7.49773 -7.49773
8.99 -42.788 1634.83 129.405 -6.36253 -6.36253
9 -41.4445 1497.74 81.8356 -5.59359 -5.59359
9.01 -39.9802 1348.02 31.3926 -5.25377 -5.25377
9.02 -38.3063 1191.36 -22.4195 -5.19029 -5.19029
9.03 -36.3625 1033.74 -79.1453 -5.1994 -5.1994
9.04 -34.1371 879.104 -137.663 -5.08167 -5.08167
9.05 -31.6577 727.178 -196.106 -4.66278 -4.66278
9.06 -29.0025 574.64 -252.555 -3.9774 -3.9774
9.07 -26.291 417.334 -303.742 -3.38458 -3.38458
9.08 -23.6194 251.862 -346.961 -3.24897 -3.24897
9.09 -21.0065 76.3635 -381.38 -3.70273 -3.70273
9.1 -18.5964 -107.396 -406.444 -4.78522 -4.78522
9.11 -16.4629 -296.496 -422.89 -6.45019 -6.45019
9.12 -14.5594 -488.918 -432.426 -8.4141 -8.4141
9.13 -12.8369 -681.605 -437.293 -10.1655 -10.1655
9.14 -11.2707 -867.021 -439.889 -11.2357 -11.2357
9.15 -9.81441 -1036.8 -441.768 -11.5143 -11.5143
9.16 -8.44727 -1182.58 -443.428 -11.1847 -11.1847
9.17 -7.16781 -1299.69 -445.3 -10.5063 -10.5063
9.18 -5.98813 -1391.52 -447.212 -9.77139 -9.77139
9.19 -4.92725 -1466.5 -448.189 -9.22456 -9.22456
9.2 -4.02564 -1532.31 -445.89 -8.9957 -8.9957
9.21 -3.3356 -1591.33 -436.988 -9.12516 -9.12516
9.22 -2.91962 -1640.09 -419.633 -9.52867 -9.52867
9.23 -2.79186 -1673.94 -394.025 -9.97965 -9.97965
9.24 -2.95342 -1688.68 -363.154 -10.2164 -10.2164
9.25 -3.40745 -1681.05 -330.961 -10.0963 -10.0963
9.26 -4.12622 -1649.53 -301.195 -9.67021 -9.67021
9.27 -5.0782 -1592.33 -276.23 -9.09666 -9.09666
9.28 -6.26936 -1504.59 -256.815 -8.50186 -8.50186
9.29 -7.70885 -1380.86 -242.19 -7.9586 -7.9586
9.3 -9.41262 -1220.18 -229.758 -7.51931 -7.51931
9.31 -11.3982 -1028.35 -215.586 -7.17134 -7.17134
9.32 -13.6761 -814.387 -195.995 -6.80393 -6.80393
9.33 -16.2471 -586.125 -169.35 -6.30374 -6.30374
9.34 -19.0891 -349.838 -136.468 -5.66584 -5.66584
9.35 -22.1285 -112.488 -99.7663 -4.97491 -4.97491
9.36 -25.4088 122.891 -61.457 -4.35996 -4.35996
9.37 -28.6281 358.745 -24.6255 -3.94888 -3.94888
9.38 -31.6511 595.086 5.76811 -3.87596 -3.87596
9.39 -34.7496 832.07 27.5856 -4.3287 -4.3287
9.4 -37.5631 1069.1 39.0392 -5.2384 -5.2384
9.41 -40.1364 1305.47 39.6673 -6.16667 -6.16667
9.42 -42.3971 1540.31 29.7894 -6.80771 -6.80771
9.43 -44.3824 1769.69 10.836 -7.12959 -7.12959
9.44 -46.1342 1981.88 -13.8269 -7.04681 -7.04681
9.45 -47.6227 2159.59 -38.3045 -6.38093 -6.38093
9.46 -48.7228 2297.75 -62.539 -5.13516 -5.13516
9.47 -49.5435 2403.07 -86.6327 -3.80697 -3.80697
9.48 -50.2232 2479.85 -108.763 -3.03588 -3.03588
9.49 -50.6345 2532.62 -130.377 -2.72966 -2.72966
9.5 -50.8232 2565.86 -152.35 -2.37471 -2.37471
9.51 -50.7676 2578.15 -176.431 -1.89414 -1.89414
9.52 -50.4388 2564.04 -204.076 -1.48623 -1.48623
9.53 -49.7511 2518.31 -234.412 -1.16271 -1.16271
9.54 -48.697 2444.56 -265.766 -0.813692 -0.813692
9.55 -47.3539 2350.31 -296.021 -0.488584 -0.488584
9.56 -45.758 2240.45 -322.506 -0.301637 -0.301637
9.57 -43.9608 2116.32 -343.707 -0.200982 -0.200982
9.58 -42.0247 1976.72 -359.401 -0.0505041 -0.0505041
9.59 -40.0104 1822.17 -370.893 0.170306 0.170306
9.6 -37.977 1654.96 -379.849 0.371776 0.371776
9.61 -35.9593 1475.87 -387.679 0.540446 0.540446
9.62 -33.9552 1282.29 -395.401 0.78726 0.78726
9.63 -31.9309 1071.27 -403.736 1.14964 1.14964
9.64 -29.8366 845.036 -413.565 1.41578 1.41578
9.65 -27.6789 613.264 -424.948 1.2278 1.2278
9.66 -25.4451 388.315 -437.162 0.458049 0.458049
9.67 -23.0788 177.067 -450.737 -0.662972 -0.662972
9.68 -20.5792 -21.1582 -465.056 -2.00015 -2.00015
9.69 -18.0673 -211.563 -478.589 -3.69329 -3.69329
9.7 -15.6017 -396.857 -489.433 -5.67816 -5.67816
9.71 -13.2223 -581.021 -495.447 -7.54125 -7.54125
9.72 -11.0206 -763.027 -495.538 -8.90194 -8.90194
9.73 -9.10365 -939.275 -490.606 -9.62874 -9.62874
9.74 -7.47763 -1107.78 -481.9 -9.85351 -9.85351
9.75 -6.15108 -1260.81 -470.969 -9.72043 -9.72043
9.76 -5.12251 -1390.7 -459.929 -9.2018 -9.2018
9.77 -4.34583 -1495.74 -450.182 -8.50644 -8.50644
9.78 -3.77539 -1579.32 -442.366 -8.16183 -8.16183
9.79 -3.35593 -1644.69 -435.643 -8.42445 -8.42445
9.8 -3.09367 -1690.02 -428.468 -9.05334 -9.05334
9.81 -2.94596 -1712.52 -418.735 -9.67543 -9.67543
9.82 -2.98586 -1706.59 -404.065 -10.072 -10.072
9.83 -3.28424 -1665.85 -383.097 -10.1247 -10.1247
9.84 -3.89676 -1589.28 -354.831 -9.71763 -9.71763
9.85 -4.9212 -1480.23 -319.189 -8.84676 -8.84676
9.86 -6.40613 -1344.01 -276.826 -7.73497 -7.73497
9.87 -8.39352 -1184.4 -228.735 -6.69511 -6.69511
9.88 -10.8861 -1003.55 -175.936 -5.91575 -5.91575
9.89 -13.8453 -803.35 -119.388 -5.4178 -5.4178
9.9 -17.1883 -586.334 -60.1222 -5.13739 -5.13739
9.91 -20.7979 -354.746 0.951368 -4.94919 -4.94919
9.92 -24.5453 -110.29 63.6419 -4.7267 -4.7267
9.93 -28.5549 152.474 128.349 -4.54423 -4.54423
9.94 -32.1839 428.349 196.498 -4.51022 -4.51022
9.95 -35.8068 718.013 267.053 -4.40033 -4.40033
9.96 -39.4412 1015.15 336.839 -4.1897 -4.1897
9.97 -42.9949 1311.59 402.875 -4.41004 -4.41004
9.98 -46.4294 1598.95 461.74 -5.31852 -5.31852
9.99 -49.7126 1867.51 510.946 -6.5414 -6.5414
10 -52.8455 2101.16 544.592 -7.63243 -7.63243
