0.1 -4.6575 -2.24565e-012 1.99696e-012 -4.97765e-012 -4.97765e-012
0.2 -9.315 -8.46168e-012 7.50111e-012 -3.96791e-012 -3.96791e-012
0.3 -13.9725 -1.31677e-011 1.11897e-011 4.07307e-010 4.07307e-010
0.4 -18.63 -1.50977e-011 1.23852e-011 4.23343e-010 4.23343e-010
0.5 -23.2875 -1.59677e-011 1.28861e-011 3.94647e-010 3.94647e-010
0.6 -27.945 -1.65326e-011 1.30509e-011 4.39468e-010 4.39468e-010
0.7 -32.6025 -1.6946e-011 1.31894e-011 5.29372e-010 5.29372e-010
0.8 -37.26 -1.71543e-011 1.32916e-011 3.38506e-010 3.38506e-010
0.9 -41.9175 -1.74012e-011 1.33991e-011 2.37577e-010 2.37577e-010
1 -46.575 -1.76668e-011 1.34923e-011 2.6374e-010 2.6374e-010
0.01 -47.721 -0.000532397 -0.000626316 27.0418 27.0418
0.02 -48.7246 -0.00034545 -0.00028998 89.3717 89.3717
0.03 -47.5516 -0.00196294 -0.00133028 81.0113 81.0113
0.04 -46.8399 -0.00228184 -0.0018038 -50.1504 -50.1504
0.05 -46.9883 0.000589322 0.000591494 -160.875 -160.875
0.06 -46.8534 -0.000337641 6.99682e-005 -141.487 -141.487
0.07 -46.8471 2.02275e-005 0.000155172 -51.0665 -51.0665
0.08 -46.7984 -8.33165e-006 -6.3893e-005 17.2149 17.2149
0.09 -46.7798 3.43572e-006 2.63282e-005 38.3391 38.3391
0.1 -46.7681 -1.41418e-006 -1.08461e-005 38.1062 38.1062
0.11 -46.774 5.85041e-007 4.47027e-006 45.7697 45.7697
0.12 -46.7895 -2.50806e-007 -1.85849e-006 67.5527 67.5527
0.13 -46.8109 1.00252e-007 7.57167e-007 80.61 80.61
0.14 -46.8311 -4.09904e-008 -3.12732e-007 57.2428 57.2428
0.15 -46.846 1.69057e-008 1.28828e-007 2.15754 2.15754
0.16 -46.8538 -9.85079e-006 8.20434e-006 -48.0296 -48.0296
0.17 -46.8558 -1.28248e-005 1.4637e-005 -66.6737 -66.6737
0.18 -46.8553 -1.25188e-005 1.23397e-005 -62.0608 -62.0608
0.19 -46.8554 3.97922e-006 -4.62555e-006 -55.0794 -55.0794
0.2 -46.8585 -1.63746e-006 1.9055e-006 -48.7228 -48.7228
0.21 -46.865 6.76151e-007 -7.80066e-007 -30.9697 -30.9697
0.22 -46.8732 -2.75742e-007 3.23022e-007 1.82549 1.82549
0.23 -46.8802 1.0287e-007 -1.42903e-007 36.7244 36.7244
0.24 -46.8831 -4.85598e-008 5.52758e-008 57.5478 57.5478
0.25 -46.8798 2.00065e-008 -2.27735e-008 58.8319 58.8319
0.26 -46.87 -8.23868e-009 9.37659e-009 46.0149 46.0149
0.27 -46.8558 3.39338e-009 -3.86062e-009 26.8223 26.8223
0.28 -46.8403 -1.03942e-009 8.85759e-010 5.21791 5.21791
0.29 -46.8275 2.21214e-009 4.46003e-010 -17.5273 -17.5273
0.3 -46.8204 -9.11376e-010 -1.83736e-010 -38.4799 -38.4799
0.31 -46.8206 -2.27621e-006 7.08932e-007 -51.7177 -51.7177
0.32 -46.8274 -9.9598e-006 5.17939e-006 -52.0157 -52.0157
0.33 -46.8386 -6.1643e-005 7.70684e-005 -39.3022 -39.3022
0.34 -46.8512 5.15553e-006 1.64925e-006 -18.7725 -18.7725
0.35 -46.8618 -2.54101e-005 3.26211e-005 3.07303 3.07303
0.36 -46.8687 8.6823e-006 -1.56812e-005 21.7793 21.7793
0.37 -46.8708 -6.11492e-006 -4.88661e-005 34.8859 34.8859
0.38 -46.869 -4.45292e-005 0.000138032 40.3844 40.3844
0.39 -46.865 1.7845e-005 -5.68077e-005 36.685 36.685
0.4 -46.8606 -7.35188e-006 2.34047e-005 24.1555 24.1555
0.41 -46.8576 3.06279e-006 -9.63781e-006 5.98922 5.98922
0.42 -46.8567 -1.2278e-006 3.9759e-006 -12.8893 -12.8893
0.43 -46.8577 5.34472e-007 -1.63437e-006 -27.9047 -27.9047
0.44 -46.8595 -2.20201e-007 6.73358e-007 -36.2052 -36.2052
0.45 -46.8607 9.07223e-008 -2.77422e-007 -36.7757 -36.7757
0.46 -46.8603 -3.73774e-008 1.14297e-007 -29.9955 -29.9955
0.47 -46.8578 1.53994e-008 -4.70902e-008 -17.427 -17.427
0.48 -46.8536 -6.34453e-009 1.9401e-008 -1.81719 -1.81719
0.49 -46.8488 2.614e-009 -7.99314e-009 13.247 13.247
0.5 -46.8444 -1.07693e-009 3.29316e-009 24.2707 24.2707
0.51 -46.8414 4.43706e-010 -1.3568e-009 28.9212 28.9212
0.52 -46.8401 -1.82794e-010 5.59019e-010 26.5945 26.5945
0.53 -46.8399 6.80555e-010 3.29567e-010 18.2905 18.2905
0.54 -46.8397 6.60193e-010 7.32602e-010 6.12198 6.12198
0.55 -46.8383 -7.10905e-010 -6.90415e-010 -7.18578 -7.18578
0.56 -46.8344 1.98296e-010 1.72286e-010 -18.7606 -18.7606
0.57 -46.8276 -7.83418e-011 -6.58922e-011 -26.1269 -26.1269
0.58 -46.818 2.97069e-011 2.20695e-011 -27.7901 -27.7901
0.59 -46.8066 -1.0318e-011 -4.01368e-012 -23.6227 -23.6227
0.6 -46.7945 4.07351e-010 2.84398e-009 -14.8487 -14.8487
0.61 -46.7833 -4.52733e-010 -8.20482e-010 -3.64673 -3.64673
0.62 -46.7742 -2.23162e-010 6.75556e-010 7.42547 7.42547
0.63 -46.7681 6.03722e-011 -9.88836e-011 15.9922 15.9922
0.64 -46.7644 1.8805e-010 2.15653e-010 20.3175 20.3175
0.65 -46.7627 -4.99272e-011 -2.03846e-011 19.6337 19.6337
0.66 -46.7623 1.16342e-011 -2.64695e-011 14.292 14.292
0.67 -46.7625 2.03038e-012 4.57154e-011 5.66939 5.66939
0.68 -46.7625 -6.05827e-012 -5.35776e-011 -4.17742 -4.17742
0.69 -46.7615 6.529e-012 5.67404e-011 -13.0192 -13.0192
0.7 -46.7595 1.15167e-009 1.00094e-009 -18.9673 -18.9673
0.71 -46.7566 4.05385e-010 2.7552e-010 -20.8641 -20.8641
0.72 -46.7533 -3.07905e-011 -6.39258e-011 -18.4859 -18.4859
0.73 -46.7504 -4.65588e-009 1.22821e-008 -12.5449 -12.5449
0.74 -46.748 2.01323e-009 -4.99151e-009 -4.50136 -4.50136
0.75 -46.7462 5.75504e-011 4.01048e-009 3.78121 3.78121
0.76 -46.7448 1.48521e-011 -1.58277e-009 10.4661 10.4661
0.77 -46.7436 -2.05946e-010 7.04325e-010 14.1551 14.1551
0.78 -46.7427 1.63674e-011 -2.41837e-010 14.1806 14.1806
0.79 -46.7422 -1.03661e-009 -2.49027e-011 10.7143 10.7143
0.8 -46.7424 6.83655e-010 5.84253e-011 4.6839 4.6839
0.81 -46.7438 -3.63547e-010 -5.00195e-011 -2.46707 -2.46707
0.82 -46.7469 2.12616e-010 4.64953e-011 -9.11734 -9.11734
0.83 -46.7518 -1.35871e-010 -4.50004e-011 -13.8301 -13.8301
0.84 -46.758 9.30322e-011 4.43094e-011 -15.6614 -15.6614
0.85 -46.7645 -6.68114e-011 -4.39826e-011 -14.3468 -14.3468
0.86 -46.7698 4.93481e-011 4.38032e-011 -10.3271 -10.3271
0.87 -46.7726 1.19323e-010 -2.07807e-011 -4.61622 -4.61622
0.88 -46.7724 -6.80309e-011 2.56017e-011 1.45227 1.45227
0.89 -46.7687 4.24905e-011 -2.75966e-011 6.53258 6.53258
0.9 -46.7614 -2.64802e-011 2.75842e-011 9.56068 9.56068
0.91 -46.7504 1.92308e-011 -2.81961e-011 9.97243 9.97243
0.92 -46.7364 1.48585e-009 1.27731e-009 7.80335 7.80335
0.93 -46.7203 -1.51446e-009 -1.38286e-009 3.65258 3.65258
0.94 -46.7027 1.87974e-009 1.57346e-009 -1.47562 -1.47562
0.95 -46.6846 -6.42093e-010 -5.9546e-010 -6.41183 -6.41183
0.96 -46.6673 2.38231e-010 2.33337e-010 -10.0856 -10.0856
0.97 -46.6515 -7.67644e-011 -8.46416e-011 -11.7549 -11.7549
0.98 -46.6381 1.56124e-011 2.31681e-011 -11.152 -11.152
0.99 -46.6276 1.3257e-010 1.30395e-010 -8.51893 -8.51893
1 -46.6199 -5.29345e-011 -6.44755e-011 -4.52938 -4.52938
1.01 -46.6159 5.84696e-010 5.71394e-010 -0.120011 -0.120011
1.02 -46.6162 -1.25207e-010 -1.25185e-010 3.7264 3.7264
1.03 -46.6205 6.20641e-011 8.77138e-011 6.19692 6.19692
1.04 -46.6271 6.51239e-011 -1.8917e-010 6.81692 6.81692
1.05 -46.6345 -4.23865e-011 1.60266e-010 5.53805 5.53805
1.06 -46.6419 1.4096e-010 -4.55707e-010 2.73012 2.73012
1.07 -46.6491 1.88753e-007 2.33006e-008 -0.91917 -0.91917
1.08 -46.6551 2.72223e-007 2.22004e-008 -4.57109 -4.57109
1.09 -46.6586 -3.60508e-007 -3.34852e-008 -7.42738 -7.42738
1.1 -46.659 4.6313e-007 4.57146e-008 -8.90216 -8.90216
1.11 -46.6565 -2.56236e-008 -1.55163e-008 -8.73876 -8.73876
1.12 -46.6508 1.05027e-008 6.38641e-009 -7.05012 -7.05012
1.13 -46.6417 5.22484e-007 2.78348e-008 -4.27703 -4.27703
1.14 -46.6303 -2.15075e-007 -1.12864e-008 -1.0761 -1.0761
1.15 -46.6187 8.86241e-008 4.64941e-009 1.8339 1.8339
1.16 -46.6078 -3.59713e-008 -1.38104e-009 3.83075 3.83075
1.17 -46.5979 1.49273e-008 6.54568e-010 4.51922 4.51922
1.18 -46.5889 3.42907e-007 5.62263e-009 3.80752 3.80752
1.19 -46.5805 -5.14615e-006 1.4494e-007 1.91496 1.91496
1.2 -46.5733 8.01194e-006 -2.00144e-007 -0.689346 -0.689346
1.21 -46.5685 -8.3826e-006 2.06538e-007 -3.40085 -3.40085
1.22 -46.5667 6.71195e-006 -7.39186e-011 -5.61935 -5.61935
1.23 -46.5684 -4.02295e-006 6.84797e-008 -6.88133 -6.88133
1.24 -46.5734 1.29592e-006 1.27699e-008 -6.95543 -6.95543
1.25 -46.5809 -5.33872e-007 -5.39693e-009 -5.88188 -5.88188
1.26 -46.5898 2.19965e-007 2.19245e-009 -3.95035 -3.95035
1.27 -46.5991 -9.06032e-008 -9.47203e-010 -1.62419 -1.62419
1.28 -46.6081 3.73237e-008 4.19597e-010 0.569236 0.569236
1.29 -46.6163 -1.94315e-006 2.87769e-007 2.15663 2.15663
1.3 -46.6234 6.82649e-007 -3.87205e-007 2.81942 2.81942
1.31 -46.6283 1.54408e-006 3.6575e-007 2.4562 2.4562
1.32 -46.63 -3.28169e-006 -3.05978e-007 1.19482 1.19482
1.33 -46.6286 4.18146e-006 1.91561e-007 -0.645818 -0.645818
1.34 -46.6245 -4.86171e-006 5.31853e-008 -2.6345 -2.6345
1.35 -46.6168 9.27995e-006 -9.16699e-007 -4.32858 -4.32858
1.36 -46.6043 -1.43597e-005 1.2077e-006 -5.37231 -5.37231
1.37 -46.5874 1.83068e-005 -1.42453e-006 -5.56923 -5.56923
1.38 -46.5684 -1.79693e-005 1.5617e-006 -4.9158 -4.9158
1.39 -46.5504 1.70749e-006 8.05324e-007 -3.59336 -3.59336
1.4 -46.5362 -1.40222e-007 5.09429e-007 -1.92206 -1.92206
1.41 -46.5271 5.87041e-008 -2.09067e-007 -0.285929 -0.285929
1.42 -46.5231 -2.42666e-008 8.62298e-008 0.9546 0.9546
1.43 -46.5228 1.00189e-008 -3.55695e-008 1.54254 1.54254
1.44 -46.5262 -4.14392e-009 1.46975e-008 1.37884 1.37884
1.45 -46.5353 1.71972e-009 -6.09821e-009 0.538317 0.538317
1.46 -46.5528 -8.2817e-010 2.72501e-009 -0.757109 -0.757109
1.47 -46.5792 3.13538e-010 -1.13746e-009 -2.19881 -2.19881
1.48 -46.6124 -4.28646e-010 6.61912e-010 -3.46589 -3.46589
1.49 -46.6504 -2.7918e-009 -1.21537e-009 -4.29366 -4.29366
1.5 -46.6925 -1.55353e-009 6.5302e-009 -4.52425 -4.52425
1.51 -46.7365 -9.44977e-009 -3.95165e-009 -4.13497 -4.13497
1.52 -46.7776 6.06977e-009 6.55068e-008 -3.23943 -3.23943
1.53 -46.8113 -2.50073e-009 -2.69886e-008 -2.0574 -2.0574
1.54 -46.8356 -2.63719e-010 1.3966e-008 -0.859391 -0.859391
1.55 -46.8508 -2.22489e-009 -3.93899e-009 0.0962785 0.0962785
1.56 -46.8565 9.16658e-010 1.62288e-009 0.616743 0.616743
1.57 -46.8525 1.16075e-007 -1.31685e-007 0.609984 0.609984
1.58 -46.8394 -4.78226e-008 5.42539e-008 0.0996167 0.0996167
1.59 -46.8193 -4.53326e-006 -5.91473e-007 -0.783785 -0.783785
1.6 -46.7956 -4.12739e-006 -5.05701e-007 -1.83434 -1.83434
1.61 -46.7713 -0.000322803 9.31095e-005 -2.81858 -2.81858
1.62 -46.7474 -0.000490253 0.000282054 -3.52771 -3.52771
1.63 -46.7244 -0.000217909 0.000127553 -3.82138 -3.82138
1.64 -46.7032 -0.00027185 0.000214803 -3.65321 -3.65321
1.65 -46.6859 -0.000734354 0.000385391 -3.07602 -3.07602
1.66 -46.6746 -8.90364e-005 4.23606e-005 -2.22848 -2.22848
1.67 -46.669 3.66764e-005 -1.74466e-005 -1.30562 -1.30562
1.68 -46.6678 -1.51162e-005 7.19153e-006 -0.515514 -0.515514
1.69 -46.6686 6.22787e-006 -2.96288e-006 -0.0301049 -0.0301049
1.7 -46.6693 -2.56587e-006 1.2207e-006 0.0545926 0.0545926
1.71 -46.6667 1.0554e-006 -5.00945e-007 -0.262842 -0.262842
1.72 -46.6568 -4.35353e-007 2.07769e-007 -0.894144 -0.894144
1.73 -46.637 1.80129e-007 -8.5694e-008 -1.6845 -1.6845
1.74 -46.608 -7.33529e-008 3.55827e-008 -2.44811 -2.44811
1.75 -46.5727 3.06809e-008 -1.45519e-008 -3.01132 -3.01132
1.76 -46.5341 1.70745e-006 1.13434e-006 -3.25414 -3.25414
1.77 -46.4959 3.11429e-007 2.47215e-007 -3.13786 -3.13786
1.78 -46.4623 2.37638e-007 1.9981e-007 -2.71007 -2.71007
1.79 -46.4363 3.05633e-006 1.85532e-006 -2.08779 -2.08779
1.8 -46.4181 -1.25859e-006 -7.65433e-007 -1.42594 -1.42594
1.81 -46.4082 5.18543e-007 3.15346e-007 -0.878107 -0.878107
1.82 -46.4081 -2.13639e-007 -1.29922e-007 -0.559274 -0.559274
1.83 -46.419 -1.76281e-005 9.00796e-006 -0.522668 -0.522668
1.84 -46.4406 -6.84387e-005 4.66511e-005 -0.755482 -0.755482
1.85 -46.4706 -2.63862e-005 2.702e-005 -1.18864 -1.18864
1.86 -46.5066 -0.000112766 9.39489e-005 -1.71463 -1.71463
1.87 -46.5456 3.44301e-005 -3.00745e-005 -2.21198 -2.21198
1.88 -46.5809 6.06312e-005 -1.07202e-005 -2.57351 -2.57351
1.89 -46.604 -0.000246627 0.000236122 -2.72992 -2.72992
1.9 -46.6114 -3.07669e-005 8.90318e-005 -2.66016 -2.66016
1.91 -46.6053 -0.000194064 0.000282724 -2.38904 -2.38904
1.92 -46.5896 -0.00011485 0.000193903 -1.98025 -1.98025
1.93 -46.5679 -7.95293e-005 3.15778e-005 -1.52606 -1.52606
1.94 -46.5455 -0.000105955 0.000104545 -1.12842 -1.12842
1.95 -46.5295 2.47725e-005 -1.77415e-005 -0.874356 -0.874356
1.96 -46.5256 -1.106e-005 -2.63856e-006 -0.816304 -0.816304
1.97 -46.5374 -9.36731e-006 -2.73764e-005 -0.962625 -0.962625
1.98 -46.5675 -2.70086e-005 -3.38783e-005 -1.27672 -1.27672
1.99 -46.619 -6.16258e-005 -4.16558e-005 -1.68421 -1.68421
2 -46.6951 -5.67357e-005 -2.70186e-005 -2.09017 -2.09017
2.01 -46.7957 -1.94596e-005 9.71622e-007 -2.40323 -2.40323
2.02 -46.9161 5.87934e-006 9.06829e-006 -2.55783 -2.55783
2.03 -47.0485 -5.20827e-006 -5.09702e-006 -2.5274 -2.5274
2.04 -47.1845 -5.6633e-006 1.94428e-006 -2.32669 -2.32669
2.05 -47.315 -2.31556e-005 3.51074e-006 -2.00529 -2.00529
2.06 -47.43 1.07829e-006 2.33134e-007 -1.63532 -1.63532
2.07 -47.5219 -1.04351e-005 -1.03234e-006 -1.29527 -1.29527
2.08 -47.588 4.61599e-005 1.091e-005 -1.05277 -1.05277
2.09 -47.6285 -6.28357e-005 -2.10181e-006 -0.952034 -0.952034
2.1 -47.6448 -0.000106467 -1.41566e-005 -1.0085 -1.0085
2.11 -47.6392 -0.000171127 1.9865e-005 -1.20702 -1.20702
2.12 -47.6171 -0.000323541 0.000172968 -1.50314 -1.50314
2.13 -47.5872 -0.000181479 0.000194348 -1.83181 -1.83181
2.14 -47.5589 -3.74558e-005 2.05795e-005 -2.1234 -2.1234
2.15 -47.5396 -1.74796e-005 4.68736e-005 -2.32077 -2.32077
2.16 -47.5334 6.69887e-005 -0.000119078 -2.39032 -2.39032
2.17 -47.5431 -3.37007e-005 5.70586e-005 -2.32535 -2.32535
2.18 -47.573 1.92531e-005 -2.39541e-005 -2.14423 -2.14423
2.19 -47.6267 1.67982e-006 8.10036e-006 -1.88675 -1.88675
2.2 -47.7006 0.00111346 -0.000344905 -1.60992 -1.60992
2.21 -47.7848 0.000530822 -0.000238354 -1.37825 -1.37825
2.22 -47.8677 -0.000131972 0.000345489 -1.24583 -1.24583
2.23 -47.9399 0.000271622 8.58596e-005 -1.23781 -1.23781
2.24 -47.994 -0.000102168 -3.25755e-005 -1.34334 -1.34334
2.25 -48.0237 3.35938e-005 3.11891e-005 -1.52398 -1.52398
2.26 -48.0252 1.49809e-005 -6.10344e-005 -1.72949 -1.72949
2.27 -47.9974 -1.35925e-006 3.38827e-005 -1.91081 -1.91081
2.28 -47.9395 -2.09715e-005 2.65866e-005 -2.0289 -2.0289
2.29 -47.8522 5.87312e-006 -6.41077e-007 -2.06264 -2.06264
2.3 -47.7399 -2.45576e-006 3.00787e-007 -2.01284 -2.01284
2.31 -47.61 9.74773e-007 -1.03009e-007 -1.89891 -1.89891
2.32 -47.4695 -4.22598e-007 5.03123e-008 -1.75275 -1.75275
2.33 -47.3257 2.03219e-007 -1.76573e-010 -1.61204 -1.61204
2.34 -47.1859 -5.02973e-008 1.87049e-008 -1.51059 -1.51059
2.35 -47.057 1.13002e-008 8.03805e-008 -1.46919 -1.46919
2.36 -46.944 1.13963e-008 5.58725e-008 -1.49279 -1.49279
2.37 -46.8493 2.50809e-008 -3.54158e-009 -1.57287 -1.57287
2.38 -46.7732 -1.27088e-009 3.26338e-008 -1.69058 -1.69058
2.39 -46.711 5.9606e-008 1.94259e-008 -1.82042 -1.82042
2.4 -46.6546 4.10615e-008 2.40283e-008 -1.93533 -1.93533
2.41 -46.5958 3.35539e-008 8.98629e-009 -2.01144 -2.01144
2.42 -46.5265 1.641e-008 4.89761e-009 -2.0313 -2.0313
2.43 -46.4415 0.000104767 0.000103534 -1.98686 -1.98686
2.44 -46.3413 2.20885e-005 6.64149e-005 -1.88197 -1.88197
2.45 -46.2292 -4.1429e-005 4.69614e-006 -1.73465 -1.73465
2.46 -46.1057 -1.0637e-005 -1.84458e-005 -1.57825 -1.57825
2.47 -45.9696 -3.1015e-006 1.3587e-005 -1.45588 -1.45588
2.48 -45.8223 -1.78765e-006 -4.78353e-006 -1.40504 -1.40504
2.49 -45.6701 -1.61457e-005 -5.59481e-006 -1.44142 -1.44142
2.5 -45.5231 3.13832e-006 -1.14192e-007 -1.5537 -1.5537
2.51 -45.3926 -3.65532e-006 7.8356e-007 -1.7109 -1.7109
2.52 -45.289 1.02768e-005 8.26707e-006 -1.87491 -1.87491
2.53 -45.2208 -3.17745e-006 -2.19853e-006 -2.01092 -2.01092
2.54 -45.1926 1.3091e-006 9.0579e-007 -2.09432 -2.09432
2.55 -45.2049 -5.40002e-007 -3.73187e-007 -2.11477 -2.11477
2.56 -45.2546 2.22058e-007 1.53956e-007 -2.07602 -2.07602
2.57 -45.3369 -9.14873e-008 -6.34296e-008 -1.9916 -1.9916
2.58 -45.4464 3.76925e-008 2.61328e-008 -1.88 -1.88
2.59 -45.5766 -1.55293e-008 -1.07667e-008 -1.7616 -1.7616
2.6 -45.7198 5.84677e-006 1.52473e-005 -1.65655 -1.65655
2.61 -45.8677 1.93294e-006 4.48302e-006 -1.58189 -1.58189
2.62 -46.0121 -9.53185e-007 -1.27599e-006 -1.54817 -1.54817
2.63 -46.1458 5.2161e-006 1.37844e-005 -1.55766 -1.55766
2.64 -46.2638 2.62379e-006 6.57821e-006 -1.60459 -1.60459
2.65 -46.3656 -1.15691e-006 -2.72472e-006 -1.67607 -1.67607
2.66 -46.4547 4.76643e-007 1.12258e-006 -1.75439 -1.75439
2.67 -46.5356 -5.38262e-007 -2.77389e-007 -1.82162 -1.82162
2.68 -46.6137 -5.98301e-007 -6.40893e-007 -1.86423 -1.86423
2.69 -46.6951 2.2474e-007 -2.43119e-007 -1.87576 -1.87576
2.7 -46.786 -9.25922e-008 1.00164e-007 -1.85765 -1.85765
2.71 -46.8921 -3.21715e-006 -2.23714e-006 -1.8183 -1.8183
2.72 -47.0152 9.18796e-007 1.29859e-007 -1.77075 -1.77075
2.73 -47.1529 -5.31386e-006 -4.26604e-006 -1.72878 -1.72878
2.74 -47.3023 9.43059e-008 4.47579e-007 -1.70111 -1.70111
2.75 -47.4626 -9.66487e-007 -3.12379e-006 -1.68775 -1.68775
2.76 -47.6317 2.87272e-007 1.25674e-006 -1.6836 -1.6836
2.77 -47.8027 -2.06885e-007 -5.90214e-007 -1.6858 -1.6858
2.78 -47.968 0.000232765 0.000516228 -1.69532 -1.69532
2.79 -48.1208 0.000280454 0.000375961 -1.71241 -1.71241
2.8 -48.2535 -1.72313e-005 -0.000167788 -1.7346 -1.7346
2.81 -48.3592 -9.67655e-005 -5.75522e-005 -1.7582 -1.7582
2.82 -48.4353 -8.89222e-005 -1.57091e-005 -1.77739 -1.77739
2.83 -48.4831 -5.10956e-005 -4.01866e-005 -1.7838 -1.7838
2.84 -48.507 -2.96773e-005 -2.88129e-005 -1.77089 -1.77089
2.85 -48.5119 -2.90279e-005 -2.26965e-005 -1.73837 -1.73837
2.86 -48.5028 -0.000104509 1.39462e-005 -1.69293 -1.69293
2.87 -48.4859 -4.06539e-005 1.20287e-005 -1.64626 -1.64626
2.88 -48.4663 -5.21896e-006 -8.92402e-007 -1.61246 -1.61246
2.89 -48.4452 -0.000115181 4.30561e-005 -1.60525 -1.60525
2.9 -48.4218 -0.000142649 3.68922e-005 -1.63196 -1.63196
2.91 -48.3959 -4.00492e-005 -8.1963e-005 -1.68788 -1.68788
2.92 -48.3676 -2.6087e-005 1.73027e-005 -1.75681 -1.75681
2.93 -48.3359 -7.34013e-007 1.61738e-005 -1.81747 -1.81747
2.94 -48.2975 -3.47887e-006 -5.91228e-006 -1.85189 -1.85189
2.95 -48.2471 -9.04237e-006 2.21648e-005 -1.8525 -1.8525
2.96 -48.1798 -2.75735e-006 2.56184e-006 -1.82332 -1.82332
2.97 -48.0923 9.09528e-006 1.13239e-006 -1.77452 -1.77452
2.98 -47.9832 -3.8449e-005 4.55998e-005 -1.71908 -1.71908
2.99 -47.8515 1.27735e-005 -1.13327e-005 -1.67144 -1.67144
3 -47.6967 -4.33884e-005 6.89628e-005 -1.64388 -1.64388
3.01 -47.5191 1.78695e-005 -2.84041e-005 -1.64298 -1.64298
3.02 -47.321 -6.81185e-006 1.21804e-005 -1.66768 -1.66768
3.03 -47.1067 3.14991e-006 -4.73544e-006 -1.70887 -1.70887
3.04 -46.8818 -1.13224e-006 2.04616e-006 -1.75266 -1.75266
3.05 -46.6543 5.88191e-007 -7.01799e-007 -1.78624 -1.78624
3.06 -46.4322 -1.85152e-007 3.13639e-007 -1.8027 -1.8027
3.07 -46.2196 8.29206e-008 -3.87474e-008 -1.80353 -1.80353
3.08 -46.0152 -1.78149e-007 4.18341e-007 -1.7983 -1.7983
3.09 -45.8178 5.48144e-006 1.41637e-005 -1.79872 -1.79872
3.1 -45.6297 6.29357e-005 0.000136358 -1.80911 -1.80911
3.11 -45.4548 9.06642e-005 0.000153186 -1.82419 -1.82419
3.12 -45.2934 1.98568e-005 2.28909e-005 -1.83694 -1.83694
3.13 -45.1412 -1.54114e-005 -2.5046e-005 -1.84527 -1.84527
3.14 -44.995 -1.38355e-005 -1.7445e-006 -1.85092 -1.85092
3.15 -44.8567 -2.1144e-005 6.29545e-006 -1.85456 -1.85456
3.16 -44.7308 1.21967e-005 3.40956e-005 -1.85463 -1.85463
3.17 -44.6221 -5.03691e-006 7.65909e-006 -1.85172 -1.85172
3.18 -44.5343 -5.35614e-005 7.61741e-006 -1.85166 -1.85166
3.19 -44.4677 2.30002e-006 -5.3802e-006 -1.86295 -1.86295
3.2 -44.4193 1.9657e-005 5.13714e-007 -1.89076 -1.89076
3.21 -44.3882 -7.87217e-006 -9.72176e-006 -1.93004 -1.93004
3.22 -44.3788 2.0736e-006 3.49122e-005 -1.96339 -1.96339
3.23 -44.3971 -0.000213932 0.00042621 -1.96866 -1.96866
3.24 -44.4475 -8.29511e-005 0.00019607 -1.93253 -1.93253
3.25 -44.5314 0.000112625 -5.8714e-005 -1.85978 -1.85978
3.26 -44.6476 9.04575e-006 6.48556e-005 -1.77152 -1.77152
3.27 -44.7921 -2.84425e-005 0.000166459 -1.69516 -1.69516
3.28 -44.9574 -0.000117241 0.00032378 -1.65468 -1.65468
3.29 -45.1367 -6.54474e-005 4.94707e-005 -1.66365 -1.66365
3.3 -45.3238 2.69768e-005 -2.05702e-005 -1.72035 -1.72035
3.31 -45.5136 -1.13058e-005 8.24205e-006 -1.8079 -1.8079
3.32 -45.6999 4.68677e-006 -3.60991e-006 -1.89956 -1.89956
3.33 -45.8779 -1.91476e-006 1.35954e-006 -1.9666 -1.9666
3.34 -46.0475 -7.04331e-007 -9.69717e-007 -1.98647 -1.98647
3.35 -46.2126 2.9094e-007 3.98826e-007 -1.94977 -1.94977
3.36 -46.3758 -9.38562e-007 -3.78695e-007 -1.86564 -1.86564
3.37 -46.5368 -5.64013e-006 -2.98056e-006 -1.76118 -1.76118
3.38 -46.6941 2.16035e-006 1.233e-006 -1.67137 -1.67137
3.39 -46.8456 -1.63519e-005 -1.16233e-005 -1.6245 -1.6245
3.4 -46.992 3.66901e-006 3.59476e-006 -1.63062 -1.63062
3.41 -47.1381 -5.79275e-006 -5.15043e-006 -1.67817 -1.67817
3.42 -47.2901 -1.2211e-005 -1.22184e-005 -1.74039 -1.74039
3.43 -47.4507 -4.31961e-007 5.5749e-007 -1.78919 -1.78919
3.44 -47.6177 -1.09033e-005 -1.25157e-005 -1.80853 -1.80853
3.45 -47.7864 4.49223e-006 5.15625e-006 -1.79715 -1.79715
3.46 -47.9523 -2.06267e-005 -2.02235e-005 -1.76231 -1.76231
3.47 -48.1123 -5.17992e-006 -7.18175e-006 -1.71431 -1.71431
3.48 -48.2632 0.00110485 0.00126329 -1.66484 -1.66484
3.49 -48.4014 0.000659142 0.000752985 -1.62743 -1.62743
3.5 -48.5236 -0.000271911 -0.000307411 -1.61385 -1.61385
3.51 -48.6281 0.000287652 0.000733677 -1.62666 -1.62666
3.52 -48.714 8.83702e-005 0.000241281 -1.6596 -1.6596
3.53 -48.7777 -1.19644e-005 -0.000188555 -1.70382 -1.70382
3.54 -48.8175 -6.38993e-005 -5.73169e-005 -1.74827 -1.74827
3.55 -48.8357 -7.88256e-007 5.95298e-007 -1.77948 -1.77948
3.56 -48.8389 -1.35843e-005 -4.40338e-006 -1.78797 -1.78797
3.57 -48.8349 1.08977e-006 -9.86969e-006 -1.77206 -1.77206
3.58 -48.8276 -2.66547e-006 2.12695e-006 -1.73858 -1.73858
3.59 -48.816 -3.40609e-005 -9.0895e-006 -1.70287 -1.70287
3.6 -48.7955 2.84552e-005 2.7149e-005 -1.68203 -1.68203
3.61 -48.7611 -0.000799696 -0.000867848 -1.68413 -1.68413
3.62 -48.714 -0.000444732 -0.000489644 -1.70403 -1.70403
3.63 -48.6578 0.000183189 0.000201782 -1.72613 -1.72613
3.64 -48.5952 -7.52781e-005 -8.27001e-005 -1.73222 -1.73222
3.65 -48.5254 3.12843e-005 3.44464e-005 -1.7149 -1.7149
3.66 -48.442 -1.28854e-005 -1.41428e-005 -1.68406 -1.68406
3.67 -48.3394 5.32996e-006 5.83741e-006 -1.65788 -1.65788
3.68 -48.2142 -2.19933e-006 -2.38469e-006 -1.64982 -1.64982
3.69 -48.0661 1.48822e-006 1.65641e-006 -1.66303 -1.66303
3.7 -47.8992 5.39083e-007 5.18069e-007 -1.69141 -1.69141
3.71 -47.7208 2.46916e-007 2.18866e-007 -1.72444 -1.72444
3.72 -47.538 3.67289e-008 -4.29989e-009 -1.75425 -1.75425
3.73 -47.3561 -9.54388e-009 8.79465e-010 -1.77908 -1.77908
3.74 -47.1783 1.883e-007 1.28477e-007 -1.80167 -1.80167
3.75 -47.0078 5.52022e-007 4.53662e-007 -1.8254 -1.8254
3.76 -46.8483 2.42319e-008 2.12119e-008 -1.84999 -1.84999
3.77 -46.7034 -2.42684e-006 -2.68644e-006 -1.87059 -1.87059
3.78 -46.5749 2.92198e-006 2.38162e-006 -1.88054 -1.88054
3.79 -46.4635 -4.11164e-006 -3.02373e-006 -1.8744 -1.8744
3.8 -46.3691 6.75923e-006 5.69607e-006 -1.84981 -1.84981
3.81 -46.2892 -2.75016e-006 -2.33383e-006 -1.8092 -1.8092
3.82 -46.218 1.59924e-006 1.16552e-006 -1.76103 -1.76103
3.83 -46.1479 -5.49269e-007 -4.85037e-007 -1.7179 -1.7179
3.84 -46.0715 1.09426e-006 -1.82533e-007 -1.69057 -1.69057
3.85 -45.9871 -4.21815e-005 1.24563e-005 -1.68162 -1.68162
3.86 -45.8968 2.12403e-006 -1.6786e-006 -1.68505 -1.68505
3.87 -45.8013 -1.87834e-005 6.09167e-006 -1.69409 -1.69409
3.88 -45.7007 -1.03155e-005 2.85667e-007 -1.7088 -1.7088
3.89 -45.5972 -3.65996e-006 4.85168e-006 -1.73373 -1.73373
3.9 -45.4973 -1.87435e-005 3.28853e-006 -1.76979 -1.76979
3.91 -45.4108 -1.75482e-005 8.02188e-006 -1.81131 -1.81131
3.92 -45.3483 -5.87393e-006 6.95015e-006 -1.85069 -1.85069
3.93 -45.317 -6.2393e-007 5.45327e-007 -1.88472 -1.88472
3.94 -45.319 2.06574e-007 -2.25827e-007 -1.91533 -1.91533
3.95 -45.3526 -1.78905e-007 1.0571e-007 -1.94405 -1.94405
3.96 -45.4153 7.37086e-008 -4.35522e-008 -1.96565 -1.96565
3.97 -45.5032 -1.0831e-007 4.97998e-008 -1.96803 -1.96803
3.98 -45.6105 -1.73914e-008 9.578e-008 -1.93978 -1.93978
3.99 -45.7275 -1.60207e-007 1.57516e-006 -1.87891 -1.87891
4 -45.844 3.39901e-007 -2.10729e-007 -1.7952 -1.7952
4.01 -45.9523 2.66103e-006 1.83969e-006 -1.70564 -1.70564
4.02 -46.0458 -7.93107e-007 1.47649e-006 -1.6289 -1.6289
4.03 -46.1188 -9.75745e-007 3.98106e-006 -1.58183 -1.58183
4.04 -46.1696 -8.55115e-005 0.000107896 -1.57626 -1.57626
4.05 -46.2016 -6.27074e-005 0.00012647 -1.61482 -1.61482
4.06 -46.2194 -0.000844891 0.000953673 -1.69016 -1.69016
4.07 -46.2279 -0.000399926 0.00043135 -1.78797 -1.78797
4.08 -46.235 2.84954e-005 -6.65645e-005 -1.88898 -1.88898
4.09 -46.2513 -7.98308e-005 8.21964e-005 -1.97159 -1.97159
4.1 -46.286 2.77907e-006 -5.02156e-005 -2.01754 -2.01754
4.11 -46.3452 -0.00011076 3.76897e-005 -2.01857 -2.01857
4.12 -46.432 0.000143907 -0.000209651 -1.97831 -1.97831
4.13 -46.5448 -0.000133926 8.76128e-005 -1.90857 -1.90857
4.14 -46.678 0.000162309 -1.38465e-005 -1.82514 -1.82514
4.15 -46.8265 -5.4477e-005 -3.98864e-005 -1.74375 -1.74375
4.16 -46.9852 5.93393e-005 -2.82776e-005 -1.67593 -1.67593
4.17 -47.1479 -2.62526e-005 -1.38284e-005 -1.62801 -1.62801
4.18 -47.3062 -1.17918e-005 2.877e-005 -1.60355 -1.60355
4.19 -47.4494 -8.47475e-005 0.000118732 -1.60473 -1.60473
4.2 -47.5671 -4.12226e-005 2.19874e-005 -1.63032 -1.63032
4.21 -47.6524 2.21267e-005 -7.68865e-005 -1.67248 -1.67248
4.22 -47.7026 4.80966e-005 -3.95448e-005 -1.71593 -1.71593
4.23 -47.7197 8.85911e-006 -1.0594e-005 -1.74365 -1.74365
4.24 -47.7088 7.57389e-006 -1.2802e-005 -1.745 -1.745
4.25 -47.675 -3.12337e-006 5.27582e-006 -1.7207 -1.7207
4.26 -47.6204 1.32496e-006 -2.5839e-006 -1.68392 -1.68392
4.27 -47.5487 -7.13916e-007 1.73223e-006 -1.65337 -1.65337
4.28 -47.4653 2.52231e-007 -1.22877e-006 -1.64248 -1.64248
4.29 -47.3742 -3.40559e-007 6.0968e-007 -1.65472 -1.65472
4.3 -47.2812 4.41825e-008 -2.03993e-007 -1.68585 -1.68585
4.31 -47.1946 1.59748e-007 3.08134e-007 -1.72552 -1.72552
4.32 -47.1214 -3.45377e-009 8.53343e-008 -1.75946 -1.75946
4.33 -47.0636 -1.58553e-008 -2.07258e-008 -1.7767 -1.7767
4.34 -47.0189 -6.36592e-008 2.8308e-008 -1.77526 -1.77526
4.35 -46.9825 1.95804e-007 9.69914e-008 -1.76047 -1.76047
4.36 -46.9488 1.83326e-008 6.00185e-008 -1.7386 -1.7386
4.37 -46.9147 5.87149e-007 2.60406e-007 -1.71136 -1.71136
4.38 -46.8801 9.85431e-007 -1.2376e-006 -1.67687 -1.67687
4.39 -46.8451 -0.000211618 0.000217013 -1.63586 -1.63586
4.4 -46.8092 -0.000195678 0.000174838 -1.59581 -1.59581
4.41 -46.7685 -1.50148e-005 -6.08596e-006 -1.56945 -1.56945
4.42 -46.7171 -2.6563e-005 1.10056e-005 -1.5685 -1.5685
4.43 -46.6499 -5.08884e-006 -3.27238e-006 -1.59675 -1.59675
4.44 -46.5623 -1.02405e-005 -4.98898e-007 -1.64677 -1.64677
4.45 -46.452 -1.09924e-005 -1.02361e-005 -1.70215 -1.70215
4.46 -46.3226 -1.39318e-005 -1.46076e-005 -1.74314 -1.74314
4.47 -46.1846 7.18009e-006 -1.18364e-005 -1.75333 -1.75333
4.48 -46.048 5.57209e-006 -1.00139e-006 -1.72768 -1.72768
4.49 -45.9178 -3.97005e-005 2.3981e-005 -1.67863 -1.67863
4.5 -45.7953 -9.72914e-005 4.75095e-005 -1.63319 -1.63319
4.51 -45.6807 -9.22313e-006 -5.23054e-007 -1.62018 -1.62018
4.52 -45.5731 3.79991e-006 2.15497e-007 -1.65445 -1.65445
4.53 -45.4735 -1.13572e-006 2.88916e-007 -1.72737 -1.72737
4.54 -45.3855 3.76802e-006 7.11193e-007 -1.81024 -1.81024
4.55 -45.312 3.72809e-006 2.9862e-007 -1.86899 -1.86899
4.56 -45.2557 -3.29165e-006 -3.48858e-007 -1.87978 -1.87978
4.57 -45.2197 -1.39535e-006 -1.0624e-006 -1.83686 -1.83686
4.58 -45.2032 -8.00638e-006 -1.28532e-006 -1.75386 -1.75386
4.59 -45.1988 -2.15637e-006 4.40143e-007 -1.66147 -1.66147
4.6 -45.196 2.73433e-007 1.60004e-006 -1.59721 -1.59721
4.61 -45.1874 -1.65769e-007 -6.31853e-007 -1.58775 -1.58775
4.62 -45.1726 -4.212e-008 3.42158e-007 -1.63504 -1.63504
4.63 -45.1549 -1.56035e-006 2.47918e-006 -1.71671 -1.71671
4.64 -45.1348 -3.83828e-007 3.23735e-006 -1.80039 -1.80039
4.65 -45.1115 1.6045e-007 -1.3327e-006 -1.85939 -1.85939
4.66 -45.0881 7.35804e-008 1.0979e-006 -1.87886 -1.87886
4.67 -45.0729 9.28346e-007 6.35197e-007 -1.85603 -1.85603
4.68 -45.0737 2.00923e-007 4.51266e-007 -1.80206 -1.80206
4.69 -45.0938 -1.90609e-007 -1.72448e-007 -1.74257 -1.74257
4.7 -45.132 -1.21269e-006 4.35756e-007 -1.70919 -1.70919
4.71 -45.185 2.57099e-007 -9.55412e-008 -1.72397 -1.72397
4.72 -45.2516 -1.31285e-007 5.34514e-008 -1.78512 -1.78512
4.73 -45.3361 -4.72043e-008 1.37158e-007 -1.86475 -1.86475
4.74 -45.4433 -1.06642e-008 -2.63888e-008 -1.92264 -1.92264
4.75 -45.5736 3.00754e-006 -2.85572e-006 -1.92807 -1.92807
4.76 -45.7213 -1.2391e-006 1.17655e-006 -1.87582 -1.87582
4.77 -45.8759 4.57263e-007 -4.39181e-007 -1.78593 -1.78593
4.78 -46.026 -8.20137e-007 4.23579e-009 -1.6889 -1.6889
4.79 -46.1655 3.56847e-007 -1.25017e-007 -1.61052 -1.61052
4.8 -46.2927 -1.14479e-007 -6.85795e-008 -1.56545 -1.56545
4.81 -46.4066 9.47031e-008 -9.04267e-008 -1.5582 -1.5582
4.82 -46.508 -1.6354e-008 -5.96797e-009 -1.58551 -1.58551
4.83 -46.5983 3.0859e-008 -3.61351e-008 -1.63733 -1.63733
4.84 -46.6737 -1.13622e-006 -1.2736e-007 -1.69992 -1.69992
4.85 -46.7283 -1.4983e-006 -1.19798e-006 -1.75964 -1.75964
4.86 -46.7668 -3.03565e-008 2.21839e-007 -1.80236 -1.80236
4.87 -46.8072 1.36981e-008 -9.23718e-008 -1.81089 -1.81089
4.88 -46.8655 -4.96239e-006 -4.08496e-006 -1.77397 -1.77397
4.89 -46.9447 -1.00867e-005 -4.68455e-006 -1.70418 -1.70418
4.9 -47.0384 -2.34107e-005 -2.3467e-005 -1.63869 -1.63869
4.91 -47.1417 9.6131e-006 9.65973e-006 -1.61375 -1.61375
4.92 -47.2547 0.00046881 0.000227208 -1.63789 -1.63789
4.93 -47.3796 0.000284323 0.000108936 -1.6904 -1.6904
4.94 -47.5174 -0.000147928 3.76576e-006 -1.73997 -1.73997
4.95 -47.669 -6.26413e-007 8.71866e-006 -1.76207 -1.76207
4.96 -47.8327 -7.30779e-005 8.23701e-005 -1.74872 -1.74872
4.97 -47.9992 -2.52904e-007 5.84849e-005 -1.7101 -1.7101
4.98 -48.1562 -3.15575e-005 -4.78045e-005 -1.66565 -1.66565
4.99 -48.2984 -1.53112e-006 -1.33191e-005 -1.63041 -1.63041
5 -48.4276 -3.74835e-006 3.9572e-005 -1.60789 -1.60789
5.01 -48.5447 4.3503e-006 9.0992e-006 -1.59524 -1.59524
5.02 -48.6464 -4.32825e-005 -5.85433e-005 -1.59249 -1.59249
5.03 -48.7297 -7.36812e-010 2.48898e-005 -1.60236 -1.60236
5.04 -48.7935 -9.90526e-006 -1.67092e-005 -1.62288 -1.62288
5.05 -48.8397 -1.58403e-005 -1.61218e-005 -1.64507 -1.64507
5.06 -48.8763 -7.50949e-006 7.7772e-006 -1.65858 -1.65858
5.07 -48.9136 -3.38657e-005 -4.38925e-005 -1.65822 -1.65822
5.08 -48.9561 -5.26179e-005 -3.78511e-005 -1.64877 -1.64877
5.09 -49.0018 -4.87575e-005 -3.19822e-005 -1.64482 -1.64482
5.1 -49.049 -6.70419e-005 -1.73306e-005 -1.66177 -1.66177
5.11 -49.0967 2.22293e-006 2.54961e-005 -1.70371 -1.70371
5.12 -49.1409 -4.28869e-005 -8.28097e-006 -1.75933 -1.75933
5.13 -49.1786 -0.000103501 0.000158182 -1.80926 -1.80926
5.14 -49.2134 -7.01453e-006 4.57711e-005 -1.83558 -1.83558
5.15 -49.2501 -1.57155e-005 -1.83747e-007 -1.82721 -1.82721
5.16 -49.287 -2.86549e-006 1.08736e-005 -1.78518 -1.78518
5.17 -49.3188 4.90722e-006 1.51736e-006 -1.72458 -1.72458
5.18 -49.3426 7.6098e-005 0.000203674 -1.66655 -1.66655
5.19 -49.3567 4.40049e-005 8.87146e-005 -1.62858 -1.62858
5.2 -49.3552 -7.83504e-005 1.99622e-005 -1.62018 -1.62018
5.21 -49.3283 -0.00023566 -0.000148868 -1.6415 -1.6415
5.22 -49.2688 -0.000186171 -0.000135663 -1.68232 -1.68232
5.23 -49.1714 -4.31018e-005 -2.49328e-006 -1.72261 -1.72261
5.24 -49.0318 -0.000116648 -6.8529e-005 -1.74035 -1.74035
5.25 -48.8486 -4.17469e-005 6.50971e-005 -1.7237 -1.7237
5.26 -48.6209 -9.66912e-005 6.47103e-005 -1.67506 -1.67506
5.27 -48.346 -8.44431e-006 7.70185e-006 -1.60755 -1.60755
5.28 -48.0208 5.41888e-006 1.29851e-006 -1.5434 -1.5434
5.29 -47.6478 3.1146e-006 4.1234e-006 -1.50705 -1.50705
5.3 -47.2335 1.63726e-006 8.27203e-007 -1.51165 -1.51165
5.31 -46.7846 2.30428e-007 3.09793e-007 -1.55486 -1.55486
5.32 -46.3095 1.21438e-007 1.43267e-007 -1.62675 -1.62675
5.33 -45.8189 -1.12994e-006 1.47847e-006 -1.71559 -1.71559
5.34 -45.3227 4.62074e-007 -6.01603e-007 -1.80949 -1.80949
5.35 -44.8259 -1.34008e-006 2.28311e-006 -1.89864 -1.89864
5.36 -44.3289 0.000181773 0.000115604 -1.97544 -1.97544
5.37 -43.8359 0.000530404 0.000575725 -2.03085 -2.03085
5.38 -43.3612 0.000416444 0.000896891 -2.04921 -2.04921
5.39 -42.9186 0.000523335 0.00118445 -2.01671 -2.01671
5.4 -42.5096 0.000643231 0.000892896 -1.94157 -1.94157
5.41 -42.1254 0.000520708 0.000676306 -1.8602 -1.8602
5.42 -41.761 0.000376171 3.62181e-005 -1.81534 -1.81534
5.43 -41.4224 -0.000279115 0.000199163 -1.82121 -1.82121
5.44 -41.1234 0.000476343 0.00050038 -1.85665 -1.85665
5.45 -40.8726 -0.000478851 -0.000561143 -1.89503 -1.89503
5.46 -40.6686 0.000368292 0.000463093 -1.92991 -1.92991
5.47 -40.5066 -0.000458411 0.00036393 -1.96687 -1.96687
5.48 -40.3853 3.41425e-005 0.00015174 -2.00165 -2.00165
5.49 -40.3058 3.95098e-005 -0.000118247 -2.01772 -2.01772
5.5 -40.2736 5.98006e-006 3.75096e-005 -1.99993 -1.99993
5.51 -40.2993 0.000104525 6.28052e-005 -1.9465 -1.9465
5.52 -40.391 0.000141388 0.000445977 -1.87299 -1.87299
5.53 -40.5493 -9.56705e-005 0.000110374 -1.80921 -1.80921
5.54 -40.7713 1.71774e-005 -5.97826e-006 -1.78883 -1.78883
5.55 -41.0564 -1.67362e-005 -1.39763e-006 -1.83106 -1.83106
5.56 -41.4075 -7.6828e-006 -4.81308e-006 -1.92596 -1.92596
5.57 -41.8287 -2.62045e-006 2.15779e-006 -2.03823 -2.03823
5.58 -42.3229 -3.00873e-005 -2.14618e-005 -2.12573 -2.12573
5.59 -42.8884 -4.49394e-005 -4.57904e-005 -2.15665 -2.15665
5.6 -43.522 -3.34397e-005 -3.59973e-005 -2.11442 -2.11442
5.61 -44.2234 -1.94685e-005 -1.90087e-005 -1.99889 -1.99889
5.62 -44.9885 -4.13398e-005 -2.98098e-005 -1.828 -1.828
5.63 -45.8036 -0.000101921 -6.70459e-005 -1.63275 -1.63275
5.64 -46.6471 -0.000234352 -0.000181823 -1.45405 -1.45405
5.65 -47.499 -0.000753829 -0.00013935 -1.33253 -1.33253
5.66 -48.3467 -0.000371882 -0.00100001 -1.28573 -1.28573
5.67 -49.1819 0.000157652 -0.000171307 -1.29831 -1.29831
5.68 -49.9914 -0.000292937 -0.000197008 -1.34142 -1.34142
5.69 -50.7568 0.000239756 0.00101937 -1.39786 -1.39786
5.7 -51.4585 0.000134762 0.000549641 -1.46416 -1.46416
5.71 -52.082 -0.000107096 0.00105689 -1.53859 -1.53859
5.72 -52.6215 8.11855e-005 0.000996444 -1.61343 -1.61343
5.73 -53.0726 -0.000478355 -0.000603159 -1.67219 -1.67219
5.74 -53.427 -0.000145795 -0.000151225 -1.69868 -1.69868
5.75 -53.6755 1.28353e-005 0.00126987 -1.6941 -1.6941
5.76 -53.8128 -8.83318e-005 0.000591279 -1.67514 -1.67514
5.77 -53.842 -0.000336075 -0.000963147 -1.66026 -1.66026
5.78 -53.7715 -0.000379238 0.000364199 -1.65356 -1.65356
5.79 -53.6164 -1.42719e-005 -0.000190691 -1.63864 -1.63864
5.8 -53.3982 -9.61845e-005 -0.000110669 -1.60425 -1.60425
5.81 -53.1404 0.000127514 0.000221178 -1.56455 -1.56455
5.82 -52.8549 -1.11237e-005 -0.000401655 -1.54917 -1.54917
5.83 -52.5381 1.49786e-005 0.000105213 -1.58629 -1.58629
5.84 -52.1839 1.99839e-006 -0.000455531 -1.68338 -1.68338
5.85 -51.7988 -0.000148431 -0.000613694 -1.81333 -1.81333
5.86 -51.3971 0.000129665 -7.97612e-005 -1.92655 -1.92655
5.87 -50.9902 -2.32682e-005 -0.00019579 -1.97958 -1.97958
5.88 -50.5821 0.000147807 -0.000303399 -1.95392 -1.95392
5.89 -50.1685 2.67537e-005 7.95079e-005 -1.86019 -1.86019
5.9 -49.736 -6.14985e-005 -8.72485e-005 -1.73201 -1.73201
5.91 -49.268 4.88078e-005 -2.84934e-005 -1.61245 -1.61245
5.92 -48.7498 0.00012042 -5.70567e-005 -1.54175 -1.54175
5.93 -48.1683 7.94963e-005 6.54198e-006 -1.54345 -1.54345
5.94 -47.514 0.000199627 2.89962e-005 -1.60993 -1.60993
5.95 -46.7874 0.000267236 0.000112379 -1.70452 -1.70452
5.96 -46.002 3.25512e-005 -7.9419e-005 -1.78357 -1.78357
5.97 -45.1794 5.10751e-006 -5.84069e-005 -1.81899 -1.81899
5.98 -44.3408 7.1812e-005 -2.49979e-005 -1.80947 -1.80947
5.99 -43.5072 6.21248e-005 -5.80337e-005 -1.78321 -1.78321
6 -42.7093 0.00102155 0.000871087 -1.78309 -1.78309
6.01 -41.9896 -0.00173579 -0.00161408 -1.8348 -1.8348
6.02 -41.3933 -2.30362e-005 0.000267653 -1.94276 -1.94276
6.03 -40.9557 6.38557e-005 0.0020851 -2.11584 -2.11584
6.04 -40.7013 -0.000326415 -0.000204195 -2.35618 -2.35618
6.05 -40.6471 0.000279075 0.000265491 -2.61945 -2.61945
6.06 -40.8022 0.000262984 -0.000124941 -2.82492 -2.82492
6.07 -41.1651 -8.1146e-005 -0.000254318 -2.90963 -2.90963
6.08 -41.7169 -0.00580357 0.00670139 -2.84579 -2.84579
6.09 -42.431 -0.0028824 0.00185203 -2.6242 -2.6242
6.1 -43.2688 0.000853748 -0.000446211 -2.2783 -2.2783
6.11 -44.1789 -0.00106983 0.000645828 -1.9114 -1.9114
6.12 -45.1003 2.00802e-005 -0.000336569 -1.64598 -1.64598
6.13 -45.9675 0.000183194 3.99479e-005 -1.53616 -1.53616
6.14 -46.717 -0.000204509 0.000207181 -1.54847 -1.54847
6.15 -47.2901 0.00021248 -0.000178858 -1.62533 -1.62533
6.16 -47.639 -8.31177e-005 3.55487e-006 -1.72306 -1.72306
6.17 -47.7355 -0.000160248 -0.000250512 -1.79373 -1.79373
6.18 -47.5706 2.79898e-005 8.20634e-005 -1.78648 -1.78648
6.19 -47.1542 -6.9635e-005 0.000150694 -1.67795 -1.67795
6.2 -46.5117 1.32086e-005 0.000187287 -1.49039 -1.49039
6.21 -45.6753 -0.000197506 -0.000706227 -1.28886 -1.28886
6.22 -44.6761 -0.000317114 -0.000444856 -1.16205 -1.16205
6.23 -43.5455 0.00153026 0.00137827 -1.18495 -1.18495
6.24 -42.3227 -0.000262275 3.85088e-005 -1.37746 -1.37746
6.25 -41.0652 0.000356349 0.00073922 -1.68581 -1.68581
6.26 -39.8424 -0.00233155 -0.0012196 -2.00325 -2.00325
6.27 -38.7289 -0.00633517 -0.00375882 -2.22807 -2.22807
6.28 -37.7914 -0.00144553 -0.000996097 -2.31592 -2.31592
6.29 -37.0596 0.00212668 0.00107084 -2.28695 -2.28695
6.3 -36.5267 -0.00115927 -0.000627437 -2.20571 -2.20571
6.31 -36.172 0.00104261 0.000517042 -2.14299 -2.14299
6.32 -35.9896 -0.000325373 -0.000193142 -2.13011 -2.13011
6.33 -36.0003 -0.000126249 -9.8443e-005 -2.14257 -2.14257
6.34 -36.2356 0.000446955 0.000492912 -2.12754 -2.12754
6.35 -36.7189 0.00213839 0.00224429 -2.0494 -2.0494
6.36 -37.4496 0.00121878 0.000692286 -1.92249 -1.92249
6.37 -38.3896 -0.000523795 -0.000283399 -1.81356 -1.81356
6.38 -39.4763 0.000141844 0.000106987 -1.8031 -1.8031
6.39 -40.6596 -0.000112793 -1.69952e-005 -1.91934 -1.91934
6.4 -41.9254 -7.27257e-005 -1.07694e-005 -2.09631 -2.09631
6.41 -43.2783 -0.000323961 -0.000321405 -2.20034 -2.20034
6.42 -44.7034 -0.000100741 -0.000195555 -2.11692 -2.11692
6.43 -46.1615 -8.69531e-005 -8.12544e-005 -1.83046 -1.83046
6.44 -47.6034 -0.001823 -0.00146022 -1.42064 -1.42064
6.45 -48.9719 0.00201993 0.00235497 -1.00009 -1.00009
6.46 -50.2088 0.00191855 0.00189396 -0.658426 -0.658426
6.47 -51.2709 -0.00119745 -0.00164472 -0.437565 -0.437565
6.48 -52.1398 -0.00186956 -0.00146934 -0.341394 -0.341394
6.49 -52.8183 -0.00165281 -0.00143273 -0.353997 -0.353997
6.5 -53.3133 0.00126694 0.00169614 -0.462855 -0.462855
6.51 -53.6371 -0.000434606 -0.00131242 -0.666625 -0.666625
6.52 -53.8148 0.000302769 -0.000173296 -0.939444 -0.939444
6.53 -53.8933 3.96774e-005 0.00034863 -1.20427 -1.20427
6.54 -53.9342 -0.00419816 -0.00472024 -1.38311 -1.38311
6.55 -54.0055 -0.00495744 -0.00419162 -1.48808 -1.48808
6.56 -54.1518 -0.00113076 -0.00177289 -1.59558 -1.59558
6.57 -54.3962 -0.00107477 -0.00209175 -1.7245 -1.7245
6.58 -54.7556 -0.000404554 -0.000440392 -1.83542 -1.83542
6.59 -55.233 -5.53387e-005 -0.00150804 -1.91381 -1.91381
6.6 -55.8237 0.000106798 -0.00126021 -1.97187 -1.97187
6.61 -56.5112 -0.00126 0.00111811 -2.00462 -2.00462
6.62 -57.2641 -0.000703301 -0.00143865 -1.98225 -1.98225
6.63 -58.0336 -0.000536641 -0.00054024 -1.88072 -1.88072
6.64 -58.759 3.56423e-005 -0.00028431 -1.70926 -1.70926
6.65 -59.3744 2.41924e-005 -5.13976e-005 -1.50038 -1.50038
6.66 -59.8201 0.000131099 0.000157462 -1.2929 -1.2929
6.67 -60.0514 0.000275358 0.000347917 -1.12603 -1.12603
6.68 -60.0398 0.000115329 0.000293624 -1.02661 -1.02661
6.69 -59.7706 -0.000124259 9.41372e-005 -1.00115 -1.00115
6.7 -59.2396 -1.96022e-005 -7.00256e-006 -1.04631 -1.04631
6.71 -58.4565 3.33592e-006 2.09753e-008 -1.16114 -1.16114
6.72 -57.4472 -8.85398e-007 -3.78272e-007 -1.33534 -1.33534
6.73 -56.2492 9.14336e-007 8.26925e-008 -1.52331 -1.52331
6.74 -54.9007 -3.99013e-006 -5.46814e-007 -1.64558 -1.64558
6.75 -53.4407 -1.38299e-006 -2.35488e-006 -1.63927 -1.63927
6.76 -51.9078 -6.87203e-007 6.30518e-006 -1.5107 -1.5107
6.77 -50.3313 -5.99954e-006 -1.5624e-005 -1.3324 -1.3324
6.78 -48.7308 0.00096749 -0.00161767 -1.19809 -1.19809
6.79 -47.1275 0.0103358 -0.012 -1.18499 -1.18499
6.8 -45.5482 -0.0111732 0.0152683 -1.3225 -1.3225
6.81 -44.033 -0.0153261 0.0181562 -1.56012 -1.56012
6.82 -42.6078 0.00707614 0.00165587 -1.8191 -1.8191
6.83 -41.2884 0.0135233 0.0131013 -2.07353 -2.07353
6.84 -40.101 -0.00632778 -0.00367948 -2.32315 -2.32315
6.85 -39.0809 -0.00529227 -0.00281477 -2.54044 -2.54044
6.86 -38.2482 0.00148505 0.00142857 -2.68608 -2.68608
6.87 -37.6076 -0.00292582 -0.00597001 -2.73715 -2.73715
6.88 -37.1684 0.000179525 0.000333966 -2.68117 -2.68117
6.89 -36.9386 0.000100783 0.000908246 -2.50907 -2.50907
6.9 -36.9275 0.000607406 0.000780128 -2.22328 -2.22328
6.91 -37.1297 -0.000214195 0.00114842 -1.84468 -1.84468
6.92 -37.5158 -0.000179762 -0.000529547 -1.42577 -1.42577
6.93 -38.0565 -0.000401931 0.00169189 -1.05261 -1.05261
6.94 -38.7321 -0.000173808 -0.000379118 -0.808179 -0.808179
6.95 -39.5281 -0.000164668 0.000721038 -0.737364 -0.737364
6.96 -40.4167 -4.69244e-005 -0.000143556 -0.847403 -0.847403
6.97 -41.3589 -0.000139141 0.000375014 -1.12332 -1.12332
6.98 -42.3203 -0.000324338 0.00025857 -1.5344 -1.5344
6.99 -43.2854 -0.00180941 0.000608169 -2.01568 -2.01568
7 -44.248 -1.89706e-005 -0.00186219 -2.45203 -2.45203
7.01 -45.194 0.00334647 -0.00347414 -2.72676 -2.72676
7.02 -46.0995 0.000638701 -0.0016697 -2.79347 -2.79347
7.03 -46.947 -0.00190365 -0.000444194 -2.67557 -2.67557
7.04 -47.7375 0.0012861 -0.000111207 -2.42073 -2.42073
7.05 -48.4889 0.00244074 0.00224702 -2.07761 -2.07761
7.06 -49.2125 0.000686238 -2.50503e-005 -1.70088 -1.70088
7.07 -49.8959 0.000231642 9.66462e-005 -1.36135 -1.36135
7.08 -50.5085 -0.000976526 0.00030141 -1.13317 -1.13317
7.09 -51.0241 -0.00578431 0.00111363 -1.07039 -1.07039
7.1 -51.4363 -0.00748364 0.00666733 -1.14426 -1.14426
7.11 -51.7505 -0.00410996 0.00480034 -1.2116 -1.2116
7.12 -51.975 -0.00230645 0.00180576 -1.15069 -1.15069
7.13 -52.1251 -0.000291534 0.00191485 -0.963462 -0.963462
7.14 -52.2156 -0.000855288 0.00205879 -0.707164 -0.707164
7.15 -52.2608 0.000119452 -0.000596893 -0.435078 -0.435078
7.16 -52.2728 -0.000333217 0.000275901 -0.222214 -0.222214
7.17 -52.2616 -0.000984625 0.00126054 -0.183069 -0.183069
7.18 -52.233 -0.00144836 0.00201232 -0.39583 -0.39583
7.19 -52.1916 -0.00112939 -0.000136121 -0.808567 -0.808567
7.2 -52.1445 -0.000536032 -0.00010008 -1.31726 -1.31726
7.21 -52.0952 8.1451e-005 0.000606027 -1.89245 -1.89245
7.22 -52.0354 0.000264544 0.00054292 -2.48939 -2.48939
7.23 -51.9422 -0.000234001 -0.000355772 -2.95458 -2.95458
7.24 -51.7855 9.81364e-005 0.000159949 -3.14957 -3.14957
7.25 -51.537 -3.66171e-005 -3.56496e-005 -3.06799 -3.06799
7.26 -51.1709 4.10903e-006 1.5546e-005 -2.76194 -2.76194
7.27 -50.6645 4.22398e-005 5.37851e-005 -2.19356 -2.19356
7.28 -49.9983 0.000357929 0.000843779 -1.3106 -1.3106
7.29 -49.1644 4.84914e-005 -6.11863e-005 -0.316789 -0.316789
7.3 -48.1737 0.00044105 0.000726038 0.436541 0.436541
7.31 -47.0444 0.000667127 0.000779416 0.831579 0.831579
7.32 -45.7974 0.00111705 0.00142336 0.938458 0.938458
7.33 -44.4812 0.00189745 0.00211942 0.758007 0.758007
7.34 -43.1812 0.00334981 0.00303184 0.274832 0.274832
7.35 -41.9986 0.000545336 0.000527227 -0.398357 -0.398357
7.36 -41.015 -1.6281e-006 -0.000127311 -1.11554 -1.11554
7.37 -40.2755 0.000167789 -0.00127469 -1.81475 -1.81475
7.38 -39.8046 -0.000205952 -0.000399768 -2.45449 -2.45449
7.39 -39.6354 0.0522247 -0.0452301 -2.97055 -2.97055
7.4 -39.7753 -0.0472461 0.0490752 -3.29905 -3.29905
7.41 -40.2543 -0.0286338 0.0294581 -3.34103 -3.34103
7.42 -41.0378 0.00822323 -0.0124238 -2.99869 -2.99869
7.43 -42.0595 -0.00496569 0.00122319 -2.31133 -2.31133
7.44 -43.2773 0.0030438 -0.00192192 -1.45811 -1.45811
7.45 -44.6365 0.00113527 0.000308831 -0.632133 -0.632133
7.46 -46.0864 0.00250163 -0.00100579 0.0396233 0.0396233
7.47 -47.5545 -0.000592062 -0.00201512 0.479985 0.479985
7.48 -48.9521 -0.00112549 3.55083e-005 0.605751 0.605751
7.49 -50.1924 -0.000157471 -0.000163374 0.360256 0.360256
7.5 -51.2228 -0.000306777 -6.29302e-005 -0.172893 -0.172893
7.51 -52.03 0.000384711 0.00116597 -0.772871 -0.772871
7.52 -52.6204 -0.000188847 -0.000296793 -1.222 -1.222
7.53 -53.001 0.000297283 0.000288628 -1.42887 -1.42887
7.54 -53.1786 -0.000550129 -0.000487562 -1.43628 -1.43628
7.55 -53.1726 0.00103265 -0.00206501 -1.31884 -1.31884
7.56 -53.0263 0.00127161 -0.00142098 -1.10214 -1.10214
7.57 -52.7996 0.000767337 -0.00324737 -0.797717 -0.797717
7.58 -52.5423 0.00086771 -0.000637971 -0.487836 -0.487836
7.59 -52.2648 -0.000341084 -9.98896e-005 -0.330822 -0.330822
7.6 -51.9624 -8.59586e-005 -0.000677427 -0.443914 -0.443914
7.61 -51.6475 0.000747952 -0.000965199 -0.793688 -0.793688
7.62 -51.3578 -0.000256308 -0.00133153 -1.2199 -1.2199
7.63 -51.1337 0.00105216 -0.00230353 -1.5458 -1.5458
7.64 -50.9857 0.00153342 -0.00173629 -1.67138 -1.67138
7.65 -50.8844 -9.54518e-005 0.00032046 -1.59622 -1.59622
7.66 -50.7698 2.97247e-005 -0.000155585 -1.3776 -1.3776
7.67 -50.5746 -5.64775e-005 3.36857e-005 -1.08071 -1.08071
7.68 -50.2479 0.000179033 -0.000426827 -0.767945 -0.767945
7.69 -49.7711 -0.000184797 -0.000102652 -0.491518 -0.491518
7.7 -49.1403 -0.000737224 0.00214495 -0.272874 -0.272874
7.71 -48.3455 -0.000395271 0.00123234 -0.11008 -0.11008
7.72 -47.3715 9.54601e-005 -0.000380196 0.00721325 0.00721325
7.73 -46.2213 -3.95502e-005 0.000156499 0.0817558 0.0817558
7.74 -44.9235 0.00864726 0.0179943 0.10129 0.10129
7.75 -43.5076 -0.0203125 -0.0015428 0.0531774 0.0531774
7.76 -42.0092 -0.0198941 -0.029065 -0.105481 -0.105481
7.77 -40.4816 -0.00245968 0.00399531 -0.448195 -0.448195
7.78 -38.9745 0.00640735 0.00125382 -0.981182 -0.981182
7.79 -37.5805 -9.90613e-005 -0.00326912 -1.61791 -1.61791
7.8 -36.3899 2.66314e-005 0.00119258 -2.25636 -2.25636
7.81 -35.4756 -3.25519e-005 -0.000531537 -2.80568 -2.80568
7.82 -34.8748 -0.000377168 0.000166404 -3.18337 -3.18337
7.83 -34.5802 0.0073494 0.00163177 -3.35855 -3.35855
7.84 -34.5628 0.00493785 -0.000224068 -3.36045 -3.36045
7.85 -34.7794 -0.00145027 0.0025156 -3.21179 -3.21179
7.86 -35.1826 0.00188759 0.000463579 -2.88535 -2.88535
7.87 -35.7162 -0.000334691 -0.000734409 -2.33902 -2.33902
7.88 -36.3163 -0.00139578 -0.000336174 -1.59323 -1.59323
7.89 -36.9244 -0.000160032 0.000217775 -0.744039 -0.744039
7.9 -37.4913 0.000821451 0.000282742 0.0801762 0.0801762
7.91 -37.9814 -0.000287178 -3.17039e-005 0.726572 0.726572
7.92 -38.3674 0.00457474 0.00587586 1.04909 1.04909
7.93 -38.6407 0.00137506 0.00169977 0.969163 0.969163
7.94 -38.8037 -0.000518395 -0.000671207 0.496756 0.496756
7.95 -38.8916 1.2916e-005 0.000354505 -0.270707 -0.270707
7.96 -38.9794 -0.000509247 -9.34867e-005 -1.15562 -1.15562
7.97 -39.1596 0.000186083 4.94553e-005 -1.9378 -1.9378
7.98 -39.5251 -0.000604832 -0.000154037 -2.43518 -2.43518
7.99 -40.1457 -0.000586178 -0.000258302 -2.58349 -2.58349
8 -41.0524 -0.00118172 -0.000851494 -2.44721 -2.44721
8.01 -42.2451 -0.00272558 -0.0024253 -2.16072 -2.16072
8.02 -43.7106 -0.00325315 -0.00347391 -1.84852 -1.84852
8.03 -45.4256 -0.00474205 -0.00261184 -1.5734 -1.5734
8.04 -47.3431 -0.00342701 -0.00259622 -1.33641 -1.33641
8.05 -49.3776 0.00411205 0.00502013 -1.11329 -1.11329
8.06 -51.4278 0.000419551 0.00118191 -0.877711 -0.877711
8.07 -53.4108 0.000161902 7.03272e-005 -0.583821 -0.583821
8.08 -55.2586 -0.000274642 5.75793e-005 -0.15354 -0.15354
8.09 -56.9037 5.10929e-005 -0.000177567 0.41328 0.41328
8.1 -58.2717 0.000572934 0.0011131 0.937656 0.937656
8.11 -59.3039 0.00158446 0.000217507 1.19142 1.19142
8.12 -59.9713 -0.000949592 -0.0010742 1.06202 1.06202
8.13 -60.2818 -0.000677937 9.28622e-005 0.594201 0.594201
8.14 -60.2645 0.000747725 0.000271299 -0.0525365 -0.0525365
8.15 -59.9662 -0.000708773 -0.00259425 -0.699943 -0.699943
8.16 -59.4416 0.00191159 0.00858682 -1.2191 -1.2191
8.17 -58.7527 0.00041667 0.00572498 -1.53901 -1.53901
8.18 -57.9594 -0.000725337 -0.00423411 -1.63519 -1.63519
8.19 -57.1143 -0.000104963 -0.000728948 -1.51817 -1.51817
8.2 -56.2654 9.66682e-005 -0.000883678 -1.20929 -1.20929
8.21 -55.4512 0.000111671 0.00059746 -0.753872 -0.753872
8.22 -54.6991 0.000544242 -0.00171977 -0.281984 -0.281984
8.23 -54.0264 0.000729536 -0.00173192 0.0290269 0.0290269
8.24 -53.4394 0.000340378 -0.000958397 0.100091 0.100091
8.25 -52.9335 0.00188043 -0.00494519 -0.0129739 -0.0129739
8.26 -52.4892 0.000833537 -0.00213227 -0.219793 -0.219793
8.27 -52.0858 -0.000367152 0.000947029 -0.453886 -0.453886
8.28 -51.7038 -0.000198428 3.32817e-005 -0.655627 -0.655627
8.29 -51.3196 -0.000596755 0.000867559 -0.766839 -0.766839
8.3 -50.9079 -0.000143846 0.000365408 -0.752077 -0.752077
8.31 -50.4516 -0.000314683 0.000854211 -0.607109 -0.607109
8.32 -49.9442 4.05244e-005 0.000842509 -0.357408 -0.357408
8.33 -49.385 0.00023551 0.000290093 -0.0687975 -0.0687975
8.34 -48.7755 -7.89358e-005 0.00166598 0.171856 0.171856
8.35 -48.1262 0.000450429 9.43033e-005 0.308027 0.308027
8.36 -47.4638 0.000269499 0.00119634 0.330273 0.330273
8.37 -46.8267 0.000263671 0.000469141 0.239477 0.239477
8.38 -46.2568 8.96623e-005 -0.000130788 0.00741405 0.00741405
8.39 -45.7814 0.000193865 0.000263817 -0.405934 -0.405934
8.4 -45.421 -0.000731031 0.000512168 -0.996741 -0.996741
8.41 -45.1935 -8.88585e-005 -0.000204809 -1.68006 -1.68006
8.42 -45.1144 -0.000489833 0.000654368 -2.31416 -2.31416
8.43 -45.1954 0.000774646 0.000130878 -2.75668 -2.75668
8.44 -45.4345 -0.00112256 0.00932483 -2.91434 -2.91434
8.45 -45.8169 -0.0520523 0.0582768 -2.74034 -2.74034
8.46 -46.3293 -0.0392573 0.0375215 -2.16746 -2.16746
8.47 -46.9442 -0.132894 0.125454 -1.12131 -1.12131
8.48 -47.596 -0.123197 0.125474 0.462798 0.462798
8.49 -48.2521 -0.0723176 0.0801739 2.55452 2.55452
8.5 -48.9184 -0.139619 0.150589 4.93414 4.93414
8.51 -49.52 -0.0224782 0.0172976 7.31704 7.31704
8.52 -50.0891 -0.0399506 0.0298685 9.37223 9.37223
8.53 -50.5668 -0.00618709 -0.00413639 10.7426 10.7426
8.54 -50.9395 -0.0164742 0.0173268 11.2461 11.2461
8.55 -51.1968 -0.091245 0.088691 10.9535 10.9535
8.56 -51.3415 -0.0417206 0.0288398 10.0643 10.0643
8.57 -51.41 0.0145782 -0.0118883 8.76206 8.76206
8.58 -51.4333 -0.00635187 0.00480289 7.21085 7.21085
8.59 -51.4188 0.00206231 -0.00252909 5.64855 5.64855
8.6 -51.3853 -0.00130808 0.000445581 4.39612 4.39612
8.61 -51.3584 0.00056008 -0.000188752 3.73135 3.73135
8.62 -51.3745 -0.000548129 -0.000271354 3.76654 3.76654
8.63 -51.4618 0.000215628 0.000109167 4.43326 4.43326
8.64 -51.6395 -0.00218502 9.59988e-005 5.56452 5.56452
8.65 -51.922 -0.00442077 0.000582435 6.96472 6.96472
8.66 -52.316 -0.00555965 0.00279287 8.41734 8.41734
8.67 -52.8188 -0.0168738 0.00629943 9.69742 9.69742
8.68 -53.4059 0.00409798 -0.00313151 10.5933 10.5933
8.69 -54.0513 -0.00925326 0.00197977 10.9383 10.9383
8.7 -54.711 -0.0112239 0.00361119 10.6847 10.6847
8.71 -55.355 0.00246327 -0.00177133 9.92765 9.92765
8.72 -55.9458 -0.000399381 0.000751888 8.82246 8.82246
8.73 -56.4272 0.000238833 -0.000324124 7.51019 7.51019
8.74 -56.7452 2.78319e-005 0.00023381 6.12068 6.12068
8.75 -56.8582 -0.000532624 -0.000889284 4.79642 4.79642
8.76 -56.7518 0.000108955 0.000278678 3.68453 3.68453
8.77 -56.4332 -0.000139778 -0.000146172 2.89816 2.89816
8.78 -55.9157 0.000463481 0.000729159 2.47809 2.47809
8.79 -55.2134 -0.00025341 -0.000356032 2.38272 2.38272
8.8 -54.3454 5.82311e-005 8.628e-005 2.53196 2.53196
8.81 -53.3386 -0.000253731 -0.000748912 2.86012 2.86012
8.82 -52.2241 2.07196e-005 -6.00002e-005 3.17984 3.17984
8.83 -51.0419 0.00129535 0.0132235 3.18945 3.18945
8.84 -49.86 -0.0667895 0.0805151 2.82264 2.82264
8.85 -48.7475 -0.0682053 0.019825 2.27169 2.27169
8.86 -47.7278 0.00591173 0.0514659 1.62131 1.62131
8.87 -46.895 -0.0876695 0.0641715 0.821399 0.821399
8.88 -46.2931 0.0481553 -0.0815271 0.0156568 0.0156568
8.89 -45.8775 -0.017928 0.0311908 -0.559421 -0.559421
8.9 -45.6254 0.0223779 -0.0304591 -0.832199 -0.832199
8.91 -45.5528 -0.0109484 0.00161441 -0.687744 -0.687744
8.92 -45.6278 0.024763 -0.0184497 0.309443 0.309443
8.93 -45.8181 0.103137 -0.124548 2.6577 2.6577
8.94 -46.0794 0.186707 -0.193774 6.30045 6.30045
8.95 -46.3282 0.205623 -0.220944 10.6458 10.6458
8.96 -46.5001 0.228093 -0.218887 14.9877 14.9877
8.97 -46.4987 0.146768 -0.169043 18.8029 18.8029
8.98 -46.297 0.191212 -0.155815 21.9316 21.9316
8.99 -45.8083 0.0803133 -0.0265497 24.2713 24.2713
9 -45.0732 0.0445461 -0.0427505 25.617 25.617
9.01 -44.1067 0.0723603 -0.0335035 25.7979 25.7979
9.02 -42.9399 0.0264112 -0.00339912 24.7144 24.7144
9.03 -41.6326 0.000989649 -0.0085954 22.6222 22.6222
9.04 -40.2896 0.183012 -0.165938 20.2427 20.2427
9.05 -38.9362 0.068808 -0.0460449 18.1885 18.1885
9.06 -37.6959 -0.027613 0.0196061 16.5792 16.5792
9.07 -36.6661 0.0115037 -0.00795285 15.4216 15.4216
9.08 -35.8889 -0.00556692 0.00246298 14.8818 14.8818
9.09 -35.4081 0.00142872 -0.00186539 15.0599 15.0599
9.1 -35.2302 0.0015767 0.00310549 15.7614 15.7614
9.11 -35.3535 0.00193011 0.00164357 16.5899 16.5899
9.12 -35.7513 -0.00736577 -0.00794308 17.1932 17.1932
9.13 -36.3876 -0.00299565 -0.00347171 17.3583 17.3583
9.14 -37.1999 0.000544265 0.00055604 16.9823 16.9823
9.15 -38.1093 0.000566331 0.000920059 16.0409 16.0409
9.16 -39.0313 0.00110695 0.00157446 14.5748 14.5748
9.17 -39.8996 0.000109401 -0.00043118 12.7079 12.7079
9.18 -40.6883 0.000519194 0.000100895 10.6545 10.6545
9.19 -41.4053 0.000824406 -9.32825e-005 8.67284 8.67284
9.2 -42.0795 0.0230338 -0.0486348 6.98967 6.98967
9.21 -42.8228 0.167268 -0.0626441 5.594 5.594
9.22 -43.4185 0.122098 -0.178353 4.29213 4.29213
9.23 -44.0665 -0.0201142 -0.00367801 3.20645 3.20645
9.24 -44.9218 -0.0277578 0.0402498 2.84555 2.84555
9.25 -45.9048 0.050643 -0.00132872 3.50097 3.50097
9.26 -47.1289 -0.00117619 0.0116508 4.85804 4.85804
9.27 -48.6007 0.00133162 -0.00555567 6.3721 6.3721
9.28 -50.2805 0.000587619 0.00213113 7.72231 7.72231
9.29 -52.1238 -0.249936 0.12996 8.90918 8.90918
9.3 -53.987 -0.642189 0.499817 10.2424 10.2424
9.31 -55.7495 -0.0848409 0.151114 11.9181 11.9181
9.32 -57.4216 -0.0646924 0.0830346 13.4924 13.4924
9.33 -58.8394 -0.00566096 0.018505 14.3791 14.3791
9.34 -59.9428 -0.00683201 0.00436452 14.6759 14.6759
9.35 -60.6573 -0.0064933 0.0101522 14.8819 14.8819
9.36 -60.9493 0.00179898 -0.00219442 15.1917 15.1917
9.37 -60.8138 -0.00109089 0.00114888 15.4063 15.4063
9.38 -60.2726 -0.0281734 0.040302 15.2726 15.2726
9.39 -59.3875 -0.0372745 0.0362193 14.7224 14.7224
9.4 -58.2519 -0.00156446 -0.00646492 13.8793 13.8793
9.41 -56.9825 -0.0137576 0.00531429 12.9605 12.9605
9.42 -55.6775 -0.012125 -0.00169197 12.1325 12.1325
9.43 -54.4438 -0.00826406 -0.00204286 11.4192 11.4192
9.44 -53.376 -0.0027579 -0.00183544 10.7942 10.7942
9.45 -52.5451 0.000506533 -0.000212405 10.3253 10.3253
9.46 -51.9819 -0.00030253 -2.23764e-005 10.0972 10.0972
9.47 -51.671 -0.000246336 -0.000431107 10.0281 10.0281
9.48 -51.5543 -2.17722e-005 0.000317804 9.90027 9.90027
9.49 -51.5487 -0.000358046 0.000118491 9.60986 9.60986
9.5 -51.5625 -0.000578433 0.000388875 9.22651 9.22651
9.51 -51.5199 -0.000258431 -7.97431e-005 8.62801 8.62801
9.52 -51.3454 -0.00188385 0.00173753 7.80101 7.80101
9.53 -51.0018 -0.205871 0.202228 7.61855 7.61855
9.54 -50.4136 0.143845 -0.209228 8.70798 8.70798
9.55 -49.3414 0.170664 -0.051191 10.0976 10.0976
9.56 -48.0244 -0.0660125 0.0428999 10.8518 10.8518
9.57 -46.4045 0.00322065 -0.0027129 11.6442 11.6442
9.58 -44.5023 -0.0103693 0.0168466 13.3237 13.3237
9.59 -42.443 -0.00182075 -0.00654765 15.6036 15.6036
9.6 -40.2935 -0.011191 -0.00665729 17.7858 17.7858
9.61 -38.1442 0.00335205 0.0051001 19.5021 19.5021
9.62 -36.0934 0.00245521 -0.00948052 20.6807 20.6807
9.63 -34.3453 0.481148 -0.191438 21.3005 21.3005
9.64 -33.0201 1.35535 -1.32073 20.9403 20.9403
9.65 -31.7247 -0.00500322 -0.190489 19.388 19.388
9.66 -30.8807 0.135084 -0.0718724 17.5692 17.5692
9.67 -30.3833 0.0159773 0.0452651 16.3959 16.3959
9.68 -30.1353 0.0724871 0.0475589 15.8527 15.8527
9.69 -30.1866 -0.00808747 -0.00567875 15.7696 15.7696
9.7 -30.472 0.0432403 -0.027465 16.3058 16.3058
9.71 -30.9234 -0.00366014 -0.00757192 17.6543 17.6543
9.72 -31.4907 -0.000729686 0.00524101 19.721 19.721
9.73 -32.1142 0.00323779 -0.00194941 22.0946 22.0946
9.74 -32.7793 0.127475 -0.0281265 24.15 24.15
9.75 -33.3977 0.0721944 -0.0383204 25.3781 25.3781
9.76 -33.9793 -0.0328626 0.0131112 25.7047 25.7047
9.77 -34.5657 0.0134477 -0.00518959 25.2779 25.2779
9.78 -35.1694 -0.00539085 0.00245795 24.1712 24.1712
9.79 -35.8609 0.00182811 -0.00173841 22.492 22.492
9.8 -36.6803 -0.00241748 -0.0028694 20.5128 20.5128
9.81 -37.6579 0.0130755 0.0123127 18.6222 18.6222
9.82 -38.8114 0.00924678 0.0126384 17.1964 17.1964
9.83 -40.1383 -0.00458435 -0.00989778 16.4557 16.4557
9.84 -41.6237 -0.000802793 -0.00216147 16.404 16.404
9.85 -43.2529 -0.00281078 -0.00243091 16.9148 16.9148
9.86 -44.9857 0.00101714 0.000353961 17.8462 17.8462
9.87 -46.7586 -0.000464732 -0.000368772 19.0333 19.0333
9.88 -48.4841 0.000372071 -4.03075e-005 20.2262 20.2262
9.89 -50.0698 0.00704739 0.0033623 21.1152 21.1152
9.9 -51.4225 0.00231156 0.000188604 21.4502 21.4502
9.91 -52.4619 0.0272208 0.00736559 21.1264 21.1264
9.92 -53.1303 0.0644924 0.00602448 20.1863 20.1863
9.93 -53.415 0.0523161 0.101466 18.747 18.747
9.94 -53.4003 0.386782 -0.607378 16.6927 16.6927
9.95 -52.571 0.535082 -0.471423 13.3395 13.3395
9.96 -51.4193 -0.120821 0.192837 8.78407 8.78407
9.97 -50.1235 -0.0176806 -0.0360467 5.4836 5.4836
9.98 -48.5711 0.0183711 0.020056 5.42963 5.42963
9.99 -46.9538 -0.000577882 -0.014006 7.2341 7.2341
10 -45.3605 0.00642727 0.00380802 8.67554 8.67554
