0.1 -3.105 2.06718e-012 -1.70636e-012 -2.29829e-010 -2.29829e-010
0.2 -6.21 6.43352e-012 -5.15199e-012 7.26044e-011 7.26044e-011
0.3 -9.31499 7.55351e-012 -5.59464e-012 8.94369e-009 8.94369e-009
0.4 -12.42 7.76224e-012 -5.52225e-012 9.81075e-009 9.81075e-009
0.5 -15.525 7.75713e-012 -5.38369e-012 4.80433e-009 4.80433e-009
0.6 -18.63 7.7458e-012 -5.25935e-012 6.29108e-009 6.29108e-009
0.7 -21.735 7.71117e-012 -5.17009e-012 8.53894e-009 8.53894e-009
0.8 -24.84 7.66587e-012 -5.09948e-012 5.89784e-009 5.89784e-009
0.9 -27.945 7.66232e-012 -5.08038e-012 3.12159e-009 3.12159e-009
1 -31.05 7.70184e-012 -5.10081e-012 4.59093e-009 4.59093e-009
0.01 -30.7123 4.52221e-005 9.99207e-005 -7.92855 -7.92855
0.02 -30.2007 1.18432e-005 2.6068e-005 -26.4382 -26.4382
0.03 -30.6908 0.000197711 0.000196433 -16.1954 -16.1954
0.04 -31.0844 0.000855964 -6.47422e-005 36.7899 36.7899
0.05 -30.9336 -0.000366415 -0.000117775 61.0147 61.0147
0.06 -30.9999 0.000237269 -0.000110941 21.5824 21.5824
0.07 -30.9589 1.4983e-005 2.58038e-005 -22.875 -22.875
0.08 -30.9512 -6.17293e-006 -1.06311e-005 -28.2455 -28.2455
0.09 -30.9261 1.44363e-005 -1.26998e-005 -16.562 -16.562
0.1 -30.9093 2.73506e-005 -6.05522e-005 -15.8388 -15.8388
0.11 -30.8946 -2.99973e-006 -3.08026e-006 -15.2964 -15.2964
0.12 -30.8873 1.82624e-005 -3.13364e-005 1.91282 1.91282
0.13 -30.8867 1.45479e-005 -3.11283e-005 23.8945 23.8945
0.14 -30.8929 -5.99367e-006 1.28246e-005 29.1652 29.1652
0.15 -30.9038 2.46938e-006 -5.28371e-006 17.2389 17.2389
0.16 -30.9168 -1.01736e-006 2.17686e-006 2.83984 2.83984
0.17 -30.9288 4.15037e-007 -8.97593e-007 -6.63793 -6.63793
0.18 -30.9369 -1.94836e-006 -2.47476e-006 -13.4819 -13.4819
0.19 -30.9389 -2.53726e-007 -4.14178e-006 -17.3262 -17.3262
0.2 -30.9338 9.19398e-007 2.07924e-006 -13.4531 -13.4531
0.21 -30.922 -1.17724e-006 -5.73009e-006 -1.92614 -1.92614
0.22 -30.9052 1.61393e-006 3.16621e-006 10.0976 10.0976
0.23 -30.8864 -5.74153e-007 -1.27323e-006 16.0086 16.0086
0.24 -30.869 2.36552e-007 5.24568e-007 14.9928 14.9928
0.25 -30.8563 -9.7459e-008 -2.16121e-007 9.47501 9.47501
0.26 -30.8505 4.02426e-008 8.89275e-008 1.58765 1.58765
0.27 -30.8528 -1.65966e-008 -3.65985e-008 -6.43921 -6.43921
0.28 -30.8625 6.50405e-009 1.55436e-008 -11.3487 -11.3487
0.29 -30.8775 8.34615e-005 -0.000131972 -10.7085 -10.7085
0.3 -30.8945 8.21171e-005 -8.45815e-006 -5.14065 -5.14065
0.31 -30.9101 -5.29396e-005 0.000121464 2.253 2.253
0.32 -30.9207 -1.94503e-005 7.93816e-006 8.2538 8.2538
0.33 -30.9246 1.73243e-005 -4.44603e-005 10.9301 10.9301
0.34 -30.9211 1.84557e-005 -9.96642e-006 9.67187 9.67187
0.35 -30.9114 1.08576e-005 3.23249e-005 5.11513 5.11513
0.36 -30.8979 -4.47329e-006 -1.33178e-005 -0.825485 -0.825485
0.37 -30.8841 1.84309e-006 5.487e-006 -5.60127 -5.60127
0.38 -30.8735 -7.59374e-007 -2.26068e-006 -7.30928 -7.30928
0.39 -30.869 7.94103e-006 1.85166e-006 -5.578 -5.578
0.4 -30.8721 4.16551e-006 1.70154e-007 -1.46784 -1.46784
0.41 -30.8824 5.24222e-005 4.00495e-006 3.21933 3.21933
0.42 -30.8982 -7.47211e-005 -5.37304e-008 6.65931 6.65931
0.43 -30.9163 0.000101438 -2.26303e-005 7.6094 7.6094
0.44 -30.9334 -3.45404e-005 7.81967e-006 5.86178 5.86178
0.45 -30.9461 1.76004e-005 7.20351e-006 2.32014 2.32014
0.46 -30.9523 6.17737e-006 -2.43005e-005 -1.44273 -1.44273
0.47 -30.9514 -2.54506e-006 1.00118e-005 -3.91516 -3.91516
0.48 -30.9443 1.04856e-006 -4.12482e-006 -4.25123 -4.25123
0.49 -30.9335 -4.31174e-007 1.69824e-006 -2.51242 -2.51242
0.5 -30.9221 -4.19929e-006 -3.42646e-006 0.450151 0.450151
0.51 -30.9136 -1.25251e-006 -4.49217e-007 3.37639 3.37639
0.52 -30.9107 3.00845e-006 1.1755e-006 5.11213 5.11213
0.53 -30.9149 1.87593e-005 1.01397e-005 5.06622 5.06622
0.54 -30.9261 -2.75252e-005 -1.66794e-005 3.40892 3.40892
0.55 -30.9428 1.48643e-005 7.53963e-006 0.935367 0.935367
0.56 -30.9622 -6.04326e-007 3.19324e-007 -1.31015 -1.31015
0.57 -30.981 -5.78201e-006 -4.50742e-006 -2.46468 -2.46468
0.58 -30.9959 1.44441e-006 1.18765e-006 -2.16436 -2.16436
0.59 -31.0048 5.00408e-006 5.06769e-006 -0.646242 -0.646242
0.6 -31.0066 -8.99357e-006 -1.00326e-005 1.39015 1.39015
0.61 -31.0019 5.73677e-006 7.96469e-006 3.09628 3.09628
0.62 -30.9922 4.86573e-006 -3.99509e-006 3.825 3.825
0.63 -30.9804 -2.30532e-005 -1.74665e-005 3.37044 3.37044
0.64 -30.9695 4.69039e-005 3.74048e-005 2.01026 2.01026
0.65 -30.9623 -3.88282e-005 -3.63601e-005 0.35486 0.35486
0.66 -30.96 3.97286e-005 3.22694e-005 -0.919542 -0.919542
0.67 -30.9628 -4.09221e-006 -4.50647e-006 -1.34167 -1.34167
0.68 -30.9696 7.6839e-006 6.63904e-006 -0.814625 -0.814625
0.69 -30.9783 -3.16575e-006 -2.73527e-006 0.376026 0.376026
0.7 -30.9866 1.30404e-006 1.12663e-006 1.70678 1.70678
0.71 -30.9918 -5.37287e-007 -4.64188e-007 2.64259 2.64259
0.72 -30.9922 2.21397e-007 1.90905e-007 2.84823 2.84823
0.73 -30.9864 -9.12045e-008 -7.87829e-008 2.30318 2.30318
0.74 -30.975 3.75769e-008 3.2419e-008 1.28375 1.28375
0.75 -30.9594 -1.54827e-008 -1.33172e-008 0.230012 0.230012
0.76 -30.9421 6.37942e-009 5.44745e-009 -0.441105 -0.441105
0.77 -30.9254 -2.62872e-009 -2.20519e-009 -0.498266 -0.498266
0.78 -30.9116 1.08337e-009 8.69448e-010 0.0288625 0.0288625
0.79 -30.9025 -4.31334e-010 -3.37811e-010 0.883642 0.883642
0.8 -30.8988 1.73899e-010 1.08662e-010 1.70274 1.70274
0.81 -30.9 -6.87312e-011 -1.43436e-011 2.16776 2.16776
0.82 -30.9045 3.76983e-011 -3.79328e-011 2.12632 2.12632
0.83 -30.9103 -6.25633e-010 6.81013e-010 1.63791 1.63791
0.84 -30.9155 2.55e-010 -2.76564e-010 0.932921 0.932921
0.85 -30.9187 -1.12167e-010 1.29022e-010 0.307534 0.307534
0.86 -30.9192 1.80969e-010 -4.87642e-010 0.00130945 0.00130945
0.87 -30.9173 -5.11555e-011 1.88315e-010 0.107543 0.107543
0.88 -30.9139 -3.17955e-010 -6.10144e-010 0.549075 0.549075
0.89 -30.9105 6.8006e-011 2.67388e-010 1.12304 1.12304
0.9 -30.9091 -4.38996e-011 -2.60474e-010 1.59109 1.59109
0.91 -30.9118 3.02611e-011 2.57348e-010 1.77651 1.77651
0.92 -30.9198 -1.09374e-009 7.1792e-010 1.62951 1.62951
0.93 -30.9332 4.16813e-005 1.06162e-005 1.2366 1.2366
0.94 -30.9516 -7.10821e-005 -1.84592e-005 0.774264 0.774264
0.95 -30.9732 6.65289e-005 1.91596e-005 0.430946 0.430946
0.96 -30.9956 -7.06842e-005 -2.21646e-005 0.33186 0.33186
0.97 -31.016 7.51186e-005 2.48977e-005 0.495993 0.495993
0.98 -31.0324 -7.36941e-005 -2.63574e-005 0.837981 0.837981
0.99 -31.0433 5.91593e-005 2.64831e-005 1.2096 1.2096
1 -31.0485 -6.17012e-005 -3.53265e-005 1.46225 1.46225
1.01 -31.048 6.82369e-005 4.7033e-005 1.50546 1.50546
1.02 -31.0426 -8.12128e-005 -6.54948e-005 1.33866 1.33866
1.03 -31.0343 7.53861e-005 6.77289e-005 1.0445 1.0445
1.04 -31.0263 -7.0124e-005 -6.71469e-005 0.749143 0.749143
1.05 -31.0213 8.79873e-005 8.74811e-005 0.568622 0.568622
1.06 -31.0205 4.54795e-005 2.1158e-005 0.56406 0.56406
1.07 -31.024 9.24224e-005 8.38653e-005 0.722337 0.722337
1.08 -31.0312 -3.6366e-005 -3.59496e-005 0.967417 0.967417
1.09 -31.0409 2.53695e-005 2.92381e-005 1.19559 1.19559
1.1 -31.0513 -7.61075e-006 -1.71847e-005 1.31896 1.31896
1.11 -31.0598 1.77758e-006 1.4118e-005 1.29888 1.29888
1.12 -31.0651 6.35557e-007 -1.41713e-005 1.15623 1.15623
1.13 -31.0669 -9.404e-007 1.79641e-005 0.957424 0.957424
1.14 -31.065 5.42594e-006 -2.56739e-005 0.784634 0.784634
1.15 -31.0596 4.01208e-006 1.54757e-005 0.703164 0.703164
1.16 -31.0522 -9.56895e-007 -1.30225e-005 0.737568 0.737568
1.17 -31.0454 1.40035e-005 -5.0839e-006 0.865175 0.865175
1.18 -31.0416 -1.92942e-005 -8.43692e-006 1.02875 1.02875
1.19 -31.0425 4.73422e-005 3.10444e-005 1.16153 1.16153
1.2 -31.0478 -4.24617e-005 -3.15471e-005 1.21353 1.21353
1.21 -31.0557 3.31702e-005 2.48933e-005 1.1696 1.1696
1.22 -31.0638 6.1582e-008 -2.9124e-006 1.0533 1.0533
1.23 -31.069 -5.64594e-005 -4.2302e-005 0.915339 0.915339
1.24 -31.0692 2.3115e-005 1.73466e-005 0.81151 0.81151
1.25 -31.063 -9.53236e-006 -7.15581e-006 0.780106 0.780106
1.26 -31.0511 3.92731e-006 2.94818e-006 0.828139 0.828139
1.27 -31.0351 -1.61802e-006 -1.21467e-006 0.931275 0.931275
1.28 -31.0176 6.66694e-007 4.99749e-007 1.04594 1.04594
1.29 -31.0015 -2.75431e-007 -2.05171e-007 1.12757 1.12757
1.3 -30.9897 3.13167e-005 -2.54173e-006 1.14762 1.14762
1.31 -30.9843 -2.46605e-005 4.3353e-006 1.10319 1.10319
1.32 -30.9863 1.07818e-005 -5.15406e-007 1.01595 1.01595
1.33 -30.9945 4.76813e-006 -1.45359e-006 0.92192 0.92192
1.34 -31.0062 -4.48954e-006 2.10348e-006 0.856742 0.856742
1.35 -31.0197 8.44645e-006 -1.92373e-006 0.842401 0.842401
1.36 -31.0338 7.53383e-005 5.42241e-006 0.880203 0.880203
1.37 -31.0471 0.000182671 -7.49319e-005 0.952182 0.952182
1.38 -31.0577 5.31605e-005 -4.39165e-005 1.02901 1.02901
1.39 -31.0634 -0.000328429 0.000118142 1.0809 1.0809
1.4 -31.0631 -0.000172184 5.70232e-005 1.08912 1.08912
1.41 -31.0569 4.26786e-005 -5.52203e-005 1.05409 1.05409
1.42 -31.0463 -4.41781e-006 9.19066e-005 0.994264 0.994264
1.43 -31.0343 8.74555e-005 -0.000112122 0.936359 0.936359
1.44 -31.0227 -3.60315e-005 4.61938e-005 0.902589 0.902589
1.45 -31.0114 1.48449e-005 -1.90317e-005 0.90225 0.90225
1.46 -30.9989 -6.11605e-006 7.841e-006 0.930979 0.930979
1.47 -30.9848 2.51979e-006 -3.23043e-006 0.974932 0.974932
1.48 -30.9695 -1.03788e-006 1.33038e-006 1.01653 1.01653
1.49 -30.9525 4.28293e-007 -5.48632e-007 1.04055 1.04055
1.5 -30.9319 1.26782e-007 3.26054e-007 1.03917 1.03917
1.51 -30.9071 6.92385e-005 -5.76579e-008 1.01412 1.01412
1.52 -30.8811 7.8824e-005 -4.74127e-005 0.975538 0.975538
1.53 -30.8588 -7.98585e-006 -1.11487e-005 0.93885 0.93885
1.54 -30.8438 1.90902e-005 3.30257e-006 0.9196 0.9196
1.55 -30.8389 6.28034e-006 -1.52396e-006 0.926673 0.926673
1.56 -30.8463 1.57298e-006 3.68391e-006 0.957133 0.957133
1.57 -30.8668 1.3041e-006 -2.66156e-005 0.997486 0.997486
1.58 -30.8981 9.64346e-007 6.6203e-006 1.03082 1.03082
1.59 -30.9346 7.76858e-006 -1.1899e-005 1.04431 1.04431
1.6 -30.9684 -7.89966e-007 3.91835e-006 1.03368 1.03368
1.61 -30.9925 1.89948e-005 7.19453e-006 1.00429 1.00429
1.62 -31.0036 -1.36408e-006 6.38591e-007 0.96855 0.96855
1.63 -31.0026 -2.38285e-005 6.20622e-005 0.939805 0.939805
1.64 -30.9933 0.00010685 -9.95343e-005 0.926241 0.926241
1.65 -30.9823 9.33799e-005 2.8473e-005 0.929675 0.929675
1.66 -30.9771 -3.56169e-005 -1.27912e-005 0.948794 0.948794
1.67 -30.9854 5.93924e-005 4.79967e-005 0.980391 0.980391
1.68 -31.0122 1.84234e-005 5.6724e-006 1.01637 1.01637
1.69 -31.0575 4.56414e-006 4.49638e-006 1.04314 1.04314
1.7 -31.1155 -0.000327031 -0.000235513 1.04778 1.04778
1.71 -31.1778 -0.000200338 -0.000122611 1.02584 1.02584
1.72 -31.2357 9.3626e-005 6.83419e-005 0.984106 0.984106
1.73 -31.2815 -4.38096e-005 -2.38948e-005 0.937018 0.937018
1.74 -31.309 1.00167e-005 2.84528e-005 0.90071 0.90071
1.75 -31.3158 5.51574e-005 4.32962e-005 0.888251 0.888251
1.76 -31.3042 0.000355754 -0.000252637 0.905642 0.905642
1.77 -31.2797 0.000145059 -0.000179186 0.948807 0.948807
1.78 -31.2477 -2.68389e-005 2.06064e-005 1.00447 1.00447
1.79 -31.2137 4.28452e-005 -4.80471e-005 1.05515 1.05515
1.8 -31.183 6.52816e-006 4.07289e-005 1.08459 1.08459
1.81 -31.158 2.07539e-005 -3.84201e-005 1.08181 1.08181
1.82 -31.1371 1.9988e-006 -2.21928e-006 1.04588 1.04588
1.83 -31.1174 1.70599e-005 4.78588e-006 0.98937 0.98937
1.84 -31.0963 -1.16671e-005 -9.95922e-006 0.934547 0.934547
1.85 -31.073 1.56398e-006 1.13907e-006 0.903066 0.903066
1.86 -31.0468 8.12881e-006 5.41641e-006 0.905369 0.905369
1.87 -31.0184 -4.47632e-006 2.67799e-006 0.93729 0.93729
1.88 -30.992 2.3527e-005 5.01505e-006 0.984166 0.984166
1.89 -30.9745 -2.04728e-006 -8.6977e-006 1.02731 1.02731
1.9 -30.9686 8.44078e-005 -7.98122e-005 1.05253 1.05253
1.91 -30.9717 -2.48559e-005 5.39044e-005 1.05601 1.05601
1.92 -30.9783 0.000207756 -0.000215314 1.04265 1.04265
1.93 -30.9819 7.19129e-005 -6.05478e-005 1.02043 1.02043
1.94 -30.9737 -3.74751e-005 1.22737e-005 0.99628 0.99628
1.95 -30.9442 8.39253e-005 6.28572e-005 0.975307 0.975307
1.96 -30.8876 2.31958e-005 1.43599e-005 0.961182 0.961182
1.97 -30.8048 1.98706e-005 9.87794e-006 0.955581 0.955581
1.98 -30.7027 1.08368e-005 6.61191e-006 0.958028 0.958028
1.99 -30.5912 5.51633e-006 4.59721e-006 0.967538 0.967538
2 -30.4821 9.079e-006 4.16215e-006 0.98358 0.98358
2.01 -30.3877 -1.30435e-006 -1.26494e-006 1.00458 1.00458
2.02 -30.3188 1.32906e-005 2.62314e-006 1.02607 1.02607
2.03 -30.2821 2.31939e-005 5.23019e-006 1.04152 1.04152
2.04 -30.2769 4.64414e-005 -7.97409e-006 1.045 1.045
2.05 -30.2974 0.000110765 -5.80372e-005 1.03336 1.03336
2.06 -30.3355 0.000107818 -0.00010574 1.00757 1.00757
2.07 -30.3813 3.06835e-005 -5.29034e-005 0.974369 0.974369
2.08 -30.424 1.47818e-005 -2.27498e-005 0.945943 0.945943
2.09 -30.4555 9.8207e-006 -1.1176e-006 0.934906 0.934906
2.1 -30.4729 9.5842e-006 -7.24114e-006 0.946751 0.946751
2.11 -30.4783 9.19338e-006 -4.19945e-007 0.976697 0.976697
2.12 -30.4763 1.47956e-005 5.00093e-006 1.01352 1.01352
2.13 -30.4713 9.189e-006 -1.07233e-005 1.04563 1.04563
2.14 -30.4681 3.92969e-007 -2.67355e-006 1.06432 1.06432
2.15 -30.4716 -1.87491e-007 1.11579e-006 1.06428 1.06428
2.16 -30.4869 4.56413e-007 -1.37758e-006 1.0447 1.0447
2.17 -30.5167 -1.52447e-008 3.18019e-007 1.01081 1.01081
2.18 -30.5586 3.56283e-006 -5.35683e-006 0.973405 0.973405
2.19 -30.6066 -6.70005e-007 7.04642e-007 0.945065 0.945065
2.2 -30.6571 2.06152e-006 2.45562e-006 0.934906 0.934906
2.21 -30.7105 -7.78033e-007 -9.94581e-007 0.945077 0.945077
2.22 -30.7671 3.20548e-007 4.09765e-007 0.97101 0.97101
2.23 -30.8262 8.52141e-008 7.60553e-008 1.004 1.004
2.24 -30.8866 -3.5108e-008 -3.13346e-008 1.03363 1.03363
2.25 -30.9478 1.97084e-007 3.76594e-007 1.05019 1.05019
2.26 -31.0085 9.03184e-008 3.13843e-007 1.04817 1.04817
2.27 -31.0665 -6.23649e-007 2.42535e-007 1.0292 1.0292
2.28 -31.1207 -8.31761e-007 1.86748e-007 1.00144 1.00144
2.29 -31.1709 -7.94331e-009 5.52278e-007 0.975671 0.975671
2.3 -31.2159 -1.29784e-006 3.59563e-007 0.960614 0.960614
2.31 -31.254 0.000436913 -0.000133502 0.961067 0.961067
2.32 -31.287 0.000525093 -0.000463467 0.977273 0.977273
2.33 -31.3167 -8.6548e-005 1.91126e-005 1.0033 1.0033
2.34 -31.3441 0.000101406 -4.77067e-005 1.02939 1.02939
2.35 -31.3705 -5.01309e-006 -6.07625e-006 1.048 1.048
2.36 -31.3955 2.97138e-005 -9.81264e-006 1.05508 1.05508
2.37 -31.418 3.39061e-007 -7.95848e-006 1.04917 1.04917
2.38 -31.4356 3.15678e-006 -1.21138e-006 1.03357 1.03357
2.39 -31.4474 2.72801e-005 2.2044e-005 1.01644 1.01644
2.4 -31.4547 -4.13354e-006 -1.9549e-006 1.00598 1.00598
2.41 -31.4594 9.36244e-005 -0.000103478 1.00617 1.00617
2.42 -31.4644 0.000122868 1.25669e-005 1.01692 1.01692
2.43 -31.4718 2.23525e-005 5.60258e-005 1.03476 1.03476
2.44 -31.4791 -9.45814e-006 -2.48362e-005 1.05234 1.05234
2.45 -31.481 1.88284e-005 1.30688e-005 1.06142 1.06142
2.46 -31.4744 1.95961e-005 1.22971e-005 1.05791 1.05791
2.47 -31.458 5.44801e-006 6.67667e-006 1.04384 1.04384
2.48 -31.4301 -6.32483e-006 -9.36084e-006 1.02569 1.02569
2.49 -31.3875 2.65683e-006 3.75045e-006 1.0113 1.0113
2.5 -31.3278 -1.0882e-006 -1.50628e-006 1.00678 1.00678
2.51 -31.2503 5.91054e-007 5.62538e-007 1.01391 1.01391
2.52 -31.157 -6.53639e-008 -3.14732e-007 1.02937 1.02937
2.53 -31.0513 1.28459e-007 4.07497e-008 1.0464 1.0464
2.54 -30.9383 -1.33017e-008 -7.15384e-008 1.05788 1.05788
2.55 -30.8243 1.76319e-007 -3.30544e-007 1.0597 1.0597
2.56 -30.7153 -2.35499e-007 -2.07061e-006 1.05276 1.05276
2.57 -30.6154 2.79576e-008 -1.82309e-006 1.04162 1.04162
2.58 -30.5263 8.84807e-005 -0.000105325 1.03167 1.03167
2.59 -30.4476 0.000201225 -0.000114844 1.02722 1.02722
2.6 -30.3779 3.18992e-005 4.4643e-005 1.03021 1.03021
2.61 -30.3152 9.5595e-006 1.55717e-005 1.03923 1.03923
2.62 -30.2577 -2.63086e-006 2.48452e-005 1.04918 1.04918
2.63 -30.2046 -1.20815e-005 1.34812e-006 1.05379 1.05379
2.64 -30.1561 -2.47402e-006 -4.03106e-007 1.0502 1.0502
2.65 -30.112 2.70556e-006 7.98257e-007 1.04123 1.04123
2.66 -30.0721 -1.62168e-006 -1.29034e-006 1.03239 1.03239
2.67 -30.0373 -3.0583e-006 -3.95626e-008 1.02654 1.02654
2.68 -30.0094 1.70503e-005 -1.43658e-005 1.02233 1.02233
2.69 -29.9905 2.19466e-005 -8.1736e-006 1.01803 1.01803
2.7 -29.9822 -3.62743e-006 3.6254e-006 1.01576 1.01576
2.71 -29.9853 -2.61001e-005 -2.90982e-005 1.0205 1.0205
2.72 -30.0026 2.78708e-005 3.71507e-005 1.03445 1.03445
2.73 -30.0383 -8.29009e-006 -1.59152e-005 1.05305 1.05305
2.74 -30.0947 4.56044e-006 5.84171e-006 1.06711 1.06711
2.75 -30.1694 -1.47611e-006 -2.67108e-006 1.06921 1.06921
2.76 -30.2584 1.73879e-006 5.11569e-008 1.05871 1.05871
2.77 -30.3589 2.40065e-007 -1.96347e-007 1.04149 1.04149
2.78 -30.4667 1.21338e-006 -5.87248e-007 1.02531 1.02531
2.79 -30.5759 -1.90165e-006 1.94667e-006 1.01501 1.01501
2.8 -30.6825 -2.21086e-006 2.0856e-006 1.01203 1.01203
2.81 -30.785 -2.77254e-007 1.115e-006 1.01697 1.01697
2.82 -30.8823 -7.20093e-006 -9.76873e-006 1.02958 1.02958
2.83 -30.9735 2.07112e-006 5.58459e-006 1.04599 1.04599
2.84 -31.0585 -3.55377e-006 2.6e-007 1.0579 1.0579
2.85 -31.1387 1.49798e-006 -2.40058e-006 1.05701 1.05701
2.86 -31.2155 -4.76844e-006 1.10861e-006 1.04101 1.04101
2.87 -31.2886 1.63213e-006 -4.48886e-005 1.01514 1.01514
2.88 -31.3572 0.000706246 -0.000669901 0.990038 0.990038
2.89 -31.4226 0.000433585 -0.000141573 0.979467 0.979467
2.9 -31.486 -8.72799e-005 6.46112e-005 0.993778 0.993778
2.91 -31.5464 8.43763e-005 -4.23965e-005 1.03144 1.03144
2.92 -31.6021 2.36987e-005 2.82529e-005 1.07948 1.07948
2.93 -31.6507 2.95105e-005 -2.5493e-006 1.12054 1.12054
2.94 -31.6905 -1.96923e-005 -1.71612e-005 1.13973 1.13973
2.95 -31.7208 0.000178233 -0.000116671 1.13023 1.13023
2.96 -31.7408 7.92506e-005 -2.31735e-005 1.09596 1.09596
2.97 -31.7489 -2.20794e-005 7.73616e-005 1.04982 1.04982
2.98 -31.7432 -3.22002e-005 -5.10621e-005 1.00817 1.00817
2.99 -31.7234 1.47413e-005 2.03823e-005 0.984614 0.984614
3 -31.6922 1.51975e-005 2.16329e-005 0.985081 0.985081
3.01 -31.6539 -7.51554e-006 -1.15075e-005 1.00545 1.00545
3.02 -31.6138 -5.16191e-008 -5.90294e-006 1.03497 1.03497
3.03 -31.5769 -9.18364e-006 -2.23441e-005 1.06346 1.06346
3.04 -31.547 1.4507e-005 2.38978e-005 1.08499 1.08499
3.05 -31.5236 -1.41709e-006 -3.14514e-005 1.097 1.097
3.06 -31.5024 1.27281e-005 -9.08865e-006 1.09872 1.09872
3.07 -31.479 1.71022e-005 3.94943e-005 1.09077 1.09077
3.08 -31.4511 1.24318e-005 -5.55691e-005 1.07625 1.07625
3.09 -31.4159 1.05326e-005 -1.60509e-006 1.06069 1.06069
3.1 -31.3685 2.89034e-005 -2.63592e-005 1.04856 1.04856
3.11 -31.3054 3.96637e-005 -1.53034e-005 1.04093 1.04093
3.12 -31.2288 8.33294e-005 -4.69501e-005 1.03639 1.03639
3.13 -31.1475 4.43964e-005 -8.21566e-006 1.03326 1.03326
3.14 -31.0709 -3.38729e-005 4.63681e-005 1.03227 1.03227
3.15 -31.004 1.83341e-006 3.52072e-006 1.03691 1.03691
3.16 -30.9473 6.40478e-007 2.1948e-005 1.04999 1.04999
3.17 -30.8974 5.15879e-006 1.32011e-005 1.06904 1.06904
3.18 -30.8478 1.41044e-005 2.13106e-006 1.08569 1.08569
3.19 -30.7932 1.06359e-006 1.34091e-005 1.09014 1.09014
3.2 -30.7314 9.49104e-006 6.45203e-006 1.07693 1.07693
3.21 -30.6623 1.20038e-005 -5.65368e-006 1.04866 1.04866
3.22 -30.5857 4.03904e-005 -2.93587e-006 1.01577 1.01577
3.23 -30.5041 1.06336e-005 -1.47471e-006 0.991492 0.991492
3.24 -30.4228 3.29728e-006 3.36099e-006 0.985046 0.985046
3.25 -30.3483 -1.35855e-006 -1.38469e-006 0.997613 0.997613
3.26 -30.2855 5.7667e-007 5.81131e-007 1.02288 1.02288
3.27 -30.2371 -2.38265e-007 -2.39796e-007 1.0508 1.0508
3.28 -30.2043 9.71941e-008 9.83136e-008 1.07221 1.07221
3.29 -30.1853 2.64319e-006 -2.39652e-006 1.08282 1.08282
3.3 -30.1765 1.03504e-005 -1.0405e-005 1.08482 1.08482
3.31 -30.1746 1.38579e-005 -2.7243e-006 1.08325 1.08325
3.32 -30.1799 6.82027e-006 -1.37913e-005 1.0798 1.0798
3.33 -30.1944 -6.52614e-006 -3.27601e-006 1.07106 1.07106
3.34 -30.219 -1.65885e-005 -4.47376e-005 1.05159 1.05159
3.35 -30.2525 6.45409e-006 1.75558e-005 1.01967 1.01967
3.36 -30.2954 -2.2377e-005 -1.11008e-005 0.982367 0.982367
3.37 -30.3497 2.70099e-006 -6.78859e-007 0.95052 0.95052
3.38 -30.4179 -8.6838e-006 1.3181e-005 0.932699 0.932699
3.39 -30.5021 -1.20399e-005 -0.000146792 0.937539 0.937539
3.4 -30.6022 -2.63815e-006 3.22026e-005 0.972209 0.972209
3.41 -30.713 2.48315e-005 -9.86285e-005 1.03425 1.03425
3.42 -30.8267 7.33119e-005 -0.000129472 1.1075 1.1075
3.43 -30.9361 0.00013555 -0.000214553 1.16658 1.16658
3.44 -31.0362 0.000145028 -0.000165302 1.18691 1.18691
3.45 -31.1241 3.30226e-005 -5.93829e-005 1.15584 1.15584
3.46 -31.1976 8.11446e-005 -8.67108e-005 1.07955 1.07955
3.47 -31.2557 5.46616e-007 -1.12305e-006 0.983572 0.983572
3.48 -31.3 2.08135e-005 -2.14897e-005 0.905094 0.905094
3.49 -31.3347 1.80523e-005 -1.39376e-005 0.874618 0.874618
3.5 -31.3645 1.54001e-005 -1.54804e-005 0.899397 0.899397
3.51 -31.3921 -7.31769e-007 1.90923e-006 0.965329 0.965329
3.52 -31.4191 3.545e-007 -4.41087e-007 1.04937 1.04937
3.53 -31.4477 -1.0069e-007 4.56168e-007 1.1247 1.1247
3.54 -31.4782 6.0095e-007 5.47254e-007 1.16511 1.16511
3.55 -31.5065 1.76404e-006 2.10049e-006 1.15789 1.15789
3.56 -31.5245 -6.88202e-007 -6.70084e-007 1.11276 1.11276
3.57 -31.5233 4.37696e-007 9.87593e-008 1.05448 1.05448
3.58 -31.4979 6.8372e-008 -1.44191e-007 1.00681 1.00681
3.59 -31.4485 3.86839e-007 4.95602e-007 0.982338 0.982338
3.6 -31.3815 6.81536e-007 -3.80434e-007 0.982436 0.982436
3.61 -31.3067 2.87567e-007 1.17302e-008 1.00114 1.00114
3.62 -31.233 1.41653e-006 -5.4677e-007 1.02782 1.02782
3.63 -31.1656 1.34746e-007 4.38811e-008 1.05134 1.05134
3.64 -31.1079 -3.12553e-007 5.98217e-007 1.06587 1.06587
3.65 -31.0627 1.02918e-006 2.91866e-006 1.0725 1.0725
3.66 -31.0313 -1.60427e-006 -1.27809e-007 1.07501 1.07501
3.67 -31.0103 -1.1829e-006 1.25001e-006 1.07533 1.07533
3.68 -30.9931 -8.62533e-007 1.59571e-007 1.0739 1.0739
3.69 -30.9716 -1.64313e-007 -3.63244e-008 1.07138 1.07138
3.7 -30.9375 4.54072e-007 -3.37296e-007 1.06764 1.06764
3.71 -30.8843 2.14445e-005 -3.70786e-005 1.06076 1.06076
3.72 -30.8107 3.13695e-005 -9.63324e-006 1.05039 1.05039
3.73 -30.721 1.41825e-005 -3.32633e-005 1.04134 1.04134
3.74 -30.6239 2.23793e-005 -8.08707e-006 1.04135 1.04135
3.75 -30.5296 -1.66658e-005 1.89668e-005 1.05461 1.05461
3.76 -30.4463 6.81237e-006 -7.84602e-006 1.07771 1.07771
3.77 -30.3803 -2.7959e-006 3.23667e-006 1.10072 1.10072
3.78 -30.3353 1.36614e-006 -1.06355e-006 1.11207 1.11207
3.79 -30.3113 -5.32233e-007 4.07144e-007 1.10445 1.10445
3.8 -30.3047 6.54656e-007 -1.00341e-006 1.07819 1.07819
3.81 -30.3108 -2.69428e-007 4.13744e-007 1.04145 1.04145
3.82 -30.3256 1.18917e-005 -1.16411e-005 1.00755 1.00755
3.83 -30.3476 7.7275e-006 -1.01902e-005 0.988978 0.988978
3.84 -30.3763 -3.18497e-006 4.19733e-006 0.99206 0.99206
3.85 -30.4094 6.13661e-006 -1.61847e-005 1.01371 1.01371
3.86 -30.4435 -8.16707e-006 9.88612e-006 1.04285 1.04285
3.87 -30.4783 -9.71036e-006 -1.33793e-006 1.06892 1.06892
3.88 -30.5153 1.77792e-006 -1.04631e-005 1.0879 1.0879
3.89 -30.5546 -1.31009e-005 2.035e-005 1.09864 1.09864
3.9 -30.5931 5.22247e-006 -1.17586e-005 1.09824 1.09824
3.91 -30.6244 -4.1928e-006 -9.18205e-006 1.0849 1.0849
3.92 -30.6418 -1.04671e-005 -8.2423e-009 1.06187 1.06187
3.93 -30.6422 1.44169e-006 -1.48829e-005 1.0358 1.0358
3.94 -30.6281 -7.97892e-006 -4.0695e-006 1.01194 1.01194
3.95 -30.607 9.06266e-006 8.79753e-006 0.992079 0.992079
3.96 -30.5894 -4.47229e-005 -9.77412e-005 0.97815 0.97815
3.97 -30.5872 -2.76109e-005 -6.01918e-005 0.974903 0.974903
3.98 -30.612 1.20265e-005 2.51958e-005 0.985979 0.985979
3.99 -30.6738 -6.64346e-006 -1.02556e-005 1.00965 1.00965
4 -30.7764 2.76974e-006 4.25876e-006 1.04061 1.04061
4.01 -30.9134 -2.3684e-006 -1.86774e-006 1.07338 1.07338
4.02 -31.0702 1.81594e-006 1.91705e-006 1.10119 1.10119
4.03 -31.2276 -5.87536e-007 -4.16137e-007 1.11449 1.11449
4.04 -31.3631 9.81476e-007 8.43721e-007 1.1054 1.1054
4.05 -31.4555 1.26657e-007 1.90799e-007 1.07483 1.07483
4.06 -31.4929 4.40461e-008 -3.41972e-007 1.03376 1.03376
4.07 -31.4759 3.67486e-007 6.38884e-007 0.997624 0.997624
4.08 -31.4153 2.31152e-007 1.70596e-007 0.980046 0.980046
4.09 -31.3288 2.93536e-007 9.16574e-007 0.988922 0.988922
4.1 -31.2396 1.93812e-006 1.5993e-006 1.02258 1.02258
4.11 -31.1708 -3.27198e-007 -5.39379e-007 1.06752 1.06752
4.12 -31.1395 2.06097e-006 2.58594e-006 1.10248 1.10248
4.13 -31.1545 5.63053e-006 6.44041e-006 1.10916 1.10916
4.14 -31.2143 2.30687e-005 2.1062e-005 1.08267 1.08267
4.15 -31.3051 -5.44534e-006 -4.04795e-006 1.03514 1.03514
4.16 -31.404 6.28441e-006 6.46474e-007 0.990003 0.990003
4.17 -31.4859 6.69457e-006 4.19957e-006 0.96995 0.96995
4.18 -31.5294 -1.2793e-005 -1.81939e-005 0.986572 0.986572
4.19 -31.5231 -5.16265e-006 -1.3225e-005 1.03698 1.03698
4.2 -31.4672 2.69569e-007 6.22077e-007 1.10524 1.10524
4.21 -31.3717 6.38313e-007 -3.28302e-006 1.16682 1.16682
4.22 -31.2547 -5.3056e-007 2.24851e-006 1.1966 1.1966
4.23 -31.138 -1.99462e-007 -1.88912e-006 1.17956 1.17956
4.24 -31.0421 3.73087e-005 7.15578e-005 1.11897 1.11897
4.25 -30.984 -1.5254e-005 -2.8601e-005 1.03593 1.03593
4.26 -30.9751 3.37835e-005 6.61722e-005 0.960066 0.960066
4.27 -31.0159 5.20292e-007 7.2589e-006 0.916771 0.916771
4.28 -31.0958 6.9156e-007 -4.14398e-006 0.918819 0.918819
4.29 -31.1988 5.90949e-007 1.0037e-006 0.96363 0.96363
4.3 -31.3041 -2.75449e-007 -4.5015e-007 1.03477 1.03477
4.31 -31.3886 5.24151e-006 -5.42844e-006 1.10772 1.10772
4.32 -31.4337 7.29187e-007 -2.1728e-006 1.15864 1.15864
4.33 -31.4312 -7.27173e-008 6.84114e-007 1.1729 1.1729
4.34 -31.3836 -4.63628e-007 -2.47478e-006 1.14911 1.14911
4.35 -31.3034 -4.90685e-006 -1.46366e-007 1.09923 1.09923
4.36 -31.2092 -1.91338e-006 2.27185e-006 1.04358 1.04358
4.37 -31.12 -2.08657e-006 -4.17153e-006 1.00116 1.00116
4.38 -31.0505 -5.87314e-006 7.83326e-006 0.982557 0.982557
4.39 -31.0088 3.79368e-006 -1.47714e-005 0.988694 0.988694
4.4 -30.9957 -6.24178e-006 1.07648e-005 1.01218 1.01218
4.41 -31.0058 3.40246e-006 -1.07671e-005 1.04017 1.04017
4.42 -31.03 -4.52196e-006 1.20911e-005 1.05831 1.05831
4.43 -31.0569 6.91321e-007 -1.10723e-005 1.05657 1.05657
4.44 -31.0785 -2.089e-007 4.48283e-006 1.03619 1.03619
4.45 -31.092 -8.2011e-008 -1.64315e-006 1.01052 1.01052
4.46 -31.0968 -8.80537e-007 -3.21022e-006 0.997654 0.997654
4.47 -31.0926 5.82031e-008 6.10526e-007 1.01024 1.01024
4.48 -31.0811 -2.39796e-008 -2.51535e-007 1.04772 1.04772
4.49 -31.0677 -4.7031e-006 5.0807e-006 1.09537 1.09537
4.5 -31.0573 1.94729e-006 -2.09068e-006 1.13167 1.13167
4.51 -31.0531 -7.76885e-007 8.28775e-007 1.13854 1.13854
4.52 -31.0565 4.73574e-007 -4.08084e-007 1.10808 1.10808
4.53 -31.0676 -3.3134e-007 5.01109e-007 1.04614 1.04614
4.54 -31.0846 3.34901e-007 -1.56784e-007 0.973 0.973
4.55 -31.1071 4.26067e-007 2.36436e-007 0.917127 0.917127
4.56 -31.1342 -1.04662e-007 -1.369e-007 0.901464 0.901464
4.57 -31.1628 1.91241e-007 -1.16381e-006 0.93202 0.93202
4.58 -31.1903 7.0501e-008 2.35772e-006 0.997053 0.997053
4.59 -31.2171 2.05823e-007 -1.06381e-006 1.07422 1.07422
4.6 -31.2457 1.69413e-007 4.18568e-007 1.13903 1.13903
4.61 -31.2763 1.02142e-006 9.39998e-007 1.17263 1.17263
4.62 -31.3052 -1.68665e-007 -5.39115e-007 1.16906 1.16906
4.63 -31.328 2.68522e-007 2.98617e-007 1.13649 1.13649
4.64 -31.3447 3.69818e-007 -4.30413e-007 1.08941 1.08941
4.65 -31.3584 1.19472e-007 7.45546e-008 1.04014 1.04014
4.66 -31.3701 1.85834e-006 3.64413e-006 0.997352 0.997352
4.67 -31.3769 -7.39693e-007 -1.23191e-006 0.969997 0.969997
4.68 -31.376 3.05793e-007 5.07936e-007 0.967218 0.967218
4.69 -31.3671 -1.07207e-007 -2.48677e-008 0.99171 0.99171
4.7 -31.3532 1.37906e-007 5.74507e-007 1.03502 1.03502
4.71 -31.3391 -3.7053e-008 -2.40362e-007 1.081 1.081
4.72 -31.3279 2.1934e-007 -2.18287e-007 1.11425 1.11425
4.73 -31.3187 -8.45669e-008 4.03345e-008 1.12646 1.12646
4.74 -31.3083 1.19058e-007 1.135e-008 1.11717 1.11717
4.75 -31.2956 -9.21389e-007 -3.01618e-007 1.09156 1.09156
4.76 -31.2815 -1.43759e-006 1.33972e-006 1.05876 1.05876
4.77 -31.2692 1.69923e-006 -3.32653e-006 1.02982 1.02982
4.78 -31.2618 -3.41835e-006 2.99693e-006 1.01388 1.01388
4.79 -31.2586 1.16512e-006 -4.10326e-006 1.01472 1.01472
4.8 -31.2558 -4.15978e-006 5.20657e-006 1.03028 1.03028
4.81 -31.2499 1.69737e-006 -9.4459e-006 1.05324 1.05324
4.82 -31.2373 -2.58609e-006 6.62115e-006 1.0722 1.0722
4.83 -31.2146 1.0636e-006 -2.72941e-006 1.07649 1.07649
4.84 -31.186 -2.11698e-006 2.34129e-006 1.06276 1.06276
4.85 -31.1608 1.14422e-007 -5.3059e-006 1.03736 1.03736
4.86 -31.1419 -1.79676e-006 1.85556e-006 1.01256 1.01256
4.87 -31.1217 6.97568e-007 -8.08609e-007 1.00004 1.00004
4.88 -31.0918 -2.53722e-008 2.44801e-007 1.0052 1.0052
4.89 -31.0521 -4.10825e-006 -1.2871e-005 1.02459 1.02459
4.9 -31.007 1.57699e-006 4.81238e-006 1.04843 1.04843
4.91 -30.9592 -6.3142e-007 -2.00576e-006 1.06711 1.06711
4.92 -30.9068 2.14434e-007 7.86372e-007 1.07529 1.07529
4.93 -30.8478 -1.0553e-007 -3.37554e-007 1.07114 1.07114
4.94 -30.7813 -1.02918e-006 -8.44222e-006 1.0563 1.0563
4.95 -30.7061 4.35999e-007 3.39432e-006 1.03824 1.03824
4.96 -30.6215 -1.55865e-006 8.75181e-006 1.02818 1.02818
4.97 -30.532 -9.56536e-007 -5.76434e-006 1.0323 1.0323
4.98 -30.4437 8.73154e-006 7.96255e-006 1.04551 1.04551
4.99 -30.3577 5.06552e-006 9.31532e-006 1.05583 1.05583
5 -30.2699 -6.51388e-006 -2.29319e-005 1.05337 1.05337
5.01 -30.1793 7.14192e-006 1.36555e-005 1.03493 1.03493
5.02 -30.0905 -2.39628e-005 -2.57993e-005 1.00564 1.00564
5.03 -30.0103 1.59897e-005 1.56621e-005 0.980134 0.980134
5.04 -29.9453 -5.54572e-006 -3.90028e-006 0.977042 0.977042
5.05 -29.8992 -8.09107e-008 -3.60326e-006 1.00555 1.00555
5.06 -29.869 -4.30689e-006 -6.94901e-006 1.05695 1.05695
5.07 -29.846 5.22103e-006 6.45449e-006 1.11028 1.11028
5.08 -29.8233 2.0502e-006 2.3714e-006 1.14387 1.14387
5.09 -29.7976 1.3597e-005 1.02254e-006 1.14342 1.14342
5.1 -29.766 2.99531e-006 -1.76907e-006 1.10767 1.10767
5.11 -29.7279 -2.54552e-006 2.08621e-007 1.05089 1.05089
5.12 -29.6894 7.95602e-006 1.00107e-005 0.997124 0.997124
5.13 -29.6603 -3.96117e-005 -2.23602e-005 0.968324 0.968324
5.14 -29.6458 -2.48013e-005 -1.26421e-005 0.975369 0.975369
5.15 -29.6477 9.95738e-006 5.46648e-006 1.01535 1.01535
5.16 -29.6689 -4.07193e-006 -2.29021e-006 1.07184 1.07184
5.17 -29.7096 1.67763e-006 9.43561e-007 1.11869 1.11869
5.18 -29.7632 -6.59235e-007 -2.6745e-007 1.13151 1.13151
5.19 -29.8205 2.71602e-007 1.10185e-007 1.10223 1.10223
5.2 -29.8769 -6.06054e-008 -6.76896e-007 1.04437 1.04437
5.21 -29.9365 2.49693e-008 2.78879e-007 0.985495 0.985495
5.22 -30.0085 8.17703e-006 1.82455e-005 0.955078 0.955078
5.23 -30.1051 3.56289e-006 3.33246e-006 0.972665 0.972665
5.24 -30.2402 -5.99519e-006 5.03179e-006 1.03589 1.03589
5.25 -30.4242 6.51474e-006 1.3689e-006 1.11607 1.11607
5.26 -30.6606 1.10688e-006 5.96021e-006 1.17075 1.17075
5.27 -30.9477 5.81444e-006 4.31388e-006 1.16692 1.16692
5.28 -31.2773 3.80322e-006 6.7744e-006 1.09845 1.09845
5.29 -31.6316 5.50179e-005 4.92016e-005 0.988618 0.988618
5.3 -31.9886 0.000126598 9.50345e-005 0.878935 0.878935
5.31 -32.3301 0.000123425 0.000159038 0.811983 0.811983
5.32 -32.6419 6.043e-005 8.18908e-005 0.816008 0.816008
5.33 -32.9164 0.000425499 0.000196764 0.89316 0.89316
5.34 -33.1546 0.000279034 0.000163017 1.01625 1.01625
5.35 -33.3674 0.000230438 8.46427e-005 1.13771 1.13771
5.36 -33.5729 0.000144033 0.00040304 1.20597 1.20597
5.37 -33.7851 0.000246971 0.000190284 1.18407 1.18407
5.38 -34.0032 0.000144627 0.000110316 1.06621 1.06621
5.39 -34.2172 0.000124947 0.00030879 0.883903 0.883903
5.4 -34.4188 0.000159585 -4.50208e-005 0.694725 0.694725
5.41 -34.6003 4.74101e-005 8.09628e-005 0.55724 0.55724
5.42 -34.7489 3.88329e-005 -5.60425e-005 0.511168 0.511168
5.43 -34.8438 -9.47487e-007 9.25587e-005 0.568836 0.568836
5.44 -34.8616 0.000121362 0.000121229 0.709954 0.709954
5.45 -34.7897 6.0978e-005 0.000152963 0.888035 0.888035
5.46 -34.6319 -3.71606e-006 -4.18738e-005 1.0474 1.0474
5.47 -34.4013 8.13585e-006 9.83537e-006 1.1411 1.1411
5.48 -34.1154 -1.83524e-006 -5.67262e-006 1.14474 1.14474
5.49 -33.7929 5.69736e-007 2.63642e-006 1.06179 1.06179
5.5 -33.4498 -3.16349e-007 -3.84705e-007 0.921977 0.921977
5.51 -33.0927 4.93272e-007 7.80406e-007 0.772047 0.772047
5.52 -32.7228 2.82634e-007 -8.0373e-007 0.659171 0.659171
5.53 -32.3394 5.65141e-007 -3.32976e-006 0.612985 0.612985
5.54 -31.9374 1.71138e-006 -2.90551e-006 0.635445 0.635445
5.55 -31.5064 -2.31065e-007 -4.01744e-006 0.706563 0.706563
5.56 -31.0345 -4.881e-006 -1.07142e-005 0.797825 0.797825
5.57 -30.5124 -1.94089e-006 -1.44542e-005 0.878799 0.878799
5.58 -29.9391 5.10787e-005 -1.46639e-005 0.927077 0.927077
5.59 -29.3237 -0.00131738 -0.0020068 0.939277 0.939277
5.6 -28.6848 -0.00279552 -0.00293495 0.92295 0.92295
5.61 -28.0382 -0.000369322 6.28557e-005 0.887444 0.887444
5.62 -27.4042 -0.000934115 -0.000376171 0.843956 0.843956
5.63 -26.8076 -7.79785e-005 -0.000689089 0.80553 0.80553
5.64 -26.2763 -0.00409537 -0.00230793 0.781522 0.781522
5.65 -25.8318 -0.00171107 -0.00133075 0.771546 0.771546
5.66 -25.4819 0.000561816 0.000223528 0.774737 0.774737
5.67 -25.223 -0.000281804 -0.000720608 0.794791 0.794791
5.68 -25.0495 1.46001e-005 -6.66406e-005 0.8304 0.8304
5.69 -24.9566 -0.000132207 -5.48777e-005 0.870148 0.870148
5.7 -24.9408 0.000117541 2.87947e-005 0.899299 0.899299
5.71 -24.9975 -0.000261599 -0.000130449 0.910575 0.910575
5.72 -25.1234 -0.000595692 -0.000814965 0.905723 0.905723
5.73 -25.323 -4.0344e-005 -0.000321622 0.890464 0.890464
5.74 -25.6101 7.27203e-005 -2.66833e-005 0.871668 0.871668
5.75 -26.0057 1.8583e-005 -5.40829e-005 0.854843 0.854843
5.76 -26.5285 3.23263e-006 2.22218e-005 0.841843 0.841843
5.77 -27.1856 6.84829e-005 2.79703e-006 0.832543 0.832543
5.78 -27.9706 0.000153568 -5.68415e-005 0.827993 0.827993
5.79 -28.8594 0.000300565 2.80575e-005 0.830571 0.830571
5.8 -29.8079 0.000424102 0.000261634 0.840226 0.840226
5.81 -30.7598 0.000910324 0.000138875 0.853002 0.853002
5.82 -31.6655 0.000883519 0.000718132 0.862758 0.862758
5.83 -32.4964 -0.0032245 -0.00362304 0.86186 0.86186
5.84 -33.2413 0.00729725 0.00509841 0.852745 0.852745
5.85 -33.9045 0.00766597 0.00598235 0.856055 0.856055
5.86 -34.4964 -0.000615541 -0.00176832 0.889001 0.889001
5.87 -35.0394 0.00270819 0.000384173 0.946519 0.946519
5.88 -35.561 0.00127078 -0.000218275 0.997481 0.997481
5.89 -36.0802 0.00158897 0.00153878 0.996952 0.996952
5.9 -36.6035 0.00052237 0.000521813 0.922058 0.922058
5.91 -37.1232 5.54013e-005 -0.00240803 0.784611 0.784611
5.92 -37.6177 -9.30882e-005 -0.00134501 0.619184 0.619184
5.93 -38.059 0.000220134 0.000554225 0.474403 0.474403
5.94 -38.4214 1.20787e-005 -0.000111194 0.395934 0.395934
5.95 -38.6843 1.02633e-005 0.000365264 0.403327 0.403327
5.96 -38.8296 0.000123817 0.000260155 0.483044 0.483044
5.97 -38.8461 0.000333064 0.000318794 0.598157 0.598157
5.98 -38.7342 0.000490859 0.000371534 0.699341 0.699341
5.99 -38.5003 0.000742058 0.000481574 0.739517 0.739517
6 -38.1454 0.0002935 0.00126759 0.694964 0.694964
6.01 -37.6577 0.000365671 0.000174116 0.580628 0.580628
6.02 -37.0204 -0.000419348 0.00074147 0.442681 0.442681
6.03 -36.2216 -0.00128587 0.00176047 0.329876 0.329876
6.04 -35.2562 -0.00288151 0.00266803 0.26871 0.26871
6.05 -34.1273 0.0140242 -0.0128824 0.255096 0.255096
6.06 -32.8564 0.00644092 -0.00689081 0.270606 0.270606
6.07 -31.4734 -0.00752004 0.00430866 0.299815 0.299815
6.08 -30.0236 -0.00355786 -0.00229584 0.324273 0.324273
6.09 -28.5652 -0.00648855 -0.00271011 0.336916 0.336916
6.1 -27.1484 -0.000225157 -0.00157943 0.36256 0.36256
6.11 -25.8212 0.00345477 0.00386844 0.430079 0.430079
6.12 -24.6268 -0.00410536 -0.00267483 0.528528 0.528528
6.13 -23.5962 -0.00181458 -0.00178819 0.612184 0.612184
6.14 -22.7505 -0.00271881 -0.00107708 0.632375 0.632375
6.15 -22.111 -0.00192417 -0.00139751 0.559438 0.559438
6.16 -21.6972 -0.00066689 0.000907816 0.404178 0.404178
6.17 -21.5266 -0.00254157 -0.00144777 0.209458 0.209458
6.18 -21.6147 -0.00198382 -0.00192063 0.0287032 0.0287032
6.19 -21.9694 -0.000539415 -0.000452228 -0.0801989 -0.0801989
6.2 -22.588 0.000297388 -0.000794887 -0.0720895 -0.0720895
6.21 -23.4572 0.000691185 -0.000952743 0.0544446 0.0544446
6.22 -24.559 0.00305039 -0.00276245 0.245286 0.245286
6.23 -25.867 0.00165903 -0.000400665 0.41715 0.41715
6.24 -27.3446 0.002616 -0.000156823 0.499685 0.499685
6.25 -28.9355 0.015163 -0.00569629 0.469055 0.469055
6.26 -30.5762 -0.00629278 -0.0147565 0.349745 0.349745
6.27 -32.1959 -0.0074516 -0.00496617 0.198753 0.198753
6.28 -33.7137 0.00631532 -0.00448219 0.0957672 0.0957672
6.29 -35.0725 -0.00182221 -0.00341898 0.10557 0.10557
6.3 -36.2592 0.00407344 0.00162585 0.22671 0.22671
6.31 -37.279 0.00230037 -0.000522311 0.39672 0.39672
6.32 -38.136 0.00276193 0.00141786 0.550337 0.550337
6.33 -38.8214 0.00141974 0.000280375 0.644375 0.644375
6.34 -39.3143 0.00330566 0.0013303 0.649716 0.649716
6.35 -39.5869 0.00369098 -0.00140946 0.575186 0.575186
6.36 -39.613 0.00803318 0.00113095 0.476595 0.476595
6.37 -39.3917 0.00232228 0.00195326 0.411687 0.411687
6.38 -38.936 -0.000949681 -0.000795745 0.400989 0.400989
6.39 -38.2713 0.000401405 0.000331533 0.438954 0.438954
6.4 -37.4185 -0.000155502 -0.000134156 0.52081 0.52081
6.41 -36.4027 6.75775e-005 5.15713e-005 0.635306 0.635306
6.42 -35.2786 -2.95566e-005 -4.43946e-005 0.74323 0.74323
6.43 -34.119 1.45251e-005 -6.00824e-006 0.789098 0.789098
6.44 -32.9971 1.81618e-006 -3.3446e-007 0.737246 0.737246
6.45 -31.9771 1.04895e-006 -1.41415e-006 0.592746 0.592746
6.46 -31.1085 7.77605e-006 -1.51233e-005 0.393199 0.393199
6.47 -30.4153 6.52039e-005 1.76874e-005 0.198206 0.198206
6.48 -29.8886 1.967e-005 -0.00016817 0.0709774 0.0709774
6.49 -29.4946 -0.000727836 -7.33972e-005 0.0547306 0.0547306
6.5 -29.1904 -0.000689043 0.000425342 0.167456 0.167456
6.51 -28.9332 -0.0337417 0.0135925 0.3742 0.3742
6.52 -28.6648 0.0195781 -0.0201316 0.578399 0.578399
6.53 -28.3344 0.0487174 -0.00485159 0.715583 0.715583
6.54 -27.9031 -0.0290618 0.0093898 0.800808 0.800808
6.55 -27.3261 0.0122247 -0.00400542 0.834135 0.834135
6.56 -26.6196 -0.0041607 0.00173073 0.779583 0.779583
6.57 -25.824 0.00397899 -0.00215092 0.647378 0.647378
6.58 -25.0093 -0.00252586 0.00255714 0.501356 0.501356
6.59 -24.2614 -0.000808686 0.00356772 0.396034 0.396034
6.6 -23.6589 0.000633371 -3.97139e-005 0.351021 0.351021
6.61 -23.2596 -0.00143453 0.00116202 0.371687 0.371687
6.62 -23.0968 -0.000748483 0.000688355 0.456066 0.456066
6.63 -23.1652 0.000352113 -0.000251884 0.577336 0.577336
6.64 -23.4271 0.000157912 0.000490219 0.679001 0.679001
6.65 -23.8233 0.000189195 5.82321e-005 0.712075 0.712075
6.66 -24.2844 8.80169e-005 9.52291e-006 0.675094 0.675094
6.67 -24.7466 -0.000162317 -3.29352e-005 0.607194 0.607194
6.68 -25.171 -5.37328e-006 -3.23047e-006 0.550506 0.550506
6.69 -25.5577 5.17573e-005 -0.000500317 0.526847 0.526847
6.7 -25.9471 0.000350806 -0.000726235 0.540597 0.540597
6.71 -26.4084 0.00395201 -0.00435131 0.584925 0.584925
6.72 -27.016 -0.00353647 0.00564228 0.643183 0.643183
6.73 -27.8318 -0.00720562 0.00801854 0.683342 0.683342
6.74 -28.8939 0.00362395 -0.000280802 0.663979 0.663979
6.75 -30.1988 0.00256497 0.00105588 0.571907 0.571907
6.76 -31.7005 -0.00411527 -0.00320123 0.412923 0.412923
6.77 -33.3245 -0.00170052 -0.0018591 0.218602 0.218602
6.78 -34.9808 0.000568127 0.00115501 0.0972077 0.0972077
6.79 -36.5698 0.00160055 -0.00463726 0.139512 0.139512
6.8 -37.9966 0.0198818 -0.0182691 0.344172 0.344172
6.81 -39.1935 0.0256104 -0.0144733 0.69427 0.69427
6.82 -40.1063 0.0594659 -0.0432034 1.1582 1.1582
6.83 -40.7175 0.0445022 -0.022866 1.62548 1.62548
6.84 -41.0422 0.0389798 -0.0206121 1.95385 1.95385
6.85 -41.0907 0.0293031 -0.0225232 2.08317 2.08317
6.86 -40.8942 -0.00427059 0.00252385 2.03341 2.03341
6.87 -40.4948 0.0267194 -0.0107163 1.83934 1.83934
6.88 -39.9246 0.0183242 -0.0123183 1.56992 1.56992
6.89 -39.2038 -0.00692551 0.00401453 1.3311 1.3311
6.9 -38.3473 0.00288892 -0.00195063 1.21209 1.21209
6.91 -37.367 -0.00114633 0.000558884 1.23305 1.23305
6.92 -36.2803 0.000487304 -0.000210326 1.34002 1.34002
6.93 -35.0952 -0.000287604 -0.000144004 1.48072 1.48072
6.94 -33.8023 -9.49701e-005 -0.000524696 1.62376 1.62376
6.95 -32.3839 2.39432e-006 0.000144689 1.70825 1.70825
6.96 -30.8352 -0.0015984 -0.00241661 1.65841 1.65841
6.97 -29.1713 -0.0117991 -0.0106572 1.45456 1.45456
6.98 -27.4193 -0.0158695 -0.00434494 1.17659 1.17659
6.99 -25.6132 -0.0391707 -0.00319707 0.938796 0.938796
7 -23.8055 0.0136526 0.00341643 0.749621 0.749621
7.01 -22.065 0.039694 -0.0249969 0.566979 0.566979
7.02 -20.5076 -0.0143281 -0.0213568 0.451083 0.451083
7.03 -19.229 0.000871103 -0.0112604 0.464805 0.464805
7.04 -18.301 -0.0151087 0.013859 0.559131 0.559131
7.05 -17.7243 0.00232558 -0.00500081 0.659954 0.659954
7.06 -17.487 -0.00618195 0.00622655 0.754762 0.754762
7.07 -17.5524 -0.0032147 0.00218381 0.846189 0.846189
7.08 -17.8704 -0.00384608 0.00542608 0.9057 0.9057
7.09 -18.386 -0.00324447 -0.00218189 0.915536 0.915536
7.1 -19.0407 -0.00482473 0.000557669 0.909819 0.909819
7.11 -19.7945 -0.00230535 0.00102044 0.987005 0.987005
7.12 -20.6287 -0.0069853 0.0060761 1.22637 1.22637
7.13 -21.5414 -0.00380404 0.00244414 1.58008 1.58008
7.14 -22.5452 -0.00535157 0.00582892 1.93758 1.93758
7.15 -23.6464 -0.0025937 0.00325362 2.2379 2.2379
7.16 -24.841 -0.0028946 -0.00980169 2.44259 2.44259
7.17 -26.1174 -0.00263197 -0.00517835 2.4912 2.4912
7.18 -27.447 0.0024188 0.00476074 2.35222 2.35222
7.19 -28.7979 -0.000752812 -0.000189306 2.07435 2.07435
7.2 -30.1465 0.00572113 0.00671978 1.75096 1.75096
7.21 -31.4745 0.00547454 0.00344197 1.46018 1.46018
7.22 -32.7899 0.0052352 0.00305404 1.24495 1.24495
7.23 -34.1279 0.00571856 0.00176941 1.11448 1.11448
7.24 -35.5321 0.0083772 -0.000218605 1.06761 1.06761
7.25 -37.0371 0.0207785 -0.00386239 1.07897 1.07897
7.26 -38.6556 0.0381188 -0.0237706 1.09157 1.09157
7.27 -40.3683 0.0332763 -0.0263856 1.07825 1.07825
7.28 -42.1209 0.00173683 0.00409263 1.02054 1.02054
7.29 -43.8422 0.00753965 0.00757328 0.88083 0.88083
7.3 -45.4171 0.0312063 0.0221111 0.667373 0.667373
7.31 -46.7412 0.0650409 0.0283907 0.419703 0.419703
7.32 -47.7114 0.0572651 0.00587328 0.129347 0.129347
7.33 -48.3028 0.121737 -0.000301271 -0.225649 -0.225649
7.34 -48.5239 0.412612 -0.158392 -0.453608 -0.453608
7.35 -48.2776 0.30391 -0.209657 -0.0810648 -0.0810648
7.36 -47.6134 0.0825357 -0.0257137 1.04997 1.04997
7.37 -46.6002 0.108692 0.00388522 2.43825 2.43825
7.38 -45.2538 0.0435491 -0.0128857 3.6555 3.6555
7.39 -43.6481 0.0553779 -0.0340308 4.70176 4.70176
7.4 -41.8133 0.032821 -0.0324382 5.42654 5.42654
7.41 -39.7916 0.00554304 -0.0114346 5.41311 5.41311
7.42 -37.6369 -0.000448305 -0.00591756 4.56254 4.56254
7.43 -35.3932 0.000747949 0.00232012 3.33993 3.33993
7.44 -33.0932 -0.00609341 -0.0118984 2.36005 2.36005
7.45 -30.7363 -0.0119186 -0.0131466 1.95871 1.95871
7.46 -28.32 0.00611804 0.00522843 2.14685 2.14685
7.47 -25.8385 -0.0183203 -0.0148901 2.70572 2.70572
7.48 -23.3372 -0.00867056 -0.0114097 3.25105 3.25105
7.49 -20.8665 0.0734788 0.0166747 3.35393 3.35393
7.5 -18.4957 0.0874713 -0.0075551 2.75494 2.75494
7.51 -16.3078 0.046839 -0.0611045 1.46297 1.46297
7.52 -14.3695 0.0477487 -0.0883536 -0.365422 -0.365422
7.53 -12.796 -0.00970936 -0.14047 -2.40473 -2.40473
7.54 -11.6531 -0.0857629 -0.0648434 -4.13581 -4.13581
7.55 -10.9641 0.0327962 -0.0351779 -5.17047 -5.17047
7.56 -10.7464 -0.0439953 -0.0354736 -5.43202 -5.43202
7.57 -10.8823 -0.0345676 0.0170422 -5.09501 -5.09501
7.58 -11.2728 -0.00494576 -0.0410756 -4.49482 -4.49482
7.59 -11.8576 -0.0245536 -0.0277847 -3.93317 -3.93317
7.6 -12.6018 -0.0900512 -0.0630045 -3.60919 -3.60919
7.61 -13.4841 -0.0359746 -0.00671336 -3.63432 -3.63432
7.62 -14.517 -0.000641423 0.0122101 -3.92262 -3.92262
7.63 -15.7089 0.00305649 -0.0128245 -4.17004 -4.17004
7.64 -17.1107 0.00244691 -0.00467941 -4.07017 -4.07017
7.65 -18.7786 -0.00109125 0.00223285 -3.51598 -3.51598
7.66 -20.7589 -0.000170731 0.00374302 -2.60028 -2.60028
7.67 -23.0693 0.000372443 -0.00457488 -1.51673 -1.51673
7.68 -25.6792 0.000484423 0.00326467 -0.48987 -0.48987
7.69 -28.5054 -0.00931479 -0.00360365 0.26513 0.26513
7.7 -31.4281 -0.0733933 -0.0836028 0.624967 0.624967
7.71 -34.3359 -0.0340087 -0.0389223 0.607238 0.607238
7.72 -37.1913 0.0337029 0.0105845 0.305924 0.305924
7.73 -39.8945 0.0498439 0.0171539 -0.190236 -0.190236
7.74 -42.4138 0.0353174 0.00763205 -0.761483 -0.761483
7.75 -44.7248 0.0184288 0.00556126 -1.27963 -1.27963
7.76 -46.8337 0.134258 0.122973 -1.94251 -1.94251
7.77 -48.7647 0.285389 0.286176 -3.31716 -3.31716
7.78 -50.4948 0.266041 0.211527 -5.64173 -5.64173
7.79 -51.9954 0.174113 0.130617 -8.4342 -8.4342
7.8 -53.2313 0.0795399 0.0375322 -10.9364 -10.9364
7.81 -54.1656 0.0780002 0.0314661 -12.625 -12.625
7.82 -54.7209 0.00630645 0.00724256 -13.2625 -13.2625
7.83 -54.8902 0.106462 0.107789 -12.6863 -12.6863
7.84 -54.6392 0.018597 0.0165352 -10.9757 -10.9757
7.85 -54.025 -0.00429169 -0.0131736 -8.68224 -8.68224
7.86 -53.097 0.00568237 -0.00169407 -6.5719 -6.5719
7.87 -51.9256 -0.000718061 0.00499266 -5.24567 -5.24567
7.88 -50.5893 0.0100734 0.00107983 -4.8883 -4.8883
7.89 -49.1315 0.0107233 0.0055957 -5.26475 -5.26475
7.9 -47.579 0.00875876 0.00556074 -5.89147 -5.89147
7.91 -45.9049 -0.00204177 -0.00576656 -6.17017 -6.17017
7.92 -44.054 0.00229392 -0.00316672 -5.64021 -5.64021
7.93 -41.9752 -0.00119501 0.000600577 -4.24425 -4.24425
7.94 -39.6296 0.000334194 -0.00267589 -2.30194 -2.30194
7.95 -37.003 -0.00538857 -0.00304905 -0.297395 -0.297395
7.96 -34.1111 0.0124461 0.0262075 1.28529 1.28529
7.97 -31.0163 0.0436253 0.0685191 2.14026 2.14026
7.98 -27.7585 0.0870338 0.0735127 2.20526 2.20526
7.99 -24.4513 0.0777776 0.0452892 1.45765 1.45765
8 -21.2509 0.100826 0.0401938 -0.00838726 -0.00838726
8.01 -18.2313 0.0903933 0.0117921 -1.78908 -1.78908
8.02 -15.4619 0.00540596 -0.0860596 -3.50422 -3.50422
8.03 -12.9597 -0.154357 -0.20375 -5.19949 -5.19949
8.04 -10.7572 -0.397343 -0.53336 -7.20026 -7.20026
8.05 -8.8328 -0.42013 -0.405092 -9.52664 -9.52664
8.06 -7.2157 -0.283661 -0.169504 -11.8065 -11.8065
8.07 -5.91358 -0.139995 -0.114594 -13.7303 -13.7303
8.08 -4.96116 -0.18193 -0.0198351 -15.0853 -15.0853
8.09 -4.32481 -0.0264218 -0.0410332 -15.6017 -15.6017
8.1 -4.04351 -0.100108 -0.0311085 -15.0154 -15.0154
8.11 -4.08784 -0.108332 -0.0685679 -13.398 -13.398
8.12 -4.48991 -0.131127 -0.102428 -11.3309 -11.3309
8.13 -5.25595 -0.0941864 0.00337666 -9.45721 -9.45721
8.14 -6.39378 -0.0311855 -0.00247553 -8.16574 -8.16574
8.15 -7.9166 -0.0151557 0.00453561 -7.66996 -7.66996
8.16 -9.81767 -0.00457913 0.010748 -7.94614 -7.94614
8.17 -12.07 -0.00540002 0.00394162 -8.60795 -8.60795
8.18 -14.654 -8.74726e-005 0.00438486 -9.05745 -9.05745
8.19 -17.5247 -0.000713856 0.00305055 -8.83624 -8.83624
8.2 -20.6271 0.00225809 -0.0175807 -7.83686 -7.83686
8.21 -23.903 0.00144811 -0.00654445 -6.23789 -6.23789
8.22 -27.2831 -0.016844 -0.046329 -4.40587 -4.40587
8.23 -30.7343 -0.143021 -0.191566 -2.86529 -2.86529
8.24 -34.0217 -0.251274 -0.158862 -2.0653 -2.0653
8.25 -37.1537 0.0328932 0.0608194 -2.29431 -2.29431
8.26 -40.1762 -0.0125415 -0.0288672 -3.68984 -3.68984
8.27 -42.9513 0.0293344 0.00233085 -5.92382 -5.92382
8.28 -45.4779 0.00530087 -0.00606749 -8.33143 -8.33143
8.29 -47.7275 0.000571587 0.00251391 -10.3974 -10.3974
8.3 -49.7194 0.00843894 0.00456301 -11.8433 -11.8433
8.31 -51.443 0.0281653 0.0719233 -12.5113 -12.5113
8.32 -52.9043 0.207876 0.323609 -12.5361 -12.5361
8.33 -54.0387 0.251329 0.259071 -12.3988 -12.3988
8.34 -54.8758 0.0998131 0.0762973 -12.4824 -12.4824
8.35 -55.4332 0.0244327 0.024672 -12.8788 -12.8788
8.36 -55.6764 -0.00235265 -0.000434304 -13.5338 -13.5338
8.37 -55.5951 0.187715 0.237389 -14.2636 -14.2636
8.38 -55.0912 0.0806366 0.102336 -14.7244 -14.7244
8.39 -54.1885 -0.0332738 -0.0423117 -14.5675 -14.5675
8.4 -52.9154 0.0136437 0.0174964 -13.6861 -13.6861
8.41 -51.2645 -0.00609502 -0.00673509 -12.3042 -12.3042
8.42 -49.2802 0.00699839 0.000169041 -10.8092 -10.8092
8.43 -47.0039 0.00625538 -0.00545337 -9.51331 -9.51331
8.44 -44.5031 0.00478952 -0.00222007 -8.58806 -8.58806
8.45 -41.8312 -0.0052043 0.00333883 -8.0671 -8.0671
8.46 -39.0389 0.0274015 -0.0125346 -7.77825 -7.77825
8.47 -36.1847 0.00471499 -0.00331518 -7.3732 -7.3732
8.48 -33.3074 -0.00272705 0.00537669 -6.56442 -6.56442
8.49 -30.4367 -0.0778449 -0.025754 -5.41992 -5.41992
8.5 -27.6791 -0.205033 -0.158871 -4.29703 -4.29703
8.51 -24.7217 0.0255009 -0.00935477 -3.53815 -3.53815
8.52 -21.7826 -0.0329808 -0.0120745 -3.53141 -3.53141
8.53 -18.9521 -0.00150361 0.0499613 -4.57935 -4.57935
8.54 -16.182 0.0017182 -0.00570961 -6.48662 -6.48662
8.55 -13.5476 -0.00170806 0.00646705 -8.71533 -8.71533
8.56 -11.105 0.000442164 -0.00189406 -10.7955 -10.7955
8.57 -8.92235 0.00535803 -0.00863225 -12.3275 -12.3275
8.58 -7.05501 -0.000912263 0.00126017 -12.9256 -12.9256
8.59 -5.56497 -0.000313481 0.000652074 -12.5967 -12.5967
8.6 -4.48254 -0.000224257 0.000308404 -11.9026 -11.9026
8.61 -3.8239 -0.0731102 -0.123805 -11.4574 -11.4574
8.62 -3.55804 -0.216963 -0.285586 -11.5845 -11.5845
8.63 -3.56673 0.0332286 0.0379697 -12.3295 -12.3295
8.64 -3.86752 -0.00608371 -0.028319 -13.4127 -13.4127
8.65 -4.3823 -0.0960831 -0.0817118 -14.3863 -14.3863
8.66 -5.04472 -0.0634587 -0.10747 -14.9025 -14.9025
8.67 -5.83218 0.0227631 0.013358 -14.747 -14.747
8.68 -6.77778 -0.00932667 -0.00556683 -13.8594 -13.8594
8.69 -7.88887 0.00410879 0.00198397 -12.4496 -12.4496
8.7 -9.21645 -0.000297198 -0.00243933 -10.9455 -10.9455
8.71 -10.7959 0.00275529 -0.00227905 -9.73996 -9.73996
8.72 -12.66 0.00188527 -0.00283037 -9.00618 -9.00618
8.73 -14.8298 -0.00063831 0.000956733 -8.68428 -8.68428
8.74 -17.3105 0.000253429 -0.000431983 -8.57026 -8.57026
8.75 -20.0733 -0.000287676 0.000284533 -8.40181 -8.40181
8.76 -23.0564 0.00116794 -0.0029625 -7.91918 -7.91918
8.77 -26.1658 -0.00145459 -0.000939243 -6.96416 -6.96416
8.78 -29.3257 0.0297326 0.0195458 -5.65327 -5.65327
8.79 -32.6475 -0.427537 -0.326599 -4.42307 -4.42307
8.8 -35.5439 -0.075994 -0.141774 -3.69635 -3.69635
8.81 -38.5261 0.0840278 0.00636936 -3.82152 -3.82152
8.82 -41.439 0.00161625 -0.0279164 -5.07035 -5.07035
8.83 -44.274 0.00525802 0.00316611 -7.15762 -7.15762
8.84 -47.0376 -0.00348767 -0.000845173 -9.39093 -9.39093
8.85 -49.662 -0.00108817 0.0036668 -11.2422 -11.2422
8.86 -52.0735 0.0532455 0.0172983 -12.4046 -12.4046
8.87 -54.1694 0.303335 0.0946975 -12.6255 -12.6255
8.88 -55.7875 0.0636536 0.0452989 -11.817 -11.817
8.89 -56.8734 0.0399272 -0.00889683 -10.3871 -10.3871
8.9 -57.4011 0.0442585 0.0121722 -9.15344 -9.15344
8.91 -57.3777 0.00262656 -0.000917039 -8.71125 -8.71125
8.92 -56.8404 0.012891 0.00656317 -8.97689 -8.97689
8.93 -55.8686 0.029888 0.0129421 -9.44024 -9.44024
8.94 -54.5829 0.0379369 0.0178282 -9.7396 -9.7396
8.95 -53.1353 0.0346399 0.00430418 -9.78233 -9.78233
8.96 -51.6447 0.0196083 -0.00682077 -9.46166 -9.46166
8.97 -50.1989 0.000887168 -0.000402299 -8.65802 -8.65802
8.98 -48.8316 0.000191628 6.54059e-005 -7.49773 -7.49773
8.99 -47.513 -6.40391e-005 0.000397057 -6.36253 -6.36253
9 -46.1695 0.000148356 -0.000819968 -5.59359 -5.59359
9.01 -44.7052 -0.000113211 0.000887918 -5.25377 -5.25377
9.02 -43.0313 4.90382e-005 -0.000782558 -5.19029 -5.19029
9.03 -41.0875 -0.000700067 0.00613896 -5.1994 -5.1994
9.04 -38.8621 0.000806417 0.0137328 -5.08167 -5.08167
9.05 -36.3827 0.000818539 -0.0148746 -4.66278 -4.66278
9.06 -33.7275 -0.00327281 -0.00263066 -3.9774 -3.9774
9.07 -31.016 -0.0737675 -0.0952669 -3.38458 -3.38458
9.08 -28.3444 -0.0796859 -0.0575552 -3.24897 -3.24897
9.09 -25.7315 -0.0261685 -0.0162318 -3.70273 -3.70273
9.1 -23.3214 -0.0153312 0.0029481 -4.78522 -4.78522
9.11 -21.1879 0.0292727 -0.000612921 -6.45019 -6.45019
9.12 -19.2844 0.0448361 -0.0247349 -8.4141 -8.4141
9.13 -17.5619 0.0464077 -0.0432296 -10.1655 -10.1655
9.14 -15.9957 -0.0137692 0.0130764 -11.2357 -11.2357
9.15 -14.5394 -0.0107581 0.0127117 -11.5143 -11.5143
9.16 -13.1723 0.00771598 -0.0107396 -11.1847 -11.1847
9.17 -11.8928 -0.00378413 0.00514937 -10.5063 -10.5063
9.18 -10.7131 0.00160991 -0.00221862 -9.77139 -9.77139
9.19 -9.65225 -0.000645157 0.00092628 -9.22456 -9.22456
9.2 -8.75064 -0.0264387 0.0168994 -8.9957 -8.9957
9.21 -8.0606 -0.0543877 0.00407826 -9.12516 -9.12516
9.22 -7.64462 -0.0917383 0.0280608 -9.52867 -9.52867
9.23 -7.51686 -0.0381111 -0.00432713 -9.97965 -9.97965
9.24 -7.67842 -0.0139725 0.00771882 -10.2164 -10.2164
9.25 -8.13245 -0.0491455 0.00361204 -10.0963 -10.0963
9.26 -8.85122 -0.0739597 0.0212929 -9.67021 -9.67021
9.27 -9.8032 -0.0175704 0.0154276 -9.09666 -9.09666
9.28 -10.9944 0.00690162 -0.00599875 -8.50186 -8.50186
9.29 -12.4339 -0.00292714 0.00266163 -7.9586 -7.9586
9.3 -14.1376 0.00117007 -0.000995414 -7.51931 -7.51931
9.31 -16.1232 -0.000483168 0.00040641 -7.17134 -7.17134
9.32 -18.4011 0.000120839 -5.28822e-005 -6.80393 -6.80393
9.33 -20.9721 -0.000122215 -0.000160107 -6.30374 -6.30374
9.34 -23.8141 -0.00109995 -0.000202686 -5.66584 -5.66584
9.35 -26.8535 -0.0016564 -0.0023119 -4.97491 -4.97491
9.36 -30.1338 0.0763764 -0.128122 -4.35996 -4.35996
9.37 -33.3531 -0.0740998 -0.14022 -3.94888 -3.94888
9.38 -36.3761 0.053301 0.10421 -3.87596 -3.87596
9.39 -39.4746 -0.0293048 -0.0464345 -4.3287 -4.3287
9.4 -42.2881 0.00872384 0.0155967 -5.2384 -5.2384
9.41 -44.8614 -0.00453467 -0.0105683 -6.16667 -6.16667
9.42 -47.1221 0.00155758 0.00334791 -6.80771 -6.80771
9.43 -49.1074 -0.000829617 -0.00158111 -7.12959 -7.12959
9.44 -50.8592 0.450243 -0.159039 -7.04681 -7.04681
9.45 -52.3477 1.15078 -0.524528 -6.38093 -6.38093
9.46 -53.4478 0.586226 -0.171912 -5.13516 -5.13516
9.47 -54.2685 0.0869705 0.075056 -3.80697 -3.80697
9.48 -54.9482 0.154818 -0.0685473 -3.03588 -3.03588
9.49 -55.3595 0.053112 0.0179845 -2.72966 -2.72966
9.5 -55.5482 0.0159933 -0.0288282 -2.37471 -2.37471
9.51 -55.4926 0.0196181 0.00905515 -1.89414 -1.89414
9.52 -55.1638 0.159669 0.0591927 -1.48623 -1.48623
9.53 -54.4761 0.197028 -0.0601841 -1.16271 -1.16271
9.54 -53.422 0.0447055 -0.0680418 -0.813692 -0.813692
9.55 -52.0789 -0.0059314 0.0173515 -0.488584 -0.488584
9.56 -50.483 0.00373031 -0.0129556 -0.301637 -0.301637
9.57 -48.6858 -0.000889117 0.00234144 -0.200982 -0.200982
9.58 -46.7497 0.00037684 -0.000941624 -0.0505041 -0.0505041
9.59 -44.7354 -0.000115764 0.000501864 0.170306 0.170306
9.6 -42.702 6.40172e-006 -0.000532674 0.371776 0.371776
9.61 -40.6843 0.000295091 0.00179418 0.540446 0.540446
9.62 -38.6802 0.000162753 -0.00126832 0.78726 0.78726
9.63 -36.6559 0.000287575 -0.00489676 1.14964 1.14964
9.64 -34.5616 0.000233505 0.00226331 1.41578 1.41578
9.65 -32.4039 -0.0385233 -0.0634586 1.2278 1.2278
9.66 -30.1701 -0.0940357 -0.0963022 0.458049 0.458049
9.67 -27.8038 0.0342987 0.0402115 -0.662972 -0.662972
9.68 -25.3042 0.0815454 0.0425685 -2.00015 -2.00015
9.69 -22.7923 0.114986 0.0122797 -3.69329 -3.69329
9.7 -20.3267 0.125824 -0.0290545 -5.67816 -5.67816
9.71 -17.9473 0.171177 -0.118391 -7.54125 -7.54125
9.72 -15.7456 0.128635 -0.149608 -8.90194 -8.90194
9.73 -13.8287 0.0135688 -0.0120637 -9.62874 -9.62874
9.74 -12.2026 0.00129072 -0.0179761 -9.85351 -9.85351
9.75 -10.8761 0.0157959 -0.0270327 -9.72043 -9.72043
9.76 -9.84751 -0.00596957 0.0103659 -9.2018 -9.2018
9.77 -9.07083 0.000129902 0.00158796 -8.50644 -8.50644
9.78 -8.50039 -0.00238582 0.00517577 -8.16183 -8.16183
9.79 -8.08093 -0.00187527 4.15641e-006 -8.42445 -8.42445
9.8 -7.81867 -0.167189 0.0101685 -9.05334 -9.05334
9.81 -7.67096 -0.0636899 0.0245366 -9.67543 -9.67543
9.82 -7.71086 -0.0274633 -0.00281485 -10.072 -10.072
9.83 -8.00924 -0.106693 0.0330997 -10.1247 -10.1247
9.84 -8.62176 0.001218 0.0128006 -9.71763 -9.71763
9.85 -9.6462 -0.000404208 -0.00561411 -8.84676 -8.84676
9.86 -11.1311 0.000167213 0.00229643 -7.73497 -7.73497
9.87 -13.1185 -6.83665e-005 -0.000958991 -6.69511 -6.69511
9.88 -15.6111 2.58284e-005 0.000381107 -5.91575 -5.91575
9.89 -18.5703 -2.94754e-005 -0.000354255 -5.4178 -5.4178
9.9 -21.9133 -0.000220329 0.000240246 -5.13739 -5.13739
9.91 -25.5229 -0.00242373 -0.00156641 -4.94919 -4.94919
9.92 -29.2703 -0.000430232 -0.0459556 -4.7267 -4.7267
9.93 -33.2799 -0.172967 -0.190654 -4.54423 -4.54423
9.94 -36.9089 0.66077 -0.294237 -4.51022 -4.51022
9.95 -40.5318 0.0908801 -0.165184 -4.40033 -4.40033
9.96 -44.1662 -0.0162869 0.03549 -4.1897 -4.1897
9.97 -47.7199 0.0061129 -0.0157597 -4.41004 -4.41004
9.98 -51.1544 -0.00236537 0.00406474 -5.31852 -5.31852
9.99 -54.4376 0.00289639 -0.00164277 -6.5414 -6.5414
10 -57.5705 0.727542 0.651938 -7.63243 -7.63243
