0.1 -4.35221 3.03119e-012 2.62385e-012 -5.37227e-012 -5.37227e-012
0.2 -8.70429 1.08886e-011 9.33931e-012 -2.02694e-011 -2.02694e-011
0.3 -13.0562 1.56064e-011 1.26785e-011 3.93996e-010 3.93996e-010
0.4 -17.4081 1.72715e-011 1.35683e-011 4.0961e-010 4.0961e-010
0.5 -21.7597 1.80473e-011 1.37828e-011 3.80629e-010 3.80629e-010
0.6 -26.1113 1.8535e-011 1.39382e-011 4.24804e-010 4.24804e-010
0.7 -30.4627 1.89351e-011 1.40639e-011 5.1466e-010 5.1466e-010
0.8 -34.814 1.91602e-011 1.41456e-011 3.2253e-010 3.2253e-010
0.9 -39.1652 1.94014e-011 1.41878e-011 3.15547e-010 3.15547e-010
1 -43.5162 1.95444e-011 1.4226e-011 2.53482e-010 2.53482e-010
0.01 -32.396 45.3294 -583.176 27.0418 27.0418
0.02 -48.7698 -19.8432 233.05 89.3717 89.3717
0.03 -43.0463 7.20345 -103.436 81.0113 81.0113
0.04 -46.8611 -3.09393 43.024 -50.1504 -50.1504
0.05 -45.4138 1.27145 -17.8029 -160.875 -160.875
0.06 -46.0601 -0.53553 7.33248 -141.487 -141.487
0.07 -45.8176 0.221275 -3.02463 -51.0665 -51.0665
0.08 -45.9104 -0.0911003 1.24602 17.2149 17.2149
0.09 -45.8604 0.0375725 -0.513396 38.3391 38.3391
0.1 -45.8703 -0.0154841 0.211522 38.1062 38.1062
0.11 -45.8606 0.00637511 -0.0871423 45.7697 45.7697
0.12 -45.8641 -0.00262789 0.0358988 67.5527 67.5527
0.13 -45.8639 0.00115435 -0.0148571 80.61 80.61
0.14 -45.863 -0.000415805 0.0060957 57.2428 57.2428
0.15 -45.8582 0.000171309 -0.00251142 2.15754 2.15754
0.16 -45.8523 -6.84966e-005 0.00103341 -48.0296 -48.0296
0.17 -45.8488 4.63869e-005 -0.000406786 -66.6737 -66.6737
0.18 -45.8519 -9.85666e-006 0.000181619 -62.0608 -62.0608
0.19 -45.8651 -7.1673e-007 -5.63941e-005 -55.0794 -55.0794
0.2 -45.8899 -5.61011e-006 2.95704e-005 -48.7228 -48.7228
0.21 -45.9258 -3.37341e-006 -7.4042e-006 -30.9697 -30.9697
0.22 -45.9696 7.13285e-006 -6.53751e-006 1.82549 1.82549
0.23 -46.0156 7.25079e-007 -3.09894e-006 36.7244 36.7244
0.24 -46.0579 5.74811e-006 1.73265e-005 57.5478 57.5478
0.25 -46.0913 8.70793e-007 2.07866e-006 58.8319 58.8319
0.26 -46.113 1.19113e-006 -1.05561e-006 46.0149 46.0149
0.27 -46.1226 -2.70714e-006 3.44793e-007 26.8223 26.8223
0.28 -46.1225 3.39313e-006 -1.30264e-007 5.21791 5.21791
0.29 -46.1161 3.46227e-006 1.76084e-005 -17.5273 -17.5273
0.3 -46.1074 1.74863e-006 -1.1891e-007 -38.4799 -38.4799
0.31 -46.0999 -2.35083e-006 -8.11064e-007 -51.7177 -51.7177
0.32 -46.0958 0.000325797 -0.000289111 -52.0157 -52.0157
0.33 -46.0959 9.42488e-005 -8.14903e-005 -39.3022 -39.3022
0.34 -46.0999 -3.50763e-005 4.32314e-005 -18.7725 -18.7725
0.35 -46.107 1.3173e-005 -1.95884e-005 3.07303 3.07303
0.36 -46.1166 -5.68161e-006 6.55528e-006 21.7793 21.7793
0.37 -46.1287 3.43505e-006 -2.7359e-006 34.8859 34.8859
0.38 -46.1436 1.59854e-005 2.29431e-006 40.3844 40.3844
0.39 -46.1618 -9.7901e-006 -7.23131e-007 36.685 36.685
0.4 -46.1831 4.03539e-006 2.99064e-007 24.1555 24.1555
0.41 -46.207 1.27015e-005 2.07663e-006 5.98922 5.98922
0.42 -46.2315 3.05797e-006 1.03792e-006 -12.8893 -12.8893
0.43 -46.2541 -3.09896e-006 -5.83022e-007 -27.9047 -27.9047
0.44 -46.2716 8.28983e-007 1.5851e-007 -36.2052 -36.2052
0.45 -46.2812 -3.4067e-007 -6.47623e-008 -36.7757 -36.7757
0.46 -46.2808 3.98371e-007 7.43503e-008 -29.9955 -29.9955
0.47 -46.2701 -1.13041e-006 1.49943e-007 -17.427 -17.427
0.48 -46.2503 2.57948e-007 7.55752e-009 -1.81719 -1.81719
0.49 -46.2238 -1.07646e-007 -2.83826e-009 13.247 13.247
0.5 -46.1938 4.43132e-008 1.18222e-009 24.2707 24.2707
0.51 -46.1636 -1.82569e-008 -4.87055e-010 28.9212 28.9212
0.52 -46.1363 5.08999e-009 8.28692e-010 26.5945 26.5945
0.53 -46.1135 -2.11941e-009 -2.89014e-010 18.2905 18.2905
0.54 -46.0961 7.27372e-009 -6.128e-010 6.12198 6.12198
0.55 -46.0844 -2.97761e-009 2.35689e-010 -7.18578 -7.18578
0.56 -46.0776 1.22209e-009 -8.32987e-011 -18.7606 -18.7606
0.57 -46.0746 -4.99844e-010 2.05604e-011 -26.1269 -26.1269
0.58 -46.0735 2.03115e-010 5.26335e-012 -27.7901 -27.7901
0.59 -46.0733 -8.15037e-011 -1.58762e-011 -23.6227 -23.6227
0.6 -46.0732 5.67172e-006 1.48444e-005 -14.8487 -14.8487
0.61 -46.0724 -9.18686e-006 -1.26856e-007 -3.64673 -3.64673
0.62 -46.07 1.18558e-005 -7.01162e-006 7.42547 7.42547
0.63 -46.0646 -1.29594e-005 9.95378e-006 15.9922 15.9922
0.64 -46.0553 7.83095e-006 -6.28469e-006 20.3175 20.3175
0.65 -46.041 -5.8534e-006 4.88663e-006 19.6337 19.6337
0.66 -46.0209 1.71942e-006 -1.4093e-006 14.292 14.292
0.67 -45.9951 -1.20934e-006 1.01709e-006 5.66939 5.66939
0.68 -45.965 4.98255e-007 -4.19033e-007 -4.17742 -4.17742
0.69 -45.9324 -2.05282e-007 1.72639e-007 -13.0192 -13.0192
0.7 -45.8998 -2.0377e-006 1.78258e-006 -18.9673 -18.9673
0.71 -45.8698 1.09258e-006 -4.55067e-007 -20.8641 -20.8641
0.72 -45.8449 4.86215e-006 1.25423e-005 -18.4859 -18.4859
0.73 -45.8268 -3.36503e-006 -3.47871e-006 -12.5449 -12.5449
0.74 -45.8157 8.438e-007 1.67859e-006 -4.50136 -4.50136
0.75 -45.811 1.17203e-006 -1.63172e-006 3.78121 3.78121
0.76 -45.8113 -8.05475e-008 -4.12453e-007 10.4661 10.4661
0.77 -45.8152 3.15911e-006 -1.55975e-006 14.1551 14.1551
0.78 -45.8214 -1.48507e-006 -1.04996e-006 14.1806 14.1806
0.79 -45.8283 2.07856e-006 5.77221e-007 10.7143 10.7143
0.8 -45.8347 -1.87515e-006 -1.00531e-006 4.6839 4.6839
0.81 -45.8394 -6.49455e-007 3.11986e-006 -2.46707 -2.46707
0.82 -45.8419 -1.51827e-006 -7.23185e-007 -9.11734 -9.11734
0.83 -45.8424 -2.78473e-006 3.87375e-006 -13.8301 -13.8301
0.84 -45.841 -1.63957e-006 1.14685e-006 -15.6614 -15.6614
0.85 -45.8382 -4.15043e-006 4.0724e-006 -14.3468 -14.3468
0.86 -45.8349 1.70997e-006 -1.67782e-006 -10.3271 -10.3271
0.87 -45.8316 4.65787e-007 -3.34623e-008 -4.61622 -4.61622
0.88 -45.8284 -1.91903e-007 1.37864e-008 1.45227 1.45227
0.89 -45.8263 7.90637e-008 -5.67996e-009 6.53258 6.53258
0.9 -45.827 -3.2574e-008 2.34013e-009 9.56068 9.56068
0.91 -45.8318 1.79238e-007 -2.12353e-008 9.97243 9.97243
0.92 -45.841 -7.38443e-008 8.74774e-009 7.80335 7.80335
0.93 -45.8532 -9.70491e-007 -8.80062e-007 3.65258 3.65258
0.94 -45.8672 3.9984e-007 3.62583e-007 -1.47562 -1.47562
0.95 -45.8828 -1.64733e-007 -1.49384e-007 -6.41183 -6.41183
0.96 -45.9002 6.78697e-008 6.15457e-008 -10.0856 -10.0856
0.97 -45.9184 2.93061e-008 3.22205e-008 -11.7549 -11.7549
0.98 -45.9352 -1.20722e-008 -1.32698e-008 -11.152 -11.152
0.99 -45.949 4.36516e-009 4.78345e-009 -8.51893 -8.51893
1 -45.9592 1.42659e-005 -8.92624e-006 -4.52938 -4.52938
1.01 -45.9663 -5.8775e-006 3.67759e-006 -0.120011 -0.120011
1.02 -45.971 2.42137e-006 -1.51532e-006 3.7264 3.7264
1.03 -45.9739 -9.97991e-007 6.23875e-007 6.19692 6.19692
1.04 -45.9761 4.11104e-007 -2.57112e-007 6.81692 6.81692
1.05 -45.978 4.657e-005 -4.94825e-005 5.53805 5.53805
1.06 -45.9802 -1.91522e-005 2.03967e-005 2.73012 2.73012
1.07 -45.9833 2.06491e-005 -6.88976e-006 -0.91917 -0.91917
1.08 -45.9885 -3.10271e-005 1.24901e-007 -4.57109 -4.57109
1.09 -45.9968 3.70161e-005 2.83936e-006 -7.42738 -7.42738
1.1 -46.0076 -3.38316e-005 -3.44738e-006 -8.90216 -8.90216
1.11 -46.0193 2.4668e-005 2.67652e-006 -8.73876 -8.73876
1.12 -46.0312 -7.88454e-006 -8.62302e-007 -7.05012 -7.05012
1.13 -46.0434 1.56725e-006 1.14015e-007 -4.27703 -4.27703
1.14 -46.0563 -6.47638e-007 -4.64897e-008 -1.0761 -1.0761
1.15 -46.07 2.66638e-007 1.92047e-008 1.8339 1.8339
1.16 -46.0849 -1.52189e-008 1.16074e-008 3.83075 3.83075
1.17 -46.1003 -3.55094e-006 -4.98291e-007 4.51922 4.51922
1.18 -46.1145 8.10811e-005 -5.53623e-005 3.80752 3.80752
1.19 -46.1261 -3.76826e-005 2.18092e-005 1.91496 1.91496
1.2 -46.1352 1.33059e-005 -8.49228e-006 -0.689346 -0.689346
1.21 -46.1422 -7.66118e-006 2.68684e-006 -3.40085 -3.40085
1.22 -46.148 3.85497e-006 -3.30893e-007 -5.61935 -5.61935
1.23 -46.1528 -1.70227e-006 -1.25646e-007 -6.88133 -6.88133
1.24 -46.1569 1.48223e-007 -6.8226e-008 -6.95543 -6.95543
1.25 -46.1604 -4.70956e-007 9.47661e-008 -5.88188 -5.88188
1.26 -46.1637 9.19903e-008 -3.12201e-007 -3.95035 -3.95035
1.27 -46.1668 -3.78985e-008 1.28626e-007 -1.62419 -1.62419
1.28 -46.1695 -1.582e-007 9.47367e-008 0.569236 0.569236
1.29 -46.1713 -1.52344e-006 -5.75508e-010 2.15663 2.15663
1.3 -46.1716 -9.39638e-008 -3.55306e-007 2.81942 2.81942
1.31 -46.1708 6.5969e-006 1.06123e-006 2.4562 2.4562
1.32 -46.1696 -1.09783e-005 -1.52176e-006 1.19482 1.19482
1.33 -46.1691 1.36818e-005 1.81319e-006 -0.645818 -0.645818
1.34 -46.1704 -1.51629e-005 -1.41701e-006 -2.6345 -2.6345
1.35 -46.1747 2.12735e-005 2.31644e-006 -4.32858 -4.32858
1.36 -46.1816 -2.95704e-005 -4.02416e-006 -5.37231 -5.37231
1.37 -46.1889 5.58047e-005 7.45506e-006 -5.56923 -5.56923
1.38 -46.1944 -4.49575e-005 -1.05339e-005 -4.9158 -4.9158
1.39 -46.1978 2.26818e-005 5.40971e-006 -3.59336 -3.59336
1.4 -46.1998 4.63185e-006 -2.99303e-007 -1.92206 -1.92206
1.41 -46.2001 -1.90831e-006 1.23312e-007 -0.285929 -0.285929
1.42 -46.1962 7.86219e-007 -5.08044e-008 0.9546 0.9546
1.43 -46.1864 -4.58829e-007 -3.40233e-007 1.54254 1.54254
1.44 -46.1704 1.89036e-007 1.40176e-007 1.37884 1.37884
1.45 -46.1486 -2.54467e-007 -5.30487e-007 0.538317 0.538317
1.46 -46.1207 -5.79425e-006 5.37607e-006 -0.757109 -0.757109
1.47 -46.0863 7.92542e-006 -6.85679e-006 -2.19881 -2.19881
1.48 -46.044 -8.79876e-006 7.46561e-006 -3.46589 -3.46589
1.49 -45.9918 1.54486e-005 -1.29902e-005 -4.29366 -4.29366
1.5 -45.929 -3.62308e-005 3.2066e-005 -4.52425 -4.52425
1.51 -45.8584 9.64751e-006 -9.8865e-006 -4.13497 -4.13497
1.52 -45.7854 -5.54017e-006 5.04136e-006 -3.23943 -3.23943
1.53 -45.714 2.46176e-006 -1.72403e-006 -2.0574 -2.0574
1.54 -45.6447 -9.81478e-007 7.39218e-007 -0.859391 -0.859391
1.55 -45.5775 1.45609e-007 -3.99345e-007 0.0962785 0.0962785
1.56 -45.5138 -2.33109e-007 2.29526e-007 0.616743 0.616743
1.57 -45.4557 1.28108e-005 9.62497e-005 0.609984 0.609984
1.58 -45.4054 9.18784e-007 7.27086e-006 0.0996167 0.0996167
1.59 -45.3649 -6.29956e-006 2.54838e-006 -0.783785 -0.783785
1.6 -45.3345 2.16357e-007 1.69811e-006 -1.83434 -1.83434
1.61 -45.312 -1.55289e-005 1.59312e-005 -2.81858 -2.81858
1.62 -45.295 -1.55755e-007 1.38875e-006 -3.52771 -3.52771
1.63 -45.2841 1.19503e-005 -1.2838e-005 -3.82138 -3.82138
1.64 -45.2841 -1.11039e-005 1.35153e-005 -3.65321 -3.65321
1.65 -45.2987 -5.12403e-005 5.57623e-005 -3.07602 -3.07602
1.66 -45.3267 -1.67737e-005 1.75729e-005 -2.22848 -2.22848
1.67 -45.3627 9.85157e-006 -9.41412e-006 -1.30562 -1.30562
1.68 -45.4028 3.52192e-005 -2.90989e-005 -0.515514 -0.515514
1.69 -45.4461 -1.45102e-005 1.19887e-005 -0.0301049 -0.0301049
1.7 -45.4938 5.98515e-006 -4.9369e-006 0.0545926 0.0545926
1.71 -45.5467 8.33988e-006 -1.37272e-006 -0.262842 -0.262842
1.72 -45.6057 -3.31465e-006 6.5962e-007 -0.894144 -0.894144
1.73 -45.6709 -4.14424e-006 -6.58875e-006 -1.6845 -1.6845
1.74 -45.7415 2.57842e-006 2.6038e-006 -2.44811 -2.44811
1.75 -45.8156 1.7659e-005 -1.26671e-005 -3.01132 -3.01132
1.76 -45.8917 1.10896e-007 6.1124e-005 -3.25414 -3.25414
1.77 -45.9681 0.000114911 -1.67838e-005 -3.13786 -3.13786
1.78 -46.0411 -0.00103739 0.00075789 -2.71007 -2.71007
1.79 -46.1077 -0.000527736 0.000441049 -2.08779 -2.08779
1.8 -46.1678 0.000217398 -0.000181755 -1.42594 -1.42594
1.81 -46.2243 -8.99449e-005 7.3889e-005 -0.878107 -0.878107
1.82 -46.2808 3.66891e-005 -3.14273e-005 -0.559274 -0.559274
1.83 -46.3388 -1.04935e-005 9.4564e-006 -0.522668 -0.522668
1.84 -46.3979 0.00013159 -0.000123447 -0.755482 -0.755482
1.85 -46.4561 -5.34219e-005 5.10016e-005 -1.18864 -1.18864
1.86 -46.5105 0.000383796 -0.000417391 -1.71463 -1.71463
1.87 -46.5598 -0.00115602 0.00104776 -2.21198 -2.21198
1.88 -46.6087 -0.000639071 0.000546141 -2.57351 -2.57351
1.89 -46.6629 0.000391585 -0.000213845 -2.72992 -2.72992
1.9 -46.7226 2.81657e-005 0.000142438 -2.66016 -2.66016
1.91 -46.7823 0.000214052 -8.44818e-006 -2.38904 -2.38904
1.92 -46.8351 -8.98304e-005 1.93836e-006 -1.98025 -1.98025
1.93 -46.8765 3.72601e-005 -7.66424e-007 -1.52606 -1.52606
1.94 -46.9031 5.38711e-005 9.98386e-006 -1.12842 -1.12842
1.95 -46.9118 -1.22187e-005 1.29585e-005 -0.874356 -0.874356
1.96 -46.9006 6.17987e-006 -4.71583e-006 -0.816304 -0.816304
1.97 -46.8703 -1.22016e-006 3.75449e-006 -0.962625 -0.962625
1.98 -46.822 -4.19601e-007 1.44423e-006 -1.27672 -1.27672
1.99 -46.756 -9.61138e-007 1.45829e-007 -1.68421 -1.68421
2 -46.672 1.19467e-005 3.03906e-005 -2.09017 -2.09017
2.01 -46.5708 1.36147e-005 4.90675e-005 -2.40323 -2.40323
2.02 -46.455 -8.58524e-006 -1.71282e-005 -2.55783 -2.55783
2.03 -46.3283 2.39149e-006 4.74277e-006 -2.5274 -2.5274
2.04 -46.1947 4.37576e-005 0.000135813 -2.32669 -2.32669
2.05 -46.0606 1.60388e-005 5.22609e-005 -2.00529 -2.00529
2.06 -45.934 -1.20153e-005 -1.68362e-005 -1.63532 -1.63532
2.07 -45.8192 -1.05795e-005 1.95215e-005 -1.29527 -1.29527
2.08 -45.7148 -1.27904e-005 7.44362e-006 -1.05277 -1.05277
2.09 -45.6171 -7.13165e-006 1.50629e-005 -0.952034 -0.952034
2.1 -45.5244 2.28744e-005 -4.66125e-006 -1.0085 -1.0085
2.11 -45.4365 -6.3553e-007 1.11619e-005 -1.20702 -1.20702
2.12 -45.3521 6.48893e-006 1.3321e-005 -1.50314 -1.50314
2.13 -45.2675 1.13395e-005 1.63108e-006 -1.83181 -1.83181
2.14 -45.1788 -1.21817e-005 8.20626e-006 -2.1234 -2.1234
2.15 -45.084 7.45349e-006 -3.00664e-006 -2.32077 -2.32077
2.16 -44.9844 -3.35152e-005 4.75532e-005 -2.39032 -2.39032
2.17 -44.8836 1.30051e-005 -2.02931e-005 -2.32535 -2.32535
2.18 -44.7841 -2.73771e-006 8.91716e-006 -2.14423 -2.14423
2.19 -44.6882 3.83617e-006 -3.08873e-006 -1.88675 -1.88675
2.2 -44.6001 1.56671e-005 -1.22723e-005 -1.60992 -1.60992
2.21 -44.5266 -2.22141e-005 2.67825e-005 -1.37825 -1.37825
2.22 -44.4731 -1.44196e-006 -2.399e-006 -1.24583 -1.24583
2.23 -44.4423 1.53965e-007 3.25993e-006 -1.23781 -1.23781
2.24 -44.4366 -1.18039e-006 4.40709e-007 -1.34334 -1.34334
2.25 -44.4581 3.9065e-006 -5.32461e-006 -1.52398 -1.52398
2.26 -44.5072 4.53029e-006 2.62985e-005 -1.72949 -1.72949
2.27 -44.582 -6.88539e-007 -1.07618e-007 -1.91081 -1.91081
2.28 -44.6803 -1.90731e-006 5.34138e-006 -2.0289 -2.0289
2.29 -44.7987 -1.67207e-006 4.40437e-006 -2.06264 -2.06264
2.3 -44.9316 6.6851e-007 -1.91152e-006 -2.01284 -2.01284
2.31 -45.0726 2.46306e-006 8.17627e-006 -1.89891 -1.89891
2.32 -45.2164 1.31112e-006 2.75963e-006 -1.75275 -1.75275
2.33 -45.3585 1.62709e-005 -6.91565e-006 -1.61204 -1.61204
2.34 -45.4952 -6.67965e-006 2.8076e-006 -1.51059 -1.51059
2.35 -45.6244 0.000198128 -0.000153774 -1.46919 -1.46919
2.36 -45.7455 -8.1678e-005 6.3224e-005 -1.49279 -1.49279
2.37 -45.8582 8.88847e-005 -4.49647e-005 -1.57287 -1.57287
2.38 -45.963 0.000805522 -0.000859364 -1.69058 -1.69058
2.39 -46.0622 0.000495563 -0.0004332 -1.82042 -1.82042
2.4 -46.1596 8.70186e-005 -6.1909e-005 -1.93533 -1.93533
2.41 -46.2563 -4.69777e-006 2.0135e-005 -2.01144 -2.01144
2.42 -46.3519 8.06696e-005 -5.83219e-005 -2.0313 -2.0313
2.43 -46.4471 -3.30705e-005 5.68587e-005 -1.98686 -1.98686
2.44 -46.5414 0.000164138 1.45542e-005 -1.88197 -1.88197
2.45 -46.6335 0.000309586 -0.000336413 -1.73465 -1.73465
2.46 -46.7219 -0.00100194 0.00107246 -1.57825 -1.57825
2.47 -46.8056 -0.000573524 0.000620491 -1.45588 -1.45588
2.48 -46.8821 0.000228328 -0.000254499 -1.40504 -1.40504
2.49 -46.9466 -0.000111407 0.000106324 -1.44142 -1.44142
2.5 -46.9941 4.79897e-005 -4.366e-005 -1.5537 -1.5537
2.51 -47.0195 -1.97832e-005 1.79946e-005 -1.7109 -1.7109
2.52 -47.0207 -1.6425e-006 -2.1669e-006 -1.87491 -1.87491
2.53 -46.9974 -8.33595e-006 5.33814e-006 -2.01092 -2.01092
2.54 -46.9516 4.39239e-006 -2.04562e-006 -2.09432 -2.09432
2.55 -46.8867 -5.3223e-006 4.85819e-006 -2.11477 -2.11477
2.56 -46.8077 2.18299e-006 -1.99898e-006 -2.07602 -2.07602
2.57 -46.7198 -8.99526e-007 8.23736e-007 -1.9916 -1.9916
2.58 -46.6281 3.68898e-007 -3.39451e-007 -1.88 -1.88
2.59 -46.5369 6.77203e-006 5.25341e-005 -1.7616 -1.7616
2.6 -46.4491 1.78446e-005 5.40454e-005 -1.65655 -1.65655
2.61 -46.3672 -1.08195e-005 -1.9255e-005 -1.58189 -1.58189
2.62 -46.2951 -2.6498e-006 1.5159e-005 -1.54817 -1.54817
2.63 -46.2359 -2.85615e-006 -1.8221e-006 -1.55766 -1.55766
2.64 -46.1885 7.3584e-007 1.15806e-006 -1.60459 -1.60459
2.65 -46.1457 -6.06426e-006 2.28875e-006 -1.67607 -1.67607
2.66 -46.0979 2.32105e-006 -8.65862e-007 -1.75439 -1.75439
2.67 -46.0394 -6.5074e-005 6.20383e-005 -1.82162 -1.82162
2.68 -45.9689 6.18799e-007 8.47288e-005 -1.86423 -1.86423
2.69 -45.8858 2.44891e-006 3.94308e-005 -1.87576 -1.87576
2.7 -45.7869 -3.88156e-006 -1.47838e-005 -1.85765 -1.85765
2.71 -45.6667 -0.000234917 0.000181724 -1.8183 -1.8183
2.72 -45.5233 -0.000108655 7.74956e-005 -1.77075 -1.77075
2.73 -45.3613 0.000122046 -7.62188e-005 -1.72878 -1.72878
2.74 -45.1913 -8.8892e-005 5.21075e-005 -1.70111 -1.70111
2.75 -45.0245 1.57449e-005 2.12525e-007 -1.68775 -1.68775
2.76 -44.87 -2.6941e-005 1.61426e-005 -1.6836 -1.6836
2.77 -44.7353 -1.26217e-006 9.87112e-006 -1.6858 -1.6858
2.78 -44.6277 -2.65173e-006 -3.33076e-006 -1.69532 -1.69532
2.79 -44.5555 1.03798e-006 -6.1535e-007 -1.71241 -1.71241
2.8 -44.5258 1.8952e-005 5.16543e-005 -1.7346 -1.7346
2.81 -44.5395 4.48983e-005 0.000118908 -1.7582 -1.7582
2.82 -44.5906 -1.97328e-005 -5.07184e-005 -1.77739 -1.77739
2.83 -44.6696 1.55369e-005 5.36916e-005 -1.7838 -1.7838
2.84 -44.7679 2.0131e-005 1.50054e-005 -1.77089 -1.77089
2.85 -44.8779 2.86158e-005 1.96814e-005 -1.73837 -1.73837
2.86 -44.9916 -2.98565e-006 1.16356e-005 -1.69293 -1.69293
2.87 -45.101 8.4875e-006 -4.35527e-006 -1.64626 -1.64626
2.88 -45.199 -3.22931e-006 1.05302e-005 -1.61246 -1.61246
2.89 -45.2808 1.59086e-005 8.44147e-005 -1.60525 -1.60525
2.9 -45.3424 7.09955e-005 7.13174e-005 -1.63196 -1.63196
2.91 -45.3832 -6.35769e-006 -2.65506e-005 -1.68788 -1.68788
2.92 -45.4076 1.39044e-005 2.87683e-005 -1.75681 -1.75681
2.93 -45.4238 6.33819e-005 9.56697e-005 -1.81747 -1.81747
2.94 -45.4405 0.000639409 -0.000530079 -1.85189 -1.85189
2.95 -45.4665 0.000378793 -0.000316405 -1.8525 -1.8525
2.96 -45.5101 -0.000156062 0.000130358 -1.82332 -1.82332
2.97 -45.5762 0.000618463 -0.000404057 -1.77452 -1.77452
2.98 -45.6647 0.000593604 -0.000393175 -1.71908 -1.71908
2.99 -45.7721 -0.00022862 0.000187401 -1.67144 -1.67144
3 -45.8948 0.000106985 -5.81499e-005 -1.64388 -1.64388
3.01 -46.0289 -4.40775e-005 2.39576e-005 -1.64298 -1.64298
3.02 -46.168 0.000145075 0.000322379 -1.66768 -1.66768
3.03 -46.3028 5.91848e-005 0.000158395 -1.70887 -1.70887
3.04 -46.4222 -2.38305e-005 -6.47271e-005 -1.75266 -1.75266
3.05 -46.5157 2.59386e-005 7.6395e-005 -1.78624 -1.78624
3.06 -46.5762 1.37339e-005 3.81936e-005 -1.8027 -1.8027
3.07 -46.6015 -1.54755e-005 -2.1579e-005 -1.80353 -1.80353
3.08 -46.593 4.96236e-005 0.000127553 -1.7983 -1.7983
3.09 -46.554 2.23747e-005 0.000164963 -1.79872 -1.79872
3.1 -46.4884 -1.82034e-005 -7.42536e-005 -1.80911 -1.80911
3.11 -46.4029 1.93879e-006 2.51795e-005 -1.82419 -1.82419
3.12 -46.3095 9.63526e-005 -2.32931e-005 -1.83694 -1.83694
3.13 -46.2231 -4.14556e-005 -9.28764e-006 -1.84527 -1.84527
3.14 -46.1551 0.000200494 0.000137133 -1.85092 -1.85092
3.15 -46.1108 -0.000200495 -5.90945e-005 -1.85456 -1.85456
3.16 -46.0909 0.000148683 -0.000137364 -1.85463 -1.85463
3.17 -46.0933 -5.67594e-005 5.54988e-005 -1.85172 -1.85172
3.18 -46.1151 -8.58151e-006 -1.08562e-005 -1.85166 -1.85166
3.19 -46.1534 -1.32498e-005 9.91588e-006 -1.86295 -1.86295
3.2 -46.2046 -3.116e-006 1.60227e-005 -1.89076 -1.89076
3.21 -46.2602 -3.50163e-006 5.7261e-006 -1.93004 -1.93004
3.22 -46.3056 -7.33659e-005 0.000287573 -1.96339 -1.96339
3.23 -46.3253 -8.46393e-007 3.65933e-005 -1.96866 -1.96866
3.24 -46.3081 -3.65972e-005 4.85305e-006 -1.93253 -1.93253
3.25 -46.2486 -1.01278e-005 3.77656e-005 -1.85978 -1.85978
3.26 -46.1476 -3.22767e-005 1.17891e-005 -1.77152 -1.77152
3.27 -46.0129 1.01412e-006 5.04311e-006 -1.69516 -1.69516
3.28 -45.8571 -5.3989e-006 3.26478e-006 -1.65468 -1.65468
3.29 -45.6918 -9.49643e-005 0.000127118 -1.66365 -1.66365
3.3 -45.5256 1.83324e-005 -9.70202e-006 -1.72035 -1.72035
3.31 -45.3661 7.28444e-006 0.000174369 -1.8079 -1.8079
3.32 -45.2228 -2.96643e-006 -7.18647e-005 -1.89956 -1.89956
3.33 -45.1062 1.21651e-006 2.96068e-005 -1.9666 -1.9666
3.34 -45.0224 -1.97959e-007 -1.29502e-005 -1.98647 -1.98647
3.35 -44.9727 1.21363e-007 4.17075e-006 -1.94977 -1.94977
3.36 -44.9569 -4.29363e-005 2.90409e-005 -1.86564 -1.86564
3.37 -44.9748 -3.88114e-005 2.92605e-005 -1.76118 -1.76118
3.38 -45.0228 -2.41626e-005 1.69406e-005 -1.67137 -1.67137
3.39 -45.0928 9.61317e-006 -7.51859e-006 -1.6245 -1.6245
3.4 -45.171 -5.16039e-006 3.65793e-006 -1.63062 -1.63062
3.41 -45.2404 2.15807e-005 0.000156451 -1.67817 -1.67817
3.42 -45.2863 -1.25482e-006 8.46732e-005 -1.74039 -1.74039
3.43 -45.302 -7.94116e-006 -2.92806e-005 -1.78919 -1.78919
3.44 -45.289 1.17743e-005 3.59519e-005 -1.80853 -1.80853
3.45 -45.2531 1.61749e-007 -1.03235e-006 -1.79715 -1.79715
3.46 -45.2006 -3.95321e-005 4.03849e-005 -1.76231 -1.76231
3.47 -45.1375 1.9754e-005 0.000140026 -1.71431 -1.71431
3.48 -45.0695 8.84443e-005 0.000197338 -1.66484 -1.66484
3.49 -45.0029 -1.41778e-005 -4.47011e-005 -1.62743 -1.62743
3.5 -44.9426 5.45211e-006 1.80776e-005 -1.61385 -1.61385
3.51 -44.8921 -2.2466e-006 -7.44797e-006 -1.62666 -1.62666
3.52 -44.8564 0.000171911 0.000276844 -1.6596 -1.6596
3.53 -44.844 3.96811e-005 6.25425e-005 -1.70382 -1.70382
3.54 -44.8624 2.81308e-005 2.57402e-005 -1.74827 -1.74827
3.55 -44.9128 -1.159e-005 -1.06056e-005 -1.77948 -1.77948
3.56 -44.9886 4.77504e-006 4.36948e-006 -1.78797 -1.78797
3.57 -45.0796 1.09158e-006 -7.3257e-007 -1.77206 -1.77206
3.58 -45.1757 1.01594e-005 4.05711e-006 -1.73858 -1.73858
3.59 -45.2693 2.44827e-005 5.0224e-006 -1.70287 -1.70287
3.6 -45.3557 1.14657e-005 1.93094e-006 -1.68203 -1.68203
3.61 -45.4327 -5.23394e-006 -1.94508e-006 -1.68413 -1.68413
3.62 -45.4984 2.93826e-005 -4.84432e-006 -1.70403 -1.70403
3.63 -45.5492 -2.16301e-006 4.73911e-006 -1.72613 -1.72613
3.64 -45.5823 6.88754e-005 7.40264e-005 -1.73222 -1.73222
3.65 -45.5987 9.60051e-005 0.000139156 -1.7149 -1.7149
3.66 -45.6033 0.000191366 1.52684e-005 -1.68406 -1.68406
3.67 -45.6016 -9.97634e-006 -4.42622e-005 -1.65788 -1.65788
3.68 -45.5985 1.04276e-005 2.36993e-005 -1.64982 -1.64982
3.69 -45.5992 2.17517e-005 2.28791e-005 -1.66303 -1.66303
3.7 -45.6103 0.000211217 -0.000190563 -1.69141 -1.69141
3.71 -45.638 -5.31732e-005 0.000104684 -1.72444 -1.72444
3.72 -45.6868 0.00019344 -0.000162979 -1.75425 -1.75425
3.73 -45.7597 0.00011586 -7.05918e-005 -1.77908 -1.77908
3.74 -45.8553 -0.00100179 0.000921116 -1.80167 -1.80167
3.75 -45.9699 -0.000752876 0.00067296 -1.8254 -1.8254
3.76 -46.0996 0.000772776 -0.000786871 -1.84999 -1.84999
3.77 -46.241 8.20797e-006 -3.55972e-005 -1.87059 -1.87059
3.78 -46.3912 0.000353565 -0.000210544 -1.88054 -1.88054
3.79 -46.5449 -0.00121323 0.00157616 -1.8744 -1.8744
3.8 -46.6974 -0.00103167 0.00124484 -1.84981 -1.84981
3.81 -46.8433 0.000425047 -0.000512869 -1.8092 -1.8092
3.82 -46.9745 -0.000163028 0.000250826 -1.76103 -1.76103
3.83 -47.0833 8.30231e-005 -5.48659e-005 -1.7179 -1.7179
3.84 -47.1653 -3.16367e-005 2.33037e-005 -1.69057 -1.69057
3.85 -47.2228 -3.93596e-005 -8.1322e-006 -1.68162 -1.68162
3.86 -47.2597 -2.97084e-005 7.50386e-006 -1.68505 -1.68505
3.87 -47.2772 -2.25206e-005 -6.79918e-006 -1.69409 -1.69409
3.88 -47.2744 -7.09255e-005 6.65788e-006 -1.7088 -1.7088
3.89 -47.2524 1.9312e-005 -7.54753e-006 -1.73373 -1.73373
3.9 -47.2137 -1.1095e-005 2.55657e-006 -1.76979 -1.76979
3.91 -47.1602 -5.46766e-005 4.20047e-006 -1.81131 -1.81131
3.92 -47.0904 -1.792e-005 3.38812e-006 -1.85069 -1.85069
3.93 -47.0025 7.26673e-006 -1.28592e-006 -1.88472 -1.88472
3.94 -46.898 -3.07409e-006 6.42858e-007 -1.91533 -1.91533
3.95 -46.7805 1.18563e-006 -1.38468e-007 -1.94405 -1.94405
3.96 -46.6509 -5.29763e-007 6.6558e-008 -1.96565 -1.96565
3.97 -46.5093 -6.42529e-005 0.000691372 -1.96803 -1.96803
3.98 -46.357 5.17824e-005 0.000389078 -1.93978 -1.93978
3.99 -46.1966 -2.61563e-005 -0.000101837 -1.87891 -1.87891
4 -46.0286 -1.84544e-005 7.14737e-005 -1.7952 -1.7952
4.01 -45.8501 6.93762e-006 0.000103827 -1.70564 -1.70564
4.02 -45.6599 -3.21887e-005 -5.175e-005 -1.6289 -1.6289
4.03 -45.4627 -2.52957e-005 5.33905e-005 -1.58183 -1.58183
4.04 -45.2652 -4.36199e-005 0.000311714 -1.57626 -1.57626
4.05 -45.0718 -5.6477e-005 7.18171e-005 -1.61482 -1.61482
4.06 -44.8871 -1.97559e-005 2.15461e-005 -1.69016 -1.69016
4.07 -44.715 7.66096e-006 -6.47038e-006 -1.78797 -1.78797
4.08 -44.5553 -5.98837e-006 4.87986e-006 -1.88898 -1.88898
4.09 -44.4036 3.75821e-007 -1.18364e-006 -1.97159 -1.97159
4.1 -44.2548 4.41019e-006 -3.5821e-006 -2.01754 -2.01754
4.11 -44.1075 -5.86615e-007 1.0901e-005 -2.01857 -2.01857
4.12 -43.9636 4.16987e-007 1.17926e-006 -1.97831 -1.97831
4.13 -43.8287 1.79163e-006 -3.26472e-006 -1.90857 -1.90857
4.14 -43.7092 -9.24753e-006 7.59652e-005 -1.82514 -1.82514
4.15 -43.6078 -8.30221e-005 0.000211751 -1.74375 -1.74375
4.16 -43.5245 1.05144e-005 6.05375e-005 -1.67593 -1.67593
4.17 -43.4595 -3.10094e-005 0.000184045 -1.62801 -1.62801
4.18 -43.4141 4.93626e-006 -6.35742e-005 -1.60355 -1.60355
4.19 -43.3908 -1.94356e-005 4.64151e-005 -1.60473 -1.60473
4.2 -43.3912 2.20231e-006 -1.44223e-005 -1.63032 -1.63032
4.21 -43.4165 -3.49692e-005 0.000100512 -1.67248 -1.67248
4.22 -43.4698 1.46962e-005 -4.61037e-005 -1.71593 -1.71593
4.23 -43.5535 -6.05523e-006 1.80529e-005 -1.74365 -1.74365
4.24 -43.6663 2.42643e-006 -7.57053e-006 -1.745 -1.745
4.25 -43.8061 -1.0365e-006 3.01928e-006 -1.7207 -1.7207
4.26 -43.9715 -3.8678e-005 0.000291448 -1.68392 -1.68392
4.27 -44.1597 1.97825e-005 -0.000121151 -1.65337 -1.65337
4.28 -44.367 -8.11249e-006 2.95183e-005 -1.64248 -1.64248
4.29 -44.5897 6.53945e-006 1.11467e-005 -1.65472 -1.65472
4.3 -44.8227 1.69846e-005 0.000143862 -1.68585 -1.68585
4.31 -45.0594 -5.78087e-006 -6.09681e-005 -1.72552 -1.72552
4.32 -45.2964 3.643e-005 1.25835e-005 -1.75946 -1.75946
4.33 -45.5338 0.000128811 -8.83884e-005 -1.7767 -1.7767
4.34 -45.7711 0.000281133 -0.000242175 -1.77526 -1.77526
4.35 -46.0057 0.000428712 -0.000420092 -1.76047 -1.76047
4.36 -46.2351 -0.000962258 0.0010139 -1.7386 -1.7386
4.37 -46.4575 -0.00117078 0.000998883 -1.71136 -1.71136
4.38 -46.6721 0.00173061 -0.00164277 -1.67687 -1.67687
4.39 -46.8743 -0.000306902 2.64281e-005 -1.63586 -1.63586
4.4 -47.0593 0.000265572 -0.000168984 -1.59581 -1.59581
4.41 -47.2237 -0.000412103 0.000416701 -1.56945 -1.56945
4.42 -47.3697 -0.000332627 0.000431404 -1.5685 -1.5685
4.43 -47.5025 0.000139347 -0.000180012 -1.59675 -1.59675
4.44 -47.6273 8.17007e-005 -0.00015716 -1.64677 -1.64677
4.45 -47.7465 -0.000244355 0.0002382 -1.70215 -1.70215
4.46 -47.8568 0.000307051 -0.000812928 -1.74314 -1.74314
4.47 -47.9511 -8.42462e-005 0.000303695 -1.75333 -1.75333
4.48 -48.025 0.00410976 -0.00057423 -1.72768 -1.72768
4.49 -48.0778 0.0024128 -0.000194403 -1.67863 -1.67863
4.5 -48.1077 -0.000986457 7.8068e-005 -1.63319 -1.63319
4.51 -48.1135 0.000349718 -8.8732e-007 -1.62018 -1.62018
4.52 -48.1 -0.000202151 3.49316e-005 -1.65445 -1.65445
4.53 -48.0692 9.10047e-005 -1.2778e-005 -1.72737 -1.72737
4.54 -48.0188 1.97089e-005 5.21078e-005 -1.81024 -1.81024
4.55 -47.9445 2.39711e-005 1.65253e-005 -1.86899 -1.86899
4.56 -47.8442 -1.60035e-005 -2.97084e-006 -1.87978 -1.87978
4.57 -47.7177 2.45099e-005 1.11722e-006 -1.83686 -1.83686
4.58 -47.5673 -7.85577e-005 -2.00443e-005 -1.75386 -1.75386
4.59 -47.3996 -5.50245e-006 5.99966e-005 -1.66147 -1.66147
4.6 -47.2241 3.1588e-005 0.000393143 -1.59721 -1.59721
4.61 -47.0484 1.16974e-005 2.50502e-005 -1.58775 -1.58775
4.62 -46.8737 -1.10628e-005 -1.93529e-005 -1.63504 -1.63504
4.63 -46.6982 2.46484e-006 8.79605e-006 -1.71671 -1.71671
4.64 -46.5258 -1.12355e-005 3.95021e-005 -1.80039 -1.80039
4.65 -46.3664 4.56181e-006 -1.62442e-005 -1.85939 -1.85939
4.66 -46.2295 -1.67898e-005 0.000115092 -1.87886 -1.87886
4.67 -46.1182 6.91165e-006 -4.74245e-005 -1.85603 -1.85603
4.68 -46.0305 -2.98488e-006 1.96391e-005 -1.80206 -1.80206
4.69 -45.9628 1.32349e-005 -2.50167e-005 -1.74257 -1.74257
4.7 -45.9134 2.4444e-005 -2.33672e-005 -1.70919 -1.70919
4.71 -45.8825 -3.89483e-005 3.80648e-005 -1.72397 -1.72397
4.72 -45.8691 3.08588e-005 -2.76132e-005 -1.78512 -1.78512
4.73 -45.8688 -4.41334e-005 3.89708e-005 -1.86475 -1.86475
4.74 -45.8776 2.95729e-005 -2.34493e-005 -1.92264 -1.92264
4.75 -45.893 -4.99275e-005 4.94087e-005 -1.92807 -1.92807
4.76 -45.9147 1.14895e-005 -8.39081e-006 -1.87582 -1.87582
4.77 -45.9452 -3.20506e-005 3.23329e-005 -1.78593 -1.78593
4.78 -45.9871 7.21513e-006 -9.23259e-006 -1.6889 -1.6889
4.79 -46.0389 8.44668e-005 -8.36964e-005 -1.61052 -1.61052
4.8 -46.0966 -3.51082e-005 3.35046e-005 -1.56545 -1.56545
4.81 -46.1574 3.76343e-005 0.000163844 -1.5582 -1.5582
4.82 -46.2212 1.04405e-005 0.000122532 -1.58551 -1.58551
4.83 -46.2887 -4.3162e-006 -5.0491e-005 -1.63733 -1.63733
4.84 -46.3617 6.20376e-005 -5.11645e-005 -1.69992 -1.69992
4.85 -46.4415 -1.87992e-005 1.75246e-005 -1.75964 -1.75964
4.86 -46.5232 3.46337e-005 -6.58896e-006 -1.80236 -1.80236
4.87 -46.5961 0.000669223 -0.000776944 -1.81089 -1.81089
4.88 -46.6526 0.000206707 -0.000230447 -1.77397 -1.77397
4.89 -46.6933 2.01297e-005 0.000381922 -1.70418 -1.70418
4.9 -46.7202 0.000106509 0.000151109 -1.63869 -1.63869
4.91 -46.733 -4.63603e-005 -6.65296e-005 -1.61375 -1.61375
4.92 -46.733 1.79646e-005 2.55903e-005 -1.63789 -1.63789
4.93 -46.7257 0.000252099 -0.000293792 -1.6904 -1.6904
4.94 -46.7172 -9.71769e-005 0.000115945 -1.73997 -1.73997
4.95 -46.7083 4.03603e-005 -5.87035e-005 -1.76207 -1.76207
4.96 -46.6971 0.000145407 -0.000165713 -1.74872 -1.74872
4.97 -46.6841 0.000216687 0.000509203 -1.7101 -1.7101
4.98 -46.6716 7.20139e-005 4.82019e-005 -1.66565 -1.66565
4.99 -46.6595 -3.0389e-005 -2.03696e-005 -1.63041 -1.63041
5 -46.6486 1.55008e-005 3.0243e-005 -1.60789 -1.60789
5.01 -46.6435 3.00157e-005 3.99864e-005 -1.59524 -1.59524
5.02 -46.6462 -1.53192e-005 -1.22694e-005 -1.59249 -1.59249
5.03 -46.6506 6.61865e-006 4.36178e-006 -1.60236 -1.60236
5.04 -46.6482 2.21221e-005 2.36653e-005 -1.62288 -1.62288
5.05 -46.6338 0.000115811 0.000136238 -1.64507 -1.64507
5.06 -46.6037 -4.95453e-005 -5.47367e-005 -1.65858 -1.65858
5.07 -46.5567 2.30004e-005 2.43198e-005 -1.65822 -1.65822
5.08 -46.4987 1.82231e-005 1.4e-005 -1.64877 -1.64877
5.09 -46.4401 0.000179029 0.000153233 -1.64482 -1.64482
5.1 -46.3891 -6.88203e-005 -4.70287e-005 -1.66177 -1.66177
5.11 -46.3517 2.6355e-005 3.24973e-005 -1.70371 -1.70371
5.12 -46.3353 0.000364314 -0.000786175 -1.75933 -1.75933
5.13 -46.3463 8.14737e-005 0.000170827 -1.80926 -1.80926
5.14 -46.3841 -0.000232166 0.000530698 -1.83558 -1.83558
5.15 -46.4428 0.000117905 -0.00025153 -1.82721 -1.82721
5.16 -46.5201 -4.85804e-005 0.000103625 -1.78518 -1.78518
5.17 -46.6187 2.00092e-005 -4.27006e-005 -1.72458 -1.72458
5.18 -46.7401 -1.49923e-006 2.71845e-005 -1.66655 -1.66655
5.19 -46.8833 2.02816e-006 -1.97007e-005 -1.62858 -1.62858
5.2 -47.0482 2.42963e-005 -1.73577e-006 -1.62018 -1.62018
5.21 -47.2322 -4.34756e-006 -8.48124e-006 -1.6415 -1.6415
5.22 -47.4234 0.000599495 -0.00107488 -1.68232 -1.68232
5.23 -47.6026 -0.000338815 0.000695809 -1.72261 -1.72261
5.24 -47.755 0.000902888 0.000242524 -1.74035 -1.74035
5.25 -47.8714 0.000396188 0.000636956 -1.7237 -1.7237
5.26 -47.9498 0.000545991 0.00054848 -1.67506 -1.67506
5.27 -47.9925 -4.65621e-005 -1.12356e-005 -1.60755 -1.60755
5.28 -48.0028 0.000503069 0.000814746 -1.5434 -1.5434
5.29 -47.9804 0.000290461 0.000487763 -1.50705 -1.50705
5.3 -47.9252 -2.9483e-005 -1.48423e-005 -1.51165 -1.51165
5.31 -47.841 0.000139871 0.000374144 -1.55486 -1.55486
5.32 -47.7313 0.000139766 0.000395121 -1.62675 -1.62675
5.33 -47.5968 2.39904e-007 3.27113e-005 -1.71559 -1.71559
5.34 -47.4384 9.30032e-006 3.0986e-005 -1.80949 -1.80949
5.35 -47.2619 6.49534e-005 0.000407076 -1.89864 -1.89864
5.36 -47.076 2.83977e-005 0.000467291 -1.97544 -1.97544
5.37 -46.8883 1.30455e-005 2.85351e-007 -2.03085 -2.03085
5.38 -46.7027 8.14253e-005 0.000443574 -2.04921 -2.04921
5.39 -46.5206 0.000296729 -0.000459236 -2.01671 -2.01671
5.4 -46.3422 0.000117891 -0.000682993 -1.94157 -1.94157
5.41 -46.168 -9.08818e-005 0.000568359 -1.8602 -1.8602
5.42 -45.9975 -0.000288593 0.000542752 -1.81534 -1.81534
5.43 -45.8267 -0.000430343 0.000339932 -1.82121 -1.82121
5.44 -45.6504 -0.00012873 0.000350623 -1.85665 -1.85665
5.45 -45.4627 -3.86495e-006 4.29174e-005 -1.89503 -1.89503
5.46 -45.2617 0.000623772 -0.00167546 -1.92991 -1.92991
5.47 -45.0535 -9.8675e-005 -0.000328539 -1.96687 -1.96687
5.48 -44.8457 -0.000246576 0.000551786 -2.00165 -2.00165
5.49 -44.6463 0.000114985 -0.000306185 -2.01772 -2.01772
5.5 -44.4607 -0.000376569 0.000647931 -1.99993 -1.99993
5.51 -44.2891 9.30853e-005 -0.00028519 -1.9465 -1.9465
5.52 -44.1348 -9.20378e-005 0.000226921 -1.87299 -1.87299
5.53 -44.006 1.73804e-005 -3.04905e-005 -1.80921 -1.80921
5.54 -43.9094 -1.01137e-005 1.60353e-005 -1.78883 -1.78883
5.55 -43.8488 5.5846e-006 -8.25223e-006 -1.83106 -1.83106
5.56 -43.8275 -3.4499e-006 3.91928e-006 -1.92596 -1.92596
5.57 -43.8467 2.267e-007 -1.55779e-006 -2.03823 -2.03823
5.58 -43.9004 1.09742e-006 5.59233e-007 -2.12573 -2.12573
5.59 -43.9762 -6.22299e-006 4.90336e-006 -2.15665 -2.15665
5.6 -44.0602 -3.19338e-005 4.65496e-005 -2.11442 -2.11442
5.61 -44.1377 -5.16477e-005 8.41169e-005 -1.99889 -1.99889
5.62 -44.1995 2.04124e-005 -3.75933e-005 -1.828 -1.828
5.63 -44.2437 -2.80993e-007 4.22482e-006 -1.63275 -1.63275
5.64 -44.2707 8.98111e-007 9.40498e-006 -1.45405 -1.45405
5.65 -44.2812 -4.79822e-005 0.000319616 -1.33253 -1.33253
5.66 -44.2722 -8.54492e-005 0.000748349 -1.28573 -1.28573
5.67 -44.2424 0.000603485 0.00276195 -1.29831 -1.29831
5.68 -44.1937 0.00459198 0.00612069 -1.34142 -1.34142
5.69 -44.1348 0.00169855 0.00174113 -1.39786 -1.39786
5.7 -44.0841 -0.000521994 -0.000453346 -1.46416 -1.46416
5.71 -44.0591 0.000554988 0.000648273 -1.53859 -1.53859
5.72 -44.0705 -0.000222288 -6.3394e-005 -1.61343 -1.61343
5.73 -44.1245 -0.00586595 -0.0080148 -1.67219 -1.67219
5.74 -44.2261 -1.33393e-005 -0.00213766 -1.69868 -1.69868
5.75 -44.3865 -0.00427826 -0.00505119 -1.6941 -1.6941
5.76 -44.6114 0.00230914 -0.000813344 -1.67514 -1.67514
5.77 -44.906 0.00064934 0.000773929 -1.66026 -1.66026
5.78 -45.2676 -0.00119232 -0.000309253 -1.65356 -1.65356
5.79 -45.686 -0.0010623 -0.000675043 -1.63864 -1.63864
5.8 -46.1436 -0.00132943 0.00433287 -1.60425 -1.60425
5.81 -46.6223 0.00108924 -0.000924325 -1.56455 -1.56455
5.82 -47.1092 -0.000473023 0.000827133 -1.54917 -1.54917
5.83 -47.6101 0.000157448 -0.000612918 -1.58629 -1.58629
5.84 -48.128 -0.000814688 -0.000589365 -1.68338 -1.68338
5.85 -48.6489 -0.00037834 0.000250421 -1.81333 -1.81333
5.86 -49.1444 -0.000261524 0.00115344 -1.92655 -1.92655
5.87 -49.5906 -0.00149018 0.00176148 -1.97958 -1.97958
5.88 -49.9766 -0.000499129 0.000666122 -1.95392 -1.95392
5.89 -50.3049 -0.000285166 0.000264876 -1.86019 -1.86019
5.9 -50.5845 -0.000157458 7.99616e-005 -1.73201 -1.73201
5.91 -50.8234 -0.000157013 0.000182524 -1.61245 -1.61245
5.92 -51.0262 0.00311103 0.000829318 -1.54175 -1.54175
5.93 -51.1957 0.0020005 0.00136622 -1.54345 -1.54345
5.94 -51.3295 0.00214562 0.00134833 -1.60993 -1.60993
5.95 -51.4196 0.0010276 0.000710292 -1.70452 -1.70452
5.96 -51.4545 0.00133841 0.00218844 -1.78357 -1.78357
5.97 -51.4247 -0.000765257 -0.000259434 -1.81899 -1.81899
5.98 -51.3272 0.0008429 0.002067 -1.80947 -1.80947
5.99 -51.1609 8.52035e-005 0.000454137 -1.78321 -1.78321
6 -50.916 -6.92394e-005 6.29416e-005 -1.78309 -1.78309
6.01 -50.5728 -6.8518e-005 0.000728326 -1.8348 -1.8348
6.02 -50.1073 -7.5769e-005 0.000661779 -1.94276 -1.94276
6.03 -49.4942 -4.15222e-005 0.00039664 -2.11584 -2.11584
6.04 -48.7183 -0.000139979 0.000627627 -2.35618 -2.35618
6.05 -47.7777 -0.000572796 0.00190591 -2.61945 -2.61945
6.06 -46.6841 -0.000881404 0.00111915 -2.82492 -2.82492
6.07 -45.465 -0.00146748 0.00300742 -2.90963 -2.90963
6.08 -44.1604 -0.0026763 0.00304645 -2.84579 -2.84579
6.09 -42.8164 -0.00247378 0.00232593 -2.6242 -2.6242
6.1 -41.4762 0.00165604 -0.00173607 -2.2783 -2.2783
6.11 -40.1863 0.00163744 -0.00167408 -1.9114 -1.9114
6.12 -38.9972 -0.00118491 0.000771845 -1.64598 -1.64598
6.13 -37.9563 0.000345981 -0.000296375 -1.53616 -1.53616
6.14 -37.1109 -0.000603344 0.000294366 -1.54847 -1.54847
6.15 -36.504 0.000504994 -0.000347699 -1.62533 -1.62533
6.16 -36.1673 -0.00109097 0.000543781 -1.72306 -1.72306
6.17 -36.1139 0.000477438 -0.000168001 -1.79373 -1.79373
6.18 -36.3384 -8.708e-005 0.000232341 -1.78648 -1.78648
6.19 -36.8128 9.95105e-005 8.49311e-005 -1.67795 -1.67795
6.2 -37.4856 -4.69053e-005 -1.77556e-005 -1.49039 -1.49039
6.21 -38.294 0.00015147 0.0001555 -1.28886 -1.28886
6.22 -39.1854 4.24792e-005 0.000102704 -1.16205 -1.16205
6.23 -40.1227 -3.57493e-005 -4.01538e-006 -1.18495 -1.18495
6.24 -41.0747 0.000215128 0.000336201 -1.37746 -1.37746
6.25 -42.0011 0.000145642 0.000203157 -1.68581 -1.68581
6.26 -42.8484 6.74289e-005 1.79579e-005 -2.00325 -2.00325
6.27 -43.559 -0.00133716 -0.0011041 -2.22807 -2.22807
6.28 -44.0933 -0.00123388 -0.00125523 -2.31592 -2.31592
6.29 -44.4462 -0.000328543 -0.000523921 -2.28695 -2.28695
6.3 -44.6498 0.000265308 2.71073e-005 -2.20571 -2.20571
6.31 -44.7506 -0.000153903 -0.000382079 -2.14299 -2.14299
6.32 -44.7801 0.000367343 0.000115574 -2.13011 -2.13011
6.33 -44.7521 0.00027556 -0.000188392 -2.14257 -2.14257
6.34 -44.6713 -9.37871e-005 0.000485786 -2.12754 -2.12754
6.35 -44.5435 -0.0023794 -0.00131539 -2.0494 -2.0494
6.36 -44.3882 0.000209741 -0.000757183 -1.92249 -1.92249
6.37 -44.2433 8.62615e-006 0.000286864 -1.81356 -1.81356
6.38 -44.1655 -2.56712e-005 -0.000102661 -1.8031 -1.8031
6.39 -44.1986 -0.00033247 0.000600281 -1.91934 -1.91934
6.4 -44.3446 -0.000148297 0.000233173 -2.09631 -2.09631
6.41 -44.5794 0.00079909 4.21405e-005 -2.20034 -2.20034
6.42 -44.8832 0.00206895 -0.0011752 -2.11692 -2.11692
6.43 -45.2445 -0.00137597 0.00249611 -1.83046 -1.83046
6.44 -45.6442 0.00165801 -8.02696e-005 -1.42064 -1.42064
6.45 -46.0645 5.01733e-005 0.00341557 -1.00009 -1.00009
6.46 -46.5065 0.00221703 0.0033945 -0.658426 -0.658426
6.47 -46.9579 0.00525224 -0.00342732 -0.437565 -0.437565
6.48 -47.3868 -0.00299364 0.00432298 -0.341394 -0.341394
6.49 -47.7615 0.000690733 -0.00307429 -0.353997 -0.353997
6.5 -48.047 0.00038562 -0.000450789 -0.462855 -0.462855
6.51 -48.2276 -0.000447706 -0.000629591 -0.666625 -0.666625
6.52 -48.2978 -0.00366083 -0.00788336 -0.939444 -0.939444
6.53 -48.2461 -0.00907741 -0.0113037 -1.20427 -1.20427
6.54 -48.0553 0.00795688 0.0180831 -1.38311 -1.38311
6.55 -47.7367 0.0141828 0.0148579 -1.48808 -1.48808
6.56 -47.3184 0.00358646 0.00420741 -1.59558 -1.59558
6.57 -46.8384 -0.0032071 -0.00190224 -1.7245 -1.7245
6.58 -46.3499 -0.00104325 -0.000448007 -1.83542 -1.83542
6.59 -45.8949 0.000363871 -0.000195965 -1.91381 -1.91381
6.6 -45.5037 -0.000793526 0.00045744 -1.97187 -1.97187
6.61 -45.2002 -0.000317559 -0.000155064 -2.00462 -2.00462
6.62 -45.0104 -0.000823978 -0.000704348 -1.98225 -1.98225
6.63 -44.9625 9.74502e-005 -0.000497684 -1.88072 -1.88072
6.64 -45.0807 -6.65176e-005 8.79582e-005 -1.70926 -1.70926
6.65 -45.374 1.95609e-005 -1.16426e-005 -1.50038 -1.50038
6.66 -45.8301 -6.89754e-006 4.30396e-006 -1.2929 -1.2929
6.67 -46.419 6.82913e-006 -2.75102e-006 -1.12603 -1.12603
6.68 -47.0961 -3.31883e-007 2.87496e-006 -1.02661 -1.02661
6.69 -47.814 1.71483e-005 1.47394e-005 -1.00115 -1.00115
6.7 -48.5269 4.92803e-006 -7.78605e-006 -1.04631 -1.04631
6.71 -49.1846 4.17855e-005 -2.82041e-006 -1.16114 -1.16114
6.72 -49.7349 3.48553e-005 -7.20395e-006 -1.33534 -1.33534
6.73 -50.1399 8.75695e-005 -8.84485e-005 -1.52331 -1.52331
6.74 -50.3946 -8.55149e-005 0.000229616 -1.64558 -1.64558
6.75 -50.524 0.000621198 0.000153883 -1.63927 -1.63927
6.76 -50.5694 0.00073708 0.00106751 -1.5107 -1.5107
6.77 -50.5771 0.000967338 0.000693617 -1.3324 -1.3324
6.78 -50.599 0.000442353 0.0012845 -1.19809 -1.19809
6.79 -50.6876 0.00464283 0.00759407 -1.18499 -1.18499
6.8 -50.8798 0.0147159 -0.00168243 -1.3225 -1.3225
6.81 -51.212 0.00505473 -0.00261792 -1.56012 -1.56012
6.82 -51.7097 0.00257324 0.00222689 -1.8191 -1.8191
6.83 -52.3813 0.000282465 -0.00199054 -2.07353 -2.07353
6.84 -53.2138 0.00150611 0.00102057 -2.32315 -2.32315
6.85 -54.1603 -2.14124e-005 0.000672376 -2.54044 -2.54044
6.86 -55.1554 0.000402122 -0.00133364 -2.68608 -2.68608
6.87 -56.1234 0.00141614 -0.00102316 -2.73715 -2.73715
6.88 -56.9782 -0.000725177 -0.00276573 -2.68117 -2.68117
6.89 -57.623 -0.000502916 -0.0015394 -2.50907 -2.50907
6.9 -57.961 0.0001867 0.000788517 -2.22328 -2.22328
6.91 -57.9254 -0.000346845 0.000925709 -1.84468 -1.84468
6.92 -57.496 -0.000430332 0.00100906 -1.42577 -1.42577
6.93 -56.6848 -8.54357e-005 -0.000292402 -1.05261 -1.05261
6.94 -55.5198 -0.000265088 -0.0018856 -0.808179 -0.808179
6.95 -54.0381 8.06793e-005 -0.00068249 -0.737364 -0.737364
6.96 -52.2986 3.19213e-005 0.000586789 -0.847403 -0.847403
6.97 -50.3869 -4.37065e-005 -0.000143406 -1.12332 -1.12332
6.98 -48.4075 7.6355e-006 8.9292e-005 -1.5344 -1.5344
6.99 -46.466 -1.66016e-006 -3.2713e-005 -2.01568 -2.01568
7 -44.6655 -4.46036e-006 4.39246e-005 -2.45203 -2.45203
7.01 -43.1016 -2.77824e-005 4.50225e-005 -2.72676 -2.72676
7.02 -41.8584 -2.99554e-005 6.67846e-005 -2.79347 -2.79347
7.03 -40.9892 6.37973e-006 0.000666881 -2.67557 -2.67557
7.04 -40.4919 -0.000180286 0.000316963 -2.42073 -2.42073
7.05 -40.3088 -0.000246066 0.000147393 -2.07761 -2.07761
7.06 -40.3497 -0.00017642 7.80592e-005 -1.70088 -1.70088
7.07 -40.5256 -0.00770593 0.0119472 -1.36135 -1.36135
7.08 -40.7515 0.00509246 -0.00787789 -1.13317 -1.13317
7.09 -40.9359 0.0264205 -0.0310026 -1.07039 -1.07039
7.1 -40.9874 -0.0137339 0.0129722 -1.14426 -1.14426
7.11 -40.8132 -0.00736874 -0.00137089 -1.2116 -1.2116
7.12 -40.3545 -0.00777568 0.000320993 -1.15069 -1.15069
7.13 -39.5699 0.000748859 -0.00166809 -0.963462 -0.963462
7.14 -38.4617 -0.00339072 0.00472625 -0.707164 -0.707164
7.15 -37.0651 -0.0064736 0.00229065 -0.435078 -0.435078
7.16 -35.4479 3.3114e-006 -0.00210977 -0.222214 -0.222214
7.17 -33.7095 -0.00142344 0.00341148 -0.183069 -0.183069
7.18 -31.9821 -0.00229648 -0.0044706 -0.39583 -0.39583
7.19 -30.3971 0.00495706 0.00663422 -0.808567 -0.808567
7.2 -29.0746 -0.00144368 -0.000680782 -1.31726 -1.31726
7.21 -28.1275 -0.000328287 -0.00124709 -1.89245 -1.89245
7.22 -27.6552 -2.96225e-005 0.000271249 -2.48939 -2.48939
7.23 -27.7212 -0.000439078 -0.000519136 -2.95458 -2.95458
7.24 -28.3512 0.000413468 0.000546426 -3.14957 -3.14957
7.25 -29.5251 0.00132695 0.00146438 -3.06799 -3.06799
7.26 -31.1792 0.00282159 0.00316341 -2.76194 -2.76194
7.27 -33.2154 0.00118461 0.000787148 -2.19356 -2.19356
7.28 -35.5265 0.000153098 -0.000118116 -1.3106 -1.3106
7.29 -38.0084 0.00102853 0.00123585 -0.316789 -0.316789
7.3 -40.5459 0.000823343 0.000711504 0.436541 0.436541
7.31 -43.0243 0.000295183 -0.000234109 0.831579 0.831579
7.32 -45.3597 0.000853913 9.61715e-005 0.938458 0.938458
7.33 -47.4725 0.00172527 -0.000821288 0.758007 0.758007
7.34 -49.2777 -0.000411483 0.00216045 0.274832 0.274832
7.35 -50.7142 0.008026 -0.00434474 -0.398357 -0.398357
7.36 -51.7672 0.00563878 -0.00567749 -1.11554 -1.11554
7.37 -52.482 0.0012103 -0.00191691 -1.81475 -1.81475
7.38 -52.9343 0.0101425 -0.0116761 -2.45449 -2.45449
7.39 -53.1932 0.00488576 -0.00401392 -2.97055 -2.97055
7.4 -53.3171 -0.00181783 0.00501161 -3.29905 -3.29905
7.41 -53.3677 0.000197887 0.00167656 -3.34103 -3.34103
7.42 -53.4189 -8.96831e-005 -0.00254467 -2.99869 -2.99869
7.43 -53.5299 0.00264605 -0.0044199 -2.31133 -2.31133
7.44 -53.7309 0.00213386 -0.000936076 -1.45811 -1.45811
7.45 -54.0201 -0.000106812 -0.00170274 -0.632133 -0.632133
7.46 -54.3718 0.00237719 -0.00142077 0.0396233 0.0396233
7.47 -54.761 0.00150105 -0.00214845 0.479985 0.479985
7.48 -55.1613 0.000825646 0.00144978 0.605751 0.605751
7.49 -55.5472 0.00127349 0.00122189 0.360256 0.360256
7.5 -55.8948 0.000440739 0.00110441 -0.172893 -0.172893
7.51 -56.1661 -0.000526479 -0.00279782 -0.772871 -0.772871
7.52 -56.3303 0.00238874 0.00677509 -1.222 -1.222
7.53 -56.3812 -0.00166058 -0.00248671 -1.42887 -1.42887
7.54 -56.3218 -0.00210052 -0.00676014 -1.43628 -1.43628
7.55 -56.1742 -0.00200869 -0.00530882 -1.31884 -1.31884
7.56 -55.9665 -0.00258432 -0.00532641 -1.10214 -1.10214
7.57 -55.7231 0.00650885 0.00378092 -0.797717 -0.797717
7.58 -55.4856 0.00683674 0.00707468 -0.487836 -0.487836
7.59 -55.3166 0.000567305 -0.00192581 -0.330822 -0.330822
7.6 -55.2757 -0.00381251 -0.00308408 -0.443914 -0.443914
7.61 -55.3846 0.00123647 0.000627693 -0.793688 -0.793688
7.62 -55.6209 -0.000606379 -0.0018819 -1.2199 -1.2199
7.63 -55.9232 0.00212121 -0.00339542 -1.5458 -1.5458
7.64 -56.225 0.00281459 -0.00256489 -1.67138 -1.67138
7.65 -56.4696 2.69518e-005 0.000630421 -1.59622 -1.59622
7.66 -56.6128 0.000258996 3.2751e-005 -1.3776 -1.3776
7.67 -56.6221 0.000278833 0.000477195 -1.08071 -1.08071
7.68 -56.4571 0.000597441 0.000869763 -0.767945 -0.767945
7.69 -56.0643 0.00351554 0.00353053 -0.491518 -0.491518
7.7 -55.3983 0.00697624 0.00828292 -0.272874 -0.272874
7.71 -54.447 0.00399808 0.00694566 -0.11008 -0.11008
7.72 -53.2331 0.000815727 0.00317634 0.00721325 0.00721325
7.73 -51.7913 -0.000545926 -0.000494253 0.0817558 0.0817558
7.74 -50.1649 -0.00115445 -0.00194268 0.10129 0.10129
7.75 -48.4302 -0.000392614 -0.000242858 0.0531774 0.0531774
7.76 -46.6671 -0.000644399 0.00471856 -0.105481 -0.105481
7.77 -44.9483 -0.000274622 -0.00503445 -0.448195 -0.448195
7.78 -43.3606 -0.000265429 -0.00164671 -0.981182 -0.981182
7.79 -41.9467 -0.00218532 0.000688972 -1.61791 -1.61791
7.8 -40.7381 -0.00117422 0.00231512 -2.25636 -2.25636
7.81 -39.7601 -0.00622948 0.00429633 -2.80568 -2.80568
7.82 -39.0217 -0.00878278 0.0126859 -3.18337 -3.18337
7.83 -38.5399 -0.00362206 0.00700989 -3.35855 -3.35855
7.84 -38.3195 0.00741 -0.00745389 -3.36045 -3.36045
7.85 -38.3476 -0.00521994 0.00339341 -3.21179 -3.21179
7.86 -38.5851 0.0013359 -0.00623825 -2.88535 -2.88535
7.87 -38.9861 -0.00413128 -0.00109727 -2.33902 -2.33902
7.88 -39.5064 -0.00110262 -0.00185585 -1.59323 -1.59323
7.89 -40.0988 -0.000201502 -0.000210594 -0.744039 -0.744039
7.9 -40.7119 0.000728317 0.000137889 0.0801762 0.0801762
7.91 -41.2891 -0.000224705 -8.65957e-005 0.726572 0.726572
7.92 -41.7891 -0.000965743 -0.00215681 1.04909 1.04909
7.93 -42.1934 -0.000555646 -0.00101874 0.969163 0.969163
7.94 -42.4898 0.000262851 0.000383696 0.496756 0.496756
7.95 -42.6744 -0.000132277 -0.000107219 -0.270707 -0.270707
7.96 -42.7378 -6.90311e-006 0.00014252 -1.15562 -1.15562
7.97 -42.6678 -1.70768e-005 4.15527e-005 -1.9378 -1.9378
7.98 -42.4636 7.71027e-005 -2.23788e-005 -2.43518 -2.43518
7.99 -42.1437 -7.69147e-005 3.07001e-005 -2.58349 -2.58349
8 -41.7471 -2.80985e-006 1.87529e-005 -2.44721 -2.44721
8.01 -41.3219 -5.82581e-005 0.000106007 -2.16072 -2.16072
8.02 -40.9045 8.17193e-006 0.000262722 -1.84852 -1.84852
8.03 -40.5128 -0.000388399 9.49187e-005 -1.5734 -1.5734
8.04 -40.1668 -0.000700027 0.00509007 -1.33641 -1.33641
8.05 -39.9037 0.00615825 0.00396025 -1.11329 -1.11329
8.06 -39.7584 0.00104563 -0.00188902 -0.877711 -0.877711
8.07 -39.7305 0.000347536 -0.00109635 -0.583821 -0.583821
8.08 -39.7901 -0.0140962 -0.007253 -0.15354 -0.15354
8.09 -39.91 0.000409572 -0.00539645 0.41328 0.41328
8.1 -40.0748 0.011894 0.00483058 0.937656 0.937656
8.11 -40.2724 0.00709252 0.00679932 1.19142 1.19142
8.12 -40.492 0.00295392 0.0059564 1.06202 1.06202
8.13 -40.7345 0.00107681 0.000510011 0.594201 0.594201
8.14 -41.0054 0.0013618 0.00399789 -0.0525365 -0.0525365
8.15 -41.3075 0.00219899 0.0086243 -0.699943 -0.699943
8.16 -41.6403 -0.00164279 3.59646e-005 -1.2191 -1.2191
8.17 -42.0155 -0.0018983 -0.00759812 -1.53901 -1.53901
8.18 -42.4513 0.00169666 -0.0040612 -1.63519 -1.63519
8.19 -42.9775 0.00168509 -0.000816913 -1.51817 -1.51817
8.2 -43.6197 -0.00101181 0.000114485 -1.20929 -1.20929
8.21 -44.3886 0.000671787 0.000133197 -0.753872 -0.753872
8.22 -45.2735 0.00138297 -0.00148678 -0.281984 -0.281984
8.23 -46.2399 -0.000880921 0.001356 0.0290269 0.0290269
8.24 -47.23 0.000929202 -0.000797384 0.100091 0.100091
8.25 -48.1785 0.000690285 -0.000222989 -0.0129739 -0.0129739
8.26 -49.0212 0.000297338 -0.00019438 -0.219793 -0.219793
8.27 -49.6919 0.00092925 0.000614084 -0.453886 -0.453886
8.28 -50.1232 0.000746504 0.00155554 -0.655627 -0.655627
8.29 -50.2654 -3.59767e-005 0.00151099 -0.766839 -0.766839
8.3 -50.0838 -0.000848278 0.00119258 -0.752077 -0.752077
8.31 -49.5537 -0.000384452 0.000414897 -0.607109 -0.607109
8.32 -48.6637 0.00314668 0.00311172 -0.357408 -0.357408
8.33 -47.4237 0.00588661 0.0100773 -0.0687975 -0.0687975
8.34 -45.8826 -0.00612363 0.00431004 0.171856 0.171856
8.35 -44.1195 -0.00966385 0.000375367 0.308027 0.308027
8.36 -42.2197 -0.00111383 -0.00469202 0.330273 0.330273
8.37 -40.2592 0.00501191 -0.00570732 0.239477 0.239477
8.38 -38.3183 0.00580239 -0.00274621 0.00741405 0.00741405
8.39 -36.4858 -0.00165197 0.00382313 -0.405934 -0.405934
8.4 -34.8126 -0.00333562 0.00125926 -0.996741 -0.996741
8.41 -33.3448 -0.00237615 0.00234886 -1.68006 -1.68006
8.42 -32.1058 0.00191391 -0.00240321 -2.31416 -2.31416
8.43 -31.0797 0.00969667 -0.00219208 -2.75668 -2.75668
8.44 -30.2384 -0.00205274 0.00606453 -2.91434 -2.91434
8.45 -29.5313 -0.00128957 -0.00436621 -2.74034 -2.74034
8.46 -28.8959 -0.00500429 -0.00161324 -2.16746 -2.16746
8.47 -28.2706 -0.0127642 0.00764842 -1.12131 -1.12131
8.48 -27.605 -0.0649863 0.0647845 0.462798 0.462798
8.49 -26.8424 -0.0460053 0.0504093 2.55452 2.55452
8.5 -25.9682 -0.152121 0.154407 4.93414 4.93414
8.51 -24.9272 -0.0465227 0.047337 7.31704 7.31704
8.52 -23.7773 -0.0144375 0.0275781 9.37223 9.37223
8.53 -22.5618 -0.0187711 0.00732576 10.7426 10.7426
8.54 -21.3471 -0.00332208 0.00698032 11.2461 11.2461
8.55 -20.2209 -0.0559269 0.0661305 10.9535 10.9535
8.56 -19.2435 -0.031437 0.0290253 10.0643 10.0643
8.57 -18.4803 0.00951651 -0.0107847 8.76206 8.76206
8.58 -17.9956 -0.00397312 0.00439981 7.21085 7.21085
8.59 -17.8367 0.0018707 -0.0015952 5.64855 5.64855
8.6 -18.0389 -0.00192336 -0.000281938 4.39612 4.39612
8.61 -18.5925 -0.00122871 -0.00142159 3.73135 3.73135
8.62 -19.4481 -6.25753e-005 0.00031162 3.76654 3.76654
8.63 -20.5324 -0.000377542 -0.0002718 4.43326 4.43326
8.64 -21.7551 -0.00102405 0.000166118 5.56452 5.56452
8.65 -23.011 0.000938649 0.000801421 6.96472 6.96472
8.66 -24.1913 -0.00134892 5.12563e-005 8.41734 8.41734
8.67 -25.2072 -0.00734618 0.00254121 9.69742 9.69742
8.68 -25.9895 -0.00169918 0.00075014 10.5933 10.5933
8.69 -26.5042 0.000112556 0.00103664 10.9383 10.9383
8.7 -26.7493 -0.00499903 0.000417733 10.6847 10.6847
8.71 -26.7527 0.000566838 -0.000635967 9.92765 9.92765
8.72 -26.5719 -0.000434051 2.80613e-005 8.82246 8.82246
8.73 -26.3125 -0.000408229 -0.000673949 7.51019 7.51019
8.74 -26.1033 0.000115369 0.000235636 6.12068 6.12068
8.75 -26.0657 -0.000975805 -0.00112817 4.79642 4.79642
8.76 -26.3006 0.00190478 0.00221464 3.68453 3.68453
8.77 -26.8937 -0.000472392 -0.000219722 2.89816 2.89816
8.78 -27.9216 0.00034666 0.000914834 2.47809 2.47809
8.79 -29.4519 -0.000339629 -0.000159691 2.38272 2.38272
8.8 -31.5215 0.000512564 0.00240299 2.53196 2.53196
8.81 -34.137 -3.29609e-007 0.00200569 2.86012 2.86012
8.82 -37.2717 -0.010765 0.0189096 3.17984 3.17984
8.83 -40.8534 -0.046325 0.0425511 3.18945 3.18945
8.84 -44.7264 -0.01876 0.0206893 2.82264 2.82264
8.85 -48.7436 -0.0949305 0.108217 2.27169 2.27169
8.86 -52.7634 0.0541705 -0.0319783 1.62131 1.62131
8.87 -56.6293 -0.00437072 0.00890716 0.821399 0.821399
8.88 -60.2403 0.00315589 -0.000884599 0.0156568 0.0156568
8.89 -63.5192 0.0201548 -0.00764701 -0.559421 -0.559421
8.9 -66.443 0.020601 -0.0254371 -0.832199 -0.832199
8.91 -68.9606 0.0490996 -0.0532298 -0.687744 -0.687744
8.92 -71.0346 0.0811859 -0.0664237 0.309443 0.309443
8.93 -72.7091 0.260168 -0.257223 2.6577 2.6577
8.94 -73.9698 0.219933 -0.191325 6.30045 6.30045
8.95 -74.9369 0.25851 -0.256404 10.6458 10.6458
8.96 -75.6559 0.164314 -0.0817642 14.9877 14.9877
8.97 -76.2863 0.191464 -0.250316 18.8029 18.8029
8.98 -76.8506 0.148413 -0.0646488 21.9316 21.9316
8.99 -77.4766 0.085503 -0.0362222 24.2713 24.2713
9 -78.1916 0.0220965 -0.0171628 25.617 25.617
9.01 -79.0162 0.0305275 -0.00576224 25.7979 25.7979
9.02 -79.9172 0.0112118 -0.00582799 24.7144 24.7144
9.03 -80.8649 0.0411691 -0.0637119 22.6222 22.6222
9.04 -81.7701 0.146236 -0.0904682 20.2427 20.2427
9.05 -82.5254 0.00792498 0.0199313 18.1885 18.1885
9.06 -83.0745 -0.00422568 -0.00693484 16.5792 16.5792
9.07 -83.292 0.00126503 0.00278823 15.4216 15.4216
9.08 -83.092 -0.000636798 -0.00119237 14.8818 14.8818
9.09 -82.4126 0.000238266 0.000434372 15.0599 15.0599
9.1 -81.2189 -3.55954e-005 -0.000188571 15.7614 15.7614
9.11 -79.4898 0.000114569 0.000202173 16.5899 16.5899
9.12 -77.2388 -0.000240249 -0.000176337 17.1932 17.1932
9.13 -74.5079 0.00251804 0.00400495 17.3583 17.3583
9.14 -71.365 0.00144113 0.00232241 16.9823 16.9823
9.15 -67.9079 -0.000667514 -0.00100357 16.0409 16.0409
9.16 -64.254 0.000115349 0.000308041 14.5748 14.5748
9.17 -60.5168 0.000848699 0.00234645 12.7079 12.7079
9.18 -56.79 0.00196985 0.00476599 10.6545 10.6545
9.19 -53.1376 -0.00217576 -0.00539909 8.67284 8.67284
9.2 -49.6035 0.000506123 -0.00487585 6.98967 6.98967
9.21 -46.202 0.0164643 -0.0213931 5.594 5.594
9.22 -42.9951 -0.037745 0.0687972 4.29213 4.29213
9.23 -39.8883 0.479738 -0.505981 3.20645 3.20645
9.24 -36.7781 0.217177 -0.14527 2.84555 2.84555
9.25 -33.8839 0.0131887 0.0154384 3.50097 3.50097
9.26 -30.987 0.0548198 -0.00224119 4.85804 4.85804
9.27 -28.1082 0.00846318 0.0341171 6.3721 6.3721
9.28 -25.2324 -0.0109006 0.0118675 7.72231 7.72231
9.29 -22.4264 -0.213334 0.16901 8.90918 8.90918
9.3 -19.7684 -0.637068 0.584371 10.2424 10.2424
9.31 -17.1941 -0.184292 0.175499 11.9181 11.9181
9.32 -14.8187 -0.0933879 0.117592 13.4924 13.4924
9.33 -12.6843 -0.0216578 0.013032 14.3791 14.3791
9.34 -10.9077 -0.0600264 0.0654756 14.6759 14.6759
9.35 -9.52169 -0.00895796 -0.00368401 14.8819 14.8819
9.36 -8.60942 -0.00870174 0.0138281 15.1917 15.1917
9.37 -8.18594 0.00217796 -0.00179535 15.4063 15.4063
9.38 -8.27932 -0.0498895 0.0738611 15.2726 15.2726
9.39 -8.87838 -0.0519741 0.0437275 14.7224 14.7224
9.4 -9.9514 0.0111278 -0.00746125 13.8793 13.8793
9.41 -11.4615 -0.0109694 0.0052804 12.9605 12.9605
9.42 -13.3505 -0.000539625 -0.00357614 12.1325 12.1325
9.43 -15.5684 0.000527011 0.00250029 11.4192 11.4192
9.44 -18.0504 -0.000941258 -0.00146416 10.7942 10.7942
9.45 -20.7344 2.05206e-005 0.000398285 10.3253 10.3253
9.46 -23.5691 -7.11197e-005 -0.000207673 10.0972 10.0972
9.47 -26.5308 -0.000122033 2.84757e-005 10.0281 10.0281
9.48 -29.6207 -1.87378e-005 0.000477391 9.90027 9.90027
9.49 -32.8395 -0.000283045 0.00125966 9.60986 9.60986
9.5 -36.1865 -0.000729238 0.00261613 9.22651 9.22651
9.51 -39.654 -0.00187188 0.00487676 8.62801 8.62801
9.52 -43.3145 -0.172989 0.226612 7.80101 7.80101
9.53 -46.9819 0.184298 -0.165842 7.61855 7.61855
9.54 -50.608 -0.032883 -0.0176463 8.70798 8.70798
9.55 -54.4191 0.00652634 0.0290379 10.0976 10.0976
9.56 -58.2279 -0.00132769 0.00500589 10.8518 10.8518
9.57 -62.0678 -0.000635223 0.0107319 11.6442 11.6442
9.58 -65.8599 -0.000133545 -0.00117438 13.3237 13.3237
9.59 -69.5674 -7.36927e-005 0.00727406 15.6036 15.6036
9.6 -73.1705 -0.0015851 -0.00599421 17.7858 17.7858
9.61 -76.6449 -0.00047231 0.00110783 19.5021 19.5021
9.62 -79.9585 0.00681301 0.0029895 20.6807 20.6807
9.63 -83.0439 0.255093 -0.0135121 21.3005 21.3005
9.64 -85.9002 1.33318 -1.05436 20.9403 20.9403
9.65 -88.2959 0.202304 -0.361099 19.388 19.388
9.66 -90.5232 0.0629849 0.0877258 17.5692 17.5692
9.67 -92.5789 0.059144 -0.109875 16.3959 16.3959
9.68 -94.4192 0.0111312 0.0408085 15.8527 15.8527
9.69 -96.0379 0.00456146 0.0127522 15.7696 15.7696
9.7 -97.3916 0.0164999 0.011606 16.3058 16.3058
9.71 -98.4882 0.0230087 0.0031207 17.6543 17.6543
9.72 -99.3213 -0.0196357 0.00920018 19.721 19.721
9.73 -99.8631 0.00931739 -0.00417019 22.0946 22.0946
9.74 -100.125 0.115141 -0.013128 24.15 24.15
9.75 -100.035 0.069762 -0.0294264 25.3781 25.3781
9.76 -99.6228 -0.0325929 0.00994394 25.7047 25.7047
9.77 -98.9066 0.0141289 -0.00269551 25.2779 25.2779
9.78 -97.8279 -0.00436825 0.0039083 24.1712 24.1712
9.79 -96.3817 0.00202369 -0.000915101 22.492 22.492
9.8 -94.5533 -0.00266628 -0.00286882 20.5128 20.5128
9.81 -92.3554 0.00057518 1.29245e-005 18.6222 18.6222
9.82 -89.8163 -6.82249e-005 -0.000581874 17.1964 17.1964
9.83 -86.9753 0.00635052 0.00612068 16.4557 16.4557
9.84 -83.8669 -2.09632e-005 -0.000413343 16.404 16.404
9.85 -80.5291 -0.00167844 -0.00233577 16.9148 16.9148
9.86 -77.0009 0.000222267 0.00025119 17.8462 17.8462
9.87 -73.3315 -0.000181475 -0.000343161 19.0333 19.0333
9.88 -69.5734 9.03527e-005 0.000162179 20.2262 20.2262
9.89 -65.7752 5.39902e-005 -6.55726e-005 21.1152 21.1152
9.9 -61.9812 1.30028e-005 -5.25194e-005 21.4502 21.4502
9.91 -58.231 0.000278488 0.000244823 21.1264 21.1264
9.92 -54.5466 0.000419655 0.000359929 20.1863 20.1863
9.93 -50.9508 -0.00975129 0.0100939 18.747 18.747
9.94 -47.4718 -0.238842 0.20619 16.6927 16.6927
9.95 -44.2199 -0.201682 0.138707 13.3395 13.3395
9.96 -40.8502 1.17916 -1.03675 8.78407 8.78407
9.97 -37.3705 -0.150224 0.171803 5.4836 5.4836
9.98 -34.2962 0.11783 -0.0390602 5.42963 5.42963
9.99 -31.2001 -0.0117673 -0.00476473 7.2341 7.2341
10 -28.1941 0.00420156 0.0145623 8.67554 8.67554
