0.1 -3.105 2.07079e-012 1.70869e-012 1.18127e-011 1.18127e-011
0.2 -6.21 6.42897e-012 5.14899e-012 1.05139e-011 1.05139e-011
0.3 -9.315 7.55129e-012 5.59131e-012 3.59531e-011 3.59531e-011
0.4 -12.42 7.76557e-012 5.52469e-012 -7.54761e-011 -7.54761e-011
0.5 -15.525 7.75913e-012 5.39013e-012 2.67719e-011 2.67719e-011
0.6 -18.63 7.73293e-012 5.25802e-012 6.53772e-011 6.53772e-011
0.7 -21.735 7.70006e-012 5.1612e-012 8.68141e-011 8.68141e-011
0.8 -24.84 7.67564e-012 5.10125e-012 7.19405e-011 7.19405e-011
0.9 -27.945 7.69962e-012 5.09193e-012 7.37191e-011 7.37191e-011
1 -31.05 7.69296e-012 5.08837e-012 1.3792e-010 1.3792e-010
0.01 -31.0492 6.13957e-006 8.96724e-007 7.17208e-006 7.17208e-006
0.02 -31.0467 3.60863e-006 5.64543e-007 6.38089e-005 6.38089e-005
0.03 -31.043 -1.46374e-006 -1.30734e-007 0.000241967 0.000241967
0.04 -31.0385 3.79651e-007 -1.61627e-007 0.000554357 0.000554357
0.05 -31.0334 -7.7066e-009 -3.71548e-007 0.000903114 0.000903114
0.06 -31.028 1.95579e-006 -3.13807e-007 0.00115313 0.00115313
0.07 -31.0232 2.46629e-006 2.91527e-007 0.00120965 0.00120965
0.08 -31.0197 4.65678e-007 3.74947e-007 0.00108265 0.00108265
0.09 -31.0183 1.87915e-007 5.247e-008 0.000894965 0.000894965
0.1 -31.0195 8.24259e-007 8.08031e-007 0.00073623 0.00073623
0.11 -31.0235 1.66882e-006 1.91398e-006 0.000579537 0.000579537
0.12 -31.0301 1.8595e-006 2.35058e-006 0.000354904 0.000354904
0.13 -31.0387 1.50836e-006 2.87673e-006 8.93519e-005 8.93519e-005
0.14 -31.0486 -4.63893e-007 4.13263e-006 -5.43619e-005 -5.43619e-005
0.15 -31.0588 -1.2663e-006 1.99449e-006 9.78295e-006 9.78295e-006
0.16 -31.0686 -9.74084e-007 -2.6704e-007 9.94084e-005 9.94084e-005
0.17 -31.0772 1.76614e-006 -7.41425e-007 0.000146842 0.000146842
0.18 -31.0845 -2.5135e-007 -5.34549e-007 0.00053262 0.00053262
0.19 -31.0905 -7.19237e-007 -1.85084e-007 0.00139916 0.00139916
0.2 -31.0956 2.67384e-007 -6.40863e-008 0.00223439 0.00223439
0.21 -31.1004 6.07788e-006 9.28978e-007 0.00258098 0.00258098
0.22 -31.1055 -3.51038e-006 -3.86295e-007 0.00255354 0.00255354
0.23 -31.1115 1.23768e-006 -2.21779e-007 0.00247229 0.00247229
0.24 -31.1186 -1.20688e-007 -6.58054e-008 0.00242498 0.00242498
0.25 -31.1267 2.10994e-007 -3.81767e-008 0.0023938 0.0023938
0.26 -31.1356 6.78221e-005 -8.38471e-005 0.00250434 0.00250434
0.27 -31.1448 -0.000162521 0.000197417 0.00284999 0.00284999
0.28 -31.1537 0.00016124 -0.000140657 0.0033881 0.0033881
0.29 -31.1619 -8.13616e-005 7.65633e-005 0.00396001 0.00396001
0.3 -31.1691 3.44477e-005 -3.12745e-005 0.00435526 0.00435526
0.31 -31.1751 9.38286e-005 -4.81134e-005 0.00461531 0.00461531
0.32 -31.18 5.89224e-005 4.1776e-006 0.00494665 0.00494665
0.33 -31.1843 0.000142748 -9.23478e-005 0.00530979 0.00530979
0.34 -31.188 -5.87052e-005 3.79909e-005 0.00543674 0.00543674
0.35 -31.1915 2.39888e-005 -1.55252e-005 0.00539644 0.00539644
0.36 -31.195 -1.01643e-005 6.66997e-006 0.00552584 0.00552584
0.37 -31.1984 9.694e-006 -3.39188e-005 0.00582562 0.00582562
0.38 -31.2014 -4.81752e-005 3.90032e-005 0.00606761 0.00606761
0.39 -31.2036 2.66256e-005 -9.53584e-006 0.00614819 0.00614819
0.4 -31.2044 -7.84533e-006 3.31655e-006 0.00610367 0.00610367
0.41 -31.2035 3.60937e-006 1.20871e-006 0.0060395 0.0060395
0.42 -31.2004 -4.85494e-006 -2.69665e-006 0.00600391 0.00600391
0.43 -31.1952 8.85318e-007 2.8261e-007 0.00593734 0.00593734
0.44 -31.188 -8.43222e-007 -4.08434e-007 0.00582676 0.00582676
0.45 -31.1791 1.03143e-006 3.30996e-007 0.00575859 0.00575859
0.46 -31.169 -9.55973e-007 -5.02043e-007 0.00578967 0.00578967
0.47 -31.1584 8.26269e-007 4.76194e-007 0.0058707 0.0058707
0.48 -31.1479 -3.401e-007 -1.99429e-007 0.00593333 0.00593333
0.49 -31.138 1.38064e-006 8.51793e-007 0.00596857 0.00596857
0.5 -31.1289 -6.39526e-007 -4.13464e-007 0.00598939 0.00598939
0.51 -31.1207 9.03131e-008 -1.29919e-009 0.00597757 0.00597757
0.52 -31.1132 -4.94683e-006 -3.28428e-006 0.00591283 0.00591283
0.53 -31.1061 1.02319e-005 7.4707e-006 0.00581956 0.00581956
0.54 -31.0991 -1.59553e-005 -1.1007e-005 0.00574349 0.00574349
0.55 -31.0922 3.64253e-005 2.69915e-005 0.00568155 0.00568155
0.56 -31.0856 -4.29401e-005 -3.27682e-005 0.00557508 0.00557508
0.57 -31.0788 6.3447e-005 5.54763e-005 0.00536982 0.00536982
0.58 -31.0717 -6.72831e-005 -6.49006e-005 0.00508017 0.00508017
0.59 -31.0641 6.66618e-005 7.14942e-005 0.00475663 0.00475663
0.6 -31.0564 -4.85654e-005 -5.50714e-005 0.00443801 0.00443801
0.61 -31.0489 4.11351e-005 6.26254e-005 0.00415321 0.00415321
0.62 -31.0419 -2.50182e-005 -5.60142e-005 0.00390065 0.00390065
0.63 -31.0356 1.52679e-005 4.9249e-005 0.00369621 0.00369621
0.64 -31.0307 -1.11522e-005 -4.00938e-005 0.00357104 0.00357104
0.65 -31.0275 1.11497e-005 3.59215e-005 0.00357682 0.00357682
0.66 -31.026 -1.37731e-005 -3.32706e-005 0.00376753 0.00376753
0.67 -31.0264 1.82855e-005 3.15e-005 0.0040613 0.0040613
0.68 -31.0286 -5.84018e-006 -1.06512e-005 0.00426559 0.00426559
0.69 -31.0323 5.17423e-006 7.89465e-006 0.004273 0.004273
0.7 -31.037 -2.82348e-006 -4.20172e-006 0.00413165 0.00413165
0.71 -31.0424 1.1893e-006 1.6584e-006 0.0039331 0.0039331
0.72 -31.0481 -4.49076e-007 -8.36568e-007 0.00373743 0.00373743
0.73 -31.054 2.05619e-007 2.45691e-007 0.00360029 0.00360029
0.74 -31.0596 -8.47129e-008 -1.01232e-007 0.00358245 0.00358245
0.75 -31.0645 3.49005e-008 4.17099e-008 0.00369775 0.00369775
0.76 -31.0686 -1.43816e-008 -1.71911e-008 0.0038848 0.0038848
0.77 -31.072 5.92534e-009 7.08698e-009 0.00405058 0.00405058
0.78 -31.0752 -2.44136e-009 -2.92409e-009 0.00413338 0.00413338
0.79 -31.079 9.89158e-010 1.04814e-009 0.00411887 0.00411887
0.8 -31.0836 -4.09264e-010 -4.45605e-010 0.00401975 0.00401975
0.81 -31.0893 1.68658e-010 1.60648e-010 0.00389208 0.00389208
0.82 -31.0964 -6.90137e-011 -4.35056e-011 0.00382386 0.00382386
0.83 -31.1052 2.80398e-011 -4.70912e-012 0.00379982 0.00379982
0.84 -31.1156 7.22889e-010 -8.94191e-010 0.00372787 0.00372787
0.85 -31.1271 -3.11065e-010 1.43224e-010 0.00367759 0.00367759
0.86 -31.1395 1.32328e-010 1.94604e-011 0.0037834 0.0037834
0.87 -31.1517 2.86287e-011 -1.8851e-010 0.00396695 0.00396695
0.88 -31.1623 2.54294e-011 1.81319e-010 0.00405945 0.00405945
0.89 -31.1704 -8.71481e-012 -1.90608e-010 0.00404151 0.00404151
0.9 -31.176 2.07677e-008 -2.08181e-008 0.00399128 0.00399128
0.91 -31.1795 -1.32274e-007 -1.43299e-007 0.00393457 0.00393457
0.92 -31.1809 1.98771e-005 4.34917e-006 0.00383957 0.00383957
0.93 -31.1791 -5.55561e-005 -1.71264e-005 0.00371959 0.00371959
0.94 -31.174 4.67183e-005 1.16591e-005 0.00362767 0.00362767
0.95 -31.1666 -9.5304e-006 -3.75875e-006 0.00357339 0.00357339
0.96 -31.1584 7.79276e-006 5.14261e-006 0.0035132 0.0035132
0.97 -31.1502 9.06519e-006 5.00498e-006 0.0034143 0.0034143
0.98 -31.1417 5.83812e-006 2.95516e-006 0.00326101 0.00326101
0.99 -31.1326 9.2787e-007 -2.56685e-006 0.00308625 0.00308625
1 -31.1232 2.81144e-006 1.44228e-006 0.00309618 0.00309618
1.01 -31.1141 3.83148e-006 4.72219e-006 0.00310998 0.00310998
1.02 -31.1056 3.97708e-006 5.05656e-006 0.00249655 0.00249655
1.03 -31.0978 -6.07784e-007 -3.33975e-006 0.00151165 0.00151165
1.04 -31.0907 -3.10618e-006 2.10796e-006 0.00114032 0.00114032
1.05 -31.0839 7.55632e-005 8.24464e-005 0.00151506 0.00151506
1.06 -31.077 2.97262e-005 3.92262e-005 0.00182959 0.00182959
1.07 -31.0697 3.30727e-005 4.54719e-005 0.00158458 0.00158458
1.08 -31.0622 4.83926e-005 0.000141504 0.00116028 0.00116028
1.09 -31.0551 7.48768e-005 0.00015054 0.000899534 0.000899534
1.1 -31.0476 -2.5274e-005 -5.16801e-005 0.000585797 0.000585797
1.11 -31.0384 1.70031e-005 2.90179e-005 0.000168115 0.000168115
1.12 -31.0276 -4.01689e-006 -1.62787e-005 5.50001e-005 5.50001e-005
1.13 -31.0161 2.25597e-006 6.25069e-006 0.00056097 0.00056097
1.14 -31.0059 4.01939e-006 -1.02418e-005 0.00138093 0.00138093
1.15 -30.9989 6.86194e-006 4.60023e-006 0.00190251 0.00190251
1.16 -30.9975 6.45101e-006 1.82738e-006 0.00194016 0.00194016
1.17 -31.003 -1.71145e-006 1.22757e-005 0.00184564 0.00184564
1.18 -31.015 1.77837e-005 1.36554e-005 0.00196737 0.00196737
1.19 -31.032 0.000145634 8.4021e-005 0.00207204 0.00207204
1.2 -31.0523 6.54872e-005 5.02434e-005 0.00154343 0.00154343
1.21 -31.0734 3.77322e-005 3.29589e-005 0.00044462 0.00044462
1.22 -31.0924 -1.41069e-005 -2.3011e-005 -0.000348235 -0.000348235
1.23 -31.1067 3.80482e-006 -9.99458e-007 -0.000526799 -0.000526799
1.24 -31.1143 -1.54431e-005 -1.94066e-005 -0.000556931 -0.000556931
1.25 -31.1154 6.53981e-006 6.49644e-006 -0.000301001 -0.000301001
1.26 -31.112 -2.22334e-006 -3.17582e-006 0.000541513 0.000541513
1.27 -31.1072 9.16142e-007 1.30838e-006 0.00124042 0.00124042
1.28 -31.1048 -3.77433e-007 -5.3896e-007 0.00124445 0.00124445
1.29 -31.1076 1.57839e-007 2.19488e-007 0.000939023 0.000939023
1.3 -31.1173 8.26686e-005 -3.00975e-006 0.000627031 0.000627031
1.31 -31.1339 -9.95418e-005 4.23155e-007 0.000315089 0.000315089
1.32 -31.1565 9.21618e-005 -7.05256e-006 2.90029e-005 2.90029e-005
1.33 -31.1826 -5.34219e-005 7.36218e-006 -0.000169452 -0.000169452
1.34 -31.2093 2.79786e-005 -1.02607e-005 -4.34627e-005 -4.34627e-005
1.35 -31.2347 -0.00020448 0.000109674 0.000244086 0.000244086
1.36 -31.256 -0.000112245 6.2407e-006 0.000313164 0.000313164
1.37 -31.2711 -0.000108785 2.09235e-005 0.000816787 0.000816787
1.38 -31.2785 -0.000180547 -5.5348e-005 0.00241288 0.00241288
1.39 -31.2796 -0.0001466 -1.18848e-005 0.00411791 0.00411791
1.4 -31.2767 2.77856e-005 1.87659e-005 0.00462827 0.00462827
1.41 -31.2713 3.21485e-006 -3.25854e-005 0.00423987 0.00423987
1.42 -31.2632 1.14913e-005 5.48921e-005 0.00383238 0.00383238
1.43 -31.2519 4.11158e-005 -5.76165e-005 0.00347141 0.00347141
1.44 -31.2378 -1.70751e-005 2.41455e-005 0.00294797 0.00294797
1.45 -31.2214 7.03472e-006 -9.94736e-006 0.00246171 0.00246171
1.46 -31.2022 -2.89842e-006 4.09833e-006 0.00243524 0.00243524
1.47 -31.1792 1.19438e-006 -1.68839e-006 0.00293455 0.00293455
1.48 -31.1499 -4.91866e-007 6.95919e-007 0.00358302 0.00358302
1.49 -31.1113 2.02626e-007 -2.86798e-007 0.00402235 0.00402235
1.5 -31.061 4.91684e-005 -1.14026e-005 0.00418513 0.00418513
1.51 -31.0001 9.19357e-005 -5.17364e-005 0.00436718 0.00436718
1.52 -30.9334 -6.5717e-006 5.01326e-006 0.00516527 0.00516527
1.53 -30.8662 3.30736e-006 8.2774e-006 0.00670299 0.00670299
1.54 -30.8023 1.08584e-005 2.28549e-005 0.00855976 0.00855976
1.55 -30.7454 2.99835e-006 6.71261e-006 0.0108062 0.0108062
1.56 -30.6999 2.39645e-006 1.88633e-005 0.0137197 0.0137197
1.57 -30.6687 4.46236e-007 -1.6859e-005 0.0169299 0.0169299
1.58 -30.6527 9.256e-006 3.1804e-005 0.0198145 0.0198145
1.59 -30.6503 -4.36765e-006 -3.06848e-005 0.0216539 0.0216539
1.6 -30.6569 2.65204e-006 1.21797e-005 0.0216473 0.0216473
1.61 -30.6655 1.6158e-005 2.35195e-006 0.0203271 0.0203271
1.62 -30.6699 -7.99577e-007 4.0308e-006 0.0193092 0.0193092
1.63 -30.6688 -4.10599e-005 6.97799e-005 0.0187701 0.0187701
1.64 -30.668 8.164e-005 -0.00011621 0.0180653 0.0180653
1.65 -30.6766 7.89736e-005 7.21489e-005 0.0181887 0.0181887
1.66 -30.7009 -1.62954e-005 2.57655e-006 0.0200868 0.0200868
1.67 -30.7438 0.000112446 0.000119635 0.0221502 0.0221502
1.68 -30.8059 7.44809e-005 4.14357e-005 0.0223189 0.0223189
1.69 -30.886 -1.92781e-005 -2.96123e-005 0.0206738 0.0206738
1.7 -30.979 0.000137048 1.12821e-005 0.0184429 0.0184429
1.71 -31.0767 0.00011468 6.28539e-005 0.0164196 0.0164196
1.72 -31.169 -2.7862e-005 1.45243e-006 0.0150652 0.0150652
1.73 -31.2483 1.54588e-005 -1.17699e-006 0.0142154 0.0142154
1.74 -31.3103 2.15008e-005 2.93857e-005 0.0130302 0.0130302
1.75 -31.3555 4.98426e-005 3.6496e-005 0.0120853 0.0120853
1.76 -31.3894 9.92968e-005 -3.31095e-005 0.0135037 0.0135037
1.77 -31.42 4.82959e-005 -5.53861e-005 0.0180111 0.0180111
1.78 -31.4535 -1.476e-006 1.04958e-005 0.0238065 0.0238065
1.79 -31.4928 5.87262e-005 1.41213e-005 0.0289157 0.0289157
1.8 -31.5397 4.38543e-005 4.09344e-005 0.0328886 0.0328886
1.81 -31.5934 4.11294e-005 8.86545e-006 0.0354418 0.0354418
1.82 -31.6506 1.80933e-006 4.15599e-006 0.0358568 0.0358568
1.83 -31.7045 2.66659e-005 2.00664e-005 0.0344333 0.0344333
1.84 -31.7478 1.0348e-005 7.41786e-006 0.0327171 0.0327171
1.85 -31.7735 9.73466e-006 5.84226e-006 0.0321449 0.0321449
1.86 -31.777 4.64403e-007 1.85067e-006 0.0331074 0.0331074
1.87 -31.7578 -2.83099e-007 3.31497e-007 0.0347979 0.0347979
1.88 -31.7233 -1.49167e-005 5.21853e-005 0.0356809 0.0356809
1.89 -31.6845 2.30898e-005 -1.88544e-005 0.0351527 0.0351527
1.9 -31.6488 0.000223695 -0.000200765 0.0343443 0.0343443
1.91 -31.6176 9.46612e-005 -8.18716e-005 0.0341009 0.0341009
1.92 -31.5888 7.66743e-005 -5.7934e-005 0.033905 0.033905
1.93 -31.5584 4.561e-005 -2.56781e-005 0.0334558 0.0334558
1.94 -31.52 -1.72574e-005 1.22566e-005 0.0332601 0.0332601
1.95 -31.4654 0.000117175 8.90274e-005 0.0332043 0.0332043
1.96 -31.388 -5.3408e-006 -1.3099e-005 0.0321343 0.0321343
1.97 -31.2866 3.34034e-005 1.23866e-005 0.029282 0.029282
1.98 -31.1648 7.20479e-006 1.76887e-006 0.0251954 0.0251954
1.99 -31.0297 1.96922e-005 1.34736e-005 0.0214903 0.0214903
2 -30.8906 1.11058e-005 6.0933e-006 0.0195912 0.0195912
2.01 -30.7572 4.21892e-006 -7.97294e-007 0.0189455 0.0189455
2.02 -30.6374 5.27906e-006 1.62197e-007 0.0169122 0.0169122
2.03 -30.5347 3.79269e-005 -9.69363e-006 0.012142 0.012142
2.04 -30.4476 6.3691e-005 -2.94906e-005 0.00839778 0.00839778
2.05 -30.372 3.03937e-005 -9.5157e-006 0.0115448 0.0115448
2.06 -30.3042 -1.88117e-005 2.57695e-005 0.0217919 0.0217919
2.07 -30.2393 -9.72735e-006 1.97475e-005 0.0333175 0.0333175
2.08 -30.171 -5.82229e-007 2.89297e-005 0.0419401 0.0419401
2.09 -30.0964 9.25837e-007 3.03484e-005 0.0479536 0.0479536
2.1 -30.0189 6.08955e-006 -9.20895e-006 0.051744 0.051744
2.11 -29.9472 1.00822e-005 1.59257e-006 0.0519109 0.0519109
2.12 -29.8905 1.27758e-005 -1.12376e-005 0.0482894 0.0482894
2.13 -29.8554 -2.08823e-006 2.25152e-005 0.043812 0.043812
2.14 -29.8453 -1.54316e-006 2.42972e-006 0.0420765 0.0420765
2.15 -29.8614 6.27668e-007 -3.15117e-006 0.043968 0.043968
2.16 -29.903 1.72098e-006 -7.94015e-006 0.0465372 0.0465372
2.17 -29.9678 1.53545e-008 3.22638e-007 0.046898 0.046898
2.18 -30.05 -7.6409e-006 2.21725e-005 0.0466089 0.0466089
2.19 -30.1426 5.95312e-006 -8.36291e-006 0.0477101 0.0477101
2.2 -30.2408 5.44656e-006 1.21802e-005 0.0486139 0.0486139
2.21 -30.344 -2.0359e-006 -5.49602e-006 0.0474775 0.0474775
2.22 -30.4526 8.38784e-007 2.26435e-006 0.045364 0.045364
2.23 -30.5672 1.80006e-007 -1.22208e-006 0.0443059 0.0443059
2.24 -30.6894 -7.57352e-008 4.90909e-007 0.0445279 0.0445279
2.25 -30.8221 2.43928e-007 -3.0483e-007 0.0450473 0.0450473
2.26 -30.9663 1.78132e-006 -1.26605e-006 0.0455559 0.0455559
2.27 -31.1211 3.10004e-006 -2.56911e-006 0.0463808 0.0463808
2.28 -31.2849 -7.34109e-008 -1.01257e-006 0.0473247 0.0473247
2.29 -31.4548 3.12913e-006 -2.56111e-006 0.0476735 0.0476735
2.3 -31.6264 5.64307e-006 -7.8219e-006 0.0471712 0.0471712
2.31 -31.7941 0.00016588 -0.000224349 0.0469187 0.0469187
2.32 -31.9543 0.000304538 -2.16656e-005 0.0490617 0.0490617
2.33 -32.1033 0.000127104 0.000157949 0.0542721 0.0542721
2.34 -32.2369 5.26018e-005 -4.98486e-005 0.0616765 0.0616765
2.35 -32.3525 4.89088e-005 3.36762e-005 0.07134 0.07134
2.36 -32.4475 7.15221e-006 -1.88866e-005 0.0826114 0.0826114
2.37 -32.519 9.01251e-006 5.21772e-006 0.0921194 0.0921194
2.38 -32.5647 9.44914e-007 -3.19871e-006 0.0964162 0.0964162
2.39 -32.5843 4.37032e-005 3.5042e-005 0.0950486 0.0950486
2.4 -32.58 -2.17913e-005 -1.90527e-005 0.0900376 0.0900376
2.41 -32.5525 6.28953e-005 5.8823e-006 0.0834397 0.0834397
2.42 -32.5033 0.000161435 8.82175e-005 0.0771381 0.0771381
2.43 -32.4348 2.4019e-005 2.42784e-005 0.0734588 0.0734588
2.44 -32.3488 -6.03971e-006 -2.16106e-005 0.0737743 0.0737743
2.45 -32.2458 6.90236e-005 5.8607e-005 0.0774567 0.0774567
2.46 -32.1259 0.0001532 0.000126679 0.0824536 0.0824536
2.47 -31.9897 7.53438e-005 7.96505e-005 0.0864027 0.0864027
2.48 -31.8372 -3.01413e-005 -3.18023e-005 0.0878033 0.0878033
2.49 -31.6683 1.24966e-005 1.32583e-005 0.0865066 0.0865066
2.5 -31.4834 -5.25992e-006 -5.27706e-006 0.0832747 0.0832747
2.51 -31.2839 1.71685e-006 3.01748e-006 0.0793697 0.0793697
2.52 -31.0734 -1.46293e-006 -3.96317e-007 0.0763361 0.0763361
2.53 -30.8569 -2.21166e-007 1.16822e-006 0.0754038 0.0754038
2.54 -30.64 -2.82106e-007 -1.68747e-007 0.0768255 0.0768255
2.55 -30.4285 -6.36135e-007 1.33697e-006 0.0797832 0.0797832
2.56 -30.2283 1.98279e-007 -2.69651e-006 0.082932 0.082932
2.57 -30.0445 -8.22089e-007 -4.97229e-006 0.0850452 0.0850452
2.58 -29.881 -2.39709e-005 0.000153093 0.0856771 0.0856771
2.59 -29.74 -1.99278e-005 2.12292e-005 0.0862937 0.0862937
2.6 -29.6212 5.54621e-005 1.91635e-006 0.0888747 0.0888747
2.61 -29.5233 -3.73229e-007 4.62818e-005 0.0936717 0.0936717
2.62 -29.4461 4.63072e-006 1.16261e-005 0.100619 0.100619
2.63 -29.3901 2.63855e-006 2.07469e-005 0.109018 0.109018
2.64 -29.3538 3.00076e-006 -1.37011e-006 0.115802 0.115802
2.65 -29.3323 1.46908e-006 1.05468e-005 0.117832 0.117832
2.66 -29.32 2.21018e-006 4.88262e-007 0.114969 0.114969
2.67 -29.3158 3.01068e-007 2.73026e-006 0.109193 0.109193
2.68 -29.3231 -6.97166e-006 1.38818e-005 0.102328 0.102328
2.69 -29.3472 -3.97647e-006 9.54365e-006 0.0964394 0.0964394
2.7 -29.3908 8.94791e-006 -7.87161e-006 0.0939224 0.0939224
2.71 -29.4538 6.63657e-007 2.65926e-006 0.095583 0.095583
2.72 -29.5363 7.84593e-006 3.01951e-006 0.100088 0.100088
2.73 -29.6412 9.55979e-006 9.73487e-006 0.105283 0.105283
2.74 -29.7729 5.85543e-006 4.9682e-006 0.109153 0.109153
2.75 -29.9335 -2.36308e-006 -2.58902e-006 0.110298 0.110298
2.76 -30.1206 9.82757e-007 1.59843e-006 0.108454 0.108454
2.77 -30.3292 -3.82979e-007 -1.10718e-007 0.104563 0.104563
2.78 -30.5538 2.36592e-006 -7.43626e-007 0.100325 0.100325
2.79 -30.7906 1.05918e-005 -7.54813e-006 0.0974623 0.0974623
2.8 -31.0372 1.57723e-005 -1.21535e-005 0.0969963 0.0969963
2.81 -31.2889 1.34461e-005 -1.42383e-005 0.0988931 0.0988931
2.82 -31.5379 8.85537e-006 -9.01361e-006 0.102198 0.102198
2.83 -31.776 1.11625e-005 -8.09315e-006 0.105504 0.105504
2.84 -31.9974 -1.11601e-005 6.97054e-006 0.10752 0.10752
2.85 -32.1989 6.94934e-006 -1.35918e-005 0.107555 0.107555
2.86 -32.3781 -2.27717e-006 1.37046e-005 0.105745 0.105745
2.87 -32.5335 -9.85518e-006 3.16082e-005 0.102778 0.102778
2.88 -32.6652 0.000302153 -0.000244697 0.100152 0.100152
2.89 -32.7759 0.000273296 -0.000219764 0.101286 0.101286
2.9 -32.8676 -4.43547e-005 5.34813e-005 0.109244 0.109244
2.91 -32.9417 9.27147e-005 -3.85444e-005 0.122435 0.122435
2.92 -33.0016 6.39276e-005 6.01668e-005 0.135714 0.135714
2.93 -33.0489 -1.67182e-006 -2.84093e-005 0.144673 0.144673
2.94 -33.0823 3.56384e-005 4.1035e-005 0.1472 0.1472
2.95 -33.0976 0.000100696 -8.63596e-005 0.142818 0.142818
2.96 -33.0894 0.000105655 -7.91602e-005 0.133151 0.133151
2.97 -33.0509 7.78523e-006 7.79118e-006 0.122253 0.122253
2.98 -32.9733 5.30888e-005 5.38665e-005 0.114607 0.114607
2.99 -32.8501 -7.48908e-006 -1.24966e-005 0.11305 0.11305
3 -32.6799 -1.50163e-006 -2.29067e-006 0.117656 0.117656
3.01 -32.4676 1.07074e-006 1.31536e-006 0.125676 0.125676
3.02 -32.222 1.08719e-005 2.00997e-006 0.133196 0.133196
3.03 -31.9534 3.00894e-005 5.37197e-005 0.137247 0.137247
3.04 -31.6715 2.41055e-005 6.60642e-005 0.136482 0.136482
3.05 -31.3852 -5.08495e-006 -1.19973e-005 0.131252 0.131252
3.06 -31.1019 4.34071e-005 6.21899e-005 0.123658 0.123658
3.07 -30.8269 3.13281e-005 8.21535e-005 0.116558 0.116558
3.08 -30.5629 -9.79885e-006 -6.01422e-005 0.112358 0.112358
3.09 -30.3095 -3.96894e-006 0.000115685 0.112129 0.112129
3.1 -30.0635 1.08785e-006 3.93372e-005 0.115063 0.115063
3.11 -29.8231 -2.65334e-005 8.85033e-005 0.119395 0.119395
3.12 -29.5923 -9.64497e-005 0.000204405 0.123812 0.123812
3.13 -29.3802 -0.00012336 0.000181675 0.127388 0.127388
3.14 -29.1958 -0.000108052 0.000107801 0.129091 0.129091
3.15 -29.0446 -5.96872e-005 8.56008e-005 0.128982 0.128982
3.16 -28.9285 -0.000148868 0.000184624 0.130127 0.130127
3.17 -28.8464 4.93251e-005 -3.64828e-005 0.136606 0.136606
3.18 -28.7944 -0.000219207 0.000236847 0.147997 0.147997
3.19 -28.7679 1.43623e-005 -1.92961e-005 0.158659 0.158659
3.2 -28.7633 -0.000234733 0.000212875 0.163827 0.163827
3.21 -28.7757 8.62846e-005 -8.5078e-005 0.163829 0.163829
3.22 -28.799 -8.16042e-005 0.000108702 0.161358 0.161358
3.23 -28.8296 -1.86442e-006 -1.31381e-005 0.157679 0.157679
3.24 -28.869 1.9147e-005 -5.18569e-006 0.153242 0.153242
3.25 -28.9227 -6.51098e-006 7.19815e-007 0.149691 0.149691
3.26 -28.9991 8.19494e-006 -6.16573e-006 0.149164 0.149164
3.27 -29.1087 1.49603e-006 -2.80358e-006 0.151952 0.151952
3.28 -29.2619 4.48409e-006 -7.53071e-006 0.156119 0.156119
3.29 -29.4637 9.34414e-006 -1.34779e-005 0.159585 0.159585
3.3 -29.7111 -3.37389e-006 3.10827e-006 0.161408 0.161408
3.31 -29.9954 5.23068e-005 5.43186e-005 0.161121 0.161121
3.32 -30.3051 5.07721e-005 4.86915e-005 0.158385 0.158385
3.33 -30.6272 -7.79334e-006 -7.70762e-006 0.154014 0.154014
3.34 -30.9456 6.02281e-005 2.04292e-005 0.150217 0.150217
3.35 -31.2429 -1.58657e-005 3.48905e-006 0.148731 0.148731
3.36 -31.508 0.00014578 -0.000106664 0.1495 0.1495
3.37 -31.7387 -2.03533e-005 6.25651e-006 0.151228 0.151228
3.38 -31.9409 2.9794e-005 7.48706e-006 0.152621 0.152621
3.39 -32.1248 -1.72455e-005 -2.55687e-005 0.153572 0.153572
3.4 -32.3007 2.75186e-005 1.81095e-005 0.154247 0.154247
3.41 -32.4754 2.79548e-006 -4.69925e-005 0.153854 0.153854
3.42 -32.6506 3.32558e-005 -3.23018e-005 0.152068 0.152068
3.43 -32.8253 7.6349e-005 -0.000121884 0.150204 0.150204
3.44 -32.9947 7.82968e-005 -9.10074e-005 0.149905 0.149905
3.45 -33.1491 -2.40392e-005 3.4748e-005 0.151079 0.151079
3.46 -33.2749 1.51916e-005 -2.09301e-005 0.151754 0.151754
3.47 -33.3585 -2.30624e-005 2.72426e-005 0.151668 0.151668
3.48 -33.3904 3.40025e-005 -2.23089e-005 0.154638 0.154638
3.49 -33.367 -8.26643e-006 1.35204e-005 0.162424 0.162424
3.5 -33.2899 4.95649e-006 -7.75879e-006 0.168831 0.168831
3.51 -33.1639 9.7368e-006 -1.0283e-005 0.167156 0.167156
3.52 -32.9986 -4.3152e-006 5.30302e-006 0.159749 0.159749
3.53 -32.8083 1.47544e-006 -1.33764e-006 0.153329 0.153329
3.54 -32.6074 -5.40038e-007 1.02951e-006 0.150129 0.150129
3.55 -32.4043 4.53643e-007 6.58295e-007 0.148815 0.148815
3.56 -32.2001 -2.07899e-007 -2.54136e-007 0.149453 0.149453
3.57 -31.9904 1.09279e-006 1.7808e-007 0.153184 0.153184
3.58 -31.7694 -3.04686e-007 2.54614e-006 0.158809 0.158809
3.59 -31.5324 -3.01137e-007 2.52491e-006 0.162997 0.162997
3.6 -31.2774 -4.57507e-006 6.51335e-006 0.163641 0.163641
3.61 -31.0073 -2.20429e-006 1.91945e-006 0.16136 0.16136
3.62 -30.7278 -4.68875e-006 2.4204e-005 0.157869 0.157869
3.63 -30.4454 8.2373e-008 -8.69358e-006 0.15433 0.15433
3.64 -30.167 -5.67611e-006 2.73521e-005 0.15168 0.15168
3.65 -29.9009 -7.83528e-006 1.58263e-005 0.151041 0.151041
3.66 -29.6549 -4.15066e-006 2.09712e-005 0.152921 0.152921
3.67 -29.4337 -5.26582e-005 9.91463e-005 0.156337 0.156337
3.68 -29.2372 -0.000128675 0.000186537 0.159412 0.159412
3.69 -29.0641 0.00118574 -0.00136347 0.16098 0.16098
3.7 -28.9146 0.000471057 -0.000567968 0.160846 0.160846
3.71 -28.7904 -0.000356852 0.000440402 0.159071 0.159071
3.72 -28.6955 -0.000160116 0.000161334 0.156254 0.156254
3.73 -28.636 2.77034e-005 -9.44873e-006 0.15352 0.15352
3.74 -28.6172 -0.000118025 0.000145595 0.152059 0.152059
3.75 -28.6428 -2.84182e-005 1.89646e-005 0.153314 0.153314
3.76 -28.7153 1.38976e-005 -9.71725e-006 0.157723 0.157723
3.77 -28.8352 -7.51948e-006 5.03817e-006 0.162638 0.162638
3.78 -28.9994 6.47175e-006 -5.69945e-006 0.164423 0.164423
3.79 -29.2004 -6.07049e-006 6.2328e-006 0.163016 0.163016
3.8 -29.4284 2.99092e-005 -3.59167e-005 0.160716 0.160716
3.81 -29.673 -1.05863e-005 1.08889e-005 0.158263 0.158263
3.82 -29.9228 4.99156e-006 -7.43719e-006 0.155537 0.155537
3.83 -30.1676 -1.6098e-006 1.81804e-006 0.153641 0.153641
3.84 -30.4027 6.63116e-007 -1.5208e-006 0.154021 0.154021
3.85 -30.6314 9.72769e-006 -4.19776e-006 0.156497 0.156497
3.86 -30.8601 2.99233e-005 -2.11025e-005 0.159443 0.159443
3.87 -31.0933 4.92197e-005 -4.61923e-005 0.161478 0.161478
3.88 -31.3325 3.89153e-005 -4.39875e-005 0.162183 0.162183
3.89 -31.5774 2.13728e-005 -3.06614e-005 0.161592 0.161592
3.9 -31.8255 2.7888e-005 -4.60907e-005 0.159889 0.159889
3.91 -32.0692 -3.45631e-005 1.6955e-005 0.15767 0.15767
3.92 -32.2943 4.07982e-005 3.41617e-005 0.155901 0.155901
3.93 -32.4849 6.34358e-005 7.21593e-005 0.15524 0.15524
3.94 -32.6298 9.76634e-007 6.04623e-006 0.155647 0.155647
3.95 -32.7233 2.28918e-006 2.31134e-005 0.156814 0.156814
3.96 -32.764 -4.91748e-007 -8.24598e-006 0.158334 0.158334
3.97 -32.7569 0.000101964 0.000127242 0.159422 0.159422
3.98 -32.7134 -3.85784e-005 -5.93426e-005 0.159471 0.159471
3.99 -32.649 1.3122e-005 2.29943e-005 0.158785 0.158785
4 -32.5768 -5.10061e-006 -9.96163e-006 0.157724 0.157724
4.01 -32.5018 7.3703e-006 -2.12085e-006 0.156399 0.156399
4.02 -32.4237 1.73089e-007 -1.69719e-006 0.155505 0.155505
4.03 -32.3404 -5.20153e-007 1.89019e-006 0.155554 0.155554
4.04 -32.2467 1.5425e-006 -1.3145e-006 0.156447 0.156447
4.05 -32.1343 3.29569e-007 3.35202e-007 0.158426 0.158426
4.06 -31.9974 -1.66355e-007 -5.51199e-008 0.160768 0.160768
4.07 -31.8358 -8.1708e-007 4.37822e-006 0.160711 0.160711
4.08 -31.6518 -2.10444e-007 -1.4577e-008 0.157739 0.157739
4.09 -31.4485 -1.58269e-007 2.76451e-006 0.155166 0.155166
4.1 -31.2308 -2.78152e-006 6.81845e-007 0.154909 0.154909
4.11 -31.0057 -1.44896e-006 1.0883e-005 0.155704 0.155704
4.12 -30.7799 -4.04134e-006 3.03075e-006 0.156417 0.156417
4.13 -30.56 -2.81194e-005 -3.6329e-005 0.157419 0.157419
4.14 -30.351 7.41269e-005 0.000130527 0.158726 0.158726
4.15 -30.1536 -3.39891e-006 3.03292e-005 0.159413 0.159413
4.16 -29.967 5.45685e-005 6.55228e-005 0.1589 0.1589
4.17 -29.7919 3.65086e-005 0.000114375 0.157849 0.157849
4.18 -29.632 -1.8356e-005 4.02469e-005 0.157774 0.157774
4.19 -29.4931 7.4812e-006 -1.65622e-005 0.158043 0.158043
4.2 -29.3811 -3.114e-006 6.83516e-006 0.155484 0.155484
4.21 -29.3016 -7.44899e-006 2.20419e-005 0.151162 0.151162
4.22 -29.26 -7.42533e-005 0.000100245 0.150697 0.150697
4.23 -29.2599 9.81853e-005 0.000116963 0.15451 0.15451
4.24 -29.2992 4.61797e-005 0.000124337 0.157699 0.157699
4.25 -29.3728 -5.89056e-007 -2.95639e-005 0.15836 0.15836
4.26 -29.4748 7.84236e-005 0.000112081 0.158484 0.158484
4.27 -29.5984 4.25636e-005 4.21164e-005 0.158767 0.158767
4.28 -29.736 -1.58686e-005 -2.14474e-005 0.157741 0.157741
4.29 -29.8824 7.54966e-006 6.84542e-006 0.155356 0.155356
4.3 -30.0334 -2.62033e-006 -4.14692e-006 0.153324 0.153324
4.31 -30.1853 2.98332e-006 -1.151e-006 0.152835 0.152835
4.32 -30.3384 2.06798e-006 -2.02791e-006 0.153685 0.153685
4.33 -30.4968 2.40528e-006 -1.95023e-006 0.155093 0.155093
4.34 -30.6648 2.98506e-006 -2.02718e-006 0.156587 0.156587
4.35 -30.8447 1.48319e-005 -1.18038e-005 0.157837 0.157837
4.36 -31.0372 2.14467e-005 -1.89107e-005 0.158343 0.158343
4.37 -31.242 1.56012e-005 -1.7192e-005 0.157784 0.157784
4.38 -31.4557 2.54944e-005 -3.11948e-005 0.15647 0.15647
4.39 -31.6692 5.55384e-006 -5.32758e-006 0.155117 0.155117
4.4 -31.8679 6.01595e-006 -1.63423e-005 0.154294 0.154294
4.41 -32.0375 -1.1418e-005 1.23739e-005 0.154199 0.154199
4.42 -32.1687 3.48793e-005 -5.38282e-005 0.15478 0.15478
4.43 -32.2588 0.000829698 -0.000716851 0.155798 0.155798
4.44 -32.3127 0.000516503 -0.000456116 0.156835 0.156835
4.45 -32.3399 -0.000199331 0.000166414 0.157464 0.157464
4.46 -32.3504 6.25587e-005 -4.6098e-005 0.157448 0.157448
4.47 -32.3535 -4.76977e-005 3.29118e-005 0.156841 0.156841
4.48 -32.357 1.96523e-005 -1.35573e-005 0.155945 0.155945
4.49 -32.365 1.60808e-006 -2.03514e-005 0.155148 0.155148
4.5 -32.373 -1.84442e-007 7.41752e-006 0.154745 0.154745
4.51 -32.3712 -3.21196e-008 -2.76771e-006 0.154849 0.154849
4.52 -32.3496 9.42112e-007 -2.195e-007 0.155382 0.155382
4.53 -32.2985 8.1179e-007 -6.31267e-007 0.156113 0.156113
4.54 -32.2077 -1.07771e-006 1.46729e-006 0.156736 0.156736
4.55 -32.0721 2.97455e-007 7.34524e-007 0.157009 0.157009
4.56 -31.8946 -1.00574e-007 -1.33392e-007 0.156852 0.156852
4.57 -31.6845 -1.44519e-006 8.97166e-008 0.15637 0.15637
4.58 -31.4556 1.17313e-006 1.76489e-006 0.155785 0.155785
4.59 -31.2256 -1.87079e-006 1.71053e-006 0.155337 0.155337
4.6 -31.0138 -8.97761e-007 1.17914e-006 0.155189 0.155189
4.61 -30.8342 -3.04294e-007 6.1053e-006 0.155373 0.155373
4.62 -30.6904 -1.98477e-006 -5.78963e-007 0.155795 0.155795
4.63 -30.5778 -4.42731e-007 1.2913e-006 0.156274 0.156274
4.64 -30.4916 -1.47476e-006 1.08946e-005 0.156611 0.156611
4.65 -30.4291 2.57719e-008 -4.12625e-006 0.156681 0.156681
4.66 -30.387 -4.41997e-006 1.96513e-005 0.156479 0.156479
4.67 -30.3595 1.72508e-006 -7.89545e-006 0.156112 0.156112
4.68 -30.34 -7.10727e-007 3.25291e-006 0.155743 0.155743
4.69 -30.3253 2.92818e-007 -1.34019e-006 0.155513 0.155513
4.7 -30.3177 -2.20841e-006 3.32625e-006 0.155497 0.155497
4.71 -30.3245 9.38604e-007 -1.36733e-006 0.155691 0.155691
4.72 -30.3533 -3.00013e-007 1.78036e-007 0.156004 0.156004
4.73 -30.4082 4.83072e-007 2.87313e-007 0.156299 0.156299
4.74 -30.4915 -1.60204e-007 -7.80091e-007 0.156458 0.156458
4.75 -30.604 3.50793e-006 -1.845e-006 0.156431 0.156431
4.76 -30.7442 1.37527e-006 -2.26605e-006 0.156248 0.156248
4.77 -30.9103 1.6157e-006 -1.07525e-006 0.155994 0.155994
4.78 -31.0991 9.70723e-006 -8.35762e-006 0.155774 0.155774
4.79 -31.3026 1.22926e-005 -1.39228e-005 0.155671 0.155671
4.8 -31.5097 9.1864e-006 -1.14437e-005 0.15572 0.15572
4.81 -31.7107 3.35457e-006 -5.41192e-006 0.155891 0.155891
4.82 -31.898 6.90137e-006 -1.08153e-005 0.156105 0.156105
4.83 -32.0658 -2.8437e-006 4.45553e-006 0.156271 0.156271
4.84 -32.2122 7.35914e-006 -2.41418e-005 0.156329 0.156329
4.85 -32.3382 -2.98159e-006 9.14225e-006 0.156263 0.156263
4.86 -32.443 -1.07127e-005 4.84456e-007 0.156099 0.156099
4.87 -32.5223 4.41364e-006 -1.99635e-007 0.155905 0.155905
4.88 -32.5746 -8.94964e-006 7.95074e-006 0.155761 0.155761
4.89 -32.6042 1.47739e-005 -3.10863e-005 0.155705 0.155705
4.9 -32.6157 -5.46199e-006 1.21391e-005 0.155735 0.155735
4.91 -32.6104 2.29243e-006 -4.98061e-006 0.155834 0.155834
4.92 -32.5903 -9.31789e-007 2.05042e-006 0.155962 0.155962
4.93 -32.5614 4.1344e-006 -1.08188e-005 0.156057 0.156057
4.94 -32.5297 -3.50715e-005 9.34642e-005 0.156085 0.156085
4.95 -32.4947 -2.03387e-005 5.42607e-005 0.156052 0.156052
4.96 -32.4512 9.12534e-006 -2.35108e-005 0.155977 0.155977
4.97 -32.3935 -2.81979e-006 8.09442e-006 0.155831 0.155831
4.98 -32.3153 2.12781e-005 1.54132e-005 0.155473 0.155473
4.99 -32.2085 1.53375e-005 1.55889e-005 0.154889 0.154889
5 -32.0681 3.56921e-005 1.9542e-005 0.154278 0.154278
5.01 -31.8981 1.42296e-006 2.86034e-006 0.153585 0.153585
5.02 -31.7069 -1.54477e-007 1.16073e-006 0.152618 0.152618
5.03 -31.5022 1.65843e-006 2.28376e-006 0.151327 0.151327
5.04 -31.293 1.31012e-005 1.35048e-005 0.149687 0.149687
5.05 -31.0912 8.4929e-006 8.58046e-006 0.148038 0.148038
5.06 -30.9062 -3.61386e-006 1.02043e-006 0.146873 0.146873
5.07 -30.7425 1.21316e-005 9.95051e-006 0.146055 0.146055
5.08 -30.6041 3.50149e-005 2.35002e-005 0.145063 0.145063
5.09 -30.4939 2.16006e-005 1.43846e-005 0.143557 0.143557
5.1 -30.4107 1.6756e-005 5.67387e-006 0.141265 0.141265
5.11 -30.3518 5.26455e-006 3.92378e-008 0.138165 0.138165
5.12 -30.3184 1.75385e-005 9.27723e-006 0.135208 0.135208
5.13 -30.3141 3.38947e-005 1.89079e-005 0.133793 0.133793
5.14 -30.3377 -7.90365e-006 -4.68451e-006 0.134105 0.134105
5.15 -30.3826 3.26655e-006 1.93598e-006 0.135042 0.135042
5.16 -30.4432 -1.02115e-006 -9.13545e-007 0.135641 0.135641
5.17 -30.5171 4.20712e-007 3.76378e-007 0.135962 0.135962
5.18 -30.6006 -1.73332e-007 -1.55067e-007 0.13682 0.13682
5.19 -30.6914 7.14124e-008 6.38872e-008 0.138146 0.138146
5.2 -30.7934 3.40752e-006 -2.63454e-006 0.138569 0.138569
5.21 -30.9153 -1.40389e-006 1.08543e-006 0.137575 0.137575
5.22 -31.0612 2.506e-005 -1.97522e-005 0.136245 0.136245
5.23 -31.229 -1.03247e-005 8.13787e-006 0.135528 0.135528
5.24 -31.4136 3.48858e-005 -3.67589e-005 0.135341 0.135341
5.25 -31.6068 -1.59273e-005 1.43057e-005 0.13542 0.13542
5.26 -31.7957 -1.71373e-006 -5.10716e-006 0.135953 0.135953
5.27 -31.9645 -7.12595e-007 1.75932e-006 0.136831 0.136831
5.28 -32.0966 -1.12012e-006 -1.05814e-006 0.137417 0.137417
5.29 -32.1758 0.000181873 0.000150067 0.13716 0.13716
5.3 -32.1946 0.00029561 0.000140208 0.134761 0.134761
5.31 -32.1597 -2.19651e-005 2.07607e-005 0.129002 0.129002
5.32 -32.0866 0.000344096 7.29147e-005 0.119589 0.119589
5.33 -31.9937 0.000391936 0.000357378 0.104023 0.104023
5.34 -31.8995 0.000174287 0.000173666 0.0794469 0.0794469
5.35 -31.8204 0.000197713 9.97487e-006 0.049104 0.049104
5.36 -31.7674 0.000286002 0.000478175 0.0205732 0.0205732
5.37 -31.7397 0.000129997 0.000161918 -0.00172849 -0.00172849
5.38 -31.7219 0.000162749 0.000153122 -0.0177719 -0.0177719
5.39 -31.6913 7.94737e-005 0.000541607 -0.0284683 -0.0284683
5.4 -31.6263 0.000135731 2.34043e-005 -0.0340745 -0.0340745
5.41 -31.5124 2.69058e-005 7.53983e-005 -0.035472 -0.035472
5.42 -31.3451 -2.40512e-006 -5.59341e-005 -0.0350476 -0.0350476
5.43 -31.1307 -1.67395e-005 6.68008e-005 -0.0352443 -0.0352443
5.44 -30.8833 0.000479045 0.000413777 -0.0375428 -0.0375428
5.45 -30.6237 0.00026614 0.000443174 -0.0414494 -0.0414494
5.46 -30.3776 -0.000133378 2.05968e-005 -0.0446974 -0.0446974
5.47 -30.1707 5.25467e-005 -2.38013e-006 -0.0448701 -0.0448701
5.48 -30.0225 -2.13309e-005 7.94766e-007 -0.0406498 -0.0406498
5.49 -29.9419 8.55251e-006 1.21464e-007 -0.0337651 -0.0337651
5.5 -29.924 -2.16667e-005 3.0223e-005 -0.0287545 -0.0287545
5.51 -29.9506 7.06488e-006 -7.81662e-006 -0.0284857 -0.0284857
5.52 -30 -3.52572e-006 4.31511e-006 -0.0317225 -0.0317225
5.53 -30.054 1.28624e-006 -1.3328e-006 -0.0361465 -0.0361465
5.54 -30.0979 -7.11691e-007 1.90753e-006 -0.0407842 -0.0407842
5.55 -30.1225 1.38648e-006 -1.53121e-006 -0.0468388 -0.0468388
5.56 -30.1295 1.66797e-006 -3.56216e-006 -0.0523239 -0.0523239
5.57 -30.1296 1.96693e-006 -5.5259e-006 -0.0513341 -0.0513341
5.58 -30.1347 -1.08167e-006 -2.21338e-006 -0.045734 -0.045734
5.59 -30.1544 0.00106384 0.000655437 -0.0469037 -0.0469037
5.6 -30.1957 -0.000129447 -0.00024618 -0.0633032 -0.0633032
5.61 -30.2587 -0.000528566 -0.000506577 -0.0919276 -0.0919276
5.62 -30.339 -0.00202838 -0.0024592 -0.130795 -0.130795
5.63 -30.43 0.00299202 0.00387533 -0.180898 -0.180898
5.64 -30.5277 0.00494902 0.00667048 -0.235447 -0.235447
5.65 -30.6276 -0.00207155 -0.00236549 -0.282903 -0.282903
5.66 -30.7197 0.00155153 0.00213499 -0.309177 -0.309177
5.67 -30.7998 -0.00072418 -6.39712e-005 -0.309897 -0.309897
5.68 -30.8638 0.000304179 7.94999e-006 -0.297082 -0.297082
5.69 -30.9167 -0.000267255 -0.000116933 -0.283445 -0.283445
5.7 -30.9703 2.60245e-005 0.00010172 -0.27384 -0.27384
5.71 -31.0358 -0.00026849 -0.000140099 -0.27043 -0.27043
5.72 -31.1203 -0.000372452 -0.00055733 -0.276806 -0.276806
5.73 -31.228 -3.4345e-005 -0.000219181 -0.293346 -0.293346
5.74 -31.363 4.48698e-005 2.13857e-005 -0.311968 -0.311968
5.75 -31.5326 4.69574e-006 -6.99147e-006 -0.322291 -0.322291
5.76 -31.7442 3.98934e-005 -3.32346e-005 -0.32119 -0.32119
5.77 -32.0004 0.000228302 0.000169052 -0.312517 -0.312517
5.78 -32.2969 0.000278693 0.000333879 -0.301423 -0.301423
5.79 -32.6212 0.000251465 0.000155321 -0.292052 -0.292052
5.8 -32.9507 0.000966672 0.000690954 -0.288545 -0.288545
5.81 -33.2564 -0.00220047 -0.00264146 -0.293923 -0.293923
5.82 -33.5192 -0.000966102 -0.00154753 -0.305697 -0.305697
5.83 -33.7387 0.000663336 0.000513045 -0.31692 -0.31692
5.84 -33.9241 -2.61574e-005 -0.000176185 -0.319445 -0.319445
5.85 -34.0806 0.00139284 -0.000112731 -0.306021 -0.306021
5.86 -34.2076 0.00175991 0.000294259 -0.278554 -0.278554
5.87 -34.3049 0.00251795 0.00152933 -0.249264 -0.249264
5.88 -34.3762 0.00343659 0.00298535 -0.233097 -0.233097
5.89 -34.4218 0.000852845 0.000661288 -0.240378 -0.240378
5.9 -34.4351 0.00110075 0.00105699 -0.272856 -0.272856
5.91 -34.4034 0.000376197 0.000389744 -0.325502 -0.325502
5.92 -34.3095 0.000243036 0.000362166 -0.386228 -0.386228
5.93 -34.1417 0.000185853 -0.000146095 -0.438314 -0.438314
5.94 -33.8939 -5.11476e-006 0.000560559 -0.469915 -0.469915
5.95 -33.5648 6.8399e-005 0.000225647 -0.481036 -0.481036
5.96 -33.1568 -1.40735e-005 0.000175734 -0.477442 -0.477442
5.97 -32.6791 0.000166089 0.000595436 -0.461317 -0.461317
5.98 -32.1461 0.000594464 0.000619748 -0.434841 -0.434841
5.99 -31.5706 0.000573261 0.00091215 -0.407487 -0.407487
6 -30.9555 6.39799e-005 0.000714236 -0.393294 -0.393294
6.01 -30.2906 -0.000355825 0.00052692 -0.397993 -0.397993
6.02 -29.5587 -0.000587222 0.00121883 -0.41295 -0.41295
6.03 -28.7425 -0.00167326 0.00176251 -0.424099 -0.424099
6.04 -27.8279 -0.00189882 0.00129169 -0.41921 -0.41921
6.05 -26.8157 -0.0025341 0.0015353 -0.394309 -0.394309
6.06 -25.7294 -0.00289023 0.00131311 -0.34733 -0.34733
6.07 -24.6134 -0.00217873 0.000598748 -0.272983 -0.272983
6.08 -23.5327 0.00133416 0.000574765 -0.184054 -0.184054
6.09 -22.556 -0.00191791 -0.00105262 -0.102878 -0.102878
6.1 -21.7469 -0.011829 -0.00593591 -0.0322344 -0.0322344
6.11 -21.1584 0.00591341 0.00593416 0.0332885 0.0332885
6.12 -20.832 0.00605385 0.00493179 0.0752863 0.0752863
6.13 -20.778 -0.00505818 -0.00301645 0.0615035 0.0615035
6.14 -20.99 -0.000713394 -0.00136108 -0.0146747 -0.0146747
6.15 -21.4513 -0.00208664 -0.000383437 -0.128801 -0.128801
6.16 -22.1348 -0.00158163 0.000167984 -0.241699 -0.241699
6.17 -23.0105 -0.00203289 -0.000648765 -0.315274 -0.315274
6.18 -24.0494 -0.00165967 -0.00227049 -0.328404 -0.328404
6.19 -25.2238 -8.04214e-005 -0.000260487 -0.284828 -0.284828
6.2 -26.5019 -1.13406e-005 -2.74111e-005 -0.207158 -0.207158
6.21 -27.8515 3.17541e-005 -0.000585368 -0.122977 -0.122977
6.22 -29.2517 -0.000180958 0.00333167 -0.0570071 -0.0570071
6.23 -30.6976 0.00650681 -0.00534999 -0.0277537 -0.0277537
6.24 -32.1804 -0.0171129 0.0188576 -0.0471728 -0.0471728
6.25 -33.6856 0.00351133 0.00391415 -0.10989 -0.10989
6.26 -35.1761 0.0162432 -0.0109937 -0.193486 -0.193486
6.27 -36.5857 -9.92894e-005 -0.00127101 -0.27445 -0.27445
6.28 -37.8519 0.00639262 -0.00322696 -0.309444 -0.309444
6.29 -38.9193 -0.000250759 -0.00045201 -0.248426 -0.248426
6.3 -39.7616 0.00167056 -0.000623032 -0.0922793 -0.0922793
6.31 -40.3736 0.00186759 0.000190159 0.104042 0.104042
6.32 -40.7517 0.00282513 0.000165757 0.274089 0.274089
6.33 -40.8963 0.00123568 0.000778846 0.366118 0.366118
6.34 -40.8146 0.00308218 0.00181512 0.344695 0.344695
6.35 -40.5207 0.000915677 -0.00276853 0.212231 0.212231
6.36 -40.0356 0.00997036 0.000677193 0.0310289 0.0310289
6.37 -39.4076 0.00287801 0.0010881 -0.114102 -0.114102
6.38 -38.692 -0.0011738 -0.000438673 -0.172662 -0.172662
6.39 -37.946 0.00048794 0.000180279 -0.138901 -0.138901
6.4 -37.2021 -0.000198025 -7.545e-005 -0.0328907 -0.0328907
6.41 -36.4705 9.61684e-005 2.87995e-005 0.105948 0.105948
6.42 -35.7601 -2.80424e-005 -9.00918e-006 0.220961 0.220961
6.43 -35.0683 1.20282e-005 7.85685e-006 0.262514 0.262514
6.44 -34.3739 -3.96164e-006 7.63595e-006 0.217885 0.217885
6.45 -33.6478 1.69165e-007 1.22446e-005 0.115075 0.115075
6.46 -32.8654 4.15489e-006 2.30491e-005 0.00163983 0.00163983
6.47 -32.0071 7.07891e-005 3.06646e-005 -0.0768941 -0.0768941
6.48 -31.0558 -0.000428999 0.000515554 -0.0909452 -0.0909452
6.49 -30.0059 -0.000664371 0.000607102 -0.0389538 -0.0389538
6.5 -28.8767 -0.0237072 0.0216588 0.0552872 0.0552872
6.51 -27.7 0.00228929 -0.011609 0.146765 0.146765
6.52 -26.5272 0.00332813 0.00259387 0.171107 0.171107
6.53 -25.4007 -0.00485921 -0.00134951 0.113618 0.113618
6.54 -24.3427 -0.0111548 -0.00316134 0.0367889 0.0367889
6.55 -23.3725 -0.00196653 -0.00419801 -0.0228128 -0.0228128
6.56 -22.5113 0.00290306 0.00243395 -0.0696722 -0.0696722
6.57 -21.7826 -0.000479873 -0.00167703 -0.0789484 -0.0789484
6.58 -21.2102 -0.00380231 0.00248149 -0.0186857 -0.0186857
6.59 -20.8158 -0.00079019 0.00341718 0.0922423 0.0922423
6.6 -20.6077 -7.28219e-005 -0.00121623 0.194374 0.194374
6.61 -20.5864 -0.00130501 0.00174008 0.243329 0.243329
6.62 -20.7545 -0.000577592 0.000748245 0.236529 0.236529
6.63 -21.1075 -0.000788555 -0.00194993 0.191416 0.191416
6.64 -21.6374 -0.000748736 -0.000909406 0.123253 0.123253
6.65 -22.3291 0.000284222 0.000342307 0.0532207 0.0532207
6.66 -23.1592 -0.000733594 -0.00176142 0.0122148 0.0122148
6.67 -24.101 8.00237e-005 0.000306799 0.0202248 0.0202248
6.68 -25.1347 -0.00017752 -7.74254e-005 0.0692624 0.0692624
6.69 -26.2539 -1.5555e-005 4.90252e-005 0.132858 0.132858
6.7 -27.4606 -4.87239e-005 -3.8627e-005 0.186412 0.186412
6.71 -28.7517 -0.000268103 -0.000574093 0.217348 0.217348
6.72 -30.1089 0.00498043 -0.00105814 0.225395 0.225395
6.73 -31.5082 0.0137436 -0.00407364 0.212527 0.212527
6.74 -32.9212 -0.0112312 0.0144406 0.178616 0.178616
6.75 -34.336 0.00372937 -0.00597143 0.137456 0.137456
6.76 -35.7368 -0.00162418 0.00222241 0.0929532 0.0929532
6.77 -37.1152 0.000605468 -0.00100058 0.0330078 0.0330078
6.78 -38.4684 -0.000540899 0.000560446 -0.00991522 -0.00991522
6.79 -39.7961 0.00190501 -0.00370072 0.00311901 0.00311901
6.8 -41.0991 0.0140007 -0.0124635 0.0626467 0.0626467
6.81 -42.3809 0.0128098 -0.00423027 0.173178 0.173178
6.82 -43.6207 0.0169079 -0.00278474 0.369128 0.369128
6.83 -44.7982 0.0407187 -0.022419 0.648741 0.648741
6.84 -45.863 0.034082 -0.0217064 0.966254 0.966254
6.85 -46.7425 0.0142673 -0.00503267 1.28457 1.28457
6.86 -47.3677 -0.00117395 0.00152298 1.55909 1.55909
6.87 -47.6711 0.0278871 -0.0104077 1.71767 1.71767
6.88 -47.6027 0.0120859 -0.00781432 1.74145 1.74145
6.89 -47.1302 -0.00577051 0.00345183 1.66443 1.66443
6.9 -46.245 0.00240706 -0.00153024 1.48648 1.48648
6.91 -44.979 -0.000953399 0.000385202 1.21963 1.21963
6.92 -43.4028 0.000363734 -0.000476723 0.966795 0.966795
6.93 -41.6073 -0.000136606 0.000188099 0.837335 0.837335
6.94 -39.6747 4.93812e-005 -0.000262446 0.834605 0.834605
6.95 -37.6634 -1.59444e-005 4.55617e-005 0.881002 0.881002
6.96 -35.614 2.96024e-005 -9.83934e-005 0.903113 0.903113
6.97 -33.5582 -0.00137524 -0.00250728 0.866447 0.866447
6.98 -31.5236 -0.0339635 -0.0289375 0.782832 0.782832
6.99 -29.5262 -0.0389941 0.0308865 0.692187 0.692187
7 -27.5583 0.085298 -0.0199583 0.568352 0.568352
7.01 -25.6731 0.042047 -0.0390678 0.372804 0.372804
7.02 -23.9403 -0.0216578 0.00439821 0.202027 0.202027
7.03 -22.4031 -0.00388783 -0.0174042 0.155872 0.155872
7.04 -21.1221 -0.00847374 -0.000390549 0.169932 0.169932
7.05 -20.0879 -0.0012947 0.002534 0.12749 0.12749
7.06 -19.2662 -0.0064916 0.00195764 0.044246 0.044246
7.07 -18.6154 -0.00546797 0.00354035 0.0349107 0.0349107
7.08 -18.0812 -0.00414742 0.00375461 0.162502 0.162502
7.09 -17.6085 -0.00336583 0.000837618 0.399128 0.399128
7.1 -17.1415 -0.0237269 0.017293 0.693131 0.693131
7.11 -16.6494 -0.0276268 0.0186579 1.05157 1.05157
7.12 -16.1409 -0.00822872 0.00848425 1.47868 1.47868
7.13 -15.6642 -0.00182582 0.00178485 1.8645 1.8645
7.14 -15.2895 -0.0073873 0.00651627 2.0741 2.0741
7.15 -15.0936 -0.00493618 0.00585912 2.07962 2.07962
7.16 -15.1475 -0.00046717 0.00305657 1.93887 1.93887
7.17 -15.4998 2.41905e-005 -0.00093251 1.72687 1.72687
7.18 -16.1712 0.00301294 0.00403516 1.50088 1.50088
7.19 -17.1487 0.00298708 0.00239387 1.30757 1.30757
7.2 -18.3975 -0.0180262 -0.0148354 1.19564 1.19564
7.21 -19.8763 -0.00441602 -0.00598967 1.18886 1.18886
7.22 -21.542 0.0072501 0.00434261 1.25341 1.25341
7.23 -23.3665 -0.0139741 -0.00637506 1.30875 1.30875
7.24 -25.3436 -0.0353521 -0.00614175 1.29705 1.29705
7.25 -27.4643 -0.0357272 0.000846496 1.20102 1.20102
7.26 -29.7208 0.0078805 0.00565767 1.02714 1.02714
7.27 -32.0888 0.0317443 -0.0142996 0.828498 0.828498
7.28 -34.5291 -0.013324 0.0564489 0.650518 0.650518
7.29 -37.0305 0.0395056 0.0641909 0.50345 0.50345
7.3 -39.5129 0.0531856 -0.00791228 0.411733 0.411733
7.31 -41.9171 0.0595214 0.00158169 0.373941 0.373941
7.32 -44.1658 0.102212 0.0411502 0.298153 0.298153
7.33 -46.2104 0.166275 0.00397518 0.0798933 0.0798933
7.34 -48.0131 0.325058 -0.118781 -0.141641 -0.141641
7.35 -49.4544 0.190502 -0.122236 0.0918895 0.0918895
7.36 -50.5118 0.0537588 0.049523 1.04235 1.04235
7.37 -51.1867 0.0998906 -0.0234471 2.39991 2.39991
7.38 -51.4253 0.0462851 -0.0168224 3.7544 3.7544
7.39 -51.2509 0.0372364 -0.0312032 4.92358 4.92358
7.4 -50.6663 0.0164581 -0.0195878 5.64671 5.64671
7.41 -49.7077 0.00950617 -0.0151225 5.57087 5.57087
7.42 -48.4403 -0.00127838 0.00279844 4.6973 4.6973
7.43 -46.9443 -0.000209842 -0.00384443 3.5001 3.5001
7.44 -45.2795 -0.00103322 -0.00251913 2.52763 2.52763
7.45 -43.4807 -0.00208902 -0.00598238 2.05825 2.05825
7.46 -41.5658 0.00660461 0.00184789 2.09784 2.09784
7.47 -39.533 0.0275367 0.0215391 2.4989 2.4989
7.48 -37.3821 0.0517013 0.0280509 2.98057 2.98057
7.49 -35.1626 0.0206685 0.0043879 3.15568 3.15568
7.5 -32.883 0.0324991 -0.0261139 2.73954 2.73954
7.51 -30.6045 0.0911883 -0.0416888 1.68749 1.68749
7.52 -28.4052 0.0395804 -0.0316727 0.0814762 0.0814762
7.53 -26.3726 -0.0221089 -0.0859017 -1.84114 -1.84114
7.54 -24.6058 0.0133971 -0.0407863 -3.6629 -3.6629
7.55 -23.1763 -0.021957 -0.0243591 -5.05272 -5.05272
7.56 -22.1185 -0.0765442 -0.0206217 -5.81514 -5.81514
7.57 -21.3547 0.00133625 -0.0334665 -5.84199 -5.84199
7.58 -20.839 -0.0340473 -0.00518024 -5.2551 -5.2551
7.59 -20.5125 -0.0216823 -0.0261133 -4.39716 -4.39716
7.6 -20.3333 -0.0864862 -0.0572628 -3.64052 -3.64052
7.61 -20.2503 -0.0368785 -0.023186 -3.21642 -3.21642
7.62 -20.2421 0.00488155 0.00174688 -3.1494 -3.1494
7.63 -20.2797 -0.00226232 -0.000322196 -3.29295 -3.29295
7.64 -20.363 0.000804473 0.00109835 -3.41993 -3.41993
7.65 -20.5157 6.92834e-005 -0.00376575 -3.31715 -3.31715
7.66 -20.7691 0.00139844 -0.00986949 -2.86011 -2.86011
7.67 -21.1585 -0.00165433 0.00778536 -2.05701 -2.05701
7.68 -21.6917 0.00730952 0.0174399 -1.05303 -1.05303
7.69 -22.3476 0.0138979 0.00179914 -0.0893938 -0.0893938
7.7 -23.0775 0.0164705 -0.0038425 0.614557 0.614557
7.71 -23.8653 0.000431106 0.0023009 0.938271 0.938271
7.72 -24.7126 -0.0121487 -0.00763327 0.825302 0.825302
7.73 -25.6086 0.0266231 0.0102126 0.293606 0.293606
7.74 -26.5322 0.0173257 -0.00573663 -0.476073 -0.476073
7.75 -27.4948 0.120273 0.146064 -1.23567 -1.23567
7.76 -28.5157 0.343864 0.357495 -2.08386 -2.08386
7.77 -29.5803 0.321125 0.332386 -3.5082 -3.5082
7.78 -30.6919 0.214994 0.195911 -5.69649 -5.69649
7.79 -31.8443 0.169405 0.102835 -8.2054 -8.2054
7.8 -32.9876 0.0588423 0.0231859 -10.4138 -10.4138
7.81 -34.1123 0.0341079 0.0224848 -11.9287 -11.9287
7.82 -35.1805 0.037349 0.051621 -12.5293 -12.5293
7.83 -36.1976 0.0986859 0.107096 -12.0149 -12.0149
7.84 -37.1693 0.0213808 0.00713273 -10.4535 -10.4535
7.85 -38.1549 7.74561e-005 -0.00357563 -8.37015 -8.37015
7.86 -39.1804 0.00797015 0.00807481 -6.46018 -6.46018
7.87 -40.2681 -0.00714043 0.00911438 -5.25651 -5.25651
7.88 -41.4344 0.00453169 -0.0039028 -4.91487 -4.91487
7.89 -42.6488 0.00936215 -0.000996521 -5.18026 -5.18026
7.9 -43.8342 -0.000822882 0.000472011 -5.57941 -5.57941
7.91 -44.8763 0.000939416 -0.000516267 -5.6229 -5.6229
7.92 -45.6389 0.000946752 -0.00394025 -4.95924 -4.95924
7.93 -46.0072 0.00114812 -0.004051 -3.51717 -3.51717
7.94 -45.9121 5.95226e-005 0.00591648 -1.55417 -1.55417
7.95 -45.3461 0.0104144 0.0192855 0.460468 0.460468
7.96 -44.3521 0.0266913 0.0470302 2.0245 2.0245
7.97 -43.0294 0.0636356 0.0641748 2.79186 2.79186
7.98 -41.4914 0.181018 0.173902 2.63909 2.63909
7.99 -39.8372 0.083732 0.0607025 1.55841 1.55841
8 -38.2388 -0.0552075 -0.0437726 -0.216937 -0.216937
8.01 -36.7359 -0.0472669 -0.0184776 -2.1568 -2.1568
8.02 -35.3518 -0.0162969 -0.0058684 -3.86173 -3.86173
8.03 -33.9999 -0.0128634 -0.0850926 -5.3988 -5.3988
8.04 -32.603 -0.248394 -0.40493 -7.09366 -7.09366
8.05 -31.0787 -0.3663 -0.389017 -9.00341 -9.00341
8.06 -29.3648 -0.224473 -0.153817 -10.9018 -10.9018
8.07 -27.5069 -0.292417 -0.203675 -12.6747 -12.6747
8.08 -25.4815 -0.140209 -0.0535603 -14.196 -14.196
8.09 -23.434 -0.13268 -0.0389564 -15.0657 -15.0657
8.1 -21.4159 -0.0816318 -0.00517939 -14.8087 -14.8087
8.11 -19.5684 -0.0604998 -0.0738134 -13.4026 -13.4026
8.12 -18.0368 -0.145298 -0.128808 -11.4376 -11.4376
8.13 -16.8939 -0.105619 -0.0346822 -9.59157 -9.59157
8.14 -16.2176 -0.0407066 0.00604962 -8.27265 -8.27265
8.15 -16.0347 -0.0161736 0.00287301 -7.68757 -7.68757
8.16 -16.2798 -0.00451598 -0.00231709 -7.82116 -7.82116
8.17 -16.8591 -0.00213174 0.00315898 -8.33328 -8.33328
8.18 -17.6657 -0.000236732 0.00785744 -8.65353 -8.65353
8.19 -18.597 0.000273825 -0.00511678 -8.30798 -8.30798
8.2 -19.5769 0.00154322 0.0175947 -7.18677 -7.18677
8.21 -20.5472 0.00990697 0.0353649 -5.51027 -5.51027
8.22 -21.5171 0.111672 0.143093 -3.69494 -3.69494
8.23 -22.4646 -0.0667417 -0.0875926 -2.26622 -2.26622
8.24 -23.2694 -0.0718435 -0.0622481 -1.6519 -1.6519
8.25 -24.1101 0.0431252 0.050161 -2.12705 -2.12705
8.26 -24.9871 -0.0402574 -0.00848159 -3.77087 -3.77087
8.27 -25.8779 0.0139345 -0.00033269 -6.16599 -6.16599
8.28 -26.7468 -0.00886802 0.00263549 -8.58419 -8.58419
8.29 -27.5589 0.00861393 -2.7171e-005 -10.485 -10.485
8.3 -28.2908 0.00985123 0.045098 -11.6173 -11.6173
8.31 -28.8881 0.0601416 0.179405 -11.9165 -11.9165
8.32 -29.3099 0.248252 0.374468 -11.6622 -11.6622
8.33 -29.4833 0.266518 0.229565 -11.4304 -11.4304
8.34 -29.4575 0.0652201 0.0707417 -11.5864 -11.5864
8.35 -29.2779 0.0287115 0.0133646 -12.1874 -12.1874
8.36 -28.9979 0.0149706 0.0115647 -13.1377 -13.1377
8.37 -28.6893 0.2178 0.272334 -14.1508 -14.1508
8.38 -28.3407 0.103249 0.12286 -14.7809 -14.7809
8.39 -28.0198 -0.0425266 -0.0506244 -14.6551 -14.6551
8.4 -27.7771 0.0175454 0.0208429 -13.7113 -13.7113
8.41 -27.5708 -0.00722246 -0.00859763 -12.2189 -12.2189
8.42 -27.3884 0.00399622 0.00291867 -10.5849 -10.5849
8.43 -27.1843 -0.000491886 -0.00150449 -9.13591 -9.13591
8.44 -26.9231 0.00462564 -0.00166728 -8.05752 -8.05752
8.45 -26.5588 0.00019401 -0.000580512 -7.40377 -7.40377
8.46 -26.0589 0.000384466 0.000821932 -7.03128 -7.03128
8.47 -25.4173 0.0295903 -0.0108347 -6.6195 -6.6195
8.48 -24.6655 -0.00897698 0.00225433 -5.89998 -5.89998
8.49 -23.8484 -0.0552045 -0.00220362 -4.92806 -4.92806
8.5 -23.0771 -0.206071 -0.190357 -4.01122 -4.01122
8.51 -22.2769 0.23939 0.257809 -3.4645 -3.4645
8.52 -21.4834 0.0138565 0.0959123 -3.65334 -3.65334
8.53 -20.9797 0.00838744 0.00965001 -4.80681 -4.80681
8.54 -20.6842 -0.00611565 0.0207415 -6.69913 -6.69913
8.55 -20.6451 0.00245497 0.000951376 -8.83651 -8.83651
8.56 -20.8405 0.00244772 -0.0163711 -10.7786 -10.7786
8.57 -21.2226 -0.00163446 0.00889365 -12.1192 -12.1192
8.58 -21.7373 0.000350289 -0.00257199 -12.5146 -12.5146
8.59 -22.3252 -0.000181329 0.00111991 -12.0727 -12.0727
8.6 -22.9285 0.00199566 -0.00381858 -11.3564 -11.3564
8.61 -23.4954 -0.061667 -0.113573 -10.9036 -10.9036
8.62 -23.9607 -0.187027 -0.226455 -11.0634 -11.0634
8.63 -24.2721 -0.0127214 0.0163021 -11.9339 -11.9339
8.64 -24.4689 -0.00644517 -0.0157505 -13.1692 -13.1692
8.65 -24.5499 -0.0982651 -0.0944321 -14.2249 -14.2249
8.66 -24.5158 -0.058853 -0.0767677 -14.7484 -14.7484
8.67 -24.4088 0.023166 0.0240314 -14.5772 -14.5772
8.68 -24.2929 -0.00947047 -0.0100197 -13.6715 -13.6715
8.69 -24.1953 0.00391295 0.00410708 -12.2244 -12.2244
8.7 -24.1558 -0.00162368 -0.00167571 -10.6698 -10.6698
8.71 -24.19 0.000573613 0.000842548 -9.4355 -9.4355
8.72 -24.3136 -0.000560213 6.33251e-005 -8.70442 -8.70442
8.73 -24.545 0.000289818 -0.000173623 -8.38803 -8.38803
8.74 -24.9001 0.000925445 -0.00160548 -8.25302 -8.25302
8.75 -25.3802 -0.00024375 0.000217044 -8.04489 -8.04489
8.76 -25.9684 -0.00101855 0.000657948 -7.53835 -7.53835
8.77 -26.6353 -0.000936551 0.00015498 -6.59395 -6.59395
8.78 -27.4756 0.172556 0.250967 -5.33321 -5.33321
8.79 -28.3165 0.05385 0.0586369 -4.17873 -4.17873
8.8 -29.168 0.104434 0.0401657 -3.52775 -3.52775
8.81 -30.3655 0.0171205 -0.0478179 -3.71834 -3.71834
8.82 -31.6996 0.00383014 0.00740483 -5.01092 -5.01092
8.83 -33.3105 -0.00674267 -0.0021116 -7.12697 -7.12697
8.84 -35.146 -0.00102424 0.0042194 -9.3919 -9.3919
8.85 -37.1333 0.00117631 -0.00327658 -11.2606 -11.2606
8.86 -39.1675 0.0630469 0.0146881 -12.3758 -12.3758
8.87 -41.1166 0.25353 0.0689802 -12.4545 -12.4545
8.88 -42.8104 0.0928984 0.0283187 -11.4515 -11.4515
8.89 -44.1616 0.0577706 0.0198574 -9.83657 -9.83657
8.9 -45.1149 -0.0109135 -0.00388393 -8.44572 -8.44572
8.91 -45.6924 0.0255128 0.000372818 -7.90246 -7.90246
8.92 -45.893 0.0154762 -0.00362597 -8.18137 -8.18137
8.93 -45.8011 0.0359499 0.0047228 -8.80008 -8.80008
8.94 -45.524 0.0338569 0.0042197 -9.35592 -9.35592
8.95 -45.1865 0.0329503 -0.00253011 -9.65983 -9.65983
8.96 -44.8738 0.0348131 -0.00991394 -9.51667 -9.51667
8.97 -44.627 0.00101399 -0.00123467 -8.75821 -8.75821
8.98 -44.4447 -1.43506e-005 9.93145e-005 -7.50498 -7.50498
8.99 -44.2674 9.46747e-005 -0.000225073 -6.17477 -6.17477
9 -44.0027 1.58007e-005 -6.44669e-005 -5.15495 -5.15495
9.01 -43.5531 -0.000123791 0.00234678 -4.56436 -4.56436
9.02 -42.8399 -0.000210442 0.00264404 -4.31959 -4.31959
9.03 -41.829 0.000549979 -0.00366314 -4.27663 -4.27663
9.04 -40.5381 0.00132287 0.000933697 -4.25726 -4.25726
9.05 -39.023 0.00361192 0.0178325 -4.06607 -4.06607
9.06 -37.3854 0.00712934 0.0093622 -3.69433 -3.69433
9.07 -35.7152 0.0158829 0.0347229 -3.42092 -3.42092
9.08 -34.113 -0.0445515 -0.0345508 -3.51391 -3.51391
9.09 -32.5813 0.152904 0.124345 -4.06111 -4.06111
9.1 -31.0661 -0.00140472 -0.0264708 -5.10283 -5.10283
9.11 -29.6713 0.00347596 -0.0157953 -6.58871 -6.58871
9.12 -28.2827 0.0330562 -0.0381834 -8.25961 -8.25961
9.13 -26.8201 0.0251762 -0.0559401 -9.70219 -9.70219
9.14 -25.2534 0.0258339 -0.0139662 -10.5538 -10.5538
9.15 -23.558 -0.0103931 0.00716889 -10.7504 -10.7504
9.16 -21.7772 -0.00411863 0.0113664 -10.476 -10.476
9.17 -19.9972 0.000777145 -0.00173084 -9.97627 -9.97627
9.18 -18.3169 -0.000205474 0.000706345 -9.5056 -9.5056
9.19 -16.8405 0.000275157 -0.00072145 -9.23115 -9.23115
9.2 -15.6546 -0.0283609 0.013688 -9.22714 -9.22714
9.21 -14.8189 -0.0927689 0.0235837 -9.52185 -9.52185
9.22 -14.3512 -0.104326 0.0173422 -9.98374 -9.98374
9.23 -14.2088 -0.0535212 0.0248699 -10.2898 -10.2898
9.24 -14.3245 -0.0126033 0.00841971 -10.1725 -10.1725
9.25 -14.6323 -0.0414318 -0.00104541 -9.64154 -9.64154
9.26 -15.0511 -0.0804653 0.0273121 -8.9022 -8.9022
9.27 -15.523 -0.0226774 0.0200649 -8.16882 -8.16882
9.28 -16.0673 0.00767735 -0.00664352 -7.58405 -7.58405
9.29 -16.738 -0.00319655 0.00283883 -7.22688 -7.22688
9.3 -17.6145 0.00130341 -0.00114399 -7.10396 -7.10396
9.31 -18.78 -0.000544554 0.000472391 -7.10482 -7.10482
9.32 -20.2985 0.000204635 -0.000199372 -7.03356 -7.03356
9.33 -22.2083 -0.000228121 0.00011224 -6.71828 -6.71828
9.34 -24.5016 -0.00154421 -0.000391502 -6.10033 -6.10033
9.35 -27.0955 0.00800281 0.00572247 -5.24514 -5.24514
9.36 -30.081 0.0782652 0.100231 -4.34193 -4.34193
9.37 -32.8078 0.128738 0.0114488 -3.59928 -3.59928
9.38 -35.5328 -0.0352189 0.0321602 -3.21585 -3.21585
9.39 -38.2365 0.0222429 0.00262923 -3.46368 -3.46368
9.4 -40.6783 0.0087802 0.00881503 -4.3326 -4.3326
9.41 -42.9109 -0.00462174 -0.00234443 -5.4009 -5.4009
9.42 -44.9374 0.00127878 0.00256249 -6.32743 -6.32743
9.43 -46.8633 -0.000784853 0.000767907 -6.97914 -6.97914
9.44 -48.7856 0.445825 -0.192899 -7.16249 -7.16249
9.45 -50.6826 1.09124 -0.550964 -6.6581 -6.6581
9.46 -52.4083 0.501966 -0.160427 -5.45171 -5.45171
9.47 -54.1023 0.199251 0.00158056 -3.96 -3.96
9.48 -55.7368 0.0654479 0.00351857 -2.80748 -2.80748
9.49 -57.1967 0.058458 -0.0495503 -2.07774 -2.07774
9.5 -58.3739 0.0292858 0.000739252 -1.48282 -1.48282
9.51 -59.1861 0.0124159 0.0137092 -1.01951 -1.01951
9.52 -59.5746 0.137711 0.0279206 -0.816673 -0.816673
9.53 -59.424 0.144977 -0.0681037 -0.780695 -0.780695
9.54 -58.746 0.0399417 -0.0537866 -0.709975 -0.709975
9.55 -57.6403 -0.00552345 0.0136067 -0.574981 -0.574981
9.56 -56.1957 0.00361908 -0.00439743 -0.412736 -0.412736
9.57 -54.5178 -0.000992258 -0.00137109 -0.160489 -0.160489
9.58 -52.7151 0.00126262 0.00405849 0.224009 0.224009
9.59 -50.8866 -0.000507303 -0.00169785 0.650212 0.650212
9.6 -49.107 0.000395804 0.00199998 0.977339 0.977339
9.61 -47.4042 0.000217849 0.00247546 1.15626 1.15626
9.62 -45.7542 0.000428226 0.000178579 1.24953 1.24953
9.63 -44.0933 0.00694071 0.0174321 1.32014 1.32014
9.64 -42.3482 0.0110637 0.022017 1.30094 1.30094
9.65 -40.4815 0.0192008 0.017049 0.989313 0.989313
9.66 -38.4868 -0.00668389 -0.0210507 0.314139 0.314139
9.67 -36.3573 0.130577 0.0860325 -0.540606 -0.540606
9.68 -34.0247 0.150312 0.0630245 -1.57067 -1.57067
9.69 -31.6294 0.0842179 -0.00718423 -3.06609 -3.06609
9.7 -29.2611 0.154167 -0.0719679 -5.04039 -5.04039
9.71 -26.9501 0.160684 -0.148345 -7.07775 -7.07775
9.72 -24.7945 0.05641 -0.0713982 -8.7466 -8.7466
9.73 -22.8902 0.0199812 -0.0252153 -9.80425 -9.80425
9.74 -21.2115 0.0220548 -0.0343528 -10.2389 -10.2389
9.75 -19.7815 -0.00995045 0.0167179 -10.084 -10.084
9.76 -18.5704 0.00483392 -0.00669714 -9.29996 -9.29996
9.77 -17.5579 0.00250529 -0.00864629 -8.22234 -8.22234
9.78 -16.7027 -0.00101619 0.00358833 -7.54622 -7.54622
9.79 -15.9757 -0.00167427 -0.00180933 -7.63482 -7.63482
9.8 -15.3875 -0.149524 -0.00283545 -8.28197 -8.28197
9.81 -14.9234 -0.0827253 0.0139529 -9.08727 -9.08727
9.82 -14.6383 -0.0303507 -0.00845765 -9.75935 -9.75935
9.83 -14.6008 -0.141827 0.0316428 -10.0707 -10.0707
9.84 -14.8269 -0.00814349 0.0214154 -9.79708 -9.79708
9.85 -15.3819 0.00334193 -0.00884821 -8.89516 -8.89516
9.86 -16.2696 -0.00137371 0.00360703 -7.6341 -7.6341
9.87 -17.4904 0.000545209 -0.00140369 -6.40718 -6.40718
9.88 -19.0191 -0.000471995 0.00232377 -5.46522 -5.46522
9.89 -20.8067 -0.00067756 0.00477998 -4.86488 -4.86488
9.9 -22.782 0.000589444 -0.00575782 -4.56497 -4.56497
9.91 -24.8697 -0.00346227 0.001675 -4.44235 -4.44235
9.92 -27.0773 0.164541 0.205363 -4.33668 -4.33668
9.93 -29.237 0.305339 0.111782 -4.26195 -4.26195
9.94 -31.2545 0.469095 -0.129777 -4.2949 -4.2949
9.95 -33.3559 0.170603 -0.220587 -4.21874 -4.21874
9.96 -35.4747 0.0203712 -0.0120206 -4.02095 -4.02095
9.97 -37.6881 0.00538577 -0.0161927 -4.25857 -4.25857
9.98 -39.9526 -0.00296602 0.00762904 -5.17704 -5.17704
9.99 -42.2643 0.00783806 0.0031505 -6.32338 -6.32338
10 -44.6516 0.74293 0.604163 -7.26764 -7.26764
