0.1 -3.87971 22.847 7.23843 -5.37227e-012 -5.37227e-012
0.2 -7.75929 45.6907 14.475 -2.02694e-011 -2.02694e-011
0.3 -11.6387 68.531 21.7097 3.93996e-010 3.93996e-010
0.4 -15.5181 91.3681 28.9426 4.0961e-010 4.0961e-010
0.5 -19.3972 114.202 36.1736 3.80629e-010 3.80629e-010
0.6 -23.2763 137.032 43.4027 4.24804e-010 4.24804e-010
0.7 -27.1552 159.859 50.63 5.1466e-010 5.1466e-010
0.8 -31.034 182.683 57.8554 3.2253e-010 3.2253e-010
0.9 -34.9127 205.503 65.0789 3.15547e-010 3.15547e-010
1 -38.7912 228.32 72.3005 2.53482e-010 2.53482e-010
0.01 -27.671 139.484 1248.54 27.0418 27.0418
0.02 -44.0448 266.47 -384.072 89.3717 89.3717
0.03 -38.3213 210.542 272.015 81.0113 81.0113
0.04 -42.1361 233.197 -25.3543 -50.1504 -50.1504
0.05 -40.6888 224.886 99.7493 -160.875 -160.875
0.06 -41.3351 228.457 54.2902 -141.487 -141.487
0.07 -41.0926 224.083 79.9653 -51.0665 -51.0665
0.08 -41.1854 223.279 76.1131 17.2149 17.2149
0.09 -41.1354 222.592 82.3498 38.3391 38.3391
0.1 -41.1453 222.912 80.0824 38.1062 38.1062
0.11 -41.1356 222.896 76.0571 45.7697 45.7697
0.12 -41.1391 222.772 68.7513 67.5527 67.5527
0.13 -41.1389 223.109 61.9303 80.61 80.61
0.14 -41.138 224.711 57.6516 57.2428 57.2428
0.15 -41.1332 227.397 57.2371 2.15754 2.15754
0.16 -41.1273 230.091 59.9578 -48.0296 -48.0296
0.17 -41.1238 231.892 64.3577 -66.6737 -66.6737
0.18 -41.1269 232.808 68.9956 -62.0608 -62.0608
0.19 -41.1401 233.23 72.6148 -55.0794 -55.0794
0.2 -41.1649 233.191 74.0389 -48.7228 -48.7228
0.21 -41.2008 232.447 72.6136 -30.9697 -30.9697
0.22 -41.2446 231.068 68.7638 1.82549 1.82549
0.23 -41.2906 229.595 63.9192 36.7244 36.7244
0.24 -41.3329 228.628 59.7864 57.5478 57.5478
0.25 -41.3663 228.423 57.5777 58.8319 58.8319
0.26 -41.388 228.883 57.6565 46.0149 46.0149
0.27 -41.3976 229.798 59.5986 26.8223 26.8223
0.28 -41.3975 231.024 62.4582 5.21791 5.21791
0.29 -41.3911 232.461 65.0808 -17.5273 -17.5273
0.3 -41.3824 233.957 66.4178 -38.4799 -38.4799
0.31 -41.3749 235.306 65.8316 -51.7177 -51.7177
0.32 -41.3708 236.35 63.3334 -52.0157 -52.0157
0.33 -41.3709 237.067 59.6041 -39.3022 -39.3022
0.34 -41.3749 237.553 55.7388 -18.7725 -18.7725
0.35 -41.382 237.922 52.8077 3.07303 3.07303
0.36 -41.3916 238.219 51.485 21.7793 21.7793
0.37 -41.4037 238.436 51.8988 34.8859 34.8859
0.38 -41.4186 238.572 53.6854 40.3844 40.3844
0.39 -41.4368 238.652 56.1533 36.685 36.685
0.4 -41.4581 238.684 58.4907 24.1555 24.1555
0.41 -41.482 238.642 60.0029 5.98922 5.98922
0.42 -41.5065 238.491 60.3305 -12.8893 -12.8893
0.43 -41.5291 238.228 59.5556 -27.9047 -27.9047
0.44 -41.5466 237.894 58.1347 -36.2052 -36.2052
0.45 -41.5562 237.549 56.6846 -36.7757 -36.7757
0.46 -41.5558 237.241 55.7321 -29.9955 -29.9955
0.47 -41.5451 237.013 55.5471 -17.427 -17.427
0.48 -41.5253 236.895 56.1001 -1.81719 -1.81719
0.49 -41.4988 236.903 57.116 13.247 13.247
0.5 -41.4688 237.052 58.1875 24.2707 24.2707
0.51 -41.4386 237.345 58.9306 28.9212 28.9212
0.52 -41.4113 237.737 59.1351 26.5945 26.5945
0.53 -41.3885 238.154 58.8431 18.2905 18.2905
0.54 -41.3711 238.532 58.3099 6.12198 6.12198
0.55 -41.3594 238.82 57.8839 -7.18578 -7.18578
0.56 -41.3526 238.934 57.8973 -18.7606 -18.7606
0.57 -41.3496 238.742 58.5851 -26.1269 -26.1269
0.58 -41.3485 238.138 59.997 -27.7901 -27.7901
0.59 -41.3483 237.133 61.9447 -23.6227 -23.6227
0.6 -41.3482 235.873 64.0588 -14.8487 -14.8487
0.61 -41.3474 234.534 65.9256 -3.64673 -3.64673
0.62 -41.345 233.253 67.2455 7.42547 7.42547
0.63 -41.3396 232.175 67.9229 15.9922 15.9922
0.64 -41.3303 231.465 68.0698 20.3175 20.3175
0.65 -41.316 231.165 67.9481 19.6337 19.6337
0.66 -41.2959 231.172 67.8601 14.292 14.292
0.67 -41.2701 231.372 68.0294 5.66939 5.66939
0.68 -41.24 231.693 68.5553 -4.17742 -4.17742
0.69 -41.2074 232.062 69.4164 -13.0192 -13.0192
0.7 -41.1748 232.391 70.4631 -18.9673 -18.9673
0.71 -41.1448 232.608 71.4462 -20.8641 -20.8641
0.72 -41.1199 232.636 72.1073 -18.4859 -18.4859
0.73 -41.1018 232.389 72.3005 -12.5449 -12.5449
0.74 -41.0907 231.81 72.0877 -4.50136 -4.50136
0.75 -41.086 230.91 71.7154 3.78121 3.78121
0.76 -41.0863 229.776 71.4638 10.4661 10.4661
0.77 -41.0902 228.568 71.5273 14.1551 14.1551
0.78 -41.0963 227.491 71.9836 14.1806 14.1806
0.79 -41.1033 226.713 72.807 10.7143 10.7143
0.8 -41.1097 226.284 73.8749 4.6839 4.6839
0.81 -41.1144 226.159 74.9742 -2.46707 -2.46707
0.82 -41.1169 226.28 75.8318 -9.11734 -9.11734
0.83 -41.1174 226.581 76.2255 -13.8301 -13.8301
0.84 -41.116 227.004 76.0876 -15.6614 -15.6614
0.85 -41.1132 227.54 75.5006 -14.3468 -14.3468
0.86 -41.1099 228.227 74.6438 -10.3271 -10.3271
0.87 -41.1066 229.005 73.7654 -4.61622 -4.61622
0.88 -41.1034 229.704 73.1047 1.45227 1.45227
0.89 -41.1013 230.269 72.7698 6.53258 6.53258
0.9 -41.102 230.826 72.7031 9.56068 9.56068
0.91 -41.1068 231.504 72.7853 9.97243 9.97243
0.92 -41.116 232.229 72.9761 7.80335 7.80335
0.93 -41.1282 232.793 73.3231 3.65258 3.65258
0.94 -41.1422 233.112 73.8188 -1.47562 -1.47562
0.95 -41.1578 233.294 74.2913 -6.41183 -6.41183
0.96 -41.1752 233.503 74.509 -10.0856 -10.0856
0.97 -41.1934 233.794 74.4115 -11.7549 -11.7549
0.98 -41.2102 234.066 74.1585 -11.152 -11.152
0.99 -41.224 234.251 73.9352 -8.51893 -8.51893
1 -41.2342 234.455 73.7844 -4.52938 -4.52938
1.01 -41.2413 234.763 73.6008 -0.120011 -0.120011
1.02 -41.246 235.157 73.2506 3.7264 3.7264
1.03 -41.2489 235.695 72.7292 6.19692 6.19692
1.04 -41.2513 236.521 72.1922 6.81692 6.81692
1.05 -41.253 237.639 71.7866 5.53805 5.53805
1.06 -41.2552 238.816 71.5382 2.73012 2.73012
1.07 -41.2583 239.819 71.3747 -0.91917 -0.91917
1.08 -41.2635 240.635 71.2068 -4.57109 -4.57109
1.09 -41.2718 241.34 70.998 -7.42738 -7.42738
1.1 -41.2826 241.81 70.82 -8.90216 -8.90216
1.11 -41.2943 241.844 70.7994 -8.73876 -8.73876
1.12 -41.3062 241.528 70.9922 -7.05012 -7.05012
1.13 -41.3184 241.196 71.2934 -4.27703 -4.27703
1.14 -41.3313 241.039 71.4482 -1.0761 -1.0761
1.15 -41.345 241.114 71.1875 1.8339 1.8339
1.16 -41.3599 241.548 70.4161 3.83075 3.83075
1.17 -41.3753 242.359 69.3319 4.51922 4.51922
1.18 -41.3894 243.384 68.3436 3.80752 3.80752
1.19 -41.4011 244.426 67.771 1.91496 1.91496
1.2 -41.4102 245.306 67.6417 -0.689346 -0.689346
1.21 -41.4172 245.906 67.7662 -3.40085 -3.40085
1.22 -41.423 246.185 67.9224 -5.61935 -5.61935
1.23 -41.4278 246.139 67.9556 -6.88133 -6.88133
1.24 -41.4319 245.843 67.8122 -6.95543 -6.95543
1.25 -41.4354 245.503 67.5287 -5.88188 -5.88188
1.26 -41.4387 245.354 67.1754 -3.95035 -3.95035
1.27 -41.4418 245.484 66.8285 -1.62419 -1.62419
1.28 -41.4445 245.843 66.5655 0.569236 0.569236
1.29 -41.4463 246.272 66.4474 2.15663 2.15663
1.3 -41.4466 246.58 66.5223 2.81942 2.81942
1.31 -41.4458 246.768 66.8041 2.4562 2.4562
1.32 -41.4446 246.979 67.1984 1.19482 1.19482
1.33 -41.4441 247.238 67.4886 -0.645818 -0.645818
1.34 -41.4454 247.582 67.4646 -2.6345 -2.6345
1.35 -41.4497 248.234 67.1403 -4.32858 -4.32858
1.36 -41.4566 249.233 66.8166 -5.37231 -5.37231
1.37 -41.4638 250.186 66.8176 -5.56923 -5.56923
1.38 -41.4694 250.563 67.1901 -4.9158 -4.9158
1.39 -41.4728 250.096 67.6569 -3.59336 -3.59336
1.4 -41.4748 248.919 67.8399 -1.92206 -1.92206
1.41 -41.4751 247.274 67.6817 -0.285929 -0.285929
1.42 -41.4712 245.413 67.5844 0.9546 0.9546
1.43 -41.4614 243.748 67.9688 1.54254 1.54254
1.44 -41.4454 242.579 68.852 1.37884 1.37884
1.45 -41.4236 241.746 69.8725 0.538317 0.538317
1.46 -41.3957 240.802 70.6201 -0.757109 -0.757109
1.47 -41.3613 239.404 71.0427 -2.19881 -2.19881
1.48 -41.319 237.399 71.5254 -3.46589 -3.46589
1.49 -41.2668 234.569 72.4862 -4.29366 -4.29366
1.5 -41.204 230.782 73.9936 -4.52425 -4.52425
1.51 -41.1334 226.593 75.813 -4.13497 -4.13497
1.52 -41.0604 223.217 77.686 -3.23943 -3.23943
1.53 -40.989 221.442 79.5385 -2.0574 -2.0574
1.54 -40.9197 220.944 81.4246 -0.859391 -0.859391
1.55 -40.8525 220.898 83.3225 0.0962785 0.0962785
1.56 -40.7888 220.716 85.1188 0.616743 0.616743
1.57 -40.7307 220.115 86.698 0.609984 0.609984
1.58 -40.6804 218.965 87.9069 0.0996167 0.0996167
1.59 -40.6399 217.216 88.5541 -0.783785 -0.783785
1.6 -40.6095 214.79 88.5971 -1.83434 -1.83434
1.61 -40.587 211.673 88.39 -2.81858 -2.81858
1.62 -40.57 208.289 88.5369 -3.52771 -3.52771
1.63 -40.559 205.662 89.2018 -3.82138 -3.82138
1.64 -40.5591 205.02 89.8116 -3.65321 -3.65321
1.65 -40.5737 206.91 89.7105 -3.07602 -3.07602
1.66 -40.6017 210.682 88.895 -2.22848 -2.22848
1.67 -40.6377 215.028 87.9517 -1.30562 -1.30562
1.68 -40.6778 218.889 87.4544 -0.515514 -0.515514
1.69 -40.7211 221.858 87.4681 -0.0301049 -0.0301049
1.7 -40.7688 223.992 87.6922 0.0545926 0.0545926
1.71 -40.8217 225.7 87.9172 -0.262842 -0.262842
1.72 -40.8807 227.676 88.0719 -0.894144 -0.894144
1.73 -40.9459 230.43 87.9892 -1.6845 -1.6845
1.74 -41.0165 233.872 87.376 -2.44811 -2.44811
1.75 -41.0906 237.551 85.9559 -3.01132 -3.01132
1.76 -41.1667 241.061 83.5813 -3.25414 -3.25414
1.77 -41.2431 243.982 80.3025 -3.13786 -3.13786
1.78 -41.3161 245.776 76.4487 -2.71007 -2.71007
1.79 -41.3827 246.285 72.5948 -2.08779 -2.08779
1.8 -41.4428 246.236 69.186 -1.42594 -1.42594
1.81 -41.4993 246.733 66.1972 -0.878107 -0.878107
1.82 -41.5558 248.475 63.3177 -0.559274 -0.559274
1.83 -41.6138 251.515 60.3929 -0.522668 -0.522668
1.84 -41.6729 255.456 57.6131 -0.755482 -0.755482
1.85 -41.7311 259.628 55.3967 -1.18864 -1.18864
1.86 -41.7855 263.142 54.0862 -1.71463 -1.71463
1.87 -41.8348 265.542 53.6396 -2.21198 -2.21198
1.88 -41.8837 267.638 53.6662 -2.57351 -2.57351
1.89 -41.9378 270.79 53.6989 -2.72992 -2.72992
1.9 -41.9976 274.97 53.451 -2.66016 -2.66016
1.91 -42.0573 278.557 52.8647 -2.38904 -2.38904
1.92 -42.1101 280.036 52.018 -1.98025 -1.98025
1.93 -42.1514 278.823 50.9634 -1.52606 -1.52606
1.94 -42.1782 274.909 49.626 -1.12842 -1.12842
1.95 -42.1868 268.645 47.9193 -0.874356 -0.874356
1.96 -42.1756 261.019 45.8724 -0.816304 -0.816304
1.97 -42.1453 253.604 43.6377 -0.962625 -0.962625
1.98 -42.097 247.68 41.4541 -1.27672 -1.27672
1.99 -42.031 243.508 39.5577 -1.68421 -1.68421
2 -41.947 240.508 38.1516 -2.09017 -2.09017
2.01 -41.8458 237.877 37.49 -2.40323 -2.40323
2.02 -41.73 235.125 37.9147 -2.55783 -2.55783
2.03 -41.6033 232.014 39.7219 -2.5274 -2.5274
2.04 -41.4697 228.322 42.8939 -2.32669 -2.32669
2.05 -41.3356 224.255 46.9846 -2.00529 -2.00529
2.06 -41.209 220.503 51.3621 -1.63532 -1.63532
2.07 -41.0942 217.165 55.5492 -1.29527 -1.29527
2.08 -40.9898 213.318 59.3394 -1.05277 -1.05277
2.09 -40.8921 207.934 62.6722 -0.952034 -0.952034
2.1 -40.7994 200.846 65.4232 -1.0085 -1.0085
2.11 -40.7115 192.702 67.3978 -1.20702 -1.20702
2.12 -40.6271 184.106 68.5318 -1.50314 -1.50314
2.13 -40.5425 175.252 68.9562 -1.83181 -1.83181
2.14 -40.4538 166.325 68.94 -2.1234 -2.1234
2.15 -40.3589 157.914 68.8478 -2.32077 -2.32077
2.16 -40.2594 151.069 69.0077 -2.39032 -2.39032
2.17 -40.1586 146.654 69.52 -2.32535 -2.32535
2.18 -40.0591 144.404 70.1921 -2.14423 -2.14423
2.19 -39.9632 143.31 70.7776 -1.88675 -1.88675
2.2 -39.8751 143.056 71.326 -1.60992 -1.60992
2.21 -39.8016 144.122 72.1757 -1.37825 -1.37825
2.22 -39.7481 146.678 73.6592 -1.24583 -1.24583
2.23 -39.7173 150.184 75.8553 -1.23781 -1.23781
2.24 -39.7116 153.936 78.4874 -1.34334 -1.34334
2.25 -39.7332 157.498 81.0141 -1.52398 -1.52398
2.26 -39.7822 160.498 82.842 -1.72949 -1.72949
2.27 -39.857 162.701 83.5206 -1.91081 -1.91081
2.28 -39.9553 164.514 82.9095 -2.0289 -2.0289
2.29 -40.0737 166.648 81.178 -2.06264 -2.06264
2.3 -40.2066 169.409 78.6244 -2.01284 -2.01284
2.31 -40.3476 172.86 75.5815 -1.89891 -1.89891
2.32 -40.4914 177.215 72.4382 -1.75275 -1.75275
2.33 -40.6335 182.671 69.567 -1.61204 -1.61204
2.34 -40.7702 189.18 67.1576 -1.51059 -1.51059
2.35 -40.8994 196.529 65.1929 -1.46919 -1.46919
2.36 -41.0205 204.547 63.5831 -1.49279 -1.49279
2.37 -41.1332 212.989 62.2889 -1.57287 -1.57287
2.38 -41.238 221.602 61.3532 -1.69058 -1.69058
2.39 -41.3372 230.684 60.8944 -1.82042 -1.82042
2.4 -41.4346 240.772 61.1491 -1.93533 -1.93533
2.41 -41.5313 251.814 62.4817 -2.01144 -2.01144
2.42 -41.6269 263.324 65.145 -2.0313 -2.0313
2.43 -41.7221 274.584 68.8249 -1.98686 -1.98686
2.44 -41.8164 284.352 72.5867 -1.88197 -1.88197
2.45 -41.9085 291.469 75.4765 -1.73465 -1.73465
2.46 -41.9969 295.947 77.1392 -1.57825 -1.57825
2.47 -42.0806 298.796 77.84 -1.45588 -1.45588
2.48 -42.1571 300.975 78.0469 -1.40504 -1.40504
2.49 -42.2216 302.801 78.117 -1.44142 -1.44142
2.5 -42.2691 303.996 78.2615 -1.5537 -1.5537
2.51 -42.2945 304.149 78.5646 -1.7109 -1.7109
2.52 -42.2957 303.135 78.9248 -1.87491 -1.87491
2.53 -42.2724 301.128 79.155 -2.01092 -2.01092
2.54 -42.2266 298.618 79.1968 -2.09432 -2.09432
2.55 -42.1617 296.363 79.164 -2.11477 -2.11477
2.56 -42.0827 294.983 79.2471 -2.07602 -2.07602
2.57 -41.9948 294.62 79.566 -1.9916 -1.9916
2.58 -41.9031 294.877 80.0941 -1.88 -1.88
2.59 -41.8119 294.935 80.7914 -1.7616 -1.7616
2.6 -41.7241 293.873 81.7143 -1.65655 -1.65655
2.61 -41.6422 291.133 82.8429 -1.58189 -1.58189
2.62 -41.5701 286.734 83.8988 -1.54817 -1.54817
2.63 -41.5109 281.097 84.5446 -1.55766 -1.55766
2.64 -41.4635 274.402 84.7533 -1.60459 -1.60459
2.65 -41.4207 266.072 84.8425 -1.67607 -1.67607
2.66 -41.3729 255.464 85.0807 -1.75439 -1.75439
2.67 -41.3144 242.886 85.2576 -1.82162 -1.82162
2.68 -41.2439 229.565 84.7381 -1.86423 -1.86423
2.69 -41.1608 216.8 83.0394 -1.87576 -1.87576
2.7 -41.0618 205.095 80.2978 -1.85765 -1.85765
2.71 -40.9417 194.254 77.2277 -1.8183 -1.8183
2.72 -40.7983 184.323 74.7049 -1.77075 -1.77075
2.73 -40.6362 176.078 73.1869 -1.72878 -1.72878
2.74 -40.4661 170.266 72.3098 -1.70111 -1.70111
2.75 -40.2995 166.617 71.2161 -1.68775 -1.68775
2.76 -40.145 164.195 69.4208 -1.6836 -1.6836
2.77 -40.0103 162.194 67.1161 -1.6858 -1.6858
2.78 -39.9027 160.07 64.534 -1.69532 -1.69532
2.79 -39.8305 157.661 61.5636 -1.71241 -1.71241
2.8 -39.8008 155.357 58.22 -1.7346 -1.7346
2.81 -39.8145 153.348 55.028 -1.7582 -1.7582
2.82 -39.8656 151.027 52.6908 -1.77739 -1.77739
2.83 -39.9446 147.641 51.5333 -1.7838 -1.7838
2.84 -40.0429 143.01 51.2508 -1.77089 -1.77089
2.85 -40.1529 137.729 51.1839 -1.73837 -1.73837
2.86 -40.2666 132.753 50.7201 -1.69293 -1.69293
2.87 -40.376 128.858 49.364 -1.64626 -1.64626
2.88 -40.474 126.803 46.9041 -1.61246 -1.61246
2.89 -40.5558 127.403 43.7129 -1.60525 -1.60525
2.9 -40.6174 130.981 40.5536 -1.63196 -1.63196
2.91 -40.6582 137.188 37.9464 -1.68788 -1.68788
2.92 -40.6826 145.423 35.836 -1.75681 -1.75681
2.93 -40.6988 155.035 33.9165 -1.81747 -1.81747
2.94 -40.7155 165.374 32.1127 -1.85189 -1.85189
2.95 -40.7415 175.953 30.5816 -1.8525 -1.8525
2.96 -40.7851 186.388 29.4737 -1.82332 -1.82332
2.97 -40.8512 196.102 28.9889 -1.77452 -1.77452
2.98 -40.9397 204.334 29.5367 -1.71908 -1.71908
2.99 -41.0471 210.696 31.5606 -1.67144 -1.67144
3 -41.1698 215.647 35.2239 -1.64388 -1.64388
3.01 -41.3039 220.215 40.305 -1.64298 -1.64298
3.02 -41.443 225.239 46.3995 -1.66768 -1.66768
3.03 -41.5778 231.027 53.1924 -1.70887 -1.70887
3.04 -41.6972 237.34 60.467 -1.75266 -1.75266
3.05 -41.7907 243.535 67.8105 -1.78624 -1.78624
3.06 -41.8512 249.14 74.5982 -1.8027 -1.8027
3.07 -41.8765 254.514 80.5391 -1.80353 -1.80353
3.08 -41.868 260.713 85.8895 -1.7983 -1.7983
3.09 -41.829 268.357 91.0152 -1.79872 -1.79872
3.1 -41.7634 276.928 96.0537 -1.80911 -1.80911
3.11 -41.6779 285.57 100.814 -1.82419 -1.82419
3.12 -41.5845 294.249 104.968 -1.83694 -1.83694
3.13 -41.4981 303.615 108.454 -1.84527 -1.84527
3.14 -41.4301 313.592 111.487 -1.85092 -1.85092
3.15 -41.3858 322.69 114.334 -1.85456 -1.85456
3.16 -41.3659 328.979 117.235 -1.85463 -1.85463
3.17 -41.3683 331.159 120.342 -1.85172 -1.85172
3.18 -41.3901 329.057 123.688 -1.85166 -1.85166
3.19 -41.4284 324.079 127.296 -1.86295 -1.86295
3.2 -41.4796 318.561 131.256 -1.89076 -1.89076
3.21 -41.535 313.946 135.66 -1.93004 -1.93004
3.22 -41.5806 309.915 140.507 -1.96339 -1.96339
3.23 -41.6002 305.324 145.506 -1.96866 -1.96866
3.24 -41.5831 299.427 150.036 -1.93253 -1.93253
3.25 -41.5236 292.196 153.337 -1.85978 -1.85978
3.26 -41.4226 284.23 154.594 -1.77152 -1.77152
3.27 -41.2879 276.826 153.07 -1.69516 -1.69516
3.28 -41.1319 271.434 148.536 -1.65468 -1.65468
3.29 -40.9668 268.466 141.574 -1.66365 -1.66365
3.3 -40.8006 266.94 133.433 -1.72035 -1.72035
3.31 -40.6411 265.347 125.568 -1.8079 -1.8079
3.32 -40.4978 262.705 119.099 -1.89956 -1.89956
3.33 -40.3812 258.537 114.457 -1.9666 -1.9666
3.34 -40.2974 252.044 111.377 -1.98647 -1.98647
3.35 -40.2477 242.394 109.176 -1.94977 -1.94977
3.36 -40.2319 229.989 107.018 -1.86564 -1.86564
3.37 -40.2498 216.581 104.136 -1.76118 -1.76118
3.38 -40.2978 204.254 100.188 -1.67137 -1.67137
3.39 -40.3678 194.467 95.4772 -1.6245 -1.6245
3.4 -40.446 187.262 90.7321 -1.63062 -1.63062
3.41 -40.5154 181.149 86.5905 -1.67817 -1.67817
3.42 -40.5613 174.394 83.2418 -1.74039 -1.74039
3.43 -40.577 166.596 80.3412 -1.78919 -1.78919
3.44 -40.564 158.836 77.205 -1.80853 -1.80853
3.45 -40.5281 152.595 73.2108 -1.79715 -1.79715
3.46 -40.4756 148.716 68.0253 -1.76231 -1.76231
3.47 -40.4125 147.086 61.6292 -1.71431 -1.71431
3.48 -40.3445 146.996 54.3749 -1.66484 -1.66484
3.49 -40.2779 147.587 46.9711 -1.62743 -1.62743
3.5 -40.2176 147.827 40.2609 -1.61385 -1.61385
3.51 -40.1671 146.577 34.9415 -1.62666 -1.62666
3.52 -40.1314 143.632 31.2903 -1.6596 -1.6596
3.53 -40.1191 140.216 29.0434 -1.70382 -1.70382
3.54 -40.1374 137.773 27.6018 -1.74827 -1.74827
3.55 -40.1878 136.637 26.3748 -1.77948 -1.77948
3.56 -40.2636 135.853 25.0172 -1.78797 -1.78797
3.57 -40.3546 134.21 23.5216 -1.77206 -1.77206
3.58 -40.4507 131.462 22.1887 -1.73858 -1.73858
3.59 -40.5443 128.59 21.5367 -1.70287 -1.70287
3.6 -40.6307 127.339 22.0423 -1.68203 -1.68203
3.61 -40.7077 129.268 23.7522 -1.68413 -1.68413
3.62 -40.7734 134.582 26.1671 -1.70403 -1.70403
3.63 -40.8242 141.878 28.5447 -1.72613 -1.72613
3.64 -40.8573 149.377 30.3877 -1.73222 -1.73222
3.65 -40.8737 156.315 31.7095 -1.7149 -1.7149
3.66 -40.8783 162.997 32.8359 -1.68406 -1.68406
3.67 -40.8766 169.886 34.1929 -1.65788 -1.65788
3.68 -40.8735 177.104 36.2215 -1.64982 -1.64982
3.69 -40.8742 184.604 38.9661 -1.66303 -1.66303
3.7 -40.8853 192.203 41.7982 -1.69141 -1.69141
3.71 -40.913 199.532 43.8527 -1.72444 -1.72444
3.72 -40.9618 206.423 44.5835 -1.75425 -1.75425
3.73 -41.0347 213.113 44.0247 -1.77908 -1.77908
3.74 -41.1303 219.817 42.9149 -1.80167 -1.80167
3.75 -41.2449 226.569 42.2427 -1.8254 -1.8254
3.76 -41.3746 233.423 42.5221 -1.84999 -1.84999
3.77 -41.5161 240.587 43.7558 -1.87059 -1.87059
3.78 -41.6662 248.27 45.7938 -1.88054 -1.88054
3.79 -41.8199 256.42 48.3709 -1.8744 -1.8744
3.8 -41.9724 264.798 51.1121 -1.84981 -1.84981
3.81 -42.1184 273.181 53.8282 -1.8092 -1.8092
3.82 -42.2495 281.268 56.8305 -1.76103 -1.76103
3.83 -42.3583 288.791 60.7696 -1.7179 -1.7179
3.84 -42.4403 295.84 65.7228 -1.69057 -1.69057
3.85 -42.4978 302.549 70.5158 -1.68162 -1.68162
3.86 -42.5347 308.744 73.687 -1.68505 -1.68505
3.87 -42.5522 314.053 74.856 -1.69409 -1.69409
3.88 -42.5494 318.107 74.6106 -1.7088 -1.7088
3.89 -42.5274 320.646 73.5985 -1.73373 -1.73373
3.9 -42.4887 321.401 72.0976 -1.76979 -1.76979
3.91 -42.4352 319.836 70.2856 -1.81131 -1.81131
3.92 -42.3654 315.259 68.7084 -1.85069 -1.85069
3.93 -42.2775 307.738 68.1865 -1.88472 -1.88472
3.94 -42.173 298.699 69.3052 -1.91533 -1.91533
3.95 -42.0555 290.014 72.3293 -1.94405 -1.94405
3.96 -41.9259 282.829 77.3509 -1.96565 -1.96565
3.97 -41.7843 277.456 84.1031 -1.96803 -1.96803
3.98 -41.632 273.824 91.9424 -1.93978 -1.93978
3.99 -41.4716 271.693 100.224 -1.87891 -1.87891
4 -41.3037 270.142 108.542 -1.7952 -1.7952
4.01 -41.1251 267.347 116.71 -1.70564 -1.70564
4.02 -40.9349 261.9 124.447 -1.6289 -1.6289
4.03 -40.7377 253.832 131.032 -1.58183 -1.58183
4.04 -40.5402 243.75 135.576 -1.57626 -1.57626
4.05 -40.3468 232.137 137.57 -1.61482 -1.61482
4.06 -40.1621 219.932 137.057 -1.69016 -1.69016
4.07 -39.99 208.411 134.635 -1.78797 -1.78797
4.08 -39.8303 197.895 131.39 -1.88898 -1.88898
4.09 -39.6786 187.625 128.679 -1.97159 -1.97159
4.1 -39.5298 176.996 127.682 -2.01754 -2.01754
4.11 -39.3825 166.08 128.911 -2.01857 -2.01857
4.12 -39.2386 155.549 132.063 -1.97831 -1.97831
4.13 -39.1037 146.748 136.282 -1.90857 -1.90857
4.14 -38.9842 140.853 140.59 -1.82514 -1.82514
4.15 -38.8828 137.721 144.155 -1.74375 -1.74375
4.16 -38.7995 136.203 146.377 -1.67593 -1.67593
4.17 -38.7345 135.057 146.901 -1.62801 -1.62801
4.18 -38.6891 133.553 145.684 -1.60355 -1.60355
4.19 -38.6658 131.759 143.11 -1.60473 -1.60473
4.2 -38.6663 130.126 139.851 -1.63032 -1.63032
4.21 -38.6915 129.043 136.34 -1.67248 -1.67248
4.22 -38.7448 129.009 132.433 -1.71593 -1.71593
4.23 -38.8285 130.292 127.693 -1.74365 -1.74365
4.24 -38.9413 132.519 121.882 -1.745 -1.745
4.25 -39.0814 135.594 115.171 -1.7207 -1.7207
4.26 -39.2464 140.073 108.049 -1.68392 -1.68392
4.27 -39.4347 146.199 101.036 -1.65337 -1.65337
4.28 -39.642 153.797 94.536 -1.64248 -1.64248
4.29 -39.8647 162.737 88.8506 -1.65472 -1.65472
4.3 -40.0977 172.391 84.0748 -1.68585 -1.68585
4.31 -40.3344 181.558 79.8644 -1.72552 -1.72552
4.32 -40.5714 189.694 75.517 -1.75946 -1.75946
4.33 -40.8088 197.449 70.4284 -1.7767 -1.7767
4.34 -41.0461 205.868 64.5314 -1.77526 -1.77526
4.35 -41.2807 215.759 58.3589 -1.76047 -1.76047
4.36 -41.5101 227.485 52.5351 -1.7386 -1.7386
4.37 -41.7325 240.692 47.1918 -1.71136 -1.71136
4.38 -41.9471 254.259 42.1148 -1.67687 -1.67687
4.39 -42.1493 266.613 37.2763 -1.63586 -1.63586
4.4 -42.3343 276.284 33.1165 -1.59581 -1.59581
4.41 -42.4987 283.068 30.1115 -1.56945 -1.56945
4.42 -42.6447 288.214 28.3172 -1.5685 -1.5685
4.43 -42.7775 293.564 27.3653 -1.59675 -1.59675
4.44 -42.9023 300.84 26.8412 -1.64677 -1.64677
4.45 -43.0215 310.748 26.596 -1.70215 -1.70215
4.46 -43.1318 321.952 26.6256 -1.74314 -1.74314
4.47 -43.2261 331.781 26.6901 -1.75333 -1.75333
4.48 -43.3 338.25 26.5094 -1.72768 -1.72768
4.49 -43.3528 341.039 26.2566 -1.67863 -1.67863
4.5 -43.3827 340.911 26.622 -1.63319 -1.63319
4.51 -43.3885 339.373 28.2346 -1.62018 -1.62018
4.52 -43.375 338.466 31.2407 -1.65445 -1.65445
4.53 -43.3443 339.406 35.5163 -1.72737 -1.72737
4.54 -43.2938 341.727 41.079 -1.81024 -1.81024
4.55 -43.2195 344.183 47.9615 -1.86899 -1.86899
4.56 -43.1192 345.46 55.7618 -1.87978 -1.87978
4.57 -42.9927 344.362 63.7122 -1.83686 -1.83686
4.58 -42.8423 340.646 71.2056 -1.75386 -1.75386
4.59 -42.6746 335.634 78.0206 -1.66147 -1.66147
4.6 -42.4991 331.454 84.148 -1.59721 -1.59721
4.61 -42.3234 329.212 89.6657 -1.58775 -1.58775
4.62 -42.1487 327.902 94.8284 -1.63504 -1.63504
4.63 -41.9732 325.696 99.9577 -1.71671 -1.71671
4.64 -41.8008 322.102 105.039 -1.80039 -1.80039
4.65 -41.6414 318.02 109.521 -1.85939 -1.85939
4.66 -41.5045 313.999 112.507 -1.87886 -1.87886
4.67 -41.3932 309.439 113.38 -1.85603 -1.85603
4.68 -41.3055 303.45 112.374 -1.80206 -1.80206
4.69 -41.2377 295.926 110.469 -1.74257 -1.74257
4.7 -41.1884 287.943 108.741 -1.70919 -1.70919
4.71 -41.1574 281.206 107.895 -1.72397 -1.72397
4.72 -41.1441 276.593 108.102 -1.78512 -1.78512
4.73 -41.1437 273.434 108.834 -1.86475 -1.86475
4.74 -41.1526 270.577 109.13 -1.92264 -1.92264
4.75 -41.168 267.529 108.212 -1.92807 -1.92807
4.76 -41.1897 264.624 105.785 -1.87582 -1.87582
4.77 -41.2202 262.947 101.939 -1.78593 -1.78593
4.78 -41.2621 263.391 97.0016 -1.6889 -1.6889
4.79 -41.3139 265.302 91.3761 -1.61052 -1.61052
4.8 -41.3716 267.002 85.4553 -1.56545 -1.56545
4.81 -41.4324 267.26 79.4913 -1.5582 -1.5582
4.82 -41.4962 265.518 73.3622 -1.58551 -1.58551
4.83 -41.5637 261.96 66.8707 -1.63733 -1.63733
4.84 -41.6367 258.142 60.4231 -1.69992 -1.69992
4.85 -41.7165 256.042 54.7925 -1.75964 -1.75964
4.86 -41.7982 255.292 50.1311 -1.80236 -1.80236
4.87 -41.8711 253.024 45.7183 -1.81089 -1.81089
4.88 -41.9276 247.411 40.6524 -1.77397 -1.77397
4.89 -41.9683 239.69 34.752 -1.70418 -1.70418
4.9 -41.9952 232.529 28.7909 -1.63869 -1.63869
4.91 -42.008 227.658 23.6748 -1.61375 -1.61375
4.92 -42.0081 225.406 19.4099 -1.63789 -1.63789
4.93 -42.0007 225.565 15.1448 -1.6904 -1.6904
4.94 -41.9922 227.314 10.0854 -1.73997 -1.73997
4.95 -41.9833 228.695 4.15406 -1.76207 -1.76207
4.96 -41.9721 227.799 -2.00505 -1.74872 -1.74872
4.97 -41.9591 224.473 -7.2912 -1.7101 -1.7101
4.98 -41.9466 219.716 -10.6918 -1.66565 -1.66565
4.99 -41.9345 213.865 -12.0911 -1.63041 -1.63041
5 -41.9236 206.898 -12.5788 -1.60789 -1.60789
5.01 -41.9185 199.846 -13.6219 -1.59524 -1.59524
5.02 -41.9212 194.066 -15.742 -1.59249 -1.59249
5.03 -41.9256 189.779 -18.2117 -1.60236 -1.60236
5.04 -41.9232 186.442 -20.0272 -1.62288 -1.62288
5.05 -41.9088 183.401 -20.8893 -1.64507 -1.64507
5.06 -41.8787 179.464 -21.3033 -1.65858 -1.65858
5.07 -41.8317 173.61 -22.1964 -1.65822 -1.65822
5.08 -41.7737 166.734 -24.3905 -1.64877 -1.64877
5.09 -41.7151 161.14 -28.1735 -1.64482 -1.64482
5.1 -41.6641 158.407 -33.2884 -1.66177 -1.66177
5.11 -41.6267 159.012 -39.0953 -1.70371 -1.70371
5.12 -41.6103 163.248 -44.7944 -1.75933 -1.75933
5.13 -41.6213 170.533 -49.805 -1.80926 -1.80926
5.14 -41.6591 178.205 -53.8035 -1.83558 -1.83558
5.15 -41.7178 183.055 -56.4445 -1.82721 -1.82721
5.16 -41.7951 184.153 -57.5954 -1.78518 -1.78518
5.17 -41.8937 182.785 -57.7691 -1.72458 -1.72458
5.18 -42.0151 180.634 -57.9184 -1.66655 -1.66655
5.19 -42.1583 179.406 -58.9188 -1.62858 -1.62858
5.2 -42.3232 181.368 -61.1705 -1.62018 -1.62018
5.21 -42.5077 188.442 -64.1398 -1.6415 -1.6415
5.22 -42.6984 200.232 -66.1866 -1.68232 -1.68232
5.23 -42.8776 214.329 -65.2347 -1.72261 -1.72261
5.24 -43.03 228.326 -60.0068 -1.74035 -1.74035
5.25 -43.1464 240.624 -50.6968 -1.7237 -1.7237
5.26 -43.2248 250.726 -38.5628 -1.67506 -1.67506
5.27 -43.2675 259.675 -25.0675 -1.60755 -1.60755
5.28 -43.2778 268.959 -11.3114 -1.5434 -1.5434
5.29 -43.2554 278.992 2.05388 -1.50705 -1.50705
5.3 -43.2002 289.66 14.6853 -1.51165 -1.51165
5.31 -43.116 301.271 26.5506 -1.55486 -1.55486
5.32 -43.0063 313.695 38.112 -1.62675 -1.62675
5.33 -42.8718 325.905 50.358 -1.71559 -1.71559
5.34 -42.7134 337.03 64.4493 -1.80949 -1.80949
5.35 -42.5369 347.436 81.2968 -1.89864 -1.89864
5.36 -42.351 358.536 101.348 -1.97544 -1.97544
5.37 -42.1633 370.797 124.154 -2.03085 -2.03085
5.38 -41.9777 382.401 148.14 -2.04921 -2.04921
5.39 -41.7956 391.253 171.638 -2.01671 -2.01671
5.4 -41.6172 397.499 194.208 -1.94157 -1.94157
5.41 -41.443 402.893 216.382 -1.8602 -1.8602
5.42 -41.2725 408.596 238.348 -1.81534 -1.81534
5.43 -41.1017 413.759 259.266 -1.82121 -1.82121
5.44 -40.9254 416.031 277.89 -1.85665 -1.85665
5.45 -40.7377 414.045 293.8 -1.89503 -1.89503
5.46 -40.5367 408.979 307.462 -1.92991 -1.92991
5.47 -40.3285 403.316 319.18 -1.96687 -1.96687
5.48 -40.1207 399.057 328.708 -2.00165 -2.00165
5.49 -39.9213 397.101 335.606 -2.01772 -2.01772
5.5 -39.7357 396.548 339.511 -1.99993 -1.99993
5.51 -39.5641 394.682 340.145 -1.9465 -1.9465
5.52 -39.4098 389.385 337.353 -1.87299 -1.87299
5.53 -39.281 380.671 331.347 -1.80921 -1.80921
5.54 -39.1844 369.226 322.748 -1.78883 -1.78883
5.55 -39.1238 355.409 312.099 -1.83106 -1.83106
5.56 -39.1025 339.575 299.288 -1.92596 -1.92596
5.57 -39.1217 321.822 283.917 -2.03823 -2.03823
5.58 -39.1754 301.832 266.279 -2.12573 -2.12573
5.59 -39.2512 279.334 247.477 -2.15665 -2.15665
5.6 -39.3352 254.177 228.418 -2.11442 -2.11442
5.61 -39.4127 226.217 209.103 -1.99889 -1.99889
5.62 -39.4745 196.066 188.965 -1.828 -1.828
5.63 -39.5187 166.029 167.653 -1.63275 -1.63275
5.64 -39.5457 139.215 145.228 -1.45405 -1.45405
5.65 -39.5562 117.186 121.744 -1.33253 -1.33253
5.66 -39.5472 98.6949 97.1431 -1.28573 -1.28573
5.67 -39.5174 80.7985 71.5916 -1.29831 -1.29831
5.68 -39.4687 61.4277 45.6891 -1.34142 -1.34142
5.69 -39.4098 41.1031 20.1634 -1.39786 -1.39786
5.7 -39.3591 22.0337 -4.68833 -1.46416 -1.46416
5.71 -39.3341 5.95085 -28.9627 -1.53859 -1.53859
5.72 -39.3455 -6.87319 -52.6333 -1.61343 -1.61343
5.73 -39.3995 -16.6086 -75.0578 -1.67219 -1.67219
5.74 -39.5011 -22.5158 -95.2914 -1.69868 -1.69868
5.75 -39.6615 -22.801 -112.604 -1.6941 -1.6941
5.76 -39.8864 -16.3923 -127.173 -1.67514 -1.67514
5.77 -40.181 -3.74507 -139.641 -1.66026 -1.66026
5.78 -40.5426 13.2865 -150.719 -1.65356 -1.65356
5.79 -40.961 31.7744 -161.021 -1.63864 -1.63864
5.8 -41.4186 48.057 -171.067 -1.60425 -1.60425
5.81 -41.8973 59.5352 -180.95 -1.56455 -1.56455
5.82 -42.3842 68.0233 -190.537 -1.54917 -1.54917
5.83 -42.8851 80.0797 -199.537 -1.58629 -1.58629
5.84 -43.403 101.726 -207.427 -1.68338 -1.68338
5.85 -43.9239 133.092 -213.096 -1.81333 -1.81333
5.86 -44.4194 169.331 -215.029 -1.92655 -1.92655
5.87 -44.8656 205.275 -212.323 -1.97958 -1.97958
5.88 -45.2516 238.101 -205.484 -1.95392 -1.95392
5.89 -45.5799 267.817 -195.93 -1.86019 -1.86019
5.9 -45.8595 296.638 -184.845 -1.73201 -1.73201
5.91 -46.0984 326.845 -172.608 -1.61245 -1.61245
5.92 -46.3012 359.498 -158.961 -1.54175 -1.54175
5.93 -46.4707 394.801 -143.169 -1.54345 -1.54345
5.94 -46.6045 431.592 -124.068 -1.60993 -1.60993
5.95 -46.6946 466.755 -100.666 -1.70452 -1.70452
5.96 -46.7295 496.007 -73.1112 -1.78357 -1.78357
5.97 -46.6997 516.148 -42.7691 -1.81899 -1.81899
5.98 -46.6022 526.832 -11.4305 -1.80947 -1.80947
5.99 -46.4359 529.695 19.4401 -1.78321 -1.78321
6 -46.191 525.429 48.8989 -1.78309 -1.78309
6.01 -45.8478 512.592 76.5315 -1.8348 -1.8348
6.02 -45.3823 489.603 102.755 -1.94276 -1.94276
6.03 -44.7692 456.381 129.171 -2.11584 -2.11584
6.04 -43.9933 414.239 157.816 -2.35618 -2.35618
6.05 -43.0527 365.98 189.491 -2.61945 -2.61945
6.06 -41.9591 315.431 222.885 -2.82492 -2.82492
6.07 -40.74 266.449 255.395 -2.90963 -2.90963
6.08 -39.4354 222.294 284.506 -2.84579 -2.84579
6.09 -38.0914 184.347 308.486 -2.6242 -2.6242
6.1 -36.7512 151.502 326.743 -2.2783 -2.2783
6.11 -35.4613 122.171 339.944 -1.9114 -1.9114
6.12 -34.2722 95.9011 349.793 -1.64598 -1.64598
6.13 -33.2313 72.8417 358.299 -1.53616 -1.53616
6.14 -32.3859 54.0271 366.913 -1.54847 -1.54847
6.15 -31.779 41.8786 376.333 -1.62533 -1.62533
6.16 -31.4423 38.4852 386.606 -1.72306 -1.72306
6.17 -31.3889 43.793 397.128 -1.79373 -1.79373
6.18 -31.6134 55.9976 406.908 -1.78648 -1.78648
6.19 -32.0878 71.9257 415.424 -1.67795 -1.67795
6.2 -32.7606 87.5496 423.292 -1.49039 -1.49039
6.21 -33.569 100.88 431.816 -1.28886 -1.28886
6.22 -34.4604 114.884 441.678 -1.16205 -1.16205
6.23 -35.3977 136.356 452.037 -1.18495 -1.18495
6.24 -36.3497 170.988 460.941 -1.37746 -1.37746
6.25 -37.2761 218.724 466.793 -1.68581 -1.68581
6.26 -38.1234 272.718 469.292 -2.00325 -2.00325
6.27 -38.834 322.344 469.056 -2.22807 -2.22807
6.28 -39.3683 359.387 466.815 -2.31592 -2.31592
6.29 -39.7212 383.874 463.152 -2.28695 -2.28695
6.3 -39.9248 404.46 458.631 -2.20571 -2.20571
6.31 -40.0256 430.685 453.681 -2.14299 -2.14299
6.32 -40.0551 463.879 448 -2.13011 -2.13011
6.33 -40.0271 495.999 439.987 -2.14257 -2.14257
6.34 -39.9463 514.817 427.191 -2.12754 -2.12754
6.35 -39.8185 510.668 407.697 -2.0494 -2.0494
6.36 -39.6632 481.889 381.112 -1.92249 -1.92249
6.37 -39.5183 437.438 348.194 -1.81356 -1.81356
6.38 -39.4405 393.295 310.052 -1.8031 -1.8031
6.39 -39.4736 361.078 267.665 -1.91934 -1.91934
6.4 -39.6196 339.595 221.818 -2.09631 -2.09631
6.41 -39.8544 320.329 173.433 -2.20034 -2.20034
6.42 -40.1582 297.378 124.145 -2.11692 -2.11692
6.43 -40.5195 269.296 76.5932 -1.83046 -1.83046
6.44 -40.9192 237.248 33.9589 -1.42064 -1.42064
6.45 -41.3395 205.333 -1.60505 -1.00009 -1.00009
6.46 -41.7815 179.261 -29.7321 -0.658426 -0.658426
6.47 -42.2329 162.04 -51.6254 -0.437565 -0.437565
6.48 -42.6618 151.072 -69.5132 -0.341394 -0.341394
6.49 -43.0365 140.412 -85.5703 -0.353997 -0.353997
6.5 -43.322 125.581 -101.59 -0.462855 -0.462855
6.51 -43.5026 105.265 -119.116 -0.666625 -0.666625
6.52 -43.5728 79.6389 -139.572 -0.939444 -0.939444
6.53 -43.5211 47.7318 -163.737 -1.20427 -1.20427
6.54 -43.3303 7.54738 -191.785 -1.38311 -1.38311
6.55 -43.0117 -39.6675 -223.184 -1.48808 -1.48808
6.56 -42.5934 -87.3246 -256.791 -1.59558 -1.59558
6.57 -42.1134 -126.826 -290.94 -1.7245 -1.7245
6.58 -41.6249 -151.33 -323.369 -1.83542 -1.83542
6.59 -41.1699 -158.595 -351.391 -1.91381 -1.91381
6.6 -40.7787 -152.118 -372.435 -1.97187 -1.97187
6.61 -40.4752 -138.848 -385.034 -2.00462 -2.00462
6.62 -40.2854 -125.035 -389.545 -1.98225 -1.98225
6.63 -40.2375 -114.006 -388.011 -1.88072 -1.88072
6.64 -40.3557 -105.965 -383.147 -1.70926 -1.70926
6.65 -40.649 -99.0185 -377.006 -1.50038 -1.50038
6.66 -41.1051 -91.5266 -370.4 -1.2929 -1.2929
6.67 -41.694 -83.3416 -363.225 -1.12603 -1.12603
6.68 -42.3711 -74.4821 -355.17 -1.02661 -1.02661
6.69 -43.089 -63.5715 -346.153 -1.00115 -1.00115
6.7 -43.8019 -48.2627 -335.911 -1.04631 -1.04631
6.71 -44.4596 -27.2636 -323.375 -1.16114 -1.16114
6.72 -45.0099 -1.40244 -307.104 -1.33534 -1.33534
6.73 -45.4149 28.6162 -286.727 -1.52331 -1.52331
6.74 -45.6696 65.0406 -263.908 -1.64558 -1.64558
6.75 -45.799 111.747 -241.919 -1.63927 -1.63927
6.76 -45.8444 171.632 -223.755 -1.5107 -1.5107
6.77 -45.8521 246.077 -210.122 -1.3324 -1.3324
6.78 -45.874 334.086 -199.336 -1.19809 -1.19809
6.79 -45.9626 430.853 -188.921 -1.18499 -1.18499
6.8 -46.1548 528.215 -177.037 -1.3225 -1.3225
6.81 -46.487 618.08 -163.071 -1.56012 -1.56012
6.82 -46.9847 695.444 -147.199 -1.8191 -1.8191
6.83 -47.6563 758.244 -129.945 -2.07353 -2.07353
6.84 -48.4888 804.759 -111.857 -2.32315 -2.32315
6.85 -49.4353 833.61 -93.0554 -2.54044 -2.54044
6.86 -50.4304 846.513 -73.0025 -2.68608 -2.68608
6.87 -51.3984 848.288 -50.5078 -2.73715 -2.73715
6.88 -52.2532 842.844 -24.3478 -2.68117 -2.68117
6.89 -52.898 830.435 6.09713 -2.50907 -2.50907
6.9 -53.236 809.318 40.4906 -2.22328 -2.22328
6.91 -53.2004 780.261 77.2006 -1.84468 -1.84468
6.92 -52.771 748.105 112.811 -1.42577 -1.42577
6.93 -51.9598 717.164 142.487 -1.05261 -1.05261
6.94 -50.7948 686.465 161.909 -0.808179 -0.808179
6.95 -49.3131 651.073 169.512 -0.737364 -0.737364
6.96 -47.5736 607.471 166.94 -0.847403 -0.847403
6.97 -45.6619 556.258 157.429 -1.12332 -1.12332
6.98 -43.6825 499.994 143.711 -1.5344 -1.5344
6.99 -41.741 440.026 127.352 -2.01568 -2.01568
7 -39.9405 376.918 109.671 -2.45203 -2.45203
7.01 -38.3766 314.112 92.452 -2.72676 -2.72676
7.02 -37.1334 257.589 77.5201 -2.79347 -2.79347
7.03 -36.2642 210.274 66.4379 -2.67557 -2.67557
7.04 -35.7669 168.082 61.1289 -2.42073 -2.42073
7.05 -35.5838 121.083 64.4606 -2.07761 -2.07761
7.06 -35.6247 60.7579 79.4128 -1.70088 -1.70088
7.07 -35.8006 -12.2775 107.363 -1.36135 -1.36135
7.08 -36.0265 -89.521 147.279 -1.13317 -1.13317
7.09 -36.2109 -162.055 196.248 -1.07039 -1.07039
7.1 -36.2624 -224.973 249.719 -1.14426 -1.14426
7.11 -36.0882 -277.759 302.315 -1.2116 -1.2116
7.12 -35.6295 -321.386 348.13 -1.15069 -1.15069
7.13 -34.8449 -357.724 382.295 -0.963462 -0.963462
7.14 -33.7367 -389.255 402.14 -0.707164 -0.707164
7.15 -32.3401 -417.862 407.367 -0.435078 -0.435078
7.16 -30.7229 -443.422 399.444 -0.222214 -0.222214
7.17 -28.9845 -464.02 381.205 -0.183069 -0.183069
7.18 -27.2571 -477.03 356.903 -0.39583 -0.39583
7.19 -25.6721 -480.217 330.977 -0.808567 -0.808567
7.2 -24.3496 -472.605 307.1 -1.31726 -1.31726
7.21 -23.4025 -454.89 287.712 -1.89245 -1.89245
7.22 -22.9302 -427.43 274.392 -2.48939 -2.48939
7.23 -22.9962 -389.561 268.091 -2.95458 -2.95458
7.24 -23.6262 -341.706 269.187 -3.14957 -3.14957
7.25 -24.8001 -286.673 277.451 -3.06799 -3.06799
7.26 -26.4542 -228.446 291.846 -2.76194 -2.76194
7.27 -28.4904 -169.53 310.338 -2.19356 -2.19356
7.28 -30.8015 -110.004 329.632 -1.3106 -1.3106
7.29 -33.2834 -48.9735 345.209 -0.316789 -0.316789
7.3 -35.8209 14.8304 352.247 0.436541 0.436541
7.31 -38.2993 84.4607 347.087 0.831579 0.831579
7.32 -40.6347 163.418 328.048 0.938458 0.938458
7.33 -42.7475 249.579 295.311 0.758007 0.758007
7.34 -44.5527 332.56 250.383 0.274832 0.274832
7.35 -45.9892 400.222 195.736 -0.398357 -0.398357
7.36 -47.0422 448.576 134.318 -1.11554 -1.11554
7.37 -47.757 484.429 69.2233 -1.81475 -1.81475
7.38 -48.2093 517.936 3.76915 -2.45449 -2.45449
7.39 -48.4682 553.476 -58.6713 -2.97055 -2.97055
7.4 -48.5921 588.734 -114.907 -3.29905 -3.29905
7.41 -48.6427 620.355 -162.829 -3.34103 -3.34103
7.42 -48.6939 647.497 -201.542 -2.99869 -2.99869
7.43 -48.8049 670.108 -230.959 -2.31133 -2.31133
7.44 -49.0059 683.997 -251.813 -1.45811 -1.45811
7.45 -49.2951 680.899 -265.615 -0.632133 -0.632133
7.46 -49.6468 655.019 -274.351 0.0396233 0.0396233
7.47 -50.036 608.859 -279.698 0.479985 0.479985
7.48 -50.4363 553.029 -282.805 0.605751 0.605751
7.49 -50.8222 500.397 -284.847 0.360256 0.360256
7.5 -51.1698 459.059 -288.324 -0.172893 -0.172893
7.51 -51.4411 430.079 -297.016 -0.772871 -0.772871
7.52 -51.6053 411.5 -314.228 -1.222 -1.222
7.53 -51.6562 401.923 -340.668 -1.42887 -1.42887
7.54 -51.5968 400.402 -374.603 -1.43628 -1.43628
7.55 -51.4492 405.081 -413.188 -1.31884 -1.31884
7.56 -51.2415 411.145 -453.623 -1.10214 -1.10214
7.57 -50.9981 411.994 -493.391 -0.797717 -0.797717
7.58 -50.7606 406.361 -529.573 -0.487836 -0.487836
7.59 -50.5916 402.218 -558.628 -0.330822 -0.330822
7.6 -50.5507 409.928 -577.3 -0.443914 -0.443914
7.61 -50.6596 431.51 -583.662 -0.793688 -0.793688
7.62 -50.8959 457.836 -576.946 -1.2199 -1.2199
7.63 -51.1982 475.276 -556.918 -1.5458 -1.5458
7.64 -51.5 475.765 -523.256 -1.67138 -1.67138
7.65 -51.7446 461.04 -475.963 -1.59622 -1.59622
7.66 -51.8878 440.685 -416.196 -1.3776 -1.3776
7.67 -51.8971 426.672 -346.684 -1.08071 -1.08071
7.68 -51.7321 425.178 -271.335 -0.767945 -0.767945
7.69 -51.3393 433.024 -194.443 -0.491518 -0.491518
7.7 -50.6733 443.23 -119.815 -0.272874 -0.272874
7.71 -49.722 452.346 -50.0495 -0.11008 -0.11008
7.72 -48.5081 460.782 13.7294 0.00721325 0.00721325
7.73 -47.0663 468.251 71.6119 0.0817558 0.0817558
7.74 -45.4399 472.684 124.312 0.10129 0.10129
7.75 -43.7052 473.637 172.82 0.0531774 0.0531774
7.76 -41.9421 473.963 218.624 -0.105481 -0.105481
7.77 -40.2233 476.676 263.285 -0.448195 -0.448195
7.78 -38.6356 480.729 307.467 -0.981182 -0.981182
7.79 -37.2217 479.895 350.846 -1.61791 -1.61791
7.8 -36.0131 466.723 392.575 -2.25636 -2.25636
7.81 -35.0351 437.968 432.485 -2.80568 -2.80568
7.82 -34.2967 398.022 470.752 -3.18337 -3.18337
7.83 -33.8149 358.856 507.393 -3.35855 -3.35855
7.84 -33.5945 333.65 542.327 -3.36045 -3.36045
7.85 -33.6226 329.467 575.126 -3.21179 -3.21179
7.86 -33.8601 345.367 605.477 -2.88535 -2.88535
7.87 -34.2611 376.005 632.69 -2.33902 -2.33902
7.88 -34.7814 413.607 655.141 -1.59323 -1.59323
7.89 -35.3738 448.732 670.659 -0.744039 -0.744039
7.9 -35.9869 471.866 677.706 0.0801762 0.0801762
7.91 -36.5641 475.767 675.971 0.726572 0.726572
7.92 -37.0641 458.417 665.935 1.04909 1.04909
7.93 -37.4684 424.507 648.116 0.969163 0.969163
7.94 -37.7648 382.919 622.442 0.496756 0.496756
7.95 -37.9494 340.982 588.349 -0.270707 -0.270707
7.96 -38.0128 300.317 545.357 -1.15562 -1.15562
7.97 -37.9428 258.177 493.63 -1.9378 -1.9378
7.98 -37.7386 211.146 434.365 -2.43518 -2.43518
7.99 -37.4187 158.956 370.176 -2.58349 -2.58349
8 -37.0221 106.237 305.127 -2.44721 -2.44721
8.01 -36.5969 58.8515 243.941 -2.16072 -2.16072
8.02 -36.1795 18.1349 190.944 -1.84852 -1.84852
8.03 -35.7878 -19.4303 149.197 -1.5734 -1.5734
8.04 -35.4418 -56.363 119.642 -1.33641 -1.33641
8.05 -35.1787 -90.604 100.895 -1.11329 -1.11329
8.06 -35.0334 -119.523 89.9516 -0.877711 -0.877711
8.07 -35.0055 -146.185 83.0276 -0.583821 -0.583821
8.08 -35.0651 -177.745 76.4499 -0.15354 -0.15354
8.09 -35.185 -218.109 67.5749 0.41328 0.41328
8.1 -35.3498 -263.939 54.8667 0.937656 0.937656
8.11 -35.5474 -307.982 37.1929 1.19142 1.19142
8.12 -35.767 -343.509 13.0538 1.06202 1.06202
8.13 -36.0095 -365.588 -19.1204 0.594201 0.594201
8.14 -36.2804 -371.783 -59.8163 -0.0525365 -0.0525365
8.15 -36.5825 -362.527 -106.897 -0.699943 -0.699943
8.16 -36.9153 -340.472 -155.98 -1.2191 -1.2191
8.17 -37.2905 -308.962 -202.184 -1.53901 -1.53901
8.18 -37.7263 -270.452 -242.102 -1.63519 -1.63519
8.19 -38.2525 -225.697 -274.231 -1.51817 -1.51817
8.2 -38.8947 -175.214 -298.094 -1.20929 -1.20929
8.21 -39.6636 -120.853 -313.383 -0.753872 -0.753872
8.22 -40.5485 -65.7683 -319.596 -0.281984 -0.281984
8.23 -41.5149 -14.1536 -315.92 0.0290269 0.0290269
8.24 -42.505 29.5554 -301.43 0.100091 0.100091
8.25 -43.4535 62.631 -275.637 -0.0129739 -0.0129739
8.26 -44.2962 85.1984 -239.16 -0.219793 -0.219793
8.27 -44.9669 98.8421 -194.042 -0.453886 -0.453886
8.28 -45.3982 105.28 -143.352 -0.655627 -0.655627
8.29 -45.5404 107.044 -90.3413 -0.766839 -0.766839
8.3 -45.3588 107.137 -37.7779 -0.752077 -0.752077
8.31 -44.8287 106.581 12.5114 -0.607109 -0.607109
8.32 -43.9387 103.841 59.8229 -0.357408 -0.357408
8.33 -42.6987 97.401 104.129 -0.0687975 -0.0687975
8.34 -41.1576 87.4724 145.453 0.171856 0.171856
8.35 -39.3945 74.5919 183.433 0.308027 0.308027
8.36 -37.4947 58.0633 217.549 0.330273 0.330273
8.37 -35.5342 35.8978 247.572 0.239477 0.239477
8.38 -33.5933 5.94168 274.703 0.00741405 0.00741405
8.39 -31.7608 -31.7871 301.545 -0.405934 -0.405934
8.4 -30.0876 -75.1548 331.349 -0.996741 -0.996741
8.41 -28.6198 -122.551 366.991 -1.68006 -1.68006
8.42 -27.3808 -174.098 410.319 -2.31416 -2.31416
8.43 -26.3547 -230.269 461.829 -2.75668 -2.75668
8.44 -25.5134 -290.92 520.783 -2.91434 -2.91434
8.45 -24.8063 -355.451 585.694 -2.74034 -2.74034
8.46 -24.1709 -422.698 654.386 -2.16746 -2.16746
8.47 -23.5456 -490.39 723.825 -1.12131 -1.12131
8.48 -22.88 -555.117 790.16 0.462798 0.462798
8.49 -22.1174 -615.31 849.178 2.55452 2.55452
8.5 -21.2432 -670.904 895.438 4.93414 4.93414
8.51 -20.2022 -723.946 926.566 7.31704 7.31704
8.52 -19.0523 -772.031 941.035 9.37223 9.37223
8.53 -17.8368 -810.018 940.044 10.7426 10.7426
8.54 -16.6221 -833.759 926.173 11.2461 11.2461
8.55 -15.4959 -842.567 902.561 10.9535 10.9535
8.56 -14.5185 -840.928 873.057 10.0643 10.0643
8.57 -13.7553 -835.734 841.322 8.76206 8.76206
8.58 -13.2706 -831.942 810.506 7.21085 7.21085
8.59 -13.1117 -830.475 782.977 5.64855 5.64855
8.6 -13.3139 -830.513 760.147 4.39612 4.39612
8.61 -13.8675 -833.441 742.876 3.73135 3.73135
8.62 -14.7231 -842.309 731.417 3.76654 3.76654
8.63 -15.8074 -858.514 725.51 4.43326 4.43326
8.64 -17.0301 -881.123 724.491 5.56452 5.56452
8.65 -18.286 -908.274 727.106 6.96472 6.96472
8.66 -19.4663 -937.319 731.115 8.41734 8.41734
8.67 -20.4822 -963.846 733.44 9.69742 9.69742
8.68 -21.2645 -981.786 730.792 10.5933 10.5933
8.69 -21.7792 -985.49 720.471 10.9383 10.9383
8.7 -22.0243 -972.675 700.629 10.6847 10.6847
8.71 -22.0277 -944.993 670.056 9.92765 9.92765
8.72 -21.8469 -904.344 628.065 8.82246 8.82246
8.73 -21.5875 -849.974 575.036 7.51019 7.51019
8.74 -21.3783 -780.845 513.008 6.12068 6.12068
8.75 -21.3407 -699.957 445.659 4.79642 4.79642
8.76 -21.5756 -614.826 377.073 3.68453 3.68453
8.77 -22.1687 -533.304 310.433 2.89816 2.89816
8.78 -23.1966 -457.978 246.976 2.47809 2.47809
8.79 -24.7269 -384.365 185.894 2.38272 2.38272
8.8 -26.7965 -304.562 125.31 2.53196 2.53196
8.81 -29.412 -211.362 63.6742 2.86012 2.86012
8.82 -32.5467 -100.902 0.422065 3.17984 3.17984
8.83 -36.1284 25.6704 -64.1915 3.18945 3.18945
8.84 -40.0014 159.525 -128.119 2.82264 2.82264
8.85 -44.0186 289.827 -191.732 2.27169 2.27169
8.86 -48.0384 405.504 -254.981 1.62131 1.62131
8.87 -51.9043 503.135 -319.499 0.821399 0.821399
8.88 -55.5153 587.635 -387.028 0.0156568 0.0156568
8.89 -58.7942 669.923 -458.78 -0.559421 -0.559421
8.9 -61.718 760.029 -534.502 -0.832199 -0.832199
8.91 -64.2356 860.908 -612.73 -0.687744 -0.687744
8.92 -66.3096 970.077 -691.155 0.309443 0.309443
8.93 -67.9841 1081.72 -765.689 2.6577 2.6577
8.94 -69.2448 1193.05 -835.281 6.30045 6.30045
8.95 -70.2119 1300.81 -896.076 10.6458 10.6458
8.96 -70.9309 1404.49 -947.717 14.9877 14.9877
8.97 -71.5613 1503.35 -987.073 18.8029 18.8029
8.98 -72.1256 1597.1 -1015.59 21.9316 21.9316
8.99 -72.7516 1682.51 -1033.75 24.2713 24.2713
9 -73.4666 1755.01 -1043.35 25.617 25.617
9.01 -74.2912 1808.64 -1045.97 25.7979 25.7979
9.02 -75.1922 1840.32 -1042.34 24.7144 24.7144
9.03 -76.1399 1850.31 -1032.13 22.6222 22.6222
9.04 -77.0451 1839.93 -1013.97 20.2427 20.2427
9.05 -77.8004 1813.12 -988.146 18.1885 18.1885
9.06 -78.3495 1773.79 -954.45 16.5792 16.5792
9.07 -78.567 1726.85 -912.796 15.4216 15.4216
9.08 -78.367 1676.5 -862.722 14.8818 14.8818
9.09 -77.6876 1626.76 -803.69 15.0599 15.0599
9.1 -76.4939 1580.22 -735.646 15.7614 15.7614
9.11 -74.7648 1535.56 -659.391 16.5899 16.5899
9.12 -72.5138 1487.94 -576.709 17.1932 17.1932
9.13 -69.7829 1431.39 -490.039 17.3583 17.3583
9.14 -66.64 1361.76 -401.572 16.9823 16.9823
9.15 -63.1829 1278.69 -312.936 16.0409 16.0409
9.16 -59.529 1185.17 -225.701 14.5748 14.5748
9.17 -55.7918 1082.77 -141.686 12.7079 12.7079
9.18 -52.065 967.949 -62.7546 10.6545 10.6545
9.19 -48.4126 834.091 10.459 8.67284 8.67284
9.2 -44.8785 676.595 79.1367 6.98967 6.98967
9.21 -41.477 496.471 146.404 5.594 5.594
9.22 -38.2701 300.481 215.339 4.29213 4.29213
9.23 -35.1633 94.9387 290.058 3.20645 3.20645
9.24 -32.0531 -111.494 368.42 2.84555 2.84555
9.25 -29.1589 -313.052 447.566 3.50097 3.50097
9.26 -26.262 -508.292 524.802 4.85804 4.85804
9.27 -23.3832 -692.972 598.194 6.3721 6.3721
9.28 -20.5074 -858.347 666.668 7.72231 7.72231
9.29 -17.7014 -994.248 728.252 8.90918 8.90918
9.3 -15.0434 -1091.7 779.524 10.2424 10.2424
9.31 -12.4691 -1158.48 825.637 11.9181 11.9181
9.32 -10.0937 -1201.93 866.887 13.4924 13.4924
9.33 -7.95927 -1228.47 903.864 14.3791 14.3791
9.34 -6.18267 -1243.53 933.934 14.6759 14.6759
9.35 -4.79669 -1253.1 955.223 14.8819 14.8819
9.36 -3.88442 -1261.32 965.771 15.1917 15.1917
9.37 -3.46094 -1269.99 965.026 15.4063 15.4063
9.38 -3.55432 -1278.7 952.449 15.2726 15.2726
9.39 -4.15338 -1286.16 928.318 14.7224 14.7224
9.4 -5.2264 -1290.08 893.409 13.8793 13.8793
9.41 -6.73654 -1284.46 848.671 12.9605 12.9605
9.42 -8.62551 -1261.38 794.977 12.1325 12.1325
9.43 -10.8434 -1214.8 733.052 11.4192 11.4192
9.44 -13.3254 -1142.69 663.843 10.7942 10.7942
9.45 -16.0094 -1046.04 588.913 10.3253 10.3253
9.46 -18.8441 -926.837 510.696 10.0972 10.0972
9.47 -21.8058 -785.952 431.737 10.0281 10.0281
9.48 -24.8957 -623.044 353.646 9.90027 9.90027
9.49 -28.1145 -438.887 276.83 9.60986 9.60986
9.5 -31.4615 -238.622 200.84 9.22651 9.22651
9.51 -34.929 -34.1305 124.811 8.62801 8.62801
9.52 -38.5895 163.168 46.1453 7.80101 7.80101
9.53 -42.2569 341.812 -31.6182 7.61855 7.61855
9.54 -45.883 505.298 -111.861 8.70798 8.70798
9.55 -49.6941 659.756 -194.99 10.0976 10.0976
9.56 -53.5029 812.363 -280.095 10.8518 10.8518
9.57 -57.3428 966.142 -366.861 11.6442 11.6442
9.58 -61.1349 1121.55 -455.755 13.3237 13.3237
9.59 -64.8424 1279.72 -547.225 15.6036 15.6036
9.6 -68.4455 1443.01 -640.958 17.7858 17.7858
9.61 -71.9199 1610.33 -735.517 19.5021 19.5021
9.62 -75.2335 1775.59 -828.658 20.6807 20.6807
9.63 -78.3189 1924.94 -917.952 21.3005 21.3005
9.64 -81.1752 2045.11 -992.287 20.9403 20.9403
9.65 -83.5709 2156.1 -1055.9 19.388 19.388
9.66 -85.7982 2262.4 -1111.02 17.5692 17.5692
9.67 -87.8539 2366.33 -1157.44 16.3959 16.3959
9.68 -89.6942 2464.34 -1196.42 15.8527 15.8527
9.69 -91.3129 2548.47 -1227.92 15.7696 15.7696
9.7 -92.6666 2614.48 -1252.46 16.3058 16.3058
9.71 -93.7632 2661.56 -1270.48 17.6543 17.6543
9.72 -94.5963 2690 -1282.26 19.721 19.721
9.73 -95.1381 2699.44 -1289.01 22.0946 22.0946
9.74 -95.4001 2689.74 -1291.78 24.15 24.15
9.75 -95.3105 2663.42 -1291.17 25.3781 25.3781
9.76 -94.8978 2623.99 -1289.18 25.7047 25.7047
9.77 -94.1816 2568.97 -1287.46 25.2779 25.2779
9.78 -93.1029 2491.3 -1286.8 24.1712 24.1712
9.79 -91.6567 2385.79 -1286.18 22.492 22.492
9.8 -89.8283 2253.27 -1283.01 20.5128 20.5128
9.81 -87.6304 2100.45 -1273.66 18.6222 18.6222
9.82 -85.0913 1937.92 -1254.4 17.1964 17.1964
9.83 -82.2503 1776.44 -1222.1 16.4557 16.4557
9.84 -79.1419 1622.61 -1174.6 16.404 16.404
9.85 -75.8041 1477.45 -1111.07 16.9148 16.9148
9.86 -72.2759 1339.11 -1031.96 17.8462 17.8462
9.87 -68.6065 1205.49 -938.349 19.0333 19.0333
9.88 -64.8484 1074.94 -831.668 20.2262 20.2262
9.89 -61.0502 945.274 -713.705 21.1152 21.1152
9.9 -57.2562 813.537 -586.766 21.4502 21.4502
9.91 -53.506 678.03 -453.442 21.1264 21.1264
9.92 -49.8216 539.965 -316.143 20.1863 20.1863
9.93 -46.2258 403.903 -176.882 18.747 18.747
9.94 -42.7468 274.479 -39.21 16.6927 16.6927
9.95 -39.4949 151.444 96.2435 13.3395 13.3395
9.96 -36.1252 27.9249 234.261 8.78407 8.78407
9.97 -32.6455 -86.3071 366.341 5.4836 5.4836
9.98 -29.5712 -193.95 489.42 5.42963 5.42963
9.99 -26.4751 -294.357 601.543 7.2341 7.2341
10 -23.4691 -391.196 704.049 8.67554 8.67554
