0.1 -3.105 2.07157e-012 -1.70813e-012 7.81035e-012 7.81035e-012
0.2 -6.21 6.42864e-012 -5.14766e-012 1.1227e-011 1.1227e-011
0.3 -9.315 7.5504e-012 -5.59175e-012 -8.79665e-012 -8.79665e-012
0.4 -12.42 7.76135e-012 -5.52314e-012 1.60879e-010 1.60879e-010
0.5 -15.525 7.75913e-012 -5.39169e-012 8.62065e-011 8.62065e-011
0.6 -18.63 7.7347e-012 -5.26157e-012 -1.9551e-011 -1.9551e-011
0.7 -21.735 7.70228e-012 -5.16076e-012 -8.25148e-011 -8.25148e-011
0.8 -24.84 7.66853e-012 -5.09637e-012 -3.35702e-011 -3.35702e-011
0.9 -27.945 7.69118e-012 -5.08305e-012 -3.99374e-011 -3.99374e-011
1 -31.05 7.71694e-012 -5.0937e-012 -2.5142e-010 -2.5142e-010
0.01 -31.05 1.21263e-005 -9.01392e-006 7.17208e-006 7.17208e-006
0.02 -31.0501 7.14788e-006 -5.3058e-006 6.38089e-005 6.38089e-005
0.03 -31.0502 -2.90418e-006 2.17186e-006 0.000241967 0.000241967
0.04 -31.0502 1.21721e-006 -9.15051e-007 0.000554357 0.000554357
0.05 -31.0499 -3.47349e-007 4.92034e-007 0.000903114 0.000903114
0.06 -31.0493 6.13186e-007 1.29695e-007 0.00115313 0.00115313
0.07 -31.0483 1.43614e-006 -2.31562e-006 0.00120965 0.00120965
0.08 -31.0469 2.02942e-006 -1.14369e-006 0.00108265 0.00108265
0.09 -31.0451 2.68762e-007 8.15622e-007 0.000894965 0.000894965
0.1 -31.043 4.66264e-007 1.41397e-007 0.00073623 0.00073623
0.11 -31.0407 1.72883e-007 -2.26623e-007 0.000579537 0.000579537
0.12 -31.0381 3.91778e-007 -1.12085e-006 0.000354904 0.000354904
0.13 -31.0355 1.67788e-006 -3.34243e-006 8.93519e-005 8.93519e-005
0.14 -31.0328 7.10664e-006 -7.70039e-006 -5.43619e-005 -5.43619e-005
0.15 -31.0301 6.88678e-006 -4.98209e-006 9.78295e-006 9.78295e-006
0.16 -31.0274 -5.60119e-006 9.56175e-006 9.94084e-005 9.94084e-005
0.17 -31.0248 3.58789e-006 -3.72995e-006 0.000146842 0.000146842
0.18 -31.0224 2.13966e-006 1.28448e-006 0.00053262 0.00053262
0.19 -31.02 5.20526e-007 -7.37171e-007 0.00139916 0.00139916
0.2 -31.0178 -1.56803e-006 4.07818e-007 0.00223439 0.00223439
0.21 -31.0155 1.32502e-006 -8.51209e-008 0.00258098 0.00258098
0.22 -31.0133 5.97688e-007 1.09883e-007 0.00255354 0.00255354
0.23 -31.011 -9.83372e-007 -4.07495e-007 0.00247229 0.00247229
0.24 -31.0088 5.52692e-007 -6.32732e-008 0.00242498 0.00242498
0.25 -31.0067 -2.06664e-007 -8.38291e-008 0.0023938 0.0023938
0.26 -31.0047 3.34011e-005 -5.36111e-005 0.00250434 0.00250434
0.27 -31.0029 0.000110272 -9.4003e-005 0.00284999 0.00284999
0.28 -31.0016 0.000112542 -0.000130647 0.0033881 0.0033881
0.29 -31.0008 -4.57731e-005 5.42021e-005 0.00396001 0.00396001
0.3 -31.0005 1.89651e-005 -2.20984e-005 0.00435526 0.00435526
0.31 -31.0007 0.000219679 -0.000153598 0.00461531 0.00461531
0.32 -31.0016 0.000137369 -9.9191e-005 0.00494665 0.00494665
0.33 -31.003 -5.37538e-005 4.22219e-005 0.00530979 0.00530979
0.34 -31.0047 2.31761e-005 -1.6531e-005 0.00543674 0.00543674
0.35 -31.0066 -1.00004e-005 6.24192e-006 0.00539644 0.00539644
0.36 -31.0085 4.40047e-006 -2.73323e-006 0.00552584 0.00552584
0.37 -31.0101 1.7776e-005 -1.68867e-005 0.00582562 0.00582562
0.38 -31.0113 -4.00539e-005 2.8822e-005 0.00606761 0.00606761
0.39 -31.0124 3.53659e-005 -2.12268e-005 0.00614819 0.00614819
0.4 -31.0133 -9.69326e-006 4.47813e-006 0.00610367 0.00610367
0.41 -31.0142 5.67223e-006 -8.50769e-007 0.0060395 0.0060395
0.42 -31.0153 -4.96118e-006 -7.86568e-007 0.00600391 0.00600391
0.43 -31.0166 3.24732e-006 8.29985e-007 0.00593734 0.00593734
0.44 -31.0184 -1.30868e-006 -3.33745e-007 0.00582676 0.00582676
0.45 -31.0208 1.01013e-006 3.16673e-007 0.00575859 0.00575859
0.46 -31.0238 -6.38894e-007 -2.34489e-007 0.00578967 0.00578967
0.47 -31.0272 2.60144e-007 1.15261e-007 0.0058707 0.0058707
0.48 -31.0309 5.40263e-008 -3.34242e-009 0.00593333 0.00593333
0.49 -31.0347 -2.78477e-007 -7.97463e-008 0.00596857 0.00596857
0.5 -31.0384 1.27659e-007 5.50299e-008 0.00598939 0.00598939
0.51 -31.042 -1.20736e-007 -6.04878e-008 0.00597757 0.00597757
0.52 -31.0456 2.39716e-006 1.07437e-006 0.00591283 0.00591283
0.53 -31.0493 -4.16653e-006 -2.39148e-006 0.00581956 0.00581956
0.54 -31.0534 -1.49385e-006 -7.31047e-007 0.00574349 0.00574349
0.55 -31.0582 2.70505e-005 2.02832e-005 0.00568155 0.00568155
0.56 -31.0638 -4.20485e-005 -3.38e-005 0.00557508 0.00557508
0.57 -31.0701 1.67134e-005 1.29116e-005 0.00536982 0.00536982
0.58 -31.077 -2.36698e-005 -2.43018e-005 0.00508017 0.00508017
0.59 -31.0839 2.28828e-005 2.47977e-005 0.00475663 0.00475663
0.6 -31.0905 -2.80796e-005 -4.23762e-005 0.00443801 0.00443801
0.61 -31.0959 1.51833e-005 2.41206e-005 0.00415321 0.00415321
0.62 -31.0998 -8.21383e-006 -4.82727e-005 0.00390065 0.00390065
0.63 -31.1016 3.89374e-006 1.77683e-005 0.00369621 0.00369621
0.64 -31.1017 1.7789e-006 -2.11081e-005 0.00357104 0.00357104
0.65 -31.1005 2.06847e-006 1.08066e-005 0.00357682 0.00357682
0.66 -31.0982 -2.71543e-006 -9.25876e-006 0.00376753 0.00376753
0.67 -31.0954 4.0528e-006 3.53527e-006 0.0040613 0.0040613
0.68 -31.0924 6.79621e-007 -8.20815e-007 0.00426559 0.00426559
0.69 -31.09 -6.43534e-008 4.73502e-007 0.004273 0.004273
0.7 -31.0882 2.65134e-008 -1.95082e-007 0.00413165 0.00413165
0.71 -31.087 -1.09235e-008 8.03731e-008 0.0039331 0.0039331
0.72 -31.0858 4.5005e-009 -3.31135e-008 0.00373743 0.00373743
0.73 -31.0839 -1.85422e-009 1.36427e-008 0.00360029 0.00360029
0.74 -31.0805 7.63929e-010 -5.62071e-009 0.00358245 0.00358245
0.75 -31.0753 -3.09475e-010 2.26268e-009 0.00369775 0.00369775
0.76 -31.0683 1.26129e-010 -9.08177e-010 0.0038848 0.0038848
0.77 -31.0595 -5.09051e-011 3.50168e-010 0.00405058 0.00405058
0.78 -31.0494 2.0191e-011 -1.20342e-010 0.00413338 0.00413338
0.79 -31.0392 -4.25926e-012 2.13363e-011 0.00411887 0.00411887
0.8 -31.0299 3.82805e-013 1.6998e-011 0.00401975 0.00401975
0.81 -31.0224 5.4019e-012 -4.06835e-011 0.00389208 0.00389208
0.82 -31.0172 -4.12292e-012 4.60658e-011 0.00382386 0.00382386
0.83 -31.0144 3.20055e-012 -4.8253e-011 0.00379982 0.00379982
0.84 -31.0138 -3.402e-010 4.79636e-010 0.00372787 0.00372787
0.85 -31.0151 1.20985e-010 -1.65347e-010 0.00367759 0.00367759
0.86 -31.0178 -6.89795e-011 1.32395e-010 0.0037834 0.0037834
0.87 -31.0213 1.65454e-010 -4.53193e-010 0.00396695 0.00396695
0.88 -31.025 -5.77187e-011 2.32212e-010 0.00405945 0.00405945
0.89 -31.0285 4.73999e-011 -2.42304e-010 0.00404151 0.00404151
0.9 -31.0322 -3.62061e-011 2.4738e-010 0.00399128 0.00399128
0.91 -31.0368 2.85376e-011 -2.48805e-010 0.00393457 0.00393457
0.92 -31.043 2.42731e-005 3.19551e-006 0.00383957 0.00383957
0.93 -31.0516 -4.86597e-005 -6.03737e-006 0.00371959 0.00371959
0.94 -31.063 5.49744e-005 9.80457e-006 0.00362767 0.00362767
0.95 -31.077 -4.64106e-005 -9.32811e-006 0.00357339 0.00357339
0.96 -31.0928 6.43852e-005 2.00771e-005 0.0035132 0.0035132
0.97 -31.1091 -6.14183e-005 -2.20471e-005 0.0034143 0.0034143
0.98 -31.1242 0.00010564 8.90228e-005 0.00326101 0.00326101
0.99 -31.1371 -7.43071e-005 -6.64817e-005 0.00308625 0.00308625
1 -31.1464 4.50742e-005 5.22458e-005 0.00309618 0.00309618
1.01 -31.1515 -3.4116e-005 -3.08119e-005 0.00310998 0.00310998
1.02 -31.1515 1.34679e-005 9.08394e-006 0.00249655 0.00249655
1.03 -31.1473 -1.43271e-005 -1.14834e-005 0.00151165 0.00151165
1.04 -31.1412 1.33141e-005 1.55705e-005 0.00114032 0.00114032
1.05 -31.1356 -3.13133e-005 -3.55152e-005 0.00151506 0.00151506
1.06 -31.1322 5.24915e-005 5.85349e-005 0.00182959 0.00182959
1.07 -31.1315 -5.97936e-005 -7.35581e-005 0.00158458 0.00158458
1.08 -31.1342 5.80097e-005 6.25483e-005 0.00116028 0.00116028
1.09 -31.1404 -2.80629e-005 -4.12551e-005 0.000899534 0.000899534
1.1 -31.1488 1.84846e-005 9.88622e-006 0.000585797 0.000585797
1.11 -31.1576 -1.05909e-005 1.09772e-005 0.000168115 0.000168115
1.12 -31.1652 3.91456e-005 -5.99779e-005 5.50001e-005 5.50001e-005
1.13 -31.171 -1.81835e-005 1.79601e-005 0.00056097 0.00056097
1.14 -31.1738 3.86978e-005 -3.99904e-005 0.00138093 0.00138093
1.15 -31.1728 -5.22656e-006 -6.32167e-006 0.00190251 0.00190251
1.16 -31.169 1.13772e-005 -8.39054e-006 0.00194016 0.00194016
1.17 -31.1641 5.01091e-006 7.38787e-006 0.00184564 0.00184564
1.18 -31.1606 9.17317e-006 3.94317e-006 0.00196737 0.00196737
1.19 -31.1601 3.71649e-005 2.20352e-005 0.00207204 0.00207204
1.2 -31.1631 -7.51792e-005 -4.97235e-005 0.00154343 0.00154343
1.21 -31.1686 6.80286e-005 4.44195e-005 0.00044462 0.00044462
1.22 -31.1746 -1.09384e-005 -6.4054e-006 -0.000348235 -0.000348235
1.23 -31.1789 1.43027e-005 8.09288e-006 -0.000526799 -0.000526799
1.24 -31.1793 -6.24201e-006 -3.65566e-006 -0.000556931 -0.000556931
1.25 -31.1748 2.56336e-006 1.5214e-006 -0.000301001 -0.000301001
1.26 -31.1654 -1.00953e-006 -5.65973e-007 0.000541513 0.000541513
1.27 -31.1523 4.41299e-007 2.58556e-007 0.00124042 0.00124042
1.28 -31.1374 -1.03206e-007 -2.85848e-008 0.00124445 0.00124445
1.29 -31.1232 -9.66697e-006 1.32348e-006 0.000939023 0.000939023
1.3 -31.1121 0.000113007 -1.5185e-005 0.000627031 0.000627031
1.31 -31.1062 -0.000146823 2.51613e-005 0.000315089 0.000315089
1.32 -31.1067 0.000124587 -2.20069e-005 2.90029e-005 2.90029e-005
1.33 -31.1126 -7.39639e-005 1.62826e-005 -0.000169452 -0.000169452
1.34 -31.1219 4.26197e-005 -1.21315e-005 -4.34627e-005 -4.34627e-005
1.35 -31.1331 5.57424e-005 1.11736e-005 0.000244086 0.000244086
1.36 -31.1458 7.18564e-005 -1.20353e-005 0.000313164 0.000313164
1.37 -31.1584 -0.00024133 3.48227e-005 0.000816787 0.000816787
1.38 -31.1691 -0.000154978 3.87732e-005 0.00241288 0.00241288
1.39 -31.1755 0.000199823 -0.000125672 0.00411791 0.00411791
1.4 -31.1762 5.29861e-005 -5.59287e-005 0.00462827 0.00462827
1.41 -31.1708 -4.00302e-006 5.98253e-005 0.00423987 0.00423987
1.42 -31.1606 -2.65486e-005 -2.06139e-005 0.00383238 0.00383238
1.43 -31.1482 9.01069e-005 -5.08241e-005 0.00347141 0.00347141
1.44 -31.1356 -2.78268e-005 -8.49802e-007 0.00294797 0.00294797
1.45 -31.1226 1.14644e-005 3.49985e-007 0.00246171 0.00246171
1.46 -31.1081 -4.72334e-006 -1.44208e-007 0.00243524 0.00243524
1.47 -31.092 1.94664e-006 5.9348e-008 0.00293455 0.00293455
1.48 -31.0749 -8.02143e-007 -2.53485e-008 0.00358302 0.00358302
1.49 -31.0567 3.30363e-007 1.02663e-008 0.00402235 0.00402235
1.5 -31.0354 3.2217e-005 7.81713e-006 0.00418513 0.00418513
1.51 -31.0106 8.72822e-005 -5.77464e-006 0.00436718 0.00436718
1.52 -30.9851 3.77252e-005 -4.43679e-005 0.00516527 0.00516527
1.53 -30.9635 1.09157e-005 -1.00821e-005 0.00670299 0.00670299
1.54 -30.9492 1.91352e-005 6.23364e-006 0.00855976 0.00855976
1.55 -30.9448 7.6267e-006 -2.54623e-006 0.0108062 0.0108062
1.56 -30.9524 7.51243e-007 2.91702e-006 0.0137197 0.0137197
1.57 -30.9726 2.11444e-006 -2.20283e-005 0.0169299 0.0169299
1.58 -31.0033 5.97286e-007 5.15889e-006 0.0198145 0.0198145
1.59 -31.039 8.14232e-006 -1.11363e-005 0.0216539 0.0216539
1.6 -31.0721 -9.44457e-007 3.8675e-006 0.0216473 0.0216473
1.61 -31.0957 1.9031e-005 7.01117e-006 0.0203271 0.0203271
1.62 -31.1068 -8.39256e-007 1.35402e-006 0.0193092 0.0193092
1.63 -31.1062 2.83951e-007 1.3866e-005 0.0187701 0.0187701
1.64 -31.0978 6.12327e-005 3.98764e-006 0.0180653 0.0180653
1.65 -31.0879 0.000121389 -5.72713e-005 0.0181887 0.0181887
1.66 -31.0842 -4.59415e-005 2.41568e-005 0.0200868 0.0200868
1.67 -31.0939 3.94347e-005 6.88634e-006 0.0221502 0.0221502
1.68 -31.122 1.00855e-005 4.48272e-006 0.0223189 0.0223189
1.69 -31.1683 5.29972e-006 3.26324e-006 0.0206738 0.0206738
1.7 -31.227 -0.000344873 -0.000249967 0.0184429 0.0184429
1.71 -31.2897 -0.000208754 -0.000129945 0.0164196 0.0164196
1.72 -31.3478 9.48826e-005 7.40634e-005 0.0150652 0.0150652
1.73 -31.3936 -1.64044e-005 -2.06015e-005 0.0142154 0.0142154
1.74 -31.4213 3.00878e-005 3.37444e-005 0.0130302 0.0130302
1.75 -31.4284 4.07362e-005 3.79672e-005 0.0120853 0.0120853
1.76 -31.4175 0.00032707 -0.000212864 0.0135037 0.0135037
1.77 -31.3938 0.000149666 -0.000209232 0.0180111 0.0180111
1.78 -31.3626 1.10848e-005 -8.24801e-005 0.0238065 0.0238065
1.79 -31.3297 5.18357e-005 -6.77915e-005 0.0289157 0.0289157
1.8 -31.2999 3.58352e-006 2.91469e-005 0.0328886 0.0328886
1.81 -31.2755 2.36234e-005 -1.94291e-005 0.0354418 0.0354418
1.82 -31.2551 5.36444e-006 1.36936e-005 0.0358568 0.0358568
1.83 -31.2355 5.00623e-006 -2.69621e-005 0.0344333 0.0344333
1.84 -31.2143 -2.75994e-006 8.42481e-006 0.0327171 0.0327171
1.85 -31.1907 3.6514e-006 2.03249e-006 0.0321449 0.0321449
1.86 -31.1642 1.26097e-005 -9.29611e-006 0.0331074 0.0331074
1.87 -31.1355 -5.93959e-006 4.66163e-006 0.0347979 0.0347979
1.88 -31.1088 3.03691e-005 1.28641e-005 0.0356809 0.0356809
1.89 -31.0909 -8.43846e-007 -1.43912e-005 0.0351527 0.0351527
1.9 -31.0848 0.000145576 -0.000131437 0.0343443 0.0343443
1.91 -31.0876 1.82226e-005 1.50323e-005 0.0341009 0.0341009
1.92 -31.0939 0.00018214 -0.000180294 0.033905 0.033905
1.93 -31.097 6.96733e-005 -5.0218e-005 0.0334558 0.0334558
1.94 -31.0882 -4.2466e-005 2.85705e-007 0.0332601 0.0332601
1.95 -31.0579 0.000100951 8.59486e-005 0.0332043 0.0332043
1.96 -31.0005 1.18029e-005 1.23738e-006 0.0321343 0.0321343
1.97 -30.9168 2.30316e-005 1.47472e-005 0.029282 0.029282
1.98 -30.8139 9.59865e-006 4.54825e-006 0.0251954 0.0251954
1.99 -30.7017 5.89034e-006 5.31174e-006 0.0214903 0.0214903
2 -30.5922 8.06624e-006 3.591e-006 0.0195912 0.0195912
2.01 -30.4975 -1.03394e-006 -1.07717e-006 0.0189455 0.0189455
2.02 -30.4284 1.31841e-005 3.30686e-006 0.0169122 0.0169122
2.03 -30.3913 2.57332e-005 5.09223e-006 0.012142 0.012142
2.04 -30.3857 4.68256e-005 -7.14496e-006 0.00839778 0.00839778
2.05 -30.4056 0.000111462 -5.8386e-005 0.0115448 0.0115448
2.06 -30.443 0.000109276 -0.000106668 0.0217919 0.0217919
2.07 -30.488 2.94185e-005 -5.14727e-005 0.0333175 0.0333175
2.08 -30.53 1.50144e-005 -2.43989e-005 0.0419401 0.0419401
2.09 -30.5608 9.99477e-006 -1.3013e-006 0.0479536 0.0479536
2.1 -30.5777 9.39392e-006 -6.52528e-006 0.051744 0.051744
2.11 -30.5829 9.21387e-006 -4.86025e-007 0.0519109 0.0519109
2.12 -30.5808 1.45521e-005 4.79164e-006 0.0482894 0.0482894
2.13 -30.5759 9.0537e-006 -8.69301e-006 0.043812 0.043812
2.14 -30.5729 2.41691e-007 -3.21836e-006 0.0420765 0.0420765
2.15 -30.5767 -9.59703e-008 1.39194e-006 0.043968 0.043968
2.16 -30.5922 2.33506e-007 -1.15321e-006 0.0465372 0.0465372
2.17 -30.6223 4.44809e-008 2.71331e-007 0.046898 0.046898
2.18 -30.6645 3.85081e-006 -5.6284e-006 0.0466089 0.0466089
2.19 -30.7127 -7.75867e-007 7.10065e-007 0.0477101 0.0477101
2.2 -30.7635 2.08745e-006 2.27102e-006 0.0486139 0.0486139
2.21 -30.8173 -7.51814e-007 -8.94479e-007 0.0474775 0.0474775
2.22 -30.8744 3.09745e-007 3.68523e-007 0.045364 0.045364
2.23 -30.934 1.36554e-007 -1.03406e-007 0.0443059 0.0443059
2.24 -30.9951 -5.62598e-008 4.26031e-008 0.0445279 0.0445279
2.25 -31.0571 1.12801e-007 7.85021e-008 0.0450473 0.0450473
2.26 -31.1187 1.01422e-007 8.21704e-007 0.0455559 0.0455559
2.27 -31.1774 -4.81299e-007 2.76445e-007 0.0463808 0.0463808
2.28 -31.2322 5.20105e-009 -1.12485e-007 0.0473247 0.0473247
2.29 -31.2831 -1.34499e-006 1.02639e-006 0.0476735 0.0476735
2.3 -31.3286 -5.22483e-007 -1.46364e-007 0.0471712 0.0471712
2.31 -31.3672 0.000410995 -0.000123067 0.0469187 0.0469187
2.32 -31.4006 0.000544792 -0.00049304 0.0490617 0.0490617
2.33 -31.4308 -8.56804e-005 1.04686e-006 0.0542721 0.0542721
2.34 -31.4587 9.9824e-005 -4.32561e-005 0.0616765 0.0616765
2.35 -31.4857 -3.71986e-006 -7.98147e-006 0.07134 0.07134
2.36 -31.5114 3.54607e-005 -2.45562e-006 0.0826114 0.0826114
2.37 -31.5346 5.81377e-006 -2.48035e-006 0.0921194 0.0921194
2.38 -31.5527 9.06562e-007 -3.50047e-006 0.0964162 0.0964162
2.39 -31.5648 2.89746e-005 2.39615e-005 0.0950486 0.0950486
2.4 -31.5723 -4.31503e-006 -2.65843e-006 0.0900376 0.0900376
2.41 -31.5768 9.76387e-005 -0.000111345 0.0834397 0.0834397
2.42 -31.5815 0.000127126 1.43988e-005 0.0771381 0.0771381
2.43 -31.5884 2.5808e-005 5.93773e-005 0.0734588 0.0734588
2.44 -31.595 -1.06508e-005 -2.58108e-005 0.0737743 0.0737743
2.45 -31.5964 1.87007e-005 1.29713e-005 0.0774567 0.0774567
2.46 -31.5893 2.00869e-005 1.31924e-005 0.0824536 0.0824536
2.47 -31.5726 4.90352e-006 5.89279e-006 0.0864027 0.0864027
2.48 -31.5443 -6.10015e-006 -9.03557e-006 0.0878033 0.0878033
2.49 -31.5015 2.59591e-006 3.6117e-006 0.0865066 0.0865066
2.5 -31.4415 -1.04337e-006 -1.42842e-006 0.0832747 0.0832747
2.51 -31.3637 5.52927e-007 5.09265e-007 0.0793697 0.0793697
2.52 -31.2699 -7.41933e-008 -3.16595e-007 0.0763361 0.0763361
2.53 -31.1635 1.68421e-007 4.62761e-008 0.0754038 0.0754038
2.54 -31.0497 -5.94805e-009 -5.76506e-008 0.0768255 0.0768255
2.55 -30.9348 1.86692e-007 -3.41515e-007 0.0797832 0.0797832
2.56 -30.8249 -4.19398e-007 -4.04794e-006 0.082932 0.082932
2.57 -30.7241 -3.66549e-007 -4.83374e-006 0.0850452 0.0850452
2.58 -30.6342 9.60683e-005 -9.93541e-005 0.0856771 0.0856771
2.59 -30.555 0.000188799 -0.000110225 0.0862937 0.0862937
2.6 -30.4849 2.35379e-005 4.90966e-005 0.0888747 0.0888747
2.61 -30.422 8.81013e-006 1.35605e-005 0.0936717 0.0936717
2.62 -30.3644 -4.15476e-006 2.52551e-005 0.100619 0.100619
2.63 -30.3112 -1.16275e-005 1.65742e-006 0.109018 0.109018
2.64 -30.2627 -2.84444e-006 -9.54657e-007 0.115802 0.115802
2.65 -30.2185 2.34104e-006 3.21215e-006 0.117832 0.117832
2.66 -30.1784 -1.31661e-006 -2.64629e-006 0.114969 0.114969
2.67 -30.1435 -2.98115e-006 5.05447e-007 0.109193 0.109193
2.68 -30.1154 1.81235e-005 -1.54053e-005 0.102328 0.102328
2.69 -30.0963 1.81235e-005 -6.29804e-006 0.0964394 0.0964394
2.7 -30.0877 -8.31889e-006 9.48524e-007 0.0939224 0.0939224
2.71 -30.0908 -1.46241e-005 -1.5955e-005 0.095583 0.095583
2.72 -30.1081 2.3657e-005 3.25675e-005 0.100088 0.100088
2.73 -30.144 -7.47446e-006 -1.51404e-005 0.105283 0.105283
2.74 -30.2007 9.8126e-006 1.18107e-005 0.109153 0.109153
2.75 -30.2758 -3.77314e-006 -5.0008e-006 0.110298 0.110298
2.76 -30.3653 2.96475e-006 7.824e-007 0.108454 0.108454
2.77 -30.4663 -4.17575e-007 -5.73686e-007 0.104563 0.104563
2.78 -30.5746 1.82985e-006 -3.938e-007 0.100325 0.100325
2.79 -30.6843 -2.20927e-006 2.00934e-006 0.0974623 0.0974623
2.8 -30.7914 -1.69297e-006 5.60317e-007 0.0969963 0.0969963
2.81 -30.8945 -2.21864e-006 -4.55534e-008 0.0988931 0.0988931
2.82 -30.9923 -4.22033e-006 -3.02139e-006 0.102198 0.102198
2.83 -31.084 4.76087e-006 7.42274e-006 0.105504 0.105504
2.84 -31.1697 -7.3937e-006 -1.54149e-006 0.10752 0.10752
2.85 -31.2506 1.90096e-006 -2.93873e-006 0.107555 0.107555
2.86 -31.3281 -1.59163e-006 3.70673e-006 0.105745 0.105745
2.87 -31.402 -1.12793e-006 -4.8411e-005 0.102778 0.102778
2.88 -31.4712 0.000721947 -0.00069869 0.100152 0.100152
2.89 -31.5372 0.000418662 -0.000147204 0.101286 0.101286
2.9 -31.6012 -9.64199e-005 6.48538e-005 0.109244 0.109244
2.91 -31.6619 8.25817e-005 -4.40346e-005 0.122435 0.122435
2.92 -31.7178 2.10068e-005 2.63233e-005 0.135714 0.135714
2.93 -31.7665 4.31423e-005 9.95173e-006 0.144673 0.144673
2.94 -31.8063 -1.33936e-005 -1.13064e-005 0.1472 0.1472
2.95 -31.8366 0.000185337 -0.000130836 0.142818 0.142818
2.96 -31.8567 0.000192506 -6.14695e-005 0.133151 0.133151
2.97 -31.865 4.0982e-005 5.24335e-005 0.122253 0.122253
2.98 -31.8595 -5.72808e-005 -4.13558e-005 0.114607 0.114607
2.99 -31.84 2.47568e-005 1.60283e-005 0.11305 0.11305
3 -31.8089 1.44315e-005 2.78212e-005 0.117656 0.117656
3.01 -31.7708 -7.16829e-006 -1.40665e-005 0.125676 0.125676
3.02 -31.7306 -2.28192e-006 -7.91507e-006 0.133196 0.133196
3.03 -31.6935 -6.46233e-006 -1.90597e-005 0.137247 0.137247
3.04 -31.663 1.26687e-005 1.89226e-005 0.136482 0.136482
3.05 -31.6388 -1.55143e-006 -3.37721e-005 0.131252 0.131252
3.06 -31.6166 1.23741e-005 -6.84768e-006 0.123658 0.123658
3.07 -31.5921 1.5163e-005 3.3074e-005 0.116558 0.116558
3.08 -31.5632 1.10465e-005 -6.62228e-005 0.112358 0.112358
3.09 -31.5269 1.23656e-005 3.54086e-006 0.112129 0.112129
3.1 -31.4786 3.13879e-005 -3.36476e-005 0.115063 0.115063
3.11 -31.4148 4.60116e-005 -2.4658e-005 0.119395 0.119395
3.12 -31.3378 9.16611e-005 -5.86994e-005 0.123812 0.123812
3.13 -31.2561 4.1204e-005 -1.46578e-006 0.127388 0.127388
3.14 -31.1794 -2.8518e-005 4.05806e-005 0.129091 0.129091
3.15 -31.1123 6.07457e-006 3.35205e-006 0.128982 0.128982
3.16 -31.0554 2.96394e-007 2.47787e-005 0.130127 0.130127
3.17 -31.005 5.44375e-006 1.2144e-005 0.136606 0.136606
3.18 -30.9548 1.46851e-005 2.35827e-006 0.147997 0.147997
3.19 -30.8993 7.52748e-007 1.2848e-005 0.158659 0.158659
3.2 -30.8367 9.22691e-006 5.9555e-006 0.163827 0.163827
3.21 -30.7667 1.16961e-005 -4.32864e-006 0.163829 0.163829
3.22 -30.6894 4.44398e-005 -1.03082e-005 0.161358 0.161358
3.23 -30.6074 8.211e-006 3.36659e-006 0.157679 0.157679
3.24 -30.526 8.37906e-007 6.41338e-007 0.153242 0.153242
3.25 -30.4517 -3.45524e-007 -2.64341e-007 0.149691 0.149691
3.26 -30.3893 1.60963e-007 1.20586e-007 0.149164 0.149164
3.27 -30.3415 -6.70413e-008 -5.00832e-008 0.151952 0.151952
3.28 -30.3091 2.65698e-008 2.01253e-008 0.156119 0.156119
3.29 -30.2905 2.84981e-006 -2.5117e-006 0.159585 0.159585
3.3 -30.2818 1.08592e-005 -1.08808e-005 0.161408 0.161408
3.31 -30.2798 1.49223e-005 -2.25782e-006 0.161121 0.161121
3.32 -30.2848 6.89815e-006 -1.45855e-005 0.158385 0.158385
3.33 -30.2992 -5.91097e-006 -2.28231e-006 0.154014 0.154014
3.34 -30.3239 -1.64489e-005 -4.57631e-005 0.150217 0.150217
3.35 -30.3579 6.38247e-006 1.79601e-005 0.148731 0.148731
3.36 -30.4016 -2.26927e-005 -1.15968e-005 0.1495 0.1495
3.37 -30.4572 1.35771e-006 2.22926e-006 0.151228 0.151228
3.38 -30.5267 -1.05978e-005 -4.36936e-006 0.152621 0.152621
3.39 -30.6124 -4.34278e-006 -8.44949e-005 0.153572 0.153572
3.4 -30.7137 1.5813e-006 2.23269e-005 0.154247 0.154247
3.41 -30.8254 1.86564e-005 -6.67748e-005 0.153854 0.153854
3.42 -30.9395 7.68245e-005 -0.000131234 0.152068 0.152068
3.43 -31.0488 0.000145363 -0.000225113 0.150204 0.150204
3.44 -31.1487 0.000142399 -0.000169966 0.149905 0.149905
3.45 -31.2362 3.1768e-005 -6.56802e-005 0.151079 0.151079
3.46 -31.3096 7.6758e-005 -8.84321e-005 0.151754 0.151754
3.47 -31.3681 6.51765e-007 -7.40909e-008 0.151668 0.151668
3.48 -31.4131 2.14321e-005 -2.34784e-005 0.154638 0.154638
3.49 -31.449 1.81396e-005 -1.31547e-005 0.162424 0.162424
3.5 -31.4804 1.77038e-005 -1.53459e-005 0.168831 0.168831
3.51 -31.5096 -1.60197e-006 1.79073e-006 0.167156 0.167156
3.52 -31.538 7.12935e-007 -3.97739e-007 0.159749 0.159749
3.53 -31.5676 -2.50166e-007 4.45168e-007 0.153329 0.153329
3.54 -31.5984 6.57978e-007 5.50681e-007 0.150129 0.150129
3.55 -31.6263 1.88505e-006 2.28423e-006 0.148815 0.148815
3.56 -31.6432 -7.42993e-007 -7.31542e-007 0.149453 0.149453
3.57 -31.6407 5.16946e-007 9.29339e-008 0.153184 0.153184
3.58 -31.6139 9.14211e-008 -9.50801e-008 0.158809 0.158809
3.59 -31.5634 3.23131e-007 4.72732e-007 0.162997 0.162997
3.6 -31.4958 7.99998e-007 -4.85624e-007 0.163641 0.163641
3.61 -31.421 4.37942e-007 -7.36335e-008 0.16136 0.16136
3.62 -31.3479 1.15791e-006 -3.09039e-007 0.157869 0.157869
3.63 -31.2816 2.40878e-008 1.94739e-007 0.15433 0.15433
3.64 -31.225 -6.05726e-007 8.87396e-007 0.15168 0.15168
3.65 -31.1807 -4.0169e-007 4.91456e-007 0.151041 0.151041
3.66 -31.1495 -1.2671e-006 1.04671e-006 0.152921 0.152921
3.67 -31.128 -1.66104e-006 9.57168e-007 0.156337 0.156337
3.68 -31.1094 -8.02914e-007 3.25444e-007 0.159412 0.159412
3.69 -31.0858 -2.10351e-007 -1.18163e-007 0.16098 0.16098
3.7 -31.0493 9.89368e-007 -9.97272e-007 0.160846 0.160846
3.71 -30.9937 3.14284e-005 -4.76557e-005 0.159071 0.159071
3.72 -30.9181 2.65363e-005 -1.03454e-006 0.156254 0.156254
3.73 -30.8272 1.94976e-005 -4.2932e-005 0.15352 0.15352
3.74 -30.7296 6.10304e-007 1.00364e-005 0.152059 0.152059
3.75 -30.6357 -2.86837e-005 2.59734e-005 0.153314 0.153314
3.76 -30.5533 1.18104e-005 -1.07119e-005 0.157723 0.157723
3.77 -30.4884 -4.86135e-006 4.41503e-006 0.162638 0.162638
3.78 -30.4443 2.13886e-006 -1.67944e-006 0.164423 0.164423
3.79 -30.4208 -7.5181e-007 8.12206e-007 0.163016 0.163016
3.8 -30.4141 7.88474e-007 -1.2514e-006 0.160716 0.160716
3.81 -30.4193 -3.24849e-007 5.15574e-007 0.158263 0.158263
3.82 -30.4328 1.28088e-005 -1.25164e-005 0.155537 0.155537
3.83 -30.4531 8.11994e-006 -1.06726e-005 0.153641 0.153641
3.84 -30.4803 -3.34673e-006 4.39599e-006 0.154021 0.154021
3.85 -30.5121 6.36674e-006 -1.68833e-005 0.156497 0.156497
3.86 -30.5456 -8.29991e-006 1.02277e-005 0.159443 0.159443
3.87 -30.5805 -1.02067e-005 -1.11577e-006 0.161478 0.161478
3.88 -30.6181 1.80037e-006 -1.08194e-005 0.162183 0.162183
3.89 -30.6586 -1.3398e-005 2.10737e-005 0.161592 0.161592
3.9 -30.6984 3.64061e-006 -2.59805e-005 0.159889 0.159889
3.91 -30.7309 -1.67047e-006 1.06845e-005 0.15767 0.15767
3.92 -30.7492 -1.3739e-005 -1.08347e-005 0.155901 0.155901
3.93 -30.7501 -3.72761e-006 -2.51645e-005 0.15524 0.15524
3.94 -30.736 -4.19431e-006 4.06739e-006 0.155647 0.155647
3.95 -30.7148 7.69737e-006 5.16386e-006 0.156814 0.156814
3.96 -30.6969 -5.49798e-005 -0.000105968 0.158334 0.158334
3.97 -30.6946 -3.44487e-005 -6.68427e-005 0.159422 0.159422
3.98 -30.7196 1.42713e-005 2.75777e-005 0.159471 0.159471
3.99 -30.7818 -4.99308e-006 -1.05783e-005 0.158785 0.158785
4 -30.8853 2.09115e-006 4.39029e-006 0.157724 0.157724
4.01 -31.0233 -4.16851e-006 -2.08534e-006 0.156399 0.156399
4.02 -31.1813 1.77675e-006 1.27921e-006 0.155505 0.155505
4.03 -31.3396 2.74862e-007 5.69196e-007 0.155554 0.155554
4.04 -31.4757 1.24098e-007 -1.57129e-007 0.156447 0.156447
4.05 -31.5685 1.01692e-006 1.21597e-006 0.158426 0.158426
4.06 -31.6059 -3.1232e-007 -7.83786e-007 0.160768 0.160768
4.07 -31.5889 5.63882e-007 8.45132e-007 0.160711 0.160711
4.08 -31.5282 1.54254e-007 1.58691e-007 0.157739 0.157739
4.09 -31.4418 3.55963e-007 1.01155e-006 0.155166 0.155166
4.1 -31.3531 2.17162e-006 1.68107e-006 0.154909 0.154909
4.11 -31.2851 -3.77691e-007 -6.02116e-007 0.155704 0.155704
4.12 -31.2549 2.27024e-006 2.7365e-006 0.156417 0.156417
4.13 -31.271 7.98089e-006 1.00551e-005 0.157419 0.157419
4.14 -31.3319 2.84723e-005 2.86906e-005 0.158726 0.158726
4.15 -31.4232 -1.09679e-005 -1.09139e-005 0.159413 0.159413
4.16 -31.5223 5.48396e-006 -3.32653e-006 0.1589 0.1589
4.17 -31.6036 6.45448e-006 3.22598e-006 0.157849 0.157849
4.18 -31.6461 -1.072e-005 -1.49681e-005 0.157774 0.157774
4.19 -31.6384 -5.51627e-006 -1.37108e-005 0.158043 0.158043
4.2 -31.5811 5.30663e-007 5.70246e-007 0.155484 0.155484
4.21 -31.4843 4.69264e-007 -3.34417e-006 0.151162 0.151162
4.22 -31.3665 5.94906e-007 3.97599e-006 0.150697 0.150697
4.23 -31.2498 -2.33619e-007 -2.65851e-006 0.15451 0.15451
4.24 -31.1543 4.07198e-005 8.16338e-005 0.157699 0.157699
4.25 -31.0971 -1.70758e-005 -3.52372e-005 0.15836 0.15836
4.26 -31.0893 1.498e-005 2.87239e-005 0.158484 0.158484
4.27 -31.1309 1.00821e-005 1.45884e-005 0.158767 0.158767
4.28 -31.2112 -3.33742e-006 -6.92578e-006 0.157741 0.157741
4.29 -31.3137 2.62444e-006 1.65994e-006 0.155356 0.155356
4.3 -31.4178 -1.11552e-006 -7.23125e-007 0.153324 0.153324
4.31 -31.5003 6.33002e-006 -5.94617e-006 0.152835 0.152835
4.32 -31.5432 4.77815e-007 -2.27224e-006 0.153685 0.153685
4.33 -31.5383 2.35507e-008 7.02738e-007 0.155093 0.155093
4.34 -31.4887 -5.35348e-007 -2.60752e-006 0.156587 0.156587
4.35 -31.4071 -5.11521e-006 -5.3442e-008 0.157837 0.157837
4.36 -31.3123 -3.02591e-007 2.1312e-006 0.158343 0.158343
4.37 -31.2234 -4.5383e-006 -4.31079e-006 0.157784 0.157784
4.38 -31.1549 -5.19955e-006 8.22224e-006 0.15647 0.15647
4.39 -31.1145 3.42847e-006 -1.51495e-005 0.155117 0.155117
4.4 -31.1027 -6.26876e-006 1.11108e-005 0.154294 0.154294
4.41 -31.1138 3.44501e-006 -1.10919e-005 0.154199 0.154199
4.42 -31.1383 -4.82028e-006 1.27438e-005 0.15478 0.15478
4.43 -31.1649 1.10784e-006 -1.15691e-005 0.155798 0.155798
4.44 -31.1855 -3.93652e-007 4.67079e-006 0.156835 0.156835
4.45 -31.1974 -2.73061e-008 -1.72713e-006 0.157464 0.157464
4.46 -31.2006 -9.50252e-007 -3.8007e-006 0.157448 0.157448
4.47 -31.1949 -2.13811e-006 7.11085e-006 0.156841 0.156841
4.48 -31.1824 8.80898e-007 -2.92965e-006 0.155945 0.155945
4.49 -31.1687 -3.08121e-006 5.36633e-007 0.155148 0.155148
4.5 -31.1589 1.26945e-006 -2.21091e-007 0.154745 0.154745
4.51 -31.1558 -5.2301e-007 9.10891e-008 0.154849 0.154849
4.52 -31.161 5.47728e-007 -1.21992e-007 0.155382 0.155382
4.53 -31.174 -3.18482e-007 1.42014e-007 0.156113 0.156113
4.54 -31.1929 2.70116e-007 6.99679e-008 0.156736 0.156736
4.55 -31.217 6.7464e-008 -2.44153e-007 0.157009 0.157009
4.56 -31.2451 3.52548e-008 6.73554e-008 0.156852 0.156852
4.57 -31.2742 6.88462e-007 -2.209e-007 0.15637 0.15637
4.58 -31.3015 -3.98293e-007 1.13732e-006 0.155785 0.155785
4.59 -31.3278 7.12908e-007 -3.39187e-007 0.155337 0.155337
4.6 -31.3557 1.90225e-008 1.03018e-007 0.155189 0.155189
4.61 -31.3857 1.17254e-006 1.24527e-006 0.155373 0.155373
4.62 -31.4143 -2.81245e-007 -5.75879e-007 0.155795 0.155795
4.63 -31.4372 4.54e-007 2.25855e-007 0.156274 0.156274
4.64 -31.4546 4.29241e-007 -4.45899e-007 0.156611 0.156611
4.65 -31.4695 -5.56055e-009 2.5579e-007 0.156681 0.156681
4.66 -31.4829 2.27303e-006 3.51959e-006 0.156479 0.156479
4.67 -31.4917 -9.57344e-007 -1.18413e-006 0.156112 0.156112
4.68 -31.4927 3.85329e-007 5.04673e-007 0.155743 0.155743
4.69 -31.4855 -3.2445e-007 1.98838e-007 0.155513 0.155513
4.7 -31.4728 4.19287e-007 2.8991e-007 0.155497 0.155497
4.71 -31.4591 -1.27534e-007 -1.59623e-007 0.155691 0.155691
4.72 -31.4479 3.15881e-007 -3.93106e-007 0.156004 0.156004
4.73 -31.438 -1.23093e-007 1.1227e-007 0.156299 0.156299
4.74 -31.4266 8.65501e-008 1.12802e-008 0.156458 0.156458
4.75 -31.4128 -1.28075e-007 -8.75082e-007 0.156431 0.156431
4.76 -31.3978 -7.65518e-007 8.75132e-007 0.156248 0.156248
4.77 -31.3849 -5.86112e-007 -1.91926e-006 0.155994 0.155994
4.78 -31.3776 -1.52456e-006 1.78622e-006 0.155774 0.155774
4.79 -31.3749 -8.22941e-007 -2.89546e-006 0.155671 0.155671
4.8 -31.3729 -3.50174e-006 4.74146e-006 0.15572 0.15572
4.81 -31.3681 2.32668e-006 -9.6656e-006 0.155891 0.155891
4.82 -31.3564 -3.94579e-006 7.19533e-006 0.156105 0.156105
4.83 -31.3344 1.62364e-006 -2.96609e-006 0.156271 0.156271
4.84 -31.3058 -2.35448e-006 2.22658e-006 0.156329 0.156329
4.85 -31.2799 1.82385e-007 -5.34311e-006 0.156263 0.156263
4.86 -31.2598 -1.08333e-006 1.94736e-006 0.156099 0.156099
4.87 -31.2378 4.04013e-007 -8.45989e-007 0.155905 0.155905
4.88 -31.2059 -1.01198e-006 -1.82252e-007 0.155761 0.155761
4.89 -31.1642 -3.50547e-006 -1.24367e-005 0.155705 0.155705
4.9 -31.1174 1.18589e-006 4.41329e-006 0.155735 0.155735
4.91 -31.0684 -7.15086e-007 -2.15092e-006 0.155834 0.155834
4.92 -31.0154 2.4193e-007 8.40277e-007 0.155962 0.155962
4.93 -30.9562 -1.24111e-007 -3.67315e-007 0.156057 0.156057
4.94 -30.89 -1.03681e-006 -8.55225e-006 0.156085 0.156085
4.95 -30.8152 -8.88547e-007 1.38967e-005 0.156052 0.156052
4.96 -30.7311 3.11125e-007 -5.7641e-006 0.155977 0.155977
4.97 -30.6417 -2.11639e-006 -4.73889e-007 0.155831 0.155831
4.98 -30.5532 7.61071e-006 3.22446e-006 0.155473 0.155473
4.99 -30.4666 5.53041e-006 1.1528e-005 0.154889 0.154889
5 -30.3778 -8.06094e-006 -3.04198e-005 0.154278 0.154278
5.01 -30.286 5.45513e-006 1.45146e-005 0.153585 0.153585
5.02 -30.1962 -1.71446e-005 -2.05611e-005 0.152618 0.152618
5.03 -30.1151 8.89193e-006 9.82401e-006 0.151327 0.151327
5.04 -30.0496 -6.27019e-006 -4.41816e-006 0.149687 0.149687
5.05 -30.0035 -2.44948e-006 -7.71921e-006 0.148038 0.148038
5.06 -29.9736 -6.32824e-006 -9.60809e-006 0.146873 0.146873
5.07 -29.9514 6.83107e-006 8.59539e-006 0.146055 0.146055
5.08 -29.9296 2.22297e-006 2.32761e-006 0.145063 0.145063
5.09 -29.9048 9.13082e-006 -7.37511e-007 0.143557 0.143557
5.1 -29.8741 -1.08486e-006 -5.08351e-006 0.141265 0.141265
5.11 -29.8366 -2.1163e-006 -4.97253e-007 0.138165 0.138165
5.12 -29.7987 7.4835e-006 1.02805e-005 0.135208 0.135208
5.13 -29.77 -3.35034e-005 -1.94623e-005 0.133793 0.133793
5.14 -29.7559 -1.98752e-005 -9.47472e-006 0.134105 0.134105
5.15 -29.7583 7.71044e-006 4.49009e-006 0.135042 0.135042
5.16 -29.7802 -3.13982e-006 -1.8453e-006 0.135641 0.135641
5.17 -29.8219 1.2936e-006 7.60258e-007 0.135962 0.135962
5.18 -29.8767 -5.1329e-007 -2.27539e-007 0.13682 0.13682
5.19 -29.9352 2.56289e-007 5.87677e-008 0.138146 0.138146
5.2 -29.9931 -6.57279e-008 -6.74729e-007 0.138569 0.138569
5.21 -30.0541 2.70797e-008 2.77987e-007 0.137575 0.137575
5.22 -30.1272 6.19214e-007 6.56385e-006 0.136245 0.136245
5.23 -30.2246 2.26298e-006 1.32467e-006 0.135528 0.135528
5.24 -30.3604 -5.62682e-006 6.34851e-006 0.135341 0.135341
5.25 -30.5448 6.65026e-006 1.06257e-006 0.13542 0.13542
5.26 -30.7815 2.97302e-006 6.21073e-006 0.135953 0.135953
5.27 -31.0689 3.77324e-006 4.80436e-006 0.136831 0.136831
5.28 -31.3987 4.91778e-006 6.98448e-006 0.137417 0.137417
5.29 -31.7532 5.91326e-005 5.30591e-005 0.13716 0.13716
5.3 -32.1103 0.000145375 0.000110757 0.134761 0.134761
5.31 -32.4516 0.000135372 0.000170716 0.129002 0.129002
5.32 -32.7631 3.72288e-005 7.32042e-005 0.119589 0.119589
5.33 -33.0368 0.000418733 0.000183199 0.104023 0.104023
5.34 -33.2738 0.000255918 0.000162704 0.0794469 0.0794469
5.35 -33.485 0.000218106 8.59925e-005 0.049104 0.049104
5.36 -33.6887 0.000130434 0.000419978 0.0205732 0.0205732
5.37 -33.899 0.000246176 0.000186884 -0.00172849 -0.00172849
5.38 -34.1154 0.000145157 0.000110362 -0.0177719 -0.0177719
5.39 -34.328 0.000120191 0.000325702 -0.0284683 -0.0284683
5.4 -34.5284 0.000156562 -3.75174e-005 -0.0340745 -0.0340745
5.41 -34.7093 4.54003e-005 7.85454e-005 -0.035472 -0.035472
5.42 -34.8575 3.95005e-005 -6.17951e-005 -0.0350476 -0.0350476
5.43 -34.9519 -4.05329e-006 0.000108541 -0.0352443 -0.0352443
5.44 -34.969 0.000159399 0.000148767 -0.0375428 -0.0375428
5.45 -34.8959 5.55873e-005 0.000102564 -0.0414494 -0.0414494
5.46 -34.7362 -2.30897e-005 -8.23832e-005 -0.0446974 -0.0446974
5.47 -34.5033 1.5701e-005 2.65964e-005 -0.0448701 -0.0448701
5.48 -34.2146 -5.15359e-006 -1.24271e-005 -0.0406498 -0.0406498
5.49 -33.8895 2.22264e-006 5.02496e-006 -0.0337651 -0.0337651
5.5 -33.5441 -1.09365e-006 -1.17434e-006 -0.0287545 -0.0287545
5.51 -33.1857 4.33796e-007 1.85375e-006 -0.0284857 -0.0284857
5.52 -32.8153 5.44232e-007 -3.08014e-007 -0.0317225 -0.0317225
5.53 -32.4324 6.83857e-007 -2.98142e-006 -0.0361465 -0.0361465
5.54 -32.0317 1.29122e-006 -4.10541e-006 -0.0407842 -0.0407842
5.55 -31.6023 -7.76438e-007 -4.78907e-006 -0.0468388 -0.0468388
5.56 -31.1321 -5.1508e-006 -1.09894e-005 -0.0523239 -0.0523239
5.57 -30.6113 -8.7575e-007 -1.3472e-005 -0.0513341 -0.0513341
5.58 -30.0387 5.1469e-005 -5.63005e-005 -0.045734 -0.045734
5.59 -29.4235 -0.00152437 -0.00216659 -0.0469037 -0.0469037
5.6 -28.7847 -0.00278917 -0.002904 -0.0633032 -0.0633032
5.61 -28.1382 -0.000380128 1.39731e-005 -0.0919276 -0.0919276
5.62 -27.5046 -0.000932857 -0.000399496 -0.130795 -0.130795
5.63 -26.9088 -3.13313e-005 -0.000654843 -0.180898 -0.180898
5.64 -26.3794 -0.00104956 -0.000420245 -0.235447 -0.235447
5.65 -25.9367 -0.00309266 -0.00139752 -0.282903 -0.282903
5.66 -25.5895 -0.00197661 -0.000917161 -0.309177 -0.309177
5.67 -25.3344 0.000771165 -0.000268789 -0.309897 -0.309897
5.68 -25.1643 -0.000425999 -0.00023409 -0.297082 -0.297082
5.69 -25.0745 5.09337e-005 1.14693e-005 -0.283445 -0.283445
5.7 -25.0612 4.08148e-005 1.83459e-006 -0.27384 -0.27384
5.71 -25.1196 -0.000236981 -0.000123164 -0.27043 -0.27043
5.72 -25.2462 -0.000657662 -0.000883225 -0.276806 -0.276806
5.73 -25.4456 -5.47928e-005 -0.00036972 -0.293346 -0.293346
5.74 -25.7319 7.25168e-005 -1.58288e-005 -0.311968 -0.311968
5.75 -26.1268 1.02162e-005 -3.76576e-005 -0.322291 -0.322291
5.76 -26.649 6.15484e-006 1.58996e-005 -0.32119 -0.32119
5.77 -27.3064 6.64155e-005 4.63336e-006 -0.312517 -0.312517
5.78 -28.0924 0.000119713 -4.3532e-006 -0.301423 -0.301423
5.79 -28.9829 0.000334066 -2.39486e-005 -0.292052 -0.292052
5.8 -29.9337 0.000354085 0.000345618 -0.288545 -0.288545
5.81 -30.888 0.000948524 9.36669e-005 -0.293923 -0.293923
5.82 -31.7957 0.000764859 0.000592458 -0.305697 -0.305697
5.83 -32.6282 0.000797002 0.000957073 -0.31692 -0.31692
5.84 -33.3743 0.000400878 -0.000316673 -0.319445 -0.319445
5.85 -34.0359 0.00156302 0.000416713 -0.306021 -0.306021
5.86 -34.6251 0.0018798 0.000540542 -0.278554 -0.278554
5.87 -35.1659 0.00168245 -0.000577071 -0.249264 -0.249264
5.88 -35.6848 0.00172858 0.000216195 -0.233097 -0.233097
5.89 -36.2019 0.00141154 0.00138714 -0.240378 -0.240378
5.9 -36.7237 0.00056385 0.000598107 -0.272856 -0.272856
5.91 -37.2429 0.000313374 9.62278e-005 -0.325502 -0.325502
5.92 -37.737 0.000216594 0.000291978 -0.386228 -0.386228
5.93 -38.1781 0.00017381 -0.000156519 -0.438314 -0.438314
5.94 -38.5406 3.1395e-005 0.000254825 -0.469915 -0.469915
5.95 -38.8029 6.73825e-005 0.00035154 -0.481036 -0.481036
5.96 -38.9465 2.71525e-005 0.000211694 -0.477442 -0.477442
5.97 -38.9603 0.000360868 0.000368295 -0.461317 -0.461317
5.98 -38.845 0.000470813 0.000371772 -0.434841 -0.434841
5.99 -38.6071 0.000736016 0.000470255 -0.407487 -0.407487
6 -38.2482 0.000282395 0.00126488 -0.393294 -0.393294
6.01 -37.7568 0.000363723 0.000181797 -0.397993 -0.397993
6.02 -37.1166 -0.000424956 0.000743919 -0.41295 -0.41295
6.03 -36.3157 -0.00127459 0.00174454 -0.424099 -0.424099
6.04 -35.3491 -0.00285958 0.00262397 -0.41921 -0.41921
6.05 -34.2199 0.0138182 -0.0127095 -0.394309 -0.394309
6.06 -32.949 0.00648514 -0.00690919 -0.34733 -0.34733
6.07 -31.5662 -0.00752853 0.00430811 -0.272983 -0.272983
6.08 -30.1164 -0.00354511 -0.00230869 -0.184054 -0.184054
6.09 -28.6574 -0.00665939 -0.00285423 -0.102878 -0.102878
6.1 -27.2393 0.000150067 -0.00124796 -0.0322344 -0.0322344
6.11 -25.909 -0.00682054 -0.00514655 0.0332885 0.0332885
6.12 -24.7129 -0.00984304 -0.00772157 0.0752863 0.0752863
6.13 -23.6813 0.000551283 0.000290022 0.0615035 0.0615035
6.14 -22.8338 -0.00365864 -0.00194153 -0.0146747 -0.0146747
6.15 -22.1939 -0.00152304 -0.00108469 -0.128801 -0.128801
6.16 -21.7809 -0.000848271 0.000786467 -0.241699 -0.241699
6.17 -21.6129 -0.00203725 -0.00134686 -0.315274 -0.315274
6.18 -21.7046 -0.00172116 -0.00188676 -0.328404 -0.328404
6.19 -22.0638 -0.000621155 -0.000438057 -0.284828 -0.284828
6.2 -22.6872 0.000331309 -0.000793922 -0.207158 -0.207158
6.21 -23.5607 0.000679315 -0.000948453 -0.122977 -0.122977
6.22 -24.6651 0.0049156 -0.00714261 -0.0570071 -0.0570071
6.23 -25.9731 -0.0103326 0.00847844 -0.0277537 -0.0277537
6.24 -27.4519 -0.00476404 0.00702241 -0.0471728 -0.0471728
6.25 -29.0427 0.0176082 -0.00886236 -0.10989 -0.10989
6.26 -30.6837 0.0140959 -0.00460047 -0.193486 -0.193486
6.27 -32.3005 0.00469466 -0.000692647 -0.27445 -0.27445
6.28 -33.8149 0.00147076 -0.00552648 -0.309444 -0.309444
6.29 -35.1742 0.00891588 0.00841065 -0.248426 -0.248426
6.3 -36.3628 0.0092133 0.00814416 -0.0922793 -0.0922793
6.31 -37.3872 0.000218764 -0.00325193 0.104042 0.104042
6.32 -38.2487 0.00345837 0.00264469 0.274089 0.274089
6.33 -38.9395 0.00114661 -0.000190008 0.366118 0.366118
6.34 -39.4373 0.00151199 0.00112046 0.344695 0.344695
6.35 -39.7137 0.00266532 -0.00188085 0.212231 0.212231
6.36 -39.7419 0.00848685 0.00127799 0.0310289 0.0310289
6.37 -39.5208 0.00206537 0.00189034 -0.114102 -0.114102
6.38 -39.0634 -0.000843086 -0.000770192 -0.172662 -0.172662
6.39 -38.3958 0.000356118 0.000319401 -0.138901 -0.138901
6.4 -37.5401 -0.000138416 -0.000130203 -0.0328907 -0.0328907
6.41 -36.5224 5.91904e-005 4.68364e-005 0.105948 0.105948
6.42 -35.3983 -2.72273e-005 -4.36299e-005 0.220961 0.220961
6.43 -34.2411 1.36106e-005 -5.59901e-006 0.262514 0.262514
6.44 -33.1239 2.1636e-006 -5.11437e-007 0.217885 0.217885
6.45 -32.11 1.07543e-006 -1.49386e-006 0.115075 0.115075
6.46 -31.2479 9.57109e-006 -1.27724e-005 0.00163983 0.00163983
6.47 -30.5603 6.88335e-005 1.82665e-005 -0.0768941 -0.0768941
6.48 -30.0371 2.8578e-005 -0.000175304 -0.0909452 -0.0909452
6.49 -29.6437 -0.000796614 -4.43966e-005 -0.0389538 -0.0389538
6.5 -29.3369 -0.000667655 0.000414582 0.0552872 0.0552872
6.51 -29.0747 -0.037136 0.0158891 0.146765 0.146765
6.52 -28.7965 0.0327092 -0.0354214 0.171107 0.171107
6.53 -28.4587 0.0499479 -0.0101997 0.113618 0.113618
6.54 -28.019 -0.0375945 0.0046108 0.0367889 0.0367889
6.55 -27.4348 0.0073529 -0.0093758 -0.0228128 -0.0228128
6.56 -26.7247 -0.00215126 0.00394374 -0.0696722 -0.0696722
6.57 -25.9269 0.00322304 -0.0031304 -0.0789484 -0.0789484
6.58 -25.113 -0.00269461 0.00394591 -0.0186857 -0.0186857
6.59 -24.3686 -0.00140777 0.0011675 0.0922423 0.0922423
6.6 -23.77 0.000565845 -0.000669237 0.194374 0.194374
6.61 -23.3747 -0.00162499 0.00163194 0.243329 0.243329
6.62 -23.2147 -0.000817309 0.000638927 0.236529 0.236529
6.63 -23.2835 0.000334359 -0.00025939 0.191416 0.191416
6.64 -23.5431 7.64623e-005 0.000568351 0.123253 0.123253
6.65 -23.9347 0.000137899 0.000105185 0.0532207 0.0532207
6.66 -24.3894 0.000105715 -5.5869e-006 0.0122148 0.0122148
6.67 -24.8444 -0.000174572 -2.23943e-005 0.0202248 0.0202248
6.68 -25.2623 2.3176e-006 -1.7132e-006 0.0692624 0.0692624
6.69 -25.6443 5.30697e-005 -0.00051739 0.132858 0.132858
6.7 -26.0317 0.000381214 -0.000755744 0.186412 0.186412
6.71 -26.494 0.00437709 -0.00471753 0.217348 0.217348
6.72 -27.1053 -0.00408229 0.00620508 0.225395 0.225395
6.73 -27.9263 -0.00932293 0.0100167 0.212527 0.212527
6.74 -28.9953 0.000928729 0.00306165 0.178616 0.178616
6.75 -30.3061 0.00216714 0.00160893 0.137456 0.137456
6.76 -31.8111 -0.000621071 0.000389879 0.0929532 0.0929532
6.77 -33.4364 -0.000167082 -1.73939e-005 0.0330078 0.0330078
6.78 -35.0897 -0.00416399 -0.00616419 -0.00991522 -0.00991522
6.79 -36.6747 -0.000415918 -0.00912847 0.00311901 0.00311901
6.8 -38.0969 0.0206351 -0.0161842 0.0626467 0.0626467
6.81 -39.2881 0.0245961 -0.0146836 0.173178 0.173178
6.82 -40.1964 0.0597184 -0.0432154 0.369128 0.369128
6.83 -40.8055 0.0438852 -0.0225151 0.648741 0.648741
6.84 -41.1313 0.0385301 -0.0203934 0.966254 0.966254
6.85 -41.185 0.0290526 -0.0221648 1.28457 1.28457
6.86 -40.9972 -0.00286517 0.00180838 1.55909 1.55909
6.87 -40.6086 0.027805 -0.0113003 1.71767 1.71767
6.88 -40.0503 0.0182096 -0.0122923 1.74145 1.74145
6.89 -39.3405 -0.00688587 0.00401638 1.66443 1.66443
6.9 -38.4918 0.00287558 -0.00194766 1.48648 1.48648
6.91 -37.5156 -0.00113689 0.000565067 1.21963 1.21963
6.92 -36.429 0.000483418 -0.000217198 0.966795 0.966795
6.93 -35.2406 -0.000285767 -0.000142752 0.837335 0.837335
6.94 -33.9419 -9.41071e-005 -0.000522996 0.834605 0.834605
6.95 -32.5171 6.23898e-006 0.00014577 0.881002 0.881002
6.96 -30.963 -0.00159558 -0.0024147 0.903113 0.903113
6.97 -29.2961 -0.0114381 -0.0103473 0.866447 0.866447
6.98 -27.5421 8.05321e-005 0.00958632 0.782832 0.782832
6.99 -25.7407 -0.0320564 0.00643117 0.692187 0.692187
7 -23.941 0.0122087 -0.00178661 0.568352 0.568352
7.01 -22.2094 0.0566512 -0.0323399 0.372804 0.372804
7.02 -20.6591 -0.000508056 -0.0336782 0.202027 0.202027
7.03 -19.3876 0.00165644 -0.00934788 0.155872 0.155872
7.04 -18.4628 -0.0042831 -0.00242414 0.169932 0.169932
7.05 -17.8867 0.00201488 -0.00967003 0.12749 0.12749
7.06 -17.6457 -0.00515089 0.00456125 0.044246 0.044246
7.07 -17.7032 -0.00400784 0.00175024 0.0349107 0.0349107
7.08 -18.0129 -0.00408534 0.00606631 0.162502 0.162502
7.09 -18.519 -0.00324944 -0.00238437 0.399128 0.399128
7.1 -19.1659 -0.00461085 0.00115548 0.693131 0.693131
7.11 -19.9142 -0.00237816 0.000892141 1.05157 1.05157
7.12 -20.7455 -0.00845131 0.00732457 1.47868 1.47868
7.13 -21.6577 -0.0029231 0.00172302 1.8645 1.8645
7.14 -22.6625 -0.00639936 0.00654911 2.0741 2.0741
7.15 -23.7648 -0.00261878 0.00324031 2.07962 2.07962
7.16 -24.9605 0.000556733 -0.000369163 1.93887 1.93887
7.17 -26.2341 -0.000351197 -1.57002e-005 1.72687 1.72687
7.18 -27.5578 0.00167209 0.00226763 1.50088 1.50088
7.19 -28.9013 -0.000448709 0.000782047 1.30757 1.30757
7.2 -30.2396 0.00553333 0.00627318 1.19564 1.19564
7.21 -31.557 0.00554072 0.00362119 1.18886 1.18886
7.22 -32.8625 0.00518969 0.00300526 1.25341 1.25341
7.23 -34.1926 0.00964852 0.00564275 1.30875 1.30875
7.24 -35.5938 0.010299 0.00223468 1.29705 1.29705
7.25 -37.0996 0.0194595 -0.00528281 1.20102 1.20102
7.26 -38.7202 0.0384398 -0.0261632 1.02714 1.02714
7.27 -40.4371 0.0319321 -0.0278719 0.828498 0.828498
7.28 -42.1943 0.00207586 0.00466377 0.650518 0.650518
7.29 -43.9187 0.00554132 0.00594472 0.50345 0.50345
7.3 -45.4945 0.0320143 0.0189871 0.411733 0.411733
7.31 -46.8157 0.0622116 0.0234089 0.373941 0.373941
7.32 -47.7808 0.0583804 0.00715431 0.298153 0.298153
7.33 -48.3662 0.123736 -0.00462806 0.0798933 0.0798933
7.34 -48.582 0.409359 -0.161699 -0.141641 -0.141641
7.35 -48.3322 0.301704 -0.215256 0.0918895 0.0918895
7.36 -47.6697 0.0928821 -0.0352035 1.04235 1.04235
7.37 -46.6603 0.107876 0.00461043 2.39991 2.39991
7.38 -45.3234 0.0475597 -0.0166405 3.7544 3.7544
7.39 -43.7283 0.0587958 -0.020999 4.92358 4.92358
7.4 -41.9071 0.0350553 -0.0248382 5.64671 5.64671
7.41 -39.8997 0.00514645 -0.0152904 5.57087 5.57087
7.42 -37.7549 -8.62352e-005 -0.00446902 4.6973 4.6973
7.43 -35.5184 0.000559116 0.00181115 3.5001 3.5001
7.44 -33.221 -0.00601935 -0.0114968 2.52763 2.52763
7.45 -30.8626 -0.00638689 -0.00445116 2.05825 2.05825
7.46 -28.446 0.00807686 0.00925711 2.09784 2.09784
7.47 -25.9639 -0.0210552 -0.018352 2.4989 2.4989
7.48 -23.4625 -0.00824128 -0.0102341 2.98057 2.98057
7.49 -20.9966 0.0733061 0.0163939 3.15568 3.15568
7.5 -18.6355 0.0519461 -0.00996512 2.73954 2.73954
7.51 -16.4641 -0.0163913 -0.0438888 1.68749 1.68749
7.52 -14.5359 0.0338964 -0.0770578 0.0814762 0.0814762
7.53 -12.9717 0.0144935 -0.147669 -1.84114 -1.84114
7.54 -11.843 -0.0867936 -0.0688858 -3.6629 -3.6629
7.55 -11.16 0.0149723 -0.0112915 -5.05272 -5.05272
7.56 -10.9442 -0.0572606 -0.0181382 -5.81514 -5.81514
7.57 -11.0773 -0.0321858 0.0135615 -5.84199 -5.84199
7.58 -11.4615 -0.00953625 -0.0252838 -5.2551 -5.2551
7.59 -12.0394 -0.0343165 -0.022828 -4.39716 -4.39716
7.6 -12.7746 -0.0856484 -0.0636674 -3.64052 -3.64052
7.61 -13.6531 -0.0340486 -0.00409469 -3.21642 -3.21642
7.62 -14.6851 -0.00277363 0.0139394 -3.1494 -3.1494
7.63 -15.8791 0.00288151 -0.0107938 -3.29295 -3.29295
7.64 -17.286 0.00063558 -0.000538662 -3.41993 -3.41993
7.65 -18.9591 -0.000329019 0.000494204 -3.31715 -3.31715
7.66 -20.9441 -0.000517549 0.00474566 -2.86011 -2.86011
7.67 -23.2559 6.98899e-005 -0.00152136 -2.05701 -2.05701
7.68 -25.8627 0.000179388 0.00565425 -1.05303 -1.05303
7.69 -28.6809 -0.00915244 -0.00455315 -0.0893938 -0.0893938
7.7 -31.5912 -0.0741907 -0.0843721 0.614557 0.614557
7.71 -34.4849 -0.029227 -0.0358688 0.938271 0.938271
7.72 -37.3247 0.0358946 0.0126637 0.825302 0.825302
7.73 -40.0152 0.0331002 -0.0017186 0.293606 0.293606
7.74 -42.5222 0.0267413 -0.00264899 -0.476073 -0.476073
7.75 -44.8217 0.030772 0.0127302 -1.23567 -1.23567
7.76 -46.9266 0.130317 0.118943 -2.08386 -2.08386
7.77 -48.8519 0.255101 0.263252 -3.5082 -3.5082
7.78 -50.5805 0.260312 0.199836 -5.69649 -5.69649
7.79 -52.0817 0.174457 0.131776 -8.2054 -8.2054
7.8 -53.3155 0.0797615 0.0363014 -10.4138 -10.4138
7.81 -54.2457 0.0768627 0.0277696 -11.9287 -11.9287
7.82 -54.7946 0.00925733 0.00984719 -12.5293 -12.5293
7.83 -54.9502 0.0895911 0.0882941 -12.0149 -12.0149
7.84 -54.6873 0.00844047 0.0049465 -10.4535 -10.4535
7.85 -54.0604 0.00588661 -0.0149594 -8.37015 -8.37015
7.86 -53.1176 0.00500632 -0.00378406 -6.46018 -6.46018
7.87 -51.9369 0.00141562 0.0036173 -5.25651 -5.25651
7.88 -50.5935 0.0109445 -0.001102 -4.91487 -4.91487
7.89 -49.1398 0.00547241 0.000796606 -5.18026 -5.18026
7.9 -47.5924 0.00608717 0.00136347 -5.57941 -5.57941
7.91 -45.9247 -0.000750806 -0.00619084 -5.6229 -5.6229
7.92 -44.0829 -0.00102873 0.0192276 -4.95924 -4.95924
7.93 -42.0139 -0.000226856 -0.00720508 -3.51717 -3.51717
7.94 -39.6788 0.00280124 -0.0137783 -1.55417 -1.55417
7.95 -37.0587 -0.00191897 -0.0126939 0.460468 0.460468
7.96 -34.1727 0.00280729 -0.0110367 2.0245 2.0245
7.97 -31.0816 0.0368924 0.0569055 2.79186 2.79186
7.98 -27.8175 0.120569 0.105075 2.63909 2.63909
7.99 -24.5198 0.0718498 0.0451809 1.55841 1.55841
8 -21.323 0.0818162 0.027884 -0.216937 -0.216937
8.01 -18.3037 0.0998945 0.0166283 -2.1568 -2.1568
8.02 -15.5471 0.000371644 -0.0908686 -3.86173 -3.86173
8.03 -13.057 -0.156611 -0.204659 -5.3988 -5.3988
8.04 -10.8725 -0.418182 -0.531044 -7.09366 -7.09366
8.05 -8.96907 -0.429713 -0.412745 -9.00341 -9.00341
8.06 -7.36963 -0.28182 -0.168808 -10.9018 -10.9018
8.07 -6.08295 -0.138858 -0.111291 -12.6747 -12.6747
8.08 -5.1419 -0.171827 -0.0326247 -14.196 -14.196
8.09 -4.51182 -0.0116416 -0.056844 -15.0657 -15.0657
8.1 -4.23336 -0.0851405 -0.0370987 -14.8087 -14.8087
8.11 -4.27858 -0.101279 -0.0814501 -13.4026 -13.4026
8.12 -4.67795 -0.12939 -0.0959952 -11.4376 -11.4376
8.13 -5.44065 -0.0860544 0.00524147 -9.59157 -9.59157
8.14 -6.57551 -0.0349315 -0.00335379 -8.27265 -8.27265
8.15 -8.09848 -0.0195786 0.0072378 -7.68757 -7.68757
8.16 -10.0017 -0.00886137 0.0115442 -7.82116 -7.82116
8.17 -12.2587 -0.00173592 -0.00139559 -8.33328 -8.33328
8.18 -14.8493 0.000592731 0.000711258 -8.65353 -8.65353
8.19 -17.7271 -0.00154585 0.00839025 -8.30798 -8.30798
8.2 -20.8381 0.000523172 -0.00407564 -7.18677 -7.18677
8.21 -24.1184 0.000172079 0.00451606 -5.51027 -5.51027
8.22 -27.5009 -0.0142724 -0.0427732 -3.69494 -3.69494
8.23 -30.9502 -0.143569 -0.174145 -2.26622 -2.26622
8.24 -34.2253 -0.237026 -0.143171 -1.6519 -1.6519
8.25 -37.3528 0.0317659 0.0558358 -2.12705 -2.12705
8.26 -40.3615 -0.00958108 -0.025701 -3.77087 -3.77087
8.27 -43.1224 0.0256207 0.000856803 -6.16599 -6.16599
8.28 -45.6328 0.0171217 -0.000597697 -8.58419 -8.58419
8.29 -47.8677 0.00543367 0.00563863 -10.485 -10.485
8.3 -49.8476 0.00625971 0.00601099 -11.6173 -11.6173
8.31 -51.5632 0.0367406 0.0751233 -11.9165 -11.9165
8.32 -53.019 0.232099 0.348079 -11.6622 -11.6622
8.33 -54.1455 0.247917 0.252362 -11.4304 -11.4304
8.34 -54.9814 0.0914037 0.0749606 -11.5864 -11.5864
8.35 -55.5335 0.0182843 0.0239363 -12.1874 -12.1874
8.36 -55.7715 -0.000343742 -0.000963642 -13.1377 -13.1377
8.37 -55.6788 0.194107 0.237649 -14.1508 -14.1508
8.38 -55.1597 0.0799115 0.09531 -14.7809 -14.7809
8.39 -54.2391 -0.0329404 -0.0393859 -14.6551 -14.6551
8.4 -52.9438 0.0134748 0.0163205 -13.7113 -13.7113
8.41 -51.2706 -0.00531845 -0.00688932 -12.2189 -12.2189
8.42 -49.2657 0.00572935 0.000899687 -10.5849 -10.5849
8.43 -46.9724 0.0108521 -0.00964587 -9.13591 -9.13591
8.44 -44.462 0.00739795 -0.0044957 -8.05752 -8.05752
8.45 -41.7881 -0.00444859 0.00273543 -7.40377 -7.40377
8.46 -39.0003 0.0117722 -0.00282289 -7.03128 -7.03128
8.47 -36.1533 -0.00190611 0.000894328 -6.6195 -6.6195
8.48 -33.2851 -9.65933e-006 0.00398562 -5.89998 -5.89998
8.49 -30.4281 -0.0806589 -0.038219 -4.92806 -4.92806
8.5 -27.6727 -0.138477 -0.108298 -4.01122 -4.01122
8.51 -24.7073 0.0489583 0.00929065 -3.4645 -3.4645
8.52 -21.7735 -0.0303011 0.0270052 -3.65334 -3.65334
8.53 -18.9366 0.00914806 0.0720056 -4.80681 -4.80681
8.54 -16.1625 -0.00156325 -0.0242217 -6.69913 -6.69913
8.55 -13.5233 -0.000411121 0.014228 -8.83651 -8.83651
8.56 -11.0854 -8.99938e-005 -0.00509706 -10.7786 -10.7786
8.57 -8.91415 0.00563116 -0.00739899 -12.1192 -12.1192
8.58 -7.06708 -0.00100271 0.000710025 -12.5146 -12.5146
8.59 -5.60346 -0.000269904 0.000867632 -12.0727 -12.0727
8.6 -4.55147 -0.00023941 0.000213691 -11.3564 -11.3564
8.61 -3.9329 -0.119194 -0.190591 -10.9036 -10.9036
8.62 -3.68558 -0.18777 -0.246243 -11.0634 -11.0634
8.63 -3.71959 0.0515947 0.0513465 -11.9339 -11.9339
8.64 -4.03642 -0.0140175 -0.0319574 -13.1692 -13.1692
8.65 -4.56119 -0.103611 -0.0961461 -14.2249 -14.2249
8.66 -5.22226 -0.0610234 -0.0862263 -14.7484 -14.7484
8.67 -6.00824 0.0261799 0.0293145 -14.5772 -14.5772
8.68 -6.95282 -0.0107177 -0.0121757 -13.6715 -13.6715
8.69 -8.063 0.00622632 0.00291222 -12.2244 -12.2244
8.7 -9.39446 -0.00109129 -0.00291358 -10.6698 -10.6698
8.71 -10.9834 0.00558063 -0.00519357 -9.4355 -9.4355
8.72 -12.8613 0.000813776 -0.00175323 -8.70442 -8.70442
8.73 -15.0484 -0.000182049 0.000485783 -8.38803 -8.38803
8.74 -17.5465 4.02242e-005 -0.000195909 -8.25302 -8.25302
8.75 -20.3245 0.000262557 -0.000661925 -8.04489 -8.04489
8.76 -23.3175 0.000230929 -0.00139205 -7.53835 -7.53835
8.77 -26.4294 -0.00200143 -0.000155468 -6.59395 -6.59395
8.78 -29.5884 0.0326244 0.0168147 -5.33321 -5.33321
8.79 -32.8828 -0.358871 -0.249374 -4.17873 -4.17873
8.8 -35.7643 -0.0162076 -0.0678605 -3.52775 -3.52775
8.81 -38.7417 0.060191 -0.0158657 -3.71834 -3.71834
8.82 -41.6318 0.0147155 -0.0252668 -5.01092 -5.01092
8.83 -44.4601 0.000476405 0.00139985 -7.12697 -7.12697
8.84 -47.2137 0.00207519 -0.00586174 -9.3919 -9.3919
8.85 -49.8351 0.00103076 -0.000933991 -11.2606 -11.2606
8.86 -52.2464 0.0633004 0.0230914 -12.3758 -12.3758
8.87 -54.3441 0.312144 0.099658 -12.4545 -12.4545
8.88 -55.9586 0.0537588 0.0400851 -11.4515 -11.4515
8.89 -57.0395 0.0483631 -0.00431568 -9.83657 -9.83657
8.9 -57.5552 0.0410084 0.00912116 -8.44572 -8.44572
8.91 -57.5158 0.00356168 -0.000529825 -7.90246 -7.90246
8.92 -56.9577 0.0151884 0.00737955 -8.18137 -8.18137
8.93 -55.9607 0.0312055 0.014074 -8.80008 -8.80008
8.94 -54.6515 0.0432124 0.0118738 -9.35592 -9.35592
8.95 -53.1809 0.0325912 0.00102743 -9.65983 -9.65983
8.96 -51.6715 0.0183736 -0.00836154 -9.51667 -9.51667
8.97 -50.2147 0.00229233 -0.0016605 -8.75821 -8.75821
8.98 -48.8406 -0.000421466 0.000731774 -7.50498 -7.50498
8.99 -47.5193 0.000179764 0.000113692 -6.17477 -6.17477
9 -46.1755 0.000276077 -0.00212876 -5.15495 -5.15495
9.01 -44.7111 0.000148066 -0.00057183 -4.56436 -4.56436
9.02 -43.0361 0.0006559 -0.00503557 -4.31959 -4.31959
9.03 -41.089 0.000133073 0.00401613 -4.27663 -4.27663
9.04 -38.8574 0.00048539 0.000758412 -4.25726 -4.25726
9.05 -36.3698 0.00099274 -0.0120061 -4.06607 -4.06607
9.06 -33.7121 -0.00599203 -0.0138192 -3.69433 -3.69433
9.07 -30.9948 -0.0926148 -0.122211 -3.42092 -3.42092
9.08 -28.3174 -0.0497378 -0.0262101 -3.51391 -3.51391
9.09 -25.707 -0.00667223 0.00143186 -4.06111 -4.06111
9.1 -23.3067 -0.0320091 -0.00830481 -5.10283 -5.10283
9.11 -21.1789 0.000800822 -0.0144119 -6.58871 -6.58871
9.12 -19.2874 0.031577 -0.035173 -8.25961 -8.25961
9.13 -17.5799 0.0364885 -0.0377607 -9.70219 -9.70219
9.14 -16.0291 -0.0229972 0.0112037 -10.5538 -10.5538
9.15 -14.588 -0.00210476 0.00603096 -10.7504 -10.7504
9.16 -13.2351 0.0107659 -0.0179285 -10.476 -10.476
9.17 -11.9686 -0.00372538 0.00631995 -9.97627 -9.97627
9.18 -10.7991 0.00158656 -0.00270295 -9.5056 -9.5056
9.19 -9.74733 -0.000642782 0.00112749 -9.23115 -9.23115
9.2 -8.85367 -0.0235777 0.0164328 -9.22714 -9.22714
9.21 -8.17274 -0.0640745 0.0120048 -9.52185 -9.52185
9.22 -7.763 -0.0784655 0.0260319 -9.98374 -9.98374
9.23 -7.64511 -0.0248338 -0.0109889 -10.2898 -10.2898
9.24 -7.82274 -0.0319748 0.0210282 -10.1725 -10.1725
9.25 -8.28922 -0.04492 0.000254474 -9.64154 -9.64154
9.26 -9.02584 -0.0792777 0.0238492 -8.9022 -8.9022
9.27 -9.99436 -0.0169001 0.0152818 -8.16882 -8.16882
9.28 -11.2023 0.00633268 -0.00568577 -7.58405 -7.58405
9.29 -12.656 -0.00269327 0.00253305 -7.22688 -7.22688
9.3 -14.3707 0.00107433 -0.000944786 -7.10396 -7.10396
9.31 -16.3627 -0.000443562 0.000385281 -7.10482 -7.10482
9.32 -18.642 0.000105648 -6.69492e-005 -7.03356 -7.03356
9.33 -21.2099 -0.000106539 -0.000184088 -6.71828 -6.71828
9.34 -24.045 -0.00125952 1.14954e-005 -6.10033 -6.10033
9.35 -27.076 -0.00144494 -0.00258628 -5.24514 -5.24514
9.36 -30.3588 0.0351702 -0.133764 -4.34193 -4.34193
9.37 -33.5521 -0.104615 -0.149549 -3.59928 -3.59928
9.38 -36.5775 0.0298901 0.0983986 -3.21585 -3.21585
9.39 -39.6744 -0.0162997 -0.0411196 -3.46368 -3.46368
9.4 -42.4867 0.0156505 0.0242323 -4.3326 -4.3326
9.41 -45.0622 0.00688124 0.00514886 -5.4009 -5.4009
9.42 -47.3201 -0.00314242 -0.00315484 -6.32743 -6.32743
9.43 -49.2997 0.00111258 0.00103975 -6.97914 -6.97914
9.44 -51.0407 0.449704 -0.159724 -7.16249 -7.16249
9.45 -52.5138 1.14786 -0.514856 -6.6581 -6.6581
9.46 -53.5934 0.586052 -0.169299 -5.45171 -5.45171
9.47 -54.3909 0.0869889 0.0738019 -3.96 -3.96
9.48 -55.0462 0.155888 -0.0680088 -2.80748 -2.80748
9.49 -55.4379 0.0517076 0.0164906 -2.07774 -2.07774
9.5 -55.6131 0.0167181 -0.0309162 -1.48282 -1.48282
9.51 -55.5472 0.0237007 0.0122536 -1.01951 -1.01951
9.52 -55.2092 0.135563 0.0461497 -0.816673 -0.816673
9.53 -54.519 0.172093 -0.0622319 -0.780695 -0.780695
9.54 -53.4681 0.050284 -0.0629306 -0.709975 -0.709975
9.55 -52.1233 -0.00871333 0.0133135 -0.574981 -0.574981
9.56 -50.5226 0.00520245 -0.00123985 -0.412736 -0.412736
9.57 -48.7195 -0.00117015 0.0065975 -0.160489 -0.160489
9.58 -46.7738 0.000498347 -0.00268695 0.224009 0.224009
9.59 -44.7463 -0.000179416 0.00113561 0.650212 0.650212
9.6 -42.6992 0.000126169 0.000190388 0.977339 0.977339
9.61 -40.6674 -0.00064315 -0.00608082 1.15626 1.15626
9.62 -38.6552 -0.00071783 -0.00641487 1.24953 1.24953
9.63 -36.6282 0.000780265 -0.00317126 1.32014 1.32014
9.64 -34.538 -0.00123387 -0.00205219 1.30094 1.30094
9.65 -32.3881 -0.0611101 -0.0998132 0.989313 0.989313
9.66 -30.1661 -0.0516013 -0.0501173 0.314139 0.314139
9.67 -27.8184 0.0659109 0.0728852 -0.540606 -0.540606
9.68 -25.3376 0.0667135 0.0282831 -1.57067 -1.57067
9.69 -22.8392 0.102349 0.0134214 -3.06609 -3.06609
9.7 -20.3881 0.115848 -0.0304951 -5.04039 -5.04039
9.71 -18.0183 0.173998 -0.116583 -7.07775 -7.07775
9.72 -15.8225 0.129829 -0.152655 -8.7466 -8.7466
9.73 -13.9102 0.0141154 -0.0116854 -9.80425 -9.80425
9.74 -12.2872 0.00296259 -0.0215397 -10.2389 -10.2389
9.75 -10.9657 0.015774 -0.0267541 -10.084 -10.084
9.76 -9.94506 -0.00589744 0.0101066 -9.29996 -9.29996
9.77 -9.18125 -0.000748008 0.00384506 -8.22234 -8.22234
9.78 -8.62649 0.00107159 -0.0037272 -7.54622 -7.54622
9.79 -8.22837 0.000765604 -0.0045428 -7.63482 -7.63482
9.8 -7.98747 -0.156279 0.00760233 -8.28197 -8.28197
9.81 -7.86127 -0.0612268 0.0220667 -9.08727 -9.08727
9.82 -7.91998 -0.0288016 -0.00360665 -9.75935 -9.75935
9.83 -8.23194 -0.103733 0.0305079 -10.0707 -10.0707
9.84 -8.85333 0.000737291 0.0134182 -9.79708 -9.79708
9.85 -9.88105 -0.00033589 -0.00544561 -8.89516 -8.89516
9.86 -11.365 0.000140088 0.00221965 -7.6341 -7.6341
9.87 -13.3486 -5.81435e-005 -0.000924284 -6.40718 -6.40718
9.88 -15.8368 2.35641e-005 0.000333309 -5.46522 -5.46522
9.89 -18.7927 -3.31058e-005 -0.000301165 -4.86488 -4.86488
9.9 -22.1343 -0.000246797 0.000353815 -4.56497 -4.56497
9.91 -25.7445 -0.0025444 -0.00232241 -4.44235 -4.44235
9.92 -29.5012 -0.00580262 -0.0520717 -4.33668 -4.33668
9.93 -33.4935 -0.12971 -0.157639 -4.26195 -4.26195
9.94 -37.1278 0.684809 -0.261207 -4.2949 -4.2949
9.95 -40.7627 0.108344 -0.183767 -4.21874 -4.21874
9.96 -44.3844 -0.00663125 0.0330584 -4.02095 -4.02095
9.97 -47.9327 0.00243702 -0.0154963 -4.25857 -4.25857
9.98 -51.348 -0.00119716 0.00605183 -5.17704 -5.17704
9.99 -54.6135 0.00236094 0.00259021 -6.32338 -6.32338
10 -57.728 0.77471 0.696201 -7.26764 -7.26764
