0.1 -2.93779 -18.4909 6.01085 2.93075e-011 2.93075e-011
0.2 -5.87572 -36.9815 12.0213 -6.73851e-011 -6.73851e-011
0.3 -8.81378 -55.4716 18.0315 8.80091e-009 8.80091e-009
0.4 -11.752 -73.9613 24.0412 9.70323e-009 9.70323e-009
0.5 -14.6903 -92.4506 30.0507 4.46866e-009 4.46866e-009
0.6 -17.6287 -110.94 36.0597 1.09971e-010 1.09971e-010
0.7 -20.5673 -129.428 42.0684 2.28736e-009 2.28736e-009
0.8 -23.506 -147.916 48.0768 1.00227e-008 1.00227e-008
0.9 -26.4449 -166.404 54.0847 6.22679e-009 6.22679e-009
1 -29.3839 -184.891 60.0924 7.61645e-009 7.61645e-009
0.01 -18.2031 -115.185 964.285 -7.92855 -7.92855
0.02 -29.3587 -217.855 -303.814 -26.4382 -26.4382
0.03 -25.0746 -173.2 213.397 -16.1954 -16.1954
0.04 -27.2153 -189.742 -8.45696 36.7899 36.7899
0.05 -26.3826 -182.483 82.4346 61.0147 61.0147
0.06 -26.7309 -184.819 44.4144 21.5824 21.5824
0.07 -26.6159 -183.363 60.3373 -22.875 -22.875
0.08 -26.6848 -185.238 55.9031 -28.2455 -28.2455
0.09 -26.6833 -186.927 60.9892 -16.562 -16.562
0.1 -26.7086 -188.36 61.7637 -15.8388 -15.8388
0.11 -26.7189 -189.094 63.2903 -15.2964 -15.2964
0.12 -26.7274 -189.62 63.5374 1.91282 1.91282
0.13 -26.7273 -189.578 63.113 23.8945 23.8945
0.14 -26.7217 -188.613 61.3713 29.1652 29.1652
0.15 -26.7114 -186.99 58.8073 17.2389 17.2389
0.16 -26.6991 -185.418 56.1208 2.83984 2.83984
0.17 -26.6875 -184.345 53.928 -6.63793 -6.63793
0.18 -26.6798 -183.852 52.4914 -13.4819 -13.4819
0.19 -26.6781 -183.952 51.9702 -17.3262 -17.3262
0.2 -26.6835 -184.649 52.4157 -13.4531 -13.4531
0.21 -26.6956 -185.728 53.6083 -1.92614 -1.92614
0.22 -26.7126 -186.745 55.0634 10.0976 10.0976
0.23 -26.7317 -187.3 56.275 16.0086 16.0086
0.24 -26.7494 -187.231 56.9062 14.9928 14.9928
0.25 -26.7625 -186.581 56.8007 9.47501 9.47501
0.26 -26.7687 -185.495 55.9479 1.58765 1.58765
0.27 -26.7669 -184.194 54.4934 -6.43921 -6.43921
0.28 -26.7578 -182.951 52.7283 -11.3487 -11.3487
0.29 -26.7433 -182.016 50.9964 -10.7085 -10.7085
0.3 -26.7268 -181.521 49.584 -5.14065 -5.14065
0.31 -26.7116 -181.445 48.6691 2.253 2.253
0.32 -26.701 -181.657 48.333 8.2538 8.2538
0.33 -26.697 -181.987 48.5645 10.9301 10.9301
0.34 -26.7001 -182.26 49.2491 9.67187 9.67187
0.35 -26.7093 -182.332 50.1819 5.11513 5.11513
0.36 -26.7222 -182.133 51.1217 -0.825485 -0.825485
0.37 -26.7356 -181.685 51.8572 -5.60127 -5.60127
0.38 -26.7461 -181.067 52.2527 -7.30928 -7.30928
0.39 -26.751 -180.389 52.2606 -5.578 -5.578
0.4 -26.7487 -179.776 51.9102 -1.46784 -1.46784
0.41 -26.7396 -179.342 51.2974 3.21933 3.21933
0.42 -26.7252 -179.165 50.5783 6.65931 6.65931
0.43 -26.7085 -179.265 49.9519 7.6094 7.6094
0.44 -26.6927 -179.607 49.624 5.86178 5.86178
0.45 -26.6807 -180.118 49.7482 2.32014 2.32014
0.46 -26.6747 -180.71 50.3745 -1.44273 -1.44273
0.47 -26.6752 -181.279 51.4396 -3.91516 -3.91516
0.48 -26.6814 -181.739 52.7959 -4.25123 -4.25123
0.49 -26.6911 -182.041 54.2489 -2.51242 -2.51242
0.5 -26.7012 -182.169 55.5914 0.450151 0.450151
0.51 -26.7086 -182.133 56.6472 3.37639 3.37639
0.52 -26.7107 -181.993 57.3222 5.11213 5.11213
0.53 -26.7061 -181.842 57.6288 5.06622 5.06622
0.54 -26.6948 -181.744 57.6582 3.40892 3.40892
0.55 -26.6784 -181.732 57.534 0.935367 0.935367
0.56 -26.6595 -181.838 57.4036 -1.31015 -1.31015
0.57 -26.6414 -182.116 57.4425 -2.46468 -2.46468
0.58 -26.627 -182.598 57.7993 -2.16436 -2.16436
0.59 -26.6185 -183.213 58.5172 -0.646242 -0.646242
0.6 -26.6168 -183.807 59.5129 1.39015 1.39015
0.61 -26.6215 -184.247 60.62 3.09628 3.09628
0.62 -26.6308 -184.495 61.6585 3.825 3.825
0.63 -26.6422 -184.541 62.4839 3.37044 3.37044
0.64 -26.6525 -184.369 63.0034 2.01026 2.01026
0.65 -26.6592 -184.07 63.1857 0.35486 0.35486
0.66 -26.661 -183.835 63.0506 -0.919542 -0.919542
0.67 -26.6577 -183.795 62.6461 -1.34167 -1.34167
0.68 -26.6505 -183.96 62.0609 -0.814625 -0.814625
0.69 -26.6412 -184.276 61.4308 0.376026 0.376026
0.7 -26.6324 -184.66 60.8809 1.70678 1.70678
0.71 -26.6265 -185.006 60.4646 2.64259 2.64259
0.72 -26.6256 -185.238 60.1561 2.84823 2.84823
0.73 -26.6306 -185.348 59.8978 2.30318 2.30318
0.74 -26.6413 -185.376 59.6692 1.28375 1.28375
0.75 -26.6562 -185.373 59.4884 0.230012 0.230012
0.76 -26.673 -185.378 59.3357 -0.441105 -0.441105
0.77 -26.6893 -185.388 59.1257 -0.498266 -0.498266
0.78 -26.7029 -185.354 58.7637 0.0288625 0.0288625
0.79 -26.712 -185.231 58.2076 0.883642 0.883642
0.8 -26.7159 -185.045 57.4822 1.70274 1.70274
0.81 -26.715 -184.852 56.6392 2.16776 2.16776
0.82 -26.7108 -184.678 55.7159 2.12632 2.12632
0.83 -26.7051 -184.52 54.7612 1.63791 1.63791
0.84 -26.7 -184.353 53.8744 0.932921 0.932921
0.85 -26.6969 -184.104 53.1656 0.307534 0.307534
0.86 -26.6962 -183.669 52.7103 0.00130945 0.00130945
0.87 -26.6977 -183.065 52.5628 0.107543 0.107543
0.88 -26.7007 -182.44 52.7381 0.549075 0.549075
0.89 -26.7038 -181.855 53.1506 1.12304 1.12304
0.9 -26.7049 -181.202 53.6225 1.59109 1.59109
0.91 -26.7022 -180.383 54.0039 1.77651 1.77651
0.92 -26.6946 -179.501 54.3037 1.62951 1.62951
0.93 -26.6818 -178.793 54.6699 1.2366 1.2366
0.94 -26.6644 -178.369 55.2097 0.774264 0.774264
0.95 -26.6439 -178.138 55.8478 0.430946 0.430946
0.96 -26.6227 -177.951 56.4104 0.33186 0.33186
0.97 -26.6034 -177.757 56.8517 0.495993 0.495993
0.98 -26.588 -177.662 57.3124 0.837981 0.837981
0.99 -26.5778 -177.737 57.943 1.2096 1.2096
1 -26.5732 -177.892 58.751 1.46225 1.46225
1.01 -26.5738 -178.063 59.6024 1.50546 1.50546
1.02 -26.5791 -178.293 60.3404 1.33866 1.33866
1.03 -26.5872 -178.541 60.9359 1.0445 1.0445
1.04 -26.5949 -178.666 61.5097 0.749143 0.749143
1.05 -26.5997 -178.656 62.1681 0.568622 0.568622
1.06 -26.6003 -178.7 62.8778 0.56406 0.56406
1.07 -26.597 -178.972 63.5168 0.722337 0.722337
1.08 -26.5902 -179.411 63.9622 0.967417 0.967417
1.09 -26.581 -179.86 64.1751 1.19559 1.19559
1.1 -26.5713 -180.361 64.2609 1.31896 1.31896
1.11 -26.5634 -181.056 64.4137 1.29888 1.29888
1.12 -26.5587 -181.828 64.7752 1.15623 1.15623
1.13 -26.5573 -182.348 65.3226 0.957424 0.957424
1.14 -26.5596 -182.471 65.8544 0.784634 0.784634
1.15 -26.5653 -182.219 66.1084 0.703164 0.703164
1.16 -26.5728 -181.567 65.9465 0.737568 0.737568
1.17 -26.5797 -180.605 65.4839 0.865175 0.865175
1.18 -26.5835 -179.588 65.0285 1.02875 1.02875
1.19 -26.5828 -178.774 64.8097 1.16153 1.16153
1.2 -26.5777 -178.35 64.7937 1.21353 1.21353
1.21 -26.5699 -178.38 64.772 1.1696 1.1696
1.22 -26.5621 -178.798 64.5442 1.0533 1.0533
1.23 -26.5571 -179.464 64.0074 0.915339 0.915339
1.24 -26.5573 -180.156 63.1741 0.81151 0.81151
1.25 -26.5635 -180.56 62.147 0.780106 0.780106
1.26 -26.5753 -180.401 61.05 0.828139 0.828139
1.27 -26.591 -179.639 59.9955 0.931275 0.931275
1.28 -26.6082 -178.455 59.0784 1.04594 1.04594
1.29 -26.6237 -177.191 58.3626 1.12757 1.12757
1.3 -26.6351 -176.223 57.8882 1.14762 1.14762
1.31 -26.6401 -175.69 57.6551 1.10319 1.10319
1.32 -26.6379 -175.487 57.5518 1.01595 1.01595
1.33 -26.6297 -175.514 57.3434 0.92192 0.92192
1.34 -26.6182 -175.556 56.804 0.856742 0.856742
1.35 -26.6051 -175.165 55.9388 0.842401 0.842401
1.36 -26.5915 -174.085 55.0511 0.880203 0.880203
1.37 -26.5786 -172.577 54.4815 0.952182 0.952182
1.38 -26.5685 -171.171 54.3057 1.02901 1.02901
1.39 -26.5631 -170.261 54.2826 1.0809 1.0809
1.4 -26.5635 -169.94 54.0667 1.08912 1.08912
1.41 -26.5697 -170.219 53.6201 1.05409 1.05409
1.42 -26.58 -171.056 53.3455 0.994264 0.994264
1.43 -26.5916 -172.154 53.6456 0.936359 0.936359
1.44 -26.6026 -173.216 54.5045 0.902589 0.902589
1.45 -26.6132 -174.316 55.5193 0.90225 0.90225
1.46 -26.6248 -175.77 56.2405 0.930979 0.930979
1.47 -26.6379 -177.792 56.5887 0.974932 0.974932
1.48 -26.652 -180.45 56.9437 1.01653 1.01653
1.49 -26.6675 -183.921 57.7429 1.04055 1.04055
1.5 -26.6864 -188.331 59.0961 1.03917 1.03917
1.51 -26.7093 -193.12 60.8218 1.01412 1.01412
1.52 -26.7332 -197.041 62.7122 0.975538 0.975538
1.53 -26.7535 -199.238 64.724 0.93885 0.93885
1.54 -26.7667 -199.957 66.9153 0.9196 0.9196
1.55 -26.77 -199.97 69.2411 0.926673 0.926673
1.56 -26.7613 -199.87 71.5476 0.957133 0.957133
1.57 -26.7399 -199.998 73.6719 0.997486 0.997486
1.58 -26.7081 -200.565 75.4152 1.03082 1.03082
1.59 -26.6716 -201.673 76.5496 1.04431 1.04431
1.6 -26.638 -203.373 77.008 1.03368 1.03368
1.61 -26.6141 -205.556 77.1295 1.00429 1.00429
1.62 -26.603 -207.618 77.5071 0.96855 0.96855
1.63 -26.6039 -208.362 78.29 0.939805 0.939805
1.64 -26.6129 -206.483 78.8723 0.926241 0.926241
1.65 -26.6239 -201.53 78.5531 0.929675 0.929675
1.66 -26.6293 -194.438 77.2685 0.948794 0.948794
1.67 -26.6215 -186.966 75.5555 0.980391 0.980391
1.68 -26.5957 -180.67 73.9677 1.01637 1.01637
1.69 -26.552 -176.353 72.5957 1.04314 1.04314
1.7 -26.4961 -174.093 71.2127 1.04778 1.04778
1.71 -26.4363 -173.274 69.7221 1.02584 1.02584
1.72 -26.3811 -172.666 68.1849 0.984106 0.984106
1.73 -26.338 -171.039 66.562 0.937018 0.937018
1.74 -26.3129 -167.81 64.6635 0.90071 0.90071
1.75 -26.3081 -163.031 62.2793 0.888251 0.888251
1.76 -26.3211 -157.155 59.2897 0.905642 0.905642
1.77 -26.3467 -151.106 55.7373 0.948807 0.948807
1.78 -26.3794 -146.271 51.9198 1.00447 1.00447
1.79 -26.4137 -143.739 48.3623 1.05515 1.05515
1.8 -26.4445 -143.529 45.4541 1.08459 1.08459
1.81 -26.4698 -144.859 43.1017 1.08181 1.08181
1.82 -26.4912 -146.838 40.9141 1.04588 1.04588
1.83 -26.5115 -148.781 38.6451 0.98937 0.98937
1.84 -26.5332 -150.228 36.4018 0.934547 0.934547
1.85 -26.5573 -151.05 34.541 0.903066 0.903066
1.86 -26.584 -151.626 33.384 0.905369 0.905369
1.87 -26.6128 -152.325 32.9377 0.93729 0.93729
1.88 -26.6397 -152.629 32.912 0.984166 0.984166
1.89 -26.6581 -151.687 32.9961 1.02731 1.02731
1.9 -26.6653 -150.046 33.0816 1.05253 1.05253
1.91 -26.6639 -149.648 33.2791 1.05601 1.05601
1.92 -26.6591 -152.05 33.8045 1.04265 1.04265
1.93 -26.657 -157.59 34.7906 1.02043 1.02043
1.94 -26.6664 -165.839 36.1683 0.99628 0.99628
1.95 -26.696 -175.966 37.7706 0.975307 0.975307
1.96 -26.7516 -186.611 39.4741 0.961182 0.961182
1.97 -26.8323 -196.055 41.2223 0.955581 0.955581
1.98 -26.9313 -203.148 43.0155 0.958028 0.958028
1.99 -27.0388 -208.014 44.856 0.967538 0.967538
2 -27.1434 -211.777 46.7508 0.98358 0.98358
2.01 -27.2332 -215.791 48.822 1.00458 1.00458
2.02 -27.2977 -220.949 51.3561 1.02607 1.02607
2.03 -27.3306 -227.586 54.6704 1.04152 1.04152
2.04 -27.3326 -235.636 58.8299 1.045 1.045
2.05 -27.3098 -244.237 63.5077 1.03336 1.03336
2.06 -27.27 -251.784 68.2084 1.00757 1.00757
2.07 -27.2232 -257.198 72.5816 0.974369 0.974369
2.08 -27.1798 -260.597 76.5293 0.945943 0.945943
2.09 -27.1475 -262.575 80.0776 0.934906 0.934906
2.1 -27.129 -263.358 83.1675 0.946751 0.946751
2.11 -27.1222 -262.831 85.6434 0.976697 0.976697
2.12 -27.1226 -261.256 87.4436 1.01352 1.01352
2.13 -27.1256 -259.435 88.6518 1.04563 1.04563
2.14 -27.1267 -258.072 89.4344 1.06432 1.06432
2.15 -27.121 -257.195 89.9952 1.06428 1.06428
2.16 -27.1036 -256.007 90.4513 1.0447 1.0447
2.17 -27.0717 -253.547 90.6669 1.01081 1.01081
2.18 -27.0279 -249.736 90.2174 0.973405 0.973405
2.19 -26.9783 -245.146 88.6733 0.945065 0.945065
2.2 -26.9263 -239.702 85.9926 0.934906 0.934906
2.21 -26.872 -232.673 82.5437 0.945077 0.945077
2.22 -26.8148 -223.802 78.8179 0.97101 0.97101
2.23 -26.7558 -213.666 75.1622 1.004 1.004
2.24 -26.6961 -203.081 71.6394 1.03363 1.03363
2.25 -26.6363 -192.594 68.0639 1.05019 1.05019
2.26 -26.5776 -182.656 64.1527 1.04817 1.04817
2.27 -26.5223 -173.541 59.6832 1.0292 1.0292
2.28 -26.4713 -164.873 54.6327 1.00144 1.00144
2.29 -26.4246 -156.008 49.1872 0.975671 0.975671
2.3 -26.3833 -146.795 43.5813 0.960614 0.960614
2.31 -26.3484 -137.439 38.0395 0.961067 0.961067
2.32 -26.319 -128.098 32.8337 0.977273 0.977273
2.33 -26.293 -119.012 28.2347 1.0033 1.0033
2.34 -26.2687 -110.659 24.354 1.02939 1.02939
2.35 -26.2455 -103.593 21.1171 1.048 1.048
2.36 -26.2234 -98.1739 18.3957 1.05508 1.05508
2.37 -26.2037 -94.6369 16.1201 1.04917 1.04917
2.38 -26.1888 -93.0359 14.3168 1.03357 1.03357
2.39 -26.1796 -92.7326 13.1162 1.01644 1.01644
2.4 -26.1749 -92.7674 12.7985 1.00598 1.00598
2.41 -26.1726 -92.7785 13.8191 1.00617 1.00617
2.42 -26.17 -92.9083 16.5561 1.01692 1.01692
2.43 -26.1652 -93.6496 20.8456 1.03476 1.03476
2.44 -26.1606 -96.1408 25.8956 1.05234 1.05234
2.45 -26.1612 -101.518 30.8573 1.06142 1.06142
2.46 -26.1704 -109.768 35.4271 1.05791 1.05791
2.47 -26.1893 -119.825 39.8459 1.04384 1.04384
2.48 -26.2195 -130.595 44.4953 1.02569 1.02569
2.49 -26.2635 -141.577 49.5934 1.0113 1.0113
2.5 -26.3238 -152.864 55.1827 1.00678 1.00678
2.51 -26.4011 -164.77 61.1644 1.01391 1.01391
2.52 -26.4933 -177.463 67.2502 1.02937 1.02937
2.53 -26.5966 -190.945 73.0638 1.0464 1.0464
2.54 -26.7065 -204.963 78.361 1.05788 1.05788
2.55 -26.8169 -218.947 83.0794 1.0597 1.0597
2.56 -26.9219 -232.306 87.2562 1.05276 1.05276
2.57 -27.0179 -244.691 90.8974 1.04162 1.04162
2.58 -27.1028 -256.054 93.914 1.03167 1.03167
2.59 -27.1777 -266.585 96.2775 1.02722 1.02722
2.6 -27.2439 -276.513 98.1252 1.03021 1.03021
2.61 -27.3035 -285.767 99.5751 1.03923 1.03923
2.62 -27.3581 -293.852 100.524 1.04918 1.04918
2.63 -27.4087 -300.085 100.81 1.05379 1.05379
2.64 -27.455 -304.24 100.552 1.0502 1.0502
2.65 -27.4972 -307.043 100.162 1.04123 1.04123
2.66 -27.5353 -309.439 99.9425 1.03239 1.03239
2.67 -27.5681 -311.519 99.6631 1.02654 1.02654
2.68 -27.594 -312.503 98.6269 1.02233 1.02233
2.69 -27.6107 -311.533 96.2685 1.01803 1.01803
2.7 -27.6172 -308.511 92.6474 1.01576 1.01576
2.71 -27.6109 -304.012 88.407 1.0205 1.0205
2.72 -27.5904 -298.303 84.4121 1.03445 1.03445
2.73 -27.5512 -290.873 81.1257 1.05305 1.05305
2.74 -27.4913 -281.147 78.2063 1.06711 1.06711
2.75 -27.4133 -269.44 74.8005 1.06921 1.06921
2.76 -27.3216 -256.611 70.4099 1.05871 1.05871
2.77 -27.219 -243.263 65.1832 1.04149 1.04149
2.78 -27.1101 -229.67 59.3067 1.02531 1.02531
2.79 -27.0007 -215.713 52.647 1.01501 1.01501
2.8 -26.8949 -200.783 45.2498 1.01203 1.01203
2.81 -26.7942 -184.612 37.7385 1.01697 1.01697
2.82 -26.6995 -167.931 30.979 1.02958 1.02958
2.83 -26.6116 -151.849 25.5055 1.04599 1.04599
2.84 -26.5302 -137.127 21.2297 1.0579 1.0579
2.85 -26.4542 -123.9 17.6754 1.05701 1.05701
2.86 -26.3817 -111.991 14.3491 1.04101 1.04101
2.87 -26.3128 -101.336 10.8009 1.01514 1.01514
2.88 -26.248 -91.7428 6.80959 0.990038 0.990038
2.89 -26.1862 -82.7622 2.71897 0.979467 0.979467
2.9 -26.1261 -74.2303 -0.719047 0.993778 0.993778
2.91 -26.0679 -66.4865 -2.95739 1.03144 1.03144
2.92 -26.0137 -59.9967 -3.98828 1.07948 1.07948
2.93 -25.9661 -55.1846 -4.04973 1.12054 1.12054
2.94 -25.9269 -52.3966 -3.19243 1.13973 1.13973
2.95 -25.8972 -51.7437 -1.31191 1.13023 1.13023
2.96 -25.878 -53.161 1.58534 1.09596 1.09596
2.97 -25.8713 -56.7226 5.4498 1.04982 1.04982
2.98 -25.8791 -62.6852 10.3987 1.00817 1.00817
2.99 -25.9014 -71.0082 16.6039 0.984614 0.984614
3 -25.9357 -80.9433 24.0332 0.985081 0.985081
3.01 -25.9775 -91.3845 32.4009 1.00545 1.00545
3.02 -26.0213 -101.641 41.382 1.03497 1.03497
3.03 -26.0621 -111.745 50.8574 1.06346 1.06346
3.04 -26.0959 -122.391 60.8731 1.08499 1.08499
3.05 -26.1227 -134.67 71.2897 1.097 1.097
3.06 -26.1465 -149.359 81.688 1.09872 1.09872
3.07 -26.1715 -166.135 91.8652 1.09077 1.09077
3.08 -26.1999 -183.637 102.026 1.07625 1.07625
3.09 -26.2344 -200.608 112.344 1.06069 1.06069
3.1 -26.2798 -216.705 122.656 1.04856 1.04856
3.11 -26.3399 -231.849 132.402 1.04093 1.04093
3.12 -26.4127 -245.253 140.875 1.03639 1.03639
3.13 -26.4901 -255.691 147.669 1.03326 1.03326
3.14 -26.5631 -262.949 152.726 1.03227 1.03227
3.15 -26.627 -268.506 156.123 1.03691 1.03691
3.16 -26.6817 -274.446 158.016 1.04999 1.04999
3.17 -26.7306 -282.264 158.577 1.06904 1.06904
3.18 -26.7798 -292.226 157.936 1.08569 1.08569
3.19 -26.8345 -302.826 156.284 1.09014 1.09014
3.2 -26.8966 -311.464 153.906 1.07693 1.07693
3.21 -26.966 -316.362 151.108 1.04866 1.04866
3.22 -27.0422 -317.608 148.101 1.01577 1.01577
3.23 -27.1226 -316.396 144.795 0.991492 0.991492
3.24 -27.2017 -313.892 140.764 0.985046 0.985046
3.25 -27.273 -310.868 135.434 0.997613 0.997613
3.26 -27.3316 -307.603 128.169 1.02288 1.02288
3.27 -27.3751 -303.56 118.393 1.0508 1.0508
3.28 -27.4027 -297.69 106.031 1.07221 1.07221
3.29 -27.4162 -289.485 91.7881 1.08282 1.08282
3.3 -27.4194 -279.378 77.0083 1.08482 1.08482
3.31 -27.4155 -268.054 63.1868 1.08325 1.08325
3.32 -27.4049 -255.653 51.4154 1.0798 1.0798
3.33 -27.3858 -242.05 42.0114 1.07106 1.07106
3.34 -27.3571 -227.852 34.497 1.05159 1.05159
3.35 -27.3212 -214.139 27.9257 1.01967 1.01967
3.36 -27.2775 -201.133 21.1871 0.982367 0.982367
3.37 -27.2243 -187.925 13.3287 0.95052 0.95052
3.38 -27.1588 -173.314 3.98806 0.932699 0.932699
3.39 -27.0787 -156.652 -6.3148 0.937539 0.937539
3.4 -26.9834 -138.587 -16.3865 0.972209 0.972209
3.41 -26.8773 -121.199 -24.9277 1.03425 1.03425
3.42 -26.7677 -106.75 -31.0038 1.1075 1.1075
3.43 -26.6613 -96.1041 -34.2929 1.16658 1.16658
3.44 -26.5628 -88.5238 -35.0508 1.18691 1.18691
3.45 -26.4754 -82.6647 -33.8334 1.15584 1.15584
3.46 -26.4015 -77.5514 -31.2958 1.07955 1.07955
3.47 -26.3424 -72.9015 -28.1018 0.983572 0.983572
3.48 -26.2969 -68.8725 -24.7098 0.905094 0.905094
3.49 -26.2612 -65.7637 -21.2025 0.874618 0.874618
3.5 -26.2307 -64.2153 -17.3246 0.899397 0.899397
3.51 -26.203 -65.2455 -12.6524 0.965329 0.965329
3.52 -26.1765 -69.2225 -6.84668 1.04937 1.04937
3.53 -26.1491 -75.2818 0.139923 1.1247 1.1247
3.54 -26.1208 -82.3677 8.12615 1.16511 1.16511
3.55 -26.0956 -90.4066 16.8858 1.15789 1.15789
3.56 -26.0812 -100.39 26.2518 1.11276 1.11276
3.57 -26.0857 -113.334 36.154 1.05448 1.05448
3.58 -26.1141 -129.13 46.6085 1.00681 1.00681
3.59 -26.166 -146.39 57.7071 0.982338 0.982338
3.6 -26.2348 -163.025 69.4889 0.982436 0.982436
3.61 -26.3107 -177.273 81.646 1.00114 1.00114
3.62 -26.3852 -188.9 93.4682 1.02782 1.02782
3.63 -26.453 -199.422 104.178 1.05134 1.05134
3.64 -26.5111 -210.783 113.374 1.06587 1.06587
3.65 -26.5566 -223.853 121.235 1.0725 1.0725
3.66 -26.5883 -238.227 128.25 1.07501 1.07501
3.67 -26.6097 -253.051 134.931 1.07533 1.07533
3.68 -26.6273 -267.509 141.7 1.0739 1.0739
3.69 -26.649 -280.758 148.466 1.07138 1.07138
3.7 -26.6831 -292.058 154.375 1.06764 1.06764
3.71 -26.7359 -301.044 158.297 1.06076 1.06076
3.72 -26.809 -307.486 159.419 1.05039 1.05039
3.73 -26.8981 -311.177 157.568 1.04134 1.04134
3.74 -26.9947 -312.307 153.36 1.04135 1.04135
3.75 -27.0888 -311.487 147.76 1.05461 1.05461
3.76 -27.1723 -309.344 141.346 1.07771 1.07771
3.77 -27.2393 -306.197 134.251 1.10072 1.10072
3.78 -27.2856 -302.062 126.479 1.11207 1.11207
3.79 -27.3117 -296.88 117.925 1.10445 1.10445
3.8 -27.3208 -290.508 108.382 1.07819 1.07819
3.81 -27.3175 -282.659 97.8382 1.04145 1.04145
3.82 -27.3054 -273.173 86.8253 1.00755 1.00755
3.83 -27.2858 -262.041 76.2745 0.988978 0.988978
3.84 -27.2589 -249.172 66.6139 0.99206 0.99206
3.85 -27.2272 -234.697 57.0682 1.01371 1.01371
3.86 -27.1939 -219.235 46.5783 1.04285 1.04285
3.87 -27.1594 -203.667 35.11 1.06892 1.06892
3.88 -27.1223 -188.812 23.5028 1.0879 1.0879
3.89 -27.0823 -175.244 12.5259 1.09864 1.09864
3.9 -27.0427 -163.375 2.43384 1.09824 1.09824
3.91 -27.0097 -153.74 -6.75008 1.0849 1.0849
3.92 -26.99 -146.943 -14.7221 1.06187 1.06187
3.93 -26.9866 -142.836 -20.9567 1.0358 1.0358
3.94 -26.9972 -139.983 -25.1509 1.01194 1.01194
3.95 -27.0145 -136.623 -27.2595 0.992079 0.992079
3.96 -27.0283 -131.853 -27.3136 0.97815 0.97815
3.97 -27.0271 -125.725 -25.5759 0.974903 0.974903
3.98 -26.9995 -118.754 -22.5546 0.985979 0.985979
3.99 -26.9359 -111.627 -18.6282 1.00965 1.00965
4 -26.8324 -105.616 -13.8329 1.04061 1.04061
4.01 -26.6953 -102.697 -7.93057 1.07338 1.07338
4.02 -26.5387 -104.159 -0.767822 1.10119 1.10119
4.03 -26.3816 -109.55 7.30575 1.11449 1.11449
4.04 -26.246 -117.583 15.6383 1.1054 1.1054
4.05 -26.1525 -126.973 23.7681 1.07483 1.07483
4.06 -26.1128 -136.05 31.5738 1.03376 1.03376
4.07 -26.1261 -143.115 39.2784 0.997624 0.997624
4.08 -26.182 -147.896 47.4148 0.980046 0.980046
4.09 -26.2631 -151.752 56.677 0.988922 0.988922
4.1 -26.3468 -156.343 67.5667 1.02258 1.02258
4.11 -26.4104 -162.864 79.9811 1.06752 1.06752
4.12 -26.4378 -171.788 93.122 1.10248 1.10248
4.13 -26.4206 -182.442 105.827 1.10916 1.10916
4.14 -26.3605 -193.636 117.028 1.08267 1.08267
4.15 -26.2711 -204.78 126.026 1.03514 1.03514
4.16 -26.1745 -215.745 132.552 0.990003 0.990003
4.17 -26.0951 -226.293 136.746 0.96995 0.96995
4.18 -26.0533 -235.84 139.139 0.986572 0.986572
4.19 -26.0601 -243.47 140.668 1.03698 1.03698
4.2 -26.1151 -248.511 142.418 1.10524 1.10524
4.21 -26.2086 -250.942 144.997 1.16682 1.16682
4.22 -26.3231 -251.046 148.128 1.1966 1.1966
4.23 -26.4374 -249.481 150.93 1.17956 1.17956
4.24 -26.5322 -247.422 152.478 1.11897 1.11897
4.25 -26.5908 -245.453 152.145 1.03593 1.03593
4.26 -26.6023 -243.109 149.674 0.960066 0.960066
4.27 -26.5664 -239.889 145.08 0.916771 0.916771
4.28 -26.4931 -235.486 138.598 0.918819 0.918819
4.29 -26.3979 -229.503 130.747 0.96363 0.96363
4.3 -26.3009 -222.165 122.178 1.03477 1.03477
4.31 -26.2243 -214.497 113.291 1.10772 1.10772
4.32 -26.1859 -207.122 104.153 1.15864 1.15864
4.33 -26.1937 -199.678 94.7765 1.1729 1.1729
4.34 -26.245 -191.503 85.4212 1.14911 1.14911
4.35 -26.3277 -182.181 76.6177 1.09923 1.09923
4.36 -26.4235 -171.668 68.6942 1.04358 1.04358
4.37 -26.5139 -160.542 61.3133 1.00116 1.00116
4.38 -26.5848 -150.018 53.7407 0.982557 0.982557
4.39 -26.6285 -141.702 45.5795 0.988694 0.988694
4.4 -26.6443 -136.952 37.0967 1.01218 1.01218
4.41 -26.6375 -135.754 28.8754 1.04017 1.04017
4.42 -26.6172 -136.507 21.3252 1.05831 1.05831
4.43 -26.5942 -136.906 14.5859 1.05657 1.05657
4.44 -26.5766 -134.727 8.78943 1.03619 1.03619
4.45 -26.5666 -128.874 4.25189 1.01052 1.01052
4.46 -26.5648 -120.534 1.26087 0.997654 0.997654
4.47 -26.5712 -112.619 -0.312721 1.01024 1.01024
4.48 -26.584 -107.684 -0.858041 1.04772 1.04772
4.49 -26.598 -106.844 -0.443593 1.09537 1.09537
4.5 -26.6084 -110.071 1.29338 1.13167 1.13167
4.51 -26.6124 -116.271 4.64124 1.13854 1.13854
4.52 -26.6086 -123.337 9.44243 1.10808 1.10808
4.53 -26.5973 -129.497 15.3386 1.04614 1.04614
4.54 -26.58 -134.356 22.1968 0.973 0.973
4.55 -26.5572 -138.291 29.9879 0.917127 0.917127
4.56 -26.5295 -142.047 38.3336 0.901464 0.901464
4.57 -26.4999 -146.724 46.5655 0.93202 0.93202
4.58 -26.471 -152.945 54.243 0.997053 0.997053
4.59 -26.4424 -160.051 61.353 1.07422 1.07422
4.6 -26.4117 -166.565 68.1045 1.13903 1.13903
4.61 -26.3786 -171.744 74.7827 1.17263 1.17263
4.62 -26.3467 -176.51 81.7753 1.16906 1.16906
4.63 -26.3208 -182.182 89.4123 1.13649 1.13649
4.64 -26.3007 -188.492 97.5681 1.08941 1.08941
4.65 -26.2834 -193.764 105.423 1.04014 1.04014
4.66 -26.2684 -196.889 111.687 0.997352 0.997352
4.67 -26.2587 -198.271 115.271 0.969997 0.969997
4.68 -26.2574 -199.004 115.959 0.967218 0.967218
4.69 -26.2645 -199.711 114.396 0.99171 0.99171
4.7 -26.2771 -199.969 111.52 1.03502 1.03502
4.71 -26.2905 -198.683 108.128 1.081 1.081
4.72 -26.3011 -195.385 104.678 1.11425 1.11425
4.73 -26.3102 -190.919 101.065 1.12646 1.12646
4.74 -26.3205 -186.418 96.7679 1.11717 1.11717
4.75 -26.333 -182.257 91.3922 1.09156 1.09156
4.76 -26.3467 -177.985 84.8822 1.05876 1.05876
4.77 -26.3586 -172.446 77.4083 1.02982 1.02982
4.78 -26.3656 -164.733 69.25 1.01388 1.01388
4.79 -26.3686 -155.511 60.691 1.01472 1.01472
4.8 -26.3716 -146.464 52.0101 1.03028 1.03028
4.81 -26.3775 -138.799 43.4099 1.05324 1.05324
4.82 -26.3904 -133.018 34.8076 1.0722 1.0722
4.83 -26.4137 -128.874 26.1252 1.07649 1.07649
4.84 -26.4426 -124.783 17.9186 1.06276 1.06276
4.85 -26.4685 -118.816 11.1129 1.03736 1.03736
4.86 -26.4884 -111.529 5.93943 1.01256 1.01256
4.87 -26.5097 -106.152 1.67072 1.00004 1.00004
4.88 -26.5401 -105.027 -2.6656 1.0052 1.0052
4.89 -26.5802 -107.467 -7.36072 1.02459 1.02459
4.9 -26.625 -111.265 -11.7429 1.04843 1.04843
4.91 -26.6721 -114.924 -14.963 1.06711 1.06711
4.92 -26.7234 -118.059 -16.9995 1.07529 1.07529
4.93 -26.7808 -120.574 -18.6329 1.07114 1.07114
4.94 -26.8454 -122.845 -20.55 1.0563 1.0563
4.95 -26.9184 -126.377 -22.7449 1.03824 1.03824
4.96 -27.0003 -132.725 -24.5499 1.02818 1.02818
4.97 -27.0871 -141.831 -24.9023 1.0323 1.0323
4.98 -27.1728 -152.587 -22.9117 1.04551 1.04551
4.99 -27.2565 -164.562 -18.6375 1.05583 1.05583
5 -27.3424 -177.639 -13.3626 1.05337 1.05337
5.01 -27.4315 -190.585 -8.71955 1.03493 1.03493
5.02 -27.5194 -201.812 -5.32615 1.00564 1.00564
5.03 -27.599 -210.942 -2.45206 0.980134 0.980134
5.04 -27.6636 -218.528 1.01402 0.977042 0.977042
5.05 -27.7093 -225.446 5.56755 1.00555 1.00555
5.06 -27.7391 -233.294 10.9189 1.05695 1.05695
5.07 -27.7611 -243.537 16.3088 1.11028 1.11028
5.08 -27.7824 -255.587 20.9606 1.14387 1.14387
5.09 -27.8064 -267.141 24.4671 1.14342 1.14342
5.1 -27.8362 -276.246 26.7974 1.10767 1.10767
5.11 -27.8725 -281.749 28.1835 1.05089 1.05089
5.12 -27.9092 -282.571 28.9706 0.997124 0.997124
5.13 -27.9371 -278.655 29.3356 0.968324 0.968324
5.14 -27.9512 -272.379 29.3138 0.975369 0.975369
5.15 -27.9497 -267.088 29.1062 1.01535 1.01535
5.16 -27.93 -264.199 28.8695 1.07184 1.07184
5.17 -27.8921 -263.034 28.2431 1.11869 1.11869
5.18 -27.8425 -262.361 26.5107 1.13151 1.13151
5.19 -27.7904 -260.587 23.0676 1.10223 1.10223
5.2 -27.7396 -255.196 17.7868 1.04437 1.04437
5.21 -27.686 -243.809 11.4607 0.985495 0.985495
5.22 -27.6202 -226.435 5.98153 0.955078 0.955078
5.23 -27.5295 -205.446 3.65841 0.972665 0.972665
5.24 -27.4 -183.684 5.95873 1.03589 1.03589
5.25 -27.2218 -163.619 12.8154 1.11607 1.11607
5.26 -26.9916 -146.747 22.9849 1.17075 1.17075
5.27 -26.7115 -132.803 34.8827 1.16692 1.16692
5.28 -26.39 -120.514 47.1747 1.09845 1.09845
5.29 -26.0445 -109.02 58.9156 0.988618 0.988618
5.3 -25.6963 -97.4819 69.5043 0.878935 0.878935
5.31 -25.3633 -84.5006 78.7882 0.811983 0.811983
5.32 -25.0585 -69.4228 87.2932 0.816008 0.816008
5.33 -24.7891 -53.1727 96.2374 0.89316 0.89316
5.34 -24.5541 -37.3209 107.1 1.01625 1.01625
5.35 -24.3425 -22.8354 121.053 1.13771 1.13771
5.36 -24.1368 -9.83531 138.622 1.20597 1.20597
5.37 -23.9246 0.850343 159.09 1.18407 1.18407
5.38 -23.7063 6.83327 180.301 1.06621 1.06621
5.39 -23.4929 6.3446 199.758 0.883903 0.883903
5.4 -23.2932 0.668022 216.152 0.694725 0.694725
5.41 -23.1137 -6.82805 229.361 0.55724 0.55724
5.42 -22.9667 -13.3787 239.336 0.511168 0.511168
5.43 -22.8725 -18.7222 245.514 0.568836 0.568836
5.44 -22.8533 -24.9203 247.47 0.709954 0.709954
5.45 -22.9213 -33.919 245.954 0.888035 0.888035
5.46 -23.0726 -45.7628 242.679 1.0474 1.0474
5.47 -23.2935 -59.4022 238.993 1.1411 1.1411
5.48 -23.5676 -73.9786 235.212 1.14474 1.14474
5.49 -23.8766 -89.0856 230.848 1.06179 1.06179
5.5 -24.2053 -105.321 224.917 0.921977 0.921977
5.51 -24.5478 -124.402 216.097 0.772047 0.772047
5.52 -24.9033 -147.068 203.091 0.659171 0.659171
5.53 -25.2728 -171.886 185.174 0.612985 0.612985
5.54 -25.6616 -197.017 162.5 0.635445 0.635445
5.55 -26.0802 -221.391 135.743 0.706563 0.706563
5.56 -26.5402 -244.421 105.516 0.797825 0.797825
5.57 -27.0492 -266.216 72.5413 0.878799 0.878799
5.58 -27.6101 -287.547 38.3965 0.927077 0.927077
5.59 -28.2111 -309.255 5.34726 0.939277 0.939277
5.6 -28.8353 -332.047 -24.8847 0.92295 0.92295
5.61 -29.4676 -356.499 -51.9588 0.887444 0.887444
5.62 -30.0867 -382.316 -76.5622 0.843956 0.843956
5.63 -30.6678 -407.282 -99.4802 0.80553 0.80553
5.64 -31.1849 -428.176 -121.187 0.781522 0.781522
5.65 -31.6172 -443.165 -142.085 0.771546 0.771546
5.66 -31.9575 -453.088 -162.392 0.774737 0.774737
5.67 -32.2081 -460.439 -181.752 0.794791 0.794791
5.68 -32.3755 -466.842 -199.005 0.8304 0.8304
5.69 -32.4643 -471.456 -212.723 0.870148 0.870148
5.7 -32.4781 -471.804 -221.903 0.899299 0.899299
5.71 -32.4212 -465.933 -226.171 0.910575 0.910575
5.72 -32.2973 -453.465 -225.384 0.905723 0.905723
5.73 -32.1033 -434.66 -219.332 0.890464 0.890464
5.74 -31.8242 -409.054 -207.816 0.871668 0.871668
5.75 -31.4401 -375.532 -191.18 0.854843 0.854843
5.76 -30.9334 -333.777 -170.602 0.841843 0.841843
5.77 -30.2973 -285.309 -147.714 0.832543 0.832543
5.78 -29.5386 -233.072 -123.984 0.827993 0.827993
5.79 -28.6806 -180.889 -100.45 0.830571 0.830571
5.8 -27.7663 -133.04 -77.6415 0.840226 0.840226
5.81 -26.8501 -92.3726 -55.5126 0.853002 0.853002
5.82 -25.9798 -57.0342 -33.6219 0.862758 0.862758
5.83 -25.1832 -20.2373 -11.4378 0.86186 0.86186
5.84 -24.4695 24.1725 11.6366 0.852745 0.852745
5.85 -23.837 76.0648 36.4608 0.856055 0.856055
5.86 -23.2708 129.849 64.1384 0.889001 0.889001
5.87 -22.7508 178.861 94.8763 0.946519 0.946519
5.88 -22.2514 218.301 127.359 0.997481 0.997481
5.89 -21.7522 246.326 159.312 0.996952 0.996952
5.9 -21.2489 263.932 188.863 0.922058 0.922058
5.91 -20.7485 273.423 215.168 0.784611 0.784611
5.92 -20.2738 277.244 238.333 0.619184 0.619184
5.93 -19.8505 278.023 259.279 0.474403 0.474403
5.94 -19.5025 277.452 279.622 0.395934 0.395934
5.95 -19.2508 274.867 300.971 0.403327 0.403327
5.96 -19.1122 267.318 323.814 0.483044 0.483044
5.97 -19.0972 251.521 347.224 0.598157 0.598157
5.98 -19.2058 225.86 369.555 0.699341 0.699341
5.99 -19.4318 190.01 389.131 0.739517 0.739517
6 -19.7748 142.831 404.459 0.694964 0.694964
6.01 -20.2457 81.8436 414.36 0.580628 0.580628
6.02 -20.8605 5.58332 418.48 0.442681 0.442681
6.03 -21.6304 -84.8021 417.847 0.329876 0.329876
6.04 -22.5594 -186.058 414.313 0.26871 0.26871
6.05 -23.641 -293.266 408.825 0.255096 0.255096
6.06 -24.8601 -400.889 400.549 0.270606 0.270606
6.07 -26.186 -504.088 387.627 0.299815 0.299815
6.08 -27.5721 -599.331 368.322 0.324273 0.324273
6.09 -28.9626 -685.532 341.623 0.336916 0.336916
6.1 -30.3135 -764.115 307.53 0.36256 0.36256
6.11 -31.5774 -836.269 267.273 0.430079 0.430079
6.12 -32.7096 -901.217 223.057 0.528528 0.528528
6.13 -33.6856 -956.376 177.521 0.612184 0.612184
6.14 -34.4833 -997.497 132.726 0.632375 0.632375
6.15 -35.0865 -1018.54 90.0329 0.559438 0.559438
6.16 -35.4743 -1014.13 50.1248 0.404178 0.404178
6.17 -35.6311 -982.016 12.9848 0.209458 0.209458
6.18 -35.5433 -923.467 -21.8815 0.0287032 0.0287032
6.19 -35.2019 -843.086 -54.6405 -0.0801989 -0.0801989
6.2 -34.609 -748.057 -84.3656 -0.0720895 -0.0720895
6.21 -33.776 -644.714 -109.375 0.0544446 0.0544446
6.22 -32.7195 -534.774 -128.465 0.245286 0.245286
6.23 -31.4629 -415.654 -141.738 0.41715 0.41715
6.24 -30.0422 -284.895 -150.249 0.499685 0.499685
6.25 -28.507 -144.692 -154.691 0.469055 0.469055
6.26 -26.9237 -3.31877 -154.505 0.349745 0.349745
6.27 -25.359 127.929 -149.083 0.198753 0.198753
6.28 -23.8907 239.944 -137.831 0.0957672 0.0957672
6.29 -22.5696 331.671 -120.709 0.10557 0.10557
6.3 -21.4157 410.551 -98.3223 0.22671 0.22671
6.31 -20.4208 485.284 -71.7631 0.39672 0.39672
6.32 -19.5835 556.692 -43.0214 0.550337 0.550337
6.33 -18.9138 616.792 -15.2661 0.644375 0.644375
6.34 -18.4325 653.728 7.87943 0.649716 0.649716
6.35 -18.1662 658.209 23.9332 0.575186 0.575186
6.36 -18.1382 628.695 32.5147 0.476595 0.476595
6.37 -18.3595 574.309 34.9261 0.411687 0.411687
6.38 -18.8094 511.459 33.1044 0.400989 0.400989
6.39 -19.4617 452.538 28.8695 0.438954 0.438954
6.4 -20.2997 397.414 23.5641 0.52081 0.52081
6.41 -21.2972 338.643 18.1439 0.635306 0.635306
6.42 -22.4011 271.089 13.755 0.74323 0.74323
6.43 -23.5398 193.613 12.156 0.789098 0.789098
6.44 -24.6425 107.488 15.3001 0.737246 0.737246
6.45 -25.6465 16.9713 24.1621 0.592746 0.592746
6.46 -26.5054 -71.5008 38.0945 0.393199 0.393199
6.47 -27.1934 -153.353 55.4024 0.198206 0.198206
6.48 -27.7214 -229.073 74.1364 0.0709774 0.0709774
6.49 -28.1215 -302.051 92.7925 0.0547306 0.0547306
6.5 -28.4324 -374.507 110.977 0.167456 0.167456
6.51 -28.6994 -446.301 128.6 0.3742 0.3742
6.52 -28.9687 -516.962 145.542 0.578399 0.578399
6.53 -29.2931 -588.202 161.853 0.715583 0.715583
6.54 -29.7217 -663.285 177.614 0.800808 0.800808
6.55 -30.2808 -742.299 192.496 0.834135 0.834135
6.56 -30.9629 -819.71 205.734 0.779583 0.779583
6.57 -31.7279 -887.112 216.385 0.647378 0.647378
6.58 -32.5073 -937.125 223.55 0.501356 0.501356
6.59 -33.2217 -966.467 226.723 0.396034 0.396034
6.6 -33.797 -977.648 225.837 0.351021 0.351021
6.61 -34.1725 -976.781 220.46 0.371687 0.371687
6.62 -34.3217 -969.55 209.525 0.456066 0.456066
6.63 -34.2502 -958.813 191.627 0.577336 0.577336
6.64 -33.9945 -943.957 165.946 0.679001 0.679001
6.65 -33.6135 -921.609 133.257 0.712075 0.712075
6.66 -33.1741 -887.955 96.1407 0.675094 0.675094
6.67 -32.7369 -840.443 58.1364 0.607194 0.607194
6.68 -32.3382 -777.279 22.6279 0.550506 0.550506
6.69 -31.9758 -696.794 -7.99861 0.526847 0.526847
6.7 -31.6083 -598.542 -32.2233 0.540597 0.540597
6.71 -31.1679 -485.45 -48.8307 0.584925 0.584925
6.72 -30.5807 -364.332 -57.2887 0.643183 0.643183
6.73 -29.7863 -242.514 -58.8914 0.683342 0.683342
6.74 -28.7491 -123.601 -57.3162 0.663979 0.663979
6.75 -27.4734 -7.46331 -57.7654 0.571907 0.571907
6.76 -26.0122 107.416 -64.3887 0.412923 0.412923
6.77 -24.4175 224.895 -79.2635 0.218602 0.218602
6.78 -22.7984 347.384 -100.001 0.0972077 0.0972077
6.79 -21.249 474.137 -123.246 0.139512 0.139512
6.8 -19.849 600.341 -145.607 0.344172 0.344172
6.81 -18.6869 718.82 -165.13 0.69427 0.69427
6.82 -17.809 823.461 -180.965 1.1582 1.1582
6.83 -17.2228 909.782 -193.432 1.62548 1.62548
6.84 -16.9229 972.709 -203.665 1.95385 1.95385
6.85 -16.8933 1007.83 -213.112 2.08317 2.08317
6.86 -17.1035 1014.97 -222.866 2.03341 2.03341
6.87 -17.5155 998.115 -233.128 1.83934 1.83934
6.88 -18.0989 961.374 -243.137 1.56992 1.56992
6.89 -18.8258 905.755 -251.614 1.3311 1.3311
6.9 -19.6784 829.971 -256.909 1.21209 1.21209
6.91 -20.6447 734.386 -257.569 1.23305 1.23305
6.92 -21.7053 622.785 -253.357 1.34002 1.34002
6.93 -22.8523 498.368 -245.623 1.48072 1.48072
6.94 -24.0945 359.88 -236.094 1.62376 1.62376
6.95 -25.4512 203.758 -225.013 1.70825 1.70825
6.96 -26.928 29.8868 -211.013 1.65841 1.65841
6.97 -28.5124 -155.82 -192.743 1.45456 1.45456
6.98 -30.1803 -344.217 -170.563 1.17659 1.17659
6.99 -31.8921 -527.653 -146.193 0.938796 0.938796
7 -33.6145 -699.662 -121.99 0.749621 0.749621
7.01 -35.2681 -852.804 -99.66 0.566979 0.566979
7.02 -36.7518 -979.439 -79.8496 0.451083 0.451083
7.03 -37.9789 -1077.04 -62.8615 0.464805 0.464805
7.04 -38.8774 -1151.38 -47.5301 0.559131 0.559131
7.05 -39.4359 -1215.65 -30.6144 0.659954 0.659954
7.06 -39.6712 -1280.75 -7.91563 0.754762 0.754762
7.07 -39.6181 -1347.29 23.9345 0.846189 0.846189
7.08 -39.327 -1406.6 66.1205 0.9057 0.9057
7.09 -38.8351 -1448.66 118.264 0.915536 0.915536
7.1 -38.2085 -1466.7 178.233 0.909819 0.909819
7.11 -37.4812 -1458.69 242.427 0.987005 0.987005
7.12 -36.6642 -1426.15 306.429 1.22637 1.22637
7.13 -35.7608 -1373.38 366.002 1.58008 1.58008
7.14 -34.7589 -1307.05 418.09 1.93758 1.93758
7.15 -33.6497 -1234.25 461.478 2.2379 2.2379
7.16 -32.4398 -1159.61 496.159 2.44259 2.44259
7.17 -31.1456 -1084.11 523.155 2.4912 2.4912
7.18 -29.7975 -1005.28 544.267 2.35222 2.35222
7.19 -28.4295 -918.08 561.243 2.07435 2.07435
7.2 -27.0723 -816.897 574.676 1.75096 1.75096
7.21 -25.7439 -697.43 583.793 1.46018 1.46018
7.22 -24.4387 -556.28 587.121 1.24495 1.24495
7.23 -23.1209 -391.681 583.036 1.11448 1.11448
7.24 -21.755 -206.252 570.289 1.06761 1.06761
7.25 -20.3049 -7.784 548.42 1.07897 1.07897
7.26 -18.7567 193.198 517.778 1.09157 1.09157
7.27 -17.1348 386.956 479.212 1.07825 1.07825
7.28 -15.4733 568.099 433.544 1.02054 1.02054
7.29 -13.8534 734.648 381.208 0.88083 0.88083
7.3 -12.3818 886.026 322.821 0.667373 0.667373
7.31 -11.1528 1025.38 259.409 0.419703 0.419703
7.32 -10.2594 1156.25 192.867 0.129347 0.129347
7.33 -9.73257 1277.03 125.186 -0.225649 -0.225649
7.34 -9.58907 1376.54 58.5217 -0.453608 -0.453608
7.35 -9.8406 1440.73 -6.75817 -0.0810648 -0.0810648
7.36 -10.4925 1462.17 -70.5015 1.04997 1.04997
7.37 -11.4917 1444.16 -133.513 2.43825 2.43825
7.38 -12.8003 1394.61 -196.536 3.6555 3.6555
7.39 -14.3708 1318.15 -259 4.70176 4.70176
7.4 -16.1572 1215.71 -319.786 5.42654 5.42654
7.41 -18.1281 1088.97 -377.886 5.41311 5.41311
7.42 -20.2332 943.067 -432.223 4.56254 4.56254
7.43 -22.4263 783.505 -481.472 3.33993 3.33993
7.44 -24.6774 610.392 -524.315 2.36005 2.36005
7.45 -26.9919 418.342 -559.815 1.95871 1.95871
7.46 -29.3676 203.707 -587.41 2.14685 2.14685
7.47 -31.7995 -29.599 -606.392 2.70572 2.70572
7.48 -34.2564 -268.877 -615.682 3.25105 3.25105
7.49 -36.6811 -498.124 -614.802 3.35393 3.35393
7.5 -39.0024 -705.553 -605.187 2.75494 2.75494
7.51 -41.1566 -886 -589.901 1.46297 1.46297
7.52 -43.0539 -1039.87 -572.73 -0.365422 -0.365422
7.53 -44.611 -1167.28 -554.346 -2.40473 -2.40473
7.54 -45.7298 -1270.97 -534.602 -4.13581 -4.13581
7.55 -46.3858 -1355.28 -512.264 -5.17047 -5.17047
7.56 -46.5975 -1426.69 -486.201 -5.43202 -5.43202
7.57 -46.4652 -1493.18 -455.395 -5.09501 -5.09501
7.58 -46.0784 -1554.46 -418.884 -4.49482 -4.49482
7.59 -45.5034 -1598.05 -375.64 -3.93317 -3.93317
7.6 -44.7924 -1606.98 -324.226 -3.60919 -3.60919
7.61 -43.9218 -1572.67 -264.95 -3.63432 -3.63432
7.62 -42.9132 -1500.71 -199.038 -3.92262 -3.92262
7.63 -41.7569 -1405.04 -127.884 -4.17004 -4.17004
7.64 -40.3963 -1298.47 -52.261 -4.07017 -4.07017
7.65 -38.7777 -1187.42 27.832 -3.51598 -3.51598
7.66 -36.8519 -1071.58 112.051 -2.60028 -2.60028
7.67 -34.6027 -946.838 199.373 -1.51673 -1.51673
7.68 -32.0588 -811.526 288.29 -0.48987 -0.48987
7.69 -29.3033 -669.338 377.082 0.26513 0.26513
7.7 -26.4552 -524.625 464.292 0.624967 0.624967
7.71 -23.5866 -376.118 549.556 0.607238 0.607238
7.72 -20.7629 -219.809 632.406 0.305924 0.305924
7.73 -18.0787 -54.8805 712.264 -0.190236 -0.190236
7.74 -15.5711 114.884 788 -0.761483 -0.761483
7.75 -13.2688 284.122 857.938 -1.27963 -1.27963
7.76 -11.1733 449.148 919.569 -1.94251 -1.94251
7.77 -9.2901 605.511 968.257 -3.31716 -3.31716
7.78 -7.56356 749.08 1002.76 -5.64173 -5.64173
7.79 -6.05151 872.202 1020.33 -8.4342 -8.4342
7.8 -4.78905 969.693 1020.46 -10.9364 -10.9364
7.81 -3.86178 1039.49 1003.1 -12.625 -12.625
7.82 -3.28624 1088.24 968.27 -13.2625 -13.2625
7.83 -3.13597 1126.08 915.823 -12.6863 -12.6863
7.84 -3.36125 1164.74 847.811 -10.9757 -10.9757
7.85 -3.95775 1208.97 766.425 -8.68224 -8.68224
7.86 -4.87332 1255 675.161 -6.5719 -6.5719
7.87 -6.02566 1294.55 577.246 -5.24567 -5.24567
7.88 -7.34002 1317.69 474.355 -4.8883 -4.8883
7.89 -8.76694 1313.91 367.482 -5.26475 -5.26475
7.9 -10.2872 1274.71 257.316 -5.89147 -5.89147
7.91 -11.9272 1195.84 145.317 -6.17017 -6.17017
7.92 -13.7347 1080.03 33.2491 -5.64021 -5.64021
7.93 -15.7645 937.698 -77.6724 -4.24425 -4.24425
7.94 -18.0583 783.272 -186.684 -2.30194 -2.30194
7.95 -20.6282 628.229 -293.902 -0.297395 -0.297395
7.96 -23.4729 475.636 -399.391 1.28529 1.28529
7.97 -26.5162 320.856 -503.093 2.14026 2.14026
7.98 -29.6528 158.043 -602.235 2.20526 2.20526
7.99 -32.8438 -18.8495 -694.037 1.45765 1.45765
8 -35.9595 -210.349 -774.964 -0.00838726 -0.00838726
8.01 -38.9011 -413.243 -841.525 -1.78908 -1.78908
8.02 -41.6026 -625.22 -890.632 -3.50422 -3.50422
8.03 -44.0533 -843.998 -919.982 -5.19949 -5.19949
8.04 -46.2537 -1061.07 -927.478 -7.20026 -7.20026
8.05 -48.1244 -1263.73 -918.223 -9.52664 -9.52664
8.06 -49.7037 -1439.93 -896.54 -11.8065 -11.8065
8.07 -50.9576 -1586.46 -867.457 -13.7303 -13.7303
8.08 -51.8996 -1705.6 -833.547 -15.0853 -15.0853
8.09 -52.5223 -1800.39 -795.02 -15.6017 -15.6017
8.1 -52.8282 -1873.29 -749.961 -15.0154 -15.0154
8.11 -52.8003 -1923.9 -695.695 -13.398 -13.398
8.12 -52.4335 -1949.05 -630.683 -11.3309 -11.3309
8.13 -51.6854 -1948.47 -555.153 -9.45721 -9.45721
8.14 -50.5782 -1920.82 -470.054 -8.16574 -8.16574
8.15 -49.0928 -1865.25 -376.078 -7.66996 -7.66996
8.16 -47.2358 -1783.28 -273.271 -7.94614 -7.94614
8.17 -45.0336 -1676.62 -162.567 -8.60795 -8.60795
8.18 -42.5096 -1546.17 -46.8615 -9.05745 -9.05745
8.19 -39.7098 -1392.8 69.3148 -8.83624 -8.83624
8.2 -36.6834 -1218.32 181.537 -7.83686 -7.83686
8.21 -33.5017 -1026.9 286.599 -6.23789 -6.23789
8.22 -30.2312 -824.61 383.828 -4.40587 -4.40587
8.23 -26.9823 -619.332 473.925 -2.86529 -2.86529
8.24 -23.8086 -418.085 560.378 -2.0653 -2.0653
8.25 -20.6665 -225.681 647.161 -2.29431 -2.29431
8.26 -17.7447 -45.6929 735.916 -3.68984 -3.68984
8.27 -15.0477 120.684 827.187 -5.92382 -5.92382
8.28 -12.5892 271.851 919.439 -8.33143 -8.33143
8.29 -10.4007 407.35 1009.89 -10.3974 -10.3974
8.3 -8.46377 528.975 1094.71 -11.8433 -11.8433
8.31 -6.77899 634.912 1169.67 -12.5113 -12.5113
8.32 -5.39991 719.965 1230.19 -12.5361 -12.5361
8.33 -4.25956 782.414 1275.43 -12.3988 -12.3988
8.34 -3.38242 824.612 1306.27 -12.4824 -12.4824
8.35 -2.78449 848.904 1323.29 -12.8788 -12.8788
8.36 -2.49652 855.819 1326.25 -13.5338 -13.5338
8.37 -2.57817 842.621 1313.02 -14.2636 -14.2636
8.38 -2.9927 807.678 1284.71 -14.7244 -14.7244
8.39 -3.79615 751.304 1243.57 -14.5675 -14.5675
8.4 -5.0082 676.13 1192.36 -13.6861 -13.6861
8.41 -6.57578 584.888 1133.81 -12.3042 -12.3042
8.42 -8.48335 478.516 1068.93 -10.8092 -10.8092
8.43 -10.6772 357.939 997.824 -9.51331 -9.51331
8.44 -13.0965 225.118 919.748 -8.58806 -8.58806
8.45 -15.6878 81.1484 834.075 -8.0671 -8.0671
8.46 -18.3989 -72.6663 740.585 -7.77825 -7.77825
8.47 -21.1724 -233.103 639.455 -7.3732 -7.3732
8.48 -23.9758 -396.779 531.257 -6.56442 -6.56442
8.49 -26.8194 -561.28 417.139 -5.41992 -5.41992
8.5 -29.6216 -727.722 296.473 -4.29703 -4.29703
8.51 -32.3407 -895.595 170.985 -3.53815 -3.53815
8.52 -35.132 -1060.67 43.4591 -3.53141 -3.53141
8.53 -37.8807 -1214.71 -83.1148 -4.57935 -4.57935
8.54 -40.5546 -1350.64 -205.001 -6.48662 -6.48662
8.55 -43.0918 -1465.37 -318.841 -8.71533 -8.71533
8.56 -45.4413 -1560.31 -422.598 -10.7955 -10.7955
8.57 -47.5414 -1639.52 -515.07 -12.3275 -12.3275
8.58 -49.3322 -1705.69 -596.447 -12.9256 -12.9256
8.59 -50.7693 -1758.02 -667.682 -12.5967 -12.5967
8.6 -51.8177 -1794.61 -729.982 -11.9026 -11.9026
8.61 -52.4892 -1815.86 -783.265 -11.4574 -11.4574
8.62 -52.8014 -1823.12 -825.14 -11.5845 -11.5845
8.63 -52.7674 -1820.74 -857.464 -12.3295 -12.3295
8.64 -52.5206 -1809.19 -877.85 -13.4127 -13.4127
8.65 -52.0735 -1788.41 -883.383 -14.3863 -14.3863
8.66 -51.4638 -1757.98 -871.023 -14.9025 -14.9025
8.67 -50.7043 -1716.84 -840.016 -14.747 -14.747
8.68 -49.8122 -1662.39 -790.742 -13.8594 -13.8594
8.69 -48.7386 -1592.63 -724.967 -12.4496 -12.4496
8.7 -47.4475 -1508.1 -645.127 -10.9455 -10.9455
8.71 -45.8999 -1412.02 -554.701 -9.73996 -9.73996
8.72 -44.069 -1306.46 -457.886 -9.00618 -9.00618
8.73 -41.9355 -1189.42 -358.645 -8.68428 -8.68428
8.74 -39.4995 -1057.43 -259.453 -8.57026 -8.57026
8.75 -36.7897 -910.286 -160.789 -8.40181 -8.40181
8.76 -33.8716 -752.019 -61.9508 -7.91918 -7.91918
8.77 -30.8403 -587.976 37.6636 -6.96416 -6.96416
8.78 -27.7824 -419.192 137.141 -5.65327 -5.65327
8.79 -24.8365 -242.965 232.058 -4.42307 -4.42307
8.8 -21.907 -50.7746 322.361 -3.69635 -3.69635
8.81 -18.9332 160.012 404.23 -3.82152 -3.82152
8.82 -16.2069 387.421 475.713 -5.07035 -5.07035
8.83 -13.5162 625.577 535.993 -7.15762 -7.15762
8.84 -10.9203 860.481 585.283 -9.39093 -9.39093
8.85 -8.45831 1072.86 623.911 -11.2422 -11.2422
8.86 -6.2134 1247.31 651.803 -12.4046 -12.4046
8.87 -4.30083 1375.41 667.89 -12.6255 -12.6255
8.88 -2.79688 1462.54 671.059 -11.817 -11.817
8.89 -1.81104 1522.04 662.096 -10.3871 -10.3871
8.9 -1.37367 1566.94 641.405 -9.15344 -9.15344
8.91 -1.45567 1604.46 610.999 -8.71125 -8.71125
8.92 -2.03934 1633.92 573.173 -8.97689 -8.97689
8.93 -3.02973 1651.55 529.794 -9.44024 -9.44024
8.94 -4.30747 1652.38 482.715 -9.7396 -9.7396
8.95 -5.72817 1631.61 433.78 -9.78233 -9.78233
8.96 -7.18011 1585.04 385.195 -9.46166 -9.46166
8.97 -8.5825 1511.73 338.267 -8.65802 -8.65802
8.98 -9.90948 1413.6 292.817 -7.49773 -7.49773
8.99 -11.1901 1293.89 247.549 -6.36253 -6.36253
9 -12.5005 1156.59 200.853 -5.59359 -5.59359
9.01 -13.9361 1006.58 151.366 -5.25377 -5.25377
9.02 -15.5843 849.571 98.6002 -5.19029 -5.19029
9.03 -17.5004 691.52 42.9563 -5.1994 -5.1994
9.04 -19.6951 536.374 -14.362 -5.08167 -5.08167
9.05 -22.1394 383.82 -71.8322 -4.66278 -4.66278
9.06 -24.7595 231.006 -127.204 -3.9774 -3.9774
9.07 -27.5074 73.03 -178.026 -3.38458 -3.38458
9.08 -30.1292 -94.3618 -221.649 -3.24897 -3.24897
9.09 -32.5993 -271.557 -256.523 -3.70273 -3.70273
9.1 -34.9209 -457.156 -282.037 -4.78522 -4.78522
9.11 -36.9648 -648.06 -298.68 -6.45019 -6.45019
9.12 -38.7824 -841.501 -308.403 -8.4141 -8.4141
9.13 -40.4092 -1033.69 -313.901 -10.1655 -10.1655
9.14 -41.8779 -1218.46 -317.328 -11.2357 -11.2357
9.15 -43.233 -1387.78 -319.916 -11.5143 -11.5143
9.16 -44.4987 -1533.04 -322.282 -11.1847 -11.1847
9.17 -45.6738 -1649.79 -324.717 -10.5063 -10.5063
9.18 -46.7501 -1741.3 -327.097 -9.77139 -9.77139
9.19 -47.7115 -1816.03 -328.471 -9.22456 -9.22456
9.2 -48.5253 -1881.29 -326.653 -8.9957 -8.9957
9.21 -49.1369 -1939.2 -318.494 -9.12516 -9.12516
9.22 -49.4746 -1986.77 -301.561 -9.52867 -9.52867
9.23 -49.519 -2019.12 -276.49 -9.97965 -9.97965
9.24 -49.2823 -2033.01 -245.977 -10.2164 -10.2164
9.25 -48.7703 -2024.96 -213.869 -10.0963 -10.0963
9.26 -48 -1993.21 -183.809 -9.67021 -9.67021
9.27 -46.9947 -1936 -158.405 -9.09666 -9.09666
9.28 -45.7559 -1848.43 -138.344 -8.50186 -8.50186
9.29 -44.2773 -1725.05 -122.874 -7.9586 -7.9586
9.3 -42.5371 -1564.84 -109.405 -7.51931 -7.51931
9.31 -40.5178 -1373.61 -94.0118 -7.17134 -7.17134
9.32 -38.2136 -1160.28 -73.0629 -6.80393 -6.80393
9.33 -35.6264 -932.666 -44.9477 -6.30374 -6.30374
9.34 -32.7816 -697.022 -10.5089 -5.66584 -5.66584
9.35 -29.751 -459.164 27.7334 -4.97491 -4.97491
9.36 -26.6132 -222.243 66.6181 -4.35996 -4.35996
9.37 -23.6152 12.5759 100.938 -3.94888 -3.94888
9.38 -20.4258 248.376 130.089 -3.87596 -3.87596
9.39 -17.3479 485.998 150.222 -4.3287 -4.3287
9.4 -14.6842 724.618 160.069 -5.2384 -5.2384
9.41 -12.207 963.296 159.032 -6.16667 -6.16667
9.42 -10.0635 1199.85 147.587 -6.80771 -6.80771
9.43 -8.18697 1431.17 127.129 -7.12959 -7.12959
9.44 -6.62272 1645.49 101.136 -7.04681 -7.04681
9.45 -5.37425 1826.68 75.0877 -6.38093 -6.38093
9.46 -4.33854 1970.63 48.8848 -5.13516 -5.13516
9.47 -3.52527 2079.24 24.3651 -3.80697 -3.80697
9.48 -2.93584 2158.45 1.09225 -3.03588 -3.03588
9.49 -2.64359 2212.01 -20.9443 -2.72966 -2.72966
9.5 -2.51678 2246.38 -43.3168 -2.37471 -2.37471
9.51 -2.65633 2260.03 -67.6406 -1.89414 -1.89414
9.52 -3.10167 2246.45 -95.4111 -1.48623 -1.48623
9.53 -3.85249 2201 -125.589 -1.16271 -1.16271
9.54 -4.91774 2127.34 -156.619 -0.813692 -0.813692
9.55 -6.29916 2032.89 -186.319 -0.488584 -0.488584
9.56 -7.93489 1922.71 -212.266 -0.301637 -0.301637
9.57 -9.76431 1798.12 -232.818 -0.200982 -0.200982
9.58 -11.7297 1657.93 -247.874 -0.0505041 -0.0505041
9.59 -13.765 1502.71 -258.683 0.170306 0.170306
9.6 -15.8146 1334.75 -266.937 0.371776 0.371776
9.61 -17.8436 1154.89 -274.023 0.540446 0.540446
9.62 -19.8563 960.559 -280.918 0.78726 0.78726
9.63 -21.8892 748.628 -288.538 1.14964 1.14964
9.64 -23.9682 521.218 -297.588 1.41578 1.41578
9.65 -26.1522 288.405 -308.292 1.2278 1.2278
9.66 -28.4575 60.6783 -321.515 0.458049 0.458049
9.67 -30.7674 -155.001 -335.858 -0.662972 -0.662972
9.68 -33.1779 -358.03 -349.794 -2.00015 -2.00015
9.69 -35.6231 -553.311 -361.805 -3.69329 -3.69329
9.7 -38.0299 -743.598 -370.919 -5.67816 -5.67816
9.71 -40.3721 -929.496 -375.781 -7.54125 -7.54125
9.72 -42.5351 -1110.7 -376.018 -8.90194 -8.90194
9.73 -44.4216 -1286.45 -371.577 -9.62874 -9.62874
9.74 -46.0265 -1454.19 -363.586 -9.85351 -9.85351
9.75 -47.3288 -1606.38 -353.516 -9.72043 -9.72043
9.76 -48.3399 -1735.6 -343.116 -9.2018 -9.2018
9.77 -49.0925 -1840.08 -333.878 -8.50644 -8.50644
9.78 -49.6407 -1923.23 -326.38 -8.16183 -8.16183
9.79 -50.0297 -1988.2 -320.007 -8.42445 -8.42445
9.8 -50.2905 -2033.58 -313.018 -9.05334 -9.05334
9.81 -50.3865 -2055.76 -303.304 -9.67543 -9.67543
9.82 -50.2964 -2049.61 -288.589 -10.072 -10.072
9.83 -49.9703 -2008.88 -267.374 -10.1247 -10.1247
9.84 -49.29 -1932.3 -238.649 -9.71763 -9.71763
9.85 -48.2201 -1823.24 -202.302 -8.84676 -8.84676
9.86 -46.6946 -1687.2 -159.034 -7.73497 -7.73497
9.87 -44.6747 -1527.73 -109.848 -6.69511 -6.69511
9.88 -42.1594 -1347.08 -55.7767 -5.91575 -5.91575
9.89 -39.1881 -1147.07 2.20413 -5.4178 -5.4178
9.9 -35.8445 -930.278 63.0121 -5.13739 -5.13739
9.91 -32.2429 -698.518 125.717 -4.94919 -4.94919
9.92 -28.5323 -451.69 189.784 -4.7267 -4.7267
9.93 -24.9013 -188.552 253.314 -4.54423 -4.54423
9.94 -21.1808 90.9277 318.135 -4.51022 -4.51022
9.95 -17.4086 381.18 384.789 -4.40033 -4.40033
9.96 -13.7857 678.611 452.686 -4.1897 -4.1897
9.97 -10.2119 976.579 517.124 -4.41004 -4.41004
9.98 -6.79943 1264.91 574.613 -5.31852 -5.31852
9.99 -3.52807 1534.45 622.508 -6.5414 -6.5414
10 -0.589428 1768.16 654.212 -7.63243 -7.63243
