0.1 -4.185 -22.8469 -7.23819 -3.66366e-012 -3.66366e-012
0.2 -8.37 -45.6904 -14.474 -2.95299e-012 -2.95299e-012
0.3 -12.555 -68.5304 -21.7076 4.08084e-010 4.08084e-010
0.4 -16.74 -91.3671 -28.9387 4.43108e-010 4.43108e-010
0.5 -20.925 -114.2 -36.1675 4.14503e-010 4.14503e-010
0.6 -25.11 -137.03 -43.394 4.29423e-010 4.29423e-010
0.7 -29.295 -159.856 -50.6181 4.69121e-010 4.69121e-010
0.8 -33.48 -182.679 -57.8398 2.77266e-010 2.77266e-010
0.9 -37.665 -205.499 -65.0592 2.18109e-010 2.18109e-010
1 -41.85 -228.315 -72.2762 2.4726e-010 2.4726e-010
0.01 -40.8759 -229.015 -62.5821 27.0418 27.0418
0.02 -39.8926 -228.962 -49.3496 89.3717 89.3717
0.03 -41.0662 -230.094 -69.4005 81.0113 81.0113
0.04 -41.7698 -234.514 -86.027 -50.1504 -50.1504
0.05 -41.5249 -238.115 -82.0287 -160.875 -160.875
0.06 -41.6636 -238.008 -78.7321 -141.487 -141.487
0.07 -41.6151 -235.638 -68.7032 -51.0665 -51.0665
0.08 -41.646 -233.788 -61.5925 17.2149 17.2149
0.09 -41.6456 -233.105 -57.8096 38.3391 38.3391
0.1 -41.6559 -233.003 -58.7579 38.1062 38.1062
0.11 -41.6582 -232.686 -63.1149 45.7697 45.7697
0.12 -41.6612 -231.855 -69.3791 67.5527 67.5527
0.13 -41.6631 -230.915 -75.8171 80.61 80.61
0.14 -41.6666 -230.504 -81.0525 57.2428 57.2428
0.15 -41.6716 -230.565 -83.7659 2.15754 2.15754
0.16 -41.6769 -230.323 -83.0724 -48.0296 -48.0296
0.17 -41.679 -229.324 -79.3507 -66.6737 -66.6737
0.18 -41.6742 -228.035 -74.4115 -62.0608 -62.0608
0.19 -41.6588 -227.188 -70.4365 -55.0794 -55.0794
0.2 -41.6317 -226.924 -68.7467 -48.7228 -48.7228
0.21 -41.5939 -226.851 -69.4833 -30.9697 -30.9697
0.22 -41.5492 -226.683 -72.0473 1.82549 1.82549
0.23 -41.5027 -226.51 -75.5247 36.7244 36.7244
0.24 -41.4601 -226.523 -78.8602 57.5478 57.5478
0.25 -41.4261 -226.71 -81.0503 58.8319 58.8319
0.26 -41.4037 -226.879 -81.4933 46.0149 46.0149
0.27 -41.3933 -226.857 -80.296 26.8223 26.8223
0.28 -41.3929 -226.615 -78.2582 5.21791 5.21791
0.29 -41.3989 -226.223 -76.5072 -17.5273 -17.5273
0.3 -41.4074 -225.717 -75.9934 -38.4799 -38.4799
0.31 -41.4152 -225.018 -77.1189 -51.7177 -51.7177
0.32 -41.4199 -224.019 -79.6562 -52.0157 -52.0157
0.33 -41.4205 -222.728 -82.9056 -39.3022 -39.3022
0.34 -41.4172 -221.289 -85.9725 -18.7725 -18.7725
0.35 -41.4103 -219.891 -88.0425 3.07303 3.07303
0.36 -41.4004 -218.695 -88.6129 21.7793 21.7793
0.37 -41.3873 -217.823 -87.6513 34.8859 34.8859
0.38 -41.3712 -217.38 -85.6084 40.3844 40.3844
0.39 -41.3516 -217.435 -83.2518 36.685 36.685
0.4 -41.3288 -217.979 -81.3933 24.1555 24.1555
0.41 -41.3036 -218.893 -80.6069 5.98922 5.98922
0.42 -41.278 -219.973 -81.0536 -12.8893 -12.8893
0.43 -41.2547 -220.993 -82.4608 -27.9047 -27.9047
0.44 -41.2367 -221.765 -84.247 -36.2052 -36.2052
0.45 -41.227 -222.167 -85.7458 -36.7757 -36.7757
0.46 -41.2274 -222.162 -86.4379 -29.9955 -29.9955
0.47 -41.2382 -221.777 -86.112 -17.427 -17.427
0.48 -41.2585 -221.118 -84.9102 -1.81719 -1.81719
0.49 -41.2857 -220.349 -83.2599 13.247 13.247
0.5 -41.3168 -219.637 -81.7187 24.2707 24.2707
0.51 -41.3482 -219.102 -80.7733 28.9212 28.9212
0.52 -41.377 -218.821 -80.6625 26.5945 26.5945
0.53 -41.4013 -218.82 -81.303 18.2905 18.2905
0.54 -41.4199 -219.055 -82.3495 6.12198 6.12198
0.55 -41.4326 -219.438 -83.3367 -7.18578 -7.18578
0.56 -41.4397 -219.905 -83.8094 -18.7606 -18.7606
0.57 -41.4428 -220.462 -83.427 -26.1269 -26.1269
0.58 -41.4434 -221.141 -82.0782 -27.7901 -27.7901
0.59 -41.4429 -221.928 -79.9483 -23.6227 -23.6227
0.6 -41.4424 -222.743 -77.4624 -14.8487 -14.8487
0.61 -41.4426 -223.521 -75.1276 -3.64673 -3.64673
0.62 -41.445 -224.256 -73.3527 7.42547 7.42547
0.63 -41.4506 -224.92 -72.3304 15.9922 15.9922
0.64 -41.4607 -225.431 -72.0179 20.3175 20.3175
0.65 -41.4761 -225.779 -72.1814 19.6337 19.6337
0.66 -41.4976 -226.045 -72.4999 14.292 14.292
0.67 -41.5247 -226.275 -72.6897 5.66939 5.66939
0.68 -41.5563 -226.434 -72.5653 -4.17742 -4.17742
0.69 -41.5902 -226.488 -72.0585 -13.0192 -13.0192
0.7 -41.624 -226.437 -71.2446 -18.9673 -18.9673
0.71 -41.655 -226.3 -70.3291 -20.8641 -20.8641
0.72 -41.6808 -226.148 -69.5651 -18.4859 -18.4859
0.73 -41.6998 -226.105 -69.1303 -12.5449 -12.5449
0.74 -41.7115 -226.297 -69.0216 -4.50136 -4.50136
0.75 -41.7169 -226.804 -69.0668 3.78121 3.78121
0.76 -41.717 -227.624 -69.0566 10.4661 10.4661
0.77 -41.7133 -228.661 -68.8508 14.1551 14.1551
0.78 -41.7072 -229.741 -68.3958 14.1806 14.1806
0.79 -41.7 -230.684 -67.711 10.7143 10.7143
0.8 -41.6932 -231.4 -66.8815 4.6839 4.6839
0.81 -41.6881 -231.862 -66.0646 -2.46707 -2.46707
0.82 -41.6851 -232.057 -65.4699 -9.11734 -9.11734
0.83 -41.6843 -231.98 -65.264 -13.8301 -13.8301
0.84 -41.6856 -231.647 -65.4767 -15.6614 -15.6614
0.85 -41.6884 -231.051 -66.0139 -14.3468 -14.3468
0.86 -41.692 -230.174 -66.7127 -10.3271 -10.3271
0.87 -41.6956 -229.124 -67.3637 -4.61622 -4.61622
0.88 -41.699 -228.132 -67.7803 1.45227 1.45227
0.89 -41.7014 -227.32 -67.9083 6.53258 6.53258
0.9 -41.7009 -226.612 -67.8489 9.56068 9.56068
0.91 -41.696 -225.909 -67.7455 9.97243 9.97243
0.92 -41.6865 -225.286 -67.6387 7.80335 7.80335
0.93 -41.6739 -224.922 -67.4579 3.65258 3.65258
0.94 -41.6592 -224.854 -67.1706 -1.47562 -1.47562
0.95 -41.6428 -224.917 -66.9014 -6.41183 -6.41183
0.96 -41.6246 -224.894 -66.8376 -10.0856 -10.0856
0.97 -41.6055 -224.691 -67.0079 -11.7549 -11.7549
0.98 -41.5878 -224.396 -67.2405 -11.152 -11.152
0.99 -41.5734 -224.085 -67.3585 -8.51893 -8.51893
1 -41.5626 -223.687 -67.3462 -4.52938 -4.52938
1.01 -41.5551 -223.161 -67.3472 -0.120011 -0.120011
1.02 -41.5503 -222.575 -67.5369 3.7264 3.7264
1.03 -41.5473 -221.913 -67.954 6.19692 6.19692
1.04 -41.5453 -221.051 -68.4644 6.81692 6.81692
1.05 -41.5434 -219.995 -68.9183 5.53805 5.53805
1.06 -41.5411 -218.954 -69.2801 2.73012 2.73012
1.07 -41.5379 -218.129 -69.5925 -0.91917 -0.91917
1.08 -41.5324 -217.492 -69.9102 -4.57109 -4.57109
1.09 -41.5237 -216.929 -70.2361 -7.42738 -7.42738
1.1 -41.5122 -216.531 -70.4743 -8.90216 -8.90216
1.11 -41.4997 -216.489 -70.4873 -8.73876 -8.73876
1.12 -41.4872 -216.721 -70.224 -7.05012 -7.05012
1.13 -41.4744 -216.916 -69.8076 -4.27703 -4.27703
1.14 -41.461 -216.915 -69.5207 -1.0761 -1.0761
1.15 -41.4469 -216.699 -69.6626 1.8339 1.8339
1.16 -41.4318 -216.17 -70.3543 3.83075 3.83075
1.17 -41.4164 -215.33 -71.4128 4.51922 4.51922
1.18 -41.4021 -214.343 -72.4327 3.80752 3.80752
1.19 -41.3903 -213.396 -73.0832 1.91496 1.91496
1.2 -41.381 -212.645 -73.318 -0.689346 -0.689346
1.21 -41.3736 -212.176 -73.3024 -3.40085 -3.40085
1.22 -41.3674 -212.005 -73.2347 -5.61935 -5.61935
1.23 -41.3621 -212.112 -73.2515 -6.88133 -6.88133
1.24 -41.3577 -212.41 -73.3972 -6.95543 -6.95543
1.25 -41.354 -212.696 -73.6366 -5.88188 -5.88188
1.26 -41.3506 -212.749 -73.9109 -3.95035 -3.95035
1.27 -41.3475 -212.503 -74.1624 -1.62419 -1.62419
1.28 -41.3449 -212.035 -74.3352 0.569236 0.569236
1.29 -41.3432 -211.527 -74.3874 2.15663 2.15663
1.3 -41.343 -211.185 -74.2842 2.81942 2.81942
1.31 -41.344 -211.015 -74.0158 2.4562 2.4562
1.32 -41.3452 -210.865 -73.6717 1.19482 1.19482
1.33 -41.3456 -210.695 -73.4559 -0.645818 -0.645818
1.34 -41.344 -210.448 -73.5612 -2.6345 -2.6345
1.35 -41.3394 -209.879 -73.9552 -4.32858 -4.32858
1.36 -41.3322 -208.932 -74.322 -5.37231 -5.37231
1.37 -41.3247 -207.987 -74.3292 -5.56923 -5.56923
1.38 -41.319 -207.58 -73.9308 -4.9158 -4.9158
1.39 -41.3155 -207.987 -73.4121 -3.59336 -3.59336
1.4 -41.3136 -209.09 -73.1645 -1.92206 -1.92206
1.41 -41.3136 -210.662 -73.2603 -0.285929 -0.285929
1.42 -41.3179 -212.468 -73.3107 0.9546 0.9546
1.43 -41.3283 -214.104 -72.9037 1.54254 1.54254
1.44 -41.3449 -215.277 -72.0262 1.37884 1.37884
1.45 -41.3675 -216.144 -71.0382 0.538317 0.538317
1.46 -41.3964 -217.147 -70.3425 -0.757109 -0.757109
1.47 -41.432 -218.612 -69.9797 -2.19881 -2.19881
1.48 -41.4759 -220.681 -69.5507 -3.46589 -3.46589
1.49 -41.5298 -223.552 -68.6258 -4.29366 -4.29366
1.5 -41.5947 -227.35 -67.1297 -4.52425 -4.52425
1.51 -41.6677 -231.517 -65.2956 -4.13497 -4.13497
1.52 -41.7433 -234.843 -63.3856 -3.23943 -3.23943
1.53 -41.8173 -236.546 -61.4839 -2.0574 -2.0574
1.54 -41.8893 -236.969 -59.5496 -0.859391 -0.859391
1.55 -41.9591 -236.956 -57.6159 0.0962785 0.0962785
1.56 -42.0254 -237.107 -55.8051 0.616743 0.616743
1.57 -42.0857 -237.711 -54.2358 0.609984 0.609984
1.58 -42.1379 -238.893 -53.06 0.0996167 0.0996167
1.59 -42.1798 -240.695 -52.462 -0.783785 -0.783785
1.6 -42.2114 -243.183 -52.4744 -1.83434 -1.83434
1.61 -42.2347 -246.353 -52.733 -2.81858 -2.81858
1.62 -42.2524 -249.768 -52.6233 -3.52771 -3.52771
1.63 -42.2637 -252.402 -51.9731 -3.82138 -3.82138
1.64 -42.2642 -253.024 -51.3554 -3.65321 -3.65321
1.65 -42.2495 -251.094 -51.4291 -3.07602 -3.07602
1.66 -42.2211 -247.275 -52.2064 -2.22848 -2.22848
1.67 -42.184 -242.884 -53.11 -1.30562 -1.30562
1.68 -42.1421 -238.991 -53.574 -0.515514 -0.515514
1.69 -42.0962 -236.008 -53.5393 -0.0301049 -0.0301049
1.7 -42.0452 -233.876 -53.3098 0.0545926 0.0545926
1.71 -41.9884 -232.186 -53.0939 -0.262842 -0.262842
1.72 -41.9255 -230.235 -52.9582 -0.894144 -0.894144
1.73 -41.8564 -227.507 -53.0642 -1.6845 -1.6845
1.74 -41.7825 -224.089 -53.7 -2.44811 -2.44811
1.75 -41.7057 -220.428 -55.1378 -3.01132 -3.01132
1.76 -41.6275 -216.933 -57.5216 -3.25414 -3.25414
1.77 -41.5497 -214.018 -60.7996 -3.13786 -3.13786
1.78 -41.4755 -212.225 -64.6424 -2.71007 -2.71007
1.79 -41.408 -211.708 -68.4788 -2.08779 -2.08779
1.8 -41.347 -211.741 -71.8642 -1.42594 -1.42594
1.81 -41.2892 -211.223 -74.8282 -0.878107 -0.878107
1.82 -41.2309 -209.459 -77.6872 -0.559274 -0.559274
1.83 -41.1707 -206.401 -80.5994 -0.522668 -0.522668
1.84 -41.1092 -202.453 -83.3756 -0.755482 -0.755482
1.85 -41.0485 -198.287 -85.5956 -1.18864 -1.18864
1.86 -40.9919 -194.787 -86.9192 -1.71463 -1.71463
1.87 -40.9402 -192.41 -87.3779 -2.21198 -2.21198
1.88 -40.8893 -190.334 -87.3615 -2.57351 -2.57351
1.89 -40.8329 -187.189 -87.329 -2.72992 -2.72992
1.9 -40.7708 -183.005 -87.5656 -2.66016 -2.66016
1.91 -40.7087 -179.402 -88.1338 -2.38904 -2.38904
1.92 -40.6538 -177.904 -88.9599 -1.98025 -1.98025
1.93 -40.6107 -179.098 -89.9968 -1.52606 -1.52606
1.94 -40.5831 -183.002 -91.3224 -1.12842 -1.12842
1.95 -40.5749 -189.266 -93.0276 -0.874356 -0.874356
1.96 -40.5876 -196.904 -95.0819 -0.816304 -0.816304
1.97 -40.6207 -204.338 -97.3305 -0.962625 -0.962625
1.98 -40.6729 -210.282 -99.5307 -1.27672 -1.27672
1.99 -40.7436 -214.47 -101.442 -1.68421 -1.68421
2 -40.8326 -217.481 -102.859 -2.09017 -2.09017
2.01 -40.9387 -220.115 -103.525 -2.40323 -2.40323
2.02 -41.059 -222.86 -103.099 -2.55783 -2.55783
2.03 -41.1895 -225.953 -101.283 -2.5274 -2.5274
2.04 -41.326 -229.616 -98.0944 -2.32669 -2.32669
2.05 -41.4624 -233.647 -93.9831 -2.00529 -2.00529
2.06 -41.5907 -237.361 -89.5836 -1.63532 -1.63532
2.07 -41.7071 -240.664 -85.3776 -1.29527 -1.29527
2.08 -41.8132 -244.488 -81.5764 -1.05277 -1.05277
2.09 -41.913 -249.861 -78.2424 -0.952034 -0.952034
2.1 -42.0086 -256.95 -75.4991 -1.0085 -1.0085
2.11 -42.1 -265.104 -73.5387 -1.20702 -1.20702
2.12 -42.1884 -273.713 -72.4244 -1.50314 -1.50314
2.13 -42.2773 -282.577 -72.0228 -1.83181 -1.83181
2.14 -42.3706 -291.508 -72.0604 -2.1234 -2.1234
2.15 -42.4697 -299.913 -72.1688 -2.32077 -2.32077
2.16 -42.5733 -306.743 -72.0183 -2.39032 -2.39032
2.17 -42.6777 -311.136 -71.5074 -2.32535 -2.32535
2.18 -42.78 -313.36 -70.8322 -2.14423 -2.14423
2.19 -42.8781 -314.43 -70.2397 -1.88675 -1.88675
2.2 -42.9673 -314.662 -69.6827 -1.60992 -1.60992
2.21 -43.0414 -313.576 -68.822 -1.37825 -1.37825
2.22 -43.0946 -311.003 -67.3261 -1.24583 -1.24583
2.23 -43.1239 -307.479 -65.1183 -1.23781 -1.23781
2.24 -43.1272 -303.714 -62.4767 -1.34334 -1.34334
2.25 -43.1024 -300.143 -59.9434 -1.52398 -1.52398
2.26 -43.0497 -297.142 -58.1131 -1.72949 -1.72949
2.27 -42.9707 -294.945 -57.4377 -1.91081 -1.91081
2.28 -42.868 -293.144 -58.0554 -2.0289 -2.0289
2.29 -42.7451 -291.025 -59.7946 -2.06264 -2.06264
2.3 -42.6079 -288.28 -62.3539 -2.01284 -2.01284
2.31 -42.4628 -284.845 -65.3996 -1.89891 -1.89891
2.32 -42.3151 -280.503 -68.542 -1.75275 -1.75275
2.33 -42.1694 -275.058 -71.4096 -1.61204 -1.61204
2.34 -42.0292 -268.56 -73.8148 -1.51059 -1.51059
2.35 -41.8967 -261.219 -75.7767 -1.46919 -1.46919
2.36 -41.7723 -253.211 -77.3847 -1.49279 -1.49279
2.37 -41.6563 -244.779 -78.68 -1.57287 -1.57287
2.38 -41.5484 -236.175 -79.6196 -1.69058 -1.69058
2.39 -41.4459 -227.098 -80.0801 -1.82042 -1.82042
2.4 -41.3453 -217.008 -79.8241 -1.93533 -1.93533
2.41 -41.2455 -205.959 -78.4827 -2.01144 -2.01144
2.42 -41.1467 -194.435 -75.8057 -2.0313 -2.0313
2.43 -41.0485 -183.16 -72.1105 -1.98686 -1.98686
2.44 -40.9516 -173.381 -68.337 -1.88197 -1.88197
2.45 -40.8574 -166.264 -65.4439 -1.73465 -1.73465
2.46 -40.7675 -161.8 -63.7826 -1.57825 -1.57825
2.47 -40.6831 -158.972 -63.0896 -1.45588 -1.45588
2.48 -40.6069 -156.815 -62.8943 -1.40504 -1.40504
2.49 -40.5433 -155.01 -62.8369 -1.44142 -1.44142
2.5 -40.4978 -153.836 -62.7064 -1.5537 -1.5537
2.51 -40.4753 -153.705 -62.418 -1.7109 -1.7109
2.52 -40.4781 -154.741 -62.073 -1.87491 -1.87491
2.53 -40.506 -156.77 -61.8574 -2.01092 -2.01092
2.54 -40.5571 -159.298 -61.8276 -2.09432 -2.09432
2.55 -40.6272 -161.563 -61.8687 -2.11477 -2.11477
2.56 -40.7112 -162.94 -61.7881 -2.07602 -2.07602
2.57 -40.8038 -163.288 -61.4639 -1.9916 -1.9916
2.58 -40.8994 -163.005 -60.9244 -1.88 -1.88
2.59 -40.9939 -162.916 -60.212 -1.7616 -1.7616
2.6 -41.0844 -163.946 -59.2725 -1.65655 -1.65655
2.61 -41.1681 -166.659 -58.1295 -1.58189 -1.58189
2.62 -41.2415 -171.037 -57.0623 -1.54817 -1.54817
2.63 -41.3017 -176.66 -56.4097 -1.55766 -1.55766
2.64 -41.3497 -183.348 -56.199 -1.60459 -1.60459
2.65 -41.3931 -191.676 -56.1121 -1.67607 -1.67607
2.66 -41.4417 -202.288 -55.8806 -1.75439 -1.75439
2.67 -41.5014 -214.874 -55.7132 -1.82162 -1.82162
2.68 -41.5737 -228.204 -56.2439 -1.86423 -1.86423
2.69 -41.659 -240.976 -57.9538 -1.87576 -1.87576
2.7 -41.7607 -252.686 -60.7048 -1.85765 -1.85765
2.71 -41.8841 -263.528 -63.7822 -1.8183 -1.8183
2.72 -42.0311 -273.454 -66.3077 -1.77075 -1.77075
2.73 -42.1968 -281.687 -67.8236 -1.72878 -1.72878
2.74 -42.3703 -287.483 -68.6928 -1.70111 -1.70111
2.75 -42.54 -291.111 -69.7806 -1.68775 -1.68775
2.76 -42.6966 -293.516 -71.5702 -1.6836 -1.6836
2.77 -42.8323 -295.503 -73.8713 -1.6858 -1.6858
2.78 -42.9395 -297.615 -76.4508 -1.69532 -1.69532
2.79 -43.01 -300.015 -79.4148 -1.71241 -1.71241
2.8 -43.0366 -302.307 -82.7437 -1.7346 -1.7346
2.81 -43.0183 -304.299 -85.9151 -1.7582 -1.7582
2.82 -42.9614 -306.604 -88.23 -1.77739 -1.77739
2.83 -42.8757 -309.973 -89.3645 -1.7838 -1.7838
2.84 -42.7702 -314.591 -89.6263 -1.77089 -1.77089
2.85 -42.653 -319.864 -89.6764 -1.73837 -1.73837
2.86 -42.5323 -324.838 -90.1287 -1.69293 -1.69293
2.87 -42.4166 -328.734 -91.4781 -1.64626 -1.64626
2.88 -42.3131 -330.794 -93.9344 -1.61246 -1.61246
2.89 -42.2269 -330.2 -97.1237 -1.60525 -1.60525
2.9 -42.1618 -326.625 -100.282 -1.63196 -1.63196
2.91 -42.1188 -320.417 -102.885 -1.68788 -1.68788
2.92 -42.0932 -312.178 -104.989 -1.75681 -1.75681
2.93 -42.0765 -302.561 -106.899 -1.81747 -1.81747
2.94 -42.0597 -292.218 -108.696 -1.85189 -1.85189
2.95 -42.0336 -281.638 -110.22 -1.8525 -1.8525
2.96 -41.9898 -271.206 -111.323 -1.82332 -1.82332
2.97 -41.9228 -261.494 -111.807 -1.77452 -1.77452
2.98 -41.8332 -253.266 -111.263 -1.71908 -1.71908
2.99 -41.7239 -246.912 -109.243 -1.67144 -1.67144
3 -41.5991 -241.97 -105.584 -1.64388 -1.64388
3.01 -41.4628 -237.409 -100.508 -1.64298 -1.64298
3.02 -41.3214 -232.393 -94.4168 -1.66768 -1.66768
3.03 -41.1846 -226.615 -87.6273 -1.70887 -1.70887
3.04 -41.064 -220.315 -80.3584 -1.75266 -1.75266
3.05 -40.9704 -214.141 -73.0235 -1.78624 -1.78624
3.06 -40.9112 -208.563 -66.2486 -1.8027 -1.8027
3.07 -40.8889 -203.219 -60.3234 -1.80353 -1.80353
3.08 -40.902 -197.046 -54.9887 -1.7983 -1.7983
3.09 -40.9469 -189.42 -49.8754 -1.79872 -1.79872
3.1 -41.0198 -180.861 -44.8484 -1.80911 -1.80911
3.11 -41.1137 -172.228 -40.1006 -1.82419 -1.82419
3.12 -41.2157 -163.557 -35.9624 -1.83694 -1.83694
3.13 -41.3102 -154.201 -32.4922 -1.84527 -1.84527
3.14 -41.3851 -144.233 -29.4685 -1.85092 -1.85092
3.15 -41.4349 -135.149 -26.6318 -1.85456 -1.85456
3.16 -41.459 -128.876 -23.7432 -1.85463 -1.85463
3.17 -41.4591 -126.719 -20.6485 -1.85172 -1.85172
3.18 -41.4386 -128.845 -17.316 -1.85166 -1.85166
3.19 -41.4004 -133.84 -13.7175 -1.86295 -1.86295
3.2 -41.3484 -139.361 -9.76327 -1.89076 -1.89076
3.21 -41.2916 -143.966 -5.35839 -1.93004 -1.93004
3.22 -41.2452 -147.976 -0.506699 -1.96339 -1.96339
3.23 -41.2253 -152.547 4.49736 -1.96866 -1.96866
3.24 -41.2433 -158.43 9.02958 -1.93253 -1.93253
3.25 -41.305 -165.658 12.3294 -1.85978 -1.85978
3.26 -41.4094 -173.627 13.5791 -1.77152 -1.77152
3.27 -41.5484 -181.036 12.0462 -1.69516 -1.69516
3.28 -41.709 -186.427 7.5039 -1.65468 -1.65468
3.29 -41.8791 -189.383 0.534605 -1.66365 -1.66365
3.3 -42.0499 -190.888 -7.60719 -1.72035 -1.72035
3.31 -42.2135 -192.453 -15.4662 -1.8079 -1.8079
3.32 -42.36 -195.066 -21.9239 -1.89956 -1.89956
3.33 -42.4787 -199.208 -26.553 -1.9666 -1.9666
3.34 -42.5632 -205.684 -29.6233 -1.98647 -1.98647
3.35 -42.6121 -215.329 -31.8214 -1.94977 -1.94977
3.36 -42.6254 -227.739 -33.9843 -1.86564 -1.86564
3.37 -42.6034 -241.155 -36.8733 -1.76118 -1.76118
3.38 -42.5495 -253.485 -40.826 -1.67137 -1.67137
3.39 -42.472 -263.264 -45.5328 -1.6245 -1.6245
3.4 -42.3852 -270.449 -50.2676 -1.63062 -1.63062
3.41 -42.307 -276.536 -54.3926 -1.67817 -1.67817
3.42 -42.2529 -283.267 -57.7206 -1.74039 -1.74039
3.43 -42.2305 -291.049 -60.6015 -1.78919 -1.78919
3.44 -42.2383 -298.8 -63.7219 -1.80853 -1.80853
3.45 -42.2707 -305.034 -67.7056 -1.79715 -1.79715
3.46 -42.3213 -308.908 -72.8861 -1.76231 -1.76231
3.47 -42.3838 -310.53 -79.2809 -1.71431 -1.71431
3.48 -42.4522 -310.612 -86.5345 -1.66484 -1.66484
3.49 -42.5197 -310.01 -93.9359 -1.62743 -1.62743
3.5 -42.5808 -309.76 -100.64 -1.61385 -1.61385
3.51 -42.6316 -311.001 -105.95 -1.62666 -1.62666
3.52 -42.6672 -313.937 -109.582 -1.6596 -1.6596
3.53 -42.6786 -317.341 -111.805 -1.70382 -1.70382
3.54 -42.6581 -319.775 -113.228 -1.74827 -1.74827
3.55 -42.6049 -320.906 -114.442 -1.77948 -1.77948
3.56 -42.5253 -321.688 -115.792 -1.78797 -1.78797
3.57 -42.4305 -323.334 -117.284 -1.77206 -1.77206
3.58 -42.3307 -326.088 -118.615 -1.73858 -1.73858
3.59 -42.2341 -328.965 -119.266 -1.70287 -1.70287
3.6 -42.1454 -330.22 -118.761 -1.68203 -1.68203
3.61 -42.0665 -328.281 -117.044 -1.68413 -1.68413
3.62 -42.0005 -322.956 -114.62 -1.70403 -1.70403
3.63 -41.9503 -315.652 -112.232 -1.72613 -1.72613
3.64 -41.9182 -308.148 -110.383 -1.73222 -1.73222
3.65 -41.9037 -301.215 -109.063 -1.7149 -1.7149
3.66 -41.9016 -294.544 -107.943 -1.68406 -1.68406
3.67 -41.9061 -287.669 -106.596 -1.65788 -1.65788
3.68 -41.9123 -280.464 -104.58 -1.64982 -1.64982
3.69 -41.915 -272.975 -101.848 -1.66303 -1.66303
3.7 -41.9074 -265.386 -99.0303 -1.69141 -1.69141
3.71 -41.8833 -258.072 -96.99 -1.72444 -1.72444
3.72 -41.8378 -251.2 -96.2754 -1.75425 -1.75425
3.73 -41.7679 -244.535 -96.8492 -1.77908 -1.77908
3.74 -41.6742 -237.856 -97.9699 -1.80167 -1.80167
3.75 -41.5606 -231.127 -98.6483 -1.8254 -1.8254
3.76 -41.4306 -224.286 -98.3714 -1.84999 -1.84999
3.77 -41.2872 -217.131 -97.1332 -1.87059 -1.87059
3.78 -41.1338 -209.448 -95.0879 -1.88054 -1.88054
3.79 -40.9754 -201.292 -92.5028 -1.8744 -1.8744
3.8 -40.8176 -192.906 -89.754 -1.84981 -1.84981
3.81 -40.6664 -184.515 -87.0306 -1.8092 -1.8092
3.82 -40.5298 -176.424 -84.0207 -1.76103 -1.76103
3.83 -40.4164 -168.896 -80.0729 -1.7179 -1.7179
3.84 -40.3307 -161.842 -75.1108 -1.69057 -1.69057
3.85 -40.2709 -155.13 -70.3104 -1.68162 -1.68162
3.86 -40.233 -148.938 -67.1354 -1.68505 -1.68505
3.87 -40.2158 -143.639 -65.9692 -1.69409 -1.69409
3.88 -40.2199 -139.601 -66.223 -1.7088 -1.7088
3.89 -40.2444 -137.081 -67.2462 -1.73373 -1.73373
3.9 -40.2863 -136.349 -68.7613 -1.76979 -1.76979
3.91 -40.3434 -137.938 -70.5909 -1.81131 -1.81131
3.92 -40.4171 -142.54 -72.1869 -1.85069 -1.85069
3.93 -40.5094 -150.081 -72.726 -1.88472 -1.88472
3.94 -40.6182 -159.132 -71.6207 -1.91533 -1.91533
3.95 -40.7398 -167.813 -68.6036 -1.94405 -1.94405
3.96 -40.8733 -174.981 -63.5817 -1.96565 -1.96565
3.97 -41.0185 -180.326 -56.8213 -1.96803 -1.96803
3.98 -41.1738 -183.924 -48.9704 -1.93978 -1.93978
3.99 -41.3367 -186.023 -40.6767 -1.87891 -1.87891
4 -41.5067 -187.548 -32.3469 -1.7952 -1.7952
4.01 -41.6869 -190.326 -24.1737 -1.70564 -1.70564
4.02 -41.8791 -195.768 -16.4376 -1.6289 -1.6289
4.03 -42.0789 -203.84 -9.85865 -1.58183 -1.58183
4.04 -42.28 -213.93 -5.32784 -1.57626 -1.57626
4.05 -42.478 -225.553 -3.35972 -1.61482 -1.61482
4.06 -42.6686 -237.768 -3.905 -1.69016 -1.69016
4.07 -42.8475 -249.298 -6.35586 -1.78797 -1.78797
4.08 -43.0143 -259.82 -9.62659 -1.88898 -1.88898
4.09 -43.1737 -270.095 -12.3623 -1.97159 -1.97159
4.1 -43.3298 -280.725 -13.3858 -2.01754 -2.01754
4.11 -43.4837 -291.636 -12.1823 -2.01857 -2.01857
4.12 -43.6328 -302.155 -9.05753 -1.97831 -1.97831
4.13 -43.771 -310.933 -4.86371 -1.90857 -1.90857
4.14 -43.8918 -316.796 -0.572855 -1.82514 -1.82514
4.15 -43.9929 -319.893 2.98553 -1.74375 -1.74375
4.16 -44.0747 -321.375 5.20814 -1.67593 -1.67593
4.17 -44.1378 -322.491 5.73875 -1.62801 -1.62801
4.18 -44.1814 -323.97 4.53099 -1.60355 -1.60355
4.19 -44.2037 -325.743 1.9688 -1.60473 -1.60473
4.2 -44.203 -327.361 -1.27658 -1.63032 -1.63032
4.21 -44.1779 -328.432 -4.77261 -1.67248 -1.67248
4.22 -44.125 -328.457 -8.6657 -1.71593 -1.71593
4.23 -44.0413 -327.172 -13.397 -1.74365 -1.74365
4.24 -43.9274 -324.95 -19.2054 -1.745 -1.745
4.25 -43.785 -321.888 -25.9187 -1.7207 -1.7207
4.26 -43.6152 -317.426 -33.0502 -1.68392 -1.68392
4.27 -43.4206 -311.318 -40.0686 -1.65337 -1.65337
4.28 -43.2053 -303.737 -46.57 -1.64248 -1.64248
4.29 -42.9733 -294.811 -52.2506 -1.65472 -1.65472
4.3 -42.7302 -285.166 -57.0134 -1.68585 -1.68585
4.31 -42.4831 -276.006 -61.2104 -1.72552 -1.72552
4.32 -42.2361 -267.876 -65.5457 -1.75946 -1.75946
4.33 -41.9897 -260.128 -70.6224 -1.7767 -1.7767
4.34 -41.7445 -251.709 -76.509 -1.77526 -1.77526
4.35 -41.5028 -241.811 -82.6705 -1.76047 -1.76047
4.36 -41.267 -230.069 -88.4829 -1.7386 -1.7386
4.37 -41.0384 -216.847 -93.8098 -1.71136 -1.71136
4.38 -40.818 -203.257 -98.8788 -1.67687 -1.67687
4.39 -40.6092 -190.9 -103.699 -1.63586 -1.63586
4.4 -40.4179 -181.234 -107.844 -1.59581 -1.59581
4.41 -40.2472 -174.461 -110.837 -1.56945 -1.56945
4.42 -40.0952 -169.324 -112.622 -1.5685 -1.5685
4.43 -39.9571 -163.978 -113.565 -1.59675 -1.59675
4.44 -39.8278 -156.7 -114.079 -1.64677 -1.64677
4.45 -39.705 -146.787 -114.312 -1.70215 -1.70215
4.46 -39.5925 -135.576 -114.28 -1.74314 -1.74314
4.47 -39.4969 -125.756 -114.212 -1.75333 -1.75333
4.48 -39.4226 -119.309 -114.4 -1.72768 -1.72768
4.49 -39.371 -116.557 -114.667 -1.67863 -1.67863
4.5 -39.3432 -116.726 -114.319 -1.63319 -1.63319
4.51 -39.3391 -118.294 -112.72 -1.62018 -1.62018
4.52 -39.3549 -119.213 -109.721 -1.65445 -1.65445
4.53 -39.3879 -118.266 -105.445 -1.72737 -1.72737
4.54 -39.4408 -115.925 -99.8787 -1.81024 -1.81024
4.55 -39.5182 -113.447 -92.9925 -1.86899 -1.86899
4.56 -39.6223 -112.157 -85.194 -1.87978 -1.87978
4.57 -39.7534 -113.259 -77.2537 -1.83686 -1.83686
4.58 -39.9094 -116.994 -69.7762 -1.75386 -1.75386
4.59 -40.0836 -122.03 -62.9767 -1.66147 -1.66147
4.6 -40.2658 -126.227 -56.8647 -1.59721 -1.59721
4.61 -40.4482 -128.472 -51.358 -1.58775 -1.58775
4.62 -40.6296 -129.772 -46.1972 -1.63504 -1.63504
4.63 -40.8119 -131.961 -41.0686 -1.71671 -1.71671
4.64 -40.9908 -135.541 -35.9889 -1.80039 -1.80039
4.65 -41.1563 -139.616 -31.5135 -1.85939 -1.85939
4.66 -41.2988 -143.642 -28.5373 -1.87886 -1.87886
4.67 -41.4147 -148.22 -27.682 -1.85603 -1.85603
4.68 -41.5061 -154.239 -28.7104 -1.80206 -1.80206
4.69 -41.5766 -161.796 -30.638 -1.74257 -1.74257
4.7 -41.6279 -169.801 -32.383 -1.70919 -1.70919
4.71 -41.6594 -176.542 -33.2312 -1.72397 -1.72397
4.72 -41.6723 -181.135 -33.0156 -1.78512 -1.78512
4.73 -41.6711 -184.262 -32.2648 -1.86475 -1.86475
4.74 -41.6603 -187.085 -31.9507 -1.92264 -1.92264
4.75 -41.6423 -190.105 -32.8517 -1.92807 -1.92807
4.76 -41.6176 -192.993 -35.2647 -1.87582 -1.87582
4.77 -41.5838 -194.66 -39.1003 -1.78593 -1.78593
4.78 -41.5382 -194.208 -44.0286 -1.6889 -1.6889
4.79 -41.4824 -192.287 -49.6453 -1.61052 -1.61052
4.8 -41.4206 -190.576 -55.5558 -1.56545 -1.56545
4.81 -41.3557 -190.308 -61.5076 -1.5582 -1.5582
4.82 -41.2879 -192.04 -67.6247 -1.58551 -1.58551
4.83 -41.2166 -195.592 -74.107 -1.63733 -1.63733
4.84 -41.1399 -199.403 -80.547 -1.69992 -1.69992
4.85 -41.0565 -201.495 -86.1691 -1.75964 -1.75964
4.86 -40.9712 -202.235 -90.8227 -1.80236 -1.80236
4.87 -40.8952 -204.503 -95.2368 -1.81089 -1.81089
4.88 -40.8361 -210.135 -100.31 -1.77397 -1.77397
4.89 -40.7935 -217.882 -106.222 -1.70418 -1.70418
4.9 -40.7652 -225.06 -112.19 -1.63869 -1.63869
4.91 -40.7512 -229.932 -117.305 -1.61375 -1.61375
4.92 -40.7504 -232.167 -121.557 -1.63789 -1.63789
4.93 -40.7572 -231.978 -125.804 -1.6904 -1.6904
4.94 -40.7654 -230.197 -130.838 -1.73997 -1.73997
4.95 -40.7741 -228.793 -136.746 -1.76207 -1.76207
4.96 -40.7854 -229.674 -142.886 -1.74872 -1.74872
4.97 -40.7984 -232.994 -148.155 -1.7101 -1.7101
4.98 -40.8109 -237.746 -151.541 -1.66565 -1.66565
4.99 -40.8227 -243.587 -152.928 -1.63041 -1.63041
5 -40.8333 -250.544 -153.406 -1.60789 -1.60789
5.01 -40.8382 -257.584 -154.439 -1.59524 -1.59524
5.02 -40.8354 -263.35 -156.548 -1.59249 -1.59249
5.03 -40.831 -267.622 -159.005 -1.60236 -1.60236
5.04 -40.8337 -270.946 -160.808 -1.62288 -1.62288
5.05 -40.849 -273.979 -161.661 -1.64507 -1.64507
5.06 -40.8803 -277.917 -162.069 -1.65858 -1.65858
5.07 -40.9292 -283.779 -162.957 -1.65822 -1.65822
5.08 -40.9898 -290.665 -165.142 -1.64877 -1.64877
5.09 -41.0513 -296.261 -168.911 -1.64482 -1.64482
5.1 -41.1051 -298.986 -174.004 -1.66177 -1.66177
5.11 -41.145 -298.366 -179.783 -1.70371 -1.70371
5.12 -41.1633 -294.108 -185.46 -1.75933 -1.75933
5.13 -41.1529 -286.799 -190.45 -1.80926 -1.80926
5.14 -41.1142 -279.112 -194.425 -1.83558 -1.83558
5.15 -41.0531 -274.257 -197.048 -1.82721 -1.82721
5.16 -40.9717 -273.165 -198.188 -1.78518 -1.78518
5.17 -40.8673 -274.542 -198.355 -1.72458 -1.72458
5.18 -40.7389 -276.701 -198.499 -1.66655 -1.66655
5.19 -40.5876 -277.928 -199.493 -1.62858 -1.62858
5.2 -40.4141 -275.956 -201.735 -1.62018 -1.62018
5.21 -40.2211 -268.86 -204.691 -1.6415 -1.6415
5.22 -40.0213 -257.045 -206.722 -1.68232 -1.68232
5.23 -39.8337 -242.933 -205.754 -1.72261 -1.72261
5.24 -39.674 -228.928 -200.519 -1.74035 -1.74035
5.25 -39.5511 -216.639 -191.213 -1.7237 -1.7237
5.26 -39.4675 -206.558 -179.093 -1.67506 -1.67506
5.27 -39.4207 -197.642 -165.624 -1.60755 -1.60755
5.28 -39.4076 -188.395 -151.899 -1.5434 -1.5434
5.29 -39.4289 -178.398 -138.57 -1.50705 -1.50705
5.3 -39.4851 -167.766 -125.98 -1.51165 -1.51165
5.31 -39.5728 -156.19 -114.158 -1.55486 -1.55486
5.32 -39.6883 -143.801 -102.635 -1.62675 -1.62675
5.33 -39.8311 -131.633 -90.4243 -1.71559 -1.71559
5.34 -39.9998 -120.558 -76.3617 -1.80949 -1.80949
5.35 -40.188 -110.203 -59.5334 -1.89864 -1.89864
5.36 -40.3848 -99.1454 -39.5004 -1.97544 -1.97544
5.37 -40.5811 -86.9253 -16.7186 -2.03085 -2.03085
5.38 -40.7741 -75.3673 7.23415 -2.04921 -2.04921
5.39 -40.964 -66.5677 30.6801 -2.01671 -2.01671
5.4 -41.1497 -60.3765 53.186 -1.94157 -1.94157
5.41 -41.3303 -55.0307 75.2988 -1.8602 -1.8602
5.42 -41.5064 -49.3665 97.2178 -1.81534 -1.81534
5.43 -41.6812 -44.2355 118.116 -1.82121 -1.82121
5.44 -41.8632 -42.0004 136.729 -1.85665 -1.85665
5.45 -42.0593 -44.0298 152.615 -1.89503 -1.89503
5.46 -42.2704 -49.1324 166.255 -1.92991 -1.92991
5.47 -42.4909 -54.8255 177.959 -1.96687 -1.96687
5.48 -42.7126 -59.103 187.468 -2.00165 -2.00165
5.49 -42.9263 -61.0641 194.343 -2.01772 -2.01772
5.5 -43.1263 -61.6205 198.229 -1.99993 -1.99993
5.51 -43.3115 -63.4832 198.844 -1.9465 -1.9465
5.52 -43.4789 -68.7901 196.025 -1.87299 -1.87299
5.53 -43.62 -77.518 189.988 -1.80921 -1.80921
5.54 -43.7274 -88.9762 181.358 -1.78883 -1.78883
5.55 -43.7975 -102.794 170.682 -1.83106 -1.83106
5.56 -43.8269 -118.611 157.85 -1.92596 -1.92596
5.57 -43.8148 -136.329 142.46 -2.03823 -2.03823
5.58 -43.7675 -156.267 124.807 -2.12573 -2.12573
5.59 -43.6973 -178.701 105.992 -2.15665 -2.15665
5.6 -43.6184 -203.787 86.9261 -2.11442 -2.11442
5.61 -43.5436 -231.675 67.6339 -1.99889 -1.99889
5.62 -43.4828 -261.755 47.5348 -1.828 -1.828
5.63 -43.4398 -291.721 26.2511 -1.63275 -1.63275
5.64 -43.4129 -318.458 3.86142 -1.45405 -1.45405
5.65 -43.4003 -340.402 -19.5706 -1.33253 -1.33253
5.66 -43.4032 -358.796 -44.1135 -1.28573 -1.28573
5.67 -43.4257 -376.591 -69.5865 -1.29831 -1.29831
5.68 -43.4672 -395.834 -95.3631 -1.34142 -1.34142
5.69 -43.5178 -416.009 -120.725 -1.39786 -1.39786
5.7 -43.5601 -434.921 -145.405 -1.46416 -1.46416
5.71 -43.5757 -450.85 -169.502 -1.53859 -1.53859
5.72 -43.5535 -463.556 -192.981 -1.61343 -1.61343
5.73 -43.4876 -473.226 -215.285 -1.67219 -1.67219
5.74 -43.371 -479.082 -235.448 -1.69868 -1.69868
5.75 -43.1939 -479.398 -252.786 -1.6941 -1.6941
5.76 -42.9472 -472.986 -267.368 -1.67514 -1.67514
5.77 -42.627 -460.32 -279.827 -1.66026 -1.66026
5.78 -42.2364 -443.289 -290.891 -1.65356 -1.65356
5.79 -41.7851 -424.818 -301.212 -1.63864 -1.63864
5.8 -41.2916 -408.573 -311.253 -1.60425 -1.60425
5.81 -40.7771 -397.14 -321.149 -1.56455 -1.56455
5.82 -40.2542 -388.703 -330.74 -1.54917 -1.54917
5.83 -39.7194 -376.684 -339.737 -1.58629 -1.58629
5.84 -39.1691 -355.058 -347.61 -1.68338 -1.68338
5.85 -38.6185 -323.701 -353.243 -1.81333 -1.81333
5.86 -38.0961 -287.473 -355.143 -1.92655 -1.92655
5.87 -37.6265 -251.547 -352.425 -1.97958 -1.97958
5.88 -37.2202 -218.753 -345.589 -1.95392 -1.95392
5.89 -36.8743 -189.091 -336.05 -1.86019 -1.86019
5.9 -36.5793 -160.328 -324.989 -1.73201 -1.73201
5.91 -36.327 -130.175 -312.772 -1.61245 -1.61245
5.92 -36.1133 -97.538 -299.136 -1.54175 -1.54175
5.93 -35.9364 -62.23 -283.342 -1.54345 -1.54345
5.94 -35.799 -25.4127 -264.227 -1.60993 -1.60993
5.95 -35.7108 9.78624 -240.807 -1.70452 -1.70452
5.96 -35.6841 39.0538 -213.234 -1.78357 -1.78357
5.97 -35.7278 59.1474 -182.901 -1.81899 -1.81899
5.98 -35.8449 69.7362 -151.602 -1.80947 -1.80947
5.99 -36.0365 72.4652 -120.801 -1.78321 -1.78321
6 -36.3123 68.0472 -91.4165 -1.78309 -1.78309
6.01 -36.6919 55.0625 -63.8546 -1.8348 -1.8348
6.02 -37.1993 31.9469 -37.7112 -1.94276 -1.94276
6.03 -37.8563 -1.3705 -11.3872 -2.11584 -2.11584
6.04 -38.6813 -43.567 17.1866 -2.35618 -2.35618
6.05 -39.6793 -91.841 48.8222 -2.61945 -2.61945
6.06 -40.8351 -142.365 82.1957 -2.82492 -2.82492
6.07 -42.1196 -191.304 114.758 -2.90963 -2.90963
6.08 -43.4902 -235.338 143.861 -2.84579 -2.84579
6.09 -44.9041 -273.137 167.757 -2.6242 -2.6242
6.1 -46.3145 -305.804 185.892 -2.2783 -2.2783
6.11 -47.6704 -334.944 198.963 -1.9114 -1.9114
6.12 -48.92 -361.038 208.681 -1.64598 -1.64598
6.13 -50.0128 -383.902 217.055 -1.53616 -1.53616
6.14 -50.9002 -402.512 225.574 -1.54847 -1.54847
6.15 -51.5379 -414.475 234.944 -1.62533 -1.62533
6.16 -51.8926 -417.725 245.221 -1.72306 -1.72306
6.17 -51.9505 -412.329 255.785 -1.79373 -1.79373
6.18 -51.7181 -400.103 265.62 -1.78648 -1.78648
6.19 -51.2239 -384.225 274.171 -1.67795 -1.67795
6.2 -50.5206 -368.72 282.047 -1.49039 -1.49039
6.21 -49.6727 -355.568 290.562 -1.28886 -1.28886
6.22 -48.7345 -341.762 300.429 -1.16205 -1.16205
6.23 -47.7455 -320.468 310.777 -1.18495 -1.18495
6.24 -46.7385 -285.981 319.664 -1.37746 -1.37746
6.25 -45.7563 -238.367 325.495 -1.68581 -1.68581
6.26 -44.8541 -184.496 327.944 -2.00325 -2.00325
6.27 -44.0942 -135.023 327.641 -2.22807 -2.22807
6.28 -43.5185 -98.1623 325.336 -2.31592 -2.31592
6.29 -43.1313 -73.8476 321.626 -2.28695 -2.28695
6.3 -42.9012 -53.4115 317.051 -2.20571 -2.20571
6.31 -42.779 -27.2458 312.069 -2.14299 -2.14299
6.32 -42.7333 5.94635 306.348 -2.13011 -2.13011
6.33 -42.7484 38.1311 298.314 -2.14257 -2.14257
6.34 -42.8211 57.0156 285.492 -2.12754 -2.12754
6.35 -42.9427 52.902 265.958 -2.0494 -2.0494
6.36 -43.0985 24.1298 239.309 -1.92249 -1.92249
6.37 -43.2465 -20.3105 206.319 -1.81356 -1.81356
6.38 -43.3276 -64.3835 168.114 -1.8031 -1.8031
6.39 -43.2985 -96.4472 125.693 -1.91934 -1.91934
6.4 -43.1565 -117.714 79.8287 -2.09631 -2.09631
6.41 -42.9228 -136.747 31.4864 -2.20034 -2.20034
6.42 -42.6148 -159.475 -17.6756 -2.11692 -2.11692
6.43 -42.2476 -187.37 -65.0667 -1.83046 -1.83046
6.44 -41.8366 -219.254 -107.581 -1.42064 -1.42064
6.45 -41.3953 -251.042 -142.978 -1.00009 -1.00009
6.46 -40.9305 -276.975 -170.949 -0.658426 -0.658426
6.47 -40.4555 -294.017 -192.755 -0.437565 -0.437565
6.48 -40 -304.868 -210.545 -0.341394 -0.341394
6.49 -39.6036 -315.439 -226.559 -0.353997 -0.353997
6.5 -39.2998 -330.222 -242.56 -0.462855 -0.462855
6.51 -39.1078 -350.532 -260.105 -0.666625 -0.666625
6.52 -39.0385 -376.22 -280.65 -0.939444 -0.939444
6.53 -39.1022 -408.289 -305.048 -1.20427 -1.20427
6.54 -39.3092 -448.637 -333.205 -1.38311 -1.38311
6.55 -39.6549 -495.868 -364.488 -1.48808 -1.48808
6.56 -40.1142 -543.519 -397.951 -1.59558 -1.59558
6.57 -40.6321 -582.918 -431.898 -1.7245 -1.7245
6.58 -41.159 -607.278 -464.103 -1.83542 -1.83542
6.59 -41.6478 -614.385 -491.922 -1.91381 -1.91381
6.6 -42.064 -607.78 -512.793 -1.97187 -1.97187
6.61 -42.3815 -594.425 -525.263 -2.00462 -2.00462
6.62 -42.5727 -580.564 -529.687 -1.98225 -1.98225
6.63 -42.6088 -569.513 -528.093 -1.88072 -1.88072
6.64 -42.4662 -561.452 -523.192 -1.70926 -1.70926
6.65 -42.1355 -554.477 -517.013 -1.50038 -1.50038
6.66 -41.6312 -546.945 -510.356 -1.2929 -1.2929
6.67 -40.9918 -538.713 -503.134 -1.12603 -1.12603
6.68 -40.2671 -529.813 -495.039 -1.02661 -1.02661
6.69 -39.5069 -518.874 -485.995 -1.00115 -1.00115
6.7 -38.7594 -503.554 -475.753 -1.04631 -1.04631
6.71 -38.0755 -482.571 -463.243 -1.16114 -1.16114
6.72 -37.5076 -456.756 -447.031 -1.33534 -1.33534
6.73 -37.0927 -426.817 -426.745 -1.52331 -1.52331
6.74 -36.8345 -390.508 -404.048 -1.64558 -1.64558
6.75 -36.7063 -343.948 -382.187 -1.63927 -1.63927
6.76 -36.6641 -284.209 -364.158 -1.5107 -1.5107
6.77 -36.6566 -209.92 -350.616 -1.3324 -1.3324
6.78 -36.6292 -122.045 -339.886 -1.19809 -1.19809
6.79 -36.535 -25.4058 -329.442 -1.18499 -1.18499
6.8 -36.3343 71.9506 -317.576 -1.3225 -1.3225
6.81 -35.9945 161.803 -303.656 -1.56012 -1.56012
6.82 -35.4864 239.131 -287.839 -1.8191 -1.8191
6.83 -34.7967 301.887 -270.677 -2.07353 -2.07353
6.84 -33.9415 348.349 -252.68 -2.32315 -2.32315
6.85 -32.9709 377.095 -233.966 -2.54044 -2.54044
6.86 -31.9492 389.936 -213.919 -2.68608 -2.68608
6.87 -30.9534 391.664 -191.449 -2.73715 -2.73715
6.88 -30.0723 386.249 -165.272 -2.68117 -2.68117
6.89 -29.4098 373.931 -134.792 -2.50907 -2.50907
6.9 -29.0668 352.913 -100.365 -2.22328 -2.22328
6.91 -29.1117 323.939 -63.6299 -1.84468 -1.84468
6.92 -29.5666 291.87 -27.9756 -1.42577 -1.42577
6.93 -30.4232 261.002 1.74896 -1.05261 -1.05261
6.94 -31.6515 230.352 21.1835 -0.808179 -0.808179
6.95 -33.2129 194.981 28.7444 -0.737364 -0.737364
6.96 -35.0472 151.387 26.1023 -0.847403 -0.847403
6.97 -37.0641 100.201 16.4947 -1.12332 -1.12332
6.98 -39.1526 43.9907 2.66983 -1.5344 -1.5344
6.99 -41.1987 -15.9022 -13.7841 -2.01568 -2.01568
7 -43.0979 -78.9196 -31.5561 -2.45203 -2.45203
7.01 -44.7511 -141.63 -48.8532 -2.72676 -2.72676
7.02 -46.0687 -198.035 -63.8221 -2.79347 -2.79347
7.03 -46.9937 -245.216 -74.9173 -2.67557 -2.67557
7.04 -47.5249 -287.305 -80.1998 -2.42073 -2.42073
7.05 -47.7199 -334.255 -76.807 -2.07761 -2.07761
7.06 -47.6727 -394.546 -61.7826 -1.70088 -1.70088
7.07 -47.4768 -467.586 -33.6916 -1.36135 -1.36135
7.08 -47.2192 -544.898 6.47212 -1.13317 -1.13317
7.09 -46.9928 -617.3 55.6054 -1.07039 -1.07039
7.1 -46.9021 -679.99 109.093 -1.14426 -1.14426
7.11 -47.0457 -732.447 161.508 -1.2116 -1.2116
7.12 -47.4943 -775.84 207.096 -1.15069 -1.15069
7.13 -48.2812 -811.964 241.019 -0.963462 -0.963462
7.14 -49.4092 -843.325 260.599 -0.707164 -0.707164
7.15 -50.8425 -871.834 265.511 -0.435078 -0.435078
7.16 -52.5051 -897.348 257.247 -0.222214 -0.222214
7.17 -54.2854 -917.897 238.721 -0.183069 -0.183069
7.18 -56.0557 -930.884 214.096 -0.39583 -0.39583
7.19 -57.677 -933.969 187.882 -0.808567 -0.808567
7.2 -59.0166 -926.239 163.715 -1.31726 -1.31726
7.21 -59.963 -908.41 144.085 -1.89245 -1.89245
7.22 -60.4251 -880.874 130.623 -2.48939 -2.48939
7.23 -60.3343 -842.983 124.268 -2.95458 -2.95458
7.24 -59.6621 -795.156 125.417 -3.14957 -3.14957
7.25 -58.4278 -740.228 133.851 -3.06799 -3.06799
7.26 -56.6957 -682.154 148.544 -2.76194 -2.76194
7.27 -54.5567 -623.381 167.415 -2.19356 -2.19356
7.28 -52.1191 -563.922 187.104 -1.3106 -1.3106
7.29 -49.508 -502.881 203.005 -0.316789 -0.316789
7.3 -46.8484 -439.031 210.247 0.436541 0.436541
7.31 -44.2518 -369.353 205.185 0.831579 0.831579
7.32 -41.8143 -290.39 186.139 0.938458 0.938458
7.33 -39.6227 -204.262 153.355 0.758007 0.758007
7.34 -37.7626 -121.416 108.337 0.274832 0.274832
7.35 -36.2986 -53.9755 53.4914 -0.398357 -0.398357
7.36 -35.2413 -5.88854 -8.14552 -1.11554 -1.11554
7.37 -34.5418 29.6358 -73.3822 -1.81475 -1.81475
7.38 -34.1215 62.6873 -138.72 -2.45449 -2.45449
7.39 -33.8928 98.1409 -201.142 -2.97055 -2.97055
7.4 -33.808 133.461 -257.273 -3.29905 -3.29905
7.41 -33.7964 165.243 -305.145 -3.34103 -3.34103
7.42 -33.7838 192.559 -343.81 -2.99869 -2.99869
7.43 -33.7006 215.433 -373.139 -2.31133 -2.31133
7.44 -33.5204 229.549 -393.876 -1.45811 -1.45811
7.45 -33.2449 226.648 -407.585 -0.632133 -0.632133
7.46 -32.9008 200.901 -416.238 0.0396233 0.0396233
7.47 -32.5171 154.851 -421.526 0.479985 0.479985
7.48 -32.1175 99.1536 -424.548 0.605751 0.605751
7.49 -31.7276 46.6907 -426.48 0.360256 0.360256
7.5 -31.3839 5.52313 -429.841 -0.172893 -0.172893
7.51 -31.1263 -23.3207 -438.463 -0.772871 -0.772871
7.52 -30.9833 -41.8124 -455.606 -1.222 -1.222
7.53 -30.9635 -51.3808 -482.06 -1.42887 -1.42887
7.54 -31.0569 -52.9443 -516.074 -1.43628 -1.43628
7.55 -31.2381 -48.349 -554.756 -1.31884 -1.31884
7.56 -31.4776 -42.4163 -595.326 -1.10214 -1.10214
7.57 -31.7465 -41.6842 -635.229 -0.797717 -0.797717
7.58 -32.0027 -47.42 -671.516 -0.487836 -0.487836
7.59 -32.1826 -51.6083 -700.643 -0.330822 -0.330822
7.6 -32.2232 -43.8894 -719.361 -0.443914 -0.443914
7.61 -32.0988 -22.2061 -725.72 -0.793688 -0.793688
7.62 -31.835 4.20717 -718.993 -1.2199 -1.2199
7.63 -31.4943 21.6736 -698.954 -1.5458 -1.5458
7.64 -31.1466 22.1298 -665.318 -1.67138 -1.67138
7.65 -30.85 7.32952 -618.072 -1.59622 -1.59622
7.66 -30.6486 -13.0971 -558.354 -1.3776 -1.3776
7.67 -30.5803 -27.1334 -488.874 -1.08071 -1.08071
7.68 -30.6898 -28.5859 -413.521 -0.767945 -0.767945
7.69 -31.0366 -20.6377 -336.587 -0.491518 -0.491518
7.7 -31.672 -10.3074 -261.891 -0.272874 -0.272874
7.71 -32.6118 -1.10246 -192.064 -0.11008 -0.11008
7.72 -33.8365 7.3557 -128.265 0.00721325 0.00721325
7.73 -35.3068 14.7652 -70.4479 0.0817558 0.0817558
7.74 -36.971 19.0301 -17.9129 0.10129 0.10129
7.75 -38.7593 19.7339 30.4426 0.0531774 0.0531774
7.76 -40.5798 19.7545 76.0472 -0.105481 -0.105481
7.77 -42.3364 22.119 120.427 -0.448195 -0.448195
7.78 -43.9512 25.8769 164.4 -0.981182 -0.981182
7.79 -45.3701 24.8425 207.595 -1.61791 -1.61791
7.8 -46.5756 11.4859 249.166 -2.25636 -2.25636
7.81 -47.5519 -17.4353 288.979 -2.80568 -2.80568
7.82 -48.2889 -57.5308 327.144 -3.18337 -3.18337
7.83 -48.7743 -96.8414 363.806 -3.35855 -3.35855
7.84 -49.0018 -122.031 398.751 -3.36045 -3.36045
7.85 -48.9837 -126.126 431.631 -3.21179 -3.21179
7.86 -48.7564 -110.089 462.081 -2.88535 -2.88535
7.87 -48.3671 -79.2624 489.437 -2.33902 -2.33902
7.88 -47.8621 -41.4788 512.04 -1.59323 -1.59323
7.89 -47.2848 -6.22885 527.709 -0.744039 -0.744039
7.9 -46.687 17.015 534.907 0.0801762 0.0801762
7.91 -46.1239 20.9672 533.255 0.726572 0.726572
7.92 -45.6399 3.59091 523.221 1.04909 1.04909
7.93 -45.2678 -30.3775 505.343 0.969163 0.969163
7.94 -45.0135 -72.0301 479.559 0.496756 0.496756
7.95 -44.8832 -114.028 445.33 -0.270707 -0.270707
7.96 -44.8853 -154.749 402.166 -1.15562 -1.15562
7.97 -45.0292 -196.963 350.24 -1.9378 -1.9378
7.98 -45.3141 -244.084 290.768 -2.43518 -2.43518
7.99 -45.7186 -296.365 226.383 -2.58349 -2.58349
8 -46.1992 -349.131 161.176 -2.44721 -2.44721
8.01 -46.7027 -396.456 99.91 -2.16072 -2.16072
8.02 -47.1888 -437.028 46.8948 -1.84852 -1.84852
8.03 -47.6342 -474.362 5.21316 -1.5734 -1.5734
8.04 -48.0153 -510.989 -24.1273 -1.33641 -1.33641
8.05 -48.2956 -544.828 -42.5905 -1.11329 -1.11329
8.06 -48.4441 -573.379 -53.2483 -0.877711 -0.877711
8.07 -48.4617 -599.761 -59.854 -0.583821 -0.583821
8.08 -48.3775 -631.216 -66.1732 -0.15354 -0.15354
8.09 -48.2267 -671.581 -74.9422 0.41328 0.41328
8.1 -48.0328 -717.428 -87.66 0.937656 0.937656
8.11 -47.8082 -761.509 -105.34 1.19142 1.19142
8.12 -47.5604 -797.07 -129.471 1.06202 1.06202
8.13 -47.2895 -819.196 -161.701 0.594201 0.594201
8.14 -46.9908 -825.412 -202.423 -0.0525365 -0.0525365
8.15 -46.6611 -816.172 -249.541 -0.699943 -0.699943
8.16 -46.2951 -794.145 -298.68 -1.2191 -1.2191
8.17 -45.8828 -762.683 -344.978 -1.53901 -1.53901
8.18 -45.4033 -724.228 -384.999 -1.63519 -1.63519
8.19 -44.8233 -679.52 -417.25 -1.51817 -1.51817
8.2 -44.1163 -629.096 -441.221 -1.20929 -1.20929
8.21 -43.271 -574.799 -456.571 -0.753872 -0.753872
8.22 -42.2979 -519.744 -462.826 -0.281984 -0.281984
8.23 -41.2337 -468.141 -459.152 0.0290269 0.0290269
8.24 -40.135 -424.434 -444.637 0.100091 0.100091
8.25 -39.0722 -391.317 -418.844 -0.0129739 -0.0129739
8.26 -38.1197 -368.716 -382.356 -0.219793 -0.219793
8.27 -37.3494 -355.041 -337.229 -0.453886 -0.453886
8.28 -36.8311 -348.593 -286.528 -0.655627 -0.655627
8.29 -36.6225 -346.831 -233.522 -0.766839 -0.766839
8.3 -36.7635 -346.75 -180.981 -0.752077 -0.752077
8.31 -37.279 -347.336 -130.724 -0.607109 -0.607109
8.32 -38.179 -350.099 -83.4801 -0.357408 -0.357408
8.33 -39.4459 -356.541 -39.2312 -0.0687975 -0.0687975
8.34 -41.0317 -366.514 2.07537 0.171856 0.171856
8.35 -42.862 -379.513 40.057 0.308027 0.308027
8.36 -44.8478 -396.168 74.0567 0.330273 0.330273
8.37 -46.8965 -418.489 103.935 0.239477 0.239477
8.38 -48.9215 -448.588 130.937 0.00741405 0.00741405
8.39 -50.8457 -486.44 157.646 -0.405934 -0.405934
8.4 -52.6014 -529.888 187.24 -0.996741 -0.996741
8.41 -54.1465 -577.328 222.689 -1.68006 -1.68006
8.42 -55.4673 -628.871 265.912 -2.31416 -2.31416
8.43 -56.5716 -684.991 317.423 -2.75668 -2.75668
8.44 -57.4878 -745.464 376.3 -2.91434 -2.91434
8.45 -58.2679 -809.539 440.818 -2.74034 -2.74034
8.46 -58.9813 -876.358 508.998 -2.16746 -2.16746
8.47 -59.6852 -943.382 577.573 -1.12131 -1.12131
8.48 -60.4278 -1007.87 643.062 0.462798 0.462798
8.49 -61.2757 -1067.22 700.491 2.55452 2.55452
8.5 -62.2356 -1122.63 745.764 4.93414 4.93414
8.51 -63.3327 -1175.68 776.211 7.31704 7.31704
8.52 -64.5696 -1223.34 790.232 9.37223 9.37223
8.53 -65.8671 -1260.99 789.055 10.7426 10.7426
8.54 -67.1689 -1284.4 775.114 11.2461 11.2461
8.55 -68.3897 -1292.72 751.326 10.9535 10.9535
8.56 -69.4414 -1290.8 721.66 10.0643 10.0643
8.57 -70.2701 -1285.51 689.773 8.76206 8.76206
8.58 -70.8131 -1281.74 658.855 7.21085 7.21085
8.59 -71.0107 -1280.38 631.219 5.64855 5.64855
8.6 -70.8294 -1280.53 608.31 4.39612 4.39612
8.61 -70.2764 -1283.59 590.985 3.73135 3.73135
8.62 -69.4011 -1292.56 579.533 3.76654 3.76654
8.63 -68.2807 -1308.82 573.699 4.43326 4.43326
8.64 -67.012 -1331.44 572.824 5.56452 5.56452
8.65 -65.706 -1358.54 575.635 6.96472 6.96472
8.66 -64.4733 -1387.51 579.869 8.41734 8.41734
8.67 -63.4083 -1413.94 582.403 9.69742 9.69742
8.68 -62.5794 -1431.65 579.846 10.5933 10.5933
8.69 -62.0147 -1435.25 569.668 10.9383 10.9383
8.7 -61.7307 -1422.3 549.924 10.6847 10.6847
8.71 -61.698 -1394.55 519.436 9.92765 9.92765
8.72 -61.8553 -1353.83 477.488 8.82246 8.82246
8.73 -62.0918 -1299.38 424.464 7.51019 7.51019
8.74 -62.2747 -1230.16 362.414 6.12068 6.12068
8.75 -62.2778 -1149.2 295.031 4.79642 4.79642
8.76 -61.9957 -1064.01 226.467 3.68453 3.68453
8.77 -61.3411 -982.481 159.88 2.89816 2.89816
8.78 -60.2348 -907.197 96.5107 2.47809 2.47809
8.79 -58.605 -833.655 35.556 2.38272 2.38272
8.8 -56.4054 -753.929 -24.7932 2.53196 2.53196
8.81 -53.6289 -660.793 -86.025 2.86012 2.86012
8.82 -50.319 -550.416 -148.701 3.17984 3.17984
8.83 -46.5646 -424.328 -212.43 3.18945 3.18945
8.84 -42.5003 -290.334 -275.981 2.82264 2.82264
8.85 -38.253 -160.992 -338.636 2.27169 2.27169
8.86 -34.0039 -45.6876 -401.606 1.62131 1.62131
8.87 -29.9283 51.5387 -465.902 0.821399 0.821399
8.88 -26.1131 135.739 -533.486 0.0156568 0.0156568
8.89 -22.6373 218.108 -605.514 -0.559421 -0.559421
8.9 -19.5574 308.718 -681.79 -0.832199 -0.832199
8.91 -16.9361 410.171 -760.877 -0.687744 -0.687744
8.92 -14.7812 519.458 -840.174 0.309443 0.309443
8.93 -13.1086 630.898 -915.781 2.6577 2.6577
8.94 -11.827 741.537 -985.282 6.30045 6.30045
8.95 -10.8789 848.238 -1045.9 10.6458 10.6458
8.96 -10.1475 951.532 -1096.33 14.9877 14.9877
8.97 -9.57818 1049.93 -1134.53 18.8029 18.8029
8.98 -9.00241 1144.05 -1161.7 21.9316 21.9316
8.99 -8.41124 1229.9 -1178.56 24.2713 24.2713
9 -7.71912 1301.9 -1186.74 25.617 25.617
9.01 -6.91009 1355.57 -1187.93 25.7979 25.7979
9.02 -6.0384 1387.54 -1183.29 24.7144 24.7144
9.03 -5.12828 1397.94 -1172.74 22.6222 22.6222
9.04 -4.28915 1387.86 -1154.56 20.2427 20.2427
9.05 -3.55182 1361.36 -1128.88 18.1885 18.1885
9.06 -3.05423 1322.35 -1095.44 16.5792 16.5792
9.07 -2.90466 1275.52 -1054.14 15.4216 15.4216
9.08 -3.17302 1225.53 -1004.55 14.8818 14.8818
9.09 -3.93199 1176.41 -946.106 15.0599 15.0599
9.1 -5.2179 1130.66 -878.803 15.7614 15.7614
9.11 -7.05215 1086.94 -803.472 16.5899 16.5899
9.12 -9.42211 1040.32 -721.953 17.1932 17.1932
9.13 -12.2846 984.924 -636.543 17.3583 17.3583
9.14 -15.575 916.473 -549.543 16.9823 16.9823
9.15 -19.1899 834.623 -462.515 16.0409 16.0409
9.16 -23.0113 742.328 -376.982 14.5748 14.5748
9.17 -26.9162 641.144 -294.694 12.7079 12.7079
9.18 -30.8071 527.52 -217.406 10.6545 10.6545
9.19 -34.6152 394.8 -145.98 8.67284 8.67284
9.2 -38.2937 238.553 -79.0772 6.98967 6.98967
9.21 -41.8634 58.2292 -11.3563 5.594 5.594
9.22 -45.2986 -140.91 60.4887 4.29213 4.29213
9.23 -48.3837 -348.166 136.431 3.20645 3.20645
9.24 -51.4943 -556.196 215.116 2.84555 2.84555
9.25 -54.4875 -759.224 293.56 3.50097 3.50097
9.26 -57.4312 -954.808 370.222 4.85804 4.85804
9.27 -60.3661 -1138.96 443.225 6.3721 6.3721
9.28 -63.2887 -1304.01 511.291 7.72231 7.72231
9.29 -66.1718 -1439.64 572.992 8.90918 8.90918
9.3 -68.9352 -1535.54 625.077 10.2424 10.2424
9.31 -71.4863 -1601.05 671.806 11.9181 11.9181
9.32 -73.8828 -1644.04 714.986 13.4924 13.4924
9.33 -76.0203 -1669.97 753.761 14.3791 14.3791
9.34 -77.8096 -1685.26 785.643 14.6759 14.6759
9.35 -79.1779 -1695.04 808.088 14.8819 14.8819
9.36 -80.0614 -1703.54 819.441 15.1917 15.1917
9.37 -80.4318 -1712.36 818.877 15.4063 15.4063
9.38 -80.269 -1721.18 806.079 15.2726 15.2726
9.39 -79.5753 -1728.71 781.479 14.7224 14.7224
9.4 -78.3948 -1732.63 746.008 13.8793 13.8793
9.41 -76.7837 -1727.1 700.621 12.9605 12.9605
9.42 -74.7849 -1704.01 646.227 12.1325 12.1325
9.43 -72.4572 -1657.36 583.506 11.4192 11.4192
9.44 -69.8627 -1585.04 513.417 10.7942 10.7942
9.45 -67.0602 -1488.02 437.576 10.3253 10.3253
9.46 -64.1016 -1368.3 358.434 10.0972 10.0972
9.47 -61.015 -1226.78 278.537 10.0281 10.0281
9.48 -57.8045 -1063.1 199.5 9.90027 9.90027
9.49 -54.4571 -878.011 121.705 9.60986 9.60986
9.5 -50.9655 -676.532 44.7592 9.22651 9.22651
9.51 -47.3523 -470.059 -32.1242 8.62801 8.62801
9.52 -43.6364 -272.213 -110.573 7.80101 7.80101
9.53 -39.9489 -92.2034 -189.839 7.61855 7.61855
9.54 -36.0935 68.2594 -268.432 8.70798 8.70798
9.55 -32.0965 221.053 -349.92 10.0976 10.0976
9.56 -28.2081 371.349 -433.359 10.8518 10.8518
9.57 -24.2927 523.605 -518.588 11.6442 11.6442
9.58 -20.4359 678.096 -605.788 13.3237 13.3237
9.59 -16.6802 834.969 -695.632 15.6036 15.6036
9.6 -13.0376 997.15 -787.699 17.7858 17.7858
9.61 -9.53177 1163.26 -880.624 19.5021 19.5021
9.62 -6.19088 1327.4 -972.123 20.6807 20.6807
9.63 -3.13927 1477.57 -1058.99 21.3005 21.3005
9.64 -0.60823 1597.06 -1125.85 20.9403 20.9403
9.65 2.03547 1706.05 -1183.12 19.388 19.388
9.66 4.32489 1808.16 -1231.69 17.5692 17.5692
9.67 6.38641 1907.63 -1272.38 16.3959 16.3959
9.68 8.23047 2001.52 -1305.26 15.8527 15.8527
9.69 9.85436 2081.76 -1331.62 15.7696 15.7696
9.7 11.2146 2144.28 -1352.15 16.3058 16.3058
9.71 12.3211 2188.32 -1367.14 17.6543 17.6543
9.72 13.1516 2214.56 -1376.85 19.721 19.721
9.73 13.6896 2222.7 -1382.45 22.0946 22.0946
9.74 13.9147 2212.89 -1384.97 24.15 24.15
9.75 13.8172 2186.85 -1384.55 25.3781 25.3781
9.76 13.4226 2147.97 -1383.17 25.7047 25.7047
9.77 12.6665 2093.81 -1382.43 25.2779 25.2779
9.78 11.5553 2017.35 -1383.14 24.1712 24.1712
9.79 10.0574 1913.44 -1384.41 22.492 22.492
9.8 8.17093 1782.97 -1383.69 20.5128 20.5128
9.81 5.90555 1632.69 -1377.21 18.6222 18.6222
9.82 3.29367 1473.1 -1361.34 17.1964 17.1964
9.83 0.372405 1314.96 -1332.81 16.4557 16.4557
9.84 -2.81294 1164.77 -1289.44 16.404 16.404
9.85 -6.2261 1023.52 -1230.41 16.9148 16.9148
9.86 -9.82545 889.337 -1156.11 17.8462 17.8462
9.87 -13.5576 760.032 -1067.68 19.0333 19.0333
9.88 -17.3716 633.935 -966.468 20.2262 20.2262
9.89 -21.2183 508.792 -854.277 21.1152 21.1152
9.9 -25.0545 381.862 -733.322 21.4502 21.4502
9.91 -28.8466 251.605 -606.156 21.1264 21.1264
9.92 -32.5782 118.196 -475.207 20.1863 20.1863
9.93 -36.2358 -14.6749 -342.289 18.747 18.747
9.94 -39.8921 -142.225 -208.729 16.6927 16.6927
9.95 -43.448 -272.684 -64.5307 13.3395 13.3395
9.96 -46.5827 -397.889 76.1142 8.78407 8.78407
9.97 -49.8785 -517.102 209.257 5.4836 5.4836
9.98 -53.095 -627.94 333.076 5.42963 5.42963
9.99 -56.1895 -730.888 445.84 7.2341 7.2341
10 -59.2044 -829.14 548.982 8.67554 8.67554
