0.1 -3.105 -2.07062e-012 1.70786e-012 -3.26754e-012 -3.26754e-012
0.2 -6.21 -6.43086e-012 5.14744e-012 -4.67445e-012 -4.67445e-012
0.3 -9.315 -7.54419e-012 5.59131e-012 -6.70741e-012 -6.70741e-012
0.4 -12.42 -7.76113e-012 5.52403e-012 -3.44077e-011 -3.44077e-011
0.5 -15.525 -7.76845e-012 5.38569e-012 -4.80402e-011 -4.80402e-011
0.6 -18.63 -7.72538e-012 5.25757e-012 -1.69027e-011 -1.69027e-011
0.7 -21.735 -7.70095e-012 5.16787e-012 3.55432e-012 3.55432e-012
0.8 -24.84 -7.66898e-012 5.09681e-012 -1.20184e-011 -1.20184e-011
0.9 -27.945 -7.67519e-012 5.08793e-012 -1.00781e-011 -1.00781e-011
1 -31.05 -7.69029e-012 5.08438e-012 7.92259e-011 7.92259e-011
0.01 -31.05 -6.17494e-006 5.56939e-006 7.17208e-006 7.17208e-006
0.02 -31.0499 -3.67236e-006 3.3232e-006 6.38089e-005 6.38089e-005
0.03 -31.0498 1.41714e-006 -1.25024e-006 0.000241967 0.000241967
0.04 -31.0498 -6.58411e-007 6.05484e-007 0.000554357 0.000554357
0.05 -31.0501 3.45051e-008 -3.77241e-007 0.000903114 0.000903114
0.06 -31.0507 -7.82636e-007 -5.65817e-007 0.00115313 0.00115313
0.07 -31.0517 -1.93104e-006 2.83101e-006 0.00120965 0.00120965
0.08 -31.0531 -3.22613e-006 2.78131e-006 0.00108265 0.00108265
0.09 -31.0549 -3.32663e-007 -6.15847e-007 0.000894965 0.000894965
0.1 -31.057 -1.13461e-007 1.30595e-006 0.00073623 0.00073623
0.11 -31.0593 1.69211e-007 1.51102e-006 0.000579537 0.000579537
0.12 -31.0619 -6.56644e-007 2.88328e-006 0.000354904 0.000354904
0.13 -31.0645 -2.86855e-006 4.07356e-006 8.93519e-005 8.93519e-005
0.14 -31.0672 -4.01606e-006 3.38761e-006 -5.43619e-005 -5.43619e-005
0.15 -31.0699 -5.75727e-007 8.64004e-008 9.78295e-006 9.78295e-006
0.16 -31.0726 -2.54153e-006 5.91297e-007 9.94084e-005 9.94084e-005
0.17 -31.0752 2.38046e-007 -2.86626e-007 0.000146842 0.000146842
0.18 -31.0776 -7.22329e-007 4.71966e-008 0.00053262 0.00053262
0.19 -31.08 -3.00188e-007 -1.22273e-007 0.00139916 0.00139916
0.2 -31.0822 -1.18099e-007 1.70204e-008 0.00223439 0.00223439
0.21 -31.0845 -1.09709e-007 2.1118e-007 0.00258098 0.00258098
0.22 -31.0868 -8.82102e-009 1.45275e-007 0.00255354 0.00255354
0.23 -31.089 -1.16399e-007 -9.48942e-008 0.00247229 0.00247229
0.24 -31.0912 -1.37519e-007 -1.66565e-008 0.00242498 0.00242498
0.25 -31.0933 -3.73967e-008 -2.11312e-008 0.0023938 0.0023938
0.26 -31.0953 5.65544e-006 -2.90281e-005 0.00250434 0.00250434
0.27 -31.0971 -2.53114e-006 5.84256e-005 0.00284999 0.00284999
0.28 -31.0984 2.00439e-006 -3.97477e-005 0.0033881 0.0033881
0.29 -31.0992 -1.21169e-005 3.4653e-005 0.00396001 0.00396001
0.3 -31.0995 4.81864e-006 -1.43954e-005 0.00435526 0.00435526
0.31 -31.0992 1.10756e-005 -6.58462e-006 0.00461531 0.00461531
0.32 -31.0984 -9.269e-006 1.32927e-005 0.00494665 0.00494665
0.33 -31.097 -4.89869e-006 -3.40141e-006 0.00530979 0.00530979
0.34 -31.0953 1.97149e-006 1.45711e-006 0.00543674 0.00543674
0.35 -31.0934 -8.8597e-007 -4.94777e-007 0.00539644 0.00539644
0.36 -31.0915 3.8756e-007 3.06219e-007 0.00552584 0.00552584
0.37 -31.0899 4.83938e-006 -3.47901e-006 0.00582562 0.00582562
0.38 -31.0887 -6.68044e-006 4.39184e-006 0.00606761 0.00606761
0.39 -31.0876 -5.33393e-007 1.81756e-006 0.00614819 0.00614819
0.4 -31.0867 -1.75601e-006 1.14258e-006 0.00610367 0.00610367
0.41 -31.0858 8.74643e-007 -3.32954e-007 0.0060395 0.0060395
0.42 -31.0847 -6.80949e-007 3.48673e-008 0.00600391 0.00600391
0.43 -31.0834 5.09774e-008 -1.04999e-007 0.00593734 0.00593734
0.44 -31.0816 -9.94903e-008 1.41089e-008 0.00582676 0.00582676
0.45 -31.0792 -2.47281e-008 -3.44948e-008 0.00575859 0.00575859
0.46 -31.0762 4.64068e-008 3.51701e-008 0.00578967 0.00578967
0.47 -31.0728 -6.10312e-008 -3.84319e-008 0.0058707 0.0058707
0.48 -31.0691 -1.27562e-008 -9.59399e-009 0.00593333 0.00593333
0.49 -31.0653 2.74972e-008 1.95059e-008 0.00596857 0.00596857
0.5 -31.0616 -1.2195e-007 -7.84298e-008 0.00598939 0.00598939
0.51 -31.058 5.02416e-008 3.23111e-008 0.00597757 0.00597757
0.52 -31.0544 1.16908e-007 7.70823e-008 0.00591283 0.00591283
0.53 -31.0507 1.62466e-007 7.92555e-008 0.00581956 0.00581956
0.54 -31.0466 -1.02597e-007 -4.85764e-008 0.00574349 0.00574349
0.55 -31.0418 -8.71351e-007 -9.1302e-007 0.00568155 0.00568155
0.56 -31.0362 -2.35621e-006 -2.02664e-006 0.00557508 0.00557508
0.57 -31.0298 5.73723e-006 6.63758e-006 0.00536982 0.00536982
0.58 -31.023 -1.10193e-005 -1.33167e-005 0.00508017 0.00508017
0.59 -31.016 9.12348e-006 1.47201e-005 0.00475663 0.00475663
0.6 -31.0095 -1.10581e-005 -1.83899e-005 0.00443801 0.00443801
0.61 -31.004 9.13077e-006 2.00356e-005 0.00415321 0.00415321
0.62 -31.0002 -8.81583e-006 -1.67183e-005 0.00390065 0.00390065
0.63 -30.9984 3.7838e-006 2.68941e-005 0.00369621 0.00369621
0.64 -30.9983 -1.25204e-006 -2.45827e-005 0.00357104 0.00357104
0.65 -30.9995 -3.0167e-007 2.6135e-005 0.00357682 0.00357682
0.66 -31.0018 -7.80309e-007 -1.92e-005 0.00376753 0.00376753
0.67 -31.0046 -2.01593e-006 1.23384e-005 0.0040613 0.0040613
0.68 -31.0076 -2.64005e-007 -3.97047e-006 0.00426559 0.00426559
0.69 -31.01 -2.70678e-006 -3.4076e-008 0.004273 0.004273
0.7 -31.0118 -4.01331e-007 -2.98334e-006 0.00413165 0.00413165
0.71 -31.013 1.38248e-007 1.18633e-006 0.0039331 0.0039331
0.72 -31.0142 -5.69581e-008 -4.88764e-007 0.00373743 0.00373743
0.73 -31.0161 2.3457e-008 2.01359e-007 0.00360029 0.00360029
0.74 -31.0195 -9.66175e-009 -8.29549e-008 0.00358245 0.00358245
0.75 -31.0247 3.97873e-009 3.41726e-008 0.00369775 0.00369775
0.76 -31.0317 -1.63776e-009 -1.40744e-008 0.0038848 0.0038848
0.77 -31.0405 6.17737e-010 5.75157e-009 0.00405058 0.00405058
0.78 -31.0506 -2.39295e-010 -2.34585e-009 0.00413338 0.00413338
0.79 -31.0608 1.09971e-010 6.93585e-010 0.00411887 0.00411887
0.8 -31.0701 -2.33351e-011 -2.9555e-010 0.00401975 0.00401975
0.81 -31.0776 1.7506e-012 6.26192e-011 0.00389208 0.00389208
0.82 -31.0828 -1.25543e-008 -1.24046e-008 0.00382386 0.00382386
0.83 -31.0856 -9.40576e-009 -9.42144e-009 0.00379982 0.00379982
0.84 -31.0862 -1.74366e-008 -1.74056e-008 0.00372787 0.00372787
0.85 -31.0849 7.26807e-009 6.61093e-009 0.00367759 0.00367759
0.86 -31.0822 -2.98952e-009 -2.80899e-009 0.0037834 0.0037834
0.87 -31.0787 1.23792e-009 1.07638e-009 0.00396695 0.00396695
0.88 -31.075 -5.14808e-010 -3.62697e-010 0.00405945 0.00405945
0.89 -31.0715 2.12469e-010 7.01972e-011 0.00404151 0.00404151
0.9 -31.0678 -8.31304e-011 -1.04392e-011 0.00399128 0.00399128
0.91 -31.0632 5.5143e-011 -1.2002e-010 0.00393457 0.00393457
0.92 -31.057 -5.2957e-006 -1.78904e-006 0.00383957 0.00383957
0.93 -31.0484 1.79654e-006 9.90842e-007 0.00371959 0.00371959
0.94 -31.037 -3.78103e-006 -1.20686e-006 0.00362767 0.00362767
0.95 -31.023 -3.25034e-006 -1.67882e-006 0.00357339 0.00357339
0.96 -31.0072 6.67029e-007 2.39338e-007 0.0035132 0.0035132
0.97 -30.9909 -6.25535e-006 -3.82016e-006 0.0034143 0.0034143
0.98 -30.9757 3.8556e-006 2.67354e-006 0.00326101 0.00326101
0.99 -30.9629 -7.17246e-006 -5.49649e-006 0.00308625 0.00308625
1 -30.9535 6.83671e-006 6.56124e-006 0.00309618 0.00309618
1.01 -30.9485 -6.27828e-006 -6.26398e-006 0.00310998 0.00310998
1.02 -30.9485 5.67775e-006 6.74551e-006 0.00249655 0.00249655
1.03 -30.9527 -4.65042e-006 -6.37387e-006 0.00151165 0.00151165
1.04 -30.9588 6.22329e-006 7.9741e-006 0.00114032 0.00114032
1.05 -30.9644 -4.26161e-006 -9.09309e-006 0.00151506 0.00151506
1.06 -30.9678 7.72649e-006 1.44693e-005 0.00182959 0.00182959
1.07 -30.9685 -1.50906e-005 -2.35451e-005 0.00158458 0.00158458
1.08 -30.9658 5.6149e-006 3.88215e-005 0.00116028 0.00116028
1.09 -30.9596 -1.37407e-005 -3.73581e-005 0.000899534 0.000899534
1.1 -30.9512 -1.09975e-005 4.47492e-005 0.000585797 0.000585797
1.11 -30.9424 1.45702e-005 -4.697e-005 0.000168115 0.000168115
1.12 -30.9348 -4.04946e-005 7.68698e-005 5.50001e-005 5.50001e-005
1.13 -30.929 -9.80076e-005 0.000118894 0.00056097 0.00056097
1.14 -30.9262 -5.70672e-005 9.48061e-005 0.00138093 0.00138093
1.15 -30.9272 3.15545e-005 -4.15627e-005 0.00190251 0.00190251
1.16 -30.931 -3.99618e-005 2.71521e-005 0.00194016 0.00194016
1.17 -30.9359 1.7593e-005 1.01144e-005 0.00184564 0.00184564
1.18 -30.9394 -1.25774e-005 -1.00942e-005 0.00196737 0.00196737
1.19 -30.9399 1.72686e-005 1.67788e-005 0.00207204 0.00207204
1.2 -30.9369 -3.07758e-005 -2.73902e-005 0.00154343 0.00154343
1.21 -30.9314 7.75581e-006 9.27071e-006 0.00044462 0.00044462
1.22 -30.9254 -1.21328e-005 -1.05044e-005 -0.000348235 -0.000348235
1.23 -30.9211 -1.42783e-005 -1.17507e-005 -0.000526799 -0.000526799
1.24 -30.9207 5.88261e-006 4.84125e-006 -0.000556931 -0.000556931
1.25 -30.9252 -2.42378e-006 -1.99454e-006 -0.000301001 -0.000301001
1.26 -30.9346 9.98606e-007 8.21706e-007 0.000541513 0.000541513
1.27 -30.9477 -4.11442e-007 -3.3853e-007 0.00124042 0.00124042
1.28 -30.9626 1.69527e-007 1.39462e-007 0.00124445 0.00124445
1.29 -30.9768 -6.98738e-008 -5.74391e-008 0.000939023 0.000939023
1.3 -30.9879 -7.37761e-006 -3.86496e-007 0.000627031 0.000627031
1.31 -30.9938 -1.03445e-005 -1.42063e-006 0.000315089 0.000315089
1.32 -30.9933 3.03827e-006 9.42013e-007 2.90029e-005 2.90029e-005
1.33 -30.9874 -5.14901e-006 -7.37531e-007 -0.000169452 -0.000169452
1.34 -30.9781 -4.1538e-006 -8.34624e-007 -4.34627e-005 -4.34627e-005
1.35 -30.9668 1.50005e-006 4.26274e-007 0.000244086 0.000244086
1.36 -30.9541 -1.21031e-006 -7.80271e-008 0.000313164 0.000313164
1.37 -30.9414 -3.8991e-006 1.19383e-006 0.000816787 0.000816787
1.38 -30.9308 -2.04512e-006 -5.83065e-007 0.00241288 0.00241288
1.39 -30.9244 -1.62355e-005 6.06048e-006 0.00411791 0.00411791
1.4 -30.9238 2.68201e-006 -3.50868e-006 0.00462827 0.00462827
1.41 -30.9292 -1.33577e-005 4.22251e-006 0.00423987 0.00423987
1.42 -30.9394 -8.46935e-006 -2.74674e-007 0.00383238 0.00383238
1.43 -30.9518 -5.69267e-006 6.82334e-006 0.00347141 0.00347141
1.44 -30.9644 2.3454e-006 -2.81134e-006 0.00294797 0.00294797
1.45 -30.9774 -9.66297e-007 1.15827e-006 0.00246171 0.00246171
1.46 -30.9919 3.98107e-007 -4.77197e-007 0.00243524 0.00243524
1.47 -31.008 -1.64018e-007 1.96601e-007 0.00293455 0.00293455
1.48 -31.0251 6.75465e-008 -8.10178e-008 0.00358302 0.00358302
1.49 -31.0433 -2.845e-008 3.01555e-008 0.00402235 0.00402235
1.5 -31.0645 -5.20741e-005 -6.65121e-006 0.00418513 0.00418513
1.51 -31.0892 -0.000229243 7.74552e-005 0.00436718 0.00436718
1.52 -31.1148 -7.0963e-005 0.000102684 0.00516527 0.00516527
1.53 -31.1365 9.92975e-006 -1.32802e-005 0.00670299 0.00670299
1.54 -31.1508 -3.30743e-005 -6.81484e-006 0.00855976 0.00855976
1.55 -31.1552 -5.29292e-006 8.12921e-006 0.0108062 0.0108062
1.56 -31.1476 1.52986e-006 8.29718e-006 0.0137197 0.0137197
1.57 -31.1274 -1.8982e-006 4.72109e-006 0.0169299 0.0169299
1.58 -31.0967 -1.80532e-006 -4.53789e-006 0.0198145 0.0198145
1.59 -31.061 -9.96274e-007 2.60137e-006 0.0216539 0.0216539
1.6 -31.0279 -2.53418e-006 -4.36639e-006 0.0216473 0.0216473
1.61 -31.0043 -4.0964e-005 -2.04576e-005 0.0203271 0.0203271
1.62 -30.9932 -2.18459e-006 -2.48691e-007 0.0193092 0.0193092
1.63 -30.9937 -0.000448029 0.000284738 0.0187701 0.0187701
1.64 -31.0019 -0.000828413 0.000335971 0.0180653 0.0180653
1.65 -31.0119 -0.000223526 7.0401e-005 0.0181887 0.0181887
1.66 -31.0159 8.32354e-005 -2.08815e-005 0.0200868 0.0200868
1.67 -31.006 -8.64644e-005 -3.89176e-005 0.0221502 0.0221502
1.68 -30.978 -2.42716e-006 -1.14784e-005 0.0223189 0.0223189
1.69 -30.9317 -6.36015e-006 -3.34278e-007 0.0206738 0.0206738
1.7 -30.873 -2.36231e-005 -1.78007e-005 0.0184429 0.0184429
1.71 -30.8103 -1.38491e-005 -1.12715e-005 0.0164196 0.0164196
1.72 -30.7522 8.31881e-007 3.88024e-006 0.0150652 0.0150652
1.73 -30.7064 -2.59186e-007 -1.57279e-006 0.0142154 0.0142154
1.74 -30.6787 -5.28075e-006 -8.34918e-007 0.0130302 0.0130302
1.75 -30.6715 -3.30578e-005 -7.15295e-006 0.0120853 0.0120853
1.76 -30.6824 -9.26693e-005 1.67269e-005 0.0135037 0.0135037
1.77 -30.7062 -0.000120531 0.000100572 0.0180111 0.0180111
1.78 -30.7373 -1.2071e-005 2.24947e-005 0.0238065 0.0238065
1.79 -30.7703 -2.74632e-005 3.82531e-005 0.0289157 0.0289157
1.8 -30.8001 -1.24686e-005 -3.30182e-006 0.0328886 0.0328886
1.81 -30.8244 -2.34121e-005 -6.70452e-006 0.0354418 0.0354418
1.82 -30.8449 -2.32894e-006 9.88098e-007 0.0358568 0.0358568
1.83 -30.8645 -4.2467e-006 8.72079e-006 0.0344333 0.0344333
1.84 -30.8857 1.29088e-006 -6.47614e-007 0.0327171 0.0327171
1.85 -30.9093 2.40844e-006 1.17417e-005 0.0321449 0.0321449
1.86 -30.9358 -4.62618e-006 -3.20528e-006 0.0331074 0.0331074
1.87 -30.9646 -1.64519e-006 -2.45716e-006 0.0347979 0.0347979
1.88 -30.9913 1.64202e-005 -9.81785e-006 0.0356809 0.0356809
1.89 -31.0091 -1.04094e-005 1.93579e-005 0.0351527 0.0351527
1.9 -31.0152 2.11833e-005 -4.15508e-005 0.0343443 0.0343443
1.91 -31.0124 -4.93939e-005 5.13787e-005 0.0341009 0.0341009
1.92 -31.0061 -6.31308e-005 3.50806e-005 0.033905 0.033905
1.93 -31.0029 -3.45025e-005 1.8303e-005 0.0334558 0.0334558
1.94 -31.0117 2.46846e-005 4.87349e-005 0.0332601 0.0332601
1.95 -31.0421 -3.95952e-005 3.86031e-006 0.0332043 0.0332043
1.96 -31.0995 -6.1331e-005 -5.91511e-005 0.0321343 0.0321343
1.97 -31.1832 -2.24187e-005 -4.66264e-006 0.029282 0.029282
1.98 -31.2861 1.51207e-005 -9.16851e-006 0.0251954 0.0251954
1.99 -31.3983 -6.66241e-006 -3.66767e-006 0.0214903 0.0214903
2 -31.5078 4.64832e-005 -1.55946e-005 0.0195912 0.0195912
2.01 -31.6025 -1.45097e-005 -1.72155e-005 0.0189455 0.0189455
2.02 -31.6716 3.3888e-005 -3.38039e-005 0.0169122 0.0169122
2.03 -31.7087 -1.50046e-005 -5.26626e-005 0.012142 0.012142
2.04 -31.7142 -0.000258741 0.000172656 0.00839778 0.00839778
2.05 -31.6943 -0.000292188 0.000311976 0.0115448 0.0115448
2.06 -31.657 -3.84868e-005 0.000116322 0.0217919 0.0217919
2.07 -31.612 -4.60621e-005 7.48239e-005 0.0333175 0.0333175
2.08 -31.57 -8.50593e-006 9.40734e-006 0.0419401 0.0419401
2.09 -31.5392 -2.44795e-005 -1.5886e-005 0.0479536 0.0479536
2.1 -31.5223 -1.51332e-005 -1.33891e-006 0.051744 0.051744
2.11 -31.5171 -2.12456e-005 1.97497e-005 0.0519109 0.0519109
2.12 -31.5193 -3.03448e-005 2.75792e-006 0.0482894 0.0482894
2.13 -31.5241 -2.05893e-005 1.72779e-005 0.043812 0.043812
2.14 -31.5271 -2.8944e-006 -1.47425e-006 0.0420765 0.0420765
2.15 -31.5233 9.62575e-007 1.85346e-007 0.043968 0.043968
2.16 -31.5078 -2.79149e-008 -4.07268e-006 0.0465372 0.0465372
2.17 -31.4777 -3.04516e-007 6.4162e-007 0.046898 0.046898
2.18 -31.4355 -8.25372e-006 1.61081e-005 0.0466089 0.0466089
2.19 -31.3873 3.24198e-006 -5.03134e-006 0.0477101 0.0477101
2.2 -31.3365 -2.98861e-006 -2.00335e-006 0.0486139 0.0486139
2.21 -31.2828 1.23275e-006 8.28112e-007 0.0474775 0.0474775
2.22 -31.2257 -5.08557e-007 -3.41097e-007 0.045364 0.045364
2.23 -31.166 1.37757e-007 2.00119e-007 0.0443059 0.0443059
2.24 -31.1049 -7.08618e-008 -8.0058e-008 0.0445279 0.0445279
2.25 -31.0429 2.77854e-008 -1.29862e-007 0.0450473 0.0450473
2.26 -30.9814 -9.45058e-008 2.65242e-007 0.0455559 0.0455559
2.27 -30.9227 3.09316e-007 -2.69783e-007 0.0463808 0.0463808
2.28 -30.8678 -4.64837e-007 3.52138e-007 0.0473247 0.0473247
2.29 -30.817 5.68206e-007 -4.15166e-007 0.0476735 0.0476735
2.3 -30.7715 -5.52169e-007 3.10014e-007 0.0471712 0.0471712
2.31 -30.7324 -0.000112409 2.94916e-005 0.0469187 0.0469187
2.32 -30.6991 -0.00028664 0.000183927 0.0490617 0.0490617
2.33 -30.6693 -1.7683e-006 3.70301e-005 0.0542721 0.0542721
2.34 -30.6413 -1.33084e-005 -3.16495e-006 0.0616765 0.0616765
2.35 -30.6144 1.4119e-005 7.77985e-006 0.07134 0.07134
2.36 -30.5886 4.61331e-006 -5.56442e-006 0.0826114 0.0826114
2.37 -30.5655 7.01044e-006 -1.08121e-006 0.0921194 0.0921194
2.38 -30.5474 8.6477e-008 -1.63346e-006 0.0964162 0.0964162
2.39 -30.5352 -1.47408e-005 -1.16309e-005 0.0950486 0.0950486
2.4 -30.5278 1.40786e-007 4.51198e-006 0.0900376 0.0900376
2.41 -30.5232 -2.68671e-005 3.01791e-005 0.0834397 0.0834397
2.42 -30.5185 -1.76295e-005 6.68775e-006 0.0771381 0.0771381
2.43 -30.5117 -1.19019e-005 -1.60678e-005 0.0734588 0.0734588
2.44 -30.5051 -3.77181e-006 -1.06948e-006 0.0737743 0.0737743
2.45 -30.5036 -1.44181e-005 -8.79378e-006 0.0774567 0.0774567
2.46 -30.5107 -7.85489e-006 -5.77326e-006 0.0824536 0.0824536
2.47 -30.5275 -6.04985e-006 -6.60922e-006 0.0864027 0.0864027
2.48 -30.5558 2.49253e-006 2.72298e-006 0.0878033 0.0878033
2.49 -30.5986 -1.58765e-006 -6.65986e-007 0.0865066 0.0865066
2.5 -30.6586 8.52793e-007 4.13212e-007 0.0832747 0.0832747
2.51 -30.7364 5.92407e-007 -4.51093e-007 0.0793697 0.0793697
2.52 -30.8302 1.12966e-006 -8.35385e-007 0.0763361 0.0763361
2.53 -30.9366 2.05384e-006 -2.32398e-006 0.0754038 0.0754038
2.54 -31.0504 -8.46179e-007 9.57475e-007 0.0768255 0.0768255
2.55 -31.1653 5.18783e-007 7.98659e-007 0.0797832 0.0797832
2.56 -31.2752 4.45652e-006 -8.16265e-008 0.082932 0.082932
2.57 -31.376 -1.27051e-006 2.0769e-006 0.0850452 0.0850452
2.58 -31.4657 -0.000182263 0.000259135 0.0856771 0.0856771
2.59 -31.5447 -0.000604941 0.000377488 0.0862937 0.0862937
2.6 -31.6151 -0.000125413 -7.97169e-005 0.0888747 0.0888747
2.61 -31.678 -9.58042e-005 3.15596e-006 0.0936717 0.0936717
2.62 -31.7357 -5.59305e-005 -2.95716e-005 0.100619 0.100619
2.63 -31.7889 -3.76657e-006 1.9544e-005 0.109018 0.109018
2.64 -31.8374 -1.38272e-005 -1.22419e-005 0.115802 0.115802
2.65 -31.8816 -3.17018e-007 2.03132e-006 0.117832 0.117832
2.66 -31.9217 4.77723e-006 -2.20295e-006 0.114969 0.114969
2.67 -31.9566 3.48411e-006 1.15264e-005 0.109193 0.109193
2.68 -31.9847 -3.55165e-005 3.93448e-005 0.102328 0.102328
2.69 -32.0037 -0.000111658 1.9381e-005 0.0964394 0.0964394
2.7 -32.0123 -0.000120168 -0.000228673 0.0939224 0.0939224
2.71 -32.0092 -7.33826e-005 -8.46145e-005 0.095583 0.095583
2.72 -31.992 3.13729e-005 3.34998e-005 0.100088 0.100088
2.73 -31.9561 -7.25934e-006 -7.61267e-008 0.105283 0.105283
2.74 -31.8994 -8.76103e-006 -1.52033e-005 0.109153 0.109153
2.75 -31.8244 3.51024e-006 6.32122e-006 0.110298 0.110298
2.76 -31.7349 -1.23794e-006 -2.84239e-006 0.108454 0.108454
2.77 -31.6339 2.31692e-008 1.46526e-006 0.104563 0.104563
2.78 -31.5255 6.01448e-007 -1.09431e-006 0.100325 0.100325
2.79 -31.4158 -1.1084e-006 7.4206e-007 0.0974623 0.0974623
2.8 -31.3087 1.7631e-007 -1.72848e-007 0.0969963 0.0969963
2.81 -31.2057 -1.76864e-007 8.98486e-007 0.0988931 0.0988931
2.82 -31.1078 -4.6707e-006 -9.30987e-006 0.102198 0.102198
2.83 -31.0161 1.40693e-006 1.00478e-005 0.105504 0.105504
2.84 -30.9304 -2.31405e-006 -6.23766e-006 0.10752 0.10752
2.85 -30.8496 -4.84499e-007 4.46578e-006 0.107555 0.107555
2.86 -30.7721 -3.12649e-006 -3.78463e-006 0.105745 0.105745
2.87 -30.6981 -1.82747e-005 3.12879e-005 0.102778 0.102778
2.88 -30.6285 -0.000247525 0.000158494 0.100152 0.100152
2.89 -30.5625 -5.44042e-005 -1.62456e-005 0.101286 0.101286
2.9 -30.499 4.509e-005 -3.86303e-005 0.109244 0.109244
2.91 -30.4382 7.04519e-006 -1.64286e-005 0.122435 0.122435
2.92 -30.3823 1.43872e-005 -1.12189e-005 0.135714 0.135714
2.93 -30.3337 1.98213e-006 -4.87082e-006 0.144673 0.144673
2.94 -30.2938 3.74763e-006 1.13489e-006 0.1472 0.1472
2.95 -30.2634 -3.35712e-005 2.09037e-005 0.142818 0.142818
2.96 -30.2433 -1.08975e-005 3.30107e-006 0.133151 0.133151
2.97 -30.2351 -6.69343e-006 -7.93598e-006 0.122253 0.122253
2.98 -30.2407 -4.67295e-006 -5.65144e-006 0.114607 0.114607
2.99 -30.2602 1.45224e-006 2.03493e-006 0.11305 0.11305
3 -30.2912 -9.94829e-007 -3.72343e-007 0.117656 0.117656
3.01 -30.3293 -3.78464e-007 -7.76653e-007 0.125676 0.125676
3.02 -30.3695 1.56933e-006 2.14518e-005 0.133196 0.133196
3.03 -30.4066 -1.25185e-005 -2.15016e-005 0.137247 0.137247
3.04 -30.4371 6.13615e-006 3.09164e-005 0.136482 0.136482
3.05 -30.4613 7.46183e-006 8.39754e-006 0.131252 0.131252
3.06 -30.4835 -1.63914e-006 -2.81646e-006 0.123658 0.123658
3.07 -30.508 -1.19045e-006 -1.01432e-005 0.116558 0.116558
3.08 -30.5369 1.04029e-005 8.04538e-005 0.112358 0.112358
3.09 -30.5732 -3.55304e-007 -5.11454e-005 0.112129 0.112129
3.1 -30.6215 -3.1051e-005 0.000202853 0.115063 0.115063
3.11 -30.6852 -5.37358e-005 0.0001708 0.119395 0.119395
3.12 -30.7622 -0.000145801 0.000228902 0.123812 0.123812
3.13 -30.8439 -0.000237691 0.000266983 0.127388 0.127388
3.14 -30.9207 -0.000251574 0.000205665 0.129091 0.129091
3.15 -30.9878 -4.54545e-005 3.22265e-005 0.128982 0.128982
3.16 -31.0448 -6.12559e-005 2.94912e-005 0.130127 0.130127
3.17 -31.095 0.000102419 -2.13031e-005 0.136606 0.136606
3.18 -31.1453 6.52822e-007 -2.42511e-005 0.147997 0.147997
3.19 -31.2008 -0.000108366 3.7536e-005 0.158659 0.158659
3.2 -31.2634 -4.88441e-005 -6.2267e-006 0.163827 0.163827
3.21 -31.3335 -7.16509e-005 1.20457e-005 0.163829 0.163829
3.22 -31.4106 -0.000122487 0.000193287 0.161358 0.161358
3.23 -31.4926 -0.000327085 4.61605e-005 0.157679 0.157679
3.24 -31.5741 -8.12829e-005 -3.88637e-006 0.153242 0.153242
3.25 -31.6485 3.49257e-005 7.8955e-007 0.149691 0.149691
3.26 -31.7108 -1.4372e-005 -1.28061e-006 0.149164 0.149164
3.27 -31.7587 5.91312e-006 5.20938e-008 0.151952 0.151952
3.28 -31.7911 -3.91705e-007 1.65746e-006 0.156119 0.156119
3.29 -31.8097 -1.69411e-006 -3.37885e-006 0.159585 0.159585
3.3 -31.8184 -6.3923e-007 6.90627e-008 0.161408 0.161408
3.31 -31.8203 -1.73073e-005 -5.67694e-006 0.161121 0.161121
3.32 -31.8153 -3.44487e-005 -4.43445e-005 0.158385 0.158385
3.33 -31.801 9.24738e-006 1.60434e-005 0.154014 0.154014
3.34 -31.7763 -2.5744e-005 -2.01517e-005 0.150217 0.150217
3.35 -31.7423 1.05141e-005 1.56944e-005 0.148731 0.148731
3.36 -31.6985 -9.89197e-006 -7.85669e-006 0.1495 0.1495
3.37 -31.643 1.97721e-006 2.16042e-005 0.151228 0.151228
3.38 -31.5734 -1.15467e-005 -3.03658e-005 0.152621 0.152621
3.39 -31.4878 -6.02533e-006 5.93e-005 0.153572 0.153572
3.4 -31.3864 -1.52682e-005 -1.68852e-005 0.154247 0.154247
3.41 -31.2747 -3.67125e-005 1.81355e-005 0.153854 0.153854
3.42 -31.1606 -4.6639e-005 2.65716e-005 0.152068 0.152068
3.43 -31.0512 -4.40284e-005 3.18471e-005 0.150204 0.150204
3.44 -30.9514 -1.20966e-005 -1.82723e-006 0.149905 0.149905
3.45 -30.8639 -3.68133e-007 2.87437e-006 0.151079 0.151079
3.46 -30.7905 -2.54254e-006 -5.9682e-006 0.151754 0.151754
3.47 -30.7321 -5.70148e-006 2.00441e-007 0.151668 0.151668
3.48 -30.6871 6.22544e-007 -7.01668e-007 0.154638 0.154638
3.49 -30.6511 -2.61571e-006 8.43816e-007 0.162424 0.162424
3.5 -30.6198 -5.63444e-006 1.82234e-006 0.168831 0.168831
3.51 -30.5906 -3.15134e-006 7.94505e-007 0.167156 0.167156
3.52 -30.5622 -1.72793e-007 -5.65694e-007 0.159749 0.159749
3.53 -30.5326 6.7324e-008 2.31576e-007 0.153329 0.153329
3.54 -30.5018 -1.81101e-008 -8.93774e-008 0.150129 0.150129
3.55 -30.4739 -1.15022e-006 9.93219e-007 0.148815 0.148815
3.56 -30.457 4.73889e-007 -4.09204e-007 0.149453 0.149453
3.57 -30.4594 -1.14405e-005 1.15771e-005 0.153184 0.153184
3.58 -30.4863 2.16592e-007 2.404e-007 0.158809 0.158809
3.59 -30.5368 -1.07851e-006 3.85425e-006 0.162997 0.162997
3.6 -30.6044 7.13246e-006 -2.22021e-006 0.163641 0.163641
3.61 -30.6792 -2.93817e-006 9.15198e-007 0.16136 0.16136
3.62 -30.7523 9.1452e-006 5.36583e-006 0.157869 0.157869
3.63 -30.8186 3.92755e-006 -2.51129e-006 0.15433 0.15433
3.64 -30.8752 1.56132e-006 -2.8286e-006 0.15168 0.15168
3.65 -30.9195 5.85991e-006 1.37872e-005 0.151041 0.151041
3.66 -30.9507 -9.54305e-007 -1.10685e-005 0.152921 0.152921
3.67 -30.9722 7.92341e-007 4.26635e-006 0.156337 0.156337
3.68 -30.9908 3.97536e-006 -3.73927e-006 0.159412 0.159412
3.69 -31.0144 5.07676e-007 1.75856e-006 0.16098 0.16098
3.7 -31.0509 -1.87264e-007 -8.51115e-007 0.160846 0.160846
3.71 -31.1064 -2.39946e-005 9.2774e-005 0.159071 0.159071
3.72 -31.1819 -0.000198484 0.000267174 0.156254 0.156254
3.73 -31.273 -6.07031e-005 5.86572e-005 0.15352 0.15352
3.74 -31.3704 -0.000296367 0.000351908 0.152059 0.152059
3.75 -31.4645 -0.000102326 7.50755e-005 0.153314 0.153314
3.76 -31.5469 4.23393e-005 -3.15444e-005 0.157723 0.157723
3.77 -31.6118 -1.78007e-005 1.21969e-005 0.162638 0.162638
3.78 -31.6558 7.23264e-006 -4.14263e-006 0.164423 0.164423
3.79 -31.6794 -3.02632e-006 1.55707e-007 0.163016 0.163016
3.8 -31.6861 -4.2686e-007 -1.4519e-006 0.160716 0.160716
3.81 -31.6809 8.89202e-008 5.27949e-007 0.158263 0.158263
3.82 -31.6674 -8.76362e-008 -1.82157e-007 0.155537 0.155537
3.83 -31.6471 -8.17475e-008 1.10849e-007 0.153641 0.153641
3.84 -31.6199 2.64655e-008 -5.45693e-008 0.154021 0.154021
3.85 -31.5881 -3.98435e-007 -5.5049e-007 0.156497 0.156497
3.86 -31.5546 -3.40109e-007 3.05703e-007 0.159443 0.159443
3.87 -31.5197 -8.75125e-007 2.91356e-007 0.161478 0.161478
3.88 -31.482 -7.15637e-007 2.05439e-007 0.162183 0.162183
3.89 -31.4416 -3.56174e-007 2.10091e-008 0.161592 0.161592
3.9 -31.4018 -1.08686e-006 -3.18125e-006 0.159889 0.159889
3.91 -31.3693 -1.12651e-007 -5.66694e-007 0.15767 0.15767
3.92 -31.3509 -2.21475e-005 -3.63253e-005 0.155901 0.155901
3.93 -31.3501 2.09214e-006 9.92913e-006 0.15524 0.15524
3.94 -31.3642 -6.26792e-007 3.97153e-006 0.155647 0.155647
3.95 -31.3854 2.54701e-007 7.20665e-006 0.156814 0.156814
3.96 -31.4031 -5.55644e-005 -9.59633e-005 0.158334 0.158334
3.97 -31.4055 -2.75736e-005 -4.34893e-005 0.159422 0.159422
3.98 -31.3807 1.22592e-005 3.01439e-005 0.159471 0.159471
3.99 -31.3183 -5.12854e-006 -1.14368e-005 0.158785 0.158785
4 -31.2149 2.14803e-006 4.92928e-006 0.157724 0.157724
4.01 -31.0769 -5.3439e-007 -1.68094e-006 0.156399 0.156399
4.02 -30.9189 3.02483e-007 6.99227e-007 0.155505 0.155505
4.03 -30.7606 -8.2419e-007 3.18455e-007 0.155554 0.155554
4.04 -30.6245 -1.58645e-006 1.77965e-006 0.156447 0.156447
4.05 -30.5317 -1.75057e-006 1.45467e-006 0.158426 0.158426
4.06 -30.4943 7.37543e-007 -5.85048e-007 0.160768 0.160768
4.07 -30.5113 -4.38201e-006 5.81465e-006 0.160711 0.160711
4.08 -30.572 1.33399e-006 -1.15109e-006 0.157739 0.157739
4.09 -30.6583 2.7448e-006 -4.41235e-008 0.155166 0.155166
4.1 -30.7471 -8.10255e-007 5.0487e-006 0.154909 0.154909
4.11 -30.815 2.73867e-006 3.28555e-006 0.155704 0.155704
4.12 -30.8453 -9.06513e-006 -1.84323e-005 0.156417 0.156417
4.13 -30.8291 -1.34792e-005 -1.12687e-005 0.157419 0.157419
4.14 -30.7683 1.71865e-005 1.78037e-005 0.158726 0.158726
4.15 -30.6769 -2.78162e-006 4.32162e-006 0.159413 0.159413
4.16 -30.5779 7.27489e-007 -7.07696e-008 0.1589 0.1589
4.17 -30.4966 1.26479e-005 1.361e-005 0.157849 0.157849
4.18 -30.4541 1.55055e-006 -6.60743e-006 0.157774 0.157774
4.19 -30.4618 -3.91392e-007 2.58751e-006 0.158043 0.158043
4.2 -30.5191 1.61252e-007 -1.06605e-006 0.155484 0.155484
4.21 -30.6158 -4.59265e-007 1.72509e-007 0.151162 0.151162
4.22 -30.7336 3.63659e-007 -1.55464e-007 0.150697 0.150697
4.23 -30.8504 -1.25706e-007 8.10405e-008 0.15451 0.15451
4.24 -30.9459 -7.85582e-007 1.68082e-005 0.157699 0.157699
4.25 -31.0031 -9.13867e-006 -2.25195e-005 0.15836 0.15836
4.26 -31.0108 -1.77699e-005 -2.99525e-005 0.158484 0.158484
4.27 -30.9693 2.03598e-005 5.2693e-005 0.158767 0.158767
4.28 -30.889 -8.41505e-006 -2.14876e-005 0.157741 0.157741
4.29 -30.7865 3.41107e-006 8.82708e-006 0.155356 0.155356
4.3 -30.6824 -1.43134e-006 -3.81765e-006 0.153324 0.153324
4.31 -30.5999 3.08796e-007 1.55357e-006 0.152835 0.152835
4.32 -30.557 -2.96075e-007 -1.18516e-006 0.153685 0.153685
4.33 -30.5619 -6.56461e-008 7.34541e-007 0.155093 0.155093
4.34 -30.6115 -3.22051e-007 -2.08636e-007 0.156587 0.156587
4.35 -30.6931 -1.80282e-007 7.42923e-008 0.157837 0.157837
4.36 -30.7879 -4.74527e-007 -1.24972e-007 0.158343 0.158343
4.37 -30.8768 -3.31248e-007 2.92246e-007 0.157784 0.157784
4.38 -30.9453 -2.50041e-007 -4.46797e-008 0.15647 0.15647
4.39 -30.9857 -3.03678e-007 1.72108e-008 0.155117 0.155117
4.4 -30.9975 2.77546e-007 -3.70933e-007 0.154294 0.154294
4.41 -30.9864 9.04977e-008 -1.17749e-007 0.154199 0.154199
4.42 -30.9618 -7.93773e-008 -4.37816e-007 0.15478 0.15478
4.43 -30.9353 -9.12778e-007 -1.06652e-006 0.155798 0.155798
4.44 -30.9147 4.53528e-007 3.75484e-007 0.156835 0.156835
4.45 -30.9027 9.93183e-009 -3.26331e-007 0.157464 0.157464
4.46 -30.8996 1.97961e-007 -8.25281e-008 0.157448 0.157448
4.47 -30.9053 4.76033e-007 -6.8543e-008 0.156841 0.156841
4.48 -30.9178 1.20564e-007 -2.79899e-008 0.155945 0.155945
4.49 -30.9315 1.03735e-007 -1.30012e-007 0.155148 0.155148
4.5 -30.9413 1.81117e-008 2.19619e-008 0.154745 0.154745
4.51 -30.9444 3.74999e-008 5.83765e-008 0.154849 0.154849
4.52 -30.9392 -5.08435e-007 2.35593e-007 0.155382 0.155382
4.53 -30.9262 -6.56922e-007 4.2336e-007 0.156113 0.156113
4.54 -30.9073 -1.56162e-006 1.70108e-006 0.156736 0.156736
4.55 -30.8832 -6.5347e-007 9.32974e-007 0.157009 0.157009
4.56 -30.8551 2.97201e-007 -3.59907e-007 0.156852 0.156852
4.57 -30.826 -6.20609e-007 1.18812e-006 0.15637 0.15637
4.58 -30.7987 -6.51582e-007 3.42206e-006 0.155785 0.155785
4.59 -30.7723 3.85262e-006 -2.73297e-006 0.155337 0.155337
4.6 -30.7445 -7.94242e-007 2.09904e-006 0.155189 0.155189
4.61 -30.7145 3.28471e-006 -1.94208e-006 0.155373 0.155373
4.62 -30.6859 2.02066e-006 1.65213e-006 0.155795 0.155795
4.63 -30.663 -8.31384e-007 -6.06506e-007 0.156274 0.156274
4.64 -30.6456 4.04623e-006 5.24709e-006 0.156611 0.156611
4.65 -30.6307 -1.66704e-006 -2.16179e-006 0.156681 0.156681
4.66 -30.6173 4.78258e-006 -2.74135e-006 0.156479 0.156479
4.67 -30.6085 -6.41055e-007 1.08196e-005 0.156112 0.156112
4.68 -30.6075 2.65079e-007 -4.45706e-006 0.155743 0.155743
4.69 -30.6147 -9.54083e-008 1.84801e-006 0.155513 0.155513
4.7 -30.6274 7.12997e-008 -7.24828e-007 0.155497 0.155497
4.71 -30.6411 -7.27674e-008 -4.85163e-008 0.155691 0.155691
4.72 -30.6523 5.53273e-008 2.53866e-007 0.156004 0.156004
4.73 -30.6622 -3.705e-008 -3.14832e-007 0.156299 0.156299
4.74 -30.6736 -1.25273e-007 7.30861e-007 0.156458 0.156458
4.75 -30.6874 -1.22891e-007 -6.12024e-007 0.156431 0.156431
4.76 -30.7024 7.21826e-008 -1.5144e-007 0.156248 0.156248
4.77 -30.7153 -7.13856e-008 -5.64855e-008 0.155994 0.155994
4.78 -30.7226 -4.02058e-007 8.66722e-008 0.155774 0.155774
4.79 -30.7253 -3.3773e-007 8.11322e-008 0.155671 0.155671
4.8 -30.7273 -2.03328e-007 -5.87322e-008 0.15572 0.15572
4.81 -30.732 -1.67551e-007 -7.03041e-008 0.155891 0.155891
4.82 -30.7437 1.6779e-007 -4.26369e-007 0.156105 0.156105
4.83 -30.7658 5.04377e-008 4.56008e-008 0.156271 0.156271
4.84 -30.7944 4.96369e-007 -8.06491e-007 0.156329 0.156329
4.85 -30.8203 1.33471e-007 1.14686e-008 0.156263 0.156263
4.86 -30.8404 4.59243e-007 -4.29869e-007 0.156099 0.156099
4.87 -30.8624 1.05728e-007 -2.64782e-008 0.155905 0.155905
4.88 -30.8943 9.6276e-007 -2.99851e-007 0.155761 0.155761
4.89 -30.936 -1.73584e-006 -4.56853e-007 0.155705 0.155705
4.9 -30.9828 -1.89282e-008 -5.13413e-007 0.155735 0.155735
4.91 -31.0318 -6.04482e-007 -3.21516e-007 0.155834 0.155834
4.92 -31.0848 2.43477e-007 1.35891e-007 0.155962 0.155962
4.93 -31.144 -4.91805e-006 -6.30992e-006 0.156057 0.156057
4.94 -31.2102 1.86425e-006 2.62086e-006 0.156085 0.156085
4.95 -31.285 -1.06159e-006 -1.24651e-006 0.156052 0.156052
4.96 -31.3691 -1.47062e-006 -1.30494e-006 0.155977 0.155977
4.97 -31.4585 4.20856e-006 1.19134e-005 0.155831 0.155831
4.98 -31.5469 -1.85878e-005 -1.83191e-005 0.155473 0.155473
4.99 -31.6336 -0.000161101 -0.000161407 0.154889 0.154889
5 -31.7224 -5.64031e-005 -5.23086e-005 0.154278 0.154278
5.01 -31.8142 2.92358e-005 2.90557e-005 0.153585 0.153585
5.02 -31.904 -3.48296e-005 -3.15742e-005 0.152618 0.152618
5.03 -31.985 -9.44877e-006 -2.54493e-006 0.151327 0.151327
5.04 -32.0506 -1.99077e-006 -1.54834e-005 0.149687 0.149687
5.05 -32.0967 -5.50533e-006 3.5164e-006 0.148038 0.148038
5.06 -32.1266 5.98677e-007 -6.39493e-006 0.146873 0.146873
5.07 -32.1488 1.18419e-006 -1.71882e-006 0.146055 0.146055
5.08 -32.1706 5.15907e-006 5.63694e-006 0.145063 0.145063
5.09 -32.1953 -6.69322e-005 -5.38439e-005 0.143557 0.143557
5.1 -32.2261 6.45121e-006 -7.96381e-006 0.141265 0.141265
5.11 -32.2635 -0.000105352 -3.85472e-005 0.138165 0.138165
5.12 -32.3014 -6.86226e-005 -3.44571e-005 0.135208 0.135208
5.13 -32.33 -0.000130124 -7.79392e-005 0.133793 0.133793
5.14 -32.3442 -3.2613e-005 -8.16407e-007 0.134105 0.134105
5.15 -32.3419 1.34074e-005 4.02743e-007 0.135042 0.135042
5.16 -32.3199 -5.60921e-006 -1.7556e-007 0.135641 0.135641
5.17 -32.2783 2.24497e-006 6.87753e-008 0.135962 0.135962
5.18 -32.2235 -9.24299e-007 -2.73594e-008 0.13682 0.13682
5.19 -32.1649 3.46363e-007 -5.97371e-009 0.138146 0.138146
5.2 -32.1071 -1.60481e-007 -6.80807e-008 0.138569 0.138569
5.21 -32.0461 2.84195e-008 -8.76804e-008 0.137575 0.137575
5.22 -31.973 -9.0124e-007 1.32768e-007 0.136245 0.136245
5.23 -31.8755 -1.00283e-007 3.1703e-007 0.135528 0.135528
5.24 -31.7398 -1.49051e-006 5.33309e-007 0.135341 0.135341
5.25 -31.5554 1.47184e-006 1.12193e-006 0.13542 0.13542
5.26 -31.3187 7.35731e-007 6.26964e-007 0.135953 0.135953
5.27 -31.0313 8.07734e-007 1.35005e-006 0.136831 0.136831
5.28 -30.7015 2.62719e-007 4.68548e-008 0.137417 0.137417
5.29 -30.3469 -1.15609e-005 -3.70941e-006 0.13716 0.13716
5.3 -29.9895 1.12391e-005 7.43229e-006 0.134761 0.134761
5.31 -29.6483 6.01496e-005 7.20507e-005 0.129002 0.129002
5.32 -29.3369 8.40888e-005 0.000121034 0.119589 0.119589
5.33 -29.0631 4.7056e-005 3.7147e-005 0.104023 0.104023
5.34 -28.8261 0.000268461 0.000403457 0.0794469 0.0794469
5.35 -28.6149 0.000487858 0.00052194 0.049104 0.049104
5.36 -28.4112 0.000138481 4.53719e-005 0.0205732 0.0205732
5.37 -28.2009 0.000374339 0.000564776 -0.00172849 -0.00172849
5.38 -27.9845 3.96791e-005 8.61862e-006 -0.0177719 -0.0177719
5.39 -27.7719 9.80887e-005 5.21395e-005 -0.0284683 -0.0284683
5.4 -27.5714 6.47128e-005 0.000468048 -0.0340745 -0.0340745
5.41 -27.3907 0.000220245 9.32975e-005 -0.035472 -0.035472
5.42 -27.2425 0.000147262 5.22138e-005 -0.0350476 -0.0350476
5.43 -27.148 -4.25621e-005 7.32257e-006 -0.0352443 -0.0352443
5.44 -27.1307 0.000183551 0.00017784 -0.0375428 -0.0375428
5.45 -27.2038 9.34999e-005 0.000201308 -0.0414494 -0.0414494
5.46 -27.3638 -3.705e-005 -9.28009e-006 -0.0446974 -0.0446974
5.47 -27.5967 1.45015e-005 4.88289e-006 -0.0448701 -0.0448701
5.48 -27.8853 -9.655e-006 -3.91851e-006 -0.0406498 -0.0406498
5.49 -28.2104 -1.07115e-006 -5.67653e-006 -0.0337651 -0.0337651
5.5 -28.5558 -9.48011e-006 -8.11875e-007 -0.0287545 -0.0287545
5.51 -28.9143 -8.19004e-006 -3.69264e-006 -0.0284857 -0.0284857
5.52 -29.2847 -2.637e-005 -2.09002e-005 -0.0317225 -0.0317225
5.53 -29.6676 -1.30379e-005 -1.57331e-005 -0.0361465 -0.0361465
5.54 -30.0683 -5.0852e-005 -3.08505e-005 -0.0407842 -0.0407842
5.55 -30.4976 -8.70706e-005 -6.10825e-005 -0.0468388 -0.0468388
5.56 -30.9679 -0.000174044 -0.000161664 -0.0523239 -0.0523239
5.57 -31.4887 -0.000227771 -0.000295726 -0.0513341 -0.0513341
5.58 -32.0613 3.80712e-007 -9.6766e-005 -0.045734 -0.045734
5.59 -32.6737 -0.00231441 -0.00180947 -0.0469037 -0.0469037
5.6 -33.3144 -0.000630998 -0.000899324 -0.0633032 -0.0633032
5.61 -33.9613 -0.000853362 -0.000220338 -0.0919276 -0.0919276
5.62 -34.595 -0.000618152 -0.00066364 -0.130795 -0.130795
5.63 -35.1906 -0.000350911 -0.000410382 -0.180898 -0.180898
5.64 -35.72 -0.000505656 -0.000233867 -0.235447 -0.235447
5.65 -36.1624 -0.000322103 -0.000400563 -0.282903 -0.282903
5.66 -36.5097 -9.43379e-005 -0.000345112 -0.309177 -0.309177
5.67 -36.765 -0.000163337 -0.000151124 -0.309897 -0.309897
5.68 -36.9351 -0.00012094 -0.000159122 -0.297082 -0.297082
5.69 -37.0249 -8.26026e-005 -7.82409e-005 -0.283445 -0.283445
5.7 -37.0383 1.77347e-005 -9.92393e-005 -0.27384 -0.27384
5.71 -36.9797 -0.000366873 -0.00012479 -0.27043 -0.27043
5.72 -36.8526 -0.000722613 -0.00079356 -0.276806 -0.276806
5.73 -36.6538 3.64104e-005 -9.78108e-005 -0.293346 -0.293346
5.74 -36.3676 -3.28731e-005 6.48034e-005 -0.311968 -0.311968
5.75 -35.9727 1.43809e-005 -3.1476e-005 -0.322291 -0.322291
5.76 -35.4505 -9.41607e-006 9.00989e-006 -0.32119 -0.32119
5.77 -34.7932 -5.64993e-006 6.52046e-007 -0.312517 -0.312517
5.78 -34.0071 -2.8487e-005 2.09128e-005 -0.301423 -0.301423
5.79 -33.1166 -4.06095e-005 2.49123e-005 -0.292052 -0.292052
5.8 -32.1659 -1.59258e-005 -2.57911e-005 -0.288545 -0.288545
5.81 -31.2114 1.06967e-005 -4.77511e-006 -0.293923 -0.293923
5.82 -30.3035 9.89144e-005 5.67392e-005 -0.305697 -0.305697
5.83 -29.4713 2.2598e-005 3.80981e-005 -0.31692 -0.31692
5.84 -28.7249 8.54899e-005 -5.31463e-005 -0.319445 -0.319445
5.85 -28.064 0.00996888 0.00816502 -0.306021 -0.306021
5.86 -27.4729 -0.00502885 -0.0092433 -0.278554 -0.278554
5.87 -26.9308 -0.00939246 -0.00361286 -0.249264 -0.249264
5.88 -26.4126 0.00090571 0.00520373 -0.233097 -0.233097
5.89 -25.8967 0.000939072 -0.000471099 -0.240378 -0.240378
5.9 -25.3752 0.000490345 0.00119843 -0.272856 -0.272856
5.91 -24.8561 -6.20479e-005 -0.000292338 -0.325502 -0.325502
5.92 -24.3621 0.000301756 0.000736124 -0.386228 -0.386228
5.93 -23.921 -0.000354238 -0.000252956 -0.438314 -0.438314
5.94 -23.5585 0.000101645 9.55977e-005 -0.469915 -0.469915
5.95 -23.2962 -4.78502e-005 0.000398888 -0.481036 -0.481036
5.96 -23.1526 1.24338e-005 0.000155869 -0.477442 -0.477442
5.97 -23.1386 0.000136269 0.000203935 -0.461317 -0.461317
5.98 -23.2537 0.000111765 0.000857503 -0.434841 -0.434841
5.99 -23.4915 0.000366175 0.000486522 -0.407487 -0.407487
6 -23.8507 0.000328573 0.000366724 -0.393294 -0.393294
6.01 -24.342 -0.000869621 0.00180841 -0.397993 -0.397993
6.02 -24.9821 -0.000686943 0.000969329 -0.41295 -0.41295
6.03 -25.7826 -0.00206056 0.00168076 -0.424099 -0.424099
6.04 -26.7487 -0.00277743 0.00113527 -0.41921 -0.41921
6.05 -27.8761 -0.00372996 0.00129468 -0.394309 -0.394309
6.06 -29.148 -0.00215591 0.000675029 -0.34733 -0.34733
6.07 -30.5325 -0.00573853 0.000119105 -0.272983 -0.272983
6.08 -31.9823 -0.00259149 4.89897e-007 -0.184054 -0.184054
6.09 -33.4419 -0.0029493 -0.00152186 -0.102878 -0.102878
6.1 -34.8599 -0.000816987 0.000753074 -0.0322344 -0.0322344
6.11 -36.1882 -0.00295138 -0.00184467 0.0332885 0.0332885
6.12 -37.3842 -0.00281861 -0.00021698 0.0752863 0.0752863
6.13 -38.4167 -0.004187 -0.00298289 0.0615035 0.0615035
6.14 -39.2639 -0.00250715 -0.00239659 -0.0146747 -0.0146747
6.15 -39.9045 -0.000965643 -0.000495931 -0.128801 -0.128801
6.16 -40.3174 -0.00195939 -0.000220238 -0.241699 -0.241699
6.17 -40.485 -0.00361531 -0.00116103 -0.315274 -0.315274
6.18 -40.3935 -0.00225202 -0.00189882 -0.328404 -0.328404
6.19 -40.0353 -0.000515375 -0.00128553 -0.284828 -0.284828
6.2 -39.4126 7.26298e-005 0.000188851 -0.207158 -0.207158
6.21 -38.539 -9.67856e-006 -1.4363e-005 -0.122977 -0.122977
6.22 -37.4344 -3.1533e-006 -1.83853e-005 -0.0570071 -0.0570071
6.23 -36.1247 4.6686e-005 -0.000375836 -0.0277537 -0.0277537
6.24 -34.6473 8.43297e-005 -0.000708356 -0.0471728 -0.0471728
6.25 -33.0545 0.001189 -0.00350546 -0.10989 -0.10989
6.26 -31.4153 0.0321284 -0.0296656 -0.193486 -0.193486
6.27 -29.7971 -0.0142818 0.0249292 -0.27445 -0.27445
6.28 -28.2825 -0.00305793 0.009008 -0.309444 -0.309444
6.29 -26.9234 -0.00496125 -0.00613645 -0.248426 -0.248426
6.3 -25.735 0.00142086 0.00152594 -0.0922793 -0.0922793
6.31 -24.7119 -0.000221479 0.000367066 0.104042 0.104042
6.32 -23.8493 0.00245428 0.0033959 0.274089 0.274089
6.33 -23.1589 0.00239405 0.00226253 0.366118 0.366118
6.34 -22.6619 0.00102124 0.000396198 0.344695 0.344695
6.35 -22.3849 0.00194248 -0.000810966 0.212231 0.212231
6.36 -22.3531 0.00641298 0.00061248 0.0310289 0.0310289
6.37 -22.5778 0.00218738 0.00132522 -0.114102 -0.114102
6.38 -23.0374 -0.000857792 -0.000562983 -0.172662 -0.172662
6.39 -23.7041 0.000451798 0.000205135 -0.138901 -0.138901
6.4 -24.5602 -8.27701e-005 -7.09167e-005 -0.0328907 -0.0328907
6.41 -25.5777 6.37018e-005 4.57158e-005 0.105948 0.105948
6.42 -26.7019 -1.37421e-005 -3.62301e-006 0.220961 0.220961
6.43 -27.859 0.000124905 -1.829e-005 0.262514 0.262514
6.44 -28.9761 0.000509916 0.000338465 0.217885 0.217885
6.45 -29.9897 -0.00460239 0.00072278 0.115075 0.115075
6.46 -30.8526 -0.00495714 0.00323822 0.00163983 0.00163983
6.47 -31.5412 -0.0101232 -0.00111729 -0.0768941 -0.0768941
6.48 -32.0621 0.0113196 0.00229102 -0.0909452 -0.0909452
6.49 -32.4559 0.00603347 0.00551101 -0.0389538 -0.0389538
6.5 -32.7632 -0.000306335 -0.000219062 0.0552872 0.0552872
6.51 -33.0284 0.000137216 -3.68931e-005 0.146765 0.146765
6.52 -33.3015 0.0022235 0.00327571 0.171107 0.171107
6.53 -33.6363 0.00127508 0.00171621 0.113618 0.113618
6.54 -34.082 -0.000284295 -0.000762749 0.0367889 0.0367889
6.55 -34.6644 0.000377406 0.000267823 -0.0228128 -0.0228128
6.56 -35.3756 -0.00198154 -0.00336367 -0.0696722 -0.0696722
6.57 -36.1731 -0.00123912 -0.00191529 -0.0789484 -0.0789484
6.58 -36.9847 -0.00433412 0.00608305 -0.0186857 -0.0186857
6.59 -37.7298 -0.0026992 0.00111432 0.0922423 0.0922423
6.6 -38.3305 0.00108205 -0.000929053 0.194374 0.194374
6.61 -38.7244 -0.00223283 0.00207276 0.243329 0.243329
6.62 -38.8849 -0.000327954 -8.94028e-005 0.236529 0.236529
6.63 -38.817 0.000704112 -0.000990859 0.191416 0.191416
6.64 -38.5571 -0.00045858 -4.52111e-005 0.123253 0.123253
6.65 -38.1655 0.000225532 -6.27357e-005 0.0532207 0.0532207
6.66 -37.7108 -0.000143846 -6.2399e-007 0.0122148 0.0122148
6.67 -37.2558 -3.60756e-005 -6.47777e-005 0.0202248 0.0202248
6.68 -36.8379 -3.13052e-005 6.80264e-005 0.0692624 0.0692624
6.69 -36.4559 -8.81963e-005 -0.000133559 0.132858 0.132858
6.7 -36.0684 -3.93296e-005 -0.000126744 0.186412 0.186412
6.71 -35.6063 1.1934e-005 3.44088e-005 0.217348 0.217348
6.72 -34.995 -2.02385e-005 -3.2235e-005 0.225395 0.225395
6.73 -34.173 -9.36175e-005 2.30852e-005 0.212527 0.212527
6.74 -33.1046 0.000213487 -0.000498037 0.178616 0.178616
6.75 -31.7943 0.00508363 -0.00335623 0.137456 0.137456
6.76 -30.295 0.0397009 -0.0158693 0.0929532 0.0929532
6.77 -28.6616 -0.0220549 0.0290713 0.0330078 0.0330078
6.78 -27.0079 0.00847087 -0.0297448 -0.00991522 -0.00991522
6.79 -25.4235 -0.00461772 0.012576 0.00311901 0.00311901
6.8 -23.9915 0.00974072 -0.0164313 0.0626467 0.0626467
6.81 -22.8029 0.0105731 -0.00213156 0.173178 0.173178
6.82 -21.9019 0.00744536 -0.00124997 0.369128 0.369128
6.83 -21.2941 0.00499618 0.000568182 0.648741 0.648741
6.84 -20.9722 0.00190077 -0.000240592 0.966254 0.966254
6.85 -20.9194 0.000568973 -9.67451e-005 1.28457 1.28457
6.86 -21.1043 0.000207475 5.86156e-005 1.55909 1.55909
6.87 -21.4904 0.00641529 0.000267262 1.71767 1.71767
6.88 -22.0507 0.00264493 -0.00100229 1.74145 1.74145
6.89 -22.762 -0.00128859 0.000208948 1.66443 1.66443
6.9 -23.6104 0.00054651 -0.000186077 1.48648 1.48648
6.91 -24.5867 -0.000186228 -2.07462e-006 1.21963 1.21963
6.92 -25.6732 0.000140193 -0.000120042 0.966795 0.966795
6.93 -26.8614 0.000777396 0.0020599 0.837335 0.837335
6.94 -28.16 0.00057623 0.00117768 0.834605 0.834605
6.95 -29.5847 -0.00232086 -0.00338311 0.881002 0.881002
6.96 -31.1396 -0.00941843 -0.0062504 0.903113 0.903113
6.97 -32.8062 -0.00123772 0.0132557 0.866447 0.866447
6.98 -34.5586 0.0165794 0.0232581 0.782832 0.782832
6.99 -36.3579 0.0536905 -0.047009 0.692187 0.692187
7 -38.164 0.0103265 -0.0171309 0.568352 0.568352
7.01 -39.8894 -0.0056176 0.00661336 0.372804 0.372804
7.02 -41.4319 -0.00695753 -0.0116732 0.202027 0.202027
7.03 -42.7056 -0.00827895 -0.00144362 0.155872 0.155872
7.04 -43.6351 -0.00538098 -6.04442e-005 0.169932 0.169932
7.05 -44.2108 -0.00587488 0.00212982 0.12749 0.12749
7.06 -44.4516 -0.0087008 0.00610065 0.044246 0.044246
7.07 -44.394 -0.0138574 0.0121293 0.0349107 0.0349107
7.08 -44.0908 -0.0923318 0.035241 0.162502 0.162502
7.09 -43.5808 -0.0322543 0.0183521 0.399128 0.399128
7.1 -42.936 -0.0511004 0.0428431 0.693131 0.693131
7.11 -42.1891 -0.0391438 0.0207803 1.05157 1.05157
7.12 -41.3575 -0.0221942 0.01453 1.47868 1.47868
7.13 -40.4448 -0.0292282 0.0101569 1.8645 1.8645
7.14 -39.4407 -0.0257074 0.0161328 2.0741 2.0741
7.15 -38.339 -0.012628 0.0175695 2.07962 2.07962
7.16 -37.1424 -0.00453588 0.00643088 1.93887 1.93887
7.17 -35.8685 0.000864441 0.0005053 1.72687 1.72687
7.18 -34.5453 -0.000602352 -0.000521278 1.50088 1.50088
7.19 -33.2014 0.0013858 0.00207349 1.30757 1.30757
7.2 -31.8636 -0.000712605 -0.00108997 1.19564 1.19564
7.21 -30.547 0.00497032 0.0044887 1.18886 1.18886
7.22 -29.239 -0.0145116 -0.0177565 1.25341 1.25341
7.23 -27.9056 -0.0372587 -0.0358413 1.30875 1.30875
7.24 -26.508 -0.0156266 -0.0149299 1.29705 1.29705
7.25 -25.0009 -0.0240885 -0.0112206 1.20102 1.20102
7.26 -23.3778 -0.0360633 -0.0107639 1.02714 1.02714
7.27 -21.6651 0.0376453 -0.00780051 0.828498 0.828498
7.28 -19.9005 -0.0657916 0.0504173 0.650518 0.650518
7.29 -18.1732 -0.0147678 0.0191771 0.50345 0.50345
7.3 -16.6031 0.0418578 -0.0120631 0.411733 0.411733
7.31 -15.286 -0.00026198 0.0235997 0.373941 0.373941
7.32 -14.3159 0.0436897 -0.00338457 0.298153 0.298153
7.33 -13.7361 0.0797766 0.0107334 0.0798933 0.0798933
7.34 -13.5589 0.177372 -0.0785183 -0.141641 -0.141641
7.35 -13.7928 0.0680442 -0.0550997 0.0918895 0.0918895
7.36 -14.4434 0.112315 -0.0334408 1.04235 1.04235
7.37 -15.4502 0.0427262 -0.00623848 2.39991 2.39991
7.38 -16.7799 0.0334371 -0.0175632 3.7544 3.7544
7.39 -18.3774 0.0352063 -0.0195072 4.92358 4.92358
7.4 -20.1958 0.018831 -0.016352 5.64671 5.64671
7.41 -22.2027 0.000331135 -0.00393675 5.57087 5.57087
7.42 -24.3474 -0.000775227 -0.00187442 4.6973 4.6973
7.43 -26.5837 -0.00248668 -0.00442724 3.5001 3.5001
7.44 -28.8832 -0.00718482 -0.00781589 2.52763 2.52763
7.45 -31.2401 0.0163217 0.0187131 2.05825 2.05825
7.46 -33.661 0.0100214 0.0103549 2.09784 2.09784
7.47 -36.1398 -0.0122242 -0.0122524 2.4989 2.4989
7.48 -38.641 -0.000622922 -0.00288569 2.98057 2.98057
7.49 -41.1084 -0.0109264 -0.00560738 3.15568 3.15568
7.5 -43.4627 -0.00827438 -0.00592624 2.73954 2.73954
7.51 -45.6447 -0.107612 -0.081149 1.68749 1.68749
7.52 -47.5651 -0.0828079 -0.0315766 0.0814762 0.0814762
7.53 -49.1396 -0.120286 -0.110463 -1.84114 -1.84114
7.54 -50.2715 -0.0688813 -0.0551974 -3.6629 -3.6629
7.55 -50.9371 -0.0234705 -0.0026034 -5.05272 -5.05272
7.56 -51.1566 -0.0162654 -0.0123523 -5.81514 -5.81514
7.57 -51.0273 -0.023979 -0.0110203 -5.84199 -5.84199
7.58 -50.6392 -0.0404453 -0.0127478 -5.2551 -5.2551
7.59 -50.0605 -0.0159181 -0.0129817 -4.39716 -4.39716
7.6 -49.3393 -0.136401 -0.0999445 -3.64052 -3.64052
7.61 -48.4494 -0.088531 -0.0333114 -3.21642 -3.21642
7.62 -47.4121 0.00750762 0.012727 -3.1494 -3.1494
7.63 -46.2188 -0.00333833 -0.00533174 -3.29295 -3.29295
7.64 -44.8117 0.00149958 0.00202875 -3.41993 -3.41993
7.65 -43.1396 -0.000997282 0.00220235 -3.31715 -3.31715
7.66 -41.1547 0.000356987 3.27173e-005 -2.86011 -2.86011
7.67 -38.843 0.000299265 0.000265275 -2.05701 -2.05701
7.68 -36.237 0.000284779 0.00336482 -1.05303 -1.05303
7.69 -33.4252 0.00292827 0.00745376 -0.0893938 -0.0893938
7.7 -30.5267 0.00142114 0.0138351 0.614557 0.614557
7.71 -27.6215 -0.0323497 -0.0348973 0.938271 0.938271
7.72 -24.7723 -0.0745798 -0.0490775 0.825302 0.825302
7.73 -22.0777 -0.0625622 -0.032936 0.293606 0.293606
7.74 -19.5726 -0.0160123 0.0110693 -0.476073 -0.476073
7.75 -17.2738 0.00353385 0.0147099 -1.23567 -1.23567
7.76 -15.1819 0.122551 0.139415 -2.08386 -2.08386
7.77 -13.2976 0.320031 0.368617 -3.5082 -3.5082
7.78 -11.5752 0.319539 0.268942 -5.69649 -5.69649
7.79 -10.0632 0.191879 0.240528 -8.2054 -8.2054
7.8 -8.79715 0.080612 0.0760978 -10.4138 -10.4138
7.81 -7.86855 0.0829392 0.00660142 -11.9287 -11.9287
7.82 -7.30369 -0.0194682 0.0607144 -12.5293 -12.5293
7.83 -7.169 0.106882 0.13152 -12.0149 -12.0149
7.84 -7.41477 0.0405263 -0.00277964 -10.4535 -10.4535
7.85 -8.03444 0.00500813 -0.0102048 -8.37015 -8.37015
7.86 -8.97959 0.0197712 -0.00913524 -6.46018 -6.46018
7.87 -10.1615 -0.0136055 0.016949 -5.25651 -5.25651
7.88 -11.5038 -0.00466329 0.0108395 -4.91487 -4.91487
7.89 -12.9596 0.00799394 -0.0116625 -5.18026 -5.18026
7.9 -14.5054 -0.00385752 0.00605342 -5.57941 -5.57941
7.91 -16.1735 0.00196658 -0.00255711 -5.6229 -5.6229
7.92 -18.0134 0.00069068 -0.00776242 -4.95924 -4.95924
7.93 -20.079 0.00149038 -0.00827454 -3.51717 -3.51717
7.94 -22.4204 0.00119046 -0.0126712 -1.55417 -1.55417
7.95 -25.0468 0.0100355 0.0331053 0.460468 0.460468
7.96 -27.9568 0.0505568 0.078118 2.0245 2.0245
7.97 -31.081 0.147801 0.13656 2.79186 2.79186
7.98 -34.2979 0.0354575 0.010435 2.63909 2.63909
7.99 -37.5683 0.0319699 0.021114 1.55841 1.55841
8 -40.7689 0.00916698 -0.00726776 -0.216937 -0.216937
8.01 -43.7873 0.0047792 -0.00433521 -2.1568 -2.1568
8.02 -46.5585 -0.0136153 -0.0200524 -3.86173 -3.86173
8.03 -49.0669 -0.0983988 -0.134176 -5.3988 -5.3988
8.04 -51.3096 -0.329864 -0.419373 -7.09366 -7.09366
8.05 -53.206 -0.326471 -0.248326 -9.00341 -9.00341
8.06 -54.7973 -0.324317 -0.204103 -10.9018 -10.9018
8.07 -56.0518 -0.236946 -0.0984063 -12.6747 -12.6747
8.08 -56.9861 -0.12239 -0.0423607 -14.196 -14.196
8.09 -57.5969 -0.0852332 0.00250674 -15.0657 -15.0657
8.1 -57.886 -0.100636 -0.00456969 -14.8087 -14.8087
8.11 -57.8382 -0.047428 -0.0578717 -13.4026 -13.4026
8.12 -57.4453 -0.123263 -0.0568342 -11.4376 -11.4376
8.13 -56.6675 -0.0449439 0.00334604 -9.59157 -9.59157
8.14 -55.5281 -0.0336234 0.00789461 -8.27265 -8.27265
8.15 -54.003 -0.0268981 0.0102796 -7.68757 -7.68757
8.16 -52.0969 -0.002563 -0.00653147 -7.82116 -7.82116
8.17 -49.838 0.00208216 -0.00682757 -8.33328 -8.33328
8.18 -47.2484 -0.00152347 0.00558037 -8.65353 -8.65353
8.19 -44.3708 -0.000371068 0.00463761 -8.30798 -8.30798
8.2 -41.2581 0.000370617 -0.00433486 -7.18677 -7.18677
8.21 -37.981 0.00201714 0.0251764 -5.51027 -5.51027
8.22 -34.6131 0.0039326 0.00937112 -3.69494 -3.69494
8.23 -31.2673 0.0678456 0.0790997 -2.26622 -2.26622
8.24 -27.9834 -0.111728 -0.116402 -1.6519 -1.6519
8.25 -24.7533 -0.144734 -0.10889 -2.12705 -2.12705
8.26 -21.7504 0.0278173 0.0224995 -3.77087 -3.77087
8.27 -18.9732 0.0373562 -0.00408904 -6.16599 -6.16599
8.28 -16.4593 -0.0499363 0.0119091 -8.58419 -8.58419
8.29 -14.2237 -0.00135094 0.00343176 -10.485 -10.485
8.3 -12.2508 0.00182037 0.0475509 -11.6173 -11.6173
8.31 -10.5448 0.0208878 0.167576 -11.9165 -11.9165
8.32 -9.15608 0.272594 0.454476 -11.6622 -11.6622
8.33 -8.01067 0.321506 0.326067 -11.4304 -11.4304
8.34 -7.14417 0.113419 0.110652 -11.5864 -11.5864
8.35 -6.57085 0.0248138 0.0185054 -12.1874 -12.1874
8.36 -6.32683 6.16532e-005 0.000112708 -13.1377 -13.1377
8.37 -6.47197 0.219369 0.320265 -14.1508 -14.1508
8.38 -6.96037 0.0960821 0.133892 -14.7809 -14.7809
8.39 -7.84954 -0.0395899 -0.0551611 -14.6551 -14.6551
8.4 -9.15744 0.0163333 0.0227181 -13.7113 -13.7113
8.41 -10.8251 -0.00670189 -0.00936844 -12.2189 -12.2189
8.42 -12.8328 -0.00296719 0.0062077 -10.5849 -10.5849
8.43 -15.1226 0.00565339 -0.00406551 -9.13591 -9.13591
8.44 -17.6328 0.012063 -0.00363478 -8.05752 -8.05752
8.45 -20.3084 -0.0116058 0.0025716 -7.40377 -7.40377
8.46 -23.0967 0.00672346 -0.000397247 -7.03128 -7.03128
8.47 -25.9452 -0.0204423 -0.005109 -6.6195 -6.6195
8.48 -28.8256 -0.0631399 -0.0140792 -5.89998 -5.89998
8.49 -31.7426 -0.144811 -0.0973106 -4.92806 -4.92806
8.5 -34.6113 0.0195994 0.0713981 -4.01122 -4.01122
8.51 -37.4242 -0.00365487 0.0249481 -3.4645 -3.4645
8.52 -40.3126 0.00529838 0.00662788 -3.65334 -3.65334
8.53 -43.1555 -0.00231444 0.0287512 -4.80681 -4.80681
8.54 -45.9329 0.00021145 -0.00849965 -6.69913 -6.69913
8.55 -48.5721 -0.00373355 -0.00568656 -8.83651 -8.83651
8.56 -51.011 -0.00206437 0.0251636 -10.7786 -10.7786
8.57 -53.1854 -0.000541728 -0.00425158 -12.1192 -12.1192
8.58 -55.0306 0.00201302 -0.00335369 -12.5146 -12.5146
8.59 -56.4956 0.000933533 -0.00362996 -12.0727 -12.0727
8.6 -57.5468 0.000403498 -0.000860548 -11.3564 -11.3564
8.61 -58.1978 -0.0699586 -0.108372 -10.9036 -10.9036
8.62 -58.4642 -0.208321 -0.254161 -11.0634 -11.0634
8.63 -58.3763 0.00912298 0.0283549 -11.9339 -11.9339
8.64 -58.0668 -0.00809642 -0.0145703 -13.1692 -13.1692
8.65 -57.562 -0.0860421 -0.073212 -14.2249 -14.2249
8.66 -56.8934 -0.059855 -0.0729157 -14.7484 -14.7484
8.67 -56.0839 0.0236334 0.0234893 -14.5772 -14.5772
8.68 -55.1486 -0.00971106 -0.00972616 -13.6715 -13.6715
8.69 -54.0344 0.00386215 0.00420883 -12.2244 -12.2244
8.7 -52.7039 -0.00174105 -0.00152166 -10.6698 -10.6698
8.71 -51.1142 0.000352241 0.00122564 -9.4355 -9.4355
8.72 -49.2357 -0.000498489 0.000191962 -8.70442 -8.70442
8.73 -47.0476 0.000313945 -0.000175694 -8.38803 -8.38803
8.74 -44.5489 -9.77032e-005 -4.17451e-005 -8.25302 -8.25302
8.75 -41.7698 -0.0035705 0.00695026 -8.04489 -8.04489
8.76 -38.7764 -0.00293026 0.00589001 -7.53835 -7.53835
8.77 -35.6636 0.000637646 0.00146143 -6.59395 -6.59395
8.78 -32.5182 -0.0021802 0.0258141 -5.33321 -5.33321
8.79 -29.4827 0.212182 0.266654 -4.17873 -4.17873
8.8 -26.4232 -0.164872 -0.0847897 -3.52775 -3.52775
8.81 -23.3268 -0.0684199 0.0437519 -3.71834 -3.71834
8.82 -20.4674 -0.00556436 -0.0268821 -5.01092 -5.01092
8.83 -17.633 -0.00255082 0.016197 -7.12697 -7.12697
8.84 -14.8839 -0.0383558 0.00769328 -9.3919 -9.3919
8.85 -12.264 0.00772767 0.00615351 -11.2606 -11.2606
8.86 -9.8638 0.0675025 0.0260865 -12.3758 -12.3758
8.87 -7.80323 0.279388 0.0793666 -12.4545 -12.4545
8.88 -6.16079 0.165202 0.0809528 -11.4515 -11.4515
8.89 -5.06851 0.0637185 -0.0145666 -9.83657 -9.83657
8.9 -4.5518 0.0465711 0.0241708 -8.44572 -8.44572
8.91 -4.58252 0.00772971 -0.00395424 -7.90246 -7.90246
8.92 -5.14579 0.0384609 0.0150492 -8.18137 -8.18137
8.93 -6.14565 0.0414104 0.0156629 -8.80008 -8.80008
8.94 -7.45361 0.0378352 0.00491181 -9.35592 -9.35592
8.95 -8.92123 0.025503 -0.00158494 -9.65983 -9.65983
8.96 -10.4271 0.00502732 -0.00677221 -9.51667 -9.51667
8.97 -11.8827 -0.00248908 0.00405784 -8.75821 -8.75821
8.98 -13.2566 0.00126568 -0.00196346 -7.50498 -7.50498
8.99 -14.5776 -0.000395998 0.000648567 -6.17477 -6.17477
9 -15.9212 0.00019604 -0.000324967 -5.15495 -5.15495
9.01 -17.3851 -7.88197e-005 0.000222759 -4.56436 -4.56436
9.02 -19.0603 -5.02325e-005 0.000736798 -4.31959 -4.31959
9.03 -21.0067 -4.8587e-005 0.00474696 -4.27663 -4.27663
9.04 -23.2388 0.000668359 0.00190266 -4.25726 -4.25726
9.05 -25.7294 0.00525459 0.020734 -4.06607 -4.06607
9.06 -28.4043 -0.00237045 0.0207846 -3.69433 -3.69433
9.07 -31.2065 0.088251 0.098 -3.42092 -3.42092
9.08 -33.8845 0.0162469 0.0129375 -3.51391 -3.51391
9.09 -36.423 -0.10519 -0.0398186 -4.06111 -4.06111
9.1 -38.8069 0.0126809 0.0372657 -5.10283 -5.10283
9.11 -40.9208 -0.0461788 0.0233803 -6.58871 -6.58871
9.12 -42.8119 -0.0072634 0.0125365 -8.25961 -8.25961
9.13 -44.5167 0.00197775 -0.00197147 -9.70219 -9.70219
9.14 -46.0671 0.00097587 -0.000207146 -10.5538 -10.5538
9.15 -47.5077 0.000334402 -0.000382001 -10.7504 -10.7504
9.16 -48.8625 -0.00116757 0.00308709 -10.476 -10.476
9.17 -50.1295 -2.12762e-005 0.0012128 -9.97627 -9.97627
9.18 -51.2988 -0.000168379 -2.07271e-005 -9.5056 -9.5056
9.19 -52.351 7.55269e-005 9.59704e-006 -9.23115 -9.23115
9.2 -53.2503 -0.0698022 0.0307944 -9.22714 -9.22714
9.21 -53.9406 -0.134451 0.0461202 -9.52185 -9.52185
9.22 -54.3481 -0.0577034 -0.00299288 -9.98374 -9.98374
9.23 -54.4576 -0.036885 0.0161211 -10.2898 -10.2898
9.24 -54.2822 -0.0254935 0.0175111 -10.1725 -10.1725
9.25 -53.8167 -0.0372363 0.00592588 -9.64154 -9.64154
9.26 -53.0835 -0.0616725 0.0127277 -8.9022 -8.9022
9.27 -52.1081 -0.041913 0.0336885 -8.16882 -8.16882
9.28 -50.8958 0.000495567 0.000800908 -7.58405 -7.58405
9.29 -49.4417 -0.000227372 -0.00029115 -7.22688 -7.22688
9.3 -47.7264 8.80834e-005 0.000129357 -7.10396 -7.10396
9.31 -45.7338 -4.97568e-005 -6.88706e-005 -7.10482 -7.10482
9.32 -43.4536 -1.34995e-005 -1.55077e-005 -7.03356 -7.03356
9.33 -40.8848 -8.5208e-005 1.37728e-005 -6.71828 -6.71828
9.34 -38.0486 -0.00028547 5.22038e-005 -6.10033 -6.10033
9.35 -35.0157 -0.000356568 9.52492e-005 -5.24514 -5.24514
9.36 -31.8586 0.00958378 0.00251004 -4.34193 -4.34193
9.37 -28.8176 0.0845077 0.174111 -3.59928 -3.59928
9.38 -25.5439 -0.03836 -0.0160568 -3.21585 -3.21585
9.39 -22.3928 -0.0812189 0.090421 -3.46368 -3.46368
9.4 -19.6132 0.0180145 0.0101515 -4.3326 -4.3326
9.41 -17.0306 0.0285854 0.00176283 -5.4009 -5.4009
9.42 -14.7784 -0.0127075 -0.000524301 -6.32743 -6.32743
9.43 -12.7974 0.0051455 -0.000266993 -6.97914 -6.97914
9.44 -11.1308 0.417687 -0.186164 -7.16249 -7.16249
9.45 -9.78835 1.15234 -0.534929 -6.6581 -6.6581
9.46 -8.6531 0.660106 -0.139141 -5.45171 -5.45171
9.47 -7.74585 0.314399 0.00387787 -3.96 -3.96
9.48 -7.07805 0.0803203 0.0390468 -2.80748 -2.80748
9.49 -6.70244 0.176496 -0.0723693 -2.07774 -2.07774
9.5 -6.49027 0.0153512 -0.013681 -1.48282 -1.48282
9.51 -6.55286 0.0110566 0.0176175 -1.01951 -1.01951
9.52 -6.92237 0.181137 0.0387777 -0.816673 -0.816673
9.53 -7.61723 0.193298 -0.0799016 -0.780695 -0.780695
9.54 -8.63867 0.0416613 -0.0695949 -0.709975 -0.709975
9.55 -9.97296 -0.00327869 0.00707934 -0.574981 -0.574981
9.56 -11.5744 0.00325472 -0.00681725 -0.412736 -0.412736
9.57 -13.3766 -0.00108794 0.00440844 -0.160489 -0.160489
9.58 -15.3238 0.00114039 0.00267975 0.224009 0.224009
9.59 -17.3504 0.00100249 0.0062235 0.650212 0.650212
9.6 -19.3976 0.000715572 0.00303687 0.977339 0.977339
9.61 -21.4279 -0.000194882 -0.00104651 1.15626 1.15626
9.62 -23.4429 -0.00233104 -0.00753366 1.24953 1.24953
9.63 -25.4777 0.00914354 0.018724 1.32014 1.32014
9.64 -27.5682 -0.00146469 0.000321173 1.30094 1.30094
9.65 -29.7733 -0.0214552 -0.0183341 0.989313 0.989313
9.66 -32.0884 0.193779 0.0949193 0.314139 0.314139
9.67 -34.4108 0.184918 -0.0506611 -0.540606 -0.540606
9.68 -36.8352 0.163324 -0.108506 -1.57067 -1.57067
9.69 -39.297 0.0823073 -0.0949722 -3.06609 -3.06609
9.7 -41.7237 0.00412772 -0.027407 -5.04039 -5.04039
9.71 -44.0888 0.0267756 -0.0244907 -7.07775 -7.07775
9.72 -46.2771 -0.016654 0.0223374 -8.7466 -8.7466
9.73 -48.1865 0.010082 -0.0128144 -9.80425 -9.80425
9.74 -49.8114 -0.00149031 0.00272677 -10.2389 -10.2389
9.75 -51.1303 -0.00804128 0.00788089 -10.084 -10.084
9.76 -52.1557 -0.00537389 0.00532817 -9.29996 -9.29996
9.77 -52.9186 0.00177874 -0.000999965 -8.22234 -8.22234
9.78 -53.4744 -0.000352298 1.81554e-005 -7.54622 -7.54622
9.79 -53.8709 -0.00116205 -0.000288777 -7.63482 -7.63482
9.8 -54.143 -0.127855 -0.00512876 -8.28197 -8.28197
9.81 -54.2523 -0.0745108 0.0102274 -9.08727 -9.08727
9.82 -54.1847 -0.0339764 -0.00744259 -9.75935 -9.75935
9.83 -53.8896 -0.124093 0.0244102 -10.0707 -10.0707
9.84 -53.2471 -0.000927389 0.0148622 -9.79708 -9.79708
9.85 -52.2183 0.000310701 -0.00598328 -8.89516 -8.89516
9.86 -50.7342 -0.000136158 0.00260227 -7.6341 -7.6341
9.87 -48.7498 1.80177e-005 -0.000958673 -6.40718 -6.40718
9.88 -46.2609 -4.66917e-005 0.000234852 -5.46522 -5.46522
9.89 -43.3044 -0.000704933 0.00425172 -4.86488 -4.86488
9.9 -39.9621 -0.000850039 0.0065564 -4.56497 -4.56497
9.91 -36.3505 -0.000794207 -0.00564759 -4.44235 -4.44235
9.92 -32.6234 -0.00280975 0.0238065 -4.33668 -4.33668
9.93 -28.9629 0.159144 0.187285 -4.26195 -4.26195
9.94 -25.1963 0.268591 0.0843474 -4.2949 -4.2949
9.95 -21.4002 0.476274 -0.0664269 -4.21874 -4.21874
9.96 -17.7528 0.245353 -0.255082 -4.02095 -4.02095
9.97 -14.1702 0.0388646 -0.0260929 -4.25857 -4.25857
9.98 -10.7516 -0.0166855 0.0111282 -5.17704 -5.17704
9.99 -7.48419 -0.00172694 0.0119504 -6.32338 -6.32338
10 -4.56106 0.882344 0.784208 -7.26764 -7.26764
