0.1 -2.6325 18.4908 6.01104 1.1022e-010 1.1022e-010
0.2 -5.265 36.9812 12.0221 3.79311e-011 3.79311e-011
0.3 -7.89749 55.471 18.0332 -2.82821e-008 -2.82821e-008
0.4 -10.53 73.9604 24.0443 -3.06879e-008 -3.06879e-008
0.5 -13.1625 92.4492 30.0554 -1.35305e-008 -1.35305e-008
0.6 -15.795 110.938 36.0666 -1.24815e-008 -1.24815e-008
0.7 -18.4275 129.426 42.0778 -1.9857e-008 -1.9857e-008
0.8 -21.06 147.913 48.0891 -2.24604e-008 -2.24604e-008
0.9 -23.6925 166.4 54.1003 -2.52598e-008 -2.52598e-008
1 -26.325 184.886 60.1116 -2.38124e-008 -2.38124e-008
0.01 -26.7625 185.347 65.1245 -7.92855 -7.92855
0.02 -27.3083 186.698 69.3601 -26.4382 -26.4382
0.03 -26.7141 187.409 62.5257 -16.1954 -16.1954
0.04 -26.2335 186.864 56.7783 36.7899 36.7899
0.05 -26.3417 186.758 56.468 61.0147 61.0147
0.06 -26.2759 187.522 57.2967 21.5824 21.5824
0.07 -26.3288 187.697 59.8092 -22.875 -22.875
0.08 -26.369 186.329 61.862 -28.2455 -28.2455
0.09 -26.4311 184.399 63.8105 -16.562 -16.562
0.1 -26.4819 183.044 65.6451 -15.8388 -15.8388
0.11 -26.5181 182.268 66.7576 -15.2964 -15.2964
0.12 -26.5297 181.757 66.485 1.91282 1.91282
0.13 -26.5172 181.796 65.0574 23.8945 23.8945
0.14 -26.4853 182.774 63.1251 29.1652 29.1652
0.15 -26.4435 184.41 61.0532 17.2389 17.2389
0.16 -26.403 185.995 58.9632 2.83984 2.83984
0.17 -26.3743 187.075 57.1388 -6.63793 -6.63793
0.18 -26.3646 187.571 55.9741 -13.4819 -13.4819
0.19 -26.3766 187.469 55.6173 -17.3262 -17.3262
0.2 -26.4078 186.766 55.9135 -13.4531 -13.4531
0.21 -26.4517 185.677 56.6347 -1.92614 -1.92614
0.22 -26.4991 184.648 57.5972 10.0976 10.0976
0.23 -26.5408 184.084 58.5719 16.0086 16.0086
0.24 -26.5692 184.147 59.2497 14.9928 14.9928
0.25 -26.5803 184.795 59.3689 9.47501 9.47501
0.26 -26.574 185.883 58.8337 1.58765 1.58765
0.27 -26.5546 187.191 57.7044 -6.43921 -6.43921
0.28 -26.5285 188.441 56.1406 -11.3487 -11.3487
0.29 -26.504 189.382 54.3844 -10.7085 -10.7085
0.3 -26.4879 189.883 52.7448 -5.14065 -5.14065
0.31 -26.4849 189.962 51.5297 2.253 2.253
0.32 -26.4965 189.749 50.9508 8.2538 8.2538
0.33 -26.5208 189.414 51.0747 10.9301 10.9301
0.34 -26.5527 189.133 51.8114 9.67187 9.67187
0.35 -26.5861 189.053 52.9307 5.11513 5.11513
0.36 -26.6146 189.244 54.1139 -0.825485 -0.825485
0.37 -26.6331 189.688 55.045 -5.60127 -5.60127
0.38 -26.6388 190.304 55.5104 -7.30928 -7.30928
0.39 -26.6318 190.984 55.4473 -5.578 -5.578
0.4 -26.6147 191.603 54.9288 -1.46784 -1.46784
0.41 -26.5918 192.043 54.1245 3.21933 3.21933
0.42 -26.5683 192.226 53.2645 6.65931 6.65931
0.43 -26.5489 192.13 52.5986 7.6094 7.6094
0.44 -26.5366 191.791 52.3411 5.86178 5.86178
0.45 -26.5325 191.28 52.6093 2.32014 2.32014
0.46 -26.5355 190.685 53.3892 -1.44273 -1.44273
0.47 -26.5431 190.112 54.5555 -3.91516 -3.91516
0.48 -26.5517 189.648 55.9264 -4.25123 -4.25123
0.49 -26.5575 189.341 57.3095 -2.51242 -2.51242
0.5 -26.5576 189.211 58.532 0.450151 0.450151
0.51 -26.5507 189.248 59.4689 3.37639 3.37639
0.52 -26.5369 189.389 60.0731 5.11213 5.11213
0.53 -26.5179 189.544 60.381 5.06622 5.06622
0.54 -26.4963 189.645 60.4771 3.40892 3.40892
0.55 -26.4755 189.662 60.4528 0.935367 0.935367
0.56 -26.4584 189.559 60.413 -1.31015 -1.31015
0.57 -26.4468 189.282 60.4984 -2.46468 -2.46468
0.58 -26.4408 188.802 60.8428 -2.16436 -2.16436
0.59 -26.4394 188.185 61.499 -0.646242 -0.646242
0.6 -26.4411 187.588 62.4123 1.39015 1.39015
0.61 -26.4438 187.146 63.4505 3.09628 3.09628
0.62 -26.4452 186.896 64.4599 3.825 3.825
0.63 -26.4438 186.849 65.3042 3.37044 3.37044
0.64 -26.4391 187.02 65.8793 2.01026 2.01026
0.65 -26.4315 187.32 66.1289 0.35486 0.35486
0.66 -26.4222 187.557 66.0454 -0.919542 -0.919542
0.67 -26.4129 187.6 65.6576 -1.34167 -1.34167
0.68 -26.4055 187.437 65.0505 -0.814625 -0.814625
0.69 -26.4016 187.123 64.3716 0.376026 0.376026
0.7 -26.4018 186.739 63.7673 1.70678 1.70678
0.71 -26.4063 186.393 63.3128 2.64259 2.64259
0.72 -26.4145 186.16 62.9962 2.84823 2.84823
0.73 -26.4251 186.048 62.7604 2.30318 2.30318
0.74 -26.4365 186.018 62.5737 1.28375 1.28375
0.75 -26.4469 186.018 62.4363 0.230012 0.230012
0.76 -26.4547 186.012 62.3113 -0.441105 -0.441105
0.77 -26.4595 186.001 62.1039 -0.498266 -0.498266
0.78 -26.4617 186.035 61.7206 0.0288625 0.0288625
0.79 -26.4622 186.159 61.1297 0.883642 0.883642
0.8 -26.4622 186.346 60.3707 1.70274 1.70274
0.81 -26.463 186.541 59.5085 2.16776 2.16776
0.82 -26.466 186.716 58.5865 2.12632 2.12632
0.83 -26.4722 186.875 57.6516 1.63791 1.63791
0.84 -26.4821 187.041 56.7933 0.932921 0.932921
0.85 -26.4953 187.29 56.11 0.307534 0.307534
0.86 -26.5111 187.723 55.6675 0.00130945 0.00130945
0.87 -26.5278 188.325 55.5161 0.107543 0.107543
0.88 -26.5433 188.948 55.6739 0.549075 0.549075
0.89 -26.5557 189.53 56.0635 1.12304 1.12304
0.9 -26.5646 190.182 56.5167 1.59109 1.59109
0.91 -26.5699 191.001 56.8907 1.77651 1.77651
0.92 -26.5715 191.883 57.1964 1.62951 1.62951
0.93 -26.5686 192.592 57.5784 1.2366 1.2366
0.94 -26.5616 193.017 58.1366 0.774264 0.774264
0.95 -26.5521 193.249 58.7884 0.430946 0.430946
0.96 -26.5422 193.438 59.3546 0.33186 0.33186
0.97 -26.5333 193.634 59.7888 0.495993 0.495993
0.98 -26.5253 193.731 60.2352 0.837981 0.837981
0.99 -26.518 193.656 60.8506 1.2096 1.2096
1 -26.5113 193.501 61.6483 1.46225 1.46225
1.01 -26.5056 193.329 62.4981 1.50546 1.50546
1.02 -26.5005 193.099 63.2431 1.33866 1.33866
1.03 -26.4955 192.851 63.8507 1.0445 1.0445
1.04 -26.4902 192.725 64.4367 0.749143 0.749143
1.05 -26.484 192.735 65.1026 0.568622 0.568622
1.06 -26.4764 192.691 65.8125 0.56406 0.56406
1.07 -26.4673 192.42 66.4449 0.722337 0.722337
1.08 -26.4573 191.982 66.8802 0.967417 0.967417
1.09 -26.4474 191.534 67.0835 1.19559 1.19559
1.1 -26.4376 191.034 67.164 1.31896 1.31896
1.11 -26.4268 190.34 67.3172 1.29888 1.29888
1.12 -26.4153 189.569 67.6843 1.15623 1.15623
1.13 -26.4042 189.049 68.2398 0.957424 0.957424
1.14 -26.395 188.927 68.7785 0.784634 0.784634
1.15 -26.3893 189.18 69.0358 0.703164 0.703164
1.16 -26.3892 189.833 68.8724 0.737568 0.737568
1.17 -26.3954 190.796 68.4046 0.865175 0.865175
1.18 -26.4071 191.812 67.9425 1.02875 1.02875
1.19 -26.4228 192.625 67.7186 1.16153 1.16153
1.2 -26.4408 193.046 67.7008 1.21353 1.21353
1.21 -26.4589 193.013 67.6813 1.1696 1.1696
1.22 -26.4747 192.592 67.4581 1.0533 1.0533
1.23 -26.4862 191.925 66.9275 0.915339 0.915339
1.24 -26.4917 191.232 66.0984 0.81151 0.81151
1.25 -26.4917 190.829 65.0724 0.780106 0.780106
1.26 -26.4881 190.99 63.9732 0.828139 0.828139
1.27 -26.4841 191.755 62.914 0.931275 0.931275
1.28 -26.4828 192.942 61.992 1.04594 1.04594
1.29 -26.4868 194.207 61.2728 1.12757 1.12757
1.3 -26.4973 195.174 60.7978 1.14762 1.14762
1.31 -26.5141 195.705 60.5669 1.10319 1.10319
1.32 -26.5363 195.904 60.4678 1.01595 1.01595
1.33 -26.5613 195.874 60.2638 0.92192 0.92192
1.34 -26.5867 195.827 59.7275 0.856742 0.856742
1.35 -26.6105 196.217 58.8633 0.842401 0.842401
1.36 -26.6308 197.294 57.9744 0.880203 0.880203
1.37 -26.6453 198.8 57.4029 0.952182 0.952182
1.38 -26.6531 200.206 57.2246 1.02901 1.02901
1.39 -26.6551 201.116 57.1997 1.0809 1.0809
1.4 -26.6539 201.438 56.9837 1.08912 1.08912
1.41 -26.6505 201.159 56.5389 1.05409 1.05409
1.42 -26.6444 200.322 56.2665 0.994264 0.994264
1.43 -26.635 199.224 56.5691 0.936359 0.936359
1.44 -26.6224 198.161 57.4295 0.902589 0.902589
1.45 -26.6068 197.06 58.4445 0.90225 0.90225
1.46 -26.588 195.607 59.1646 0.930979 0.930979
1.47 -26.5649 193.586 59.5108 0.974932 0.974932
1.48 -26.5355 190.929 59.8638 1.01653 1.01653
1.49 -26.4968 187.459 60.6619 1.04055 1.04055
1.5 -26.4467 183.05 62.0149 1.03917 1.03917
1.51 -26.3864 178.262 63.7413 1.01412 1.01412
1.52 -26.3208 174.345 65.6326 0.975538 0.975538
1.53 -26.255 172.154 67.6447 0.93885 0.93885
1.54 -26.1928 171.441 69.8352 0.9196 0.9196
1.55 -26.1375 171.435 72.1592 0.926673 0.926673
1.56 -26.0931 171.541 74.4626 0.957133 0.957133
1.57 -26.0626 171.416 76.5836 0.997486 0.997486
1.58 -26.0467 170.849 78.3236 1.03082 1.03082
1.59 -26.0437 169.739 79.4561 1.04431 1.04431
1.6 -26.0494 168.037 79.9141 1.03368 1.03368
1.61 -26.0571 165.85 80.0362 1.00429 1.00429
1.62 -26.0605 163.785 80.4147 0.96855 0.96855
1.63 -26.0587 163.039 81.1984 0.939805 0.939805
1.64 -26.0577 164.919 81.7806 0.926241 0.926241
1.65 -26.0665 169.877 81.4606 0.929675 0.929675
1.66 -26.0912 176.975 80.174 0.948794 0.948794
1.67 -26.1344 184.451 78.4579 0.980391 0.980391
1.68 -26.1965 190.745 76.8653 1.01637 1.01637
1.69 -26.2759 195.054 75.49 1.04314 1.04314
1.7 -26.3682 197.302 74.1069 1.04778 1.04778
1.71 -26.4645 198.107 72.6184 1.02584 1.02584
1.72 -26.5554 198.704 71.0842 0.984106 0.984106
1.73 -26.6334 200.322 69.4639 0.937018 0.937018
1.74 -26.6944 203.544 67.566 0.90071 0.90071
1.75 -26.7388 208.318 65.1805 0.888251 0.888251
1.76 -26.7721 214.189 62.1923 0.905642 0.905642
1.77 -26.8023 220.233 58.6441 0.948807 0.948807
1.78 -26.8351 225.063 54.8317 1.00447 1.00447
1.79 -26.8739 227.59 51.2794 1.05515 1.05515
1.8 -26.92 227.793 48.3753 1.08459 1.08459
1.81 -26.9731 226.453 46.0267 1.08181 1.08181
1.82 -27.0296 224.464 43.8429 1.04588 1.04588
1.83 -27.0832 222.512 41.5803 0.98937 0.98937
1.84 -27.1264 221.057 39.3424 0.934547 0.934547
1.85 -27.1523 220.231 37.4856 0.903066 0.903066
1.86 -27.1562 219.655 36.3299 0.905369 0.905369
1.87 -27.1375 218.958 35.8821 0.93729 0.93729
1.88 -27.1033 218.66 35.8538 0.984166 0.984166
1.89 -27.0648 219.61 35.9351 1.02731 1.02731
1.9 -27.0293 221.258 36.0193 1.05253 1.05253
1.91 -26.9981 221.663 36.2157 1.05601 1.05601
1.92 -26.9691 219.262 36.7411 1.04265 1.04265
1.93 -26.9385 213.719 37.7281 1.02043 1.02043
1.94 -26.9002 205.463 39.1061 0.99628 0.99628
1.95 -26.846 195.33 40.7096 0.975307 0.975307
1.96 -26.7697 184.682 42.4145 0.961182 0.961182
1.97 -26.6697 175.24 44.1629 0.955581 0.955581
1.98 -26.5496 168.154 45.9553 0.958028 0.958028
1.99 -26.4163 163.301 47.794 0.967538 0.967538
2 -26.2787 159.553 49.6866 0.98358 0.98358
2.01 -26.1462 155.552 51.7555 1.00458 1.00458
2.02 -26.0268 150.403 54.2877 1.02607 1.02607
2.03 -25.924 143.771 57.601 1.04152 1.04152
2.04 -25.8364 135.719 61.7592 1.045 1.045
2.05 -25.7603 127.116 66.4353 1.03336 1.03336
2.06 -25.6924 119.567 71.133 1.00757 1.00757
2.07 -25.6277 114.153 75.503 0.974369 0.974369
2.08 -25.5601 110.76 79.447 0.945943 0.945943
2.09 -25.4865 108.789 82.9909 0.934906 0.934906
2.1 -25.4101 108.016 86.076 0.946751 0.946751
2.11 -25.3392 108.553 88.5475 0.976697 0.976697
2.12 -25.2829 110.136 90.3445 1.01352 1.01352
2.13 -25.2476 111.964 91.5501 1.04563 1.04563
2.14 -25.2369 113.329 92.3314 1.06432 1.06432
2.15 -25.2519 114.204 92.8924 1.06428 1.06428
2.16 -25.2923 115.385 93.3499 1.0447 1.0447
2.17 -25.3559 117.837 93.568 1.01081 1.01081
2.18 -25.4374 121.64 93.1214 0.973405 0.973405
2.19 -25.5296 126.221 91.5795 0.945065 0.945065
2.2 -25.6279 131.66 88.9001 0.934906 0.934906
2.21 -25.7314 138.685 85.4513 0.945077 0.945077
2.22 -25.8403 147.555 81.7247 0.97101 0.97101
2.23 -25.9549 157.69 78.068 1.004 1.004
2.24 -26.0767 168.273 74.5447 1.03363 1.03363
2.25 -26.2084 178.757 70.9692 1.05019 1.05019
2.26 -26.3513 188.689 67.0596 1.04817 1.04817
2.27 -26.5045 197.796 62.592 1.0292 1.0292
2.28 -26.6667 206.454 57.5443 1.00144 1.00144
2.29 -26.8353 215.309 52.1013 0.975671 0.975671
2.3 -27.006 224.512 46.4976 0.960614 0.960614
2.31 -27.1733 233.845 40.9645 0.961067 0.961067
2.32 -27.3338 243.155 35.7748 0.977273 0.977273
2.33 -27.4832 252.212 31.1902 1.0033 1.0033
2.34 -27.6175 260.535 27.3225 1.02939 1.02939
2.35 -27.7337 267.576 24.0963 1.048 1.048
2.36 -27.8289 272.975 21.3845 1.05508 1.05508
2.37 -27.9006 276.497 19.1172 1.04917 1.04917
2.38 -27.946 278.09 17.3203 1.03357 1.03357
2.39 -27.9653 278.392 16.1231 1.01644 1.01644
2.4 -27.9606 278.358 15.8061 1.00598 1.00598
2.41 -27.9329 278.351 16.8261 1.00617 1.00617
2.42 -27.8836 278.224 19.5602 1.01692 1.01692
2.43 -27.8153 277.486 23.8452 1.03476 1.03476
2.44 -27.7299 274.998 28.8914 1.05234 1.05234
2.45 -27.6277 269.625 33.8511 1.06142 1.06142
2.46 -27.5088 261.378 38.4203 1.05791 1.05791
2.47 -27.3738 251.326 42.8385 1.04384 1.04384
2.48 -27.2224 240.561 47.4866 1.02569 1.02569
2.49 -27.0546 229.588 52.5847 1.0113 1.0113
2.5 -26.8705 218.312 58.173 1.00678 1.00678
2.51 -26.6716 206.415 64.153 1.01391 1.01391
2.52 -26.4615 193.731 70.2362 1.02937 1.02937
2.53 -26.2453 180.26 76.047 1.0464 1.0464
2.54 -26.0285 166.254 81.3421 1.05788 1.05788
2.55 -25.8173 152.281 86.0589 1.0597 1.0597
2.56 -25.6174 138.932 90.234 1.05276 1.05276
2.57 -25.434 126.556 93.8724 1.04162 1.04162
2.58 -25.271 115.203 96.885 1.03167 1.03167
2.59 -25.1304 104.681 99.2408 1.02722 1.02722
2.6 -25.0119 94.7571 101.081 1.03021 1.03021
2.61 -24.9141 85.5039 102.524 1.03923 1.03923
2.62 -24.8369 77.4179 103.467 1.04918 1.04918
2.63 -24.7807 71.1839 103.749 1.05379 1.05379
2.64 -24.7441 67.0275 103.489 1.0502 1.0502
2.65 -24.7222 64.2232 103.099 1.04123 1.04123
2.66 -24.7094 61.8257 102.879 1.03239 1.03239
2.67 -24.7045 59.7427 102.599 1.02654 1.02654
2.68 -24.7113 58.7564 101.564 1.02233 1.02233
2.69 -24.7348 59.7264 99.2056 1.01803 1.01803
2.7 -24.7778 62.7465 95.5805 1.01576 1.01576
2.71 -24.8402 67.2488 91.3431 1.0205 1.0205
2.72 -24.922 72.9565 87.348 1.03445 1.03445
2.73 -25.026 80.3821 84.0615 1.05305 1.05305
2.74 -25.1568 90.1022 81.1426 1.06711 1.06711
2.75 -25.3163 101.802 77.7382 1.06921 1.06921
2.76 -25.5025 114.622 73.3492 1.05871 1.05871
2.77 -25.7102 127.959 68.125 1.04149 1.04149
2.78 -25.9341 141.54 62.2507 1.02531 1.02531
2.79 -26.1703 155.484 55.5932 1.01501 1.01501
2.8 -26.4165 170.402 48.1979 1.01203 1.01203
2.81 -26.668 186.561 40.6881 1.01697 1.01697
2.82 -26.9168 203.23 33.9301 1.02958 1.02958
2.83 -27.1547 219.3 28.4583 1.04599 1.04599
2.84 -27.376 234.009 24.1846 1.0579 1.0579
2.85 -27.5774 247.224 20.633 1.05701 1.05701
2.86 -27.7567 259.122 17.3096 1.04101 1.04101
2.87 -27.9122 269.769 13.7647 1.01514 1.01514
2.88 -28.0442 279.349 9.78844 0.990038 0.990038
2.89 -28.1555 288.308 5.71822 0.979467 0.979467
2.9 -28.2477 296.82 2.29598 0.993778 0.993778
2.91 -28.3223 304.543 0.0684381 1.03144 1.03144
2.92 -28.3827 311.015 -0.957568 1.07948 1.07948
2.93 -28.4305 315.812 -1.01797 1.12054 1.12054
2.94 -28.4643 318.589 -0.162532 1.13973 1.13973
2.95 -28.4803 319.235 1.71638 1.13023 1.13023
2.96 -28.473 317.813 4.61403 1.09596 1.09596
2.97 -28.4354 314.249 8.48005 1.04982 1.04982
2.98 -28.3593 308.286 13.4299 1.00817 1.00817
2.99 -28.2375 299.965 19.6355 0.984614 0.984614
3 -28.0689 290.035 27.0631 0.985081 0.985081
3.01 -27.8583 279.605 35.428 1.00545 1.00545
3.02 -27.6141 269.365 44.4044 1.03497 1.03497
3.03 -27.3465 259.281 53.8732 1.06346 1.06346
3.04 -27.0653 248.656 63.8824 1.08499 1.08499
3.05 -26.7791 236.396 74.2926 1.097 1.097
3.06 -26.4955 221.723 84.6854 1.09872 1.09872
3.07 -26.22 204.96 94.8571 1.09077 1.09077
3.08 -25.9556 187.468 105.013 1.07625 1.07625
3.09 -25.7019 170.504 115.326 1.06069 1.06069
3.1 -25.4559 154.415 125.629 1.04856 1.04856
3.11 -25.2157 139.28 135.364 1.04093 1.04093
3.12 -24.9855 125.888 143.824 1.03639 1.03639
3.13 -24.7741 115.467 150.603 1.03326 1.03326
3.14 -24.59 108.228 155.648 1.03227 1.03227
3.15 -24.4386 102.688 159.035 1.03691 1.03691
3.16 -24.3218 96.7622 160.92 1.04999 1.04999
3.17 -24.2381 88.9501 161.474 1.06904 1.06904
3.18 -24.1842 78.9911 160.826 1.08569 1.08569
3.19 -24.1555 68.3875 159.169 1.09014 1.09014
3.2 -24.1488 59.7458 156.787 1.07693 1.07693
3.21 -24.1594 54.8421 153.991 1.04866 1.04866
3.22 -24.1815 53.5941 150.985 1.01577 1.01577
3.23 -24.2113 54.8051 147.681 0.991492 0.991492
3.24 -24.2503 57.3094 143.651 0.985046 0.985046
3.25 -24.3038 60.3341 138.322 0.997613 0.997613
3.26 -24.3796 63.5982 131.054 1.02288 1.02288
3.27 -24.4884 67.6402 121.277 1.0508 1.0508
3.28 -24.6405 73.5083 108.915 1.07221 1.07221
3.29 -24.8407 81.7085 94.6712 1.08282 1.08282
3.3 -25.0861 91.805 79.892 1.08482 1.08482
3.31 -25.3683 103.114 66.0736 1.08325 1.08325
3.32 -25.6761 115.493 54.3067 1.0798 1.0798
3.33 -25.9968 129.067 44.9058 1.07106 1.07106
3.34 -26.3146 143.238 37.3994 1.05159 1.05159
3.35 -26.6124 156.924 30.8353 1.01967 1.01967
3.36 -26.8785 169.909 24.1023 0.982367 0.982367
3.37 -27.1111 183.105 16.2477 0.95052 0.95052
3.38 -27.3153 197.712 6.9092 0.932699 0.932699
3.39 -27.5009 214.378 -3.39256 0.937539 0.937539
3.4 -27.6779 232.45 -13.4666 0.972209 0.972209
3.41 -27.8528 249.841 -22.0084 1.03425 1.03425
3.42 -28.0274 264.286 -28.0817 1.1075 1.1075
3.43 -28.2009 274.918 -31.3647 1.16658 1.16658
3.44 -28.3692 282.477 -32.1144 1.18691 1.18691
3.45 -28.5232 288.313 -30.8882 1.15584 1.15584
3.46 -28.6499 293.407 -28.3421 1.07955 1.07955
3.47 -28.7359 298.045 -25.1406 0.983572 0.983572
3.48 -28.7714 302.07 -21.7432 0.905094 0.905094
3.49 -28.7523 305.181 -18.2344 0.874618 0.874618
3.5 -28.6796 306.74 -14.3584 0.899397 0.899397
3.51 -28.5575 305.725 -9.69046 0.965329 0.965329
3.52 -28.3949 301.764 -3.89089 1.04937 1.04937
3.53 -28.206 295.721 3.08993 1.1247 1.1247
3.54 -28.0052 288.651 11.0719 1.16511 1.16511
3.55 -27.8014 280.626 19.8297 1.15789 1.15789
3.56 -27.596 270.654 29.1963 1.11276 1.11276
3.57 -27.3854 257.717 39.0996 1.05448 1.05448
3.58 -27.1642 241.924 49.5546 1.00681 1.00681
3.59 -26.9279 224.667 60.6546 0.982338 0.982338
3.6 -26.6749 208.038 72.4368 0.982436 0.982436
3.61 -26.4076 193.801 84.5914 1.00114 1.00114
3.62 -26.1312 182.19 96.4119 1.02782 1.02782
3.63 -25.8515 171.689 107.118 1.05134 1.05134
3.64 -25.5749 160.349 116.31 1.06587 1.06587
3.65 -25.3092 147.298 124.169 1.0725 1.0725
3.66 -25.062 132.94 131.18 1.07501 1.07501
3.67 -24.8382 118.129 137.858 1.07533 1.07533
3.68 -24.6382 103.678 144.624 1.0739 1.0739
3.69 -24.4614 90.4354 151.387 1.07138 1.07138
3.7 -24.3086 79.1414 157.293 1.06764 1.06764
3.71 -24.1817 70.1615 161.213 1.06076 1.06076
3.72 -24.0852 63.7282 162.33 1.05039 1.05039
3.73 -24.0249 60.0442 160.478 1.04134 1.04134
3.74 -24.0059 58.9205 156.27 1.04135 1.04135
3.75 -24.0314 59.7442 150.67 1.05461 1.05461
3.76 -24.1032 61.8853 144.255 1.07771 1.07771
3.77 -24.2219 65.0231 137.16 1.10072 1.10072
3.78 -24.384 69.1441 129.39 1.11207 1.11207
3.79 -24.5822 74.3103 120.839 1.10445 1.10445
3.8 -24.807 80.6644 111.3 1.07819 1.07819
3.81 -25.0483 88.4957 100.761 1.04145 1.04145
3.82 -25.2952 97.9655 89.7516 1.00755 1.00755
3.83 -25.5376 109.084 79.2041 0.988978 0.988978
3.84 -25.771 121.942 69.5457 0.99206 0.99206
3.85 -25.9986 136.41 60.0011 1.01371 1.01371
3.86 -26.2269 151.866 49.5106 1.04285 1.04285
3.87 -26.4599 167.429 38.043 1.06892 1.06892
3.88 -26.6989 182.277 26.4367 1.0879 1.0879
3.89 -26.9436 195.836 15.4615 1.09864 1.09864
3.9 -27.1913 207.69 5.37179 1.09824 1.09824
3.91 -27.4345 217.308 -3.80852 1.0849 1.0849
3.92 -27.6593 224.083 -11.7786 1.06187 1.06187
3.93 -27.85 228.169 -18.0103 1.0358 1.0358
3.94 -27.9955 231.006 -22.1999 1.01194 1.01194
3.95 -28.0903 234.355 -24.3053 0.992079 0.992079
3.96 -28.1332 239.123 -24.3582 0.97815 0.97815
3.97 -28.1286 245.254 -22.6207 0.974903 0.974903
3.98 -28.0878 252.237 -19.6005 0.985979 0.985979
3.99 -28.026 259.379 -15.6769 1.00965 1.00965
4 -27.9558 265.406 -10.8847 1.04061 1.04061
4.01 -27.8825 268.336 -4.98526 1.07338 1.07338
4.02 -27.8055 266.879 2.1754 1.10119 1.10119
4.03 -27.7231 261.487 10.2478 1.11449 1.11449
4.04 -27.6306 253.45 18.5805 1.1054 1.1054
4.05 -27.5198 244.059 26.7113 1.07483 1.07483
4.06 -27.3852 234.983 34.5186 1.03376 1.03376
4.07 -27.2265 227.926 42.2236 0.997624 0.997624
4.08 -27.046 223.158 50.3602 0.980046 0.980046
4.09 -26.846 219.318 59.6221 0.988922 0.988922
4.1 -26.6314 214.742 70.511 1.02258 1.02258
4.11 -26.4087 208.233 82.9241 1.06752 1.06752
4.12 -26.1845 199.318 96.064 1.10248 1.10248
4.13 -25.9656 188.671 108.768 1.10916 1.10916
4.14 -25.7569 177.484 119.967 1.08267 1.08267
4.15 -25.5595 166.351 128.963 1.03514 1.03514
4.16 -25.3725 155.398 135.487 0.990003 0.990003
4.17 -25.197 144.863 139.678 0.96995 0.96995
4.18 -25.0365 135.33 142.066 0.986572 0.986572
4.19 -24.8969 127.713 143.589 1.03698 1.03698
4.2 -24.7842 122.683 145.335 1.10524 1.10524
4.21 -24.7037 120.259 147.911 1.16682 1.16682
4.22 -24.6609 120.155 151.043 1.1966 1.1966
4.23 -24.6595 121.717 153.846 1.17956 1.17956
4.24 -24.6975 123.767 155.399 1.11897 1.11897
4.25 -24.7697 125.724 155.071 1.03593 1.03593
4.26 -24.8704 128.056 152.606 0.960066 0.960066
4.27 -24.9924 131.266 148.015 0.916771 0.916771
4.28 -25.1282 135.662 141.532 0.918819 0.918819
4.29 -25.2726 141.641 133.68 0.96363 0.96363
4.3 -25.421 148.977 125.107 1.03477 1.03477
4.31 -25.5699 156.643 116.216 1.10772 1.10772
4.32 -25.7194 164.015 107.076 1.15864 1.15864
4.33 -25.8741 171.455 97.6996 1.1729 1.1729
4.34 -26.0384 179.625 88.3467 1.14911 1.14911
4.35 -26.215 188.938 79.5476 1.09923 1.09923
4.36 -26.4049 199.441 71.6295 1.04358 1.04358
4.37 -26.608 210.554 64.2538 1.00116 1.00116
4.38 -26.8208 221.063 56.6856 0.982557 0.982557
4.39 -27.0342 229.362 48.5273 0.988694 0.988694
4.4 -27.2334 234.095 40.0461 1.01218 1.01218
4.41 -27.4035 235.277 31.8249 1.04017 1.04017
4.42 -27.5353 234.51 24.2746 1.05831 1.05831
4.43 -27.6258 234.106 17.5354 1.05657 1.05657
4.44 -27.6795 236.286 11.737 1.03619 1.03619
4.45 -27.7062 242.149 7.19853 1.01052 1.01052
4.46 -27.7159 250.501 4.20622 0.997654 0.997654
4.47 -27.7179 258.429 2.63098 1.01024 1.01024
4.48 -27.7206 263.37 2.08387 1.04772 1.04772
4.49 -27.7282 264.209 2.4968 1.09537 1.09537
4.5 -27.7367 260.973 4.23374 1.13167 1.13167
4.51 -27.7366 254.761 7.58331 1.13854 1.13854
4.52 -27.7181 247.682 12.3876 1.10808 1.10808
4.53 -27.6711 241.513 18.2877 1.04614 1.04614
4.54 -27.5851 236.653 25.149 0.973 0.973
4.55 -27.4545 232.725 32.9416 0.917127 0.917127
4.56 -27.2814 228.984 41.2859 0.901464 0.901464
4.57 -27.0747 224.326 49.514 0.93202 0.93202
4.58 -26.8478 218.127 57.1851 0.997053 0.997053
4.59 -26.6186 211.043 64.2885 1.07422 1.07422
4.6 -26.4066 204.55 71.0342 1.13903 1.13903
4.61 -26.2264 199.387 77.7084 1.17263 1.17263
4.62 -26.0822 194.631 84.6985 1.16906 1.16906
4.63 -25.9699 188.961 92.337 1.13649 1.13649
4.64 -25.8849 182.646 100.496 1.08941 1.08941
4.65 -25.8249 177.367 108.355 1.04014 1.04014
4.66 -25.7864 174.236 114.622 0.997352 0.997352
4.67 -25.763 172.852 118.208 0.969997 0.969997
4.68 -25.7476 172.118 118.896 0.967218 0.967218
4.69 -25.736 171.416 117.332 0.99171 0.99171
4.7 -25.7302 171.162 114.453 1.03502 1.03502
4.71 -25.737 172.453 111.058 1.081 1.081
4.72 -25.7641 175.756 107.606 1.11425 1.11425
4.73 -25.816 180.223 103.992 1.12646 1.12646
4.74 -25.8956 184.722 99.6967 1.11717 1.11717
4.75 -26.0044 188.876 94.3231 1.09156 1.09156
4.76 -26.1416 193.139 87.8159 1.05876 1.05876
4.77 -26.3058 198.666 80.345 1.02982 1.02982
4.78 -26.4938 206.367 72.1893 1.01388 1.01388
4.79 -26.6975 215.577 63.6324 1.01472 1.01472
4.8 -26.9054 224.611 54.953 1.03028 1.03028
4.81 -27.107 232.263 46.354 1.05324 1.05324
4.82 -27.2942 238.031 37.7528 1.0722 1.0722
4.83 -27.4609 242.16 29.0693 1.07649 1.07649
4.84 -27.605 246.244 20.8667 1.06276 1.06276
4.85 -27.7277 252.207 14.0627 1.03736 1.03736
4.86 -27.8285 259.492 8.89081 1.01256 1.01256
4.87 -27.9034 264.867 4.62274 1.00004 1.00004
4.88 -27.9516 265.991 0.287041 1.0052 1.0052
4.89 -27.9778 263.549 -4.41123 1.02459 1.02459
4.9 -27.9869 259.749 -8.79611 1.04843 1.04843
4.91 -27.9803 256.091 -12.0174 1.06711 1.06711
4.92 -27.9599 252.958 -14.0549 1.07529 1.07529
4.93 -27.9316 250.446 -15.6895 1.07114 1.07114
4.94 -27.9006 248.178 -17.6076 1.0563 1.0563
4.95 -27.8663 244.648 -19.806 1.03824 1.03824
4.96 -27.8231 238.3 -21.6119 1.02818 1.02818
4.97 -27.7651 229.192 -21.9642 1.0323 1.0323
4.98 -27.6862 218.432 -19.9736 1.04551 1.04551
4.99 -27.5785 206.453 -15.699 1.05583 1.05583
5 -27.4374 193.375 -10.4237 1.05337 1.05337
5.01 -27.2672 180.434 -5.78073 1.03493 1.03493
5.02 -27.0767 169.22 -2.38892 1.00564 1.00564
5.03 -26.8735 160.108 0.481331 0.980134 0.980134
5.04 -26.6662 152.544 3.94424 0.977042 0.977042
5.05 -26.4666 145.645 8.49352 1.00555 1.00555
5.06 -26.2836 137.811 13.8406 1.05695 1.05695
5.07 -26.1218 127.576 19.2268 1.11028 1.11028
5.08 -25.9851 115.528 23.8767 1.14387 1.14387
5.09 -25.8764 103.973 27.3831 1.14342 1.14342
5.1 -25.7949 94.8678 29.715 1.10767 1.10767
5.11 -25.7377 89.3657 31.1035 1.05089 1.05089
5.12 -25.7063 88.5463 31.8925 0.997124 0.997124
5.13 -25.7042 92.466 32.2586 0.968324 0.968324
5.14 -25.7301 98.7452 32.2367 0.975369 0.975369
5.15 -25.7771 104.035 32.0281 1.01535 1.01535
5.16 -25.8396 106.916 31.7902 1.07184 1.07184
5.17 -25.9152 108.072 31.1633 1.11869 1.11869
5.18 -26.0004 108.734 29.4315 1.13151 1.13151
5.19 -26.0927 110.5 25.9902 1.10223 1.10223
5.2 -26.1962 115.888 20.7117 1.04437 1.04437
5.21 -26.3193 127.278 14.3875 0.985495 0.985495
5.22 -26.4662 144.657 8.90895 0.955078 0.955078
5.23 -26.6344 165.648 6.58566 0.972665 0.972665
5.24 -26.8188 187.403 8.8857 1.03589 1.03589
5.25 -27.0115 207.453 15.7433 1.11607 1.11607
5.26 -27.1995 224.301 25.9163 1.17075 1.17075
5.27 -27.3677 238.221 37.8208 1.16692 1.16692
5.28 -27.4995 250.492 50.1213 1.09845 1.09845
5.29 -27.5786 261.974 61.8657 0.988618 0.988618
5.3 -27.5975 273.501 72.4395 0.878935 0.878935
5.31 -27.5626 286.48 81.6955 0.811983 0.811983
5.32 -27.4888 301.557 90.1621 0.816008 0.816008
5.33 -27.3941 317.805 99.0582 0.89316 0.89316
5.34 -27.2968 333.645 109.869 1.01625 1.01625
5.35 -27.2137 348.113 123.775 1.13771 1.13771
5.36 -27.156 361.067 141.274 1.20597 1.20597
5.37 -27.1236 371.697 161.674 1.18407 1.18407
5.38 -27.1019 377.617 182.818 1.06621 1.06621
5.39 -27.0686 377.074 202.221 0.883903 0.883903
5.4 -27.0025 371.362 218.581 0.694725 0.694725
5.41 -26.8887 363.854 231.765 0.55724 0.55724
5.42 -26.7226 357.31 241.717 0.511168 0.511168
5.43 -26.5092 351.991 247.878 0.568836 0.568836
5.44 -26.262 345.828 249.82 0.709954 0.709954
5.45 -26.0008 336.868 248.29 0.888035 0.888035
5.46 -25.7513 325.058 245.002 1.0474 1.0474
5.47 -25.5394 311.441 241.311 1.1411 1.1411
5.48 -25.3855 296.876 237.53 1.14474 1.14474
5.49 -25.2994 281.767 233.172 1.06179 1.06179
5.5 -25.2773 265.518 227.251 0.921977 0.921977
5.51 -25.302 246.415 218.442 0.772047 0.772047
5.52 -25.352 223.724 205.445 0.659171 0.659171
5.53 -25.409 198.885 187.532 0.612985 0.612985
5.54 -25.4576 173.739 164.855 0.635445 0.635445
5.55 -25.4874 149.359 138.091 0.706563 0.706563
5.56 -25.4991 126.321 107.841 0.797825 0.797825
5.57 -25.5021 104.53 74.8412 0.878799 0.878799
5.58 -25.5081 83.2025 40.6744 0.927077 0.927077
5.59 -25.5265 61.492 7.61602 0.939277 0.939277
5.6 -25.5648 38.6837 -22.6081 0.92295 0.92295
5.61 -25.6246 14.1803 -49.6744 0.887444 0.887444
5.62 -25.7027 -11.69 -74.2626 0.843956 0.843956
5.63 -25.7946 -36.6917 -97.1264 0.80553 0.80553
5.64 -25.8941 -57.6555 -118.836 0.781522 0.781522
5.65 -25.999 -72.6934 -139.737 0.771546 0.771546
5.66 -26.0991 -82.6568 -160.063 0.774737 0.774737
5.67 -26.1871 -90.0396 -179.441 0.794791 0.794791
5.68 -26.2589 -96.4712 -196.714 0.8304 0.8304
5.69 -26.3175 -101.104 -210.445 0.870148 0.870148
5.7 -26.3744 -101.457 -219.635 0.899299 0.899299
5.71 -26.4408 -95.5841 -223.899 0.910575 0.910575
5.72 -26.5241 -83.116 -223.111 0.905723 0.905723
5.73 -26.6295 -64.3109 -217.059 0.890464 0.890464
5.74 -26.7621 -38.7101 -205.541 0.871668 0.871668
5.75 -26.9304 -5.1947 -188.904 0.854843 0.854843
5.76 -27.1425 36.5506 -168.325 0.841843 0.841843
5.77 -27.4011 85.0054 -145.438 0.832543 0.832543
5.78 -27.7017 137.225 -121.711 0.827993 0.827993
5.79 -28.031 189.386 -98.1826 0.830571 0.830571
5.8 -28.365 237.206 -75.3816 0.840226 0.840226
5.81 -28.6747 277.84 -53.2536 0.853002 0.853002
5.82 -28.9396 313.14 -31.3538 0.862758 0.862758
5.83 -29.159 349.915 -9.14872 0.86186 0.86186
5.84 -29.3427 394.285 13.9535 0.852745 0.852745
5.85 -29.4962 446.167 38.8656 0.856055 0.856055
5.86 -29.6191 499.903 66.5846 0.889001 0.889001
5.87 -29.7119 548.802 97.2718 0.946519 0.946519
5.88 -29.7793 588.109 129.612 0.997481 0.997481
5.89 -29.8218 615.986 161.425 0.996952 0.996952
5.9 -29.8337 633.468 190.843 0.922058 0.922058
5.91 -29.8018 642.862 217.038 0.784611 0.784611
5.92 -29.7089 646.622 240.11 0.619184 0.619184
5.93 -29.5424 647.369 260.973 0.474403 0.474403
5.94 -29.2954 646.785 281.229 0.395934 0.395934
5.95 -28.9655 644.196 302.487 0.403327 0.403327
5.96 -28.5547 636.652 325.244 0.483044 0.483044
5.97 -28.072 620.873 348.58 0.598157 0.598157
5.98 -27.5325 595.238 370.857 0.699341 0.699341
5.99 -26.9499 559.417 390.395 0.739517 0.739517
6 -26.3279 512.268 405.693 0.694964 0.694964
6.01 -25.6573 451.306 415.57 0.580628 0.580628
6.02 -24.9215 375.08 419.656 0.442681 0.442681
6.03 -24.1033 284.745 418.964 0.329876 0.329876
6.04 -23.1881 183.569 415.341 0.26871 0.26871
6.05 -22.1762 76.4428 409.756 0.255096 0.255096
6.06 -21.0904 -31.099 401.407 0.270606 0.270606
6.07 -19.9744 -134.258 388.432 0.299815 0.299815
6.08 -18.8924 -229.529 369.095 0.324273 0.324273
6.09 -17.9118 -315.8 342.4 0.336916 0.336916
6.1 -17.1004 -394.397 308.385 0.36256 0.36256
6.11 -16.5086 -466.633 268.187 0.430079 0.430079
6.12 -16.1745 -531.732 223.976 0.528528 0.528528
6.13 -16.1142 -587.083 178.366 0.612184 0.612184
6.14 -16.3247 -628.384 133.495 0.632375 0.632375
6.15 -16.7876 -649.57 90.7398 0.559438 0.559438
6.16 -17.4738 -645.266 50.7907 0.404178 0.404178
6.17 -18.3556 -613.235 13.6444 0.209458 0.209458
6.18 -19.402 -554.748 -21.2076 0.0287032 0.0287032
6.19 -20.5844 -474.42 -53.9563 -0.0801989 -0.0801989
6.2 -21.8692 -379.445 -83.6755 -0.0720895 -0.0720895
6.21 -23.2234 -276.163 -108.681 0.0544446 0.0544446
6.22 -24.6261 -166.291 -127.757 0.245286 0.245286
6.23 -26.0712 -47.277 -140.984 0.41715 0.41715
6.24 -27.5526 83.3496 -149.478 0.499685 0.499685
6.25 -29.056 223.395 -153.923 0.469055 0.469055
6.26 -30.544 364.768 -153.874 0.349745 0.349745
6.27 -31.9534 495.991 -148.364 0.198753 0.198753
6.28 -33.2219 607.945 -136.862 0.0957672 0.0957672
6.29 -34.294 699.538 -119.548 0.10557 0.10557
6.3 -35.1435 778.226 -97.0433 0.22671 0.22671
6.31 -35.7642 852.731 -70.4225 0.39672 0.39672
6.32 -36.1519 923.939 -41.6622 0.550337 0.550337
6.33 -36.3048 983.873 -13.9297 0.644375 0.644375
6.34 -36.2294 1020.72 9.15158 0.649716 0.649716
6.35 -35.9388 1025.2 25.1751 0.575186 0.575186
6.36 -35.4541 995.714 33.7488 0.476595 0.476595
6.37 -34.8247 941.37 36.1534 0.411687 0.411687
6.38 -34.1069 878.57 34.3245 0.400989 0.400989
6.39 -33.3591 819.702 30.0804 0.438954 0.438954
6.4 -32.6148 764.639 24.766 0.52081 0.52081
6.41 -31.8845 705.917 19.3385 0.635306 0.635306
6.42 -31.1769 638.389 14.9464 0.74323 0.74323
6.43 -30.4894 560.916 13.351 0.789098 0.789098
6.44 -29.8004 474.768 16.5095 0.737246 0.737246
6.45 -29.0799 384.187 25.3984 0.592746 0.592746
6.46 -28.3031 295.647 39.3785 0.393199 0.393199
6.47 -27.4492 213.722 56.7145 0.198206 0.198206
6.48 -26.5005 137.958 75.4163 0.0709774 0.0709774
6.49 -25.4503 64.9836 94.0757 0.0547306 0.0547306
6.5 -24.3174 -7.26448 112.071 0.167456 0.167456
6.51 -23.134 -78.9123 129.614 0.3742 0.3742
6.52 -21.9539 -149.463 146.539 0.578399 0.578399
6.53 -20.8158 -220.582 162.895 0.715583 0.715583
6.54 -19.7457 -295.539 178.713 0.800808 0.800808
6.55 -18.7639 -374.452 193.662 0.834135 0.834135
6.56 -17.8933 -451.824 206.914 0.779583 0.779583
6.57 -17.1597 -519.238 217.59 0.647378 0.647378
6.58 -16.5856 -569.225 224.773 0.501356 0.501356
6.59 -16.192 -598.594 227.98 0.396034 0.396034
6.6 -15.9867 -609.784 227.121 0.351021 0.351021
6.61 -15.9677 -608.913 221.743 0.371687 0.371687
6.62 -16.136 -601.692 210.803 0.456066 0.456066
6.63 -16.4866 -590.974 192.905 0.577336 0.577336
6.64 -17.0103 -576.152 167.212 0.679001 0.679001
6.65 -17.6929 -553.839 134.521 0.712075 0.712075
6.66 -18.5128 -520.222 97.4117 0.675094 0.675094
6.67 -19.4442 -472.749 59.4208 0.607194 0.607194
6.68 -20.4688 -409.628 23.9197 0.550506 0.550506
6.69 -21.582 -329.191 -6.69943 0.526847 0.526847
6.7 -22.7858 -230.994 -30.913 0.540597 0.540597
6.71 -24.0777 -117.97 -47.5016 0.584925 0.584925
6.72 -25.4388 3.03556 -55.9352 0.643183 0.643183
6.73 -26.8446 124.589 -57.4241 0.683342 0.683342
6.74 -28.262 243.348 -55.8601 0.663979 0.663979
6.75 -29.6828 359.317 -56.2947 0.571907 0.571907
6.76 -31.0915 474.476 -63.2492 0.412923 0.412923
6.77 -32.4734 592.002 -78.0351 0.218602 0.218602
6.78 -33.8274 714.501 -98.7604 0.0972077 0.0972077
6.79 -35.1549 841.314 -121.975 0.139512 0.139512
6.8 -36.454 967.32 -144.166 0.344172 0.344172
6.81 -37.7319 1085.46 -163.433 0.69427 0.69427
6.82 -38.9706 1189.52 -179.052 1.1582 1.1582
6.83 -40.1483 1274.86 -191.201 1.62548 1.62548
6.84 -41.2176 1336.69 -201.093 1.95385 1.95385
6.85 -42.1064 1371.01 -210.285 2.08317 2.08317
6.86 -42.7452 1377.89 -219.903 2.03341 2.03341
6.87 -43.065 1361 -230.135 1.83934 1.83934
6.88 -43.0149 1324.29 -240.141 1.56992 1.56992
6.89 -42.56 1268.74 -248.639 1.3311 1.3311
6.9 -41.6887 1193.1 -253.969 1.21209 1.21209
6.91 -40.4317 1097.71 -254.691 1.23305 1.23305
6.92 -38.8597 986.355 -250.557 1.34002 1.34002
6.93 -37.0632 862.222 -242.924 1.48072 1.48072
6.94 -35.1262 724.043 -233.5 1.62376 1.62376
6.95 -33.109 568.212 -222.577 1.70825 1.70825
6.96 -31.0544 394.569 -208.776 1.65841 1.65841
6.97 -28.9954 209.026 -190.626 1.45456 1.45456
6.98 -26.9613 20.8047 -168.113 1.17659 1.17659
6.99 -24.9681 -161.959 -143.672 0.938796 0.938796
7 -23.0096 -333.451 -119.924 0.749621 0.749621
7.01 -21.1372 -486.309 -97.6882 0.566979 0.566979
7.02 -19.4121 -612.949 -78.0656 0.451083 0.451083
7.03 -17.881 -710.812 -61.213 0.464805 0.464805
7.04 -16.6041 -785.57 -45.9901 0.559131 0.559131
7.05 -15.5645 -850.434 -29.1151 0.659954 0.659954
7.06 -14.7329 -916.139 -6.38202 0.754762 0.754762
7.07 -14.0667 -983.36 25.5887 0.846189 0.846189
7.08 -13.5155 -1043.64 68.1956 0.9057 0.9057
7.09 -13.0261 -1086.46 120.841 0.915536 0.915536
7.1 -12.5462 -1105.08 181.373 0.909819 0.909819
7.11 -12.0456 -1097.6 246.196 0.987005 0.987005
7.12 -11.5332 -1065.38 310.618 1.22637 1.22637
7.13 -11.0552 -1012.66 370.354 1.58008 1.58008
7.14 -10.6793 -946.213 422.451 1.93758 1.93758
7.15 -10.4802 -873.222 465.757 2.2379 2.2379
7.16 -10.5269 -798.4 500.334 2.44259 2.44259
7.17 -10.8677 -722.725 527.238 2.4912 2.4912
7.18 -11.5238 -643.775 548.232 2.35222 2.35222
7.19 -12.4834 -556.454 565.091 2.07435 2.07435
7.2 -13.7137 -455.099 578.423 1.75096 1.75096
7.21 -15.177 -335.489 587.421 1.46018 1.46018
7.22 -16.8317 -194.25 590.596 1.24495 1.24495
7.23 -18.6507 -29.4748 586.35 1.11448 1.11448
7.24 -20.628 156.239 573.383 1.06761 1.06761
7.25 -22.752 354.961 551.225 1.07897 1.07897
7.26 -25.0135 556.01 520.16 1.09157 1.09157
7.27 -27.3863 749.963 481.161 1.07825 1.07825
7.28 -29.8331 931.075 434.942 1.02054 1.02054
7.29 -32.3303 1096.75 382.016 0.88083 0.88083
7.3 -34.8086 1247.16 323.085 0.667373 0.667373
7.31 -37.211 1385.38 259.24 0.419703 0.419703
7.32 -39.4533 1513.2 192.186 0.129347 0.129347
7.33 -41.5014 1629.88 124.132 -0.225649 -0.225649
7.34 -43.3062 1725.13 57.5664 -0.453608 -0.453608
7.35 -44.7564 1785.09 -5.82211 -0.0810648 -0.0810648
7.36 -45.8232 1805.14 -68.4464 1.04997 1.04997
7.37 -46.5158 1786.82 -130.634 2.43825 2.43825
7.38 -46.7719 1737.62 -193.229 3.6555 3.6555
7.39 -46.6165 1661.76 -255.401 4.70176 4.70176
7.4 -46.0497 1560.37 -316.028 5.42654 5.42654
7.41 -45.1063 1434.86 -373.963 5.41311 5.41311
7.42 -43.8512 1290.41 -428.199 4.56254 4.56254
7.43 -42.3653 1132.44 -477.383 3.33993 3.33993
7.44 -40.7082 961.044 -520.229 2.36005 2.36005
7.45 -38.9156 770.815 -555.771 1.95871 1.95871
7.46 -37.0032 557.88 -583.513 2.14685 2.14685
7.47 -34.9761 326.386 -602.658 2.70572 2.70572
7.48 -32.835 88.687 -612.445 3.25105 3.25105
7.49 -30.6267 -139.105 -612.127 3.35393 3.35393
7.5 -28.3649 -345.071 -603.172 2.75494 2.75494
7.51 -26.1016 -525.272 -588.885 1.46297 1.46297
7.52 -23.9141 -679.789 -572.558 -0.365422 -0.365422
7.53 -21.8942 -808.272 -555.302 -2.40473 -2.40473
7.54 -20.1355 -913.241 -536.965 -4.13581 -4.13581
7.55 -18.7065 -999.205 -515.657 -5.17047 -5.17047
7.56 -17.6428 -1072.22 -490.206 -5.43202 -5.43202
7.57 -16.8709 -1140.48 -459.787 -5.09501 -5.09501
7.58 -16.3448 -1202.97 -423.577 -4.49482 -4.49482
7.59 -16.008 -1247.16 -380.324 -3.93317 -3.93317
7.6 -15.8194 -1256.14 -328.736 -3.60919 -3.60919
7.61 -15.7323 -1221.6 -269.133 -3.63432 -3.63432
7.62 -15.7208 -1149.13 -202.786 -3.92262 -3.92262
7.63 -15.7575 -1052.82 -131.156 -4.17004 -4.17004
7.64 -15.8394 -945.536 -55.0247 -4.07017 -4.07017
7.65 -15.989 -833.729 25.5477 -3.51598 -3.51598
7.66 -16.2352 -717.087 110.284 -2.60028 -2.60028
7.67 -16.6119 -591.496 198.107 -1.51673 -1.51673
7.68 -17.1279 -455.318 287.466 -0.48987 -0.48987
7.69 -17.7673 -312.628 376.559 0.26513 0.26513
7.7 -18.4753 -167.941 464.285 0.624967 0.624967
7.71 -19.2397 -19.9017 549.629 0.607238 0.607238
7.72 -20.0696 135.845 632.132 0.305924 0.305924
7.73 -20.9501 299.837 711.332 -0.190236 -0.190236
7.74 -21.8609 468.543 786.382 -0.761483 -0.761483
7.75 -22.813 636.411 854.913 -1.27963 -1.27963
7.76 -23.826 798.44 913.166 -1.94251 -1.94251
7.77 -24.8847 952.215 959.02 -3.31716 -3.31716
7.78 -25.9913 1093.15 991.072 -5.64173 -5.64173
7.79 -27.1368 1214.14 1007.54 -8.4342 -8.4342
7.8 -28.2736 1310.19 1007.67 -10.9364 -10.9364
7.81 -29.3898 1379.63 990.516 -12.625 -12.625
7.82 -30.4498 1427.94 956.064 -13.2625 -13.2625
7.83 -31.4584 1465.46 904.006 -12.6863 -12.6863
7.84 -32.423 1503.93 836.235 -10.9757 -10.9757
7.85 -33.4058 1547.85 755.277 -8.68224 -8.68224
7.86 -34.4282 1593.46 664.581 -6.5719 -6.5719
7.87 -35.5143 1632.81 567.191 -5.24567 -5.24567
7.88 -36.6807 1655.89 465.041 -4.8883 -4.8883
7.89 -37.9014 1652.27 358.958 -5.26475 -5.26475
7.9 -39.097 1613.54 249.672 -5.89147 -5.89147
7.91 -40.1512 1535.46 138.579 -6.17017 -6.17017
7.92 -40.9294 1420.83 27.3387 -5.64021 -5.64021
7.93 -41.3151 1279.95 -82.7152 -4.24425 -4.24425
7.94 -41.2381 1127.18 -191.092 -2.30194 -2.30194
7.95 -40.6908 973.895 -297.594 -0.297395 -0.297395
7.96 -39.7138 823.342 -402.174 1.28529 1.28529
7.97 -38.4031 671.186 -504.439 2.14026 2.14026
7.98 -36.8784 509.852 -603.181 2.20526 2.20526
7.99 -35.2332 333.733 -695.482 1.45765 1.45765
8 -33.6472 142.88 -777.301 -0.00838726 -0.00838726
8.01 -32.1524 -59.7141 -844.912 -1.78908 -1.78908
8.02 -30.7719 -271.334 -895.233 -3.50422 -3.50422
8.03 -29.4333 -490.49 -926.367 -5.19949 -5.19949
8.04 -28.0513 -709.743 -936.952 -7.20026 -7.20026
8.05 -26.5462 -914.304 -929.456 -9.52664 -9.52664
8.06 -24.8527 -1092.85 -909.394 -11.8065 -11.8065
8.07 -23.0182 -1240.82 -880.376 -13.7303 -13.7303
8.08 -21.0151 -1362.33 -846.263 -15.0853 -15.0853
8.09 -18.9822 -1460 -806.754 -15.6017 -15.6017
8.1 -16.9716 -1535.8 -760.805 -15.0154 -15.0154
8.11 -15.1236 -1588.18 -706.127 -13.398 -13.398
8.12 -13.5798 -1614.67 -640.683 -11.3309 -11.3309
8.13 -12.4189 -1614.39 -564.803 -9.45721 -9.45721
8.14 -11.7254 -1586.32 -479.41 -8.16574 -8.16574
8.15 -11.524 -1530.27 -385.137 -7.66996 -7.66996
8.16 -11.7566 -1447.56 -281.961 -7.94614 -7.94614
8.17 -12.3292 -1339.8 -170.87 -8.60795 -8.60795
8.18 -13.137 -1208.07 -54.8551 -9.05745 -9.05745
8.19 -14.0736 -1053.18 61.7011 -8.83624 -8.83624
8.2 -15.0629 -876.98 174.076 -7.83686 -7.83686
8.21 -16.043 -683.695 279.293 -6.23789 -6.23789
8.22 -17.0094 -480.086 375.718 -4.40587 -4.40587
8.23 -17.9488 -273.708 465.637 -2.86529 -2.86529
8.24 -18.7359 -71.7223 552.276 -2.0653 -2.0653
8.25 -19.5497 120.664 638.28 -2.29431 -2.29431
8.26 -20.394 300.64 726.199 -3.68984 -3.68984
8.27 -21.2488 466.347 816.565 -5.92382 -5.92382
8.28 -22.0861 616.968 907.995 -8.33143 -8.33143
8.29 -22.8736 751.933 997.693 -10.3974 -10.3974
8.3 -23.5907 872.277 1081.87 -11.8433 -11.8433
8.31 -24.1823 976.588 1156.23 -12.5113 -12.5113
8.32 -24.6237 1060.18 1215.67 -12.5361 -12.5361
8.33 -24.8025 1121.68 1260.68 -12.3988 -12.3988
8.34 -24.7728 1163.4 1291.96 -12.4824 -12.4824
8.35 -24.5984 1187.35 1309.25 -12.8788 -12.8788
8.36 -24.3121 1194.12 1312.18 -13.5338 -13.5338
8.37 -23.988 1181.16 1299.02 -14.2636 -14.2636
8.38 -23.6183 1146.64 1270.8 -14.7244 -14.7244
8.39 -23.2698 1090.93 1229.81 -14.5675 -14.5675
8.4 -23.001 1016.58 1178.81 -13.6861 -13.6861
8.41 -22.7733 926.316 1120.48 -12.3042 -12.3042
8.42 -22.5786 821.011 1055.9 -10.8092 -10.8092
8.43 -22.3728 701.478 985.168 -9.51331 -9.51331
8.44 -22.1212 569.198 907.555 -8.58806 -8.58806
8.45 -21.775 425.58 822.407 -8.0671 -8.0671
8.46 -21.2982 272.204 729.505 -7.77825 -7.77825
8.47 -20.6831 111.943 628.963 -7.3732 -7.3732
8.48 -19.9529 -51.7302 521.194 -6.56442 -6.56442
8.49 -19.1469 -216.604 406.905 -5.41992 -5.41992
8.5 -18.3767 -381.326 288.478 -4.29703 -4.29703
8.51 -17.5875 -550.386 163.525 -3.53815 -3.53815
8.52 -16.7863 -717.093 35.708 -3.53141 -3.53141
8.53 -16.2725 -872.779 -91.2631 -4.57935 -4.57935
8.54 -15.979 -1010.21 -213.597 -6.48662 -6.48662
8.55 -15.9444 -1126.25 -327.903 -8.71533 -8.71533
8.56 -16.1537 -1222.35 -431.926 -10.7955 -10.7955
8.57 -16.5584 -1302.53 -524.747 -12.3275 -12.3275
8.58 -17.1054 -1369.5 -606.46 -12.9256 -12.9256
8.59 -17.7281 -1422.46 -678.068 -12.5967 -12.5967
8.6 -18.3667 -1459.52 -740.682 -11.9026 -11.9026
8.61 -18.9613 -1481.15 -794.316 -11.4574 -11.4574
8.62 -19.4549 -1488.78 -836.713 -11.5845 -11.5845
8.63 -19.7797 -1486.48 -869.362 -12.3295 -12.3295
8.64 -19.9805 -1474.88 -889.945 -13.4127 -13.4127
8.65 -20.057 -1453.84 -895.499 -14.3863 -14.3863
8.66 -20.0164 -1423.09 -883.108 -14.9025 -14.9025
8.67 -19.9007 -1381.51 -851.996 -14.747 -14.747
8.68 -19.778 -1326.5 -802.558 -13.8594 -13.8594
8.69 -19.6782 -1256.04 -736.577 -12.4496 -12.4496
8.7 -19.6421 -1170.66 -656.476 -10.9455 -10.9455
8.71 -19.6846 -1073.62 -565.75 -9.73996 -9.73996
8.72 -19.8193 -966.985 -468.612 -9.00618 -9.00618
8.73 -20.0621 -848.736 -369.064 -8.68428 -8.68428
8.74 -20.4261 -715.394 -269.571 -8.57026 -8.57026
8.75 -20.9098 -566.733 -170.623 -8.40181 -8.40181
8.76 -21.4951 -406.846 -71.4954 -7.91918 -7.91918
8.77 -22.1509 -241.662 28.3342 -6.96416 -6.96416
8.78 -22.9628 -73.1276 126.511 -5.65327 -5.65327
8.79 -23.8001 104.184 222.012 -4.42307 -4.42307
8.8 -24.6219 295.987 312.209 -3.69635 -3.69635
8.81 -25.7939 506.108 393.689 -3.82152 -3.82152
8.82 -27.1108 733.116 464.646 -5.07035 -5.07035
8.83 -28.7078 969.539 524.567 -7.15762 -7.15762
8.84 -30.53 1201.76 573.58 -9.39093 -9.39093
8.85 -32.511 1411.69 612.225 -11.2422 -11.2422
8.86 -34.5381 1584.18 640.304 -12.4046 -12.4046
8.87 -36.485 1710.28 656.328 -12.6255 -12.6255
8.88 -38.1753 1796.33 660.201 -11.817 -11.817
8.89 -39.527 1853.29 651.631 -10.3871 -10.3871
8.9 -40.4719 1896.24 631.408 -9.15344 -9.15344
8.91 -41.0389 1932.74 601.288 -8.71125 -8.71125
8.92 -41.2244 1961.9 563.592 -8.97689 -8.97689
8.93 -41.1157 1979.46 520.333 -9.44024 -9.44024
8.94 -40.8187 1980.43 473.282 -9.7396 -9.7396
8.95 -40.4614 1960.18 424.401 -9.78233 -9.78233
8.96 -40.1332 1914.26 375.85 -9.46166 -9.46166
8.97 -39.8748 1841.83 328.981 -8.65802 -8.65802
8.98 -39.6875 1744.72 283.607 -7.49773 -7.49773
8.99 -39.5116 1626.19 238.44 -6.36253 -6.36253
9 -39.2546 1490.22 191.861 -5.59359 -5.59359
9.01 -38.8166 1341.7 142.483 -5.25377 -5.25377
9.02 -38.1171 1186.31 89.7645 -5.19029 -5.19029
9.03 -37.1188 1029.98 34.1538 -5.1994 -5.1994
9.04 -35.8369 876.613 -23.2179 -5.08167 -5.08167
9.05 -34.327 725.913 -80.7161 -4.66278 -4.66278
9.06 -32.6885 574.515 -136.049 -3.9774 -3.9774
9.07 -31.0181 417.573 -186.938 -3.38458 -3.38458
9.08 -29.4097 251.473 -230.547 -3.24897 -3.24897
9.09 -27.8826 74.3843 -265.7 -3.70273 -3.70273
9.1 -26.3651 -111.238 -291.425 -4.78522 -4.78522
9.11 -24.9817 -302.258 -308.511 -6.45019 -6.45019
9.12 -23.6102 -496.661 -318.54 -8.4141 -8.4141
9.13 -22.1659 -690.905 -324.05 -10.1655 -10.1655
9.14 -20.6269 -877.578 -327.494 -11.2357 -11.2357
9.15 -18.9602 -1048.55 -330.047 -11.5143 -11.5143
9.16 -17.2047 -1195.28 -332.331 -11.1847 -11.1847
9.17 -15.4448 -1313.19 -334.695 -10.5063 -10.5063
9.18 -13.7766 -1405.65 -336.996 -9.77139 -9.77139
9.19 -12.3034 -1481.14 -338.278 -9.22456 -9.22456
9.2 -11.1131 -1547.35 -336.207 -8.9957 -8.9957
9.21 -10.2664 -1606.48 -327.524 -9.12516 -9.12516
9.22 -9.78931 -1655.19 -310.217 -9.52867 -9.52867
9.23 -9.64118 -1688.84 -284.744 -9.97965 -9.97965
9.24 -9.75964 -1703.17 -253.886 -10.2164 -10.2164
9.25 -10.0759 -1695.19 -221.469 -10.0963 -10.0963
9.26 -10.5128 -1663.21 -191.356 -9.67021 -9.67021
9.27 -11.0063 -1605.42 -165.932 -9.09666 -9.09666
9.28 -11.5724 -1516.92 -145.93 -8.50186 -8.50186
9.29 -12.2584 -1392.23 -130.563 -7.9586 -7.9586
9.3 -13.1412 -1230.35 -117.224 -7.51931 -7.51931
9.31 -14.3011 -1037.12 -101.988 -7.17134 -7.17134
9.32 -15.8024 -821.574 -81.2091 -6.80393 -6.80393
9.33 -17.6861 -591.599 -53.2818 -6.30374 -6.30374
9.34 -19.9491 -353.517 -19.0518 -5.66584 -5.66584
9.35 -22.5154 -114.354 18.9499 -4.97491 -4.97491
9.36 -25.4682 122.002 56.5463 -4.35996 -4.35996
9.37 -28.1889 356.382 91.691 -3.94888 -3.94888
9.38 -30.9112 591.685 120.842 -3.87596 -3.87596
9.39 -33.6345 827.536 141.274 -4.3287 -4.3287
9.4 -36.0813 1063.62 151.478 -5.2384 -5.2384
9.41 -38.3294 1299.12 150.921 -6.16667 -6.16667
9.42 -40.3604 1533.21 139.915 -6.80771 -6.80771
9.43 -42.2801 1761.95 119.892 -7.12959 -7.12959
9.44 -44.183 1973.87 94.3433 -7.04681 -7.04681
9.45 -46.0536 2151.21 69.3796 -6.38093 -6.38093
9.46 -47.7475 2290.82 44.0741 -5.13516 -5.13516
9.47 -49.4116 2397.13 19.5764 -3.80697 -3.80697
9.48 -51.0256 2475.62 -3.58039 -3.03588 -3.03588
9.49 -52.4764 2530.05 -25.3075 -2.72966 -2.72966
9.5 -53.6513 2564.36 -47.5503 -2.37471 -2.37471
9.51 -54.4703 2577.67 -71.8415 -1.89414 -1.89414
9.52 -54.8784 2564.31 -99.4354 -1.48623 -1.48623
9.53 -54.746 2519.15 -129.518 -1.16271 -1.16271
9.54 -54.0825 2445.88 -160.448 -0.813692 -0.813692
9.55 -52.9858 2352.09 -190.131 -0.488584 -0.488584
9.56 -51.5401 2242.64 -216.066 -0.301637 -0.301637
9.57 -49.8532 2118.89 -236.603 -0.200982 -0.200982
9.58 -48.0355 1979.62 -251.63 -0.0505041 -0.0505041
9.59 -46.1895 1825.4 -262.378 0.170306 0.170306
9.6 -44.3957 1658.53 -270.487 0.371776 0.371776
9.61 -42.6833 1479.82 -277.429 0.540446 0.540446
9.62 -41.0315 1286.66 -284.202 0.78726 0.78726
9.63 -39.3782 1076.01 -291.655 1.14964 1.14964
9.64 -37.6487 850.07 -300.554 1.41578 1.41578
9.65 -35.8031 618.178 -311.353 1.2278 1.2278
9.66 -33.8312 391.862 -324.172 0.458049 0.458049
9.67 -31.7281 178.754 -338.382 -0.662972 -0.662972
9.68 -29.4152 -21.5935 -353.287 -2.00015 -2.00015
9.69 -27.0305 -214.249 -367.377 -3.69329 -3.69329
9.7 -24.6713 -402.157 -378.253 -5.67816 -5.67816
9.71 -22.3624 -589.001 -383.842 -7.54125 -7.54125
9.72 -20.2021 -772.977 -383.952 -8.90194 -8.90194
9.73 -18.2913 -950.453 -379.512 -9.62874 -9.62874
9.74 -16.6099 -1120.11 -371.282 -9.85351 -9.85351
9.75 -15.1819 -1273.98 -361.028 -9.72043 -9.72043
9.76 -13.9811 -1404.58 -350.514 -9.2018 -9.2018
9.77 -12.9859 -1510.2 -341.16 -8.50644 -8.50644
9.78 -12.1522 -1594.26 -333.564 -8.16183 -8.16183
9.79 -11.4481 -1659.92 -327.081 -8.42445 -8.42445
9.8 -10.8809 -1705.53 -319.993 -9.05334 -9.05334
9.81 -10.4306 -1727.87 -310.194 -9.67543 -9.67543
9.82 -10.1521 -1721.72 -295.389 -10.072 -10.072
9.83 -10.113 -1680.51 -274.079 -10.1247 -10.1247
9.84 -10.3303 -1603.24 -245.265 -9.71763 -9.71763
9.85 -10.872 -1493.23 -208.851 -8.84676 -8.84676
9.86 -11.7448 -1355.81 -165.557 -7.73497 -7.73497
9.87 -12.952 -1194.78 -116.372 -6.69511 -6.69511
9.88 -14.4708 -1012.3 -62.3332 -5.91575 -5.91575
9.89 -16.2538 -810.251 -4.44433 -5.4178 -5.4178
9.9 -18.2294 -591.225 56.3181 -5.13739 -5.13739
9.91 -20.3193 -357.489 118.935 -4.94919 -4.94919
9.92 -22.5246 -112.05 181.417 -4.7267 -4.7267
9.93 -24.6973 148.28 244.465 -4.54423 -4.54423
9.94 -26.7052 424.069 310.346 -4.51022 -4.51022
9.95 -28.8005 712.4 379.007 -4.40033 -4.40033
9.96 -30.9025 1008.09 446.975 -4.1897 -4.1897
9.97 -33.0944 1303.13 511.264 -4.41004 -4.41004
9.98 -35.3363 1589.24 568.454 -5.31852 -5.31852
9.99 -37.6247 1856.73 616.126 -6.5414 -6.5414
10 -39.9893 2089.16 648.655 -7.63243 -7.63243
