0.1 -0.0883132 -3.04528e-006
0.2 -0.176683 -6.09253e-006
0.3 -0.265111 -9.14176e-006
0.4 -0.353596 -1.2193e-005
0.5 -0.442138 -1.52461e-005
0.6 -0.530738 -1.83013e-005
0.7 -0.619395 -2.13585e-005
0.8 -0.708111 -2.44176e-005
0.9 -0.796884 -2.74788e-005
1 -0.885715 -3.05419e-005
0.01 -0.884912 -3.05142e-005
0.02 -0.88261 -3.04348e-005
0.03 -0.879885 -3.03409e-005
0.04 -0.877765 -3.02678e-005
0.05 -0.876344 -3.02188e-005
0.06 -0.875658 -3.01951e-005
0.07 -0.875691 -3.01963e-005
0.08 -0.876362 -3.02194e-005
0.09 -0.877528 -3.02596e-005
0.1 -0.879025 -3.03112e-005
0.11 -0.880716 -3.03695e-005
0.12 -0.882519 -3.04317e-005
0.13 -0.884435 -3.04978e-005
0.14 -0.886529 -3.057e-005
0.15 -0.888876 -3.06509e-005
0.16 -0.891529 -3.07424e-005
0.17 -0.894506 -3.0845e-005
0.18 -0.89779 -3.09583e-005
0.19 -0.90135 -3.1081e-005
0.2 -0.905126 -3.12112e-005
0.21 -0.909011 -3.13452e-005
0.22 -0.912869 -3.14782e-005
0.23 -0.916561 -3.16055e-005
0.24 -0.919959 -3.17227e-005
0.25 -0.922971 -3.18266e-005
0.26 -0.925566 -3.19161e-005
0.27 -0.92784 -3.19945e-005
0.28 -0.930045 -3.20705e-005
0.29 -0.932393 -3.21515e-005
0.3 -0.935001 -3.22414e-005
0.31 -0.937894 -3.23412e-005
0.32 -0.940979 -3.24475e-005
0.33 -0.944026 -3.25526e-005
0.34 -0.946736 -3.26461e-005
0.35 -0.948911 -3.27211e-005
0.36 -0.950481 -3.27752e-005
0.37 -0.951423 -3.28077e-005
0.38 -0.951713 -3.28177e-005
0.39 -0.951332 -3.28046e-005
0.4 -0.950305 -3.27691e-005
0.41 -0.948748 -3.27154e-005
0.42 -0.946813 -3.26487e-005
0.43 -0.944596 -3.25723e-005
0.44 -0.942113 -3.24866e-005
0.45 -0.939345 -3.23912e-005
0.46 -0.936317 -3.22868e-005
0.47 -0.933114 -3.21764e-005
0.48 -0.929761 -3.20607e-005
0.49 -0.926179 -3.19372e-005
0.5 -0.922352 -3.18052e-005
0.51 -0.91837 -3.16679e-005
0.52 -0.914272 -3.15266e-005
0.53 -0.91006 -3.13814e-005
0.54 -0.905919 -3.12386e-005
0.55 -0.902235 -3.11116e-005
0.56 -0.899226 -3.10078e-005
0.57 -0.896571 -3.09163e-005
0.58 -0.893713 -3.08177e-005
0.59 -0.89044 -3.07048e-005
0.6 -0.887073 -3.05887e-005
0.61 -0.884031 -3.04838e-005
0.62 -0.881465 -3.03954e-005
0.63 -0.879485 -3.03271e-005
0.64 -0.878325 -3.02871e-005
0.65 -0.877899 -3.02724e-005
0.66 -0.877783 -3.02684e-005
0.67 -0.877806 -3.02692e-005
0.68 -0.87808 -3.02786e-005
0.69 -0.878618 -3.02972e-005
0.7 -0.879409 -3.03244e-005
0.71 -0.880647 -3.03671e-005
0.72 -0.882595 -3.04343e-005
0.73 -0.885272 -3.05266e-005
0.74 -0.888284 -3.06305e-005
0.75 -0.891011 -3.07245e-005
0.76 -0.893121 -3.07973e-005
0.77 -0.894831 -3.08563e-005
0.78 -0.896698 -3.09206e-005
0.79 -0.899141 -3.10048e-005
0.8 -0.902113 -3.11074e-005
0.81 -0.905407 -3.12209e-005
0.82 -0.909034 -3.1346e-005
0.83 -0.913051 -3.14845e-005
0.84 -0.91729 -3.16307e-005
0.85 -0.921602 -3.17794e-005
0.86 -0.925983 -3.19304e-005
0.87 -0.929943 -3.2067e-005
0.88 -0.932584 -3.21581e-005
0.89 -0.933786 -3.21995e-005
0.9 -0.934547 -3.22258e-005
0.91 -0.935799 -3.22689e-005
0.92 -0.937084 -3.23132e-005
0.93 -0.936905 -3.23071e-005
0.94 -0.934545 -3.22257e-005
0.95 -0.930942 -3.21014e-005
0.96 -0.927691 -3.19893e-005
0.97 -0.925389 -3.191e-005
0.98 -0.923048 -3.18292e-005
0.99 -0.919694 -3.17136e-005
1 -0.915546 -3.15706e-005
1.01 -0.911337 -3.14254e-005
1.02 -0.907469 -3.1292e-005
1.03 -0.904082 -3.11752e-005
1.04 -0.901049 -3.10707e-005
1.05 -0.897882 -3.09614e-005
1.06 -0.894012 -3.0828e-005
1.07 -0.8894 -3.0669e-005
1.08 -0.884945 -3.05153e-005
1.09 -0.881564 -3.03987e-005
1.1 -0.878719 -3.03007e-005
1.11 -0.875081 -3.01752e-005
1.12 -0.87049 -3.00169e-005
1.13 -0.866321 -2.98731e-005
1.14 -0.864014 -2.97936e-005
1.15 -0.864614 -2.98143e-005
1.16 -0.868752 -2.9957e-005
1.17 -0.875438 -3.01875e-005
1.18 -0.882175 -3.04198e-005
1.19 -0.886868 -3.05817e-005
1.2 -0.888935 -3.06529e-005
1.21 -0.889136 -3.06599e-005
1.22 -0.888708 -3.06451e-005
1.23 -0.888749 -3.06465e-005
1.24 -0.890121 -3.06938e-005
1.25 -0.893608 -3.08141e-005
1.26 -0.899712 -3.10245e-005
1.27 -0.908064 -3.13125e-005
1.28 -0.91749 -3.16376e-005
1.29 -0.926333 -3.19425e-005
1.3 -0.932895 -3.21688e-005
1.31 -0.936575 -3.22957e-005
1.32 -0.938237 -3.2353e-005
1.33 -0.939326 -3.23906e-005
1.34 -0.941716 -3.2473e-005
1.35 -0.947148 -3.26603e-005
1.36 -0.955254 -3.29398e-005
1.37 -0.963515 -3.32247e-005
1.38 -0.9696 -3.34345e-005
1.39 -0.973133 -3.35563e-005
1.4 -0.975359 -3.36331e-005
1.41 -0.976361 -3.36676e-005
1.42 -0.974384 -3.35994e-005
1.43 -0.968622 -3.34008e-005
1.44 -0.960229 -3.31113e-005
1.45 -0.950764 -3.2785e-005
1.46 -0.941106 -3.24519e-005
1.47 -0.930837 -3.20978e-005
1.48 -0.917981 -3.16545e-005
1.49 -0.899885 -3.10305e-005
1.5 -0.875595 -3.01929e-005
1.51 -0.848133 -2.9246e-005
1.52 -0.823264 -2.83884e-005
1.53 -0.804482 -2.77408e-005
1.54 -0.790611 -2.72624e-005
1.55 -0.778941 -2.68601e-005
1.56 -0.767949 -2.6481e-005
1.57 -0.757093 -2.61067e-005
1.58 -0.74649 -2.5741e-005
1.59 -0.736787 -2.54064e-005
1.6 -0.728067 -2.51057e-005
1.61 -0.719128 -2.47975e-005
1.62 -0.709495 -2.44653e-005
1.63 -0.703026 -2.42423e-005
1.64 -0.707569 -2.43989e-005
1.65 -0.728192 -2.51101e-005
1.66 -0.761704 -2.62656e-005
1.67 -0.798986 -2.75513e-005
1.68 -0.831569 -2.86748e-005
1.69 -0.855922 -2.95146e-005
1.7 -0.872692 -3.00928e-005
1.71 -0.884523 -3.05008e-005
1.72 -0.895663 -3.08849e-005
1.73 -0.910843 -3.14084e-005
1.74 -0.933092 -3.21756e-005
1.75 -0.963205 -3.3214e-005
1.76 -1.00013 -3.44872e-005
1.77 -1.04026 -3.58712e-005
1.78 -1.07704 -3.71393e-005
1.79 -1.10394 -3.8067e-005
1.8 -1.11914 -3.85909e-005
1.81 -1.12602 -3.88282e-005
1.82 -1.12973 -3.89564e-005
1.83 -1.1339 -3.91e-005
1.84 -1.13965 -3.92984e-005
1.85 -1.14571 -3.95074e-005
1.86 -1.14907 -3.9623e-005
1.87 -1.14825 -3.95947e-005
1.88 -1.14665 -3.95398e-005
1.89 -1.14909 -3.96238e-005
1.9 -1.15412 -3.97972e-005
1.91 -1.15391 -3.97898e-005
1.92 -1.14157 -3.93644e-005
1.93 -1.1152 -3.84553e-005
1.94 -1.07669 -3.71272e-005
1.95 -1.02984 -3.55117e-005
1.96 -0.980264 -3.38022e-005
1.97 -0.934693 -3.22308e-005
1.98 -0.897492 -3.0948e-005
1.99 -0.868247 -2.99396e-005
2 -0.842781 -2.90614e-005
2.01 -0.815539 -2.8122e-005
2.02 -0.781958 -2.69641e-005
2.03 -0.739408 -2.54968e-005
2.04 -0.687872 -2.37197e-005
2.05 -0.632123 -2.17974e-005
2.06 -0.580499 -2.00172e-005
2.07 -0.538633 -1.85736e-005
2.08 -0.506433 -1.74632e-005
2.09 -0.48144 -1.66014e-005
2.1 -0.463075 -1.59681e-005
2.11 -0.45257 -1.56059e-005
2.12 -0.449322 -1.54938e-005
2.13 -0.450013 -1.55177e-005
2.14 -0.45128 -1.55614e-005
2.15 -0.452147 -1.55913e-005
2.16 -0.455132 -1.56942e-005
2.17 -0.464522 -1.6018e-005
2.18 -0.482513 -1.66384e-005
2.19 -0.508803 -1.75449e-005
2.2 -0.543779 -1.8751e-005
2.21 -0.588446 -2.02912e-005
2.22 -0.64146 -2.21193e-005
2.23 -0.698983 -2.41028e-005
2.24 -0.757618 -2.61248e-005
2.25 -0.816177 -2.8144e-005
2.26 -0.874284 -3.01477e-005
2.27 -0.931953 -3.21363e-005
2.28 -0.99074 -3.41634e-005
2.29 -1.05224 -3.62842e-005
2.3 -1.11591 -3.84796e-005
2.31 -1.17993 -4.06872e-005
2.32 -1.2424 -4.28415e-005
2.33 -1.301 -4.4862e-005
2.34 -1.35323 -4.6663e-005
2.35 -1.39724 -4.81807e-005
2.36 -1.43216 -4.93847e-005
2.37 -1.45733 -5.02529e-005
2.38 -1.4724 -5.07723e-005
2.39 -1.4792 -5.1007e-005
2.4 -1.48017 -5.10405e-005
2.41 -1.47466 -5.08503e-005
2.42 -1.46046 -5.03607e-005
2.43 -1.43653 -4.95357e-005
2.44 -1.40224 -4.83532e-005
2.45 -1.35718 -4.67995e-005
2.46 -1.30279 -4.49239e-005
2.47 -1.24199 -4.28273e-005
2.48 -1.17713 -4.05908e-005
2.49 -1.10909 -3.82444e-005
2.5 -1.0373 -3.57691e-005
2.51 -0.961059 -3.314e-005
2.52 -0.881137 -3.0384e-005
2.53 -0.799366 -2.75643e-005
2.54 -0.717945 -2.47567e-005
2.55 -0.639445 -2.20498e-005
2.56 -0.56606 -1.95193e-005
2.57 -0.499179 -1.72131e-005
2.58 -0.439462 -1.51539e-005
2.59 -0.386342 -1.33221e-005
2.6 -0.338292 -1.16652e-005
2.61 -0.295004 -1.01726e-005
2.62 -0.258816 -8.92469e-006
2.63 -0.233054 -8.03635e-006
2.64 -0.217998 -7.51717e-006
2.65 -0.208934 -7.20462e-006
2.66 -0.200814 -6.92463e-006
2.67 -0.194335 -6.70122e-006
2.68 -0.195718 -6.7489e-006
2.69 -0.210887 -7.27198e-006
2.7 -0.239982 -8.27525e-006
2.71 -0.277839 -9.58067e-006
2.72 -0.319485 -1.10167e-005
2.73 -0.364762 -1.2578e-005
2.74 -0.417489 -1.43962e-005
2.75 -0.480428 -1.65665e-005
2.76 -0.552589 -1.90548e-005
2.77 -0.630922 -2.17559e-005
2.78 -0.713451 -2.46018e-005
2.79 -0.801165 -2.76264e-005
2.8 -0.896108 -3.09003e-005
2.81 -0.996331 -3.43562e-005
2.82 -1.09494 -3.77566e-005
2.83 -1.18514 -4.0867e-005
2.84 -1.26436 -4.35986e-005
2.85 -1.3342 -4.60071e-005
2.86 -1.39758 -4.81926e-005
2.87 -1.45678 -5.02338e-005
2.88 -1.51362 -5.21938e-005
2.89 -1.56829 -5.4079e-005
2.9 -1.61789 -5.57895e-005
2.91 -1.65863 -5.7194e-005
2.92 -1.68874 -5.82325e-005
2.93 -1.70776 -5.88881e-005
2.94 -1.71458 -5.91234e-005
2.95 -1.70827 -5.8906e-005
2.96 -1.68908 -5.82441e-005
2.97 -1.65684 -5.71326e-005
2.98 -1.60993 -5.55148e-005
2.99 -1.54757 -5.33644e-005
3 -1.4727 -5.07828e-005
3.01 -1.39088 -4.79614e-005
3.02 -1.30633 -4.5046e-005
3.03 -1.21963 -4.20564e-005
3.04 -1.12809 -3.88998e-005
3.05 -1.0284 -3.5462e-005
3.06 -0.91971 -3.17141e-005
3.07 -0.804321 -2.77352e-005
3.08 -0.686551 -2.36742e-005
3.09 -0.570404 -1.96691e-005
3.1 -0.457917 -1.57902e-005
3.11 -0.351911 -1.21349e-005
3.12 -0.258644 -8.91877e-006
3.13 -0.184729 -6.36998e-006
3.14 -0.131281 -4.52693e-006
3.15 -0.0924352 -3.18742e-006
3.16 -0.0595983 -2.05511e-006
3.17 -0.0262675 -9.05775e-007
3.18 0.00920867 3.1754e-007
3.19 0.0420009 1.44831e-006
3.2 0.0635542 2.19152e-006
3.21 0.0686353 2.36673e-006
3.22 0.058587 2.02024e-006
3.23 0.0376101 1.2969e-006
3.24 0.00816543 2.81566e-007
3.25 -0.0294834 -1.01667e-006
3.26 -0.0772823 -2.66491e-006
3.27 -0.14 -4.82759e-006
3.28 -0.2221 -7.65862e-006
3.29 -0.322337 -1.11151e-005
3.3 -0.432868 -1.49265e-005
3.31 -0.544147 -1.87637e-005
3.32 -0.650509 -2.24314e-005
3.33 -0.750828 -2.58906e-005
3.34 -0.844764 -2.91298e-005
3.35 -0.932301 -3.21483e-005
3.36 -1.01746 -3.50848e-005
3.37 -1.10795 -3.8205e-005
3.38 -1.20994 -4.17219e-005
3.39 -1.32355 -4.56396e-005
3.4 -1.44096 -4.96883e-005
3.41 -1.54842 -5.33936e-005
3.42 -1.63314 -5.63153e-005
3.43 -1.69048 -5.82925e-005
3.44 -1.72447 -5.94646e-005
3.45 -1.74273 -6.00942e-005
3.46 -1.75185 -6.04088e-005
3.47 -1.75578 -6.05441e-005
3.48 -1.75581 -6.05451e-005
3.49 -1.75101 -6.03798e-005
3.5 -1.73769 -5.99202e-005
3.51 -1.70995 -5.89637e-005
3.52 -1.66489 -5.741e-005
3.53 -1.60577 -5.53713e-005
3.54 -1.53769 -5.30237e-005
3.55 -1.46222 -5.04215e-005
3.56 -1.37658 -4.74681e-005
3.57 -1.27734 -4.40461e-005
3.58 -1.16491 -4.01691e-005
3.59 -1.04409 -3.60033e-005
3.6 -0.922636 -3.1815e-005
3.61 -0.8086 -2.78828e-005
3.62 -0.706064 -2.4347e-005
3.63 -0.612824 -2.11319e-005
3.64 -0.523322 -1.80456e-005
3.65 -0.433467 -1.49472e-005
3.66 -0.342674 -1.18164e-005
3.67 -0.25193 -8.68723e-006
3.68 -0.162505 -5.60363e-006
3.69 -0.0781404 -2.6945e-006
3.7 -0.00571492 -1.97066e-007
3.71 0.0480485 1.65684e-006
3.72 0.0784512 2.70521e-006
3.73 0.0838764 2.89229e-006
3.74 0.0678653 2.34018e-006
3.75 0.0372301 1.28379e-006
3.76 -0.00291488 -1.00513e-007
3.77 -0.0506552 -1.74673e-006
3.78 -0.105805 -3.64846e-006
3.79 -0.168944 -5.82565e-006
3.8 -0.241438 -8.32544e-006
3.81 -0.324311 -1.11831e-005
3.82 -0.415611 -1.43314e-005
3.83 -0.510969 -1.76196e-005
3.84 -0.608702 -2.09897e-005
3.85 -0.711921 -2.4549e-005
3.86 -0.823201 -2.83862e-005
3.87 -0.93937 -3.23921e-005
3.88 -1.05343 -3.63253e-005
3.89 -1.15965 -3.9988e-005
3.9 -1.25523 -4.32838e-005
3.91 -1.33792 -4.61352e-005
3.92 -1.40386 -4.84091e-005
3.93 -1.45097 -5.00335e-005
3.94 -1.48314 -5.11426e-005
3.95 -1.50675 -5.19569e-005
3.96 -1.52534 -5.25979e-005
3.97 -1.53995 -5.31017e-005
3.98 -1.55113 -5.34872e-005
3.99 -1.55822 -5.37316e-005
4 -1.55676 -5.36814e-005
4.01 -1.53829 -5.30444e-005
4.02 -1.49726 -5.16297e-005
4.03 -1.43703 -4.95529e-005
4.04 -1.36548 -4.70854e-005
4.05 -1.28952 -4.44662e-005
4.06 -1.21598 -4.19302e-005
4.07 -1.15027 -3.96646e-005
4.08 -1.09099 -3.76203e-005
4.09 -1.02979 -3.55101e-005
4.1 -0.958129 -3.30389e-005
4.11 -0.872037 -3.00702e-005
4.12 -0.773478 -2.66717e-005
4.13 -0.670456 -2.31192e-005
4.14 -0.572503 -1.97415e-005
4.15 -0.485126 -1.67285e-005
4.16 -0.410059 -1.414e-005
4.17 -0.347624 -1.1987e-005
4.18 -0.297655 -1.02639e-005
4.19 -0.259435 -8.94605e-006
4.2 -0.23062 -7.95241e-006
4.21 -0.208589 -7.19271e-006
4.22 -0.193632 -6.67696e-006
4.23 -0.187375 -6.46121e-006
4.24 -0.189593 -6.53767e-006
4.25 -0.200849 -6.92584e-006
4.26 -0.223949 -7.72238e-006
4.27 -0.260558 -8.98475e-006
4.28 -0.310574 -1.07095e-005
4.29 -0.372942 -1.28601e-005
4.3 -0.443709 -1.53003e-005
4.31 -0.517055 -1.78295e-005
4.32 -0.59032 -2.03559e-005
4.33 -0.664932 -2.29287e-005
4.34 -0.742329 -2.55976e-005
4.35 -0.821766 -2.83367e-005
4.36 -0.901978 -3.11027e-005
4.37 -0.982361 -3.38745e-005
4.38 -1.06161 -3.66074e-005
4.39 -1.13528 -3.91476e-005
4.4 -1.19667 -4.12643e-005
4.41 -1.24279 -4.28547e-005
4.42 -1.27756 -4.40537e-005
4.43 -1.30893 -4.51355e-005
4.44 -1.34475 -4.63706e-005
4.45 -1.38786 -4.78571e-005
4.46 -1.43266 -4.94021e-005
4.47 -1.46899 -5.06548e-005
4.48 -1.48921 -5.13519e-005
4.49 -1.48962 -5.13661e-005
4.5 -1.46869 -5.06444e-005
4.51 -1.42915 -4.92809e-005
4.52 -1.37953 -4.75701e-005
4.53 -1.32797 -4.5792e-005
4.54 -1.27628 -4.40097e-005
4.55 -1.22295 -4.21707e-005
4.56 -1.1668 -4.02346e-005
4.57 -1.1068 -3.81654e-005
4.58 -1.04281 -3.59589e-005
4.59 -0.977724 -3.37146e-005
4.6 -0.916614 -3.16074e-005
4.61 -0.861422 -2.97042e-005
4.62 -0.807127 -2.7832e-005
4.63 -0.747286 -2.57685e-005
4.64 -0.683551 -2.35707e-005
4.65 -0.626027 -2.15872e-005
4.66 -0.584722 -2.01628e-005
4.67 -0.562876 -1.94095e-005
4.68 -0.55704 -1.92083e-005
4.69 -0.561662 -1.93676e-005
4.7 -0.573919 -1.97903e-005
4.71 -0.594347 -2.04947e-005
4.72 -0.622769 -2.14748e-005
4.73 -0.656645 -2.26429e-005
4.74 -0.694292 -2.39411e-005
4.75 -0.736301 -2.53897e-005
4.76 -0.784783 -2.70615e-005
4.77 -0.843384 -2.90822e-005
4.78 -0.91421 -3.15245e-005
4.79 -0.993229 -3.42493e-005
4.8 -1.07245 -3.6981e-005
4.81 -1.14603 -3.95182e-005
4.82 -1.21214 -4.17979e-005
4.83 -1.27185 -4.38567e-005
4.84 -1.32848 -4.58096e-005
4.85 -1.38513 -4.77629e-005
4.86 -1.43867 -4.96092e-005
4.87 -1.48026 -5.10436e-005
4.88 -1.50564 -5.19185e-005
4.89 -1.51889 -5.23756e-005
4.9 -1.52544 -5.26015e-005
4.91 -1.52709 -5.26583e-005
4.92 -1.52518 -5.25923e-005
4.93 -1.52365 -5.25398e-005
4.94 -1.52423 -5.25597e-005
4.95 -1.52108 -5.24509e-005
4.96 -1.50506 -5.18985e-005
4.97 -1.47139 -5.07375e-005
4.98 -1.4201 -4.89688e-005
4.99 -1.35301 -4.66555e-005
5 -1.27646 -4.40159e-005
5.01 -1.20276 -4.14745e-005
5.02 -1.14095 -3.93429e-005
5.03 -1.08924 -3.75601e-005
5.04 -1.04059 -3.58825e-005
5.05 -0.989563 -3.41229e-005
5.06 -0.931563 -3.21229e-005
5.07 -0.864596 -2.98136e-005
5.08 -0.794508 -2.73968e-005
5.09 -0.731964 -2.52401e-005
5.1 -0.684504 -2.36036e-005
5.11 -0.65542 -2.26007e-005
5.12 -0.647261 -2.23194e-005
5.13 -0.659512 -2.27418e-005
5.14 -0.683003 -2.35518e-005
5.15 -0.70404 -2.42772e-005
5.16 -0.716441 -2.47049e-005
5.17 -0.724392 -2.4979e-005
5.18 -0.735776 -2.53716e-005
5.19 -0.759351 -2.61845e-005
5.2 -0.805284 -2.77684e-005
5.21 -0.879074 -3.03129e-005
5.22 -0.972059 -3.35193e-005
5.23 -1.06464 -3.67116e-005
5.24 -1.13925 -3.92845e-005
5.25 -1.18677 -4.09232e-005
5.26 -1.20708 -4.16234e-005
5.27 -1.20823 -4.16631e-005
5.28 -1.20089 -4.14101e-005
5.29 -1.19238 -4.11165e-005
5.3 -1.18845 -4.09811e-005
5.31 -1.19513 -4.12114e-005
5.32 -1.21261 -4.18142e-005
5.33 -1.23204 -4.24841e-005
5.34 -1.24095 -4.27914e-005
5.35 -1.23064 -4.24359e-005
5.36 -1.1986 -4.13309e-005
5.37 -1.14506 -3.94849e-005
5.38 -1.07076 -3.69227e-005
5.39 -0.980106 -3.37968e-005
5.4 -0.883604 -3.04691e-005
5.41 -0.794313 -2.73901e-005
5.42 -0.722666 -2.49195e-005
5.43 -0.672059 -2.31744e-005
5.44 -0.636677 -2.19544e-005
5.45 -0.605909 -2.08934e-005
5.46 -0.572097 -1.97275e-005
5.47 -0.533567 -1.83989e-005
5.48 -0.492677 -1.69889e-005
5.49 -0.453625 -1.56423e-005
5.5 -0.418871 -1.44438e-005
5.51 -0.387895 -1.33757e-005
5.52 -0.363546 -1.25361e-005
5.53 -0.354183 -1.22132e-005
5.54 -0.365566 -1.26057e-005
5.55 -0.398163 -1.37298e-005
5.56 -0.451088 -1.55548e-005
5.57 -0.520543 -1.79498e-005
5.58 -0.596415 -2.0566e-005
5.59 -0.66535 -2.29431e-005
5.6 -0.717117 -2.47282e-005
5.61 -0.748284 -2.58029e-005
5.62 -0.763393 -2.63239e-005
5.63 -0.774555 -2.67088e-005
5.64 -0.796437 -2.74633e-005
5.65 -0.837638 -2.88841e-005
5.66 -0.895704 -3.08864e-005
5.67 -0.959079 -3.30717e-005
5.68 -1.01586 -3.50295e-005
5.69 -1.06241 -3.66348e-005
5.7 -1.10352 -3.80524e-005
5.71 -1.14495 -3.94809e-005
5.72 -1.18787 -4.0961e-005
5.73 -1.23073 -4.24388e-005
5.74 -1.27475 -4.3957e-005
5.75 -1.3262 -4.57312e-005
5.76 -1.39201 -4.80004e-005
5.77 -1.47406 -5.08297e-005
5.78 -1.5678 -5.40622e-005
5.79 -1.66313 -5.73493e-005
5.8 -1.74562 -6.01938e-005
5.81 -1.80358 -6.21925e-005
5.82 -1.84154 -6.35013e-005
5.83 -1.88263 -6.49183e-005
5.84 -1.94764 -6.716e-005
5.85 -2.03233 -7.00802e-005
5.86 -2.1108 -7.27863e-005
5.87 -2.15717 -7.43851e-005
5.88 -2.15944 -7.44636e-005
5.89 -2.12069 -7.31272e-005
5.9 -2.0534 -7.0807e-005
5.91 -1.96989 -6.79274e-005
5.92 -1.87857 -6.47782e-005
5.93 -1.78479 -6.15444e-005
5.94 -1.68721 -5.81798e-005
5.95 -1.57563 -5.43322e-005
5.96 -1.43653 -4.95356e-005
5.97 -1.26185 -4.35119e-005
5.98 -1.05341 -3.63244e-005
5.99 -0.818137 -2.82116e-005
6 -0.558956 -1.92743e-005
6.01 -0.271821 -9.37315e-006
6.02 0.0471134 1.6246e-006
6.03 0.398743 1.37498e-005
6.04 0.779486 2.68788e-005
6.05 1.17554 4.05358e-005
6.06 1.5621 5.38656e-005
6.07 1.91189 6.59273e-005
6.08 2.20259 7.59513e-005
6.09 2.4243 8.35966e-005
6.1 2.58085 8.8995e-005
6.11 2.68122 9.2456e-005
6.12 2.73151 9.41899e-005
6.13 2.73334 9.42533e-005
6.14 2.68009 9.24169e-005
6.15 2.55537 8.81162e-005
6.16 2.34278 8.07855e-005
6.17 2.03457 7.01575e-005
6.18 1.63399 5.63443e-005
6.19 1.1584 3.99447e-005
6.2 0.640079 2.20717e-005
6.21 0.111506 3.84505e-006
6.22 -0.414805 -1.43036e-005
6.23 -0.949339 -3.27358e-005
6.24 -1.50613 -5.19354e-005
6.25 -2.08023 -7.17321e-005
6.26 -2.63992 -9.10318e-005
6.27 -3.13692 -0.00010817
6.28 -3.53213 -0.000121797
6.29 -3.82048 -0.000131741
6.3 -4.03251 -0.000139052
6.31 -4.20615 -0.00014504
6.32 -4.35354 -0.000150122
6.33 -4.45818 -0.000153731
6.34 -4.49092 -0.000154859
6.35 -4.42757 -0.000152675
6.36 -4.26582 -0.000147097
6.37 -4.03555 -0.000139157
6.38 -3.7911 -0.000130728
6.39 -3.57232 -0.000123183
6.4 -3.37343 -0.000116325
6.41 -3.16225 -0.000109043
6.42 -2.91432 -0.000100494
6.43 -2.61721 -9.02487e-005
6.44 -2.26628 -7.81477e-005
6.45 -1.87235 -6.45638e-005
6.46 -1.46208 -5.04164e-005
6.47 -1.06006 -3.65537e-005
6.48 -0.673024 -2.32077e-005
6.49 -0.294274 -1.01474e-005
6.5 0.0841403 2.90139e-006
6.51 0.457941 1.57911e-005
6.52 0.824315 2.84247e-005
6.53 1.18917 4.10057e-005
6.54 1.56436 5.39434e-005
6.55 1.94828 6.71821e-005
6.56 2.3156 7.98483e-005
6.57 2.63001 9.06899e-005
6.58 2.85906 9.85884e-005
6.59 2.98812 0.000103039
6.6 3.02578 0.000104337
6.61 2.99379 0.000103234
6.62 2.90954 0.000100329
6.63 2.77782 9.5787e-005
6.64 2.5928 8.94067e-005
6.65 2.34551 8.08796e-005
6.66 2.03354 7.01222e-005
6.67 1.66358 5.73648e-005
6.68 1.24429 4.29065e-005
6.69 0.780083 2.68994e-005
6.7 0.276034 9.51842e-006
6.71 -0.251257 -8.66403e-006
6.72 -0.773594 -2.66757e-005
6.73 -1.26826 -4.37332e-005
6.74 -1.73716 -5.99022e-005
6.75 -2.2043 -7.60104e-005
6.76 -2.69717 -9.30058e-005
6.77 -3.2333 -0.000111493
6.78 -3.81381 -0.000131511
6.79 -4.42109 -0.000152452
6.8 -5.02465 -0.000173264
6.81 -5.58849 -0.000192707
6.82 -6.08347 -0.000209775
6.83 -6.49826 -0.000224078
6.84 -6.81533 -0.000235011
6.85 -7.0163 -0.000241941
6.86 -7.10205 -0.000244898
6.87 -7.09029 -0.000244493
6.88 -6.99584 -0.000241236
6.89 -6.81545 -0.000235015
6.9 -6.53593 -0.000225377
6.91 -6.15223 -0.000212146
6.92 -5.67868 -0.000195817
6.93 -5.13544 -0.000177084
6.94 -4.52745 -0.000156119
6.95 -3.84399 -0.000132551
6.96 -3.07949 -0.000106189
6.97 -2.25085 -7.76156e-005
6.98 -1.39263 -4.80219e-005
6.99 -0.542907 -1.87209e-005
7 0.254907 8.7899e-006
7.01 0.965951 3.33086e-005
7.02 1.56159 5.38479e-005
7.03 2.03231 7.00796e-005
7.04 2.40498 8.29304e-005
7.05 2.74484 9.46496e-005
7.06 3.1124 0.000107324
7.07 3.52642 0.000121601
7.08 3.96162 0.000136608
7.09 4.37545 0.000150878
7.1 4.73868 0.000163403
7.11 5.02835 0.000173391
7.12 5.2201 0.000180004
7.13 5.30311 0.000182866
7.14 5.29278 0.00018251
7.15 5.21356 0.000179778
7.16 5.0836 0.000175297
7.17 4.91071 0.000169335
7.18 4.69363 0.000161849
7.19 4.42085 0.000152443
7.2 4.0735 0.000140466
7.21 3.63225 0.00012525
7.22 3.07757 0.000106123
7.23 2.3951 8.25897e-005
7.24 1.58897 5.47919e-005
7.25 0.687339 2.37013e-005
7.26 -0.266804 -9.20013e-006
7.27 -1.23256 -4.25019e-005
7.28 -2.1812 -7.52138e-005
7.29 -3.09752 -0.000106811
7.3 -3.98186 -0.000137306
7.31 -4.8421 -0.000166969
7.32 -5.67857 -0.000195813
7.33 -6.48495 -0.000223619
7.34 -7.22838 -0.000249255
7.35 -7.82733 -0.000269908
7.36 -8.2552 -0.000284662
7.37 -8.50603 -0.000293311
7.38 -8.62099 -0.000297275
7.39 -8.61854 -0.000297191
7.4 -8.49999 -0.000293103
7.41 -8.26736 -0.000285081
7.42 -7.93766 -0.000273712
7.43 -7.52694 -0.00025955
7.44 -7.03063 -0.000242436
7.45 -6.42394 -0.000221515
7.46 -5.68776 -0.00019613
7.47 -4.83439 -0.000166703
7.48 -3.91269 -0.000134921
7.49 -2.98179 -0.00010282
7.5 -2.09818 -7.23509e-005
7.51 -1.29436 -4.4633e-005
7.52 -0.584317 -2.01489e-005
7.53 0.027859 9.60657e-007
7.54 0.548953 1.89294e-005
7.55 1.00653 3.47078e-005
7.56 1.43219 4.9386e-005
7.57 1.85517 6.39714e-005
7.58 2.28002 7.86215e-005
7.59 2.65919 9.16963e-005
7.6 2.93445 0.000101188
7.61 3.07547 0.000106051
7.62 3.09907 0.000106864
7.63 3.05364 0.000105298
7.64 2.98575 0.000102957
7.65 2.91956 0.000100674
7.66 2.8523 9.8355e-005
7.67 2.76357 9.52956e-005
7.68 2.64031 9.10453e-005
7.69 2.49289 8.59616e-005
7.7 2.33449 8.04998e-005
7.71 2.15178 7.41994e-005
7.72 1.9247 6.63691e-005
7.73 1.64833 5.68389e-005
7.74 1.33203 4.59321e-005
7.75 1.00156 3.45366e-005
7.76 0.67162 2.31593e-005
7.77 0.331944 1.14464e-005
7.78 -0.0154565 -5.32983e-007
7.79 -0.371753 -1.28191e-005
7.8 -0.727526 -2.50871e-005
7.81 -1.08362 -3.73664e-005
7.82 -1.455 -5.01725e-005
7.83 -1.87067 -6.45059e-005
7.84 -2.36524 -8.15601e-005
7.85 -2.94502 -0.000101552
7.86 -3.57952 -0.000123432
7.87 -4.22349 -0.000145638
7.88 -4.83041 -0.000166566
7.89 -5.35701 -0.000184724
7.9 -5.76597 -0.000198827
7.91 -6.033 -0.000208034
7.92 -6.15813 -0.000212349
7.93 -6.17065 -0.000212781
7.94 -6.11976 -0.000211026
7.95 -6.04601 -0.000208483
7.96 -5.95837 -0.000205461
7.97 -5.83359 -0.000201158
7.98 -5.63581 -0.000194338
7.99 -5.34167 -0.000184195
8 -4.9398 -0.000170338
8.01 -4.42771 -0.00015268
8.02 -3.80417 -0.000131178
8.03 -3.06689 -0.000105755
8.04 -2.23496 -7.70676e-005
8.05 -1.36324 -4.70081e-005
8.06 -0.517262 -1.78366e-005
8.07 0.264571 9.12315e-006
8.08 0.977452 3.37052e-005
8.09 1.61962 5.58488e-005
8.1 2.21153 7.62596e-005
8.11 2.73348 9.42578e-005
8.12 3.18363 0.00010978
8.13 3.56152 0.000122811
8.14 3.85916 0.000133074
8.15 4.07118 0.000140386
8.16 4.20442 0.00014498
8.17 4.26368 0.000147024
8.18 4.2428 0.000146303
8.19 4.12605 0.000142278
8.2 3.90446 0.000134637
8.21 3.58488 0.000123617
8.22 3.20297 0.000110447
8.23 2.81629 9.71136e-005
8.24 2.45699 8.47238e-005
8.25 2.13848 7.37407e-005
8.26 1.87811 6.47623e-005
8.27 1.68206 5.8002e-005
8.28 1.54643 5.3325e-005
8.29 1.45868 5.02992e-005
8.3 1.40685 4.8512e-005
8.31 1.39113 4.79699e-005
8.32 1.40431 4.84246e-005
8.33 1.44407 4.97956e-005
8.34 1.48291 5.11347e-005
8.35 1.50541 5.19108e-005
8.36 1.50126 5.17676e-005
8.37 1.48669 5.12653e-005
8.38 1.47976 5.10263e-005
8.39 1.48818 5.13167e-005
8.4 1.51424 5.22153e-005
8.41 1.56078 5.382e-005
8.42 1.62918 5.61787e-005
8.43 1.71776 5.92332e-005
8.44 1.81605 6.26223e-005
8.45 1.91875 6.61639e-005
8.46 2.02207 6.97267e-005
8.47 2.11532 7.2942e-005
8.48 2.19246 7.56021e-005
8.49 2.25341 7.77037e-005
8.5 2.32506 8.01745e-005
8.51 2.43291 8.38936e-005
8.52 2.53735 8.74947e-005
8.53 2.60094 8.96876e-005
8.54 2.60989 8.99964e-005
8.55 2.56303 8.83804e-005
8.56 2.47704 8.54152e-005
8.57 2.37236 8.18057e-005
8.58 2.26092 7.79628e-005
8.59 2.13675 7.36809e-005
8.6 1.98887 6.85818e-005
8.61 1.8225 6.28447e-005
8.62 1.65574 5.70946e-005
8.63 1.4992 5.16964e-005
8.64 1.36235 4.69778e-005
8.65 1.25977 4.34402e-005
8.66 1.20233 4.14598e-005
8.67 1.18726 4.09399e-005
8.68 1.20005 4.1381e-005
8.69 1.22327 4.21818e-005
8.7 1.24699 4.29995e-005
8.71 1.26824 4.37325e-005
8.72 1.27657 4.40198e-005
8.73 1.2458 4.29587e-005
8.74 1.15168 3.97131e-005
8.75 0.991874 3.42026e-005
8.76 0.787185 2.71443e-005
8.77 0.564574 1.94681e-005
8.78 0.363011 1.25176e-005
8.79 0.174407 6.01403e-006
8.8 -0.0946725 -3.26457e-006
8.81 -0.486468 -1.67748e-005
8.82 -1.00038 -3.44957e-005
8.83 -1.61382 -5.56491e-005
8.84 -2.27266 -7.83675e-005
8.85 -2.906 -0.000100207
8.86 -3.45495 -0.000119136
8.87 -3.89335 -0.000134254
8.88 -4.23983 -0.000146201
8.89 -4.53258 -0.000156296
8.9 -4.82299 -0.00016631
8.91 -5.13081 -0.000176924
8.92 -5.44248 -0.000187672
8.93 -5.73112 -0.000197625
8.94 -5.97035 -0.000205874
8.95 -6.1368 -0.000211614
8.96 -6.20653 -0.000214018
8.97 -6.17106 -0.000212795
8.98 -6.03854 -0.000208226
8.99 -5.82647 -0.000200913
9 -5.55574 -0.000191577
9.01 -5.24853 -0.000180984
9.02 -4.92584 -0.000169856
9.03 -4.60728 -0.000158872
9.04 -4.30095 -0.000148309
9.05 -3.99537 -0.000137772
9.06 -3.67035 -0.000126564
9.07 -3.29364 -0.000113574
9.08 -2.8272 -9.74898e-005
9.09 -2.24647 -7.74644e-005
9.1 -1.57717 -5.43853e-005
9.11 -0.846099 -2.91758e-005
9.12 -0.075601 -2.60693e-006
9.13 0.707555 2.43985e-005
9.14 1.47167 5.07471e-005
9.15 2.17795 7.51017e-005
9.16 2.79091 9.62382e-005
9.17 3.29026 0.000113457
9.18 3.68787 0.000127168
9.19 4.02031 0.000138632
9.2 4.33439 0.000149462
9.21 4.66072 0.000160715
9.22 4.99092 0.000172101
9.23 5.2931 0.000182521
9.24 5.51906 0.000190312
9.25 5.63685 0.000194374
9.26 5.63362 0.000194263
9.27 5.50022 0.000189663
9.28 5.21426 0.000179802
9.29 4.75706 0.000164037
9.3 4.13615 0.000142626
9.31 3.39223 0.000116973
9.32 2.57763 8.8884e-005
9.33 1.73046 5.96711e-005
9.34 0.871567 3.0054e-005
9.35 0.0199855 6.89156e-007
9.36 -0.751284 -2.59063e-005
9.37 -1.5047 -5.18861e-005
9.38 -2.29533 -7.91494e-005
9.39 -3.13429 -0.000108079
9.4 -4.02224 -0.000138698
9.41 -4.95802 -0.000170966
9.42 -5.93494 -0.000204653
9.43 -6.93175 -0.000239026
9.44 -7.91674 -0.000272991
9.45 -8.8417 -0.000304886
9.46 -9.64021 -0.000332421
9.47 -10.2925 -0.000354912
9.48 -10.8154 -0.000372946
9.49 -11.2219 -0.000386961
9.5 -11.5363 -0.000397804
9.51 -11.7618 -0.00040558
9.52 -11.8786 -0.000409606
9.53 -11.8664 -0.000409186
9.54 -11.7376 -0.000404743
9.55 -11.5116 -0.000396953
9.56 -11.1957 -0.000386058
9.57 -10.7884 -0.000372013
9.58 -10.2855 -0.000354673
9.59 -9.70008 -0.000334486
9.6 -9.05209 -0.000312141
9.61 -8.35369 -0.000288058
9.62 -7.60011 -0.000262073
9.63 -6.78297 -0.000233895
9.64 -5.90963 -0.00020378
9.65 -5.0187 -0.000173059
9.66 -4.14281 -0.000142856
9.67 -3.28888 -0.000113409
9.68 -2.46116 -8.48675e-005
9.69 -1.64751 -5.68107e-005
9.7 -0.840813 -2.89935e-005
9.71 -0.0316868 -1.09265e-006
9.72 0.777547 2.6812e-005
9.73 1.57167 5.41957e-005
9.74 2.34486 8.08574e-005
9.75 3.0563 0.00010539
9.76 3.66732 0.000126459
9.77 4.16383 0.00014358
9.78 4.55916 0.000157212
9.79 4.87123 0.000167974
9.8 5.11983 0.000176546
9.81 5.28511 0.000182245
9.82 5.33666 0.000184023
9.83 5.26834 0.000181667
9.84 5.0818 0.000175235
9.85 4.7892 0.000165145
9.86 4.40828 0.00015201
9.87 3.94922 0.00013618
9.88 3.41641 0.000117807
9.89 2.81414 9.70392e-005
9.9 2.14931 7.41141e-005
9.91 1.43063 4.93322e-005
9.92 0.705072 2.43128e-005
9.93 -0.00826921 -2.85145e-007
9.94 -0.763237 -2.63185e-005
9.95 -1.57331 -5.42521e-005
9.96 -2.42025 -8.34568e-005
9.97 -3.2861 -0.000113314
9.98 -4.15444 -0.000143257
9.99 -5.00008 -0.000172416
10 -5.76579 -0.00019882
