0.1 -0.00367068 -1.26575e-007
0.2 -0.00735828 -2.53734e-007
0.3 -0.0110628 -3.81477e-007
0.4 -0.0147844 -5.09806e-007
0.5 -0.0185229 -6.38721e-007
0.6 -0.0222785 -7.68224e-007
0.7 -0.0260512 -8.98317e-007
0.8 -0.029841 -1.029e-006
0.9 -0.0336479 -1.16027e-006
1 -0.037472 -1.29214e-006
0.01 -0.0366958 -1.26537e-006
0.02 -0.0344818 -1.18903e-006
0.03 -0.0318873 -1.09956e-006
0.04 -0.029924 -1.03186e-006
0.05 -0.0286829 -9.89064e-007
0.06 -0.0281832 -9.71835e-007
0.07 -0.0283857 -9.78818e-007
0.08 -0.0291788 -1.00616e-006
0.09 -0.0303939 -1.04807e-006
0.1 -0.0318507 -1.0983e-006
0.11 -0.033403 -1.15183e-006
0.12 -0.0349775 -1.20612e-006
0.13 -0.0365942 -1.26187e-006
0.14 -0.0383441 -1.32221e-006
0.15 -0.0403334 -1.39081e-006
0.16 -0.0426439 -1.47048e-006
0.17 -0.0453159 -1.56262e-006
0.18 -0.0483439 -1.66703e-006
0.19 -0.0516924 -1.7825e-006
0.2 -0.055288 -1.90648e-006
0.21 -0.059003 -2.03459e-006
0.22 -0.0626801 -2.16138e-006
0.23 -0.0661609 -2.28141e-006
0.24 -0.0693099 -2.39e-006
0.25 -0.072034 -2.48393e-006
0.26 -0.0743144 -2.56257e-006
0.27 -0.0762695 -2.62998e-006
0.28 -0.0781582 -2.69511e-006
0.29 -0.0802165 -2.76609e-006
0.3 -0.0825721 -2.84731e-006
0.31 -0.0852498 -2.93965e-006
0.32 -0.0881575 -3.03991e-006
0.33 -0.0910533 -3.13977e-006
0.34 -0.0936281 -3.22855e-006
0.35 -0.0956788 -3.29927e-006
0.36 -0.0971256 -3.34916e-006
0.37 -0.0979476 -3.37751e-006
0.38 -0.0981323 -3.38387e-006
0.39 -0.0976741 -3.36807e-006
0.4 -0.0966171 -3.33163e-006
0.41 -0.095093 -3.27907e-006
0.42 -0.0932641 -3.216e-006
0.43 -0.0912277 -3.14578e-006
0.44 -0.0889971 -3.06887e-006
0.45 -0.0865416 -2.98419e-006
0.46 -0.0838662 -2.89194e-006
0.47 -0.0810334 -2.79425e-006
0.48 -0.0780449 -2.6912e-006
0.49 -0.0748091 -2.57962e-006
0.5 -0.0713009 -2.45865e-006
0.51 -0.0676064 -2.33125e-006
0.52 -0.0637703 -2.19898e-006
0.53 -0.0598069 -2.06231e-006
0.54 -0.0559082 -1.92787e-006
0.55 -0.0524623 -1.80905e-006
0.56 -0.0496822 -1.71318e-006
0.57 -0.0472611 -1.62969e-006
0.58 -0.0446467 -1.53954e-006
0.59 -0.0416368 -1.43575e-006
0.6 -0.0385367 -1.32885e-006
0.61 -0.0357545 -1.23292e-006
0.62 -0.033434 -1.1529e-006
0.63 -0.0316713 -1.09211e-006
0.64 -0.0306825 -1.05802e-006
0.65 -0.0303679 -1.04717e-006
0.66 -0.0303018 -1.04489e-006
0.67 -0.0303124 -1.04526e-006
0.68 -0.0305092 -1.05204e-006
0.69 -0.030918 -1.06614e-006
0.7 -0.031543 -1.08769e-006
0.71 -0.0325943 -1.12394e-006
0.72 -0.0343417 -1.18419e-006
0.73 -0.0368134 -1.26943e-006
0.74 -0.0396291 -1.36652e-006
0.75 -0.0421835 -1.4546e-006
0.76 -0.0441536 -1.52254e-006
0.77 -0.0457457 -1.57744e-006
0.78 -0.0474977 -1.63785e-006
0.79 -0.0498089 -1.71755e-006
0.8 -0.0526213 -1.81453e-006
0.81 -0.0557169 -1.92127e-006
0.82 -0.0590941 -2.03773e-006
0.83 -0.0628032 -2.16563e-006
0.84 -0.0666808 -2.29934e-006
0.85 -0.0705895 -2.43412e-006
0.86 -0.0745384 -2.57029e-006
0.87 -0.0780719 -2.69213e-006
0.88 -0.080342 -2.77041e-006
0.89 -0.0812629 -2.80217e-006
0.9 -0.0818283 -2.82167e-006
0.91 -0.082955 -2.86052e-006
0.92 -0.0841902 -2.90311e-006
0.93 -0.0840711 -2.89901e-006
0.94 -0.0818885 -2.82374e-006
0.95 -0.0785372 -2.70818e-006
0.96 -0.0755754 -2.60605e-006
0.97 -0.0735524 -2.53629e-006
0.98 -0.0715073 -2.46577e-006
0.99 -0.0684685 -2.36098e-006
1 -0.0646476 -2.22923e-006
1.01 -0.0607519 -2.09489e-006
1.02 -0.0571799 -1.97172e-006
1.03 -0.0540645 -1.86429e-006
1.04 -0.0512804 -1.76829e-006
1.05 -0.0483451 -1.66707e-006
1.06 -0.0447097 -1.54171e-006
1.07 -0.0403487 -1.39134e-006
1.08 -0.0361525 -1.24664e-006
1.09 -0.0330205 -1.13864e-006
1.1 -0.0304401 -1.04966e-006
1.11 -0.0271187 -9.35126e-007
1.12 -0.0229096 -7.89986e-007
1.13 -0.0191374 -6.59909e-007
1.14 -0.0171906 -5.92778e-007
1.15 -0.018035 -6.21896e-007
1.16 -0.0222219 -7.66274e-007
1.17 -0.0287144 -9.90152e-007
1.18 -0.0350309 -1.20796e-006
1.19 -0.0391203 -1.34898e-006
1.2 -0.0404734 -1.39563e-006
1.21 -0.0399354 -1.37708e-006
1.22 -0.0388429 -1.33941e-006
1.23 -0.038386 -1.32366e-006
1.24 -0.0394898 -1.36172e-006
1.25 -0.0429374 -1.4806e-006
1.26 -0.0491609 -1.6952e-006
1.27 -0.0576777 -1.98889e-006
1.28 -0.0671898 -2.31689e-006
1.29 -0.0759333 -2.61839e-006
1.3 -0.082152 -2.83283e-006
1.31 -0.0852469 -2.93955e-006
1.32 -0.0861171 -2.96955e-006
1.33 -0.0862961 -2.97573e-006
1.34 -0.0877498 -3.02585e-006
1.35 -0.0922988 -3.18272e-006
1.36 -0.0996447 -3.43602e-006
1.37 -0.107365 -3.70222e-006
1.38 -0.113175 -3.90258e-006
1.39 -0.116661 -4.02278e-006
1.4 -0.118982 -4.10282e-006
1.41 -0.120173 -4.14389e-006
1.42 -0.118479 -4.0855e-006
1.43 -0.113113 -3.90046e-006
1.44 -0.10521 -3.62794e-006
1.45 -0.0963202 -3.32138e-006
1.46 -0.0873323 -3.01146e-006
1.47 -0.0778681 -2.68511e-006
1.48 -0.0660329 -2.277e-006
1.49 -0.049285 -1.69948e-006
1.5 -0.0267533 -9.22528e-007
1.51 -0.00143187 -4.93747e-008
1.52 0.0210901 7.27243e-007
1.53 0.0375136 1.29357e-006
1.54 0.0491486 1.69478e-006
1.55 0.0588336 2.02875e-006
1.56 0.0682375 2.35302e-006
1.57 0.0780035 2.68978e-006
1.58 0.0880467 3.03609e-006
1.59 0.0976646 3.36774e-006
1.6 0.106615 3.67639e-006
1.61 0.115856 3.99502e-006
1.62 0.125641 4.33245e-006
1.63 0.13207 4.55414e-006
1.64 0.127499 4.39651e-006
1.65 0.107178 3.69581e-006
1.66 0.0745192 2.56963e-006
1.67 0.0387447 1.33603e-006
1.68 0.0083513 2.87976e-007
1.69 -0.013197 -4.55069e-007
1.7 -0.026703 -9.20793e-007
1.71 -0.0351186 -1.21099e-006
1.72 -0.0430306 -1.48381e-006
1.73 -0.0554294 -1.91136e-006
1.74 -0.0754965 -2.60333e-006
1.75 -0.103996 -3.58607e-006
1.76 -0.139659 -4.81583e-006
1.77 -0.178633 -6.15977e-006
1.78 -0.214167 -7.38509e-006
1.79 -0.239653 -8.26389e-006
1.8 -0.253196 -8.73089e-006
1.81 -0.258197 -8.90336e-006
1.82 -0.259917 -8.96266e-006
1.83 -0.2622 -9.04138e-006
1.84 -0.266444 -9.18773e-006
1.85 -0.271604 -9.36566e-006
1.86 -0.274838 -9.47717e-006
1.87 -0.274687 -9.47197e-006
1.88 -0.274301 -9.45867e-006
1.89 -0.278095 -9.58949e-006
1.9 -0.284366 -9.80572e-006
1.91 -0.285238 -9.8358e-006
1.92 -0.273907 -9.44508e-006
1.93 -0.248606 -8.57262e-006
1.94 -0.211441 -7.29107e-006
1.95 -0.166515 -5.74189e-006
1.96 -0.119666 -4.1264e-006
1.97 -0.0776612 -2.67797e-006
1.98 -0.0447347 -1.54258e-006
1.99 -0.0202222 -6.97318e-007
2 0.000370671 1.27817e-008
2.01 0.0229404 7.91047e-007
2.02 0.0523259 1.80434e-006
2.03 0.0912685 3.14719e-006
2.04 0.139729 4.81825e-006
2.05 0.192812 6.64869e-006
2.06 0.242048 8.3465e-006
2.07 0.281628 9.7113e-006
2.08 0.311432 1.0739e-005
2.09 0.333811 1.15107e-005
2.1 0.349462 1.20504e-005
2.11 0.357457 1.23261e-005
2.12 0.358723 1.23697e-005
2.13 0.356805 1.23036e-005
2.14 0.355187 1.22478e-005
2.15 0.354881 1.22373e-005
2.16 0.353352 1.21845e-005
2.17 0.346226 1.19388e-005
2.18 0.331107 1.14175e-005
2.19 0.308048 1.06224e-005
2.2 0.276504 9.53463e-006
2.21 0.235442 8.11869e-006
2.22 0.18622 6.42138e-006
2.23 0.132699 4.57584e-006
2.24 0.0783346 2.70119e-006
2.25 0.024408 8.41655e-007
2.26 -0.0286607 -9.88302e-007
2.27 -0.0809219 -2.79041e-006
2.28 -0.13399 -4.62034e-006
2.29 -0.189554 -6.53635e-006
2.3 -0.24723 -8.52517e-006
2.31 -0.305324 -1.05284e-005
2.32 -0.362066 -1.2485e-005
2.33 -0.415319 -1.43213e-005
2.34 -0.462751 -1.59569e-005
2.35 -0.502612 -1.73315e-005
2.36 -0.534127 -1.84182e-005
2.37 -0.556746 -1.91981e-005
2.38 -0.570189 -1.96617e-005
2.39 -0.576297 -1.98723e-005
2.4 -0.577419 -1.9911e-005
2.41 -0.572861 -1.97538e-005
2.42 -0.560372 -1.93232e-005
2.43 -0.538824 -1.85801e-005
2.44 -0.507523 -1.75008e-005
2.45 -0.466062 -1.60711e-005
2.46 -0.415859 -1.434e-005
2.47 -0.359815 -1.24074e-005
2.48 -0.300282 -1.03546e-005
2.49 -0.238135 -8.21157e-006
2.5 -0.172808 -5.9589e-006
2.51 -0.103533 -3.5701e-006
2.52 -0.0309621 -1.06766e-006
2.53 0.0432497 1.49137e-006
2.54 0.117093 4.03769e-006
2.55 0.188207 6.48991e-006
2.56 0.254603 8.7794e-006
2.57 0.315064 1.08643e-005
2.58 0.36907 1.27265e-005
2.59 0.417248 1.43879e-005
2.6 0.461115 1.59005e-005
2.61 0.500945 1.7274e-005
2.62 0.5344 1.84276e-005
2.63 0.55817 1.92473e-005
2.64 0.571935 1.97219e-005
2.65 0.580231 2.0008e-005
2.66 0.587906 2.02726e-005
2.67 0.594224 2.04905e-005
2.68 0.593091 2.04514e-005
2.69 0.578757 1.99571e-005
2.7 0.55118 1.90062e-005
2.71 0.515519 1.77765e-005
2.72 0.476756 1.64399e-005
2.73 0.435143 1.50049e-005
2.74 0.387016 1.33454e-005
2.75 0.329685 1.13684e-005
2.76 0.264059 9.10549e-006
2.77 0.193013 6.6556e-006
2.78 0.118329 4.0803e-006
2.79 0.0388869 1.34093e-006
2.8 -0.0474441 -1.636e-006
2.81 -0.138875 -4.78878e-006
2.82 -0.228791 -7.88935e-006
2.83 -0.310677 -1.0713e-005
2.84 -0.38216 -1.31779e-005
2.85 -0.444968 -1.53437e-005
2.86 -0.50209 -1.73135e-005
2.87 -0.555864 -1.91677e-005
2.88 -0.608057 -2.09675e-005
2.89 -0.658752 -2.27156e-005
2.9 -0.705036 -2.43116e-005
2.91 -0.743078 -2.56234e-005
2.92 -0.770999 -2.65862e-005
2.93 -0.78829 -2.71824e-005
2.94 -0.793901 -2.73759e-005
2.95 -0.787043 -2.71394e-005
2.96 -0.768122 -2.6487e-005
2.97 -0.73723 -2.54217e-005
2.98 -0.693017 -2.38971e-005
2.99 -0.634957 -2.18951e-005
3 -0.566034 -1.95184e-005
3.01 -0.491622 -1.69525e-005
3.02 -0.415645 -1.43326e-005
3.03 -0.338323 -1.16663e-005
3.04 -0.256616 -8.84884e-006
3.05 -0.166913 -5.7556e-006
3.06 -0.0681097 -2.34861e-006
3.07 0.0376876 1.29957e-006
3.08 0.146238 5.04271e-006
3.09 0.253551 8.74314e-006
3.1 0.357446 1.23257e-005
3.11 0.455059 1.56917e-005
3.12 0.540256 1.86295e-005
3.13 0.606752 2.09225e-005
3.14 0.653724 2.25422e-005
3.15 0.687272 2.3699e-005
3.16 0.716062 2.46918e-005
3.17 0.74652 2.57421e-005
3.18 0.78014 2.69014e-005
3.19 0.81198 2.79993e-005
3.2 0.833384 2.87374e-005
3.21 0.838895 2.89274e-005
3.22 0.829663 2.86091e-005
3.23 0.809751 2.79224e-005
3.24 0.781681 2.69545e-005
3.25 0.745911 2.57211e-005
3.26 0.700781 2.41648e-005
3.27 0.641892 2.21342e-005
3.28 0.565145 1.94878e-005
3.29 0.471965 1.62746e-005
3.3 0.370082 1.27614e-005
3.31 0.268728 9.26648e-006
3.32 0.173174 5.97152e-006
3.33 0.0841063 2.90022e-006
3.34 0.00129207 4.45543e-008
3.35 -0.0758582 -2.6158e-006
3.36 -0.151761 -5.23315e-006
3.37 -0.234186 -8.07536e-006
3.38 -0.32912 -1.1349e-005
3.39 -0.436326 -1.50457e-005
3.4 -0.547605 -1.88829e-005
3.41 -0.64898 -2.23786e-005
3.42 -0.727609 -2.509e-005
3.43 -0.77885 -2.68569e-005
3.44 -0.806897 -2.7824e-005
3.45 -0.819753 -2.82674e-005
3.46 -0.824493 -2.84308e-005
3.47 -0.825485 -2.8465e-005
3.48 -0.824393 -2.84274e-005
3.49 -0.820418 -2.82903e-005
3.5 -0.809784 -2.79236e-005
3.51 -0.786445 -2.71188e-005
3.52 -0.747162 -2.57642e-005
3.53 -0.694686 -2.39547e-005
3.54 -0.633621 -2.1849e-005
3.55 -0.565248 -1.94913e-005
3.56 -0.486731 -1.67838e-005
3.57 -0.394813 -1.36143e-005
3.58 -0.290095 -1.00033e-005
3.59 -0.177561 -6.12278e-006
3.6 -0.0649994 -2.24136e-006
3.61 0.0396058 1.36572e-006
3.62 0.132384 4.56498e-006
3.63 0.215766 7.44021e-006
3.64 0.295548 1.01913e-005
3.65 0.376101 1.2969e-005
3.66 0.458321 1.58042e-005
3.67 0.541322 1.86663e-005
3.68 0.623854 2.15122e-005
3.69 0.702145 2.42119e-005
3.7 0.769323 2.65284e-005
3.71 0.818742 2.82325e-005
3.72 0.845835 2.91667e-005
3.73 0.849177 2.9282e-005
3.74 0.832513 2.87073e-005
3.75 0.802772 2.76818e-005
3.76 0.765159 2.63848e-005
3.77 0.721607 2.4883e-005
3.78 0.672192 2.3179e-005
3.79 0.61608 2.12441e-005
3.8 0.551551 1.9019e-005
3.81 0.477226 1.64561e-005
3.82 0.394658 1.36089e-005
3.83 0.307856 1.06157e-005
3.84 0.218341 7.529e-006
3.85 0.123115 4.24535e-006
3.86 0.0198316 6.8385e-007
3.87 -0.0881821 -3.04076e-006
3.88 -0.193888 -6.6858e-006
3.89 -0.291545 -1.00533e-005
3.9 -0.378451 -1.305e-005
3.91 -0.452633 -1.5608e-005
3.92 -0.510712 -1.76108e-005
3.93 -0.551164 -1.90057e-005
3.94 -0.578284 -1.99408e-005
3.95 -0.598633 -2.06425e-005
3.96 -0.615792 -2.12342e-005
3.97 -0.630656 -2.17468e-005
3.98 -0.643353 -2.21846e-005
3.99 -0.652687 -2.25065e-005
4 -0.653756 -2.25433e-005
4.01 -0.637901 -2.19966e-005
4.02 -0.599603 -2.06759e-005
4.03 -0.542286 -1.86995e-005
4.04 -0.473998 -1.63447e-005
4.05 -0.401959 -1.38606e-005
4.06 -0.333192 -1.14894e-005
4.07 -0.273134 -9.41842e-006
4.08 -0.220275 -7.59569e-006
4.09 -0.166179 -5.73032e-006
4.1 -0.102116 -3.52124e-006
4.11 -0.0238828 -8.23545e-007
4.12 0.0667889 2.30307e-006
4.13 0.162136 5.59089e-006
4.14 0.252795 8.71706e-006
4.15 0.333297 1.1493e-005
4.16 0.401837 1.38565e-005
4.17 0.45814 1.57979e-005
4.18 0.502515 1.73281e-005
4.19 0.535881 1.84787e-005
4.2 0.560788 1.93375e-005
4.21 0.580042 2.00015e-005
4.22 0.593543 2.0467e-005
4.23 0.599797 2.06827e-005
4.24 0.598955 2.06536e-005
4.25 0.590267 2.0354e-005
4.26 0.570734 1.96805e-005
4.27 0.538439 1.85669e-005
4.28 0.493227 1.70078e-005
4.29 0.435975 1.50336e-005
4.3 0.370484 1.27753e-005
4.31 0.302444 1.04291e-005
4.32 0.234527 8.08713e-006
4.33 0.165449 5.70513e-006
4.34 0.0939213 3.23866e-006
4.35 0.0207686 7.1616e-007
4.36 -0.0527199 -1.81793e-006
4.37 -0.125947 -4.34301e-006
4.38 -0.197736 -6.81848e-006
4.39 -0.263945 -9.10156e-006
4.4 -0.318386 -1.09788e-005
4.41 -0.358585 -1.2365e-005
4.42 -0.388774 -1.3406e-005
4.43 -0.416999 -1.43793e-005
4.44 -0.450933 -1.55494e-005
4.45 -0.493096 -1.70033e-005
4.46 -0.537534 -1.85357e-005
4.47 -0.573758 -1.97847e-005
4.48 -0.593851 -2.04776e-005
4.49 -0.59398 -2.04821e-005
4.5 -0.572772 -1.97507e-005
4.51 -0.533296 -1.83895e-005
4.52 -0.484435 -1.67047e-005
4.53 -0.434656 -1.49881e-005
4.54 -0.386139 -1.33152e-005
4.55 -0.337543 -1.16394e-005
4.56 -0.287596 -9.91709e-006
4.57 -0.234928 -8.10097e-006
4.58 -0.178934 -6.17015e-006
4.59 -0.12188 -4.20275e-006
4.6 -0.0681688 -2.35065e-006
4.61 -0.0192468 -6.63683e-007
4.62 0.0300268 1.03541e-006
4.63 0.0859363 2.96332e-006
4.64 0.146657 5.05715e-006
4.65 0.201998 6.96544e-006
4.66 0.241838 8.33925e-006
4.67 0.26272 9.05933e-006
4.68 0.267877 9.23715e-006
4.69 0.262741 9.06004e-006
4.7 0.250218 8.62821e-006
4.71 0.23003 7.93206e-006
4.72 0.202612 6.98661e-006
4.73 0.170654 5.88461e-006
4.74 0.135917 4.68679e-006
4.75 0.0978359 3.37365e-006
4.76 0.0542526 1.87078e-006
4.77 0.00145434 5.01498e-008
4.78 -0.0627807 -2.16485e-006
4.79 -0.134692 -4.64456e-006
4.8 -0.206678 -7.12681e-006
4.81 -0.273238 -9.42201e-006
4.82 -0.332808 -1.14761e-005
4.83 -0.386653 -1.33329e-005
4.84 -0.438175 -1.51095e-005
4.85 -0.490421 -1.69111e-005
4.86 -0.540305 -1.86312e-005
4.87 -0.579138 -1.99703e-005
4.88 -0.602683 -2.07822e-005
4.89 -0.614907 -2.12037e-005
4.9 -0.621058 -2.14158e-005
4.91 -0.62289 -2.1479e-005
4.92 -0.621677 -2.14371e-005
4.93 -0.621162 -2.14194e-005
4.94 -0.622847 -2.14775e-005
4.95 -0.620914 -2.14108e-005
4.96 -0.606412 -2.09108e-005
4.97 -0.57476 -1.98193e-005
4.98 -0.526208 -1.81451e-005
4.99 -0.462855 -1.59605e-005
5 -0.391216 -1.34902e-005
5.01 -0.323465 -1.1154e-005
5.02 -0.268338 -9.25304e-006
5.03 -0.223796 -7.71711e-006
5.04 -0.182457 -6.29163e-006
5.05 -0.138477 -4.77508e-006
5.06 -0.086942 -2.998e-006
5.07 -0.025701 -8.86242e-007
5.08 0.039538 1.36338e-006
5.09 0.098211 3.38659e-006
5.1 0.142739 4.92204e-006
5.11 0.16975 5.85345e-006
5.12 0.176742 6.09455e-006
5.13 0.164343 5.667e-006
5.14 0.141677 4.88542e-006
5.15 0.122208 4.21406e-006
5.16 0.111925 3.85948e-006
5.17 0.106553 3.67423e-006
5.18 0.0980875 3.38233e-006
5.19 0.0776835 2.67874e-006
5.2 0.0353147 1.21775e-006
5.21 -0.0342186 -1.17995e-006
5.22 -0.122106 -4.21057e-006
5.23 -0.208825 -7.20087e-006
5.24 -0.276992 -9.55143e-006
5.25 -0.317765 -1.09574e-005
5.26 -0.331475 -1.14302e-005
5.27 -0.326728 -1.12665e-005
5.28 -0.314778 -1.08544e-005
5.29 -0.303479 -1.04648e-005
5.3 -0.298816 -1.0304e-005
5.31 -0.306581 -1.05718e-005
5.32 -0.326444 -1.12567e-005
5.33 -0.348904 -1.20312e-005
5.34 -0.360883 -1.24442e-005
5.35 -0.353093 -1.21756e-005
5.36 -0.32262 -1.11248e-005
5.37 -0.269782 -9.30282e-006
5.38 -0.195869 -6.75409e-006
5.39 -0.106045 -3.65671e-006
5.4 -0.0116948 -4.03269e-007
5.41 0.0736911 2.54107e-006
5.42 0.139533 4.81147e-006
5.43 0.182671 6.29901e-006
5.44 0.209412 7.22109e-006
5.45 0.231111 7.96935e-006
5.46 0.256307 8.83816e-006
5.47 0.287609 9.91754e-006
5.48 0.323326 1.11492e-005
5.49 0.35956 1.23986e-005
5.5 0.393677 1.35751e-005
5.51 0.42558 1.46752e-005
5.52 0.451647 1.5574e-005
5.53 0.462895 1.59619e-005
5.54 0.453042 1.56221e-005
5.55 0.421305 1.45278e-005
5.56 0.368615 1.27109e-005
5.57 0.299151 1.03155e-005
5.58 0.223457 7.70541e-006
5.59 0.154941 5.3428e-006
5.6 0.104225 3.59396e-006
5.61 0.0748904 2.58243e-006
5.62 0.062186 2.14435e-006
5.63 0.0537832 1.85459e-006
5.64 0.0349797 1.2062e-006
5.65 -0.00304797 -1.05102e-007
5.66 -0.0581023 -2.00353e-006
5.67 -0.118864 -4.09877e-006
5.68 -0.173584 -5.98565e-006
5.69 -0.218419 -7.5317e-006
5.7 -0.257723 -8.887e-006
5.71 -0.29687 -1.02369e-005
5.72 -0.336836 -1.1615e-005
5.73 -0.375939 -1.29634e-005
5.74 -0.415259 -1.43193e-005
5.75 -0.460779 -1.58889e-005
5.76 -0.519184 -1.79029e-005
5.77 -0.592261 -2.04228e-005
5.78 -0.67563 -2.32976e-005
5.79 -0.7596 -2.61931e-005
5.8 -0.830562 -2.86401e-005
5.81 -0.877822 -3.02697e-005
5.82 -0.906485 -3.12581e-005
5.83 -0.939742 -3.24049e-005
5.84 -0.998005 -3.4414e-005
5.85 -1.0769 -3.71345e-005
5.86 -1.15028 -3.96648e-005
5.87 -1.19216 -4.11091e-005
5.88 -1.19098 -4.10684e-005
5.89 -1.14998 -3.96544e-005
5.9 -1.08177 -3.73025e-005
5.91 -0.99903 -3.44493e-005
5.92 -0.910712 -3.14039e-005
5.93 -0.822593 -2.83653e-005
5.94 -0.733465 -2.52919e-005
5.95 -0.633239 -2.18358e-005
5.96 -0.508276 -1.75268e-005
5.97 -0.350221 -1.20766e-005
5.98 -0.160384 -5.53049e-006
5.99 0.0547667 1.88851e-006
6 0.292459 1.00848e-005
6.01 0.556284 1.91822e-005
6.02 0.849672 2.9299e-005
6.03 1.17269 4.04374e-005
6.04 1.52134 5.24602e-005
6.05 1.8818 6.48897e-005
6.06 2.23011 7.69003e-005
6.07 2.54059 8.76065e-005
6.08 2.79302 9.63112e-005
6.09 2.97999 0.000102758
6.1 3.10763 0.00010716
6.11 3.18686 0.000109892
6.12 3.22521 0.000111214
6.13 3.22459 0.000111193
6.14 3.17823 0.000109594
6.15 3.06932 0.000105839
6.16 2.88042 9.93248e-005
6.17 2.60278 8.97512e-005
6.18 2.23849 7.71893e-005
6.19 1.8039 6.22036e-005
6.2 1.3302 4.58691e-005
6.21 0.848776 2.92682e-005
6.22 0.371364 1.28057e-005
6.23 -0.112382 -3.87525e-006
6.24 -0.617303 -2.12863e-005
6.25 -1.13889 -3.92721e-005
6.26 -1.64604 -5.67599e-005
6.27 -2.0927 -7.21622e-005
6.28 -2.44244 -8.42219e-005
6.29 -2.6919 -9.28241e-005
6.3 -2.87315 -9.9074e-005
6.31 -3.02428 -0.000104285
6.32 -3.15739 -0.000108875
6.33 -3.25585 -0.000112271
6.34 -3.29076 -0.000113475
6.35 -3.23756 -0.00011164
6.36 -3.0927 -0.000106645
6.37 -2.8844 -9.94621e-005
6.38 -2.66496 -9.18953e-005
6.39 -2.47223 -8.52492e-005
6.4 -2.29933 -7.92874e-005
6.41 -2.1137 -7.28863e-005
6.42 -1.89061 -6.51935e-005
6.43 -1.61771 -5.57829e-005
6.44 -1.29111 -4.45212e-005
6.45 -0.922618 -3.18144e-005
6.46 -0.539501 -1.86035e-005
6.47 -0.166583 -5.74425e-006
6.48 0.18765 6.47068e-006
6.49 0.529547 1.82602e-005
6.5 0.866221 2.98697e-005
6.51 1.19775 4.13017e-005
6.52 1.52254 5.25015e-005
6.53 1.8476 6.37103e-005
6.54 2.18568 7.53683e-005
6.55 2.53563 8.74355e-005
6.56 2.87297 9.9068e-005
6.57 3.16183 0.000109029
6.58 3.37086 0.000116236
6.59 3.48605 0.000120208
6.6 3.51636 0.000121254
6.61 3.48366 0.000120126
6.62 3.40527 0.000117423
6.63 3.28587 0.000113306
6.64 3.11934 0.000107563
6.65 2.89621 9.98692e-005
6.66 2.61321 9.01107e-005
6.67 2.27614 7.84875e-005
6.68 1.89294 6.52739e-005
6.69 1.46782 5.06146e-005
6.7 1.00589 3.46858e-005
6.71 0.523676 1.80578e-005
6.72 0.0491953 1.69639e-006
6.73 -0.395968 -1.36541e-005
6.74 -0.815753 -2.81294e-005
6.75 -1.23337 -4.25299e-005
6.76 -1.67686 -5.78228e-005
6.77 -2.16428 -7.46302e-005
6.78 -2.6968 -9.2993e-005
6.79 -3.25671 -0.0001123
6.8 -3.81357 -0.000131502
6.81 -4.33097 -0.000149344
6.82 -4.78065 -0.00016485
6.83 -5.14678 -0.000177475
6.84 -5.4184 -0.000186841
6.85 -5.58472 -0.000192577
6.86 -5.64874 -0.000194784
6.87 -5.62641 -0.000194014
6.88 -5.53453 -0.000190846
6.89 -5.37111 -0.000185211
6.9 -5.12305 -0.000176657
6.91 -4.78433 -0.000164977
6.92 -4.36678 -0.000150579
6.93 -3.88734 -0.000134046
6.94 -3.34812 -0.000115453
6.95 -2.73639 -9.43581e-005
6.96 -2.04494 -7.05153e-005
6.97 -1.28917 -4.44541e-005
6.98 -0.504278 -1.73889e-005
6.99 0.268698 9.26546e-006
7 0.995043 3.43118e-005
7.01 1.64092 5.65835e-005
7.02 2.17623 7.50423e-005
7.03 2.59207 8.93817e-005
7.04 2.91832 0.000100632
7.05 3.21976 0.000111026
7.06 3.55739 0.000122669
7.07 3.94926 0.000136181
7.08 4.37667 0.00015092
7.09 4.8033 0.000165631
7.1 5.16686 0.000178168
7.11 5.44679 0.00018782
7.12 5.62122 0.000193835
7.13 5.68571 0.000196059
7.14 5.66003 0.000195173
7.15 5.57155 0.000192122
7.16 5.44088 0.000187617
7.17 5.27766 0.000181988
7.18 5.08116 0.000175212
7.19 4.83945 0.000166878
7.2 4.53216 0.000156282
7.21 4.13805 0.000142691
7.22 3.63551 0.000125362
7.23 3.01087 0.000103823
7.24 2.26737 7.81853e-005
7.25 1.4331 4.94171e-005
7.26 0.552437 1.90495e-005
7.27 -0.331733 -1.14391e-005
7.28 -1.19246 -4.11191e-005
7.29 -2.02412 -6.97973e-005
7.3 -2.82452 -9.73972e-005
7.31 -3.6023 -0.000124217
7.32 -4.36543 -0.000150532
7.33 -5.10258 -0.000175951
7.34 -5.7834 -0.000199428
7.35 -6.34329 -0.000218734
7.36 -6.7316 -0.000232124
7.37 -6.95996 -0.000239999
7.38 -7.06494 -0.000243619
7.39 -7.06535 -0.000243633
7.4 -6.96248 -0.000240085
7.41 -6.75851 -0.000233052
7.42 -6.46755 -0.000223019
7.43 -6.10332 -0.000210459
7.44 -5.65896 -0.000195136
7.45 -5.10861 -0.000176159
7.46 -4.43612 -0.00015297
7.47 -3.65261 -0.000125952
7.48 -2.80348 -9.66719e-005
7.49 -1.94876 -6.71985e-005
7.5 -1.13709 -3.92099e-005
7.51 -0.398319 -1.37351e-005
7.52 0.252256 8.69847e-006
7.53 0.810915 2.79626e-005
7.54 1.28926 4.44572e-005
7.55 1.71456 5.91227e-005
7.56 2.11084 7.27875e-005
7.57 2.51848 8.68443e-005
7.58 2.93725 0.000101284
7.59 3.31414 0.000114281
7.6 3.58429 0.000123596
7.61 3.71885 0.000128236
7.62 3.73451 0.000128776
7.63 3.67993 0.000126894
7.64 3.6033 0.000124252
7.65 3.53053 0.000121743
7.66 3.46024 0.000119319
7.67 3.37226 0.000116285
7.68 3.25296 0.000112171
7.69 3.10903 0.000107208
7.7 2.95206 0.000101795
7.71 2.77852 9.5811e-005
7.72 2.56824 8.856e-005
7.73 2.31295 7.9757e-005
7.74 2.02188 6.97201e-005
7.75 1.70536 5.88054e-005
7.76 1.36924 4.72152e-005
7.77 1.02579 3.53722e-005
7.78 0.682315 2.35281e-005
7.79 0.34784 1.19945e-005
7.8 0.0208077 7.17507e-007
7.81 -0.296416 -1.02212e-005
7.82 -0.628173 -2.16611e-005
7.83 -1.00522 -3.46628e-005
7.84 -1.45998 -5.0344e-005
7.85 -1.99838 -6.89096e-005
7.86 -2.58984 -8.93047e-005
7.87 -3.18763 -0.000109918
7.88 -3.74432 -0.000129115
7.89 -4.21695 -0.000145412
7.9 -4.57097 -0.00015762
7.91 -4.78597 -0.000165033
7.92 -4.86669 -0.000167817
7.93 -4.84796 -0.000167171
7.94 -4.78172 -0.000164887
7.95 -4.70764 -0.000162332
7.96 -4.62787 -0.000159582
7.97 -4.52209 -0.000155934
7.98 -4.36197 -0.000150413
7.99 -4.11134 -0.00014177
8 -3.75114 -0.00012935
8.01 -3.27808 -0.000113037
8.02 -2.68798 -9.26889e-005
8.03 -1.97746 -6.81883e-005
8.04 -1.16828 -4.02854e-005
8.05 -0.322439 -1.11186e-005
8.06 0.489406 1.68761e-005
8.07 1.2229 4.21691e-005
8.08 1.87166 6.454e-005
8.09 2.44072 8.41626e-005
8.1 2.95146 0.000101775
8.11 3.39976 0.000117233
8.12 3.78679 0.000130579
8.13 4.12415 0.000142212
8.14 4.39534 0.000151563
8.15 4.59574 0.000158474
8.16 4.73235 0.000163185
8.17 4.80549 0.000165706
8.18 4.80409 0.000165658
8.19 4.71025 0.000162422
8.2 4.51077 0.000155544
8.21 4.20795 0.000145102
8.22 3.82524 0.000131905
8.23 3.40603 0.000117449
8.24 3.01099 0.000103827
8.25 2.68411 9.25554e-005
8.26 2.42848 8.37408e-005
8.27 2.24248 7.7327e-005
8.28 2.12116 7.31434e-005
8.29 2.04849 7.06377e-005
8.3 1.99902 6.89318e-005
8.31 1.97266 6.80226e-005
8.32 1.97453 6.80873e-005
8.33 2.00114 6.90049e-005
8.34 2.02708 6.98995e-005
8.35 2.03132 7.00456e-005
8.36 2.01387 6.94436e-005
8.37 1.98983 6.86148e-005
8.38 1.97679 6.81651e-005
8.39 1.98336 6.83917e-005
8.4 2.01265 6.94016e-005
8.41 2.06624 7.12495e-005
8.42 2.14448 7.39475e-005
8.43 2.24283 7.7339e-005
8.44 2.35127 8.10782e-005
8.45 2.46214 8.49013e-005
8.46 2.57231 8.87002e-005
8.47 2.67406 9.22089e-005
8.48 2.7687 9.54725e-005
8.49 2.87885 9.92707e-005
8.5 2.99831 0.00010339
8.51 3.1096 0.000107227
8.52 3.20312 0.000110452
8.53 3.26135 0.00011246
8.54 3.26964 0.000112746
8.55 3.2295 0.000111362
8.56 3.15737 0.000108875
8.57 3.07255 0.00010595
8.58 2.98509 0.000102934
8.59 2.8867 9.95415e-005
8.6 2.76445 9.53259e-005
8.61 2.62212 9.04178e-005
8.62 2.4763 8.53896e-005
8.63 2.33443 8.04976e-005
8.64 2.20474 7.60254e-005
8.65 2.1033 7.25274e-005
8.66 2.04231 7.04244e-005
8.67 2.02015 6.96603e-005
8.68 2.02374 6.97841e-005
8.69 2.03725 7.02501e-005
8.7 2.05206 7.07607e-005
8.71 2.06628 7.12511e-005
8.72 2.06997 7.13783e-005
8.73 2.03814 7.02807e-005
8.74 1.94642 6.7118e-005
8.75 1.79253 6.18112e-005
8.76 1.59674 5.50601e-005
8.77 1.38329 4.76997e-005
8.78 1.15176 3.97159e-005
8.79 0.886383 3.05649e-005
8.8 0.593457 2.0464e-005
8.81 0.225235 7.76674e-006
8.82 -0.25429 -8.76862e-006
8.83 -0.827469 -2.85334e-005
8.84 -1.44104 -4.96912e-005
8.85 -2.02054 -6.96738e-005
8.86 -2.51005 -8.65536e-005
8.87 -2.88897 -9.96198e-005
8.88 -3.1777 -0.000109576
8.89 -3.42954 -0.00011826
8.9 -3.69003 -0.000127242
8.91 -3.97712 -0.000137142
8.92 -4.27632 -0.000147459
8.93 -4.56198 -0.00015731
8.94 -4.80471 -0.00016568
8.95 -4.9744 -0.000171531
8.96 -5.04547 -0.000173982
8.97 -5.00752 -0.000172673
8.98 -4.86933 -0.000167908
8.99 -4.6504 -0.000160359
9 -4.37472 -0.000150853
9.01 -4.06807 -0.000140278
9.02 -3.75537 -0.000129496
9.03 -3.45657 -0.000119192
9.04 -3.1777 -0.000109576
9.05 -2.90741 -0.000100255
9.06 -2.60969 -8.99892e-005
9.07 -2.23862 -7.71937e-005
9.08 -1.7796 -6.13656e-005
9.09 -1.23154 -4.24668e-005
9.1 -0.598132 -2.06252e-005
9.11 0.0975925 3.36526e-006
9.12 0.832103 2.86932e-005
9.13 1.5783 5.44241e-005
9.14 2.29911 7.92798e-005
9.15 2.95713 0.00010197
9.16 3.51561 0.000121228
9.17 3.95747 0.000136464
9.18 4.29912 0.000148246
9.19 4.58214 0.000158005
9.2 4.85866 0.00016754
9.21 5.15642 0.000177807
9.22 5.4725 0.000188707
9.23 5.76738 0.000198875
9.24 5.99843 0.000206842
9.25 6.12899 0.000211345
9.26 6.13962 0.000211711
9.27 6.0201 0.00020759
9.28 5.74798 0.000198206
9.29 5.30629 0.000182976
9.3 4.70563 0.000162263
9.31 3.99044 0.000137601
9.32 3.2164 0.00011091
9.33 2.42382 8.35801e-005
9.34 1.63378 5.63371e-005
9.35 0.856265 2.95264e-005
9.36 0.0854124 2.94526e-006
9.37 -0.662858 -2.28572e-005
9.38 -1.36499 -4.70687e-005
9.39 -2.11766 -7.30229e-005
9.4 -2.93482 -0.000101201
9.41 -3.80601 -0.000131242
9.42 -4.72277 -0.000162854
9.43 -5.66236 -0.000195254
9.44 -6.59095 -0.000227274
9.45 -7.46653 -0.000257466
9.46 -8.22022 -0.000283456
9.47 -8.82265 -0.000304229
9.48 -9.27963 -0.000319987
9.49 -9.62815 -0.000332005
9.5 -9.89902 -0.000341345
9.51 -10.095 -0.000348102
9.52 -10.1964 -0.000351602
9.53 -10.1847 -0.000351196
9.54 -10.0716 -0.000347297
9.55 -9.87541 -0.000340531
9.56 -9.60051 -0.000331052
9.57 -9.24072 -0.000318646
9.58 -8.79044 -0.000303119
9.59 -8.25824 -0.000284767
9.6 -7.66132 -0.000264183
9.61 -7.01066 -0.000241747
9.62 -6.30137 -0.000217289
9.63 -5.52479 -0.00019051
9.64 -4.68953 -0.000161708
9.65 -3.82003 -0.000131725
9.66 -2.95415 -0.000101867
9.67 -2.1317 -7.35068e-005
9.68 -1.35973 -4.68874e-005
9.69 -0.615532 -2.12252e-005
9.7 0.121929 4.20445e-006
9.71 0.854084 2.94512e-005
9.72 1.59239 5.49102e-005
9.73 2.32841 8.029e-005
9.74 3.05143 0.000105222
9.75 3.72056 0.000128295
9.76 4.29562 0.000148125
9.77 4.76291 0.000164238
9.78 5.13236 0.000176978
9.79 5.42171 0.000186956
9.8 5.64611 0.000194693
9.81 5.79076 0.000199681
9.82 5.82959 0.000201021
9.83 5.75663 0.000198504
9.84 5.57272 0.000192163
9.85 5.29225 0.000182492
9.86 4.93526 0.000170182
9.87 4.51114 0.000155557
9.88 4.02374 0.00013875
9.89 3.47511 0.000119831
9.9 2.87016 9.8971e-005
9.91 2.2112 7.62483e-005
9.92 1.49406 5.15192e-005
9.93 0.727378 2.5082e-005
9.94 -0.0144488 -4.98235e-007
9.95 -0.760225 -2.62147e-005
9.96 -1.55026 -5.34572e-005
9.97 -2.3655 -8.15691e-005
9.98 -3.17685 -0.000109547
9.99 -3.96268 -0.000136644
10 -4.66214 -0.000160763
