0.1 0.0514166 1.77299e-006
0.2 0.102857 3.5468e-006
0.3 0.154322 5.32146e-006
0.4 0.205812 7.09695e-006
0.5 0.257325 8.87329e-006
0.6 0.308864 1.06505e-005
0.7 0.360426 1.24285e-005
0.8 0.412014 1.42074e-005
0.9 0.463626 1.59871e-005
1 0.515263 1.77677e-005
0.01 0.516053 1.77949e-005
0.02 0.518313 1.78729e-005
0.03 0.520975 1.79647e-005
0.04 0.523016 1.8035e-005
0.05 0.524342 1.80808e-005
0.06 0.524925 1.81009e-005
0.07 0.52479 1.80962e-005
0.08 0.524034 1.80701e-005
0.09 0.522814 1.80281e-005
0.1 0.5213 1.79759e-005
0.11 0.519637 1.79185e-005
0.12 0.517904 1.78588e-005
0.13 0.516092 1.77963e-005
0.14 0.514123 1.77284e-005
0.15 0.511909 1.7652e-005
0.16 0.509384 1.7565e-005
0.17 0.506518 1.74661e-005
0.18 0.503322 1.73559e-005
0.19 0.499831 1.72355e-005
0.2 0.496109 1.71072e-005
0.21 0.492274 1.6975e-005
0.22 0.488471 1.68438e-005
0.23 0.48485 1.6719e-005
0.24 0.481541 1.66049e-005
0.25 0.478639 1.65048e-005
0.26 0.47617 1.64197e-005
0.27 0.474024 1.63456e-005
0.28 0.471959 1.62745e-005
0.29 0.469745 1.61981e-005
0.3 0.467261 1.61125e-005
0.31 0.464485 1.60167e-005
0.32 0.461504 1.59139e-005
0.33 0.458561 1.58124e-005
0.34 0.455952 1.57225e-005
0.35 0.453875 1.56509e-005
0.36 0.452401 1.56e-005
0.37 0.451549 1.55706e-005
0.38 0.451334 1.55632e-005
0.39 0.451772 1.55783e-005
0.4 0.45283 1.56148e-005
0.41 0.454387 1.56685e-005
0.42 0.456287 1.5734e-005
0.43 0.458437 1.58082e-005
0.44 0.460826 1.58905e-005
0.45 0.463479 1.59821e-005
0.46 0.466383 1.60822e-005
0.47 0.469461 1.61883e-005
0.48 0.472696 1.62999e-005
0.49 0.476171 1.64197e-005
0.5 0.479904 1.65484e-005
0.51 0.483805 1.66829e-005
0.52 0.487835 1.68219e-005
0.53 0.491987 1.69651e-005
0.54 0.496079 1.71062e-005
0.55 0.499728 1.7232e-005
0.56 0.502723 1.73353e-005
0.57 0.505373 1.74267e-005
0.58 0.508231 1.75252e-005
0.59 0.511495 1.76377e-005
0.6 0.514844 1.77532e-005
0.61 0.517852 1.7857e-005
0.62 0.520362 1.79435e-005
0.63 0.522265 1.80091e-005
0.64 0.523342 1.80463e-005
0.65 0.523691 1.80583e-005
0.66 0.523744 1.80601e-005
0.67 0.523677 1.80578e-005
0.68 0.523391 1.8048e-005
0.69 0.522874 1.80301e-005
0.7 0.522135 1.80047e-005
0.71 0.520969 1.79645e-005
0.72 0.519101 1.79e-005
0.73 0.516493 1.78101e-005
0.74 0.51352 1.77076e-005
0.75 0.51079 1.76135e-005
0.76 0.508626 1.75388e-005
0.77 0.506821 1.74766e-005
0.78 0.504837 1.74082e-005
0.79 0.502282 1.73201e-005
0.8 0.499226 1.72147e-005
0.81 0.4959 1.71e-005
0.82 0.492308 1.69761e-005
0.83 0.488396 1.68412e-005
0.84 0.484327 1.67009e-005
0.85 0.480239 1.656e-005
0.86 0.476122 1.6418e-005
0.87 0.472437 1.62909e-005
0.88 0.470046 1.62085e-005
0.89 0.469045 1.6174e-005
0.9 0.468446 1.61533e-005
0.91 0.467337 1.61151e-005
0.92 0.466188 1.60754e-005
0.93 0.466487 1.60858e-005
0.94 0.468957 1.61709e-005
0.95 0.472684 1.62994e-005
0.96 0.476066 1.64161e-005
0.97 0.478516 1.65005e-005
0.98 0.480975 1.65853e-005
0.99 0.484396 1.67033e-005
1 0.488546 1.68464e-005
1.01 0.492688 1.69892e-005
1.02 0.496408 1.71175e-005
1.03 0.499586 1.72271e-005
1.04 0.502388 1.73237e-005
1.05 0.505344 1.74257e-005
1.06 0.509039 1.75531e-005
1.07 0.513517 1.77075e-005
1.08 0.517889 1.78583e-005
1.09 0.521256 1.79743e-005
1.1 0.524113 1.80729e-005
1.11 0.527748 1.81982e-005
1.12 0.532278 1.83544e-005
1.13 0.536354 1.8495e-005
1.14 0.538529 1.857e-005
1.15 0.537791 1.85445e-005
1.16 0.533563 1.83987e-005
1.17 0.52689 1.81686e-005
1.18 0.520302 1.79414e-005
1.19 0.515905 1.77898e-005
1.2 0.514251 1.77328e-005
1.21 0.514516 1.77419e-005
1.22 0.515381 1.77718e-005
1.23 0.515665 1.77815e-005
1.24 0.514436 1.77392e-005
1.25 0.51089 1.76169e-005
1.26 0.504562 1.73987e-005
1.27 0.495899 1.71e-005
1.28 0.48617 1.67645e-005
1.29 0.47713 1.64527e-005
1.3 0.470548 1.62258e-005
1.31 0.467059 1.61055e-005
1.32 0.465803 1.60622e-005
1.33 0.465273 1.60439e-005
1.34 0.463513 1.59832e-005
1.35 0.45872 1.58179e-005
1.36 0.451222 1.55594e-005
1.37 0.443459 1.52917e-005
1.38 0.437708 1.50934e-005
1.39 0.434314 1.49763e-005
1.4 0.432058 1.48986e-005
1.41 0.430864 1.48574e-005
1.42 0.432522 1.49145e-005
1.43 0.43787 1.5099e-005
1.44 0.445798 1.53723e-005
1.45 0.454748 1.5681e-005
1.46 0.463818 1.59937e-005
1.47 0.473403 1.63242e-005
1.48 0.485451 1.67397e-005
1.49 0.502555 1.73295e-005
1.5 0.525593 1.81239e-005
1.51 0.551545 1.90188e-005
1.52 0.574792 1.98204e-005
1.53 0.592017 2.04144e-005
1.54 0.604521 2.08456e-005
1.55 0.615126 2.12112e-005
1.56 0.625461 2.15676e-005
1.57 0.636127 2.19354e-005
1.58 0.646988 2.23099e-005
1.59 0.657275 2.26647e-005
1.6 0.666692 2.29894e-005
1.61 0.676196 2.33171e-005
1.62 0.6861 2.36586e-005
1.63 0.692536 2.38805e-005
1.64 0.68783 2.37183e-005
1.65 0.66719 2.30066e-005
1.66 0.634041 2.18635e-005
1.67 0.597688 2.06099e-005
1.68 0.566702 1.95414e-005
1.69 0.544563 1.8778e-005
1.7 0.530456 1.82916e-005
1.71 0.521431 1.79804e-005
1.72 0.512922 1.7687e-005
1.73 0.499942 1.72394e-005
1.74 0.479277 1.65268e-005
1.75 0.450113 1.55211e-005
1.76 0.413668 1.42644e-005
1.77 0.373753 1.2888e-005
1.78 0.337105 1.16243e-005
1.79 0.310372 1.07025e-005
1.8 0.295503 1.01898e-005
1.81 0.289143 9.97046e-006
1.82 0.286074 9.86463e-006
1.83 0.282513 9.74184e-006
1.84 0.277155 9.55708e-006
1.85 0.271142 9.34973e-006
1.86 0.267391 9.22037e-006
1.87 0.267374 9.21978e-006
1.88 0.267899 9.2379e-006
1.89 0.264472 9.11973e-006
1.9 0.258721 8.92142e-006
1.91 0.258441 8.91177e-006
1.92 0.270385 9.32361e-006
1.93 0.296273 1.02163e-005
1.94 0.33396 1.15158e-005
1.95 0.379318 1.30799e-005
1.96 0.426527 1.47078e-005
1.97 0.468852 1.61673e-005
1.98 0.502115 1.73143e-005
1.99 0.527033 1.81735e-005
2 0.548147 1.89016e-005
2.01 0.571397 1.97033e-005
2.02 0.601672 2.07473e-005
2.03 0.641762 2.21297e-005
2.04 0.691648 2.38499e-005
2.05 0.746408 2.57382e-005
2.06 0.797495 2.74998e-005
2.07 0.839008 2.89313e-005
2.08 0.870747 3.00258e-005
2.09 0.894975 3.08612e-005
2.1 0.91228 3.14579e-005
2.11 0.921622 3.17801e-005
2.12 0.923844 3.18567e-005
2.13 0.922457 3.18089e-005
2.14 0.920963 3.17573e-005
2.15 0.920442 3.17394e-005
2.16 0.918457 3.16709e-005
2.17 0.910726 3.14044e-005
2.18 0.894907 3.08589e-005
2.19 0.871075 3.00371e-005
2.2 0.838703 2.89208e-005
2.21 0.796776 2.7475e-005
2.22 0.746655 2.57467e-005
2.23 0.692175 2.38681e-005
2.24 0.636742 2.19566e-005
2.25 0.581582 2.00545e-005
2.26 0.527069 1.81748e-005
2.27 0.47313 1.63148e-005
2.28 0.418161 1.44193e-005
2.29 0.360516 1.24316e-005
2.3 0.300639 1.03669e-005
2.31 0.240296 8.28606e-006
2.32 0.181369 6.25411e-006
2.33 0.126084 4.34773e-006
2.34 0.0768485 2.64995e-006
2.35 0.0354774 1.22336e-006
2.36 0.00278724 9.61118e-008
2.37 -0.0206512 -7.1211e-007
2.38 -0.0345586 -1.19167e-006
2.39 -0.0407912 -1.40659e-006
2.4 -0.0417064 -1.43815e-006
2.41 -0.0365913 -1.26177e-006
2.42 -0.023162 -7.98689e-007
2.43 -0.000298999 -1.03103e-008
2.44 0.0326184 1.12477e-006
2.45 0.0759049 2.61741e-006
2.46 0.128079 4.41651e-006
2.47 0.18621 6.42102e-006
2.48 0.247913 8.54871e-006
2.49 0.312261 1.07676e-005
2.5 0.379769 1.30955e-005
2.51 0.451168 1.55575e-005
2.52 0.525775 1.81302e-005
2.53 0.601908 2.07555e-005
2.54 0.677553 2.33639e-005
2.55 0.750355 2.58743e-005
2.56 0.818324 2.82181e-005
2.57 0.880236 3.0353e-005
2.58 0.935529 3.22596e-005
2.59 0.984792 3.39583e-005
2.6 1.02952 3.55008e-005
2.61 1.06998 3.68958e-005
2.62 1.10379 3.80617e-005
2.63 1.12762 3.88836e-005
2.64 1.14118 3.93512e-005
2.65 1.14909 3.96237e-005
2.66 1.15628 3.98717e-005
2.67 1.16206 4.00712e-005
2.68 1.16031 4.00108e-005
2.69 1.14523 3.94906e-005
2.7 1.11674 3.85083e-005
2.71 1.08004 3.72426e-005
2.72 1.04013 3.58667e-005
2.73 0.997317 3.43903e-005
2.74 0.947881 3.26856e-005
2.75 0.889057 3.06571e-005
2.76 0.821727 2.83354e-005
2.77 0.7488 2.58207e-005
2.78 0.672085 2.31753e-005
2.79 0.590423 2.03594e-005
2.8 0.501657 1.72985e-005
2.81 0.407631 1.40562e-005
2.82 0.315076 1.08647e-005
2.83 0.230636 7.95296e-006
2.84 0.156783 5.40632e-006
2.85 0.0918678 3.16786e-006
2.86 0.0329709 1.13693e-006
2.87 -0.0222217 -7.66265e-007
2.88 -0.0754734 -2.60253e-006
2.89 -0.12689 -4.37551e-006
2.9 -0.173609 -5.98653e-006
2.91 -0.211834 -7.30463e-006
2.92 -0.239799 -8.26893e-006
2.93 -0.257046 -8.86364e-006
2.94 -0.26254 -9.05311e-006
2.95 -0.25542 -8.80758e-006
2.96 -0.236006 -8.13815e-006
2.97 -0.204298 -7.04476e-006
2.98 -0.158828 -5.47681e-006
2.99 -0.0989553 -3.41225e-006
3 -0.0276026 -9.51815e-007
3.01 0.0498497 1.71896e-006
3.02 0.129413 4.46251e-006
3.03 0.210777 7.26817e-006
3.04 0.29687 1.02369e-005
3.05 0.391146 1.34878e-005
3.06 0.494502 1.70518e-005
3.07 0.604666 2.08506e-005
3.08 0.71732 2.47352e-005
3.09 0.828413 2.8566e-005
3.1 0.935761 3.22676e-005
3.11 1.03646 3.57398e-005
3.12 1.12434 3.87703e-005
3.13 1.19312 4.11422e-005
3.14 1.24199 4.28272e-005
3.15 1.27702 4.40351e-005
3.16 1.30685 4.5064e-005
3.17 1.33787 4.61336e-005
3.18 1.37154 4.72944e-005
3.19 1.40288 4.83752e-005
3.2 1.42328 4.90785e-005
3.21 1.42735 4.92189e-005
3.22 1.41636 4.88399e-005
3.23 1.39448 4.80855e-005
3.24 1.3643 4.70448e-005
3.25 1.32629 4.57342e-005
3.26 1.27874 4.40944e-005
3.27 1.2171 4.1969e-005
3.28 1.13711 3.92108e-005
3.29 1.04008 3.5865e-005
3.3 0.933729 3.21975e-005
3.31 0.827383 2.85305e-005
3.32 0.726514 2.50522e-005
3.33 0.632072 2.17956e-005
3.34 0.544131 1.87632e-005
3.35 0.462384 1.59443e-005
3.36 0.382622 1.31938e-005
3.37 0.297142 1.02463e-005
3.38 0.199899 6.89307e-006
3.39 0.0909911 3.13763e-006
3.4 -0.0215791 -7.44108e-007
3.41 -0.124027 -4.27681e-006
3.42 -0.203689 -7.02374e-006
3.43 -0.256047 -8.8292e-006
3.44 -0.285309 -9.83825e-006
3.45 -0.299327 -1.03216e-005
3.46 -0.304957 -1.05158e-005
3.47 -0.306384 -1.0565e-005
3.48 -0.30506 -1.05193e-005
3.49 -0.300048 -1.03465e-005
3.5 -0.287517 -9.91437e-006
3.51 -0.261468 -9.01615e-006
3.52 -0.218804 -7.54495e-006
3.53 -0.162489 -5.60306e-006
3.54 -0.0973791 -3.3579e-006
3.55 -0.0249748 -8.612e-007
3.56 0.0574032 1.97942e-006
3.57 0.152937 5.27369e-006
3.58 0.261044 9.00151e-006
3.59 0.376833 1.29942e-005
3.6 0.49266 1.69883e-005
3.61 0.600673 2.07129e-005
3.62 0.69705 2.40362e-005
3.63 0.784199 2.70413e-005
3.64 0.867851 2.99259e-005
3.65 0.952277 3.28371e-005
3.66 1.03823 3.5801e-005
3.67 1.12472 3.87835e-005
3.68 1.21037 4.17369e-005
3.69 1.29127 4.45265e-005
3.7 1.36042 4.69111e-005
3.71 1.41104 4.86564e-005
3.72 1.43847 4.96025e-005
3.73 1.44127 4.96989e-005
3.74 1.42323 4.90768e-005
3.75 1.3914 4.79793e-005
3.76 1.35109 4.65891e-005
3.77 1.30431 4.49761e-005
3.78 1.25125 4.31467e-005
3.79 1.19122 4.10766e-005
3.8 1.12259 3.87101e-005
3.81 1.04409 3.6003e-005
3.82 0.957391 3.30135e-005
3.83 0.866668 2.98851e-005
3.84 0.773521 2.66731e-005
3.85 0.674859 2.3271e-005
3.86 0.568168 1.9592e-005
3.87 0.45669 1.57479e-005
3.88 0.347466 1.19816e-005
3.89 0.246241 8.49105e-006
3.9 0.155695 5.3688e-006
3.91 0.0778296 2.68378e-006
3.92 0.0161426 5.56642e-007
3.93 -0.0276231 -9.52521e-007
3.94 -0.0575057 -1.98295e-006
3.95 -0.0798586 -2.75374e-006
3.96 -0.0980421 -3.38076e-006
3.97 -0.112821 -3.89039e-006
3.98 -0.124323 -4.28699e-006
3.99 -0.131445 -4.53259e-006
4 -0.129446 -4.46365e-006
4.01 -0.109871 -3.78865e-006
4.02 -0.0674489 -2.32583e-006
4.03 -0.00591288 -2.03892e-007
4.04 0.0663887 2.28926e-006
4.05 0.142013 4.897e-006
4.06 0.213827 7.37333e-006
4.07 0.27641 9.53137e-006
4.08 0.331421 1.14283e-005
4.09 0.387558 1.33641e-005
4.1 0.453871 1.56507e-005
4.11 0.534845 1.84429e-005
4.12 0.628933 2.16873e-005
4.13 0.728396 2.51171e-005
4.14 0.823766 2.84057e-005
4.15 0.909292 3.13549e-005
4.16 0.982824 3.38905e-005
4.17 1.04362 3.5987e-005
4.18 1.09153 3.76389e-005
4.19 1.12719 3.88686e-005
4.2 1.15305 3.97603e-005
4.21 1.172 4.04139e-005
4.22 1.18418 4.08337e-005
4.23 1.18839 4.09791e-005
4.24 1.1852 4.08689e-005
4.25 1.17423 4.04906e-005
4.26 1.15277 3.97509e-005
4.27 1.11905 3.85879e-005
4.28 1.07284 3.69944e-005
4.29 1.01482 3.49937e-005
4.3 0.948505 3.27071e-005
4.31 0.879255 3.03191e-005
4.32 0.809413 2.79108e-005
4.33 0.737484 2.54305e-005
4.34 0.662157 2.2833e-005
4.35 0.584438 2.0153e-005
4.36 0.505934 1.7446e-005
4.37 0.427578 1.47441e-005
4.38 0.350861 1.20986e-005
4.39 0.280218 9.66269e-006
4.4 0.222101 7.65864e-006
4.41 0.179136 6.17711e-006
4.42 0.147085 5.07189e-006
4.43 0.117747 4.06025e-006
4.44 0.0832332 2.87011e-006
4.45 0.0408091 1.40721e-006
4.46 -0.00375668 -1.29541e-007
4.47 -0.040132 -1.38386e-006
4.48 -0.0605049 -2.08638e-006
4.49 -0.061013 -2.1039e-006
4.5 -0.0401162 -1.38332e-006
4.51 -0.0006615 -2.28104e-008
4.52 0.0486665 1.67815e-006
4.53 0.0995655 3.43329e-006
4.54 0.149998 5.17234e-006
4.55 0.201382 6.94421e-006
4.56 0.254919 8.79033e-006
4.57 0.311764 1.07505e-005
4.58 0.372233 1.28356e-005
4.59 0.433761 1.49573e-005
4.6 0.491657 1.69537e-005
4.61 0.544237 1.87668e-005
4.62 0.59652 2.05697e-005
4.63 0.654797 2.25792e-005
4.64 0.717326 2.47354e-005
4.65 0.77402 2.66903e-005
4.66 0.814824 2.80974e-005
4.67 0.836341 2.88394e-005
4.68 0.841855 2.90295e-005
4.69 0.836851 2.88569e-005
4.7 0.824239 2.8422e-005
4.71 0.803692 2.77135e-005
4.72 0.775576 2.6744e-005
4.73 0.742486 2.5603e-005
4.74 0.706095 2.43481e-005
4.75 0.665809 2.29589e-005
4.76 0.619515 2.13626e-005
4.77 0.563591 1.94342e-005
4.78 0.495933 1.71011e-005
4.79 0.420422 1.44973e-005
4.8 0.344784 1.18891e-005
4.81 0.274631 9.47003e-006
4.82 0.211588 7.29613e-006
4.83 0.154428 5.32509e-006
4.84 0.0998503 3.44311e-006
4.85 0.0449519 1.55007e-006
4.86 -0.0071113 -2.45217e-007
4.87 -0.0477111 -1.64521e-006
4.88 -0.0727254 -2.50777e-006
4.89 -0.086191 -2.9721e-006
4.9 -0.0933584 -3.21925e-006
4.91 -0.0959535 -3.30874e-006
4.92 -0.0953156 -3.28675e-006
4.93 -0.0953297 -3.28723e-006
4.94 -0.0976172 -3.36611e-006
4.95 -0.0963795 -3.32343e-006
4.96 -0.082588 -2.84786e-006
4.97 -0.0514876 -1.77543e-006
4.98 -0.00311128 -1.07286e-007
4.99 0.0605911 2.08935e-006
5 0.133134 4.59084e-006
5.01 0.202259 6.97444e-006
5.02 0.259157 8.93646e-006
5.03 0.305861 1.05469e-005
5.04 0.34971 1.2059e-005
5.05 0.396408 1.36692e-005
5.06 0.450654 1.55398e-005
5.07 0.51437 1.77369e-005
5.08 0.58165 2.00569e-005
5.09 0.641822 2.21318e-005
5.1 0.687278 2.36992e-005
5.11 0.714668 2.46437e-005
5.12 0.72158 2.48821e-005
5.13 0.708754 2.44398e-005
5.14 0.685429 2.36355e-005
5.15 0.66522 2.29386e-005
5.16 0.654261 2.25607e-005
5.17 0.648326 2.23561e-005
5.18 0.639359 2.20469e-005
5.19 0.618393 2.13239e-005
5.2 0.575252 1.98363e-005
5.21 0.504656 1.74019e-005
5.22 0.415496 1.43275e-005
5.23 0.32755 1.12948e-005
5.24 0.258531 8.91488e-006
5.25 0.217604 7.50358e-006
5.26 0.20473 7.05965e-006
5.27 0.211548 7.29474e-006
5.28 0.22695 7.82587e-006
5.29 0.243057 8.38127e-006
5.3 0.253624 8.74566e-006
5.31 0.252419 8.70409e-006
5.32 0.239252 8.25007e-006
5.33 0.223176 7.69571e-006
5.34 0.216966 7.48158e-006
5.35 0.229808 7.92442e-006
5.36 0.26474 9.12895e-006
5.37 0.321709 1.10934e-005
5.38 0.399685 1.37822e-005
5.39 0.493655 1.70226e-005
5.4 0.592606 2.04347e-005
5.41 0.683124 2.3556e-005
5.42 0.75448 2.60166e-005
5.43 0.803009 2.769e-005
5.44 0.834375 2.87716e-005
5.45 0.859335 2.96323e-005
5.46 0.886045 3.05533e-005
5.47 0.916897 3.16171e-005
5.48 0.950163 3.27642e-005
5.49 0.98213 3.38665e-005
5.5 1.01053 3.4846e-005
5.51 1.03571 3.57143e-005
5.52 1.05446 3.63605e-005
5.53 1.05807 3.64853e-005
5.54 1.04046 3.5878e-005
5.55 1.00081 3.45106e-005
5.56 0.939792 3.24066e-005
5.57 0.86124 2.96979e-005
5.58 0.775469 2.67403e-005
5.59 0.695977 2.39992e-005
5.6 0.633531 2.18459e-005
5.61 0.591909 2.04107e-005
5.62 0.566833 1.9546e-005
5.63 0.546475 1.8844e-005
5.64 0.516768 1.78196e-005
5.65 0.46935 1.61845e-005
5.66 0.406662 1.40228e-005
5.67 0.340115 1.17281e-005
5.68 0.281387 9.703e-006
5.69 0.234123 8.07321e-006
5.7 0.193687 6.67886e-006
5.71 0.154426 5.32502e-006
5.72 0.1152 3.9724e-006
5.73 0.0776948 2.67913e-006
5.74 0.0410178 1.41441e-006
5.75 -0.000569252 -1.96294e-008
5.76 -0.053549 -1.84652e-006
5.77 -0.119616 -4.12468e-006
5.78 -0.194406 -6.70367e-006
5.79 -0.268467 -9.25749e-006
5.8 -0.328581 -1.13304e-005
5.81 -0.36448 -1.25683e-005
5.82 -0.381857 -1.31675e-005
5.83 -0.404379 -1.39441e-005
5.84 -0.452796 -1.56136e-005
5.85 -0.522422 -1.80145e-005
5.86 -0.587704 -2.02657e-005
5.87 -0.622254 -2.1457e-005
5.88 -0.613507 -2.11554e-005
5.89 -0.564353 -1.94605e-005
5.9 -0.487301 -1.68035e-005
5.91 -0.394944 -1.36188e-005
5.92 -0.296384 -1.02201e-005
5.93 -0.197616 -6.81434e-006
5.94 -0.0978479 -3.37407e-006
5.95 0.0126985 4.37881e-007
5.96 0.147289 5.07893e-006
5.97 0.313919 1.08248e-005
5.98 0.511059 1.76227e-005
5.99 0.732116 2.52454e-005
6 0.974288 3.35961e-005
6.01 1.24117 4.27989e-005
6.02 1.5362 5.29723e-005
6.03 1.85956 6.41228e-005
6.04 2.20741 7.61176e-005
6.05 2.56596 8.84814e-005
6.06 2.9112 0.000100386
6.07 3.21713 0.000110935
6.08 3.4633 0.000119424
6.09 3.64199 0.000125586
6.1 3.75915 0.000129626
6.11 3.82555 0.000131916
6.12 3.8488 0.000132717
6.13 3.83123 0.000132112
6.14 3.76647 0.000129878
6.15 3.63832 0.000125459
6.16 3.4303 0.000118286
6.17 3.13441 0.000108083
6.18 2.75354 9.49496e-005
6.19 2.30475 7.9474e-005
6.2 1.81965 6.27465e-005
6.21 1.32994 4.58601e-005
6.22 0.847436 2.92219e-005
6.23 0.361283 1.2458e-005
6.24 -0.143524 -4.94911e-006
6.25 -0.663577 -2.2882e-005
6.26 -1.16854 -4.02944e-005
6.27 -1.61115 -5.55569e-005
6.28 -1.9558 -6.74412e-005
6.29 -2.20015 -7.58672e-005
6.3 -2.37548 -8.1913e-005
6.31 -2.51941 -8.68764e-005
6.32 -2.64391 -9.11692e-005
6.33 -2.73287 -9.42369e-005
6.34 -2.75759 -9.50893e-005
6.35 -2.69445 -9.2912e-005
6.36 -2.54065 -8.76087e-005
6.37 -2.32526 -8.01814e-005
6.38 -2.10132 -7.24593e-005
6.39 -1.90721 -6.57657e-005
6.4 -1.73624 -5.98705e-005
6.41 -1.55558 -5.36406e-005
6.42 -1.33968 -4.6196e-005
6.43 -1.07488 -3.70649e-005
6.44 -0.755649 -2.60569e-005
6.45 -0.392159 -1.35227e-005
6.46 -0.00992096 -3.42102e-007
6.47 0.365584 1.26064e-005
6.48 0.727029 2.507e-005
6.49 1.08045 3.72567e-005
6.5 1.43166 4.93677e-005
6.51 1.77916 6.13503e-005
6.52 2.11956 7.30881e-005
6.53 2.4584 8.47725e-005
6.54 2.80719 9.67998e-005
6.55 3.16389 0.0001091
6.56 3.50387 0.000120823
6.57 3.79154 0.000130743
6.58 3.99639 0.000137807
6.59 4.10552 0.00014157
6.6 4.12903 0.00014238
6.61 4.0898 0.000141027
6.62 4.00569 0.000138127
6.63 3.8813 0.000133838
6.64 3.71004 0.000127933
6.65 3.48167 0.000120058
6.66 3.19211 0.000110073
6.67 2.84653 9.81562e-005
6.68 2.4526 8.45723e-005
6.69 2.01461 6.94694e-005
6.7 1.5384 5.30481e-005
6.71 1.04174 3.5922e-005
6.72 0.554279 1.91131e-005
6.73 0.0991127 3.41768e-006
6.74 -0.326066 -1.12437e-005
6.75 -0.746091 -2.57273e-005
6.76 -1.18817 -4.09714e-005
6.77 -1.67076 -5.76125e-005
6.78 -2.198 -7.57931e-005
6.79 -2.75377 -9.49577e-005
6.8 -3.30826 -0.000114078
6.81 -3.82679 -0.000131958
6.82 -4.28174 -0.000147646
6.83 -4.65731 -0.000160597
6.84 -4.93874 -0.000170301
6.85 -5.11519 -0.000176386
6.86 -5.19024 -0.000178974
6.87 -5.18003 -0.000178622
6.88 -5.09691 -0.000175756
6.89 -4.93795 -0.000170274
6.9 -4.68986 -0.000161719
6.91 -4.34687 -0.000149892
6.92 -3.92174 -0.000135232
6.93 -3.43276 -0.000118371
6.94 -2.88363 -9.94355e-005
6.95 -2.26294 -7.80322e-005
6.96 -1.56431 -5.39416e-005
6.97 -0.802758 -2.76813e-005
6.98 -0.0129116 -4.45226e-007
6.99 0.762265 2.6285e-005
7 1.49067 5.14024e-005
7.01 2.13906 7.37608e-005
7.02 2.67746 9.23261e-005
7.03 3.09796 0.000106826
7.04 3.43048 0.000118292
7.05 3.74001 0.000128966
7.06 4.08707 0.000140933
7.07 4.49127 0.000154872
7.08 4.95319 0.0001708
7.09 5.4068 0.000186441
7.1 5.80773 0.000200267
7.11 6.11735 0.000210943
7.12 6.3211 0.000217969
7.13 6.41388 0.000221168
7.14 6.41393 0.00022117
7.15 6.34885 0.000218926
7.16 6.23765 0.000215092
7.17 6.08953 0.000209984
7.18 5.90297 0.000203551
7.19 5.66583 0.000195373
7.2 5.35741 0.000184738
7.21 4.95721 0.000170938
7.22 4.4442 0.000153248
7.23 3.80419 0.000131179
7.24 3.04264 0.000104919
7.25 2.189 7.54827e-005
7.26 1.28769 4.4403e-005
7.27 0.382347 1.31844e-005
7.28 -0.497065 -1.71402e-005
7.29 -1.3403 -4.62171e-005
7.3 -2.1543 -7.42861e-005
7.31 -2.94837 -0.000101668
7.32 -3.72905 -0.000128588
7.33 -4.48551 -0.000154673
7.34 -5.18834 -0.000178908
7.35 -5.76848 -0.000198913
7.36 -6.18516 -0.000213281
7.37 -6.43873 -0.000222025
7.38 -6.56895 -0.000226516
7.39 -6.59318 -0.000227351
7.4 -6.51269 -0.000224576
7.41 -6.32874 -0.000218232
7.42 -6.05545 -0.000208809
7.43 -5.70701 -0.000196793
7.44 -5.27695 -0.000181964
7.45 -4.73962 -0.000163435
7.46 -4.07958 -0.000140675
7.47 -3.30836 -0.000114081
7.48 -2.47124 -8.52151e-005
7.49 -1.62636 -5.60815e-005
7.5 -0.822627 -2.83665e-005
7.51 -0.0868425 -2.99457e-006
7.52 0.567951 1.95845e-005
7.53 1.13338 3.90822e-005
7.54 1.62606 5.6071e-005
7.55 2.06259 7.11236e-005
7.56 2.47763 8.54354e-005
7.57 2.90158 0.000100054
7.58 3.3389 0.000115134
7.59 3.73631 0.000128838
7.6 4.02668 0.000138851
7.61 4.18033 0.000144149
7.62 4.21629 0.000145389
7.63 4.18407 0.000144278
7.64 4.13269 0.000142506
7.65 4.08917 0.000141006
7.66 4.0516 0.00013971
7.67 4.00022 0.000137939
7.68 3.92016 0.000135178
7.69 3.81757 0.00013164
7.7 3.70299 0.000127689
7.71 3.56848 0.000123051
7.72 3.39266 0.000116988
7.73 3.16737 0.00010922
7.74 2.90101 0.000100035
7.75 2.60783 8.99251e-005
7.76 2.30832 7.95973e-005
7.77 2.00883 6.92699e-005
7.78 1.70644 5.88427e-005
7.79 1.39495 4.81016e-005
7.8 1.08296 3.73435e-005
7.81 0.761962 2.62745e-005
7.82 0.417617 1.44006e-005
7.83 0.0230006 7.93126e-007
7.84 -0.458247 -1.58016e-005
7.85 -1.0294 -3.54965e-005
7.86 -1.65849 -5.71892e-005
7.87 -2.29896 -7.92746e-005
7.88 -2.90388 -0.000100134
7.89 -3.42958 -0.000118261
7.9 -3.84012 -0.000132418
7.91 -4.11334 -0.000141839
7.92 -4.25236 -0.000146633
7.93 -4.29017 -0.000147937
7.94 -4.2767 -0.000147473
7.95 -4.25209 -0.000146624
7.96 -4.21812 -0.000145452
7.97 -4.15041 -0.000143118
7.98 -4.02499 -0.000138793
7.99 -3.80884 -0.000131339
8 -3.48317 -0.000120109
8.01 -3.04332 -0.000104942
8.02 -2.48264 -8.56082e-005
8.03 -1.80142 -6.2118e-005
8.04 -1.01688 -3.50648e-005
8.05 -0.187071 -6.45071e-006
8.06 0.61805 2.13121e-005
8.07 1.36006 4.68987e-005
8.08 2.02955 6.99843e-005
8.09 2.62461 9.05037e-005
8.1 3.16882 0.00010927
8.11 3.65963 0.000126194
8.12 4.08984 0.000141029
8.13 4.46143 0.000153843
8.14 4.76817 0.00016442
8.15 5.00514 0.000172591
8.16 5.17557 0.000178468
8.17 5.28348 0.000182189
8.18 5.31938 0.000183427
8.19 5.26526 0.000181561
8.2 5.10809 0.000176141
8.21 4.85382 0.000167373
8.22 4.52448 0.000156016
8.23 4.17032 0.000143804
8.24 3.84407 0.000132554
8.25 3.57432 0.000123252
8.26 3.36798 0.000116137
8.27 3.2256 0.000111228
8.28 3.14514 0.000108453
8.29 3.10769 0.000107162
8.3 3.10183 0.00010696
8.31 3.12418 0.00010773
8.32 3.183 0.000109758
8.33 3.25518 0.000112247
8.34 3.31369 0.000114265
8.35 3.34517 0.000115351
8.36 3.34017 0.000115178
8.37 3.31707 0.000114382
8.38 3.29528 0.00011363
8.39 3.28275 0.000113198
8.4 3.28223 0.00011318
8.41 3.29696 0.000113688
8.42 3.32964 0.000114815
8.43 3.37725 0.000116457
8.44 3.42852 0.000118225
8.45 3.47994 0.000119998
8.46 3.52963 0.000121711
8.47 3.56982 0.000123097
8.48 3.59766 0.000124057
8.49 3.62886 0.000125133
8.5 3.68081 0.000126924
8.51 3.73842 0.000128911
8.52 3.78203 0.000130415
8.53 3.78948 0.000130672
8.54 3.7454 0.000129152
8.55 3.65224 0.000125939
8.56 3.52663 0.000121608
8.57 3.39096 0.00011693
8.58 3.2561 0.000112279
8.59 3.11727 0.000107492
8.6 2.96213 0.000102142
8.61 2.79472 9.63698e-005
8.62 2.6321 9.07622e-005
8.63 2.48229 8.55962e-005
8.64 2.35376 8.11642e-005
8.65 2.26014 7.79357e-005
8.66 2.21234 7.62874e-005
8.67 2.20794 7.61358e-005
8.68 2.23302 7.70005e-005
8.69 2.2715 7.83276e-005
8.7 2.31481 7.98211e-005
8.71 2.36122 8.14214e-005
8.72 2.40105 8.27947e-005
8.73 2.40909 8.30719e-005
8.74 2.36053 8.13974e-005
8.75 2.2533 7.76999e-005
8.76 2.10629 7.26308e-005
8.77 1.94325 6.70085e-005
8.78 1.76802 6.09664e-005
8.79 1.5841 5.46243e-005
8.8 1.36285 4.69949e-005
8.81 1.04124 3.59049e-005
8.82 0.603394 2.08067e-005
8.83 0.0668858 2.30641e-006
8.84 -0.513767 -1.77161e-005
8.85 -1.06561 -3.67451e-005
8.86 -1.53538 -5.29442e-005
8.87 -1.90094 -6.55496e-005
8.88 -2.18716 -7.54194e-005
8.89 -2.44059 -8.41584e-005
8.9 -2.70875 -9.34053e-005
8.91 -3.00897 -0.000103758
8.92 -3.3272 -0.000114731
8.93 -3.63417 -0.000125316
8.94 -3.90083 -0.000134511
8.95 -4.09836 -0.000141323
8.96 -4.19944 -0.000144808
8.97 -4.19246 -0.000144568
8.98 -4.08599 -0.000140896
8.99 -3.89913 -0.000134453
9 -3.65563 -0.000126056
9.01 -3.38155 -0.000116605
9.02 -3.10124 -0.000106939
9.03 -2.83365 -9.7712e-005
9.04 -2.58696 -8.92055e-005
9.05 -2.34909 -8.10032e-005
9.06 -2.09263 -7.21598e-005
9.07 -1.761 -6.0724e-005
9.08 -1.32941 -4.58417e-005
9.09 -0.80528 -2.77683e-005
9.1 -0.195753 -6.7501e-006
9.11 0.485385 1.67374e-005
9.12 1.21153 4.17771e-005
9.13 1.95357 6.73644e-005
9.14 2.67615 9.22812e-005
9.15 3.34035 0.000115184
9.16 3.90899 0.000134793
9.17 4.36213 0.000150418
9.18 4.7147 0.000162576
9.19 5.00659 0.000172641
9.2 5.29163 0.00018247
9.21 5.59574 0.000192957
9.22 5.90821 0.000203731
9.23 6.20834 0.000214081
9.24 6.44508 0.000222244
9.25 6.58169 0.000226955
9.26 6.59953 0.00022757
9.27 6.49003 0.000223794
9.28 6.23058 0.000214848
9.29 5.80301 0.000200104
9.3 5.21671 0.000179887
9.31 4.5154 0.000155703
9.32 3.75403 0.000129449
9.33 2.97249 0.0001025
9.34 2.19167 7.55748e-005
9.35 1.42179 4.90272e-005
9.36 0.66146 2.2809e-005
9.37 -0.0484197 -1.66964e-006
9.38 -0.727789 -2.50962e-005
9.39 -1.45726 -5.02505e-005
9.4 -2.25128 -7.76303e-005
9.41 -3.10181 -0.000106959
9.42 -4.00116 -0.000137971
9.43 -4.92802 -0.000169932
9.44 -5.85076 -0.00020175
9.45 -6.73471 -0.000232231
9.46 -7.49963 -0.000258608
9.47 -8.11148 -0.000279706
9.48 -8.59425 -0.000296353
9.49 -8.96344 -0.000309084
9.5 -9.25374 -0.000319094
9.51 -9.4665 -0.000326431
9.52 -9.58251 -0.000330431
9.53 -9.58404 -0.000330484
9.54 -9.48261 -0.000326986
9.55 -9.29628 -0.000320561
9.56 -9.03031 -0.00031139
9.57 -8.68045 -0.000299326
9.58 -8.24096 -0.000284171
9.59 -7.719 -0.000266173
9.6 -7.13318 -0.000245972
9.61 -6.49517 -0.000223971
9.62 -5.80086 -0.00020003
9.63 -5.04129 -0.000173838
9.64 -4.2259 -0.000145721
9.65 -3.38162 -0.000116607
9.66 -2.53058 -8.72615e-005
9.67 -1.71566 -5.91608e-005
9.68 -0.948277 -3.26992e-005
9.69 -0.212046 -7.31194e-006
9.7 0.513032 1.76907e-005
9.71 1.2435 4.28794e-005
9.72 1.97734 6.8184e-005
9.73 2.71531 9.36315e-005
9.74 3.4404 0.000118634
9.75 4.11441 0.000141876
9.76 4.6957 0.000161921
9.77 5.16923 0.000178249
9.78 5.54626 0.00019125
9.79 5.84333 0.000201494
9.8 6.07653 0.000209536
9.81 6.22913 0.000214798
9.82 6.27526 0.000216388
9.83 6.20943 0.000214118
9.84 6.03367 0.000208057
9.85 5.76303 0.000198725
9.86 5.41813 0.000186832
9.87 5.00933 0.000172735
9.88 4.54085 0.000156581
9.89 4.01599 0.000138483
9.9 3.43893 0.000118584
9.91 2.81071 9.69209e-005
9.92 2.13323 7.35596e-005
9.93 1.43892 4.96181e-005
9.94 0.750534 2.58805e-005
9.95 0.0395366 1.36333e-006
9.96 -0.708669 -2.44369e-005
9.97 -1.47919 -5.10066e-005
9.98 -2.2527 -7.76792e-005
9.99 -3.00506 -0.000103623
10 -3.67786 -0.000126823
