0.1 0.0460847 1.58913e-006
0.2 0.0921903 3.17898e-006
0.3 0.138317 4.76955e-006
0.4 0.184465 6.36086e-006
0.5 0.230634 7.95289e-006
0.6 0.276824 9.54566e-006
0.7 0.323036 1.11392e-005
0.8 0.369269 1.27334e-005
0.9 0.415523 1.43284e-005
1 0.4618 1.59241e-005
0.01 4.55471 0.000157059
0.02 -1.07241 -3.69798e-005
0.03 1.2044 4.15312e-005
0.04 0.213219 7.35238e-006
0.05 0.616691 2.12652e-005
0.06 0.445282 1.53546e-005
0.07 0.514724 1.77491e-005
0.08 0.500292 1.72515e-005
0.09 0.529994 1.82756e-005
0.1 0.538513 1.85694e-005
0.11 0.548099 1.89e-005
0.12 0.551068 1.90023e-005
0.13 0.548966 1.89299e-005
0.14 0.537442 1.85325e-005
0.15 0.519747 1.79223e-005
0.16 0.501718 1.73006e-005
0.17 0.487824 1.68215e-005
0.18 0.479516 1.6535e-005
0.19 0.477536 1.64668e-005
0.2 0.482114 1.66246e-005
0.21 0.49144 1.69462e-005
0.22 0.501652 1.72983e-005
0.23 0.508964 1.75505e-005
0.24 0.511285 1.76305e-005
0.25 0.508116 1.75212e-005
0.26 0.500002 1.72414e-005
0.27 0.488456 1.68433e-005
0.28 0.475835 1.64081e-005
0.29 0.464624 1.60215e-005
0.3 0.456574 1.57439e-005
0.31 0.452361 1.55986e-005
0.32 0.451806 1.55795e-005
0.33 0.454183 1.56615e-005
0.34 0.458297 1.58033e-005
0.35 0.46268 1.59545e-005
0.36 0.46601 1.60693e-005
0.37 0.467452 1.6119e-005
0.38 0.466747 1.60947e-005
0.39 0.464136 1.60047e-005
0.4 0.460253 1.58708e-005
0.41 0.455969 1.57231e-005
0.42 0.452256 1.5595e-005
0.43 0.450057 1.55192e-005
0.44 0.450122 1.55214e-005
0.45 0.45283 1.56148e-005
0.46 0.45804 1.57945e-005
0.47 0.46506 1.60365e-005
0.48 0.4729 1.63069e-005
0.49 0.48053 1.657e-005
0.5 0.486985 1.67926e-005
0.51 0.491554 1.69501e-005
0.52 0.494085 1.70374e-005
0.53 0.494997 1.70689e-005
0.54 0.494959 1.70675e-005
0.55 0.494629 1.70562e-005
0.56 0.494761 1.70607e-005
0.57 0.49631 1.71141e-005
0.58 0.500013 1.72418e-005
0.59 0.505772 1.74404e-005
0.6 0.512608 1.76761e-005
0.61 0.519261 1.79056e-005
0.62 0.524791 1.80962e-005
0.63 0.528544 1.82257e-005
0.64 0.530096 1.82792e-005
0.65 0.529685 1.8265e-005
0.66 0.528148 1.8212e-005
0.67 0.5262 1.81448e-005
0.68 0.524267 1.80782e-005
0.69 0.522737 1.80254e-005
0.7 0.521824 1.79939e-005
0.71 0.521327 1.79768e-005
0.72 0.520807 1.79588e-005
0.73 0.519952 1.79294e-005
0.74 0.518821 1.78904e-005
0.75 0.517724 1.78526e-005
0.76 0.516748 1.78189e-005
0.77 0.515539 1.77772e-005
0.78 0.513516 1.77075e-005
0.79 0.510348 1.75982e-005
0.8 0.506253 1.7457e-005
0.81 0.501677 1.72992e-005
0.82 0.496866 1.71333e-005
0.83 0.491995 1.69653e-005
0.84 0.48739 1.68066e-005
0.85 0.483257 1.6664e-005
0.86 0.479541 1.65359e-005
0.87 0.476557 1.6433e-005
0.88 0.474947 1.63775e-005
0.89 0.474574 1.63646e-005
0.9 0.474251 1.63535e-005
0.91 0.472948 1.63085e-005
0.92 0.471122 1.62456e-005
0.93 0.470352 1.6219e-005
0.94 0.471526 1.62595e-005
0.95 0.473936 1.63426e-005
0.96 0.476177 1.64199e-005
0.97 0.477802 1.64759e-005
0.98 0.479819 1.65455e-005
0.99 0.483169 1.6661e-005
1 0.487539 1.68117e-005
1.01 0.492075 1.69681e-005
1.02 0.496227 1.71113e-005
1.03 0.499751 1.72328e-005
1.04 0.502719 1.73351e-005
1.05 0.505613 1.74349e-005
1.06 0.509018 1.75524e-005
1.07 0.513029 1.76907e-005
1.08 0.516848 1.78223e-005
1.09 0.519678 1.79199e-005
1.1 0.522136 1.80047e-005
1.11 0.525598 1.81241e-005
1.12 0.530251 1.82845e-005
1.13 0.534748 1.84396e-005
1.14 0.537608 1.85382e-005
1.15 0.537722 1.85421e-005
1.16 0.534385 1.84271e-005
1.17 0.528511 1.82245e-005
1.18 0.522518 1.80179e-005
1.19 0.518453 1.78777e-005
1.2 0.516869 1.78231e-005
1.21 0.517015 1.78281e-005
1.22 0.517687 1.78513e-005
1.23 0.51783 1.78562e-005
1.24 0.516627 1.78147e-005
1.25 0.513339 1.77014e-005
1.26 0.507508 1.75003e-005
1.27 0.499524 1.7225e-005
1.28 0.490554 1.69156e-005
1.29 0.482227 1.66285e-005
1.3 0.476201 1.64207e-005
1.31 0.473032 1.63114e-005
1.32 0.471832 1.62701e-005
1.33 0.471119 1.62455e-005
1.34 0.469011 1.61728e-005
1.35 0.463796 1.5993e-005
1.36 0.455892 1.57204e-005
1.37 0.447812 1.54418e-005
1.38 0.44187 1.52369e-005
1.39 0.43842 1.51179e-005
1.4 0.436214 1.50418e-005
1.41 0.435114 1.50039e-005
1.42 0.436838 1.50634e-005
1.43 0.442157 1.52468e-005
1.44 0.449912 1.55142e-005
1.45 0.458529 1.58114e-005
1.46 0.467121 1.61076e-005
1.47 0.476122 1.6418e-005
1.48 0.487543 1.68118e-005
1.49 0.504044 1.73808e-005
1.5 0.52657 1.81576e-005
1.51 0.552166 1.90402e-005
1.52 0.575216 1.9835e-005
1.53 0.592376 2.04268e-005
1.54 0.604901 2.08586e-005
1.55 0.615545 2.12257e-005
1.56 0.625882 2.15821e-005
1.57 0.636471 2.19473e-005
1.58 0.647154 2.23157e-005
1.59 0.657174 2.26612e-005
1.6 0.666282 2.29752e-005
1.61 0.675502 2.32932e-005
1.62 0.68521 2.36279e-005
1.63 0.691593 2.3848e-005
1.64 0.687006 2.36899e-005
1.65 0.666642 2.29877e-005
1.66 0.633879 2.18579e-005
1.67 0.597943 2.06187e-005
1.68 0.567337 1.95633e-005
1.69 0.545509 1.88107e-005
1.7 0.531617 1.83316e-005
1.71 0.522741 1.80255e-005
1.72 0.514366 1.77368e-005
1.73 0.501539 1.72945e-005
1.74 0.481084 1.65891e-005
1.75 0.452198 1.5593e-005
1.76 0.416081 1.43476e-005
1.77 0.376514 1.29832e-005
1.78 0.340192 1.17308e-005
1.79 0.313735 1.08184e-005
1.8 0.299081 1.03131e-005
1.81 0.292889 1.00996e-005
1.82 0.289968 9.99889e-006
1.83 0.28656 9.88137e-006
1.84 0.281369 9.70239e-006
1.85 0.275532 9.50112e-006
1.86 0.27194 9.37725e-006
1.87 0.272035 9.38051e-006
1.88 0.272594 9.39979e-006
1.89 0.2691 9.2793e-006
1.9 0.263166 9.0747e-006
1.91 0.262592 9.0549e-006
1.92 0.274157 9.45369e-006
1.93 0.299635 1.03322e-005
1.94 0.336943 1.16187e-005
1.95 0.382015 1.31729e-005
1.96 0.429055 1.4795e-005
1.97 0.471326 1.62526e-005
1.98 0.504604 1.74001e-005
1.99 0.529537 1.82599e-005
2 0.550604 1.89863e-005
2.01 0.573684 1.97822e-005
2.02 0.603649 2.08155e-005
2.03 0.643331 2.21838e-005
2.04 0.692762 2.38883e-005
2.05 0.747081 2.57614e-005
2.06 0.797821 2.75111e-005
2.07 0.839126 2.89354e-005
2.08 0.870806 3.00278e-005
2.09 0.895097 3.08654e-005
2.1 0.91253 3.14665e-005
2.11 0.921999 3.17931e-005
2.12 0.924291 3.18721e-005
2.13 0.922892 3.18239e-005
2.14 0.92131 3.17693e-005
2.15 0.920666 3.17471e-005
2.16 0.918573 3.16749e-005
2.17 0.910825 3.14078e-005
2.18 0.895136 3.08667e-005
2.19 0.871595 3.0055e-005
2.2 0.83966 2.89538e-005
2.21 0.798262 2.75263e-005
2.22 0.748685 2.58167e-005
2.23 0.694684 2.39546e-005
2.24 0.63961 2.20555e-005
2.25 0.584664 2.01608e-005
2.26 0.530236 1.8284e-005
2.27 0.476299 1.64241e-005
2.28 0.421314 1.45281e-005
2.29 0.363702 1.25415e-005
2.3 0.303947 1.04809e-005
2.31 0.24383 8.40792e-006
2.32 0.185213 6.38664e-006
2.33 0.130278 4.49234e-006
2.34 0.0813746 2.80602e-006
2.35 0.0402606 1.3883e-006
2.36 0.00770792 2.6579e-007
2.37 -0.0157344 -5.42565e-007
2.38 -0.0297834 -1.02701e-006
2.39 -0.0362687 -1.25065e-006
2.4 -0.0375089 -1.29341e-006
2.41 -0.0327522 -1.12939e-006
2.42 -0.0196803 -6.7863e-007
2.43 0.00285024 9.82842e-008
2.44 0.0354715 1.22315e-006
2.45 0.0784963 2.70677e-006
2.46 0.130431 4.49763e-006
2.47 0.188331 6.49418e-006
2.48 0.249784 8.61324e-006
2.49 0.31385 1.08224e-005
2.5 0.381034 1.31391e-005
2.51 0.45206 1.55883e-005
2.52 0.526273 1.81473e-005
2.53 0.602025 2.07595e-005
2.54 0.677316 2.33557e-005
2.55 0.749823 2.5856e-005
2.56 0.817581 2.81924e-005
2.57 0.879366 3.0323e-005
2.58 0.934622 3.22283e-005
2.59 0.983923 3.39284e-005
2.6 1.02873 3.54736e-005
2.61 1.0693 3.68724e-005
2.62 1.10325 3.8043e-005
2.63 1.12723 3.88699e-005
2.64 1.14094 3.93427e-005
2.65 1.14901 3.9621e-005
2.66 1.15639 3.98755e-005
2.67 1.1624 4.00826e-005
2.68 1.16092 4.00316e-005
2.69 1.14616 3.95227e-005
2.7 1.11805 3.85533e-005
2.71 1.08174 3.73013e-005
2.72 1.04223 3.59391e-005
2.73 0.999803 3.4476e-005
2.74 0.95074 3.27841e-005
2.75 0.892281 3.07683e-005
2.76 0.825313 2.84591e-005
2.77 0.752746 2.59567e-005
2.78 0.676386 2.33237e-005
2.79 0.595075 2.05198e-005
2.8 0.506643 1.74704e-005
2.81 0.412916 1.42385e-005
2.82 0.320598 1.10551e-005
2.83 0.236316 8.14884e-006
2.84 0.162539 5.60478e-006
2.85 0.0976239 3.36634e-006
2.86 0.0386681 1.33338e-006
2.87 -0.0166287 -5.73405e-007
2.88 -0.0700208 -2.41451e-006
2.89 -0.121609 -4.19342e-006
2.9 -0.168542 -5.81181e-006
2.91 -0.207037 -7.13921e-006
2.92 -0.235336 -8.11502e-006
2.93 -0.252969 -8.72306e-006
2.94 -0.258893 -8.92733e-006
2.95 -0.252226 -8.69745e-006
2.96 -0.233267 -8.04369e-006
2.97 -0.201997 -6.96541e-006
2.98 -0.156943 -5.41184e-006
2.99 -0.0974706 -3.36105e-006
3 -0.0265101 -9.1414e-007
3.01 0.0505315 1.74247e-006
3.02 0.129652 4.47077e-006
3.03 0.210505 7.25881e-006
3.04 0.296012 1.02073e-005
3.05 0.389641 1.34359e-005
3.06 0.492342 1.69773e-005
3.07 0.601904 2.07553e-005
3.08 0.714058 2.46227e-005
3.09 0.824831 2.84425e-005
3.1 0.932074 3.21405e-005
3.11 1.03287 3.56162e-005
3.12 1.12104 3.86565e-005
3.13 1.19023 4.10426e-005
3.14 1.23956 4.27435e-005
3.15 1.27501 4.39657e-005
3.16 1.30517 4.5006e-005
3.17 1.33643 4.6084e-005
3.18 1.37028 4.72511e-005
3.19 1.40181 4.83383e-005
3.2 1.42248 4.90509e-005
3.21 1.42696 4.92054e-005
3.22 1.41655 4.88467e-005
3.23 1.39543 4.81183e-005
3.24 1.36613 4.71079e-005
3.25 1.32905 4.58294e-005
3.26 1.28241 4.42211e-005
3.27 1.22161 4.21243e-005
3.28 1.14233 3.93905e-005
3.29 1.04585 3.60639e-005
3.3 0.939922 3.24111e-005
3.31 0.833902 2.87552e-005
3.32 0.733324 2.52871e-005
3.33 0.639199 2.20414e-005
3.34 0.55165 1.90224e-005
3.35 0.470379 1.622e-005
3.36 0.391148 1.34878e-005
3.37 0.306188 1.05582e-005
3.38 0.209353 7.21907e-006
3.39 0.100621 3.46969e-006
3.4 -0.012093 -4.17002e-007
3.41 -0.115057 -3.9675e-006
3.42 -0.195563 -6.74356e-006
3.43 -0.248985 -8.5857e-006
3.44 -0.279371 -9.6335e-006
3.45 -0.294401 -1.01517e-005
3.46 -0.300802 -1.03725e-005
3.47 -0.302703 -1.0438e-005
3.48 -0.301592 -1.03997e-005
3.49 -0.296647 -1.02292e-005
3.5 -0.284201 -9.80002e-006
3.51 -0.258425 -8.91121e-006
3.52 -0.216348 -7.46027e-006
3.53 -0.160981 -5.55108e-006
3.54 -0.0971402 -3.34966e-006
3.55 -0.0262074 -9.03705e-007
3.56 0.0546596 1.88481e-006
3.57 0.148839 5.13237e-006
3.58 0.255903 8.82425e-006
3.59 0.371039 1.27944e-005
3.6 0.486645 1.67809e-005
3.61 0.594826 2.05112e-005
3.62 0.691606 2.38485e-005
3.63 0.779222 2.68697e-005
3.64 0.863248 2.97672e-005
3.65 0.947831 3.26838e-005
3.66 1.0337 3.56449e-005
3.67 1.11993 3.86182e-005
3.68 1.20524 4.15599e-005
3.69 1.28589 4.4341e-005
3.7 1.35505 4.67257e-005
3.71 1.40603 4.84837e-005
3.72 1.43423 4.94562e-005
3.73 1.43814 4.9591e-005
3.74 1.42145 4.90155e-005
3.75 1.39105 4.79674e-005
3.76 1.35212 4.66249e-005
3.77 1.30657 4.50542e-005
3.78 1.25454 4.32601e-005
3.79 1.19533 4.12184e-005
3.8 1.12739 3.88756e-005
3.81 1.04951 3.61899e-005
3.82 0.963441 3.32221e-005
3.83 0.873407 3.01175e-005
3.84 0.781017 2.69316e-005
3.85 0.683168 2.35575e-005
3.86 0.577294 1.99067e-005
3.87 0.466561 1.60883e-005
3.88 0.35793 1.23424e-005
3.89 0.257095 8.86533e-006
3.9 0.166724 5.74909e-006
3.91 0.0888351 3.06328e-006
3.92 0.0269836 9.3047e-007
3.93 -0.0170444 -5.87738e-007
3.94 -0.047218 -1.62821e-006
3.95 -0.0698723 -2.40939e-006
3.96 -0.0883808 -3.04761e-006
3.97 -0.103544 -3.5705e-006
3.98 -0.115555 -3.98465e-006
3.99 -0.123378 -4.25443e-006
4 -0.122311 -4.21764e-006
4.01 -0.103907 -3.58301e-006
4.02 -0.0628432 -2.16701e-006
4.03 -0.00275508 -9.50028e-008
4.04 0.0681279 2.34924e-006
4.05 0.142468 4.91267e-006
4.06 0.213207 7.35197e-006
4.07 0.274951 9.48106e-006
4.08 0.329307 1.13554e-005
4.09 0.384887 1.3272e-005
4.1 0.450646 1.55395e-005
4.11 0.531036 1.83116e-005
4.12 0.624467 2.15334e-005
4.13 0.723213 2.49384e-005
4.14 0.817854 2.82019e-005
4.15 0.902719 3.11282e-005
4.16 0.975716 3.36454e-005
4.17 1.03616 3.57296e-005
4.18 1.08391 3.73762e-005
4.19 1.11961 3.86074e-005
4.2 1.14571 3.95072e-005
4.21 1.16507 4.01749e-005
4.22 1.17782 4.06145e-005
4.23 1.18275 4.07844e-005
4.24 1.18041 4.07038e-005
4.25 1.17042 4.03594e-005
4.26 1.15005 3.9657e-005
4.27 1.11748 3.85336e-005
4.28 1.07243 3.69802e-005
4.29 1.01553 3.50183e-005
4.3 0.950256 3.27675e-005
4.31 0.881923 3.04111e-005
4.32 0.812882 2.80304e-005
4.33 0.741676 2.5575e-005
4.34 0.667048 2.30016e-005
4.35 0.590068 2.03472e-005
4.36 0.512391 1.76686e-005
4.37 0.434975 1.49991e-005
4.38 0.359297 1.23896e-005
4.39 0.28974 9.99102e-006
4.4 0.232662 8.02281e-006
4.41 0.190597 6.57231e-006
4.42 0.159211 5.49003e-006
4.43 0.130246 4.49124e-006
4.44 0.0957711 3.30245e-006
4.45 0.0530498 1.8293e-006
4.46 0.00787882 2.71683e-007
4.47 -0.0293431 -1.01183e-006
4.48 -0.0507031 -1.74838e-006
4.49 -0.052224 -1.80083e-006
4.5 -0.0322591 -1.11238e-006
4.51 0.00642333 2.21494e-007
4.52 0.0551703 1.90242e-006
4.53 0.105645 3.64295e-006
4.54 0.155717 5.36955e-006
4.55 0.206669 7.12652e-006
4.56 0.259565 8.9505e-006
4.57 0.315457 1.08778e-005
4.58 0.374626 1.29181e-005
4.59 0.434537 1.49841e-005
4.6 0.490603 1.69174e-005
4.61 0.541338 1.86668e-005
4.62 0.591927 2.04113e-005
4.63 0.648785 2.23719e-005
4.64 0.710334 2.44943e-005
4.65 0.766532 2.64321e-005
4.66 0.807292 2.78376e-005
4.67 0.829092 2.85894e-005
4.68 0.835038 2.87944e-005
4.69 0.830424 2.86353e-005
4.7 0.818005 2.82071e-005
4.71 0.79738 2.74959e-005
4.72 0.768931 2.65149e-005
4.73 0.735355 2.53571e-005
4.74 0.698491 2.40859e-005
4.75 0.657936 2.26874e-005
4.76 0.611739 2.10944e-005
4.77 0.556375 1.91854e-005
4.78 0.489748 1.68879e-005
4.79 0.415655 1.43329e-005
4.8 0.341667 1.17816e-005
4.81 0.273212 9.42111e-006
4.82 0.211746 7.3016e-006
4.83 0.155917 5.37644e-006
4.84 0.102369 3.52996e-006
4.85 0.0481969 1.66196e-006
4.86 -0.00337409 -1.16348e-007
4.87 -0.0436093 -1.50377e-006
4.88 -0.0682584 -2.35374e-006
4.89 -0.0812461 -2.80159e-006
4.9 -0.0877583 -3.02615e-006
4.91 -0.0895132 -3.08666e-006
4.92 -0.0878971 -3.03093e-006
4.93 -0.0868832 -2.99597e-006
4.94 -0.0882132 -3.04183e-006
4.95 -0.0862061 -2.97262e-006
4.96 -0.071936 -2.48055e-006
4.97 -0.0406699 -1.40241e-006
4.98 0.00757882 2.61339e-007
4.99 0.0709248 2.44568e-006
5 0.142985 4.93053e-006
5.01 0.211596 7.2964e-006
5.02 0.268013 9.24182e-006
5.03 0.314273 1.0837e-005
5.04 0.357671 1.23335e-005
5.05 0.403862 1.39263e-005
5.06 0.457504 1.5776e-005
5.07 0.520499 1.79482e-005
5.08 0.586951 2.02397e-005
5.09 0.646232 2.22839e-005
5.1 0.690776 2.38199e-005
5.11 0.717276 2.47337e-005
5.12 0.723345 2.49429e-005
5.13 0.70974 2.44738e-005
5.14 0.685688 2.36444e-005
5.15 0.664776 2.29233e-005
5.16 0.653127 2.25216e-005
5.17 0.646517 2.22937e-005
5.18 0.636905 2.19622e-005
5.19 0.615345 2.12188e-005
5.2 0.571681 1.97131e-005
5.21 0.500628 1.7263e-005
5.22 0.411057 1.41744e-005
5.23 0.322716 1.11281e-005
5.24 0.253315 8.735e-006
5.25 0.212045 7.3119e-006
5.26 0.198921 6.85935e-006
5.27 0.205641 7.09108e-006
5.28 0.221135 7.62534e-006
5.29 0.237525 8.19051e-006
5.3 0.248528 8.56992e-006
5.31 0.247843 8.54631e-006
5.32 0.235165 8.10912e-006
5.33 0.219499 7.56892e-006
5.34 0.213528 7.36305e-006
5.35 0.226454 7.80876e-006
5.36 0.261414 9.01426e-006
5.37 0.318501 1.09828e-005
5.38 0.396853 1.36846e-005
5.39 0.49154 1.69497e-005
5.4 0.591568 2.03989e-005
5.41 0.683523 2.35698e-005
5.42 0.756526 2.60871e-005
5.43 0.806658 2.78158e-005
5.44 0.839367 2.89437e-005
5.45 0.865225 2.98353e-005
5.46 0.892314 3.07695e-005
5.47 0.923095 3.18309e-005
5.48 0.956044 3.2967e-005
5.49 0.987721 3.40593e-005
5.5 1.01614 3.50392e-005
5.51 1.04183 3.59253e-005
5.52 1.06166 3.6609e-005
5.53 1.06687 3.67888e-005
5.54 1.05115 3.62464e-005
5.55 1.01335 3.49431e-005
5.56 0.953887 3.28927e-005
5.57 0.876263 3.0216e-005
5.58 0.790604 2.72622e-005
5.59 0.710654 2.45053e-005
5.6 0.647339 2.2322e-005
5.61 0.604557 2.08468e-005
5.62 0.578547 1.99499e-005
5.63 0.557675 1.92302e-005
5.64 0.527952 1.82053e-005
5.65 0.481077 1.65889e-005
5.66 0.419361 1.44607e-005
5.67 0.3538 1.22e-005
5.68 0.295746 1.01981e-005
5.69 0.248548 8.57062e-006
5.7 0.207324 7.14909e-006
5.71 0.16654 5.74277e-006
5.72 0.125217 4.31784e-006
5.73 0.0852943 2.94118e-006
5.74 0.0461956 1.59295e-006
5.75 0.00248105 8.55535e-008
5.76 -0.0521261 -1.79745e-006
5.77 -0.11925 -4.11208e-006
5.78 -0.194614 -6.71081e-006
5.79 -0.268938 -9.27372e-006
5.8 -0.329233 -1.13529e-005
5.81 -0.365471 -1.26025e-005
5.82 -0.383479 -1.32234e-005
5.83 -0.406967 -1.40333e-005
5.84 -0.456629 -1.57458e-005
5.85 -0.527682 -1.81959e-005
5.86 -0.594685 -2.05064e-005
5.87 -0.630404 -2.17381e-005
5.88 -0.622182 -2.14546e-005
5.89 -0.573106 -1.97623e-005
5.9 -0.495575 -1.70888e-005
5.91 -0.402243 -1.38705e-005
5.92 -0.302294 -1.04239e-005
5.93 -0.201897 -6.96197e-006
5.94 -0.100474 -3.46463e-006
5.95 0.0114938 3.96338e-007
5.96 0.147106 5.07262e-006
5.97 0.314326 1.08388e-005
5.98 0.511716 1.76454e-005
5.99 0.732937 2.52737e-005
6 0.975453 3.36363e-005
6.01 1.24307 4.28646e-005
6.02 1.53941 5.30831e-005
6.03 1.8647 6.42999e-005
6.04 2.21501 7.63795e-005
6.05 2.5762 8.88344e-005
6.06 2.9239 0.000100824
6.07 3.23199 0.000111448
6.08 3.48 0.00012
6.09 3.65991 0.000126204
6.1 3.77776 0.000130268
6.11 3.84463 0.000132574
6.12 3.86817 0.000133385
6.13 3.85094 0.000132791
6.14 3.78677 0.000130578
6.15 3.65955 0.000126191
6.16 3.45279 0.000119062
6.17 3.15836 0.000108909
6.18 2.77896 9.58263e-005
6.19 2.33125 8.03878e-005
6.2 1.84649 6.36722e-005
6.21 1.35613 4.67632e-005
6.22 0.871864 3.00643e-005
6.23 0.382868 1.32024e-005
6.24 -0.125229 -4.31823e-006
6.25 -0.649122 -2.23835e-005
6.26 -1.15727 -3.9906e-005
6.27 -1.60305 -5.52774e-005
6.28 -1.95057 -6.72612e-005
6.29 -2.19719 -7.57652e-005
6.3 -2.37412 -8.18662e-005
6.31 -2.51918 -8.68683e-005
6.32 -2.64462 -9.1194e-005
6.33 -2.73454 -9.42945e-005
6.34 -2.76063 -9.51942e-005
6.35 -2.69949 -9.30857e-005
6.36 -2.54821 -8.78692e-005
6.37 -2.33559 -8.05378e-005
6.38 -2.1144 -7.29102e-005
6.39 -1.92263 -6.62976e-005
6.4 -1.75335 -6.04603e-005
6.41 -1.57361 -5.42623e-005
6.42 -1.35782 -4.68215e-005
6.43 -1.09239 -3.76685e-005
6.44 -0.771896 -2.66171e-005
6.45 -0.406695 -1.4024e-005
6.46 -0.022595 -7.79137e-007
6.47 0.354995 1.22412e-005
6.48 0.718025 2.47595e-005
6.49 1.07241 3.69796e-005
6.5 1.42421 4.91107e-005
6.51 1.77171 6.10933e-005
6.52 2.11176 7.28193e-005
6.53 2.45014 8.44876e-005
6.54 2.79871 9.65071e-005
6.55 3.15582 0.000108821
6.56 3.49718 0.000120593
6.57 3.78741 0.0001306
6.58 3.99586 0.000137788
6.59 4.10934 0.000141701
6.6 4.13772 0.00014268
6.61 4.10325 0.000141491
6.62 4.02322 0.000138732
6.63 3.90192 0.000134549
6.64 3.73261 0.000128711
6.65 3.5051 0.000120866
6.66 3.21563 0.000110884
6.67 2.86971 9.89555e-005
6.68 2.47543 8.53598e-005
6.69 2.03743 7.02561e-005
6.7 1.56176 5.38538e-005
6.71 1.06619 3.67652e-005
6.72 0.580206 2.00071e-005
6.73 0.126599 4.36549e-006
6.74 -0.297293 -1.02515e-005
6.75 -0.716199 -2.46965e-005
6.76 -1.15932 -3.99767e-005
6.77 -1.64319 -5.66617e-005
6.78 -2.17277 -7.4923e-005
6.79 -2.73173 -9.41975e-005
6.8 -3.29042 -0.000113463
6.81 -3.81364 -0.000131505
6.82 -4.27349 -0.000147362
6.83 -4.65345 -0.000160464
6.84 -4.93843 -0.000170291
6.85 -5.11748 -0.000176465
6.86 -5.19421 -0.000179111
6.87 -5.18487 -0.000178789
6.88 -5.10217 -0.000175937
6.89 -4.94364 -0.00017047
6.9 -4.69655 -0.00016195
6.91 -4.35541 -0.000150187
6.92 -3.93312 -0.000135625
6.93 -3.4478 -0.00011889
6.94 -2.90279 -0.000100096
6.95 -2.28606 -7.88298e-005
6.96 -1.59078 -5.48546e-005
6.97 -0.831673 -2.86784e-005
6.98 -0.0425898 -1.46861e-006
6.99 0.733591 2.52962e-005
7 1.4648 5.05104e-005
7.01 2.11685 7.29948e-005
7.02 2.65908 9.16924e-005
7.03 3.08338 0.000106323
7.04 3.41857 0.000117882
7.05 3.72951 0.000128604
7.06 4.07673 0.000140577
7.07 4.47938 0.000154461
7.08 4.93969 0.000170334
7.09 5.39224 0.000185939
7.1 5.7937 0.000199783
7.11 6.10599 0.000210551
7.12 6.31421 0.000217731
7.13 6.41268 0.000221127
7.14 6.41879 0.000221338
7.15 6.35941 0.00021929
7.16 6.2529 0.000215617
7.17 6.10838 0.000210634
7.18 5.92429 0.000204286
7.19 5.68881 0.000196166
7.2 5.38175 0.000185578
7.21 4.98323 0.000171836
7.22 4.47256 0.000154226
7.23 3.83575 0.000132267
7.24 3.078 0.000106138
7.25 2.22828 7.68372e-005
7.26 1.33044 4.58772e-005
7.27 0.427206 1.47312e-005
7.28 -0.451532 -1.55701e-005
7.29 -1.29629 -4.46998e-005
7.3 -2.11327 -7.28714e-005
7.31 -2.91077 -0.000100371
7.32 -3.69557 -0.000127433
7.33 -4.45558 -0.000153641
7.34 -5.16047 -0.000177947
7.35 -5.74165 -0.000197988
7.36 -6.16147 -0.000212465
7.37 -6.41622 -0.000221249
7.38 -6.54752 -0.000225777
7.39 -6.57306 -0.000226657
7.4 -6.49442 -0.000223946
7.41 -6.31325 -0.000217698
7.42 -6.04344 -0.000208394
7.43 -5.69944 -0.000196532
7.44 -5.27457 -0.000181882
7.45 -4.743 -0.000163552
7.46 -4.08868 -0.000140989
7.47 -3.32312 -0.00011459
7.48 -2.49107 -8.58989e-005
7.49 -1.64985 -5.68913e-005
7.5 -0.849158 -2.92813e-005
7.51 -0.114836 -3.95987e-006
7.52 0.538878 1.8582e-005
7.53 1.1036 3.80553e-005
7.54 1.59505 5.50019e-005
7.55 2.03023 7.0008e-005
7.56 2.44332 8.42523e-005
7.57 2.86478 9.87856e-005
7.58 3.29974 0.000113784
7.59 3.69566 0.000127436
7.6 3.98582 0.000137442
7.61 4.14088 0.000142789
7.62 4.17977 0.00014413
7.63 4.15151 0.000143155
7.64 4.10449 0.000141534
7.65 4.06547 0.000140189
7.66 4.03184 0.000139029
7.67 3.98351 0.000137362
7.68 3.90584 0.000134684
7.69 3.80508 0.00013121
7.7 3.6924 0.000127324
7.71 3.56014 0.000122763
7.72 3.38749 0.00011681
7.73 3.16656 0.000109192
7.74 2.90565 0.000100195
7.75 2.61778 9.02683e-005
7.76 2.32363 8.01252e-005
7.77 2.03014 7.0005e-005
7.78 1.7336 5.97792e-005
7.79 1.42764 4.92289e-005
7.8 1.12041 3.86349e-005
7.81 0.803092 2.76928e-005
7.82 0.461164 1.59022e-005
7.83 0.0676917 2.3342e-006
7.84 -0.41224 -1.42152e-005
7.85 -0.982892 -3.38928e-005
7.86 -1.611 -5.55519e-005
7.87 -2.25163 -7.76424e-005
7.88 -2.85678 -9.85095e-005
7.89 -3.38298 -0.000116654
7.9 -3.79409 -0.000130831
7.91 -4.06803 -0.000140277
7.92 -4.20788 -0.000145099
7.93 -4.24687 -0.000146444
7.94 -4.23483 -0.000146028
7.95 -4.21228 -0.000145251
7.96 -4.1817 -0.000144197
7.97 -4.11779 -0.000141993
7.98 -3.997 -0.000137828
7.99 -3.78669 -0.000130575
8 -3.46766 -0.000119574
8.01 -3.03481 -0.000104649
8.02 -2.48097 -8.55508e-005
8.03 -1.80601 -6.22763e-005
8.04 -1.02624 -3.53875e-005
8.05 -0.199457 -6.87783e-006
8.06 0.603838 2.0822e-005
8.07 1.34499 4.63789e-005
8.08 2.01414 6.94533e-005
8.09 2.60776 8.99226e-005
8.1 3.14911 0.00010859
8.11 3.63516 0.00012535
8.12 4.05913 0.00013997
8.13 4.42362 0.000152539
8.14 4.72261 0.000162849
8.15 4.95458 0.000170847
8.16 5.12225 0.000176629
8.17 5.23047 0.000180361
8.18 5.26933 0.000181701
8.19 5.22139 0.000180048
8.2 5.0713 0.000174872
8.21 4.82403 0.000166346
8.22 4.50053 0.000155191
8.23 4.14992 0.000143101
8.24 3.82473 0.000131887
8.25 3.55479 0.000122579
8.26 3.34722 0.000115421
8.27 3.20348 0.000110465
8.28 3.12358 0.00010771
8.29 3.0885 0.0001065
8.3 3.08741 0.000106463
8.31 3.11734 0.000107494
8.32 3.18596 0.000109861
8.33 3.27026 0.000112768
8.34 3.34215 0.000115247
8.35 3.38518 0.00011673
8.36 3.3888 0.000116855
8.37 3.3694 0.000116186
8.38 3.3484 0.000115462
8.39 3.33485 0.000114995
8.4 3.33265 0.000114919
8.41 3.34634 0.000115391
8.42 3.3797 0.000116541
8.43 3.42984 0.00011827
8.44 3.48572 0.000120197
8.45 3.54318 0.000122179
8.46 3.5989 0.0001241
8.47 3.64403 0.000125656
8.48 3.67424 0.000126698
8.49 3.70331 0.0001277
8.5 3.74955 0.000129295
8.51 3.79989 0.000131031
8.52 3.83585 0.000132271
8.53 3.83484 0.000132236
8.54 3.78316 0.000130454
8.55 3.6842 0.000127041
8.56 3.55464 0.000122574
8.57 3.41712 0.000117832
8.58 3.28192 0.00011317
8.59 3.14345 0.000108395
8.6 2.98837 0.000103047
8.61 2.81903 9.72079e-005
8.62 2.65296 9.14813e-005
8.63 2.49751 8.6121e-005
8.64 2.36115 8.14189e-005
8.65 2.25801 7.78625e-005
8.66 2.20011 7.58658e-005
8.67 2.18612 7.53836e-005
8.68 2.20317 7.59714e-005
8.69 2.23584 7.70981e-005
8.7 2.27605 7.84845e-005
8.71 2.32174 8.00602e-005
8.72 2.36275 8.14741e-005
8.73 2.37307 8.183e-005
8.74 2.32698 8.02406e-005
8.75 2.22135 7.65981e-005
8.76 2.07521 7.15591e-005
8.77 1.91141 6.59107e-005
8.78 1.73351 5.97764e-005
8.79 1.5448 5.3269e-005
8.8 1.32017 4.55231e-005
8.81 0.997539 3.43979e-005
8.82 0.560036 1.93116e-005
8.83 0.025798 8.89587e-007
8.84 -0.550833 -1.89942e-005
8.85 -1.09684 -3.78222e-005
8.86 -1.56006 -5.37951e-005
8.87 -1.91868 -6.61613e-005
8.88 -2.1978 -7.57864e-005
8.89 -2.44459 -8.42961e-005
8.9 -2.7063 -9.33206e-005
8.91 -3.00088 -0.000103479
8.92 -3.31469 -0.0001143
8.93 -3.61868 -0.000124782
8.94 -3.88276 -0.000133888
8.95 -4.07787 -0.000140616
8.96 -4.17646 -0.000144016
8.97 -4.16642 -0.00014367
8.98 -4.05617 -0.000139868
8.99 -3.86477 -0.000133268
9 -3.61623 -0.000124697
9.01 -3.33714 -0.000115074
9.02 -3.05254 -0.00010526
9.03 -2.78228 -9.59407e-005
9.04 -2.53484 -8.74083e-005
9.05 -2.29866 -7.9264e-005
9.06 -2.04672 -7.05767e-005
9.07 -1.7227 -5.94034e-005
9.08 -1.29849 -4.47755e-005
9.09 -0.781064 -2.69332e-005
9.1 -0.177731 -6.12864e-006
9.11 0.498819 1.72007e-005
9.12 1.22185 4.21329e-005
9.13 1.96246 6.76709e-005
9.14 2.68486 9.25813e-005
9.15 3.3492 0.00011549
9.16 3.91746 0.000135085
9.17 4.36866 0.000150644
9.18 4.71722 0.000162663
9.19 5.00292 0.000172515
9.2 5.28091 0.0001821
9.21 5.57612 0.00019228
9.22 5.87983 0.000202753
9.23 6.17209 0.000212831
9.24 6.40559 0.000220883
9.25 6.54217 0.000225592
9.26 6.56261 0.000226297
9.27 6.45762 0.000222676
9.28 6.20349 0.000213914
9.29 5.78071 0.000199335
9.3 5.19744 0.000179222
9.31 4.49692 0.000155066
9.32 3.73401 0.000128759
9.33 2.94935 0.000101702
9.34 2.16505 7.4657e-005
9.35 1.39268 4.80233e-005
9.36 0.631118 2.17627e-005
9.37 -0.0784977 -2.70682e-006
9.38 -0.752396 -2.59447e-005
9.39 -1.4739 -5.08243e-005
9.4 -2.25723 -7.78356e-005
9.41 -3.09824 -0.000106836
9.42 -3.98952 -0.00013757
9.43 -4.91151 -0.000169362
9.44 -5.83249 -0.00020112
9.45 -6.71918 -0.000231696
9.46 -7.48755 -0.000258192
9.47 -8.10251 -0.000279397
9.48 -8.5874 -0.000296117
9.49 -8.95645 -0.000308843
9.5 -9.24217 -0.000318696
9.51 -9.4486 -0.000325814
9.52 -9.55537 -0.000329496
9.53 -9.54808 -0.000329244
9.54 -9.43921 -0.00032549
9.55 -9.24777 -0.000318889
9.56 -8.97997 -0.000309654
9.57 -8.63144 -0.000297636
9.58 -8.19598 -0.00028262
9.59 -7.67986 -0.000264823
9.6 -7.09975 -0.000244819
9.61 -6.46676 -0.000222992
9.62 -5.77593 -0.00019917
9.63 -5.01849 -0.000173051
9.64 -4.20343 -0.000144946
9.65 -3.35939 -0.000115841
9.66 -2.50829 -8.64929e-005
9.67 -1.69309 -5.83824e-005
9.68 -0.927259 -3.19744e-005
9.69 -0.195057 -6.72612e-006
9.7 0.523516 1.80523e-005
9.71 1.24556 4.29504e-005
9.72 1.97039 6.79446e-005
9.73 2.69913 9.30735e-005
9.74 3.4159 0.00011779
9.75 4.08347 0.000140809
9.76 4.66084 0.000160719
9.77 5.13282 0.000176994
9.78 5.51012 0.000190004
9.79 5.80815 0.000200281
9.8 6.04148 0.000208327
9.81 6.19444 0.000213602
9.82 6.2394 0.000215152
9.83 6.17111 0.000212797
9.84 5.992 0.000206621
9.85 5.71766 0.000197161
9.86 5.36955 0.000185157
9.87 4.95885 0.000170995
9.88 4.49032 0.000154839
9.89 3.96705 0.000136795
9.9 3.39403 0.000117036
9.91 2.77107 9.55541e-005
9.92 2.09791 7.23417e-005
9.93 1.40642 4.84974e-005
9.94 0.722368 2.49092e-005
9.95 0.0158814 5.47636e-007
9.96 -0.729591 -2.51583e-005
9.97 -1.4985 -5.16723e-005
9.98 -2.27119 -7.83167e-005
9.99 -3.0226 -0.000104228
10 -3.69417 -0.000127385
