0.1 -0.0199595 -6.88259e-007
0.2 -0.0399541 -1.37773e-006
0.3 -0.0599838 -2.06841e-006
0.4 -0.0800487 -2.7603e-006
0.5 -0.100149 -3.45341e-006
0.6 -0.120285 -4.14775e-006
0.7 -0.140456 -4.84331e-006
0.8 -0.160663 -5.54009e-006
0.9 -0.180905 -6.23811e-006
1 -0.201183 -6.93736e-006
0.01 -0.137072 -4.72663e-006
0.02 -0.0594071 -2.04852e-006
0.03 -0.167467 -5.77471e-006
0.04 -0.239531 -8.25968e-006
0.05 -0.203334 -7.01153e-006
0.06 -0.191058 -6.58819e-006
0.07 -0.153223 -5.28356e-006
0.08 -0.128172 -4.41973e-006
0.09 -0.113407 -3.91057e-006
0.1 -0.118312 -4.07973e-006
0.11 -0.139508 -4.81064e-006
0.12 -0.171394 -5.91015e-006
0.13 -0.204466 -7.05054e-006
0.14 -0.230059 -7.93308e-006
0.15 -0.242347 -8.35678e-006
0.16 -0.240177 -8.28197e-006
0.17 -0.226941 -7.82556e-006
0.18 -0.209101 -7.21038e-006
0.19 -0.193825 -6.6836e-006
0.2 -0.186608 -6.43475e-006
0.21 -0.189598 -6.53785e-006
0.22 -0.201196 -6.93778e-006
0.23 -0.216965 -7.48157e-006
0.24 -0.231451 -7.98108e-006
0.25 -0.240183 -8.28217e-006
0.26 -0.241183 -8.31667e-006
0.27 -0.2356 -8.12415e-006
0.28 -0.227172 -7.83351e-006
0.29 -0.220735 -7.61154e-006
0.3 -0.220445 -7.60155e-006
0.31 -0.228376 -7.87505e-006
0.32 -0.243854 -8.40875e-006
0.33 -0.263637 -9.09094e-006
0.34 -0.283086 -9.76159e-006
0.35 -0.297751 -1.02673e-005
0.36 -0.304718 -1.05075e-005
0.37 -0.303378 -1.04613e-005
0.38 -0.295414 -1.01867e-005
0.39 -0.284071 -9.79556e-006
0.4 -0.273104 -9.41739e-006
0.41 -0.265608 -9.1589e-006
0.42 -0.263128 -9.0734e-006
0.43 -0.265313 -9.14871e-006
0.44 -0.270268 -9.3196e-006
0.45 -0.275442 -9.49801e-006
0.46 -0.278639 -9.60824e-006
0.47 -0.278789 -9.61341e-006
0.48 -0.27613 -9.52172e-006
0.49 -0.271949 -9.37756e-006
0.5 -0.26812 -9.24553e-006
0.51 -0.266361 -9.18485e-006
0.52 -0.267418 -9.22131e-006
0.53 -0.270778 -9.33716e-006
0.54 -0.275009 -9.48307e-006
0.55 -0.278307 -9.59679e-006
0.56 -0.278833 -9.61494e-006
0.57 -0.275033 -9.48388e-006
0.58 -0.266297 -9.18266e-006
0.59 -0.253561 -8.74348e-006
0.6 -0.239086 -8.24433e-006
0.61 -0.225457 -7.77438e-006
0.62 -0.214592 -7.39971e-006
0.63 -0.207501 -7.15519e-006
0.64 -0.204315 -7.04536e-006
0.65 -0.204021 -7.03521e-006
0.66 -0.204847 -7.06367e-006
0.67 -0.205325 -7.08016e-006
0.68 -0.204706 -7.05881e-006
0.69 -0.20277 -6.99207e-006
0.7 -0.199827 -6.89057e-006
0.71 -0.196691 -6.78244e-006
0.72 -0.194216 -6.69709e-006
0.73 -0.19272 -6.64551e-006
0.74 -0.191701 -6.61036e-006
0.75 -0.190084 -6.55463e-006
0.76 -0.186944 -6.44633e-006
0.77 -0.182018 -6.27649e-006
0.78 -0.175751 -6.06037e-006
0.79 -0.168926 -5.82504e-006
0.8 -0.162305 -5.59673e-006
0.81 -0.156727 -5.40439e-006
0.82 -0.153216 -5.28332e-006
0.83 -0.152548 -5.26028e-006
0.84 -0.154804 -5.33807e-006
0.85 -0.159566 -5.50228e-006
0.86 -0.16614 -5.72896e-006
0.87 -0.173151 -5.97072e-006
0.88 -0.178866 -6.1678e-006
0.89 -0.182561 -6.29521e-006
0.9 -0.184954 -6.37771e-006
0.91 -0.187048 -6.44994e-006
0.92 -0.18875 -6.50861e-006
0.93 -0.189073 -6.51976e-006
0.94 -0.187758 -6.4744e-006
0.95 -0.186002 -6.41387e-006
0.96 -0.185479 -6.39584e-006
0.97 -0.186693 -6.43769e-006
0.98 -0.188563 -6.50219e-006
0.99 -0.190025 -6.55258e-006
1 -0.191286 -6.59606e-006
1.01 -0.193147 -6.66023e-006
1.02 -0.196144 -6.76358e-006
1.03 -0.200503 -6.91391e-006
1.04 -0.206059 -7.10549e-006
1.05 -0.212096 -7.31367e-006
1.06 -0.217646 -7.50504e-006
1.07 -0.222138 -7.65993e-006
1.08 -0.225901 -7.78969e-006
1.09 -0.229369 -7.90929e-006
1.1 -0.231761 -7.99174e-006
1.11 -0.231763 -7.99183e-006
1.12 -0.229461 -7.91246e-006
1.13 -0.226594 -7.81358e-006
1.14 -0.22505 -7.76035e-006
1.15 -0.226271 -7.80245e-006
1.16 -0.231173 -7.97148e-006
1.17 -0.238925 -8.23881e-006
1.18 -0.247074 -8.51979e-006
1.19 -0.253426 -8.73882e-006
1.2 -0.257175 -8.8681e-006
1.21 -0.258745 -8.92226e-006
1.22 -0.258975 -8.93017e-006
1.23 -0.258556 -8.91573e-006
1.24 -0.25802 -8.89723e-006
1.25 -0.257971 -8.89554e-006
1.26 -0.258968 -8.92995e-006
1.27 -0.260996 -8.99986e-006
1.28 -0.263508 -9.0865e-006
1.29 -0.265637 -9.15988e-006
1.3 -0.266451 -9.18797e-006
1.31 -0.265884 -9.1684e-006
1.32 -0.264894 -9.13428e-006
1.33 -0.264554 -9.12254e-006
1.34 -0.265942 -9.17043e-006
1.35 -0.269817 -9.30402e-006
1.36 -0.27495 -9.48103e-006
1.37 -0.278421 -9.60071e-006
1.38 -0.278031 -9.58728e-006
1.39 -0.27406 -9.45033e-006
1.4 -0.268727 -9.26644e-006
1.41 -0.263227 -9.07678e-006
1.42 -0.256712 -8.85215e-006
1.43 -0.248846 -8.58091e-006
1.44 -0.240687 -8.29956e-006
1.45 -0.233283 -8.04423e-006
1.46 -0.226813 -7.82114e-006
1.47 -0.220237 -7.59439e-006
1.48 -0.211226 -7.28365e-006
1.49 -0.197088 -6.79613e-006
1.5 -0.17702 -6.10415e-006
1.51 -0.154152 -5.3156e-006
1.52 -0.134165 -4.62637e-006
1.53 -0.120307 -4.14853e-006
1.54 -0.111088 -3.83061e-006
1.55 -0.103481 -3.56832e-006
1.56 -0.0957503 -3.30173e-006
1.57 -0.0873132 -3.0108e-006
1.58 -0.0783488 -2.70168e-006
1.59 -0.0695114 -2.39694e-006
1.6 -0.0606988 -2.09306e-006
1.61 -0.0502871 -1.73404e-006
1.62 -0.0371579 -1.28131e-006
1.63 -0.0243973 -8.41286e-007
1.64 -0.0192156 -6.62606e-007
1.65 -0.0265863 -9.1677e-007
1.66 -0.0440776 -1.51992e-006
1.67 -0.0641515 -2.21212e-006
1.68 -0.080251 -2.76728e-006
1.69 -0.090559 -3.12272e-006
1.7 -0.0966683 -3.33339e-006
1.71 -0.101073 -3.48528e-006
1.72 -0.106721 -3.68005e-006
1.73 -0.116307 -4.01058e-006
1.74 -0.130838 -4.51165e-006
1.75 -0.149908 -5.16924e-006
1.76 -0.172665 -5.95397e-006
1.77 -0.197333 -6.80457e-006
1.78 -0.220411 -7.60036e-006
1.79 -0.238757 -8.23299e-006
1.8 -0.253073 -8.72664e-006
1.81 -0.267595 -9.22743e-006
1.82 -0.286338 -9.87372e-006
1.83 -0.310179 -1.06958e-005
1.84 -0.336754 -1.16122e-005
1.85 -0.361627 -1.24699e-005
1.86 -0.379947 -1.31016e-005
1.87 -0.390139 -1.34531e-005
1.88 -0.397027 -1.36906e-005
1.89 -0.407785 -1.40616e-005
1.9 -0.42361 -1.46072e-005
1.91 -0.438763 -1.51297e-005
1.92 -0.447262 -1.54228e-005
1.93 -0.446752 -1.54052e-005
1.94 -0.437599 -1.50896e-005
1.95 -0.421607 -1.45382e-005
1.96 -0.402397 -1.38757e-005
1.97 -0.385208 -1.3283e-005
1.98 -0.373768 -1.28885e-005
1.99 -0.367968 -1.26886e-005
2 -0.364669 -1.25748e-005
2.01 -0.359656 -1.24019e-005
2.02 -0.349452 -1.20501e-005
2.03 -0.331736 -1.14392e-005
2.04 -0.305682 -1.05407e-005
2.05 -0.274009 -9.44857e-006
2.06 -0.24207 -8.34725e-006
2.07 -0.212361 -7.32279e-006
2.08 -0.182362 -6.28835e-006
2.09 -0.148544 -5.12221e-006
2.1 -0.110886 -3.82367e-006
2.11 -0.0727209 -2.50762e-006
2.12 -0.0366518 -1.26386e-006
2.13 -0.00287503 -9.91389e-008
2.14 0.0290775 1.00267e-006
2.15 0.0586185 2.02133e-006
2.16 0.0833207 2.87313e-006
2.17 0.100451 3.46384e-006
2.18 0.11018 3.7993e-006
2.19 0.115239 3.97374e-006
2.2 0.117118 4.03856e-006
2.21 0.115671 3.98866e-006
2.22 0.111875 3.85776e-006
2.23 0.108167 3.72991e-006
2.24 0.105989 3.65481e-006
2.25 0.104542 3.6049e-006
2.26 0.102513 3.53494e-006
2.27 0.0986888 3.40306e-006
2.28 0.0908503 3.13277e-006
2.29 0.0770237 2.65599e-006
2.3 0.0573311 1.97694e-006
2.31 0.0329379 1.13579e-006
2.32 0.00472241 1.62842e-007
2.33 -0.0264337 -9.11508e-007
2.34 -0.0595482 -2.05339e-006
2.35 -0.0939478 -3.23958e-006
2.36 -0.12939 -4.46173e-006
2.37 -0.165144 -5.69462e-006
2.38 -0.200065 -6.89879e-006
2.39 -0.234668 -8.092e-006
2.4 -0.269851 -9.3052e-006
2.41 -0.3037 -1.04724e-005
2.42 -0.333238 -1.1491e-005
2.43 -0.35719 -1.23169e-005
2.44 -0.375152 -1.29363e-005
2.45 -0.387144 -1.33498e-005
2.46 -0.394828 -1.36147e-005
2.47 -0.400865 -1.38229e-005
2.48 -0.40679 -1.40272e-005
2.49 -0.412234 -1.4215e-005
2.5 -0.415279 -1.432e-005
2.51 -0.41406 -1.42779e-005
2.52 -0.408615 -1.40902e-005
2.53 -0.400452 -1.38087e-005
2.54 -0.391658 -1.35054e-005
2.55 -0.384515 -1.32591e-005
2.56 -0.380412 -1.31176e-005
2.57 -0.379229 -1.30769e-005
2.58 -0.379497 -1.30861e-005
2.59 -0.378221 -1.30421e-005
2.6 -0.371605 -1.2814e-005
2.61 -0.357585 -1.23305e-005
2.62 -0.337444 -1.1636e-005
2.63 -0.314264 -1.08367e-005
2.64 -0.288876 -9.96124e-006
2.65 -0.257779 -8.88893e-006
2.66 -0.217483 -7.49943e-006
2.67 -0.170223 -5.86975e-006
2.68 -0.123566 -4.26088e-006
2.69 -0.0846428 -2.91872e-006
2.7 -0.0547912 -1.88935e-006
2.71 -0.0300874 -1.0375e-006
2.72 -0.00673209 -2.32141e-007
2.73 0.0145291 5.01004e-007
2.74 0.0294099 1.01413e-006
2.75 0.035168 1.21269e-006
2.76 0.0333223 1.14905e-006
2.77 0.0279161 9.62623e-007
2.78 0.0222035 7.65637e-007
2.79 0.016441 5.6693e-007
2.8 0.00933794 3.21998e-007
2.81 0.00260678 8.98889e-008
2.82 0.00165454 5.70532e-008
2.83 0.0106417 3.66955e-007
2.84 0.028691 9.89345e-007
2.85 0.0503913 1.73763e-006
2.86 0.0691785 2.38547e-006
2.87 0.0796949 2.7481e-006
2.88 0.077987 2.68921e-006
2.89 0.062601 2.15866e-006
2.9 0.0357481 1.23269e-006
2.91 0.00111681 3.85107e-008
2.92 -0.0391942 -1.35152e-006
2.93 -0.0839832 -2.89597e-006
2.94 -0.130996 -4.51711e-006
2.95 -0.177493 -6.12044e-006
2.96 -0.221188 -7.62716e-006
2.97 -0.258925 -8.92843e-006
2.98 -0.285952 -9.86043e-006
2.99 -0.298785 -1.03029e-005
3 -0.29852 -1.02938e-005
3.01 -0.290112 -1.00039e-005
3.02 -0.278687 -9.60989e-006
3.03 -0.267027 -9.20782e-006
3.04 -0.255419 -8.80754e-006
3.05 -0.243511 -8.39692e-006
3.06 -0.232515 -8.01774e-006
3.07 -0.22517 -7.76448e-006
3.08 -0.224277 -7.73369e-006
3.09 -0.230446 -7.94643e-006
3.1 -0.241021 -8.31107e-006
3.11 -0.253521 -8.74209e-006
3.12 -0.269101 -9.27936e-006
3.13 -0.290199 -1.00069e-005
3.14 -0.315318 -1.0873e-005
3.15 -0.337522 -1.16387e-005
3.16 -0.348415 -1.20143e-005
3.17 -0.342393 -1.18067e-005
3.18 -0.318735 -1.09909e-005
3.19 -0.282717 -9.74887e-006
3.2 -0.242838 -8.37371e-006
3.21 -0.204271 -7.04383e-006
3.22 -0.166081 -5.72694e-006
3.23 -0.125536 -4.32882e-006
3.24 -0.0828571 -2.85714e-006
3.25 -0.0415094 -1.43136e-006
3.26 -0.00749412 -2.58418e-007
3.27 0.0110461 3.80901e-007
3.28 0.00780203 2.69036e-007
3.29 -0.015926 -5.49174e-007
3.3 -0.0505203 -1.74208e-006
3.31 -0.0834624 -2.87801e-006
3.32 -0.105732 -3.64592e-006
3.33 -0.113363 -3.90905e-006
3.34 -0.10444 -3.60138e-006
3.35 -0.0789304 -2.72174e-006
3.36 -0.0421966 -1.45505e-006
3.37 -0.00436927 -1.50664e-007
3.38 0.0250403 8.63459e-007
3.39 0.0417694 1.44032e-006
3.4 0.0487385 1.68064e-006
3.41 0.0542021 1.86904e-006
3.42 0.0653271 2.25266e-006
3.43 0.0819158 2.82468e-006
3.44 0.0967614 3.3366e-006
3.45 0.101496 3.49988e-006
3.46 0.091518 3.15579e-006
3.47 0.0672611 2.31935e-006
3.48 0.0331538 1.14323e-006
3.49 -0.00420093 -1.4486e-007
3.5 -0.0369241 -1.27325e-006
3.51 -0.0574554 -1.98122e-006
3.52 -0.0636763 -2.19573e-006
3.53 -0.061259 -2.11238e-006
3.54 -0.0582682 -2.00925e-006
3.55 -0.0586539 -2.02255e-006
3.56 -0.0605174 -2.08681e-006
3.57 -0.0595144 -2.05222e-006
3.58 -0.0535102 -1.84518e-006
3.59 -0.0439682 -1.51615e-006
3.6 -0.0353678 -1.21958e-006
3.61 -0.0334509 -1.15348e-006
3.62 -0.0413054 -1.42432e-006
3.63 -0.0570815 -1.96833e-006
3.64 -0.076396 -2.63435e-006
3.65 -0.0962796 -3.31999e-006
3.66 -0.116312 -4.01076e-006
3.67 -0.136191 -4.69625e-006
3.68 -0.154279 -5.31997e-006
3.69 -0.1701 -5.86551e-006
3.7 -0.185726 -6.40434e-006
3.71 -0.203586 -7.02022e-006
3.72 -0.225476 -7.77503e-006
3.73 -0.252059 -8.6917e-006
3.74 -0.280781 -9.68209e-006
3.75 -0.307324 -1.05974e-005
3.76 -0.329624 -1.13663e-005
3.77 -0.348475 -1.20164e-005
3.78 -0.365446 -1.26016e-005
3.79 -0.381647 -1.31602e-005
3.8 -0.397975 -1.37233e-005
3.81 -0.414555 -1.4295e-005
3.82 -0.428943 -1.47912e-005
3.83 -0.437316 -1.50799e-005
3.84 -0.439737 -1.51633e-005
3.85 -0.44206 -1.52435e-005
3.86 -0.450249 -1.55258e-005
3.87 -0.46463 -1.60217e-005
3.88 -0.481133 -1.65908e-005
3.89 -0.49578 -1.70959e-005
3.9 -0.50623 -1.74562e-005
3.91 -0.509608 -1.75727e-005
3.92 -0.500827 -1.72699e-005
3.93 -0.47642 -1.64283e-005
3.94 -0.439072 -1.51404e-005
3.95 -0.394585 -1.36064e-005
3.96 -0.346841 -1.196e-005
3.97 -0.298219 -1.02834e-005
3.98 -0.251379 -8.66825e-006
3.99 -0.208309 -7.18309e-006
4 -0.167363 -5.77115e-006
4.01 -0.122578 -4.22683e-006
4.02 -0.0699454 -2.41191e-006
4.03 -0.012811 -4.4176e-007
4.04 0.0425487 1.46719e-006
4.05 0.0920306 3.17347e-006
4.06 0.13238 4.56481e-006
4.07 0.161615 5.57293e-006
4.08 0.183503 6.32768e-006
4.09 0.207047 7.13954e-006
4.1 0.239871 8.2714e-006
4.11 0.284028 9.79408e-006
4.12 0.335622 1.15732e-005
4.13 0.385735 1.33012e-005
4.14 0.425562 1.46745e-005
4.15 0.451887 1.55823e-005
4.16 0.466293 1.60791e-005
4.17 0.47186 1.6271e-005
4.18 0.471159 1.62469e-005
4.19 0.465736 1.60599e-005
4.2 0.456996 1.57585e-005
4.21 0.445466 1.53609e-005
4.22 0.428653 1.47811e-005
4.23 0.403587 1.39168e-005
4.24 0.370579 1.27786e-005
4.25 0.33075 1.14052e-005
4.26 0.284195 9.79982e-006
4.27 0.232376 8.01296e-006
4.28 0.177721 6.12832e-006
4.29 0.122036 4.20814e-006
4.3 0.0680337 2.34599e-006
4.31 0.018528 6.38898e-007
4.32 -0.0277248 -9.56028e-007
4.33 -0.0759429 -2.61872e-006
4.34 -0.130423 -4.49736e-006
4.35 -0.191814 -6.61427e-006
4.36 -0.258673 -8.91976e-006
4.37 -0.329022 -1.13456e-005
4.38 -0.399726 -1.37836e-005
4.39 -0.464865 -1.60298e-005
4.4 -0.51707 -1.783e-005
4.41 -0.553438 -1.90841e-005
4.42 -0.578406 -1.9945e-005
4.43 -0.600546 -2.07085e-005
4.44 -0.628187 -2.16616e-005
4.45 -0.664624 -2.29181e-005
4.46 -0.704951 -2.43087e-005
4.47 -0.740143 -2.55222e-005
4.48 -0.764118 -2.63489e-005
4.49 -0.774864 -2.67194e-005
4.5 -0.772147 -2.66257e-005
4.51 -0.758828 -2.61665e-005
4.52 -0.741896 -2.55826e-005
4.53 -0.726464 -2.50505e-005
4.54 -0.710732 -2.4508e-005
4.55 -0.689903 -2.37898e-005
4.56 -0.660871 -2.27886e-005
4.57 -0.622628 -2.14699e-005
4.58 -0.576995 -1.98964e-005
4.59 -0.529869 -1.82714e-005
4.6 -0.489204 -1.68691e-005
4.61 -0.458685 -1.58167e-005
4.62 -0.433306 -1.49416e-005
4.63 -0.404727 -1.39561e-005
4.64 -0.371064 -1.27953e-005
4.65 -0.338063 -1.16573e-005
4.66 -0.311712 -1.07487e-005
4.67 -0.292527 -1.00871e-005
4.68 -0.276095 -9.52052e-006
4.69 -0.257613 -8.88322e-006
4.7 -0.236266 -8.14711e-006
4.71 -0.215239 -7.42203e-006
4.72 -0.197127 -6.79747e-006
4.73 -0.181855 -6.27085e-006
4.74 -0.169565 -5.84708e-006
4.75 -0.161967 -5.58509e-006
4.76 -0.16168 -5.57518e-006
4.77 -0.172362 -5.94353e-006
4.78 -0.19585 -6.75346e-006
4.79 -0.227858 -7.85719e-006
4.8 -0.260312 -8.97627e-006
4.81 -0.287454 -9.91222e-006
4.82 -0.307748 -1.0612e-005
4.83 -0.322779 -1.11303e-005
4.84 -0.336541 -1.16049e-005
4.85 -0.352936 -1.21702e-005
4.86 -0.369966 -1.27574e-005
4.87 -0.38029 -1.31135e-005
4.88 -0.381225 -1.31457e-005
4.89 -0.378298 -1.30448e-005
4.9 -0.378026 -1.30354e-005
4.91 -0.382805 -1.32002e-005
4.92 -0.393831 -1.35804e-005
4.93 -0.414127 -1.42802e-005
4.94 -0.444075 -1.53129e-005
4.95 -0.476619 -1.64351e-005
4.96 -0.501654 -1.72984e-005
4.97 -0.513523 -1.77077e-005
4.98 -0.511334 -1.76322e-005
4.99 -0.495846 -1.70981e-005
5 -0.471957 -1.62744e-005
5.01 -0.450198 -1.55241e-005
5.02 -0.438063 -1.51056e-005
5.03 -0.433146 -1.49361e-005
5.04 -0.428934 -1.47908e-005
5.05 -0.421671 -1.45404e-005
5.06 -0.409238 -1.41117e-005
5.07 -0.392067 -1.35196e-005
5.08 -0.377216 -1.30074e-005
5.09 -0.374541 -1.29152e-005
5.1 -0.388671 -1.34024e-005
5.11 -0.41833 -1.44252e-005
5.12 -0.460848 -1.58913e-005
5.13 -0.511216 -1.76281e-005
5.14 -0.557849 -1.92362e-005
5.15 -0.587186 -2.02478e-005
5.16 -0.595131 -2.05218e-005
5.17 -0.588874 -2.0306e-005
5.18 -0.579143 -1.99705e-005
5.19 -0.576427 -1.98768e-005
5.2 -0.591136 -2.0384e-005
5.21 -0.628166 -2.16609e-005
5.22 -0.678666 -2.34023e-005
5.23 -0.724296 -2.49757e-005
5.24 -0.750444 -2.58774e-005
5.25 -0.75209 -2.59342e-005
5.26 -0.733192 -2.52825e-005
5.27 -0.704355 -2.42881e-005
5.28 -0.67619 -2.33169e-005
5.29 -0.653266 -2.25264e-005
5.3 -0.636742 -2.19566e-005
5.31 -0.627846 -2.16498e-005
5.32 -0.623878 -2.1513e-005
5.33 -0.6164 -2.12552e-005
5.34 -0.596766 -2.05781e-005
5.35 -0.562087 -1.93823e-005
5.36 -0.515546 -1.77774e-005
5.37 -0.460822 -1.58904e-005
5.38 -0.398193 -1.37308e-005
5.39 -0.327407 -1.12899e-005
5.4 -0.25099 -8.65482e-006
5.41 -0.173083 -5.96837e-006
5.42 -0.0971788 -3.35099e-006
5.43 -0.0238697 -8.23092e-007
5.44 0.0498415 1.71867e-006
5.45 0.126984 4.37875e-006
5.46 0.205137 7.0737e-006
5.47 0.276503 9.53459e-006
5.48 0.332431 1.14631e-005
5.49 0.367655 1.26777e-005
5.5 0.384109 1.32451e-005
5.51 0.390749 1.34741e-005
5.52 0.394966 1.36195e-005
5.53 0.397818 1.37179e-005
5.54 0.39969 1.37824e-005
5.55 0.401751 1.38535e-005
5.56 0.402193 1.38687e-005
5.57 0.398826 1.37526e-005
5.58 0.39409 1.35893e-005
5.59 0.393856 1.35812e-005
5.6 0.402638 1.38841e-005
5.61 0.420901 1.45138e-005
5.62 0.443501 1.52931e-005
5.63 0.45993 1.58597e-005
5.64 0.458809 1.5821e-005
5.65 0.434576 1.49854e-005
5.66 0.391595 1.35033e-005
5.67 0.341731 1.17838e-005
5.68 0.295538 1.0191e-005
5.69 0.254421 8.77314e-006
5.7 0.211621 7.29729e-006
5.71 0.160579 5.53722e-006
5.72 0.100773 3.47492e-006
5.73 0.0356474 1.22922e-006
5.74 -0.033174 -1.14393e-006
5.75 -0.108802 -3.75178e-006
5.76 -0.195852 -6.7535e-006
5.77 -0.295433 -1.01873e-005
5.78 -0.403832 -1.39253e-005
5.79 -0.513196 -1.76964e-005
5.8 -0.612159 -2.11089e-005
5.81 -0.691941 -2.386e-005
5.82 -0.758902 -2.6169e-005
5.83 -0.836464 -2.88436e-005
5.84 -0.944926 -3.25837e-005
5.85 -1.07999 -3.72411e-005
5.86 -1.21686 -4.19606e-005
5.87 -1.33228 -4.59407e-005
5.88 -1.41806 -4.88987e-005
5.89 -1.48061 -5.10555e-005
5.9 -1.53364 -5.28841e-005
5.91 -1.58739 -5.47376e-005
5.92 -1.64476 -5.67157e-005
5.93 -1.70299 -5.87238e-005
5.94 -1.75239 -6.04274e-005
5.95 -1.77676 -6.12676e-005
5.96 -1.76069 -6.07136e-005
5.97 -1.69849 -5.85686e-005
5.98 -1.5972 -5.50758e-005
5.99 -1.46978 -5.06821e-005
6 -1.32331 -4.56314e-005
6.01 -1.15464 -3.98151e-005
6.02 -0.956411 -3.29797e-005
6.03 -0.721431 -2.48769e-005
6.04 -0.445538 -1.53634e-005
6.05 -0.135638 -4.67716e-006
6.06 0.18816 6.48826e-006
6.07 0.499874 1.7237e-005
6.08 0.776211 2.67659e-005
6.09 1.00474 3.46463e-005
6.1 1.1875 4.09482e-005
6.11 1.33467 4.60233e-005
6.12 1.45672 5.02317e-005
6.13 1.56309 5.38996e-005
6.14 1.6576 5.71586e-005
6.15 1.73515 5.98326e-005
6.16 1.78869 6.16791e-005
6.17 1.81588 6.26166e-005
6.18 1.81886 6.27195e-005
6.19 1.8068 6.23036e-005
6.2 1.79662 6.19524e-005
6.21 1.80083 6.20976e-005
6.22 1.8103 6.2424e-005
6.23 1.79467 6.18852e-005
6.24 1.72278 5.94061e-005
6.25 1.58698 5.47236e-005
6.26 1.41052 4.86388e-005
6.27 1.23549 4.2603e-005
6.28 1.09567 3.77816e-005
6.29 0.993509 3.42589e-005
6.3 0.89932 3.1011e-005
6.31 0.779689 2.68858e-005
6.32 0.628719 2.168e-005
6.33 0.46989 1.62031e-005
6.34 0.338475 1.16715e-005
6.35 0.262409 9.04858e-006
6.36 0.246305 8.49327e-006
6.37 0.260465 8.98156e-006
6.38 0.250511 8.6383e-006
6.39 0.177756 6.12953e-006
6.4 0.0504052 1.73811e-006
6.41 -0.0951517 -3.28109e-006
6.42 -0.22916 -7.90206e-006
6.43 -0.334546 -1.15361e-005
6.44 -0.40178 -1.38545e-005
6.45 -0.436225 -1.50422e-005
6.46 -0.458388 -1.58065e-005
6.47 -0.48565 -1.67465e-005
6.48 -0.518299 -1.78724e-005
6.49 -0.544833 -1.87873e-005
6.5 -0.557043 -1.92084e-005
6.51 -0.557383 -1.92201e-005
6.52 -0.553301 -1.90793e-005
6.53 -0.545094 -1.87963e-005
6.54 -0.525846 -1.81326e-005
6.55 -0.498431 -1.71873e-005
6.56 -0.481779 -1.66131e-005
6.57 -0.499544 -1.72256e-005
6.58 -0.566215 -1.95246e-005
6.59 -0.676943 -2.33428e-005
6.6 -0.805848 -2.77879e-005
6.61 -0.919495 -3.17067e-005
6.62 -0.99564 -3.43324e-005
6.63 -1.03093 -3.55493e-005
6.64 -1.03645 -3.57396e-005
6.65 -1.02871 -3.54729e-005
6.66 -1.01786 -3.50988e-005
6.67 -1.00471 -3.46453e-005
6.68 -0.988597 -3.40896e-005
6.69 -0.975214 -3.36281e-005
6.7 -0.973113 -3.35556e-005
6.71 -0.983123 -3.39008e-005
6.72 -0.996458 -3.43606e-005
6.73 -1.0094 -3.4807e-005
6.74 -1.03814 -3.5798e-005
6.75 -1.11165 -3.83328e-005
6.76 -1.25399 -4.32411e-005
6.77 -1.47275 -5.07845e-005
6.78 -1.75539 -6.05307e-005
6.79 -2.07216 -7.14536e-005
6.8 -2.38413 -8.22112e-005
6.81 -2.6561 -9.15895e-005
6.82 -2.86901 -9.89313e-005
6.83 -3.01705 -0.000104036
6.84 -3.09611 -0.000106762
6.85 -3.10212 -0.00010697
6.86 -3.04082 -0.000104856
6.87 -2.92673 -0.000100922
6.88 -2.77098 -9.5551e-005
6.89 -2.57326 -8.8733e-005
6.9 -2.3298 -8.03379e-005
6.91 -2.05275 -7.07847e-005
6.92 -1.77624 -6.12498e-005
6.93 -1.53818 -5.30407e-005
6.94 -1.35483 -4.67182e-005
6.95 -1.21385 -4.18568e-005
6.96 -1.09331 -3.77004e-005
6.97 -0.979182 -3.37649e-005
6.98 -0.866701 -2.98862e-005
6.99 -0.751621 -2.5918e-005
7 -0.628216 -2.16626e-005
7.01 -0.499448 -1.72223e-005
7.02 -0.377808 -1.30279e-005
7.03 -0.266179 -9.17857e-006
7.04 -0.140501 -4.84487e-006
7.05 0.0493197 1.70068e-006
7.06 0.346892 1.19618e-005
7.07 0.75505 2.60362e-005
7.08 1.23586 4.26159e-005
7.09 1.73898 5.99649e-005
7.1 2.22423 7.66975e-005
7.11 2.66246 9.18088e-005
7.12 3.02997 0.000104482
7.13 3.31061 0.000114159
7.14 3.50104 0.000120725
7.15 3.60756 0.000124399
7.16 3.63785 0.000125443
7.17 3.59981 0.000124131
7.18 3.50517 0.000120868
7.19 3.36838 0.000116151
7.2 3.20503 0.000110518
7.21 3.03122 0.000104525
7.22 2.85748 9.85337e-005
7.23 2.68683 9.26494e-005
7.24 2.52318 8.70062e-005
7.25 2.37589 8.19273e-005
7.26 2.25409 7.77271e-005
7.27 2.15589 7.43409e-005
7.28 2.06405 7.11742e-005
7.29 1.95196 6.73089e-005
7.3 1.79043 6.1739e-005
7.31 1.5494 5.34275e-005
7.32 1.20646 4.16022e-005
7.33 0.76924 2.65255e-005
7.34 0.282577 9.74405e-006
7.35 -0.197933 -6.82527e-006
7.36 -0.643686 -2.21961e-005
7.37 -1.06643 -3.67735e-005
7.38 -1.48543 -5.12217e-005
7.39 -1.9018 -6.55793e-005
7.4 -2.29108 -7.90027e-005
7.41 -2.63048 -9.07062e-005
7.42 -2.91096 -0.000100378
7.43 -3.13122 -0.000107973
7.44 -3.27745 -0.000113015
7.45 -3.32493 -0.000114653
7.46 -3.26132 -0.000112459
7.47 -3.1049 -0.000107066
7.48 -2.90139 -0.000100048
7.49 -2.70526 -9.32849e-005
7.5 -2.55916 -8.82468e-005
7.51 -2.48522 -8.56971e-005
7.52 -2.4914 -8.59105e-005
7.53 -2.57614 -8.88323e-005
7.54 -2.72787 -9.40647e-005
7.55 -2.92628 -0.000100906
7.56 -3.14 -0.000108276
7.57 -3.33205 -0.000114898
7.58 -3.48307 -0.000120106
7.59 -3.6057 -0.000124334
7.6 -3.72288 -0.000128375
7.61 -3.83285 -0.000132167
7.62 -3.89767 -0.000134402
7.63 -3.86591 -0.000133307
7.64 -3.7075 -0.000127845
7.65 -3.43 -0.000118276
7.66 -3.07579 -0.000106062
7.67 -2.70332 -9.3218e-005
7.68 -2.35459 -8.11927e-005
7.69 -2.03827 -7.02853e-005
7.7 -1.74625 -6.02156e-005
7.71 -1.47759 -5.09513e-005
7.72 -1.23869 -4.27133e-005
7.73 -1.02746 -3.54295e-005
7.74 -0.831829 -2.86837e-005
7.75 -0.644062 -2.2209e-005
7.76 -0.466865 -1.60988e-005
7.77 -0.30049 -1.03617e-005
7.78 -0.138985 -4.79257e-006
7.79 0.0384879 1.32717e-006
7.8 0.258679 8.91997e-006
7.81 0.533525 1.83974e-005
7.82 0.847324 2.92181e-005
7.83 1.15558 3.98474e-005
7.84 1.40718 4.85233e-005
7.85 1.57377 5.4268e-005
7.86 1.65671 5.71279e-005
7.87 1.67227 5.76644e-005
7.88 1.64172 5.66111e-005
7.89 1.59022 5.48353e-005
7.9 1.54567 5.32988e-005
7.91 1.533 5.28621e-005
7.92 1.56112 5.38318e-005
7.93 1.61404 5.56565e-005
7.94 1.65771 5.71623e-005
7.95 1.66184 5.7305e-005
7.96 1.61793 5.57906e-005
7.97 1.53702 5.30009e-005
7.98 1.43763 4.95733e-005
7.99 1.33303 4.59666e-005
8 1.22518 4.22477e-005
8.01 1.11438 3.84269e-005
8.02 1.0161 3.5038e-005
8.03 0.95822 3.30421e-005
8.04 0.955388 3.29444e-005
8.05 0.993659 3.42641e-005
8.06 1.05004 3.62084e-005
8.07 1.1191 3.85898e-005
8.08 1.21041 4.17384e-005
8.09 1.32526 4.56986e-005
8.1 1.44351 4.97763e-005
8.11 1.5329 5.28587e-005
8.12 1.56092 5.3825e-005
8.13 1.50145 5.17743e-005
8.14 1.34343 4.63252e-005
8.15 1.09811 3.78659e-005
8.16 0.795995 2.74481e-005
8.17 0.472075 1.62784e-005
8.18 0.151542 5.2256e-006
8.19 -0.155101 -5.34833e-006
8.2 -0.44334 -1.52876e-005
8.21 -0.704289 -2.42858e-005
8.22 -0.924029 -3.18631e-005
8.23 -1.08404 -3.73808e-005
8.24 -1.16363 -4.01253e-005
8.25 -1.15202 -3.97249e-005
8.26 -1.05362 -3.63317e-005
8.27 -0.885107 -3.05209e-005
8.28 -0.668124 -2.30387e-005
8.29 -0.42827 -1.47679e-005
8.3 -0.190186 -6.55813e-006
8.31 0.0335349 1.15638e-006
8.32 0.244784 8.44083e-006
8.33 0.450012 1.55176e-005
8.34 0.6495 2.23965e-005
8.35 0.840824 2.89939e-005
8.36 1.02488 3.53407e-005
8.37 1.21059 4.17446e-005
8.38 1.41281 4.87177e-005
8.39 1.64463 5.67113e-005
8.4 1.91381 6.59935e-005
8.41 2.22887 7.68574e-005
8.42 2.59887 8.96162e-005
8.43 3.02788 0.00010441
8.44 3.51132 0.00012108
8.45 4.03967 0.000139299
8.46 4.59781 0.000158545
8.47 5.18224 0.000178698
8.48 5.75627 0.000198492
8.49 6.30324 0.000217353
8.5 6.77934 0.00023377
8.51 7.17492 0.000247411
8.52 7.46072 0.000257266
8.53 7.60926 0.000262388
8.54 7.61519 0.000262593
8.55 7.51188 0.00025903
8.56 7.34288 0.000253203
8.57 7.1539 0.000246686
8.58 6.9808 0.000240717
8.59 6.8393 0.000235838
8.6 6.73339 0.000232186
8.61 6.67254 0.000230088
8.62 6.66916 0.000229971
8.63 6.72605 0.000231933
8.64 6.83468 0.000235679
8.65 6.9812 0.000240731
8.66 7.14315 0.000246315
8.67 7.286 0.000251241
8.68 7.36611 0.000254004
8.69 7.3423 0.000253183
8.7 7.20124 0.000248319
8.71 6.94513 0.000239487
8.72 6.57898 0.000226861
8.73 6.10364 0.00021047
8.74 5.52722 0.000190594
8.75 4.88179 0.000168337
8.76 4.21906 0.000145485
8.77 3.58719 0.000123696
8.78 3.00384 0.000103581
8.79 2.44858 8.44339e-005
8.8 1.88206 6.48985e-005
8.81 1.26849 4.3741e-005
8.82 0.589375 2.03233e-005
8.83 -0.144159 -4.97101e-006
8.84 -0.889508 -3.06727e-005
8.85 -1.59997 -5.51715e-005
8.86 -2.25224 -7.76635e-005
8.87 -2.84414 -9.80737e-005
8.88 -3.40576 -0.00011744
8.89 -3.98776 -0.000137509
8.9 -4.63256 -0.000159744
8.91 -5.34671 -0.000184369
8.92 -6.13372 -0.000211508
8.93 -6.96268 -0.000240093
8.94 -7.79963 -0.000268953
8.95 -8.60782 -0.000296821
8.96 -9.37012 -0.000323107
8.97 -10.0573 -0.000346803
8.98 -10.6677 -0.000367852
8.99 -11.1826 -0.000385608
9 -11.5821 -0.000399382
9.01 -11.8471 -0.000408521
9.02 -11.9677 -0.000412679
9.03 -11.9466 -0.00041195
9.04 -11.8009 -0.000406927
9.05 -11.5517 -0.000398334
9.06 -11.216 -0.000386758
9.07 -10.8143 -0.000372905
9.08 -10.3645 -0.000357398
9.09 -9.88185 -0.000340753
9.1 -9.37694 -0.000323343
9.11 -8.84861 -0.000305124
9.12 -8.28571 -0.000285714
9.13 -7.67529 -0.000264665
9.14 -7.00993 -0.000241722
9.15 -6.29443 -0.000217049
9.16 -5.54669 -0.000191265
9.17 -4.77994 -0.000164826
9.18 -3.98685 -0.000137478
9.19 -3.14324 -0.000108387
9.2 -2.22377 -7.66816e-005
9.21 -1.20878 -4.16821e-005
9.22 -0.108853 -3.75353e-006
9.23 1.03054 3.55358e-005
9.24 2.18239 7.52548e-005
9.25 3.31407 0.000114278
9.26 4.40834 0.000152012
9.27 5.43961 0.000187573
9.28 6.3712 0.000219697
9.29 7.18402 0.000247725
9.3 7.89993 0.000272411
9.31 8.48004 0.000292415
9.32 8.93161 0.000307987
9.33 9.2691 0.000319624
9.34 9.51767 0.000328196
9.35 9.68503 0.000333966
9.36 9.78533 0.000337425
9.37 9.82262 0.000338711
9.38 9.80037 0.000337944
9.39 9.72243 0.000335256
9.4 9.5829 0.000330445
9.41 9.36096 0.000322792
9.42 9.02617 0.000311247
9.43 8.55513 0.000295004
9.44 7.94279 0.000273889
9.45 7.20035 0.000248288
9.46 6.34773 0.000218887
9.47 5.40105 0.000186243
9.48 4.36691 0.000150583
9.49 3.25072 0.000112094
9.5 2.07192 7.14455e-005
9.51 0.87444 3.01531e-005
9.52 -0.288461 -9.94692e-006
9.53 -1.36925 -4.72156e-005
9.54 -2.36582 -8.15799e-005
9.55 -3.34541 -0.000115359
9.56 -4.32562 -0.000149159
9.57 -5.32253 -0.000183536
9.58 -6.33933 -0.000218598
9.59 -7.38121 -0.000254525
9.6 -8.45804 -0.000291656
9.61 -9.55763 -0.000329573
9.62 -10.6442 -0.000367043
9.63 -11.6717 -0.000402472
9.64 -12.6124 -0.00043491
9.65 -13.4964 -0.000465394
9.66 -14.304 -0.000493241
9.67 -15.0577 -0.000519232
9.68 -15.739 -0.000542725
9.69 -16.3125 -0.0005625
9.7 -16.7592 -0.000577905
9.71 -17.0761 -0.000588832
9.72 -17.2684 -0.000595462
9.73 -17.3419 -0.000597995
9.74 -17.3099 -0.000596894
9.75 -17.196 -0.000592964
9.76 -17.0254 -0.000587081
9.77 -16.797 -0.000579206
9.78 -16.4845 -0.000568432
9.79 -16.0615 -0.000553843
9.8 -15.5179 -0.000535098
9.81 -14.863 -0.000512516
9.82 -14.1224 -0.00048698
9.83 -13.3252 -0.000459489
9.84 -12.4873 -0.000430597
9.85 -11.6082 -0.000400282
9.86 -10.6815 -0.000368328
9.87 -9.70287 -0.000334582
9.88 -8.67153 -0.000299018
9.89 -7.58631 -0.000261597
9.9 -6.44647 -0.000222292
9.91 -5.25853 -0.000181329
9.92 -4.0358 -0.000139165
9.93 -2.79014 -9.62118e-005
9.94 -1.49996 -5.17226e-005
9.95 -0.224275 -7.73363e-006
9.96 0.972976 3.35509e-005
9.97 2.09674 7.23014e-005
9.98 3.13731 0.000108183
9.99 4.09003 0.000141036
10 4.97506 0.000171554
