0.1 -0.1434 -4.94484e-006
0.2 -0.286899 -9.89307e-006
0.3 -0.430496 -1.48447e-005
0.4 -0.574192 -1.97997e-005
0.5 -0.717986 -2.47581e-005
0.6 -0.86188 -2.972e-005
0.7 -1.00587 -3.46853e-005
0.8 -1.14997 -3.9654e-005
0.9 -1.29416 -4.46261e-005
1 -1.43845 -4.96017e-005
0.01 -1.43766 -4.95745e-005
0.02 -1.4354 -4.94967e-005
0.03 -1.43275 -4.9405e-005
0.04 -1.4307 -4.93346e-005
0.05 -1.42937 -4.92885e-005
0.06 -1.42876 -4.92677e-005
0.07 -1.42886 -4.92712e-005
0.08 -1.42957 -4.92956e-005
0.09 -1.43073 -4.93356e-005
0.1 -1.43217 -4.93852e-005
0.11 -1.43375 -4.94397e-005
0.12 -1.4354 -4.94964e-005
0.13 -1.43712 -4.95558e-005
0.14 -1.43899 -4.96204e-005
0.15 -1.44112 -4.96937e-005
0.16 -1.44356 -4.97778e-005
0.17 -1.44634 -4.98738e-005
0.18 -1.44946 -4.99813e-005
0.19 -1.45288 -5.00992e-005
0.2 -1.45653 -5.02251e-005
0.21 -1.4603 -5.0355e-005
0.22 -1.46403 -5.04838e-005
0.23 -1.46758 -5.06063e-005
0.24 -1.47082 -5.07181e-005
0.25 -1.47366 -5.08159e-005
0.26 -1.47607 -5.08989e-005
0.27 -1.47816 -5.09709e-005
0.28 -1.48018 -5.10407e-005
0.29 -1.48238 -5.11164e-005
0.3 -1.48486 -5.1202e-005
0.31 -1.48765 -5.12982e-005
0.32 -1.49067 -5.14024e-005
0.33 -1.49367 -5.15058e-005
0.34 -1.49635 -5.15981e-005
0.35 -1.4985 -5.16723e-005
0.36 -1.50004 -5.17255e-005
0.37 -1.50095 -5.1757e-005
0.38 -1.50121 -5.17659e-005
0.39 -1.50081 -5.17521e-005
0.4 -1.49979 -5.17167e-005
0.41 -1.49826 -5.16642e-005
0.42 -1.4964 -5.15999e-005
0.43 -1.49429 -5.15274e-005
0.44 -1.49197 -5.14472e-005
0.45 -1.4894 -5.13586e-005
0.46 -1.4866 -5.1262e-005
0.47 -1.48364 -5.116e-005
0.48 -1.48053 -5.10529e-005
0.49 -1.47719 -5.09376e-005
0.5 -1.47359 -5.08134e-005
0.51 -1.46981 -5.06832e-005
0.52 -1.46591 -5.05486e-005
0.53 -1.46189 -5.04099e-005
0.54 -1.45794 -5.02738e-005
0.55 -1.45446 -5.01537e-005
0.56 -1.45166 -5.00574e-005
0.57 -1.44924 -4.99737e-005
0.58 -1.44662 -4.98835e-005
0.59 -1.4436 -4.97794e-005
0.6 -1.44048 -4.96718e-005
0.61 -1.43767 -4.95748e-005
0.62 -1.43529 -4.94928e-005
0.63 -1.43345 -4.94294e-005
0.64 -1.43238 -4.93924e-005
0.65 -1.43199 -4.93789e-005
0.66 -1.43186 -4.93744e-005
0.67 -1.43183 -4.93733e-005
0.68 -1.43201 -4.93796e-005
0.69 -1.43244 -4.93945e-005
0.7 -1.43312 -4.94178e-005
0.71 -1.43424 -4.94566e-005
0.72 -1.43607 -4.95196e-005
0.73 -1.43861 -4.96072e-005
0.74 -1.44146 -4.97056e-005
0.75 -1.44401 -4.97936e-005
0.76 -1.44593 -4.98597e-005
0.77 -1.44743 -4.99113e-005
0.78 -1.44906 -4.99677e-005
0.79 -1.45126 -5.00435e-005
0.8 -1.45399 -5.01376e-005
0.81 -1.45705 -5.02432e-005
0.82 -1.46047 -5.03609e-005
0.83 -1.46428 -5.04924e-005
0.84 -1.46833 -5.0632e-005
0.85 -1.47246 -5.07745e-005
0.86 -1.47667 -5.09197e-005
0.87 -1.48048 -5.10511e-005
0.88 -1.483 -5.1138e-005
0.89 -1.48412 -5.11767e-005
0.9 -1.48485 -5.12018e-005
0.91 -1.48612 -5.12455e-005
0.92 -1.48749 -5.12928e-005
0.93 -1.48749 -5.12929e-005
0.94 -1.48542 -5.12214e-005
0.95 -1.48219 -5.111e-005
0.96 -1.47936 -5.10124e-005
0.97 -1.47748 -5.09477e-005
0.98 -1.47556 -5.08812e-005
0.99 -1.47258 -5.07788e-005
1 -1.46877 -5.06471e-005
1.01 -1.4648 -5.05104e-005
1.02 -1.46108 -5.03822e-005
1.03 -1.45776 -5.02675e-005
1.04 -1.45474 -5.01636e-005
1.05 -1.4516 -5.0055e-005
1.06 -1.44778 -4.99235e-005
1.07 -1.44329 -4.97685e-005
1.08 -1.43901 -4.9621e-005
1.09 -1.43586 -4.95125e-005
1.1 -1.4333 -4.9424e-005
1.11 -1.42997 -4.93093e-005
1.12 -1.4257 -4.91622e-005
1.13 -1.42183 -4.90287e-005
1.14 -1.41975 -4.8957e-005
1.15 -1.42046 -4.89814e-005
1.16 -1.42456 -4.91226e-005
1.17 -1.43106 -4.9347e-005
1.18 -1.43753 -4.95699e-005
1.19 -1.44191 -4.97211e-005
1.2 -1.44368 -4.9782e-005
1.21 -1.4436 -4.97794e-005
1.22 -1.44295 -4.97568e-005
1.23 -1.44282 -4.97523e-005
1.24 -1.44406 -4.97953e-005
1.25 -1.44745 -4.99121e-005
1.26 -1.45345 -5.0119e-005
1.27 -1.46166 -5.0402e-005
1.28 -1.47087 -5.07196e-005
1.29 -1.47941 -5.10142e-005
1.3 -1.48561 -5.1228e-005
1.31 -1.4889 -5.13413e-005
1.32 -1.49017 -5.13853e-005
1.33 -1.49091 -5.14108e-005
1.34 -1.493 -5.14826e-005
1.35 -1.49819 -5.16617e-005
1.36 -1.50614 -5.19358e-005
1.37 -1.51436 -5.22195e-005
1.38 -1.52051 -5.24314e-005
1.39 -1.52414 -5.25566e-005
1.4 -1.52642 -5.26353e-005
1.41 -1.52743 -5.26701e-005
1.42 -1.52541 -5.26005e-005
1.43 -1.51964 -5.24013e-005
1.44 -1.51127 -5.21127e-005
1.45 -1.50186 -5.17884e-005
1.46 -1.49229 -5.14582e-005
1.47 -1.48214 -5.11083e-005
1.48 -1.4695 -5.06723e-005
1.49 -1.45176 -5.00606e-005
1.5 -1.42797 -4.92405e-005
1.51 -1.40114 -4.83152e-005
1.52 -1.37699 -4.74825e-005
1.53 -1.35901 -4.68623e-005
1.54 -1.346 -4.64139e-005
1.55 -1.33525 -4.60431e-005
1.56 -1.32519 -4.56961e-005
1.57 -1.31523 -4.53527e-005
1.58 -1.30544 -4.50152e-005
1.59 -1.2964 -4.47035e-005
1.6 -1.28814 -4.44188e-005
1.61 -1.27947 -4.41196e-005
1.62 -1.26995 -4.37914e-005
1.63 -1.26349 -4.35687e-005
1.64 -1.2679 -4.37207e-005
1.65 -1.2882 -4.44207e-005
1.66 -1.32122 -4.55594e-005
1.67 -1.35793 -4.68251e-005
1.68 -1.38991 -4.79281e-005
1.69 -1.41367 -4.87474e-005
1.7 -1.42984 -4.93049e-005
1.71 -1.44106 -4.96918e-005
1.72 -1.45161 -5.00554e-005
1.73 -1.4662 -5.05588e-005
1.74 -1.48785 -5.13053e-005
1.75 -1.5173 -5.23207e-005
1.76 -1.55345 -5.35674e-005
1.77 -1.59267 -5.49197e-005
1.78 -1.62835 -5.61501e-005
1.79 -1.65402 -5.70351e-005
1.8 -1.66789 -5.75136e-005
1.81 -1.67342 -5.77042e-005
1.82 -1.67579 -5.77858e-005
1.83 -1.67868 -5.78855e-005
1.84 -1.68332 -5.80455e-005
1.85 -1.68853 -5.82251e-005
1.86 -1.69136 -5.83229e-005
1.87 -1.69038 -5.82888e-005
1.88 -1.68892 -5.82386e-005
1.89 -1.69173 -5.83354e-005
1.9 -1.69728 -5.85267e-005
1.91 -1.69766 -5.85399e-005
1.92 -1.68593 -5.81355e-005
1.93 -1.66015 -5.72467e-005
1.94 -1.62216 -5.59365e-005
1.95 -1.57574 -5.43357e-005
1.96 -1.52652 -5.26385e-005
1.97 -1.48126 -5.10779e-005
1.98 -1.44439 -4.98066e-005
1.99 -1.41555 -4.8812e-005
2 -1.3906 -4.79518e-005
2.01 -1.36404 -4.70358e-005
2.02 -1.33135 -4.59085e-005
2.03 -1.28994 -4.44808e-005
2.04 -1.23983 -4.27528e-005
2.05 -1.18575 -4.0888e-005
2.06 -1.13596 -3.91711e-005
2.07 -1.09602 -3.77938e-005
2.08 -1.06575 -3.675e-005
2.09 -1.0426 -3.59517e-005
2.1 -1.02588 -3.53753e-005
2.11 -1.01672 -3.50594e-005
2.12 -1.01443 -3.49803e-005
2.13 -1.01565 -3.50224e-005
2.14 -1.01704 -3.50704e-005
2.15 -1.01769 -3.50929e-005
2.16 -1.02022 -3.51801e-005
2.17 -1.02901 -3.5483e-005
2.18 -1.0463 -3.60792e-005
2.19 -1.07182 -3.69591e-005
2.2 -1.10596 -3.81367e-005
2.21 -1.14977 -3.96471e-005
2.22 -1.20188 -4.14442e-005
2.23 -1.25844 -4.33946e-005
2.24 -1.31601 -4.53797e-005
2.25 -1.37334 -4.73564e-005
2.26 -1.43 -4.93103e-005
2.27 -1.48599 -5.1241e-005
2.28 -1.54288 -5.32026e-005
2.29 -1.6023 -5.52516e-005
2.3 -1.66376 -5.73711e-005
2.31 -1.72554 -5.95015e-005
2.32 -1.78585 -6.15811e-005
2.33 -1.84242 -6.35318e-005
2.34 -1.89285 -6.52707e-005
2.35 -1.93535 -6.67363e-005
2.36 -1.9691 -6.78999e-005
2.37 -1.99345 -6.87397e-005
2.38 -2.00805 -6.92432e-005
2.39 -2.01473 -6.94736e-005
2.4 -2.01591 -6.95142e-005
2.41 -2.01095 -6.93432e-005
2.42 -1.99769 -6.8886e-005
2.43 -1.97508 -6.81063e-005
2.44 -1.94241 -6.69796e-005
2.45 -1.89917 -6.54887e-005
2.46 -1.84675 -6.36811e-005
2.47 -1.78804 -6.16565e-005
2.48 -1.72535 -5.94948e-005
2.49 -1.65951 -5.72244e-005
2.5 -1.5899 -5.48242e-005
2.51 -1.51578 -5.22684e-005
2.52 -1.4379 -4.95827e-005
2.53 -1.35805 -4.68293e-005
2.54 -1.27843 -4.40838e-005
2.55 -1.20162 -4.1435e-005
2.56 -1.12981 -3.89589e-005
2.57 -1.06438 -3.67027e-005
2.58 -1.00595 -3.46878e-005
2.59 -0.953906 -3.28933e-005
2.6 -0.906713 -3.1266e-005
2.61 -0.864046 -2.97947e-005
2.62 -0.82821 -2.8559e-005
2.63 -0.802507 -2.76727e-005
2.64 -0.787244 -2.71463e-005
2.65 -0.777788 -2.68203e-005
2.66 -0.769186 -2.65237e-005
2.67 -0.762172 -2.62818e-005
2.68 -0.762936 -2.63081e-005
2.69 -0.777351 -2.68052e-005
2.7 -0.805538 -2.77772e-005
2.71 -0.842349 -2.90465e-005
2.72 -0.882858 -3.04434e-005
2.73 -0.926931 -3.19631e-005
2.74 -0.978347 -3.37361e-005
2.75 -1.03979 -3.5855e-005
2.76 -1.11025 -3.82845e-005
2.77 -1.1867 -4.09208e-005
2.78 -1.2672 -4.36966e-005
2.79 -1.35269 -4.66446e-005
2.8 -1.4452 -4.98345e-005
2.81 -1.54283 -5.32009e-005
2.82 -1.6388 -5.65103e-005
2.83 -1.72644 -5.95326e-005
2.84 -1.80329 -6.21824e-005
2.85 -1.87103 -6.45183e-005
2.86 -1.93263 -6.66425e-005
2.87 -1.99041 -6.86348e-005
2.88 -2.04619 -7.05582e-005
2.89 -2.10013 -7.24184e-005
2.9 -2.1493 -7.41137e-005
2.91 -2.18983 -7.55114e-005
2.92 -2.2199 -7.65484e-005
2.93 -2.23895 -7.72053e-005
2.94 -2.24589 -7.74445e-005
2.95 -2.23985 -7.72361e-005
2.96 -2.22114 -7.65911e-005
2.97 -2.18973 -7.55078e-005
2.98 -2.14407 -7.39334e-005
2.99 -2.08352 -7.18454e-005
3 -2.01108 -6.93477e-005
3.01 -1.93231 -6.66312e-005
3.02 -1.85135 -6.38395e-005
3.03 -1.76869 -6.09893e-005
3.04 -1.68154 -5.79841e-005
3.05 -1.58642 -5.47042e-005
3.06 -1.48229 -5.11135e-005
3.07 -1.37128 -4.72854e-005
3.08 -1.25761 -4.33659e-005
3.09 -1.14525 -3.94915e-005
3.1 -1.03622 -3.57319e-005
3.11 -0.933308 -3.2183e-005
3.12 -0.842739 -2.90599e-005
3.13 -0.771109 -2.659e-005
3.14 -0.719575 -2.48129e-005
3.15 -0.682219 -2.35248e-005
3.16 -0.65041 -2.24279e-005
3.17 -0.61764 -2.12979e-005
3.18 -0.582232 -2.0077e-005
3.19 -0.548962 -1.89297e-005
3.2 -0.526383 -1.81512e-005
3.21 -0.519865 -1.79264e-005
3.22 -0.528155 -1.82122e-005
3.23 -0.547165 -1.88678e-005
3.24 -0.5745 -1.98103e-005
3.25 -0.609911 -2.10314e-005
3.26 -0.655287 -2.25961e-005
3.27 -0.715255 -2.4664e-005
3.28 -0.794113 -2.73832e-005
3.29 -0.890494 -3.07067e-005
3.3 -0.996546 -3.43637e-005
3.31 -1.10282 -3.80284e-005
3.32 -1.20386 -4.15126e-005
3.33 -1.29881 -4.47864e-005
3.34 -1.38761 -4.78485e-005
3.35 -1.47054 -5.07083e-005
3.36 -1.55184 -5.35116e-005
3.37 -1.63926 -5.65262e-005
3.38 -1.73893 -5.99631e-005
3.39 -1.85084 -6.3822e-005
3.4 -1.96695 -6.78259e-005
3.41 -2.07332 -7.14938e-005
3.42 -2.15699 -7.43791e-005
3.43 -2.21321 -7.63175e-005
3.44 -2.24599 -7.7448e-005
3.45 -2.26309 -7.80376e-005
3.46 -2.2713 -7.83208e-005
3.47 -2.27479 -7.84411e-005
3.48 -2.27505 -7.84501e-005
3.49 -2.2713 -7.83206e-005
3.5 -2.25987 -7.79264e-005
3.51 -2.23484 -7.70633e-005
3.52 -2.19316 -7.56262e-005
3.53 -2.13788 -7.37199e-005
3.54 -2.07384 -7.15118e-005
3.55 -2.00241 -6.90487e-005
3.56 -1.92063 -6.62285e-005
3.57 -1.82501 -6.29313e-005
3.58 -1.71596 -5.91712e-005
3.59 -1.59841 -5.51177e-005
3.6 -1.48023 -5.10423e-005
3.61 -1.3696 -4.72276e-005
3.62 -1.27067 -4.38162e-005
3.63 -1.1812 -4.07311e-005
3.64 -1.09557 -3.77784e-005
3.65 -1.0096 -3.48138e-005
3.66 -0.922558 -3.18124e-005
3.67 -0.835316 -2.8804e-005
3.68 -0.749021 -2.58283e-005
3.69 -0.667301 -2.30104e-005
3.7 -0.596871 -2.05818e-005
3.71 -0.544316 -1.87695e-005
3.72 -0.514241 -1.77324e-005
3.73 -0.508268 -1.75265e-005
3.74 -0.522903 -1.80311e-005
3.75 -0.551452 -1.90156e-005
3.76 -0.588895 -2.03067e-005
3.77 -0.633408 -2.18417e-005
3.78 -0.684922 -2.3618e-005
3.79 -0.744135 -2.56598e-005
3.8 -0.812527 -2.80182e-005
3.81 -0.891215 -3.07315e-005
3.82 -0.978381 -3.37373e-005
3.83 -1.06981 -3.68901e-005
3.84 -1.16391 -4.01348e-005
3.85 -1.26368 -4.35753e-005
3.86 -1.37155 -4.72947e-005
3.87 -1.48424 -5.11807e-005
3.88 -1.59478 -5.49924e-005
3.89 -1.69742 -5.85317e-005
3.9 -1.78935 -6.17018e-005
3.91 -1.86835 -6.44259e-005
3.92 -1.93068 -6.65751e-005
3.93 -1.97447 -6.80852e-005
3.94 -2.00386 -6.90987e-005
3.95 -2.02547 -6.98439e-005
3.96 -2.04304 -7.04495e-005
3.97 -2.05773 -7.09563e-005
3.98 -2.07011 -7.1383e-005
3.99 -2.07941 -7.17036e-005
4 -2.08102 -7.17592e-005
4.01 -2.06626 -7.12505e-005
4.02 -2.02936 -6.99779e-005
4.03 -1.97335 -6.80467e-005
4.04 -1.90581 -6.57176e-005
4.05 -1.83344 -6.3222e-005
4.06 -1.76294 -6.07911e-005
4.07 -1.69976 -5.86125e-005
4.08 -1.64263 -5.66426e-005
4.09 -1.58348 -5.46028e-005
4.1 -1.51407 -5.22092e-005
4.11 -1.43072 -4.93352e-005
4.12 -1.33558 -4.60544e-005
4.13 -1.23668 -4.26441e-005
4.14 -1.14344 -3.94289e-005
4.15 -1.06111 -3.65898e-005
4.16 -0.991033 -3.41736e-005
4.17 -0.933079 -3.21751e-005
4.18 -0.88666 -3.05745e-005
4.19 -0.850739 -2.93358e-005
4.2 -0.822876 -2.8375e-005
4.21 -0.800542 -2.76049e-005
4.22 -0.784257 -2.70433e-005
4.23 -0.775963 -2.67573e-005
4.24 -0.775827 -2.67527e-005
4.25 -0.784802 -2.70621e-005
4.26 -0.805982 -2.77925e-005
4.27 -0.84116 -2.90055e-005
4.28 -0.890176 -3.06957e-005
4.29 -0.951776 -3.28199e-005
4.3 -1.02172 -3.52318e-005
4.31 -1.09386 -3.77192e-005
4.32 -1.16519 -4.01791e-005
4.33 -1.23695 -4.26536e-005
4.34 -1.31055 -4.51914e-005
4.35 -1.38542 -4.7773e-005
4.36 -1.46061 -5.03659e-005
4.37 -1.53586 -5.29608e-005
4.38 -1.61018 -5.55236e-005
4.39 -1.67942 -5.79109e-005
4.4 -1.73712 -5.99007e-005
4.41 -1.78047 -6.13956e-005
4.42 -1.81338 -6.25304e-005
4.43 -1.84365 -6.35741e-005
4.44 -1.87888 -6.4789e-005
4.45 -1.92172 -6.62663e-005
4.46 -1.9664 -6.78068e-005
4.47 -2.00257 -6.90542e-005
4.48 -2.02251 -6.97417e-005
4.49 -2.02254 -6.97427e-005
4.5 -2.0013 -6.90103e-005
4.51 -1.96174 -6.76461e-005
4.52 -1.91259 -6.59514e-005
4.53 -1.86215 -6.42119e-005
4.54 -1.81237 -6.24957e-005
4.55 -1.76183 -6.07528e-005
4.56 -1.70928 -5.89405e-005
4.57 -1.65345 -5.70154e-005
4.58 -1.59393 -5.49632e-005
4.59 -1.53332 -5.28733e-005
4.6 -1.4764 -5.09104e-005
4.61 -1.42487 -4.91334e-005
4.62 -1.37358 -4.7365e-005
4.63 -1.31611 -4.53831e-005
4.64 -1.25419 -4.32478e-005
4.65 -1.19801 -4.13109e-005
4.66 -1.15768 -3.99199e-005
4.67 -1.13647 -3.91885e-005
4.68 -1.13099 -3.89996e-005
4.69 -1.13574 -3.91635e-005
4.7 -1.14791 -3.95831e-005
4.71 -1.16798 -4.02752e-005
4.72 -1.1957 -4.12312e-005
4.73 -1.22845 -4.23603e-005
4.74 -1.26444 -4.36014e-005
4.75 -1.30424 -4.49739e-005
4.76 -1.35001 -4.65522e-005
4.77 -1.40549 -4.84651e-005
4.78 -1.47289 -5.07894e-005
4.79 -1.54831 -5.339e-005
4.8 -1.62388 -5.59957e-005
4.81 -1.69386 -5.8409e-005
4.82 -1.7565 -6.05689e-005
4.83 -1.81289 -6.25133e-005
4.84 -1.86646 -6.43608e-005
4.85 -1.92046 -6.62227e-005
4.86 -1.97182 -6.79938e-005
4.87 -2.01165 -6.93672e-005
4.88 -2.03555 -7.01914e-005
4.89 -2.04756 -7.06055e-005
4.9 -2.05309 -7.07963e-005
4.91 -2.05398 -7.08268e-005
4.92 -2.05149 -7.0741e-005
4.93 -2.04943 -7.06702e-005
4.94 -2.04941 -7.06693e-005
4.95 -2.04556 -7.05365e-005
4.96 -2.02883 -6.99596e-005
4.97 -1.99461 -6.87795e-005
4.98 -1.94314 -6.70048e-005
4.99 -1.87641 -6.47037e-005
5 -1.80076 -6.20952e-005
5.01 -1.72843 -5.9601e-005
5.02 -1.66839 -5.75307e-005
5.03 -1.61885 -5.58225e-005
5.04 -1.57271 -5.42314e-005
5.05 -1.5244 -5.25655e-005
5.06 -1.46911 -5.0659e-005
5.07 -1.40462 -4.84351e-005
5.08 -1.33657 -4.60887e-005
5.09 -1.27553 -4.39837e-005
5.1 -1.22899 -4.23791e-005
5.11 -1.20029 -4.13893e-005
5.12 -1.19205 -4.11052e-005
5.13 -1.20388 -4.15129e-005
5.14 -1.22671 -4.23003e-005
5.15 -1.247 -4.30002e-005
5.16 -1.25873 -4.34045e-005
5.17 -1.26612 -4.36592e-005
5.18 -1.277 -4.40345e-005
5.19 -1.30001 -4.4828e-005
5.2 -1.34517 -4.63853e-005
5.21 -1.4179 -4.88931e-005
5.22 -1.50961 -5.20556e-005
5.23 -1.60096 -5.52056e-005
5.24 -1.67472 -5.77491e-005
5.25 -1.72209 -5.93825e-005
5.26 -1.74323 -6.01115e-005
5.27 -1.74645 -6.02225e-005
5.28 -1.74257 -6.00886e-005
5.29 -1.73886 -5.99606e-005
5.3 -1.74083 -6.00287e-005
5.31 -1.75407 -6.04851e-005
5.32 -1.77825 -6.13191e-005
5.33 -1.80407 -6.22094e-005
5.34 -1.81876 -6.27157e-005
5.35 -1.8135 -6.25346e-005
5.36 -1.78592 -6.15835e-005
5.37 -1.73652 -5.988e-005
5.38 -1.66628 -5.74579e-005
5.39 -1.57986 -5.44779e-005
5.4 -1.48798 -5.13096e-005
5.41 -1.40383 -4.8408e-005
5.42 -1.3377 -4.61276e-005
5.43 -1.29248 -4.45683e-005
5.44 -1.26172 -4.35077e-005
5.45 -1.23422 -4.25591e-005
5.46 -1.20193 -4.14459e-005
5.47 -1.16295 -4.01017e-005
5.48 -1.11961 -3.86071e-005
5.49 -1.07629 -3.71133e-005
5.5 -1.03582 -3.5718e-005
5.51 -0.998121 -3.4418e-005
5.52 -0.966442 -3.33256e-005
5.53 -0.949449 -3.27396e-005
5.54 -0.953067 -3.28644e-005
5.55 -0.977754 -3.37156e-005
5.56 -1.02234 -3.5253e-005
5.57 -1.08268 -3.73339e-005
5.58 -1.14848 -3.96026e-005
5.59 -1.20641 -4.16002e-005
5.6 -1.24639 -4.29788e-005
5.61 -1.26525 -4.36292e-005
5.62 -1.26799 -4.37239e-005
5.63 -1.26735 -4.37016e-005
5.64 -1.27838 -4.40819e-005
5.65 -1.31024 -4.51808e-005
5.66 -1.3607 -4.69205e-005
5.67 -1.41829 -4.89065e-005
5.68 -1.47105 -5.07258e-005
5.69 -1.51517 -5.22473e-005
5.7 -1.55515 -5.36259e-005
5.71 -1.59647 -5.50506e-005
5.72 -1.64013 -5.65561e-005
5.73 -1.68458 -5.8089e-005
5.74 -1.73125 -5.96983e-005
5.75 -1.78663 -6.16079e-005
5.76 -1.85786 -6.40641e-005
5.77 -1.9469 -6.71344e-005
5.78 -2.04918 -7.06613e-005
5.79 -2.1544 -7.42895e-005
5.8 -2.24777 -7.75091e-005
5.81 -2.31707 -7.9899e-005
5.82 -2.36631 -8.1597e-005
5.83 -2.41812 -8.33834e-005
5.84 -2.49292 -8.59629e-005
5.85 -2.58654 -8.91912e-005
5.86 -2.67316 -9.21778e-005
5.87 -2.72723 -9.40423e-005
5.88 -2.73724 -9.43877e-005
5.89 -2.70667 -9.33333e-005
5.9 -2.64824 -9.13185e-005
5.91 -2.57435 -8.87706e-005
5.92 -2.49329 -8.59756e-005
5.93 -2.41016 -8.31091e-005
5.94 -2.32327 -8.01128e-005
5.95 -2.22201 -7.6621e-005
5.96 -2.09254 -7.21564e-005
5.97 -1.92645 -6.64293e-005
5.98 -1.72531 -5.94934e-005
5.99 -1.49596 -5.1585e-005
6 -1.24122 -4.28007e-005
6.01 -0.957205 -3.30071e-005
6.02 -0.639814 -2.20625e-005
6.03 -0.288453 -9.94665e-006
6.04 0.0932713 3.21625e-006
6.05 0.491363 1.69435e-005
6.06 0.881006 3.03795e-005
6.07 1.23539 4.25997e-005
6.08 1.5325 5.28449e-005
6.09 1.76258 6.07787e-005
6.1 1.9296 6.65378e-005
6.11 2.04274 7.04394e-005
6.12 2.10804 7.26909e-005
6.13 2.12683 7.33388e-005
6.14 2.09194 7.2136e-005
6.15 1.98641 6.8497e-005
6.16 1.79297 6.18266e-005
6.17 1.503 5.18277e-005
6.18 1.11895 3.85843e-005
6.19 0.657564 2.26746e-005
6.2 0.150653 5.19492e-006
6.21 -0.369654 -1.27467e-005
6.22 -0.890894 -3.07205e-005
6.23 -1.42303 -4.90701e-005
6.24 -1.97958 -6.82612e-005
6.25 -2.55537 -8.81161e-005
6.26 -3.11805 -0.000107519
6.27 -3.61862 -0.00012478
6.28 -4.01843 -0.000138566
6.29 -4.31207 -0.000148692
6.3 -4.53029 -0.000156217
6.31 -4.71125 -0.000162457
6.32 -4.86713 -0.000167832
6.33 -4.98138 -0.000171772
6.34 -5.02425 -0.00017325
6.35 -4.97088 -0.00017141
6.36 -4.81806 -0.00016614
6.37 -4.59488 -0.000158444
6.38 -4.35493 -0.00015017
6.39 -4.13753 -0.000142673
6.4 -3.93671 -0.000135749
6.41 -3.72055 -0.000128295
6.42 -3.46542 -0.000119497
6.43 -3.1602 -0.000108972
6.44 -2.80189 -9.66171e-005
6.45 -2.40294 -8.286e-005
6.46 -1.99129 -6.86653e-005
6.47 -1.59226 -5.49054e-005
6.48 -1.21265 -4.18156e-005
6.49 -0.845482 -2.91545e-005
6.5 -0.483612 -1.66763e-005
6.51 -0.122154 -4.2122e-006
6.52 0.228704 7.88634e-006
6.53 0.57913 1.997e-005
6.54 0.943222 3.25249e-005
6.55 1.3204 4.55309e-005
6.56 1.68503 5.81044e-005
6.57 2.00062 6.8987e-005
6.58 2.2338 7.70276e-005
6.59 2.36896 8.16881e-005
6.6 2.41341 8.32211e-005
6.61 2.38794 8.23428e-005
6.62 2.30942 7.96351e-005
6.63 2.18267 7.52644e-005
6.64 2.00237 6.90472e-005
6.65 1.76034 6.07012e-005
6.66 1.45492 5.01698e-005
6.67 1.09345 3.77052e-005
6.68 0.684899 2.36172e-005
6.69 0.233549 8.0534e-006
6.7 -0.256256 -8.83641e-006
6.71 -0.769455 -2.65329e-005
6.72 -1.27874 -4.40945e-005
6.73 -1.76308 -6.07957e-005
6.74 -2.22606 -7.67607e-005
6.75 -2.6915 -9.28103e-005
6.76 -3.18606 -0.000109864
6.77 -3.7264 -0.000128497
6.78 -4.31221 -0.000148697
6.79 -4.92408 -0.000169796
6.8 -5.53007 -0.000190692
6.81 -6.09448 -0.000210154
6.82 -6.59473 -0.000227405
6.83 -7.00995 -0.000241722
6.84 -7.31858 -0.000252365
6.85 -7.50749 -0.000258879
6.86 -7.58083 -0.000261408
6.87 -7.55694 -0.000260584
6.88 -7.45355 -0.000257019
6.89 -7.26827 -0.00025063
6.9 -6.98817 -0.000240971
6.91 -6.60787 -0.000227858
6.92 -6.14085 -0.000211753
6.93 -5.60591 -0.000193307
6.94 -5.00646 -0.000172636
6.95 -4.3304 -0.000149324
6.96 -3.57132 -0.000123149
6.97 -2.74571 -9.46797e-005
6.98 -1.88928 -6.51476e-005
6.99 -1.04139 -3.591e-005
7 -0.242294 -8.35496e-006
7.01 0.467677 1.61268e-005
7.02 1.06012 3.6556e-005
7.03 1.52655 5.26398e-005
7.04 1.89281 6.52694e-005
7.05 2.22444 7.67049e-005
7.06 2.58166 8.90229e-005
7.07 2.98309 0.000102865
7.08 3.4033 0.000117355
7.09 3.79972 0.000131025
7.1 4.13747 0.000142671
7.11 4.39288 0.000151479
7.12 4.55188 0.000156961
7.13 4.60706 0.000158864
7.14 4.57225 0.000157664
7.15 4.47095 0.000154171
7.16 4.32179 0.000149027
7.17 4.13386 0.000142547
7.18 3.9067 0.000134714
7.19 3.62895 0.000125136
7.2 3.28225 0.000113181
7.21 2.84647 9.8154e-005
7.22 2.30131 7.93556e-005
7.23 1.63151 5.6259e-005
7.24 0.840145 2.89705e-005
7.25 -0.0458788 -1.58203e-006
7.26 -0.987488 -3.40513e-005
7.27 -1.94484 -6.70633e-005
7.28 -2.88714 -9.95565e-005
7.29 -3.79936 -0.000131013
7.3 -4.67534 -0.000161219
7.31 -5.52259 -0.000190434
7.32 -6.34151 -0.000218673
7.33 -7.12548 -0.000245706
7.34 -7.83418 -0.000270144
7.35 -8.41216 -0.000290075
7.36 -8.80993 -0.000303791
7.37 -9.03531 -0.000311562
7.38 -9.12436 -0.000314633
7.39 -9.09718 -0.000313696
7.4 -8.95613 -0.000308832
7.41 -8.70331 -0.000300114
7.42 -8.35564 -0.000288126
7.43 -7.929 -0.000273414
7.44 -7.41829 -0.000255803
7.45 -6.79802 -0.000234414
7.46 -6.04989 -0.000208617
7.47 -5.18628 -0.000178837
7.48 -4.25463 -0.000146711
7.49 -3.31731 -0.00011439
7.5 -2.42917 -8.37644e-005
7.51 -1.62214 -5.5936e-005
7.52 -0.910749 -3.14051e-005
7.53 -0.303799 -1.04758e-005
7.54 0.214071 7.38177e-006
7.55 0.662489 2.28445e-005
7.56 1.07218 3.69718e-005
7.57 1.48236 5.11159e-005
7.58 1.89075 6.51982e-005
7.59 2.25187 7.76508e-005
7.6 2.5088 8.65103e-005
7.61 2.63101 9.07245e-005
7.62 2.63556 9.08816e-005
7.63 2.56817 8.85576e-005
7.64 2.47506 8.5347e-005
7.65 2.38017 8.20747e-005
7.66 2.28082 7.8649e-005
7.67 2.15598 7.43442e-005
7.68 1.99336 6.87365e-005
7.69 1.80369 6.21963e-005
7.7 1.60493 5.53424e-005
7.71 1.3848 4.77518e-005
7.72 1.12258 3.87098e-005
7.73 0.814205 2.8076e-005
7.74 0.469966 1.62057e-005
7.75 0.103457 3.56747e-006
7.76 -0.27176 -9.37103e-006
7.77 -0.65107 -2.24507e-005
7.78 -1.03547 -3.57059e-005
7.79 -1.4154 -4.88069e-005
7.8 -1.78154 -6.14324e-005
7.81 -2.13778 -7.37164e-005
7.82 -2.49962 -8.61937e-005
7.83 -2.8988 -9.99586e-005
7.84 -3.3696 -0.000116193
7.85 -3.91881 -0.000135131
7.86 -4.51675 -0.00015575
7.87 -5.11818 -0.000176489
7.88 -5.67693 -0.000195756
7.89 -6.15059 -0.000212089
7.9 -6.50354 -0.00022426
7.91 -6.71312 -0.000231487
7.92 -6.78053 -0.000233811
7.93 -6.73823 -0.000232353
7.94 -6.63636 -0.00022884
7.95 -6.51512 -0.000224659
7.96 -6.38426 -0.000220147
7.97 -6.21954 -0.000214467
7.98 -5.98618 -0.00020642
7.99 -5.65979 -0.000195165
8 -5.22585 -0.000180202
8.01 -4.68353 -0.000161501
8.02 -4.03286 -0.000139064
8.03 -3.2702 -0.000112766
8.04 -2.4125 -8.31897e-005
8.05 -1.5203 -5.24241e-005
8.06 -0.662477 -2.2844e-005
8.07 0.122621 4.2283e-006
8.08 0.821854 2.83398e-005
8.09 1.4454 4.98412e-005
8.1 2.00146 6.90157e-005
8.11 2.48519 8.56962e-005
8.12 2.89707 9.98988e-005
8.13 3.23898 0.000111689
8.14 3.49898 0.000120655
8.15 3.67547 0.00012674
8.16 3.77561 0.000130193
8.17 3.8007 0.000131059
8.18 3.74286 0.000129064
8.19 3.58716 0.000123695
8.2 3.32136 0.00011453
8.21 2.95237 0.000101806
8.22 2.50655 8.64326e-005
8.23 2.04948 7.06717e-005
8.24 1.63311 5.63141e-005
8.25 1.26422 4.35937e-005
8.26 0.95667 3.29886e-005
8.27 0.716725 2.47146e-005
8.28 0.541777 1.8682e-005
8.29 0.418899 1.44448e-005
8.3 0.32753 1.12941e-005
8.31 0.267179 9.21307e-006
8.32 0.237166 8.17812e-006
8.33 0.234845 8.09811e-006
8.34 0.244567 8.43335e-006
8.35 0.243124 8.38358e-006
8.36 0.226742 7.8187e-006
8.37 0.210571 7.26107e-006
8.38 0.211345 7.28775e-006
8.39 0.237306 8.18297e-006
8.4 0.291148 1.00396e-005
8.41 0.374226 1.29043e-005
8.42 0.487014 1.67936e-005
8.43 0.625153 2.1557e-005
8.44 0.777555 2.68122e-005
8.45 0.937901 3.23414e-005
8.46 1.09715 3.78328e-005
8.47 1.24793 4.3032e-005
8.48 1.38071 4.76107e-005
8.49 1.50171 5.1783e-005
8.5 1.65107 5.69335e-005
8.51 1.82236 6.284e-005
8.52 1.97457 6.80885e-005
8.53 2.08745 7.1981e-005
8.54 2.14615 7.4005e-005
8.55 2.15088 7.41684e-005
8.56 2.11663 7.29873e-005
8.57 2.06119 7.10754e-005
8.58 1.99501 6.87935e-005
8.59 1.91005 6.58637e-005
8.6 1.79409 6.18652e-005
8.61 1.65229 5.69754e-005
8.62 1.50174 5.1784e-005
8.63 1.35148 4.66027e-005
8.64 1.2124 4.18068e-005
8.65 1.10145 3.79812e-005
8.66 1.03082 3.55457e-005
8.67 0.998403 3.44277e-005
8.68 0.990495 3.4155e-005
8.69 0.989949 3.41362e-005
8.7 0.986653 3.40225e-005
8.71 0.97645 3.36707e-005
8.72 0.949195 3.27309e-005
8.73 0.87944 3.03255e-005
8.74 0.742798 2.56137e-005
8.75 0.537465 1.85333e-005
8.76 0.284719 9.81791e-006
8.77 0.0129612 4.46937e-007
8.78 -0.271213 -9.35217e-006
8.79 -0.524767 -1.80954e-005
8.8 -0.848446 -2.92568e-005
8.81 -1.29123 -4.45252e-005
8.82 -1.85277 -6.38887e-005
8.83 -2.50568 -8.64028e-005
8.84 -3.19774 -0.000110267
8.85 -3.85671 -0.00013299
8.86 -4.42342 -0.000152532
8.87 -4.87197 -0.000167999
8.88 -5.22056 -0.000180019
8.89 -5.51096 -0.000190033
8.9 -5.79273 -0.000199749
8.91 -6.08853 -0.000209949
8.92 -6.38321 -0.000220111
8.93 -6.65105 -0.000229346
8.94 -6.86789 -0.000236824
8.95 -7.00855 -0.000241674
8.96 -7.04999 -0.000243103
8.97 -6.98473 -0.000240853
8.98 -6.82154 -0.000235225
8.99 -6.57845 -0.000226843
9 -6.277 -0.000216448
9.01 -5.93983 -0.000204822
9.02 -5.58826 -0.000192699
9.03 -5.24063 -0.000180711
9.04 -4.90405 -0.000169105
9.05 -4.57089 -0.000157617
9.06 -4.2164 -0.000145393
9.07 -3.80713 -0.00013128
9.08 -3.30157 -0.000113847
9.09 -2.69216 -9.28331e-005
9.1 -2.00047 -6.89817e-005
9.11 -1.24655 -4.29843e-005
9.12 -0.459706 -1.58519e-005
9.13 0.335388 1.15651e-005
9.14 1.10091 3.79623e-005
9.15 1.80345 6.21879e-005
9.16 2.40907 8.30714e-005
9.17 2.89883 9.99595e-005
9.18 3.28733 0.000113356
9.19 3.61211 0.000124555
9.2 3.91956 0.000135157
9.21 4.24205 0.000146278
9.22 4.57241 0.000157669
9.23 4.86972 0.000167921
9.24 5.0927 0.00017561
9.25 5.20598 0.000179517
9.26 5.19553 0.000179156
9.27 5.05184 0.000174201
9.28 4.75261 0.000163883
9.29 4.28017 0.000147592
9.3 3.64309 0.000125624
9.31 2.88313 9.94182e-005
9.32 2.05345 7.08086e-005
9.33 1.19272 4.11282e-005
9.34 0.322034 1.11046e-005
9.35 -0.541143 -1.86601e-005
9.36 -1.35559 -4.67444e-005
9.37 -2.13548 -7.36372e-005
9.38 -2.94607 -0.000101589
9.39 -3.80545 -0.000131222
9.4 -4.71272 -0.000162508
9.41 -5.66641 -0.000195394
9.42 -6.65864 -0.000229608
9.43 -7.66713 -0.000264384
9.44 -8.65441 -0.000298428
9.45 -9.58061 -0.000330366
9.46 -10.3644 -0.000357394
9.47 -11.0038 -0.000379442
9.48 -11.5024 -0.000396635
9.49 -11.8851 -0.00040983
9.5 -12.1812 -0.00042004
9.51 -12.39 -0.000427241
9.52 -12.492 -0.00043076
9.53 -12.4669 -0.000429895
9.54 -12.327 -0.000425071
9.55 -12.0907 -0.000416922
9.56 -11.7654 -0.000405705
9.57 -11.3496 -0.000391366
9.58 -10.839 -0.00037376
9.59 -10.2447 -0.000353266
9.6 -9.58638 -0.000330565
9.61 -8.87607 -0.000306072
9.62 -8.11012 -0.000279659
9.63 -7.27691 -0.000250928
9.64 -6.39049 -0.000220362
9.65 -5.48396 -0.000189102
9.66 -4.58753 -0.000158191
9.67 -3.7181 -0.00012821
9.68 -2.88272 -9.94042e-005
9.69 -2.06329 -7.11479e-005
9.7 -1.24817 -4.30404e-005
9.71 -0.426077 -1.46923e-005
9.72 0.388026 1.33802e-005
9.73 1.1891 4.10035e-005
9.74 1.96261 6.76763e-005
9.75 2.67193 9.21355e-005
9.76 3.27863 0.000113056
9.77 3.77183 0.000130063
9.78 4.16094 0.000143481
9.79 4.46673 0.000154025
9.8 4.70695 0.000162309
9.81 4.86496 0.000167757
9.82 4.90996 0.000169309
9.83 4.83461 0.000166711
9.84 4.63962 0.000159987
9.85 4.33668 0.000149541
9.86 3.94293 0.000135963
9.87 3.4677 0.000119576
9.88 2.91464 0.000100505
9.89 2.2876 7.88827e-005
9.9 1.59419 5.49721e-005
9.91 0.842382 2.90477e-005
9.92 0.0494735 1.70598e-006
9.93 -0.71299 -2.45859e-005
9.94 -1.5124 -5.21516e-005
9.95 -2.36992 -8.17215e-005
9.96 -3.26215 -0.000112488
9.97 -4.16857 -0.000143744
9.98 -5.07306 -0.000174933
9.99 -5.94989 -0.000205169
10 -6.74173 -0.000232473
