0.1 0.00452828 1.25611e-006
0.2 0.00905785 2.51258e-006
0.3 0.0135887 3.76941e-006
0.4 0.0181209 5.0266e-006
0.5 0.0226544 6.28415e-006
0.6 0.0271891 7.54207e-006
0.7 0.0317252 8.80035e-006
0.8 0.0362626 1.0059e-005
0.9 0.0408014 1.1318e-005
1 0.0453414 1.25774e-005
0.01 0.0501613 1.39144e-005
0.02 0.0557495 1.54645e-005
0.03 0.0485477 1.34668e-005
0.04 0.0407413 1.13014e-005
0.05 0.0407002 1.129e-005
0.06 0.0436346 1.21039e-005
0.07 0.049523 1.37373e-005
0.08 0.0540496 1.4993e-005
0.09 0.0561034 1.55627e-005
0.1 0.0555726 1.54154e-005
0.11 0.0533084 1.47874e-005
0.12 0.0501526 1.3912e-005
0.13 0.0466848 1.295e-005
0.14 0.0432868 1.20074e-005
0.15 0.0406968 1.1289e-005
0.16 0.0398498 1.1054e-005
0.17 0.0409515 1.13597e-005
0.18 0.0430695 1.19472e-005
0.19 0.0449052 1.24564e-005
0.2 0.0457681 1.26957e-005
0.21 0.0456986 1.26765e-005
0.22 0.0449778 1.24765e-005
0.23 0.0438362 1.21598e-005
0.24 0.0425512 1.18034e-005
0.25 0.0415267 1.15192e-005
0.26 0.0411137 1.14047e-005
0.27 0.0413467 1.14693e-005
0.28 0.0418749 1.16158e-005
0.29 0.0421595 1.16947e-005
0.3 0.0417764 1.15885e-005
0.31 0.0406075 1.12642e-005
0.32 0.0388401 1.0774e-005
0.33 0.0368453 1.02206e-005
0.34 0.0350413 9.72021e-006
0.35 0.0337991 9.37561e-006
0.36 0.0333594 9.25365e-006
0.37 0.0337451 9.36065e-006
0.38 0.0347266 9.6329e-006
0.39 0.0358982 9.9579e-006
0.4 0.0368399 1.02191e-005
0.41 0.0372671 1.03376e-005
0.42 0.0371108 1.02943e-005
0.43 0.0365111 1.01279e-005
0.44 0.0357469 9.91594e-006
0.45 0.0351344 9.74602e-006
0.46 0.0349182 9.68607e-006
0.47 0.0351884 9.761e-006
0.48 0.0358587 9.94696e-006
0.49 0.0367039 1.01814e-005
0.5 0.0374318 1.03833e-005
0.51 0.0377924 1.04833e-005
0.52 0.0376835 1.04531e-005
0.53 0.0371818 1.0314e-005
0.54 0.0364929 1.01229e-005
0.55 0.0358785 9.95244e-006
0.56 0.0356081 9.87744e-006
0.57 0.0359121 9.96176e-006
0.58 0.0368936 1.0234e-005
0.59 0.038451 1.0666e-005
0.6 0.040302 1.11795e-005
0.61 0.0421078 1.16804e-005
0.62 0.0435984 1.20939e-005
0.63 0.0446109 1.23747e-005
0.64 0.0450962 1.25094e-005
0.65 0.0451563 1.2526e-005
0.66 0.0450011 1.2483e-005
0.67 0.0448254 1.24342e-005
0.68 0.0447554 1.24148e-005
0.69 0.0448603 1.24439e-005
0.7 0.0451407 1.25217e-005
0.71 0.0455233 1.26278e-005
0.72 0.0459111 1.27354e-005
0.73 0.0462492 1.28292e-005
0.74 0.0465631 1.29163e-005
0.75 0.0469375 1.30201e-005
0.76 0.0474417 1.316e-005
0.77 0.0480779 1.33365e-005
0.78 0.0487835 1.35322e-005
0.79 0.0494753 1.37241e-005
0.8 0.0500884 1.38941e-005
0.81 0.0505591 1.40247e-005
0.82 0.0508059 1.40932e-005
0.83 0.0507705 1.40834e-005
0.84 0.0504647 1.39985e-005
0.85 0.0499424 1.38537e-005
0.86 0.0492745 1.36684e-005
0.87 0.048597 1.34805e-005
0.88 0.04808 1.33371e-005
0.89 0.0477769 1.3253e-005
0.9 0.0475809 1.31986e-005
0.91 0.0473629 1.31381e-005
0.92 0.047134 1.30746e-005
0.93 0.0470202 1.30431e-005
0.94 0.047073 1.30577e-005
0.95 0.0471787 1.3087e-005
0.96 0.0471657 1.30834e-005
0.97 0.0469913 1.3035e-005
0.98 0.0467861 1.29781e-005
0.99 0.0466692 1.29457e-005
1 0.0466029 1.29273e-005
1.01 0.0464747 1.28918e-005
1.02 0.0462008 1.28158e-005
1.03 0.045738 1.26874e-005
1.04 0.0450977 1.25098e-005
1.05 0.0443626 1.23059e-005
1.06 0.0436513 1.21085e-005
1.07 0.0430421 1.19396e-005
1.08 0.0425144 1.17932e-005
1.09 0.0420354 1.16603e-005
1.1 0.0417086 1.15697e-005
1.11 0.0416918 1.1565e-005
1.12 0.0419758 1.16438e-005
1.13 0.0423534 1.17485e-005
1.14 0.0425929 1.1815e-005
1.15 0.042511 1.17922e-005
1.16 0.0419876 1.16471e-005
1.17 0.0411096 1.14035e-005
1.18 0.040158 1.11396e-005
1.19 0.03939 1.09265e-005
1.2 0.0389056 1.07921e-005
1.21 0.0386658 1.07256e-005
1.22 0.0385846 1.07031e-005
1.23 0.0385913 1.0705e-005
1.24 0.0386306 1.07159e-005
1.25 0.0386341 1.07168e-005
1.26 0.0385341 1.06891e-005
1.27 0.0383246 1.0631e-005
1.28 0.0380586 1.05572e-005
1.29 0.0378273 1.0493e-005
1.3 0.0377319 1.04666e-005
1.31 0.0377801 1.04799e-005
1.32 0.0378652 1.05035e-005
1.33 0.0378697 1.05048e-005
1.34 0.0376764 1.04511e-005
1.35 0.0372077 1.03212e-005
1.36 0.0366144 1.01566e-005
1.37 0.0362371 1.00519e-005
1.38 0.0363255 1.00764e-005
1.39 0.0368386 1.02188e-005
1.4 0.0375091 1.04048e-005
1.41 0.0381905 1.05938e-005
1.42 0.0389766 1.08118e-005
1.43 0.0399066 1.10698e-005
1.44 0.0408586 1.13339e-005
1.45 0.0417102 1.15701e-005
1.46 0.0424401 1.17726e-005
1.47 0.0431736 1.1976e-005
1.48 0.04419 1.2258e-005
1.49 0.0458097 1.27073e-005
1.5 0.0481302 1.3351e-005
1.51 0.0507946 1.40901e-005
1.52 0.0531525 1.47441e-005
1.53 0.0548317 1.52099e-005
1.54 0.0559997 1.55339e-005
1.55 0.0569955 1.58101e-005
1.56 0.0580109 1.60918e-005
1.57 0.0591063 1.63957e-005
1.58 0.0602554 1.67144e-005
1.59 0.0613771 1.70256e-005
1.6 0.0624787 1.73311e-005
1.61 0.0637482 1.76833e-005
1.62 0.0653196 1.81192e-005
1.63 0.066841 1.85412e-005
1.64 0.0674809 1.87187e-005
1.65 0.0666608 1.84912e-005
1.66 0.0646526 1.79342e-005
1.67 0.0623224 1.72878e-005
1.68 0.0604239 1.67612e-005
1.69 0.0591668 1.64124e-005
1.7 0.0583692 1.61912e-005
1.71 0.0577521 1.602e-005
1.72 0.0569895 1.58085e-005
1.73 0.0557833 1.54739e-005
1.74 0.0540243 1.49859e-005
1.75 0.0517609 1.43581e-005
1.76 0.0490895 1.36171e-005
1.77 0.0462086 1.28179e-005
1.78 0.0435127 1.20701e-005
1.79 0.0413565 1.1472e-005
1.8 0.0396549 1.1e-005
1.81 0.0379139 1.0517e-005
1.82 0.0356637 9.89284e-006
1.83 0.032798 9.09794e-006
1.84 0.0295903 8.20815e-006
1.85 0.0265571 7.36674e-006
1.86 0.0242649 6.73092e-006
1.87 0.0229037 6.35331e-006
1.88 0.0219325 6.08391e-006
1.89 0.0205405 5.69778e-006
1.9 0.0185985 5.1591e-006
1.91 0.0167668 4.65099e-006
1.92 0.0157306 4.36357e-006
1.93 0.0157589 4.37141e-006
1.94 0.0168032 4.66108e-006
1.95 0.0186491 5.17312e-006
1.96 0.0208731 5.79004e-006
1.97 0.0228684 6.34353e-006
1.98 0.0242031 6.71375e-006
1.99 0.0248824 6.90219e-006
2 0.0252595 7.00681e-006
2.01 0.0258147 7.16082e-006
2.02 0.02695 7.47572e-006
2.03 0.0289396 8.02764e-006
2.04 0.0318879 8.84547e-006
2.05 0.035491 9.84495e-006
2.06 0.0391439 1.08582e-005
2.07 0.0425694 1.18084e-005
2.08 0.0460629 1.27775e-005
2.09 0.0500328 1.38787e-005
2.1 0.0544824 1.5113e-005
2.11 0.0590268 1.63736e-005
2.12 0.0633597 1.75755e-005
2.13 0.0674495 1.871e-005
2.14 0.0713371 1.97884e-005
2.15 0.0749436 2.07888e-005
2.16 0.0779802 2.16311e-005
2.17 0.0801228 2.22255e-005
2.18 0.0813761 2.25731e-005
2.19 0.0820385 2.27569e-005
2.2 0.0822773 2.28231e-005
2.21 0.082082 2.2769e-005
2.22 0.0815769 2.26288e-005
2.23 0.0810543 2.24839e-005
2.24 0.0806904 2.23829e-005
2.25 0.080405 2.23038e-005
2.26 0.0800591 2.22078e-005
2.27 0.0795219 2.20588e-005
2.28 0.0785481 2.17887e-005
2.29 0.0769188 2.13367e-005
2.3 0.0746482 2.07069e-005
2.31 0.0718657 1.9935e-005
2.32 0.0686651 1.90472e-005
2.33 0.0651398 1.80693e-005
2.34 0.0613927 1.70299e-005
2.35 0.0574892 1.59471e-005
2.36 0.0534481 1.48261e-005
2.37 0.0493476 1.36887e-005
2.38 0.0453176 1.25708e-005
2.39 0.041304 1.14574e-005
2.4 0.037215 1.03232e-005
2.41 0.0332855 9.23315e-006
2.42 0.029873 8.28656e-006
2.43 0.027134 7.52678e-006
2.44 0.025115 6.96673e-006
2.45 0.0238107 6.60492e-006
2.46 0.0230326 6.38908e-006
2.47 0.022481 6.23607e-006
2.48 0.0219813 6.09745e-006
2.49 0.0215694 5.98319e-006
2.5 0.0214531 5.95094e-006
2.51 0.021831 6.05576e-006
2.52 0.0226819 6.29181e-006
2.53 0.0238163 6.60646e-006
2.54 0.0249821 6.92987e-006
2.55 0.0259111 7.18756e-006
2.56 0.0264406 7.33444e-006
2.57 0.0265824 7.37376e-006
2.58 0.0265051 7.35231e-006
2.59 0.0265551 7.36618e-006
2.6 0.027176 7.53841e-006
2.61 0.0286162 7.93793e-006
2.62 0.03074 8.52705e-006
2.63 0.0332063 9.2112e-006
2.64 0.0359339 9.9678e-006
2.65 0.039338 1.09121e-005
2.66 0.0438294 1.2158e-005
2.67 0.0491555 1.36354e-005
2.68 0.0544445 1.51025e-005
2.69 0.0588717 1.63306e-005
2.7 0.0622772 1.72753e-005
2.71 0.0651058 1.80599e-005
2.72 0.0677902 1.88045e-005
2.73 0.0702406 1.94842e-005
2.74 0.0719532 1.99593e-005
2.75 0.0725946 2.01372e-005
2.76 0.0723246 2.00623e-005
2.77 0.0716035 1.98623e-005
2.78 0.0708036 1.96404e-005
2.79 0.0699509 1.94039e-005
2.8 0.0688996 1.91122e-005
2.81 0.0678585 1.88235e-005
2.82 0.0674626 1.87136e-005
2.83 0.068203 1.8919e-005
2.84 0.06999 1.94147e-005
2.85 0.0722135 2.00315e-005
2.86 0.0741314 2.05635e-005
2.87 0.0751363 2.08423e-005
2.88 0.0747802 2.07435e-005
2.89 0.0729027 2.02227e-005
2.9 0.0697634 1.93519e-005
2.91 0.0657847 1.82482e-005
2.92 0.0611971 1.69756e-005
2.93 0.0561248 1.55686e-005
2.94 0.0508155 1.40958e-005
2.95 0.0455741 1.26419e-005
2.96 0.0406556 1.12776e-005
2.97 0.0364169 1.01018e-005
2.98 0.0334016 9.26535e-006
2.99 0.0320143 8.88054e-006
3 0.0321397 8.91531e-006
3.01 0.033219 9.21471e-006
3.02 0.0346763 9.61897e-006
3.03 0.0362055 1.00431e-005
3.04 0.0377853 1.04814e-005
3.05 0.039461 1.09462e-005
3.06 0.0410911 1.13984e-005
3.07 0.0423591 1.17501e-005
3.08 0.0429449 1.19126e-005
3.09 0.0427739 1.18652e-005
3.1 0.0421347 1.16879e-005
3.11 0.0412874 1.14528e-005
3.12 0.0400759 1.11168e-005
3.13 0.0382 1.05964e-005
3.14 0.0358112 9.93376e-006
3.15 0.0336867 9.34444e-006
3.16 0.0327735 9.09114e-006
3.17 0.0337028 9.34892e-006
3.18 0.0365545 1.014e-005
3.19 0.040732 1.12988e-005
3.2 0.0452798 1.25603e-005
3.21 0.049628 1.37665e-005
3.22 0.0539059 1.49531e-005
3.23 0.0584456 1.62124e-005
3.24 0.0632363 1.75413e-005
3.25 0.0678916 1.88327e-005
3.26 0.071727 1.98966e-005
3.27 0.0738054 2.04731e-005
3.28 0.0733954 2.03594e-005
3.29 0.0706354 1.95937e-005
3.3 0.0666164 1.84789e-005
3.31 0.0627622 1.74098e-005
3.32 0.0600961 1.66702e-005
3.33 0.0590622 1.63834e-005
3.34 0.0598682 1.6607e-005
3.35 0.0625079 1.73392e-005
3.36 0.0663641 1.84089e-005
3.37 0.0702808 1.94954e-005
3.38 0.0731798 2.02996e-005
3.39 0.0745945 2.0692e-005
3.4 0.0748858 2.07728e-005
3.41 0.07502 2.081e-005
3.42 0.0758328 2.10355e-005
3.43 0.0773133 2.14462e-005
3.44 0.0786445 2.18154e-005
3.45 0.0788721 2.18786e-005
3.46 0.0774688 2.14893e-005
3.47 0.0744777 2.06596e-005
3.48 0.0703967 1.95275e-005
3.49 0.0659705 1.82997e-005
3.5 0.062092 1.72239e-005
3.51 0.0596191 1.65379e-005
3.52 0.0587874 1.63072e-005
3.53 0.0589394 1.63494e-005
3.54 0.0591457 1.64066e-005
3.55 0.0589507 1.63525e-005
3.56 0.0585705 1.6247e-005
3.57 0.058506 1.62291e-005
3.58 0.0590111 1.63693e-005
3.59 0.0599344 1.66254e-005
3.6 0.0607832 1.68608e-005
3.61 0.0609178 1.68982e-005
3.62 0.0599902 1.66409e-005
3.63 0.0582115 1.61475e-005
3.64 0.0560822 1.55568e-005
3.65 0.0539428 1.49633e-005
3.66 0.051844 1.43811e-005
3.67 0.0498191 1.38195e-005
3.68 0.0480519 1.33292e-005
3.69 0.0465857 1.29225e-005
3.7 0.0451617 1.25275e-005
3.71 0.0434749 1.20596e-005
3.72 0.0412953 1.1455e-005
3.73 0.0385284 1.06875e-005
3.74 0.0354595 9.83622e-006
3.75 0.0325822 9.03806e-006
3.76 0.0301303 8.35793e-006
3.77 0.0280116 7.77021e-006
3.78 0.0260518 7.22658e-006
3.79 0.0241326 6.69421e-006
3.8 0.0221648 6.14837e-006
3.81 0.020152 5.59002e-006
3.82 0.0183989 5.10371e-006
3.83 0.0173755 4.81984e-006
3.84 0.0170988 4.74308e-006
3.85 0.0169019 4.68848e-006
3.86 0.016093 4.46408e-006
3.87 0.0146318 4.05874e-006
3.88 0.0129834 3.60149e-006
3.89 0.0115928 3.21575e-006
3.9 0.0107068 2.96998e-006
3.91 0.0106275 2.94798e-006
3.92 0.011914 3.30485e-006
3.93 0.0149494 4.14686e-006
3.94 0.0194197 5.38689e-006
3.95 0.0246597 6.84041e-006
3.96 0.0302308 8.38582e-006
3.97 0.035871 9.95037e-006
3.98 0.0412882 1.1453e-005
3.99 0.0462719 1.28355e-005
4 0.0510309 1.41556e-005
4.01 0.0562675 1.56082e-005
4.02 0.0624549 1.73245e-005
4.03 0.0692142 1.91995e-005
4.04 0.0758207 2.10321e-005
4.05 0.0817906 2.26881e-005
4.06 0.0867342 2.40594e-005
4.07 0.0904041 2.50775e-005
4.08 0.0932141 2.58569e-005
4.09 0.0961775 2.66789e-005
4.1 0.100154 2.77819e-005
4.11 0.105366 2.92276e-005
4.12 0.111357 3.08897e-005
4.13 0.117102 3.24833e-005
4.14 0.121596 3.373e-005
4.15 0.124478 3.45293e-005
4.16 0.125939 3.49346e-005
4.17 0.126344 3.50468e-005
4.18 0.126001 3.49518e-005
4.19 0.125107 3.47039e-005
4.2 0.123843 3.43531e-005
4.21 0.12228 3.39197e-005
4.22 0.120137 3.33252e-005
4.23 0.117067 3.24735e-005
4.24 0.113095 3.13717e-005
4.25 0.108343 3.00535e-005
4.26 0.102817 2.85207e-005
4.27 0.096679 2.6818e-005
4.28 0.0902004 2.50209e-005
4.29 0.0835851 2.31859e-005
4.3 0.0771414 2.13985e-005
4.31 0.0711876 1.97469e-005
4.32 0.065576 1.81903e-005
4.33 0.0597083 1.65627e-005
4.34 0.0531013 1.47299e-005
4.35 0.0456961 1.26758e-005
4.36 0.0376736 1.04504e-005
4.37 0.0292695 8.11916e-006
4.38 0.0208421 5.78146e-006
4.39 0.0130752 3.62697e-006
4.4 0.00682225 1.89244e-006
4.41 0.00242561 6.72847e-007
4.42 -0.000611129 -1.69528e-007
4.43 -0.00326345 -9.05401e-007
4.44 -0.0064795 -1.79793e-006
4.45 -0.0106312 -2.95053e-006
4.46 -0.0151595 -4.20821e-006
4.47 -0.0190459 -5.28804e-006
4.48 -0.0216137 -6.00172e-006
4.49 -0.0226454 -6.28853e-006
4.5 -0.022116 -6.14166e-006
4.51 -0.0203508 -5.65201e-006
4.52 -0.0181526 -5.04226e-006
4.53 -0.0161112 -4.47599e-006
4.54 -0.0140211 -3.89619e-006
4.55 -0.0113304 -3.14982e-006
4.56 -0.00768459 -2.13851e-006
4.57 -0.0029743 -8.31904e-007
4.58 0.00258802 7.11051e-007
4.59 0.00832949 2.30369e-006
4.6 0.0133469 3.6955e-006
4.61 0.0172169 4.76899e-006
4.62 0.0205065 5.68152e-006
4.63 0.0241665 6.69678e-006
4.64 0.0284047 7.8724e-006
4.65 0.0325496 9.02219e-006
4.66 0.0358931 9.94963e-006
4.67 0.0383509 1.06314e-005
4.68 0.0404123 1.12032e-005
4.69 0.0426228 1.18164e-005
4.7 0.0450781 1.24975e-005
4.71 0.0474196 1.3147e-005
4.72 0.0493567 1.36844e-005
4.73 0.0509003 1.41125e-005
4.74 0.0520349 1.44273e-005
4.75 0.0525724 1.45764e-005
4.76 0.0522275 1.44807e-005
4.77 0.0506016 1.40297e-005
4.78 0.0475037 1.31703e-005
4.79 0.0434363 1.20421e-005
4.8 0.039331 1.09033e-005
4.81 0.0358508 9.9379e-006
4.82 0.0331707 9.19447e-006
4.83 0.0311065 8.62186e-006
4.84 0.0292083 8.09531e-006
4.85 0.0270434 7.4948e-006
4.86 0.0248398 6.88354e-006
4.87 0.0234186 6.4893e-006
4.88 0.0230659 6.39146e-006
4.89 0.023143 6.41286e-006
4.9 0.0229134 6.34915e-006
4.91 0.0221116 6.12676e-006
4.92 0.0205986 5.70706e-006
4.93 0.0180151 4.99041e-006
4.94 0.0143054 3.96137e-006
4.95 0.0102722 2.84258e-006
4.96 0.00707689 1.95623e-006
4.97 0.00538284 1.48631e-006
4.98 0.00531097 1.46638e-006
4.99 0.00678582 1.87549e-006
5 0.00924411 2.5574e-006
5.01 0.0114747 3.17614e-006
5.02 0.0126262 3.49556e-006
5.03 0.0129921 3.59706e-006
5.04 0.0133344 3.69201e-006
5.05 0.0140876 3.90096e-006
5.06 0.0154854 4.2887e-006
5.07 0.0174594 4.83627e-006
5.08 0.0191835 5.31452e-006
5.09 0.0195163 5.40682e-006
5.1 0.017914 4.96237e-006
5.11 0.0145087 4.01775e-006
5.12 0.00959858 2.65573e-006
5.13 0.00374853 1.03297e-006
5.14 -0.00172545 -4.85476e-007
5.15 -0.00527442 -1.46993e-006
5.16 -0.0064244 -1.78893e-006
5.17 -0.00598921 -1.66821e-006
5.18 -0.00518832 -1.44605e-006
5.19 -0.00521192 -1.4526e-006
5.2 -0.00723378 -2.01345e-006
5.21 -0.0117839 -3.27562e-006
5.22 -0.0178139 -4.9483e-006
5.23 -0.0231799 -6.43711e-006
5.24 -0.0261681 -7.26799e-006
5.25 -0.0261962 -7.2758e-006
5.26 -0.0236996 -6.58328e-006
5.27 -0.019887 -5.52568e-006
5.28 -0.0159699 -4.43911e-006
5.29 -0.0124754 -3.46976e-006
5.3 -0.00954915 -2.65804e-006
5.31 -0.00735465 -2.0493e-006
5.32 -0.00561137 -1.56573e-006
5.33 -0.00338216 -9.4736e-007
5.34 0.000293403 7.22238e-008
5.35 0.00572305 1.57837e-006
5.36 0.0125269 3.46571e-006
5.37 0.0202527 5.60879e-006
5.38 0.028835 7.98945e-006
5.39 0.0382799 1.06094e-005
5.4 0.0482913 1.33865e-005
5.41 0.0584012 1.61909e-005
5.42 0.0682189 1.89143e-005
5.43 0.0776595 2.1533e-005
5.44 0.0870629 2.41414e-005
5.45 0.0967807 2.68371e-005
5.46 0.10655 2.95472e-005
5.47 0.115473 3.20221e-005
5.48 0.122551 3.39855e-005
5.49 0.127166 3.52656e-005
5.5 0.129512 3.59166e-005
5.51 0.13059 3.62157e-005
5.52 0.131214 3.63887e-005
5.53 0.131483 3.64634e-005
5.54 0.131431 3.64488e-005
5.55 0.131182 3.63797e-005
5.56 0.130518 3.61956e-005
5.57 0.129181 3.58247e-005
5.58 0.127456 3.53462e-005
5.59 0.126044 3.49545e-005
5.6 0.125493 3.48017e-005
5.61 0.125868 3.49056e-005
5.62 0.126617 3.51134e-005
5.63 0.126596 3.51076e-005
5.64 0.124542 3.45378e-005
5.65 0.119854 3.32376e-005
5.66 0.113067 3.13548e-005
5.67 0.105556 2.92713e-005
5.68 0.0985606 2.73308e-005
5.69 0.092267 2.5585e-005
5.7 0.0859134 2.38226e-005
5.71 0.0787394 2.18326e-005
5.72 0.0706707 1.95944e-005
5.73 0.062109 1.72194e-005
5.74 0.0532434 1.47602e-005
5.75 0.0437091 1.21154e-005
5.76 0.0329803 9.13934e-006
5.77 0.0209254 5.79538e-006
5.78 0.00794508 2.19474e-006
5.79 -0.00507731 -1.41758e-006
5.8 -0.0168556 -4.68479e-006
5.81 -0.0263962 -7.33144e-006
5.82 -0.0344114 -9.56131e-006
5.83 -0.0435831 -1.21151e-005
5.84 -0.0562049 -1.56332e-005
5.85 -0.0717541 -1.99732e-005
5.86 -0.0873941 -2.43452e-005
5.87 -0.10047 -2.80056e-005
5.88 -0.110053 -3.06911e-005
5.89 -0.116871 -3.26035e-005
5.9 -0.122468 -3.41742e-005
5.91 -0.127984 -3.57231e-005
5.92 -0.133721 -3.7335e-005
5.93 -0.13935 -3.89171e-005
5.94 -0.143754 -4.01557e-005
5.95 -0.145091 -4.05319e-005
5.96 -0.14158 -3.95579e-005
5.97 -0.132579 -3.70611e-005
5.98 -0.118926 -3.3274e-005
5.99 -0.102147 -2.86196e-005
6 -0.083102 -2.33366e-005
6.01 -0.0614942 -1.73428e-005
6.02 -0.0365314 -1.04183e-005
6.03 -0.00743504 -2.34716e-006
6.04 0.0262348 6.99448e-006
6.05 0.0636854 1.7383e-005
6.06 0.102558 2.81659e-005
6.07 0.139849 3.85102e-005
6.08 0.172879 4.76725e-005
6.09 0.200203 5.52521e-005
6.1 0.22205 6.13123e-005
6.11 0.239568 6.61716e-005
6.12 0.253989 7.01718e-005
6.13 0.266423 7.36211e-005
6.14 0.277336 7.6648e-005
6.15 0.286187 7.91032e-005
6.16 0.292215 8.07756e-005
6.17 0.295193 8.16017e-005
6.18 0.295412 8.16623e-005
6.19 0.293946 8.12556e-005
6.2 0.292792 8.09354e-005
6.21 0.29341 8.11069e-005
6.22 0.2948 8.14925e-005
6.23 0.293506 8.11336e-005
6.24 0.285962 7.90409e-005
6.25 0.271239 7.49568e-005
6.26 0.25198 6.96146e-005
6.27 0.232931 6.43305e-005
6.28 0.217891 6.01585e-005
6.29 0.207082 5.71601e-005
6.3 0.197057 5.43793e-005
6.31 0.18396 5.07463e-005
6.32 0.167064 4.60594e-005
6.33 0.148971 4.10407e-005
6.34 0.133626 3.6784e-005
6.35 0.12415 3.41556e-005
6.36 0.121037 3.32919e-005
6.37 0.120896 3.32528e-005
6.38 0.117545 3.23233e-005
6.39 0.106601 2.92874e-005
6.4 0.0890226 2.44114e-005
6.41 0.0689665 1.8848e-005
6.42 0.0498689 1.35504e-005
6.43 0.0338562 9.10859e-006
6.44 0.0221665 5.86596e-006
6.45 0.0143061 3.68556e-006
6.46 0.00810887 1.96648e-006
6.47 0.00169786 1.88113e-007
6.48 -0.00485152 -1.6287e-006
6.49 -0.0101657 -3.10288e-006
6.5 -0.0132622 -3.96186e-006
6.51 -0.0144009 -4.27775e-006
6.52 -0.0144686 -4.29653e-006
6.53 -0.0135836 -4.05105e-006
6.54 -0.0110937 -3.36035e-006
6.55 -0.00743085 -2.34431e-006
6.56 -0.0049212 -1.64815e-006
6.57 -0.00645509 -2.07364e-006
6.58 -0.0138053 -4.11254e-006
6.59 -0.0265253 -7.64114e-006
6.6 -0.0417018 -1.18512e-005
6.61 -0.0555531 -1.56936e-005
6.62 -0.0655182 -1.8458e-005
6.63 -0.0711426 -2.00182e-005
6.64 -0.0736373 -2.07103e-005
6.65 -0.074759 -2.10214e-005
6.66 -0.0755095 -2.12296e-005
6.67 -0.075801 -2.13105e-005
6.68 -0.0753973 -2.11985e-005
6.69 -0.0748126 -2.10363e-005
6.7 -0.0749102 -2.10634e-005
6.71 -0.0757025 -2.12832e-005
6.72 -0.0761374 -2.14038e-005
6.73 -0.0757941 -2.13086e-005
6.74 -0.0765892 -2.15291e-005
6.75 -0.0819862 -2.30263e-005
6.76 -0.0948825 -2.66038e-005
6.77 -0.116316 -3.25496e-005
6.78 -0.145052 -4.0521e-005
6.79 -0.177327 -4.96159e-005
6.8 -0.209168 -5.86172e-005
6.81 -0.236865 -6.64704e-005
6.82 -0.258415 -7.2596e-005
6.83 -0.27328 -7.68289e-005
6.84 -0.281165 -7.90769e-005
6.85 -0.28154 -7.91839e-005
6.86 -0.274793 -7.73122e-005
6.87 -0.262403 -7.38753e-005
6.88 -0.245425 -6.91657e-005
6.89 -0.22369 -6.31366e-005
6.9 -0.196631 -5.56307e-005
6.91 -0.165385 -4.69634e-005
6.92 -0.133786 -3.81981e-005
6.93 -0.106131 -3.05267e-005
6.94 -0.084241 -2.44546e-005
6.95 -0.0667726 -1.9609e-005
6.96 -0.0512972 -1.53162e-005
6.97 -0.0363009 -1.11563e-005
6.98 -0.0213843 -7.01857e-006
6.99 -0.00627297 -2.82679e-006
7 0.00944146 1.54604e-006
7.01 0.0253518 5.95945e-006
7.02 0.0398465 9.98019e-006
7.03 0.052523 1.34965e-005
7.04 0.0661613 1.72797e-005
7.05 0.086492 2.29193e-005
7.06 0.118705 3.1855e-005
7.07 0.16333 4.42335e-005
7.08 0.216266 5.89177e-005
7.09 0.271992 7.43757e-005
7.1 0.326141 8.93961e-005
7.11 0.375672 0.000103136
7.12 0.417953 0.000114864
7.13 0.451167 0.000124078
7.14 0.474951 0.000130675
7.15 0.489935 0.000134831
7.16 0.496788 0.000136732
7.17 0.496145 0.000136554
7.18 0.489061 0.000134589
7.19 0.476894 0.000131214
7.2 0.461144 0.000126845
7.21 0.443401 0.000121923
7.22 0.424683 0.000116731
7.23 0.405262 0.000111344
7.24 0.385591 0.000105887
7.25 0.366836 0.000100685
7.26 0.350217 9.60746e-005
7.27 0.335768 9.20666e-005
7.28 0.321809 8.81944e-005
7.29 0.305579 8.36924e-005
7.3 0.284003 7.77073e-005
7.31 0.253805 6.93309e-005
7.32 0.212599 5.79005e-005
7.33 0.16126 4.36594e-005
7.34 0.104917 2.80301e-005
7.35 0.0498024 1.27419e-005
7.36 -0.000974833 -1.34342e-006
7.37 -0.0487961 -1.4611e-005
7.38 -0.0964452 -2.78309e-005
7.39 -0.144215 -4.10841e-005
7.4 -0.189115 -5.35413e-005
7.41 -0.228841 -6.45629e-005
7.42 -0.262513 -7.3905e-005
7.43 -0.289796 -8.15396e-005
7.44 -0.308919 -8.70039e-005
7.45 -0.317591 -8.94853e-005
7.46 -0.314202 -8.85452e-005
7.47 -0.300357 -8.47048e-005
7.48 -0.281048 -7.93486e-005
7.49 -0.262245 -7.41326e-005
7.5 -0.248604 -7.03489e-005
7.51 -0.242523 -6.8662e-005
7.52 -0.244855 -6.9309e-005
7.53 -0.255412 -7.22373e-005
7.54 -0.272926 -7.70955e-005
7.55 -0.29516 -8.32631e-005
7.56 -0.31866 -8.97913e-005
7.57 -0.338818 -9.55688e-005
7.58 -0.354381 -0.000100037
7.59 -0.366913 -0.000103641
7.6 -0.379074 -0.000107142
7.61 -0.390736 -0.000110504
7.62 -0.397771 -0.000112534
7.63 -0.394358 -0.000111587
7.64 -0.376662 -0.000106678
7.65 -0.345376 -9.79998e-005
7.66 -0.30512 -8.6833e-005
7.67 -0.262343 -7.49669e-005
7.68 -0.221642 -6.36767e-005
7.69 -0.183844 -5.31917e-005
7.7 -0.147903 -4.3222e-005
7.71 -0.113636 -3.37166e-005
7.72 -0.0817812 -2.48804e-005
7.73 -0.0521705 -1.66666e-005
7.74 -0.023353 -8.67281e-006
7.75 0.00471499 -8.47893e-007
7.76 0.0319619 6.71022e-006
7.77 0.0575713 1.38141e-005
7.78 0.0823212 2.06795e-005
7.79 0.10848 2.79358e-005
7.8 0.138641 3.63021e-005
7.81 0.17398 4.61049e-005
7.82 0.212577 5.68115e-005
7.83 0.249337 6.70086e-005
7.84 0.278494 7.50963e-005
7.85 0.296945 8.02146e-005
7.86 0.305018 8.24541e-005
7.87 0.304796 8.23923e-005
7.88 0.298934 8.07663e-005
7.89 0.290522 7.84328e-005
7.9 0.282973 7.63388e-005
7.91 0.279333 7.53292e-005
7.92 0.280732 7.57172e-005
7.93 0.285422 7.70182e-005
7.94 0.289528 7.81571e-005
7.95 0.289525 7.81565e-005
7.96 0.284315 7.67111e-005
7.97 0.274982 7.41223e-005
7.98 0.263428 7.09172e-005
7.99 0.250981 6.74646e-005
8 0.237688 6.37773e-005
8.01 0.223486 5.98375e-005
8.02 0.210066 5.61151e-005
8.03 0.200593 5.34872e-005
8.04 0.196772 5.24274e-005
8.05 0.197163 5.25359e-005
8.06 0.199331 5.31371e-005
8.07 0.202805 5.41008e-005
8.08 0.208912 5.57949e-005
8.09 0.218051 5.833e-005
8.1 0.228134 6.1127e-005
8.11 0.235614 6.32017e-005
8.12 0.236814 6.35346e-005
8.13 0.228773 6.13042e-005
8.14 0.210164 5.61421e-005
8.15 0.182157 4.83733e-005
8.16 0.148117 3.89308e-005
8.17 0.111883 2.88796e-005
8.18 0.076141 1.89652e-005
8.19 0.0419111 9.47005e-006
8.2 0.00956148 4.96489e-007
8.21 -0.0200411 -7.71703e-006
8.22 -0.0453634 -1.47437e-005
8.23 -0.0641932 -1.99688e-005
8.24 -0.0741752 -2.27388e-005
8.25 -0.0738655 -2.26528e-005
8.26 -0.0635878 -1.98019e-005
8.27 -0.045042 -1.46574e-005
8.28 -0.0205105 -7.85255e-006
8.29 0.00724291 -1.46666e-007
8.3 0.0355867 7.71568e-006
8.31 0.0631225 1.53539e-005
8.32 0.0901756 2.28583e-005
8.33 0.117384 3.04056e-005
8.34 0.144671 3.7975e-005
8.35 0.171646 4.54576e-005
8.36 0.19813 5.28041e-005
8.37 0.224865 6.022e-005
8.38 0.253248 6.80934e-005
8.39 0.284582 7.67853e-005
8.4 0.319621 8.65048e-005
8.41 0.359151 9.74702e-005
8.42 0.40416 0.000109955
8.43 0.455118 0.000124091
8.44 0.511556 0.000139746
8.45 0.573591 0.000156954
8.46 0.640794 0.000175596
8.47 0.712241 0.000195415
8.48 0.723848 0.000214616
8.49 0.718603 0.000233348
8.5 0.714141 0.000249284
8.51 0.710372 0.000262744
8.52 0.707575 0.000272733
8.53 0.706025 0.000278267
8.54 0.705787 0.00027912
8.55 0.698864 0.000276361
8.56 0.68651 0.000271437
8.57 0.672312 0.000265779
8.58 0.659017 0.000260481
8.59 0.647842 0.000256027
8.6 0.639018 0.00025251
8.61 0.633293 0.000250229
8.62 0.631687 0.000249589
8.63 0.63449 0.000250706
8.64 0.641125 0.00025335
8.65 0.650602 0.000257127
8.66 0.661085 0.000261305
8.67 0.670112 0.000264902
8.68 0.674177 0.000266522
8.69 0.670302 0.000264978
8.7 0.657369 0.000259824
8.71 0.635498 0.000251107
8.72 0.605082 0.000238986
8.73 0.56612 0.000223459
8.74 0.519161 0.000204744
8.75 0.466675 0.000183827
8.76 0.412712 0.000162321
8.77 0.36104 0.000141729
8.78 0.312945 0.000122561
8.79 0.266643 0.000104109
8.8 0.218824 8.50515e-005
8.81 0.16651 6.42032e-005
8.82 0.108249 4.09844e-005
8.83 0.0448505 1.57184e-005
8.84 -0.0290319 -1.02119e-005
8.85 -0.117408 -3.47355e-005
8.86 -0.197897 -5.70704e-005
8.87 -0.271637 -7.75327e-005
8.88 -0.34179 -9.69996e-005
8.89 -0.413654 -0.000117122
8.9 -0.489239 -0.000139063
8.91 -0.570959 -0.000162984
8.92 -0.656328 -0.000188199
8.93 -0.744425 -0.00021447
8.94 -0.832734 -0.000241066
8.95 -0.917939 -0.000266984
8.96 -0.996889 -0.00029123
8.97 -1.06835 -0.000313374
8.98 -1.13053 -0.000332797
8.99 -1.18234 -0.000349093
9 -1.22266 -0.000361849
9.01 -1.24905 -0.000370236
9.02 -1.26044 -0.000373862
9.03 -1.25704 -0.000372918
9.04 -1.23929 -0.000367995
9.05 -1.20958 -0.000359755
9.06 -1.16986 -0.000348737
9.07 -1.1224 -0.000335569
9.08 -1.06923 -0.000320821
9.09 -1.012 -0.000304946
9.1 -0.951839 -0.000288258
9.11 -0.888659 -0.000270733
9.12 -0.821111 -0.000251995
9.13 -0.747714 -0.000231635
9.14 -0.667623 -0.000209419
9.15 -0.581414 -0.000185505
9.16 -0.491191 -0.000160478
9.17 -0.398553 -0.000134781
9.18 -0.302815 -0.000108224
9.19 -0.201274 -8.00569e-005
9.2 -0.0913587 -4.95672e-005
9.21 0.0190626 -1.53128e-005
9.22 0.111311 2.14508e-005
9.23 0.20715 5.96453e-005
9.24 0.303532 9.80559e-005
9.25 0.398277 0.000135815
9.26 0.489417 0.000172136
9.27 0.575043 0.000206261
9.28 0.652223 0.000237019
9.29 0.704203 0.000264021
9.3 0.697466 0.000288081
9.31 0.692029 0.0003075
9.32 0.687788 0.000322646
9.33 0.684525 0.000334301
9.34 0.682119 0.000342893
9.35 0.680445 0.000348871
9.36 0.679394 0.000352626
9.37 0.678931 0.000354277
9.38 0.678242 0.000353894
9.39 0.674131 0.000351611
9.4 0.666172 0.000347189
9.41 0.653016 0.00033988
9.42 0.632824 0.000328662
9.43 0.604237 0.00031278
9.44 0.566905 0.00029204
9.45 0.521455 0.00026679
9.46 0.469074 0.000237689
9.47 0.410756 0.00020529
9.48 0.346956 0.000169845
9.49 0.278082 0.000131582
9.5 0.205359 9.11792e-005
9.51 0.131437 5.01115e-005
9.52 0.0595897 1.01959e-005
9.53 -0.0151768 -2.71355e-005
9.54 -0.1338 -6.01646e-005
9.55 -0.249314 -9.23278e-005
9.56 -0.364877 -0.000124505
9.57 -0.481567 -0.000156996
9.58 -0.599884 -0.000189939
9.59 -0.720411 -0.000223498
9.6 -0.844512 -0.000258052
9.61 -0.97089 -0.000293241
9.62 -1.09579 -0.000328018
9.63 -1.21399 -0.000360929
9.64 -1.31636 -0.000391747
9.65 -1.40571 -0.000420593
9.66 -1.48778 -0.000447389
9.67 -1.56373 -0.000472453
9.68 -1.63235 -0.000495324
9.69 -1.69035 -0.000514827
9.7 -1.73573 -0.0005302
9.71 -1.76873 -0.000541442
9.72 -1.78963 -0.000548592
9.73 -1.79886 -0.000551754
9.74 -1.79709 -0.000551263
9.75 -1.78526 -0.000547983
9.76 -1.76627 -0.000542714
9.77 -1.73993 -0.000535408
9.78 -1.70332 -0.000525253
9.79 -1.65347 -0.000511424
9.8 -1.58936 -0.00049364
9.81 -1.51219 -0.000472235
9.82 -1.42491 -0.000448024
9.83 -1.3309 -0.000421946
9.84 -1.23207 -0.000394531
9.85 -1.12844 -0.000365783
9.86 -1.01922 -0.000335488
9.87 -0.903911 -0.000303502
9.88 -0.782329 -0.000269776
9.89 -0.654236 -0.000234244
9.9 -0.519454 -0.000196856
9.91 -0.378568 -0.000157775
9.92 -0.233017 -0.0001174
9.93 -0.0810474 -7.52452e-005
9.94 0.0313066 -3.1375e-005
9.95 0.108275 1.13857e-005
9.96 0.182842 5.28122e-005
9.97 0.253829 9.22496e-005
9.98 0.319975 0.000128998
9.99 0.381046 0.000162926
10 0.438046 0.000194593
