0.1 -0.00303145 -8.41026e-007
0.2 -0.00606678 -1.68337e-006
0.3 -0.00910598 -2.52704e-006
0.4 -0.0121491 -3.37203e-006
0.5 -0.015196 -4.21835e-006
0.6 -0.0182469 -5.06601e-006
0.7 -0.0213017 -5.915e-006
0.8 -0.0243604 -6.76533e-006
0.9 -0.027423 -7.617e-006
1 -0.0304896 -8.47002e-006
0.01 -0.0230081 -6.39473e-006
0.02 -0.0139807 -3.89059e-006
0.03 -0.0265065 -7.36516e-006
0.04 -0.034834 -9.67894e-006
0.05 -0.0306652 -8.52253e-006
0.06 -0.0292914 -8.14145e-006
0.07 -0.0249714 -6.94311e-006
0.08 -0.0221224 -6.15284e-006
0.09 -0.0204399 -5.68612e-006
0.1 -0.0210008 -5.8417e-006
0.11 -0.0234165 -6.51181e-006
0.12 -0.0270505 -7.51985e-006
0.13 -0.0308193 -8.5653e-006
0.14 -0.0337364 -9.37448e-006
0.15 -0.0351364 -9.76311e-006
0.16 -0.0348902 -9.6948e-006
0.17 -0.0333823 -9.27654e-006
0.18 -0.0313485 -8.71238e-006
0.19 -0.029605 -8.22873e-006
0.2 -0.0287777 -7.99925e-006
0.21 -0.0291116 -8.09187e-006
0.22 -0.0304251 -8.45623e-006
0.23 -0.0322137 -8.95236e-006
0.24 -0.0338567 -9.40811e-006
0.25 -0.0348455 -9.6824e-006
0.26 -0.0349554 -9.7129e-006
0.27 -0.0343173 -9.5359e-006
0.28 -0.0333568 -9.26946e-006
0.29 -0.0326244 -9.06629e-006
0.3 -0.0325929 -9.05756e-006
0.31 -0.0334981 -9.30866e-006
0.32 -0.0352622 -9.79813e-006
0.33 -0.0375088 -1.04235e-005
0.34 -0.0397163 -1.10381e-005
0.35 -0.0413796 -1.15013e-005
0.36 -0.0421687 -1.17211e-005
0.37 -0.0420135 -1.16781e-005
0.38 -0.0411031 -1.14255e-005
0.39 -0.0398071 -1.1066e-005
0.4 -0.0385532 -1.07182e-005
0.41 -0.0376945 -1.048e-005
0.42 -0.0374073 -1.04003e-005
0.43 -0.037652 -1.04682e-005
0.44 -0.0382134 -1.06239e-005
0.45 -0.0388012 -1.0787e-005
0.46 -0.0391656 -1.08881e-005
0.47 -0.0391846 -1.08933e-005
0.48 -0.0388853 -1.08103e-005
0.49 -0.0384138 -1.06795e-005
0.5 -0.0379831 -1.05601e-005
0.51 -0.0377883 -1.0506e-005
0.52 -0.037914 -1.05409e-005
0.53 -0.0383012 -1.06483e-005
0.54 -0.0387868 -1.0783e-005
0.55 -0.0391649 -1.08879e-005
0.56 -0.0392261 -1.09049e-005
0.57 -0.0387936 -1.07849e-005
0.58 -0.0377983 -1.05088e-005
0.59 -0.0363469 -1.01062e-005
0.6 -0.0346973 -9.6486e-006
0.61 -0.0331444 -9.21782e-006
0.62 -0.0319067 -8.87449e-006
0.63 -0.0310997 -8.65063e-006
0.64 -0.0307385 -8.55046e-006
0.65 -0.0307078 -8.54193e-006
0.66 -0.0308057 -8.5691e-006
0.67 -0.0308651 -8.58557e-006
0.68 -0.0308003 -8.56759e-006
0.69 -0.0305859 -8.50811e-006
0.7 -0.0302566 -8.41676e-006
0.71 -0.0299049 -8.3192e-006
0.72 -0.0296275 -8.24226e-006
0.73 -0.0294604 -8.19592e-006
0.74 -0.0293464 -8.1643e-006
0.75 -0.0291632 -8.11348e-006
0.76 -0.0288054 -8.01421e-006
0.77 -0.0282434 -7.85834e-006
0.78 -0.0275281 -7.65992e-006
0.79 -0.0267492 -7.44384e-006
0.8 -0.0259935 -7.23422e-006
0.81 -0.025357 -7.05765e-006
0.82 -0.0249563 -6.94652e-006
0.83 -0.0248801 -6.92536e-006
0.84 -0.0251373 -6.99673e-006
0.85 -0.0256805 -7.14739e-006
0.86 -0.0264302 -7.35536e-006
0.87 -0.0272298 -7.57716e-006
0.88 -0.0278817 -7.75799e-006
0.89 -0.0283032 -7.8749e-006
0.9 -0.0285757 -7.9505e-006
0.91 -0.0288135 -8.01647e-006
0.92 -0.0290057 -8.06977e-006
0.93 -0.0290402 -8.07936e-006
0.94 -0.0288877 -8.03704e-006
0.95 -0.0286847 -7.98073e-006
0.96 -0.0286218 -7.96329e-006
0.97 -0.0287566 -8.0007e-006
0.98 -0.0289666 -8.05893e-006
0.99 -0.0291305 -8.1044e-006
1 -0.0292722 -8.14372e-006
1.01 -0.0294829 -8.20216e-006
1.02 -0.0298236 -8.29666e-006
1.03 -0.0303198 -8.43431e-006
1.04 -0.0309525 -8.60982e-006
1.05 -0.0316401 -8.80056e-006
1.06 -0.0322721 -8.97587e-006
1.07 -0.0327834 -9.11769e-006
1.08 -0.0332112 -9.23636e-006
1.09 -0.0336048 -9.34555e-006
1.1 -0.0338753 -9.42056e-006
1.11 -0.0338733 -9.42002e-006
1.12 -0.0336087 -9.34663e-006
1.13 -0.0332797 -9.25535e-006
1.14 -0.0331013 -9.20588e-006
1.15 -0.0332379 -9.24377e-006
1.16 -0.0337938 -9.39796e-006
1.17 -0.0346744 -9.64223e-006
1.18 -0.0356003 -9.89908e-006
1.19 -0.036322 -1.00993e-005
1.2 -0.0367475 -1.02173e-005
1.21 -0.0369251 -1.02666e-005
1.22 -0.0369502 -1.02735e-005
1.23 -0.0369015 -1.026e-005
1.24 -0.0368396 -1.02428e-005
1.25 -0.0368333 -1.02411e-005
1.26 -0.0369464 -1.02725e-005
1.27 -0.0371769 -1.03364e-005
1.28 -0.0374627 -1.04157e-005
1.29 -0.0377049 -1.04829e-005
1.3 -0.0377977 -1.05086e-005
1.31 -0.0377332 -1.04907e-005
1.32 -0.0376207 -1.04595e-005
1.33 -0.0375819 -1.04488e-005
1.34 -0.0377399 -1.04926e-005
1.35 -0.0381805 -1.06148e-005
1.36 -0.0387642 -1.07767e-005
1.37 -0.0391583 -1.0886e-005
1.38 -0.0391129 -1.08734e-005
1.39 -0.0386597 -1.07477e-005
1.4 -0.0380517 -1.05791e-005
1.41 -0.037425 -1.04052e-005
1.42 -0.0366834 -1.01995e-005
1.43 -0.035789 -9.95141e-006
1.44 -0.0348622 -9.69434e-006
1.45 -0.0340225 -9.46142e-006
1.46 -0.0332905 -9.25836e-006
1.47 -0.0325477 -9.0523e-006
1.48 -0.0315288 -8.76966e-006
1.49 -0.0299275 -8.32547e-006
1.5 -0.0276525 -7.69441e-006
1.51 -0.0250599 -6.97523e-006
1.52 -0.0227959 -6.34724e-006
1.53 -0.0212304 -5.91296e-006
1.54 -0.0201929 -5.62518e-006
1.55 -0.0193389 -5.38829e-006
1.56 -0.0184701 -5.14728e-006
1.57 -0.0175198 -4.88367e-006
1.58 -0.0165079 -4.60298e-006
1.59 -0.0155086 -4.32579e-006
1.6 -0.0145103 -4.04888e-006
1.61 -0.0133284 -3.72101e-006
1.62 -0.0118358 -3.30698e-006
1.63 -0.0103841 -2.90427e-006
1.64 -0.00979378 -2.74053e-006
1.65 -0.010631 -2.97278e-006
1.66 -0.012619 -3.52424e-006
1.67 -0.0148998 -4.1569e-006
1.68 -0.0167268 -4.66369e-006
1.69 -0.0178931 -4.98722e-006
1.7 -0.01858 -5.17776e-006
1.71 -0.0190716 -5.31415e-006
1.72 -0.0197039 -5.48953e-006
1.73 -0.0207837 -5.78905e-006
1.74 -0.0224261 -6.24466e-006
1.75 -0.0245853 -6.84359e-006
1.76 -0.0271643 -7.559e-006
1.77 -0.0299612 -8.33482e-006
1.78 -0.0325775 -9.06057e-006
1.79 -0.0346558 -9.63709e-006
1.8 -0.0362761 -1.00865e-005
1.81 -0.0379205 -1.05427e-005
1.82 -0.0400457 -1.11322e-005
1.83 -0.0427492 -1.18828e-005
1.84 -0.0457535 -1.27197e-005
1.85 -0.0485641 -1.35029e-005
1.86 -0.0506316 -1.40792e-005
1.87 -0.051778 -1.43988e-005
1.88 -0.0525498 -1.4614e-005
1.89 -0.0537593 -1.49512e-005
1.9 -0.055542 -1.54483e-005
1.91 -0.0572481 -1.59242e-005
1.92 -0.0582014 -1.61901e-005
1.93 -0.0581355 -1.61718e-005
1.94 -0.0570875 -1.58811e-005
1.95 -0.0552638 -1.53752e-005
1.96 -0.053077 -1.47686e-005
1.97 -0.0511244 -1.4227e-005
1.98 -0.0498303 -1.3868e-005
1.99 -0.0491824 -1.36883e-005
2 -0.0488227 -1.35885e-005
2.01 -0.0482708 -1.34354e-005
2.02 -0.0471298 -1.31189e-005
2.03 -0.0451348 -1.25655e-005
2.04 -0.0421906 -1.17488e-005
2.05 -0.0386061 -1.07545e-005
2.06 -0.03499 -9.7514e-006
2.07 -0.0316256 -8.81815e-006
2.08 -0.0282265 -7.87525e-006
2.09 -0.0243911 -6.81134e-006
2.1 -0.0201176 -5.6259e-006
2.11 -0.0157857 -4.42428e-006
2.12 -0.0116925 -3.28886e-006
2.13 -0.00786095 -2.226e-006
2.14 -0.00423818 -1.22107e-006
2.15 -0.000891285 -2.92666e-007
2.16 0.0019032 4.82624e-007
2.17 0.00383558 1.01865e-006
2.18 0.0049252 1.3209e-006
2.19 0.00548365 1.47581e-006
2.2 0.00568157 1.53072e-006
2.21 0.00550327 1.48126e-006
2.22 0.00506106 1.35859e-006
2.23 0.00463325 1.23992e-006
2.24 0.00438443 1.1709e-006
2.25 0.00422397 1.12639e-006
2.26 0.00400233 1.06491e-006
2.27 0.00358081 9.4798e-007
2.28 0.00270619 7.05367e-007
2.29 0.00115285 2.74483e-007
2.3 -0.00106631 -3.41098e-007
2.31 -0.00381967 -1.10487e-006
2.32 -0.00700811 -1.98932e-006
2.33 -0.010532 -2.96683e-006
2.34 -0.01428 -4.00652e-006
2.35 -0.0181759 -5.08721e-006
2.36 -0.0221921 -6.20128e-006
2.37 -0.0262453 -7.32561e-006
2.38 -0.030205 -8.42401e-006
2.39 -0.0341294 -9.51264e-006
2.4 -0.0381203 -1.06197e-005
2.41 -0.0419594 -1.16846e-005
2.42 -0.0453074 -1.26134e-005
2.43 -0.048019 -1.33655e-005
2.44 -0.0500482 -1.39284e-005
2.45 -0.0513978 -1.43028e-005
2.46 -0.052257 -1.45411e-005
2.47 -0.0529297 -1.47277e-005
2.48 -0.0535911 -1.49112e-005
2.49 -0.0542 -1.50801e-005
2.5 -0.0545387 -1.51741e-005
2.51 -0.0543958 -1.51344e-005
2.52 -0.0537757 -1.49624e-005
2.53 -0.0528506 -1.47058e-005
2.54 -0.0518578 -1.44304e-005
2.55 -0.0510566 -1.42081e-005
2.56 -0.0506042 -1.40827e-005
2.57 -0.0504862 -1.40499e-005
2.58 -0.050534 -1.40632e-005
2.59 -0.0504057 -1.40276e-005
2.6 -0.0496682 -1.3823e-005
2.61 -0.0480857 -1.33841e-005
2.62 -0.045804 -1.27511e-005
2.63 -0.0431734 -1.20214e-005
2.64 -0.0402891 -1.12213e-005
2.65 -0.0367534 -1.02406e-005
2.66 -0.0321705 -8.96929e-006
2.67 -0.0267959 -7.47841e-006
2.68 -0.0214923 -6.00724e-006
2.69 -0.0170725 -4.7812e-006
2.7 -0.0136893 -3.84272e-006
2.71 -0.0108966 -3.06805e-006
2.72 -0.00826179 -2.33718e-006
2.73 -0.00586904 -1.67345e-006
2.74 -0.00420474 -1.21179e-006
2.75 -0.00357931 -1.0383e-006
2.76 -0.00381794 -1.10449e-006
2.77 -0.00445854 -1.28219e-006
2.78 -0.0051289 -1.46814e-006
2.79 -0.00579841 -1.65386e-006
2.8 -0.00661289 -1.87979e-006
2.81 -0.00737695 -2.09174e-006
2.82 -0.00747552 -2.11908e-006
2.83 -0.00643625 -1.83079e-006
2.84 -0.00436082 -1.25508e-006
2.85 -0.00186732 -5.63403e-007
2.86 0.000294404 3.63559e-008
2.87 0.00151314 3.74426e-007
2.88 0.00133682 3.25513e-007
2.89 -0.000401087 -1.56569e-007
2.9 -0.00344931 -1.00213e-006
2.91 -0.0073878 -2.09465e-006
2.92 -0.0119766 -3.36756e-006
2.93 -0.0170773 -4.78247e-006
2.94 -0.0224314 -6.26768e-006
2.95 -0.0277251 -7.7361e-006
2.96 -0.0326962 -9.11507e-006
2.97 -0.0369842 -1.03045e-005
2.98 -0.0400479 -1.11544e-005
2.99 -0.0414904 -1.15545e-005
3 -0.0414376 -1.15399e-005
3.01 -0.0404548 -1.12673e-005
3.02 -0.0391273 -1.0899e-005
3.03 -0.0377739 -1.05236e-005
3.04 -0.0364294 -1.01506e-005
3.05 -0.0350555 -9.76953e-006
3.06 -0.0337918 -9.41898e-006
3.07 -0.0329508 -9.1857e-006
3.08 -0.0328514 -9.15814e-006
3.09 -0.0335626 -9.3554e-006
3.1 -0.0347808 -9.69333e-006
3.11 -0.0362222 -1.00932e-005
3.12 -0.0380162 -1.05908e-005
3.13 -0.0404375 -1.12625e-005
3.14 -0.0433135 -1.20602e-005
3.15 -0.0458528 -1.27646e-005
3.16 -0.0470986 -1.31102e-005
3.17 -0.0464125 -1.29199e-005
3.18 -0.043713 -1.21711e-005
3.19 -0.0396019 -1.10307e-005
3.2 -0.0350482 -9.76753e-006
3.21 -0.0306433 -8.54564e-006
3.22 -0.0262833 -7.3362e-006
3.23 -0.0216596 -6.05363e-006
3.24 -0.0167998 -4.70554e-006
3.25 -0.0120994 -3.4017e-006
3.26 -0.00824233 -2.33177e-006
3.27 -0.00615483 -1.75271e-006
3.28 -0.00655354 -1.86331e-006
3.29 -0.00928816 -2.62188e-006
3.3 -0.0132611 -3.72395e-006
3.31 -0.0170445 -4.77343e-006
3.32 -0.0196086 -5.48469e-006
3.33 -0.0204996 -5.73186e-006
3.34 -0.0194982 -5.45406e-006
3.35 -0.0166002 -4.65018e-006
3.36 -0.0124167 -3.48972e-006
3.37 -0.0081023 -2.29293e-006
3.38 -0.00474128 -1.3606e-006
3.39 -0.00282097 -8.27924e-007
3.4 -0.00201113 -6.0328e-007
3.41 -0.00137439 -4.26652e-007
3.42 -9.69117e-005 -7.22894e-008
3.43 0.0017971 4.53192e-007
3.44 0.00348735 9.22057e-007
3.45 0.00402105 1.0701e-006
3.46 0.00287486 7.52156e-007
3.47 9.94379e-005 -1.77262e-008
3.48 -0.00379946 -1.09926e-006
3.49 -0.00806824 -2.2834e-006
3.5 -0.0118081 -3.32082e-006
3.51 -0.0141569 -3.97236e-006
3.52 -0.0148725 -4.17086e-006
3.53 -0.0145995 -4.09513e-006
3.54 -0.0142553 -3.99965e-006
3.55 -0.0142898 -4.00922e-006
3.56 -0.0144879 -4.06418e-006
3.57 -0.0143567 -4.02779e-006
3.58 -0.0136548 -3.83309e-006
3.59 -0.0125503 -3.52671e-006
3.6 -0.0115543 -3.25042e-006
3.61 -0.0113216 -3.18587e-006
3.62 -0.0122047 -3.43083e-006
3.63 -0.0139933 -3.92698e-006
3.64 -0.0161884 -4.53589e-006
3.65 -0.0184515 -5.16367e-006
3.66 -0.0207338 -5.79677e-006
3.67 -0.0229999 -6.42536e-006
3.68 -0.0250621 -6.99741e-006
3.69 -0.0268654 -7.49763e-006
3.7 -0.0286446 -7.99118e-006
3.71 -0.0306755 -8.55452e-006
3.72 -0.0331615 -9.24415e-006
3.73 -0.0361781 -1.00809e-005
3.74 -0.0394339 -1.09841e-005
3.75 -0.042438 -1.18174e-005
3.76 -0.0449555 -1.25157e-005
3.77 -0.0470777 -1.31044e-005
3.78 -0.0489838 -1.36332e-005
3.79 -0.0508012 -1.41373e-005
3.8 -0.0526333 -1.46455e-005
3.81 -0.0544953 -1.5162e-005
3.82 -0.0561101 -1.561e-005
3.83 -0.0570436 -1.58689e-005
3.84 -0.057304 -1.59411e-005
3.85 -0.0575579 -1.60116e-005
3.86 -0.0584826 -1.62685e-005
3.87 -0.0601089 -1.67222e-005
3.88 -0.0619792 -1.72441e-005
3.89 -0.0636425 -1.77083e-005
3.9 -0.0648335 -1.80408e-005
3.91 -0.0652263 -1.81504e-005
3.92 -0.064239 -1.78765e-005
3.93 -0.0614745 -1.71097e-005
3.94 -0.0572384 -1.59346e-005
3.95 -0.052191 -1.45345e-005
3.96 -0.0467746 -1.3032e-005
3.97 -0.0412604 -1.15024e-005
3.98 -0.0359511 -1.00297e-005
3.99 -0.0310727 -8.67644e-006
4 -0.0264376 -7.39069e-006
4.01 -0.0213669 -5.98411e-006
4.02 -0.0154041 -4.33008e-006
4.03 -0.00892973 -2.53414e-006
4.04 -0.00265782 -7.94358e-007
4.05 0.00294414 7.59754e-007
4.06 0.00750722 2.02552e-006
4.07 0.0108061 2.94059e-006
4.08 0.0132698 3.62402e-006
4.09 0.0159236 4.36015e-006
4.1 0.0196352 5.38973e-006
4.11 0.0246384 6.77759e-006
4.12 0.0304896 8.40066e-006
4.13 0.036174 9.97748e-006
4.14 0.0406895 1.12301e-005
4.15 0.0436704 1.20569e-005
4.16 0.0452968 1.25081e-005
4.17 0.0459195 1.26808e-005
4.18 0.0458317 1.26565e-005
4.19 0.0452097 1.24839e-005
4.2 0.0442139 1.22077e-005
4.21 0.0429046 1.18445e-005
4.22 0.0409983 1.13157e-005
4.23 0.0381572 1.05276e-005
4.24 0.0344164 9.48993e-006
4.25 0.0299036 8.23813e-006
4.26 0.0246293 6.77506e-006
4.27 0.0187597 5.14688e-006
4.28 0.0125707 3.4301e-006
4.29 0.0062673 1.68158e-006
4.3 0.000157648 -1.31976e-008
4.31 -0.00543881 -1.56563e-006
4.32 -0.0106646 -3.01525e-006
4.33 -0.0161145 -4.52702e-006
4.34 -0.0222782 -6.2368e-006
4.35 -0.0292299 -8.16517e-006
4.36 -0.0368059 -1.02667e-005
4.37 -0.0447807 -1.24789e-005
4.38 -0.0527976 -1.47027e-005
4.39 -0.0601825 -1.67513e-005
4.4 -0.0660913 -1.83919e-005
4.41 -0.0701778 -1.95329e-005
4.42 -0.072976 -2.03145e-005
4.43 -0.0754561 -2.10075e-005
4.44 -0.0785594 -2.18747e-005
4.45 -0.0826573 -2.30204e-005
4.46 -0.087195 -2.42895e-005
4.47 -0.0911537 -2.53972e-005
4.48 -0.0938482 -2.61513e-005
4.49 -0.0950523 -2.64884e-005
4.5 -0.0947376 -2.64011e-005
4.51 -0.0932193 -2.598e-005
4.52 -0.0912927 -2.54455e-005
4.53 -0.0895401 -2.49594e-005
4.54 -0.087757 -2.44648e-005
4.55 -0.0853976 -2.38103e-005
4.56 -0.0821081 -2.28978e-005
4.57 -0.077774 -2.16955e-005
4.58 -0.0726023 -2.0261e-005
4.59 -0.0672638 -1.87801e-005
4.6 -0.0626629 -1.75038e-005
4.61 -0.0592183 -1.65483e-005
4.62 -0.0563592 -1.57552e-005
4.63 -0.0531355 -1.4861e-005
4.64 -0.0493319 -1.38059e-005
4.65 -0.0456013 -1.27711e-005
4.66 -0.0426244 -1.19453e-005
4.67 -0.0404592 -1.13447e-005
4.68 -0.0386033 -1.08299e-005
4.69 -0.0365101 -1.02492e-005
4.7 -0.0340868 -9.57705e-006
4.71 -0.0316964 -8.91396e-006
4.72 -0.0296348 -8.3421e-006
4.73 -0.0278944 -7.8593e-006
4.74 -0.026492 -7.4703e-006
4.75 -0.025623 -7.22924e-006
4.76 -0.0255858 -7.21892e-006
4.77 -0.0267969 -7.55488e-006
4.78 -0.0294652 -8.29503e-006
4.79 -0.0331024 -9.30398e-006
4.8 -0.0367893 -1.03267e-005
4.81 -0.0398705 -1.11814e-005
4.82 -0.0421707 -1.18195e-005
4.83 -0.0438706 -1.2291e-005
4.84 -0.045425 -1.27222e-005
4.85 -0.0472781 -1.32362e-005
4.86 -0.0492032 -1.37702e-005
4.87 -0.050366 -1.40928e-005
4.88 -0.0504618 -1.41193e-005
4.89 -0.0501206 -1.40247e-005
4.9 -0.0500844 -1.40147e-005
4.91 -0.0506265 -1.4165e-005
4.92 -0.0518827 -1.45135e-005
4.93 -0.0541967 -1.51554e-005
4.94 -0.0576109 -1.61024e-005
4.95 -0.061321 -1.71316e-005
4.96 -0.064176 -1.79236e-005
4.97 -0.0655309 -1.82994e-005
4.98 -0.0652839 -1.82309e-005
4.99 -0.0635212 -1.77419e-005
5 -0.060801 -1.69874e-005
5.01 -0.0583226 -1.62999e-005
5.02 -0.0569393 -1.59162e-005
5.03 -0.0563785 -1.57606e-005
5.04 -0.0558991 -1.56276e-005
5.05 -0.0550744 -1.53988e-005
5.06 -0.0536635 -1.50075e-005
5.07 -0.0517159 -1.44672e-005
5.08 -0.0500351 -1.4001e-005
5.09 -0.0497422 -1.39197e-005
5.1 -0.0513629 -1.43693e-005
5.11 -0.0547506 -1.5309e-005
5.12 -0.0595994 -1.6654e-005
5.13 -0.0653373 -1.82457e-005
5.14 -0.0706444 -1.97178e-005
5.15 -0.0739765 -2.06422e-005
5.16 -0.0748672 -2.08892e-005
5.17 -0.0741353 -2.06862e-005
5.18 -0.0730033 -2.03722e-005
5.19 -0.0726664 -2.02788e-005
5.2 -0.0743113 -2.0735e-005
5.21 -0.0784961 -2.18959e-005
5.22 -0.0842146 -2.34821e-005
5.23 -0.0893804 -2.49151e-005
5.24 -0.0923311 -2.57336e-005
5.25 -0.0924965 -2.57795e-005
5.26 -0.0903279 -2.51779e-005
5.27 -0.0870334 -2.4264e-005
5.28 -0.0838216 -2.33731e-005
5.29 -0.0812132 -2.26496e-005
5.3 -0.0793406 -2.21301e-005
5.31 -0.0783426 -2.18533e-005
5.32 -0.0779114 -2.17337e-005
5.33 -0.0770852 -2.15045e-005
5.34 -0.0748784 -2.08923e-005
5.35 -0.0709607 -1.98056e-005
5.36 -0.065693 -1.83444e-005
5.37 -0.059493 -1.66245e-005
5.38 -0.052392 -1.46548e-005
5.39 -0.0443613 -1.24271e-005
5.4 -0.0356884 -1.00213e-005
5.41 -0.026845 -7.56821e-006
5.42 -0.0182292 -5.17825e-006
5.43 -0.00990905 -2.8703e-006
5.44 -0.00154408 -5.49924e-007
5.45 0.00720803 1.87837e-006
5.46 0.0160741 4.33777e-006
5.47 0.0241653 6.58219e-006
5.48 0.0304972 8.33863e-006
5.49 0.0344715 9.44105e-006
5.5 0.0363099 9.95102e-006
5.51 0.0370328 1.01515e-005
5.52 0.0374831 1.02765e-005
5.53 0.0377825 1.03595e-005
5.54 0.0379763 1.04133e-005
5.55 0.0381984 1.04749e-005
5.56 0.0382435 1.04874e-005
5.57 0.0378619 1.03815e-005
5.58 0.0373307 1.02342e-005
5.59 0.0373166 1.02303e-005
5.6 0.0383316 1.05118e-005
5.61 0.0404261 1.10928e-005
5.62 0.0430123 1.18102e-005
5.63 0.0448921 1.23317e-005
5.64 0.0447693 1.22976e-005
5.65 0.0420099 1.15322e-005
5.66 0.0371109 1.01732e-005
5.67 0.0314233 8.59553e-006
5.68 0.0261495 7.1326e-006
5.69 0.0214508 5.82921e-006
5.7 0.0165608 4.47275e-006
5.71 0.0107361 2.85703e-006
5.72 0.00391971 9.66218e-007
5.73 -0.00349438 -1.09042e-006
5.74 -0.0113198 -3.26117e-006
5.75 -0.0199086 -5.64369e-006
5.76 -0.029785 -8.38338e-006
5.77 -0.0410751 -1.15152e-005
5.78 -0.0533571 -1.49223e-005
5.79 -0.065738 -1.83567e-005
5.8 -0.0769263 -2.14603e-005
5.81 -0.085925 -2.39565e-005
5.82 -0.0934614 -2.60471e-005
5.83 -0.102136 -2.84722e-005
5.84 -0.114268 -3.18732e-005
5.85 -0.12938 -3.61152e-005
5.86 -0.144677 -4.04155e-005
5.87 -0.157554 -4.40406e-005
5.88 -0.167104 -4.6732e-005
5.89 -0.174052 -4.86918e-005
5.9 -0.17994 -5.03534e-005
5.91 -0.185911 -5.20399e-005
5.92 -0.192291 -5.38426e-005
5.93 -0.19877 -5.56747e-005
5.94 -0.204266 -5.72296e-005
5.95 -0.206973 -5.79956e-005
5.96 -0.205137 -5.74865e-005
5.97 -0.198057 -5.55226e-005
5.98 -0.186536 -5.23267e-005
5.99 -0.172051 -4.83088e-005
6 -0.155411 -4.36929e-005
6.01 -0.136259 -3.83803e-005
6.02 -0.113763 -3.214e-005
6.03 -0.087106 -2.47455e-005
6.04 -0.0558171 -1.60662e-005
6.05 -0.0206843 -6.32064e-006
6.06 0.0159843 3.85643e-006
6.07 0.0512722 1.3645e-005
6.08 0.08251 2.23102e-005
6.09 0.108291 2.94615e-005
6.1 0.128855 3.51659e-005
6.11 0.145375 3.97484e-005
6.12 0.159051 4.3542e-005
6.13 0.170969 4.6848e-005
6.14 0.181573 4.97896e-005
6.15 0.19029 5.22077e-005
6.16 0.196325 5.38817e-005
6.17 0.199411 5.47378e-005
6.18 0.199793 5.48436e-005
6.19 0.198508 5.44872e-005
6.2 0.197474 5.42005e-005
6.21 0.198107 5.4376e-005
6.22 0.199355 5.47222e-005
6.23 0.197753 5.42779e-005
6.24 0.189743 5.20559e-005
6.25 0.174447 4.78129e-005
6.26 0.154502 4.22802e-005
6.27 0.134692 3.67851e-005
6.28 0.118863 3.23941e-005
6.29 0.107291 2.91841e-005
6.3 0.0965988 2.62183e-005
6.31 0.0829875 2.24426e-005
6.32 0.065791 1.76725e-005
6.33 0.0476881 1.26508e-005
6.34 0.0326996 8.49313e-006
6.35 0.0240098 6.08263e-006
6.36 0.0221465 5.56578e-006
6.37 0.0237332 6.00592e-006
6.38 0.022584 5.68713e-006
6.39 0.0142983 3.38874e-006
6.4 -0.000188285 -6.29741e-007
6.41 -0.0167314 -5.21911e-006
6.42 -0.0319446 -9.43955e-006
6.43 -0.0438858 -1.27523e-005
6.44 -0.0514724 -1.48569e-005
6.45 -0.0553176 -1.59237e-005
6.46 -0.0577588 -1.66009e-005
6.47 -0.0607794 -1.74389e-005
6.48 -0.0644169 -1.8448e-005
6.49 -0.0673687 -1.92669e-005
6.5 -0.068705 -1.96376e-005
6.51 -0.0687092 -1.96387e-005
6.52 -0.0682319 -1.95063e-005
6.53 -0.0673086 -1.92502e-005
6.54 -0.0651566 -1.86533e-005
6.55 -0.0621078 -1.78076e-005
6.56 -0.0603092 -1.73086e-005
6.57 -0.0624438 -1.79008e-005
6.58 -0.0701504 -2.00386e-005
6.59 -0.0828655 -2.3566e-005
6.6 -0.0976339 -2.7663e-005
6.61 -0.110643 -3.12719e-005
6.62 -0.119354 -3.36885e-005
6.63 -0.123381 -3.48057e-005
6.64 -0.123984 -3.4973e-005
6.65 -0.123043 -3.47119e-005
6.66 -0.121715 -3.43436e-005
6.67 -0.120101 -3.38958e-005
6.68 -0.118133 -3.335e-005
6.69 -0.116471 -3.28889e-005
6.7 -0.116096 -3.27849e-005
6.71 -0.117113 -3.3067e-005
6.72 -0.11853 -3.346e-005
6.73 -0.11993 -3.38484e-005
6.74 -0.123158 -3.47438e-005
6.75 -0.13151 -3.70609e-005
6.76 -0.147721 -4.1558e-005
6.77 -0.172643 -4.84721e-005
6.78 -0.204843 -5.74048e-005
6.79 -0.240186 -6.74135e-005
6.8 -0.274813 -7.72659e-005
6.81 -0.304874 -8.58472e-005
6.82 -0.328301 -9.25531e-005
6.83 -0.344499 -9.71988e-005
6.84 -0.353052 -9.96553e-005
6.85 -0.353542 -9.97962e-005
6.86 -0.346371 -9.78069e-005
6.87 -0.333188 -9.415e-005
6.88 -0.315281 -8.91827e-005
6.89 -0.29263 -8.28996e-005
6.9 -0.264824 -7.51864e-005
6.91 -0.233262 -6.64313e-005
6.92 -0.201836 -5.77139e-005
6.93 -0.174862 -5.02316e-005
6.94 -0.154191 -4.44977e-005
6.95 -0.138409 -4.01197e-005
6.96 -0.125006 -3.64018e-005
6.97 -0.112366 -3.28956e-005
6.98 -0.0999277 -2.94453e-005
6.99 -0.0871859 -2.59108e-005
7 -0.0734689 -2.21058e-005
7.01 -0.0590956 -1.81188e-005
7.02 -0.0454734 -1.43401e-005
7.03 -0.0329203 -1.0858e-005
7.04 -0.0186957 -6.91217e-006
7.05 0.00280055 -9.21906e-007
7.06 0.0367171 8.4863e-006
7.07 0.0832615 2.13974e-005
7.08 0.138096 3.6608e-005
7.09 0.195462 5.2521e-005
7.1 0.250762 6.78607e-005
7.11 0.300656 8.1701e-005
7.12 0.342435 9.32903e-005
7.13 0.374257 0.000102117
7.14 0.395739 0.000108077
7.15 0.407608 0.000111369
7.16 0.410751 0.000112241
7.17 0.406089 0.000110947
7.18 0.394982 0.000107866
7.19 0.379099 0.00010346
7.2 0.360242 9.82298e-005
7.21 0.340265 9.26882e-005
7.22 0.320383 8.7173e-005
7.23 0.300954 8.17836e-005
7.24 0.282427 7.66444e-005
7.25 0.265867 7.20508e-005
7.26 0.2523 6.82875e-005
7.27 0.241497 6.52908e-005
7.28 0.231473 6.25103e-005
7.29 0.219173 5.90982e-005
7.3 0.201248 5.41259e-005
7.31 0.174252 4.66373e-005
7.32 0.135615 3.59197e-005
7.33 0.086189 2.22094e-005
7.34 0.0310696 6.91972e-006
7.35 -0.023414 -8.19545e-006
7.36 -0.0740034 -2.22325e-005
7.37 -0.12203 -3.55583e-005
7.38 -0.169675 -4.87784e-005
7.39 -0.217063 -6.19273e-005
7.4 -0.261394 -7.42279e-005
7.41 -0.300056 -8.49553e-005
7.42 -0.332006 -9.38205e-005
7.43 -0.356963 -0.000100779
7.44 -0.373002 -0.000105393
7.45 -0.378167 -0.000106881
7.46 -0.370856 -0.000104853
7.47 -0.352963 -9.98893e-005
7.48 -0.3297 -9.34364e-005
7.49 -0.307281 -8.72173e-005
7.5 -0.29057 -8.25819e-005
7.51 -0.282098 -8.02318e-005
7.52 -0.282777 -8.04203e-005
7.53 -0.292429 -8.30977e-005
7.54 -0.309738 -8.78989e-005
7.55 -0.332382 -9.41802e-005
7.56 -0.356782 -0.000100949
7.57 -0.3787 -0.000107034
7.58 -0.395307 -0.000111823
7.59 -0.408767 -0.000115709
7.6 -0.421587 -0.000119417
7.61 -0.433573 -0.000122887
7.62 -0.440598 -0.000124923
7.63 -0.436917 -0.000123902
7.64 -0.418803 -0.000118878
7.65 -0.387128 -0.000110091
7.66 -0.346729 -9.88849e-005
7.67 -0.304274 -8.71081e-005
7.68 -0.264555 -7.60904e-005
7.69 -0.228573 -6.61094e-005
7.7 -0.195412 -5.69106e-005
7.71 -0.164967 -4.84655e-005
7.72 -0.137966 -4.09756e-005
7.73 -0.114163 -3.43727e-005
7.74 -0.0921732 -2.82729e-005
7.75 -0.0711015 -2.24278e-005
7.76 -0.0512401 -1.69184e-005
7.77 -0.0325892 -1.17448e-005
7.78 -0.0144699 -6.7186e-006
7.79 0.00530559 -1.17982e-006
7.8 0.030178 5.71961e-006
7.81 0.0613193 1.4358e-005
7.82 0.0969416 2.42394e-005
7.83 0.131976 3.39577e-005
7.84 0.160601 4.18981e-005
7.85 0.179584 4.71638e-005
7.86 0.18907 4.97952e-005
7.87 0.190907 5.03046e-005
7.88 0.187513 4.93631e-005
7.89 0.181743 4.77627e-005
7.9 0.176771 4.63834e-005
7.91 0.175429 4.60113e-005
7.92 0.178721 4.69245e-005
7.93 0.184819 4.86158e-005
7.94 0.189841 5.00089e-005
7.95 0.190336 5.01462e-005
7.96 0.185331 4.87579e-005
7.97 0.176085 4.61932e-005
7.98 0.164706 4.30368e-005
7.99 0.152713 3.97099e-005
8 0.140336 3.62765e-005
8.01 0.127618 3.27487e-005
8.02 0.11633 2.96176e-005
8.03 0.109653 2.77654e-005
8.04 0.109261 2.76565e-005
8.05 0.11357 2.88519e-005
8.06 0.119967 3.06265e-005
8.07 0.127833 3.28083e-005
8.08 0.138252 3.56986e-005
8.09 0.151366 3.93363e-005
8.1 0.164875 4.30836e-005
8.11 0.175101 4.59201e-005
8.12 0.178337 4.68179e-005
8.13 0.171609 4.49514e-005
8.14 0.153654 3.99709e-005
8.15 0.125758 3.22329e-005
8.16 0.0913968 2.27013e-005
8.17 0.0545594 1.24828e-005
8.18 0.0181216 2.37525e-006
8.19 -0.016709 -7.28854e-006
8.2 -0.0494116 -1.63639e-005
8.21 -0.0789808 -2.45698e-005
8.22 -0.103834 -3.14669e-005
8.23 -0.121866 -3.64709e-005
8.24 -0.130732 -3.89315e-005
8.25 -0.129217 -3.85111e-005
8.26 -0.117831 -3.53529e-005
8.27 -0.0984897 -2.99877e-005
8.28 -0.0736707 -2.31031e-005
8.29 -0.0463016 -1.55111e-005
8.3 -0.0191972 -7.99252e-006
8.31 0.00614587 -9.46735e-007
8.32 0.0300547 5.68541e-006
8.33 0.0532115 1.21089e-005
8.34 0.0756565 1.8335e-005
8.35 0.0971268 2.42907e-005
8.36 0.11774 3.00088e-005
8.37 0.138532 3.57762e-005
8.38 0.161209 4.20666e-005
8.39 0.187276 4.92974e-005
8.4 0.217631 5.77177e-005
8.41 0.253252 6.75987e-005
8.42 0.295174 7.92277e-005
8.43 0.343858 9.27323e-005
8.44 0.398773 0.000107965
8.45 0.458814 0.00012462
8.46 0.52225 0.000142217
8.47 0.588725 0.000160656
8.48 0.654033 0.000178773
8.49 0.716315 0.000196049
8.5 0.724698 0.000211083
8.51 0.721202 0.000223567
8.52 0.718682 0.00023257
8.53 0.717381 0.000237216
8.54 0.717347 0.000237338
8.55 0.707392 0.000234008
8.56 0.691251 0.000228608
8.57 0.673254 0.000222587
8.58 0.656802 0.000217083
8.59 0.64339 0.000212596
8.6 0.633401 0.000209254
8.61 0.627729 0.000207356
8.62 0.62754 0.000207293
8.63 0.633088 0.000209149
8.64 0.64355 0.000212649
8.65 0.657604 0.000217351
8.66 0.673113 0.00022254
8.67 0.686794 0.000227117
8.68 0.694509 0.000229698
8.69 0.692342 0.000228973
8.7 0.679044 0.000224524
8.71 0.654827 0.000216422
8.72 0.620173 0.000204829
8.73 0.575181 0.000189776
8.74 0.520637 0.000171528
8.75 0.459592 0.000151106
8.76 0.396954 0.00013015
8.77 0.337292 0.00011019
8.78 0.282286 9.17877e-005
8.79 0.230015 7.43003e-005
8.8 0.176763 5.64849e-005
8.81 0.119149 3.721e-005
8.82 0.0554166 1.58882e-005
8.83 -0.0161342 -7.12901e-006
8.84 -0.100287 -3.04826e-005
8.85 -0.180412 -5.27184e-005
8.86 -0.253925 -7.31192e-005
8.87 -0.320599 -9.1622e-005
8.88 -0.383877 -0.000109183
8.89 -0.449152 -0.000127405
8.9 -0.518612 -0.000147637
8.91 -0.595075 -0.000170083
8.92 -0.678638 -0.000194828
8.93 -0.76577 -0.000220875
8.94 -0.852799 -0.000247147
8.95 -0.935925 -0.000272488
8.96 -1.01351 -0.000296362
8.97 -1.08276 -0.000317862
8.98 -1.14374 -0.000336941
8.99 -1.19475 -0.000353014
9 -1.23402 -0.000365455
9.01 -1.25988 -0.000373684
9.02 -1.27152 -0.000377394
9.03 -1.26891 -0.000376671
9.04 -1.25221 -0.00037204
9.05 -1.22379 -0.000364156
9.06 -1.1856 -0.000353563
9.07 -1.13999 -0.00034091
9.08 -1.08902 -0.00032677
9.09 -1.0344 -0.000311619
9.1 -0.977365 -0.000295799
9.11 -0.917782 -0.000279271
9.12 -0.854383 -0.000261685
9.13 -0.785692 -0.00024263
9.14 -0.710854 -0.000221871
9.15 -0.630389 -0.00019955
9.16 -0.546308 -0.000176227
9.17 -0.460087 -0.00015231
9.18 -0.370872 -0.000127562
9.19 -0.275909 -0.00010122
9.2 -0.172309 -7.24824e-005
9.21 -0.0577072 -4.06925e-005
9.22 0.0516596 -6.05083e-006
9.23 0.158962 2.98474e-005
9.24 0.26743 6.61355e-005
9.25 0.374003 0.00010179
9.26 0.477046 0.000136263
9.27 0.574133 0.000168743
9.28 0.661794 0.000198071
9.29 0.715385 0.000223661
9.3 0.70906 0.00024625
9.31 0.703935 0.000264556
9.32 0.69995 0.000278788
9.33 0.696977 0.000289405
9.34 0.69479 0.000297215
9.35 0.69332 0.000302465
9.36 0.69244 0.000305608
9.37 0.692113 0.000306776
9.38 0.690656 0.000306081
9.39 0.685554 0.000303648
9.4 0.676413 0.000299288
9.41 0.661842 0.000292338
9.42 0.639816 0.000281833
9.43 0.608772 0.000267026
9.44 0.568368 0.000247755
9.45 0.519343 0.000224372
9.46 0.463014 0.000197505
9.47 0.400448 0.000167664
9.48 0.332085 0.000135057
9.49 0.258283 9.98568e-005
9.5 0.180337 6.26798e-005
9.51 0.101162 2.49164e-005
9.52 0.0243042 -1.17415e-005
9.53 -0.0802456 -4.56785e-005
9.54 -0.192165 -7.6843e-005
9.55 -0.302099 -0.000107455
9.56 -0.412133 -0.000138094
9.57 -0.524054 -0.00016926
9.58 -0.638233 -0.000201053
9.59 -0.755272 -0.000233643
9.6 -0.876283 -0.00026734
9.61 -0.999895 -0.00030176
9.62 -1.12207 -0.000335781
9.63 -1.23747 -0.000367915
9.64 -1.33315 -0.000397142
9.65 -1.41776 -0.00042451
9.66 -1.49418 -0.000449493
9.67 -1.56473 -0.000472786
9.68 -1.62785 -0.00049382
9.69 -1.68049 -0.000511501
9.7 -1.72118 -0.000525262
9.71 -1.74986 -0.000535009
9.72 -1.76717 -0.000540909
9.73 -1.77372 -0.000543147
9.74 -1.77006 -0.000542132
9.75 -1.75722 -0.000538569
9.76 -1.73805 -0.000533251
9.77 -1.71243 -0.000526147
9.78 -1.67741 -0.000516432
9.79 -1.62999 -0.000503278
9.8 -1.56905 -0.000486374
9.81 -1.49563 -0.000466008
9.82 -1.41262 -0.000442981
9.83 -1.32327 -0.000418195
9.84 -1.22937 -0.000392149
9.85 -1.13086 -0.000364822
9.86 -1.027 -0.000336013
9.87 -0.917302 -0.000305583
9.88 -0.801659 -0.000273504
9.89 -0.679922 -0.000239736
9.9 -0.552007 -0.000204253
9.91 -0.418643 -0.000167259
9.92 -0.281296 -0.00012916
9.93 -0.141233 -9.03069e-005
9.94 -0.00468599 -4.99281e-005
9.95 0.0787177 -9.76304e-006
9.96 0.15792 2.80132e-005
9.97 0.232215 6.34488e-005
9.98 0.300989 9.62514e-005
9.99 0.363941 0.000126277
10 0.422405 0.000154162
