0.1 -0.1434 -4.94483e-006
0.2 -0.286898 -9.89302e-006
0.3 -0.430493 -1.48446e-005
0.4 -0.574187 -1.97995e-005
0.5 -0.717979 -2.47579e-005
0.6 -0.86187 -2.97196e-005
0.7 -1.00586 -3.46848e-005
0.8 -1.14995 -3.96534e-005
0.9 -1.29414 -4.46254e-005
1 -1.43842 -4.96008e-005
0.01 -1.42262 -4.90557e-005
0.02 -1.38947 -4.79128e-005
0.03 -1.43193 -4.93767e-005
0.04 -1.48003 -5.10356e-005
0.05 -1.47757 -5.09507e-005
0.06 -1.47274 -5.0784e-005
0.07 -1.45115 -5.00396e-005
0.08 -1.43618 -4.95236e-005
0.09 -1.42177 -4.90266e-005
0.1 -1.40808 -4.85543e-005
0.11 -1.3996 -4.8262e-005
0.12 -1.402 -4.83448e-005
0.13 -1.41292 -4.87212e-005
0.14 -1.42659 -4.91928e-005
0.15 -1.44016 -4.96606e-005
0.16 -1.45326 -5.01125e-005
0.17 -1.46424 -5.04911e-005
0.18 -1.47038 -5.07028e-005
0.19 -1.47091 -5.07212e-005
0.2 -1.46748 -5.06028e-005
0.21 -1.46199 -5.04136e-005
0.22 -1.45564 -5.01944e-005
0.23 -1.44978 -4.99924e-005
0.24 -1.44638 -4.98753e-005
0.25 -1.44704 -4.98979e-005
0.26 -1.45206 -5.0071e-005
0.27 -1.46074 -5.03703e-005
0.28 -1.4719 -5.07552e-005
0.29 -1.48393 -5.11699e-005
0.3 -1.49472 -5.1542e-005
0.31 -1.50227 -5.18024e-005
0.32 -1.50542 -5.19111e-005
0.33 -1.50414 -5.18669e-005
0.34 -1.4994 -5.17035e-005
0.35 -1.49294 -5.14808e-005
0.36 -1.48689 -5.12722e-005
0.37 -1.48317 -5.11437e-005
0.38 -1.48286 -5.11331e-005
0.39 -1.48596 -5.12401e-005
0.4 -1.4915 -5.14311e-005
0.41 -1.49791 -5.16521e-005
0.42 -1.50347 -5.18439e-005
0.43 -1.50667 -5.19543e-005
0.44 -1.50655 -5.19501e-005
0.45 -1.50296 -5.18261e-005
0.46 -1.49655 -5.16052e-005
0.47 -1.48856 -5.13298e-005
0.48 -1.48034 -5.10461e-005
0.49 -1.47297 -5.0792e-005
0.5 -1.46722 -5.05939e-005
0.51 -1.46346 -5.04642e-005
0.52 -1.4615 -5.03965e-005
0.53 -1.46074 -5.03705e-005
0.54 -1.46059 -5.03651e-005
0.55 -1.4606 -5.03657e-005
0.56 -1.46033 -5.03563e-005
0.57 -1.45901 -5.03108e-005
0.58 -1.45594 -5.02048e-005
0.59 -1.45104 -5.00359e-005
0.6 -1.44501 -4.98279e-005
0.61 -1.43881 -4.96141e-005
0.62 -1.4332 -4.94208e-005
0.63 -1.42886 -4.92712e-005
0.64 -1.42643 -4.91874e-005
0.65 -1.426 -4.91723e-005
0.66 -1.427 -4.9207e-005
0.67 -1.42891 -4.92729e-005
0.68 -1.4313 -4.93553e-005
0.69 -1.4336 -4.94346e-005
0.7 -1.43531 -4.94936e-005
0.71 -1.43635 -4.95294e-005
0.72 -1.43696 -4.95505e-005
0.73 -1.43742 -4.95661e-005
0.74 -1.43776 -4.95781e-005
0.75 -1.43792 -4.95836e-005
0.76 -1.43804 -4.95876e-005
0.77 -1.43864 -4.96084e-005
0.78 -1.44038 -4.96684e-005
0.79 -1.44356 -4.97778e-005
0.8 -1.44783 -4.99251e-005
0.81 -1.45262 -5.00904e-005
0.82 -1.45758 -5.02614e-005
0.83 -1.46248 -5.04302e-005
0.84 -1.467 -5.05861e-005
0.85 -1.471 -5.07242e-005
0.86 -1.47461 -5.08487e-005
0.87 -1.47756 -5.09505e-005
0.88 -1.47921 -5.10072e-005
0.89 -1.47967 -5.1023e-005
0.9 -1.48011 -5.10383e-005
0.91 -1.48157 -5.10887e-005
0.92 -1.48362 -5.11593e-005
0.93 -1.48471 -5.1197e-005
0.94 -1.484 -5.11725e-005
0.95 -1.48222 -5.11109e-005
0.96 -1.48071 -5.1059e-005
0.97 -1.47986 -5.10296e-005
0.98 -1.47853 -5.09839e-005
0.99 -1.4757 -5.08861e-005
1 -1.47159 -5.07446e-005
1.01 -1.46705 -5.05881e-005
1.02 -1.46265 -5.04362e-005
1.03 -1.45873 -5.03009e-005
1.04 -1.45537 -5.01852e-005
1.05 -1.45224 -5.00773e-005
1.06 -1.44881 -4.99591e-005
1.07 -1.44499 -4.98271e-005
1.08 -1.44151 -4.97072e-005
1.09 -1.4391 -4.96243e-005
1.1 -1.43705 -4.95535e-005
1.11 -1.43388 -4.9444e-005
1.12 -1.42935 -4.9288e-005
1.13 -1.42484 -4.91325e-005
1.14 -1.42185 -4.90293e-005
1.15 -1.42152 -4.90178e-005
1.16 -1.42461 -4.91245e-005
1.17 -1.43029 -4.93205e-005
1.18 -1.43621 -4.95246e-005
1.19 -1.44035 -4.96671e-005
1.2 -1.44212 -4.97283e-005
1.21 -1.44221 -4.97315e-005
1.22 -1.44176 -4.97158e-005
1.23 -1.44173 -4.97149e-005
1.24 -1.44289 -4.97549e-005
1.25 -1.44596 -4.98607e-005
1.26 -1.45141 -5.00485e-005
1.27 -1.45889 -5.03066e-005
1.28 -1.46731 -5.0597e-005
1.29 -1.47512 -5.08664e-005
1.3 -1.48075 -5.10604e-005
1.31 -1.48371 -5.11623e-005
1.32 -1.48493 -5.12045e-005
1.33 -1.48587 -5.12368e-005
1.34 -1.48834 -5.1322e-005
1.35 -1.494 -5.15171e-005
1.36 -1.50241 -5.18071e-005
1.37 -1.51099 -5.21032e-005
1.38 -1.51735 -5.23223e-005
1.39 -1.52103 -5.24493e-005
1.4 -1.52324 -5.25254e-005
1.41 -1.52411 -5.25556e-005
1.42 -1.522 -5.24828e-005
1.43 -1.51625 -5.22844e-005
1.44 -1.50808 -5.20028e-005
1.45 -1.49908 -5.16923e-005
1.46 -1.49008 -5.1382e-005
1.47 -1.48062 -5.10559e-005
1.48 -1.46871 -5.06452e-005
1.49 -1.45166 -5.00573e-005
1.5 -1.42845 -4.92569e-005
1.51 -1.40203 -4.83457e-005
1.52 -1.37812 -4.75212e-005
1.53 -1.36023 -4.69046e-005
1.54 -1.34725 -4.64569e-005
1.55 -1.33651 -4.60864e-005
1.56 -1.3265 -4.57412e-005
1.57 -1.31668 -4.54026e-005
1.58 -1.30712 -4.5073e-005
1.59 -1.29837 -4.47715e-005
1.6 -1.29043 -4.44975e-005
1.61 -1.28202 -4.42075e-005
1.62 -1.27266 -4.3885e-005
1.63 -1.26623 -4.3663e-005
1.64 -1.27049 -4.38101e-005
1.65 -1.2905 -4.45e-005
1.66 -1.32312 -4.56249e-005
1.67 -1.35938 -4.68752e-005
1.68 -1.39093 -4.7963e-005
1.69 -1.4143 -4.87688e-005
1.7 -1.43013 -4.93147e-005
1.71 -1.44106 -4.96916e-005
1.72 -1.45132 -5.00456e-005
1.73 -1.46564 -5.05393e-005
1.74 -1.48699 -5.12754e-005
1.75 -1.51611 -5.22797e-005
1.76 -1.55192 -5.35146e-005
1.77 -1.59079 -5.4855e-005
1.78 -1.62614 -5.60738e-005
1.79 -1.6515 -5.69484e-005
1.8 -1.6651 -5.74173e-005
1.81 -1.67038 -5.75992e-005
1.82 -1.6725 -5.76723e-005
1.83 -1.67514 -5.77634e-005
1.84 -1.67954 -5.7915e-005
1.85 -1.68453 -5.80872e-005
1.86 -1.6872 -5.81795e-005
1.87 -1.68613 -5.81425e-005
1.88 -1.68469 -5.80929e-005
1.89 -1.68762 -5.81939e-005
1.9 -1.6934 -5.83931e-005
1.91 -1.6941 -5.84171e-005
1.92 -1.68274 -5.80254e-005
1.93 -1.65734 -5.71497e-005
1.94 -1.61969 -5.58515e-005
1.95 -1.57355 -5.42604e-005
1.96 -1.52453 -5.25701e-005
1.97 -1.47942 -5.10144e-005
1.98 -1.44267 -4.97473e-005
1.99 -1.41399 -4.87583e-005
2 -1.38928 -4.79062e-005
2.01 -1.36307 -4.70023e-005
2.02 -1.33084 -4.5891e-005
2.03 -1.28998 -4.44821e-005
2.04 -1.24043 -4.27734e-005
2.05 -1.18685 -4.09259e-005
2.06 -1.13746 -3.92227e-005
2.07 -1.09777 -3.78542e-005
2.08 -1.06762 -3.68145e-005
2.09 -1.04449 -3.60169e-005
2.1 -1.02775 -3.54396e-005
2.11 -1.01857 -3.5123e-005
2.12 -1.0163 -3.50449e-005
2.13 -1.01761 -3.50901e-005
2.14 -1.01914 -3.51428e-005
2.15 -1.01993 -3.517e-005
2.16 -1.02255 -3.52603e-005
2.17 -1.03131 -3.55624e-005
2.18 -1.04843 -3.61528e-005
2.19 -1.07362 -3.70214e-005
2.2 -1.10731 -3.8183e-005
2.21 -1.15057 -3.96747e-005
2.22 -1.20213 -4.14528e-005
2.23 -1.25819 -4.3386e-005
2.24 -1.31536 -4.53573e-005
2.25 -1.3724 -4.73242e-005
2.26 -1.42887 -4.92715e-005
2.27 -1.48473 -5.11975e-005
2.28 -1.54148 -5.31544e-005
2.29 -1.60071 -5.51968e-005
2.3 -1.6619 -5.73068e-005
2.31 -1.72331 -5.94246e-005
2.32 -1.78318 -6.14889e-005
2.33 -1.83927 -6.3423e-005
2.34 -1.88924 -6.51461e-005
2.35 -1.93136 -6.65987e-005
2.36 -1.96485 -6.77534e-005
2.37 -1.9891 -6.85897e-005
2.38 -2.00375 -6.9095e-005
2.39 -2.01062 -6.93318e-005
2.4 -2.01209 -6.93823e-005
2.41 -2.00747 -6.92232e-005
2.42 -1.99458 -6.87786e-005
2.43 -1.97232 -6.8011e-005
2.44 -1.93995 -6.68949e-005
2.45 -1.89699 -6.54134e-005
2.46 -1.84481 -6.36141e-005
2.47 -1.78633 -6.15976e-005
2.48 -1.7239 -5.94449e-005
2.49 -1.65838 -5.71854e-005
2.5 -1.58916 -5.47986e-005
2.51 -1.5155 -5.22585e-005
2.52 -1.43812 -4.95902e-005
2.53 -1.35879 -4.6855e-005
2.54 -1.27968 -4.4127e-005
2.55 -1.20332 -4.1494e-005
2.56 -1.13189 -3.90308e-005
2.57 -1.06675 -3.67844e-005
2.58 -1.00851 -3.47761e-005
2.59 -0.956572 -3.29853e-005
2.6 -0.909418 -3.13592e-005
2.61 -0.866735 -2.98874e-005
2.62 -0.830847 -2.86499e-005
2.63 -0.805063 -2.77608e-005
2.64 -0.789694 -2.72308e-005
2.65 -0.78011 -2.69003e-005
2.66 -0.771351 -2.65983e-005
2.67 -0.764144 -2.63498e-005
2.68 -0.764671 -2.63679e-005
2.69 -0.778804 -2.68553e-005
2.7 -0.80667 -2.78162e-005
2.71 -0.843139 -2.90738e-005
2.72 -0.883299 -3.04586e-005
2.73 -0.927019 -3.19662e-005
2.74 -0.978079 -3.37269e-005
2.75 -1.03916 -3.58329e-005
2.76 -1.10922 -3.8249e-005
2.77 -1.18526 -4.0871e-005
2.78 -1.26532 -4.36318e-005
2.79 -1.35037 -4.65644e-005
2.8 -1.44243 -4.97389e-005
2.81 -1.53963 -5.30908e-005
2.82 -1.63523 -5.63872e-005
2.83 -1.72256 -5.93987e-005
2.84 -1.79916 -6.20401e-005
2.85 -1.86672 -6.43697e-005
2.86 -1.9282 -6.64898e-005
2.87 -1.98592 -6.84802e-005
2.88 -2.04171 -7.04038e-005
2.89 -2.09573 -7.22666e-005
2.9 -2.14506 -7.39675e-005
2.91 -2.18584 -7.53738e-005
2.92 -2.21623 -7.64219e-005
2.93 -2.23567 -7.70919e-005
2.94 -2.24301 -7.73453e-005
2.95 -2.23739 -7.71513e-005
2.96 -2.21908 -7.65202e-005
2.97 -2.18805 -7.54499e-005
2.98 -2.14275 -7.38879e-005
2.99 -2.08255 -7.18121e-005
3 -2.0105 -6.93274e-005
3.01 -1.93215 -6.66257e-005
3.02 -1.85169 -6.38514e-005
3.03 -1.76963 -6.10218e-005
3.04 -1.68317 -5.80404e-005
3.05 -1.58881 -5.47865e-005
3.06 -1.48545 -5.12224e-005
3.07 -1.37516 -4.74192e-005
3.08 -1.2621 -4.35206e-005
3.09 -1.15018 -3.96613e-005
3.1 -1.04139 -3.59099e-005
3.11 -0.938513 -3.23625e-005
3.12 -0.847819 -2.92352e-005
3.13 -0.775953 -2.6757e-005
3.14 -0.724137 -2.49703e-005
3.15 -0.686514 -2.36729e-005
3.16 -0.654486 -2.25685e-005
3.17 -0.621547 -2.14327e-005
3.18 -0.585987 -2.02064e-005
3.19 -0.552526 -1.90526e-005
3.2 -0.529659 -1.82641e-005
3.21 -0.522707 -1.80244e-005
3.22 -0.530402 -1.82897e-005
3.23 -0.54867 -1.89197e-005
3.24 -0.575158 -1.9833e-005
3.25 -0.609684 -2.10236e-005
3.26 -0.654203 -2.25587e-005
3.27 -0.713401 -2.46e-005
3.28 -0.791614 -2.7297e-005
3.29 -0.887486 -3.0603e-005
3.3 -0.993142 -3.42463e-005
3.31 -1.09909 -3.78996e-005
3.32 -1.19979 -4.13722e-005
3.33 -1.29433 -4.46322e-005
3.34 -1.38261 -4.76763e-005
3.35 -1.46491 -5.05143e-005
3.36 -1.5455 -5.32933e-005
3.37 -1.63225 -5.62845e-005
3.38 -1.73139 -5.97032e-005
3.39 -1.84303 -6.35528e-005
3.4 -1.95923 -6.75598e-005
3.41 -2.06607 -7.12437e-005
3.42 -2.15052 -7.41559e-005
3.43 -2.20771 -7.6128e-005
3.44 -2.24151 -7.72935e-005
3.45 -2.25949 -7.79133e-005
3.46 -2.26834 -7.82185e-005
3.47 -2.27219 -7.83514e-005
3.48 -2.27259 -7.83652e-005
3.49 -2.26888 -7.82372e-005
3.5 -2.25756 -7.78469e-005
3.51 -2.23287 -7.69955e-005
3.52 -2.19187 -7.55816e-005
3.53 -2.13762 -7.37111e-005
3.54 -2.07494 -7.15496e-005
3.55 -2.00504 -6.91395e-005
3.56 -1.92481 -6.63727e-005
3.57 -1.83057 -6.31231e-005
3.58 -1.72259 -5.93998e-005
3.59 -1.6057 -5.5369e-005
3.6 -1.48776 -5.13019e-005
3.61 -1.37702 -4.74835e-005
3.62 -1.27776 -4.40608e-005
3.63 -1.18792 -4.09628e-005
3.64 -1.10201 -3.80005e-005
3.65 -1.01597 -3.50336e-005
3.66 -0.929109 -3.20382e-005
3.67 -0.84223 -2.90424e-005
3.68 -0.75637 -2.60817e-005
3.69 -0.675002 -2.32759e-005
3.7 -0.604681 -2.08511e-005
3.71 -0.551877 -1.90303e-005
3.72 -0.521151 -1.79707e-005
3.73 -0.514156 -1.77295e-005
3.74 -0.527492 -1.81894e-005
3.75 -0.554603 -1.91242e-005
3.76 -0.590605 -2.03657e-005
3.77 -0.633781 -2.18545e-005
3.78 -0.684126 -2.35906e-005
3.79 -0.742344 -2.55981e-005
3.8 -0.809885 -2.79271e-005
3.81 -0.887802 -3.06139e-005
3.82 -0.97422 -3.35938e-005
3.83 -1.06488 -3.67201e-005
3.84 -1.15817 -3.99368e-005
3.85 -1.2571 -4.33482e-005
3.86 -1.36412 -4.70386e-005
3.87 -1.47603 -5.08977e-005
3.88 -1.58592 -5.46868e-005
3.89 -1.68807 -5.82095e-005
3.9 -1.77972 -6.13696e-005
3.91 -1.85861 -6.40899e-005
3.92 -1.92097 -6.62404e-005
3.93 -1.96492 -6.77559e-005
3.94 -1.99455 -6.87775e-005
3.95 -2.01645 -6.95328e-005
3.96 -2.03439 -7.01513e-005
3.97 -2.04956 -7.06746e-005
3.98 -2.06256 -7.11229e-005
3.99 -2.07268 -7.14719e-005
4 -2.07533 -7.15631e-005
4.01 -2.06181 -7.10968e-005
4.02 -2.02628 -6.98716e-005
4.03 -1.97171 -6.799e-005
4.04 -1.90557 -6.57093e-005
4.05 -1.83448 -6.32578e-005
4.06 -1.76509 -6.08653e-005
4.07 -1.70286 -5.87194e-005
4.08 -1.64654 -5.67773e-005
4.09 -1.58812 -5.47627e-005
4.1 -1.51942 -5.23937e-005
4.11 -1.4368 -4.95448e-005
4.12 -1.34242 -4.62904e-005
4.13 -1.2443 -4.29068e-005
4.14 -1.15181 -3.97176e-005
4.15 -1.07016 -3.69022e-005
4.16 -1.00067 -3.45058e-005
4.17 -0.943153 -3.25225e-005
4.18 -0.897016 -3.09316e-005
4.19 -0.861196 -2.96964e-005
4.2 -0.83325 -2.87328e-005
4.21 -0.81063 -2.79527e-005
4.22 -0.793839 -2.73738e-005
4.23 -0.784814 -2.70626e-005
4.24 -0.783731 -2.70252e-005
4.25 -0.791569 -2.72955e-005
4.26 -0.811477 -2.7982e-005
4.27 -0.845316 -2.91488e-005
4.28 -0.893004 -3.07933e-005
4.29 -0.953359 -3.28744e-005
4.3 -1.02219 -3.5248e-005
4.31 -1.09336 -3.77022e-005
4.32 -1.16387 -4.01333e-005
4.33 -1.23486 -4.25815e-005
4.34 -1.3077 -4.50932e-005
4.35 -1.38174 -4.76463e-005
4.36 -1.45598 -5.02064e-005
4.37 -1.53014 -5.27634e-005
4.38 -1.60324 -5.52841e-005
4.39 -1.67119 -5.76271e-005
4.4 -1.72765 -5.95741e-005
4.41 -1.76992 -6.10318e-005
4.42 -1.80202 -6.21386e-005
4.43 -1.83183 -6.31664e-005
4.44 -1.867 -6.43792e-005
4.45 -1.91018 -6.58682e-005
4.46 -1.95554 -6.74324e-005
4.47 -1.99265 -6.8712e-005
4.48 -2.01363 -6.94355e-005
4.49 -2.01468 -6.94717e-005
4.5 -1.99431 -6.87694e-005
4.51 -1.95541 -6.74279e-005
4.52 -1.9067 -6.57484e-005
4.53 -1.85655 -6.4019e-005
4.54 -1.80706 -6.23123e-005
4.55 -1.75693 -6.05838e-005
4.56 -1.70508 -5.87959e-005
4.57 -1.65035 -5.69085e-005
4.58 -1.59234 -5.49082e-005
4.59 -1.53357 -5.28818e-005
4.6 -1.47869 -5.09894e-005
4.61 -1.4292 -4.92829e-005
4.62 -1.37976 -4.7578e-005
4.63 -1.32376 -4.56468e-005
4.64 -1.26281 -4.35452e-005
4.65 -1.20709 -4.16239e-005
4.66 -1.16674 -4.02326e-005
4.67 -1.1452 -3.94897e-005
4.68 -1.13927 -3.9285e-005
4.69 -1.14363 -3.94356e-005
4.7 -1.15563 -3.98494e-005
4.71 -1.17583 -4.05457e-005
4.72 -1.20393 -4.15149e-005
4.73 -1.2372 -4.26619e-005
4.74 -1.27367 -4.39198e-005
4.75 -1.31373 -4.53011e-005
4.76 -1.35936 -4.68746e-005
4.77 -1.41421 -4.8766e-005
4.78 -1.4805 -5.10517e-005
4.79 -1.5544 -5.35999e-005
4.8 -1.6282 -5.61447e-005
4.81 -1.69636 -5.8495e-005
4.82 -1.75729 -6.05961e-005
4.83 -1.81224 -6.2491e-005
4.84 -1.86471 -6.43004e-005
4.85 -1.91794 -6.61359e-005
4.86 -1.96881 -6.78899e-005
4.87 -2.0083 -6.92517e-005
4.88 -2.03188 -7.00649e-005
4.89 -2.04347 -7.04646e-005
4.9 -2.04842 -7.06351e-005
4.91 -2.04852 -7.06388e-005
4.92 -2.04511 -7.0521e-005
4.93 -2.04208 -7.04164e-005
4.94 -2.04114 -7.0384e-005
4.95 -2.03655 -7.02259e-005
4.96 -2.01936 -6.96333e-005
4.97 -1.985 -6.84484e-005
4.98 -1.9337 -6.66793e-005
4.99 -1.86737 -6.4392e-005
5 -1.79227 -6.18025e-005
5.01 -1.72056 -5.93295e-005
5.02 -1.66113 -5.72804e-005
5.03 -1.6122 -5.5593e-005
5.04 -1.56667 -5.40231e-005
5.05 -1.51901 -5.23797e-005
5.06 -1.46446 -5.04985e-005
5.07 -1.40075 -4.83019e-005
5.08 -1.33356 -4.59848e-005
5.09 -1.27342 -4.39111e-005
5.1 -1.2278 -4.23378e-005
5.11 -1.19998 -4.13787e-005
5.12 -1.19259 -4.11239e-005
5.13 -1.20521 -4.1559e-005
5.14 -1.22878 -4.23716e-005
5.15 -1.24975 -4.30947e-005
5.16 -1.26209 -4.35202e-005
5.17 -1.27003 -4.3794e-005
5.18 -1.28138 -4.41856e-005
5.19 -1.3048 -4.49931e-005
5.2 -1.3503 -4.65621e-005
5.21 -1.42332 -4.90802e-005
5.22 -1.51532 -5.22523e-005
5.23 -1.60693 -5.54115e-005
5.24 -1.68093 -5.79631e-005
5.25 -1.72845 -5.96019e-005
5.26 -1.74961 -6.03313e-005
5.27 -1.75265 -6.04362e-005
5.28 -1.74839 -6.02894e-005
5.29 -1.74415 -6.01433e-005
5.3 -1.74554 -6.0191e-005
5.31 -1.75824 -6.06291e-005
5.32 -1.78205 -6.14502e-005
5.33 -1.80773 -6.23355e-005
5.34 -1.8225 -6.28447e-005
5.35 -1.81747 -6.26715e-005
5.36 -1.79011 -6.1728e-005
5.37 -1.74075 -6.00259e-005
5.38 -1.6702 -5.75932e-005
5.39 -1.58303 -5.45872e-005
5.4 -1.49003 -5.13803e-005
5.41 -1.40445 -4.84293e-005
5.42 -1.33675 -4.60949e-005
5.43 -1.29016 -4.44883e-005
5.44 -1.2584 -4.3393e-005
5.45 -1.23039 -4.24274e-005
5.46 -1.19816 -4.13157e-005
5.47 -1.15965 -3.99878e-005
5.48 -1.11696 -3.85157e-005
5.49 -1.07417 -3.70405e-005
5.5 -1.03384 -3.56497e-005
5.51 -0.995692 -3.43342e-005
5.52 -0.96296 -3.32055e-005
5.53 -0.944413 -3.2566e-005
5.54 -0.946237 -3.26288e-005
5.55 -0.969195 -3.34205e-005
5.56 -1.01248 -3.4913e-005
5.57 -1.0722 -3.69724e-005
5.58 -1.13811 -3.92451e-005
5.59 -1.19682 -4.12698e-005
5.6 -1.23805 -4.26915e-005
5.61 -1.25836 -4.33916e-005
5.62 -1.26239 -4.35307e-005
5.63 -1.26258 -4.35374e-005
5.64 -1.27382 -4.39249e-005
5.65 -1.30534 -4.50118e-005
5.66 -1.35507 -4.67266e-005
5.67 -1.41185 -4.86844e-005
5.68 -1.46408 -5.04855e-005
5.69 -1.50823 -5.20081e-005
5.7 -1.54897 -5.34128e-005
5.71 -1.59178 -5.48888e-005
5.72 -1.63749 -5.64652e-005
5.73 -1.68429 -5.8079e-005
5.74 -1.73325 -5.97673e-005
5.75 -1.79056 -6.17435e-005
5.76 -1.86313 -6.42459e-005
5.77 -1.95284 -6.73392e-005
5.78 -2.05518 -7.08682e-005
5.79 -2.16004 -7.44841e-005
5.8 -2.2529 -7.76864e-005
5.81 -2.32181 -8.00625e-005
5.82 -2.37097 -8.17575e-005
5.83 -2.42313 -8.35561e-005
5.84 -2.4987 -8.61619e-005
5.85 -2.59343 -8.94287e-005
5.86 -2.68126 -9.24571e-005
5.87 -2.73638 -9.43578e-005
5.88 -2.7471 -9.47275e-005
5.89 -2.71669 -9.36788e-005
5.9 -2.65775 -9.16467e-005
5.91 -2.5828 -8.90621e-005
5.92 -2.50032 -8.62181e-005
5.93 -2.41556 -8.32951e-005
5.94 -2.32709 -8.02445e-005
5.95 -2.22466 -7.67123e-005
5.96 -2.09455 -7.22259e-005
5.97 -1.92835 -6.64949e-005
5.98 -1.72745 -5.95674e-005
5.99 -1.49846 -5.1671e-005
6 -1.24391 -4.28936e-005
6.01 -0.959715 -3.30936e-005
6.02 -0.641627 -2.21251e-005
6.03 -0.289062 -9.96767e-006
6.04 0.0942427 3.24975e-006
6.05 0.494087 1.70375e-005
6.06 0.885334 3.05288e-005
6.07 1.24093 4.27908e-005
6.08 1.53871 5.3059e-005
6.09 1.76882 6.09939e-005
6.1 1.93534 6.67358e-005
6.11 2.0476 7.06068e-005
6.12 2.11201 7.2828e-005
6.13 2.13029 7.34582e-005
6.14 2.09538 7.22546e-005
6.15 1.99048 6.86372e-005
6.16 1.79838 6.20132e-005
6.17 1.51029 5.20791e-005
6.18 1.12834 3.89082e-005
6.19 0.668854 2.30639e-005
6.2 0.163244 5.6291e-006
6.21 -0.356618 -1.22972e-005
6.22 -0.878432 -3.02907e-005
6.23 -1.41193 -4.86872e-005
6.24 -1.97059 -6.79513e-005
6.25 -2.54885 -8.78915e-005
6.26 -3.11393 -0.000107377
6.27 -3.61664 -0.000124712
6.28 -4.01815 -0.000138557
6.29 -4.31291 -0.000148721
6.3 -4.53173 -0.000156267
6.31 -4.713 -0.000162517
6.32 -4.86925 -0.000167905
6.33 -4.98429 -0.000171872
6.34 -5.02859 -0.0001734
6.35 -4.97735 -0.000171633
6.36 -4.8273 -0.000166459
6.37 -4.60728 -0.000158872
6.38 -4.37059 -0.00015071
6.39 -4.15613 -0.000143315
6.4 -3.95764 -0.00013647
6.41 -3.74296 -0.000129068
6.42 -3.48835 -0.000120288
6.43 -3.1827 -0.000109748
6.44 -2.82317 -9.73506e-005
6.45 -2.42243 -8.35322e-005
6.46 -2.00876 -6.92676e-005
6.47 -1.6078 -5.54414e-005
6.48 -1.2267 -4.22999e-005
6.49 -0.858725 -2.96112e-005
6.5 -0.496876 -1.71336e-005
6.51 -0.13617 -4.69551e-006
6.52 0.213269 7.35412e-006
6.53 0.562333 1.93908e-005
6.54 0.925264 3.19056e-005
6.55 1.30195 4.4895e-005
6.56 1.66729 5.74928e-005
6.57 1.98481 6.84417e-005
6.58 2.22117 7.65921e-005
6.59 2.36043 8.1394e-005
6.6 2.40948 8.30856e-005
6.61 2.38856 8.2364e-005
6.62 2.31403 7.9794e-005
6.63 2.19038 7.55302e-005
6.64 2.01216 6.93847e-005
6.65 1.77126 6.10781e-005
6.66 1.4663 5.05619e-005
6.67 1.10495 3.81016e-005
6.68 0.696582 2.40201e-005
6.69 0.24583 8.47688e-006
6.7 -0.242743 -8.37044e-006
6.71 -0.753974 -2.59991e-005
6.72 -1.26089 -4.3479e-005
6.73 -1.74259 -6.00893e-005
6.74 -2.20311 -7.59693e-005
6.75 -2.66663 -9.19528e-005
6.76 -3.16023 -0.000108973
6.77 -3.70084 -0.000127615
6.78 -4.28832 -0.000147873
6.79 -4.90309 -0.000169072
6.8 -5.51284 -0.000190098
6.81 -6.08152 -0.000209708
6.82 -6.58611 -0.000227107
6.83 -7.00517 -0.000241558
6.84 -7.3166 -0.000252296
6.85 -7.50698 -0.000258861
6.86 -7.58057 -0.000261399
6.87 -7.55622 -0.000260559
6.88 -7.45222 -0.000256973
6.89 -7.26689 -0.000250582
6.9 -6.9879 -0.000240962
6.91 -6.61023 -0.000227939
6.92 -6.1474 -0.000211979
6.93 -5.61791 -0.000193721
6.94 -5.02461 -0.000173262
6.95 -4.35472 -0.000150163
6.96 -3.60111 -0.000124176
6.97 -2.77967 -9.58506e-005
6.98 -1.92574 -6.6405e-005
6.99 -1.07847 -3.71885e-005
7 -0.278634 -9.60808e-006
7.01 0.433728 1.49561e-005
7.02 1.02872 3.54731e-005
7.03 1.49757 5.16403e-005
7.04 1.86555 6.43294e-005
7.05 2.19793 7.57906e-005
7.06 2.55489 8.80997e-005
7.07 2.9555 0.000101914
7.08 3.37502 0.00011638
7.09 3.77149 0.000130051
7.1 4.11054 0.000141743
7.11 4.36855 0.00015064
7.12 4.53103 0.000156243
7.13 4.59133 0.000158322
7.14 4.56168 0.000157299
7.15 4.46513 0.00015397
7.16 4.31994 0.000148964
7.17 4.13481 0.00014258
7.18 3.90947 0.000134809
7.19 3.63308 0.000125279
7.2 3.28776 0.000113371
7.21 2.85393 9.84114e-005
7.22 2.31167 7.97128e-005
7.23 1.64576 5.67503e-005
7.24 0.859054 2.96225e-005
7.25 -0.0219747 -7.57747e-007
7.26 -0.958823 -3.30629e-005
7.27 -1.91229 -6.59412e-005
7.28 -2.85201 -9.83451e-005
7.29 -3.763 -0.000129758
7.3 -4.63922 -0.000159973
7.31 -5.48771 -0.000189231
7.32 -6.3088 -0.000217545
7.33 -7.09458 -0.000244641
7.34 -7.80524 -0.000269146
7.35 -8.38454 -0.000289122
7.36 -8.78375 -0.000302888
7.37 -9.01007 -0.000310692
7.38 -9.10014 -0.000313798
7.39 -9.07402 -0.000312897
7.4 -8.93509 -0.000308107
7.41 -8.68553 -0.000299501
7.42 -8.34225 -0.000287664
7.43 -7.9211 -0.000273142
7.44 -7.41684 -0.000255753
7.45 -6.8035 -0.000234603
7.46 -6.0622 -0.000209041
7.47 -5.20517 -0.000179488
7.48 -4.27925 -0.00014756
7.49 -3.3463 -0.00011539
7.5 -2.4614 -8.48758e-005
7.51 -1.6563 -5.71139e-005
7.52 -0.947321 -3.26662e-005
7.53 -0.341381 -1.17718e-005
7.54 0.174825 6.02843e-006
7.55 0.621209 2.1421e-005
7.56 1.02821 3.54556e-005
7.57 1.43547 4.94991e-005
7.58 1.84181 6.35108e-005
7.59 2.20174 7.59221e-005
7.6 2.45845 8.47741e-005
7.61 2.58247 8.90506e-005
7.62 2.59028 8.932e-005
7.63 2.52724 8.71461e-005
7.64 2.43905 8.41051e-005
7.65 2.34908 8.10029e-005
7.66 2.25416 7.77296e-005
7.67 2.1332 7.35587e-005
7.68 1.97369 6.80583e-005
7.69 1.78668 6.16096e-005
7.7 1.59062 5.48491e-005
7.71 1.37321 4.73522e-005
7.72 1.11411 3.84175e-005
7.73 0.809465 2.79126e-005
7.74 0.469612 1.61935e-005
7.75 0.107877 3.71989e-006
7.76 -0.261833 -9.02874e-006
7.77 -0.63525 -2.19052e-005
7.78 -1.01385 -3.49605e-005
7.79 -1.38826 -4.7871e-005
7.8 -1.74983 -6.0339e-005
7.81 -2.10239 -7.24963e-005
7.82 -2.46194 -8.48944e-005
7.83 -2.85984 -9.86152e-005
7.84 -3.33001 -0.000114828
7.85 -3.87908 -0.000133761
7.86 -4.47709 -0.000154382
7.87 -5.07877 -0.00017513
7.88 -5.63786 -0.000194409
7.89 -6.11164 -0.000210746
7.9 -6.46462 -0.000222918
7.91 -6.67385 -0.000230133
7.92 -6.74088 -0.000232444
7.93 -6.69904 -0.000231001
7.94 -6.5986 -0.000227538
7.95 -6.47984 -0.000223443
7.96 -6.35325 -0.000219078
7.97 -6.1944 -0.0002136
7.98 -5.96794 -0.000205791
7.99 -5.64928 -0.000194803
8 -5.22408 -0.000180141
8.01 -4.69014 -0.000161729
8.02 -4.04681 -0.000139545
8.03 -3.29114 -0.000113488
8.04 -2.43835 -8.4081e-005
8.05 -1.54855 -5.33982e-005
8.06 -0.692495 -2.38791e-005
8.07 0.0913205 3.14898e-006
8.08 0.789133 2.72115e-005
8.09 1.40986 4.8616e-005
8.1 1.96173 6.76457e-005
8.11 2.43975 8.41293e-005
8.12 2.84425 9.80775e-005
8.13 3.17783 0.00010958
8.14 3.43134 0.000118322
8.15 3.60351 0.000124259
8.16 3.70231 0.000127666
8.17 3.72941 0.0001286
8.18 3.67689 0.000126789
8.19 3.5289 0.000121686
8.2 3.27243 0.000112842
8.21 2.91258 0.000100434
8.22 2.47403 8.53114e-005
8.23 2.02188 6.972e-005
8.24 1.60866 5.54711e-005
8.25 1.24092 4.27903e-005
8.26 0.932962 3.21711e-005
8.27 0.692757 2.38882e-005
8.28 0.518905 1.78933e-005
8.29 0.399659 1.37813e-005
8.3 0.31466 1.08504e-005
8.31 0.262889 9.06513e-006
8.32 0.243259 8.38824e-006
8.33 0.252452 8.70524e-006
8.34 0.273549 9.43274e-006
8.35 0.281083 9.69251e-006
8.36 0.270391 9.32383e-006
8.37 0.255815 8.8212e-006
8.38 0.255315 8.80396e-006
8.39 0.278201 9.59313e-006
8.4 0.328314 1.13212e-005
8.41 0.408427 1.40837e-005
8.42 0.520163 1.79367e-005
8.43 0.659356 2.27364e-005
8.44 0.815118 2.81075e-005
8.45 0.980304 3.38036e-005
8.46 1.1446 3.94691e-005
8.47 1.29903 4.47941e-005
8.48 1.43289 4.94101e-005
8.49 1.55095 5.34811e-005
8.5 1.69216 5.83502e-005
8.51 1.85489 6.39616e-005
8.52 1.99796 6.88953e-005
8.53 2.10032 7.24247e-005
8.54 2.14999 7.41377e-005
8.55 2.1478 7.40622e-005
8.56 2.10853 7.2708e-005
8.57 2.05092 7.07215e-005
8.58 1.98463 6.84356e-005
8.59 1.90084 6.55462e-005
8.6 1.78616 6.15917e-005
8.61 1.64357 5.66747e-005
8.62 1.49089 5.14099e-005
8.63 1.33626 4.60779e-005
8.64 1.19093 4.10667e-005
8.65 1.07157 3.69507e-005
8.66 0.99181 3.42004e-005
8.67 0.950554 3.27777e-005
8.68 0.935221 3.2249e-005
8.69 0.929455 3.20502e-005
8.7 0.923724 3.18525e-005
8.71 0.914146 3.15223e-005
8.72 0.889189 3.06617e-005
8.73 0.822986 2.83788e-005
8.74 0.69029 2.38031e-005
8.75 0.488535 1.6846e-005
8.76 0.238175 8.21292e-006
8.77 -0.0326889 -1.1272e-006
8.78 -0.318145 -1.09705e-005
8.79 -0.575544 -1.98464e-005
8.8 -0.89994 -3.10324e-005
8.81 -1.34192 -4.62732e-005
8.82 -1.90129 -6.55616e-005
8.83 -2.54957 -8.79163e-005
8.84 -3.23514 -0.000111556
8.85 -3.88548 -0.000133982
8.86 -4.4423 -0.000153183
8.87 -4.88042 -0.000168291
8.88 -5.21862 -0.000179952
8.89 -5.49945 -0.000189636
8.9 -5.77318 -0.000199075
8.91 -6.06274 -0.00020906
8.92 -6.35333 -0.00021908
8.93 -6.61905 -0.000228243
8.94 -6.83481 -0.000235683
8.95 -6.97488 -0.000240513
8.96 -7.01533 -0.000241908
8.97 -6.94815 -0.000239591
8.98 -6.78185 -0.000233857
8.99 -6.53445 -0.000225326
9 -6.22776 -0.00021475
9.01 -5.88562 -0.000202953
9.02 -5.53005 -0.000190691
9.03 -5.18036 -0.000178633
9.04 -4.84383 -0.000167029
9.05 -4.51341 -0.000155635
9.06 -4.16421 -0.000143594
9.07 -3.76319 -0.000129765
9.08 -3.26746 -0.000112671
9.09 -2.66643 -9.1946e-005
9.1 -1.98212 -6.8349e-005
9.11 -1.23413 -4.25562e-005
9.12 -0.45189 -1.55824e-005
9.13 0.34021 1.17314e-005
9.14 1.10384 3.80635e-005
9.15 1.80417 6.22129e-005
9.16 2.40684 8.29946e-005
9.17 2.89194 9.9722e-005
9.18 3.2736 0.000112883
9.19 3.58961 0.00012378
9.2 3.8878 0.000134062
9.21 4.19883 0.000144787
9.22 4.51866 0.000155816
9.23 4.80851 0.000165811
9.24 5.02757 0.000173364
9.25 5.14055 0.00017726
9.26 5.13288 0.000176996
9.27 4.99374 0.000172198
9.28 4.69973 0.00016206
9.29 4.23178 0.000145923
9.3 3.59744 0.00012405
9.31 2.83802 9.78629e-005
9.32 2.00692 6.9204e-005
9.33 1.14364 3.94359e-005
9.34 0.270616 9.33158e-006
9.35 -0.593375 -2.04612e-005
9.36 -1.41019 -4.86274e-005
9.37 -2.18581 -7.53728e-005
9.38 -2.98813 -0.000103039
9.39 -3.83651 -0.000132294
9.4 -4.73149 -0.000163155
9.41 -5.67349 -0.000195638
9.42 -6.65635 -0.000229529
9.43 -7.65862 -0.00026409
9.44 -8.64314 -0.000298039
9.45 -9.56972 -0.00032999
9.46 -10.3556 -0.000357091
9.47 -10.9964 -0.000379186
9.48 -11.4947 -0.00039637
9.49 -11.8744 -0.000409462
9.5 -12.1644 -0.000419463
9.51 -12.3646 -0.000426366
9.52 -12.4569 -0.000429547
9.53 -12.422 -0.000428346
9.54 -12.2741 -0.000423245
9.55 -12.0329 -0.000414928
9.56 -11.7057 -0.000403646
9.57 -11.2915 -0.00038936
9.58 -10.7852 -0.000371903
9.59 -10.1967 -0.000351611
9.6 -9.54469 -0.000329127
9.61 -8.83987 -0.000304823
9.62 -8.07762 -0.000278539
9.63 -7.24672 -0.000249887
9.64 -6.36025 -0.000219319
9.65 -5.45343 -0.000188049
9.66 -4.5572 -0.000157145
9.67 -3.68843 -0.000127187
9.68 -2.85485 -9.84432e-005
9.69 -2.03985 -7.03398e-005
9.7 -1.23221 -4.249e-005
9.71 -0.420467 -1.44989e-005
9.72 0.382697 1.31965e-005
9.73 1.17327 4.04577e-005
9.74 1.93715 6.67982e-005
9.75 2.63931 9.10106e-005
9.76 3.24148 0.000111775
9.77 3.73285 0.000128719
9.78 4.12183 0.000142132
9.79 4.42879 0.000152717
9.8 4.67085 0.000161064
9.81 4.83006 0.000166554
9.82 4.8738 0.000168062
9.83 4.79548 0.000165361
9.84 4.59656 0.000158502
9.85 4.28935 0.000147909
9.86 3.89199 0.000134206
9.87 3.41465 0.000117747
9.88 2.86163 9.86769e-005
9.89 2.23699 7.71376e-005
9.9 1.54812 5.33835e-005
9.91 0.802247 2.76637e-005
9.92 0.0135645 4.67742e-007
9.93 -0.744555 -2.56743e-005
9.94 -1.53841 -5.30485e-005
9.95 -2.39166 -8.24709e-005
9.96 -3.28122 -0.000113146
9.97 -4.186 -0.000144345
9.98 -5.08976 -0.000175509
9.99 -5.96553 -0.000205708
10 -6.75599 -0.000232965
