0.1 -0.0144744 -4.0179e-006
0.2 -0.0289406 -8.03911e-006
0.3 -0.0433984 -1.20636e-005
0.4 -0.0578479 -1.60915e-005
0.5 -0.0722891 -2.01227e-005
0.6 -0.0867219 -2.41572e-005
0.7 -0.101146 -2.8195e-005
0.8 -0.115562 -3.22363e-005
0.9 -0.12997 -3.62809e-005
1 -0.144369 -4.03288e-005
0.01 0.548022 0.000151737
0.02 -0.404345 -0.000114432
0.03 -0.0229584 -8.63803e-006
0.04 -0.198461 -5.73213e-005
0.05 -0.125924 -3.72e-005
0.06 -0.152843 -4.46671e-005
0.07 -0.136913 -4.02483e-005
0.08 -0.138802 -4.07721e-005
0.09 -0.135112 -3.97487e-005
0.1 -0.136465 -4.01241e-005
0.11 -0.138558 -4.07046e-005
0.12 -0.142362 -4.17598e-005
0.13 -0.146101 -4.2797e-005
0.14 -0.149039 -4.36119e-005
0.15 -0.150396 -4.39883e-005
0.16 -0.150102 -4.39068e-005
0.17 -0.148547 -4.34754e-005
0.18 -0.146502 -4.29081e-005
0.19 -0.144804 -4.24372e-005
0.2 -0.144092 -4.22395e-005
0.21 -0.144603 -4.23813e-005
0.22 -0.146137 -4.28069e-005
0.23 -0.14816 -4.33681e-005
0.24 -0.150016 -4.38829e-005
0.25 -0.151165 -4.42017e-005
0.26 -0.151368 -4.42579e-005
0.27 -0.150757 -4.40885e-005
0.28 -0.149775 -4.3816e-005
0.29 -0.148994 -4.35993e-005
0.3 -0.14891 -4.35761e-005
0.31 -0.14978 -4.38175e-005
0.32 -0.151534 -4.4304e-005
0.33 -0.153806 -4.49342e-005
0.34 -0.156058 -4.5559e-005
0.35 -0.157776 -4.60354e-005
0.36 -0.158621 -4.62698e-005
0.37 -0.158522 -4.62424e-005
0.38 -0.157672 -4.60065e-005
0.39 -0.156446 -4.56664e-005
0.4 -0.155275 -4.53417e-005
0.41 -0.154512 -4.51301e-005
0.42 -0.154329 -4.50792e-005
0.43 -0.154674 -4.51749e-005
0.44 -0.155318 -4.53536e-005
0.45 -0.155955 -4.55303e-005
0.46 -0.156324 -4.56328e-005
0.47 -0.156301 -4.56263e-005
0.48 -0.155916 -4.55194e-005
0.49 -0.155326 -4.53558e-005
0.5 -0.15476 -4.51987e-005
0.51 -0.154428 -4.51066e-005
0.52 -0.154428 -4.51067e-005
0.53 -0.15471 -4.5185e-005
0.54 -0.155115 -4.52973e-005
0.55 -0.155437 -4.53866e-005
0.56 -0.155464 -4.5394e-005
0.57 -0.155013 -4.52689e-005
0.58 -0.154008 -4.49903e-005
0.59 -0.152552 -4.45863e-005
0.6 -0.150898 -4.41276e-005
0.61 -0.149341 -4.36955e-005
0.62 -0.148092 -4.33492e-005
0.63 -0.147262 -4.3119e-005
0.64 -0.14686 -4.30076e-005
0.65 -0.146765 -4.29812e-005
0.66 -0.146771 -4.29827e-005
0.67 -0.14671 -4.29659e-005
0.68 -0.146505 -4.29089e-005
0.69 -0.146138 -4.28071e-005
0.7 -0.145656 -4.26734e-005
0.71 -0.145165 -4.25373e-005
0.72 -0.144774 -4.24289e-005
0.73 -0.144527 -4.23603e-005
0.74 -0.144367 -4.2316e-005
0.75 -0.144168 -4.22608e-005
0.76 -0.143816 -4.21632e-005
0.77 -0.143275 -4.20129e-005
0.78 -0.142587 -4.1822e-005
0.79 -0.141835 -4.16136e-005
0.8 -0.141103 -4.14104e-005
0.81 -0.14048 -4.12377e-005
0.82 -0.140085 -4.11282e-005
0.83 -0.140008 -4.11067e-005
0.84 -0.140258 -4.11762e-005
0.85 -0.140791 -4.1324e-005
0.86 -0.141529 -4.15287e-005
0.87 -0.142317 -4.17473e-005
0.88 -0.142958 -4.1925e-005
0.89 -0.143371 -4.20396e-005
0.9 -0.143646 -4.21158e-005
0.91 -0.143903 -4.21873e-005
0.92 -0.144133 -4.2251e-005
0.93 -0.144218 -4.22745e-005
0.94 -0.144124 -4.22484e-005
0.95 -0.143987 -4.22105e-005
0.96 -0.143999 -4.22139e-005
0.97 -0.144215 -4.22738e-005
0.98 -0.144502 -4.23532e-005
0.99 -0.144729 -4.24162e-005
1 -0.144917 -4.24686e-005
1.01 -0.145162 -4.25363e-005
1.02 -0.145525 -4.26371e-005
1.03 -0.146036 -4.27789e-005
1.04 -0.146679 -4.29571e-005
1.05 -0.147374 -4.31501e-005
1.06 -0.148013 -4.33273e-005
1.07 -0.148535 -4.34722e-005
1.08 -0.148984 -4.35967e-005
1.09 -0.149414 -4.37158e-005
1.1 -0.149732 -4.38042e-005
1.11 -0.149784 -4.38184e-005
1.12 -0.149573 -4.376e-005
1.13 -0.149299 -4.36839e-005
1.14 -0.149178 -4.36505e-005
1.15 -0.149378 -4.37058e-005
1.16 -0.150002 -4.38791e-005
1.17 -0.150954 -4.4143e-005
1.18 -0.151944 -4.44177e-005
1.19 -0.152717 -4.46323e-005
1.2 -0.153182 -4.4761e-005
1.21 -0.153388 -4.48184e-005
1.22 -0.153438 -4.48321e-005
1.23 -0.153411 -4.48247e-005
1.24 -0.153369 -4.4813e-005
1.25 -0.153381 -4.48162e-005
1.26 -0.15351 -4.48522e-005
1.27 -0.153756 -4.49202e-005
1.28 -0.154053 -4.50028e-005
1.29 -0.154303 -4.5072e-005
1.3 -0.154396 -4.5098e-005
1.31 -0.154326 -4.50786e-005
1.32 -0.154206 -4.50452e-005
1.33 -0.154163 -4.50333e-005
1.34 -0.154326 -4.50784e-005
1.35 -0.154785 -4.52058e-005
1.36 -0.155398 -4.53758e-005
1.37 -0.155821 -4.54932e-005
1.38 -0.155798 -4.54868e-005
1.39 -0.15536 -4.53653e-005
1.4 -0.154764 -4.52001e-005
1.41 -0.154145 -4.50282e-005
1.42 -0.153392 -4.48193e-005
1.43 -0.152455 -4.45596e-005
1.44 -0.151455 -4.42821e-005
1.45 -0.150513 -4.40209e-005
1.46 -0.149655 -4.37827e-005
1.47 -0.148759 -4.35343e-005
1.48 -0.147554 -4.32001e-005
1.49 -0.145724 -4.26922e-005
1.5 -0.143172 -4.19844e-005
1.51 -0.140267 -4.11785e-005
1.52 -0.137676 -4.04597e-005
1.53 -0.135784 -3.9935e-005
1.54 -0.134425 -3.95582e-005
1.55 -0.133259 -3.92346e-005
1.56 -0.132095 -3.89117e-005
1.57 -0.130876 -3.85736e-005
1.58 -0.129635 -3.82295e-005
1.59 -0.128457 -3.79025e-005
1.6 -0.127329 -3.75898e-005
1.61 -0.126057 -3.72367e-005
1.62 -0.124494 -3.68034e-005
1.63 -0.122995 -3.63874e-005
1.64 -0.122398 -3.62219e-005
1.65 -0.123292 -3.64698e-005
1.66 -0.125397 -3.70538e-005
1.67 -0.127833 -3.77294e-005
1.68 -0.129835 -3.82847e-005
1.69 -0.131191 -3.86611e-005
1.7 -0.13209 -3.89104e-005
1.71 -0.132818 -3.91122e-005
1.72 -0.13371 -3.93596e-005
1.73 -0.135074 -3.97381e-005
1.74 -0.137024 -4.0279e-005
1.75 -0.13951 -4.09687e-005
1.76 -0.142431 -4.17789e-005
1.77 -0.145576 -4.26513e-005
1.78 -0.148537 -4.34726e-005
1.79 -0.150931 -4.41366e-005
1.8 -0.152837 -4.46654e-005
1.81 -0.154748 -4.51955e-005
1.82 -0.157134 -4.58573e-005
1.83 -0.160102 -4.66808e-005
1.84 -0.163385 -4.75913e-005
1.85 -0.166465 -4.84456e-005
1.86 -0.168778 -4.90872e-005
1.87 -0.170148 -4.94674e-005
1.88 -0.171138 -4.97419e-005
1.89 -0.172588 -5.01442e-005
1.9 -0.174639 -5.07131e-005
1.91 -0.176614 -5.1261e-005
1.92 -0.177809 -5.15924e-005
1.93 -0.177936 -5.16277e-005
1.94 -0.177025 -5.13749e-005
1.95 -0.175263 -5.08863e-005
1.96 -0.173055 -5.02737e-005
1.97 -0.170994 -4.9702e-005
1.98 -0.169505 -4.92889e-005
1.99 -0.168575 -4.9031e-005
2 -0.167848 -4.88293e-005
2.01 -0.166848 -4.8552e-005
2.02 -0.165194 -4.80932e-005
2.03 -0.162636 -4.73836e-005
2.04 -0.159094 -4.64011e-005
2.05 -0.154907 -4.52395e-005
2.06 -0.150718 -4.40777e-005
2.07 -0.146834 -4.30002e-005
2.08 -0.142963 -4.19264e-005
2.09 -0.138689 -4.0741e-005
2.1 -0.134004 -3.94414e-005
2.11 -0.129287 -3.81328e-005
2.12 -0.124826 -3.68955e-005
2.13 -0.120629 -3.5731e-005
2.14 -0.116623 -3.46198e-005
2.15 -0.112864 -3.35773e-005
2.16 -0.109633 -3.26808e-005
2.17 -0.107253 -3.20206e-005
2.18 -0.105718 -3.15951e-005
2.19 -0.104732 -3.13213e-005
2.2 -0.104142 -3.11576e-005
2.21 -0.10399 -3.11155e-005
2.22 -0.104184 -3.11694e-005
2.23 -0.10446 -3.1246e-005
2.24 -0.104666 -3.1303e-005
2.25 -0.104905 -3.13695e-005
2.26 -0.105332 -3.1488e-005
2.27 -0.106081 -3.16955e-005
2.28 -0.107393 -3.20596e-005
2.29 -0.109477 -3.26377e-005
2.3 -0.112294 -3.3419e-005
2.31 -0.115681 -3.43587e-005
2.32 -0.119515 -3.5422e-005
2.33 -0.123672 -3.65752e-005
2.34 -0.128024 -3.77824e-005
2.35 -0.132489 -3.9021e-005
2.36 -0.137031 -4.0281e-005
2.37 -0.141571 -4.15402e-005
2.38 -0.145983 -4.2764e-005
2.39 -0.150328 -4.39694e-005
2.4 -0.154722 -4.51884e-005
2.41 -0.158954 -4.63623e-005
2.42 -0.162685 -4.73971e-005
2.43 -0.165772 -4.82536e-005
2.44 -0.168177 -4.89205e-005
2.45 -0.169903 -4.93993e-005
2.46 -0.171137 -4.97417e-005
2.47 -0.172171 -5.00284e-005
2.48 -0.173162 -5.03033e-005
2.49 -0.174048 -5.05491e-005
2.5 -0.174587 -5.06987e-005
2.51 -0.174548 -5.0688e-005
2.52 -0.173927 -5.05158e-005
2.53 -0.172897 -5.02299e-005
2.54 -0.171701 -4.98982e-005
2.55 -0.170612 -4.95961e-005
2.56 -0.169805 -4.93723e-005
2.57 -0.16929 -4.92293e-005
2.58 -0.168921 -4.9127e-005
2.59 -0.168378 -4.89763e-005
2.6 -0.167243 -4.86617e-005
2.61 -0.165296 -4.81215e-005
2.62 -0.1627 -4.74012e-005
2.63 -0.159818 -4.6602e-005
2.64 -0.156741 -4.57485e-005
2.65 -0.153039 -4.47214e-005
2.66 -0.148272 -4.33991e-005
2.67 -0.142671 -4.18455e-005
2.68 -0.137092 -4.0298e-005
2.69 -0.132345 -3.8981e-005
2.7 -0.128565 -3.79326e-005
2.71 -0.125282 -3.70218e-005
2.72 -0.122049 -3.6125e-005
2.73 -0.118966 -3.52699e-005
2.74 -0.116569 -3.4605e-005
2.75 -0.11522 -3.42308e-005
2.76 -0.114792 -3.4112e-005
2.77 -0.114856 -3.41297e-005
2.78 -0.115072 -3.41898e-005
2.79 -0.115448 -3.42941e-005
2.8 -0.116158 -3.44911e-005
2.81 -0.117005 -3.47259e-005
2.82 -0.11735 -3.48216e-005
2.83 -0.11668 -3.46357e-005
2.84 -0.115059 -3.41861e-005
2.85 -0.113071 -3.36347e-005
2.86 -0.11143 -3.31795e-005
2.87 -0.110712 -3.29803e-005
2.88 -0.111337 -3.31537e-005
2.89 -0.113447 -3.3739e-005
2.9 -0.116772 -3.46611e-005
2.91 -0.120889 -3.58032e-005
2.92 -0.12558 -3.71045e-005
2.93 -0.13074 -3.85359e-005
2.94 -0.136156 -4.00383e-005
2.95 -0.141552 -4.15351e-005
2.96 -0.146699 -4.29627e-005
2.97 -0.151261 -4.42284e-005
2.98 -0.154692 -4.51801e-005
2.99 -0.156588 -4.57059e-005
3 -0.157051 -4.58344e-005
3.01 -0.156631 -4.57178e-005
3.02 -0.155877 -4.55087e-005
3.03 -0.15507 -4.52848e-005
3.04 -0.154199 -4.50432e-005
3.05 -0.153184 -4.47615e-005
3.06 -0.152137 -4.44712e-005
3.07 -0.151361 -4.42559e-005
3.08 -0.151171 -4.42034e-005
3.09 -0.151646 -4.4335e-005
3.1 -0.152504 -4.45732e-005
3.11 -0.153497 -4.48484e-005
3.12 -0.154807 -4.52118e-005
3.13 -0.15678 -4.57592e-005
3.14 -0.159298 -4.64577e-005
3.15 -0.161591 -4.70937e-005
3.16 -0.162706 -4.74029e-005
3.17 -0.162002 -4.72078e-005
3.18 -0.159383 -4.64813e-005
3.19 -0.155432 -4.53852e-005
3.2 -0.151092 -4.41814e-005
3.21 -0.146912 -4.30219e-005
3.22 -0.142722 -4.18596e-005
3.23 -0.138151 -4.05917e-005
3.24 -0.133189 -3.92153e-005
3.25 -0.128215 -3.78354e-005
3.26 -0.123918 -3.66435e-005
3.27 -0.121262 -3.59068e-005
3.28 -0.121016 -3.58386e-005
3.29 -0.123074 -3.64094e-005
3.3 -0.12637 -3.73236e-005
3.31 -0.129496 -3.81909e-005
3.32 -0.131471 -3.87387e-005
3.33 -0.131886 -3.88539e-005
3.34 -0.130554 -3.84843e-005
3.35 -0.127482 -3.76322e-005
3.36 -0.123284 -3.64677e-005
3.37 -0.119112 -3.53104e-005
3.38 -0.116033 -3.44562e-005
3.39 -0.11449 -3.40283e-005
3.4 -0.114088 -3.39167e-005
3.41 -0.113811 -3.38398e-005
3.42 -0.112786 -3.35555e-005
3.43 -0.111012 -3.30634e-005
3.44 -0.109315 -3.25928e-005
3.45 -0.108672 -3.24142e-005
3.46 -0.109629 -3.26798e-005
3.47 -0.112161 -3.33822e-005
3.48 -0.115785 -3.43875e-005
3.49 -0.119781 -3.5496e-005
3.5 -0.123276 -3.64655e-005
3.51 -0.125424 -3.70613e-005
3.52 -0.125998 -3.72204e-005
3.53 -0.125682 -3.71328e-005
3.54 -0.125428 -3.70624e-005
3.55 -0.125693 -3.71357e-005
3.56 -0.126232 -3.72854e-005
3.57 -0.126508 -3.73619e-005
3.58 -0.126235 -3.72863e-005
3.59 -0.125548 -3.70956e-005
3.6 -0.124934 -3.69254e-005
3.61 -0.125034 -3.69532e-005
3.62 -0.126194 -3.72749e-005
3.63 -0.128191 -3.78289e-005
3.64 -0.130516 -3.84738e-005
3.65 -0.132835 -3.91169e-005
3.66 -0.135118 -3.97502e-005
3.67 -0.137354 -4.03705e-005
3.68 -0.139374 -4.09308e-005
3.69 -0.141146 -4.14224e-005
3.7 -0.142941 -4.19205e-005
3.71 -0.145061 -4.25084e-005
3.72 -0.147737 -4.32508e-005
3.73 -0.151054 -4.4171e-005
3.74 -0.154716 -4.51867e-005
3.75 -0.158209 -4.61556e-005
3.76 -0.16128 -4.70075e-005
3.77 -0.164004 -4.77632e-005
3.78 -0.166545 -4.8468e-005
3.79 -0.16901 -4.91517e-005
3.8 -0.171483 -4.98378e-005
3.81 -0.173957 -5.0524e-005
3.82 -0.176121 -5.11242e-005
3.83 -0.177501 -5.1507e-005
3.84 -0.178085 -5.16691e-005
3.85 -0.178555 -5.17995e-005
3.86 -0.179615 -5.20934e-005
3.87 -0.181308 -5.25631e-005
3.88 -0.183165 -5.30783e-005
3.89 -0.184737 -5.35141e-005
3.9 -0.185766 -5.37996e-005
3.91 -0.185934 -5.38463e-005
3.92 -0.184655 -5.34914e-005
3.93 -0.18152 -5.2622e-005
3.94 -0.176836 -5.13227e-005
3.95 -0.171271 -4.9779e-005
3.96 -0.165269 -4.8114e-005
3.97 -0.159099 -4.64025e-005
3.98 -0.15307 -4.47301e-005
3.99 -0.147431 -4.31659e-005
4 -0.142003 -4.166e-005
4.01 -0.136099 -4.00223e-005
4.02 -0.129263 -3.81262e-005
4.03 -0.121899 -3.60835e-005
4.04 -0.114743 -3.40985e-005
4.05 -0.108293 -3.23092e-005
4.06 -0.102936 -3.08233e-005
4.07 -0.0989124 -2.97071e-005
4.08 -0.0957823 -2.88388e-005
4.09 -0.0924917 -2.79261e-005
4.1 -0.0881454 -2.67204e-005
4.11 -0.0824985 -2.5154e-005
4.12 -0.0760038 -2.33524e-005
4.13 -0.0697042 -2.1605e-005
4.14 -0.0646326 -2.01982e-005
4.15 -0.0611714 -1.9238e-005
4.16 -0.0591562 -1.8679e-005
4.17 -0.0582439 -1.8426e-005
4.18 -0.0581466 -1.8399e-005
4.19 -0.0586949 -1.85511e-005
4.2 -0.0597279 -1.88376e-005
4.21 -0.0611806 -1.92406e-005
4.22 -0.0633539 -1.98435e-005
4.23 -0.0665985 -2.07435e-005
4.24 -0.070878 -2.19306e-005
4.25 -0.0760552 -2.33667e-005
4.26 -0.0820958 -2.50423e-005
4.27 -0.0888343 -2.69115e-005
4.28 -0.0959723 -2.88916e-005
4.29 -0.103287 -3.09205e-005
4.3 -0.110442 -3.29055e-005
4.31 -0.117099 -3.47521e-005
4.32 -0.12339 -3.64969e-005
4.33 -0.129909 -3.83054e-005
4.34 -0.137143 -4.03121e-005
4.35 -0.145151 -4.25333e-005
4.36 -0.153742 -4.49165e-005
4.37 -0.162699 -4.74011e-005
4.38 -0.171647 -4.98833e-005
4.39 -0.179935 -5.21822e-005
4.4 -0.186668 -5.405e-005
4.41 -0.191513 -5.53939e-005
4.42 -0.19498 -5.63555e-005
4.43 -0.19806 -5.72099e-005
4.44 -0.201725 -5.82266e-005
4.45 -0.206356 -5.95111e-005
4.46 -0.211375 -6.09035e-005
4.47 -0.215754 -6.21181e-005
4.48 -0.218782 -6.29581e-005
4.49 -0.220226 -6.33588e-005
4.5 -0.220045 -6.33083e-005
4.51 -0.21855 -6.28937e-005
4.52 -0.216549 -6.23387e-005
4.53 -0.214632 -6.18068e-005
4.54 -0.212584 -6.12388e-005
4.55 -0.209847 -6.04796e-005
4.56 -0.206065 -5.94305e-005
4.57 -0.20113 -5.80615e-005
4.58 -0.195263 -5.64341e-005
4.59 -0.189161 -5.47415e-005
4.6 -0.183751 -5.32407e-005
4.61 -0.179491 -5.2059e-005
4.62 -0.175819 -5.10406e-005
4.63 -0.171781 -4.99203e-005
4.64 -0.16718 -4.8644e-005
4.65 -0.162717 -4.74059e-005
4.66 -0.159118 -4.64078e-005
4.67 -0.156463 -4.56714e-005
4.68 -0.154242 -4.50551e-005
4.69 -0.151883 -4.44008e-005
4.7 -0.149274 -4.36771e-005
4.71 -0.146772 -4.29831e-005
4.72 -0.14466 -4.23973e-005
4.73 -0.142922 -4.1915e-005
4.74 -0.141562 -4.15379e-005
4.75 -0.140778 -4.13203e-005
4.76 -0.140866 -4.13447e-005
4.77 -0.142248 -4.17281e-005
4.78 -0.145139 -4.253e-005
4.79 -0.149043 -4.3613e-005
4.8 -0.153025 -4.47175e-005
4.81 -0.156415 -4.5658e-005
4.82 -0.15904 -4.6386e-005
4.83 -0.161086 -4.69535e-005
4.84 -0.163011 -4.74876e-005
4.85 -0.165254 -4.81097e-005
4.86 -0.167567 -4.87515e-005
4.87 -0.169081 -4.91715e-005
4.88 -0.169472 -4.928e-005
4.89 -0.169361 -4.9249e-005
4.9 -0.169484 -4.92833e-005
4.91 -0.170114 -4.9458e-005
4.92 -0.17139 -4.98119e-005
4.93 -0.173687 -5.0449e-005
4.94 -0.177075 -5.13887e-005
4.95 -0.180761 -5.24114e-005
4.96 -0.183588 -5.31955e-005
4.97 -0.184903 -5.35604e-005
4.98 -0.184617 -5.34808e-005
4.99 -0.182813 -5.29806e-005
5 -0.180056 -5.22157e-005
5.01 -0.177564 -5.15244e-005
5.02 -0.176199 -5.11459e-005
5.03 -0.175662 -5.09968e-005
5.04 -0.175174 -5.08616e-005
5.05 -0.174286 -5.06151e-005
5.06 -0.172743 -5.01873e-005
5.07 -0.170591 -4.95902e-005
5.08 -0.168654 -4.90529e-005
5.09 -0.168094 -4.88975e-005
5.1 -0.169477 -4.92813e-005
5.11 -0.172688 -5.01719e-005
5.12 -0.177462 -5.14962e-005
5.13 -0.183241 -5.30991e-005
5.14 -0.188712 -5.4617e-005
5.15 -0.192307 -5.5614e-005
5.16 -0.193548 -5.59583e-005
5.17 -0.193264 -5.58795e-005
5.18 -0.19268 -5.57175e-005
5.19 -0.192984 -5.5802e-005
5.2 -0.195363 -5.64617e-005
5.21 -0.200361 -5.78481e-005
5.22 -0.206925 -5.9669e-005
5.23 -0.212885 -6.13224e-005
5.24 -0.216506 -6.23267e-005
5.25 -0.217179 -6.25135e-005
5.26 -0.215333 -6.20014e-005
5.27 -0.212197 -6.11314e-005
5.28 -0.208984 -6.02402e-005
5.29 -0.206213 -5.94715e-005
5.3 -0.204025 -5.88645e-005
5.31 -0.202573 -5.84618e-005
5.32 -0.201557 -5.818e-005
5.33 -0.200032 -5.7757e-005
5.34 -0.197018 -5.6921e-005
5.35 -0.192197 -5.55836e-005
5.36 -0.185943 -5.38487e-005
5.37 -0.17873 -5.1848e-005
5.38 -0.170615 -4.95968e-005
5.39 -0.16155 -4.70824e-005
5.4 -0.151871 -4.43975e-005
5.41 -0.142045 -4.16718e-005
5.42 -0.132452 -3.90107e-005
5.43 -0.123167 -3.64351e-005
5.44 -0.113853 -3.38514e-005
5.45 -0.104128 -3.11539e-005
5.46 -0.0942505 -2.84139e-005
5.47 -0.0851085 -2.5878e-005
5.48 -0.0777381 -2.38335e-005
5.49 -0.0727827 -2.24589e-005
5.5 -0.0700553 -2.17024e-005
5.51 -0.0685386 -2.12816e-005
5.52 -0.0674147 -2.09699e-005
5.53 -0.0665934 -2.07421e-005
5.54 -0.0660529 -2.05921e-005
5.55 -0.0656669 -2.04851e-005
5.56 -0.0656541 -2.04815e-005
5.57 -0.0662706 -2.06525e-005
5.58 -0.0672117 -2.09136e-005
5.59 -0.0677465 -2.10619e-005
5.6 -0.0672931 -2.09361e-005
5.61 -0.0657554 -2.05096e-005
5.62 -0.0636825 -1.99346e-005
5.63 -0.0622435 -1.95354e-005
5.64 -0.0627386 -1.96728e-005
5.65 -0.0657863 -2.05182e-005
5.66 -0.0708708 -2.19286e-005
5.67 -0.0765993 -2.35176e-005
5.68 -0.0817235 -2.4939e-005
5.69 -0.0861754 -2.6174e-005
5.7 -0.0908339 -2.74662e-005
5.71 -0.0965322 -2.90469e-005
5.72 -0.103397 -3.09512e-005
5.73 -0.111021 -3.30658e-005
5.74 -0.119285 -3.53584e-005
5.75 -0.128578 -3.79362e-005
5.76 -0.139452 -4.09525e-005
5.77 -0.152059 -4.44496e-005
5.78 -0.165966 -4.83073e-005
5.79 -0.180215 -5.22598e-005
5.8 -0.193465 -5.59353e-005
5.81 -0.204606 -5.90257e-005
5.82 -0.214324 -6.17215e-005
5.83 -0.225303 -6.4767e-005
5.84 -0.239868 -6.88073e-005
5.85 -0.257465 -7.36885e-005
5.86 -0.275155 -7.85954e-005
5.87 -0.290188 -8.27655e-005
5.88 -0.30159 -8.59285e-005
5.89 -0.310111 -8.82921e-005
5.9 -0.317341 -9.02977e-005
5.91 -0.324479 -9.22777e-005
5.92 -0.331859 -9.43249e-005
5.93 -0.339186 -9.63574e-005
5.94 -0.345306 -9.8055e-005
5.95 -0.348367 -9.89041e-005
5.96 -0.34655 -9.84001e-005
5.97 -0.339202 -9.63616e-005
5.98 -0.327072 -9.29968e-005
5.99 -0.311671 -8.87248e-005
6 -0.293788 -8.37641e-005
6.01 -0.272965 -7.79882e-005
6.02 -0.248251 -7.11327e-005
6.03 -0.218738 -6.29458e-005
6.04 -0.183863 -5.32717e-005
6.05 -0.14435 -4.23111e-005
6.06 -0.102569 -3.07214e-005
6.07 -0.0615681 -1.93481e-005
6.08 -0.0241509 -8.96881e-006
6.09 0.0078313 -5.6146e-008
6.1 0.0346546 7.38446e-006
6.11 0.0571728 1.36308e-005
6.12 0.0763544 1.89517e-005
6.13 0.0931014 2.35972e-005
6.14 0.107667 2.76377e-005
6.15 0.119267 3.08552e-005
6.16 0.126954 3.29877e-005
6.17 0.130411 3.39466e-005
6.18 0.129896 3.38037e-005
6.19 0.126555 3.28769e-005
6.2 0.122561 3.17691e-005
6.21 0.119603 3.09486e-005
6.22 0.116887 3.01952e-005
6.23 0.111127 2.85973e-005
6.24 0.0989039 2.52067e-005
6.25 0.0794784 1.98182e-005
6.26 0.0557486 1.32358e-005
6.27 0.0327369 6.85247e-006
6.28 0.0144477 1.77919e-006
6.29 0.0011942 -1.89723e-006
6.3 -0.0105092 -5.14475e-006
6.31 -0.024637 -9.06513e-006
6.32 -0.0419956 -1.3882e-005
6.33 -0.0600175 -1.8883e-005
6.34 -0.0747408 -2.29686e-005
6.35 -0.0830628 -2.52779e-005
6.36 -0.0845408 -2.56881e-005
6.37 -0.0826951 -2.51761e-005
6.38 -0.0839127 -2.55139e-005
6.39 -0.0927268 -2.79597e-005
6.4 -0.108213 -3.22569e-005
6.41 -0.126179 -3.72424e-005
6.42 -0.143165 -4.19561e-005
6.43 -0.157103 -4.58237e-005
6.44 -0.166751 -4.85009e-005
6.45 -0.172697 -5.01508e-005
6.46 -0.177191 -5.1398e-005
6.47 -0.182229 -5.27961e-005
6.48 -0.187779 -5.43362e-005
6.49 -0.192426 -5.56256e-005
6.5 -0.195032 -5.63486e-005
6.51 -0.195859 -5.65782e-005
6.52 -0.19567 -5.65259e-005
6.53 -0.194391 -5.61712e-005
6.54 -0.191296 -5.53124e-005
6.55 -0.186681 -5.40324e-005
6.56 -0.182843 -5.29678e-005
6.57 -0.182697 -5.29273e-005
6.58 -0.188098 -5.44255e-005
6.59 -0.19868 -5.7361e-005
6.6 -0.211647 -6.09593e-005
6.61 -0.223294 -6.41913e-005
6.62 -0.231185 -6.6381e-005
6.63 -0.235027 -6.74472e-005
6.64 -0.236206 -6.77744e-005
6.65 -0.236628 -6.78913e-005
6.66 -0.237394 -6.81041e-005
6.67 -0.238451 -6.83973e-005
6.68 -0.23953 -6.86968e-005
6.69 -0.241078 -6.91263e-005
6.7 -0.24387 -6.9901e-005
6.71 -0.247794 -7.09899e-005
6.72 -0.251629 -7.20541e-005
6.73 -0.254796 -7.29328e-005
6.74 -0.259121 -7.41332e-005
6.75 -0.268036 -7.66069e-005
6.76 -0.284441 -8.11591e-005
6.77 -0.309403 -8.80859e-005
6.78 -0.341721 -9.70542e-005
6.79 -0.378122 -0.000107155
6.8 -0.41394 -0.000117205
6.81 -0.444927 -0.000126179
6.82 -0.470068 -0.000133482
6.83 -0.488833 -0.000138945
6.84 -0.500749 -0.00014242
6.85 -0.505193 -0.000143717
6.86 -0.502386 -0.000142938
6.87 -0.493433 -0.000140455
6.88 -0.4792 -0.000136506
6.89 -0.459263 -0.000130976
6.9 -0.432844 -0.000123648
6.91 -0.400961 -0.000114803
6.92 -0.367444 -0.000105506
6.93 -0.336749 -9.69916e-005
6.94 -0.310804 -8.97946e-005
6.95 -0.288407 -8.35818e-005
6.96 -0.267312 -7.77303e-005
6.97 -0.246253 -7.18887e-005
6.98 -0.225109 -6.60235e-005
6.99 -0.203861 -6.01292e-005
7 -0.182276 -5.41418e-005
7.01 -0.161095 -4.82663e-005
7.02 -0.142093 -4.29954e-005
7.03 -0.1258 -3.84758e-005
7.04 -0.109458 -3.39427e-005
7.05 -0.0871847 -2.77642e-005
7.06 -0.0535685 -1.84393e-005
7.07 -0.00760632 -5.68972e-006
7.08 0.046401 9.37204e-006
7.09 0.103419 2.51884e-005
7.1 0.158917 4.05832e-005
7.11 0.210104 5.47821e-005
7.12 0.254362 6.7059e-005
7.13 0.28997 7.69365e-005
7.14 0.316578 8.43171e-005
7.15 0.334786 8.93679e-005
7.16 0.345138 9.22396e-005
7.17 0.348142 9.30729e-005
7.18 0.344664 9.21082e-005
7.19 0.33574 8.96326e-005
7.2 0.322686 8.60114e-005
7.21 0.306836 8.16147e-005
7.22 0.288959 7.6656e-005
7.23 0.269144 7.11595e-005
7.24 0.24772 6.52166e-005
7.25 0.225834 5.91454e-005
7.26 0.204831 5.33193e-005
7.27 0.184895 4.77893e-005
7.28 0.164517 4.21365e-005
7.29 0.141128 3.56486e-005
7.3 0.111867 2.75317e-005
7.31 0.0737196 1.695e-005
7.32 0.0244686 3.28816e-006
7.33 -0.0346944 -1.31288e-005
7.34 -0.0981864 -3.07511e-005
7.35 -0.159409 -4.77436e-005
7.36 -0.215016 -6.31775e-005
7.37 -0.266394 -7.74374e-005
7.38 -0.316279 -9.12831e-005
7.39 -0.364962 -0.000104795
7.4 -0.409908 -0.00011727
7.41 -0.448754 -0.000128052
7.42 -0.480864 -0.000136964
7.43 -0.506268 -0.000144031
7.44 -0.522859 -0.000148879
7.45 -0.529127 -0.000150713
7.46 -0.523369 -0.000149116
7.47 -0.507214 -0.000144634
7.48 -0.485731 -0.000138675
7.49 -0.465009 -0.000132927
7.5 -0.4498 -0.000128708
7.51 -0.442457 -0.000126671
7.52 -0.443805 -0.000127045
7.53 -0.453604 -0.000129763
7.54 -0.470593 -0.000134476
7.55 -0.492532 -0.000140562
7.56 -0.515982 -0.000147066
7.57 -0.536438 -0.000152853
7.58 -0.551763 -0.000157346
7.59 -0.564297 -0.000161026
7.6 -0.57675 -0.000164687
7.61 -0.589017 -0.000168298
7.62 -0.59695 -0.000170636
7.63 -0.594664 -0.000170002
7.64 -0.577961 -0.000165369
7.65 -0.547472 -0.000156911
7.66 -0.507829 -0.000145915
7.67 -0.465541 -0.000134184
7.68 -0.425217 -0.000122999
7.69 -0.387589 -0.000112561
7.7 -0.351464 -0.00010254
7.71 -0.316686 -9.28929e-005
7.72 -0.284097 -8.38528e-005
7.73 -0.253628 -7.54011e-005
7.74 -0.224081 -6.72049e-005
7.75 -0.194992 -5.91358e-005
7.76 -0.166959 -5.13597e-005
7.77 -0.140573 -4.40404e-005
7.78 -0.115313 -3.70334e-005
7.79 -0.0886408 -2.96347e-005
7.8 -0.0580734 -2.11556e-005
7.81 -0.0220885 -1.11736e-005
7.82 0.0167839 -2.57118e-007
7.83 0.0543009 1.01498e-005
7.84 0.0842761 1.84647e-005
7.85 0.103594 2.38234e-005
7.86 0.112449 2.62798e-005
7.87 0.112928 2.64127e-005
7.88 0.107607 2.49367e-005
7.89 0.0994896 2.26849e-005
7.9 0.0919577 2.05955e-005
7.91 0.0880825 1.95206e-005
7.92 0.0890753 1.9796e-005
7.93 0.0932382 2.09508e-005
7.94 0.0967454 2.19236e-005
7.95 0.0961575 2.17605e-005
7.96 0.0905436 2.02033e-005
7.97 0.0811978 1.76108e-005
7.98 0.0702235 1.45667e-005
7.99 0.0590927 1.1479e-005
8 0.0478999 8.37425e-006
8.01 0.0365403 5.22317e-006
8.02 0.0266692 2.485e-006
8.03 0.0213998 1.02331e-006
8.04 0.0223517 1.28734e-006
8.05 0.0278369 2.80891e-006
8.06 0.0349337 4.77753e-006
8.07 0.0429191 6.99261e-006
8.08 0.0530785 9.81074e-006
8.09 0.0656617 1.33012e-005
8.1 0.078442 1.68464e-005
8.11 0.0877553 1.94298e-005
8.12 0.0899273 2.00323e-005
8.13 0.0820214 1.78393e-005
8.14 0.0627221 1.24858e-005
8.15 0.0333663 4.34274e-006
8.16 -0.00258867 -5.6315e-006
8.17 -0.0411454 -1.63355e-005
8.18 -0.0795615 -2.70004e-005
8.19 -0.116821 -3.73442e-005
8.2 -0.152446 -4.72344e-005
8.21 -0.185525 -5.64177e-005
8.22 -0.214433 -6.44429e-005
8.23 -0.236844 -7.06648e-005
8.24 -0.250262 -7.43898e-005
8.25 -0.253107 -7.51795e-005
8.26 -0.245618 -7.31022e-005
8.27 -0.229405 -6.86048e-005
8.28 -0.206663 -6.22963e-005
8.29 -0.180066 -5.49185e-005
8.3 -0.152269 -4.72077e-005
8.31 -0.124611 -3.95358e-005
8.32 -0.0967463 -3.18062e-005
8.33 -0.0679366 -2.38146e-005
8.34 -0.0382865 -1.55899e-005
8.35 -0.00844153 -7.3111e-006
8.36 0.0208947 8.83185e-007
8.37 0.0508177 9.18362e-006
8.38 0.0824788 1.79662e-005
8.39 0.11708 2.75642e-005
8.4 0.155342 3.81779e-005
8.41 0.197983 5.00062e-005
8.42 0.246022 6.33318e-005
8.43 0.299936 7.82872e-005
8.44 0.359342 9.47661e-005
8.45 0.423311 0.000112511
8.46 0.490365 0.000131111
8.47 0.558062 0.00014989
8.48 0.625467 0.000168587
8.49 0.689241 0.000186278
8.5 0.726464 0.000202515
8.51 0.7226 0.000216314
8.52 0.719646 0.000226865
8.53 0.717849 0.000233282
8.54 0.717308 0.000235215
8.55 0.71184 0.000233385
8.56 0.699492 0.000229251
8.57 0.684393 0.000224197
8.58 0.66971 0.000219282
8.59 0.65679 0.000214956
8.6 0.645923 0.000211319
8.61 0.638017 0.000208672
8.62 0.634413 0.000207465
8.63 0.635652 0.00020788
8.64 0.641259 0.000209757
8.65 0.650163 0.000212738
8.66 0.660565 0.00021622
8.67 0.669756 0.000219297
8.68 0.673861 0.000220671
8.69 0.669529 0.000219221
8.7 0.655189 0.00021442
8.71 0.630848 0.000206272
8.72 0.59679 0.000194871
8.73 0.552714 0.000180116
8.74 0.49892 0.000162107
8.75 0.437981 0.000141707
8.76 0.374379 0.000120416
8.77 0.312349 9.96501e-005
8.78 0.253294 7.98805e-005
8.79 0.195017 6.03716e-005
8.8 0.133687 3.98407e-005
8.81 0.065906 1.71501e-005
8.82 -0.0116499 -8.14705e-006
8.83 -0.108593 -3.506e-005
8.84 -0.208558 -6.2812e-005
8.85 -0.306665 -9.00482e-005
8.86 -0.398269 -0.000115479
8.87 -0.482432 -0.000138844
8.88 -0.561953 -0.00016092
8.89 -0.639858 -0.000183316
8.9 -0.720414 -0.000207284
8.91 -0.806597 -0.000233167
8.92 -0.896861 -0.000260548
8.93 -0.988117 -0.000288524
8.94 -1.07804 -0.000316391
8.95 -1.16242 -0.000342817
8.96 -1.24055 -0.000367531
8.97 -1.31039 -0.00038983
8.98 -1.372 -0.000409671
8.99 -1.42387 -0.000426499
9 -1.46507 -0.000439945
9.01 -1.49346 -0.000449254
9.02 -1.50789 -0.000454001
9.03 -1.50873 -0.000454278
9.04 -1.49552 -0.000450615
9.05 -1.47007 -0.000443555
9.06 -1.43397 -0.00043354
9.07 -1.38919 -0.00042112
9.08 -1.33725 -0.000406711
9.09 -1.27958 -0.000390714
9.1 -1.21729 -0.000373434
9.11 -1.15016 -0.000354814
9.12 -1.07699 -0.000334517
9.13 -0.996399 -0.000312161
9.14 -0.907875 -0.000287605
9.15 -0.812404 -0.000261122
9.16 -0.712491 -0.000233407
9.17 -0.610069 -0.000204996
9.18 -0.504742 -0.000175779
9.19 -0.394017 -0.000145065
9.2 -0.275137 -0.000112088
9.21 -0.146944 -7.65286e-005
9.22 -0.00718688 -3.74766e-005
9.23 0.107784 2.61454e-006
9.24 0.227377 4.26501e-005
9.25 0.344486 8.18537e-005
9.26 0.458164 0.000119909
9.27 0.566091 0.000156039
9.28 0.66458 0.000189009
9.29 0.713979 0.00021855
9.3 0.706452 0.000245431
9.31 0.700001 0.000268471
9.32 0.694883 0.00028675
9.33 0.690796 0.000301347
9.34 0.68762 0.00031269
9.35 0.685374 0.000320709
9.36 0.684017 0.000325556
9.37 0.683494 0.000327425
9.38 0.681731 0.000326494
9.39 0.675235 0.000323065
9.4 0.663759 0.000317005
9.41 0.646128 0.000307696
9.42 0.620678 0.000294258
9.43 0.586119 0.00027601
9.44 0.542309 0.000252878
9.45 0.490078 0.000225299
9.46 0.430778 0.000193988
9.47 0.365471 0.000159506
9.48 0.294583 0.000122076
9.49 0.218435 8.18689e-005
9.5 0.138206 3.95067e-005
9.51 0.0567169 -3.52032e-006
9.52 -0.0392317 -4.44099e-005
9.53 -0.173189 -8.17727e-005
9.54 -0.301851 -0.000117659
9.55 -0.42831 -0.00015293
9.56 -0.554973 -0.000188259
9.57 -0.683192 -0.000224021
9.58 -0.813268 -0.000260302
9.59 -0.945903 -0.000297296
9.6 -1.08199 -0.000335253
9.61 -1.22015 -0.000373789
9.62 -1.35629 -0.00041176
9.63 -1.48359 -0.000447266
9.64 -1.58643 -0.000479995
9.65 -1.67897 -0.000510989
9.66 -1.76387 -0.000539784
9.67 -1.84229 -0.000566699
9.68 -1.91306 -0.000591257
9.69 -1.97237 -0.000612046
9.7 -2.01875 -0.000628433
9.71 -2.05222 -0.000640336
9.72 -2.0731 -0.000647794
9.73 -2.08197 -0.000650968
9.74 -2.07943 -0.000650263
9.75 -2.06613 -0.000646575
9.76 -2.04506 -0.00064073
9.77 -2.01602 -0.000632673
9.78 -1.97594 -0.000621555
9.79 -1.92169 -0.000606508
9.8 -1.85211 -0.000587208
9.81 -1.76834 -0.000563971
9.82 -1.67335 -0.000537619
9.83 -1.57047 -0.000509082
9.84 -1.46181 -0.000478941
9.85 -1.3475 -0.00044723
9.86 -1.22694 -0.000413789
9.87 -1.09988 -0.000378543
9.88 -0.966436 -0.000341527
9.89 -0.826699 -0.000302765
9.9 -0.680671 -0.000262258
9.91 -0.529129 -0.000220221
9.92 -0.374122 -0.000177224
9.93 -0.218687 -0.000134107
9.94 -0.0594036 -8.99228e-005
9.95 0.0419185 -4.495e-005
9.96 0.123763 -1.73521e-006
9.97 0.20032 3.86878e-005
9.98 0.271523 7.62839e-005
9.99 0.33738 0.000111057
10 0.398988 0.000143587
