0.1 -0.00900292 -3.10446e-007
0.2 -0.0180266 -6.21608e-007
0.3 -0.0270712 -9.33489e-007
0.4 -0.0361366 -1.24609e-006
0.5 -0.0452229 -1.55941e-006
0.6 -0.0543302 -1.87345e-006
0.7 -0.0634585 -2.18822e-006
0.8 -0.0726078 -2.50372e-006
0.9 -0.0817781 -2.81994e-006
1 -0.0909696 -3.13688e-006
0.01 4.19508 0.000144658
0.02 -1.74688 -6.02372e-005
0.03 0.667948 2.30327e-005
0.04 -0.382251 -1.31811e-005
0.05 0.0400414 1.38074e-006
0.06 -0.133677 -4.60957e-006
0.07 -0.0502059 -1.73124e-006
0.08 -0.0646028 -2.22768e-006
0.09 -0.0352885 -1.21684e-006
0.1 -0.0259247 -8.93955e-007
0.11 -0.0152075 -5.24396e-007
0.12 -0.0151409 -5.221e-007
0.13 -0.0216547 -7.46712e-007
0.14 -0.0348355 -1.20122e-006
0.15 -0.0511137 -1.76254e-006
0.16 -0.0673662 -2.32297e-006
0.17 -0.0802877 -2.76854e-006
0.18 -0.0876848 -3.02361e-006
0.19 -0.0887404 -3.06001e-006
0.2 -0.0842063 -2.90366e-006
0.21 -0.0760514 -2.62246e-006
0.22 -0.0669568 -2.30886e-006
0.23 -0.0596575 -2.05716e-006
0.24 -0.0563135 -1.94185e-006
0.25 -0.0580397 -2.00137e-006
0.26 -0.0647175 -2.23164e-006
0.27 -0.0751656 -2.59192e-006
0.28 -0.0874992 -3.01721e-006
0.29 -0.0995236 -3.43185e-006
0.3 -0.109196 -3.76537e-006
0.31 -0.115106 -3.96917e-006
0.32 -0.116746 -4.02572e-006
0.33 -0.114499 -3.94823e-006
0.34 -0.109528 -3.77684e-006
0.35 -0.103549 -3.57064e-006
0.36 -0.0983894 -3.39274e-006
0.37 -0.095504 -3.29324e-006
0.38 -0.0956142 -3.29704e-006
0.39 -0.0985912 -3.3997e-006
0.4 -0.103583 -3.57181e-006
0.41 -0.1093 -3.76896e-006
0.42 -0.114313 -3.94183e-006
0.43 -0.117319 -4.04547e-006
0.44 -0.117419 -4.04894e-006
0.45 -0.114331 -3.94244e-006
0.46 -0.108473 -3.74044e-006
0.47 -0.10085 -3.47759e-006
0.48 -0.0926884 -3.19615e-006
0.49 -0.0851096 -2.93482e-006
0.5 -0.0790247 -2.72499e-006
0.51 -0.0749896 -2.58585e-006
0.52 -0.0729834 -2.51667e-006
0.53 -0.0724726 -2.49906e-006
0.54 -0.0727748 -2.50947e-006
0.55 -0.0732938 -2.52737e-006
0.56 -0.0733724 -2.53008e-006
0.57 -0.0721312 -2.48728e-006
0.58 -0.0688438 -2.37392e-006
0.59 -0.0635412 -2.19107e-006
0.6 -0.0570866 -1.9685e-006
0.61 -0.0506245 -1.74567e-006
0.62 -0.0450439 -1.55324e-006
0.63 -0.0410315 -1.41488e-006
0.64 -0.0391263 -1.34918e-006
0.65 -0.0392427 -1.3532e-006
0.66 -0.0406738 -1.40255e-006
0.67 -0.0427625 -1.47457e-006
0.68 -0.045048 -1.55338e-006
0.69 -0.0470307 -1.62175e-006
0.7 -0.0483424 -1.66698e-006
0.71 -0.0490401 -1.69104e-006
0.72 -0.049475 -1.70603e-006
0.73 -0.0499568 -1.72265e-006
0.74 -0.0505119 -1.74179e-006
0.75 -0.0509732 -1.75769e-006
0.76 -0.051394 -1.77221e-006
0.77 -0.052223 -1.80079e-006
0.78 -0.0540688 -1.86444e-006
0.79 -0.0572298 -1.97344e-006
0.8 -0.0614103 -2.1176e-006
0.81 -0.0660774 -2.27853e-006
0.82 -0.0709051 -2.445e-006
0.83 -0.0756768 -2.60954e-006
0.84 -0.0800675 -2.76095e-006
0.85 -0.0839091 -2.89342e-006
0.86 -0.0873041 -3.01049e-006
0.87 -0.0899885 -3.10305e-006
0.88 -0.0913575 -3.15026e-006
0.89 -0.0915681 -3.15752e-006
0.9 -0.0918075 -3.16578e-006
0.91 -0.0931036 -3.21047e-006
0.92 -0.0950159 -3.27641e-006
0.93 -0.0959961 -3.31021e-006
0.94 -0.0951717 -3.28178e-006
0.95 -0.0932305 -3.21484e-006
0.96 -0.0915219 -3.15593e-006
0.97 -0.090427 -3.11817e-006
0.98 -0.0888867 -3.06506e-006
0.99 -0.0859152 -2.96259e-006
1 -0.0817908 -2.82037e-006
1.01 -0.0773509 -2.66727e-006
1.02 -0.0731615 -2.52281e-006
1.03 -0.0695251 -2.39742e-006
1.04 -0.0664543 -2.29153e-006
1.05 -0.0635453 -2.19122e-006
1.06 -0.0602537 -2.07771e-006
1.07 -0.0564835 -1.94771e-006
1.08 -0.0529978 -1.82751e-006
1.09 -0.0505398 -1.74275e-006
1.1 -0.0484447 -1.67051e-006
1.11 -0.0453032 -1.56218e-006
1.12 -0.0409078 -1.41061e-006
1.13 -0.0365932 -1.26183e-006
1.14 -0.0338257 -1.1664e-006
1.15 -0.0337001 -1.16207e-006
1.16 -0.0369199 -1.2731e-006
1.17 -0.0425954 -1.46881e-006
1.18 -0.0483524 -1.66732e-006
1.19 -0.0521857 -1.79951e-006
1.2 -0.0535594 -1.84688e-006
1.21 -0.0532279 -1.83544e-006
1.22 -0.0523962 -1.80677e-006
1.23 -0.0521171 -1.79714e-006
1.24 -0.053203 -1.83459e-006
1.25 -0.0563766 -1.94402e-006
1.26 -0.0620711 -2.14038e-006
1.27 -0.0698683 -2.40925e-006
1.28 -0.0785818 -2.70972e-006
1.29 -0.086579 -2.98548e-006
1.3 -0.0922239 -3.18014e-006
1.31 -0.0950014 -3.27591e-006
1.32 -0.0958391 -3.3048e-006
1.33 -0.0962427 -3.31871e-006
1.34 -0.098102 -3.38283e-006
1.35 -0.103135 -3.55638e-006
1.36 -0.110942 -3.82558e-006
1.37 -0.11902 -4.10414e-006
1.38 -0.12503 -4.31138e-006
1.39 -0.128559 -4.43308e-006
1.4 -0.130791 -4.51005e-006
1.41 -0.131839 -4.54618e-006
1.42 -0.130031 -4.48384e-006
1.43 -0.124662 -4.2987e-006
1.44 -0.116924 -4.03185e-006
1.45 -0.108384 -3.73738e-006
1.46 -0.099911 -3.44521e-006
1.47 -0.0910741 -3.14049e-006
1.48 -0.0799064 -2.75539e-006
1.49 -0.0637878 -2.19958e-006
1.5 -0.0417707 -1.44037e-006
1.51 -0.016788 -5.78897e-007
1.52 0.00557518 1.92248e-007
1.53 0.0219781 7.57866e-007
1.54 0.0336754 1.16122e-006
1.55 0.0434288 1.49754e-006
1.56 0.0528465 1.82229e-006
1.57 0.0625258 2.15606e-006
1.58 0.0723712 2.49556e-006
1.59 0.0816944 2.81705e-006
1.6 0.0903077 3.11406e-006
1.61 0.0992385 3.42202e-006
1.62 0.108809 3.75202e-006
1.63 0.115171 3.97143e-006
1.64 0.110716 3.8178e-006
1.65 0.0906797 3.12689e-006
1.66 0.0584178 2.01441e-006
1.67 0.0230768 7.95751e-007
1.68 -0.00691908 -2.38589e-007
1.69 -0.0281408 -9.70373e-007
1.7 -0.0414153 -1.42811e-006
1.71 -0.0496654 -1.7126e-006
1.72 -0.0574292 -1.98032e-006
1.73 -0.0696638 -2.4022e-006
1.74 -0.0895171 -3.0868e-006
1.75 -0.117746 -4.06022e-006
1.76 -0.153096 -5.27918e-006
1.77 -0.19174 -6.61173e-006
1.78 -0.226962 -7.82629e-006
1.79 -0.252178 -8.69581e-006
1.8 -0.265513 -9.15561e-006
1.81 -0.270355 -9.32259e-006
1.82 -0.271918 -9.37649e-006
1.83 -0.274028 -9.44925e-006
1.84 -0.278074 -9.58876e-006
1.85 -0.283026 -9.75952e-006
1.86 -0.286071 -9.86451e-006
1.87 -0.285782 -9.85455e-006
1.88 -0.285336 -9.83916e-006
1.89 -0.289172 -9.97146e-006
1.9 -0.295597 -1.0193e-005
1.91 -0.29674 -1.02324e-005
1.92 -0.285764 -9.85393e-006
1.93 -0.260851 -8.99487e-006
1.94 -0.224042 -7.72558e-006
1.95 -0.179383 -6.18563e-006
1.96 -0.132682 -4.57523e-006
1.97 -0.0907168 -3.12817e-006
1.98 -0.0577705 -1.99208e-006
1.99 -0.0332376 -1.14612e-006
2 -0.0126871 -4.37486e-007
2.01 0.00971951 3.35155e-007
2.02 0.0388002 1.33794e-006
2.03 0.0773451 2.66707e-006
2.04 0.125374 4.32325e-006
2.05 0.178058 6.13991e-006
2.06 0.227015 7.8281e-006
2.07 0.266441 9.18762e-006
2.08 0.296233 1.02149e-005
2.09 0.318717 1.09902e-005
2.1 0.334506 1.15347e-005
2.11 0.342621 1.18145e-005
2.12 0.343927 1.18595e-005
2.13 0.341944 1.17912e-005
2.14 0.340176 1.17302e-005
2.15 0.339678 1.1713e-005
2.16 0.337978 1.16544e-005
2.17 0.33078 1.14062e-005
2.18 0.31575 1.08879e-005
2.19 0.292957 1.0102e-005
2.2 0.26184 9.02898e-006
2.21 0.221306 7.63124e-006
2.22 0.172632 5.95284e-006
2.23 0.119594 4.12394e-006
2.24 0.0655892 2.2617e-006
2.25 0.0118731 4.09418e-007
2.26 -0.0411174 -1.41784e-006
2.27 -0.0933941 -3.22049e-006
2.28 -0.146495 -5.05156e-006
2.29 -0.202059 -6.96755e-006
2.3 -0.25966 -8.95378e-006
2.31 -0.317566 -1.09506e-005
2.32 -0.374012 -1.2897e-005
2.33 -0.426916 -1.47213e-005
2.34 -0.474027 -1.63457e-005
2.35 -0.513617 -1.77109e-005
2.36 -0.544971 -1.87921e-005
2.37 -0.567644 -1.95739e-005
2.38 -0.58124 -2.00427e-005
2.39 -0.587575 -2.02612e-005
2.4 -0.588999 -2.03103e-005
2.41 -0.584781 -2.01648e-005
2.42 -0.572629 -1.97458e-005
2.43 -0.55139 -1.90134e-005
2.44 -0.520355 -1.79433e-005
2.45 -0.479117 -1.65213e-005
2.46 -0.429107 -1.47968e-005
2.47 -0.37325 -1.28707e-005
2.48 -0.313928 -1.08251e-005
2.49 -0.252039 -8.69099e-006
2.5 -0.187023 -6.44905e-006
2.51 -0.11811 -4.07276e-006
2.52 -0.0459278 -1.58372e-006
2.53 0.027888 9.61654e-007
2.54 0.101359 3.49515e-006
2.55 0.172179 5.9372e-006
2.56 0.238388 8.22026e-006
2.57 0.29874 1.03014e-005
2.58 0.352735 1.21633e-005
2.59 0.400995 1.38274e-005
2.6 0.44499 1.53445e-005
2.61 0.484986 1.67237e-005
2.62 0.518621 1.78835e-005
2.63 0.542581 1.87097e-005
2.64 0.556529 1.91906e-005
2.65 0.565005 1.94829e-005
2.66 0.572871 1.97542e-005
2.67 0.579401 1.99793e-005
2.68 0.578519 1.99489e-005
2.69 0.564484 1.9465e-005
2.7 0.537242 1.85256e-005
2.71 0.501934 1.73081e-005
2.72 0.463517 1.59834e-005
2.73 0.422238 1.45599e-005
2.74 0.374433 1.29115e-005
2.75 0.317423 1.09456e-005
2.76 0.252127 8.69402e-006
2.77 0.181416 6.25573e-006
2.78 0.107078 3.69236e-006
2.79 0.0279852 9.65008e-007
2.8 -0.0580089 -2.00031e-006
2.81 -0.149149 -5.14307e-006
2.82 -0.238819 -8.23514e-006
2.83 -0.320545 -1.10533e-005
2.84 -0.391925 -1.35146e-005
2.85 -0.454747 -1.56809e-005
2.86 -0.511897 -1.76516e-005
2.87 -0.565819 -1.9511e-005
2.88 -0.618047 -2.1312e-005
2.89 -0.668987 -2.30685e-005
2.9 -0.715365 -2.46678e-005
2.91 -0.753678 -2.59889e-005
2.92 -0.781962 -2.69642e-005
2.93 -0.799621 -2.75731e-005
2.94 -0.805645 -2.77809e-005
2.95 -0.799237 -2.75599e-005
2.96 -0.780748 -2.69223e-005
2.97 -0.750258 -2.5871e-005
2.98 -0.706407 -2.43589e-005
2.99 -0.648683 -2.23684e-005
3 -0.580079 -2.00027e-005
3.01 -0.505998 -1.74482e-005
3.02 -0.430397 -1.48413e-005
3.03 -0.353522 -1.21904e-005
3.04 -0.272348 -9.39132e-006
3.05 -0.183247 -6.31885e-006
3.06 -0.0850696 -2.93343e-006
3.07 0.0201623 6.95251e-007
3.08 0.128228 4.42165e-006
3.09 0.235198 8.11027e-006
3.1 0.338955 1.16881e-005
3.11 0.436656 1.50571e-005
3.12 0.522117 1.8004e-005
3.13 0.588978 2.03096e-005
3.14 0.636352 2.19432e-005
3.15 0.670252 2.31122e-005
3.16 0.699305 2.4114e-005
3.17 0.729939 2.51703e-005
3.18 0.763677 2.63337e-005
3.19 0.795641 2.74359e-005
3.2 0.817256 2.81813e-005
3.21 0.823131 2.83838e-005
3.22 0.814445 2.80843e-005
3.23 0.795249 2.74224e-005
3.24 0.768019 2.64834e-005
3.25 0.73314 2.52807e-005
3.26 0.688872 2.37542e-005
3.27 0.630756 2.17502e-005
3.28 0.554633 1.91253e-005
3.29 0.461909 1.59279e-005
3.3 0.360319 1.24248e-005
3.31 0.259161 8.93657e-006
3.32 0.163784 5.64774e-006
3.33 0.0749232 2.58356e-006
3.34 -0.00757849 -2.61327e-007
3.35 -0.0842932 -2.90666e-006
3.36 -0.159639 -5.50479e-006
3.37 -0.241445 -8.32568e-006
3.38 -0.335924 -1.15836e-005
3.39 -0.442851 -1.52707e-005
3.4 -0.554231 -1.91114e-005
3.41 -0.656139 -2.26255e-005
3.42 -0.735606 -2.53657e-005
3.43 -0.787773 -2.71646e-005
3.44 -0.817028 -2.81734e-005
3.45 -0.830829 -2.86493e-005
3.46 -0.836227 -2.88354e-005
3.47 -0.837595 -2.88826e-005
3.48 -0.83659 -2.88479e-005
3.49 -0.83254 -2.87083e-005
3.5 -0.821846 -2.83395e-005
3.51 -0.798643 -2.75394e-005
3.52 -0.759823 -2.62008e-005
3.53 -0.708189 -2.44203e-005
3.54 -0.648303 -2.23553e-005
3.55 -0.581322 -2.00456e-005
3.56 -0.504227 -1.73871e-005
3.57 -0.413574 -1.42612e-005
3.58 -0.309799 -1.06827e-005
3.59 -0.197779 -6.81996e-006
3.6 -0.0852798 -2.94068e-006
3.61 0.019654 6.77725e-007
3.62 0.112987 3.8961e-006
3.63 0.196988 6.7927e-006
3.64 0.277255 9.56051e-006
3.65 0.358055 1.23467e-005
3.66 0.440238 1.51806e-005
3.67 0.522969 1.80334e-005
3.68 0.605129 2.08665e-005
3.69 0.683088 2.35548e-005
3.7 0.750161 2.58676e-005
3.71 0.799833 2.75804e-005
3.72 0.827585 2.85374e-005
3.73 0.831941 2.86876e-005
3.74 0.81654 2.81565e-005
3.75 0.788158 2.71779e-005
3.76 0.751856 2.59261e-005
3.77 0.709461 2.44642e-005
3.78 0.660988 2.27927e-005
3.79 0.605616 2.08833e-005
3.8 0.541678 1.86786e-005
3.81 0.467872 1.61335e-005
3.82 0.385829 1.33044e-005
3.83 0.299593 1.03308e-005
3.84 0.21072 7.26622e-006
3.85 0.116187 4.00646e-006
3.86 0.0136164 4.69531e-007
3.87 -0.0937891 -3.23411e-006
3.88 -0.19901 -6.8624e-006
3.89 -0.296383 -1.02201e-005
3.9 -0.383287 -1.32168e-005
3.91 -0.457616 -1.57798e-005
3.92 -0.516024 -1.77939e-005
3.93 -0.556833 -1.92011e-005
3.94 -0.584327 -2.01492e-005
3.95 -0.605037 -2.08634e-005
3.96 -0.622542 -2.1467e-005
3.97 -0.637865 -2.19954e-005
3.98 -0.651043 -2.24498e-005
3.99 -0.66101 -2.27934e-005
4 -0.662923 -2.28594e-005
4.01 -0.648143 -2.23498e-005
4.02 -0.611101 -2.10725e-005
4.03 -0.555141 -1.91428e-005
4.04 -0.488192 -1.68342e-005
4.05 -0.417367 -1.4392e-005
4.06 -0.349618 -1.20558e-005
4.07 -0.290367 -1.00127e-005
4.08 -0.238142 -8.21181e-006
4.09 -0.184576 -6.3647e-006
4.1 -0.121012 -4.17283e-006
4.11 -0.0433011 -1.49314e-006
4.12 0.0467933 1.61356e-006
4.13 0.141554 4.88117e-006
4.14 0.231651 7.98796e-006
4.15 0.311632 1.07459e-005
4.16 0.37983 1.30976e-005
4.17 0.43593 1.50321e-005
4.18 0.48024 1.656e-005
4.19 0.513721 1.77145e-005
4.2 0.53888 1.85821e-005
4.21 0.558517 1.92592e-005
4.22 0.57256 1.97434e-005
4.23 0.579502 1.99828e-005
4.24 0.579497 1.99826e-005
4.25 0.571788 1.97168e-005
4.26 0.553353 1.90811e-005
4.27 0.522227 1.80078e-005
4.28 0.478193 1.64894e-005
4.29 0.422062 1.45539e-005
4.3 0.357577 1.23302e-005
4.31 0.290394 1.00136e-005
4.32 0.223198 7.69649e-006
4.33 0.154752 5.33629e-006
4.34 0.0838353 2.89087e-006
4.35 0.0113359 3.90892e-007
4.36 -0.0614044 -2.11739e-006
4.37 -0.133741 -4.61177e-006
4.38 -0.204521 -7.05244e-006
4.39 -0.269651 -9.29832e-006
4.4 -0.323048 -1.11396e-005
4.41 -0.362328 -1.24941e-005
4.42 -0.391814 -1.35108e-005
4.43 -0.419697 -1.44723e-005
4.44 -0.453602 -1.56415e-005
4.45 -0.496108 -1.71072e-005
4.46 -0.541254 -1.86639e-005
4.47 -0.578421 -1.99456e-005
4.48 -0.599579 -2.06751e-005
4.49 -0.60078 -2.07166e-005
4.5 -0.58053 -2.00183e-005
4.51 -0.54181 -1.86831e-005
4.52 -0.49347 -1.70162e-005
4.53 -0.444019 -1.5311e-005
4.54 -0.395749 -1.36465e-005
4.55 -0.347469 -1.19817e-005
4.56 -0.29806 -1.02779e-005
4.57 -0.246279 -8.49237e-006
4.58 -0.191534 -6.60464e-006
4.59 -0.136076 -4.69228e-006
4.6 -0.08419 -2.9031e-006
4.61 -0.037138 -1.28062e-006
4.62 0.0103985 3.58568e-007
4.63 0.064891 2.23762e-006
4.64 0.124647 4.29818e-006
4.65 0.179545 6.19121e-006
4.66 0.219408 7.56579e-006
4.67 0.240647 8.29819e-006
4.68 0.246297 8.49298e-006
4.69 0.241606 8.33123e-006
4.7 0.229305 7.90708e-006
4.71 0.209033 7.20803e-006
4.72 0.181245 6.24983e-006
4.73 0.148743 5.12907e-006
4.74 0.113472 3.91282e-006
4.75 0.0750634 2.58839e-006
4.76 0.0315389 1.08755e-006
4.77 -0.0207152 -7.14316e-007
4.78 -0.083917 -2.89369e-006
4.79 -0.154388 -5.32372e-006
4.8 -0.224697 -7.74819e-006
4.81 -0.289543 -9.98425e-006
4.82 -0.347527 -1.19837e-005
4.83 -0.400056 -1.37951e-005
4.84 -0.450613 -1.55384e-005
4.85 -0.502206 -1.73174e-005
4.86 -0.551744 -1.90257e-005
4.87 -0.590307 -2.03554e-005
4.88 -0.613578 -2.11579e-005
4.89 -0.625405 -2.15657e-005
4.9 -0.630972 -2.17577e-005
4.91 -0.631981 -2.17925e-005
4.92 -0.629774 -2.17163e-005
4.93 -0.628204 -2.16622e-005
4.94 -0.628886 -2.16857e-005
4.95 -0.62613 -2.15907e-005
4.96 -0.611091 -2.10721e-005
4.97 -0.579228 -1.99734e-005
4.98 -0.530764 -1.83022e-005
4.99 -0.467736 -1.61288e-005
5 -0.396533 -1.36736e-005
5.01 -0.329236 -1.1353e-005
5.02 -0.274517 -9.4661e-006
5.03 -0.230338 -7.94268e-006
5.04 -0.189353 -6.52942e-006
5.05 -0.145793 -5.02736e-006
5.06 -0.0947896 -3.26861e-006
5.07 -0.0341864 -1.17884e-006
5.08 0.0303331 1.04597e-006
5.09 0.0882032 3.04149e-006
5.1 0.131895 4.5481e-006
5.11 0.158081 5.45107e-006
5.12 0.164281 5.66485e-006
5.13 0.151147 5.21197e-006
5.14 0.127799 4.40686e-006
5.15 0.107681 3.71315e-006
5.16 0.096778 3.33717e-006
5.17 0.0908223 3.1318e-006
5.18 0.0818246 2.82154e-006
5.19 0.0609536 2.10185e-006
5.2 0.0181842 6.27041e-007
5.21 -0.0517033 -1.78287e-006
5.22 -0.139935 -4.82536e-006
5.23 -0.227022 -7.82835e-006
5.24 -0.295578 -1.01924e-005
5.25 -0.336721 -1.16111e-005
5.26 -0.350708 -1.20934e-005
5.27 -0.346073 -1.19335e-005
5.28 -0.334028 -1.15182e-005
5.29 -0.322436 -1.11185e-005
5.3 -0.317351 -1.09431e-005
5.31 -0.324671 -1.11955e-005
5.32 -0.34419 -1.18686e-005
5.33 -0.366505 -1.26381e-005
5.34 -0.378578 -1.30544e-005
5.35 -0.371071 -1.27955e-005
5.36 -0.34093 -1.17562e-005
5.37 -0.288293 -9.94114e-006
5.38 -0.214201 -7.38624e-006
5.39 -0.123404 -4.25533e-006
5.4 -0.0280753 -9.68113e-007
5.41 0.0586864 2.02367e-006
5.42 0.126084 4.34773e-006
5.43 0.170733 5.88733e-006
5.44 0.198653 6.8501e-006
5.45 0.221058 7.62271e-006
5.46 0.246375 8.49569e-006
5.47 0.277292 9.56179e-006
5.48 0.312344 1.07705e-005
5.49 0.347947 1.19982e-005
5.5 0.381784 1.3165e-005
5.51 0.413973 1.42749e-005
5.52 0.440972 1.52059e-005
5.53 0.453749 1.56465e-005
5.54 0.445763 1.53711e-005
5.55 0.415874 1.43405e-005
5.56 0.36468 1.25752e-005
5.57 0.296088 1.02099e-005
5.58 0.220485 7.60291e-006
5.59 0.151537 5.22543e-006
5.6 0.100054 3.45015e-006
5.61 0.0696908 2.40313e-006
5.62 0.0561176 1.93509e-006
5.63 0.0474231 1.63528e-006
5.64 0.0289825 9.99395e-007
5.65 -0.00807788 -2.78548e-007
5.66 -0.0617283 -2.12856e-006
5.67 -0.121103 -4.17598e-006
5.68 -0.174665 -6.02295e-006
5.69 -0.218959 -7.5503e-006
5.7 -0.25862 -8.91793e-006
5.71 -0.298946 -1.03085e-005
5.72 -0.340796 -1.17516e-005
5.73 -0.382138 -1.31772e-005
5.74 -0.423701 -1.46104e-005
5.75 -0.471144 -1.62463e-005
5.76 -0.530917 -1.83075e-005
5.77 -0.604826 -2.08561e-005
5.78 -0.688399 -2.37379e-005
5.79 -0.772073 -2.66232e-005
5.8 -0.842828 -2.9063e-005
5.81 -0.889951 -3.0688e-005
5.82 -0.918724 -3.16802e-005
5.83 -0.952561 -3.28469e-005
5.84 -1.01177 -3.48887e-005
5.85 -1.09188 -3.76511e-005
5.86 -1.16657 -4.02265e-005
5.87 -1.20954 -4.17082e-005
5.88 -1.20902 -4.16904e-005
5.89 -1.16808 -4.02786e-005
5.9 -1.09929 -3.79065e-005
5.91 -1.01542 -3.50146e-005
5.92 -0.925614 -3.19177e-005
5.93 -0.83576 -2.88193e-005
5.94 -0.744887 -2.56858e-005
5.95 -0.643275 -2.21819e-005
5.96 -0.517468 -1.78437e-005
5.97 -0.3591 -1.23828e-005
5.98 -0.169372 -5.84041e-006
5.99 0.0455226 1.56975e-006
6 0.283075 9.7612e-006
6.01 0.547167 1.88678e-005
6.02 0.841431 2.90149e-005
6.03 1.16595 4.02051e-005
6.04 1.51662 5.22972e-005
6.05 1.87919 6.47997e-005
6.06 2.22954 7.68806e-005
6.07 2.54167 8.76438e-005
6.08 2.79533 9.63907e-005
6.09 2.98301 0.000102862
6.1 3.11074 0.000107267
6.11 3.18964 0.000109988
6.12 3.22762 0.000111297
6.13 3.22675 0.000111267
6.14 3.18044 0.00010967
6.15 3.07196 0.00010593
6.16 2.88402 9.94489e-005
6.17 2.6077 8.99208e-005
6.18 2.24481 7.74072e-005
6.19 1.81122 6.24558e-005
6.2 1.33791 4.61349e-005
6.21 0.855832 2.95114e-005
6.22 0.37659 1.29859e-005
6.23 -0.109853 -3.78805e-006
6.24 -0.618419 -2.13248e-005
6.25 -1.14349 -3.94307e-005
6.26 -1.65377 -5.70266e-005
6.27 -2.1032 -7.2524e-005
6.28 -2.45557 -8.4675e-005
6.29 -2.70711 -9.33485e-005
6.3 -2.88971 -9.96451e-005
6.31 -3.04162 -0.000104883
6.32 -3.17528 -0.000109493
6.33 -3.27444 -0.000112912
6.34 -3.31038 -0.000114151
6.35 -3.25882 -0.000112373
6.36 -3.11616 -0.000107454
6.37 -2.91031 -0.000100356
6.38 -2.69326 -9.28711e-005
6.39 -2.5025 -8.6293e-005
6.4 -2.33091 -8.03761e-005
6.41 -2.14574 -7.39911e-005
6.42 -1.92221 -6.62832e-005
6.43 -1.64803 -5.68287e-005
6.44 -1.31946 -4.54988e-005
6.45 -0.948395 -3.27033e-005
6.46 -0.562519 -1.93972e-005
6.47 -0.186835 -6.44258e-006
6.48 0.169681 5.85105e-006
6.49 0.513406 1.77037e-005
6.5 0.851091 2.9348e-005
6.51 1.18293 4.07906e-005
6.52 1.50741 5.19797e-005
6.53 1.83194 6.31702e-005
6.54 2.16955 7.4812e-005
6.55 2.51956 8.68815e-005
6.56 2.85796 9.85504e-005
6.57 3.14906 0.000108588
6.58 3.36149 0.000115913
6.59 3.48098 0.000120034
6.6 3.51614 0.000121246
6.61 3.48825 0.000120284
6.62 3.41406 0.000117726
6.63 3.29788 0.00011372
6.64 3.13344 0.00010805
6.65 2.91131 0.00010039
6.66 2.62846 9.06366e-005
6.67 2.29104 7.90015e-005
6.68 1.90741 6.57726e-005
6.69 1.48209 5.11066e-005
6.7 1.0204 3.51861e-005
6.71 0.539012 1.85866e-005
6.72 0.0656043 2.26222e-006
6.73 -0.378298 -1.30448e-005
6.74 -0.797139 -2.74875e-005
6.75 -1.21436 -4.18746e-005
6.76 -1.65817 -5.71784e-005
6.77 -2.14718 -7.40406e-005
6.78 -2.68265 -9.25053e-005
6.79 -3.24639 -0.000111945
6.8 -3.80796 -0.000131309
6.81 -4.33073 -0.000149335
6.82 -4.78586 -0.000165029
6.83 -5.1568 -0.000177821
6.84 -5.43164 -0.000187298
6.85 -5.6001 -0.000193107
6.86 -5.66499 -0.000195345
6.87 -5.64281 -0.00019458
6.88 -5.55064 -0.000191401
6.89 -5.38708 -0.000185761
6.9 -5.13967 -0.00017723
6.91 -4.80275 -0.000165612
6.92 -4.38823 -0.000151318
6.93 -3.91287 -0.000134927
6.94 -3.37829 -0.000116493
6.95 -2.77116 -9.55574e-005
6.96 -2.08372 -7.18525e-005
6.97 -1.33077 -4.58885e-005
6.98 -0.547595 -1.88826e-005
6.99 0.226532 7.81146e-006
7 0.955339 3.29427e-005
7.01 1.60474 5.53357e-005
7.02 2.14408 7.39338e-005
7.03 2.56369 8.8403e-005
7.04 2.89291 9.97554e-005
7.05 3.19609 0.00011021
7.06 3.53415 0.000121867
7.07 3.92519 0.000135352
7.08 4.35022 0.000150008
7.09 4.77702 0.000164725
7.1 5.14136 0.000177288
7.11 5.42382 0.000187028
7.12 5.60312 0.000193211
7.13 5.67371 0.000195645
7.14 5.65411 0.000194969
7.15 5.57099 0.000192103
7.16 5.44456 0.000187744
7.17 5.28412 0.000182211
7.18 5.08901 0.000175483
7.19 4.84787 0.000167168
7.2 4.54097 0.000156585
7.21 4.14773 0.000143025
7.22 3.64706 0.000125761
7.23 3.02535 0.000104323
7.24 2.28557 7.88127e-005
7.25 1.4556 5.01931e-005
7.26 0.578982 1.99649e-005
7.27 -0.301965 -1.04126e-005
7.28 -1.16149 -4.00515e-005
7.29 -1.99372 -6.87491e-005
7.3 -2.79624 -9.64221e-005
7.31 -3.57715 -0.00012335
7.32 -4.34418 -0.000149799
7.33 -5.08448 -0.000175327
7.34 -5.76771 -0.000198887
7.35 -6.3307 -0.0002183
7.36 -6.72117 -0.000231764
7.37 -6.95026 -0.000239664
7.38 -7.05665 -0.000243333
7.39 -7.05824 -0.000243388
7.4 -6.95721 -0.000239904
7.41 -6.75599 -0.000232965
7.42 -6.46844 -0.00022305
7.43 -6.10834 -0.000210633
7.44 -5.66891 -0.00019548
7.45 -5.12401 -0.00017669
7.46 -4.4568 -0.000153683
7.47 -3.67851 -0.000126845
7.48 -2.83392 -9.77213e-005
7.49 -1.98227 -6.83543e-005
7.5 -1.17274 -4.04393e-005
7.51 -0.435097 -1.50034e-005
7.52 0.215106 7.41744e-006
7.53 0.7738 2.66828e-005
7.54 1.2514 4.31517e-005
7.55 1.67516 5.7764e-005
7.56 2.06987 7.13747e-005
7.57 2.47467 8.53336e-005
7.58 2.8912 9.96966e-005
7.59 3.26647 0.000112637
7.6 3.53644 0.000121946
7.61 3.67249 0.000126638
7.62 3.69143 0.000127291
7.63 3.64132 0.000125563
7.64 3.56978 0.000123096
7.65 3.5021 0.000120762
7.66 3.43609 0.000118486
7.67 3.35199 0.000115586
7.68 3.23551 0.000111569
7.69 3.09391 0.000106687
7.7 2.93898 0.000101344
7.71 2.76739 9.54272e-005
7.72 2.55942 8.8256e-005
7.73 2.30726 7.95608e-005
7.74 2.02023 6.96633e-005
7.75 1.70786 5.88918e-005
7.76 1.37609 4.74513e-005
7.77 1.03689 3.57548e-005
7.78 0.697535 2.40529e-005
7.79 0.366731 1.26459e-005
7.8 0.0428812 1.47866e-006
7.81 -0.272422 -9.39388e-006
7.82 -0.602908 -2.07899e-005
7.83 -0.978839 -3.37531e-005
7.84 -1.4335 -4.94311e-005
7.85 -1.97168 -6.7989e-005
7.86 -2.56294 -8.83771e-005
7.87 -3.16074 -0.000108991
7.88 -3.71779 -0.0001282
7.89 -4.19077 -0.000144509
7.9 -4.54531 -0.000156735
7.91 -4.76045 -0.000164154
7.92 -4.84136 -0.000166943
7.93 -4.82337 -0.000166323
7.94 -4.75834 -0.000164081
7.95 -4.68659 -0.000161607
7.96 -4.61041 -0.00015898
7.97 -4.50924 -0.000155491
7.98 -4.35466 -0.000150161
7.99 -4.11081 -0.000141752
8 -3.75791 -0.000129583
8.01 -3.29209 -0.00011352
8.02 -2.70894 -9.34116e-005
8.03 -2.00465 -6.91259e-005
8.04 -1.19988 -4.13751e-005
8.05 -0.356637 -1.22978e-005
8.06 0.454281 1.56649e-005
8.07 1.18867 4.09887e-005
8.08 1.83874 6.34049e-005
8.09 2.40775 8.30258e-005
8.1 2.91719 0.000100593
8.11 3.36221 0.000115938
8.12 3.74398 0.000129103
8.13 4.07422 0.00014049
8.14 4.33909 0.000149624
8.15 4.53483 0.000156373
8.16 4.66923 0.000161008
8.17 4.74336 0.000163564
8.18 4.74614 0.00016366
8.19 4.65892 0.000160652
8.2 4.46794 0.000154067
8.21 4.17375 0.000143922
8.22 3.7986 0.000130986
8.23 3.3844 0.000116703
8.24 2.99121 0.000103145
8.25 2.66368 9.18511e-005
8.26 2.4064 8.29793e-005
8.27 2.21896 7.6516e-005
8.28 2.09749 7.23272e-005
8.29 2.02744 6.99116e-005
8.3 1.98308 6.83822e-005
8.31 1.9646 6.77447e-005
8.32 1.97639 6.81512e-005
8.33 2.01444 6.94634e-005
8.34 2.05158 7.0744e-005
8.35 2.06495 7.12053e-005
8.36 2.05331 7.08038e-005
8.37 2.03105 7.00362e-005
8.38 2.01675 6.95432e-005
8.39 2.02018 6.96614e-005
8.4 2.04568 7.05408e-005
8.41 2.09638 7.22888e-005
8.42 2.17368 7.49547e-005
8.43 2.2734 7.8393e-005
8.44 2.38579 8.22688e-005
8.45 2.50219 8.62825e-005
8.46 2.61828 9.02856e-005
8.47 2.72473 9.39562e-005
8.48 2.82083 9.72699e-005
8.49 2.92793 0.000100963
8.5 3.04226 0.000104906
8.51 3.14624 0.000108491
8.52 3.23081 0.000111407
8.53 3.27893 0.000113067
8.54 3.27857 0.000113054
8.55 3.23144 0.000111429
8.56 3.15391 0.000108755
8.57 3.06639 0.000105738
8.58 2.97806 0.000102692
8.59 2.88009 9.93134e-005
8.6 2.75833 9.51148e-005
8.61 2.61431 9.01486e-005
8.62 2.46582 8.50283e-005
8.63 2.31911 7.99694e-005
8.64 2.18287 7.52713e-005
8.65 2.07305 7.14845e-005
8.66 2.00309 6.90719e-005
8.67 1.97244 6.80152e-005
8.68 1.9691 6.78999e-005
8.69 1.97805 6.82085e-005
8.7 1.99096 6.86536e-005
8.71 2.00581 6.91658e-005
8.72 2.01237 6.9392e-005
8.73 1.98432 6.84248e-005
8.74 1.89668 6.54028e-005
8.75 1.7462 6.02138e-005
8.76 1.55253 5.35354e-005
8.77 1.33961 4.61936e-005
8.78 1.10766 3.81951e-005
8.79 0.838835 2.89253e-005
8.8 0.542776 1.87164e-005
8.81 0.174025 6.00086e-006
8.82 -0.304222 -1.04904e-005
8.83 -0.874493 -3.01549e-005
8.84 -1.48285 -5.11327e-005
8.85 -2.05557 -7.08819e-005
8.86 -2.53723 -8.74908e-005
8.87 -2.90791 -0.000100273
8.88 -3.18814 -0.000109936
8.89 -3.4317 -0.000118335
8.9 -3.68504 -0.00012707
8.91 -3.96617 -0.000136764
8.92 -4.26117 -0.000146937
8.93 -4.54378 -0.000156682
8.94 -4.78446 -0.000164982
8.95 -4.95246 -0.000170775
8.96 -5.02171 -0.000173163
8.97 -4.98141 -0.000171773
8.98 -4.83995 -0.000166895
8.99 -4.61676 -0.000159198
9 -4.3364 -0.000149531
9.01 -4.02474 -0.000138784
9.02 -3.70801 -0.000127863
9.03 -3.40665 -0.000117471
9.04 -3.12774 -0.000107853
9.05 -2.8601 -9.86243e-005
9.06 -2.56863 -8.85735e-005
9.07 -2.20525 -7.60431e-005
9.08 -1.75432 -6.04937e-005
9.09 -1.21441 -4.18761e-005
9.1 -0.588483 -2.02925e-005
9.11 0.101413 3.497e-006
9.12 0.831931 2.86873e-005
9.13 1.57607 5.43471e-005
9.14 2.29619 7.9179e-005
9.15 2.95377 0.000101854
9.16 3.51119 0.000121075
9.17 3.95035 0.000136219
9.18 4.28699 0.000147827
9.19 4.56266 0.000157333
9.2 4.83049 0.000166569
9.21 5.1181 0.000176486
9.22 5.42245 0.000186981
9.23 5.70982 0.00019689
9.24 5.9365 0.000204707
9.25 6.06622 0.00020918
9.26 6.07889 0.000209617
9.27 5.96428 0.000205665
9.28 5.69823 0.000196491
9.29 5.26214 0.000181453
9.3 4.66519 0.000160869
9.31 3.95132 0.000136252
9.32 3.17609 0.00010952
9.33 2.38057 8.20885e-005
9.34 1.58711 5.47279e-005
9.35 0.807211 2.78349e-005
9.36 0.0366314 1.26315e-006
9.37 -0.710346 -2.44947e-005
9.38 -1.40816 -4.85573e-005
9.39 -2.1528 -7.42346e-005
9.4 -2.95854 -0.000102019
9.41 -3.81966 -0.000131713
9.42 -4.72818 -0.000163041
9.43 -5.66274 -0.000195267
9.44 -6.58984 -0.000227236
9.45 -7.46804 -0.000257519
9.46 -8.22682 -0.000283683
9.47 -8.83269 -0.000304575
9.48 -9.29271 -0.000320438
9.49 -9.63901 -0.00033238
9.5 -9.90444 -0.000341533
9.51 -10.0923 -0.000348012
9.52 -10.1831 -0.00035114
9.53 -10.1609 -0.000350376
9.54 -10.039 -0.000346172
9.55 -9.83676 -0.000339199
9.56 -9.55928 -0.00032963
9.57 -9.20064 -0.000317263
9.58 -8.75414 -0.000301867
9.59 -8.22723 -0.000283698
9.6 -7.63626 -0.000263319
9.61 -6.99055 -0.000241053
9.62 -6.28483 -0.000216718
9.63 -5.50971 -0.00018999
9.64 -4.67468 -0.000161196
9.65 -3.80439 -0.000131186
9.66 -2.93668 -0.000101265
9.67 -2.11272 -7.28525e-005
9.68 -1.34107 -4.62439e-005
9.69 -0.599892 -2.06859e-005
9.7 0.131625 4.53879e-006
9.71 0.855605 2.95036e-005
9.72 1.58468 5.4644e-005
9.73 2.31155 7.97086e-005
9.74 3.02599 0.000104345
9.75 3.68877 0.000127199
9.76 4.26007 0.000146899
9.77 4.72613 0.00016297
9.78 5.09631 0.000175735
9.79 5.38728 0.000185768
9.8 5.61369 0.000193575
9.81 5.7596 0.000198607
9.82 5.79764 0.000199919
9.83 5.72177 0.000197303
9.84 5.53395 0.000190826
9.85 5.24914 0.000181005
9.86 4.88829 0.000168562
9.87 4.46174 0.000153853
9.88 3.97388 0.00013703
9.89 3.42703 0.000118174
9.9 2.82588 9.74441e-005
9.91 2.17211 7.49004e-005
9.92 1.46085 5.03741e-005
9.93 0.696742 2.40256e-005
9.94 -0.0431032 -1.48632e-006
9.95 -0.786535 -2.71219e-005
9.96 -1.5762 -5.43518e-005
9.97 -2.39209 -8.24857e-005
9.98 -3.20513 -0.000110522
9.99 -3.99248 -0.000137672
10 -4.69458 -0.000161882
