0.1 -0.00155747 -4.32063e-007
0.2 -0.00311752 -8.64907e-007
0.3 -0.00468016 -1.29854e-006
0.4 -0.0062454 -1.73295e-006
0.5 -0.00781324 -2.16815e-006
0.6 -0.00938368 -2.60414e-006
0.7 -0.0109567 -3.04092e-006
0.8 -0.0125324 -3.47849e-006
0.9 -0.0141107 -3.91686e-006
1 -0.0156916 -4.35602e-006
0.01 0.4744 0.000131592
0.02 -0.202908 -5.68452e-005
0.03 0.0731314 1.97312e-005
0.04 -0.0468104 -1.3541e-005
0.05 0.00141703 -1.61851e-007
0.06 -0.0184228 -5.66573e-006
0.07 -0.00888722 -3.02064e-006
0.08 -0.0105269 -3.47547e-006
0.09 -0.00717378 -2.54534e-006
0.1 -0.00609879 -2.24715e-006
0.11 -0.00487082 -1.90652e-006
0.12 -0.00486115 -1.90384e-006
0.13 -0.00560533 -2.11027e-006
0.14 -0.00711268 -2.5284e-006
0.15 -0.00897474 -3.04492e-006
0.16 -0.0108338 -3.5606e-006
0.17 -0.0123113 -3.97044e-006
0.18 -0.0131559 -4.20475e-006
0.19 -0.0132742 -4.23755e-006
0.2 -0.0127521 -4.09272e-006
0.21 -0.0118151 -3.83281e-006
0.22 -0.0107704 -3.54302e-006
0.23 -0.00993124 -3.31024e-006
0.24 -0.00954516 -3.20315e-006
0.25 -0.00973994 -3.25718e-006
0.26 -0.010502 -3.46858e-006
0.27 -0.0116961 -3.79981e-006
0.28 -0.0131062 -4.19096e-006
0.29 -0.0144808 -4.57226e-006
0.3 -0.0155858 -4.87877e-006
0.31 -0.0162597 -5.06573e-006
0.32 -0.0164445 -5.11697e-006
0.33 -0.016184 -5.04473e-006
0.34 -0.015612 -4.88604e-006
0.35 -0.0149246 -4.69538e-006
0.36 -0.0143318 -4.53092e-006
0.37 -0.0139998 -4.43882e-006
0.38 -0.0140114 -4.44205e-006
0.39 -0.0143519 -4.53651e-006
0.4 -0.0149238 -4.69513e-006
0.41 -0.0155793 -4.87697e-006
0.42 -0.0161546 -5.03656e-006
0.43 -0.0165005 -5.1325e-006
0.44 -0.016514 -5.13625e-006
0.45 -0.0161627 -5.03882e-006
0.46 -0.0154947 -4.8535e-006
0.47 -0.0146248 -4.6122e-006
0.48 -0.0136933 -4.35381e-006
0.49 -0.0128287 -4.11399e-006
0.5 -0.0121354 -3.92166e-006
0.51 -0.0116769 -3.79447e-006
0.52 -0.0114507 -3.73173e-006
0.53 -0.0113958 -3.71651e-006
0.54 -0.011434 -3.7271e-006
0.55 -0.0114967 -3.7445e-006
0.56 -0.0115087 -3.74781e-006
0.57 -0.0113692 -3.70914e-006
0.58 -0.0109957 -3.60553e-006
0.59 -0.0103918 -3.438e-006
0.6 -0.00965607 -3.23391e-006
0.61 -0.00891933 -3.02955e-006
0.62 -0.00828325 -2.8531e-006
0.63 -0.00782635 -2.72636e-006
0.64 -0.00761011 -2.66638e-006
0.65 -0.0076247 -2.67042e-006
0.66 -0.00778939 -2.71611e-006
0.67 -0.008029 -2.78258e-006
0.68 -0.0082907 -2.85517e-006
0.69 -0.00851729 -2.91802e-006
0.7 -0.00866671 -2.95947e-006
0.71 -0.00874542 -2.98131e-006
0.72 -0.00879356 -2.99466e-006
0.73 -0.00884661 -3.00938e-006
0.74 -0.00890788 -3.02637e-006
0.75 -0.00895865 -3.04046e-006
0.76 -0.00900526 -3.05338e-006
0.77 -0.00909891 -3.07936e-006
0.78 -0.00930887 -3.1376e-006
0.79 -0.00966898 -3.2375e-006
0.8 -0.0101454 -3.36964e-006
0.81 -0.010677 -3.51712e-006
0.82 -0.0112266 -3.66956e-006
0.83 -0.0117692 -3.82008e-006
0.84 -0.0122677 -3.95837e-006
0.85 -0.0127031 -4.07914e-006
0.86 -0.0130872 -4.18568e-006
0.87 -0.0133901 -4.26971e-006
0.88 -0.0135434 -4.31222e-006
0.89 -0.0135652 -4.31828e-006
0.9 -0.013591 -4.32543e-006
0.91 -0.0137378 -4.36615e-006
0.92 -0.0139555 -4.42654e-006
0.93 -0.0140677 -4.45768e-006
0.94 -0.0139751 -4.43198e-006
0.95 -0.0137556 -4.3711e-006
0.96 -0.0135627 -4.31759e-006
0.97 -0.0134396 -4.28342e-006
0.98 -0.0132655 -4.23514e-006
0.99 -0.0129282 -4.14158e-006
1 -0.0124594 -4.01155e-006
1.01 -0.0119545 -3.87149e-006
1.02 -0.0114781 -3.73933e-006
1.03 -0.0110646 -3.62463e-006
1.04 -0.0107156 -3.52782e-006
1.05 -0.0103852 -3.43617e-006
1.06 -0.0100114 -3.33248e-006
1.07 -0.00958337 -3.21375e-006
1.08 -0.00918788 -3.10404e-006
1.09 -0.00890948 -3.02681e-006
1.1 -0.00867246 -2.96107e-006
1.11 -0.00831636 -2.86229e-006
1.12 -0.00781756 -2.72392e-006
1.13 -0.00732791 -2.5881e-006
1.14 -0.00701423 -2.50109e-006
1.15 -0.00700098 -2.49741e-006
1.16 -0.00736796 -2.59921e-006
1.17 -0.00801365 -2.77832e-006
1.18 -0.00866763 -2.95973e-006
1.19 -0.00910169 -3.08013e-006
1.2 -0.0092551 -3.12269e-006
1.21 -0.00921416 -3.11133e-006
1.22 -0.0091166 -3.08427e-006
1.23 -0.00908279 -3.07489e-006
1.24 -0.00920554 -3.10894e-006
1.25 -0.00956716 -3.20925e-006
1.26 -0.0102166 -3.38941e-006
1.27 -0.0111058 -3.63606e-006
1.28 -0.0120989 -3.91154e-006
1.29 -0.0130094 -4.16412e-006
1.3 -0.0136508 -4.34203e-006
1.31 -0.0139643 -4.42899e-006
1.32 -0.0140559 -4.45438e-006
1.33 -0.0140974 -4.46592e-006
1.34 -0.0143049 -4.52346e-006
1.35 -0.0148742 -4.68138e-006
1.36 -0.0157602 -4.92716e-006
1.37 -0.0166783 -5.18182e-006
1.38 -0.0173618 -5.37143e-006
1.39 -0.0177637 -5.48291e-006
1.4 -0.0180183 -5.55355e-006
1.41 -0.0181384 -5.58685e-006
1.42 -0.0179335 -5.53e-006
1.43 -0.0173234 -5.36077e-006
1.44 -0.0164438 -5.11678e-006
1.45 -0.0154734 -4.84761e-006
1.46 -0.0145112 -4.58069e-006
1.47 -0.0135082 -4.30246e-006
1.48 -0.0122407 -3.95086e-006
1.49 -0.0104106 -3.44322e-006
1.5 -0.00791041 -2.74968e-006
1.51 -0.00507407 -1.9629e-006
1.52 -0.00253718 -1.25918e-006
1.53 -0.000679492 -7.43876e-007
1.54 0.000640904 -3.77142e-007
1.55 0.00174267 -7.15209e-008
1.56 0.00280808 2.24018e-007
1.57 0.00390571 5.28492e-007
1.58 0.00502481 8.38923e-007
1.59 0.00608664 1.13347e-006
1.6 0.00706905 1.40598e-006
1.61 0.00808795 1.68862e-006
1.62 0.00917894 1.99125e-006
1.63 0.00990349 2.19223e-006
1.64 0.00939554 2.05133e-006
1.65 0.0071138 1.41839e-006
1.66 0.00344186 3.99824e-007
1.67 -0.000577573 -7.15153e-007
1.68 -0.0039843 -1.66024e-006
1.69 -0.00638822 -2.32713e-006
1.7 -0.00788441 -2.7422e-006
1.71 -0.00880743 -2.99826e-006
1.72 -0.00967606 -3.23924e-006
1.73 -0.0110564 -3.62217e-006
1.74 -0.0133079 -4.24678e-006
1.75 -0.0165167 -5.13696e-006
1.76 -0.0205388 -6.25275e-006
1.77 -0.0249367 -7.47282e-006
1.78 -0.0289443 -8.5846e-006
1.79 -0.0318107 -9.3798e-006
1.8 -0.0333221 -9.79907e-006
1.81 -0.0338645 -9.94955e-006
1.82 -0.0340327 -9.99622e-006
1.83 -0.0342637 -1.00603e-005
1.84 -0.0347171 -1.01861e-005
1.85 -0.0352767 -1.03413e-005
1.86 -0.0356228 -1.04373e-005
1.87 -0.035593 -1.04291e-005
1.88 -0.035548 -1.04166e-005
1.89 -0.0359918 -1.05397e-005
1.9 -0.03673 -1.07445e-005
1.91 -0.0368657 -1.07821e-005
1.92 -0.0356201 -1.04366e-005
1.93 -0.0327868 -9.65067e-006
1.94 -0.0285993 -8.48908e-006
1.95 -0.0235201 -7.08017e-006
1.96 -0.0182121 -5.60776e-006
1.97 -0.0134479 -4.28621e-006
1.98 -0.00971486 -3.25069e-006
1.99 -0.00694271 -2.48171e-006
2 -0.00462498 -1.83879e-006
2.01 -0.0020947 -1.13691e-006
2.02 0.00119515 -2.23398e-007
2.03 0.00556981 9.90102e-007
2.04 0.0110279 2.50413e-006
2.05 0.0170183 4.16583e-006
2.06 0.0225856 5.71015e-006
2.07 0.0270672 6.95331e-006
2.08 0.0304504 7.89179e-006
2.09 0.0329997 8.59894e-006
2.1 0.0347855 9.09431e-006
2.11 0.0356978 9.34738e-006
2.12 0.0358365 9.38585e-006
2.13 0.0356042 9.32141e-006
2.14 0.0354006 9.26494e-006
2.15 0.0353464 9.24991e-006
2.16 0.0351597 9.19812e-006
2.17 0.0343507 8.97372e-006
2.18 0.0326524 8.50263e-006
2.19 0.0300717 7.78675e-006
2.2 0.0265436 6.80809e-006
2.21 0.0219434 5.53202e-006
2.22 0.0164167 3.99895e-006
2.23 0.0103936 2.32819e-006
2.24 0.00426155 6.272e-007
2.25 -0.00183581 -1.06421e-006
2.26 -0.00784829 -2.73218e-006
2.27 -0.0137778 -4.37713e-006
2.28 -0.0197998 -6.04774e-006
2.29 -0.0261014 -7.79592e-006
2.3 -0.0326347 -9.60839e-006
2.31 -0.0392037 -1.14307e-005
2.32 -0.0456075 -1.32073e-005
2.33 -0.0516098 -1.48724e-005
2.34 -0.0569544 -1.63551e-005
2.35 -0.0614454 -1.7601e-005
2.36 -0.0650017 -1.85876e-005
2.37 -0.0675723 -1.93007e-005
2.38 -0.0691135 -1.97283e-005
2.39 -0.0698322 -1.99276e-005
2.4 -0.0699955 -1.99729e-005
2.41 -0.0695199 -1.9841e-005
2.42 -0.0681441 -1.94594e-005
2.43 -0.0657362 -1.87914e-005
2.44 -0.0622152 -1.78147e-005
2.45 -0.0575345 -1.65164e-005
2.46 -0.0518573 -1.49415e-005
2.47 -0.0455169 -1.31827e-005
2.48 -0.0387845 -1.13152e-005
2.49 -0.0317624 -9.36737e-006
2.5 -0.024387 -7.32148e-006
2.51 -0.0165702 -5.15314e-006
2.52 -0.00838261 -2.88197e-006
2.53 -9.83475e-006 -5.59421e-007
2.54 0.0083174 1.75226e-006
2.55 0.01635 3.98044e-006
2.56 0.0238594 6.06351e-006
2.57 0.0307046 7.9623e-006
2.58 0.0368291 9.66119e-006
2.59 0.042304 1.11799e-005
2.6 0.0472968 1.25649e-005
2.61 0.0518376 1.38245e-005
2.62 0.0556571 1.4884e-005
2.63 0.0583779 1.56387e-005
2.64 0.0599612 1.60779e-005
2.65 0.0609235 1.63448e-005
2.66 0.0618178 1.65929e-005
2.67 0.0625613 1.67991e-005
2.68 0.0624621 1.67716e-005
2.69 0.0608673 1.63292e-005
2.7 0.0577709 1.54703e-005
2.71 0.053759 1.43574e-005
2.72 0.0493962 1.31472e-005
2.73 0.0447114 1.18477e-005
2.74 0.0392877 1.03432e-005
2.75 0.0328202 8.54918e-006
2.76 0.0254133 6.49455e-006
2.77 0.0173933 4.26984e-006
2.78 0.00896269 1.93126e-006
2.79 -7.6165e-006 -5.57037e-007
2.8 -0.00976178 -3.26302e-006
2.81 -0.0201014 -6.13141e-006
2.82 -0.0302742 -8.95355e-006
2.83 -0.0395439 -1.15251e-005
2.84 -0.0476379 -1.37705e-005
2.85 -0.0547602 -1.57464e-005
2.86 -0.0612404 -1.75441e-005
2.87 -0.0673565 -1.92408e-005
2.88 -0.0732841 -2.08853e-005
2.89 -0.079068 -2.24898e-005
2.9 -0.0843362 -2.39513e-005
2.91 -0.0886881 -2.51586e-005
2.92 -0.0918997 -2.60496e-005
2.93 -0.0939035 -2.66054e-005
2.94 -0.094584 -2.67942e-005
2.95 -0.0938511 -2.65909e-005
2.96 -0.0917457 -2.60069e-005
2.97 -0.0882784 -2.50451e-005
2.98 -0.0832955 -2.36629e-005
2.99 -0.0767399 -2.18444e-005
3 -0.0689529 -1.96844e-005
3.01 -0.0605493 -1.73533e-005
3.02 -0.0519786 -1.49758e-005
3.03 -0.043267 -1.25593e-005
3.04 -0.0340678 -1.00075e-005
3.05 -0.0239661 -7.20535e-006
3.06 -0.0128299 -4.11623e-006
3.07 -0.000888166 -8.03685e-007
3.08 0.0113697 2.59895e-006
3.09 0.0235132 5.96747e-006
3.1 0.035292 9.23482e-006
3.11 0.0463818 1.23111e-005
3.12 0.0560787 1.50009e-005
3.13 0.0636595 1.71038e-005
3.14 0.0690247 1.8592e-005
3.15 0.0728604 1.9656e-005
3.16 0.0761497 2.05685e-005
3.17 0.0796254 2.15326e-005
3.18 0.0834598 2.25962e-005
3.19 0.0870967 2.36051e-005
3.2 0.0895581 2.42878e-005
3.21 0.0902291 2.4474e-005
3.22 0.0892431 2.42005e-005
3.23 0.0870608 2.35951e-005
3.24 0.083965 2.27363e-005
3.25 0.0800002 2.16365e-005
3.26 0.0749697 2.02411e-005
3.27 0.0683671 1.84096e-005
3.28 0.0597204 1.60111e-005
3.29 0.0491906 1.30902e-005
3.3 0.0376585 9.89126e-006
3.31 0.026182 6.70777e-006
3.32 0.0153688 3.70826e-006
3.33 0.00530013 9.15295e-007
3.34 -0.0040439 -1.67677e-006
3.35 -0.0127317 -4.08691e-006
3.36 -0.021269 -6.45532e-006
3.37 -0.0305484 -9.0296e-006
3.38 -0.0412764 -1.20057e-005
3.39 -0.0534262 -1.53763e-005
3.4 -0.0660845 -1.8888e-005
3.41 -0.0776636 -2.21002e-005
3.42 -0.0866861 -2.46032e-005
3.43 -0.0925988 -2.62435e-005
3.44 -0.0959013 -2.71597e-005
3.45 -0.097446 -2.75882e-005
3.46 -0.098038 -2.77524e-005
3.47 -0.0981781 -2.77913e-005
3.48 -0.0980567 -2.77576e-005
3.49 -0.0975981 -2.76304e-005
3.5 -0.0963918 -2.72958e-005
3.51 -0.0937688 -2.65682e-005
3.52 -0.0893735 -2.5349e-005
3.53 -0.0835227 -2.3726e-005
3.54 -0.0767339 -2.18428e-005
3.55 -0.0691373 -1.97356e-005
3.56 -0.0603885 -1.73087e-005
3.57 -0.0500959 -1.44536e-005
3.58 -0.03831 -1.11843e-005
3.59 -0.0255873 -7.65512e-006
3.6 -0.0128129 -4.11162e-006
3.61 -0.000903235 -8.07956e-007
3.62 0.00967399 2.12857e-006
3.63 0.0191963 4.77e-006
3.64 0.0282936 7.29351e-006
3.65 0.0374536 9.83444e-006
3.66 0.0467745 1.242e-005
3.67 0.0561617 1.50239e-005
3.68 0.0654881 1.7611e-005
3.69 0.0743397 2.00664e-005
3.7 0.0819549 2.21788e-005
3.71 0.0875918 2.37424e-005
3.72 0.0907364 2.46147e-005
3.73 0.0912213 2.47492e-005
3.74 0.0894622 2.42612e-005
3.75 0.0862318 2.33651e-005
3.76 0.0821071 2.2221e-005
3.77 0.0772965 2.08866e-005
3.78 0.0718009 1.93621e-005
3.79 0.0655257 1.76214e-005
3.8 0.0582791 1.56113e-005
3.81 0.049911 1.329e-005
3.82 0.0406054 1.07087e-005
3.83 0.0308213 7.99469e-006
3.84 0.0207351 5.19684e-006
3.85 0.0100029 2.2198e-006
3.86 -0.00164508 -1.0113e-006
3.87 -0.0138419 -4.39493e-006
3.88 -0.0257891 -7.70928e-006
3.89 -0.036841 -1.07753e-005
3.9 -0.0466993 -1.35101e-005
3.91 -0.0551258 -1.58478e-005
3.92 -0.0617411 -1.7683e-005
3.93 -0.0663576 -1.89637e-005
3.94 -0.0694646 -1.98257e-005
3.95 -0.0718076 -2.04756e-005
3.96 -0.0737941 -2.10267e-005
3.97 -0.0755402 -2.15111e-005
3.98 -0.0770484 -2.19295e-005
3.99 -0.0781941 -2.22474e-005
4 -0.0784237 -2.23111e-005
4.01 -0.0767518 -2.18473e-005
4.02 -0.0725437 -2.068e-005
4.03 -0.0661811 -1.89151e-005
4.04 -0.0585682 -1.68033e-005
4.05 -0.050517 -1.457e-005
4.06 -0.0428208 -1.24351e-005
4.07 -0.0360974 -1.05701e-005
4.08 -0.0301784 -8.92817e-006
4.09 -0.02411 -7.24483e-006
4.1 -0.0169047 -5.24616e-006
4.11 -0.00808881 -2.80068e-006
4.12 0.00213096 3.619e-008
4.13 0.0128907 3.02088e-006
4.14 0.0231211 5.8587e-006
4.15 0.0322009 8.37736e-006
4.16 0.0399399 1.05241e-005
4.17 0.0463024 1.2289e-005
4.18 0.051324 1.3682e-005
4.19 0.0551154 1.47337e-005
4.2 0.0579629 1.55236e-005
4.21 0.0601866 1.61404e-005
4.22 0.0617793 1.65822e-005
4.23 0.06257 1.68015e-005
4.24 0.0625758 1.68032e-005
4.25 0.0617099 1.65629e-005
4.26 0.0596267 1.59851e-005
4.27 0.056101 1.50071e-005
4.28 0.051107 1.36218e-005
4.29 0.0447359 1.18545e-005
4.3 0.0374137 9.82337e-006
4.31 0.0297841 7.70697e-006
4.32 0.0221532 5.59021e-006
4.33 0.0143808 3.4342e-006
4.34 0.00632839 1.20053e-006
4.35 -0.00190196 -1.08256e-006
4.36 -0.0101567 -3.37258e-006
4.37 -0.0183633 -5.64924e-006
4.38 -0.0263907 -7.87617e-006
4.39 -0.0337742 -9.92449e-006
4.4 -0.0398232 -1.16026e-005
4.41 -0.0442689 -1.28359e-005
4.42 -0.0476056 -1.37616e-005
4.43 -0.0507665 -1.46385e-005
4.44 -0.0546206 -1.57077e-005
4.45 -0.0594593 -1.705e-005
4.46 -0.0646016 -1.84766e-005
4.47 -0.0688366 -1.96514e-005
4.48 -0.0712474 -2.03202e-005
4.49 -0.0713835 -2.0358e-005
4.5 -0.0690751 -1.97176e-005
4.51 -0.0646635 -1.84939e-005
4.52 -0.0591589 -1.6967e-005
4.53 -0.0535328 -1.54063e-005
4.54 -0.048048 -1.38849e-005
4.55 -0.0425698 -1.23653e-005
4.56 -0.0369705 -1.08121e-005
4.57 -0.0311064 -9.18541e-006
4.58 -0.0249082 -7.46609e-006
4.59 -0.018629 -5.72427e-006
4.6 -0.0127537 -4.09452e-006
4.61 -0.00742376 -2.61602e-006
4.62 -0.00203237 -1.12049e-006
4.63 0.00415069 5.96448e-007
4.64 0.0109448 2.48107e-006
4.65 0.0171896 4.21336e-006
4.66 0.0217251 5.47145e-006
4.67 0.0241411 6.14164e-006
4.68 0.0247821 6.31944e-006
4.69 0.0242456 6.17063e-006
4.7 0.022843 5.78157e-006
4.71 0.0205344 5.14117e-006
4.72 0.017373 4.26422e-006
4.73 0.0136788 3.23949e-006
4.74 0.00967413 2.12861e-006
4.75 0.00531716 9.20018e-007
4.76 0.000382289 -4.4888e-007
4.77 -0.00554201 -2.09238e-006
4.78 -0.0127094 -4.08074e-006
4.79 -0.0207024 -6.29814e-006
4.8 -0.0286763 -8.51025e-006
4.81 -0.0360288 -1.055e-005
4.82 -0.0426022 -1.23735e-005
4.83 -0.0485577 -1.40257e-005
4.84 -0.0542923 -1.56166e-005
4.85 -0.0601491 -1.72414e-005
4.86 -0.0657753 -1.88022e-005
4.87 -0.0701559 -2.00174e-005
4.88 -0.0727988 -2.07506e-005
4.89 -0.0741414 -2.11231e-005
4.9 -0.0747736 -2.12985e-005
4.91 -0.0748893 -2.13306e-005
4.92 -0.074641 -2.12617e-005
4.93 -0.0744666 -2.12133e-005
4.94 -0.0745492 -2.12362e-005
4.95 -0.0742407 -2.11507e-005
4.96 -0.072534 -2.06772e-005
4.97 -0.0689128 -1.96727e-005
4.98 -0.0634037 -1.81445e-005
4.99 -0.0562401 -1.61574e-005
5 -0.0481509 -1.39135e-005
5.01 -0.040512 -1.17945e-005
5.02 -0.03431 -1.00742e-005
5.03 -0.0293113 -8.68755e-006
5.04 -0.0246773 -7.40213e-006
5.05 -0.0197487 -6.03495e-006
5.06 -0.0139688 -4.43166e-006
5.07 -0.00709145 -2.52393e-006
5.08 0.000229806 -4.91177e-007
5.09 0.00680514 1.33277e-006
5.1 0.0117696 2.70987e-006
5.11 0.0147436 3.53483e-006
5.12 0.0154446 3.7293e-006
5.13 0.0139478 3.3141e-006
5.14 0.011292 2.5774e-006
5.15 0.00900804 1.94384e-006
5.16 0.00777682 1.60231e-006
5.17 0.00711165 1.4178e-006
5.18 0.00610149 1.13759e-006
5.19 0.00373958 4.8241e-007
5.2 -0.00111565 -8.64426e-007
5.21 -0.009057 -3.0675e-006
5.22 -0.0190844 -5.84929e-006
5.23 -0.0289778 -8.59388e-006
5.24 -0.0367571 -1.0752e-005
5.25 -0.0414116 -1.20432e-005
5.26 -0.0429728 -1.24764e-005
5.27 -0.0424159 -1.23219e-005
5.28 -0.0410213 -1.1935e-005
5.29 -0.0396878 -1.15651e-005
5.3 -0.0391064 -1.14038e-005
5.31 -0.0399482 -1.16374e-005
5.32 -0.0421871 -1.22584e-005
5.33 -0.0447484 -1.29689e-005
5.34 -0.0461431 -1.33559e-005
5.35 -0.0453044 -1.31232e-005
5.36 -0.0418823 -1.21739e-005
5.37 -0.0358924 -1.05124e-005
5.38 -0.0274552 -8.17196e-006
5.39 -0.0171141 -5.30343e-006
5.4 -0.006264 -2.29368e-006
5.41 0.00359685 4.42818e-007
5.42 0.011246 2.56464e-006
5.43 0.0162949 3.96516e-006
5.44 0.0194316 4.83528e-006
5.45 0.0219379 5.53048e-006
5.46 0.0247779 6.31828e-006
5.47 0.0282628 7.28497e-006
5.48 0.0322291 8.38521e-006
5.49 0.0362703 9.5062e-006
5.5 0.0401216 1.05745e-005
5.51 0.0437935 1.15931e-005
5.52 0.0468787 1.24489e-005
5.53 0.048345 1.28556e-005
5.54 0.0474444 1.26058e-005
5.55 0.0440448 1.16628e-005
5.56 0.0382145 1.00455e-005
5.57 0.0304005 7.87795e-006
5.58 0.0217877 5.48884e-006
5.59 0.0139362 3.31088e-006
5.6 0.00807782 1.68581e-006
5.61 0.00462983 7.29358e-007
5.62 0.00309812 3.04473e-007
5.63 0.00212463 3.44326e-008
5.64 4.17938e-005 -5.4333e-007
5.65 -0.00416165 -1.70944e-006
5.66 -0.0102559 -3.40009e-006
5.67 -0.0170044 -5.27224e-006
5.68 -0.0230936 -6.96151e-006
5.69 -0.028129 -8.3584e-006
5.7 -0.0326361 -9.60877e-006
5.71 -0.0372165 -1.08795e-005
5.72 -0.0419678 -1.21975e-005
5.73 -0.0466579 -1.34987e-005
5.74 -0.0513685 -1.48055e-005
5.75 -0.0567432 -1.62965e-005
5.76 -0.0635156 -1.81753e-005
5.77 -0.0718902 -2.04986e-005
5.78 -0.0813588 -2.31253e-005
5.79 -0.0908347 -2.57541e-005
5.8 -0.0988372 -2.79742e-005
5.81 -0.104152 -2.94486e-005
5.82 -0.107385 -3.03453e-005
5.83 -0.111202 -3.14043e-005
5.84 -0.117917 -3.32672e-005
5.85 -0.127019 -3.57924e-005
5.86 -0.135508 -3.81472e-005
5.87 -0.140388 -3.9501e-005
5.88 -0.140319 -3.94819e-005
5.89 -0.135649 -3.81865e-005
5.9 -0.12781 -3.60121e-005
5.91 -0.118262 -3.33634e-005
5.92 -0.108046 -3.05298e-005
5.93 -0.0978394 -2.76984e-005
5.94 -0.0875308 -2.48389e-005
5.95 -0.0760136 -2.16441e-005
5.96 -0.061754 -1.76886e-005
5.97 -0.043797 -1.27074e-005
5.98 -0.0222767 -6.73787e-006
5.99 0.00209086 2.50668e-008
6 0.029046 7.50224e-006
6.01 0.059017 1.5816e-005
6.02 0.092415 2.50803e-005
6.03 0.129246 3.5297e-005
6.04 0.169041 4.63358e-005
6.05 0.210175 5.77462e-005
6.06 0.249903 6.87664e-005
6.07 0.28527 7.85768e-005
6.08 0.313977 8.654e-005
6.09 0.335184 9.24226e-005
6.1 0.349587 9.64181e-005
6.11 0.358467 9.88811e-005
6.12 0.362727 0.000100063
6.13 0.362606 0.000100029
6.14 0.357355 9.85728e-005
6.15 0.345069 9.51648e-005
6.16 0.32377 8.92566e-005
6.17 0.292439 8.05654e-005
6.18 0.25127 6.91456e-005
6.19 0.20207 5.54977e-005
6.2 0.148361 4.05992e-005
6.21 0.093663 2.54265e-005
6.22 0.0392976 1.0346e-005
6.23 -0.0158803 -4.96042e-006
6.24 -0.0735659 -2.09634e-005
6.25 -0.133128 -3.74871e-005
6.26 -0.191007 -5.35438e-005
6.27 -0.241129 -6.76814e-005
6.28 -0.280052 -7.87595e-005
6.29 -0.307713 -8.66591e-005
6.3 -0.327736 -9.2391e-005
6.31 -0.344378 -9.71643e-005
6.32 -0.359027 -0.000101373
6.33 -0.369903 -0.000104501
6.34 -0.373866 -0.000105642
6.35 -0.368041 -0.000104026
6.36 -0.351867 -9.95395e-005
6.37 -0.328518 -9.30628e-005
6.38 -0.303908 -8.62361e-005
6.39 -0.282297 -8.02415e-005
6.4 -0.262871 -7.48529e-005
6.41 -0.241896 -6.90344e-005
6.42 -0.216544 -6.20021e-005
6.43 -0.185418 -5.33678e-005
6.44 -0.148094 -4.30145e-005
6.45 -0.105932 -3.1319e-005
6.46 -0.0620939 -1.91586e-005
6.47 -0.01943 -7.324e-006
6.48 0.0209139 3.8995e-006
6.49 0.0598976 1.47133e-005
6.5 0.098177 2.53317e-005
6.51 0.135781 3.57628e-005
6.52 0.172547 4.59614e-005
6.53 0.209325 5.61633e-005
6.54 0.247605 6.67819e-005
6.55 0.287313 7.77968e-005
6.56 0.325718 8.845e-005
6.57 0.358758 9.76149e-005
6.58 0.382861 0.000104301
6.59 0.396405 0.000108058
6.6 0.400376 0.00010916
6.61 0.397197 0.000108278
6.62 0.388776 0.000105942
6.63 0.375603 0.000102288
6.64 0.356962 9.71167e-005
6.65 0.331773 9.01297e-005
6.66 0.29969 8.123e-005
6.67 0.261407 7.06105e-005
6.68 0.217872 5.85342e-005
6.69 0.169602 4.51446e-005
6.7 0.117202 3.06092e-005
6.71 0.0625728 1.54554e-005
6.72 0.00886411 5.56966e-007
6.73 -0.0414626 -1.34069e-005
6.74 -0.0889243 -2.65765e-005
6.75 -0.136202 -3.9695e-005
6.76 -0.186511 -5.36547e-005
6.77 -0.241972 -6.90442e-005
6.78 -0.302736 -8.5905e-005
6.79 -0.366727 -0.000103661
6.8 -0.428274 -0.000121352
6.81 -0.484977 -0.000137821
6.82 -0.534054 -0.000152155
6.83 -0.57384 -0.000163831
6.84 -0.603168 -0.00017247
6.85 -0.621052 -0.000177751
6.86 -0.627877 -0.00017977
6.87 -0.625297 -0.000179054
6.88 -0.614806 -0.000176144
6.89 -0.596253 -0.000170997
6.9 -0.568217 -0.00016322
6.91 -0.53005 -0.000152633
6.92 -0.483095 -0.000139608
6.93 -0.429246 -0.000124671
6.94 -0.368672 -0.000107868
6.95 -0.299848 -8.87767e-005
6.96 -0.221878 -6.71484e-005
6.97 -0.136443 -4.34494e-005
6.98 -0.0475576 -1.87932e-005
6.99 0.0397471 5.58017e-006
7 0.122452 2.8522e-005
7.01 0.19612 4.89567e-005
7.02 0.257262 6.59172e-005
7.03 0.304788 7.91007e-005
7.04 0.342059 8.94393e-005
7.05 0.376406 9.89669e-005
7.06 0.41477 0.000109609
7.07 0.459209 0.000121936
7.08 0.507567 0.00013535
7.09 0.556185 0.000148836
7.1 0.597661 0.000160341
7.11 0.629797 0.000169256
7.12 0.650156 0.000174903
7.13 0.658116 0.000177111
7.14 0.655807 0.000176471
7.15 0.646287 0.00017383
7.16 0.631877 0.000169833
7.17 0.61364 0.000164774
7.18 0.591508 0.000158635
7.19 0.564182 0.000151055
7.2 0.529408 0.000141408
7.21 0.484832 0.000129043
7.22 0.428043 0.000113291
7.23 0.357497 9.37216e-005
7.24 0.273519 7.04269e-005
7.25 0.179292 4.42888e-005
7.26 0.0797774 1.66843e-005
7.27 -0.020175 -1.10468e-005
7.28 -0.11759 -3.80933e-005
7.29 -0.211901 -6.42777e-005
7.3 -0.302837 -8.95254e-005
7.31 -0.391333 -0.000114096
7.32 -0.47828 -0.000138235
7.33 -0.56218 -0.00016153
7.34 -0.638757 -0.00018299
7.35 -0.698198 -0.000200653
7.36 -0.739175 -0.000212898
7.37 -0.76314 -0.000220085
7.38 -0.774271 -0.000223429
7.39 -0.774483 -0.000223493
7.4 -0.763108 -0.000220338
7.41 -0.7404 -0.000214039
7.42 -0.707917 -0.000205028
7.43 -0.667217 -0.000193738
7.44 -0.617512 -0.00017995
7.45 -0.55582 -0.000162837
7.46 -0.480216 -0.000141865
7.47 -0.391976 -0.000117388
7.48 -0.296189 -9.08177e-005
7.49 -0.199588 -6.40213e-005
7.5 -0.107714 -3.85362e-005
7.51 -0.0239235 -1.52932e-005
7.52 0.0488978 5.20183e-006
7.53 0.112408 2.2819e-005
7.54 0.166706 3.78811e-005
7.55 0.214916 5.1254e-005
7.56 0.259842 6.37161e-005
7.57 0.305968 7.65113e-005
7.58 0.353454 8.96836e-005
7.59 0.396212 0.000101544
7.6 0.426922 0.000110063
7.61 0.442345 0.000114341
7.62 0.444396 0.00011491
7.63 0.438561 0.000113292
7.64 0.430281 0.000110995
7.65 0.422445 0.000108821
7.66 0.414811 0.000106703
7.67 0.405129 0.000104018
7.68 0.391772 0.000100313
7.69 0.375566 9.58172e-005
7.7 0.357884 9.09123e-005
7.71 0.338407 8.55095e-005
7.72 0.314835 7.89709e-005
7.73 0.286248 7.10411e-005
7.74 0.253703 6.20132e-005
7.75 0.218278 5.21866e-005
7.76 0.180657 4.17508e-005
7.77 0.14231 3.11137e-005
7.78 0.104089 2.05114e-005
7.79 0.0669259 1.02027e-005
7.8 0.0304957 9.72359e-008
7.81 -0.00502734 -9.75852e-006
7.82 -0.0423765 -2.01331e-005
7.83 -0.084957 -3.19609e-005
7.84 -0.136501 -4.62784e-005
7.85 -0.197546 -6.32352e-005
7.86 -0.264625 -8.1868e-005
7.87 -0.332451 -0.000100708
7.88 -0.395643 -0.000118261
7.89 -0.449296 -0.000133165
7.9 -0.489517 -0.000144337
7.91 -0.513947 -0.000151123
7.92 -0.523198 -0.000153693
7.93 -0.521291 -0.000153164
7.94 -0.514115 -0.000151173
7.95 -0.506226 -0.000148985
7.96 -0.497779 -0.000146642
7.97 -0.486413 -0.000143489
7.98 -0.468952 -0.000138645
7.99 -0.441318 -0.00013098
8 -0.401246 -0.000119864
8.01 -0.348263 -0.000105167
8.02 -0.281829 -8.67387e-005
8.03 -0.201462 -6.44454e-005
8.04 -0.109507 -3.89378e-005
8.05 -0.0130657 -1.21857e-005
8.06 0.0789812 1.35468e-005
8.07 0.16293 3.68336e-005
8.08 0.237142 5.74195e-005
8.09 0.301972 7.54028e-005
8.1 0.359904 9.14728e-005
8.11 0.41037 0.000105472
8.12 0.453557 0.000117451
8.13 0.490866 0.0001278
8.14 0.520714 0.00013608
8.15 0.542685 0.000142175
8.16 0.557669 0.000146331
8.17 0.565773 0.000148579
8.18 0.565728 0.000148567
8.19 0.555395 0.0001457
8.2 0.53321 0.000139547
8.21 0.499238 0.000130123
8.22 0.456042 0.000118141
8.23 0.408476 0.000104946
8.24 0.363589 9.24949e-005
8.25 0.326486 8.22027e-005
8.26 0.297469 7.41536e-005
8.27 0.276424 6.83158e-005
8.28 0.2629 6.45644e-005
8.29 0.25522 6.24342e-005
8.3 0.25045 6.11108e-005
8.31 0.248623 6.0604e-005
8.32 0.25028 6.10637e-005
8.33 0.254989 6.23699e-005
8.34 0.259533 6.36305e-005
8.35 0.261201 6.40933e-005
8.36 0.259859 6.37209e-005
8.37 0.257218 6.29883e-005
8.38 0.255445 6.24966e-005
8.39 0.255656 6.2555e-005
8.4 0.258354 6.33036e-005
8.41 0.263907 6.4844e-005
8.42 0.272473 6.72201e-005
8.43 0.283572 7.02988e-005
8.44 0.296096 7.37728e-005
8.45 0.309042 7.7364e-005
8.46 0.321927 8.09381e-005
8.47 0.3337 8.4204e-005
8.48 0.344366 8.71625e-005
8.49 0.35664 9.05674e-005
8.5 0.370041 9.42846e-005
8.51 0.382341 9.76967e-005
8.52 0.392439 0.000100498
8.53 0.398399 0.000102151
8.54 0.398821 0.000102268
8.55 0.3939 0.000100903
8.56 0.385499 9.85725e-005
8.57 0.375938 9.59204e-005
8.58 0.366261 9.32361e-005
8.59 0.355451 9.02376e-005
8.6 0.341884 8.6474e-005
8.61 0.325768 8.20035e-005
8.62 0.3092 7.74077e-005
8.63 0.29274 7.2842e-005
8.64 0.277319 6.85643e-005
8.65 0.26478 6.50859e-005
8.66 0.256703 6.28455e-005
8.67 0.253032 6.18273e-005
8.68 0.252395 6.16506e-005
8.69 0.253095 6.18446e-005
8.7 0.254192 6.21489e-005
8.71 0.255477 6.25053e-005
8.72 0.255798 6.25946e-005
8.73 0.252163 6.15861e-005
8.74 0.241723 5.86901e-005
8.75 0.224107 5.38037e-005
8.76 0.20156 4.75491e-005
8.77 0.176817 4.06857e-005
8.78 0.149904 3.32203e-005
8.79 0.118903 2.46207e-005
8.8 0.0854215 1.53333e-005
8.81 0.0439575 3.83143e-006
8.82 -0.00992886 -1.112e-005
8.83 -0.074154 -2.89601e-005
8.84 -0.142668 -4.79916e-005
8.85 -0.207145 -6.59015e-005
8.86 -0.261288 -8.09409e-005
8.87 -0.302753 -9.24587e-005
8.88 -0.334028 -0.000101146
8.89 -0.361246 -0.000108707
8.9 -0.389735 -0.00011662
8.91 -0.421517 -0.000125448
8.92 -0.455007 -0.000134751
8.93 -0.487187 -0.00014369
8.94 -0.514676 -0.000151326
8.95 -0.533959 -0.000156682
8.96 -0.542048 -0.000158929
8.97 -0.537701 -0.000157723
8.98 -0.521863 -0.000153329
8.99 -0.496752 -0.000146364
9 -0.465179 -0.000137606
9.01 -0.430102 -0.000127876
9.02 -0.394517 -0.000118005
9.03 -0.360744 -0.000108636
9.04 -0.329561 -9.99863e-005
9.05 -0.299659 -9.16917e-005
9.06 -0.266885 -8.26005e-005
9.07 -0.225603 -7.11491e-005
9.08 -0.17416 -5.68791e-005
9.09 -0.112508 -3.97773e-005
9.1 -0.040995 -1.99402e-005
9.11 0.0370977 1.92858e-006
9.12 0.120563 2.50812e-005
9.13 0.205558 4.86584e-005
9.14 0.287776 7.1465e-005
9.15 0.362806 9.22776e-005
9.16 0.426348 0.000109904
9.17 0.476345 0.000123773
9.18 0.514617 0.000134389
9.19 0.545936 0.000143077
9.2 0.576413 0.000151531
9.21 0.609217 0.00016063
9.22 0.643995 0.000170278
9.23 0.67686 0.000179394
9.24 0.702767 0.00018658
9.25 0.717552 0.000190682
9.26 0.718938 0.000191066
9.27 0.705776 0.000187415
9.28 0.675298 0.000178961
9.29 0.625377 0.000165113
9.3 0.557068 0.000146165
9.31 0.475401 0.000123511
9.32 0.386734 9.89152e-005
9.33 0.295773 7.36833e-005
9.34 0.205084 4.85267e-005
9.35 0.115981 2.38102e-005
9.36 0.0279767 -6.01536e-007
9.37 -0.0569459 -2.41801e-005
9.38 -0.135349 -4.59584e-005
9.39 -0.219082 -6.92172e-005
9.4 -0.309874 -9.4437e-005
9.41 -0.406999 -0.000121416
9.42 -0.509584 -0.000149911
9.43 -0.615168 -0.000179239
9.44 -0.719778 -0.000208297
9.45 -0.814973 -0.000235696
9.46 -0.892614 -0.000259254
9.47 -0.953952 -0.000278016
9.48 -1.00005 -0.000292205
9.49 -1.03455 -0.000302877
9.5 -1.06094 -0.000311068
9.51 -1.07968 -0.0003169
9.52 -1.08882 -0.00031975
9.53 -1.0865 -0.000319108
9.54 -1.07304 -0.000315374
9.55 -1.05061 -0.00030915
9.56 -1.01973 -0.000300587
9.57 -0.979716 -0.000289486
9.58 -0.929779 -0.000275634
9.59 -0.870744 -0.000259258
9.6 -0.804444 -0.000240867
9.61 -0.731937 -0.000220754
9.62 -0.652632 -0.000198755
9.63 -0.565447 -0.000174571
9.64 -0.471413 -0.000148486
9.65 -0.373141 -0.000121227
9.66 -0.274792 -9.39453e-005
9.67 -0.181163 -6.79731e-005
9.68 -0.0933501 -4.36146e-005
9.69 -0.00890591 -2.01904e-005
9.7 0.0714844 2.94658e-006
9.71 0.154035 2.58456e-005
9.72 0.237195 4.89136e-005
9.73 0.320118 7.19158e-005
9.74 0.401642 9.45298e-005
9.75 0.477277 0.000115511
9.76 0.542475 0.000133596
9.77 0.595657 0.000148348
9.78 0.637889 0.000160063
9.79 0.671074 0.000169268
9.8 0.69693 0.000176441
9.81 0.71357 0.000181056
9.82 0.717813 0.000182234
9.83 0.709006 0.00017979
9.84 0.687382 0.000173792
9.85 0.654661 0.000164716
9.86 0.61325 0.000153228
9.87 0.564339 0.000139661
9.88 0.508431 0.000124153
9.89 0.445791 0.000106777
9.9 0.376946 8.76795e-005
9.91 0.30208 6.6912e-005
9.92 0.220628 4.4318e-005
9.93 0.133292 2.00914e-005
9.94 0.0496965 -3.09723e-006
9.95 -0.0335524 -2.62157e-005
9.96 -0.121688 -5.07315e-005
9.97 -0.21275 -7.60615e-005
9.98 -0.30353 -0.000101313
9.99 -0.391458 -0.000125771
10 -0.46961 -0.00014751
