0.1 -0.000894679 -2.48188e-007
0.2 -0.00179159 -4.97017e-007
0.3 -0.00269074 -7.46489e-007
0.4 -0.00359213 -9.96604e-007
0.5 -0.00449577 -1.24736e-006
0.6 -0.00540166 -1.49877e-006
0.7 -0.00630979 -1.75082e-006
0.8 -0.00722019 -2.00352e-006
0.9 -0.00813285 -2.25688e-006
1 -0.00904777 -2.51088e-006
0.01 -0.00895947 -2.48639e-006
0.02 -0.00870767 -2.41654e-006
0.03 -0.00841273 -2.33472e-006
0.04 -0.00818985 -2.2729e-006
0.05 -0.00804936 -2.23393e-006
0.06 -0.0079934 -2.2184e-006
0.07 -0.00801736 -2.22505e-006
0.08 -0.00810837 -2.2503e-006
0.09 -0.0082471 -2.28878e-006
0.1 -0.0084129 -2.33477e-006
0.11 -0.00858908 -2.38364e-006
0.12 -0.00876732 -2.43308e-006
0.13 -0.00894999 -2.48376e-006
0.14 -0.00914754 -2.53858e-006
0.15 -0.00937218 -2.60095e-006
0.16 -0.00963349 -2.6735e-006
0.17 -0.00993614 -2.75753e-006
0.18 -0.0102796 -2.85288e-006
0.19 -0.0106597 -2.95843e-006
0.2 -0.0110681 -3.07184e-006
0.21 -0.0114901 -3.18904e-006
0.22 -0.0119078 -3.30502e-006
0.23 -0.0123029 -3.41476e-006
0.24 -0.01266 -3.51394e-006
0.25 -0.0129686 -3.59965e-006
0.26 -0.0132266 -3.67129e-006
0.27 -0.0134474 -3.73263e-006
0.28 -0.0136607 -3.79189e-006
0.29 -0.0138935 -3.85654e-006
0.3 -0.0141603 -3.93064e-006
0.31 -0.0144639 -4.01498e-006
0.32 -0.0147939 -4.10664e-006
0.33 -0.0151227 -4.19797e-006
0.34 -0.015415 -4.27917e-006
0.35 -0.0156477 -4.34382e-006
0.36 -0.0158117 -4.38938e-006
0.37 -0.0159046 -4.4152e-006
0.38 -0.0159251 -4.42088e-006
0.39 -0.0158724 -4.40629e-006
0.4 -0.0157519 -4.37284e-006
0.41 -0.0155784 -4.32471e-006
0.42 -0.0153705 -4.26705e-006
0.43 -0.0151394 -4.20294e-006
0.44 -0.0148865 -4.1328e-006
0.45 -0.0146083 -4.05563e-006
0.46 -0.0143053 -3.97157e-006
0.47 -0.0139844 -3.88256e-006
0.48 -0.0136457 -3.78862e-006
0.49 -0.0132788 -3.68684e-006
0.5 -0.0128807 -3.5764e-006
0.51 -0.0124612 -3.46004e-006
0.52 -0.0120254 -3.33916e-006
0.53 -0.0115751 -3.21423e-006
0.54 -0.0111321 -3.09135e-006
0.55 -0.0107407 -2.98277e-006
0.56 -0.0104251 -2.89523e-006
0.57 -0.0101504 -2.81904e-006
0.58 -0.00985378 -2.73676e-006
0.59 -0.00951217 -2.64199e-006
0.6 -0.00916031 -2.54439e-006
0.61 -0.00884464 -2.45683e-006
0.62 -0.00858149 -2.38383e-006
0.63 -0.00838176 -2.32843e-006
0.64 -0.00826998 -2.29742e-006
0.65 -0.00823471 -2.28764e-006
0.66 -0.00822745 -2.28562e-006
0.67 -0.00822859 -2.28594e-006
0.68 -0.00825062 -2.29205e-006
0.69 -0.00829653 -2.30478e-006
0.7 -0.00836689 -2.3243e-006
0.71 -0.00848572 -2.35727e-006
0.72 -0.00868379 -2.41221e-006
0.73 -0.00896439 -2.49004e-006
0.74 -0.00928423 -2.57876e-006
0.75 -0.00957441 -2.65926e-006
0.76 -0.00979817 -2.72133e-006
0.77 -0.00997899 -2.77149e-006
0.78 -0.010178 -2.8267e-006
0.79 -0.0104407 -2.89957e-006
0.8 -0.0107604 -2.98823e-006
0.81 -0.0111121 -3.0858e-006
0.82 -0.0114956 -3.19219e-006
0.83 -0.0119167 -3.30899e-006
0.84 -0.0123567 -3.43104e-006
0.85 -0.0128 -3.55401e-006
0.86 -0.0132477 -3.67821e-006
0.87 -0.0136482 -3.78929e-006
0.88 -0.0139049 -3.86051e-006
0.89 -0.0140084 -3.88922e-006
0.9 -0.0140718 -3.90681e-006
0.91 -0.0141996 -3.94224e-006
0.92 -0.0143401 -3.98122e-006
0.93 -0.0143268 -3.97754e-006
0.94 -0.014079 -3.90881e-006
0.95 -0.0136985 -3.80325e-006
0.96 -0.0133625 -3.71004e-006
0.97 -0.0131334 -3.64651e-006
0.98 -0.0129019 -3.58229e-006
0.99 -0.0125573 -3.48669e-006
1 -0.0121236 -3.36639e-006
1.01 -0.0116813 -3.2437e-006
1.02 -0.0112758 -3.13122e-006
1.03 -0.0109222 -3.03314e-006
1.04 -0.0106063 -2.94549e-006
1.05 -0.010273 -2.85305e-006
1.06 -0.00986002 -2.73848e-006
1.07 -0.00936441 -2.60101e-006
1.08 -0.0088876 -2.46874e-006
1.09 -0.008532 -2.3701e-006
1.1 -0.00823934 -2.28892e-006
1.11 -0.0078625 -2.18439e-006
1.12 -0.00738487 -2.0519e-006
1.13 -0.00695711 -1.93324e-006
1.14 -0.00673714 -1.87222e-006
1.15 -0.00683464 -1.89927e-006
1.16 -0.007312 -2.03168e-006
1.17 -0.00805084 -2.23663e-006
1.18 -0.00876843 -2.43569e-006
1.19 -0.00923133 -2.56409e-006
1.2 -0.00938185 -2.60584e-006
1.21 -0.00931674 -2.58778e-006
1.22 -0.0091888 -2.55229e-006
1.23 -0.00913417 -2.53714e-006
1.24 -0.00925856 -2.57165e-006
1.25 -0.00965123 -2.68057e-006
1.26 -0.010361 -2.87746e-006
1.27 -0.0113324 -3.1469e-006
1.28 -0.0124167 -3.4477e-006
1.29 -0.0134125 -3.72393e-006
1.3 -0.0141194 -3.92001e-006
1.31 -0.0144691 -4.01701e-006
1.32 -0.0145642 -4.04338e-006
1.33 -0.0145798 -4.04773e-006
1.34 -0.0147406 -4.09233e-006
1.35 -0.0152544 -4.23486e-006
1.36 -0.0160874 -4.46598e-006
1.37 -0.0169629 -4.70924e-006
1.38 -0.0176226 -4.89253e-006
1.39 -0.0180189 -5.00266e-006
1.4 -0.0182835 -5.07618e-006
1.41 -0.0184199 -5.11409e-006
1.42 -0.0182285 -5.06098e-006
1.43 -0.017619 -4.89192e-006
1.44 -0.016721 -4.64282e-006
1.45 -0.015711 -4.36264e-006
1.46 -0.0146903 -4.0795e-006
1.47 -0.013616 -3.7815e-006
1.48 -0.0122726 -3.40887e-006
1.49 -0.0103712 -2.88142e-006
1.5 -0.0078128 -2.17175e-006
1.51 -0.00493875 -1.37451e-006
1.52 -0.00238484 -6.66071e-007
1.53 -0.000525774 -1.50379e-007
1.54 0.000788313 2.14143e-007
1.55 0.00188153 5.17394e-007
1.56 0.00294475 8.12323e-007
1.57 0.00405185 1.11943e-006
1.58 0.00519328 1.43605e-006
1.59 0.00628868 1.73991e-006
1.6 0.00730969 2.02313e-006
1.61 0.00836407 2.3156e-006
1.62 0.00947975 2.62509e-006
1.63 0.0102121 2.82822e-006
1.64 0.00969109 2.68371e-006
1.65 0.00737707 2.04182e-006
1.66 0.00365989 1.0107e-006
1.67 -0.000408881 -1.1795e-007
1.68 -0.00386101 -1.07555e-006
1.69 -0.00630199 -1.75266e-006
1.7 -0.00782415 -2.17489e-006
1.71 -0.00876546 -2.43601e-006
1.72 -0.00965035 -2.68147e-006
1.73 -0.0110489 -3.0694e-006
1.74 -0.0133243 -3.7006e-006
1.75 -0.0165637 -4.59917e-006
1.76 -0.0206172 -5.72475e-006
1.77 -0.0250432 -6.95518e-006
1.78 -0.0290759 -8.07674e-006
1.79 -0.0319644 -8.88037e-006
1.8 -0.0334944 -9.30611e-006
1.81 -0.0340528 -9.46153e-006
1.82 -0.0342379 -9.51303e-006
1.83 -0.0344875 -9.5825e-006
1.84 -0.0349618 -9.7145e-006
1.85 -0.0355432 -9.87633e-006
1.86 -0.0359098 -9.97838e-006
1.87 -0.0358961 -9.97458e-006
1.88 -0.0358584 -9.96413e-006
1.89 -0.0362964 -1.0086e-005
1.9 -0.0370149 -1.0286e-005
1.91 -0.0371196 -1.03151e-005
1.92 -0.0358336 -9.95843e-006
1.93 -0.032956 -9.1602e-006
1.94 -0.0287281 -7.9874e-006
1.95 -0.0236187 -6.5701e-006
1.96 -0.0182945 -5.0932e-006
1.97 -0.0135267 -3.77066e-006
1.98 -0.00979705 -2.73607e-006
1.99 -0.00702849 -1.96809e-006
2 -0.00470725 -1.3242e-006
2.01 -0.00215974 -6.17539e-007
2.02 0.0011667 3.05225e-007
2.03 0.00558525 1.5309e-006
2.04 0.011091 3.05815e-006
2.05 0.0171252 4.732e-006
2.06 0.0227226 6.28467e-006
2.07 0.0272202 7.53229e-006
2.08 0.0306036 8.4708e-006
2.09 0.0331399 9.17435e-006
2.1 0.034909 9.6651e-006
2.11 0.0358069 9.91418e-006
2.12 0.0359409 9.95134e-006
2.13 0.035716 9.88894e-006
2.14 0.0355298 9.8373e-006
2.15 0.0354979 9.82845e-006
2.16 0.0353311 9.78219e-006
2.17 0.0345309 9.56021e-006
2.18 0.0328229 9.08643e-006
2.19 0.0302121 8.3622e-006
2.2 0.0266354 7.37005e-006
2.21 0.021975 6.07728e-006
2.22 0.0163857 4.52687e-006
2.23 0.0103077 2.84087e-006
2.24 0.0041349 1.12858e-006
2.25 -0.0019861 -5.69342e-007
2.26 -0.00800723 -2.23956e-006
2.27 -0.0139344 -3.88373e-006
2.28 -0.0199519 -5.55295e-006
2.29 -0.0262527 -7.30075e-006
2.3 -0.0327939 -9.11523e-006
2.31 -0.0393751 -1.09431e-005
2.32 -0.0457857 -1.27287e-005
2.33 -0.0517989 -1.44046e-005
2.34 -0.0571516 -1.58972e-005
2.35 -0.0616473 -1.71515e-005
2.36 -0.0651996 -1.8143e-005
2.37 -0.0677478 -1.88544e-005
2.38 -0.0692614 -1.9277e-005
2.39 -0.0699493 -1.94691e-005
2.4 -0.0700771 -1.95048e-005
2.41 -0.0695626 -1.93621e-005
2.42 -0.0681483 -1.89698e-005
2.43 -0.0657054 -1.82921e-005
2.44 -0.0621542 -1.73071e-005
2.45 -0.0574482 -1.60017e-005
2.46 -0.0517493 -1.44208e-005
2.47 -0.0453877 -1.26561e-005
2.48 -0.0386314 -1.0782e-005
2.49 -0.0315803 -8.82607e-006
2.5 -0.0241696 -6.77041e-006
2.51 -0.0163117 -4.59069e-006
2.52 -0.00808028 -2.30735e-006
2.53 0.000336325 2.75675e-008
2.54 0.00871158 2.3508e-006
2.55 0.0167769 4.58806e-006
2.56 0.0243065 6.67672e-006
2.57 0.0311628 8.57862e-006
2.58 0.0372872 1.02775e-005
2.59 0.0427509 1.17931e-005
2.6 0.0477271 1.31734e-005
2.61 0.052247 1.44272e-005
2.62 0.0560441 1.54805e-005
2.63 0.0587418 1.62288e-005
2.64 0.0603032 1.66619e-005
2.65 0.0612442 1.6923e-005
2.66 0.0621163 1.71649e-005
2.67 0.0628352 1.73643e-005
2.68 0.0627072 1.73288e-005
2.69 0.0610781 1.68769e-005
2.7 0.0579435 1.60074e-005
2.71 0.0538912 1.48833e-005
2.72 0.0494891 1.36622e-005
2.73 0.0447663 1.23521e-005
2.74 0.039306 1.08375e-005
2.75 0.032802 9.03331e-006
2.76 0.0253578 6.96833e-006
2.77 0.0172997 4.73308e-006
2.78 0.00882998 2.38365e-006
2.79 -0.000179637 -1.15557e-007
2.8 -0.00997244 -2.83204e-006
2.81 -0.0203454 -5.70945e-006
2.82 -0.0305463 -8.53915e-006
2.83 -0.0398341 -1.11155e-005
2.84 -0.0479395 -1.33639e-005
2.85 -0.0550601 -1.53392e-005
2.86 -0.0615367 -1.71357e-005
2.87 -0.0676362 -1.88277e-005
2.88 -0.0735358 -2.04709e-005
2.89 -0.0792504 -2.20679e-005
2.9 -0.0844668 -2.35264e-005
2.91 -0.0887524 -2.47252e-005
2.92 -0.0918958 -2.56049e-005
2.93 -0.09384 -2.6149e-005
2.94 -0.0944677 -2.63248e-005
2.95 -0.0936834 -2.61072e-005
2.96 -0.0915288 -2.55095e-005
2.97 -0.0880156 -2.4535e-005
2.98 -0.0829915 -2.31414e-005
2.99 -0.0763978 -2.13123e-005
3 -0.0685748 -1.91423e-005
3.01 -0.0601339 -1.68008e-005
3.02 -0.0515207 -1.44116e-005
3.03 -0.0427584 -1.1981e-005
3.04 -0.0334988 -9.41244e-006
3.05 -0.0233288 -6.59134e-006
3.06 -0.0121214 -3.48248e-006
3.07 -0.000115393 -1.52117e-007
3.08 0.0122044 3.26583e-006
3.09 0.024387 6.64517e-006
3.1 0.0361813 9.91684e-006
3.11 0.0472607 1.29902e-005
3.12 0.0569269 1.56715e-005
3.13 0.0644654 1.77627e-005
3.14 0.069784 1.9238e-005
3.15 0.073579 2.02907e-005
3.16 0.0768383 2.11948e-005
3.17 0.0802936 2.21533e-005
3.18 0.0841146 2.32132e-005
3.19 0.0877375 2.42182e-005
3.2 0.0901752 2.48944e-005
3.21 0.0908053 2.50691e-005
3.22 0.0897575 2.47785e-005
3.23 0.087494 2.41506e-005
3.24 0.0843026 2.32653e-005
3.25 0.0802363 2.21374e-005
3.26 0.0751074 2.07147e-005
3.27 0.0684168 1.88587e-005
3.28 0.0596992 1.64405e-005
3.29 0.0491176 1.35053e-005
3.3 0.0375528 1.02973e-005
3.31 0.0260547 7.10779e-006
3.32 0.0152221 4.10291e-006
3.33 0.00513097 1.3037e-006
3.34 -0.00424816 -1.29802e-006
3.35 -0.0129856 -3.72177e-006
3.36 -0.0215867 -6.10771e-006
3.37 -0.0309371 -8.7015e-006
3.38 -0.0417183 -1.16922e-005
3.39 -0.0539012 -1.50717e-005
3.4 -0.0665496 -1.85803e-005
3.41 -0.0780698 -2.1776e-005
3.42 -0.0869979 -2.42527e-005
3.43 -0.0928053 -2.58636e-005
3.44 -0.0959569 -2.67417e-005
3.45 -0.0973805 -2.71403e-005
3.46 -0.0978929 -2.72838e-005
3.47 -0.0979899 -2.7311e-005
3.48 -0.0978597 -2.72749e-005
3.49 -0.097411 -2.71504e-005
3.5 -0.0962132 -2.68181e-005
3.51 -0.0935765 -2.60867e-005
3.52 -0.0891301 -2.48533e-005
3.53 -0.0831847 -2.32041e-005
3.54 -0.0762627 -2.1284e-005
3.55 -0.0685083 -1.9133e-005
3.56 -0.0595981 -1.66614e-005
3.57 -0.049162 -1.37665e-005
3.58 -0.0372692 -1.04675e-005
3.59 -0.0244887 -6.92228e-006
3.6 -0.0117084 -3.37711e-006
3.61 0.000160503 -8.41786e-008
3.62 0.0106821 2.83445e-006
3.63 0.0201325 5.4559e-006
3.64 0.0291733 7.96377e-006
3.65 0.0383042 1.04966e-005
3.66 0.0476289 1.30832e-005
3.67 0.0570469 1.56957e-005
3.68 0.0664159 1.82946e-005
3.69 0.0753059 2.07606e-005
3.7 0.0829338 2.28765e-005
3.71 0.0885426 2.44324e-005
3.72 0.0916126 2.5284e-005
3.73 0.0919826 2.53866e-005
3.74 0.0900803 2.48589e-005
3.75 0.0866959 2.39201e-005
3.76 0.0824229 2.27348e-005
3.77 0.0774819 2.13642e-005
3.78 0.0718807 1.98105e-005
3.79 0.065523 1.80469e-005
3.8 0.0582112 1.60187e-005
3.81 0.049786 1.36816e-005
3.82 0.0404225 1.10842e-005
3.83 0.0305756 8.35275e-006
3.84 0.0204178 5.53504e-006
3.85 0.00960804 2.5365e-006
3.86 -0.00211979 -7.16727e-007
3.87 -0.0143856 -4.11925e-006
3.88 -0.0263874 -7.44854e-006
3.89 -0.037471 -1.05231e-005
3.9 -0.047329 -1.32577e-005
3.91 -0.0557377 -1.55903e-005
3.92 -0.0623151 -1.74148e-005
3.93 -0.0668901 -1.86839e-005
3.94 -0.0699542 -1.95339e-005
3.95 -0.0722561 -2.01724e-005
3.96 -0.0742039 -2.07128e-005
3.97 -0.075899 -2.1183e-005
3.98 -0.0773536 -2.15865e-005
3.99 -0.0784289 -2.18848e-005
4 -0.0785638 -2.19222e-005
4.01 -0.0767707 -2.14248e-005
4.02 -0.0724206 -2.02181e-005
4.03 -0.0659044 -1.84106e-005
4.04 -0.0581398 -1.62567e-005
4.05 -0.0499512 -1.39853e-005
4.06 -0.04214 -1.18185e-005
4.07 -0.0353256 -9.92822e-006
4.08 -0.0293355 -8.26661e-006
4.09 -0.023208 -6.56689e-006
4.1 -0.0159473 -4.55283e-006
4.11 -0.00707328 -2.09124e-006
4.12 0.00321634 7.63488e-007
4.13 0.0140415 3.7663e-006
4.14 0.0243343 6.62147e-006
4.15 0.033472 9.15619e-006
4.16 0.0412484 1.13133e-005
4.17 0.0476325 1.30842e-005
4.18 0.0526602 1.44789e-005
4.19 0.0564371 1.55265e-005
4.2 0.059255 1.63082e-005
4.21 0.0614346 1.69128e-005
4.22 0.0629656 1.73375e-005
4.23 0.0636782 1.75352e-005
4.24 0.0635893 1.75105e-005
4.25 0.0626127 1.72396e-005
4.26 0.0604053 1.66273e-005
4.27 0.0567476 1.56127e-005
4.28 0.0516206 1.41905e-005
4.29 0.0451231 1.23881e-005
4.3 0.0376876 1.03256e-005
4.31 0.0299619 8.18252e-006
4.32 0.0222504 6.04339e-006
4.33 0.0144075 3.86783e-006
4.34 0.00628727 1.61534e-006
4.35 -0.00201597 -6.87929e-007
4.36 -0.0103551 -3.00118e-006
4.37 -0.0186622 -5.30557e-006
4.38 -0.0268038 -7.56403e-006
4.39 -0.0343096 -9.64614e-006
4.4 -0.0404771 -1.1357e-005
4.41 -0.045027 -1.26191e-005
4.42 -0.0484432 -1.35668e-005
4.43 -0.0516431 -1.44544e-005
4.44 -0.0555002 -1.55244e-005
4.45 -0.0602997 -1.68558e-005
4.46 -0.0653614 -1.82599e-005
4.47 -0.0694885 -1.94047e-005
4.48 -0.0717774 -2.00397e-005
4.49 -0.0717907 -2.00433e-005
4.5 -0.0693725 -1.93726e-005
4.51 -0.0648745 -1.81248e-005
4.52 -0.0593107 -1.65815e-005
4.53 -0.0536476 -1.50106e-005
4.54 -0.0481355 -1.34816e-005
4.55 -0.0426224 -1.19523e-005
4.56 -0.036963 -1.03824e-005
4.57 -0.0309995 -8.72815e-006
4.58 -0.0246604 -6.96973e-006
4.59 -0.0182005 -5.17782e-006
4.6 -0.0121184 -3.49069e-006
4.61 -0.0065762 -1.95331e-006
4.62 -0.000987433 -4.03029e-007
4.63 0.00536163 1.35858e-006
4.64 0.0122652 3.27359e-006
4.65 0.01856 5.01972e-006
4.66 0.0230923 6.27694e-006
4.67 0.0254669 6.93562e-006
4.68 0.026051 7.09765e-006
4.69 0.0254631 6.93457e-006
4.7 0.0240347 6.53834e-006
4.71 0.0217354 5.90054e-006
4.72 0.0186163 5.03532e-006
4.73 0.0149846 4.02791e-006
4.74 0.0110414 2.9341e-006
4.75 0.00672233 1.73603e-006
4.76 0.00178134 3.6543e-007
4.77 -0.00420493 -1.29514e-006
4.78 -0.0114903 -3.31609e-006
4.79 -0.0196477 -5.57895e-006
4.8 -0.0278129 -7.84395e-006
4.81 -0.035361 -9.93779e-006
4.82 -0.042115 -1.18113e-005
4.83 -0.0482202 -1.35049e-005
4.84 -0.0540645 -1.51261e-005
4.85 -0.0599951 -1.67713e-005
4.86 -0.0656604 -1.83428e-005
4.87 -0.070071 -1.95663e-005
4.88 -0.0727445 -2.03079e-005
4.89 -0.074132 -2.06928e-005
4.9 -0.0748308 -2.08867e-005
4.91 -0.0750405 -2.09448e-005
4.92 -0.074906 -2.09075e-005
4.93 -0.0748524 -2.08927e-005
4.94 -0.0750503 -2.09475e-005
4.95 -0.0748363 -2.08882e-005
4.96 -0.0731917 -2.0432e-005
4.97 -0.0695954 -1.94344e-005
4.98 -0.0640769 -1.79036e-005
4.99 -0.0568772 -1.59065e-005
5 -0.0487394 -1.36491e-005
5.01 -0.0410499 -1.15161e-005
5.02 -0.0348029 -9.7832e-006
5.03 -0.0297644 -8.38557e-006
5.04 -0.0250917 -7.0894e-006
5.05 -0.0201167 -5.70937e-006
5.06 -0.0142777 -4.08968e-006
5.07 -0.00732899 -2.16215e-006
5.08 7.82332e-005 -1.07e-007
5.09 0.00674382 1.74199e-006
5.1 0.0118025 3.14522e-006
5.11 0.0148695 3.996e-006
5.12 0.0156602 4.21533e-006
5.13 0.0142466 3.8232e-006
5.14 0.0116681 3.10793e-006
5.15 0.00945761 2.49477e-006
5.16 0.00829684 2.17278e-006
5.17 0.00769802 2.00668e-006
5.18 0.00674852 1.74329e-006
5.19 0.00443988 1.10289e-006
5.2 -0.000369613 -2.31231e-007
5.21 -0.0082708 -2.42301e-006
5.22 -0.0182591 -5.19375e-006
5.23 -0.0281102 -7.92645e-006
5.24 -0.0358443 -1.00719e-005
5.25 -0.0404555 -1.1351e-005
5.26 -0.0419835 -1.17749e-005
5.27 -0.041412 -1.16163e-005
5.28 -0.0400264 -1.1232e-005
5.29 -0.0387245 -1.08708e-005
5.3 -0.0381898 -1.07225e-005
5.31 -0.039081 -1.09697e-005
5.32 -0.0413577 -1.16013e-005
5.33 -0.0439339 -1.23159e-005
5.34 -0.0453163 -1.26994e-005
5.35 -0.0444434 -1.24573e-005
5.36 -0.0409812 -1.14969e-005
5.37 -0.0349662 -9.82834e-006
5.38 -0.0265479 -7.49317e-006
5.39 -0.0163183 -4.65556e-006
5.4 -0.00557933 -1.67663e-006
5.41 0.00412841 1.01649e-006
5.42 0.0116004 3.08917e-006
5.43 0.016477 4.44191e-006
5.44 0.0194793 5.27473e-006
5.45 0.021905 5.9476e-006
5.46 0.0247315 6.73165e-006
5.47 0.028261 7.71069e-006
5.48 0.0323042 8.83225e-006
5.49 0.0364185 9.97354e-006
5.5 0.0403028 1.1051e-005
5.51 0.043943 1.20608e-005
5.52 0.0469223 1.28872e-005
5.53 0.0482138 1.32454e-005
5.54 0.0470989 1.29362e-005
5.55 0.0434871 1.19343e-005
5.56 0.0374841 1.02691e-005
5.57 0.0295683 8.07334e-006
5.58 0.0209439 5.68098e-006
5.59 0.0131366 3.51529e-006
5.6 0.00735942 1.91275e-006
5.61 0.00402244 9.87096e-007
5.62 0.00258307 5.87823e-007
5.63 0.00163573 3.2504e-007
5.64 -0.000495315 -2.66101e-007
5.65 -0.00481613 -1.46469e-006
5.66 -0.0110777 -3.20163e-006
5.67 -0.0179916 -5.11954e-006
5.68 -0.0242194 -6.84714e-006
5.69 -0.0293222 -8.26264e-006
5.7 -0.033793 -9.50283e-006
5.71 -0.0382422 -1.0737e-005
5.72 -0.0427809 -1.19961e-005
5.73 -0.0472173 -1.32267e-005
5.74 -0.0516733 -1.44628e-005
5.75 -0.0568296 -1.58932e-005
5.76 -0.0634465 -1.77287e-005
5.77 -0.0717272 -2.00257e-005
5.78 -0.0811733 -2.26461e-005
5.79 -0.0906828 -2.5284e-005
5.8 -0.0987026 -2.75106e-005
5.81 -0.10398 -2.8989e-005
5.82 -0.107166 -2.98819e-005
5.83 -0.110877 -3.09222e-005
5.84 -0.11741 -3.27547e-005
5.85 -0.126267 -3.52409e-005
5.86 -0.134499 -3.75536e-005
5.87 -0.139192 -3.88726e-005
5.88 -0.139046 -3.88323e-005
5.89 -0.134368 -3.75347e-005
5.9 -0.126597 -3.5379e-005
5.91 -0.117177 -3.27659e-005
5.92 -0.107132 -2.99796e-005
5.93 -0.0971234 -2.72032e-005
5.94 -0.0870142 -2.4399e-005
5.95 -0.0756551 -2.12481e-005
5.96 -0.0614915 -1.73192e-005
5.97 -0.0435694 -1.23477e-005
5.98 -0.0220354 -6.37436e-006
5.99 0.00236982 3.97123e-007
6 0.0293425 7.87916e-006
6.01 0.0592838 1.61846e-005
6.02 0.0925811 2.54211e-005
6.03 0.129237 3.55893e-005
6.04 0.168795 4.65624e-005
6.05 0.209677 5.79026e-005
6.06 0.249158 6.88544e-005
6.07 0.284322 7.86087e-005
6.08 0.312878 8.65298e-005
6.09 0.333993 9.23869e-005
6.1 0.348378 9.63772e-005
6.11 0.357286 9.88482e-005
6.12 0.361583 0.00010004
6.13 0.361488 0.000100014
6.14 0.356229 9.85552e-005
6.15 0.343893 9.51333e-005
6.16 0.322486 8.91951e-005
6.17 0.291007 8.0463e-005
6.18 0.249683 6.9e-005
6.19 0.200374 5.5322e-005
6.2 0.146626 4.04129e-005
6.21 0.0920113 2.5263e-005
6.22 0.0378634 1.02428e-005
6.23 -0.0169977 -4.97549e-006
6.24 -0.0742607 -2.08605e-005
6.25 -0.133418 -3.7271e-005
6.26 -0.190112 -5.32266e-005
6.27 -0.239698 -6.72748e-005
6.28 -0.278324 -7.82668e-005
6.29 -0.305756 -8.60992e-005
6.3 -0.325628 -9.1787e-005
6.31 -0.342185 -9.65349e-005
6.32 -0.356776 -0.000100726
6.33 -0.36758 -0.000103833
6.34 -0.371434 -0.000104942
6.35 -0.365426 -0.000103275
6.36 -0.349006 -9.87203e-005
6.37 -0.325384 -9.2168e-005
6.38 -0.300509 -8.52678e-005
6.39 -0.278682 -7.9213e-005
6.4 -0.259115 -7.37853e-005
6.41 -0.238094 -6.79544e-005
6.42 -0.212801 -6.09382e-005
6.43 -0.181829 -5.23467e-005
6.44 -0.144739 -4.20584e-005
6.45 -0.102881 -3.04471e-005
6.46 -0.0593661 -1.83764e-005
6.47 -0.017026 -6.63159e-006
6.48 0.0230525 4.51765e-006
6.49 0.0618207 1.52717e-005
6.5 0.0999784 2.58563e-005
6.51 0.137542 3.62761e-005
6.52 0.174339 4.64833e-005
6.53 0.211173 5.6701e-005
6.54 0.249505 6.7334e-005
6.55 0.289204 7.83462e-005
6.56 0.327487 8.89655e-005
6.57 0.360269 9.8059e-005
6.58 0.383981 0.000104637
6.59 0.39703 0.000108256
6.6 0.400445 0.000109204
6.61 0.396714 0.000108169
6.62 0.387813 0.000105699
6.63 0.37427 0.000101943
6.64 0.35539 9.67056e-005
6.65 0.330088 8.96872e-005
6.66 0.297991 8.07836e-005
6.67 0.259751 7.01762e-005
6.68 0.216273 5.81156e-005
6.69 0.168032 4.4734e-005
6.7 0.115613 3.01932e-005
6.71 0.060898 1.50157e-005
6.72 0.00707593 8.586e-008
6.73 -0.0433845 -1.39152e-005
6.74 -0.0909442 -2.7112e-005
6.75 -0.138256 -4.02399e-005
6.76 -0.188518 -5.41866e-005
6.77 -0.24379 -6.95233e-005
6.78 -0.304206 -8.62876e-005
6.79 -0.36775 -0.00010392
6.8 -0.428642 -0.000121459
6.81 -0.484751 -0.000137755
6.82 -0.533229 -0.000151914
6.83 -0.572492 -0.000163435
6.84 -0.601468 -0.000171968
6.85 -0.619118 -0.00017718
6.86 -0.625846 -0.000179169
6.87 -0.623246 -0.000178448
6.88 -0.612791 -0.000175547
6.89 -0.594256 -0.000170406
6.9 -0.566152 -0.00016261
6.91 -0.527787 -0.000151968
6.92 -0.480496 -0.00013885
6.93 -0.426192 -0.000123786
6.94 -0.365103 -0.000106841
6.95 -0.295765 -8.76069e-005
6.96 -0.217352 -6.58556e-005
6.97 -0.131609 -4.2071e-005
6.98 -0.0425383 -1.73636e-005
6.99 0.044627 6.96968e-006
7 0.127039 2.98301e-005
7.01 0.200292 5.01501e-005
7.02 0.260962 6.69795e-005
7.03 0.308049 8.00409e-005
7.04 0.344971 9.02828e-005
7.05 0.379112 9.97533e-005
7.06 0.417421 0.00011038
7.07 0.461949 0.000122732
7.08 0.510578 0.000136221
7.09 0.55917 0.0001497
7.1 0.600552 0.000161179
7.11 0.632393 0.000170012
7.12 0.652192 0.000175504
7.13 0.65945 0.000177517
7.14 0.656443 0.000176683
7.15 0.64631 0.000173872
7.16 0.631414 0.00016974
7.17 0.612863 0.000164594
7.18 0.590577 0.000158412
7.19 0.563194 0.000150816
7.2 0.528383 0.00014116
7.21 0.483716 0.00012877
7.22 0.426723 0.00011296
7.23 0.355849 9.33004e-005
7.24 0.271456 6.98905e-005
7.25 0.176744 4.36179e-005
7.26 0.0767718 1.58864e-005
7.27 -0.0235404 -1.19453e-005
7.28 -0.121084 -3.90273e-005
7.29 -0.215319 -6.51906e-005
7.3 -0.306001 -9.03674e-005
7.31 -0.394125 -0.000114834
7.32 -0.480613 -0.000138847
7.33 -0.564132 -0.000162035
7.34 -0.640186 -0.000183413
7.35 -0.69927 -0.000200973
7.36 -0.739999 -0.000213144
7.37 -0.763875 -0.000220305
7.38 -0.774855 -0.000223605
7.39 -0.774944 -0.000223632
7.4 -0.763367 -0.00022042
7.41 -0.740356 -0.000214037
7.42 -0.707498 -0.000204923
7.43 -0.666344 -0.000193507
7.44 -0.616095 -0.000179568
7.45 -0.553799 -0.000162288
7.46 -0.477614 -0.000141155
7.47 -0.388799 -0.000116518
7.48 -0.292516 -8.98096e-005
7.49 -0.195582 -6.29209e-005
7.5 -0.103483 -3.73732e-005
7.51 -0.0195786 -1.40988e-005
7.52 0.0532697 6.40434e-006
7.53 0.11676 2.4016e-005
7.54 0.171133 3.90987e-005
7.55 0.219511 5.25185e-005
7.56 0.264609 6.50283e-005
7.57 0.311056 7.79125e-005
7.58 0.358796 9.11552e-005
7.59 0.40174 0.000103067
7.6 0.432473 0.000111592
7.61 0.447728 0.000115824
7.62 0.449407 0.00011629
7.63 0.443063 0.00011453
7.64 0.434203 0.000112073
7.65 0.425789 0.000109739
7.66 0.417671 0.000107487
7.67 0.40755 0.000104679
7.68 0.393876 0.000100886
7.69 0.377412 9.6319e-005
7.7 0.359508 9.13527e-005
7.71 0.339818 8.58908e-005
7.72 0.315992 7.92817e-005
7.73 0.287053 7.12542e-005
7.74 0.254046 6.20982e-005
7.75 0.218149 5.21407e-005
7.76 0.180045 4.15708e-005
7.77 0.141228 3.08035e-005
7.78 0.102552 2.00749e-005
7.79 0.0649842 9.65386e-006
7.8 0.0282074 -5.47747e-007
7.81 -0.00751989 -1.04611e-005
7.82 -0.0450043 -2.08733e-005
7.83 -0.0877021 -3.27336e-005
7.84 -0.13925 -4.70525e-005
7.85 -0.200316 -6.40148e-005
7.86 -0.267412 -8.26525e-005
7.87 -0.335233 -0.000101491
7.88 -0.398382 -0.000119032
7.89 -0.45199 -0.000133924
7.9 -0.492151 -0.000145079
7.91 -0.516564 -0.000151861
7.92 -0.525795 -0.000154424
7.93 -0.523807 -0.000153873
7.94 -0.516497 -0.000151845
7.95 -0.508344 -0.000149584
7.96 -0.499494 -0.000147129
7.97 -0.487611 -0.000143833
7.98 -0.469531 -0.000138817
7.99 -0.441138 -0.000130941
8 -0.400249 -0.000119599
8.01 -0.346457 -0.000104677
8.02 -0.279238 -8.60313e-005
8.03 -0.198171 -6.35439e-005
8.04 -0.105726 -3.79005e-005
8.05 -0.00900094 -1.10696e-005
8.06 0.0831276 1.46867e-005
8.07 0.16695 3.79385e-005
8.08 0.240986 5.84754e-005
8.09 0.305795 7.64532e-005
8.1 0.363852 9.25575e-005
8.11 0.414672 0.000106655
8.12 0.458445 0.000118797
8.13 0.49656 0.00012937
8.14 0.527126 0.000137849
8.15 0.54963 0.000144091
8.16 0.56487 0.000148318
8.17 0.572866 0.000150536
8.18 0.572348 0.000150393
8.19 0.561267 0.000147319
8.2 0.538117 0.000140897
8.21 0.503167 0.000131203
8.22 0.459115 0.000118983
8.23 0.41099 0.000105633
8.24 0.365912 9.31289e-005
8.25 0.328896 8.2861e-005
8.26 0.30008 7.48679e-005
8.27 0.279212 6.90792e-005
8.28 0.265717 6.53356e-005
8.29 0.257748 6.31253e-005
8.3 0.252402 6.16423e-005
8.31 0.249684 6.08884e-005
8.32 0.25022 6.10371e-005
8.33 0.253628 6.19822e-005
8.34 0.256893 6.2888e-005
8.35 0.257515 6.30605e-005
8.36 0.255507 6.25034e-005
8.37 0.252665 6.17152e-005
8.38 0.251039 6.12641e-005
8.39 0.251612 6.14231e-005
8.4 0.254746 6.22924e-005
8.41 0.260631 6.3925e-005
8.42 0.269304 6.63306e-005
8.43 0.280244 6.93655e-005
8.44 0.29231 7.27125e-005
8.45 0.304617 7.61263e-005
8.46 0.316816 7.95101e-005
8.47 0.328043 8.26245e-005
8.48 0.33854 8.55362e-005
8.49 0.351175 8.90413e-005
8.5 0.365163 9.29212e-005
8.51 0.378293 9.65636e-005
8.52 0.38941 9.96471e-005
8.53 0.396518 0.000101619
8.54 0.397922 0.000102009
8.55 0.393797 0.000100864
8.56 0.386008 9.87036e-005
8.57 0.376754 9.61364e-005
8.58 0.367174 9.34792e-005
8.59 0.356316 9.04671e-005
8.6 0.34269 8.66874e-005
8.61 0.326783 8.22749e-005
8.62 0.310526 7.77654e-005
8.63 0.294616 7.33521e-005
8.64 0.279934 6.92795e-005
8.65 0.268344 6.60644e-005
8.66 0.261285 6.41062e-005
8.67 0.258574 6.33543e-005
8.68 0.258718 6.33943e-005
8.69 0.259928 6.373e-005
8.7 0.261231 6.40914e-005
8.71 0.262434 6.4425e-005
8.72 0.262418 6.44206e-005
8.73 0.258343 6.32902e-005
8.74 0.247431 6.02633e-005
8.75 0.229422 5.52676e-005
8.76 0.206631 4.89457e-005
8.77 0.181828 4.20654e-005
8.78 0.154967 3.46144e-005
8.79 0.124386 2.61316e-005
8.8 0.0912933 1.69518e-005
8.81 0.0499051 5.47102e-006
8.82 -0.0041205 -9.51685e-006
8.83 -0.0686591 -2.7444e-005
8.84 -0.137747 -4.66349e-005
8.85 -0.202975 -6.47535e-005
8.86 -0.25799 -8.00354e-005
8.87 -0.300373 -9.18082e-005
8.88 -0.332598 -0.000100759
8.89 -0.360747 -0.000108578
8.9 -0.39004 -0.000116715
8.91 -0.422495 -0.00012573
8.92 -0.456459 -0.000135165
8.93 -0.488984 -0.000144199
8.94 -0.516706 -0.0001519
8.95 -0.536184 -0.00015731
8.96 -0.544484 -0.000159616
8.97 -0.540412 -0.000158486
8.98 -0.524953 -0.000154198
8.99 -0.500334 -0.000147369
9 -0.469301 -0.000138761
9.01 -0.434803 -0.000129191
9.02 -0.399682 -0.000119449
9.03 -0.366204 -0.000110162
9.04 -0.33503 -0.000101515
9.05 -0.30482 -9.31346e-005
9.06 -0.271317 -8.38413e-005
9.07 -0.229151 -7.21448e-005
9.08 -0.176789 -5.76199e-005
9.09 -0.11421 -4.0261e-005
9.1 -0.0418501 -2.01888e-005
9.11 0.0368963 1.86248e-006
9.12 0.120809 2.51393e-005
9.13 0.20603 4.87789e-005
9.14 0.288313 7.16035e-005
9.15 0.363376 9.24257e-005
9.16 0.427022 0.000110081
9.17 0.47731 0.00012403
9.18 0.516138 0.000134801
9.19 0.548282 0.000143717
9.2 0.57974 0.000152443
9.21 0.613697 0.000161863
9.22 0.649816 0.000171882
9.23 0.683536 0.000181236
9.24 0.709937 0.000188559
9.25 0.724811 0.000192685
9.26 0.725955 0.000193003
9.27 0.712222 0.000189193
9.28 0.681037 0.000180543
9.29 0.630464 0.000166514
9.3 0.561718 0.000147444
9.31 0.479888 0.000124745
9.32 0.39135 0.000100185
9.33 0.300721 7.50455e-005
9.34 0.210421 4.99971e-005
9.35 0.121595 2.53573e-005
9.36 0.0335669 9.38924e-007
9.37 -0.0514572 -2.26658e-005
9.38 -0.13032 -4.45719e-005
9.39 -0.214948 -6.80792e-005
9.4 -0.307019 -9.36541e-005
9.41 -0.405268 -0.000120945
9.42 -0.508768 -0.000149695
9.43 -0.614902 -0.000179176
9.44 -0.71966 -0.000208275
9.45 -0.814601 -0.000235584
9.46 -0.891699 -0.000258975
9.47 -0.952665 -0.00027762
9.48 -0.998436 -0.000291707
9.49 -1.03316 -0.000302444
9.5 -1.06009 -0.000310804
9.51 -1.07963 -0.000316887
9.52 -1.08986 -0.000320074
9.53 -1.08873 -0.000319761
9.54 -1.07628 -0.000316309
9.55 -1.05454 -0.000310279
9.56 -1.02398 -0.0003018
9.57 -0.983835 -0.000290665
9.58 -0.933473 -0.000276695
9.59 -0.873839 -0.000260153
9.6 -0.806868 -0.000241575
9.61 -0.733804 -0.000221308
9.62 -0.6541 -0.000199199
9.63 -0.566755 -0.00017497
9.64 -0.472696 -0.000148878
9.65 -0.374522 -0.000121646
9.66 -0.276396 -9.44263e-005
9.67 -0.182962 -6.85083e-005
9.68 -0.0951407 -4.41473e-005
9.69 -0.0103769 -2.06344e-005
9.7 0.0706616 2.68479e-006
9.71 0.154129 2.58379e-005
9.72 0.238328 4.91942e-005
9.73 0.322281 7.24822e-005
9.74 0.404772 9.53646e-005
9.75 0.481122 0.000116544
9.76 0.546739 0.000134745
9.77 0.600053 0.000149534
9.78 0.642191 0.000161223
9.79 0.675183 0.000170375
9.8 0.700796 0.000177479
9.81 0.717282 0.000182052
9.82 0.721608 0.000183253
9.83 0.713126 0.0001809
9.84 0.691945 0.000175024
9.85 0.659716 0.000166084
9.86 0.618741 0.000154718
9.87 0.570103 0.000141226
9.88 0.514246 0.000125732
9.89 0.451401 0.000108299
9.9 0.382122 8.90817e-005
9.91 0.306665 6.81505e-005
9.92 0.224549 4.53721e-005
9.93 0.136957 2.10748e-005
9.94 0.0531712 -2.16691e-006
9.95 -0.0303299 -2.53529e-005
9.96 -0.11848 -4.98731e-005
9.97 -0.209442 -7.51753e-005
9.98 -0.299999 -0.000100365
9.99 -0.387721 -0.000124766
10 -0.46552 -0.000146407
