0.1 -0.0168034 -4.66492e-006
0.2 -0.0335911 -9.33303e-006
0.3 -0.0503631 -1.40043e-005
0.4 -0.0671193 -1.86789e-005
0.5 -0.0838596 -2.33566e-005
0.6 -0.100584 -2.80376e-005
0.7 -0.117293 -3.27218e-005
0.8 -0.133986 -3.74092e-005
0.9 -0.150662 -4.20999e-005
1 -0.167323 -4.67938e-005
0.01 -0.165461 -4.62772e-005
0.02 -0.161592 -4.52039e-005
0.03 -0.166518 -4.65705e-005
0.04 -0.171994 -4.8111e-005
0.05 -0.171686 -4.80256e-005
0.06 -0.171147 -4.78761e-005
0.07 -0.16868 -4.71917e-005
0.08 -0.166973 -4.67183e-005
0.09 -0.165326 -4.62615e-005
0.1 -0.163763 -4.58277e-005
0.11 -0.162794 -4.55591e-005
0.12 -0.163066 -4.56346e-005
0.13 -0.16431 -4.59796e-005
0.14 -0.16587 -4.64122e-005
0.15 -0.167418 -4.68416e-005
0.16 -0.168913 -4.72565e-005
0.17 -0.170166 -4.76041e-005
0.18 -0.170867 -4.77985e-005
0.19 -0.170929 -4.78155e-005
0.2 -0.170537 -4.77068e-005
0.21 -0.169909 -4.75327e-005
0.22 -0.169182 -4.73309e-005
0.23 -0.168511 -4.71448e-005
0.24 -0.168121 -4.70366e-005
0.25 -0.168193 -4.70567e-005
0.26 -0.168764 -4.72151e-005
0.27 -0.169753 -4.74895e-005
0.28 -0.171027 -4.78429e-005
0.29 -0.172394 -4.82238e-005
0.3 -0.173606 -4.85658e-005
0.31 -0.174455 -4.88053e-005
0.32 -0.17481 -4.89055e-005
0.33 -0.174664 -4.88652e-005
0.34 -0.174124 -4.87152e-005
0.35 -0.173386 -4.85106e-005
0.36 -0.172694 -4.83187e-005
0.37 -0.172267 -4.82002e-005
0.38 -0.17223 -4.81899e-005
0.39 -0.172583 -4.82878e-005
0.4 -0.173215 -4.8463e-005
0.41 -0.173947 -4.86662e-005
0.42 -0.174584 -4.88428e-005
0.43 -0.174949 -4.89448e-005
0.44 -0.174938 -4.89419e-005
0.45 -0.174531 -4.88289e-005
0.46 -0.173802 -4.86267e-005
0.47 -0.172892 -4.83742e-005
0.48 -0.171953 -4.81138e-005
0.49 -0.171112 -4.78803e-005
0.5 -0.170455 -4.76981e-005
0.51 -0.170025 -4.75788e-005
0.52 -0.169801 -4.75167e-005
0.53 -0.169715 -4.7493e-005
0.54 -0.169699 -4.74886e-005
0.55 -0.169704 -4.749e-005
0.56 -0.169677 -4.74823e-005
0.57 -0.16953 -4.74416e-005
0.58 -0.169182 -4.73452e-005
0.59 -0.168626 -4.71908e-005
0.6 -0.167939 -4.70002e-005
0.61 -0.167231 -4.6804e-005
0.62 -0.166591 -4.66263e-005
0.63 -0.166094 -4.64886e-005
0.64 -0.165816 -4.64112e-005
0.65 -0.165764 -4.6397e-005
0.66 -0.165878 -4.64287e-005
0.67 -0.166097 -4.64893e-005
0.68 -0.16637 -4.65651e-005
0.69 -0.166634 -4.66383e-005
0.7 -0.16683 -4.66928e-005
0.71 -0.16695 -4.67259e-005
0.72 -0.167019 -4.67452e-005
0.73 -0.16707 -4.67592e-005
0.74 -0.167108 -4.67697e-005
0.75 -0.167123 -4.67739e-005
0.76 -0.167133 -4.67767e-005
0.77 -0.167199 -4.67949e-005
0.78 -0.167394 -4.68492e-005
0.79 -0.167754 -4.6949e-005
0.8 -0.168241 -4.70839e-005
0.81 -0.168787 -4.72355e-005
0.82 -0.169353 -4.73924e-005
0.83 -0.169912 -4.75475e-005
0.84 -0.170428 -4.76907e-005
0.85 -0.170885 -4.78174e-005
0.86 -0.171297 -4.79316e-005
0.87 -0.171632 -4.80248e-005
0.88 -0.171819 -4.80766e-005
0.89 -0.171871 -4.80909e-005
0.9 -0.171921 -4.81049e-005
0.91 -0.172088 -4.81512e-005
0.92 -0.172323 -4.82163e-005
0.93 -0.17245 -4.82516e-005
0.94 -0.172372 -4.823e-005
0.95 -0.172173 -4.81746e-005
0.96 -0.172005 -4.81282e-005
0.97 -0.171912 -4.81023e-005
0.98 -0.171764 -4.80612e-005
0.99 -0.171443 -4.79721e-005
1 -0.170976 -4.78427e-005
1.01 -0.170459 -4.76992e-005
1.02 -0.169956 -4.75596e-005
1.03 -0.169507 -4.74353e-005
1.04 -0.169123 -4.73288e-005
1.05 -0.168766 -4.72297e-005
1.06 -0.168375 -4.71213e-005
1.07 -0.16794 -4.70004e-005
1.08 -0.167545 -4.68909e-005
1.09 -0.167272 -4.68154e-005
1.1 -0.16704 -4.6751e-005
1.11 -0.16668 -4.66511e-005
1.12 -0.166166 -4.65084e-005
1.13 -0.165652 -4.63659e-005
1.14 -0.165311 -4.62712e-005
1.15 -0.165272 -4.62604e-005
1.16 -0.165623 -4.63578e-005
1.17 -0.166269 -4.65371e-005
1.18 -0.166943 -4.6724e-005
1.19 -0.167414 -4.68547e-005
1.2 -0.167617 -4.69111e-005
1.21 -0.167629 -4.69144e-005
1.22 -0.167579 -4.69004e-005
1.23 -0.167577 -4.68999e-005
1.24 -0.167709 -4.69366e-005
1.25 -0.168058 -4.70332e-005
1.26 -0.168676 -4.72048e-005
1.27 -0.169526 -4.74406e-005
1.28 -0.170483 -4.77059e-005
1.29 -0.17137 -4.7952e-005
1.3 -0.172009 -4.81292e-005
1.31 -0.172345 -4.82224e-005
1.32 -0.172485 -4.82612e-005
1.33 -0.172593 -4.82912e-005
1.34 -0.172876 -4.83699e-005
1.35 -0.173524 -4.85494e-005
1.36 -0.174485 -4.8816e-005
1.37 -0.175457 -4.90881e-005
1.38 -0.176171 -4.92895e-005
1.39 -0.176584 -4.94062e-005
1.4 -0.176831 -4.9476e-005
1.41 -0.176928 -4.95033e-005
1.42 -0.176686 -4.9436e-005
1.43 -0.176028 -4.92536e-005
1.44 -0.175095 -4.89949e-005
1.45 -0.174067 -4.87097e-005
1.46 -0.173039 -4.84246e-005
1.47 -0.171959 -4.8125e-005
1.48 -0.170599 -4.77478e-005
1.49 -0.168653 -4.7208e-005
1.5 -0.166005 -4.64733e-005
1.51 -0.162989 -4.56368e-005
1.52 -0.16026 -4.48797e-005
1.53 -0.158218 -4.43133e-005
1.54 -0.156736 -4.39022e-005
1.55 -0.155511 -4.35623e-005
1.56 -0.154372 -4.32463e-005
1.57 -0.153256 -4.29369e-005
1.58 -0.152173 -4.26363e-005
1.59 -0.151183 -4.23618e-005
1.6 -0.150284 -4.21123e-005
1.61 -0.14933 -4.18477e-005
1.62 -0.148266 -4.15527e-005
1.63 -0.147532 -4.13491e-005
1.64 -0.148017 -4.14835e-005
1.65 -0.150295 -4.21154e-005
1.66 -0.154011 -4.31463e-005
1.67 -0.158144 -4.42928e-005
1.68 -0.161744 -4.52913e-005
1.69 -0.164415 -4.60323e-005
1.7 -0.16623 -4.65356e-005
1.71 -0.167486 -4.68842e-005
1.72 -0.168667 -4.72116e-005
1.73 -0.170306 -4.76665e-005
1.74 -0.172744 -4.83427e-005
1.75 -0.176064 -4.92637e-005
1.76 -0.180088 -5.03953e-005
1.77 -0.184435 -5.16229e-005
1.78 -0.188385 -5.27387e-005
1.79 -0.191216 -5.35388e-005
1.8 -0.192732 -5.39672e-005
1.81 -0.193317 -5.41327e-005
1.82 -0.193551 -5.41987e-005
1.83 -0.193843 -5.42813e-005
1.84 -0.194331 -5.44192e-005
1.85 -0.194885 -5.45759e-005
1.86 -0.195179 -5.46592e-005
1.87 -0.195052 -5.46239e-005
1.88 -0.194883 -5.45771e-005
1.89 -0.195213 -5.46688e-005
1.9 -0.195858 -5.48511e-005
1.91 -0.195937 -5.48733e-005
1.92 -0.194643 -5.45146e-005
1.93 -0.19175 -5.3712e-005
1.94 -0.187459 -5.25216e-005
1.95 -0.182196 -5.10616e-005
1.96 -0.176599 -4.95093e-005
1.97 -0.171444 -4.80791e-005
1.98 -0.167238 -4.69125e-005
1.99 -0.163949 -4.60003e-005
2 -0.161114 -4.52138e-005
2.01 -0.15811 -4.43804e-005
2.02 -0.154425 -4.33583e-005
2.03 -0.149763 -4.20649e-005
2.04 -0.144115 -4.04984e-005
2.05 -0.138014 -3.88059e-005
2.06 -0.132392 -3.72466e-005
2.07 -0.127878 -3.59944e-005
2.08 -0.12445 -3.50435e-005
2.09 -0.12182 -3.43139e-005
2.1 -0.119916 -3.37856e-005
2.11 -0.11887 -3.34957e-005
2.12 -0.118612 -3.3424e-005
2.13 -0.118761 -3.34652e-005
2.14 -0.118934 -3.35133e-005
2.15 -0.119025 -3.35384e-005
2.16 -0.119326 -3.36219e-005
2.17 -0.12033 -3.39004e-005
2.18 -0.122288 -3.44437e-005
2.19 -0.125167 -3.52423e-005
2.2 -0.129015 -3.63096e-005
2.21 -0.133954 -3.76798e-005
2.22 -0.13984 -3.93125e-005
2.23 -0.146239 -4.10876e-005
2.24 -0.152764 -4.28976e-005
2.25 -0.159275 -4.47037e-005
2.26 -0.165721 -4.64918e-005
2.27 -0.172096 -4.82602e-005
2.28 -0.178573 -5.00566e-005
2.29 -0.185331 -5.19314e-005
2.3 -0.192312 -5.38679e-005
2.31 -0.199253 -5.58112e-005
2.32 -0.205948 -5.77055e-005
2.33 -0.212216 -5.94803e-005
2.34 -0.217797 -6.10616e-005
2.35 -0.2225 -6.23947e-005
2.36 -0.226238 -6.34546e-005
2.37 -0.228945 -6.42226e-005
2.38 -0.230581 -6.46867e-005
2.39 -0.231348 -6.49044e-005
2.4 -0.231513 -6.49511e-005
2.41 -0.230988 -6.48055e-005
2.42 -0.22952 -6.43982e-005
2.43 -0.226984 -6.3695e-005
2.44 -0.223298 -6.26723e-005
2.45 -0.218402 -6.13143e-005
2.46 -0.212455 -5.96646e-005
2.47 -0.205788 -5.78154e-005
2.48 -0.19867 -5.58407e-005
2.49 -0.191195 -5.37673e-005
2.5 -0.183297 -5.15764e-005
2.51 -0.174889 -4.92441e-005
2.52 -0.166055 -4.67935e-005
2.53 -0.156997 -4.42809e-005
2.54 -0.147961 -4.17745e-005
2.55 -0.13924 -3.93552e-005
2.56 -0.13108 -3.70919e-005
2.57 -0.123639 -3.50276e-005
2.58 -0.116986 -3.31822e-005
2.59 -0.111054 -3.15367e-005
2.6 -0.105668 -3.00427e-005
2.61 -0.100793 -2.86904e-005
2.62 -0.0966931 -2.75531e-005
2.63 -0.0937455 -2.67355e-005
2.64 -0.0919855 -2.62473e-005
2.65 -0.0908855 -2.59421e-005
2.66 -0.0898803 -2.56633e-005
2.67 -0.0890528 -2.54338e-005
2.68 -0.0891077 -2.5449e-005
2.69 -0.0907148 -2.58948e-005
2.7 -0.0938887 -2.67752e-005
2.71 -0.0980449 -2.79281e-005
2.72 -0.102624 -2.91984e-005
2.73 -0.107613 -3.05822e-005
2.74 -0.113441 -3.2199e-005
2.75 -0.120415 -3.41333e-005
2.76 -0.128415 -3.63524e-005
2.77 -0.137097 -3.8761e-005
2.78 -0.14624 -4.12971e-005
2.79 -0.155951 -4.39908e-005
2.8 -0.166461 -4.69062e-005
2.81 -0.177556 -4.99838e-005
2.82 -0.188467 -5.30105e-005
2.83 -0.198435 -5.57756e-005
2.84 -0.207179 -5.82011e-005
2.85 -0.214892 -6.03406e-005
2.86 -0.221912 -6.22879e-005
2.87 -0.228502 -6.41161e-005
2.88 -0.234796 -6.5883e-005
2.89 -0.240822 -6.75942e-005
2.9 -0.246322 -6.9157e-005
2.91 -0.250869 -7.04494e-005
2.92 -0.254258 -7.14132e-005
2.93 -0.256426 -7.203e-005
2.94 -0.25725 -7.22644e-005
2.95 -0.256614 -7.20881e-005
2.96 -0.254533 -7.15106e-005
2.97 -0.250997 -7.053e-005
2.98 -0.245834 -6.90978e-005
2.99 -0.238971 -6.7194e-005
3 -0.230755 -6.49148e-005
3.01 -0.22182 -6.24363e-005
3.02 -0.212645 -5.98912e-005
3.03 -0.203288 -5.72956e-005
3.04 -0.19343 -5.45611e-005
3.05 -0.182673 -5.15773e-005
3.06 -0.170891 -4.83091e-005
3.07 -0.158319 -4.48217e-005
3.08 -0.145431 -4.12466e-005
3.09 -0.132671 -3.77072e-005
3.1 -0.120266 -3.4266e-005
3.11 -0.108532 -3.10112e-005
3.12 -0.098184 -2.81406e-005
3.13 -0.0899802 -2.58649e-005
3.14 -0.0840621 -2.42233e-005
3.15 -0.0797629 -2.30307e-005
3.16 -0.0761031 -2.20155e-005
3.17 -0.0723407 -2.09719e-005
3.18 -0.0682797 -1.98454e-005
3.19 -0.064457 -1.8785e-005
3.2 -0.0618403 -1.80591e-005
3.21 -0.0610356 -1.78359e-005
3.22 -0.0618985 -1.80753e-005
3.23 -0.0639655 -1.86486e-005
3.24 -0.0669691 -1.94818e-005
3.25 -0.0708899 -2.05694e-005
3.26 -0.0759515 -2.19735e-005
3.27 -0.0826885 -2.38423e-005
3.28 -0.091595 -2.63129e-005
3.29 -0.102516 -2.93423e-005
3.3 -0.114554 -3.26816e-005
3.31 -0.126627 -3.60304e-005
3.32 -0.138103 -3.92139e-005
3.33 -0.148879 -4.22029e-005
3.34 -0.158943 -4.49946e-005
3.35 -0.168327 -4.75978e-005
3.36 -0.177518 -5.01474e-005
3.37 -0.187413 -5.2892e-005
3.38 -0.198722 -5.60293e-005
3.39 -0.211459 -5.95624e-005
3.4 -0.224719 -6.32405e-005
3.41 -0.236913 -6.6623e-005
3.42 -0.246557 -6.92983e-005
3.43 -0.253094 -7.11117e-005
3.44 -0.256964 -7.21851e-005
3.45 -0.258984 -7.27577e-005
3.46 -0.25998 -7.30412e-005
3.47 -0.260418 -7.31659e-005
3.48 -0.260471 -7.31808e-005
3.49 -0.260054 -7.30652e-005
3.5 -0.258769 -7.27089e-005
3.51 -0.255961 -7.19298e-005
3.52 -0.251293 -7.06351e-005
3.53 -0.245117 -6.89219e-005
3.54 -0.23798 -6.69421e-005
3.55 -0.230021 -6.47343e-005
3.56 -0.220881 -6.21989e-005
3.57 -0.210142 -5.92201e-005
3.58 -0.197834 -5.58058e-005
3.59 -0.184505 -5.21084e-005
3.6 -0.171052 -4.83769e-005
3.61 -0.158421 -4.48729e-005
3.62 -0.147097 -4.17318e-005
3.63 -0.136847 -3.88885e-005
3.64 -0.127047 -3.61702e-005
3.65 -0.117235 -3.34482e-005
3.66 -0.107331 -3.07009e-005
3.67 -0.0974269 -2.79537e-005
3.68 -0.08764 -2.52389e-005
3.69 -0.0783642 -2.26658e-005
3.7 -0.0703448 -2.04413e-005
3.71 -0.0643182 -1.87696e-005
3.72 -0.0608036 -1.77947e-005
3.73 -0.0599903 -1.75691e-005
3.74 -0.0614924 -1.79857e-005
3.75 -0.0645646 -1.8838e-005
3.76 -0.0686521 -1.99718e-005
3.77 -0.0735601 -2.13332e-005
3.78 -0.0792888 -2.29223e-005
3.79 -0.0859184 -2.47613e-005
3.8 -0.0936136 -2.68959e-005
3.81 -0.102493 -2.93591e-005
3.82 -0.112344 -3.20915e-005
3.83 -0.122679 -3.49584e-005
3.84 -0.133314 -3.79085e-005
3.85 -0.144593 -4.10372e-005
3.86 -0.156794 -4.44218e-005
3.87 -0.169553 -4.7961e-005
3.88 -0.182081 -5.14362e-005
3.89 -0.193729 -5.46673e-005
3.9 -0.204179 -5.7566e-005
3.91 -0.213174 -6.00612e-005
3.92 -0.220284 -6.20334e-005
3.93 -0.225292 -6.34226e-005
3.94 -0.228666 -6.43584e-005
3.95 -0.231158 -6.50497e-005
3.96 -0.233199 -6.56158e-005
3.97 -0.234927 -6.60954e-005
3.98 -0.236413 -6.65075e-005
3.99 -0.237578 -6.68305e-005
4 -0.237898 -6.69193e-005
4.01 -0.236382 -6.64987e-005
4.02 -0.232361 -6.53835e-005
4.03 -0.226172 -6.36666e-005
4.04 -0.218659 -6.15827e-005
4.05 -0.210575 -5.93402e-005
4.06 -0.202676 -5.7149e-005
4.07 -0.195581 -5.5181e-005
4.08 -0.189152 -5.33977e-005
4.09 -0.182479 -5.15466e-005
4.1 -0.174635 -4.93706e-005
4.11 -0.165208 -4.67557e-005
4.12 -0.154448 -4.37709e-005
4.13 -0.143269 -4.06701e-005
4.14 -0.132741 -3.77495e-005
4.15 -0.123454 -3.51734e-005
4.16 -0.115553 -3.29817e-005
4.17 -0.109013 -3.11677e-005
4.18 -0.103764 -2.97116e-005
4.19 -0.0996812 -2.8579e-005
4.2 -0.0964865 -2.76929e-005
4.21 -0.0938916 -2.69731e-005
4.22 -0.0919572 -2.64364e-005
4.23 -0.0909077 -2.61453e-005
4.24 -0.0907669 -2.61063e-005
4.25 -0.0916496 -2.63511e-005
4.26 -0.0939165 -2.69799e-005
4.27 -0.0977799 -2.80516e-005
4.28 -0.103228 -2.9563e-005
4.29 -0.110125 -3.14759e-005
4.3 -0.117987 -3.3657e-005
4.31 -0.126113 -3.59109e-005
4.32 -0.134155 -3.81417e-005
4.33 -0.142244 -4.03858e-005
4.34 -0.150536 -4.26857e-005
4.35 -0.158958 -4.5022e-005
4.36 -0.167401 -4.73641e-005
4.37 -0.175835 -4.97035e-005
4.38 -0.184152 -5.20106e-005
4.39 -0.191887 -5.41563e-005
4.4 -0.198319 -5.59405e-005
4.41 -0.203138 -5.72772e-005
4.42 -0.2068 -5.82929e-005
4.43 -0.210201 -5.92365e-005
4.44 -0.214213 -6.03492e-005
4.45 -0.219136 -6.17148e-005
4.46 -0.224306 -6.3149e-005
4.47 -0.228533 -6.43217e-005
4.48 -0.230922 -6.49844e-005
4.49 -0.231039 -6.50168e-005
4.5 -0.228717 -6.43725e-005
4.51 -0.224283 -6.31426e-005
4.52 -0.218733 -6.16033e-005
4.53 -0.21302 -6.00185e-005
4.54 -0.207384 -5.84549e-005
4.55 -0.201676 -5.68715e-005
4.56 -0.195772 -5.5234e-005
4.57 -0.189541 -5.35054e-005
4.58 -0.182935 -5.16731e-005
4.59 -0.176244 -4.9817e-005
4.6 -0.169995 -4.80836e-005
4.61 -0.164362 -4.65209e-005
4.62 -0.158733 -4.49596e-005
4.63 -0.152355 -4.31904e-005
4.64 -0.145413 -4.12648e-005
4.65 -0.139067 -3.95043e-005
4.66 -0.134471 -3.82295e-005
4.67 -0.132017 -3.75489e-005
4.68 -0.131341 -3.73612e-005
4.69 -0.131837 -3.74988e-005
4.7 -0.133202 -3.78774e-005
4.71 -0.1355 -3.8515e-005
4.72 -0.138701 -3.94028e-005
4.73 -0.14249 -4.04538e-005
4.74 -0.146645 -4.16063e-005
4.75 -0.151207 -4.28719e-005
4.76 -0.156404 -4.43136e-005
4.77 -0.162652 -4.60467e-005
4.78 -0.170204 -4.81416e-005
4.79 -0.178624 -5.04773e-005
4.8 -0.187033 -5.28098e-005
4.81 -0.194799 -5.4964e-005
4.82 -0.20174 -5.68894e-005
4.83 -0.207998 -5.86252e-005
4.84 -0.213972 -6.02824e-005
4.85 -0.220033 -6.19637e-005
4.86 -0.225825 -6.35705e-005
4.87 -0.230322 -6.48179e-005
4.88 -0.233004 -6.55619e-005
4.89 -0.234318 -6.59262e-005
4.9 -0.234873 -6.60803e-005
4.91 -0.234876 -6.60812e-005
4.92 -0.234478 -6.59707e-005
4.93 -0.234122 -6.58718e-005
4.94 -0.234002 -6.58387e-005
4.95 -0.233466 -6.56901e-005
4.96 -0.231493 -6.51426e-005
4.97 -0.227561 -6.40519e-005
4.98 -0.221699 -6.24258e-005
4.99 -0.214125 -6.03249e-005
5 -0.205552 -5.79468e-005
5.01 -0.197363 -5.56753e-005
5.02 -0.190576 -5.37925e-005
5.03 -0.184985 -5.22417e-005
5.04 -0.179785 -5.07993e-005
5.05 -0.174346 -4.92906e-005
5.06 -0.168124 -4.75646e-005
5.07 -0.160861 -4.55499e-005
5.08 -0.1532 -4.34248e-005
5.09 -0.146343 -4.15227e-005
5.1 -0.141138 -4.00789e-005
5.11 -0.137962 -3.91978e-005
5.12 -0.137113 -3.89623e-005
5.13 -0.138545 -3.93597e-005
5.14 -0.141228 -4.01038e-005
5.15 -0.143618 -4.07668e-005
5.16 -0.145028 -4.11579e-005
5.17 -0.14594 -4.14109e-005
5.18 -0.147244 -4.17726e-005
5.19 -0.149923 -4.25156e-005
5.2 -0.155118 -4.39567e-005
5.21 -0.16345 -4.6268e-005
5.22 -0.173945 -4.91794e-005
5.23 -0.184403 -5.20802e-005
5.24 -0.192859 -5.44259e-005
5.25 -0.198308 -5.59373e-005
5.26 -0.200761 -5.66178e-005
5.27 -0.20116 -5.67284e-005
5.28 -0.200734 -5.66104e-005
5.29 -0.200315 -5.64942e-005
5.3 -0.200538 -5.65561e-005
5.31 -0.202049 -5.6975e-005
5.32 -0.20482 -5.77437e-005
5.33 -0.207797 -5.85695e-005
5.34 -0.209524 -5.90487e-005
5.35 -0.208993 -5.89013e-005
5.36 -0.205915 -5.80475e-005
5.37 -0.200332 -5.64987e-005
5.38 -0.192335 -5.42805e-005
5.39 -0.182442 -5.15363e-005
5.4 -0.171883 -4.86072e-005
5.41 -0.162164 -4.59114e-005
5.42 -0.154478 -4.37793e-005
5.43 -0.149186 -4.23114e-005
5.44 -0.14557 -4.13083e-005
5.45 -0.142366 -4.04195e-005
5.46 -0.138664 -3.93926e-005
5.47 -0.134234 -3.81637e-005
5.48 -0.129318 -3.68e-005
5.49 -0.124384 -3.54315e-005
5.5 -0.119726 -3.41394e-005
5.51 -0.115315 -3.29156e-005
5.52 -0.111518 -3.18624e-005
5.53 -0.109335 -3.12569e-005
5.54 -0.10947 -3.12944e-005
5.55 -0.112008 -3.19985e-005
5.56 -0.116855 -3.33429e-005
5.57 -0.123566 -3.52045e-005
5.58 -0.130972 -3.7259e-005
5.59 -0.137553 -3.90843e-005
5.6 -0.142136 -4.03557e-005
5.61 -0.144335 -4.09656e-005
5.62 -0.144682 -4.10619e-005
5.63 -0.144599 -4.1039e-005
5.64 -0.145787 -4.13683e-005
5.65 -0.149301 -4.23432e-005
5.66 -0.154907 -4.38982e-005
5.67 -0.161332 -4.56807e-005
5.68 -0.167256 -4.73238e-005
5.69 -0.172273 -4.87154e-005
5.7 -0.176913 -5.00026e-005
5.71 -0.181801 -5.13586e-005
5.72 -0.187034 -5.281e-005
5.73 -0.192402 -5.42992e-005
5.74 -0.198034 -5.58613e-005
5.75 -0.204636 -5.76927e-005
5.76 -0.213 -6.00127e-005
5.77 -0.223341 -6.28813e-005
5.78 -0.235145 -6.61557e-005
5.79 -0.247255 -6.95149e-005
5.8 -0.258009 -7.24979e-005
5.81 -0.265891 -7.47239e-005
5.82 -0.271506 -7.63234e-005
5.83 -0.277438 -7.80142e-005
5.84 -0.285946 -8.04409e-005
5.85 -0.296555 -8.34698e-005
5.86 -0.306378 -8.62772e-005
5.87 -0.312572 -8.80488e-005
5.88 -0.313856 -8.84162e-005
5.89 -0.310492 -8.74832e-005
5.9 -0.303878 -8.56485e-005
5.91 -0.295437 -8.33069e-005
5.92 -0.286133 -8.0726e-005
5.93 -0.276557 -7.80698e-005
5.94 -0.266545 -7.52926e-005
5.95 -0.254924 -7.20689e-005
5.96 -0.240128 -6.79646e-005
5.97 -0.221195 -6.27127e-005
5.98 -0.198283 -5.63573e-005
5.99 -0.172148 -4.91076e-005
6 -0.143079 -4.1044e-005
6.01 -0.110607 -3.20364e-005
6.02 -0.0742461 -2.19502e-005
6.03 -0.0339279 -1.07663e-005
6.04 0.00985397 1.39762e-006
6.05 0.0556175 1.40921e-005
6.06 0.100426 2.65216e-005
6.07 0.141192 3.783e-005
6.08 0.175382 4.73139e-005
6.09 0.201864 5.46599e-005
6.1 0.221091 5.99933e-005
6.11 0.234119 6.3607e-005
6.12 0.241669 6.57013e-005
6.13 0.243931 6.63289e-005
6.14 0.2401 6.52662e-005
6.15 0.228256 6.19808e-005
6.16 0.206439 5.59288e-005
6.17 0.173641 4.68309e-005
6.18 0.130101 3.47532e-005
6.19 0.0776777 2.02114e-005
6.2 0.0199511 4.1985e-006
6.21 -0.0394362 -1.22775e-005
6.22 -0.0990828 -2.88267e-005
6.23 -0.160098 -4.57557e-005
6.24 -0.224011 -6.34886e-005
6.25 -0.29018 -8.18473e-005
6.26 -0.353533 -9.97934e-005
6.27 -0.408969 -0.000115768
6.28 -0.453062 -0.00012854
6.29 -0.485346 -0.000137929
6.3 -0.509276 -0.000144909
6.31 -0.529062 -0.000150694
6.32 -0.546082 -0.00015568
6.33 -0.558607 -0.000159355
6.34 -0.563469 -0.000160783
6.35 -0.557682 -0.000159177
6.36 -0.540588 -0.000154436
6.37 -0.515477 -0.00014747
6.38 -0.488423 -0.000139966
6.39 -0.463865 -0.000133153
6.4 -0.441093 -0.000126836
6.41 -0.416447 -0.00012
6.42 -0.387229 -0.000111895
6.43 -0.352191 -0.000102176
6.44 -0.311018 -9.07547e-005
6.45 -0.26517 -7.80367e-005
6.46 -0.217874 -6.49172e-005
6.47 -0.172059 -5.22085e-005
6.48 -0.128537 -4.01356e-005
6.49 -0.0865351 -2.84847e-005
6.5 -0.0452477 -1.70318e-005
6.51 -0.0040808 -5.61242e-006
6.52 0.0353902 5.44867e-006
6.53 0.0752264 1.64989e-005
6.54 0.116661 2.79925e-005
6.55 0.159689 3.99281e-005
6.56 0.201446 5.15114e-005
6.57 0.237771 6.15876e-005
6.58 0.26485 6.90991e-005
6.59 0.280851 7.35377e-005
6.6 0.286549 7.51183e-005
6.61 0.284237 7.44768e-005
6.62 0.275773 7.21292e-005
6.63 0.261671 6.82173e-005
6.64 0.241315 6.25708e-005
6.65 0.213793 5.49364e-005
6.66 0.178959 4.52735e-005
6.67 0.137699 3.38283e-005
6.68 0.0910883 2.08989e-005
6.69 0.0396546 6.63159e-006
6.7 -0.0160778 -8.83138e-006
6.71 -0.0743747 -2.50141e-005
6.72 -0.132206 -4.10677e-005
6.73 -0.187206 -5.63351e-005
6.74 -0.239839 -7.09455e-005
6.75 -0.292857 -8.5663e-005
6.76 -0.349337 -0.000101341
6.77 -0.411193 -0.000118512
6.78 -0.478391 -0.000137166
6.79 -0.548687 -0.000156679
6.8 -0.615228 -0.00017603
6.81 -0.676102 -0.000194074
6.82 -0.729713 -0.000210065
6.83 -0.773936 -0.000223328
6.84 -0.806612 -0.000233172
6.85 -0.826488 -0.000239176
6.86 -0.83412 -0.000241486
6.87 -0.831274 -0.000240697
6.88 -0.819327 -0.000237382
6.89 -0.798088 -0.000231491
6.9 -0.766157 -0.000222633
6.91 -0.722964 -0.000210652
6.92 -0.670052 -0.000195975
6.93 -0.60953 -0.000179186
6.94 -0.54172 -0.000160376
6.95 -0.465166 -0.000139141
6.96 -0.37905 -0.000115253
6.97 -0.285185 -8.92154e-005
6.98 -0.187601 -6.21463e-005
6.99 -0.0907475 -3.52798e-005
7 -0.000300267 -9.904e-006
7.01 0.0808942 1.27023e-005
7.02 0.148969 3.15857e-005
7.03 0.202616 4.64671e-005
7.04 0.244706 5.81424e-005
7.05 0.282673 6.86743e-005
7.06 0.323378 7.99656e-005
7.07 0.368998 9.26202e-005
7.08 0.416726 0.00010586
7.09 0.461794 0.000118361
7.1 0.500296 0.000129041
7.11 0.529549 0.000137156
7.12 0.547909 0.000142249
7.13 0.554611 0.000144108
7.14 0.551048 0.00014312
7.15 0.539845 0.000140012
7.16 0.523083 0.000135362
7.17 0.501755 0.000129446
7.18 0.475837 0.000122256
7.19 0.444096 0.000113452
7.2 0.404503 0.000102469
7.21 0.354827 8.86893e-005
7.22 0.292798 7.14829e-005
7.23 0.216673 5.03665e-005
7.24 0.126772 2.54284e-005
7.25 0.0261051 -2.49578e-006
7.26 -0.0808003 -3.21864e-005
7.27 -0.189557 -6.24028e-005
7.28 -0.296756 -9.21868e-005
7.29 -0.400684 -0.000121062
7.3 -0.500607 -0.000148824
7.31 -0.597283 -0.000175684
7.32 -0.69075 -0.000201653
7.33 -0.780051 -0.000226464
7.34 -0.858417 -0.000248852
7.35 -0.918168 -0.000267054
7.36 -0.959034 -0.000279576
7.37 -0.982043 -0.000286653
7.38 -0.991049 -0.000289428
7.39 -0.987824 -0.000288534
7.4 -0.971737 -0.000284071
7.41 -0.943044 -0.000276112
7.42 -0.903666 -0.000265189
7.43 -0.855419 -0.000251806
7.44 -0.797704 -0.000235796
7.45 -0.727566 -0.00021634
7.46 -0.642847 -0.00019284
7.47 -0.544926 -0.000165677
7.48 -0.439142 -0.000136333
7.49 -0.332539 -0.000106762
7.5 -0.2314 -7.87073e-005
7.51 -0.139332 -5.31682e-005
7.52 -0.0581878 -3.06594e-005
7.53 0.00896714 -1.14041e-005
7.54 0.0680967 4.99801e-006
7.55 0.119193 1.91717e-005
7.56 0.165692 3.20704e-005
7.57 0.212156 4.4959e-005
7.58 0.258454 5.78016e-005
7.59 0.299377 6.91536e-005
7.6 0.328476 7.72252e-005
7.61 0.342406 8.10895e-005
7.62 0.343052 8.12688e-005
7.63 0.33558 7.91959e-005
7.64 0.325196 7.63156e-005
7.65 0.314559 7.33647e-005
7.66 0.303296 7.02405e-005
7.67 0.289 6.6275e-005
7.68 0.270252 6.10744e-005
7.69 0.248356 5.50006e-005
7.7 0.225498 4.86599e-005
7.71 0.200237 4.16529e-005
7.72 0.170252 3.3335e-005
7.73 0.135115 2.35884e-005
7.74 0.0960067 1.274e-005
7.75 0.0544489 1.21222e-006
7.76 0.0121215 -1.05291e-005
7.77 -0.0303774 -2.23372e-005
7.78 -0.0733022 -3.42714e-005
7.79 -0.115712 -4.60625e-005
7.8 -0.156686 -5.74542e-005
7.81 -0.196714 -6.85831e-005
7.82 -0.2376 -7.99504e-005
7.83 -0.282826 -9.25243e-005
7.84 -0.336197 -0.000107363
7.85 -0.398463 -0.000124674
7.86 -0.466235 -0.000143517
7.87 -0.534397 -0.000162467
7.88 -0.597714 -0.000180071
7.89 -0.651366 -0.000194988
7.9 -0.691334 -0.0002061
7.91 -0.715006 -0.000212681
7.92 -0.722548 -0.000214778
7.93 -0.717706 -0.000213435
7.94 -0.706154 -0.000210231
7.95 -0.692442 -0.000206427
7.96 -0.677746 -0.00020235
7.97 -0.659229 -0.000197214
7.98 -0.632869 -0.000189902
7.99 -0.595957 -0.000179663
8 -0.546917 -0.000166059
8.01 -0.485516 -0.000149027
8.02 -0.411638 -0.000128534
8.03 -0.324901 -0.000104474
8.04 -0.22697 -7.73086e-005
8.05 -0.124734 -4.89489e-005
8.06 -0.0263286 -2.16521e-005
8.07 0.0621198 3.34008e-006
8.08 0.142269 2.55728e-005
8.09 0.213463 4.53215e-005
8.1 0.276641 6.28467e-005
8.11 0.331189 7.7978e-005
8.12 0.377166 9.07317e-005
8.13 0.414912 0.000101202
8.14 0.443383 0.0001091
8.15 0.462438 0.000114385
8.16 0.472997 0.000117315
8.17 0.475256 0.000117941
8.18 0.468324 0.000116018
8.19 0.450417 0.000111051
8.2 0.420071 0.000102633
8.21 0.377905 9.09365e-005
8.22 0.326797 7.67597e-005
8.23 0.274472 6.22452e-005
8.24 0.226972 4.90688e-005
8.25 0.18476 3.73596e-005
8.26 0.149397 2.75503e-005
8.27 0.121804 1.98959e-005
8.28 0.101801 1.43474e-005
8.29 0.0880534 1.05339e-005
8.3 0.0782393 7.8115e-006
8.31 0.0722781 6.15791e-006
8.32 0.0700904 5.55106e-006
8.33 0.0712872 5.88304e-006
8.34 0.0738627 6.59747e-006
8.35 0.0748125 6.86092e-006
8.36 0.0735934 6.52276e-006
8.37 0.0719045 6.05428e-006
8.38 0.071838 6.03582e-006
8.39 0.0744541 6.76152e-006
8.4 0.0801944 8.35383e-006
8.41 0.0893848 1.09032e-005
8.42 0.102206 1.44596e-005
8.43 0.11818 1.88908e-005
8.44 0.136058 2.385e-005
8.45 0.155016 2.91088e-005
8.46 0.173873 3.43396e-005
8.47 0.191609 3.92595e-005
8.48 0.207018 4.35337e-005
8.49 0.220716 4.73336e-005
8.5 0.237534 5.19986e-005
8.51 0.257158 5.74423e-005
8.52 0.274555 6.22681e-005
8.53 0.287263 6.57932e-005
8.54 0.293918 6.76392e-005
8.55 0.294581 6.7823e-005
8.56 0.290927 6.68095e-005
8.57 0.28509 6.51905e-005
8.58 0.278159 6.32679e-005
8.59 0.269119 6.076e-005
8.6 0.256435 5.72418e-005
8.61 0.240499 5.28213e-005
8.62 0.223423 4.80845e-005
8.63 0.206005 4.32526e-005
8.64 0.189473 3.86669e-005
8.65 0.175748 3.48596e-005
8.66 0.166447 3.22796e-005
8.67 0.161446 3.08924e-005
8.68 0.159302 3.02976e-005
8.69 0.158149 2.99779e-005
8.7 0.156899 2.9631e-005
8.71 0.155118 2.91372e-005
8.72 0.151501 2.81339e-005
8.73 0.143099 2.5803e-005
8.74 0.12703 2.13456e-005
8.75 0.103008 1.46823e-005
8.76 0.0733859 6.46519e-006
8.77 0.0413908 -2.41e-006
8.78 0.00776086 -1.17387e-005
8.79 -0.0218626 -1.99699e-005
8.8 -0.0588345 -3.0249e-005
8.81 -0.109143 -4.42361e-005
8.82 -0.172749 -6.19203e-005
8.83 -0.246443 -8.2409e-005
8.84 -0.324378 -0.000104077
8.85 -0.39834 -0.00012464
8.86 -0.461691 -0.000142253
8.87 -0.511467 -0.000156092
8.88 -0.549901 -0.000166778
8.89 -0.5818 -0.000175647
8.9 -0.612863 -0.000184283
8.91 -0.645666 -0.000193403
8.92 -0.678527 -0.000202539
8.93 -0.708535 -0.000210882
8.94 -0.73286 -0.000217645
8.95 -0.748617 -0.000222026
8.96 -0.753106 -0.000223274
8.97 -0.745417 -0.000221141
8.98 -0.726508 -0.000215896
8.99 -0.698422 -0.000208105
9 -0.663622 -0.000198452
9.01 -0.624793 -0.000187681
9.02 -0.584415 -0.000176481
9.03 -0.544662 -0.000165453
9.04 -0.506338 -0.000154823
9.05 -0.468643 -0.000144366
9.06 -0.428733 -0.000133295
9.07 -0.382796 -0.000120553
9.08 -0.32583 -0.000104751
9.09 -0.25665 -8.55608e-005
9.1 -0.17792 -6.37217e-005
9.11 -0.0919357 -3.98703e-005
9.12 -0.00207284 -1.4943e-005
9.13 0.0871785 1.02912e-005
9.14 0.174864 3.46145e-005
9.15 0.255282 5.69219e-005
9.16 0.324508 7.61247e-005
9.17 0.380264 9.15909e-005
9.18 0.424164 0.000103769
9.19 0.460527 0.000113855
9.2 0.49482 0.000123368
9.21 0.530551 0.000133279
9.22 0.567244 0.000143458
9.23 0.600417 0.00015266
9.24 0.62538 0.000159584
9.25 0.638101 0.000163113
9.26 0.636958 0.000162796
9.27 0.62074 0.000158297
9.28 0.586771 0.000148874
9.29 0.53286 0.00013392
9.3 0.459858 0.00011367
9.31 0.372475 8.94303e-005
9.32 0.276805 6.28923e-005
9.33 0.177367 3.53089e-005
9.34 0.0767355 7.39436e-006
9.35 -0.0228631 -2.02481e-005
9.36 -0.116495 -4.628e-005
9.37 -0.204693 -7.08013e-005
9.38 -0.295878 -9.6153e-005
9.39 -0.39232 -0.000122966
9.4 -0.494017 -0.000151241
9.41 -0.601026 -0.000180992
9.42 -0.712637 -0.000212023
9.43 -0.826424 -0.000243658
9.44 -0.938044 -0.000274692
9.45 -1.03742 -0.000303765
9.46 -1.11636 -0.000328358
9.47 -1.18009 -0.000348385
9.48 -1.22925 -0.000363941
9.49 -1.2665 -0.000375795
9.5 -1.29487 -0.000384858
9.51 -1.31444 -0.000391131
9.52 -1.32349 -0.000394036
9.53 -1.31958 -0.000392952
9.54 -1.30284 -0.000388307
9.55 -1.2755 -0.000380723
9.56 -1.23837 -0.000370425
9.57 -1.19134 -0.00035738
9.58 -1.13388 -0.000341439
9.59 -1.06709 -0.000322914
9.6 -0.993114 -0.000302393
9.61 -0.913176 -0.000280218
9.62 -0.826753 -0.000256245
9.63 -0.732557 -0.000230116
9.64 -0.632059 -0.000202239
9.65 -0.529162 -0.000173696
9.66 -0.427201 -0.000145413
9.67 -0.327971 -0.000117887
9.68 -0.232472 -9.13959e-005
9.69 -0.13894 -6.5451e-005
9.7 -0.0461559 -3.97132e-005
9.71 0.0416193 -1.38351e-005
9.72 0.133915 1.17669e-005
9.73 0.224743 3.69621e-005
9.74 0.31244 6.12886e-005
9.75 0.393024 8.36419e-005
9.76 0.462105 0.000102804
9.77 0.518463 0.000118438
9.78 0.563066 0.00013081
9.79 0.598259 0.000140573
9.8 0.626052 0.000148282
9.81 0.644322 0.00015335
9.82 0.649261 0.00015472
9.83 0.640141 0.00015219
9.84 0.617119 0.000145804
9.85 0.581586 0.000135948
9.86 0.535616 0.000123196
9.87 0.480368 0.000107871
9.88 0.416339 9.01094e-005
9.89 0.344006 7.00448e-005
9.9 0.264235 4.79169e-005
9.91 0.17788 2.39625e-005
9.92 0.0866701 -1.33835e-006
9.93 -5.384e-005 -2.5395e-005
9.94 -0.0897926 -5.03916e-005
9.95 -0.18611 -7.72207e-005
9.96 -0.286507 -0.000105186
9.97 -0.388617 -0.000133629
9.98 -0.490627 -0.000162043
9.99 -0.58951 -0.000189587
10 -0.678606 -0.000214405
