0.1 -0.0105345 -2.92367e-006
0.2 -0.0210651 -5.84925e-006
0.3 -0.031592 -8.77674e-006
0.4 -0.042115 -1.17062e-005
0.5 -0.0526342 -1.46375e-005
0.6 -0.0631496 -1.75708e-005
0.7 -0.0736612 -2.0506e-005
0.8 -0.0841689 -2.34431e-005
0.9 -0.0946727 -2.63822e-005
1 -0.105173 -2.93232e-005
0.01 -0.105081 -2.92977e-005
0.02 -0.104818 -2.92249e-005
0.03 -0.104507 -2.91385e-005
0.04 -0.104265 -2.90713e-005
0.05 -0.104102 -2.90261e-005
0.06 -0.104023 -2.90042e-005
0.07 -0.104026 -2.9005e-005
0.08 -0.104101 -2.9026e-005
0.09 -0.104234 -2.90628e-005
0.1 -0.104405 -2.91102e-005
0.11 -0.104598 -2.91638e-005
0.12 -0.104805 -2.92211e-005
0.13 -0.105025 -2.92822e-005
0.14 -0.105264 -2.93488e-005
0.15 -0.105531 -2.94235e-005
0.16 -0.105832 -2.95079e-005
0.17 -0.106169 -2.96024e-005
0.18 -0.106541 -2.97066e-005
0.19 -0.106943 -2.98195e-005
0.2 -0.10737 -2.99391e-005
0.21 -0.107809 -3.00621e-005
0.22 -0.108245 -3.01844e-005
0.23 -0.108663 -3.03013e-005
0.24 -0.109047 -3.04091e-005
0.25 -0.109388 -3.05047e-005
0.26 -0.109682 -3.05872e-005
0.27 -0.10994 -3.06596e-005
0.28 -0.110191 -3.07297e-005
0.29 -0.110457 -3.08044e-005
0.3 -0.110752 -3.08872e-005
0.31 -0.111079 -3.09789e-005
0.32 -0.111428 -3.10767e-005
0.33 -0.111772 -3.11732e-005
0.34 -0.112078 -3.12591e-005
0.35 -0.112324 -3.1328e-005
0.36 -0.112502 -3.13779e-005
0.37 -0.112609 -3.14078e-005
0.38 -0.112642 -3.14171e-005
0.39 -0.112599 -3.14052e-005
0.4 -0.112482 -3.13728e-005
0.41 -0.112304 -3.13235e-005
0.42 -0.112083 -3.12622e-005
0.43 -0.11183 -3.11918e-005
0.44 -0.111545 -3.1113e-005
0.45 -0.111228 -3.1025e-005
0.46 -0.110882 -3.09288e-005
0.47 -0.110515 -3.08271e-005
0.48 -0.110131 -3.07205e-005
0.49 -0.109721 -3.06068e-005
0.5 -0.109283 -3.04854e-005
0.51 -0.108828 -3.03591e-005
0.52 -0.108359 -3.02292e-005
0.53 -0.107878 -3.00957e-005
0.54 -0.107405 -2.99645e-005
0.55 -0.106984 -2.98477e-005
0.56 -0.10664 -2.97523e-005
0.57 -0.106336 -2.9668e-005
0.58 -0.106009 -2.95773e-005
0.59 -0.105635 -2.94735e-005
0.6 -0.10525 -2.93667e-005
0.61 -0.104902 -2.92701e-005
0.62 -0.104608 -2.91887e-005
0.63 -0.104382 -2.91258e-005
0.64 -0.104249 -2.90889e-005
0.65 -0.104199 -2.90752e-005
0.66 -0.104186 -2.90715e-005
0.67 -0.104189 -2.90723e-005
0.68 -0.10422 -2.9081e-005
0.69 -0.104282 -2.90982e-005
0.7 -0.104373 -2.91234e-005
0.71 -0.104515 -2.91629e-005
0.72 -0.104738 -2.92247e-005
0.73 -0.105044 -2.93096e-005
0.74 -0.105389 -2.94051e-005
0.75 -0.1057 -2.94916e-005
0.76 -0.105942 -2.95585e-005
0.77 -0.106137 -2.96127e-005
0.78 -0.10635 -2.96719e-005
0.79 -0.106629 -2.97493e-005
0.8 -0.106969 -2.98435e-005
0.81 -0.107345 -2.99479e-005
0.82 -0.10776 -3.00629e-005
0.83 -0.108219 -3.01903e-005
0.84 -0.108704 -3.03248e-005
0.85 -0.109198 -3.04617e-005
0.86 -0.109699 -3.06008e-005
0.87 -0.110152 -3.07266e-005
0.88 -0.110455 -3.08106e-005
0.89 -0.110594 -3.0849e-005
0.9 -0.110681 -3.08733e-005
0.91 -0.110825 -3.09131e-005
0.92 -0.110971 -3.09537e-005
0.93 -0.110951 -3.0948e-005
0.94 -0.110681 -3.08731e-005
0.95 -0.110269 -3.07589e-005
0.96 -0.109897 -3.06557e-005
0.97 -0.109633 -3.05826e-005
0.98 -0.109365 -3.05081e-005
0.99 -0.108981 -3.04017e-005
1 -0.108507 -3.02701e-005
1.01 -0.108026 -3.01366e-005
1.02 -0.107583 -3.00139e-005
1.03 -0.107196 -2.99065e-005
1.04 -0.106849 -2.98102e-005
1.05 -0.106487 -2.97098e-005
1.06 -0.106045 -2.95871e-005
1.07 -0.105518 -2.9441e-005
1.08 -0.105009 -2.92998e-005
1.09 -0.104622 -2.91926e-005
1.1 -0.104297 -2.91023e-005
1.11 -0.103881 -2.89869e-005
1.12 -0.103356 -2.88412e-005
1.13 -0.102879 -2.87088e-005
1.14 -0.102614 -2.86354e-005
1.15 -0.102681 -2.8654e-005
1.16 -0.103152 -2.87847e-005
1.17 -0.103915 -2.89964e-005
1.18 -0.104685 -2.92099e-005
1.19 -0.105223 -2.93591e-005
1.2 -0.105462 -2.94255e-005
1.21 -0.105489 -2.94329e-005
1.22 -0.105444 -2.94203e-005
1.23 -0.105451 -2.94223e-005
1.24 -0.105609 -2.94661e-005
1.25 -0.106006 -2.95764e-005
1.26 -0.106701 -2.97691e-005
1.27 -0.107652 -3.00329e-005
1.28 -0.108726 -3.03308e-005
1.29 -0.109734 -3.06104e-005
1.3 -0.110483 -3.08183e-005
1.31 -0.110906 -3.09355e-005
1.32 -0.111099 -3.09891e-005
1.33 -0.111228 -3.10249e-005
1.34 -0.111505 -3.11018e-005
1.35 -0.112129 -3.12748e-005
1.36 -0.113052 -3.15321e-005
1.37 -0.113986 -3.1794e-005
1.38 -0.114673 -3.19867e-005
1.39 -0.115071 -3.20985e-005
1.4 -0.115321 -3.21687e-005
1.41 -0.115433 -3.22001e-005
1.42 -0.115207 -3.21372e-005
1.43 -0.114548 -3.19545e-005
1.44 -0.113589 -3.16885e-005
1.45 -0.112508 -3.13885e-005
1.46 -0.111404 -3.10822e-005
1.47 -0.110229 -3.07565e-005
1.48 -0.108759 -3.03487e-005
1.49 -0.10669 -2.97747e-005
1.5 -0.103913 -2.90044e-005
1.51 -0.100773 -2.81333e-005
1.52 -0.0979268 -2.73439e-005
1.53 -0.0957744 -2.67468e-005
1.54 -0.0941822 -2.63052e-005
1.55 -0.0928423 -2.59335e-005
1.56 -0.0915814 -2.55837e-005
1.57 -0.0903388 -2.5239e-005
1.58 -0.0891278 -2.49031e-005
1.59 -0.0880217 -2.45963e-005
1.6 -0.0870293 -2.4321e-005
1.61 -0.0860123 -2.40389e-005
1.62 -0.0849154 -2.37346e-005
1.63 -0.0841781 -2.35301e-005
1.64 -0.0846956 -2.36736e-005
1.65 -0.0870472 -2.4326e-005
1.66 -0.0908704 -2.53865e-005
1.67 -0.0951266 -2.65671e-005
1.68 -0.0988508 -2.76002e-005
1.69 -0.10164 -2.8374e-005
1.7 -0.103568 -2.89088e-005
1.71 -0.104934 -2.92877e-005
1.72 -0.10622 -2.96444e-005
1.73 -0.107964 -3.01283e-005
1.74 -0.110511 -3.08347e-005
1.75 -0.113951 -3.17888e-005
1.76 -0.118134 -3.29578e-005
1.77 -0.122661 -3.42282e-005
1.78 -0.126807 -3.53924e-005
1.79 -0.129842 -3.62449e-005
1.8 -0.13156 -3.67276e-005
1.81 -0.132344 -3.69478e-005
1.82 -0.132772 -3.70682e-005
1.83 -0.13325 -3.72026e-005
1.84 -0.133905 -3.73866e-005
1.85 -0.134591 -3.75795e-005
1.86 -0.134969 -3.76857e-005
1.87 -0.134872 -3.76588e-005
1.88 -0.134685 -3.76067e-005
1.89 -0.134955 -3.76818e-005
1.9 -0.135515 -3.78389e-005
1.91 -0.135485 -3.78306e-005
1.92 -0.134074 -3.74392e-005
1.93 -0.131064 -3.66043e-005
1.94 -0.126668 -3.5385e-005
1.95 -0.12132 -3.39013e-005
1.96 -0.115656 -3.23304e-005
1.97 -0.110445 -3.08849e-005
1.98 -0.106184 -2.97029e-005
1.99 -0.102827 -2.87717e-005
2 -0.0999001 -2.79597e-005
2.01 -0.0967718 -2.70919e-005
2.02 -0.0929235 -2.60245e-005
2.03 -0.0880564 -2.46744e-005
2.04 -0.0821681 -2.3041e-005
2.05 -0.0758018 -2.1275e-005
2.06 -0.069907 -1.96399e-005
2.07 -0.0651248 -1.83133e-005
2.08 -0.0614433 -1.72921e-005
2.09 -0.0585819 -1.64984e-005
2.1 -0.0564753 -1.5914e-005
2.11 -0.0552653 -1.55784e-005
2.12 -0.0548849 -1.54728e-005
2.13 -0.0549574 -1.54929e-005
2.14 -0.0551 -1.55325e-005
2.15 -0.0552016 -1.55607e-005
2.16 -0.0555494 -1.56572e-005
2.17 -0.056631 -1.59572e-005
2.18 -0.0586961 -1.653e-005
2.19 -0.0617086 -1.73657e-005
2.2 -0.0657119 -1.84762e-005
2.21 -0.0708204 -1.98932e-005
2.22 -0.0768811 -2.15744e-005
2.23 -0.0834565 -2.33984e-005
2.24 -0.0901602 -2.5258e-005
2.25 -0.0968571 -2.71156e-005
2.26 -0.103504 -2.89596e-005
2.27 -0.110104 -3.07902e-005
2.28 -0.116832 -3.26566e-005
2.29 -0.123871 -3.46091e-005
2.3 -0.131157 -3.66302e-005
2.31 -0.138444 -3.86624e-005
2.32 -0.145495 -4.06456e-005
2.33 -0.152103 -4.25055e-005
2.34 -0.15799 -4.41634e-005
2.35 -0.162949 -4.55607e-005
2.36 -0.166882 -4.66694e-005
2.37 -0.169717 -4.74689e-005
2.38 -0.171414 -4.79475e-005
2.39 -0.17218 -4.81636e-005
2.4 -0.172288 -4.8194e-005
2.41 -0.171655 -4.80183e-005
2.42 -0.170028 -4.75671e-005
2.43 -0.167289 -4.68074e-005
2.44 -0.163366 -4.57192e-005
2.45 -0.158213 -4.42898e-005
2.46 -0.151994 -4.25645e-005
2.47 -0.145041 -4.06358e-005
2.48 -0.137622 -3.8578e-005
2.49 -0.129838 -3.64187e-005
2.5 -0.121624 -3.41403e-005
2.51 -0.1129 -3.17203e-005
2.52 -0.103755 -2.91835e-005
2.53 -0.094398 -2.65879e-005
2.54 -0.0850807 -2.40033e-005
2.55 -0.0760973 -2.15114e-005
2.56 -0.0676989 -1.91817e-005
2.57 -0.0600445 -1.70585e-005
2.58 -0.0532101 -1.51627e-005
2.59 -0.0471318 -1.34766e-005
2.6 -0.0416352 -1.19519e-005
2.61 -0.036685 -1.05787e-005
2.62 -0.0325476 -9.43102e-006
2.63 -0.029602 -8.61393e-006
2.64 -0.0278798 -8.13622e-006
2.65 -0.0268432 -7.84866e-006
2.66 -0.0259157 -7.59139e-006
2.67 -0.0251767 -7.3864e-006
2.68 -0.0253356 -7.43048e-006
2.69 -0.0270686 -7.91118e-006
2.7 -0.0303918 -8.83303e-006
2.71 -0.0347171 -1.00328e-005
2.72 -0.0394776 -1.13534e-005
2.73 -0.0446559 -1.27898e-005
2.74 -0.050688 -1.4463e-005
2.75 -0.057889 -1.64606e-005
2.76 -0.0661457 -1.87509e-005
2.77 -0.0751095 -2.12374e-005
2.78 -0.0845545 -2.38574e-005
2.79 -0.0945925 -2.66418e-005
2.8 -0.105456 -2.96552e-005
2.81 -0.116922 -3.28359e-005
2.82 -0.128204 -3.59653e-005
2.83 -0.138525 -3.88285e-005
2.84 -0.147592 -4.13436e-005
2.85 -0.155588 -4.35614e-005
2.86 -0.162842 -4.55738e-005
2.87 -0.169616 -4.74528e-005
2.88 -0.176052 -4.92562e-005
2.89 -0.182195 -5.09902e-005
2.9 -0.187763 -5.25629e-005
2.91 -0.192333 -5.38544e-005
2.92 -0.195712 -5.48096e-005
2.93 -0.197846 -5.54132e-005
2.94 -0.198615 -5.56306e-005
2.95 -0.197899 -5.54322e-005
2.96 -0.19571 -5.4825e-005
2.97 -0.19203 -5.38042e-005
2.98 -0.18667 -5.23174e-005
2.99 -0.179542 -5.034e-005
3 -0.17098 -4.7965e-005
3.01 -0.161618 -4.53681e-005
3.02 -0.151939 -4.26833e-005
3.03 -0.142012 -3.99293e-005
3.04 -0.131529 -3.70217e-005
3.05 -0.120117 -3.38561e-005
3.06 -0.107681 -3.04063e-005
3.07 -0.0944828 -2.67452e-005
3.08 -0.0810151 -2.30094e-005
3.09 -0.0677344 -1.93254e-005
3.1 -0.0548721 -1.57575e-005
3.11 -0.0427495 -1.23948e-005
3.12 -0.0320802 -9.43519e-006
3.13 -0.0236195 -7.08825e-006
3.14 -0.0174959 -5.38962e-006
3.15 -0.0130422 -4.1542e-006
3.16 -0.00927965 -3.11048e-006
3.17 -0.0054669 -2.05285e-006
3.18 -0.00141508 -9.28909e-007
3.19 0.00230892 1.08909e-007
3.2 0.0047656 7.90376e-007
3.21 0.00534231 9.50351e-007
3.22 0.00419306 6.31557e-007
3.23 0.00179719 -3.30392e-008
3.24 -0.00156505 -9.65738e-007
3.25 -0.00586453 -2.15849e-006
3.26 -0.0113246 -3.6732e-006
3.27 -0.0184906 -5.66116e-006
3.28 -0.0278729 -8.26397e-006
3.29 -0.0393305 -1.14425e-005
3.3 -0.0519693 -1.49487e-005
3.31 -0.0646999 -1.84804e-005
3.32 -0.0768751 -2.1858e-005
3.33 -0.0883639 -2.50452e-005
3.34 -0.0991245 -2.80304e-005
3.35 -0.109152 -3.08123e-005
3.36 -0.118904 -3.35174e-005
3.37 -0.129255 -3.63892e-005
3.38 -0.140913 -3.96231e-005
3.39 -0.153891 -4.32236e-005
3.4 -0.167301 -4.69438e-005
3.41 -0.179576 -5.03491e-005
3.42 -0.189262 -5.30362e-005
3.43 -0.195828 -5.48575e-005
3.44 -0.19971 -5.59404e-005
3.45 -0.201777 -5.65253e-005
3.46 -0.202819 -5.682e-005
3.47 -0.203272 -5.69483e-005
3.48 -0.203281 -5.69508e-005
3.49 -0.20273 -5.67981e-005
3.5 -0.201198 -5.63729e-005
3.51 -0.198014 -5.54898e-005
3.52 -0.19285 -5.40573e-005
3.53 -0.186078 -5.2179e-005
3.54 -0.178284 -5.00169e-005
3.55 -0.169648 -4.76213e-005
3.56 -0.159852 -4.49038e-005
3.57 -0.148505 -4.17565e-005
3.58 -0.135654 -3.81915e-005
3.59 -0.121844 -3.43609e-005
3.6 -0.107958 -3.05089e-005
3.61 -0.0949145 -2.68907e-005
3.62 -0.0831798 -2.36356e-005
3.63 -0.072504 -2.06742e-005
3.64 -0.0622547 -1.78311e-005
3.65 -0.0519676 -1.49776e-005
3.66 -0.0415771 -1.20953e-005
3.67 -0.0311966 -9.21585e-006
3.68 -0.020971 -6.37934e-006
3.69 -0.0113261 -3.70392e-006
3.7 -0.00304604 -1.40709e-006
3.71 0.00308424 2.98567e-007
3.72 0.00656574 1.26431e-006
3.73 0.0071947 1.43878e-006
3.74 0.00537361 9.33623e-007
3.75 0.00187806 -3.60188e-008
3.76 -0.00270935 -1.3086e-006
3.77 -0.00817061 -2.82365e-006
3.78 -0.0144842 -4.57515e-006
3.79 -0.0217146 -6.58099e-006
3.8 -0.0300158 -8.88391e-006
3.81 -0.0395027 -1.15157e-005
3.82 -0.0499507 -1.44142e-005
3.83 -0.0608602 -1.74407e-005
3.84 -0.0720385 -2.05418e-005
3.85 -0.0838407 -2.38159e-005
3.86 -0.0965614 -2.73449e-005
3.87 -0.10984 -3.10286e-005
3.88 -0.12288 -3.46461e-005
3.89 -0.135027 -3.80158e-005
3.9 -0.145962 -4.10494e-005
3.91 -0.155428 -4.36754e-005
3.92 -0.162982 -4.57711e-005
3.93 -0.168384 -4.72697e-005
3.94 -0.172075 -4.82937e-005
3.95 -0.174783 -4.90448e-005
3.96 -0.176908 -4.96344e-005
3.97 -0.178572 -5.0096e-005
3.98 -0.179837 -5.04471e-005
3.99 -0.180633 -5.06679e-005
4 -0.180454 -5.06183e-005
4.01 -0.178336 -5.00306e-005
4.02 -0.173646 -4.87298e-005
4.03 -0.166769 -4.6822e-005
4.04 -0.158598 -4.45554e-005
4.05 -0.149922 -4.21488e-005
4.06 -0.141517 -3.98172e-005
4.07 -0.134 -3.77323e-005
4.08 -0.127212 -3.58492e-005
4.09 -0.120202 -3.39046e-005
4.1 -0.111996 -3.16285e-005
4.11 -0.102145 -2.88959e-005
4.12 -0.0908734 -2.57692e-005
4.13 -0.0790942 -2.25017e-005
4.14 -0.0678945 -1.9395e-005
4.15 -0.0579022 -1.66232e-005
4.16 -0.0493144 -1.4241e-005
4.17 -0.0421682 -1.22587e-005
4.18 -0.0364452 -1.06712e-005
4.19 -0.032065 -9.45615e-006
4.2 -0.0287612 -8.5397e-006
4.21 -0.0262363 -7.83931e-006
4.22 -0.0245244 -7.36445e-006
4.23 -0.0238114 -7.16668e-006
4.24 -0.0240713 -7.23876e-006
4.25 -0.0253673 -7.59827e-006
4.26 -0.028018 -8.33356e-006
4.27 -0.032212 -9.49693e-006
4.28 -0.0379363 -1.10848e-005
4.29 -0.0450696 -1.30636e-005
4.3 -0.0531609 -1.5308e-005
4.31 -0.0615463 -1.76341e-005
4.32 -0.0699226 -1.99576e-005
4.33 -0.0784533 -2.23239e-005
4.34 -0.0873033 -2.47789e-005
4.35 -0.0963877 -2.72988e-005
4.36 -0.105563 -2.98439e-005
4.37 -0.11476 -3.2395e-005
4.38 -0.123829 -3.49109e-005
4.39 -0.132262 -3.72501e-005
4.4 -0.139293 -3.92004e-005
4.41 -0.144579 -4.06668e-005
4.42 -0.148565 -4.17725e-005
4.43 -0.152157 -4.27687e-005
4.44 -0.156247 -4.39035e-005
4.45 -0.161165 -4.52675e-005
4.46 -0.166272 -4.66843e-005
4.47 -0.170412 -4.78327e-005
4.48 -0.172717 -4.8472e-005
4.49 -0.172765 -4.84853e-005
4.5 -0.170382 -4.78242e-005
4.51 -0.165876 -4.65743e-005
4.52 -0.160218 -4.50049e-005
4.53 -0.154333 -4.33724e-005
4.54 -0.148427 -4.17341e-005
4.55 -0.142325 -4.00415e-005
4.56 -0.135895 -3.82579e-005
4.57 -0.129019 -3.63506e-005
4.58 -0.121686 -3.43165e-005
4.59 -0.114228 -3.22476e-005
4.6 -0.107226 -3.03054e-005
4.61 -0.100905 -2.85518e-005
4.62 -0.0946917 -2.68283e-005
4.63 -0.0878524 -2.49312e-005
4.64 -0.0805742 -2.29122e-005
4.65 -0.074008 -2.10908e-005
4.66 -0.0692936 -1.97831e-005
4.67 -0.0667992 -1.90912e-005
4.68 -0.0661307 -1.89057e-005
4.69 -0.0666546 -1.90511e-005
4.7 -0.06805 -1.94381e-005
4.71 -0.070379 -2.00842e-005
4.72 -0.073623 -2.0984e-005
4.73 -0.0774931 -2.20576e-005
4.74 -0.0817981 -2.32518e-005
4.75 -0.0866054 -2.45853e-005
4.76 -0.0921553 -2.61248e-005
4.77 -0.098863 -2.79854e-005
4.78 -0.106968 -3.02337e-005
4.79 -0.116009 -3.27416e-005
4.8 -0.125074 -3.52561e-005
4.81 -0.133494 -3.7592e-005
4.82 -0.141062 -3.96911e-005
4.83 -0.147896 -4.15868e-005
4.84 -0.154375 -4.33842e-005
4.85 -0.160853 -4.51811e-005
4.86 -0.166973 -4.68788e-005
4.87 -0.171728 -4.81976e-005
4.88 -0.174628 -4.90022e-005
4.89 -0.176144 -4.94227e-005
4.9 -0.176893 -4.96304e-005
4.91 -0.17708 -4.96822e-005
4.92 -0.176858 -4.96207e-005
4.93 -0.176679 -4.95711e-005
4.94 -0.176739 -4.95877e-005
4.95 -0.176373 -4.94863e-005
4.96 -0.17454 -4.89777e-005
4.97 -0.170693 -4.79105e-005
4.98 -0.164834 -4.62854e-005
4.99 -0.15717 -4.41595e-005
5 -0.148422 -4.17328e-005
5.01 -0.139993 -3.93946e-005
5.02 -0.132914 -3.74311e-005
5.03 -0.126986 -3.57866e-005
5.04 -0.121404 -3.42382e-005
5.05 -0.115553 -3.26151e-005
5.06 -0.10891 -3.07725e-005
5.07 -0.10125 -2.86475e-005
5.08 -0.0932382 -2.64252e-005
5.09 -0.0860912 -2.44426e-005
5.1 -0.0806681 -2.29383e-005
5.11 -0.0773433 -2.2016e-005
5.12 -0.0764076 -2.17565e-005
5.13 -0.0778028 -2.21435e-005
5.14 -0.080484 -2.28872e-005
5.15 -0.0828892 -2.35544e-005
5.16 -0.0843133 -2.39495e-005
5.17 -0.0852327 -2.42045e-005
5.18 -0.0865449 -2.45685e-005
5.19 -0.0892479 -2.53183e-005
5.2 -0.0945004 -2.67753e-005
5.21 -0.102931 -2.91138e-005
5.22 -0.113553 -3.20603e-005
5.23 -0.124133 -3.49951e-005
5.24 -0.132668 -3.73628e-005
5.25 -0.138119 -3.88747e-005
5.26 -0.140467 -3.9526e-005
5.27 -0.140628 -3.95708e-005
5.28 -0.139816 -3.93456e-005
5.29 -0.13886 -3.90804e-005
5.3 -0.138417 -3.89575e-005
5.31 -0.139173 -3.91671e-005
5.32 -0.141153 -3.97165e-005
5.33 -0.143352 -4.03264e-005
5.34 -0.144353 -4.0604e-005
5.35 -0.143166 -4.02749e-005
5.36 -0.139509 -3.92603e-005
5.37 -0.133407 -3.75676e-005
5.38 -0.12494 -3.5219e-005
5.39 -0.114607 -3.23527e-005
5.4 -0.1036 -2.92996e-005
5.41 -0.0934061 -2.64717e-005
5.42 -0.0852123 -2.41988e-005
5.43 -0.0794071 -2.25885e-005
5.44 -0.0753306 -2.14577e-005
5.45 -0.0717776 -2.04722e-005
5.46 -0.0678801 -1.9391e-005
5.47 -0.0634521 -1.81627e-005
5.48 -0.0587659 -1.68628e-005
5.49 -0.0543013 -1.56244e-005
5.5 -0.0503378 -1.45249e-005
5.51 -0.0468128 -1.35471e-005
5.52 -0.0440472 -1.27799e-005
5.53 -0.0429901 -1.24867e-005
5.54 -0.0442951 -1.28487e-005
5.55 -0.048014 -1.38803e-005
5.56 -0.0540462 -1.55536e-005
5.57 -0.0619607 -1.7749e-005
5.58 -0.0706073 -2.01475e-005
5.59 -0.0784664 -2.23276e-005
5.6 -0.0843736 -2.39662e-005
5.61 -0.0879379 -2.49549e-005
5.62 -0.0896744 -2.54366e-005
5.63 -0.090964 -2.57943e-005
5.64 -0.0934772 -2.64915e-005
5.65 -0.0981925 -2.77995e-005
5.66 -0.104828 -2.96401e-005
5.67 -0.112067 -3.1648e-005
5.68 -0.11855 -3.34466e-005
5.69 -0.123867 -3.49212e-005
5.7 -0.128562 -3.62237e-005
5.71 -0.133295 -3.75366e-005
5.72 -0.138201 -3.88976e-005
5.73 -0.143104 -4.02576e-005
5.74 -0.148146 -4.16561e-005
5.75 -0.154039 -4.32909e-005
5.76 -0.161577 -4.53817e-005
5.77 -0.170973 -4.79881e-005
5.78 -0.181708 -5.09662e-005
5.79 -0.192629 -5.39958e-005
5.8 -0.202088 -5.66198e-005
5.81 -0.208639 -5.84673e-005
5.82 -0.212923 -5.96805e-005
5.83 -0.217547 -6.09908e-005
5.84 -0.224831 -6.30556e-005
5.85 -0.234297 -6.57414e-005
5.86 -0.24306 -6.823e-005
5.87 -0.248242 -6.97026e-005
5.88 -0.248517 -6.97807e-005
5.89 -0.244118 -6.85604e-005
5.9 -0.23646 -6.64362e-005
5.91 -0.226944 -6.37966e-005
5.92 -0.216525 -6.09065e-005
5.93 -0.205812 -5.79347e-005
5.94 -0.194652 -5.48391e-005
5.95 -0.181882 -5.12966e-005
5.96 -0.16596 -4.68801e-005
5.97 -0.145971 -4.13352e-005
5.98 -0.122124 -3.47204e-005
5.99 -0.0952122 -2.72551e-005
6 -0.0655682 -1.90321e-005
6.01 -0.0327296 -9.92289e-006
6.02 0.00371024 1.94698e-007
6.03 0.0439245 1.13498e-005
6.04 0.0874729 2.34299e-005
6.05 0.132782 3.59983e-005
6.06 0.177023 4.82703e-005
6.07 0.217077 5.93812e-005
6.08 0.250392 6.86225e-005
6.09 0.275829 7.56785e-005
6.1 0.293812 8.06667e-005
6.11 0.305352 8.38678e-005
6.12 0.311136 8.54723e-005
6.13 0.311349 8.55313e-005
6.14 0.305236 8.38359e-005
6.15 0.290936 7.9869e-005
6.16 0.266585 7.31142e-005
6.17 0.231305 6.33278e-005
6.18 0.18547 5.06136e-005
6.19 0.131064 3.55216e-005
6.2 0.0717697 1.90739e-005
6.21 0.0112943 2.29847e-006
6.22 -0.0489259 -1.4408e-005
6.23 -0.110088 -3.13762e-005
6.24 -0.173792 -4.90499e-005
6.25 -0.239478 -6.72729e-005
6.26 -0.302054 -8.5041e-005
6.27 -0.357122 -0.000100825
6.28 -0.400718 -0.000113384
6.29 -0.43243 -0.000122556
6.3 -0.455695 -0.000129304
6.31 -0.474696 -0.000134828
6.32 -0.490772 -0.00013951
6.33 -0.502152 -0.000142829
6.34 -0.505693 -0.000143863
6.35 -0.498424 -0.000141846
6.36 -0.479904 -0.000136709
6.37 -0.453551 -0.000129399
6.38 -0.425567 -0.000121636
6.39 -0.400501 -0.000114683
6.4 -0.377703 -0.000108359
6.41 -0.353506 -0.000101647
6.42 -0.325125 -9.37745e-005
6.43 -0.291145 -8.43486e-005
6.44 -0.251031 -7.32212e-005
6.45 -0.20601 -6.07328e-005
6.46 -0.159118 -4.77251e-005
6.47 -0.113152 -3.49746e-005
6.48 -0.0688772 -2.26931e-005
6.49 -0.0255286 -1.06685e-005
6.5 0.0175131 1.35172e-006
6.51 0.0603262 1.32278e-005
6.52 0.10229 2.48683e-005
6.53 0.144072 3.64583e-005
6.54 0.187019 4.83713e-005
6.55 0.230943 6.05558e-005
6.56 0.272955 7.22095e-005
6.57 0.308914 8.21842e-005
6.58 0.335116 8.94525e-005
6.59 0.349891 9.3551e-005
6.6 0.354219 9.47516e-005
6.61 0.350578 9.37415e-005
6.62 0.340947 9.10698e-005
6.63 0.325873 8.68886e-005
6.64 0.304693 8.10134e-005
6.65 0.276389 7.31621e-005
6.66 0.240691 6.32597e-005
6.67 0.198363 5.15182e-005
6.68 0.150397 3.82129e-005
6.69 0.0972982 2.34835e-005
6.7 0.0396429 7.49035e-006
6.71 -0.0206644 -9.24175e-006
6.72 -0.0803979 -2.58209e-005
6.73 -0.136983 -4.15263e-005
6.74 -0.190641 -5.64192e-005
6.75 -0.2441 -7.12569e-005
6.76 -0.300486 -8.6907e-005
6.77 -0.361796 -0.000103924
6.78 -0.428155 -0.000122342
6.79 -0.497562 -0.000141606
6.8 -0.563374 -0.000160755
6.81 -0.624095 -0.000178651
6.82 -0.677096 -0.000194369
6.83 -0.721272 -0.000207541
6.84 -0.754895 -0.00021761
6.85 -0.776167 -0.000224
6.86 -0.785272 -0.000226739
6.87 -0.783988 -0.000226383
6.88 -0.773217 -0.000223395
6.89 -0.75258 -0.000217671
6.9 -0.720577 -0.000208793
6.91 -0.676634 -0.000196604
6.92 -0.6224 -0.000181559
6.93 -0.560186 -0.000164302
6.94 -0.49057 -0.000144991
6.95 -0.412343 -0.000123291
6.96 -0.324876 -9.90286e-005
6.97 -0.230101 -7.27387e-005
6.98 -0.131949 -4.55119e-005
6.99 -0.0347395 -1.85468e-005
7 0.055435 6.77459e-006
7.01 0.136799 2.93444e-005
7.02 0.204979 4.82569e-005
7.03 0.258885 6.32101e-005
7.04 0.301572 7.50512e-005
7.05 0.340475 8.58426e-005
7.06 0.382493 9.7498e-005
7.07 0.42977 0.000110612
7.08 0.479438 0.00012439
7.09 0.526662 0.000137489
7.1 0.568136 0.000148994
7.11 0.601252 0.00015818
7.12 0.623213 0.000164272
7.13 0.632763 0.000166921
7.14 0.631652 0.000166613
7.15 0.622656 0.000164118
7.16 0.607834 0.000160006
7.17 0.588066 0.000154523
7.18 0.563205 0.000147626
7.19 0.531941 0.000138954
7.2 0.492128 0.00012791
7.21 0.441572 0.000113886
7.22 0.378055 9.62672e-005
7.23 0.299946 7.46002e-005
7.24 0.207715 4.90159e-005
7.25 0.104574 2.04054e-005
7.26 -0.00456474 -9.87068e-006
7.27 -0.114878 -4.0514e-005
7.28 -0.22325 -7.06181e-005
7.29 -0.327917 -9.96929e-005
7.3 -0.428927 -0.000127752
7.31 -0.527145 -0.000155035
7.32 -0.622595 -0.00018155
7.33 -0.714522 -0.000207086
7.34 -0.798059 -0.000230591
7.35 -0.86065 -0.00024953
7.36 -0.905094 -0.00026306
7.37 -0.931105 -0.000271011
7.38 -0.943025 -0.000274663
7.39 -0.942776 -0.000274594
7.4 -0.929253 -0.000270843
7.41 -0.902688 -0.000263474
7.42 -0.865026 -0.000253027
7.43 -0.818102 -0.000240011
7.44 -0.76141 -0.000224285
7.45 -0.692128 -0.000205066
7.46 -0.608066 -0.000181748
7.47 -0.510611 -0.000154715
7.48 -0.405337 -0.000125513
7.49 -0.298967 -9.60062e-005
7.5 -0.197946 -6.79839e-005
7.51 -0.10599 -4.2476e-005
7.52 -0.0247032 -1.99275e-005
7.53 0.0435278 -4.62266e-007
7.54 0.103275 1.61112e-005
7.55 0.155729 3.06616e-005
7.56 0.204495 4.4189e-005
7.57 0.252892 5.76138e-005
7.58 0.301456 7.10853e-005
7.59 0.344743 8.30925e-005
7.6 0.376137 9.1801e-005
7.61 0.3922 9.62568e-005
7.62 0.394857 9.69939e-005
7.63 0.389632 9.55445e-005
7.64 0.381835 9.33818e-005
7.65 0.374218 9.12689e-005
7.66 0.366457 8.91161e-005
7.67 0.356224 8.62774e-005
7.68 0.34203 8.23401e-005
7.69 0.325099 7.76436e-005
7.7 0.30696 7.2612e-005
7.71 0.28606 6.68145e-005
7.72 0.260105 5.96147e-005
7.73 0.228533 5.0857e-005
7.74 0.192414 4.08378e-005
7.75 0.154754 3.03912e-005
7.76 0.117334 2.00112e-005
7.77 0.0789255 9.3568e-006
7.78 0.0397255 -1.51699e-006
7.79 -0.000533825 -1.26849e-005
7.8 -0.0407813 -2.38723e-005
7.81 -0.0812542 -3.51223e-005
7.82 -0.123607 -4.68947e-005
7.83 -0.171048 -6.00817e-005
7.84 -0.227464 -7.57632e-005
7.85 -0.293568 -9.41379e-005
7.86 -0.365911 -0.000114246
7.87 -0.439366 -0.000134664
7.88 -0.508669 -0.000153928
7.89 -0.568904 -0.000170671
7.9 -0.61583 -0.000183715
7.91 -0.646668 -0.000192287
7.92 -0.661387 -0.000196378
7.93 -0.663279 -0.000196904
7.94 -0.657875 -0.000195405
7.95 -0.64976 -0.000193154
7.96 -0.639936 -0.000190429
7.97 -0.62572 -0.000186486
7.98 -0.60302 -0.000180189
7.99 -0.569252 -0.000170822
8 -0.523195 -0.000158046
8.01 -0.464592 -0.00014179
8.02 -0.393308 -0.000122016
8.03 -0.309019 -9.86349e-005
8.04 -0.21378 -7.22164e-005
8.05 -0.11383 -4.44908e-005
8.06 -0.0166544 -1.75351e-005
8.07 0.0718773 7.40169e-006
8.08 0.153927 3.01616e-005
8.09 0.227821 5.06593e-005
8.1 0.295911 6.9547e-005
8.11 0.355847 8.61728e-005
8.12 0.407428 0.000100481
8.13 0.450623 0.000112463
8.14 0.484519 0.000121866
8.15 0.508503 0.000128518
8.16 0.523369 0.000132642
8.17 0.529692 0.000134396
8.18 0.526798 0.000133593
8.19 0.512915 0.000129742
8.2 0.487054 0.000122569
8.21 0.45003 0.000112299
8.22 0.406046 0.000100098
8.23 0.3619 8.78519e-005
8.24 0.321115 7.65383e-005
8.25 0.285022 6.65264e-005
8.26 0.255556 5.83527e-005
8.27 0.233423 5.22134e-005
8.28 0.218158 4.79789e-005
8.29 0.208336 4.52543e-005
8.3 0.20263 4.36714e-005
8.31 0.201119 4.32523e-005
8.32 0.203013 4.37777e-005
8.33 0.208019 4.51665e-005
8.34 0.212857 4.65085e-005
8.35 0.215712 4.73005e-005
8.36 0.215352 4.72004e-005
8.37 0.213693 4.67403e-005
8.38 0.212835 4.65024e-005
8.39 0.213651 4.67286e-005
8.4 0.216401 4.74915e-005
8.41 0.22143 4.88865e-005
8.42 0.228901 5.09589e-005
8.43 0.238638 5.36598e-005
8.44 0.249457 5.66609e-005
8.45 0.26076 5.97964e-005
8.46 0.272135 6.29516e-005
8.47 0.282368 6.57902e-005
8.48 0.290793 6.81274e-005
8.49 0.297435 6.99697e-005
8.5 0.305617 7.22394e-005
8.51 0.318382 7.57802e-005
8.52 0.330846 7.92378e-005
8.53 0.338593 8.13867e-005
8.54 0.340036 8.17871e-005
8.55 0.335031 8.03986e-005
8.56 0.325475 7.77479e-005
8.57 0.313716 7.44861e-005
8.58 0.301127 7.0994e-005
8.59 0.287039 6.7086e-005
8.6 0.270214 6.24187e-005
8.61 0.251298 5.71717e-005
8.62 0.232405 5.19309e-005
8.63 0.214648 4.70051e-005
8.64 0.199066 4.26828e-005
8.65 0.18733 3.94274e-005
8.66 0.180717 3.7593e-005
8.67 0.178896 3.70879e-005
8.68 0.180201 3.74499e-005
8.69 0.18264 3.81264e-005
8.7 0.185076 3.88023e-005
8.71 0.187183 3.93868e-005
8.72 0.187776 3.95511e-005
8.73 0.183869 3.84673e-005
8.74 0.172694 3.53674e-005
8.75 0.153984 3.01775e-005
8.76 0.130121 2.3558e-005
8.77 0.104191 1.63654e-005
8.78 0.0809881 9.92896e-006
8.79 0.0598325 4.06055e-006
8.8 0.029562 -4.33629e-006
8.81 -0.0146823 -1.66177e-005
8.82 -0.072746 -3.27573e-005
8.83 -0.142173 -5.20554e-005
8.84 -0.216834 -7.28086e-005
8.85 -0.288695 -9.27834e-005
8.86 -0.351044 -0.000110114
8.87 -0.400817 -0.000123949
8.88 -0.440179 -0.00013489
8.89 -0.4735 -0.000144152
8.9 -0.506567 -0.000153344
8.91 -0.541595 -0.00016308
8.92 -0.577022 -0.000172928
8.93 -0.60983 -0.000182047
8.94 -0.637058 -0.000189615
8.95 -0.656072 -0.000194901
8.96 -0.664164 -0.00019715
8.97 -0.660368 -0.000196097
8.98 -0.645591 -0.000191998
8.99 -0.621809 -0.000185401
9 -0.591376 -0.000176959
9.01 -0.556788 -0.000167365
9.02 -0.520406 -0.000157273
9.03 -0.484442 -0.000147297
9.04 -0.449813 -0.000137691
9.05 -0.415206 -0.000128091
9.06 -0.37834 -0.000117864
9.07 -0.335529 -0.000105989
9.08 -0.282316 -9.12283e-005
9.09 -0.215759 -7.27658e-005
9.1 -0.138954 -5.14605e-005
9.11 -0.0550673 -2.81911e-005
9.12 0.0319726 -3.6676e-006
9.13 0.121823 2.12561e-005
9.14 0.209509 4.55797e-005
9.15 0.290599 6.80736e-005
9.16 0.36103 8.76106e-005
9.17 0.418468 0.000103544
9.18 0.46425 0.000116243
9.19 0.502538 0.000126864
9.2 0.538676 0.000136888
9.21 0.576173 0.00014729
9.22 0.614056 0.000157798
9.23 0.648654 0.000167395
9.24 0.674427 0.000174545
9.25 0.687743 0.000178238
9.26 0.687188 0.000178084
9.27 0.671743 0.0001738
9.28 0.638847 0.000164675
9.29 0.586348 0.000150112
9.3 0.515082 0.000130344
9.31 0.42968 0.000106654
9.32 0.336104 8.06963e-005
9.33 0.238702 5.36778e-005
9.34 0.139867 2.62616e-005
9.35 0.0418151 -9.37366e-007
9.36 -0.04628 -2.54007e-005
9.37 -0.131795 -4.91709e-005
9.38 -0.221552 -7.41199e-005
9.39 -0.316814 -0.000100599
9.4 -0.417618 -0.000128619
9.41 -0.523841 -0.000158145
9.42 -0.634725 -0.000188967
9.43 -0.747881 -0.00022042
9.44 -0.859576 -0.000251468
9.45 -0.962091 -0.000280515
9.46 -1.04317 -0.000305549
9.47 -1.10883 -0.000326
9.48 -1.16112 -0.000342405
9.49 -1.2016 -0.000355179
9.5 -1.23285 -0.000365085
9.51 -1.25528 -0.000372218
9.52 -1.26698 -0.000375947
9.53 -1.26579 -0.000375617
9.54 -1.25133 -0.000371607
9.55 -1.22582 -0.000364529
9.56 -1.19004 -0.000354605
9.57 -1.14387 -0.000341796
9.58 -1.08684 -0.000325976
9.59 -1.02045 -0.000307562
9.6 -0.947008 -0.000287189
9.61 -0.867887 -0.000265241
9.62 -0.78255 -0.00024157
9.63 -0.690044 -0.000215909
9.64 -0.591157 -0.000188479
9.65 -0.490234 -0.000160483
9.66 -0.390805 -0.000132903
9.67 -0.29343 -0.000105891
9.68 -0.198664 -7.9604e-005
9.69 -0.1053 -5.37054e-005
9.7 -0.0126222 -2.79973e-005
9.71 0.0755588 -2.20004e-006
9.72 0.168536 2.35911e-005
9.73 0.259729 4.88875e-005
9.74 0.348471 7.35037e-005
9.75 0.430095 9.61458e-005
9.76 0.500192 0.00011559
9.77 0.557152 0.000131391
9.78 0.602514 0.000143974
9.79 0.638333 0.00015391
9.8 0.66693 0.000161842
9.81 0.685954 0.000167119
9.82 0.691853 0.000168756
9.83 0.683958 0.000166566
9.84 0.662455 0.000160601
9.85 0.628723 0.000151244
9.86 0.584798 0.000139059
9.87 0.531846 0.000124371
9.88 0.470381 0.000107321
9.89 0.400907 8.80493e-005
9.9 0.32423 6.67796e-005
9.91 0.241376 4.37965e-005
9.92 0.158091 2.06939e-005
9.93 0.0769962 -1.80132e-006
9.94 -0.00834656 -2.54836e-005
9.95 -0.0994458 -5.085e-005
9.96 -0.19467 -7.7365e-005
9.97 -0.292059 -0.000104483
9.98 -0.389786 -0.000131695
9.99 -0.485032 -0.000158216
10 -0.571131 -0.00018219
